(9784_T164-R1,(((6924_T386-R1,9654_T548-R1),(7067_T319-R1,(7288_T325-R1,(9557_T177-R1,9536_T229-R1)))),((9554_T094-R1,(108_T245-R1,9549_T339-R1)),9792_T182-R1)),6899_T330-R1);
(9784_T164-R1,(((6924_T386-R1,9654_T548-R1),(7067_T319-R1,(7288_T325-R1,(9557_T177-R1,9536_T229-R1)))),((9554_T094-R1,(108_T245-R1,9549_T339-R1)),9792_T182-R1)),6899_T330-R1);
(9784_T164-R1,(((((6924_T386-R1,9654_T548-R1),(7067_T319-R1,(7288_T325-R1,(9557_T177-R1,9536_T229-R1)))),9554_T094-R1),(108_T245-R1,9549_T339-R1)),9792_T182-R1),6899_T330-R1);
(9784_T164-R1,(((((6924_T386-R1,9654_T548-R1),(7067_T319-R1,(7288_T325-R1,(9557_T177-R1,9536_T229-R1)))),9554_T094-R1),(108_T245-R1,9549_T339-R1)),9792_T182-R1),6899_T330-R1);
(9784_T164-R1,(((6924_T386-R1,9654_T548-R1),(7067_T319-R1,(7288_T325-R1,(9557_T177-R1,9536_T229-R1)))),(9554_T094-R1,((108_T245-R1,9549_T339-R1),9792_T182-R1))),6899_T330-R1);
(9784_T164-R1,(((6924_T386-R1,9654_T548-R1),(7067_T319-R1,(7288_T325-R1,(9557_T177-R1,9536_T229-R1)))),(9554_T094-R1,((108_T245-R1,9549_T339-R1),9792_T182-R1))),6899_T330-R1);
(((108_T245-R1,(9554_T094-R1,9549_T339-R1)),9792_T182-R1),(9784_T164-R1,((6924_T386-R1,9654_T548-R1),(7067_T319-R1,(7288_T325-R1,(9557_T177-R1,9536_T229-R1))))),6899_T330-R1);
(9784_T164-R1,(((6924_T386-R1,9654_T548-R1),(7067_T319-R1,(7288_T325-R1,(9557_T177-R1,9536_T229-R1)))),(((108_T245-R1,9549_T339-R1),9792_T182-R1),9554_T094-R1)),6899_T330-R1);
(9784_T164-R1,(((6924_T386-R1,9654_T548-R1),(7067_T319-R1,(7288_T325-R1,(9557_T177-R1,9536_T229-R1)))),(((108_T245-R1,9549_T339-R1),9792_T182-R1),9554_T094-R1)),6899_T330-R1);
((((((7067_T319-R1,(7288_T325-R1,(9557_T177-R1,9536_T229-R1))),(6924_T386-R1,9654_T548-R1)),9554_T094-R1),(9549_T339-R1,108_T245-R1)),9792_T182-R1),9784_T164-R1,6899_T330-R1);
((((7067_T319-R1,((9536_T229-R1,9557_T177-R1),7288_T325-R1)),(6924_T386-R1,9654_T548-R1)),(9792_T182-R1,(108_T245-R1,(9554_T094-R1,9549_T339-R1)))),9784_T164-R1,6899_T330-R1);
((((7067_T319-R1,((9536_T229-R1,9557_T177-R1),7288_T325-R1)),(6924_T386-R1,9654_T548-R1)),(9792_T182-R1,(108_T245-R1,(9554_T094-R1,9549_T339-R1)))),9784_T164-R1,6899_T330-R1);
(((6924_T386-R1,9654_T548-R1),((9792_T182-R1,(108_T245-R1,9549_T339-R1)),((7067_T319-R1,((9536_T229-R1,9557_T177-R1),7288_T325-R1)),9554_T094-R1))),9784_T164-R1,6899_T330-R1);
((((6924_T386-R1,9654_T548-R1),(7067_T319-R1,((9536_T229-R1,9557_T177-R1),7288_T325-R1))),(9792_T182-R1,((9549_T339-R1,108_T245-R1),9554_T094-R1))),9784_T164-R1,6899_T330-R1);
((9792_T182-R1,((9549_T339-R1,108_T245-R1),(((6924_T386-R1,9654_T548-R1),(7067_T319-R1,((9536_T229-R1,9557_T177-R1),7288_T325-R1))),9554_T094-R1))),9784_T164-R1,6899_T330-R1);
((9792_T182-R1,((9549_T339-R1,108_T245-R1),(((6924_T386-R1,9654_T548-R1),(7067_T319-R1,((9536_T229-R1,9557_T177-R1),7288_T325-R1))),9554_T094-R1))),9784_T164-R1,6899_T330-R1);
(((9554_T094-R1,(9792_T182-R1,(9549_T339-R1,108_T245-R1))),9784_T164-R1),((6924_T386-R1,9654_T548-R1),(7067_T319-R1,((9536_T229-R1,9557_T177-R1),7288_T325-R1))),6899_T330-R1);
(((9554_T094-R1,(9792_T182-R1,(9549_T339-R1,108_T245-R1))),9784_T164-R1),((6924_T386-R1,9654_T548-R1),(7067_T319-R1,((9536_T229-R1,9557_T177-R1),7288_T325-R1))),6899_T330-R1);
(9784_T164-R1,((9554_T094-R1,((7067_T319-R1,((9536_T229-R1,9557_T177-R1),7288_T325-R1)),(6924_T386-R1,9654_T548-R1))),((108_T245-R1,9549_T339-R1),9792_T182-R1)),6899_T330-R1);
(((9554_T094-R1,(108_T245-R1,9549_T339-R1)),9792_T182-R1),(9784_T164-R1,((7067_T319-R1,((9536_T229-R1,9557_T177-R1),7288_T325-R1)),(6924_T386-R1,9654_T548-R1))),6899_T330-R1);
(9784_T164-R1,(((((9536_T229-R1,9557_T177-R1),7288_T325-R1),7067_T319-R1),(6924_T386-R1,9654_T548-R1)),((108_T245-R1,(9554_T094-R1,9549_T339-R1)),9792_T182-R1)),6899_T330-R1);
(9784_T164-R1,(((((9536_T229-R1,9557_T177-R1),7288_T325-R1),7067_T319-R1),(6924_T386-R1,9654_T548-R1)),(((108_T245-R1,9549_T339-R1),9792_T182-R1),9554_T094-R1)),6899_T330-R1);
(9784_T164-R1,(((((9536_T229-R1,9557_T177-R1),7288_T325-R1),7067_T319-R1),(6924_T386-R1,9654_T548-R1)),(9792_T182-R1,(9554_T094-R1,(108_T245-R1,9549_T339-R1)))),6899_T330-R1);
(9784_T164-R1,(9792_T182-R1,((9554_T094-R1,((((9536_T229-R1,9557_T177-R1),7288_T325-R1),7067_T319-R1),(6924_T386-R1,9654_T548-R1))),(9549_T339-R1,108_T245-R1))),6899_T330-R1);
(9784_T164-R1,(((((9536_T229-R1,9557_T177-R1),7288_T325-R1),7067_T319-R1),(6924_T386-R1,9654_T548-R1)),(((9549_T339-R1,108_T245-R1),9792_T182-R1),9554_T094-R1)),6899_T330-R1);
(9784_T164-R1,(((((9536_T229-R1,9557_T177-R1),7288_T325-R1),7067_T319-R1),(6924_T386-R1,9654_T548-R1)),(((9549_T339-R1,108_T245-R1),9792_T182-R1),9554_T094-R1)),6899_T330-R1);
(9784_T164-R1,(((((9536_T229-R1,9557_T177-R1),7288_T325-R1),7067_T319-R1),(6924_T386-R1,9654_T548-R1)),(((9549_T339-R1,108_T245-R1),9792_T182-R1),9554_T094-R1)),6899_T330-R1);
(9784_T164-R1,(((((9536_T229-R1,9557_T177-R1),7288_T325-R1),7067_T319-R1),(6924_T386-R1,9654_T548-R1)),(((9549_T339-R1,108_T245-R1),9792_T182-R1),9554_T094-R1)),6899_T330-R1);
(9784_T164-R1,(((((9536_T229-R1,9557_T177-R1),7288_T325-R1),7067_T319-R1),(6924_T386-R1,9654_T548-R1)),(9792_T182-R1,(9554_T094-R1,(9549_T339-R1,108_T245-R1)))),6899_T330-R1);
(9784_T164-R1,(9792_T182-R1,(((((9536_T229-R1,9557_T177-R1),7288_T325-R1),(7067_T319-R1,(6924_T386-R1,9654_T548-R1))),9554_T094-R1),(9549_T339-R1,108_T245-R1))),6899_T330-R1);
((((6924_T386-R1,9654_T548-R1),(((9536_T229-R1,9557_T177-R1),7288_T325-R1),7067_T319-R1)),9784_T164-R1),(((108_T245-R1,9549_T339-R1),9554_T094-R1),9792_T182-R1),6899_T330-R1);
((((6924_T386-R1,9654_T548-R1),(((9536_T229-R1,9557_T177-R1),7288_T325-R1),7067_T319-R1)),9784_T164-R1),(((108_T245-R1,9549_T339-R1),9554_T094-R1),9792_T182-R1),6899_T330-R1);
((((6924_T386-R1,9654_T548-R1),(((9536_T229-R1,9557_T177-R1),7288_T325-R1),7067_T319-R1)),9784_T164-R1),(((108_T245-R1,9549_T339-R1),9554_T094-R1),9792_T182-R1),6899_T330-R1);
((((6924_T386-R1,9654_T548-R1),(((9536_T229-R1,9557_T177-R1),7288_T325-R1),7067_T319-R1)),9784_T164-R1),(((108_T245-R1,9549_T339-R1),9554_T094-R1),9792_T182-R1),6899_T330-R1);
(9784_T164-R1,(((108_T245-R1,9549_T339-R1),9792_T182-R1),(9554_T094-R1,((6924_T386-R1,9654_T548-R1),(((9536_T229-R1,9557_T177-R1),7288_T325-R1),7067_T319-R1)))),6899_T330-R1);
(9784_T164-R1,(((6924_T386-R1,9654_T548-R1),((9536_T229-R1,9557_T177-R1),(7288_T325-R1,7067_T319-R1))),(((108_T245-R1,9549_T339-R1),9792_T182-R1),9554_T094-R1)),6899_T330-R1);
(9784_T164-R1,(((6924_T386-R1,9654_T548-R1),(7067_T319-R1,((9536_T229-R1,9557_T177-R1),7288_T325-R1))),(9792_T182-R1,(9554_T094-R1,(108_T245-R1,9549_T339-R1)))),6899_T330-R1);
(9784_T164-R1,(((6924_T386-R1,9654_T548-R1),(7067_T319-R1,((9536_T229-R1,9557_T177-R1),7288_T325-R1))),(9792_T182-R1,(9554_T094-R1,(108_T245-R1,9549_T339-R1)))),6899_T330-R1);
(9784_T164-R1,(9792_T182-R1,((9554_T094-R1,((6924_T386-R1,9654_T548-R1),((9536_T229-R1,9557_T177-R1),(7288_T325-R1,7067_T319-R1)))),(9549_T339-R1,108_T245-R1))),6899_T330-R1);
(9784_T164-R1,(((6924_T386-R1,9654_T548-R1),(7067_T319-R1,((9536_T229-R1,9557_T177-R1),7288_T325-R1))),(((9549_T339-R1,108_T245-R1),9792_T182-R1),9554_T094-R1)),6899_T330-R1);
(9784_T164-R1,(((9654_T548-R1,6924_T386-R1),((7288_T325-R1,(9557_T177-R1,9536_T229-R1)),7067_T319-R1)),((108_T245-R1,(9554_T094-R1,9549_T339-R1)),9792_T182-R1)),6899_T330-R1);
(9784_T164-R1,(((((9654_T548-R1,6924_T386-R1),((7288_T325-R1,(9557_T177-R1,9536_T229-R1)),7067_T319-R1)),(108_T245-R1,9549_T339-R1)),9792_T182-R1),9554_T094-R1),6899_T330-R1);
(9784_T164-R1,(((9554_T094-R1,(108_T245-R1,9549_T339-R1)),9792_T182-R1),((9654_T548-R1,6924_T386-R1),((7288_T325-R1,(9557_T177-R1,9536_T229-R1)),7067_T319-R1))),6899_T330-R1);
(9784_T164-R1,(((9554_T094-R1,(108_T245-R1,9549_T339-R1)),9792_T182-R1),((9654_T548-R1,6924_T386-R1),((7288_T325-R1,(9557_T177-R1,9536_T229-R1)),7067_T319-R1))),6899_T330-R1);
(9784_T164-R1,(((9554_T094-R1,(108_T245-R1,9549_T339-R1)),9792_T182-R1),((9654_T548-R1,6924_T386-R1),((7288_T325-R1,(9557_T177-R1,9536_T229-R1)),7067_T319-R1))),6899_T330-R1);
(9784_T164-R1,(((9554_T094-R1,(108_T245-R1,9549_T339-R1)),9792_T182-R1),((9654_T548-R1,6924_T386-R1),((7288_T325-R1,(9557_T177-R1,9536_T229-R1)),7067_T319-R1))),6899_T330-R1);
(9784_T164-R1,(((9554_T094-R1,(108_T245-R1,9549_T339-R1)),9792_T182-R1),((9654_T548-R1,6924_T386-R1),((7288_T325-R1,(9557_T177-R1,9536_T229-R1)),7067_T319-R1))),6899_T330-R1);
(9784_T164-R1,(((9554_T094-R1,(108_T245-R1,9549_T339-R1)),9792_T182-R1),((9654_T548-R1,6924_T386-R1),((7288_T325-R1,(9557_T177-R1,9536_T229-R1)),7067_T319-R1))),6899_T330-R1);
(9784_T164-R1,(((9554_T094-R1,(108_T245-R1,9549_T339-R1)),9792_T182-R1),((9654_T548-R1,6924_T386-R1),((7288_T325-R1,(9557_T177-R1,9536_T229-R1)),7067_T319-R1))),6899_T330-R1);
(9784_T164-R1,(((9554_T094-R1,(108_T245-R1,9549_T339-R1)),9792_T182-R1),((9654_T548-R1,6924_T386-R1),((7288_T325-R1,(9557_T177-R1,9536_T229-R1)),7067_T319-R1))),6899_T330-R1);
(9784_T164-R1,(((9654_T548-R1,6924_T386-R1),(((9536_T229-R1,9557_T177-R1),7288_T325-R1),7067_T319-R1)),((108_T245-R1,(9549_T339-R1,9554_T094-R1)),9792_T182-R1)),6899_T330-R1);
(9784_T164-R1,(((9654_T548-R1,6924_T386-R1),(((9536_T229-R1,9557_T177-R1),7288_T325-R1),7067_T319-R1)),((108_T245-R1,(9549_T339-R1,9554_T094-R1)),9792_T182-R1)),6899_T330-R1);
(9784_T164-R1,(9792_T182-R1,((((9654_T548-R1,6924_T386-R1),(((9557_T177-R1,9536_T229-R1),7288_T325-R1),7067_T319-R1)),9554_T094-R1),(108_T245-R1,9549_T339-R1))),6899_T330-R1);
((((((9557_T177-R1,9536_T229-R1),7288_T325-R1),7067_T319-R1),(9654_T548-R1,6924_T386-R1)),9784_T164-R1),(9792_T182-R1,(9554_T094-R1,(108_T245-R1,9549_T339-R1))),6899_T330-R1);
((9792_T182-R1,(9554_T094-R1,((108_T245-R1,9549_T339-R1),(((9557_T177-R1,9536_T229-R1),(7288_T325-R1,7067_T319-R1)),(9654_T548-R1,6924_T386-R1))))),9784_T164-R1,6899_T330-R1);
((((9554_T094-R1,(9792_T182-R1,9549_T339-R1)),108_T245-R1),9784_T164-R1),(((9557_T177-R1,9536_T229-R1),7288_T325-R1),(7067_T319-R1,(9654_T548-R1,6924_T386-R1))),6899_T330-R1);
((9784_T164-R1,(9554_T094-R1,(9792_T182-R1,(9549_T339-R1,108_T245-R1)))),((7067_T319-R1,((9557_T177-R1,9536_T229-R1),7288_T325-R1)),(9654_T548-R1,6924_T386-R1)),6899_T330-R1);
((9784_T164-R1,(9554_T094-R1,(9792_T182-R1,(9549_T339-R1,108_T245-R1)))),((7067_T319-R1,((9557_T177-R1,9536_T229-R1),7288_T325-R1)),(9654_T548-R1,6924_T386-R1)),6899_T330-R1);
((9792_T182-R1,((9554_T094-R1,9549_T339-R1),108_T245-R1)),(((7067_T319-R1,((9557_T177-R1,9536_T229-R1),7288_T325-R1)),(9654_T548-R1,6924_T386-R1)),9784_T164-R1),6899_T330-R1);
((9792_T182-R1,((((7067_T319-R1,((9557_T177-R1,9536_T229-R1),7288_T325-R1)),(9654_T548-R1,6924_T386-R1)),9554_T094-R1),(9549_T339-R1,108_T245-R1))),9784_T164-R1,6899_T330-R1);
((9784_T164-R1,(9792_T182-R1,(9554_T094-R1,(9549_T339-R1,108_T245-R1)))),((6924_T386-R1,9654_T548-R1),(7067_T319-R1,(7288_T325-R1,(9557_T177-R1,9536_T229-R1)))),6899_T330-R1);
((9784_T164-R1,(9792_T182-R1,(9554_T094-R1,(9549_T339-R1,108_T245-R1)))),((6924_T386-R1,9654_T548-R1),(7067_T319-R1,(7288_T325-R1,(9557_T177-R1,9536_T229-R1)))),6899_T330-R1);
((9784_T164-R1,(9792_T182-R1,(9554_T094-R1,(9549_T339-R1,108_T245-R1)))),((6924_T386-R1,9654_T548-R1),(7067_T319-R1,(7288_T325-R1,(9557_T177-R1,9536_T229-R1)))),6899_T330-R1);
((9784_T164-R1,(9792_T182-R1,(9554_T094-R1,(9549_T339-R1,108_T245-R1)))),((6924_T386-R1,9654_T548-R1),(7067_T319-R1,(7288_T325-R1,(9557_T177-R1,9536_T229-R1)))),6899_T330-R1);
((9784_T164-R1,(9792_T182-R1,(9554_T094-R1,(9549_T339-R1,108_T245-R1)))),((6924_T386-R1,9654_T548-R1),(7067_T319-R1,(7288_T325-R1,(9557_T177-R1,9536_T229-R1)))),6899_T330-R1);
((9784_T164-R1,(9792_T182-R1,(9554_T094-R1,(9549_T339-R1,108_T245-R1)))),((6924_T386-R1,9654_T548-R1),(7067_T319-R1,(7288_T325-R1,(9557_T177-R1,9536_T229-R1)))),6899_T330-R1);
(9784_T164-R1,(9792_T182-R1,(9554_T094-R1,(9549_T339-R1,(((6924_T386-R1,9654_T548-R1),(7067_T319-R1,(7288_T325-R1,(9557_T177-R1,9536_T229-R1)))),108_T245-R1)))),6899_T330-R1);
(9784_T164-R1,(((9549_T339-R1,108_T245-R1),(9792_T182-R1,9554_T094-R1)),((6924_T386-R1,9654_T548-R1),(7067_T319-R1,(7288_T325-R1,(9557_T177-R1,9536_T229-R1))))),6899_T330-R1);
(9784_T164-R1,(((9549_T339-R1,108_T245-R1),(9792_T182-R1,9554_T094-R1)),((6924_T386-R1,9654_T548-R1),(7067_T319-R1,(7288_T325-R1,(9557_T177-R1,9536_T229-R1))))),6899_T330-R1);
(9784_T164-R1,((9792_T182-R1,(9554_T094-R1,(9549_T339-R1,108_T245-R1))),((6924_T386-R1,9654_T548-R1),(7067_T319-R1,(7288_T325-R1,(9557_T177-R1,9536_T229-R1))))),6899_T330-R1);
((9784_T164-R1,(9554_T094-R1,(9792_T182-R1,(108_T245-R1,9549_T339-R1)))),((7067_T319-R1,(7288_T325-R1,(9557_T177-R1,9536_T229-R1))),(6924_T386-R1,9654_T548-R1)),6899_T330-R1);
((9784_T164-R1,(9554_T094-R1,(9792_T182-R1,(108_T245-R1,9549_T339-R1)))),((7067_T319-R1,(7288_T325-R1,(9557_T177-R1,9536_T229-R1))),(6924_T386-R1,9654_T548-R1)),6899_T330-R1);
((9784_T164-R1,(9554_T094-R1,(9792_T182-R1,(108_T245-R1,9549_T339-R1)))),((7067_T319-R1,(7288_T325-R1,(9557_T177-R1,9536_T229-R1))),(6924_T386-R1,9654_T548-R1)),6899_T330-R1);
(9784_T164-R1,((9792_T182-R1,(108_T245-R1,(9554_T094-R1,9549_T339-R1))),((7067_T319-R1,(7288_T325-R1,(9557_T177-R1,9536_T229-R1))),(6924_T386-R1,9654_T548-R1))),6899_T330-R1);
((((108_T245-R1,9549_T339-R1),(9554_T094-R1,((7067_T319-R1,(7288_T325-R1,(9557_T177-R1,9536_T229-R1))),(6924_T386-R1,9654_T548-R1)))),9792_T182-R1),9784_T164-R1,6899_T330-R1);
((((108_T245-R1,9549_T339-R1),(9554_T094-R1,((7288_T325-R1,(9557_T177-R1,9536_T229-R1)),((6924_T386-R1,9654_T548-R1),7067_T319-R1)))),9792_T182-R1),9784_T164-R1,6899_T330-R1);
((((7067_T319-R1,((9557_T177-R1,9536_T229-R1),7288_T325-R1)),(6924_T386-R1,9654_T548-R1)),(((9792_T182-R1,9549_T339-R1),108_T245-R1),9554_T094-R1)),9784_T164-R1,6899_T330-R1);
((((9549_T339-R1,108_T245-R1),(9554_T094-R1,((7067_T319-R1,((9557_T177-R1,9536_T229-R1),7288_T325-R1)),(6924_T386-R1,9654_T548-R1)))),9792_T182-R1),9784_T164-R1,6899_T330-R1);
((((6924_T386-R1,9654_T548-R1),(7067_T319-R1,((9557_T177-R1,9536_T229-R1),7288_T325-R1))),(((9549_T339-R1,108_T245-R1),9554_T094-R1),9792_T182-R1)),9784_T164-R1,6899_T330-R1);
((((6924_T386-R1,9654_T548-R1),(7067_T319-R1,((9557_T177-R1,9536_T229-R1),7288_T325-R1))),(((9549_T339-R1,108_T245-R1),9554_T094-R1),9792_T182-R1)),9784_T164-R1,6899_T330-R1);
((9554_T094-R1,((9549_T339-R1,108_T245-R1),9792_T182-R1)),(9784_T164-R1,((7067_T319-R1,((9536_T229-R1,9557_T177-R1),7288_T325-R1)),(6924_T386-R1,9654_T548-R1))),6899_T330-R1);
((9554_T094-R1,((9549_T339-R1,108_T245-R1),9792_T182-R1)),(9784_T164-R1,((7067_T319-R1,((9536_T229-R1,9557_T177-R1),7288_T325-R1)),(6924_T386-R1,9654_T548-R1))),6899_T330-R1);
((9792_T182-R1,(9554_T094-R1,(9549_T339-R1,108_T245-R1))),(9784_T164-R1,((7067_T319-R1,((9536_T229-R1,9557_T177-R1),7288_T325-R1)),(6924_T386-R1,9654_T548-R1))),6899_T330-R1);
((9792_T182-R1,(9554_T094-R1,(9549_T339-R1,108_T245-R1))),(9784_T164-R1,((7067_T319-R1,((9536_T229-R1,9557_T177-R1),7288_T325-R1)),(6924_T386-R1,9654_T548-R1))),6899_T330-R1);
((9792_T182-R1,(9554_T094-R1,(9549_T339-R1,108_T245-R1))),(9784_T164-R1,((7067_T319-R1,((9536_T229-R1,9557_T177-R1),7288_T325-R1)),(6924_T386-R1,9654_T548-R1))),6899_T330-R1);
((9792_T182-R1,(9554_T094-R1,(9549_T339-R1,108_T245-R1))),(9784_T164-R1,((7067_T319-R1,((9536_T229-R1,9557_T177-R1),7288_T325-R1)),(6924_T386-R1,9654_T548-R1))),6899_T330-R1);
((9792_T182-R1,(9554_T094-R1,(9549_T339-R1,108_T245-R1))),(9784_T164-R1,((7067_T319-R1,((9536_T229-R1,9557_T177-R1),7288_T325-R1)),(6924_T386-R1,9654_T548-R1))),6899_T330-R1);
((9792_T182-R1,(9554_T094-R1,(9549_T339-R1,108_T245-R1))),(9784_T164-R1,((7067_T319-R1,((9536_T229-R1,9557_T177-R1),7288_T325-R1)),(6924_T386-R1,9654_T548-R1))),6899_T330-R1);
((9792_T182-R1,(9554_T094-R1,(9549_T339-R1,108_T245-R1))),(9784_T164-R1,((7067_T319-R1,((9536_T229-R1,9557_T177-R1),7288_T325-R1)),(6924_T386-R1,9654_T548-R1))),6899_T330-R1);
((9792_T182-R1,(9554_T094-R1,(9549_T339-R1,108_T245-R1))),(9784_T164-R1,((7067_T319-R1,((9536_T229-R1,9557_T177-R1),7288_T325-R1)),(6924_T386-R1,9654_T548-R1))),6899_T330-R1);
((((108_T245-R1,9549_T339-R1),(9554_T094-R1,9792_T182-R1)),((6924_T386-R1,9654_T548-R1),(7067_T319-R1,((9536_T229-R1,9557_T177-R1),7288_T325-R1)))),9784_T164-R1,6899_T330-R1);
(((9792_T182-R1,((108_T245-R1,9549_T339-R1),9554_T094-R1)),((6924_T386-R1,9654_T548-R1),(7067_T319-R1,((9536_T229-R1,9557_T177-R1),7288_T325-R1)))),9784_T164-R1,6899_T330-R1);
(((9792_T182-R1,((108_T245-R1,9549_T339-R1),9554_T094-R1)),((6924_T386-R1,9654_T548-R1),(7067_T319-R1,((9536_T229-R1,9557_T177-R1),7288_T325-R1)))),9784_T164-R1,6899_T330-R1);
(((9554_T094-R1,(7067_T319-R1,((9536_T229-R1,9557_T177-R1),7288_T325-R1))),(9792_T182-R1,((6924_T386-R1,9654_T548-R1),(108_T245-R1,9549_T339-R1)))),9784_T164-R1,6899_T330-R1);
((((9549_T339-R1,9554_T094-R1),(108_T245-R1,9792_T182-R1)),9784_T164-R1),((6924_T386-R1,9654_T548-R1),(7067_T319-R1,((9536_T229-R1,9557_T177-R1),7288_T325-R1))),6899_T330-R1);
(9784_T164-R1,(((6924_T386-R1,9654_T548-R1),(7067_T319-R1,((9536_T229-R1,9557_T177-R1),7288_T325-R1))),(9554_T094-R1,((9549_T339-R1,108_T245-R1),9792_T182-R1))),6899_T330-R1);
(9784_T164-R1,(9792_T182-R1,(9554_T094-R1,(((6924_T386-R1,9654_T548-R1),(7067_T319-R1,((9536_T229-R1,9557_T177-R1),7288_T325-R1))),(9549_T339-R1,108_T245-R1)))),6899_T330-R1);
(9784_T164-R1,(((6924_T386-R1,9654_T548-R1),(7067_T319-R1,((9536_T229-R1,9557_T177-R1),7288_T325-R1))),((9792_T182-R1,(9549_T339-R1,108_T245-R1)),9554_T094-R1)),6899_T330-R1);
(9784_T164-R1,((((9536_T229-R1,9557_T177-R1),7288_T325-R1),((6924_T386-R1,9654_T548-R1),7067_T319-R1)),((9792_T182-R1,(9549_T339-R1,108_T245-R1)),9554_T094-R1)),6899_T330-R1);
(9784_T164-R1,(((6924_T386-R1,9654_T548-R1),(7067_T319-R1,((9557_T177-R1,9536_T229-R1),7288_T325-R1))),(108_T245-R1,((9549_T339-R1,9554_T094-R1),9792_T182-R1))),6899_T330-R1);
