

IMPORTANT WARNING: Sequences 9536_T059-R1 and 9887_T087-R1 are exactly identical


IMPORTANT WARNING: Sequences 7288_T195-R1 and 5993_T104-R1 are exactly identical


IMPORTANT WARNING: Sequences 9784_T150-R1 and 7373_T079-R1 are exactly identical


IMPORTANT WARNING: Sequences 9784_T150-R1 and 6909_T145-R1 are exactly identical


IMPORTANT WARNING: Sequences 9784_T150-R1 and 6899_T131-R1 are exactly identical


IMPORTANT WARNING: Sequences 9554_T112-R1 and 9533_T124-R1 are exactly identical


IMPORTANT WARNING: Sequences 9583_T187-R1 and 9537_T142-R1 are exactly identical


IMPORTANT WARNING: Sequences 7167_T137-R1 and 6981_T188-R1 are exactly identical


IMPORTANT WARNING: Sequences 7167_T137-R1 and 9134_T172-R1 are exactly identical

IMPORTANT WARNING
Found 9 sequences that are exactly identical to other sequences in the alignment.
Normally they should be excluded from the analysis.

Just in case you might need it, an alignment file with 
sequence duplicates removed is printed to file ../../RAxML_tree_pbNB-ARC/Clade_Refinement_1/Int11247_267_468_R_60.afa.reduced


This is RAxML version 8.2.12 released by Alexandros Stamatakis on May 2018.

With greatly appreciated code contributions by:
Andre Aberer      (HITS)
Simon Berger      (HITS)
Alexey Kozlov     (HITS)
Kassian Kobert    (HITS)
David Dao         (KIT and HITS)
Sarah Lutteropp   (KIT and HITS)
Nick Pattengale   (Sandia)
Wayne Pfeiffer    (SDSC)
Akifumi S. Tanabe (NRIFS)
Charlie Taylor    (UF)


Alignment has 415 distinct alignment patterns

Proportion of gaps and completely undetermined characters in this alignment: 11.39%

RAxML rapid bootstrapping and subsequent ML search

Using 1 distinct models/data partitions with joint branch length optimization



Executing 100 rapid bootstrap inferences and thereafter a thorough ML search 

All free model parameters will be estimated by RAxML
ML estimate of 25 per site rate categories

Likelihood of final tree will be evaluated and optimized under GAMMA

GAMMA Model parameters will be estimated up to an accuracy of 0.1000000000 Log Likelihood units

Partition: 0
Alignment Patterns: 415
Name: No Name Provided
DataType: AA
Substitution Matrix: JTT
Using fixed base frequencies




RAxML was called as follows:

/Users/prigozhin/Installers/standard-RAxML/raxmlHPC-PTHREADS-AVX -T 2 -n Int11247_267_468_R_60.Raxml.out -f a -x 12345 -p 12345 -# 100 -m PROTCATJTT -s ../../RAxML_tree_pbNB-ARC/Clade_Refinement_1/Int11247_267_468_R_60.afa 



Time for BS model parameter optimization 0.918872
Bootstrap[0]: Time 4.447177 seconds, bootstrap likelihood -6134.528878, best rearrangement setting 13
Bootstrap[1]: Time 3.181630 seconds, bootstrap likelihood -6444.505800, best rearrangement setting 13
Bootstrap[2]: Time 3.348907 seconds, bootstrap likelihood -6626.637683, best rearrangement setting 12
Bootstrap[3]: Time 3.585909 seconds, bootstrap likelihood -6170.524914, best rearrangement setting 15
Bootstrap[4]: Time 3.837400 seconds, bootstrap likelihood -6338.120206, best rearrangement setting 10
Bootstrap[5]: Time 3.589947 seconds, bootstrap likelihood -6454.471206, best rearrangement setting 10
Bootstrap[6]: Time 3.417708 seconds, bootstrap likelihood -6069.793804, best rearrangement setting 6
Bootstrap[7]: Time 3.330504 seconds, bootstrap likelihood -6393.537651, best rearrangement setting 14
Bootstrap[8]: Time 2.884211 seconds, bootstrap likelihood -5961.049401, best rearrangement setting 5
Bootstrap[9]: Time 3.044720 seconds, bootstrap likelihood -5909.339960, best rearrangement setting 7
Bootstrap[10]: Time 3.191834 seconds, bootstrap likelihood -5994.684596, best rearrangement setting 7
Bootstrap[11]: Time 3.162930 seconds, bootstrap likelihood -6404.721532, best rearrangement setting 5
Bootstrap[12]: Time 3.129633 seconds, bootstrap likelihood -6577.609504, best rearrangement setting 8
Bootstrap[13]: Time 3.365560 seconds, bootstrap likelihood -6391.088476, best rearrangement setting 7
Bootstrap[14]: Time 2.817405 seconds, bootstrap likelihood -6178.517223, best rearrangement setting 12
Bootstrap[15]: Time 3.891175 seconds, bootstrap likelihood -6276.984373, best rearrangement setting 15
Bootstrap[16]: Time 3.187167 seconds, bootstrap likelihood -6168.035622, best rearrangement setting 12
Bootstrap[17]: Time 3.372643 seconds, bootstrap likelihood -6347.838560, best rearrangement setting 12
Bootstrap[18]: Time 3.037333 seconds, bootstrap likelihood -6124.400835, best rearrangement setting 5
Bootstrap[19]: Time 3.398231 seconds, bootstrap likelihood -6286.209293, best rearrangement setting 8
Bootstrap[20]: Time 3.160803 seconds, bootstrap likelihood -6494.763948, best rearrangement setting 10
Bootstrap[21]: Time 3.427948 seconds, bootstrap likelihood -6502.255413, best rearrangement setting 6
Bootstrap[22]: Time 3.411189 seconds, bootstrap likelihood -6388.872029, best rearrangement setting 5
Bootstrap[23]: Time 4.284635 seconds, bootstrap likelihood -5962.746667, best rearrangement setting 7
Bootstrap[24]: Time 3.451422 seconds, bootstrap likelihood -6092.117275, best rearrangement setting 8
Bootstrap[25]: Time 3.583299 seconds, bootstrap likelihood -6210.858193, best rearrangement setting 6
Bootstrap[26]: Time 3.181286 seconds, bootstrap likelihood -6347.502247, best rearrangement setting 12
Bootstrap[27]: Time 3.321138 seconds, bootstrap likelihood -6543.265592, best rearrangement setting 10
Bootstrap[28]: Time 3.244299 seconds, bootstrap likelihood -6176.642106, best rearrangement setting 11
Bootstrap[29]: Time 3.354571 seconds, bootstrap likelihood -6154.497974, best rearrangement setting 12
Bootstrap[30]: Time 2.585320 seconds, bootstrap likelihood -6092.788778, best rearrangement setting 15
Bootstrap[31]: Time 3.328294 seconds, bootstrap likelihood -6488.185910, best rearrangement setting 15
Bootstrap[32]: Time 3.058413 seconds, bootstrap likelihood -6176.130030, best rearrangement setting 6
Bootstrap[33]: Time 3.380012 seconds, bootstrap likelihood -6412.146700, best rearrangement setting 15
Bootstrap[34]: Time 4.825864 seconds, bootstrap likelihood -6172.724429, best rearrangement setting 11
Bootstrap[35]: Time 3.147766 seconds, bootstrap likelihood -6206.172881, best rearrangement setting 8
Bootstrap[36]: Time 3.433841 seconds, bootstrap likelihood -6664.440306, best rearrangement setting 9
Bootstrap[37]: Time 4.273703 seconds, bootstrap likelihood -6358.411394, best rearrangement setting 11
Bootstrap[38]: Time 3.298898 seconds, bootstrap likelihood -6384.531424, best rearrangement setting 8
Bootstrap[39]: Time 2.877995 seconds, bootstrap likelihood -6261.270133, best rearrangement setting 13
Bootstrap[40]: Time 3.784333 seconds, bootstrap likelihood -6063.305609, best rearrangement setting 13
Bootstrap[41]: Time 3.546945 seconds, bootstrap likelihood -6302.296091, best rearrangement setting 10
Bootstrap[42]: Time 3.488843 seconds, bootstrap likelihood -6316.172829, best rearrangement setting 5
Bootstrap[43]: Time 2.891904 seconds, bootstrap likelihood -6737.028807, best rearrangement setting 14
Bootstrap[44]: Time 3.189463 seconds, bootstrap likelihood -6463.899798, best rearrangement setting 10
Bootstrap[45]: Time 3.698428 seconds, bootstrap likelihood -6157.959692, best rearrangement setting 15
Bootstrap[46]: Time 3.633139 seconds, bootstrap likelihood -6479.220666, best rearrangement setting 14
Bootstrap[47]: Time 3.114935 seconds, bootstrap likelihood -5872.595173, best rearrangement setting 8
Bootstrap[48]: Time 3.302593 seconds, bootstrap likelihood -6603.754035, best rearrangement setting 6
Bootstrap[49]: Time 3.293722 seconds, bootstrap likelihood -6235.466912, best rearrangement setting 7
Bootstrap[50]: Time 2.763846 seconds, bootstrap likelihood -6058.321485, best rearrangement setting 7
Bootstrap[51]: Time 3.060519 seconds, bootstrap likelihood -6007.341444, best rearrangement setting 11
Bootstrap[52]: Time 3.087946 seconds, bootstrap likelihood -6314.872190, best rearrangement setting 12
Bootstrap[53]: Time 3.373742 seconds, bootstrap likelihood -6041.816116, best rearrangement setting 8
Bootstrap[54]: Time 3.684929 seconds, bootstrap likelihood -6586.717377, best rearrangement setting 9
Bootstrap[55]: Time 2.945540 seconds, bootstrap likelihood -6749.526519, best rearrangement setting 11
Bootstrap[56]: Time 2.795386 seconds, bootstrap likelihood -6320.313375, best rearrangement setting 5
Bootstrap[57]: Time 3.458918 seconds, bootstrap likelihood -6233.908796, best rearrangement setting 7
Bootstrap[58]: Time 2.874915 seconds, bootstrap likelihood -6096.175324, best rearrangement setting 10
Bootstrap[59]: Time 2.901874 seconds, bootstrap likelihood -6172.981335, best rearrangement setting 9
Bootstrap[60]: Time 2.711143 seconds, bootstrap likelihood -5868.016322, best rearrangement setting 7
Bootstrap[61]: Time 2.978779 seconds, bootstrap likelihood -6058.211406, best rearrangement setting 5
Bootstrap[62]: Time 3.085809 seconds, bootstrap likelihood -6285.953400, best rearrangement setting 11
Bootstrap[63]: Time 3.956937 seconds, bootstrap likelihood -6433.319699, best rearrangement setting 12
Bootstrap[64]: Time 3.706930 seconds, bootstrap likelihood -6262.002106, best rearrangement setting 7
Bootstrap[65]: Time 3.651556 seconds, bootstrap likelihood -6402.600696, best rearrangement setting 5
Bootstrap[66]: Time 3.223770 seconds, bootstrap likelihood -6003.450697, best rearrangement setting 5
Bootstrap[67]: Time 3.208846 seconds, bootstrap likelihood -6250.606199, best rearrangement setting 15
Bootstrap[68]: Time 3.367869 seconds, bootstrap likelihood -6241.385135, best rearrangement setting 11
Bootstrap[69]: Time 3.350804 seconds, bootstrap likelihood -6018.624921, best rearrangement setting 5
Bootstrap[70]: Time 3.781692 seconds, bootstrap likelihood -6480.104173, best rearrangement setting 8
Bootstrap[71]: Time 3.356723 seconds, bootstrap likelihood -6126.435781, best rearrangement setting 10
Bootstrap[72]: Time 3.943565 seconds, bootstrap likelihood -6278.924164, best rearrangement setting 11
Bootstrap[73]: Time 3.178280 seconds, bootstrap likelihood -6146.463882, best rearrangement setting 9
Bootstrap[74]: Time 3.053836 seconds, bootstrap likelihood -6374.000152, best rearrangement setting 5
Bootstrap[75]: Time 2.904921 seconds, bootstrap likelihood -6481.406325, best rearrangement setting 8
Bootstrap[76]: Time 3.179522 seconds, bootstrap likelihood -5888.506080, best rearrangement setting 9
Bootstrap[77]: Time 3.200099 seconds, bootstrap likelihood -6290.419677, best rearrangement setting 11
Bootstrap[78]: Time 3.265707 seconds, bootstrap likelihood -6342.826129, best rearrangement setting 15
Bootstrap[79]: Time 3.910174 seconds, bootstrap likelihood -6642.911823, best rearrangement setting 9
Bootstrap[80]: Time 3.195321 seconds, bootstrap likelihood -6266.432565, best rearrangement setting 15
Bootstrap[81]: Time 3.245510 seconds, bootstrap likelihood -6122.807292, best rearrangement setting 7
Bootstrap[82]: Time 2.660266 seconds, bootstrap likelihood -6101.032639, best rearrangement setting 6
Bootstrap[83]: Time 3.206008 seconds, bootstrap likelihood -6253.305300, best rearrangement setting 10
Bootstrap[84]: Time 3.086637 seconds, bootstrap likelihood -6405.473910, best rearrangement setting 11
Bootstrap[85]: Time 3.111123 seconds, bootstrap likelihood -5974.304917, best rearrangement setting 8
Bootstrap[86]: Time 3.161119 seconds, bootstrap likelihood -5980.575253, best rearrangement setting 7
Bootstrap[87]: Time 2.982766 seconds, bootstrap likelihood -6226.026089, best rearrangement setting 7
Bootstrap[88]: Time 3.239736 seconds, bootstrap likelihood -6155.091795, best rearrangement setting 12
Bootstrap[89]: Time 3.520510 seconds, bootstrap likelihood -6209.212862, best rearrangement setting 10
Bootstrap[90]: Time 3.661883 seconds, bootstrap likelihood -6237.278837, best rearrangement setting 8
Bootstrap[91]: Time 3.790272 seconds, bootstrap likelihood -6336.681223, best rearrangement setting 12
Bootstrap[92]: Time 3.296200 seconds, bootstrap likelihood -6330.736660, best rearrangement setting 13
Bootstrap[93]: Time 3.331231 seconds, bootstrap likelihood -6047.790507, best rearrangement setting 15
Bootstrap[94]: Time 3.059241 seconds, bootstrap likelihood -6557.514925, best rearrangement setting 5
Bootstrap[95]: Time 2.606539 seconds, bootstrap likelihood -6149.571748, best rearrangement setting 5
Bootstrap[96]: Time 4.156263 seconds, bootstrap likelihood -6125.749363, best rearrangement setting 13
Bootstrap[97]: Time 3.366014 seconds, bootstrap likelihood -5936.304172, best rearrangement setting 11
Bootstrap[98]: Time 2.757697 seconds, bootstrap likelihood -5939.395119, best rearrangement setting 6
Bootstrap[99]: Time 2.885404 seconds, bootstrap likelihood -6307.230978, best rearrangement setting 14


Overall Time for 100 Rapid Bootstraps 332.162436 seconds
Average Time per Rapid Bootstrap 3.321624 seconds

Starting ML Search ...

Fast ML optimization finished

Fast ML search Time: 343.811064 seconds

Slow ML Search 0 Likelihood: -6984.792078
Slow ML Search 1 Likelihood: -6984.792978
Slow ML Search 2 Likelihood: -6984.792995
Slow ML Search 3 Likelihood: -6984.913139
Slow ML Search 4 Likelihood: -6984.913951
Slow ML Search 5 Likelihood: -6985.765703
Slow ML Search 6 Likelihood: -6987.643407
Slow ML Search 7 Likelihood: -6986.262143
Slow ML Search 8 Likelihood: -6987.588241
Slow ML Search 9 Likelihood: -6991.101117
Slow ML optimization finished

Slow ML search Time: 106.954777 seconds
Thorough ML search Time: 31.024122 seconds

Final ML Optimization Likelihood: -6984.547042

Model Information:

Model Parameters of Partition 0, Name: No Name Provided, Type of Data: AA
alpha: 0.209195
Tree-Length: 0.497400
rate A <-> R: 0.603538
rate A <-> N: 0.561915
rate A <-> D: 0.842872
rate A <-> C: 0.582726
rate A <-> Q: 0.593132
rate A <-> E: 1.092612
rate A <-> G: 1.862643
rate A <-> H: 0.280957
rate A <-> I: 0.374610
rate A <-> L: 0.312175
rate A <-> K: 0.364204
rate A <-> M: 0.561915
rate A <-> F: 0.156087
rate A <-> P: 2.018730
rate A <-> S: 3.933403
rate A <-> T: 4.942768
rate A <-> W: 0.093652
rate A <-> Y: 0.114464
rate A <-> V: 3.100937
rate R <-> N: 0.468262
rate R <-> D: 0.166493
rate R <-> C: 1.175858
rate R <-> Q: 3.225806
rate R <-> E: 0.301769
rate R <-> G: 1.425598
rate R <-> H: 3.413111
rate R <-> I: 0.228928
rate R <-> L: 0.395421
rate R <-> K: 6.722164
rate R <-> M: 0.457856
rate R <-> F: 0.052029
rate R <-> P: 0.770031
rate R <-> S: 1.050989
rate R <-> T: 0.665973
rate R <-> W: 1.311134
rate R <-> Y: 0.208117
rate R <-> V: 0.176899
rate N <-> D: 5.494277
rate N <-> C: 0.353798
rate N <-> Q: 0.894901
rate N <-> E: 0.603538
rate N <-> G: 0.842872
rate N <-> H: 4.068678
rate N <-> I: 0.489074
rate N <-> L: 0.124870
rate N <-> K: 2.736733
rate N <-> M: 0.312175
rate N <-> F: 0.104058
rate N <-> P: 0.156087
rate N <-> S: 5.234131
rate N <-> T: 2.414152
rate N <-> W: 0.083247
rate N <-> Y: 0.728408
rate N <-> V: 0.166493
rate D <-> C: 0.104058
rate D <-> Q: 0.509886
rate D <-> E: 7.981270
rate D <-> G: 1.352758
rate D <-> H: 1.165453
rate D <-> I: 0.114464
rate D <-> L: 0.072841
rate D <-> K: 0.270552
rate D <-> M: 0.156087
rate D <-> F: 0.041623
rate D <-> P: 0.156087
rate D <-> S: 0.613944
rate D <-> T: 0.395421
rate D <-> W: 0.041623
rate D <-> Y: 0.478668
rate D <-> V: 0.322581
rate C <-> Q: 0.093652
rate C <-> E: 0.052029
rate C <-> G: 0.613944
rate C <-> H: 0.718002
rate C <-> I: 0.176899
rate C <-> L: 0.239334
rate C <-> K: 0.072841
rate C <-> M: 0.322581
rate C <-> F: 0.811655
rate C <-> P: 0.145682
rate C <-> S: 2.320499
rate C <-> T: 0.437045
rate C <-> W: 1.196670
rate C <-> Y: 2.174818
rate C <-> V: 0.645161
rate Q <-> E: 3.361082
rate Q <-> G: 0.270552
rate Q <-> H: 6.212279
rate Q <-> I: 0.093652
rate Q <-> L: 0.749220
rate Q <-> K: 3.038502
rate Q <-> M: 0.447451
rate Q <-> F: 0.041623
rate Q <-> P: 1.706556
rate Q <-> S: 0.551509
rate Q <-> T: 0.530697
rate Q <-> W: 0.187305
rate Q <-> Y: 0.249740
rate Q <-> V: 0.208117
rate E <-> G: 1.238293
rate E <-> H: 0.270552
rate E <-> I: 0.124870
rate E <-> L: 0.093652
rate E <-> K: 1.883455
rate E <-> M: 0.187305
rate E <-> F: 0.052029
rate E <-> P: 0.187305
rate E <-> S: 0.312175
rate E <-> T: 0.332986
rate E <-> W: 0.104058
rate E <-> Y: 0.072841
rate E <-> V: 0.468262
rate G <-> H: 0.239334
rate G <-> I: 0.062435
rate G <-> L: 0.062435
rate G <-> K: 0.280957
rate G <-> M: 0.145682
rate G <-> F: 0.052029
rate G <-> P: 0.249740
rate G <-> S: 2.091571
rate G <-> T: 0.343392
rate G <-> W: 0.572320
rate G <-> Y: 0.083247
rate G <-> V: 0.489074
rate H <-> I: 0.166493
rate H <-> L: 0.582726
rate H <-> K: 0.468262
rate H <-> M: 0.343392
rate H <-> F: 0.416233
rate H <-> P: 1.196670
rate H <-> S: 0.759625
rate H <-> T: 0.478668
rate H <-> W: 0.083247
rate H <-> Y: 5.962539
rate H <-> V: 0.114464
rate I <-> L: 2.382934
rate I <-> K: 0.218522
rate I <-> M: 4.984391
rate I <-> F: 0.926119
rate I <-> P: 0.104058
rate I <-> S: 0.416233
rate I <-> T: 2.549428
rate I <-> W: 0.093652
rate I <-> Y: 0.332986
rate I <-> V: 10.000000
rate L <-> K: 0.145682
rate L <-> M: 4.037461
rate L <-> F: 2.580645
rate L <-> P: 1.061394
rate L <-> S: 0.613944
rate L <-> T: 0.260146
rate L <-> W: 0.541103
rate L <-> Y: 0.249740
rate L <-> V: 1.873049
rate K <-> M: 0.676379
rate K <-> F: 0.041623
rate K <-> P: 0.218522
rate K <-> S: 0.489074
rate K <-> T: 1.071800
rate K <-> W: 0.104058
rate K <-> Y: 0.083247
rate K <-> V: 0.145682
rate M <-> F: 0.447451
rate M <-> P: 0.166493
rate M <-> S: 0.301769
rate M <-> T: 2.351717
rate M <-> W: 0.249740
rate M <-> Y: 0.187305
rate M <-> V: 3.361082
rate F <-> P: 0.176899
rate F <-> S: 0.957336
rate F <-> T: 0.124870
rate F <-> W: 0.551509
rate F <-> Y: 5.577523
rate F <-> V: 0.645161
rate P <-> S: 2.965661
rate P <-> T: 1.227888
rate P <-> W: 0.062435
rate P <-> Y: 0.104058
rate P <-> V: 0.239334
rate S <-> T: 4.963580
rate S <-> W: 0.364204
rate S <-> Y: 0.655567
rate S <-> V: 0.395421
rate T <-> W: 0.124870
rate T <-> Y: 0.218522
rate T <-> V: 1.165453
rate W <-> Y: 0.738814
rate W <-> V: 0.260146
rate Y <-> V: 0.166493

freq pi(A): 0.076748
freq pi(R): 0.051691
freq pi(N): 0.042645
freq pi(D): 0.051544
freq pi(C): 0.019803
freq pi(Q): 0.040752
freq pi(E): 0.061830
freq pi(G): 0.073152
freq pi(H): 0.022944
freq pi(I): 0.053761
freq pi(L): 0.091904
freq pi(K): 0.058676
freq pi(M): 0.023826
freq pi(F): 0.040126
freq pi(P): 0.050901
freq pi(S): 0.068765
freq pi(T): 0.058565
freq pi(W): 0.014261
freq pi(Y): 0.032102
freq pi(V): 0.066004


ML search took 481.820010 secs or 0.133839 hours

Combined Bootstrap and ML search took 813.982629 secs or 0.226106 hours

Drawing Bootstrap Support Values on best-scoring ML tree ...



Found 1 tree in File /Users/prigozhin/Dropbox/NLRomes/Atha_SnkMk_NLRome/RAxML_tree_pbNB-ARC/Clade_Refinement_1/RAxML_bestTree.Int11247_267_468_R_60.Raxml.out



Found 1 tree in File /Users/prigozhin/Dropbox/NLRomes/Atha_SnkMk_NLRome/RAxML_tree_pbNB-ARC/Clade_Refinement_1/RAxML_bestTree.Int11247_267_468_R_60.Raxml.out

Program execution info written to /Users/prigozhin/Dropbox/NLRomes/Atha_SnkMk_NLRome/RAxML_tree_pbNB-ARC/Clade_Refinement_1/RAxML_info.Int11247_267_468_R_60.Raxml.out
All 100 bootstrapped trees written to: /Users/prigozhin/Dropbox/NLRomes/Atha_SnkMk_NLRome/RAxML_tree_pbNB-ARC/Clade_Refinement_1/RAxML_bootstrap.Int11247_267_468_R_60.Raxml.out

Best-scoring ML tree written to: /Users/prigozhin/Dropbox/NLRomes/Atha_SnkMk_NLRome/RAxML_tree_pbNB-ARC/Clade_Refinement_1/RAxML_bestTree.Int11247_267_468_R_60.Raxml.out

Best-scoring ML tree with support values written to: /Users/prigozhin/Dropbox/NLRomes/Atha_SnkMk_NLRome/RAxML_tree_pbNB-ARC/Clade_Refinement_1/RAxML_bipartitions.Int11247_267_468_R_60.Raxml.out

Best-scoring ML tree with support values as branch labels written to: /Users/prigozhin/Dropbox/NLRomes/Atha_SnkMk_NLRome/RAxML_tree_pbNB-ARC/Clade_Refinement_1/RAxML_bipartitionsBranchLabels.Int11247_267_468_R_60.Raxml.out

Overall execution time for full ML analysis: 814.002723 secs or 0.226112 hours or 0.009421 days

