

IMPORTANT WARNING: Sequences 9721_T332-R1 and 9134_T125-R1 are exactly identical


IMPORTANT WARNING: Sequences 9721_T332-R1 and 9536_T377-R1 are exactly identical


IMPORTANT WARNING: Sequences 7111_T142-R1 and 9669_T224-R1 are exactly identical


IMPORTANT WARNING: Sequences 9887_T119-R1 and 9947_T127-R1 are exactly identical


IMPORTANT WARNING: Sequences 7415_T100-R1 and 6899_T088-R1 are exactly identical


IMPORTANT WARNING: Sequences 7415_T100-R1 and 7373_T276-R1 are exactly identical


IMPORTANT WARNING: Sequences 108_T304-R1 and 9554_T235-R1 are exactly identical


IMPORTANT WARNING: Sequences 108_T304-R1 and 9537_T255-R1 are exactly identical


IMPORTANT WARNING: Sequences 108_T304-R1 and 9879_T181-R1 are exactly identical


IMPORTANT WARNING: Sequences 9583_T130-R1 and 9100_T124-R1 are exactly identical


IMPORTANT WARNING: Sequences 7413_T122-R1 and 10015_T111-R1 are exactly identical


IMPORTANT WARNING: Sequences 9545_T213-R1 and 9332_T241-R1 are exactly identical


IMPORTANT WARNING: Sequences 6909_T243-R1 and ATHALIANA_AT3G46710_1 are exactly identical


IMPORTANT WARNING: Sequences 6974_T119-R1 and 9762_T139-R1 are exactly identical


IMPORTANT WARNING: Sequences 9600_T109-R1 and 7417_T329-R1 are exactly identical


IMPORTANT WARNING: Sequences 9600_T109-R1 and 6981_T144-R1 are exactly identical

IMPORTANT WARNING
Found 16 sequences that are exactly identical to other sequences in the alignment.
Normally they should be excluded from the analysis.

Just in case you might need it, an alignment file with 
sequence duplicates removed is printed to file ../../RAxML_tree_pbNB-ARC/Clade_Refinement_1/Int14387_212_251_L_60.afa.reduced


This is RAxML version 8.2.12 released by Alexandros Stamatakis on May 2018.

With greatly appreciated code contributions by:
Andre Aberer      (HITS)
Simon Berger      (HITS)
Alexey Kozlov     (HITS)
Kassian Kobert    (HITS)
David Dao         (KIT and HITS)
Sarah Lutteropp   (KIT and HITS)
Nick Pattengale   (Sandia)
Wayne Pfeiffer    (SDSC)
Akifumi S. Tanabe (NRIFS)
Charlie Taylor    (UF)


Alignment has 252 distinct alignment patterns

Proportion of gaps and completely undetermined characters in this alignment: 2.03%

RAxML rapid bootstrapping and subsequent ML search

Using 1 distinct models/data partitions with joint branch length optimization



Executing 100 rapid bootstrap inferences and thereafter a thorough ML search 

All free model parameters will be estimated by RAxML
ML estimate of 25 per site rate categories

Likelihood of final tree will be evaluated and optimized under GAMMA

GAMMA Model parameters will be estimated up to an accuracy of 0.1000000000 Log Likelihood units

Partition: 0
Alignment Patterns: 252
Name: No Name Provided
DataType: AA
Substitution Matrix: JTT
Using fixed base frequencies




RAxML was called as follows:

/Users/prigozhin/Installers/standard-RAxML/raxmlHPC-PTHREADS-AVX -T 2 -n Int14387_212_251_L_60.Raxml.out -f a -x 12345 -p 12345 -# 100 -m PROTCATJTT -s ../../RAxML_tree_pbNB-ARC/Clade_Refinement_1/Int14387_212_251_L_60.afa 



Time for BS model parameter optimization 0.374459
Bootstrap[0]: Time 1.907442 seconds, bootstrap likelihood -3262.819365, best rearrangement setting 13
Bootstrap[1]: Time 1.448115 seconds, bootstrap likelihood -3359.995984, best rearrangement setting 13
Bootstrap[2]: Time 1.513245 seconds, bootstrap likelihood -3305.941901, best rearrangement setting 12
Bootstrap[3]: Time 1.660839 seconds, bootstrap likelihood -3346.134413, best rearrangement setting 15
Bootstrap[4]: Time 1.812500 seconds, bootstrap likelihood -3390.793143, best rearrangement setting 10
Bootstrap[5]: Time 1.106422 seconds, bootstrap likelihood -3399.970851, best rearrangement setting 10
Bootstrap[6]: Time 1.279843 seconds, bootstrap likelihood -3358.868851, best rearrangement setting 6
Bootstrap[7]: Time 1.418672 seconds, bootstrap likelihood -3487.129919, best rearrangement setting 14
Bootstrap[8]: Time 1.081633 seconds, bootstrap likelihood -3384.582506, best rearrangement setting 5
Bootstrap[9]: Time 1.195351 seconds, bootstrap likelihood -3681.493714, best rearrangement setting 7
Bootstrap[10]: Time 1.148733 seconds, bootstrap likelihood -3404.642367, best rearrangement setting 7
Bootstrap[11]: Time 1.446835 seconds, bootstrap likelihood -3509.282495, best rearrangement setting 5
Bootstrap[12]: Time 1.849022 seconds, bootstrap likelihood -3396.775229, best rearrangement setting 8
Bootstrap[13]: Time 1.298420 seconds, bootstrap likelihood -3304.555455, best rearrangement setting 7
Bootstrap[14]: Time 1.338498 seconds, bootstrap likelihood -3327.172853, best rearrangement setting 12
Bootstrap[15]: Time 1.179709 seconds, bootstrap likelihood -3239.261887, best rearrangement setting 15
Bootstrap[16]: Time 1.419182 seconds, bootstrap likelihood -3236.588327, best rearrangement setting 12
Bootstrap[17]: Time 1.435360 seconds, bootstrap likelihood -3342.693453, best rearrangement setting 12
Bootstrap[18]: Time 1.355372 seconds, bootstrap likelihood -3320.848674, best rearrangement setting 5
Bootstrap[19]: Time 1.251097 seconds, bootstrap likelihood -3387.932647, best rearrangement setting 8
Bootstrap[20]: Time 1.285613 seconds, bootstrap likelihood -3592.678828, best rearrangement setting 10
Bootstrap[21]: Time 1.142062 seconds, bootstrap likelihood -3505.827947, best rearrangement setting 6
Bootstrap[22]: Time 1.111756 seconds, bootstrap likelihood -3361.458366, best rearrangement setting 5
Bootstrap[23]: Time 1.800345 seconds, bootstrap likelihood -3494.554716, best rearrangement setting 7
Bootstrap[24]: Time 1.377159 seconds, bootstrap likelihood -3465.515622, best rearrangement setting 8
Bootstrap[25]: Time 1.288831 seconds, bootstrap likelihood -3465.876945, best rearrangement setting 6
Bootstrap[26]: Time 1.305064 seconds, bootstrap likelihood -3464.460773, best rearrangement setting 12
Bootstrap[27]: Time 1.220418 seconds, bootstrap likelihood -3517.332524, best rearrangement setting 10
Bootstrap[28]: Time 1.142313 seconds, bootstrap likelihood -3448.920146, best rearrangement setting 11
Bootstrap[29]: Time 1.413890 seconds, bootstrap likelihood -3535.588250, best rearrangement setting 12
Bootstrap[30]: Time 1.140832 seconds, bootstrap likelihood -3803.002275, best rearrangement setting 15
Bootstrap[31]: Time 1.170218 seconds, bootstrap likelihood -3339.763435, best rearrangement setting 15
Bootstrap[32]: Time 1.366481 seconds, bootstrap likelihood -3360.967788, best rearrangement setting 6
Bootstrap[33]: Time 1.482614 seconds, bootstrap likelihood -3346.786273, best rearrangement setting 15
Bootstrap[34]: Time 1.894297 seconds, bootstrap likelihood -3515.675955, best rearrangement setting 11
Bootstrap[35]: Time 1.656492 seconds, bootstrap likelihood -3438.984832, best rearrangement setting 8
Bootstrap[36]: Time 1.381414 seconds, bootstrap likelihood -3505.412653, best rearrangement setting 9
Bootstrap[37]: Time 1.423246 seconds, bootstrap likelihood -3493.509914, best rearrangement setting 11
Bootstrap[38]: Time 1.178938 seconds, bootstrap likelihood -3368.398187, best rearrangement setting 8
Bootstrap[39]: Time 1.058166 seconds, bootstrap likelihood -3550.712898, best rearrangement setting 13
Bootstrap[40]: Time 1.000763 seconds, bootstrap likelihood -3363.704064, best rearrangement setting 13
Bootstrap[41]: Time 1.288155 seconds, bootstrap likelihood -3424.582855, best rearrangement setting 10
Bootstrap[42]: Time 1.185773 seconds, bootstrap likelihood -3485.998134, best rearrangement setting 5
Bootstrap[43]: Time 1.235670 seconds, bootstrap likelihood -3404.082000, best rearrangement setting 14
Bootstrap[44]: Time 1.236022 seconds, bootstrap likelihood -3550.785445, best rearrangement setting 10
Bootstrap[45]: Time 1.281704 seconds, bootstrap likelihood -3309.173103, best rearrangement setting 15
Bootstrap[46]: Time 1.262222 seconds, bootstrap likelihood -3458.214485, best rearrangement setting 14
Bootstrap[47]: Time 1.059846 seconds, bootstrap likelihood -3283.182991, best rearrangement setting 8
Bootstrap[48]: Time 1.150133 seconds, bootstrap likelihood -3337.770296, best rearrangement setting 6
Bootstrap[49]: Time 1.401867 seconds, bootstrap likelihood -3218.083347, best rearrangement setting 7
Bootstrap[50]: Time 1.345855 seconds, bootstrap likelihood -3613.129324, best rearrangement setting 7
Bootstrap[51]: Time 1.249412 seconds, bootstrap likelihood -3297.173120, best rearrangement setting 11
Bootstrap[52]: Time 1.555627 seconds, bootstrap likelihood -3323.255378, best rearrangement setting 12
Bootstrap[53]: Time 1.599071 seconds, bootstrap likelihood -3734.687172, best rearrangement setting 8
Bootstrap[54]: Time 1.327165 seconds, bootstrap likelihood -3401.163888, best rearrangement setting 9
Bootstrap[55]: Time 1.324566 seconds, bootstrap likelihood -3295.169233, best rearrangement setting 11
Bootstrap[56]: Time 1.284617 seconds, bootstrap likelihood -3607.322526, best rearrangement setting 5
Bootstrap[57]: Time 1.117597 seconds, bootstrap likelihood -3418.340006, best rearrangement setting 7
Bootstrap[58]: Time 1.055843 seconds, bootstrap likelihood -3458.075878, best rearrangement setting 10
Bootstrap[59]: Time 1.127772 seconds, bootstrap likelihood -3522.611835, best rearrangement setting 9
Bootstrap[60]: Time 1.383500 seconds, bootstrap likelihood -3540.224802, best rearrangement setting 7
Bootstrap[61]: Time 1.194156 seconds, bootstrap likelihood -3251.795753, best rearrangement setting 5
Bootstrap[62]: Time 1.158894 seconds, bootstrap likelihood -3338.282386, best rearrangement setting 11
Bootstrap[63]: Time 1.149712 seconds, bootstrap likelihood -3577.096969, best rearrangement setting 12
Bootstrap[64]: Time 1.345155 seconds, bootstrap likelihood -3387.052394, best rearrangement setting 7
Bootstrap[65]: Time 1.221558 seconds, bootstrap likelihood -3584.618628, best rearrangement setting 5
Bootstrap[66]: Time 1.076924 seconds, bootstrap likelihood -3409.997045, best rearrangement setting 5
Bootstrap[67]: Time 1.356100 seconds, bootstrap likelihood -3442.227898, best rearrangement setting 15
Bootstrap[68]: Time 1.190576 seconds, bootstrap likelihood -3567.069625, best rearrangement setting 11
Bootstrap[69]: Time 1.216423 seconds, bootstrap likelihood -3540.543046, best rearrangement setting 5
Bootstrap[70]: Time 0.583864 seconds, bootstrap likelihood -3582.637452, best rearrangement setting 8
Bootstrap[71]: Time 1.043725 seconds, bootstrap likelihood -3558.263206, best rearrangement setting 10
Bootstrap[72]: Time 1.123872 seconds, bootstrap likelihood -3509.342462, best rearrangement setting 11
Bootstrap[73]: Time 1.093526 seconds, bootstrap likelihood -3567.372227, best rearrangement setting 9
Bootstrap[74]: Time 1.280016 seconds, bootstrap likelihood -3394.240534, best rearrangement setting 5
Bootstrap[75]: Time 1.040021 seconds, bootstrap likelihood -3471.786143, best rearrangement setting 8
Bootstrap[76]: Time 1.157242 seconds, bootstrap likelihood -3414.291228, best rearrangement setting 9
Bootstrap[77]: Time 1.149519 seconds, bootstrap likelihood -3453.662505, best rearrangement setting 11
Bootstrap[78]: Time 1.134561 seconds, bootstrap likelihood -3567.988986, best rearrangement setting 15
Bootstrap[79]: Time 1.226822 seconds, bootstrap likelihood -3581.076752, best rearrangement setting 9
Bootstrap[80]: Time 1.033157 seconds, bootstrap likelihood -3498.539525, best rearrangement setting 15
Bootstrap[81]: Time 1.160373 seconds, bootstrap likelihood -3552.832729, best rearrangement setting 7
Bootstrap[82]: Time 1.114104 seconds, bootstrap likelihood -3441.260862, best rearrangement setting 6
Bootstrap[83]: Time 1.458231 seconds, bootstrap likelihood -3501.914389, best rearrangement setting 10
Bootstrap[84]: Time 1.101882 seconds, bootstrap likelihood -3519.233830, best rearrangement setting 11
Bootstrap[85]: Time 1.114301 seconds, bootstrap likelihood -3332.478018, best rearrangement setting 8
Bootstrap[86]: Time 1.036337 seconds, bootstrap likelihood -3343.214456, best rearrangement setting 7
Bootstrap[87]: Time 1.122621 seconds, bootstrap likelihood -3338.646604, best rearrangement setting 7
Bootstrap[88]: Time 1.139268 seconds, bootstrap likelihood -3569.714204, best rearrangement setting 12
Bootstrap[89]: Time 1.520341 seconds, bootstrap likelihood -3564.126531, best rearrangement setting 10
Bootstrap[90]: Time 1.070432 seconds, bootstrap likelihood -3455.110868, best rearrangement setting 8
Bootstrap[91]: Time 0.989984 seconds, bootstrap likelihood -3349.623123, best rearrangement setting 12
Bootstrap[92]: Time 1.152169 seconds, bootstrap likelihood -3410.701073, best rearrangement setting 13
Bootstrap[93]: Time 1.279032 seconds, bootstrap likelihood -3495.173574, best rearrangement setting 15
Bootstrap[94]: Time 1.155013 seconds, bootstrap likelihood -3318.465426, best rearrangement setting 5
Bootstrap[95]: Time 1.361395 seconds, bootstrap likelihood -3465.820905, best rearrangement setting 5
Bootstrap[96]: Time 1.024941 seconds, bootstrap likelihood -3449.511958, best rearrangement setting 13
Bootstrap[97]: Time 1.403550 seconds, bootstrap likelihood -3516.188612, best rearrangement setting 11
Bootstrap[98]: Time 1.271876 seconds, bootstrap likelihood -3641.911989, best rearrangement setting 6
Bootstrap[99]: Time 1.285474 seconds, bootstrap likelihood -3363.633003, best rearrangement setting 14


Overall Time for 100 Rapid Bootstraps 127.034386 seconds
Average Time per Rapid Bootstrap 1.270344 seconds

Starting ML Search ...

Fast ML optimization finished

Fast ML search Time: 71.396416 seconds

Slow ML Search 0 Likelihood: -3826.573460
Slow ML Search 1 Likelihood: -3827.421329
Slow ML Search 2 Likelihood: -3827.421330
Slow ML Search 3 Likelihood: -3827.420721
Slow ML Search 4 Likelihood: -3826.573463
Slow ML Search 5 Likelihood: -3826.573463
Slow ML Search 6 Likelihood: -3827.421153
Slow ML Search 7 Likelihood: -3827.421331
Slow ML Search 8 Likelihood: -3827.421383
Slow ML Search 9 Likelihood: -3827.421617
Slow ML optimization finished

Slow ML search Time: 33.734049 seconds
Thorough ML search Time: 8.547094 seconds

Final ML Optimization Likelihood: -3826.572410

Model Information:

Model Parameters of Partition 0, Name: No Name Provided, Type of Data: AA
alpha: 0.176283
Tree-Length: 0.222875
rate A <-> R: 0.603538
rate A <-> N: 0.561915
rate A <-> D: 0.842872
rate A <-> C: 0.582726
rate A <-> Q: 0.593132
rate A <-> E: 1.092612
rate A <-> G: 1.862643
rate A <-> H: 0.280957
rate A <-> I: 0.374610
rate A <-> L: 0.312175
rate A <-> K: 0.364204
rate A <-> M: 0.561915
rate A <-> F: 0.156087
rate A <-> P: 2.018730
rate A <-> S: 3.933403
rate A <-> T: 4.942768
rate A <-> W: 0.093652
rate A <-> Y: 0.114464
rate A <-> V: 3.100937
rate R <-> N: 0.468262
rate R <-> D: 0.166493
rate R <-> C: 1.175858
rate R <-> Q: 3.225806
rate R <-> E: 0.301769
rate R <-> G: 1.425598
rate R <-> H: 3.413111
rate R <-> I: 0.228928
rate R <-> L: 0.395421
rate R <-> K: 6.722164
rate R <-> M: 0.457856
rate R <-> F: 0.052029
rate R <-> P: 0.770031
rate R <-> S: 1.050989
rate R <-> T: 0.665973
rate R <-> W: 1.311134
rate R <-> Y: 0.208117
rate R <-> V: 0.176899
rate N <-> D: 5.494277
rate N <-> C: 0.353798
rate N <-> Q: 0.894901
rate N <-> E: 0.603538
rate N <-> G: 0.842872
rate N <-> H: 4.068678
rate N <-> I: 0.489074
rate N <-> L: 0.124870
rate N <-> K: 2.736733
rate N <-> M: 0.312175
rate N <-> F: 0.104058
rate N <-> P: 0.156087
rate N <-> S: 5.234131
rate N <-> T: 2.414152
rate N <-> W: 0.083247
rate N <-> Y: 0.728408
rate N <-> V: 0.166493
rate D <-> C: 0.104058
rate D <-> Q: 0.509886
rate D <-> E: 7.981270
rate D <-> G: 1.352758
rate D <-> H: 1.165453
rate D <-> I: 0.114464
rate D <-> L: 0.072841
rate D <-> K: 0.270552
rate D <-> M: 0.156087
rate D <-> F: 0.041623
rate D <-> P: 0.156087
rate D <-> S: 0.613944
rate D <-> T: 0.395421
rate D <-> W: 0.041623
rate D <-> Y: 0.478668
rate D <-> V: 0.322581
rate C <-> Q: 0.093652
rate C <-> E: 0.052029
rate C <-> G: 0.613944
rate C <-> H: 0.718002
rate C <-> I: 0.176899
rate C <-> L: 0.239334
rate C <-> K: 0.072841
rate C <-> M: 0.322581
rate C <-> F: 0.811655
rate C <-> P: 0.145682
rate C <-> S: 2.320499
rate C <-> T: 0.437045
rate C <-> W: 1.196670
rate C <-> Y: 2.174818
rate C <-> V: 0.645161
rate Q <-> E: 3.361082
rate Q <-> G: 0.270552
rate Q <-> H: 6.212279
rate Q <-> I: 0.093652
rate Q <-> L: 0.749220
rate Q <-> K: 3.038502
rate Q <-> M: 0.447451
rate Q <-> F: 0.041623
rate Q <-> P: 1.706556
rate Q <-> S: 0.551509
rate Q <-> T: 0.530697
rate Q <-> W: 0.187305
rate Q <-> Y: 0.249740
rate Q <-> V: 0.208117
rate E <-> G: 1.238293
rate E <-> H: 0.270552
rate E <-> I: 0.124870
rate E <-> L: 0.093652
rate E <-> K: 1.883455
rate E <-> M: 0.187305
rate E <-> F: 0.052029
rate E <-> P: 0.187305
rate E <-> S: 0.312175
rate E <-> T: 0.332986
rate E <-> W: 0.104058
rate E <-> Y: 0.072841
rate E <-> V: 0.468262
rate G <-> H: 0.239334
rate G <-> I: 0.062435
rate G <-> L: 0.062435
rate G <-> K: 0.280957
rate G <-> M: 0.145682
rate G <-> F: 0.052029
rate G <-> P: 0.249740
rate G <-> S: 2.091571
rate G <-> T: 0.343392
rate G <-> W: 0.572320
rate G <-> Y: 0.083247
rate G <-> V: 0.489074
rate H <-> I: 0.166493
rate H <-> L: 0.582726
rate H <-> K: 0.468262
rate H <-> M: 0.343392
rate H <-> F: 0.416233
rate H <-> P: 1.196670
rate H <-> S: 0.759625
rate H <-> T: 0.478668
rate H <-> W: 0.083247
rate H <-> Y: 5.962539
rate H <-> V: 0.114464
rate I <-> L: 2.382934
rate I <-> K: 0.218522
rate I <-> M: 4.984391
rate I <-> F: 0.926119
rate I <-> P: 0.104058
rate I <-> S: 0.416233
rate I <-> T: 2.549428
rate I <-> W: 0.093652
rate I <-> Y: 0.332986
rate I <-> V: 10.000000
rate L <-> K: 0.145682
rate L <-> M: 4.037461
rate L <-> F: 2.580645
rate L <-> P: 1.061394
rate L <-> S: 0.613944
rate L <-> T: 0.260146
rate L <-> W: 0.541103
rate L <-> Y: 0.249740
rate L <-> V: 1.873049
rate K <-> M: 0.676379
rate K <-> F: 0.041623
rate K <-> P: 0.218522
rate K <-> S: 0.489074
rate K <-> T: 1.071800
rate K <-> W: 0.104058
rate K <-> Y: 0.083247
rate K <-> V: 0.145682
rate M <-> F: 0.447451
rate M <-> P: 0.166493
rate M <-> S: 0.301769
rate M <-> T: 2.351717
rate M <-> W: 0.249740
rate M <-> Y: 0.187305
rate M <-> V: 3.361082
rate F <-> P: 0.176899
rate F <-> S: 0.957336
rate F <-> T: 0.124870
rate F <-> W: 0.551509
rate F <-> Y: 5.577523
rate F <-> V: 0.645161
rate P <-> S: 2.965661
rate P <-> T: 1.227888
rate P <-> W: 0.062435
rate P <-> Y: 0.104058
rate P <-> V: 0.239334
rate S <-> T: 4.963580
rate S <-> W: 0.364204
rate S <-> Y: 0.655567
rate S <-> V: 0.395421
rate T <-> W: 0.124870
rate T <-> Y: 0.218522
rate T <-> V: 1.165453
rate W <-> Y: 0.738814
rate W <-> V: 0.260146
rate Y <-> V: 0.166493

freq pi(A): 0.076748
freq pi(R): 0.051691
freq pi(N): 0.042645
freq pi(D): 0.051544
freq pi(C): 0.019803
freq pi(Q): 0.040752
freq pi(E): 0.061830
freq pi(G): 0.073152
freq pi(H): 0.022944
freq pi(I): 0.053761
freq pi(L): 0.091904
freq pi(K): 0.058676
freq pi(M): 0.023826
freq pi(F): 0.040126
freq pi(P): 0.050901
freq pi(S): 0.068765
freq pi(T): 0.058565
freq pi(W): 0.014261
freq pi(Y): 0.032102
freq pi(V): 0.066004


ML search took 113.705896 secs or 0.031585 hours

Combined Bootstrap and ML search took 240.740461 secs or 0.066872 hours

Drawing Bootstrap Support Values on best-scoring ML tree ...



Found 1 tree in File /Users/prigozhin/Dropbox/NLRomes/Atha_SnkMk_NLRome/RAxML_tree_pbNB-ARC/Clade_Refinement_1/RAxML_bestTree.Int14387_212_251_L_60.Raxml.out



Found 1 tree in File /Users/prigozhin/Dropbox/NLRomes/Atha_SnkMk_NLRome/RAxML_tree_pbNB-ARC/Clade_Refinement_1/RAxML_bestTree.Int14387_212_251_L_60.Raxml.out

Program execution info written to /Users/prigozhin/Dropbox/NLRomes/Atha_SnkMk_NLRome/RAxML_tree_pbNB-ARC/Clade_Refinement_1/RAxML_info.Int14387_212_251_L_60.Raxml.out
All 100 bootstrapped trees written to: /Users/prigozhin/Dropbox/NLRomes/Atha_SnkMk_NLRome/RAxML_tree_pbNB-ARC/Clade_Refinement_1/RAxML_bootstrap.Int14387_212_251_L_60.Raxml.out

Best-scoring ML tree written to: /Users/prigozhin/Dropbox/NLRomes/Atha_SnkMk_NLRome/RAxML_tree_pbNB-ARC/Clade_Refinement_1/RAxML_bestTree.Int14387_212_251_L_60.Raxml.out

Best-scoring ML tree with support values written to: /Users/prigozhin/Dropbox/NLRomes/Atha_SnkMk_NLRome/RAxML_tree_pbNB-ARC/Clade_Refinement_1/RAxML_bipartitions.Int14387_212_251_L_60.Raxml.out

Best-scoring ML tree with support values as branch labels written to: /Users/prigozhin/Dropbox/NLRomes/Atha_SnkMk_NLRome/RAxML_tree_pbNB-ARC/Clade_Refinement_1/RAxML_bipartitionsBranchLabels.Int14387_212_251_L_60.Raxml.out

Overall execution time for full ML analysis: 240.753356 secs or 0.066876 hours or 0.002786 days

