((7328_T412-R1,6981_T238-R1),(9543_T256_1-R1,((9871_T179_1-R1,(9542_T194_1-R1,(9944_T174_2-R1,9600_T163_2-R1))),(9837_T292_1-R1,(9550_T318_2-R1,9536_T100_2-R1)))),9554_T192_2-R1);
((7328_T412-R1,6981_T238-R1),(9543_T256_1-R1,((9871_T179_1-R1,(9542_T194_1-R1,(9944_T174_2-R1,9600_T163_2-R1))),(9837_T292_1-R1,(9550_T318_2-R1,9536_T100_2-R1)))),9554_T192_2-R1);
((7328_T412-R1,6981_T238-R1),(9543_T256_1-R1,((9871_T179_1-R1,(9542_T194_1-R1,(9944_T174_2-R1,9600_T163_2-R1))),(9837_T292_1-R1,(9550_T318_2-R1,9536_T100_2-R1)))),9554_T192_2-R1);
((7328_T412-R1,6981_T238-R1),(9543_T256_1-R1,((9871_T179_1-R1,(9542_T194_1-R1,(9944_T174_2-R1,9600_T163_2-R1))),(9837_T292_1-R1,(9550_T318_2-R1,9536_T100_2-R1)))),9554_T192_2-R1);
((7328_T412-R1,6981_T238-R1),(9543_T256_1-R1,((9871_T179_1-R1,(9542_T194_1-R1,(9944_T174_2-R1,9600_T163_2-R1))),(9837_T292_1-R1,(9550_T318_2-R1,9536_T100_2-R1)))),9554_T192_2-R1);
((7328_T412-R1,6981_T238-R1),(9543_T256_1-R1,((9871_T179_1-R1,(9542_T194_1-R1,(9944_T174_2-R1,9600_T163_2-R1))),(9837_T292_1-R1,(9550_T318_2-R1,9536_T100_2-R1)))),9554_T192_2-R1);
((7328_T412-R1,6981_T238-R1),(9543_T256_1-R1,((9871_T179_1-R1,(9542_T194_1-R1,(9944_T174_2-R1,9600_T163_2-R1))),(9837_T292_1-R1,(9550_T318_2-R1,9536_T100_2-R1)))),9554_T192_2-R1);
((7328_T412-R1,6981_T238-R1),(9543_T256_1-R1,((9871_T179_1-R1,(9542_T194_1-R1,(9944_T174_2-R1,9600_T163_2-R1))),(9837_T292_1-R1,(9550_T318_2-R1,9536_T100_2-R1)))),9554_T192_2-R1);
((7328_T412-R1,6981_T238-R1),(9543_T256_1-R1,((9871_T179_1-R1,(9542_T194_1-R1,(9944_T174_2-R1,9600_T163_2-R1))),(9837_T292_1-R1,(9550_T318_2-R1,9536_T100_2-R1)))),9554_T192_2-R1);
((7328_T412-R1,6981_T238-R1),(9543_T256_1-R1,((9871_T179_1-R1,(9542_T194_1-R1,(9944_T174_2-R1,9600_T163_2-R1))),(9837_T292_1-R1,(9550_T318_2-R1,9536_T100_2-R1)))),9554_T192_2-R1);
((6981_T238-R1,7328_T412-R1),(9543_T256_1-R1,((9837_T292_1-R1,(9550_T318_2-R1,9536_T100_2-R1)),(9871_T179_1-R1,(9542_T194_1-R1,(9600_T163_2-R1,9944_T174_2-R1))))),9554_T192_2-R1);
((6981_T238-R1,7328_T412-R1),(9543_T256_1-R1,((9837_T292_1-R1,(9550_T318_2-R1,9536_T100_2-R1)),(9871_T179_1-R1,(9542_T194_1-R1,(9600_T163_2-R1,9944_T174_2-R1))))),9554_T192_2-R1);
((6981_T238-R1,7328_T412-R1),(9543_T256_1-R1,((9837_T292_1-R1,(9550_T318_2-R1,9536_T100_2-R1)),(9871_T179_1-R1,(9542_T194_1-R1,(9600_T163_2-R1,9944_T174_2-R1))))),9554_T192_2-R1);
((6981_T238-R1,7328_T412-R1),(9543_T256_1-R1,((9837_T292_1-R1,(9550_T318_2-R1,9536_T100_2-R1)),(9871_T179_1-R1,(9542_T194_1-R1,(9600_T163_2-R1,9944_T174_2-R1))))),9554_T192_2-R1);
((6981_T238-R1,7328_T412-R1),(9543_T256_1-R1,((9837_T292_1-R1,(9550_T318_2-R1,9536_T100_2-R1)),(9871_T179_1-R1,(9542_T194_1-R1,(9600_T163_2-R1,9944_T174_2-R1))))),9554_T192_2-R1);
((6981_T238-R1,7328_T412-R1),(9543_T256_1-R1,((9837_T292_1-R1,(9550_T318_2-R1,9536_T100_2-R1)),(9871_T179_1-R1,(9542_T194_1-R1,(9600_T163_2-R1,9944_T174_2-R1))))),9554_T192_2-R1);
((6981_T238-R1,7328_T412-R1),(9543_T256_1-R1,((9837_T292_1-R1,(9550_T318_2-R1,9536_T100_2-R1)),(9871_T179_1-R1,(9542_T194_1-R1,(9600_T163_2-R1,9944_T174_2-R1))))),9554_T192_2-R1);
((6981_T238-R1,7328_T412-R1),(9543_T256_1-R1,((9837_T292_1-R1,(9550_T318_2-R1,9536_T100_2-R1)),(9871_T179_1-R1,(9542_T194_1-R1,(9600_T163_2-R1,9944_T174_2-R1))))),9554_T192_2-R1);
((6981_T238-R1,7328_T412-R1),(9543_T256_1-R1,((9837_T292_1-R1,(9550_T318_2-R1,9536_T100_2-R1)),(9871_T179_1-R1,(9542_T194_1-R1,(9600_T163_2-R1,9944_T174_2-R1))))),9554_T192_2-R1);
((6981_T238-R1,7328_T412-R1),(9543_T256_1-R1,((9837_T292_1-R1,(9550_T318_2-R1,9536_T100_2-R1)),(9871_T179_1-R1,(9542_T194_1-R1,(9600_T163_2-R1,9944_T174_2-R1))))),9554_T192_2-R1);
((6981_T238-R1,7328_T412-R1),(9543_T256_1-R1,((9550_T318_2-R1,(9837_T292_1-R1,9536_T100_2-R1)),(9871_T179_1-R1,((9600_T163_2-R1,9944_T174_2-R1),9542_T194_1-R1)))),9554_T192_2-R1);
((6981_T238-R1,7328_T412-R1),(9543_T256_1-R1,((9550_T318_2-R1,(9837_T292_1-R1,9536_T100_2-R1)),(9871_T179_1-R1,((9600_T163_2-R1,9944_T174_2-R1),9542_T194_1-R1)))),9554_T192_2-R1);
((6981_T238-R1,7328_T412-R1),(9543_T256_1-R1,((9550_T318_2-R1,(9837_T292_1-R1,9536_T100_2-R1)),(9871_T179_1-R1,((9600_T163_2-R1,9944_T174_2-R1),9542_T194_1-R1)))),9554_T192_2-R1);
((6981_T238-R1,7328_T412-R1),(9543_T256_1-R1,((9550_T318_2-R1,(9837_T292_1-R1,9536_T100_2-R1)),(9871_T179_1-R1,((9600_T163_2-R1,9944_T174_2-R1),9542_T194_1-R1)))),9554_T192_2-R1);
((6981_T238-R1,7328_T412-R1),(9543_T256_1-R1,((9550_T318_2-R1,(9837_T292_1-R1,9536_T100_2-R1)),(9871_T179_1-R1,((9600_T163_2-R1,9944_T174_2-R1),9542_T194_1-R1)))),9554_T192_2-R1);
((6981_T238-R1,7328_T412-R1),(9543_T256_1-R1,((9550_T318_2-R1,(9837_T292_1-R1,9536_T100_2-R1)),(9871_T179_1-R1,((9600_T163_2-R1,9944_T174_2-R1),9542_T194_1-R1)))),9554_T192_2-R1);
((6981_T238-R1,7328_T412-R1),(9543_T256_1-R1,((9550_T318_2-R1,(9837_T292_1-R1,9536_T100_2-R1)),(9871_T179_1-R1,((9600_T163_2-R1,9944_T174_2-R1),9542_T194_1-R1)))),9554_T192_2-R1);
((6981_T238-R1,7328_T412-R1),(9543_T256_1-R1,((9550_T318_2-R1,(9837_T292_1-R1,9536_T100_2-R1)),(9871_T179_1-R1,((9600_T163_2-R1,9944_T174_2-R1),9542_T194_1-R1)))),9554_T192_2-R1);
(9543_T256_1-R1,(((9837_T292_1-R1,(9536_T100_2-R1,9550_T318_2-R1)),((9871_T179_1-R1,(9600_T163_2-R1,9944_T174_2-R1)),9542_T194_1-R1)),(6981_T238-R1,7328_T412-R1)),9554_T192_2-R1);
((6981_T238-R1,7328_T412-R1),(9543_T256_1-R1,(((9536_T100_2-R1,9550_T318_2-R1),9837_T292_1-R1),((9600_T163_2-R1,9944_T174_2-R1),(9542_T194_1-R1,9871_T179_1-R1)))),9554_T192_2-R1);
((7328_T412-R1,6981_T238-R1),(9543_T256_1-R1,(((9871_T179_1-R1,9542_T194_1-R1),(9600_T163_2-R1,9944_T174_2-R1)),(9837_T292_1-R1,(9536_T100_2-R1,9550_T318_2-R1)))),9554_T192_2-R1);
((7328_T412-R1,6981_T238-R1),(9543_T256_1-R1,(((9871_T179_1-R1,9542_T194_1-R1),(9600_T163_2-R1,9944_T174_2-R1)),(9837_T292_1-R1,(9536_T100_2-R1,9550_T318_2-R1)))),9554_T192_2-R1);
((7328_T412-R1,6981_T238-R1),(9543_T256_1-R1,(((9871_T179_1-R1,9542_T194_1-R1),(9600_T163_2-R1,9944_T174_2-R1)),(9837_T292_1-R1,(9536_T100_2-R1,9550_T318_2-R1)))),9554_T192_2-R1);
((7328_T412-R1,6981_T238-R1),(9543_T256_1-R1,(((9871_T179_1-R1,9542_T194_1-R1),(9600_T163_2-R1,9944_T174_2-R1)),(9837_T292_1-R1,(9536_T100_2-R1,9550_T318_2-R1)))),9554_T192_2-R1);
((7328_T412-R1,6981_T238-R1),(9543_T256_1-R1,(((9871_T179_1-R1,9542_T194_1-R1),(9600_T163_2-R1,9944_T174_2-R1)),(9837_T292_1-R1,(9536_T100_2-R1,9550_T318_2-R1)))),9554_T192_2-R1);
((7328_T412-R1,6981_T238-R1),(9543_T256_1-R1,(((9871_T179_1-R1,9542_T194_1-R1),(9600_T163_2-R1,9944_T174_2-R1)),(9837_T292_1-R1,(9536_T100_2-R1,9550_T318_2-R1)))),9554_T192_2-R1);
((7328_T412-R1,6981_T238-R1),(9543_T256_1-R1,(((9871_T179_1-R1,9542_T194_1-R1),(9600_T163_2-R1,9944_T174_2-R1)),(9837_T292_1-R1,(9536_T100_2-R1,9550_T318_2-R1)))),9554_T192_2-R1);
((7328_T412-R1,6981_T238-R1),(9543_T256_1-R1,(((9871_T179_1-R1,9542_T194_1-R1),(9600_T163_2-R1,9944_T174_2-R1)),(9837_T292_1-R1,(9536_T100_2-R1,9550_T318_2-R1)))),9554_T192_2-R1);
((7328_T412-R1,6981_T238-R1),(9543_T256_1-R1,(((9871_T179_1-R1,9542_T194_1-R1),(9600_T163_2-R1,9944_T174_2-R1)),(9837_T292_1-R1,(9536_T100_2-R1,9550_T318_2-R1)))),9554_T192_2-R1);
((7328_T412-R1,6981_T238-R1),(9543_T256_1-R1,(((9871_T179_1-R1,9542_T194_1-R1),(9600_T163_2-R1,9944_T174_2-R1)),(9837_T292_1-R1,(9536_T100_2-R1,9550_T318_2-R1)))),9554_T192_2-R1);
((((9536_T100_2-R1,(9550_T318_2-R1,9837_T292_1-R1)),((9871_T179_1-R1,9542_T194_1-R1),(9600_T163_2-R1,9944_T174_2-R1))),9543_T256_1-R1),(6981_T238-R1,7328_T412-R1),9554_T192_2-R1);
((((9536_T100_2-R1,(9550_T318_2-R1,9837_T292_1-R1)),((9871_T179_1-R1,9542_T194_1-R1),(9600_T163_2-R1,9944_T174_2-R1))),9543_T256_1-R1),(6981_T238-R1,7328_T412-R1),9554_T192_2-R1);
((((9536_T100_2-R1,(9550_T318_2-R1,9837_T292_1-R1)),((9871_T179_1-R1,9542_T194_1-R1),(9600_T163_2-R1,9944_T174_2-R1))),9543_T256_1-R1),(6981_T238-R1,7328_T412-R1),9554_T192_2-R1);
((((9536_T100_2-R1,(9550_T318_2-R1,9837_T292_1-R1)),((9871_T179_1-R1,9542_T194_1-R1),(9600_T163_2-R1,9944_T174_2-R1))),9543_T256_1-R1),(6981_T238-R1,7328_T412-R1),9554_T192_2-R1);
((((9536_T100_2-R1,(9550_T318_2-R1,9837_T292_1-R1)),((9871_T179_1-R1,9542_T194_1-R1),(9600_T163_2-R1,9944_T174_2-R1))),9543_T256_1-R1),(6981_T238-R1,7328_T412-R1),9554_T192_2-R1);
((((9536_T100_2-R1,(9550_T318_2-R1,9837_T292_1-R1)),((9871_T179_1-R1,9542_T194_1-R1),(9600_T163_2-R1,9944_T174_2-R1))),9543_T256_1-R1),(6981_T238-R1,7328_T412-R1),9554_T192_2-R1);
((((9536_T100_2-R1,(9550_T318_2-R1,9837_T292_1-R1)),((9871_T179_1-R1,9542_T194_1-R1),(9600_T163_2-R1,9944_T174_2-R1))),9543_T256_1-R1),(6981_T238-R1,7328_T412-R1),9554_T192_2-R1);
((((9536_T100_2-R1,(9550_T318_2-R1,9837_T292_1-R1)),((9871_T179_1-R1,9542_T194_1-R1),(9600_T163_2-R1,9944_T174_2-R1))),9543_T256_1-R1),(6981_T238-R1,7328_T412-R1),9554_T192_2-R1);
((((9536_T100_2-R1,(9550_T318_2-R1,9837_T292_1-R1)),((9871_T179_1-R1,9542_T194_1-R1),(9600_T163_2-R1,9944_T174_2-R1))),9543_T256_1-R1),(6981_T238-R1,7328_T412-R1),9554_T192_2-R1);
((((9536_T100_2-R1,(9550_T318_2-R1,9837_T292_1-R1)),((9871_T179_1-R1,9542_T194_1-R1),(9600_T163_2-R1,9944_T174_2-R1))),9543_T256_1-R1),(6981_T238-R1,7328_T412-R1),9554_T192_2-R1);
((((9536_T100_2-R1,(9550_T318_2-R1,9837_T292_1-R1)),(9871_T179_1-R1,(9542_T194_1-R1,(9600_T163_2-R1,9944_T174_2-R1)))),9543_T256_1-R1),(6981_T238-R1,7328_T412-R1),9554_T192_2-R1);
((((9536_T100_2-R1,(9550_T318_2-R1,9837_T292_1-R1)),(9871_T179_1-R1,(9542_T194_1-R1,(9600_T163_2-R1,9944_T174_2-R1)))),9543_T256_1-R1),(6981_T238-R1,7328_T412-R1),9554_T192_2-R1);
((((9536_T100_2-R1,(9550_T318_2-R1,9837_T292_1-R1)),(9871_T179_1-R1,(9542_T194_1-R1,(9600_T163_2-R1,9944_T174_2-R1)))),9543_T256_1-R1),(6981_T238-R1,7328_T412-R1),9554_T192_2-R1);
((((9536_T100_2-R1,(9550_T318_2-R1,9837_T292_1-R1)),(9871_T179_1-R1,(9542_T194_1-R1,(9600_T163_2-R1,9944_T174_2-R1)))),9543_T256_1-R1),(6981_T238-R1,7328_T412-R1),9554_T192_2-R1);
((((9536_T100_2-R1,(9550_T318_2-R1,9837_T292_1-R1)),(9871_T179_1-R1,(9542_T194_1-R1,(9600_T163_2-R1,9944_T174_2-R1)))),9543_T256_1-R1),(6981_T238-R1,7328_T412-R1),9554_T192_2-R1);
((((9536_T100_2-R1,(9550_T318_2-R1,9837_T292_1-R1)),(9871_T179_1-R1,(9542_T194_1-R1,(9600_T163_2-R1,9944_T174_2-R1)))),9543_T256_1-R1),(6981_T238-R1,7328_T412-R1),9554_T192_2-R1);
((((9536_T100_2-R1,(9550_T318_2-R1,9837_T292_1-R1)),(9871_T179_1-R1,(9542_T194_1-R1,(9600_T163_2-R1,9944_T174_2-R1)))),9543_T256_1-R1),(6981_T238-R1,7328_T412-R1),9554_T192_2-R1);
((((9536_T100_2-R1,(9550_T318_2-R1,9837_T292_1-R1)),(9871_T179_1-R1,(9542_T194_1-R1,(9600_T163_2-R1,9944_T174_2-R1)))),9543_T256_1-R1),(6981_T238-R1,7328_T412-R1),9554_T192_2-R1);
((((9536_T100_2-R1,(9550_T318_2-R1,9837_T292_1-R1)),(9871_T179_1-R1,(9542_T194_1-R1,(9600_T163_2-R1,9944_T174_2-R1)))),9543_T256_1-R1),(6981_T238-R1,7328_T412-R1),9554_T192_2-R1);
((((9536_T100_2-R1,(9550_T318_2-R1,9837_T292_1-R1)),(9871_T179_1-R1,(9542_T194_1-R1,(9600_T163_2-R1,9944_T174_2-R1)))),9543_T256_1-R1),(6981_T238-R1,7328_T412-R1),9554_T192_2-R1);
((6981_T238-R1,7328_T412-R1),(9543_T256_1-R1,((9837_T292_1-R1,(9536_T100_2-R1,9550_T318_2-R1)),(9542_T194_1-R1,(9871_T179_1-R1,(9944_T174_2-R1,9600_T163_2-R1))))),9554_T192_2-R1);
((6981_T238-R1,7328_T412-R1),(9543_T256_1-R1,((9837_T292_1-R1,(9536_T100_2-R1,9550_T318_2-R1)),(9542_T194_1-R1,(9871_T179_1-R1,(9944_T174_2-R1,9600_T163_2-R1))))),9554_T192_2-R1);
((6981_T238-R1,7328_T412-R1),(9543_T256_1-R1,((9837_T292_1-R1,(9536_T100_2-R1,9550_T318_2-R1)),(9542_T194_1-R1,(9871_T179_1-R1,(9944_T174_2-R1,9600_T163_2-R1))))),9554_T192_2-R1);
((6981_T238-R1,7328_T412-R1),(9543_T256_1-R1,((9837_T292_1-R1,(9536_T100_2-R1,9550_T318_2-R1)),(9542_T194_1-R1,(9871_T179_1-R1,(9944_T174_2-R1,9600_T163_2-R1))))),9554_T192_2-R1);
(((9837_T292_1-R1,(9536_T100_2-R1,9550_T318_2-R1)),((9871_T179_1-R1,(9944_T174_2-R1,9600_T163_2-R1)),9542_T194_1-R1)),((6981_T238-R1,7328_T412-R1),9543_T256_1-R1),9554_T192_2-R1);
((6981_T238-R1,7328_T412-R1),(9543_T256_1-R1,(((9536_T100_2-R1,9550_T318_2-R1),9837_T292_1-R1),((9871_T179_1-R1,(9944_T174_2-R1,9600_T163_2-R1)),9542_T194_1-R1))),9554_T192_2-R1);
((((9536_T100_2-R1,9550_T318_2-R1),9837_T292_1-R1),((9871_T179_1-R1,(9944_T174_2-R1,9600_T163_2-R1)),9542_T194_1-R1)),((6981_T238-R1,7328_T412-R1),9543_T256_1-R1),9554_T192_2-R1);
((9543_T256_1-R1,(((9536_T100_2-R1,9550_T318_2-R1),9837_T292_1-R1),((9944_T174_2-R1,9600_T163_2-R1),(9542_T194_1-R1,9871_T179_1-R1)))),(6981_T238-R1,7328_T412-R1),9554_T192_2-R1);
((9543_T256_1-R1,(((9536_T100_2-R1,9550_T318_2-R1),9837_T292_1-R1),((9944_T174_2-R1,9600_T163_2-R1),(9542_T194_1-R1,9871_T179_1-R1)))),(6981_T238-R1,7328_T412-R1),9554_T192_2-R1);
((9543_T256_1-R1,(((9536_T100_2-R1,9550_T318_2-R1),9837_T292_1-R1),((9944_T174_2-R1,9600_T163_2-R1),(9542_T194_1-R1,9871_T179_1-R1)))),(6981_T238-R1,7328_T412-R1),9554_T192_2-R1);
((7328_T412-R1,6981_T238-R1),(9543_T256_1-R1,(((9944_T174_2-R1,9600_T163_2-R1),(9542_T194_1-R1,9871_T179_1-R1)),(9837_T292_1-R1,(9536_T100_2-R1,9550_T318_2-R1)))),9554_T192_2-R1);
((7328_T412-R1,6981_T238-R1),(9543_T256_1-R1,(((9944_T174_2-R1,9600_T163_2-R1),(9542_T194_1-R1,9871_T179_1-R1)),(9837_T292_1-R1,(9536_T100_2-R1,9550_T318_2-R1)))),9554_T192_2-R1);
((7328_T412-R1,6981_T238-R1),(9543_T256_1-R1,(((9944_T174_2-R1,9600_T163_2-R1),(9542_T194_1-R1,9871_T179_1-R1)),(9837_T292_1-R1,(9536_T100_2-R1,9550_T318_2-R1)))),9554_T192_2-R1);
((7328_T412-R1,6981_T238-R1),(9543_T256_1-R1,(((9944_T174_2-R1,9600_T163_2-R1),(9542_T194_1-R1,9871_T179_1-R1)),(9837_T292_1-R1,(9536_T100_2-R1,9550_T318_2-R1)))),9554_T192_2-R1);
((7328_T412-R1,6981_T238-R1),(9543_T256_1-R1,(((9944_T174_2-R1,9600_T163_2-R1),(9542_T194_1-R1,9871_T179_1-R1)),(9837_T292_1-R1,(9536_T100_2-R1,9550_T318_2-R1)))),9554_T192_2-R1);
((7328_T412-R1,6981_T238-R1),(9543_T256_1-R1,(((9944_T174_2-R1,9600_T163_2-R1),(9542_T194_1-R1,9871_T179_1-R1)),(9837_T292_1-R1,(9536_T100_2-R1,9550_T318_2-R1)))),9554_T192_2-R1);
((((9944_T174_2-R1,9600_T163_2-R1),(9542_T194_1-R1,9871_T179_1-R1)),(9837_T292_1-R1,(9536_T100_2-R1,9550_T318_2-R1))),((7328_T412-R1,6981_T238-R1),9543_T256_1-R1),9554_T192_2-R1);
((7328_T412-R1,6981_T238-R1),(9543_T256_1-R1,(((9542_T194_1-R1,9871_T179_1-R1),(9944_T174_2-R1,9600_T163_2-R1)),((9536_T100_2-R1,9550_T318_2-R1),9837_T292_1-R1))),9554_T192_2-R1);
((7328_T412-R1,6981_T238-R1),(9543_T256_1-R1,(((9542_T194_1-R1,9871_T179_1-R1),(9944_T174_2-R1,9600_T163_2-R1)),((9536_T100_2-R1,9550_T318_2-R1),9837_T292_1-R1))),9554_T192_2-R1);
((7328_T412-R1,6981_T238-R1),(9543_T256_1-R1,(((9542_T194_1-R1,9871_T179_1-R1),(9944_T174_2-R1,9600_T163_2-R1)),((9536_T100_2-R1,9550_T318_2-R1),9837_T292_1-R1))),9554_T192_2-R1);
((9543_T256_1-R1,((9550_T318_2-R1,(9837_T292_1-R1,9536_T100_2-R1)),(((9944_T174_2-R1,9600_T163_2-R1),9871_T179_1-R1),9542_T194_1-R1))),(7328_T412-R1,6981_T238-R1),9554_T192_2-R1);
((9543_T256_1-R1,((9550_T318_2-R1,(9837_T292_1-R1,9536_T100_2-R1)),(((9944_T174_2-R1,9600_T163_2-R1),9871_T179_1-R1),9542_T194_1-R1))),(7328_T412-R1,6981_T238-R1),9554_T192_2-R1);
((9543_T256_1-R1,((9550_T318_2-R1,(9837_T292_1-R1,9536_T100_2-R1)),(((9944_T174_2-R1,9600_T163_2-R1),9871_T179_1-R1),9542_T194_1-R1))),(7328_T412-R1,6981_T238-R1),9554_T192_2-R1);
(((9837_T292_1-R1,(9536_T100_2-R1,9550_T318_2-R1)),((9871_T179_1-R1,(9944_T174_2-R1,9600_T163_2-R1)),9542_T194_1-R1)),((7328_T412-R1,6981_T238-R1),9543_T256_1-R1),9554_T192_2-R1);
((9543_T256_1-R1,(((9536_T100_2-R1,9550_T318_2-R1),9837_T292_1-R1),((9944_T174_2-R1,9600_T163_2-R1),(9542_T194_1-R1,9871_T179_1-R1)))),(7328_T412-R1,6981_T238-R1),9554_T192_2-R1);
((9543_T256_1-R1,(((9536_T100_2-R1,9550_T318_2-R1),9837_T292_1-R1),((9944_T174_2-R1,9600_T163_2-R1),(9542_T194_1-R1,9871_T179_1-R1)))),(7328_T412-R1,6981_T238-R1),9554_T192_2-R1);
((9543_T256_1-R1,(((9536_T100_2-R1,9550_T318_2-R1),9837_T292_1-R1),((9944_T174_2-R1,9600_T163_2-R1),(9542_T194_1-R1,9871_T179_1-R1)))),(7328_T412-R1,6981_T238-R1),9554_T192_2-R1);
((9543_T256_1-R1,(((9536_T100_2-R1,9550_T318_2-R1),9837_T292_1-R1),((9944_T174_2-R1,9600_T163_2-R1),(9542_T194_1-R1,9871_T179_1-R1)))),(7328_T412-R1,6981_T238-R1),9554_T192_2-R1);
((9543_T256_1-R1,(((9536_T100_2-R1,9550_T318_2-R1),9837_T292_1-R1),((9944_T174_2-R1,9600_T163_2-R1),(9542_T194_1-R1,9871_T179_1-R1)))),(7328_T412-R1,6981_T238-R1),9554_T192_2-R1);
((9543_T256_1-R1,(((9536_T100_2-R1,9550_T318_2-R1),9837_T292_1-R1),((9944_T174_2-R1,9600_T163_2-R1),(9542_T194_1-R1,9871_T179_1-R1)))),(7328_T412-R1,6981_T238-R1),9554_T192_2-R1);
((6981_T238-R1,7328_T412-R1),(((9542_T194_1-R1,((9600_T163_2-R1,9944_T174_2-R1),9871_T179_1-R1)),(9550_T318_2-R1,(9837_T292_1-R1,9536_T100_2-R1))),9543_T256_1-R1),9554_T192_2-R1);
((6981_T238-R1,7328_T412-R1),(((9542_T194_1-R1,((9600_T163_2-R1,9944_T174_2-R1),9871_T179_1-R1)),(9550_T318_2-R1,(9837_T292_1-R1,9536_T100_2-R1))),9543_T256_1-R1),9554_T192_2-R1);
(9543_T256_1-R1,((6981_T238-R1,7328_T412-R1),(((9600_T163_2-R1,9944_T174_2-R1),(9871_T179_1-R1,9542_T194_1-R1)),(9837_T292_1-R1,(9536_T100_2-R1,9550_T318_2-R1)))),9554_T192_2-R1);
((6981_T238-R1,7328_T412-R1),((((9542_T194_1-R1,9871_T179_1-R1),(9600_T163_2-R1,9944_T174_2-R1)),((9536_T100_2-R1,9550_T318_2-R1),9837_T292_1-R1)),9543_T256_1-R1),9554_T192_2-R1);
((6981_T238-R1,7328_T412-R1),((((9542_T194_1-R1,9871_T179_1-R1),(9600_T163_2-R1,9944_T174_2-R1)),((9536_T100_2-R1,9550_T318_2-R1),9837_T292_1-R1)),9543_T256_1-R1),9554_T192_2-R1);
((6981_T238-R1,7328_T412-R1),((((9542_T194_1-R1,9871_T179_1-R1),(9600_T163_2-R1,9944_T174_2-R1)),((9536_T100_2-R1,9550_T318_2-R1),9837_T292_1-R1)),9543_T256_1-R1),9554_T192_2-R1);
((6981_T238-R1,7328_T412-R1),((((9542_T194_1-R1,9871_T179_1-R1),(9600_T163_2-R1,9944_T174_2-R1)),((9536_T100_2-R1,9550_T318_2-R1),9837_T292_1-R1)),9543_T256_1-R1),9554_T192_2-R1);
((6981_T238-R1,7328_T412-R1),((((9542_T194_1-R1,9871_T179_1-R1),(9600_T163_2-R1,9944_T174_2-R1)),((9536_T100_2-R1,9550_T318_2-R1),9837_T292_1-R1)),9543_T256_1-R1),9554_T192_2-R1);
((6981_T238-R1,7328_T412-R1),((((9542_T194_1-R1,9871_T179_1-R1),(9600_T163_2-R1,9944_T174_2-R1)),((9536_T100_2-R1,9550_T318_2-R1),9837_T292_1-R1)),9543_T256_1-R1),9554_T192_2-R1);
((((9542_T194_1-R1,9871_T179_1-R1),(9600_T163_2-R1,9944_T174_2-R1)),((9536_T100_2-R1,9550_T318_2-R1),9837_T292_1-R1)),(9543_T256_1-R1,(6981_T238-R1,7328_T412-R1)),9554_T192_2-R1);
