

IMPORTANT WARNING: Sequences 5993_T089-R1 and 6981_T221-R1 are exactly identical

IMPORTANT WARNING
Found 1 sequence that is exactly identical to other sequences in the alignment.
Normally they should be excluded from the analysis.

Just in case you might need it, an alignment file with 
sequence duplicates removed is printed to file ../../RAxML_tree_pbNB-ARC/Clade_Refinement_1/Int10637_304_324_L_31.afa.reduced


This is RAxML version 8.2.12 released by Alexandros Stamatakis on May 2018.

With greatly appreciated code contributions by:
Andre Aberer      (HITS)
Simon Berger      (HITS)
Alexey Kozlov     (HITS)
Kassian Kobert    (HITS)
David Dao         (KIT and HITS)
Sarah Lutteropp   (KIT and HITS)
Nick Pattengale   (Sandia)
Wayne Pfeiffer    (SDSC)
Akifumi S. Tanabe (NRIFS)
Charlie Taylor    (UF)


Alignment has 706 distinct alignment patterns

Proportion of gaps and completely undetermined characters in this alignment: 29.21%

RAxML rapid bootstrapping and subsequent ML search

Using 1 distinct models/data partitions with joint branch length optimization



Executing 100 rapid bootstrap inferences and thereafter a thorough ML search 

All free model parameters will be estimated by RAxML
ML estimate of 25 per site rate categories

Likelihood of final tree will be evaluated and optimized under GAMMA

GAMMA Model parameters will be estimated up to an accuracy of 0.1000000000 Log Likelihood units

Partition: 0
Alignment Patterns: 706
Name: No Name Provided
DataType: AA
Substitution Matrix: JTT
Using fixed base frequencies




RAxML was called as follows:

/Users/prigozhin/Installers/standard-RAxML/raxmlHPC-PTHREADS-AVX -T 2 -n Int10637_304_324_L_31.Raxml.out -f a -x 12345 -p 12345 -# 100 -m PROTCATJTT -s ../../RAxML_tree_pbNB-ARC/Clade_Refinement_1/Int10637_304_324_L_31.afa 



Time for BS model parameter optimization 0.923247
Bootstrap[0]: Time 3.045092 seconds, bootstrap likelihood -6353.390563, best rearrangement setting 13
Bootstrap[1]: Time 2.667217 seconds, bootstrap likelihood -6652.525031, best rearrangement setting 13
Bootstrap[2]: Time 2.916122 seconds, bootstrap likelihood -6421.736044, best rearrangement setting 12
Bootstrap[3]: Time 2.562386 seconds, bootstrap likelihood -6551.913325, best rearrangement setting 15
Bootstrap[4]: Time 2.869746 seconds, bootstrap likelihood -6871.024202, best rearrangement setting 10
Bootstrap[5]: Time 3.447707 seconds, bootstrap likelihood -6607.259309, best rearrangement setting 10
Bootstrap[6]: Time 2.909482 seconds, bootstrap likelihood -6808.819754, best rearrangement setting 6
Bootstrap[7]: Time 2.949602 seconds, bootstrap likelihood -6789.034276, best rearrangement setting 14
Bootstrap[8]: Time 2.812216 seconds, bootstrap likelihood -6671.376806, best rearrangement setting 5
Bootstrap[9]: Time 2.951384 seconds, bootstrap likelihood -6630.618312, best rearrangement setting 7
Bootstrap[10]: Time 2.904104 seconds, bootstrap likelihood -6752.369258, best rearrangement setting 7
Bootstrap[11]: Time 3.257145 seconds, bootstrap likelihood -6488.721361, best rearrangement setting 5
Bootstrap[12]: Time 2.855096 seconds, bootstrap likelihood -6565.535638, best rearrangement setting 8
Bootstrap[13]: Time 2.644340 seconds, bootstrap likelihood -6363.252674, best rearrangement setting 7
Bootstrap[14]: Time 3.133612 seconds, bootstrap likelihood -6434.120961, best rearrangement setting 12
Bootstrap[15]: Time 3.655917 seconds, bootstrap likelihood -6517.544609, best rearrangement setting 15
Bootstrap[16]: Time 3.065528 seconds, bootstrap likelihood -6397.375216, best rearrangement setting 12
Bootstrap[17]: Time 2.615927 seconds, bootstrap likelihood -6400.507127, best rearrangement setting 12
Bootstrap[18]: Time 2.635983 seconds, bootstrap likelihood -6708.228143, best rearrangement setting 5
Bootstrap[19]: Time 2.325150 seconds, bootstrap likelihood -6685.915408, best rearrangement setting 8
Bootstrap[20]: Time 3.463608 seconds, bootstrap likelihood -6563.170752, best rearrangement setting 10
Bootstrap[21]: Time 2.649806 seconds, bootstrap likelihood -6598.110434, best rearrangement setting 6
Bootstrap[22]: Time 2.794794 seconds, bootstrap likelihood -6551.274425, best rearrangement setting 5
Bootstrap[23]: Time 2.582280 seconds, bootstrap likelihood -6144.468678, best rearrangement setting 7
Bootstrap[24]: Time 2.282189 seconds, bootstrap likelihood -6642.118508, best rearrangement setting 8
Bootstrap[25]: Time 3.004546 seconds, bootstrap likelihood -6724.383770, best rearrangement setting 6
Bootstrap[26]: Time 2.541657 seconds, bootstrap likelihood -6863.768911, best rearrangement setting 12
Bootstrap[27]: Time 2.424812 seconds, bootstrap likelihood -6690.682105, best rearrangement setting 10
Bootstrap[28]: Time 2.178921 seconds, bootstrap likelihood -6754.671761, best rearrangement setting 11
Bootstrap[29]: Time 2.574919 seconds, bootstrap likelihood -6467.289839, best rearrangement setting 12
Bootstrap[30]: Time 3.219727 seconds, bootstrap likelihood -6615.494231, best rearrangement setting 15
Bootstrap[31]: Time 3.133531 seconds, bootstrap likelihood -6362.300975, best rearrangement setting 15
Bootstrap[32]: Time 3.016045 seconds, bootstrap likelihood -6892.012065, best rearrangement setting 6
Bootstrap[33]: Time 3.368106 seconds, bootstrap likelihood -6414.405113, best rearrangement setting 15
Bootstrap[34]: Time 3.190472 seconds, bootstrap likelihood -6734.360039, best rearrangement setting 11
Bootstrap[35]: Time 2.158017 seconds, bootstrap likelihood -6564.989713, best rearrangement setting 8
Bootstrap[36]: Time 2.997794 seconds, bootstrap likelihood -6307.176390, best rearrangement setting 9
Bootstrap[37]: Time 2.469194 seconds, bootstrap likelihood -6550.630080, best rearrangement setting 11
Bootstrap[38]: Time 2.565000 seconds, bootstrap likelihood -6493.824205, best rearrangement setting 8
Bootstrap[39]: Time 2.927677 seconds, bootstrap likelihood -6768.230599, best rearrangement setting 13
Bootstrap[40]: Time 4.133162 seconds, bootstrap likelihood -6609.578452, best rearrangement setting 13
Bootstrap[41]: Time 3.101376 seconds, bootstrap likelihood -6669.800124, best rearrangement setting 10
Bootstrap[42]: Time 2.814864 seconds, bootstrap likelihood -6339.802475, best rearrangement setting 5
Bootstrap[43]: Time 3.128761 seconds, bootstrap likelihood -6136.577594, best rearrangement setting 14
Bootstrap[44]: Time 2.846162 seconds, bootstrap likelihood -6654.352494, best rearrangement setting 10
Bootstrap[45]: Time 2.632466 seconds, bootstrap likelihood -6450.505905, best rearrangement setting 15
Bootstrap[46]: Time 2.696420 seconds, bootstrap likelihood -6649.738423, best rearrangement setting 14
Bootstrap[47]: Time 2.992710 seconds, bootstrap likelihood -6640.575425, best rearrangement setting 8
Bootstrap[48]: Time 2.879188 seconds, bootstrap likelihood -6689.354383, best rearrangement setting 6
Bootstrap[49]: Time 2.885869 seconds, bootstrap likelihood -6682.406701, best rearrangement setting 7
Bootstrap[50]: Time 2.587208 seconds, bootstrap likelihood -6651.432931, best rearrangement setting 7
Bootstrap[51]: Time 2.759534 seconds, bootstrap likelihood -6647.643432, best rearrangement setting 11
Bootstrap[52]: Time 2.850338 seconds, bootstrap likelihood -6414.419331, best rearrangement setting 12
Bootstrap[53]: Time 3.136076 seconds, bootstrap likelihood -6529.861651, best rearrangement setting 8
Bootstrap[54]: Time 2.955135 seconds, bootstrap likelihood -6318.126219, best rearrangement setting 9
Bootstrap[55]: Time 2.958364 seconds, bootstrap likelihood -6522.699033, best rearrangement setting 11
Bootstrap[56]: Time 2.543523 seconds, bootstrap likelihood -6557.987330, best rearrangement setting 5
Bootstrap[57]: Time 2.735476 seconds, bootstrap likelihood -6627.969802, best rearrangement setting 7
Bootstrap[58]: Time 2.299567 seconds, bootstrap likelihood -6765.463107, best rearrangement setting 10
Bootstrap[59]: Time 2.193800 seconds, bootstrap likelihood -6519.910784, best rearrangement setting 9
Bootstrap[60]: Time 3.293614 seconds, bootstrap likelihood -6544.937983, best rearrangement setting 7
Bootstrap[61]: Time 1.947486 seconds, bootstrap likelihood -6751.205236, best rearrangement setting 5
Bootstrap[62]: Time 2.503200 seconds, bootstrap likelihood -6446.034293, best rearrangement setting 11
Bootstrap[63]: Time 2.603033 seconds, bootstrap likelihood -6682.273893, best rearrangement setting 12
Bootstrap[64]: Time 2.756476 seconds, bootstrap likelihood -6729.858921, best rearrangement setting 7
Bootstrap[65]: Time 2.564206 seconds, bootstrap likelihood -6561.497655, best rearrangement setting 5
Bootstrap[66]: Time 2.483974 seconds, bootstrap likelihood -6566.533508, best rearrangement setting 5
Bootstrap[67]: Time 3.297144 seconds, bootstrap likelihood -6666.574398, best rearrangement setting 15
Bootstrap[68]: Time 3.333504 seconds, bootstrap likelihood -6621.870587, best rearrangement setting 11
Bootstrap[69]: Time 3.143845 seconds, bootstrap likelihood -6664.068968, best rearrangement setting 5
Bootstrap[70]: Time 2.394017 seconds, bootstrap likelihood -6678.917468, best rearrangement setting 8
Bootstrap[71]: Time 2.443232 seconds, bootstrap likelihood -6605.530089, best rearrangement setting 10
Bootstrap[72]: Time 3.861974 seconds, bootstrap likelihood -6440.508169, best rearrangement setting 11
Bootstrap[73]: Time 2.955530 seconds, bootstrap likelihood -6650.924409, best rearrangement setting 9
Bootstrap[74]: Time 3.023152 seconds, bootstrap likelihood -6389.675853, best rearrangement setting 5
Bootstrap[75]: Time 3.424189 seconds, bootstrap likelihood -6621.251528, best rearrangement setting 8
Bootstrap[76]: Time 3.292901 seconds, bootstrap likelihood -6569.668550, best rearrangement setting 9
Bootstrap[77]: Time 3.455557 seconds, bootstrap likelihood -6681.290357, best rearrangement setting 11
Bootstrap[78]: Time 2.855340 seconds, bootstrap likelihood -6731.979977, best rearrangement setting 15
Bootstrap[79]: Time 3.049576 seconds, bootstrap likelihood -6459.353599, best rearrangement setting 9
Bootstrap[80]: Time 2.998891 seconds, bootstrap likelihood -6633.686231, best rearrangement setting 15
Bootstrap[81]: Time 2.719561 seconds, bootstrap likelihood -6511.082916, best rearrangement setting 7
Bootstrap[82]: Time 2.874631 seconds, bootstrap likelihood -6674.921125, best rearrangement setting 6
Bootstrap[83]: Time 3.464226 seconds, bootstrap likelihood -6471.868966, best rearrangement setting 10
Bootstrap[84]: Time 3.167286 seconds, bootstrap likelihood -6450.308215, best rearrangement setting 11
Bootstrap[85]: Time 2.954599 seconds, bootstrap likelihood -6627.819230, best rearrangement setting 8
Bootstrap[86]: Time 2.727971 seconds, bootstrap likelihood -6602.440244, best rearrangement setting 7
Bootstrap[87]: Time 2.509090 seconds, bootstrap likelihood -6418.050293, best rearrangement setting 7
Bootstrap[88]: Time 2.200035 seconds, bootstrap likelihood -6541.216077, best rearrangement setting 12
Bootstrap[89]: Time 3.938529 seconds, bootstrap likelihood -6554.550754, best rearrangement setting 10
Bootstrap[90]: Time 3.292667 seconds, bootstrap likelihood -6552.180540, best rearrangement setting 8
Bootstrap[91]: Time 2.820142 seconds, bootstrap likelihood -6709.745876, best rearrangement setting 12
Bootstrap[92]: Time 2.653752 seconds, bootstrap likelihood -6573.675336, best rearrangement setting 13
Bootstrap[93]: Time 2.711527 seconds, bootstrap likelihood -6628.102604, best rearrangement setting 15
Bootstrap[94]: Time 3.563589 seconds, bootstrap likelihood -6660.889234, best rearrangement setting 5
Bootstrap[95]: Time 2.923658 seconds, bootstrap likelihood -6664.842671, best rearrangement setting 5
Bootstrap[96]: Time 3.179743 seconds, bootstrap likelihood -6467.861494, best rearrangement setting 13
Bootstrap[97]: Time 2.937927 seconds, bootstrap likelihood -6600.819554, best rearrangement setting 11
Bootstrap[98]: Time 3.104212 seconds, bootstrap likelihood -6465.624360, best rearrangement setting 6
Bootstrap[99]: Time 3.435747 seconds, bootstrap likelihood -6561.072009, best rearrangement setting 14


Overall Time for 100 Rapid Bootstraps 289.860961 seconds
Average Time per Rapid Bootstrap 2.898610 seconds

Starting ML Search ...

Fast ML optimization finished

Fast ML search Time: 245.516241 seconds

Slow ML Search 0 Likelihood: -7381.986109
Slow ML Search 1 Likelihood: -7381.986158
Slow ML Search 2 Likelihood: -7381.986238
Slow ML Search 3 Likelihood: -7381.986326
Slow ML Search 4 Likelihood: -7381.986227
Slow ML Search 5 Likelihood: -7381.986452
Slow ML Search 6 Likelihood: -7381.986777
Slow ML Search 7 Likelihood: -7381.986862
Slow ML Search 8 Likelihood: -7381.986628
Slow ML Search 9 Likelihood: -7382.627417
Slow ML optimization finished

Slow ML search Time: 81.085815 seconds
Thorough ML search Time: 17.280371 seconds

Final ML Optimization Likelihood: -7379.359811

Model Information:

Model Parameters of Partition 0, Name: No Name Provided, Type of Data: AA
alpha: 0.290091
Tree-Length: 0.630607
rate A <-> R: 0.603538
rate A <-> N: 0.561915
rate A <-> D: 0.842872
rate A <-> C: 0.582726
rate A <-> Q: 0.593132
rate A <-> E: 1.092612
rate A <-> G: 1.862643
rate A <-> H: 0.280957
rate A <-> I: 0.374610
rate A <-> L: 0.312175
rate A <-> K: 0.364204
rate A <-> M: 0.561915
rate A <-> F: 0.156087
rate A <-> P: 2.018730
rate A <-> S: 3.933403
rate A <-> T: 4.942768
rate A <-> W: 0.093652
rate A <-> Y: 0.114464
rate A <-> V: 3.100937
rate R <-> N: 0.468262
rate R <-> D: 0.166493
rate R <-> C: 1.175858
rate R <-> Q: 3.225806
rate R <-> E: 0.301769
rate R <-> G: 1.425598
rate R <-> H: 3.413111
rate R <-> I: 0.228928
rate R <-> L: 0.395421
rate R <-> K: 6.722164
rate R <-> M: 0.457856
rate R <-> F: 0.052029
rate R <-> P: 0.770031
rate R <-> S: 1.050989
rate R <-> T: 0.665973
rate R <-> W: 1.311134
rate R <-> Y: 0.208117
rate R <-> V: 0.176899
rate N <-> D: 5.494277
rate N <-> C: 0.353798
rate N <-> Q: 0.894901
rate N <-> E: 0.603538
rate N <-> G: 0.842872
rate N <-> H: 4.068678
rate N <-> I: 0.489074
rate N <-> L: 0.124870
rate N <-> K: 2.736733
rate N <-> M: 0.312175
rate N <-> F: 0.104058
rate N <-> P: 0.156087
rate N <-> S: 5.234131
rate N <-> T: 2.414152
rate N <-> W: 0.083247
rate N <-> Y: 0.728408
rate N <-> V: 0.166493
rate D <-> C: 0.104058
rate D <-> Q: 0.509886
rate D <-> E: 7.981270
rate D <-> G: 1.352758
rate D <-> H: 1.165453
rate D <-> I: 0.114464
rate D <-> L: 0.072841
rate D <-> K: 0.270552
rate D <-> M: 0.156087
rate D <-> F: 0.041623
rate D <-> P: 0.156087
rate D <-> S: 0.613944
rate D <-> T: 0.395421
rate D <-> W: 0.041623
rate D <-> Y: 0.478668
rate D <-> V: 0.322581
rate C <-> Q: 0.093652
rate C <-> E: 0.052029
rate C <-> G: 0.613944
rate C <-> H: 0.718002
rate C <-> I: 0.176899
rate C <-> L: 0.239334
rate C <-> K: 0.072841
rate C <-> M: 0.322581
rate C <-> F: 0.811655
rate C <-> P: 0.145682
rate C <-> S: 2.320499
rate C <-> T: 0.437045
rate C <-> W: 1.196670
rate C <-> Y: 2.174818
rate C <-> V: 0.645161
rate Q <-> E: 3.361082
rate Q <-> G: 0.270552
rate Q <-> H: 6.212279
rate Q <-> I: 0.093652
rate Q <-> L: 0.749220
rate Q <-> K: 3.038502
rate Q <-> M: 0.447451
rate Q <-> F: 0.041623
rate Q <-> P: 1.706556
rate Q <-> S: 0.551509
rate Q <-> T: 0.530697
rate Q <-> W: 0.187305
rate Q <-> Y: 0.249740
rate Q <-> V: 0.208117
rate E <-> G: 1.238293
rate E <-> H: 0.270552
rate E <-> I: 0.124870
rate E <-> L: 0.093652
rate E <-> K: 1.883455
rate E <-> M: 0.187305
rate E <-> F: 0.052029
rate E <-> P: 0.187305
rate E <-> S: 0.312175
rate E <-> T: 0.332986
rate E <-> W: 0.104058
rate E <-> Y: 0.072841
rate E <-> V: 0.468262
rate G <-> H: 0.239334
rate G <-> I: 0.062435
rate G <-> L: 0.062435
rate G <-> K: 0.280957
rate G <-> M: 0.145682
rate G <-> F: 0.052029
rate G <-> P: 0.249740
rate G <-> S: 2.091571
rate G <-> T: 0.343392
rate G <-> W: 0.572320
rate G <-> Y: 0.083247
rate G <-> V: 0.489074
rate H <-> I: 0.166493
rate H <-> L: 0.582726
rate H <-> K: 0.468262
rate H <-> M: 0.343392
rate H <-> F: 0.416233
rate H <-> P: 1.196670
rate H <-> S: 0.759625
rate H <-> T: 0.478668
rate H <-> W: 0.083247
rate H <-> Y: 5.962539
rate H <-> V: 0.114464
rate I <-> L: 2.382934
rate I <-> K: 0.218522
rate I <-> M: 4.984391
rate I <-> F: 0.926119
rate I <-> P: 0.104058
rate I <-> S: 0.416233
rate I <-> T: 2.549428
rate I <-> W: 0.093652
rate I <-> Y: 0.332986
rate I <-> V: 10.000000
rate L <-> K: 0.145682
rate L <-> M: 4.037461
rate L <-> F: 2.580645
rate L <-> P: 1.061394
rate L <-> S: 0.613944
rate L <-> T: 0.260146
rate L <-> W: 0.541103
rate L <-> Y: 0.249740
rate L <-> V: 1.873049
rate K <-> M: 0.676379
rate K <-> F: 0.041623
rate K <-> P: 0.218522
rate K <-> S: 0.489074
rate K <-> T: 1.071800
rate K <-> W: 0.104058
rate K <-> Y: 0.083247
rate K <-> V: 0.145682
rate M <-> F: 0.447451
rate M <-> P: 0.166493
rate M <-> S: 0.301769
rate M <-> T: 2.351717
rate M <-> W: 0.249740
rate M <-> Y: 0.187305
rate M <-> V: 3.361082
rate F <-> P: 0.176899
rate F <-> S: 0.957336
rate F <-> T: 0.124870
rate F <-> W: 0.551509
rate F <-> Y: 5.577523
rate F <-> V: 0.645161
rate P <-> S: 2.965661
rate P <-> T: 1.227888
rate P <-> W: 0.062435
rate P <-> Y: 0.104058
rate P <-> V: 0.239334
rate S <-> T: 4.963580
rate S <-> W: 0.364204
rate S <-> Y: 0.655567
rate S <-> V: 0.395421
rate T <-> W: 0.124870
rate T <-> Y: 0.218522
rate T <-> V: 1.165453
rate W <-> Y: 0.738814
rate W <-> V: 0.260146
rate Y <-> V: 0.166493

freq pi(A): 0.076748
freq pi(R): 0.051691
freq pi(N): 0.042645
freq pi(D): 0.051544
freq pi(C): 0.019803
freq pi(Q): 0.040752
freq pi(E): 0.061830
freq pi(G): 0.073152
freq pi(H): 0.022944
freq pi(I): 0.053761
freq pi(L): 0.091904
freq pi(K): 0.058676
freq pi(M): 0.023826
freq pi(F): 0.040126
freq pi(P): 0.050901
freq pi(S): 0.068765
freq pi(T): 0.058565
freq pi(W): 0.014261
freq pi(Y): 0.032102
freq pi(V): 0.066004


ML search took 343.919325 secs or 0.095533 hours

Combined Bootstrap and ML search took 633.780532 secs or 0.176050 hours

Drawing Bootstrap Support Values on best-scoring ML tree ...



Found 1 tree in File /Users/prigozhin/Dropbox/NLRomes/Atha_SnkMk_NLRome/RAxML_tree_pbNB-ARC/Clade_Refinement_1/RAxML_bestTree.Int10637_304_324_L_31.Raxml.out



Found 1 tree in File /Users/prigozhin/Dropbox/NLRomes/Atha_SnkMk_NLRome/RAxML_tree_pbNB-ARC/Clade_Refinement_1/RAxML_bestTree.Int10637_304_324_L_31.Raxml.out

Program execution info written to /Users/prigozhin/Dropbox/NLRomes/Atha_SnkMk_NLRome/RAxML_tree_pbNB-ARC/Clade_Refinement_1/RAxML_info.Int10637_304_324_L_31.Raxml.out
All 100 bootstrapped trees written to: /Users/prigozhin/Dropbox/NLRomes/Atha_SnkMk_NLRome/RAxML_tree_pbNB-ARC/Clade_Refinement_1/RAxML_bootstrap.Int10637_304_324_L_31.Raxml.out

Best-scoring ML tree written to: /Users/prigozhin/Dropbox/NLRomes/Atha_SnkMk_NLRome/RAxML_tree_pbNB-ARC/Clade_Refinement_1/RAxML_bestTree.Int10637_304_324_L_31.Raxml.out

Best-scoring ML tree with support values written to: /Users/prigozhin/Dropbox/NLRomes/Atha_SnkMk_NLRome/RAxML_tree_pbNB-ARC/Clade_Refinement_1/RAxML_bipartitions.Int10637_304_324_L_31.Raxml.out

Best-scoring ML tree with support values as branch labels written to: /Users/prigozhin/Dropbox/NLRomes/Atha_SnkMk_NLRome/RAxML_tree_pbNB-ARC/Clade_Refinement_1/RAxML_bipartitionsBranchLabels.Int10637_304_324_L_31.Raxml.out

Overall execution time for full ML analysis: 633.789888 secs or 0.176053 hours or 0.007336 days

