

IMPORTANT WARNING: Sequences 6909_T351-R1 and 6939_T423-R1 are exactly identical


IMPORTANT WARNING: Sequences 6909_T351-R1 and 108_T440-R1 are exactly identical


IMPORTANT WARNING: Sequences 6909_T351-R1 and 7396_T329-R1 are exactly identical


IMPORTANT WARNING: Sequences 6909_T351-R1 and ATHALIANA_AT5G51630_1 are exactly identical


IMPORTANT WARNING: Sequences 6909_T351-R1 and 7322_T300-R1 are exactly identical


IMPORTANT WARNING: Sequences 5784_T393-R1 and 7415_T265-R1 are exactly identical


IMPORTANT WARNING: Sequences 5784_T393-R1 and 9518_T308-R1 are exactly identical


IMPORTANT WARNING: Sequences 7373_T247-R1 and 6899_T312-R1 are exactly identical


IMPORTANT WARNING: Sequences 7111_T297-R1 and 7058_T277-R1 are exactly identical


IMPORTANT WARNING: Sequences 9597_T430-R1 and 9536_T328-R1 are exactly identical


IMPORTANT WARNING: Sequences 7288_T382-R1 and 7308_T177-R1 are exactly identical


IMPORTANT WARNING: Sequences 5993_T260-R1 and 7416_T281-R1 are exactly identical

IMPORTANT WARNING
Found 12 sequences that are exactly identical to other sequences in the alignment.
Normally they should be excluded from the analysis.

Just in case you might need it, an alignment file with 
sequence duplicates removed is printed to file ../../RAxML_tree_pbNB-ARC/Clade_Refinement_1/Int10637_304_326_R_37.afa.reduced


This is RAxML version 8.2.12 released by Alexandros Stamatakis on May 2018.

With greatly appreciated code contributions by:
Andre Aberer      (HITS)
Simon Berger      (HITS)
Alexey Kozlov     (HITS)
Kassian Kobert    (HITS)
David Dao         (KIT and HITS)
Sarah Lutteropp   (KIT and HITS)
Nick Pattengale   (Sandia)
Wayne Pfeiffer    (SDSC)
Akifumi S. Tanabe (NRIFS)
Charlie Taylor    (UF)


Alignment has 312 distinct alignment patterns

Proportion of gaps and completely undetermined characters in this alignment: 5.86%

RAxML rapid bootstrapping and subsequent ML search

Using 1 distinct models/data partitions with joint branch length optimization



Executing 100 rapid bootstrap inferences and thereafter a thorough ML search 

All free model parameters will be estimated by RAxML
ML estimate of 25 per site rate categories

Likelihood of final tree will be evaluated and optimized under GAMMA

GAMMA Model parameters will be estimated up to an accuracy of 0.1000000000 Log Likelihood units

Partition: 0
Alignment Patterns: 312
Name: No Name Provided
DataType: AA
Substitution Matrix: JTT
Using fixed base frequencies




RAxML was called as follows:

/Users/prigozhin/Installers/standard-RAxML/raxmlHPC-PTHREADS-AVX -T 2 -n Int10637_304_326_R_37.Raxml.out -f a -x 12345 -p 12345 -# 100 -m PROTCATJTT -s ../../RAxML_tree_pbNB-ARC/Clade_Refinement_1/Int10637_304_326_R_37.afa 



Time for BS model parameter optimization 0.759367
Bootstrap[0]: Time 2.327387 seconds, bootstrap likelihood -4497.455471, best rearrangement setting 13
Bootstrap[1]: Time 1.789018 seconds, bootstrap likelihood -4443.616948, best rearrangement setting 13
Bootstrap[2]: Time 2.195270 seconds, bootstrap likelihood -4440.915450, best rearrangement setting 12
Bootstrap[3]: Time 1.469867 seconds, bootstrap likelihood -4484.509368, best rearrangement setting 15
Bootstrap[4]: Time 1.899242 seconds, bootstrap likelihood -4496.983347, best rearrangement setting 10
Bootstrap[5]: Time 2.021442 seconds, bootstrap likelihood -4463.957630, best rearrangement setting 10
Bootstrap[6]: Time 2.545809 seconds, bootstrap likelihood -4540.326889, best rearrangement setting 6
Bootstrap[7]: Time 2.010855 seconds, bootstrap likelihood -4386.002844, best rearrangement setting 14
Bootstrap[8]: Time 1.663445 seconds, bootstrap likelihood -4451.655003, best rearrangement setting 5
Bootstrap[9]: Time 1.740556 seconds, bootstrap likelihood -4447.727317, best rearrangement setting 7
Bootstrap[10]: Time 0.882077 seconds, bootstrap likelihood -4407.114578, best rearrangement setting 7
Bootstrap[11]: Time 0.676078 seconds, bootstrap likelihood -4360.144492, best rearrangement setting 5
Bootstrap[12]: Time 2.087784 seconds, bootstrap likelihood -4363.334588, best rearrangement setting 8
Bootstrap[13]: Time 1.760272 seconds, bootstrap likelihood -4532.160673, best rearrangement setting 7
Bootstrap[14]: Time 1.811616 seconds, bootstrap likelihood -4375.614778, best rearrangement setting 12
Bootstrap[15]: Time 2.041936 seconds, bootstrap likelihood -4403.485220, best rearrangement setting 15
Bootstrap[16]: Time 0.821394 seconds, bootstrap likelihood -4333.765580, best rearrangement setting 12
Bootstrap[17]: Time 1.040792 seconds, bootstrap likelihood -4422.315513, best rearrangement setting 12
Bootstrap[18]: Time 0.635009 seconds, bootstrap likelihood -4403.698657, best rearrangement setting 5
Bootstrap[19]: Time 1.763927 seconds, bootstrap likelihood -4516.341242, best rearrangement setting 8
Bootstrap[20]: Time 0.747266 seconds, bootstrap likelihood -4384.676434, best rearrangement setting 10
Bootstrap[21]: Time 0.912816 seconds, bootstrap likelihood -4407.840375, best rearrangement setting 6
Bootstrap[22]: Time 0.769632 seconds, bootstrap likelihood -4421.421347, best rearrangement setting 5
Bootstrap[23]: Time 0.922496 seconds, bootstrap likelihood -4348.808925, best rearrangement setting 7
Bootstrap[24]: Time 1.959630 seconds, bootstrap likelihood -4487.149338, best rearrangement setting 8
Bootstrap[25]: Time 1.563383 seconds, bootstrap likelihood -4430.803312, best rearrangement setting 6
Bootstrap[26]: Time 0.787334 seconds, bootstrap likelihood -4459.622093, best rearrangement setting 12
Bootstrap[27]: Time 1.664617 seconds, bootstrap likelihood -4539.906840, best rearrangement setting 10
Bootstrap[28]: Time 1.911059 seconds, bootstrap likelihood -4464.931667, best rearrangement setting 11
Bootstrap[29]: Time 0.925151 seconds, bootstrap likelihood -4376.915342, best rearrangement setting 12
Bootstrap[30]: Time 0.708868 seconds, bootstrap likelihood -4568.271177, best rearrangement setting 15
Bootstrap[31]: Time 1.051100 seconds, bootstrap likelihood -4522.626819, best rearrangement setting 15
Bootstrap[32]: Time 0.695876 seconds, bootstrap likelihood -4462.920642, best rearrangement setting 6
Bootstrap[33]: Time 0.718163 seconds, bootstrap likelihood -4463.659034, best rearrangement setting 15
Bootstrap[34]: Time 0.886925 seconds, bootstrap likelihood -4351.361681, best rearrangement setting 11
Bootstrap[35]: Time 0.780099 seconds, bootstrap likelihood -4486.917220, best rearrangement setting 8
Bootstrap[36]: Time 0.737247 seconds, bootstrap likelihood -4461.149167, best rearrangement setting 9
Bootstrap[37]: Time 0.803593 seconds, bootstrap likelihood -4494.139465, best rearrangement setting 11
Bootstrap[38]: Time 0.684693 seconds, bootstrap likelihood -4389.921584, best rearrangement setting 8
Bootstrap[39]: Time 2.299614 seconds, bootstrap likelihood -4378.297230, best rearrangement setting 13
Bootstrap[40]: Time 1.096827 seconds, bootstrap likelihood -4514.056107, best rearrangement setting 13
Bootstrap[41]: Time 0.765261 seconds, bootstrap likelihood -4538.869901, best rearrangement setting 10
Bootstrap[42]: Time 1.595341 seconds, bootstrap likelihood -4532.939670, best rearrangement setting 5
Bootstrap[43]: Time 2.050725 seconds, bootstrap likelihood -4575.861353, best rearrangement setting 14
Bootstrap[44]: Time 1.871556 seconds, bootstrap likelihood -4515.534897, best rearrangement setting 10
Bootstrap[45]: Time 1.620302 seconds, bootstrap likelihood -4428.478007, best rearrangement setting 15
Bootstrap[46]: Time 2.136411 seconds, bootstrap likelihood -4438.792049, best rearrangement setting 14
Bootstrap[47]: Time 2.157644 seconds, bootstrap likelihood -4465.949341, best rearrangement setting 8
Bootstrap[48]: Time 1.750280 seconds, bootstrap likelihood -4374.176055, best rearrangement setting 6
Bootstrap[49]: Time 1.786688 seconds, bootstrap likelihood -4563.922627, best rearrangement setting 7
Bootstrap[50]: Time 0.910107 seconds, bootstrap likelihood -4426.438425, best rearrangement setting 7
Bootstrap[51]: Time 1.065729 seconds, bootstrap likelihood -4420.136902, best rearrangement setting 11
Bootstrap[52]: Time 2.335996 seconds, bootstrap likelihood -4403.957954, best rearrangement setting 12
Bootstrap[53]: Time 1.693370 seconds, bootstrap likelihood -4514.813292, best rearrangement setting 8
Bootstrap[54]: Time 2.098667 seconds, bootstrap likelihood -4498.935219, best rearrangement setting 9
Bootstrap[55]: Time 2.528218 seconds, bootstrap likelihood -4462.486296, best rearrangement setting 11
Bootstrap[56]: Time 1.458285 seconds, bootstrap likelihood -4465.520088, best rearrangement setting 5
Bootstrap[57]: Time 1.806426 seconds, bootstrap likelihood -4391.977970, best rearrangement setting 7
Bootstrap[58]: Time 1.851499 seconds, bootstrap likelihood -4482.212940, best rearrangement setting 10
Bootstrap[59]: Time 1.494534 seconds, bootstrap likelihood -4384.384827, best rearrangement setting 9
Bootstrap[60]: Time 0.778798 seconds, bootstrap likelihood -4400.016706, best rearrangement setting 7
Bootstrap[61]: Time 0.674908 seconds, bootstrap likelihood -4432.336135, best rearrangement setting 5
Bootstrap[62]: Time 0.665889 seconds, bootstrap likelihood -4584.909147, best rearrangement setting 11
Bootstrap[63]: Time 0.842736 seconds, bootstrap likelihood -4457.654327, best rearrangement setting 12
Bootstrap[64]: Time 0.756186 seconds, bootstrap likelihood -4512.109408, best rearrangement setting 7
Bootstrap[65]: Time 0.665022 seconds, bootstrap likelihood -4446.837705, best rearrangement setting 5
Bootstrap[66]: Time 0.691277 seconds, bootstrap likelihood -4551.539844, best rearrangement setting 5
Bootstrap[67]: Time 0.704753 seconds, bootstrap likelihood -4518.952018, best rearrangement setting 15
Bootstrap[68]: Time 0.667481 seconds, bootstrap likelihood -4615.525083, best rearrangement setting 11
Bootstrap[69]: Time 1.741081 seconds, bootstrap likelihood -4362.017344, best rearrangement setting 5
Bootstrap[70]: Time 0.799898 seconds, bootstrap likelihood -4469.702016, best rearrangement setting 8
Bootstrap[71]: Time 1.908513 seconds, bootstrap likelihood -4547.054317, best rearrangement setting 10
Bootstrap[72]: Time 1.982664 seconds, bootstrap likelihood -4387.004268, best rearrangement setting 11
Bootstrap[73]: Time 2.108897 seconds, bootstrap likelihood -4534.240212, best rearrangement setting 9
Bootstrap[74]: Time 1.770037 seconds, bootstrap likelihood -4515.161780, best rearrangement setting 5
Bootstrap[75]: Time 1.850520 seconds, bootstrap likelihood -4428.778669, best rearrangement setting 8
Bootstrap[76]: Time 2.077497 seconds, bootstrap likelihood -4423.869077, best rearrangement setting 9
Bootstrap[77]: Time 1.789861 seconds, bootstrap likelihood -4313.301085, best rearrangement setting 11
Bootstrap[78]: Time 1.887869 seconds, bootstrap likelihood -4501.718739, best rearrangement setting 15
Bootstrap[79]: Time 0.895394 seconds, bootstrap likelihood -4500.689447, best rearrangement setting 9
Bootstrap[80]: Time 0.743460 seconds, bootstrap likelihood -4558.423954, best rearrangement setting 15
Bootstrap[81]: Time 1.679527 seconds, bootstrap likelihood -4366.980100, best rearrangement setting 7
Bootstrap[82]: Time 2.232142 seconds, bootstrap likelihood -4464.754496, best rearrangement setting 6
Bootstrap[83]: Time 1.626899 seconds, bootstrap likelihood -4455.806426, best rearrangement setting 10
Bootstrap[84]: Time 1.912316 seconds, bootstrap likelihood -4380.789703, best rearrangement setting 11
Bootstrap[85]: Time 2.428594 seconds, bootstrap likelihood -4496.176323, best rearrangement setting 8
Bootstrap[86]: Time 1.909818 seconds, bootstrap likelihood -4449.113641, best rearrangement setting 7
Bootstrap[87]: Time 1.901988 seconds, bootstrap likelihood -4462.619437, best rearrangement setting 7
Bootstrap[88]: Time 0.868876 seconds, bootstrap likelihood -4466.805210, best rearrangement setting 12
Bootstrap[89]: Time 2.684171 seconds, bootstrap likelihood -4415.343623, best rearrangement setting 10
Bootstrap[90]: Time 0.886193 seconds, bootstrap likelihood -4365.841635, best rearrangement setting 8
Bootstrap[91]: Time 1.703462 seconds, bootstrap likelihood -4511.474837, best rearrangement setting 12
Bootstrap[92]: Time 0.709013 seconds, bootstrap likelihood -4528.366627, best rearrangement setting 13
Bootstrap[93]: Time 0.710630 seconds, bootstrap likelihood -4375.284360, best rearrangement setting 15
Bootstrap[94]: Time 0.768510 seconds, bootstrap likelihood -4447.438821, best rearrangement setting 5
Bootstrap[95]: Time 0.643205 seconds, bootstrap likelihood -4433.954182, best rearrangement setting 5
Bootstrap[96]: Time 0.726112 seconds, bootstrap likelihood -4459.075806, best rearrangement setting 13
Bootstrap[97]: Time 0.999558 seconds, bootstrap likelihood -4538.892447, best rearrangement setting 11
Bootstrap[98]: Time 0.774113 seconds, bootstrap likelihood -4314.745422, best rearrangement setting 6
Bootstrap[99]: Time 0.780474 seconds, bootstrap likelihood -4395.455825, best rearrangement setting 14


Overall Time for 100 Rapid Bootstraps 140.810222 seconds
Average Time per Rapid Bootstrap 1.408102 seconds

Starting ML Search ...

Fast ML optimization finished

Fast ML search Time: 61.142551 seconds

Slow ML Search 0 Likelihood: -4897.056575
Slow ML Search 1 Likelihood: -4897.057378
Slow ML Search 2 Likelihood: -4897.057499
Slow ML Search 3 Likelihood: -4897.056523
Slow ML Search 4 Likelihood: -4897.056523
Slow ML Search 5 Likelihood: -4897.057061
Slow ML Search 6 Likelihood: -4897.057326
Slow ML Search 7 Likelihood: -4897.057326
Slow ML Search 8 Likelihood: -4897.057328
Slow ML Search 9 Likelihood: -4897.057326
Slow ML optimization finished

Slow ML search Time: 37.050317 seconds
Thorough ML search Time: 8.094490 seconds

Final ML Optimization Likelihood: -4897.056202

Model Information:

Model Parameters of Partition 0, Name: No Name Provided, Type of Data: AA
alpha: 0.943384
Tree-Length: 0.163420
rate A <-> R: 0.603538
rate A <-> N: 0.561915
rate A <-> D: 0.842872
rate A <-> C: 0.582726
rate A <-> Q: 0.593132
rate A <-> E: 1.092612
rate A <-> G: 1.862643
rate A <-> H: 0.280957
rate A <-> I: 0.374610
rate A <-> L: 0.312175
rate A <-> K: 0.364204
rate A <-> M: 0.561915
rate A <-> F: 0.156087
rate A <-> P: 2.018730
rate A <-> S: 3.933403
rate A <-> T: 4.942768
rate A <-> W: 0.093652
rate A <-> Y: 0.114464
rate A <-> V: 3.100937
rate R <-> N: 0.468262
rate R <-> D: 0.166493
rate R <-> C: 1.175858
rate R <-> Q: 3.225806
rate R <-> E: 0.301769
rate R <-> G: 1.425598
rate R <-> H: 3.413111
rate R <-> I: 0.228928
rate R <-> L: 0.395421
rate R <-> K: 6.722164
rate R <-> M: 0.457856
rate R <-> F: 0.052029
rate R <-> P: 0.770031
rate R <-> S: 1.050989
rate R <-> T: 0.665973
rate R <-> W: 1.311134
rate R <-> Y: 0.208117
rate R <-> V: 0.176899
rate N <-> D: 5.494277
rate N <-> C: 0.353798
rate N <-> Q: 0.894901
rate N <-> E: 0.603538
rate N <-> G: 0.842872
rate N <-> H: 4.068678
rate N <-> I: 0.489074
rate N <-> L: 0.124870
rate N <-> K: 2.736733
rate N <-> M: 0.312175
rate N <-> F: 0.104058
rate N <-> P: 0.156087
rate N <-> S: 5.234131
rate N <-> T: 2.414152
rate N <-> W: 0.083247
rate N <-> Y: 0.728408
rate N <-> V: 0.166493
rate D <-> C: 0.104058
rate D <-> Q: 0.509886
rate D <-> E: 7.981270
rate D <-> G: 1.352758
rate D <-> H: 1.165453
rate D <-> I: 0.114464
rate D <-> L: 0.072841
rate D <-> K: 0.270552
rate D <-> M: 0.156087
rate D <-> F: 0.041623
rate D <-> P: 0.156087
rate D <-> S: 0.613944
rate D <-> T: 0.395421
rate D <-> W: 0.041623
rate D <-> Y: 0.478668
rate D <-> V: 0.322581
rate C <-> Q: 0.093652
rate C <-> E: 0.052029
rate C <-> G: 0.613944
rate C <-> H: 0.718002
rate C <-> I: 0.176899
rate C <-> L: 0.239334
rate C <-> K: 0.072841
rate C <-> M: 0.322581
rate C <-> F: 0.811655
rate C <-> P: 0.145682
rate C <-> S: 2.320499
rate C <-> T: 0.437045
rate C <-> W: 1.196670
rate C <-> Y: 2.174818
rate C <-> V: 0.645161
rate Q <-> E: 3.361082
rate Q <-> G: 0.270552
rate Q <-> H: 6.212279
rate Q <-> I: 0.093652
rate Q <-> L: 0.749220
rate Q <-> K: 3.038502
rate Q <-> M: 0.447451
rate Q <-> F: 0.041623
rate Q <-> P: 1.706556
rate Q <-> S: 0.551509
rate Q <-> T: 0.530697
rate Q <-> W: 0.187305
rate Q <-> Y: 0.249740
rate Q <-> V: 0.208117
rate E <-> G: 1.238293
rate E <-> H: 0.270552
rate E <-> I: 0.124870
rate E <-> L: 0.093652
rate E <-> K: 1.883455
rate E <-> M: 0.187305
rate E <-> F: 0.052029
rate E <-> P: 0.187305
rate E <-> S: 0.312175
rate E <-> T: 0.332986
rate E <-> W: 0.104058
rate E <-> Y: 0.072841
rate E <-> V: 0.468262
rate G <-> H: 0.239334
rate G <-> I: 0.062435
rate G <-> L: 0.062435
rate G <-> K: 0.280957
rate G <-> M: 0.145682
rate G <-> F: 0.052029
rate G <-> P: 0.249740
rate G <-> S: 2.091571
rate G <-> T: 0.343392
rate G <-> W: 0.572320
rate G <-> Y: 0.083247
rate G <-> V: 0.489074
rate H <-> I: 0.166493
rate H <-> L: 0.582726
rate H <-> K: 0.468262
rate H <-> M: 0.343392
rate H <-> F: 0.416233
rate H <-> P: 1.196670
rate H <-> S: 0.759625
rate H <-> T: 0.478668
rate H <-> W: 0.083247
rate H <-> Y: 5.962539
rate H <-> V: 0.114464
rate I <-> L: 2.382934
rate I <-> K: 0.218522
rate I <-> M: 4.984391
rate I <-> F: 0.926119
rate I <-> P: 0.104058
rate I <-> S: 0.416233
rate I <-> T: 2.549428
rate I <-> W: 0.093652
rate I <-> Y: 0.332986
rate I <-> V: 10.000000
rate L <-> K: 0.145682
rate L <-> M: 4.037461
rate L <-> F: 2.580645
rate L <-> P: 1.061394
rate L <-> S: 0.613944
rate L <-> T: 0.260146
rate L <-> W: 0.541103
rate L <-> Y: 0.249740
rate L <-> V: 1.873049
rate K <-> M: 0.676379
rate K <-> F: 0.041623
rate K <-> P: 0.218522
rate K <-> S: 0.489074
rate K <-> T: 1.071800
rate K <-> W: 0.104058
rate K <-> Y: 0.083247
rate K <-> V: 0.145682
rate M <-> F: 0.447451
rate M <-> P: 0.166493
rate M <-> S: 0.301769
rate M <-> T: 2.351717
rate M <-> W: 0.249740
rate M <-> Y: 0.187305
rate M <-> V: 3.361082
rate F <-> P: 0.176899
rate F <-> S: 0.957336
rate F <-> T: 0.124870
rate F <-> W: 0.551509
rate F <-> Y: 5.577523
rate F <-> V: 0.645161
rate P <-> S: 2.965661
rate P <-> T: 1.227888
rate P <-> W: 0.062435
rate P <-> Y: 0.104058
rate P <-> V: 0.239334
rate S <-> T: 4.963580
rate S <-> W: 0.364204
rate S <-> Y: 0.655567
rate S <-> V: 0.395421
rate T <-> W: 0.124870
rate T <-> Y: 0.218522
rate T <-> V: 1.165453
rate W <-> Y: 0.738814
rate W <-> V: 0.260146
rate Y <-> V: 0.166493

freq pi(A): 0.076748
freq pi(R): 0.051691
freq pi(N): 0.042645
freq pi(D): 0.051544
freq pi(C): 0.019803
freq pi(Q): 0.040752
freq pi(E): 0.061830
freq pi(G): 0.073152
freq pi(H): 0.022944
freq pi(I): 0.053761
freq pi(L): 0.091904
freq pi(K): 0.058676
freq pi(M): 0.023826
freq pi(F): 0.040126
freq pi(P): 0.050901
freq pi(S): 0.068765
freq pi(T): 0.058565
freq pi(W): 0.014261
freq pi(Y): 0.032102
freq pi(V): 0.066004


ML search took 106.335512 secs or 0.029538 hours

Combined Bootstrap and ML search took 247.145880 secs or 0.068652 hours

Drawing Bootstrap Support Values on best-scoring ML tree ...



Found 1 tree in File /Users/prigozhin/Dropbox/NLRomes/Atha_SnkMk_NLRome/RAxML_tree_pbNB-ARC/Clade_Refinement_1/RAxML_bestTree.Int10637_304_326_R_37.Raxml.out



Found 1 tree in File /Users/prigozhin/Dropbox/NLRomes/Atha_SnkMk_NLRome/RAxML_tree_pbNB-ARC/Clade_Refinement_1/RAxML_bestTree.Int10637_304_326_R_37.Raxml.out

Program execution info written to /Users/prigozhin/Dropbox/NLRomes/Atha_SnkMk_NLRome/RAxML_tree_pbNB-ARC/Clade_Refinement_1/RAxML_info.Int10637_304_326_R_37.Raxml.out
All 100 bootstrapped trees written to: /Users/prigozhin/Dropbox/NLRomes/Atha_SnkMk_NLRome/RAxML_tree_pbNB-ARC/Clade_Refinement_1/RAxML_bootstrap.Int10637_304_326_R_37.Raxml.out

Best-scoring ML tree written to: /Users/prigozhin/Dropbox/NLRomes/Atha_SnkMk_NLRome/RAxML_tree_pbNB-ARC/Clade_Refinement_1/RAxML_bestTree.Int10637_304_326_R_37.Raxml.out

Best-scoring ML tree with support values written to: /Users/prigozhin/Dropbox/NLRomes/Atha_SnkMk_NLRome/RAxML_tree_pbNB-ARC/Clade_Refinement_1/RAxML_bipartitions.Int10637_304_326_R_37.Raxml.out

Best-scoring ML tree with support values as branch labels written to: /Users/prigozhin/Dropbox/NLRomes/Atha_SnkMk_NLRome/RAxML_tree_pbNB-ARC/Clade_Refinement_1/RAxML_bipartitionsBranchLabels.Int10637_304_326_R_37.Raxml.out

Overall execution time for full ML analysis: 247.156600 secs or 0.068655 hours or 0.002861 days

