(9887_T081-R1,(9871_T122-R1,((7413_T310-R1,(108_T476-R1,(7396_T083_1-R1,9550_T124-R1))),(9762_T422-R1,9597_T115-R1))),9542_T118-R1);
(9887_T081-R1,(9871_T122-R1,(((7396_T083_1-R1,9550_T124-R1),(7413_T310-R1,108_T476-R1)),(9762_T422-R1,9597_T115-R1))),9542_T118-R1);
(9887_T081-R1,(9871_T122-R1,(((7396_T083_1-R1,9550_T124-R1),(7413_T310-R1,108_T476-R1)),(9762_T422-R1,9597_T115-R1))),9542_T118-R1);
(9887_T081-R1,(9871_T122-R1,(((7396_T083_1-R1,9550_T124-R1),(7413_T310-R1,108_T476-R1)),(9762_T422-R1,9597_T115-R1))),9542_T118-R1);
(9887_T081-R1,(9871_T122-R1,(((7396_T083_1-R1,9550_T124-R1),(7413_T310-R1,108_T476-R1)),(9762_T422-R1,9597_T115-R1))),9542_T118-R1);
(9887_T081-R1,(9871_T122-R1,(((7396_T083_1-R1,9550_T124-R1),(7413_T310-R1,108_T476-R1)),(9762_T422-R1,9597_T115-R1))),9542_T118-R1);
(9887_T081-R1,(9871_T122-R1,(((7396_T083_1-R1,9550_T124-R1),(7413_T310-R1,108_T476-R1)),(9762_T422-R1,9597_T115-R1))),9542_T118-R1);
(9887_T081-R1,(9871_T122-R1,(((7396_T083_1-R1,9550_T124-R1),(7413_T310-R1,108_T476-R1)),(9762_T422-R1,9597_T115-R1))),9542_T118-R1);
(9887_T081-R1,(9871_T122-R1,(((7396_T083_1-R1,9550_T124-R1),(7413_T310-R1,108_T476-R1)),(9762_T422-R1,9597_T115-R1))),9542_T118-R1);
(9887_T081-R1,(9871_T122-R1,(((7396_T083_1-R1,9550_T124-R1),(7413_T310-R1,108_T476-R1)),(9762_T422-R1,9597_T115-R1))),9542_T118-R1);
(9871_T122-R1,(9887_T081-R1,(9762_T422-R1,(((7413_T310-R1,108_T476-R1),(9550_T124-R1,7396_T083_1-R1)),9597_T115-R1))),9542_T118-R1);
(9871_T122-R1,(9887_T081-R1,(9762_T422-R1,(((7413_T310-R1,108_T476-R1),(9550_T124-R1,7396_T083_1-R1)),9597_T115-R1))),9542_T118-R1);
(9871_T122-R1,(9887_T081-R1,(9762_T422-R1,(((7413_T310-R1,108_T476-R1),(9550_T124-R1,7396_T083_1-R1)),9597_T115-R1))),9542_T118-R1);
(9871_T122-R1,(9887_T081-R1,(9762_T422-R1,(((7413_T310-R1,108_T476-R1),(9550_T124-R1,7396_T083_1-R1)),9597_T115-R1))),9542_T118-R1);
(9871_T122-R1,(9887_T081-R1,(9762_T422-R1,(((7413_T310-R1,108_T476-R1),(9550_T124-R1,7396_T083_1-R1)),9597_T115-R1))),9542_T118-R1);
(9871_T122-R1,(9887_T081-R1,(9762_T422-R1,(((7413_T310-R1,108_T476-R1),(9550_T124-R1,7396_T083_1-R1)),9597_T115-R1))),9542_T118-R1);
(9871_T122-R1,(9887_T081-R1,(9762_T422-R1,(((7413_T310-R1,108_T476-R1),(9550_T124-R1,7396_T083_1-R1)),9597_T115-R1))),9542_T118-R1);
(9871_T122-R1,(9887_T081-R1,(9762_T422-R1,(((7413_T310-R1,108_T476-R1),(9550_T124-R1,7396_T083_1-R1)),9597_T115-R1))),9542_T118-R1);
(9871_T122-R1,(9887_T081-R1,(9762_T422-R1,(((7413_T310-R1,108_T476-R1),(9550_T124-R1,7396_T083_1-R1)),9597_T115-R1))),9542_T118-R1);
(9871_T122-R1,(9887_T081-R1,(9762_T422-R1,(((7413_T310-R1,108_T476-R1),(9550_T124-R1,7396_T083_1-R1)),9597_T115-R1))),9542_T118-R1);
(9871_T122-R1,(9887_T081-R1,(9597_T115-R1,(9762_T422-R1,((108_T476-R1,7413_T310-R1),(9550_T124-R1,7396_T083_1-R1))))),9542_T118-R1);
(9871_T122-R1,(9887_T081-R1,(9597_T115-R1,(9762_T422-R1,((108_T476-R1,7413_T310-R1),(9550_T124-R1,7396_T083_1-R1))))),9542_T118-R1);
(9871_T122-R1,(9887_T081-R1,(9597_T115-R1,(9762_T422-R1,((108_T476-R1,7413_T310-R1),(9550_T124-R1,7396_T083_1-R1))))),9542_T118-R1);
(9871_T122-R1,(9887_T081-R1,(9597_T115-R1,(9762_T422-R1,((108_T476-R1,7413_T310-R1),(9550_T124-R1,7396_T083_1-R1))))),9542_T118-R1);
(9871_T122-R1,(9887_T081-R1,(9597_T115-R1,(9762_T422-R1,((108_T476-R1,7413_T310-R1),(9550_T124-R1,7396_T083_1-R1))))),9542_T118-R1);
(9871_T122-R1,(9887_T081-R1,(9597_T115-R1,(9762_T422-R1,((108_T476-R1,7413_T310-R1),(9550_T124-R1,7396_T083_1-R1))))),9542_T118-R1);
(9871_T122-R1,(9887_T081-R1,(9597_T115-R1,(9762_T422-R1,((108_T476-R1,7413_T310-R1),(9550_T124-R1,7396_T083_1-R1))))),9542_T118-R1);
(9871_T122-R1,(9887_T081-R1,(9597_T115-R1,(9762_T422-R1,((108_T476-R1,7413_T310-R1),(9550_T124-R1,7396_T083_1-R1))))),9542_T118-R1);
(9871_T122-R1,(9887_T081-R1,(9597_T115-R1,(9762_T422-R1,((108_T476-R1,7413_T310-R1),(9550_T124-R1,7396_T083_1-R1))))),9542_T118-R1);
(9871_T122-R1,(9887_T081-R1,(9597_T115-R1,(9762_T422-R1,((108_T476-R1,7413_T310-R1),(9550_T124-R1,7396_T083_1-R1))))),9542_T118-R1);
(9871_T122-R1,(((((108_T476-R1,7413_T310-R1),(7396_T083_1-R1,9550_T124-R1)),9597_T115-R1),9762_T422-R1),9887_T081-R1),9542_T118-R1);
(9871_T122-R1,(((((108_T476-R1,7413_T310-R1),(7396_T083_1-R1,9550_T124-R1)),9597_T115-R1),9762_T422-R1),9887_T081-R1),9542_T118-R1);
(9871_T122-R1,(((((108_T476-R1,7413_T310-R1),(7396_T083_1-R1,9550_T124-R1)),9597_T115-R1),9762_T422-R1),9887_T081-R1),9542_T118-R1);
(9871_T122-R1,(((((108_T476-R1,7413_T310-R1),(7396_T083_1-R1,9550_T124-R1)),9597_T115-R1),9762_T422-R1),9887_T081-R1),9542_T118-R1);
(9871_T122-R1,(((((108_T476-R1,7413_T310-R1),(7396_T083_1-R1,9550_T124-R1)),9597_T115-R1),9762_T422-R1),9887_T081-R1),9542_T118-R1);
(9871_T122-R1,(((((108_T476-R1,7413_T310-R1),(7396_T083_1-R1,9550_T124-R1)),9597_T115-R1),9762_T422-R1),9887_T081-R1),9542_T118-R1);
(9871_T122-R1,(((((108_T476-R1,7413_T310-R1),(7396_T083_1-R1,9550_T124-R1)),9597_T115-R1),9762_T422-R1),9887_T081-R1),9542_T118-R1);
(9871_T122-R1,(((((108_T476-R1,7413_T310-R1),(7396_T083_1-R1,9550_T124-R1)),9597_T115-R1),9762_T422-R1),9887_T081-R1),9542_T118-R1);
(9871_T122-R1,(((((108_T476-R1,7413_T310-R1),(7396_T083_1-R1,9550_T124-R1)),9597_T115-R1),9762_T422-R1),9887_T081-R1),9542_T118-R1);
(9887_T081-R1,(9871_T122-R1,((7413_T310-R1,((7396_T083_1-R1,9550_T124-R1),108_T476-R1)),(9597_T115-R1,9762_T422-R1))),9542_T118-R1);
(9871_T122-R1,(((((9550_T124-R1,7396_T083_1-R1),(108_T476-R1,7413_T310-R1)),9597_T115-R1),9762_T422-R1),9887_T081-R1),9542_T118-R1);
(9871_T122-R1,(((((9550_T124-R1,7396_T083_1-R1),(108_T476-R1,7413_T310-R1)),9597_T115-R1),9762_T422-R1),9887_T081-R1),9542_T118-R1);
(9871_T122-R1,(((((9550_T124-R1,7396_T083_1-R1),(108_T476-R1,7413_T310-R1)),9597_T115-R1),9762_T422-R1),9887_T081-R1),9542_T118-R1);
(9871_T122-R1,(((((9550_T124-R1,7396_T083_1-R1),(108_T476-R1,7413_T310-R1)),9597_T115-R1),9762_T422-R1),9887_T081-R1),9542_T118-R1);
(9871_T122-R1,(((((9550_T124-R1,7396_T083_1-R1),(108_T476-R1,7413_T310-R1)),9597_T115-R1),9762_T422-R1),9887_T081-R1),9542_T118-R1);
(9871_T122-R1,(((((9550_T124-R1,7396_T083_1-R1),(108_T476-R1,7413_T310-R1)),9597_T115-R1),9762_T422-R1),9887_T081-R1),9542_T118-R1);
(9871_T122-R1,(((((9550_T124-R1,7396_T083_1-R1),(108_T476-R1,7413_T310-R1)),9597_T115-R1),9762_T422-R1),9887_T081-R1),9542_T118-R1);
(9871_T122-R1,(((((9550_T124-R1,7396_T083_1-R1),(108_T476-R1,7413_T310-R1)),9597_T115-R1),9762_T422-R1),9887_T081-R1),9542_T118-R1);
(9871_T122-R1,(((((9550_T124-R1,7396_T083_1-R1),(108_T476-R1,7413_T310-R1)),9597_T115-R1),9762_T422-R1),9887_T081-R1),9542_T118-R1);
(9871_T122-R1,(((((9550_T124-R1,7396_T083_1-R1),(108_T476-R1,7413_T310-R1)),9597_T115-R1),9762_T422-R1),9887_T081-R1),9542_T118-R1);
((9887_T081-R1,9871_T122-R1),((((108_T476-R1,7413_T310-R1),(7396_T083_1-R1,9550_T124-R1)),9762_T422-R1),9597_T115-R1),9542_T118-R1);
((9887_T081-R1,9871_T122-R1),((((108_T476-R1,7413_T310-R1),(7396_T083_1-R1,9550_T124-R1)),9762_T422-R1),9597_T115-R1),9542_T118-R1);
((9887_T081-R1,9871_T122-R1),((((108_T476-R1,7413_T310-R1),(7396_T083_1-R1,9550_T124-R1)),9762_T422-R1),9597_T115-R1),9542_T118-R1);
((9887_T081-R1,9871_T122-R1),((((108_T476-R1,7413_T310-R1),(7396_T083_1-R1,9550_T124-R1)),9762_T422-R1),9597_T115-R1),9542_T118-R1);
((9887_T081-R1,9871_T122-R1),((((108_T476-R1,7413_T310-R1),(7396_T083_1-R1,9550_T124-R1)),9762_T422-R1),9597_T115-R1),9542_T118-R1);
((9887_T081-R1,9871_T122-R1),((((108_T476-R1,7413_T310-R1),(7396_T083_1-R1,9550_T124-R1)),9762_T422-R1),9597_T115-R1),9542_T118-R1);
((9887_T081-R1,9871_T122-R1),((((108_T476-R1,7413_T310-R1),(7396_T083_1-R1,9550_T124-R1)),9762_T422-R1),9597_T115-R1),9542_T118-R1);
((9887_T081-R1,9871_T122-R1),((((108_T476-R1,7413_T310-R1),(7396_T083_1-R1,9550_T124-R1)),9762_T422-R1),9597_T115-R1),9542_T118-R1);
((9887_T081-R1,9871_T122-R1),((((108_T476-R1,7413_T310-R1),(7396_T083_1-R1,9550_T124-R1)),9762_T422-R1),9597_T115-R1),9542_T118-R1);
((9887_T081-R1,9871_T122-R1),((((108_T476-R1,7413_T310-R1),(7396_T083_1-R1,9550_T124-R1)),9762_T422-R1),9597_T115-R1),9542_T118-R1);
((((9762_T422-R1,((108_T476-R1,7413_T310-R1),(9550_T124-R1,7396_T083_1-R1))),9597_T115-R1),9871_T122-R1),9887_T081-R1,9542_T118-R1);
((((9762_T422-R1,((108_T476-R1,7413_T310-R1),(9550_T124-R1,7396_T083_1-R1))),9597_T115-R1),9871_T122-R1),9887_T081-R1,9542_T118-R1);
((((9762_T422-R1,((108_T476-R1,7413_T310-R1),(9550_T124-R1,7396_T083_1-R1))),9597_T115-R1),9871_T122-R1),9887_T081-R1,9542_T118-R1);
((((9762_T422-R1,((108_T476-R1,7413_T310-R1),(9550_T124-R1,7396_T083_1-R1))),9597_T115-R1),9871_T122-R1),9887_T081-R1,9542_T118-R1);
(((7413_T310-R1,((9550_T124-R1,7396_T083_1-R1),108_T476-R1)),(9871_T122-R1,9762_T422-R1)),(9597_T115-R1,9887_T081-R1),9542_T118-R1);
(9887_T081-R1,(9871_T122-R1,((9597_T115-R1,9762_T422-R1),((9550_T124-R1,7396_T083_1-R1),(108_T476-R1,7413_T310-R1)))),9542_T118-R1);
(9887_T081-R1,(9871_T122-R1,((9597_T115-R1,9762_T422-R1),((9550_T124-R1,7396_T083_1-R1),(108_T476-R1,7413_T310-R1)))),9542_T118-R1);
(9887_T081-R1,(9871_T122-R1,((9597_T115-R1,9762_T422-R1),((9550_T124-R1,7396_T083_1-R1),(108_T476-R1,7413_T310-R1)))),9542_T118-R1);
(9887_T081-R1,(9871_T122-R1,((9597_T115-R1,9762_T422-R1),((9550_T124-R1,7396_T083_1-R1),(108_T476-R1,7413_T310-R1)))),9542_T118-R1);
(9887_T081-R1,(9871_T122-R1,((9597_T115-R1,9762_T422-R1),((9550_T124-R1,7396_T083_1-R1),(108_T476-R1,7413_T310-R1)))),9542_T118-R1);
((9871_T122-R1,(((7396_T083_1-R1,9550_T124-R1),(108_T476-R1,7413_T310-R1)),(9762_T422-R1,9597_T115-R1))),9887_T081-R1,9542_T118-R1);
((9871_T122-R1,(((7396_T083_1-R1,9550_T124-R1),(108_T476-R1,7413_T310-R1)),(9762_T422-R1,9597_T115-R1))),9887_T081-R1,9542_T118-R1);
((9871_T122-R1,(((7396_T083_1-R1,9550_T124-R1),(108_T476-R1,7413_T310-R1)),(9762_T422-R1,9597_T115-R1))),9887_T081-R1,9542_T118-R1);
((9871_T122-R1,(((7396_T083_1-R1,9550_T124-R1),(108_T476-R1,7413_T310-R1)),(9762_T422-R1,9597_T115-R1))),9887_T081-R1,9542_T118-R1);
((9871_T122-R1,((7413_T310-R1,((7396_T083_1-R1,9550_T124-R1),108_T476-R1)),(9762_T422-R1,9597_T115-R1))),9887_T081-R1,9542_T118-R1);
(((((7396_T083_1-R1,9550_T124-R1),(108_T476-R1,7413_T310-R1)),(9762_T422-R1,9871_T122-R1)),9597_T115-R1),9887_T081-R1,9542_T118-R1);
(9871_T122-R1,(9887_T081-R1,(((7396_T083_1-R1,9550_T124-R1),(108_T476-R1,7413_T310-R1)),(9597_T115-R1,9762_T422-R1))),9542_T118-R1);
(9871_T122-R1,(9887_T081-R1,(((7396_T083_1-R1,9550_T124-R1),(108_T476-R1,7413_T310-R1)),(9597_T115-R1,9762_T422-R1))),9542_T118-R1);
(9871_T122-R1,(9887_T081-R1,(((7396_T083_1-R1,9550_T124-R1),(108_T476-R1,7413_T310-R1)),(9597_T115-R1,9762_T422-R1))),9542_T118-R1);
(9871_T122-R1,(9887_T081-R1,(((7396_T083_1-R1,9550_T124-R1),(108_T476-R1,7413_T310-R1)),(9597_T115-R1,9762_T422-R1))),9542_T118-R1);
(9871_T122-R1,(9887_T081-R1,(9762_T422-R1,(9597_T115-R1,((7396_T083_1-R1,9550_T124-R1),(7413_T310-R1,108_T476-R1))))),9542_T118-R1);
(9871_T122-R1,(9887_T081-R1,(9762_T422-R1,(9597_T115-R1,((7396_T083_1-R1,9550_T124-R1),(7413_T310-R1,108_T476-R1))))),9542_T118-R1);
(9871_T122-R1,(9887_T081-R1,(9762_T422-R1,(9597_T115-R1,((7396_T083_1-R1,9550_T124-R1),(7413_T310-R1,108_T476-R1))))),9542_T118-R1);
(9871_T122-R1,(9887_T081-R1,(9762_T422-R1,(9597_T115-R1,((7396_T083_1-R1,9550_T124-R1),(7413_T310-R1,108_T476-R1))))),9542_T118-R1);
(9871_T122-R1,(9887_T081-R1,(9762_T422-R1,(9597_T115-R1,((7396_T083_1-R1,9550_T124-R1),(7413_T310-R1,108_T476-R1))))),9542_T118-R1);
(9871_T122-R1,(9887_T081-R1,(9762_T422-R1,(9597_T115-R1,((7396_T083_1-R1,9550_T124-R1),(7413_T310-R1,108_T476-R1))))),9542_T118-R1);
(9871_T122-R1,(9887_T081-R1,(9762_T422-R1,(9597_T115-R1,((7396_T083_1-R1,9550_T124-R1),(7413_T310-R1,108_T476-R1))))),9542_T118-R1);
(9871_T122-R1,(9887_T081-R1,(9762_T422-R1,(9597_T115-R1,((7396_T083_1-R1,9550_T124-R1),(7413_T310-R1,108_T476-R1))))),9542_T118-R1);
(9871_T122-R1,(9887_T081-R1,(9762_T422-R1,(9597_T115-R1,((7396_T083_1-R1,9550_T124-R1),(7413_T310-R1,108_T476-R1))))),9542_T118-R1);
(9871_T122-R1,(9887_T081-R1,(9762_T422-R1,(9597_T115-R1,((7396_T083_1-R1,9550_T124-R1),(7413_T310-R1,108_T476-R1))))),9542_T118-R1);
(9871_T122-R1,(((7413_T310-R1,(108_T476-R1,(9550_T124-R1,7396_T083_1-R1))),(9597_T115-R1,9762_T422-R1)),9887_T081-R1),9542_T118-R1);
((((9550_T124-R1,7396_T083_1-R1),(7413_T310-R1,108_T476-R1)),(9597_T115-R1,9762_T422-R1)),(9887_T081-R1,9871_T122-R1),9542_T118-R1);
(((7413_T310-R1,(108_T476-R1,(9550_T124-R1,7396_T083_1-R1))),(9597_T115-R1,9762_T422-R1)),(9887_T081-R1,9871_T122-R1),9542_T118-R1);
((((9550_T124-R1,7396_T083_1-R1),(7413_T310-R1,108_T476-R1)),(9597_T115-R1,9762_T422-R1)),(9887_T081-R1,9871_T122-R1),9542_T118-R1);
((((9550_T124-R1,7396_T083_1-R1),(7413_T310-R1,108_T476-R1)),(9597_T115-R1,9762_T422-R1)),(9887_T081-R1,9871_T122-R1),9542_T118-R1);
((((9550_T124-R1,7396_T083_1-R1),(7413_T310-R1,108_T476-R1)),(9597_T115-R1,9762_T422-R1)),(9887_T081-R1,9871_T122-R1),9542_T118-R1);
((((9550_T124-R1,7396_T083_1-R1),(7413_T310-R1,108_T476-R1)),(9597_T115-R1,9762_T422-R1)),(9887_T081-R1,9871_T122-R1),9542_T118-R1);
((((9550_T124-R1,7396_T083_1-R1),(7413_T310-R1,108_T476-R1)),(9597_T115-R1,9762_T422-R1)),(9887_T081-R1,9871_T122-R1),9542_T118-R1);
((((9550_T124-R1,7396_T083_1-R1),(7413_T310-R1,108_T476-R1)),(9597_T115-R1,9762_T422-R1)),(9887_T081-R1,9871_T122-R1),9542_T118-R1);
((((9550_T124-R1,7396_T083_1-R1),(7413_T310-R1,108_T476-R1)),(9597_T115-R1,9762_T422-R1)),(9887_T081-R1,9871_T122-R1),9542_T118-R1);
