

IMPORTANT WARNING: Sequences 5993_T336-R1 and 7273_T320-R1 are exactly identical


IMPORTANT WARNING: Sequences 7416_T312-R1 and 1925_T508-R1 are exactly identical


IMPORTANT WARNING: Sequences 9550_T400-R1 and 9944_T407-R1 are exactly identical


IMPORTANT WARNING: Sequences 6939_T291-R1 and 7396_T352-R1 are exactly identical


IMPORTANT WARNING: Sequences 6939_T291-R1 and 7167_T360-R1 are exactly identical


IMPORTANT WARNING: Sequences 6939_T291-R1 and 7308_T231-R1 are exactly identical


IMPORTANT WARNING: Sequences 9533_T366-R1 and 9600_T416-R1 are exactly identical

IMPORTANT WARNING
Found 7 sequences that are exactly identical to other sequences in the alignment.
Normally they should be excluded from the analysis.

Just in case you might need it, an alignment file with 
sequence duplicates removed is printed to file ../../RAxML_tree_pbNB-ARC/Clade_Refinement_1/Int14979_63_105_L_46.afa.reduced


This is RAxML version 8.2.12 released by Alexandros Stamatakis on May 2018.

With greatly appreciated code contributions by:
Andre Aberer      (HITS)
Simon Berger      (HITS)
Alexey Kozlov     (HITS)
Kassian Kobert    (HITS)
David Dao         (KIT and HITS)
Sarah Lutteropp   (KIT and HITS)
Nick Pattengale   (Sandia)
Wayne Pfeiffer    (SDSC)
Akifumi S. Tanabe (NRIFS)
Charlie Taylor    (UF)


Alignment has 374 distinct alignment patterns

Proportion of gaps and completely undetermined characters in this alignment: 12.22%

RAxML rapid bootstrapping and subsequent ML search

Using 1 distinct models/data partitions with joint branch length optimization



Executing 100 rapid bootstrap inferences and thereafter a thorough ML search 

All free model parameters will be estimated by RAxML
ML estimate of 25 per site rate categories

Likelihood of final tree will be evaluated and optimized under GAMMA

GAMMA Model parameters will be estimated up to an accuracy of 0.1000000000 Log Likelihood units

Partition: 0
Alignment Patterns: 374
Name: No Name Provided
DataType: AA
Substitution Matrix: JTT
Using fixed base frequencies




RAxML was called as follows:

/Users/prigozhin/Installers/standard-RAxML/raxmlHPC-PTHREADS-AVX -T 2 -n Int14979_63_105_L_46.Raxml.out -f a -x 12345 -p 12345 -# 100 -m PROTCATJTT -s ../../RAxML_tree_pbNB-ARC/Clade_Refinement_1/Int14979_63_105_L_46.afa 



Time for BS model parameter optimization 0.592660
Bootstrap[0]: Time 3.291852 seconds, bootstrap likelihood -3895.080782, best rearrangement setting 13
Bootstrap[1]: Time 3.400108 seconds, bootstrap likelihood -3959.984407, best rearrangement setting 13
Bootstrap[2]: Time 2.668500 seconds, bootstrap likelihood -3921.816913, best rearrangement setting 12
Bootstrap[3]: Time 3.563193 seconds, bootstrap likelihood -3998.293338, best rearrangement setting 15
Bootstrap[4]: Time 2.886701 seconds, bootstrap likelihood -3802.218239, best rearrangement setting 10
Bootstrap[5]: Time 2.738712 seconds, bootstrap likelihood -4138.808333, best rearrangement setting 10
Bootstrap[6]: Time 2.415085 seconds, bootstrap likelihood -3748.429098, best rearrangement setting 6
Bootstrap[7]: Time 2.694849 seconds, bootstrap likelihood -3997.831095, best rearrangement setting 14
Bootstrap[8]: Time 1.902913 seconds, bootstrap likelihood -3997.882780, best rearrangement setting 5
Bootstrap[9]: Time 2.562438 seconds, bootstrap likelihood -3796.123872, best rearrangement setting 7
Bootstrap[10]: Time 2.597638 seconds, bootstrap likelihood -3952.403326, best rearrangement setting 7
Bootstrap[11]: Time 2.469174 seconds, bootstrap likelihood -4024.421905, best rearrangement setting 5
Bootstrap[12]: Time 2.262292 seconds, bootstrap likelihood -3971.788871, best rearrangement setting 8
Bootstrap[13]: Time 3.420511 seconds, bootstrap likelihood -3877.971132, best rearrangement setting 7
Bootstrap[14]: Time 3.474197 seconds, bootstrap likelihood -4015.819062, best rearrangement setting 12
Bootstrap[15]: Time 2.231441 seconds, bootstrap likelihood -3722.448633, best rearrangement setting 15
Bootstrap[16]: Time 2.574878 seconds, bootstrap likelihood -3864.515411, best rearrangement setting 12
Bootstrap[17]: Time 2.285644 seconds, bootstrap likelihood -3916.818760, best rearrangement setting 12
Bootstrap[18]: Time 2.090212 seconds, bootstrap likelihood -3963.676352, best rearrangement setting 5
Bootstrap[19]: Time 2.678723 seconds, bootstrap likelihood -3817.748061, best rearrangement setting 8
Bootstrap[20]: Time 2.379057 seconds, bootstrap likelihood -3958.101222, best rearrangement setting 10
Bootstrap[21]: Time 2.765976 seconds, bootstrap likelihood -3775.433470, best rearrangement setting 6
Bootstrap[22]: Time 2.141600 seconds, bootstrap likelihood -4010.432052, best rearrangement setting 5
Bootstrap[23]: Time 3.064173 seconds, bootstrap likelihood -3906.584266, best rearrangement setting 7
Bootstrap[24]: Time 3.488527 seconds, bootstrap likelihood -3797.418257, best rearrangement setting 8
Bootstrap[25]: Time 2.261376 seconds, bootstrap likelihood -4140.674445, best rearrangement setting 6
Bootstrap[26]: Time 2.524884 seconds, bootstrap likelihood -3899.092025, best rearrangement setting 12
Bootstrap[27]: Time 2.537716 seconds, bootstrap likelihood -3818.360539, best rearrangement setting 10
Bootstrap[28]: Time 2.690479 seconds, bootstrap likelihood -3843.614790, best rearrangement setting 11
Bootstrap[29]: Time 2.821442 seconds, bootstrap likelihood -3949.110210, best rearrangement setting 12
Bootstrap[30]: Time 2.466337 seconds, bootstrap likelihood -3949.060061, best rearrangement setting 15
Bootstrap[31]: Time 3.192851 seconds, bootstrap likelihood -4000.558382, best rearrangement setting 15
Bootstrap[32]: Time 1.580454 seconds, bootstrap likelihood -3921.888768, best rearrangement setting 6
Bootstrap[33]: Time 2.239279 seconds, bootstrap likelihood -3857.404816, best rearrangement setting 15
Bootstrap[34]: Time 1.994669 seconds, bootstrap likelihood -3819.705505, best rearrangement setting 11
Bootstrap[35]: Time 2.319101 seconds, bootstrap likelihood -3913.838862, best rearrangement setting 8
Bootstrap[36]: Time 2.584597 seconds, bootstrap likelihood -3856.037943, best rearrangement setting 9
Bootstrap[37]: Time 2.832075 seconds, bootstrap likelihood -3850.172561, best rearrangement setting 11
Bootstrap[38]: Time 3.302966 seconds, bootstrap likelihood -3993.637902, best rearrangement setting 8
Bootstrap[39]: Time 2.649256 seconds, bootstrap likelihood -3903.677041, best rearrangement setting 13
Bootstrap[40]: Time 2.068226 seconds, bootstrap likelihood -3805.614674, best rearrangement setting 13
Bootstrap[41]: Time 2.386328 seconds, bootstrap likelihood -3943.213627, best rearrangement setting 10
Bootstrap[42]: Time 1.931261 seconds, bootstrap likelihood -4025.680320, best rearrangement setting 5
Bootstrap[43]: Time 4.360673 seconds, bootstrap likelihood -3807.520306, best rearrangement setting 14
Bootstrap[44]: Time 2.896420 seconds, bootstrap likelihood -3892.420738, best rearrangement setting 10
Bootstrap[45]: Time 3.105825 seconds, bootstrap likelihood -3833.275029, best rearrangement setting 15
Bootstrap[46]: Time 2.722462 seconds, bootstrap likelihood -3818.525464, best rearrangement setting 14
Bootstrap[47]: Time 2.694648 seconds, bootstrap likelihood -3856.861547, best rearrangement setting 8
Bootstrap[48]: Time 2.717665 seconds, bootstrap likelihood -4142.642770, best rearrangement setting 6
Bootstrap[49]: Time 2.829817 seconds, bootstrap likelihood -3889.944401, best rearrangement setting 7
Bootstrap[50]: Time 2.319778 seconds, bootstrap likelihood -3972.684434, best rearrangement setting 7
Bootstrap[51]: Time 2.688493 seconds, bootstrap likelihood -3792.037259, best rearrangement setting 11
Bootstrap[52]: Time 2.868202 seconds, bootstrap likelihood -3946.258022, best rearrangement setting 12
Bootstrap[53]: Time 2.681178 seconds, bootstrap likelihood -3841.640205, best rearrangement setting 8
Bootstrap[54]: Time 2.351299 seconds, bootstrap likelihood -4090.200958, best rearrangement setting 9
Bootstrap[55]: Time 2.718207 seconds, bootstrap likelihood -3643.801398, best rearrangement setting 11
Bootstrap[56]: Time 2.347106 seconds, bootstrap likelihood -3890.549842, best rearrangement setting 5
Bootstrap[57]: Time 3.311293 seconds, bootstrap likelihood -3963.640121, best rearrangement setting 7
Bootstrap[58]: Time 2.356776 seconds, bootstrap likelihood -3999.118198, best rearrangement setting 10
Bootstrap[59]: Time 2.769876 seconds, bootstrap likelihood -3862.950439, best rearrangement setting 9
Bootstrap[60]: Time 2.333538 seconds, bootstrap likelihood -4056.992375, best rearrangement setting 7
Bootstrap[61]: Time 2.553757 seconds, bootstrap likelihood -3857.017843, best rearrangement setting 5
Bootstrap[62]: Time 3.507359 seconds, bootstrap likelihood -3871.768359, best rearrangement setting 11
Bootstrap[63]: Time 2.712474 seconds, bootstrap likelihood -4034.756561, best rearrangement setting 12
Bootstrap[64]: Time 3.343438 seconds, bootstrap likelihood -4035.487617, best rearrangement setting 7
Bootstrap[65]: Time 2.401297 seconds, bootstrap likelihood -3847.439464, best rearrangement setting 5
Bootstrap[66]: Time 2.375208 seconds, bootstrap likelihood -3865.493467, best rearrangement setting 5
Bootstrap[67]: Time 2.238408 seconds, bootstrap likelihood -3873.395247, best rearrangement setting 15
Bootstrap[68]: Time 3.171360 seconds, bootstrap likelihood -3953.515226, best rearrangement setting 11
Bootstrap[69]: Time 1.948119 seconds, bootstrap likelihood -3894.658929, best rearrangement setting 5
Bootstrap[70]: Time 2.351298 seconds, bootstrap likelihood -3858.963136, best rearrangement setting 8
Bootstrap[71]: Time 2.787818 seconds, bootstrap likelihood -3921.476943, best rearrangement setting 10
Bootstrap[72]: Time 3.277777 seconds, bootstrap likelihood -3797.910034, best rearrangement setting 11
Bootstrap[73]: Time 2.464980 seconds, bootstrap likelihood -4034.880950, best rearrangement setting 9
Bootstrap[74]: Time 2.181233 seconds, bootstrap likelihood -3901.698438, best rearrangement setting 5
Bootstrap[75]: Time 3.037205 seconds, bootstrap likelihood -3974.551228, best rearrangement setting 8
Bootstrap[76]: Time 3.267024 seconds, bootstrap likelihood -3756.781482, best rearrangement setting 9
Bootstrap[77]: Time 3.500982 seconds, bootstrap likelihood -4170.828848, best rearrangement setting 11
Bootstrap[78]: Time 2.721831 seconds, bootstrap likelihood -4139.394564, best rearrangement setting 15
Bootstrap[79]: Time 2.763250 seconds, bootstrap likelihood -3889.467660, best rearrangement setting 9
Bootstrap[80]: Time 4.025896 seconds, bootstrap likelihood -3782.512703, best rearrangement setting 15
Bootstrap[81]: Time 3.155472 seconds, bootstrap likelihood -3932.061324, best rearrangement setting 7
Bootstrap[82]: Time 2.346458 seconds, bootstrap likelihood -3791.133093, best rearrangement setting 6
Bootstrap[83]: Time 2.027720 seconds, bootstrap likelihood -3865.241605, best rearrangement setting 10
Bootstrap[84]: Time 2.662353 seconds, bootstrap likelihood -3926.527272, best rearrangement setting 11
Bootstrap[85]: Time 2.945462 seconds, bootstrap likelihood -3914.769720, best rearrangement setting 8
Bootstrap[86]: Time 2.875255 seconds, bootstrap likelihood -3883.828058, best rearrangement setting 7
Bootstrap[87]: Time 3.078320 seconds, bootstrap likelihood -4012.549302, best rearrangement setting 7
Bootstrap[88]: Time 2.805532 seconds, bootstrap likelihood -4041.372561, best rearrangement setting 12
Bootstrap[89]: Time 4.141290 seconds, bootstrap likelihood -3879.227500, best rearrangement setting 10
Bootstrap[90]: Time 2.092564 seconds, bootstrap likelihood -3912.154227, best rearrangement setting 8
Bootstrap[91]: Time 3.441568 seconds, bootstrap likelihood -3993.577072, best rearrangement setting 12
Bootstrap[92]: Time 3.045708 seconds, bootstrap likelihood -3966.977354, best rearrangement setting 13
Bootstrap[93]: Time 2.838072 seconds, bootstrap likelihood -4021.933808, best rearrangement setting 15
Bootstrap[94]: Time 2.192649 seconds, bootstrap likelihood -4133.231387, best rearrangement setting 5
Bootstrap[95]: Time 2.470704 seconds, bootstrap likelihood -3873.346751, best rearrangement setting 5
Bootstrap[96]: Time 2.954423 seconds, bootstrap likelihood -3933.793888, best rearrangement setting 13
Bootstrap[97]: Time 3.016569 seconds, bootstrap likelihood -4240.144439, best rearrangement setting 11
Bootstrap[98]: Time 2.403158 seconds, bootstrap likelihood -3993.862478, best rearrangement setting 6
Bootstrap[99]: Time 3.105489 seconds, bootstrap likelihood -3938.979178, best rearrangement setting 14


Overall Time for 100 Rapid Bootstraps 272.792727 seconds
Average Time per Rapid Bootstrap 2.727927 seconds

Starting ML Search ...

Fast ML optimization finished

Fast ML search Time: 201.449221 seconds

Slow ML Search 0 Likelihood: -4354.814394
Slow ML Search 1 Likelihood: -4354.814394
Slow ML Search 2 Likelihood: -4354.814392
Slow ML Search 3 Likelihood: -4354.814392
Slow ML Search 4 Likelihood: -4354.814395
Slow ML Search 5 Likelihood: -4354.814388
Slow ML Search 6 Likelihood: -4354.814392
Slow ML Search 7 Likelihood: -4354.814392
Slow ML Search 8 Likelihood: -4354.814390
Slow ML Search 9 Likelihood: -4354.814391
Slow ML optimization finished

Slow ML search Time: 108.973458 seconds
Thorough ML search Time: 12.315484 seconds

Final ML Optimization Likelihood: -4354.758188

Model Information:

Model Parameters of Partition 0, Name: No Name Provided, Type of Data: AA
alpha: 0.188843
Tree-Length: 0.282916
rate A <-> R: 0.603538
rate A <-> N: 0.561915
rate A <-> D: 0.842872
rate A <-> C: 0.582726
rate A <-> Q: 0.593132
rate A <-> E: 1.092612
rate A <-> G: 1.862643
rate A <-> H: 0.280957
rate A <-> I: 0.374610
rate A <-> L: 0.312175
rate A <-> K: 0.364204
rate A <-> M: 0.561915
rate A <-> F: 0.156087
rate A <-> P: 2.018730
rate A <-> S: 3.933403
rate A <-> T: 4.942768
rate A <-> W: 0.093652
rate A <-> Y: 0.114464
rate A <-> V: 3.100937
rate R <-> N: 0.468262
rate R <-> D: 0.166493
rate R <-> C: 1.175858
rate R <-> Q: 3.225806
rate R <-> E: 0.301769
rate R <-> G: 1.425598
rate R <-> H: 3.413111
rate R <-> I: 0.228928
rate R <-> L: 0.395421
rate R <-> K: 6.722164
rate R <-> M: 0.457856
rate R <-> F: 0.052029
rate R <-> P: 0.770031
rate R <-> S: 1.050989
rate R <-> T: 0.665973
rate R <-> W: 1.311134
rate R <-> Y: 0.208117
rate R <-> V: 0.176899
rate N <-> D: 5.494277
rate N <-> C: 0.353798
rate N <-> Q: 0.894901
rate N <-> E: 0.603538
rate N <-> G: 0.842872
rate N <-> H: 4.068678
rate N <-> I: 0.489074
rate N <-> L: 0.124870
rate N <-> K: 2.736733
rate N <-> M: 0.312175
rate N <-> F: 0.104058
rate N <-> P: 0.156087
rate N <-> S: 5.234131
rate N <-> T: 2.414152
rate N <-> W: 0.083247
rate N <-> Y: 0.728408
rate N <-> V: 0.166493
rate D <-> C: 0.104058
rate D <-> Q: 0.509886
rate D <-> E: 7.981270
rate D <-> G: 1.352758
rate D <-> H: 1.165453
rate D <-> I: 0.114464
rate D <-> L: 0.072841
rate D <-> K: 0.270552
rate D <-> M: 0.156087
rate D <-> F: 0.041623
rate D <-> P: 0.156087
rate D <-> S: 0.613944
rate D <-> T: 0.395421
rate D <-> W: 0.041623
rate D <-> Y: 0.478668
rate D <-> V: 0.322581
rate C <-> Q: 0.093652
rate C <-> E: 0.052029
rate C <-> G: 0.613944
rate C <-> H: 0.718002
rate C <-> I: 0.176899
rate C <-> L: 0.239334
rate C <-> K: 0.072841
rate C <-> M: 0.322581
rate C <-> F: 0.811655
rate C <-> P: 0.145682
rate C <-> S: 2.320499
rate C <-> T: 0.437045
rate C <-> W: 1.196670
rate C <-> Y: 2.174818
rate C <-> V: 0.645161
rate Q <-> E: 3.361082
rate Q <-> G: 0.270552
rate Q <-> H: 6.212279
rate Q <-> I: 0.093652
rate Q <-> L: 0.749220
rate Q <-> K: 3.038502
rate Q <-> M: 0.447451
rate Q <-> F: 0.041623
rate Q <-> P: 1.706556
rate Q <-> S: 0.551509
rate Q <-> T: 0.530697
rate Q <-> W: 0.187305
rate Q <-> Y: 0.249740
rate Q <-> V: 0.208117
rate E <-> G: 1.238293
rate E <-> H: 0.270552
rate E <-> I: 0.124870
rate E <-> L: 0.093652
rate E <-> K: 1.883455
rate E <-> M: 0.187305
rate E <-> F: 0.052029
rate E <-> P: 0.187305
rate E <-> S: 0.312175
rate E <-> T: 0.332986
rate E <-> W: 0.104058
rate E <-> Y: 0.072841
rate E <-> V: 0.468262
rate G <-> H: 0.239334
rate G <-> I: 0.062435
rate G <-> L: 0.062435
rate G <-> K: 0.280957
rate G <-> M: 0.145682
rate G <-> F: 0.052029
rate G <-> P: 0.249740
rate G <-> S: 2.091571
rate G <-> T: 0.343392
rate G <-> W: 0.572320
rate G <-> Y: 0.083247
rate G <-> V: 0.489074
rate H <-> I: 0.166493
rate H <-> L: 0.582726
rate H <-> K: 0.468262
rate H <-> M: 0.343392
rate H <-> F: 0.416233
rate H <-> P: 1.196670
rate H <-> S: 0.759625
rate H <-> T: 0.478668
rate H <-> W: 0.083247
rate H <-> Y: 5.962539
rate H <-> V: 0.114464
rate I <-> L: 2.382934
rate I <-> K: 0.218522
rate I <-> M: 4.984391
rate I <-> F: 0.926119
rate I <-> P: 0.104058
rate I <-> S: 0.416233
rate I <-> T: 2.549428
rate I <-> W: 0.093652
rate I <-> Y: 0.332986
rate I <-> V: 10.000000
rate L <-> K: 0.145682
rate L <-> M: 4.037461
rate L <-> F: 2.580645
rate L <-> P: 1.061394
rate L <-> S: 0.613944
rate L <-> T: 0.260146
rate L <-> W: 0.541103
rate L <-> Y: 0.249740
rate L <-> V: 1.873049
rate K <-> M: 0.676379
rate K <-> F: 0.041623
rate K <-> P: 0.218522
rate K <-> S: 0.489074
rate K <-> T: 1.071800
rate K <-> W: 0.104058
rate K <-> Y: 0.083247
rate K <-> V: 0.145682
rate M <-> F: 0.447451
rate M <-> P: 0.166493
rate M <-> S: 0.301769
rate M <-> T: 2.351717
rate M <-> W: 0.249740
rate M <-> Y: 0.187305
rate M <-> V: 3.361082
rate F <-> P: 0.176899
rate F <-> S: 0.957336
rate F <-> T: 0.124870
rate F <-> W: 0.551509
rate F <-> Y: 5.577523
rate F <-> V: 0.645161
rate P <-> S: 2.965661
rate P <-> T: 1.227888
rate P <-> W: 0.062435
rate P <-> Y: 0.104058
rate P <-> V: 0.239334
rate S <-> T: 4.963580
rate S <-> W: 0.364204
rate S <-> Y: 0.655567
rate S <-> V: 0.395421
rate T <-> W: 0.124870
rate T <-> Y: 0.218522
rate T <-> V: 1.165453
rate W <-> Y: 0.738814
rate W <-> V: 0.260146
rate Y <-> V: 0.166493

freq pi(A): 0.076748
freq pi(R): 0.051691
freq pi(N): 0.042645
freq pi(D): 0.051544
freq pi(C): 0.019803
freq pi(Q): 0.040752
freq pi(E): 0.061830
freq pi(G): 0.073152
freq pi(H): 0.022944
freq pi(I): 0.053761
freq pi(L): 0.091904
freq pi(K): 0.058676
freq pi(M): 0.023826
freq pi(F): 0.040126
freq pi(P): 0.050901
freq pi(S): 0.068765
freq pi(T): 0.058565
freq pi(W): 0.014261
freq pi(Y): 0.032102
freq pi(V): 0.066004


ML search took 322.782638 secs or 0.089662 hours

Combined Bootstrap and ML search took 595.575561 secs or 0.165438 hours

Drawing Bootstrap Support Values on best-scoring ML tree ...



Found 1 tree in File /Users/prigozhin/Dropbox/NLRomes/Atha_SnkMk_NLRome/RAxML_tree_pbNB-ARC/Clade_Refinement_1/RAxML_bestTree.Int14979_63_105_L_46.Raxml.out



Found 1 tree in File /Users/prigozhin/Dropbox/NLRomes/Atha_SnkMk_NLRome/RAxML_tree_pbNB-ARC/Clade_Refinement_1/RAxML_bestTree.Int14979_63_105_L_46.Raxml.out

Program execution info written to /Users/prigozhin/Dropbox/NLRomes/Atha_SnkMk_NLRome/RAxML_tree_pbNB-ARC/Clade_Refinement_1/RAxML_info.Int14979_63_105_L_46.Raxml.out
All 100 bootstrapped trees written to: /Users/prigozhin/Dropbox/NLRomes/Atha_SnkMk_NLRome/RAxML_tree_pbNB-ARC/Clade_Refinement_1/RAxML_bootstrap.Int14979_63_105_L_46.Raxml.out

Best-scoring ML tree written to: /Users/prigozhin/Dropbox/NLRomes/Atha_SnkMk_NLRome/RAxML_tree_pbNB-ARC/Clade_Refinement_1/RAxML_bestTree.Int14979_63_105_L_46.Raxml.out

Best-scoring ML tree with support values written to: /Users/prigozhin/Dropbox/NLRomes/Atha_SnkMk_NLRome/RAxML_tree_pbNB-ARC/Clade_Refinement_1/RAxML_bipartitions.Int14979_63_105_L_46.Raxml.out

Best-scoring ML tree with support values as branch labels written to: /Users/prigozhin/Dropbox/NLRomes/Atha_SnkMk_NLRome/RAxML_tree_pbNB-ARC/Clade_Refinement_1/RAxML_bipartitionsBranchLabels.Int14979_63_105_L_46.Raxml.out

Overall execution time for full ML analysis: 595.587230 secs or 0.165441 hours or 0.006893 days

