(((5993_T357-R1,(9784_T490-R1,((7273_T288-R1,6899_T392-R1),9792_T416-R1))),7067_T346-R1),((7413_T255-R1,((9597_T486-R1,7213_T328-R1),9669_T338-R1)),(((7373_T264-R1,(6981_T380-R1,(108_T481-R1,9533_T336-R1))),7416_T208-R1),(9869_T381-R1,(1925_T588-R1,9764_T360-R1)))),7186_T361-R1);
(((5993_T357-R1,(9784_T490-R1,((7273_T288-R1,6899_T392-R1),9792_T416-R1))),7067_T346-R1),((7413_T255-R1,((9597_T486-R1,7213_T328-R1),9669_T338-R1)),(((7373_T264-R1,(6981_T380-R1,(108_T481-R1,9533_T336-R1))),7416_T208-R1),(9869_T381-R1,(1925_T588-R1,9764_T360-R1)))),7186_T361-R1);
(((5993_T357-R1,(9784_T490-R1,((7273_T288-R1,6899_T392-R1),9792_T416-R1))),7067_T346-R1),((7413_T255-R1,((9597_T486-R1,7213_T328-R1),9669_T338-R1)),(((7373_T264-R1,(6981_T380-R1,(108_T481-R1,9533_T336-R1))),7416_T208-R1),(9869_T381-R1,(1925_T588-R1,9764_T360-R1)))),7186_T361-R1);
(((5993_T357-R1,(9784_T490-R1,((7273_T288-R1,6899_T392-R1),9792_T416-R1))),7067_T346-R1),((7413_T255-R1,((9597_T486-R1,7213_T328-R1),9669_T338-R1)),(((7373_T264-R1,(6981_T380-R1,(108_T481-R1,9533_T336-R1))),7416_T208-R1),(9869_T381-R1,(1925_T588-R1,9764_T360-R1)))),7186_T361-R1);
(7373_T264-R1,(((7416_T208-R1,6981_T380-R1),(108_T481-R1,9533_T336-R1)),(((9869_T381-R1,(1925_T588-R1,9764_T360-R1)),(9784_T490-R1,(((7273_T288-R1,6899_T392-R1),9792_T416-R1),((7413_T255-R1,((9597_T486-R1,7213_T328-R1),9669_T338-R1)),5993_T357-R1)))),7067_T346-R1)),7186_T361-R1);
((7067_T346-R1,((((5993_T357-R1,6899_T392-R1),9792_T416-R1),9784_T490-R1),7273_T288-R1)),(((9597_T486-R1,7213_T328-R1),7413_T255-R1),(9669_T338-R1,(((7373_T264-R1,(6981_T380-R1,(7416_T208-R1,108_T481-R1))),9533_T336-R1),(9869_T381-R1,(1925_T588-R1,9764_T360-R1))))),7186_T361-R1);
(7373_T264-R1,((9869_T381-R1,(1925_T588-R1,9764_T360-R1)),((((((9669_T338-R1,5993_T357-R1),6899_T392-R1),9784_T490-R1),7273_T288-R1),(9792_T416-R1,((9597_T486-R1,7213_T328-R1),7413_T255-R1))),(7067_T346-R1,(108_T481-R1,(6981_T380-R1,(7416_T208-R1,9533_T336-R1)))))),7186_T361-R1);
(7373_T264-R1,((9869_T381-R1,(1925_T588-R1,9764_T360-R1)),((((((9669_T338-R1,5993_T357-R1),6899_T392-R1),9784_T490-R1),7273_T288-R1),(9792_T416-R1,((9597_T486-R1,7213_T328-R1),7413_T255-R1))),(7067_T346-R1,(108_T481-R1,(6981_T380-R1,(7416_T208-R1,9533_T336-R1)))))),7186_T361-R1);
((1925_T588-R1,9764_T360-R1),((((7067_T346-R1,((((9792_T416-R1,7273_T288-R1),6899_T392-R1),9784_T490-R1),5993_T357-R1)),(7213_T328-R1,((9669_T338-R1,9597_T486-R1),7413_T255-R1))),(7373_T264-R1,(108_T481-R1,(6981_T380-R1,(7416_T208-R1,9533_T336-R1))))),9869_T381-R1),7186_T361-R1);
((9869_T381-R1,(1925_T588-R1,9764_T360-R1)),(((7373_T264-R1,((6981_T380-R1,(7416_T208-R1,9533_T336-R1)),108_T481-R1)),(9669_T338-R1,((7213_T328-R1,7413_T255-R1),9597_T486-R1))),(7067_T346-R1,((((9784_T490-R1,9792_T416-R1),7273_T288-R1),6899_T392-R1),5993_T357-R1))),7186_T361-R1);
(7373_T264-R1,((108_T481-R1,((7416_T208-R1,6981_T380-R1),9533_T336-R1)),(((1925_T588-R1,9764_T360-R1),9869_T381-R1),((7067_T346-R1,((9784_T490-R1,(9792_T416-R1,7273_T288-R1)),(6899_T392-R1,5993_T357-R1))),((7413_T255-R1,(7213_T328-R1,9669_T338-R1)),9597_T486-R1)))),7186_T361-R1);
(7067_T346-R1,(((((7413_T255-R1,(7213_T328-R1,9669_T338-R1)),9597_T486-R1),(9784_T490-R1,(9792_T416-R1,7273_T288-R1))),(6899_T392-R1,5993_T357-R1)),((7373_T264-R1,(108_T481-R1,((7416_T208-R1,6981_T380-R1),9533_T336-R1))),((1925_T588-R1,9764_T360-R1),9869_T381-R1))),7186_T361-R1);
(((7373_T264-R1,((108_T481-R1,6981_T380-R1),(7416_T208-R1,9533_T336-R1))),((1925_T588-R1,9764_T360-R1),9869_T381-R1)),((7067_T346-R1,(((9784_T490-R1,6899_T392-R1),5993_T357-R1),(9792_T416-R1,7273_T288-R1))),((7413_T255-R1,(7213_T328-R1,9669_T338-R1)),9597_T486-R1)),7186_T361-R1);
(((7373_T264-R1,((6981_T380-R1,9533_T336-R1),(7416_T208-R1,108_T481-R1))),((1925_T588-R1,9764_T360-R1),9869_T381-R1)),((7067_T346-R1,((9784_T490-R1,6899_T392-R1),((5993_T357-R1,9792_T416-R1),7273_T288-R1))),((7213_T328-R1,(9669_T338-R1,7413_T255-R1)),9597_T486-R1)),7186_T361-R1);
(7373_T264-R1,(((6981_T380-R1,9533_T336-R1),(7416_T208-R1,108_T481-R1)),(((1925_T588-R1,9764_T360-R1),9869_T381-R1),((7067_T346-R1,((9784_T490-R1,6899_T392-R1),((5993_T357-R1,9792_T416-R1),7273_T288-R1))),((7213_T328-R1,(9669_T338-R1,7413_T255-R1)),9597_T486-R1)))),7186_T361-R1);
(7373_T264-R1,(((6981_T380-R1,9533_T336-R1),(7416_T208-R1,108_T481-R1)),(((1925_T588-R1,9764_T360-R1),9869_T381-R1),((7067_T346-R1,((9784_T490-R1,6899_T392-R1),((5993_T357-R1,9792_T416-R1),7273_T288-R1))),((7213_T328-R1,(9669_T338-R1,7413_T255-R1)),9597_T486-R1)))),7186_T361-R1);
((((((5993_T357-R1,9784_T490-R1),7273_T288-R1),9792_T416-R1),(((6899_T392-R1,7213_T328-R1),(9669_T338-R1,7413_T255-R1)),9597_T486-R1)),((7373_T264-R1,((9533_T336-R1,(7416_T208-R1,6981_T380-R1)),108_T481-R1)),((1925_T588-R1,9764_T360-R1),9869_T381-R1))),7067_T346-R1,7186_T361-R1);
((((7373_T264-R1,((9533_T336-R1,108_T481-R1),(7416_T208-R1,6981_T380-R1))),((1925_T588-R1,9764_T360-R1),9869_T381-R1)),(((5993_T357-R1,7273_T288-R1),(9784_T490-R1,(9792_T416-R1,9597_T486-R1))),(((6899_T392-R1,7213_T328-R1),7413_T255-R1),9669_T338-R1))),7067_T346-R1,7186_T361-R1);
((((7373_T264-R1,((9533_T336-R1,108_T481-R1),(7416_T208-R1,6981_T380-R1))),((1925_T588-R1,9764_T360-R1),9869_T381-R1)),(((5993_T357-R1,7273_T288-R1),(9784_T490-R1,(9792_T416-R1,9597_T486-R1))),(((6899_T392-R1,7213_T328-R1),7413_T255-R1),9669_T338-R1))),7067_T346-R1,7186_T361-R1);
(((7373_T264-R1,((9533_T336-R1,(108_T481-R1,7416_T208-R1)),6981_T380-R1)),((1925_T588-R1,9764_T360-R1),9869_T381-R1)),((7067_T346-R1,(9792_T416-R1,((9784_T490-R1,7273_T288-R1),(5993_T357-R1,6899_T392-R1)))),((9597_T486-R1,(7213_T328-R1,9669_T338-R1)),7413_T255-R1)),7186_T361-R1);
((7213_T328-R1,(((9869_T381-R1,(9764_T360-R1,1925_T588-R1)),(108_T481-R1,(9533_T336-R1,(6981_T380-R1,(7373_T264-R1,7416_T208-R1))))),7413_T255-R1)),(((((((9792_T416-R1,5993_T357-R1),7273_T288-R1),7067_T346-R1),6899_T392-R1),9784_T490-R1),9597_T486-R1),9669_T338-R1),7186_T361-R1);
((((9533_T336-R1,(6981_T380-R1,7416_T208-R1)),108_T481-R1),((((7213_T328-R1,9669_T338-R1),(9597_T486-R1,7413_T255-R1)),(((6899_T392-R1,9784_T490-R1),((9792_T416-R1,5993_T357-R1),7273_T288-R1)),7067_T346-R1)),(9869_T381-R1,(9764_T360-R1,1925_T588-R1)))),7373_T264-R1,7186_T361-R1);
(((((((6899_T392-R1,9784_T490-R1),9792_T416-R1),5993_T357-R1),7273_T288-R1),7067_T346-R1),((7213_T328-R1,9669_T338-R1),(9597_T486-R1,7413_T255-R1))),((9869_T381-R1,(9764_T360-R1,1925_T588-R1)),((((6981_T380-R1,7416_T208-R1),108_T481-R1),9533_T336-R1),7373_T264-R1)),7186_T361-R1);
(7373_T264-R1,(((((((9784_T490-R1,5993_T357-R1),(6899_T392-R1,7273_T288-R1)),9792_T416-R1),((7213_T328-R1,9669_T338-R1),(9597_T486-R1,7413_T255-R1))),(9869_T381-R1,(9764_T360-R1,1925_T588-R1))),7067_T346-R1),(6981_T380-R1,(108_T481-R1,(9533_T336-R1,7416_T208-R1)))),7186_T361-R1);
(7373_T264-R1,((((7067_T346-R1,(((9784_T490-R1,5993_T357-R1),7273_T288-R1),(6899_T392-R1,9792_T416-R1))),((7213_T328-R1,9669_T338-R1),(9597_T486-R1,7413_T255-R1))),(9869_T381-R1,(9764_T360-R1,1925_T588-R1))),((108_T481-R1,(9533_T336-R1,7416_T208-R1)),6981_T380-R1)),7186_T361-R1);
(((7067_T346-R1,(((9784_T490-R1,5993_T357-R1),7273_T288-R1),(6899_T392-R1,9792_T416-R1))),((7213_T328-R1,9669_T338-R1),(9597_T486-R1,7413_T255-R1))),((9869_T381-R1,(9764_T360-R1,1925_T588-R1)),((9533_T336-R1,((108_T481-R1,7416_T208-R1),6981_T380-R1)),7373_T264-R1)),7186_T361-R1);
(7067_T346-R1,((((((9784_T490-R1,5993_T357-R1),7273_T288-R1),9792_T416-R1),(7213_T328-R1,(9597_T486-R1,7413_T255-R1))),9669_T338-R1),(6899_T392-R1,((9869_T381-R1,(9764_T360-R1,1925_T588-R1)),(108_T481-R1,((7416_T208-R1,(6981_T380-R1,9533_T336-R1)),7373_T264-R1))))),7186_T361-R1);
(((7213_T328-R1,(9597_T486-R1,7413_T255-R1)),9669_T338-R1),(((9869_T381-R1,(9764_T360-R1,1925_T588-R1)),((108_T481-R1,(7416_T208-R1,(6981_T380-R1,9533_T336-R1))),7373_T264-R1)),(((6899_T392-R1,((9784_T490-R1,5993_T357-R1),7273_T288-R1)),7067_T346-R1),9792_T416-R1)),7186_T361-R1);
((9869_T381-R1,(9764_T360-R1,1925_T588-R1)),(7373_T264-R1,((7416_T208-R1,((108_T481-R1,6981_T380-R1),9533_T336-R1)),((((6899_T392-R1,(((9784_T490-R1,5993_T357-R1),7273_T288-R1),9792_T416-R1)),7067_T346-R1),(7213_T328-R1,(9597_T486-R1,7413_T255-R1))),9669_T338-R1))),7186_T361-R1);
(((((7416_T208-R1,108_T481-R1),6981_T380-R1),9533_T336-R1),(((9669_T338-R1,(((6899_T392-R1,(9784_T490-R1,5993_T357-R1)),7273_T288-R1),9792_T416-R1)),(7213_T328-R1,(9597_T486-R1,7413_T255-R1))),(7067_T346-R1,(9869_T381-R1,(9764_T360-R1,1925_T588-R1))))),7373_T264-R1,7186_T361-R1);
((7213_T328-R1,((9784_T490-R1,(7067_T346-R1,(7273_T288-R1,(5993_T357-R1,(6899_T392-R1,9792_T416-R1))))),(7413_T255-R1,((7373_T264-R1,((6981_T380-R1,(108_T481-R1,(9533_T336-R1,7416_T208-R1))),(9869_T381-R1,(9764_T360-R1,1925_T588-R1)))),9669_T338-R1)))),9597_T486-R1,7186_T361-R1);
((9869_T381-R1,(9764_T360-R1,1925_T588-R1)),(((9669_T338-R1,(9597_T486-R1,7213_T328-R1)),((5993_T357-R1,((6899_T392-R1,9792_T416-R1),7273_T288-R1)),(9784_T490-R1,7413_T255-R1))),((7373_T264-R1,7067_T346-R1),((6981_T380-R1,(108_T481-R1,9533_T336-R1)),7416_T208-R1))),7186_T361-R1);
(((7373_T264-R1,((7416_T208-R1,6981_T380-R1),(108_T481-R1,9533_T336-R1))),(9869_T381-R1,(9764_T360-R1,1925_T588-R1))),((7413_T255-R1,(9597_T486-R1,9669_T338-R1)),(7213_T328-R1,(7067_T346-R1,((9784_T490-R1,5993_T357-R1),((6899_T392-R1,9792_T416-R1),7273_T288-R1))))),7186_T361-R1);
((9869_T381-R1,(9764_T360-R1,1925_T588-R1)),((((7213_T328-R1,7413_T255-R1),(9597_T486-R1,9669_T338-R1)),(7067_T346-R1,((9784_T490-R1,5993_T357-R1),((6899_T392-R1,9792_T416-R1),7273_T288-R1)))),(7373_T264-R1,(7416_T208-R1,(6981_T380-R1,(108_T481-R1,9533_T336-R1))))),7186_T361-R1);
(7373_T264-R1,(((6981_T380-R1,(7416_T208-R1,9533_T336-R1)),108_T481-R1),((9869_T381-R1,(9764_T360-R1,1925_T588-R1)),(((7213_T328-R1,7413_T255-R1),(9597_T486-R1,9669_T338-R1)),(7067_T346-R1,((9784_T490-R1,5993_T357-R1),((6899_T392-R1,9792_T416-R1),7273_T288-R1)))))),7186_T361-R1);
(((((6981_T380-R1,108_T481-R1),(7416_T208-R1,9533_T336-R1)),7373_T264-R1),(9869_T381-R1,(9764_T360-R1,1925_T588-R1))),((7067_T346-R1,(5993_T357-R1,(6899_T392-R1,(9792_T416-R1,(9784_T490-R1,7273_T288-R1))))),(9669_T338-R1,((7213_T328-R1,9597_T486-R1),7413_T255-R1))),7186_T361-R1);
(7373_T264-R1,(((9869_T381-R1,(9764_T360-R1,1925_T588-R1)),((7067_T346-R1,(5993_T357-R1,(6899_T392-R1,(9792_T416-R1,(9784_T490-R1,7273_T288-R1))))),(9669_T338-R1,((7213_T328-R1,9597_T486-R1),7413_T255-R1)))),((6981_T380-R1,108_T481-R1),(7416_T208-R1,9533_T336-R1))),7186_T361-R1);
(((7067_T346-R1,(5993_T357-R1,(6899_T392-R1,(9792_T416-R1,(9784_T490-R1,7273_T288-R1))))),(9669_T338-R1,((7213_T328-R1,9597_T486-R1),7413_T255-R1))),((7373_T264-R1,((108_T481-R1,(7416_T208-R1,6981_T380-R1)),9533_T336-R1)),(9869_T381-R1,(9764_T360-R1,1925_T588-R1))),7186_T361-R1);
(((7067_T346-R1,(6899_T392-R1,((9792_T416-R1,(9784_T490-R1,7273_T288-R1)),5993_T357-R1))),(9669_T338-R1,((7213_T328-R1,9597_T486-R1),7413_T255-R1))),((7373_T264-R1,((7416_T208-R1,108_T481-R1),(6981_T380-R1,9533_T336-R1))),(9869_T381-R1,(9764_T360-R1,1925_T588-R1))),7186_T361-R1);
((((7373_T264-R1,((108_T481-R1,7416_T208-R1),(6981_T380-R1,9533_T336-R1))),(9869_T381-R1,(9764_T360-R1,1925_T588-R1))),(((7213_T328-R1,9597_T486-R1),7413_T255-R1),9669_T338-R1)),(7067_T346-R1,((6899_T392-R1,(9784_T490-R1,(7273_T288-R1,5993_T357-R1))),9792_T416-R1)),7186_T361-R1);
((9597_T486-R1,(7413_T255-R1,(((9869_T381-R1,(9764_T360-R1,1925_T588-R1)),(9533_T336-R1,(6981_T380-R1,(7416_T208-R1,(7373_T264-R1,108_T481-R1))))),(7213_T328-R1,(5993_T357-R1,(9792_T416-R1,(7273_T288-R1,(6899_T392-R1,(9784_T490-R1,7067_T346-R1))))))))),9669_T338-R1,7186_T361-R1);
((9597_T486-R1,(7413_T255-R1,(((9869_T381-R1,(9764_T360-R1,1925_T588-R1)),(9533_T336-R1,(6981_T380-R1,(7416_T208-R1,(7373_T264-R1,108_T481-R1))))),(7213_T328-R1,(5993_T357-R1,(9792_T416-R1,(7273_T288-R1,(6899_T392-R1,(9784_T490-R1,7067_T346-R1))))))))),9669_T338-R1,7186_T361-R1);
((9597_T486-R1,(7413_T255-R1,(((9869_T381-R1,(9764_T360-R1,1925_T588-R1)),(9533_T336-R1,(6981_T380-R1,(7416_T208-R1,(7373_T264-R1,108_T481-R1))))),(7213_T328-R1,(5993_T357-R1,(9792_T416-R1,(7273_T288-R1,(6899_T392-R1,(9784_T490-R1,7067_T346-R1))))))))),9669_T338-R1,7186_T361-R1);
((9597_T486-R1,(7413_T255-R1,(((9869_T381-R1,(9764_T360-R1,1925_T588-R1)),(9533_T336-R1,(6981_T380-R1,(7416_T208-R1,(7373_T264-R1,108_T481-R1))))),(7213_T328-R1,(5993_T357-R1,(9792_T416-R1,(7273_T288-R1,(6899_T392-R1,(9784_T490-R1,7067_T346-R1))))))))),9669_T338-R1,7186_T361-R1);
((9597_T486-R1,(7413_T255-R1,(((9869_T381-R1,(9764_T360-R1,1925_T588-R1)),(9533_T336-R1,(6981_T380-R1,(7416_T208-R1,(7373_T264-R1,108_T481-R1))))),(7213_T328-R1,(5993_T357-R1,(9792_T416-R1,(7273_T288-R1,(6899_T392-R1,(9784_T490-R1,7067_T346-R1))))))))),9669_T338-R1,7186_T361-R1);
((9597_T486-R1,(7413_T255-R1,(((9869_T381-R1,(9764_T360-R1,1925_T588-R1)),(9533_T336-R1,(6981_T380-R1,(7416_T208-R1,(7373_T264-R1,108_T481-R1))))),(7213_T328-R1,(5993_T357-R1,(9792_T416-R1,(7273_T288-R1,(6899_T392-R1,(9784_T490-R1,7067_T346-R1))))))))),9669_T338-R1,7186_T361-R1);
((9597_T486-R1,(7413_T255-R1,(((9869_T381-R1,(9764_T360-R1,1925_T588-R1)),(9533_T336-R1,(6981_T380-R1,(7416_T208-R1,(7373_T264-R1,108_T481-R1))))),(7213_T328-R1,(5993_T357-R1,(9792_T416-R1,(7273_T288-R1,(6899_T392-R1,(9784_T490-R1,7067_T346-R1))))))))),9669_T338-R1,7186_T361-R1);
((9597_T486-R1,(7413_T255-R1,(((9869_T381-R1,(9764_T360-R1,1925_T588-R1)),(9533_T336-R1,(6981_T380-R1,(7416_T208-R1,(7373_T264-R1,108_T481-R1))))),(7213_T328-R1,(5993_T357-R1,(9792_T416-R1,(7273_T288-R1,(6899_T392-R1,(9784_T490-R1,7067_T346-R1))))))))),9669_T338-R1,7186_T361-R1);
((((9533_T336-R1,(6981_T380-R1,108_T481-R1)),7416_T208-R1),((((5993_T357-R1,((9792_T416-R1,(7273_T288-R1,9784_T490-R1)),6899_T392-R1)),7067_T346-R1),((7213_T328-R1,(9669_T338-R1,9597_T486-R1)),7413_T255-R1)),(9869_T381-R1,(9764_T360-R1,1925_T588-R1)))),7373_T264-R1,7186_T361-R1);
(7067_T346-R1,(((7213_T328-R1,7413_T255-R1),((9669_T338-R1,9597_T486-R1),(5993_T357-R1,((9792_T416-R1,(7273_T288-R1,9784_T490-R1)),6899_T392-R1)))),((9869_T381-R1,(9764_T360-R1,1925_T588-R1)),(7373_T264-R1,(9533_T336-R1,((7416_T208-R1,6981_T380-R1),108_T481-R1))))),7186_T361-R1);
((((1925_T588-R1,9764_T360-R1),9869_T381-R1),(((108_T481-R1,(7416_T208-R1,6981_T380-R1)),9533_T336-R1),7373_T264-R1)),((7067_T346-R1,((9792_T416-R1,6899_T392-R1),(9784_T490-R1,(5993_T357-R1,7273_T288-R1)))),((7413_T255-R1,(7213_T328-R1,9597_T486-R1)),9669_T338-R1)),7186_T361-R1);
((((1925_T588-R1,9764_T360-R1),9869_T381-R1),(7373_T264-R1,((9533_T336-R1,(108_T481-R1,7416_T208-R1)),6981_T380-R1))),((7067_T346-R1,(((9792_T416-R1,6899_T392-R1),(9784_T490-R1,7273_T288-R1)),5993_T357-R1)),((7413_T255-R1,(7213_T328-R1,9597_T486-R1)),9669_T338-R1)),7186_T361-R1);
((((1925_T588-R1,9764_T360-R1),9869_T381-R1),(7373_T264-R1,((6981_T380-R1,(9533_T336-R1,108_T481-R1)),7416_T208-R1))),((7067_T346-R1,((9792_T416-R1,((6899_T392-R1,9784_T490-R1),7273_T288-R1)),5993_T357-R1)),((7413_T255-R1,(7213_T328-R1,9597_T486-R1)),9669_T338-R1)),7186_T361-R1);
(7373_T264-R1,(((9533_T336-R1,6981_T380-R1),(7416_T208-R1,108_T481-R1)),(((7067_T346-R1,((9792_T416-R1,((6899_T392-R1,9784_T490-R1),7273_T288-R1)),5993_T357-R1)),((7413_T255-R1,7213_T328-R1),(9597_T486-R1,9669_T338-R1))),((1925_T588-R1,9764_T360-R1),9869_T381-R1))),7186_T361-R1);
(((7067_T346-R1,(((9792_T416-R1,6899_T392-R1),9784_T490-R1),(7273_T288-R1,5993_T357-R1))),((7413_T255-R1,7213_T328-R1),(9597_T486-R1,9669_T338-R1))),((7373_T264-R1,((1925_T588-R1,9764_T360-R1),9869_T381-R1)),((9533_T336-R1,6981_T380-R1),(7416_T208-R1,108_T481-R1))),7186_T361-R1);
(7067_T346-R1,((((1925_T588-R1,9764_T360-R1),9869_T381-R1),((7373_T264-R1,((6981_T380-R1,7416_T208-R1),108_T481-R1)),9533_T336-R1)),(((9784_T490-R1,(7273_T288-R1,5993_T357-R1)),(((7213_T328-R1,(9597_T486-R1,9792_T416-R1)),9669_T338-R1),7413_T255-R1)),6899_T392-R1)),7186_T361-R1);
(((((((7273_T288-R1,5993_T357-R1),7067_T346-R1),6899_T392-R1),9792_T416-R1),9784_T490-R1),((7213_T328-R1,(9597_T486-R1,9669_T338-R1)),7413_T255-R1)),(((1925_T588-R1,9764_T360-R1),9869_T381-R1),(7373_T264-R1,((9533_T336-R1,(6981_T380-R1,7416_T208-R1)),108_T481-R1))),7186_T361-R1);
(((((((7273_T288-R1,5993_T357-R1),7067_T346-R1),6899_T392-R1),9792_T416-R1),9784_T490-R1),((7213_T328-R1,(9597_T486-R1,9669_T338-R1)),7413_T255-R1)),(((1925_T588-R1,9764_T360-R1),9869_T381-R1),(7373_T264-R1,((9533_T336-R1,(6981_T380-R1,7416_T208-R1)),108_T481-R1))),7186_T361-R1);
(((((((7273_T288-R1,5993_T357-R1),7067_T346-R1),6899_T392-R1),9792_T416-R1),9784_T490-R1),((7213_T328-R1,(9597_T486-R1,9669_T338-R1)),7413_T255-R1)),(((1925_T588-R1,9764_T360-R1),9869_T381-R1),(7373_T264-R1,((9533_T336-R1,(6981_T380-R1,7416_T208-R1)),108_T481-R1))),7186_T361-R1);
(7373_T264-R1,((1925_T588-R1,9764_T360-R1),(9869_T381-R1,((((7273_T288-R1,5993_T357-R1),9792_T416-R1),((6899_T392-R1,9784_T490-R1),((7213_T328-R1,(9597_T486-R1,9669_T338-R1)),7413_T255-R1))),(7067_T346-R1,(((7416_T208-R1,9533_T336-R1),6981_T380-R1),108_T481-R1))))),7186_T361-R1);
(7067_T346-R1,(((9869_T381-R1,(1925_T588-R1,9764_T360-R1)),((7373_T264-R1,((9533_T336-R1,6981_T380-R1),108_T481-R1)),7416_T208-R1)),((((6899_T392-R1,7273_T288-R1),(5993_T357-R1,9784_T490-R1)),(9669_T338-R1,7413_T255-R1)),(9597_T486-R1,(9792_T416-R1,7213_T328-R1)))),7186_T361-R1);
(((9792_T416-R1,7067_T346-R1),((6899_T392-R1,7273_T288-R1),(5993_T357-R1,9784_T490-R1))),((((9597_T486-R1,7213_T328-R1),9669_T338-R1),7413_T255-R1),((9869_T381-R1,(1925_T588-R1,9764_T360-R1)),(7373_T264-R1,(((7416_T208-R1,9533_T336-R1),6981_T380-R1),108_T481-R1)))),7186_T361-R1);
(((9869_T381-R1,(1925_T588-R1,9764_T360-R1)),(((6981_T380-R1,108_T481-R1),7416_T208-R1),(9533_T336-R1,7373_T264-R1))),((((9597_T486-R1,7213_T328-R1),7413_T255-R1),9669_T338-R1),(7067_T346-R1,((6899_T392-R1,(7273_T288-R1,9792_T416-R1)),(5993_T357-R1,9784_T490-R1)))),7186_T361-R1);
(((9869_T381-R1,(1925_T588-R1,9764_T360-R1)),(((6981_T380-R1,108_T481-R1),7416_T208-R1),(9533_T336-R1,7373_T264-R1))),((((9597_T486-R1,7213_T328-R1),7413_T255-R1),9669_T338-R1),(7067_T346-R1,((6899_T392-R1,(7273_T288-R1,9792_T416-R1)),(5993_T357-R1,9784_T490-R1)))),7186_T361-R1);
(((9869_T381-R1,(1925_T588-R1,9764_T360-R1)),(((6981_T380-R1,108_T481-R1),7416_T208-R1),(9533_T336-R1,7373_T264-R1))),((((9597_T486-R1,7213_T328-R1),7413_T255-R1),9669_T338-R1),(7067_T346-R1,((6899_T392-R1,(7273_T288-R1,9792_T416-R1)),(5993_T357-R1,9784_T490-R1)))),7186_T361-R1);
(((9869_T381-R1,(1925_T588-R1,9764_T360-R1)),(((6981_T380-R1,108_T481-R1),7416_T208-R1),(9533_T336-R1,7373_T264-R1))),((((9597_T486-R1,7213_T328-R1),7413_T255-R1),9669_T338-R1),(7067_T346-R1,((6899_T392-R1,(7273_T288-R1,9792_T416-R1)),(5993_T357-R1,9784_T490-R1)))),7186_T361-R1);
(((9869_T381-R1,(1925_T588-R1,9764_T360-R1)),(((6981_T380-R1,108_T481-R1),7416_T208-R1),(9533_T336-R1,7373_T264-R1))),((((9597_T486-R1,7213_T328-R1),7413_T255-R1),9669_T338-R1),(7067_T346-R1,((6899_T392-R1,(7273_T288-R1,9792_T416-R1)),(5993_T357-R1,9784_T490-R1)))),7186_T361-R1);
(((9869_T381-R1,(1925_T588-R1,9764_T360-R1)),(((6981_T380-R1,108_T481-R1),7416_T208-R1),(9533_T336-R1,7373_T264-R1))),((((9597_T486-R1,7213_T328-R1),7413_T255-R1),9669_T338-R1),(7067_T346-R1,((6899_T392-R1,(7273_T288-R1,9792_T416-R1)),(5993_T357-R1,9784_T490-R1)))),7186_T361-R1);
(((9869_T381-R1,(1925_T588-R1,9764_T360-R1)),(((6981_T380-R1,108_T481-R1),7416_T208-R1),(9533_T336-R1,7373_T264-R1))),((((9597_T486-R1,7213_T328-R1),7413_T255-R1),9669_T338-R1),(7067_T346-R1,((6899_T392-R1,(7273_T288-R1,9792_T416-R1)),(5993_T357-R1,9784_T490-R1)))),7186_T361-R1);
(((9869_T381-R1,(1925_T588-R1,9764_T360-R1)),(((6981_T380-R1,108_T481-R1),7416_T208-R1),(9533_T336-R1,7373_T264-R1))),((((9597_T486-R1,7213_T328-R1),7413_T255-R1),9669_T338-R1),(7067_T346-R1,((6899_T392-R1,(7273_T288-R1,9792_T416-R1)),(5993_T357-R1,9784_T490-R1)))),7186_T361-R1);
((7373_T264-R1,((108_T481-R1,(9533_T336-R1,(6981_T380-R1,7416_T208-R1))),(9597_T486-R1,(7213_T328-R1,(9669_T338-R1,(7413_T255-R1,(9792_T416-R1,(9784_T490-R1,(6899_T392-R1,(7067_T346-R1,(7273_T288-R1,5993_T357-R1))))))))))),(9869_T381-R1,(1925_T588-R1,9764_T360-R1)),7186_T361-R1);
(((9869_T381-R1,(1925_T588-R1,9764_T360-R1)),(7373_T264-R1,((9533_T336-R1,(108_T481-R1,6981_T380-R1)),7416_T208-R1))),((((9792_T416-R1,(9784_T490-R1,(6899_T392-R1,(7273_T288-R1,5993_T357-R1)))),7067_T346-R1),(7213_T328-R1,(9597_T486-R1,7413_T255-R1))),9669_T338-R1),7186_T361-R1);
(((9869_T381-R1,(1925_T588-R1,9764_T360-R1)),(7373_T264-R1,((9533_T336-R1,(108_T481-R1,6981_T380-R1)),7416_T208-R1))),((((9792_T416-R1,(9784_T490-R1,(6899_T392-R1,(7273_T288-R1,5993_T357-R1)))),7067_T346-R1),(7213_T328-R1,(9597_T486-R1,7413_T255-R1))),9669_T338-R1),7186_T361-R1);
(7373_T264-R1,((9533_T336-R1,((7416_T208-R1,108_T481-R1),6981_T380-R1)),((((9792_T416-R1,(9784_T490-R1,(6899_T392-R1,(7273_T288-R1,5993_T357-R1)))),7067_T346-R1),(9669_T338-R1,((7213_T328-R1,9597_T486-R1),7413_T255-R1))),(9869_T381-R1,(1925_T588-R1,9764_T360-R1)))),7186_T361-R1);
(7373_T264-R1,((9533_T336-R1,((7416_T208-R1,108_T481-R1),6981_T380-R1)),((((9792_T416-R1,(9784_T490-R1,(6899_T392-R1,(7273_T288-R1,5993_T357-R1)))),7067_T346-R1),(9669_T338-R1,((7213_T328-R1,9597_T486-R1),7413_T255-R1))),(9869_T381-R1,(1925_T588-R1,9764_T360-R1)))),7186_T361-R1);
((((9869_T381-R1,(1925_T588-R1,9764_T360-R1)),(7373_T264-R1,(6981_T380-R1,((9533_T336-R1,7416_T208-R1),108_T481-R1)))),(((9669_T338-R1,(((9792_T416-R1,(9784_T490-R1,7273_T288-R1)),(7213_T328-R1,9597_T486-R1)),7413_T255-R1)),6899_T392-R1),5993_T357-R1)),7067_T346-R1,7186_T361-R1);
((((7213_T328-R1,(9669_T338-R1,7413_T255-R1)),9597_T486-R1),(7067_T346-R1,((5993_T357-R1,(9792_T416-R1,9784_T490-R1)),(6899_T392-R1,7273_T288-R1)))),((9869_T381-R1,(1925_T588-R1,9764_T360-R1)),(7373_T264-R1,(9533_T336-R1,(7416_T208-R1,(108_T481-R1,6981_T380-R1))))),7186_T361-R1);
((((7213_T328-R1,(9669_T338-R1,7413_T255-R1)),9597_T486-R1),(7067_T346-R1,((5993_T357-R1,(9792_T416-R1,9784_T490-R1)),(6899_T392-R1,7273_T288-R1)))),((9869_T381-R1,(1925_T588-R1,9764_T360-R1)),(7373_T264-R1,(9533_T336-R1,(7416_T208-R1,(108_T481-R1,6981_T380-R1))))),7186_T361-R1);
((((7213_T328-R1,9669_T338-R1),(7413_T255-R1,9597_T486-R1)),(7067_T346-R1,((5993_T357-R1,(9792_T416-R1,9784_T490-R1)),(6899_T392-R1,7273_T288-R1)))),((9869_T381-R1,(1925_T588-R1,9764_T360-R1)),(7373_T264-R1,((9533_T336-R1,(7416_T208-R1,108_T481-R1)),6981_T380-R1))),7186_T361-R1);
(7373_T264-R1,((((9533_T336-R1,108_T481-R1),6981_T380-R1),7416_T208-R1),(((((7213_T328-R1,(7413_T255-R1,9597_T486-R1)),(((9669_T338-R1,5993_T357-R1),(9792_T416-R1,9784_T490-R1)),7273_T288-R1)),6899_T392-R1),(9869_T381-R1,(1925_T588-R1,9764_T360-R1))),7067_T346-R1)),7186_T361-R1);
(((((((6899_T392-R1,(9792_T416-R1,(5993_T357-R1,9784_T490-R1))),7273_T288-R1),7067_T346-R1),((((9597_T486-R1,9669_T338-R1),7213_T328-R1),7413_T255-R1),((108_T481-R1,7416_T208-R1),(6981_T380-R1,9533_T336-R1)))),9869_T381-R1),(9764_T360-R1,1925_T588-R1)),7373_T264-R1,7186_T361-R1);
((((108_T481-R1,(7416_T208-R1,9533_T336-R1)),6981_T380-R1),(((9669_T338-R1,(9597_T486-R1,7413_T255-R1)),7213_T328-R1),((((6899_T392-R1,(9792_T416-R1,(5993_T357-R1,9784_T490-R1))),7273_T288-R1),7067_T346-R1),(9869_T381-R1,(9764_T360-R1,1925_T588-R1))))),7373_T264-R1,7186_T361-R1);
(((9869_T381-R1,(9764_T360-R1,1925_T588-R1)),(7373_T264-R1,((6981_T380-R1,108_T481-R1),(7416_T208-R1,9533_T336-R1)))),((((9669_T338-R1,(9597_T486-R1,7413_T255-R1)),7213_T328-R1),((6899_T392-R1,(9792_T416-R1,(5993_T357-R1,9784_T490-R1))),7273_T288-R1)),7067_T346-R1),7186_T361-R1);
(7373_T264-R1,((((9669_T338-R1,(9597_T486-R1,7413_T255-R1)),(7213_T328-R1,((6899_T392-R1,(5993_T357-R1,9784_T490-R1)),(9792_T416-R1,7273_T288-R1)))),(7067_T346-R1,(6981_T380-R1,(108_T481-R1,(7416_T208-R1,9533_T336-R1))))),(9869_T381-R1,(9764_T360-R1,1925_T588-R1))),7186_T361-R1);
(7373_T264-R1,(((6981_T380-R1,(108_T481-R1,7416_T208-R1)),9533_T336-R1),((9869_T381-R1,(9764_T360-R1,1925_T588-R1)),((7213_T328-R1,(9669_T338-R1,(9597_T486-R1,7413_T255-R1))),(7067_T346-R1,(6899_T392-R1,(((9792_T416-R1,7273_T288-R1),5993_T357-R1),9784_T490-R1)))))),7186_T361-R1);
(7373_T264-R1,(((6981_T380-R1,(108_T481-R1,7416_T208-R1)),9533_T336-R1),((9869_T381-R1,(9764_T360-R1,1925_T588-R1)),((7213_T328-R1,(9669_T338-R1,(9597_T486-R1,7413_T255-R1))),(7067_T346-R1,(6899_T392-R1,(((9792_T416-R1,7273_T288-R1),5993_T357-R1),9784_T490-R1)))))),7186_T361-R1);
(7373_T264-R1,(((6981_T380-R1,(108_T481-R1,7416_T208-R1)),9533_T336-R1),((9869_T381-R1,(9764_T360-R1,1925_T588-R1)),((7213_T328-R1,(9669_T338-R1,(9597_T486-R1,7413_T255-R1))),(7067_T346-R1,(6899_T392-R1,(((9792_T416-R1,7273_T288-R1),5993_T357-R1),9784_T490-R1)))))),7186_T361-R1);
((7067_T346-R1,(6899_T392-R1,(((9792_T416-R1,7273_T288-R1),5993_T357-R1),9784_T490-R1))),(((9669_T338-R1,(7213_T328-R1,9597_T486-R1)),7413_T255-R1),((7373_T264-R1,((6981_T380-R1,(9533_T336-R1,7416_T208-R1)),108_T481-R1)),(9869_T381-R1,(9764_T360-R1,1925_T588-R1)))),7186_T361-R1);
(((7373_T264-R1,(((9533_T336-R1,7416_T208-R1),6981_T380-R1),108_T481-R1)),(9869_T381-R1,(9764_T360-R1,1925_T588-R1))),((((7213_T328-R1,9597_T486-R1),7413_T255-R1),9669_T338-R1),(7067_T346-R1,(6899_T392-R1,((7273_T288-R1,5993_T357-R1),(9792_T416-R1,9784_T490-R1))))),7186_T361-R1);
(((7373_T264-R1,(((9533_T336-R1,7416_T208-R1),6981_T380-R1),108_T481-R1)),(9869_T381-R1,(9764_T360-R1,1925_T588-R1))),((((7213_T328-R1,9597_T486-R1),7413_T255-R1),9669_T338-R1),(7067_T346-R1,(6899_T392-R1,((7273_T288-R1,5993_T357-R1),(9792_T416-R1,9784_T490-R1))))),7186_T361-R1);
(((9669_T338-R1,9597_T486-R1),(((((7067_T346-R1,(9784_T490-R1,7273_T288-R1)),((9792_T416-R1,5993_T357-R1),6899_T392-R1)),7413_T255-R1),7213_T328-R1),(7416_T208-R1,(9533_T336-R1,(108_T481-R1,6981_T380-R1))))),(7373_T264-R1,(9869_T381-R1,(1925_T588-R1,9764_T360-R1))),7186_T361-R1);
(7067_T346-R1,(((9669_T338-R1,((9792_T416-R1,((9784_T490-R1,7273_T288-R1),(5993_T357-R1,6899_T392-R1))),7413_T255-R1)),(7213_T328-R1,9597_T486-R1)),((7373_T264-R1,((7416_T208-R1,108_T481-R1),(6981_T380-R1,9533_T336-R1))),(9869_T381-R1,(1925_T588-R1,9764_T360-R1)))),7186_T361-R1);
(((7067_T346-R1,(9792_T416-R1,((9784_T490-R1,7273_T288-R1),(5993_T357-R1,6899_T392-R1)))),((7413_T255-R1,(9669_T338-R1,7213_T328-R1)),9597_T486-R1)),((7373_T264-R1,((7416_T208-R1,(6981_T380-R1,9533_T336-R1)),108_T481-R1)),(9869_T381-R1,(1925_T588-R1,9764_T360-R1))),7186_T361-R1);
(7067_T346-R1,(((7373_T264-R1,((6981_T380-R1,7416_T208-R1),(108_T481-R1,9533_T336-R1))),(9869_T381-R1,(1925_T588-R1,9764_T360-R1))),(((((9792_T416-R1,9784_T490-R1),7273_T288-R1),(5993_T357-R1,6899_T392-R1)),((7213_T328-R1,9597_T486-R1),9669_T338-R1)),7413_T255-R1)),7186_T361-R1);
((1925_T588-R1,9764_T360-R1),(((7373_T264-R1,(6981_T380-R1,(7416_T208-R1,(108_T481-R1,9533_T336-R1)))),(((7413_T255-R1,(7213_T328-R1,9597_T486-R1)),9669_T338-R1),((((9792_T416-R1,9784_T490-R1),7273_T288-R1),(5993_T357-R1,6899_T392-R1)),7067_T346-R1))),9869_T381-R1),7186_T361-R1);
(((7373_T264-R1,(7416_T208-R1,((6981_T380-R1,108_T481-R1),9533_T336-R1))),(9869_T381-R1,(1925_T588-R1,9764_T360-R1))),((((9792_T416-R1,9784_T490-R1),(7273_T288-R1,(5993_T357-R1,6899_T392-R1))),7067_T346-R1),(7213_T328-R1,((7413_T255-R1,9669_T338-R1),9597_T486-R1))),7186_T361-R1);
(((7373_T264-R1,(7416_T208-R1,((6981_T380-R1,108_T481-R1),9533_T336-R1))),(9869_T381-R1,(1925_T588-R1,9764_T360-R1))),((((9792_T416-R1,9784_T490-R1),(7273_T288-R1,(5993_T357-R1,6899_T392-R1))),7067_T346-R1),(7213_T328-R1,((7413_T255-R1,9669_T338-R1),9597_T486-R1))),7186_T361-R1);
(((7373_T264-R1,(7416_T208-R1,((6981_T380-R1,108_T481-R1),9533_T336-R1))),(9869_T381-R1,(1925_T588-R1,9764_T360-R1))),((((9792_T416-R1,9784_T490-R1),(7273_T288-R1,(5993_T357-R1,6899_T392-R1))),7067_T346-R1),(7213_T328-R1,((7413_T255-R1,9669_T338-R1),9597_T486-R1))),7186_T361-R1);
(((((7273_T288-R1,((9792_T416-R1,(5993_T357-R1,6899_T392-R1)),((7213_T328-R1,((7413_T255-R1,9669_T338-R1),9597_T486-R1)),9784_T490-R1))),(7067_T346-R1,(108_T481-R1,(7416_T208-R1,(6981_T380-R1,9533_T336-R1))))),9869_T381-R1),1925_T588-R1),(7373_T264-R1,9764_T360-R1),7186_T361-R1);
(((((9784_T490-R1,(7273_T288-R1,5993_T357-R1)),(9792_T416-R1,6899_T392-R1)),7067_T346-R1),(7213_T328-R1,((7413_T255-R1,9669_T338-R1),9597_T486-R1))),((7373_T264-R1,((6981_T380-R1,(108_T481-R1,9533_T336-R1)),7416_T208-R1)),(9869_T381-R1,(1925_T588-R1,9764_T360-R1))),7186_T361-R1);
