(7213_T228-R1,(9784_T207-R1,(6974_T205-R1,((7273_T141-R1,(7396_T169-R1,7413_T137-R1)),7067_T101-R1))),7186_T141-R1);
(7213_T228-R1,(9784_T207-R1,(6974_T205-R1,((7273_T141-R1,(7396_T169-R1,7413_T137-R1)),7067_T101-R1))),7186_T141-R1);
(7213_T228-R1,(9784_T207-R1,(6974_T205-R1,((7273_T141-R1,(7396_T169-R1,7413_T137-R1)),7067_T101-R1))),7186_T141-R1);
(7213_T228-R1,(9784_T207-R1,(6974_T205-R1,((7273_T141-R1,(7396_T169-R1,7413_T137-R1)),7067_T101-R1))),7186_T141-R1);
(7213_T228-R1,(9784_T207-R1,(6974_T205-R1,((7273_T141-R1,(7396_T169-R1,7413_T137-R1)),7067_T101-R1))),7186_T141-R1);
(7213_T228-R1,(9784_T207-R1,(6974_T205-R1,((7273_T141-R1,(7396_T169-R1,7413_T137-R1)),7067_T101-R1))),7186_T141-R1);
(7213_T228-R1,(9784_T207-R1,(6974_T205-R1,((7273_T141-R1,(7396_T169-R1,7413_T137-R1)),7067_T101-R1))),7186_T141-R1);
(7213_T228-R1,(9784_T207-R1,(6974_T205-R1,((7273_T141-R1,(7396_T169-R1,7413_T137-R1)),7067_T101-R1))),7186_T141-R1);
(7213_T228-R1,(9784_T207-R1,(6974_T205-R1,((7273_T141-R1,(7396_T169-R1,7413_T137-R1)),7067_T101-R1))),7186_T141-R1);
(7213_T228-R1,(9784_T207-R1,(6974_T205-R1,((7273_T141-R1,(7396_T169-R1,7413_T137-R1)),7067_T101-R1))),7186_T141-R1);
(7067_T101-R1,(9784_T207-R1,(7213_T228-R1,(6974_T205-R1,(7396_T169-R1,(7413_T137-R1,7273_T141-R1))))),7186_T141-R1);
(7067_T101-R1,(9784_T207-R1,(7213_T228-R1,(6974_T205-R1,(7396_T169-R1,(7413_T137-R1,7273_T141-R1))))),7186_T141-R1);
(7067_T101-R1,(9784_T207-R1,(7213_T228-R1,(6974_T205-R1,(7396_T169-R1,(7413_T137-R1,7273_T141-R1))))),7186_T141-R1);
(7067_T101-R1,(9784_T207-R1,(7213_T228-R1,(6974_T205-R1,(7396_T169-R1,(7413_T137-R1,7273_T141-R1))))),7186_T141-R1);
(7067_T101-R1,(9784_T207-R1,(7213_T228-R1,(6974_T205-R1,(7396_T169-R1,(7413_T137-R1,7273_T141-R1))))),7186_T141-R1);
(7067_T101-R1,(9784_T207-R1,(7213_T228-R1,(6974_T205-R1,(7396_T169-R1,(7413_T137-R1,7273_T141-R1))))),7186_T141-R1);
(7067_T101-R1,(9784_T207-R1,(7213_T228-R1,(6974_T205-R1,(7396_T169-R1,(7413_T137-R1,7273_T141-R1))))),7186_T141-R1);
(7067_T101-R1,(9784_T207-R1,(7213_T228-R1,(6974_T205-R1,(7396_T169-R1,(7413_T137-R1,7273_T141-R1))))),7186_T141-R1);
(7067_T101-R1,(9784_T207-R1,(7213_T228-R1,(6974_T205-R1,(7396_T169-R1,(7413_T137-R1,7273_T141-R1))))),7186_T141-R1);
(7067_T101-R1,(9784_T207-R1,(7213_T228-R1,(6974_T205-R1,(7396_T169-R1,(7413_T137-R1,7273_T141-R1))))),7186_T141-R1);
(7067_T101-R1,((7396_T169-R1,(7273_T141-R1,7413_T137-R1)),(9784_T207-R1,(6974_T205-R1,7213_T228-R1))),7186_T141-R1);
(7067_T101-R1,((7396_T169-R1,(7273_T141-R1,7413_T137-R1)),(9784_T207-R1,(6974_T205-R1,7213_T228-R1))),7186_T141-R1);
(7067_T101-R1,((7396_T169-R1,(7273_T141-R1,7413_T137-R1)),(9784_T207-R1,(6974_T205-R1,7213_T228-R1))),7186_T141-R1);
(7067_T101-R1,((7396_T169-R1,(7273_T141-R1,7413_T137-R1)),(9784_T207-R1,(6974_T205-R1,7213_T228-R1))),7186_T141-R1);
(7067_T101-R1,((7396_T169-R1,(7273_T141-R1,7413_T137-R1)),(9784_T207-R1,(6974_T205-R1,7213_T228-R1))),7186_T141-R1);
(7067_T101-R1,((7396_T169-R1,(7273_T141-R1,7413_T137-R1)),(9784_T207-R1,(6974_T205-R1,7213_T228-R1))),7186_T141-R1);
(7067_T101-R1,((7396_T169-R1,(7273_T141-R1,7413_T137-R1)),(9784_T207-R1,(6974_T205-R1,7213_T228-R1))),7186_T141-R1);
(7067_T101-R1,((7396_T169-R1,(7273_T141-R1,7413_T137-R1)),(9784_T207-R1,(6974_T205-R1,7213_T228-R1))),7186_T141-R1);
(7067_T101-R1,((7396_T169-R1,(7273_T141-R1,7413_T137-R1)),(9784_T207-R1,(6974_T205-R1,7213_T228-R1))),7186_T141-R1);
(7067_T101-R1,((7396_T169-R1,(7273_T141-R1,7413_T137-R1)),(9784_T207-R1,(6974_T205-R1,7213_T228-R1))),7186_T141-R1);
(9784_T207-R1,((7273_T141-R1,(7396_T169-R1,7413_T137-R1)),(7213_T228-R1,(7067_T101-R1,6974_T205-R1))),7186_T141-R1);
(9784_T207-R1,((7273_T141-R1,(7396_T169-R1,7413_T137-R1)),(7213_T228-R1,(7067_T101-R1,6974_T205-R1))),7186_T141-R1);
(9784_T207-R1,((7273_T141-R1,(7396_T169-R1,7413_T137-R1)),(7213_T228-R1,(7067_T101-R1,6974_T205-R1))),7186_T141-R1);
(9784_T207-R1,((7273_T141-R1,(7396_T169-R1,7413_T137-R1)),(7213_T228-R1,(7067_T101-R1,6974_T205-R1))),7186_T141-R1);
(9784_T207-R1,((7273_T141-R1,(7396_T169-R1,7413_T137-R1)),(7213_T228-R1,(7067_T101-R1,6974_T205-R1))),7186_T141-R1);
(9784_T207-R1,((7273_T141-R1,(7396_T169-R1,7413_T137-R1)),(7213_T228-R1,(7067_T101-R1,6974_T205-R1))),7186_T141-R1);
(9784_T207-R1,((7273_T141-R1,(7396_T169-R1,7413_T137-R1)),(7213_T228-R1,(7067_T101-R1,6974_T205-R1))),7186_T141-R1);
(9784_T207-R1,((7273_T141-R1,(7396_T169-R1,7413_T137-R1)),(7213_T228-R1,(7067_T101-R1,6974_T205-R1))),7186_T141-R1);
(9784_T207-R1,((7273_T141-R1,(7396_T169-R1,7413_T137-R1)),(7213_T228-R1,(7067_T101-R1,6974_T205-R1))),7186_T141-R1);
(9784_T207-R1,((7273_T141-R1,(7396_T169-R1,7413_T137-R1)),(7213_T228-R1,(7067_T101-R1,6974_T205-R1))),7186_T141-R1);
(7067_T101-R1,(6974_T205-R1,(9784_T207-R1,((7413_T137-R1,(7273_T141-R1,7396_T169-R1)),7213_T228-R1))),7186_T141-R1);
(7067_T101-R1,(6974_T205-R1,(9784_T207-R1,((7413_T137-R1,(7273_T141-R1,7396_T169-R1)),7213_T228-R1))),7186_T141-R1);
(7067_T101-R1,(6974_T205-R1,(9784_T207-R1,((7413_T137-R1,(7273_T141-R1,7396_T169-R1)),7213_T228-R1))),7186_T141-R1);
(7067_T101-R1,(6974_T205-R1,(9784_T207-R1,((7413_T137-R1,(7273_T141-R1,7396_T169-R1)),7213_T228-R1))),7186_T141-R1);
(7067_T101-R1,(6974_T205-R1,(9784_T207-R1,((7413_T137-R1,(7273_T141-R1,7396_T169-R1)),7213_T228-R1))),7186_T141-R1);
(7067_T101-R1,(6974_T205-R1,(9784_T207-R1,((7413_T137-R1,(7273_T141-R1,7396_T169-R1)),7213_T228-R1))),7186_T141-R1);
(7067_T101-R1,(6974_T205-R1,(9784_T207-R1,((7413_T137-R1,(7273_T141-R1,7396_T169-R1)),7213_T228-R1))),7186_T141-R1);
(7067_T101-R1,(6974_T205-R1,(9784_T207-R1,((7413_T137-R1,(7273_T141-R1,7396_T169-R1)),7213_T228-R1))),7186_T141-R1);
(7067_T101-R1,(6974_T205-R1,(9784_T207-R1,((7413_T137-R1,(7273_T141-R1,7396_T169-R1)),7213_T228-R1))),7186_T141-R1);
(7067_T101-R1,(6974_T205-R1,(9784_T207-R1,((7413_T137-R1,(7273_T141-R1,7396_T169-R1)),7213_T228-R1))),7186_T141-R1);
((7067_T101-R1,((7413_T137-R1,(7273_T141-R1,7396_T169-R1)),(7213_T228-R1,9784_T207-R1))),6974_T205-R1,7186_T141-R1);
((7067_T101-R1,((7413_T137-R1,(7273_T141-R1,7396_T169-R1)),(7213_T228-R1,9784_T207-R1))),6974_T205-R1,7186_T141-R1);
((7067_T101-R1,((7413_T137-R1,(7273_T141-R1,7396_T169-R1)),(7213_T228-R1,9784_T207-R1))),6974_T205-R1,7186_T141-R1);
((7067_T101-R1,((7413_T137-R1,(7273_T141-R1,7396_T169-R1)),(7213_T228-R1,9784_T207-R1))),6974_T205-R1,7186_T141-R1);
((7067_T101-R1,((7413_T137-R1,(7273_T141-R1,7396_T169-R1)),(7213_T228-R1,9784_T207-R1))),6974_T205-R1,7186_T141-R1);
((7067_T101-R1,((7413_T137-R1,(7273_T141-R1,7396_T169-R1)),(7213_T228-R1,9784_T207-R1))),6974_T205-R1,7186_T141-R1);
((7067_T101-R1,((7413_T137-R1,(7273_T141-R1,7396_T169-R1)),(7213_T228-R1,9784_T207-R1))),6974_T205-R1,7186_T141-R1);
((7067_T101-R1,((7413_T137-R1,(7273_T141-R1,7396_T169-R1)),(7213_T228-R1,9784_T207-R1))),6974_T205-R1,7186_T141-R1);
((7067_T101-R1,((7413_T137-R1,(7273_T141-R1,7396_T169-R1)),(7213_T228-R1,9784_T207-R1))),6974_T205-R1,7186_T141-R1);
((7067_T101-R1,((7413_T137-R1,(7273_T141-R1,7396_T169-R1)),(7213_T228-R1,9784_T207-R1))),6974_T205-R1,7186_T141-R1);
((7067_T101-R1,(7213_T228-R1,6974_T205-R1)),((7273_T141-R1,(7413_T137-R1,7396_T169-R1)),9784_T207-R1),7186_T141-R1);
((7067_T101-R1,(7213_T228-R1,6974_T205-R1)),((7273_T141-R1,(7413_T137-R1,7396_T169-R1)),9784_T207-R1),7186_T141-R1);
((7067_T101-R1,(7213_T228-R1,6974_T205-R1)),((7273_T141-R1,(7413_T137-R1,7396_T169-R1)),9784_T207-R1),7186_T141-R1);
((7067_T101-R1,(7213_T228-R1,6974_T205-R1)),((7273_T141-R1,(7413_T137-R1,7396_T169-R1)),9784_T207-R1),7186_T141-R1);
((7067_T101-R1,(7213_T228-R1,6974_T205-R1)),((7273_T141-R1,(7413_T137-R1,7396_T169-R1)),9784_T207-R1),7186_T141-R1);
((7067_T101-R1,(7213_T228-R1,6974_T205-R1)),((7273_T141-R1,(7413_T137-R1,7396_T169-R1)),9784_T207-R1),7186_T141-R1);
((7067_T101-R1,(7213_T228-R1,6974_T205-R1)),((7273_T141-R1,(7413_T137-R1,7396_T169-R1)),9784_T207-R1),7186_T141-R1);
((7067_T101-R1,(7213_T228-R1,6974_T205-R1)),((7273_T141-R1,(7413_T137-R1,7396_T169-R1)),9784_T207-R1),7186_T141-R1);
((7067_T101-R1,(7213_T228-R1,6974_T205-R1)),((7273_T141-R1,(7413_T137-R1,7396_T169-R1)),9784_T207-R1),7186_T141-R1);
((7067_T101-R1,(7213_T228-R1,6974_T205-R1)),((7273_T141-R1,(7413_T137-R1,7396_T169-R1)),9784_T207-R1),7186_T141-R1);
(7067_T101-R1,(7213_T228-R1,((7396_T169-R1,(7273_T141-R1,7413_T137-R1)),(6974_T205-R1,9784_T207-R1))),7186_T141-R1);
(7067_T101-R1,(7213_T228-R1,((7396_T169-R1,(7273_T141-R1,7413_T137-R1)),(6974_T205-R1,9784_T207-R1))),7186_T141-R1);
(7067_T101-R1,(7213_T228-R1,((7396_T169-R1,(7273_T141-R1,7413_T137-R1)),(6974_T205-R1,9784_T207-R1))),7186_T141-R1);
(7067_T101-R1,(7213_T228-R1,((7396_T169-R1,(7273_T141-R1,7413_T137-R1)),(6974_T205-R1,9784_T207-R1))),7186_T141-R1);
(7067_T101-R1,(7213_T228-R1,((7396_T169-R1,(7273_T141-R1,7413_T137-R1)),(6974_T205-R1,9784_T207-R1))),7186_T141-R1);
(7067_T101-R1,(7213_T228-R1,((7396_T169-R1,(7273_T141-R1,7413_T137-R1)),(6974_T205-R1,9784_T207-R1))),7186_T141-R1);
(7067_T101-R1,(7213_T228-R1,((7396_T169-R1,(7273_T141-R1,7413_T137-R1)),(6974_T205-R1,9784_T207-R1))),7186_T141-R1);
(7067_T101-R1,(7213_T228-R1,((7396_T169-R1,(7273_T141-R1,7413_T137-R1)),(6974_T205-R1,9784_T207-R1))),7186_T141-R1);
(7067_T101-R1,(7213_T228-R1,((7396_T169-R1,(7273_T141-R1,7413_T137-R1)),(6974_T205-R1,9784_T207-R1))),7186_T141-R1);
(7067_T101-R1,(7213_T228-R1,((7396_T169-R1,(7273_T141-R1,7413_T137-R1)),(6974_T205-R1,9784_T207-R1))),7186_T141-R1);
(9784_T207-R1,(7213_T228-R1,(7067_T101-R1,(6974_T205-R1,(7273_T141-R1,(7396_T169-R1,7413_T137-R1))))),7186_T141-R1);
(9784_T207-R1,(7213_T228-R1,(7067_T101-R1,(6974_T205-R1,(7273_T141-R1,(7396_T169-R1,7413_T137-R1))))),7186_T141-R1);
(9784_T207-R1,(7213_T228-R1,(7067_T101-R1,(6974_T205-R1,(7273_T141-R1,(7396_T169-R1,7413_T137-R1))))),7186_T141-R1);
(9784_T207-R1,(7213_T228-R1,(7067_T101-R1,(6974_T205-R1,(7273_T141-R1,(7396_T169-R1,7413_T137-R1))))),7186_T141-R1);
(9784_T207-R1,(7213_T228-R1,(7067_T101-R1,(6974_T205-R1,(7273_T141-R1,(7396_T169-R1,7413_T137-R1))))),7186_T141-R1);
(9784_T207-R1,(7213_T228-R1,(7067_T101-R1,(6974_T205-R1,(7273_T141-R1,(7396_T169-R1,7413_T137-R1))))),7186_T141-R1);
(9784_T207-R1,(7213_T228-R1,(7067_T101-R1,(6974_T205-R1,(7273_T141-R1,(7396_T169-R1,7413_T137-R1))))),7186_T141-R1);
(9784_T207-R1,(7213_T228-R1,(7067_T101-R1,(6974_T205-R1,(7273_T141-R1,(7396_T169-R1,7413_T137-R1))))),7186_T141-R1);
(9784_T207-R1,(7213_T228-R1,(7067_T101-R1,(6974_T205-R1,(7273_T141-R1,(7396_T169-R1,7413_T137-R1))))),7186_T141-R1);
(9784_T207-R1,(7213_T228-R1,(7067_T101-R1,(6974_T205-R1,(7273_T141-R1,(7396_T169-R1,7413_T137-R1))))),7186_T141-R1);
((9784_T207-R1,(7413_T137-R1,(7396_T169-R1,7273_T141-R1))),((6974_T205-R1,7067_T101-R1),7213_T228-R1),7186_T141-R1);
((9784_T207-R1,(7413_T137-R1,(7396_T169-R1,7273_T141-R1))),((6974_T205-R1,7067_T101-R1),7213_T228-R1),7186_T141-R1);
((9784_T207-R1,(7413_T137-R1,(7396_T169-R1,7273_T141-R1))),((6974_T205-R1,7067_T101-R1),7213_T228-R1),7186_T141-R1);
((9784_T207-R1,(7413_T137-R1,(7396_T169-R1,7273_T141-R1))),((6974_T205-R1,7067_T101-R1),7213_T228-R1),7186_T141-R1);
((9784_T207-R1,(7413_T137-R1,(7396_T169-R1,7273_T141-R1))),((6974_T205-R1,7067_T101-R1),7213_T228-R1),7186_T141-R1);
((9784_T207-R1,(7413_T137-R1,(7396_T169-R1,7273_T141-R1))),((6974_T205-R1,7067_T101-R1),7213_T228-R1),7186_T141-R1);
((9784_T207-R1,(7413_T137-R1,(7396_T169-R1,7273_T141-R1))),((6974_T205-R1,7067_T101-R1),7213_T228-R1),7186_T141-R1);
((9784_T207-R1,(7413_T137-R1,(7396_T169-R1,7273_T141-R1))),((6974_T205-R1,7067_T101-R1),7213_T228-R1),7186_T141-R1);
((9784_T207-R1,(7413_T137-R1,(7396_T169-R1,7273_T141-R1))),((6974_T205-R1,7067_T101-R1),7213_T228-R1),7186_T141-R1);
((9784_T207-R1,(7413_T137-R1,(7396_T169-R1,7273_T141-R1))),((6974_T205-R1,7067_T101-R1),7213_T228-R1),7186_T141-R1);
