(7413_T431-R1,(9784_T555-R1,((9947_T503-R1,(9887_T511-R1,((9837_T522-R1,(9554_T527-R1,9879_T493-R1)),(9545_T414-R1,9944_T421-R1)))),9762_T512-R1)),9134_T463-R1);
(7413_T431-R1,(9784_T555-R1,((9947_T503-R1,(9887_T511-R1,((9837_T522-R1,(9554_T527-R1,9879_T493-R1)),(9545_T414-R1,9944_T421-R1)))),9762_T512-R1)),9134_T463-R1);
(7413_T431-R1,(9784_T555-R1,((9947_T503-R1,(9887_T511-R1,((9837_T522-R1,(9554_T527-R1,9879_T493-R1)),(9545_T414-R1,9944_T421-R1)))),9762_T512-R1)),9134_T463-R1);
(7413_T431-R1,(9784_T555-R1,((9947_T503-R1,(9887_T511-R1,((9837_T522-R1,(9554_T527-R1,9879_T493-R1)),(9545_T414-R1,9944_T421-R1)))),9762_T512-R1)),9134_T463-R1);
(7413_T431-R1,(9784_T555-R1,((9947_T503-R1,(9887_T511-R1,((9837_T522-R1,(9554_T527-R1,9879_T493-R1)),(9545_T414-R1,9944_T421-R1)))),9762_T512-R1)),9134_T463-R1);
(7413_T431-R1,(9784_T555-R1,((9947_T503-R1,(9887_T511-R1,((9837_T522-R1,(9554_T527-R1,9879_T493-R1)),(9545_T414-R1,9944_T421-R1)))),9762_T512-R1)),9134_T463-R1);
(7413_T431-R1,(9784_T555-R1,((9947_T503-R1,(9887_T511-R1,((9837_T522-R1,(9554_T527-R1,9879_T493-R1)),(9545_T414-R1,9944_T421-R1)))),9762_T512-R1)),9134_T463-R1);
(7413_T431-R1,(9784_T555-R1,((9947_T503-R1,(9887_T511-R1,((9837_T522-R1,(9554_T527-R1,9879_T493-R1)),(9545_T414-R1,9944_T421-R1)))),9762_T512-R1)),9134_T463-R1);
(7413_T431-R1,(9784_T555-R1,((9947_T503-R1,(9887_T511-R1,((9837_T522-R1,(9554_T527-R1,9879_T493-R1)),(9545_T414-R1,9944_T421-R1)))),9762_T512-R1)),9134_T463-R1);
(7413_T431-R1,(9784_T555-R1,((9947_T503-R1,(9887_T511-R1,((9837_T522-R1,(9554_T527-R1,9879_T493-R1)),(9545_T414-R1,9944_T421-R1)))),9762_T512-R1)),9134_T463-R1);
(7413_T431-R1,(9784_T555-R1,(9762_T512-R1,(9944_T421-R1,(9545_T414-R1,(9947_T503-R1,((9554_T527-R1,(9837_T522-R1,9879_T493-R1)),9887_T511-R1)))))),9134_T463-R1);
(7413_T431-R1,(9784_T555-R1,(9762_T512-R1,(9944_T421-R1,(9545_T414-R1,(9947_T503-R1,((9554_T527-R1,(9837_T522-R1,9879_T493-R1)),9887_T511-R1)))))),9134_T463-R1);
(7413_T431-R1,(9784_T555-R1,(9762_T512-R1,(9944_T421-R1,(9545_T414-R1,(9947_T503-R1,((9554_T527-R1,(9837_T522-R1,9879_T493-R1)),9887_T511-R1)))))),9134_T463-R1);
(7413_T431-R1,(9784_T555-R1,(9762_T512-R1,(9944_T421-R1,(9545_T414-R1,(9947_T503-R1,((9554_T527-R1,(9837_T522-R1,9879_T493-R1)),9887_T511-R1)))))),9134_T463-R1);
(7413_T431-R1,(9784_T555-R1,(9762_T512-R1,(9944_T421-R1,(9545_T414-R1,(9947_T503-R1,((9554_T527-R1,(9837_T522-R1,9879_T493-R1)),9887_T511-R1)))))),9134_T463-R1);
(7413_T431-R1,(9784_T555-R1,(9762_T512-R1,(9944_T421-R1,(9545_T414-R1,(9947_T503-R1,((9554_T527-R1,(9837_T522-R1,9879_T493-R1)),9887_T511-R1)))))),9134_T463-R1);
(7413_T431-R1,(9784_T555-R1,(9762_T512-R1,(9944_T421-R1,(9545_T414-R1,(9947_T503-R1,((9554_T527-R1,(9837_T522-R1,9879_T493-R1)),9887_T511-R1)))))),9134_T463-R1);
(7413_T431-R1,(9784_T555-R1,(9762_T512-R1,(9944_T421-R1,(9545_T414-R1,(9947_T503-R1,((9554_T527-R1,(9837_T522-R1,9879_T493-R1)),9887_T511-R1)))))),9134_T463-R1);
(7413_T431-R1,(9784_T555-R1,(9762_T512-R1,(9944_T421-R1,(9545_T414-R1,(9947_T503-R1,((9554_T527-R1,(9837_T522-R1,9879_T493-R1)),9887_T511-R1)))))),9134_T463-R1);
(7413_T431-R1,(9784_T555-R1,(9762_T512-R1,(9944_T421-R1,(9545_T414-R1,(9947_T503-R1,((9554_T527-R1,(9837_T522-R1,9879_T493-R1)),9887_T511-R1)))))),9134_T463-R1);
(7413_T431-R1,(9784_T555-R1,(9762_T512-R1,(9545_T414-R1,(9947_T503-R1,(9944_T421-R1,(9887_T511-R1,(9554_T527-R1,(9837_T522-R1,9879_T493-R1)))))))),9134_T463-R1);
(7413_T431-R1,(9784_T555-R1,(9762_T512-R1,(9545_T414-R1,(9947_T503-R1,(9944_T421-R1,(9887_T511-R1,(9554_T527-R1,(9837_T522-R1,9879_T493-R1)))))))),9134_T463-R1);
(7413_T431-R1,(9784_T555-R1,(9762_T512-R1,(9545_T414-R1,(9947_T503-R1,(9944_T421-R1,(9887_T511-R1,(9554_T527-R1,(9837_T522-R1,9879_T493-R1)))))))),9134_T463-R1);
(7413_T431-R1,(9784_T555-R1,(9762_T512-R1,(9545_T414-R1,(9947_T503-R1,(9944_T421-R1,(9887_T511-R1,(9554_T527-R1,(9837_T522-R1,9879_T493-R1)))))))),9134_T463-R1);
(7413_T431-R1,(9784_T555-R1,(9762_T512-R1,(9545_T414-R1,(9947_T503-R1,(9944_T421-R1,(9887_T511-R1,(9554_T527-R1,(9837_T522-R1,9879_T493-R1)))))))),9134_T463-R1);
(7413_T431-R1,(9784_T555-R1,(9762_T512-R1,(9545_T414-R1,(9947_T503-R1,(9944_T421-R1,(9887_T511-R1,(9554_T527-R1,(9837_T522-R1,9879_T493-R1)))))))),9134_T463-R1);
(7413_T431-R1,(9784_T555-R1,(9762_T512-R1,(9545_T414-R1,(9947_T503-R1,(9944_T421-R1,(9887_T511-R1,(9554_T527-R1,(9837_T522-R1,9879_T493-R1)))))))),9134_T463-R1);
(7413_T431-R1,(9784_T555-R1,(9762_T512-R1,(9545_T414-R1,(9947_T503-R1,(9944_T421-R1,(9887_T511-R1,(9554_T527-R1,(9837_T522-R1,9879_T493-R1)))))))),9134_T463-R1);
(7413_T431-R1,(9784_T555-R1,(9762_T512-R1,(9545_T414-R1,(9947_T503-R1,(9944_T421-R1,(9887_T511-R1,(9554_T527-R1,(9837_T522-R1,9879_T493-R1)))))))),9134_T463-R1);
(7413_T431-R1,(9784_T555-R1,(9762_T512-R1,(9545_T414-R1,(9947_T503-R1,(9944_T421-R1,(9887_T511-R1,(9554_T527-R1,(9837_T522-R1,9879_T493-R1)))))))),9134_T463-R1);
((9784_T555-R1,(9762_T512-R1,(9545_T414-R1,(9947_T503-R1,(9887_T511-R1,(9944_T421-R1,(9879_T493-R1,(9837_T522-R1,9554_T527-R1)))))))),7413_T431-R1,9134_T463-R1);
((9784_T555-R1,(9762_T512-R1,(9545_T414-R1,(9947_T503-R1,(9887_T511-R1,(9944_T421-R1,(9879_T493-R1,(9837_T522-R1,9554_T527-R1)))))))),7413_T431-R1,9134_T463-R1);
((9784_T555-R1,(9762_T512-R1,(9545_T414-R1,(9947_T503-R1,(9887_T511-R1,(9944_T421-R1,(9879_T493-R1,(9837_T522-R1,9554_T527-R1)))))))),7413_T431-R1,9134_T463-R1);
((9784_T555-R1,(9762_T512-R1,(9545_T414-R1,(9947_T503-R1,(9887_T511-R1,(9944_T421-R1,(9879_T493-R1,(9837_T522-R1,9554_T527-R1)))))))),7413_T431-R1,9134_T463-R1);
((9784_T555-R1,(9762_T512-R1,(9545_T414-R1,(9947_T503-R1,(9887_T511-R1,(9944_T421-R1,(9879_T493-R1,(9837_T522-R1,9554_T527-R1)))))))),7413_T431-R1,9134_T463-R1);
((9784_T555-R1,(9762_T512-R1,(9545_T414-R1,(9947_T503-R1,(9887_T511-R1,(9944_T421-R1,(9879_T493-R1,(9837_T522-R1,9554_T527-R1)))))))),7413_T431-R1,9134_T463-R1);
((9784_T555-R1,(9762_T512-R1,(9545_T414-R1,(9947_T503-R1,(9887_T511-R1,(9944_T421-R1,(9879_T493-R1,(9837_T522-R1,9554_T527-R1)))))))),7413_T431-R1,9134_T463-R1);
((9784_T555-R1,(9762_T512-R1,(9545_T414-R1,(9947_T503-R1,(9887_T511-R1,(9944_T421-R1,(9879_T493-R1,(9837_T522-R1,9554_T527-R1)))))))),7413_T431-R1,9134_T463-R1);
((9784_T555-R1,(9762_T512-R1,(9545_T414-R1,(9947_T503-R1,(9887_T511-R1,(9944_T421-R1,(9879_T493-R1,(9837_T522-R1,9554_T527-R1)))))))),7413_T431-R1,9134_T463-R1);
((9784_T555-R1,(9762_T512-R1,(9545_T414-R1,(9947_T503-R1,(9887_T511-R1,(9944_T421-R1,(9879_T493-R1,(9837_T522-R1,9554_T527-R1)))))))),7413_T431-R1,9134_T463-R1);
((9784_T555-R1,(9762_T512-R1,(9545_T414-R1,(9944_T421-R1,((9837_T522-R1,(9879_T493-R1,9554_T527-R1)),(9887_T511-R1,9947_T503-R1)))))),7413_T431-R1,9134_T463-R1);
((9784_T555-R1,(9762_T512-R1,(9545_T414-R1,(9944_T421-R1,((9837_T522-R1,(9879_T493-R1,9554_T527-R1)),(9887_T511-R1,9947_T503-R1)))))),7413_T431-R1,9134_T463-R1);
((9784_T555-R1,(9762_T512-R1,(9545_T414-R1,(9944_T421-R1,((9837_T522-R1,(9879_T493-R1,9554_T527-R1)),(9887_T511-R1,9947_T503-R1)))))),7413_T431-R1,9134_T463-R1);
((9784_T555-R1,(9762_T512-R1,(9545_T414-R1,(9944_T421-R1,((9837_T522-R1,(9879_T493-R1,9554_T527-R1)),(9887_T511-R1,9947_T503-R1)))))),7413_T431-R1,9134_T463-R1);
((9784_T555-R1,(9762_T512-R1,(9545_T414-R1,(9944_T421-R1,((9837_T522-R1,(9879_T493-R1,9554_T527-R1)),(9887_T511-R1,9947_T503-R1)))))),7413_T431-R1,9134_T463-R1);
((9784_T555-R1,(9762_T512-R1,(9545_T414-R1,(9944_T421-R1,((9837_T522-R1,(9879_T493-R1,9554_T527-R1)),(9887_T511-R1,9947_T503-R1)))))),7413_T431-R1,9134_T463-R1);
((9784_T555-R1,(9762_T512-R1,(9545_T414-R1,(9944_T421-R1,((9837_T522-R1,(9879_T493-R1,9554_T527-R1)),(9887_T511-R1,9947_T503-R1)))))),7413_T431-R1,9134_T463-R1);
((9784_T555-R1,(9762_T512-R1,(9545_T414-R1,(9944_T421-R1,((9837_T522-R1,(9879_T493-R1,9554_T527-R1)),(9887_T511-R1,9947_T503-R1)))))),7413_T431-R1,9134_T463-R1);
((9784_T555-R1,(9762_T512-R1,(9545_T414-R1,(9944_T421-R1,((9837_T522-R1,(9879_T493-R1,9554_T527-R1)),(9887_T511-R1,9947_T503-R1)))))),7413_T431-R1,9134_T463-R1);
((9784_T555-R1,(9762_T512-R1,(9545_T414-R1,(9944_T421-R1,((9837_T522-R1,(9879_T493-R1,9554_T527-R1)),(9887_T511-R1,9947_T503-R1)))))),7413_T431-R1,9134_T463-R1);
(((((9887_T511-R1,(9879_T493-R1,(9837_T522-R1,9554_T527-R1))),((9944_T421-R1,9545_T414-R1),9947_T503-R1)),9762_T512-R1),9784_T555-R1),7413_T431-R1,9134_T463-R1);
(((((9887_T511-R1,(9879_T493-R1,(9837_T522-R1,9554_T527-R1))),((9944_T421-R1,9545_T414-R1),9947_T503-R1)),9762_T512-R1),9784_T555-R1),7413_T431-R1,9134_T463-R1);
((((9887_T511-R1,((9947_T503-R1,9944_T421-R1),(9554_T527-R1,(9879_T493-R1,9837_T522-R1)))),(9545_T414-R1,9762_T512-R1)),9784_T555-R1),7413_T431-R1,9134_T463-R1);
((((9879_T493-R1,(((9947_T503-R1,9944_T421-R1),(9554_T527-R1,9545_T414-R1)),(9837_T522-R1,9887_T511-R1))),9762_T512-R1),7413_T431-R1),9784_T555-R1,9134_T463-R1);
((((9879_T493-R1,(((9947_T503-R1,9944_T421-R1),(9554_T527-R1,9545_T414-R1)),(9837_T522-R1,9887_T511-R1))),9762_T512-R1),7413_T431-R1),9784_T555-R1,9134_T463-R1);
(((9944_T421-R1,((9947_T503-R1,(9554_T527-R1,(9837_T522-R1,9879_T493-R1))),(9762_T512-R1,(7413_T431-R1,9545_T414-R1)))),9784_T555-R1),9887_T511-R1,9134_T463-R1);
(((9944_T421-R1,((9947_T503-R1,(9554_T527-R1,(9837_T522-R1,9879_T493-R1))),(9762_T512-R1,(7413_T431-R1,9545_T414-R1)))),9784_T555-R1),9887_T511-R1,9134_T463-R1);
(((9944_T421-R1,((9947_T503-R1,(9554_T527-R1,(9837_T522-R1,9879_T493-R1))),(9762_T512-R1,(7413_T431-R1,9545_T414-R1)))),9784_T555-R1),9887_T511-R1,9134_T463-R1);
(((9944_T421-R1,((9947_T503-R1,(9554_T527-R1,(9837_T522-R1,9879_T493-R1))),(9762_T512-R1,(7413_T431-R1,9545_T414-R1)))),9784_T555-R1),9887_T511-R1,9134_T463-R1);
(((9944_T421-R1,((9947_T503-R1,(9554_T527-R1,(9837_T522-R1,9879_T493-R1))),(9762_T512-R1,(7413_T431-R1,9545_T414-R1)))),9784_T555-R1),9887_T511-R1,9134_T463-R1);
(7413_T431-R1,(9784_T555-R1,(9762_T512-R1,(9944_T421-R1,(9947_T503-R1,((9837_T522-R1,(9879_T493-R1,9554_T527-R1)),(9887_T511-R1,9545_T414-R1)))))),9134_T463-R1);
(7413_T431-R1,(9784_T555-R1,(9762_T512-R1,(9944_T421-R1,(9947_T503-R1,((9837_T522-R1,(9879_T493-R1,9554_T527-R1)),(9887_T511-R1,9545_T414-R1)))))),9134_T463-R1);
(7413_T431-R1,(9784_T555-R1,(9762_T512-R1,(9944_T421-R1,(9947_T503-R1,((9837_T522-R1,(9879_T493-R1,9554_T527-R1)),(9887_T511-R1,9545_T414-R1)))))),9134_T463-R1);
(7413_T431-R1,(9784_T555-R1,(9762_T512-R1,(9944_T421-R1,(9947_T503-R1,((9837_T522-R1,(9879_T493-R1,9554_T527-R1)),(9887_T511-R1,9545_T414-R1)))))),9134_T463-R1);
(7413_T431-R1,(9784_T555-R1,(9762_T512-R1,(9944_T421-R1,(9947_T503-R1,((9837_T522-R1,(9879_T493-R1,9554_T527-R1)),(9887_T511-R1,9545_T414-R1)))))),9134_T463-R1);
(7413_T431-R1,(9784_T555-R1,(9762_T512-R1,(9944_T421-R1,(9947_T503-R1,((9837_T522-R1,(9879_T493-R1,9554_T527-R1)),(9887_T511-R1,9545_T414-R1)))))),9134_T463-R1);
(7413_T431-R1,(9784_T555-R1,(9762_T512-R1,(9944_T421-R1,(9947_T503-R1,((9837_T522-R1,(9879_T493-R1,9554_T527-R1)),(9887_T511-R1,9545_T414-R1)))))),9134_T463-R1);
(7413_T431-R1,(9784_T555-R1,(9762_T512-R1,(9944_T421-R1,(9947_T503-R1,((9837_T522-R1,(9879_T493-R1,9554_T527-R1)),(9887_T511-R1,9545_T414-R1)))))),9134_T463-R1);
(7413_T431-R1,(9784_T555-R1,(9762_T512-R1,(9944_T421-R1,(9947_T503-R1,((9837_T522-R1,(9879_T493-R1,9554_T527-R1)),(9887_T511-R1,9545_T414-R1)))))),9134_T463-R1);
(7413_T431-R1,(9784_T555-R1,(9762_T512-R1,(9944_T421-R1,(9947_T503-R1,((9837_T522-R1,(9879_T493-R1,9554_T527-R1)),(9887_T511-R1,9545_T414-R1)))))),9134_T463-R1);
(7413_T431-R1,((9762_T512-R1,(9887_T511-R1,(9545_T414-R1,(9947_T503-R1,(9944_T421-R1,(9837_T522-R1,(9879_T493-R1,9554_T527-R1))))))),9784_T555-R1),9134_T463-R1);
(7413_T431-R1,((9762_T512-R1,(9887_T511-R1,(9545_T414-R1,(9947_T503-R1,(9944_T421-R1,(9837_T522-R1,(9879_T493-R1,9554_T527-R1))))))),9784_T555-R1),9134_T463-R1);
(7413_T431-R1,((9762_T512-R1,(9887_T511-R1,(9545_T414-R1,(9947_T503-R1,(9944_T421-R1,(9837_T522-R1,(9879_T493-R1,9554_T527-R1))))))),9784_T555-R1),9134_T463-R1);
(7413_T431-R1,((9762_T512-R1,(9887_T511-R1,(9545_T414-R1,(9947_T503-R1,(9944_T421-R1,(9837_T522-R1,(9879_T493-R1,9554_T527-R1))))))),9784_T555-R1),9134_T463-R1);
(7413_T431-R1,((9762_T512-R1,(9887_T511-R1,(9545_T414-R1,(9947_T503-R1,(9944_T421-R1,(9837_T522-R1,(9879_T493-R1,9554_T527-R1))))))),9784_T555-R1),9134_T463-R1);
(7413_T431-R1,((9762_T512-R1,(9887_T511-R1,(9545_T414-R1,(9947_T503-R1,(9944_T421-R1,(9837_T522-R1,(9879_T493-R1,9554_T527-R1))))))),9784_T555-R1),9134_T463-R1);
(7413_T431-R1,((9762_T512-R1,(9887_T511-R1,(9545_T414-R1,(9947_T503-R1,(9944_T421-R1,(9837_T522-R1,(9879_T493-R1,9554_T527-R1))))))),9784_T555-R1),9134_T463-R1);
(7413_T431-R1,((9762_T512-R1,(9887_T511-R1,(9545_T414-R1,(9947_T503-R1,(9944_T421-R1,(9837_T522-R1,(9879_T493-R1,9554_T527-R1))))))),9784_T555-R1),9134_T463-R1);
(7413_T431-R1,((9762_T512-R1,(9887_T511-R1,(9545_T414-R1,(9947_T503-R1,(9944_T421-R1,(9837_T522-R1,(9879_T493-R1,9554_T527-R1))))))),9784_T555-R1),9134_T463-R1);
(7413_T431-R1,((9762_T512-R1,(9887_T511-R1,(9545_T414-R1,(9947_T503-R1,(9944_T421-R1,(9837_T522-R1,(9879_T493-R1,9554_T527-R1))))))),9784_T555-R1),9134_T463-R1);
(9837_T522-R1,(((9784_T555-R1,7413_T431-R1),(9879_T493-R1,(9554_T527-R1,(9947_T503-R1,(9545_T414-R1,9762_T512-R1))))),(9887_T511-R1,9944_T421-R1)),9134_T463-R1);
(9784_T555-R1,(7413_T431-R1,((((9879_T493-R1,((9554_T527-R1,9762_T512-R1),9545_T414-R1)),(9887_T511-R1,9837_T522-R1)),9944_T421-R1),9947_T503-R1)),9134_T463-R1);
(9784_T555-R1,(7413_T431-R1,((((9879_T493-R1,((9554_T527-R1,9762_T512-R1),9545_T414-R1)),(9887_T511-R1,9837_T522-R1)),9944_T421-R1),9947_T503-R1)),9134_T463-R1);
(9784_T555-R1,((7413_T431-R1,9887_T511-R1),(((9947_T503-R1,9944_T421-R1),(9545_T414-R1,9762_T512-R1)),(9554_T527-R1,(9837_T522-R1,9879_T493-R1)))),9134_T463-R1);
(((9545_T414-R1,(((9947_T503-R1,(9554_T527-R1,(9837_T522-R1,9879_T493-R1))),9887_T511-R1),9944_T421-R1)),9762_T512-R1),(9784_T555-R1,7413_T431-R1),9134_T463-R1);
(((9545_T414-R1,(((9947_T503-R1,(9554_T527-R1,(9837_T522-R1,9879_T493-R1))),9887_T511-R1),9944_T421-R1)),9762_T512-R1),(9784_T555-R1,7413_T431-R1),9134_T463-R1);
(((9545_T414-R1,(((9947_T503-R1,(9554_T527-R1,(9837_T522-R1,9879_T493-R1))),9887_T511-R1),9944_T421-R1)),9762_T512-R1),(9784_T555-R1,7413_T431-R1),9134_T463-R1);
(((9545_T414-R1,(((9947_T503-R1,(9554_T527-R1,(9837_T522-R1,9879_T493-R1))),9887_T511-R1),9944_T421-R1)),9762_T512-R1),(9784_T555-R1,7413_T431-R1),9134_T463-R1);
(((9545_T414-R1,(((9947_T503-R1,(9554_T527-R1,(9837_T522-R1,9879_T493-R1))),9887_T511-R1),9944_T421-R1)),9762_T512-R1),(9784_T555-R1,7413_T431-R1),9134_T463-R1);
(((9545_T414-R1,(((9947_T503-R1,(9554_T527-R1,(9837_T522-R1,9879_T493-R1))),9887_T511-R1),9944_T421-R1)),9762_T512-R1),(9784_T555-R1,7413_T431-R1),9134_T463-R1);
((9784_T555-R1,7413_T431-R1),(9762_T512-R1,((((((9554_T527-R1,9879_T493-R1),9837_T522-R1),9944_T421-R1),9545_T414-R1),9887_T511-R1),9947_T503-R1)),9134_T463-R1);
((9784_T555-R1,7413_T431-R1),(9762_T512-R1,((((((9554_T527-R1,9879_T493-R1),9837_T522-R1),9944_T421-R1),9545_T414-R1),9887_T511-R1),9947_T503-R1)),9134_T463-R1);
((9784_T555-R1,7413_T431-R1),(9762_T512-R1,((((((9554_T527-R1,9879_T493-R1),9837_T522-R1),9944_T421-R1),9545_T414-R1),9887_T511-R1),9947_T503-R1)),9134_T463-R1);
((9784_T555-R1,7413_T431-R1),(9762_T512-R1,((((((9554_T527-R1,9879_T493-R1),9837_T522-R1),9944_T421-R1),9545_T414-R1),9887_T511-R1),9947_T503-R1)),9134_T463-R1);
((9784_T555-R1,7413_T431-R1),(9762_T512-R1,((((((9554_T527-R1,9879_T493-R1),9837_T522-R1),9944_T421-R1),9545_T414-R1),9887_T511-R1),9947_T503-R1)),9134_T463-R1);
((9784_T555-R1,7413_T431-R1),(9762_T512-R1,((((((9554_T527-R1,9879_T493-R1),9837_T522-R1),9944_T421-R1),9545_T414-R1),9887_T511-R1),9947_T503-R1)),9134_T463-R1);
((9784_T555-R1,7413_T431-R1),(9762_T512-R1,((((((9554_T527-R1,9879_T493-R1),9837_T522-R1),9944_T421-R1),9545_T414-R1),9887_T511-R1),9947_T503-R1)),9134_T463-R1);
((9784_T555-R1,7413_T431-R1),(9762_T512-R1,((((((9554_T527-R1,9879_T493-R1),9837_T522-R1),9944_T421-R1),9545_T414-R1),9887_T511-R1),9947_T503-R1)),9134_T463-R1);
((9784_T555-R1,7413_T431-R1),(9762_T512-R1,((((((9554_T527-R1,9879_T493-R1),9837_T522-R1),9944_T421-R1),9545_T414-R1),9887_T511-R1),9947_T503-R1)),9134_T463-R1);
((9784_T555-R1,7413_T431-R1),(9762_T512-R1,((((((9554_T527-R1,9879_T493-R1),9837_T522-R1),9944_T421-R1),9545_T414-R1),9887_T511-R1),9947_T503-R1)),9134_T463-R1);
