(9545_T182-R1,(9879_T265-R1,((9610_T119-R1,1925_T211-R1),9583_T407-R1)),9600_T518-R1);
(9545_T182-R1,(9879_T265-R1,((9610_T119-R1,1925_T211-R1),9583_T407-R1)),9600_T518-R1);
(9545_T182-R1,(9879_T265-R1,((9610_T119-R1,1925_T211-R1),9583_T407-R1)),9600_T518-R1);
(9545_T182-R1,(9879_T265-R1,((9610_T119-R1,1925_T211-R1),9583_T407-R1)),9600_T518-R1);
(9545_T182-R1,(9879_T265-R1,((9610_T119-R1,1925_T211-R1),9583_T407-R1)),9600_T518-R1);
(9545_T182-R1,(9879_T265-R1,((9610_T119-R1,1925_T211-R1),9583_T407-R1)),9600_T518-R1);
(9545_T182-R1,(9879_T265-R1,((9610_T119-R1,1925_T211-R1),9583_T407-R1)),9600_T518-R1);
(9545_T182-R1,(9879_T265-R1,((9610_T119-R1,1925_T211-R1),9583_T407-R1)),9600_T518-R1);
(9545_T182-R1,(9879_T265-R1,((9610_T119-R1,1925_T211-R1),9583_T407-R1)),9600_T518-R1);
(9545_T182-R1,(9879_T265-R1,((9610_T119-R1,1925_T211-R1),9583_T407-R1)),9600_T518-R1);
(9879_T265-R1,(9545_T182-R1,(9583_T407-R1,(1925_T211-R1,9610_T119-R1))),9600_T518-R1);
(9879_T265-R1,(9545_T182-R1,(9583_T407-R1,(1925_T211-R1,9610_T119-R1))),9600_T518-R1);
(9879_T265-R1,(9545_T182-R1,(9583_T407-R1,(1925_T211-R1,9610_T119-R1))),9600_T518-R1);
(9879_T265-R1,(9545_T182-R1,(9583_T407-R1,(1925_T211-R1,9610_T119-R1))),9600_T518-R1);
(9879_T265-R1,(9545_T182-R1,(9583_T407-R1,(1925_T211-R1,9610_T119-R1))),9600_T518-R1);
(9879_T265-R1,(9545_T182-R1,(9583_T407-R1,(1925_T211-R1,9610_T119-R1))),9600_T518-R1);
(9879_T265-R1,(9545_T182-R1,(9583_T407-R1,(1925_T211-R1,9610_T119-R1))),9600_T518-R1);
(9879_T265-R1,(9545_T182-R1,(9583_T407-R1,(1925_T211-R1,9610_T119-R1))),9600_T518-R1);
(9879_T265-R1,(9545_T182-R1,(9583_T407-R1,(1925_T211-R1,9610_T119-R1))),9600_T518-R1);
(9879_T265-R1,(9545_T182-R1,(9583_T407-R1,(1925_T211-R1,9610_T119-R1))),9600_T518-R1);
((9545_T182-R1,(9583_T407-R1,(1925_T211-R1,9610_T119-R1))),9879_T265-R1,9600_T518-R1);
((9545_T182-R1,(9583_T407-R1,(1925_T211-R1,9610_T119-R1))),9879_T265-R1,9600_T518-R1);
((9545_T182-R1,(9583_T407-R1,(1925_T211-R1,9610_T119-R1))),9879_T265-R1,9600_T518-R1);
((9545_T182-R1,(9583_T407-R1,(1925_T211-R1,9610_T119-R1))),9879_T265-R1,9600_T518-R1);
((9545_T182-R1,(9583_T407-R1,(1925_T211-R1,9610_T119-R1))),9879_T265-R1,9600_T518-R1);
((9545_T182-R1,(9583_T407-R1,(1925_T211-R1,9610_T119-R1))),9879_T265-R1,9600_T518-R1);
((9545_T182-R1,(9583_T407-R1,(1925_T211-R1,9610_T119-R1))),9879_T265-R1,9600_T518-R1);
((9545_T182-R1,(9583_T407-R1,(1925_T211-R1,9610_T119-R1))),9879_T265-R1,9600_T518-R1);
((9545_T182-R1,(9583_T407-R1,(1925_T211-R1,9610_T119-R1))),9879_T265-R1,9600_T518-R1);
((9545_T182-R1,(9583_T407-R1,(1925_T211-R1,9610_T119-R1))),9879_T265-R1,9600_T518-R1);
(9545_T182-R1,(9879_T265-R1,(9583_T407-R1,(9610_T119-R1,1925_T211-R1))),9600_T518-R1);
(9545_T182-R1,(9879_T265-R1,(9583_T407-R1,(9610_T119-R1,1925_T211-R1))),9600_T518-R1);
(9545_T182-R1,(9879_T265-R1,(9583_T407-R1,(9610_T119-R1,1925_T211-R1))),9600_T518-R1);
(9545_T182-R1,(9879_T265-R1,(9583_T407-R1,(9610_T119-R1,1925_T211-R1))),9600_T518-R1);
(9545_T182-R1,(9879_T265-R1,(9583_T407-R1,(9610_T119-R1,1925_T211-R1))),9600_T518-R1);
(9545_T182-R1,(9879_T265-R1,(9583_T407-R1,(9610_T119-R1,1925_T211-R1))),9600_T518-R1);
(9545_T182-R1,(9879_T265-R1,(9583_T407-R1,(9610_T119-R1,1925_T211-R1))),9600_T518-R1);
(9545_T182-R1,(9879_T265-R1,(9583_T407-R1,(9610_T119-R1,1925_T211-R1))),9600_T518-R1);
(9545_T182-R1,(9879_T265-R1,(9583_T407-R1,(9610_T119-R1,1925_T211-R1))),9600_T518-R1);
(9545_T182-R1,(9879_T265-R1,(9583_T407-R1,(9610_T119-R1,1925_T211-R1))),9600_T518-R1);
(9545_T182-R1,(((1925_T211-R1,9610_T119-R1),9583_T407-R1),9879_T265-R1),9600_T518-R1);
(9545_T182-R1,(((1925_T211-R1,9610_T119-R1),9583_T407-R1),9879_T265-R1),9600_T518-R1);
(9545_T182-R1,(((1925_T211-R1,9610_T119-R1),9583_T407-R1),9879_T265-R1),9600_T518-R1);
(9545_T182-R1,(((1925_T211-R1,9610_T119-R1),9583_T407-R1),9879_T265-R1),9600_T518-R1);
(9545_T182-R1,(((1925_T211-R1,9610_T119-R1),9583_T407-R1),9879_T265-R1),9600_T518-R1);
(9545_T182-R1,(((1925_T211-R1,9610_T119-R1),9583_T407-R1),9879_T265-R1),9600_T518-R1);
(9545_T182-R1,(((1925_T211-R1,9610_T119-R1),9583_T407-R1),9879_T265-R1),9600_T518-R1);
(9545_T182-R1,(((1925_T211-R1,9610_T119-R1),9583_T407-R1),9879_T265-R1),9600_T518-R1);
(9545_T182-R1,(((1925_T211-R1,9610_T119-R1),9583_T407-R1),9879_T265-R1),9600_T518-R1);
(9545_T182-R1,(((1925_T211-R1,9610_T119-R1),9583_T407-R1),9879_T265-R1),9600_T518-R1);
(9879_T265-R1,((9583_T407-R1,(1925_T211-R1,9610_T119-R1)),9545_T182-R1),9600_T518-R1);
(9879_T265-R1,((9583_T407-R1,(1925_T211-R1,9610_T119-R1)),9545_T182-R1),9600_T518-R1);
(9879_T265-R1,((9583_T407-R1,(1925_T211-R1,9610_T119-R1)),9545_T182-R1),9600_T518-R1);
(9879_T265-R1,((9583_T407-R1,(1925_T211-R1,9610_T119-R1)),9545_T182-R1),9600_T518-R1);
(9879_T265-R1,((9583_T407-R1,(1925_T211-R1,9610_T119-R1)),9545_T182-R1),9600_T518-R1);
(9879_T265-R1,((9583_T407-R1,(1925_T211-R1,9610_T119-R1)),9545_T182-R1),9600_T518-R1);
(9879_T265-R1,((9583_T407-R1,(1925_T211-R1,9610_T119-R1)),9545_T182-R1),9600_T518-R1);
(9879_T265-R1,((9583_T407-R1,(1925_T211-R1,9610_T119-R1)),9545_T182-R1),9600_T518-R1);
(9879_T265-R1,((9583_T407-R1,(1925_T211-R1,9610_T119-R1)),9545_T182-R1),9600_T518-R1);
(9879_T265-R1,((9583_T407-R1,(1925_T211-R1,9610_T119-R1)),9545_T182-R1),9600_T518-R1);
(9545_T182-R1,((9583_T407-R1,(1925_T211-R1,9610_T119-R1)),9879_T265-R1),9600_T518-R1);
(9545_T182-R1,((9583_T407-R1,(1925_T211-R1,9610_T119-R1)),9879_T265-R1),9600_T518-R1);
(9545_T182-R1,((9583_T407-R1,(1925_T211-R1,9610_T119-R1)),9879_T265-R1),9600_T518-R1);
(9545_T182-R1,((9583_T407-R1,(1925_T211-R1,9610_T119-R1)),9879_T265-R1),9600_T518-R1);
(9545_T182-R1,((9583_T407-R1,(1925_T211-R1,9610_T119-R1)),9879_T265-R1),9600_T518-R1);
(9545_T182-R1,((9583_T407-R1,(1925_T211-R1,9610_T119-R1)),9879_T265-R1),9600_T518-R1);
(9545_T182-R1,((9583_T407-R1,(1925_T211-R1,9610_T119-R1)),9879_T265-R1),9600_T518-R1);
(9545_T182-R1,((9583_T407-R1,(1925_T211-R1,9610_T119-R1)),9879_T265-R1),9600_T518-R1);
(9545_T182-R1,((9583_T407-R1,(1925_T211-R1,9610_T119-R1)),9879_T265-R1),9600_T518-R1);
(9545_T182-R1,((9583_T407-R1,(1925_T211-R1,9610_T119-R1)),9879_T265-R1),9600_T518-R1);
(9879_T265-R1,(9545_T182-R1,((9610_T119-R1,1925_T211-R1),9583_T407-R1)),9600_T518-R1);
(9879_T265-R1,(9545_T182-R1,((9610_T119-R1,1925_T211-R1),9583_T407-R1)),9600_T518-R1);
(9879_T265-R1,(9545_T182-R1,((9610_T119-R1,1925_T211-R1),9583_T407-R1)),9600_T518-R1);
(9879_T265-R1,(9545_T182-R1,((9610_T119-R1,1925_T211-R1),9583_T407-R1)),9600_T518-R1);
(9879_T265-R1,(9545_T182-R1,((9610_T119-R1,1925_T211-R1),9583_T407-R1)),9600_T518-R1);
(9879_T265-R1,(9545_T182-R1,((9610_T119-R1,1925_T211-R1),9583_T407-R1)),9600_T518-R1);
(9879_T265-R1,(9545_T182-R1,((9610_T119-R1,1925_T211-R1),9583_T407-R1)),9600_T518-R1);
(9879_T265-R1,(9545_T182-R1,((9610_T119-R1,1925_T211-R1),9583_T407-R1)),9600_T518-R1);
(9879_T265-R1,(9545_T182-R1,((9610_T119-R1,1925_T211-R1),9583_T407-R1)),9600_T518-R1);
(9879_T265-R1,(9545_T182-R1,((9610_T119-R1,1925_T211-R1),9583_T407-R1)),9600_T518-R1);
(9545_T182-R1,((9583_T407-R1,(1925_T211-R1,9610_T119-R1)),9879_T265-R1),9600_T518-R1);
(9545_T182-R1,((9583_T407-R1,(1925_T211-R1,9610_T119-R1)),9879_T265-R1),9600_T518-R1);
(9545_T182-R1,((9583_T407-R1,(1925_T211-R1,9610_T119-R1)),9879_T265-R1),9600_T518-R1);
(9545_T182-R1,((9583_T407-R1,(1925_T211-R1,9610_T119-R1)),9879_T265-R1),9600_T518-R1);
(9545_T182-R1,((9583_T407-R1,(1925_T211-R1,9610_T119-R1)),9879_T265-R1),9600_T518-R1);
(9545_T182-R1,((9583_T407-R1,(1925_T211-R1,9610_T119-R1)),9879_T265-R1),9600_T518-R1);
(9545_T182-R1,((9583_T407-R1,(1925_T211-R1,9610_T119-R1)),9879_T265-R1),9600_T518-R1);
(9545_T182-R1,((9583_T407-R1,(1925_T211-R1,9610_T119-R1)),9879_T265-R1),9600_T518-R1);
(9545_T182-R1,((9583_T407-R1,(1925_T211-R1,9610_T119-R1)),9879_T265-R1),9600_T518-R1);
(9545_T182-R1,((9583_T407-R1,(1925_T211-R1,9610_T119-R1)),9879_T265-R1),9600_T518-R1);
(9545_T182-R1,(9879_T265-R1,(9583_T407-R1,(9610_T119-R1,1925_T211-R1))),9600_T518-R1);
(9545_T182-R1,(9879_T265-R1,(9583_T407-R1,(9610_T119-R1,1925_T211-R1))),9600_T518-R1);
(9545_T182-R1,(9879_T265-R1,(9583_T407-R1,(9610_T119-R1,1925_T211-R1))),9600_T518-R1);
(9545_T182-R1,(9879_T265-R1,(9583_T407-R1,(9610_T119-R1,1925_T211-R1))),9600_T518-R1);
(9545_T182-R1,(9879_T265-R1,(9583_T407-R1,(9610_T119-R1,1925_T211-R1))),9600_T518-R1);
(9545_T182-R1,(9879_T265-R1,(9583_T407-R1,(9610_T119-R1,1925_T211-R1))),9600_T518-R1);
(9545_T182-R1,(9879_T265-R1,(9583_T407-R1,(9610_T119-R1,1925_T211-R1))),9600_T518-R1);
(9545_T182-R1,(9879_T265-R1,(9583_T407-R1,(9610_T119-R1,1925_T211-R1))),9600_T518-R1);
(9545_T182-R1,(9879_T265-R1,(9583_T407-R1,(9610_T119-R1,1925_T211-R1))),9600_T518-R1);
(9545_T182-R1,(9879_T265-R1,(9583_T407-R1,(9610_T119-R1,1925_T211-R1))),9600_T518-R1);
