(((9610_T019-R1,7167_T145-R1),(7416_T005-R1,(5784_T013-R1,(((ATHALIANA_AT5G45230_1,6909_T004-R1),7396_T040-R1),9784_T189-R1)))),9721_T019-R1,7413_T006-R1);
((7416_T005-R1,(9721_T019-R1,(5784_T013-R1,(((ATHALIANA_AT5G45230_1,6909_T004-R1),9784_T189-R1),7396_T040-R1)))),(9610_T019-R1,7167_T145-R1),7413_T006-R1);
((7416_T005-R1,(9721_T019-R1,(5784_T013-R1,(((ATHALIANA_AT5G45230_1,6909_T004-R1),9784_T189-R1),7396_T040-R1)))),(9610_T019-R1,7167_T145-R1),7413_T006-R1);
(((9610_T019-R1,7167_T145-R1),7416_T005-R1),(9721_T019-R1,(((5784_T013-R1,(ATHALIANA_AT5G45230_1,6909_T004-R1)),9784_T189-R1),7396_T040-R1)),7413_T006-R1);
((9610_T019-R1,7167_T145-R1),((((9784_T189-R1,5784_T013-R1),((ATHALIANA_AT5G45230_1,6909_T004-R1),7396_T040-R1)),9721_T019-R1),7416_T005-R1),7413_T006-R1);
((7416_T005-R1,(9610_T019-R1,7167_T145-R1)),(((7396_T040-R1,(9784_T189-R1,5784_T013-R1)),(ATHALIANA_AT5G45230_1,6909_T004-R1)),9721_T019-R1),7413_T006-R1);
((((7396_T040-R1,(((ATHALIANA_AT5G45230_1,6909_T004-R1),9784_T189-R1),5784_T013-R1)),9721_T019-R1),7416_T005-R1),(9610_T019-R1,7167_T145-R1),7413_T006-R1);
((7416_T005-R1,(9610_T019-R1,7167_T145-R1)),(((5784_T013-R1,7396_T040-R1),((ATHALIANA_AT5G45230_1,6909_T004-R1),9784_T189-R1)),9721_T019-R1),7413_T006-R1);
((((5784_T013-R1,(7396_T040-R1,(ATHALIANA_AT5G45230_1,6909_T004-R1))),9784_T189-R1),7416_T005-R1),((9721_T019-R1,9610_T019-R1),7167_T145-R1),7413_T006-R1);
((((5784_T013-R1,(7396_T040-R1,(ATHALIANA_AT5G45230_1,6909_T004-R1))),9784_T189-R1),7416_T005-R1),((9721_T019-R1,9610_T019-R1),7167_T145-R1),7413_T006-R1);
(((7167_T145-R1,9610_T019-R1),7416_T005-R1),(((9784_T189-R1,(7396_T040-R1,5784_T013-R1)),(6909_T004-R1,ATHALIANA_AT5G45230_1)),9721_T019-R1),7413_T006-R1);
(9721_T019-R1,((7167_T145-R1,9610_T019-R1),(7416_T005-R1,((6909_T004-R1,ATHALIANA_AT5G45230_1),(5784_T013-R1,(9784_T189-R1,7396_T040-R1))))),7413_T006-R1);
((7167_T145-R1,9610_T019-R1),(7416_T005-R1,(9721_T019-R1,(5784_T013-R1,(((6909_T004-R1,ATHALIANA_AT5G45230_1),7396_T040-R1),9784_T189-R1)))),7413_T006-R1);
((7167_T145-R1,9610_T019-R1),(7416_T005-R1,(9721_T019-R1,(5784_T013-R1,(((6909_T004-R1,ATHALIANA_AT5G45230_1),7396_T040-R1),9784_T189-R1)))),7413_T006-R1);
((7167_T145-R1,9610_T019-R1),(7416_T005-R1,(9721_T019-R1,(5784_T013-R1,(((6909_T004-R1,ATHALIANA_AT5G45230_1),7396_T040-R1),9784_T189-R1)))),7413_T006-R1);
((7416_T005-R1,(7167_T145-R1,9610_T019-R1)),(9721_T019-R1,((((6909_T004-R1,ATHALIANA_AT5G45230_1),7396_T040-R1),9784_T189-R1),5784_T013-R1)),7413_T006-R1);
((7167_T145-R1,9610_T019-R1),((9721_T019-R1,(5784_T013-R1,(((6909_T004-R1,ATHALIANA_AT5G45230_1),9784_T189-R1),7396_T040-R1))),7416_T005-R1),7413_T006-R1);
((7167_T145-R1,9610_T019-R1),((9721_T019-R1,(5784_T013-R1,(((6909_T004-R1,ATHALIANA_AT5G45230_1),9784_T189-R1),7396_T040-R1))),7416_T005-R1),7413_T006-R1);
((7167_T145-R1,9610_T019-R1),((9721_T019-R1,(5784_T013-R1,(((6909_T004-R1,ATHALIANA_AT5G45230_1),9784_T189-R1),7396_T040-R1))),7416_T005-R1),7413_T006-R1);
((7416_T005-R1,(9610_T019-R1,7167_T145-R1)),(9721_T019-R1,(7396_T040-R1,(((6909_T004-R1,ATHALIANA_AT5G45230_1),9784_T189-R1),5784_T013-R1))),7413_T006-R1);
(9610_T019-R1,((((5784_T013-R1,(((7396_T040-R1,6909_T004-R1),9784_T189-R1),ATHALIANA_AT5G45230_1)),9721_T019-R1),7416_T005-R1),7167_T145-R1),7413_T006-R1);
((((7396_T040-R1,((5784_T013-R1,(6909_T004-R1,ATHALIANA_AT5G45230_1)),9784_T189-R1)),7416_T005-R1),(7167_T145-R1,9610_T019-R1)),9721_T019-R1,7413_T006-R1);
((((7396_T040-R1,((5784_T013-R1,(6909_T004-R1,ATHALIANA_AT5G45230_1)),9784_T189-R1)),7416_T005-R1),(7167_T145-R1,9610_T019-R1)),9721_T019-R1,7413_T006-R1);
((((7396_T040-R1,((5784_T013-R1,(6909_T004-R1,ATHALIANA_AT5G45230_1)),9784_T189-R1)),7416_T005-R1),(7167_T145-R1,9610_T019-R1)),9721_T019-R1,7413_T006-R1);
((((7396_T040-R1,((5784_T013-R1,(6909_T004-R1,ATHALIANA_AT5G45230_1)),9784_T189-R1)),7416_T005-R1),(7167_T145-R1,9610_T019-R1)),9721_T019-R1,7413_T006-R1);
(((9721_T019-R1,((((6909_T004-R1,ATHALIANA_AT5G45230_1),9784_T189-R1),7396_T040-R1),5784_T013-R1)),7416_T005-R1),(7167_T145-R1,9610_T019-R1),7413_T006-R1);
(7167_T145-R1,(((((6909_T004-R1,ATHALIANA_AT5G45230_1),(5784_T013-R1,(9784_T189-R1,7396_T040-R1))),7416_T005-R1),9721_T019-R1),9610_T019-R1),7413_T006-R1);
(9721_T019-R1,((9610_T019-R1,7167_T145-R1),(((7396_T040-R1,(6909_T004-R1,ATHALIANA_AT5G45230_1)),(5784_T013-R1,9784_T189-R1)),7416_T005-R1)),7413_T006-R1);
(7167_T145-R1,(((9721_T019-R1,(9784_T189-R1,((7396_T040-R1,(6909_T004-R1,ATHALIANA_AT5G45230_1)),5784_T013-R1))),7416_T005-R1),9610_T019-R1),7413_T006-R1);
((9721_T019-R1,(((6909_T004-R1,ATHALIANA_AT5G45230_1),(5784_T013-R1,9784_T189-R1)),7396_T040-R1)),((9610_T019-R1,7167_T145-R1),7416_T005-R1),7413_T006-R1);
(7167_T145-R1,(((7416_T005-R1,(((ATHALIANA_AT5G45230_1,6909_T004-R1),(9784_T189-R1,5784_T013-R1)),7396_T040-R1)),9721_T019-R1),9610_T019-R1),7413_T006-R1);
(9610_T019-R1,(7167_T145-R1,(7416_T005-R1,(9721_T019-R1,(5784_T013-R1,(7396_T040-R1,((ATHALIANA_AT5G45230_1,6909_T004-R1),9784_T189-R1)))))),7413_T006-R1);
(9610_T019-R1,(7167_T145-R1,(7416_T005-R1,(9721_T019-R1,(5784_T013-R1,(7396_T040-R1,((ATHALIANA_AT5G45230_1,6909_T004-R1),9784_T189-R1)))))),7413_T006-R1);
(((7416_T005-R1,((ATHALIANA_AT5G45230_1,6909_T004-R1),((9784_T189-R1,7396_T040-R1),5784_T013-R1))),(9610_T019-R1,7167_T145-R1)),9721_T019-R1,7413_T006-R1);
((7416_T005-R1,(9721_T019-R1,(7396_T040-R1,(5784_T013-R1,(9784_T189-R1,(ATHALIANA_AT5G45230_1,6909_T004-R1)))))),(9610_T019-R1,7167_T145-R1),7413_T006-R1);
(((9610_T019-R1,7167_T145-R1),7416_T005-R1),(9721_T019-R1,(5784_T013-R1,(7396_T040-R1,(9784_T189-R1,(ATHALIANA_AT5G45230_1,6909_T004-R1))))),7413_T006-R1);
((7416_T005-R1,(9721_T019-R1,(7396_T040-R1,(((ATHALIANA_AT5G45230_1,6909_T004-R1),5784_T013-R1),9784_T189-R1)))),(9610_T019-R1,7167_T145-R1),7413_T006-R1);
((7416_T005-R1,(9721_T019-R1,(7396_T040-R1,(((ATHALIANA_AT5G45230_1,6909_T004-R1),5784_T013-R1),9784_T189-R1)))),(9610_T019-R1,7167_T145-R1),7413_T006-R1);
((7416_T005-R1,(9721_T019-R1,(7396_T040-R1,(((ATHALIANA_AT5G45230_1,6909_T004-R1),5784_T013-R1),9784_T189-R1)))),(9610_T019-R1,7167_T145-R1),7413_T006-R1);
(7167_T145-R1,(((7416_T005-R1,((ATHALIANA_AT5G45230_1,6909_T004-R1),((9784_T189-R1,5784_T013-R1),7396_T040-R1))),9721_T019-R1),9610_T019-R1),7413_T006-R1);
(((7416_T005-R1,(((((5784_T013-R1,9784_T189-R1),7396_T040-R1),ATHALIANA_AT5G45230_1),6909_T004-R1),9721_T019-R1)),9610_T019-R1),7167_T145-R1,7413_T006-R1);
(((7416_T005-R1,(((((5784_T013-R1,9784_T189-R1),7396_T040-R1),ATHALIANA_AT5G45230_1),6909_T004-R1),9721_T019-R1)),9610_T019-R1),7167_T145-R1,7413_T006-R1);
(((7416_T005-R1,(((((5784_T013-R1,9784_T189-R1),7396_T040-R1),ATHALIANA_AT5G45230_1),6909_T004-R1),9721_T019-R1)),9610_T019-R1),7167_T145-R1,7413_T006-R1);
(((7416_T005-R1,(((((5784_T013-R1,9784_T189-R1),7396_T040-R1),ATHALIANA_AT5G45230_1),6909_T004-R1),9721_T019-R1)),9610_T019-R1),7167_T145-R1,7413_T006-R1);
(((7416_T005-R1,(((((5784_T013-R1,9784_T189-R1),7396_T040-R1),ATHALIANA_AT5G45230_1),6909_T004-R1),9721_T019-R1)),9610_T019-R1),7167_T145-R1,7413_T006-R1);
(((7416_T005-R1,9610_T019-R1),7167_T145-R1),(((5784_T013-R1,(7396_T040-R1,9784_T189-R1)),(ATHALIANA_AT5G45230_1,6909_T004-R1)),9721_T019-R1),7413_T006-R1);
(7167_T145-R1,(((7416_T005-R1,((5784_T013-R1,(7396_T040-R1,9784_T189-R1)),(ATHALIANA_AT5G45230_1,6909_T004-R1))),9721_T019-R1),9610_T019-R1),7413_T006-R1);
(((9610_T019-R1,7167_T145-R1),7416_T005-R1),(9721_T019-R1,((9784_T189-R1,7396_T040-R1),(5784_T013-R1,(ATHALIANA_AT5G45230_1,6909_T004-R1)))),7413_T006-R1);
(7167_T145-R1,((7416_T005-R1,(9721_T019-R1,(((5784_T013-R1,9784_T189-R1),7396_T040-R1),(ATHALIANA_AT5G45230_1,6909_T004-R1)))),9610_T019-R1),7413_T006-R1);
(7167_T145-R1,((7416_T005-R1,(9721_T019-R1,(((5784_T013-R1,9784_T189-R1),7396_T040-R1),(ATHALIANA_AT5G45230_1,6909_T004-R1)))),9610_T019-R1),7413_T006-R1);
(((7416_T005-R1,((6909_T004-R1,(((7396_T040-R1,ATHALIANA_AT5G45230_1),5784_T013-R1),9784_T189-R1)),9721_T019-R1)),7167_T145-R1),9610_T019-R1,7413_T006-R1);
(((7416_T005-R1,((6909_T004-R1,(((7396_T040-R1,ATHALIANA_AT5G45230_1),5784_T013-R1),9784_T189-R1)),9721_T019-R1)),7167_T145-R1),9610_T019-R1,7413_T006-R1);
(((7416_T005-R1,((6909_T004-R1,(((7396_T040-R1,ATHALIANA_AT5G45230_1),5784_T013-R1),9784_T189-R1)),9721_T019-R1)),7167_T145-R1),9610_T019-R1,7413_T006-R1);
(((7416_T005-R1,((6909_T004-R1,(((7396_T040-R1,ATHALIANA_AT5G45230_1),5784_T013-R1),9784_T189-R1)),9721_T019-R1)),7167_T145-R1),9610_T019-R1,7413_T006-R1);
(((7416_T005-R1,((6909_T004-R1,(((7396_T040-R1,ATHALIANA_AT5G45230_1),5784_T013-R1),9784_T189-R1)),9721_T019-R1)),7167_T145-R1),9610_T019-R1,7413_T006-R1);
(((7416_T005-R1,((6909_T004-R1,(((7396_T040-R1,ATHALIANA_AT5G45230_1),5784_T013-R1),9784_T189-R1)),9721_T019-R1)),7167_T145-R1),9610_T019-R1,7413_T006-R1);
((9721_T019-R1,((6909_T004-R1,ATHALIANA_AT5G45230_1),((9784_T189-R1,5784_T013-R1),7396_T040-R1))),((7167_T145-R1,9610_T019-R1),7416_T005-R1),7413_T006-R1);
(7167_T145-R1,(9610_T019-R1,(7416_T005-R1,(9721_T019-R1,((6909_T004-R1,ATHALIANA_AT5G45230_1),((9784_T189-R1,5784_T013-R1),7396_T040-R1))))),7413_T006-R1);
((7416_T005-R1,((7396_T040-R1,(5784_T013-R1,(6909_T004-R1,ATHALIANA_AT5G45230_1))),9784_T189-R1)),(7167_T145-R1,(9721_T019-R1,9610_T019-R1)),7413_T006-R1);
(7167_T145-R1,(9610_T019-R1,(7416_T005-R1,(9721_T019-R1,((6909_T004-R1,ATHALIANA_AT5G45230_1),((5784_T013-R1,9784_T189-R1),7396_T040-R1))))),7413_T006-R1);
(9610_T019-R1,((7416_T005-R1,(((6909_T004-R1,(9784_T189-R1,5784_T013-R1)),(7396_T040-R1,ATHALIANA_AT5G45230_1)),9721_T019-R1)),7167_T145-R1),7413_T006-R1);
(9610_T019-R1,((7416_T005-R1,(((6909_T004-R1,(9784_T189-R1,5784_T013-R1)),(7396_T040-R1,ATHALIANA_AT5G45230_1)),9721_T019-R1)),7167_T145-R1),7413_T006-R1);
(9610_T019-R1,((7416_T005-R1,(((6909_T004-R1,(9784_T189-R1,5784_T013-R1)),(7396_T040-R1,ATHALIANA_AT5G45230_1)),9721_T019-R1)),7167_T145-R1),7413_T006-R1);
(9610_T019-R1,((7416_T005-R1,(((6909_T004-R1,(9784_T189-R1,5784_T013-R1)),(7396_T040-R1,ATHALIANA_AT5G45230_1)),9721_T019-R1)),7167_T145-R1),7413_T006-R1);
(9610_T019-R1,((7416_T005-R1,(((6909_T004-R1,(9784_T189-R1,5784_T013-R1)),(7396_T040-R1,ATHALIANA_AT5G45230_1)),9721_T019-R1)),7167_T145-R1),7413_T006-R1);
(9610_T019-R1,((7416_T005-R1,(((6909_T004-R1,(9784_T189-R1,5784_T013-R1)),(7396_T040-R1,ATHALIANA_AT5G45230_1)),9721_T019-R1)),7167_T145-R1),7413_T006-R1);
((9610_T019-R1,7167_T145-R1),((7416_T005-R1,((7396_T040-R1,5784_T013-R1),((ATHALIANA_AT5G45230_1,6909_T004-R1),9784_T189-R1))),9721_T019-R1),7413_T006-R1);
((9610_T019-R1,7167_T145-R1),(7416_T005-R1,(9721_T019-R1,(9784_T189-R1,((5784_T013-R1,(ATHALIANA_AT5G45230_1,6909_T004-R1)),7396_T040-R1)))),7413_T006-R1);
(((9610_T019-R1,7167_T145-R1),(7416_T005-R1,((5784_T013-R1,(9784_T189-R1,(ATHALIANA_AT5G45230_1,6909_T004-R1))),7396_T040-R1))),9721_T019-R1,7413_T006-R1);
((9610_T019-R1,7167_T145-R1),(7416_T005-R1,(9721_T019-R1,((5784_T013-R1,((ATHALIANA_AT5G45230_1,6909_T004-R1),7396_T040-R1)),9784_T189-R1))),7413_T006-R1);
((7416_T005-R1,(7167_T145-R1,9610_T019-R1)),((((5784_T013-R1,9784_T189-R1),(ATHALIANA_AT5G45230_1,6909_T004-R1)),7396_T040-R1),9721_T019-R1),7413_T006-R1);
(((((7396_T040-R1,(5784_T013-R1,9784_T189-R1)),(ATHALIANA_AT5G45230_1,6909_T004-R1)),7416_T005-R1),(7167_T145-R1,9610_T019-R1)),9721_T019-R1,7413_T006-R1);
((7416_T005-R1,(7167_T145-R1,9610_T019-R1)),(((7396_T040-R1,(5784_T013-R1,9784_T189-R1)),(ATHALIANA_AT5G45230_1,6909_T004-R1)),9721_T019-R1),7413_T006-R1);
((7416_T005-R1,(7167_T145-R1,9610_T019-R1)),(((7396_T040-R1,(5784_T013-R1,9784_T189-R1)),(ATHALIANA_AT5G45230_1,6909_T004-R1)),9721_T019-R1),7413_T006-R1);
(9721_T019-R1,((7416_T005-R1,(((7396_T040-R1,(ATHALIANA_AT5G45230_1,6909_T004-R1)),5784_T013-R1),9784_T189-R1)),(7167_T145-R1,9610_T019-R1)),7413_T006-R1);
((7416_T005-R1,(9721_T019-R1,(9784_T189-R1,((ATHALIANA_AT5G45230_1,6909_T004-R1),(7396_T040-R1,5784_T013-R1))))),(7167_T145-R1,9610_T019-R1),7413_T006-R1);
(7167_T145-R1,(((7416_T005-R1,((9784_T189-R1,((ATHALIANA_AT5G45230_1,6909_T004-R1),5784_T013-R1)),7396_T040-R1)),9721_T019-R1),9610_T019-R1),7413_T006-R1);
((9610_T019-R1,7167_T145-R1),(7416_T005-R1,(9721_T019-R1,(((ATHALIANA_AT5G45230_1,6909_T004-R1),5784_T013-R1),(7396_T040-R1,9784_T189-R1)))),7413_T006-R1);
((9610_T019-R1,7167_T145-R1),(7416_T005-R1,(9721_T019-R1,(((ATHALIANA_AT5G45230_1,6909_T004-R1),5784_T013-R1),(7396_T040-R1,9784_T189-R1)))),7413_T006-R1);
((9610_T019-R1,7167_T145-R1),(7416_T005-R1,(9721_T019-R1,(((ATHALIANA_AT5G45230_1,6909_T004-R1),5784_T013-R1),(7396_T040-R1,9784_T189-R1)))),7413_T006-R1);
((9610_T019-R1,7167_T145-R1),(((5784_T013-R1,(((7396_T040-R1,ATHALIANA_AT5G45230_1),6909_T004-R1),9784_T189-R1)),9721_T019-R1),7416_T005-R1),7413_T006-R1);
(7167_T145-R1,(((((9784_T189-R1,(5784_T013-R1,(ATHALIANA_AT5G45230_1,6909_T004-R1))),7396_T040-R1),7416_T005-R1),9721_T019-R1),9610_T019-R1),7413_T006-R1);
((9610_T019-R1,7167_T145-R1),((9721_T019-R1,((9784_T189-R1,(5784_T013-R1,(ATHALIANA_AT5G45230_1,6909_T004-R1))),7396_T040-R1)),7416_T005-R1),7413_T006-R1);
((9610_T019-R1,7167_T145-R1),((9721_T019-R1,((9784_T189-R1,(5784_T013-R1,(ATHALIANA_AT5G45230_1,6909_T004-R1))),7396_T040-R1)),7416_T005-R1),7413_T006-R1);
((7416_T005-R1,(9610_T019-R1,7167_T145-R1)),(9721_T019-R1,((9784_T189-R1,(7396_T040-R1,(ATHALIANA_AT5G45230_1,6909_T004-R1))),5784_T013-R1)),7413_T006-R1);
(((9721_T019-R1,((ATHALIANA_AT5G45230_1,6909_T004-R1),((9784_T189-R1,5784_T013-R1),7396_T040-R1))),7416_T005-R1),(9610_T019-R1,7167_T145-R1),7413_T006-R1);
(((((ATHALIANA_AT5G45230_1,6909_T004-R1),((9784_T189-R1,5784_T013-R1),7396_T040-R1)),7416_T005-R1),(9610_T019-R1,7167_T145-R1)),9721_T019-R1,7413_T006-R1);
((9721_T019-R1,((7396_T040-R1,(9784_T189-R1,5784_T013-R1)),(ATHALIANA_AT5G45230_1,6909_T004-R1))),(7416_T005-R1,(9610_T019-R1,7167_T145-R1)),7413_T006-R1);
(7167_T145-R1,(((9721_T019-R1,((7396_T040-R1,(ATHALIANA_AT5G45230_1,6909_T004-R1)),(9784_T189-R1,5784_T013-R1))),7416_T005-R1),9610_T019-R1),7413_T006-R1);
(((((7396_T040-R1,(ATHALIANA_AT5G45230_1,6909_T004-R1)),(9784_T189-R1,5784_T013-R1)),7416_T005-R1),(9610_T019-R1,7167_T145-R1)),9721_T019-R1,7413_T006-R1);
(((9610_T019-R1,7167_T145-R1),(((((6909_T004-R1,ATHALIANA_AT5G45230_1),7396_T040-R1),5784_T013-R1),9784_T189-R1),7416_T005-R1)),9721_T019-R1,7413_T006-R1);
(7167_T145-R1,(((9721_T019-R1,((9784_T189-R1,(7396_T040-R1,5784_T013-R1)),(6909_T004-R1,ATHALIANA_AT5G45230_1))),7416_T005-R1),9610_T019-R1),7413_T006-R1);
(7167_T145-R1,(((9721_T019-R1,((9784_T189-R1,(7396_T040-R1,5784_T013-R1)),(6909_T004-R1,ATHALIANA_AT5G45230_1))),7416_T005-R1),9610_T019-R1),7413_T006-R1);
((((9784_T189-R1,((7396_T040-R1,5784_T013-R1),(6909_T004-R1,ATHALIANA_AT5G45230_1))),7416_T005-R1),(9610_T019-R1,7167_T145-R1)),9721_T019-R1,7413_T006-R1);
(((9721_T019-R1,((5784_T013-R1,((6909_T004-R1,ATHALIANA_AT5G45230_1),9784_T189-R1)),7396_T040-R1)),7416_T005-R1),(9610_T019-R1,7167_T145-R1),7413_T006-R1);
(((9721_T019-R1,((5784_T013-R1,((6909_T004-R1,ATHALIANA_AT5G45230_1),9784_T189-R1)),7396_T040-R1)),7416_T005-R1),(9610_T019-R1,7167_T145-R1),7413_T006-R1);
(((9721_T019-R1,((5784_T013-R1,((6909_T004-R1,ATHALIANA_AT5G45230_1),9784_T189-R1)),7396_T040-R1)),7416_T005-R1),(9610_T019-R1,7167_T145-R1),7413_T006-R1);
(((9721_T019-R1,((5784_T013-R1,((6909_T004-R1,ATHALIANA_AT5G45230_1),9784_T189-R1)),7396_T040-R1)),7416_T005-R1),(9610_T019-R1,7167_T145-R1),7413_T006-R1);
(((9721_T019-R1,((5784_T013-R1,((6909_T004-R1,ATHALIANA_AT5G45230_1),9784_T189-R1)),7396_T040-R1)),7416_T005-R1),(9610_T019-R1,7167_T145-R1),7413_T006-R1);
((7416_T005-R1,(9610_T019-R1,7167_T145-R1)),((((5784_T013-R1,7396_T040-R1),9784_T189-R1),(6909_T004-R1,ATHALIANA_AT5G45230_1)),9721_T019-R1),7413_T006-R1);
