

IMPORTANT WARNING: Sequences 9879_T226_2-R1 and 9762_T259_1-R1 are exactly identical


IMPORTANT WARNING: Sequences 9100_T303_2-R1 and 9537_T253_2-R1 are exactly identical


IMPORTANT WARNING: Sequences 9100_T303_2-R1 and 7273_T204_1-R1 are exactly identical


IMPORTANT WARNING: Sequences 9100_T303_2-R1 and 7288_T301_1-R1 are exactly identical


IMPORTANT WARNING: Sequences 9100_T303_2-R1 and 108_T319_2-R1 are exactly identical


IMPORTANT WARNING: Sequences 9100_T303_2-R1 and 7111_T199_1-R1 are exactly identical


IMPORTANT WARNING: Sequences 9554_T230-R1 and 9557_T242-R1 are exactly identical


IMPORTANT WARNING: Sequences ATHALIANA_AT1G12280_1 and 6909_T208_1-R1 are exactly identical


IMPORTANT WARNING: Sequences ATHALIANA_AT1G12280_1 and 7396_T220_2-R1 are exactly identical


IMPORTANT WARNING: Sequences 9597_T287_2-R1 and 7067_T129_2-R1 are exactly identical


IMPORTANT WARNING: Sequences 9597_T287_2-R1 and 9654_T258_2-R1 are exactly identical


IMPORTANT WARNING: Sequences 7167_T206_2-R1 and 9610_T236_1-R1 are exactly identical


IMPORTANT WARNING: Sequences 7167_T206_2-R1 and 9784_T298_1-R1 are exactly identical


IMPORTANT WARNING: Sequences 7167_T206_2-R1 and 9721_T272_1-R1 are exactly identical


IMPORTANT WARNING: Sequences 7167_T206_2-R1 and 6899_T248-R1 are exactly identical


IMPORTANT WARNING: Sequences 7167_T206_2-R1 and 7373_T175-R1 are exactly identical


IMPORTANT WARNING: Sequences 9134_T212_1-R1 and 6974_T308_2-R1 are exactly identical


IMPORTANT WARNING: Sequences 9134_T212_1-R1 and 1925_T558-R1 are exactly identical


IMPORTANT WARNING: Sequences 7322_T194_1-R1 and 6981_T308_2-R1 are exactly identical


IMPORTANT WARNING: Sequences 9533_T271_1-R1 and 9887_T234_2-R1 are exactly identical


IMPORTANT WARNING: Sequences 9792_T298_2-R1 and 5784_T206_1-R1 are exactly identical


IMPORTANT WARNING: Sequences 9792_T298_2-R1 and 9669_T231_2-R1 are exactly identical


IMPORTANT WARNING: Sequences 9543_T254_1-R1 and 9869_T142_1-R1 are exactly identical


IMPORTANT WARNING: Sequences 9542_T224_2-R1 and 9871_T181_3-R1 are exactly identical

IMPORTANT WARNING
Found 24 sequences that are exactly identical to other sequences in the alignment.
Normally they should be excluded from the analysis.

Just in case you might need it, an alignment file with 
sequence duplicates removed is printed to file ../../RAxML_tree_pbNB-ARC/Clade_Refinement_1/Int7973_410_445_R_57.afa.reduced


This is RAxML version 8.2.12 released by Alexandros Stamatakis on May 2018.

With greatly appreciated code contributions by:
Andre Aberer      (HITS)
Simon Berger      (HITS)
Alexey Kozlov     (HITS)
Kassian Kobert    (HITS)
David Dao         (KIT and HITS)
Sarah Lutteropp   (KIT and HITS)
Nick Pattengale   (Sandia)
Wayne Pfeiffer    (SDSC)
Akifumi S. Tanabe (NRIFS)
Charlie Taylor    (UF)


Alignment has 146 distinct alignment patterns

Proportion of gaps and completely undetermined characters in this alignment: 5.63%

RAxML rapid bootstrapping and subsequent ML search

Using 1 distinct models/data partitions with joint branch length optimization



Executing 100 rapid bootstrap inferences and thereafter a thorough ML search 

All free model parameters will be estimated by RAxML
ML estimate of 25 per site rate categories

Likelihood of final tree will be evaluated and optimized under GAMMA

GAMMA Model parameters will be estimated up to an accuracy of 0.1000000000 Log Likelihood units

Partition: 0
Alignment Patterns: 146
Name: No Name Provided
DataType: AA
Substitution Matrix: JTT
Using fixed base frequencies




RAxML was called as follows:

/Users/prigozhin/Installers/standard-RAxML/raxmlHPC-PTHREADS-AVX -T 2 -n Int7973_410_445_R_57.Raxml.out -f a -x 12345 -p 12345 -# 100 -m PROTCATJTT -s ../../RAxML_tree_pbNB-ARC/Clade_Refinement_1/Int7973_410_445_R_57.afa 



Time for BS model parameter optimization 0.232028
Bootstrap[0]: Time 1.613210 seconds, bootstrap likelihood -3051.897622, best rearrangement setting 13
Bootstrap[1]: Time 1.283197 seconds, bootstrap likelihood -2946.896450, best rearrangement setting 13
Bootstrap[2]: Time 2.092254 seconds, bootstrap likelihood -3086.269266, best rearrangement setting 12
Bootstrap[3]: Time 1.989585 seconds, bootstrap likelihood -3167.845550, best rearrangement setting 15
Bootstrap[4]: Time 1.748146 seconds, bootstrap likelihood -3081.359213, best rearrangement setting 10
Bootstrap[5]: Time 2.815705 seconds, bootstrap likelihood -3016.297734, best rearrangement setting 10
Bootstrap[6]: Time 1.067345 seconds, bootstrap likelihood -3253.608484, best rearrangement setting 6
Bootstrap[7]: Time 1.042038 seconds, bootstrap likelihood -3055.585892, best rearrangement setting 14
Bootstrap[8]: Time 1.190650 seconds, bootstrap likelihood -3114.300125, best rearrangement setting 5
Bootstrap[9]: Time 1.155766 seconds, bootstrap likelihood -3080.876390, best rearrangement setting 7
Bootstrap[10]: Time 0.636077 seconds, bootstrap likelihood -2989.301712, best rearrangement setting 7
Bootstrap[11]: Time 0.502027 seconds, bootstrap likelihood -3015.074571, best rearrangement setting 5
Bootstrap[12]: Time 1.768622 seconds, bootstrap likelihood -3052.165658, best rearrangement setting 8
Bootstrap[13]: Time 1.822287 seconds, bootstrap likelihood -3178.628641, best rearrangement setting 7
Bootstrap[14]: Time 1.789630 seconds, bootstrap likelihood -3071.022900, best rearrangement setting 12
Bootstrap[15]: Time 2.517817 seconds, bootstrap likelihood -2962.164347, best rearrangement setting 15
Bootstrap[16]: Time 2.057929 seconds, bootstrap likelihood -3017.045442, best rearrangement setting 12
Bootstrap[17]: Time 2.480962 seconds, bootstrap likelihood -3021.694306, best rearrangement setting 12
Bootstrap[18]: Time 1.553526 seconds, bootstrap likelihood -3041.999380, best rearrangement setting 5
Bootstrap[19]: Time 2.453453 seconds, bootstrap likelihood -2955.284193, best rearrangement setting 8
Bootstrap[20]: Time 0.860119 seconds, bootstrap likelihood -3076.656185, best rearrangement setting 10
Bootstrap[21]: Time 0.668401 seconds, bootstrap likelihood -3017.942618, best rearrangement setting 6
Bootstrap[22]: Time 0.594620 seconds, bootstrap likelihood -2981.636924, best rearrangement setting 5
Bootstrap[23]: Time 0.677985 seconds, bootstrap likelihood -3103.398536, best rearrangement setting 7
Bootstrap[24]: Time 1.028448 seconds, bootstrap likelihood -3098.557840, best rearrangement setting 8
Bootstrap[25]: Time 0.654258 seconds, bootstrap likelihood -3021.669947, best rearrangement setting 6
Bootstrap[26]: Time 0.900601 seconds, bootstrap likelihood -3113.532393, best rearrangement setting 12
Bootstrap[27]: Time 2.417456 seconds, bootstrap likelihood -3034.223845, best rearrangement setting 10
Bootstrap[28]: Time 2.209907 seconds, bootstrap likelihood -3039.272952, best rearrangement setting 11
Bootstrap[29]: Time 2.130371 seconds, bootstrap likelihood -3091.761150, best rearrangement setting 12
Bootstrap[30]: Time 0.702458 seconds, bootstrap likelihood -3185.341375, best rearrangement setting 15
Bootstrap[31]: Time 1.001751 seconds, bootstrap likelihood -3131.351542, best rearrangement setting 15
Bootstrap[32]: Time 0.664812 seconds, bootstrap likelihood -3063.398184, best rearrangement setting 6
Bootstrap[33]: Time 1.305795 seconds, bootstrap likelihood -3040.432350, best rearrangement setting 15
Bootstrap[34]: Time 0.776282 seconds, bootstrap likelihood -3104.294329, best rearrangement setting 11
Bootstrap[35]: Time 1.766779 seconds, bootstrap likelihood -3111.503852, best rearrangement setting 8
Bootstrap[36]: Time 2.145945 seconds, bootstrap likelihood -3022.337326, best rearrangement setting 9
Bootstrap[37]: Time 1.700896 seconds, bootstrap likelihood -3069.895895, best rearrangement setting 11
Bootstrap[38]: Time 2.077743 seconds, bootstrap likelihood -3147.361720, best rearrangement setting 8
Bootstrap[39]: Time 1.948329 seconds, bootstrap likelihood -3123.640275, best rearrangement setting 13
Bootstrap[40]: Time 2.630985 seconds, bootstrap likelihood -2989.944288, best rearrangement setting 13
Bootstrap[41]: Time 2.118244 seconds, bootstrap likelihood -3060.092592, best rearrangement setting 10
Bootstrap[42]: Time 1.336204 seconds, bootstrap likelihood -3151.122638, best rearrangement setting 5
Bootstrap[43]: Time 2.177882 seconds, bootstrap likelihood -2987.353847, best rearrangement setting 14
Bootstrap[44]: Time 1.958025 seconds, bootstrap likelihood -3008.349844, best rearrangement setting 10
Bootstrap[45]: Time 2.055671 seconds, bootstrap likelihood -3059.360013, best rearrangement setting 15
Bootstrap[46]: Time 2.077597 seconds, bootstrap likelihood -3051.335260, best rearrangement setting 14
Bootstrap[47]: Time 1.689851 seconds, bootstrap likelihood -3138.840638, best rearrangement setting 8
Bootstrap[48]: Time 1.419661 seconds, bootstrap likelihood -3022.145069, best rearrangement setting 6
Bootstrap[49]: Time 1.344028 seconds, bootstrap likelihood -3057.698213, best rearrangement setting 7
Bootstrap[50]: Time 0.906844 seconds, bootstrap likelihood -2898.703451, best rearrangement setting 7
Bootstrap[51]: Time 0.996377 seconds, bootstrap likelihood -3109.612930, best rearrangement setting 11
Bootstrap[52]: Time 1.251708 seconds, bootstrap likelihood -3077.458495, best rearrangement setting 12
Bootstrap[53]: Time 0.830274 seconds, bootstrap likelihood -3064.460926, best rearrangement setting 8
Bootstrap[54]: Time 0.717563 seconds, bootstrap likelihood -3094.012780, best rearrangement setting 9
Bootstrap[55]: Time 1.136849 seconds, bootstrap likelihood -3048.184981, best rearrangement setting 11
Bootstrap[56]: Time 0.547220 seconds, bootstrap likelihood -3002.240923, best rearrangement setting 5
Bootstrap[57]: Time 0.753255 seconds, bootstrap likelihood -3083.149684, best rearrangement setting 7
Bootstrap[58]: Time 0.767481 seconds, bootstrap likelihood -3018.005028, best rearrangement setting 10
Bootstrap[59]: Time 0.822761 seconds, bootstrap likelihood -3102.025379, best rearrangement setting 9
Bootstrap[60]: Time 0.833546 seconds, bootstrap likelihood -2979.393903, best rearrangement setting 7
Bootstrap[61]: Time 0.531082 seconds, bootstrap likelihood -3135.739433, best rearrangement setting 5
Bootstrap[62]: Time 0.701686 seconds, bootstrap likelihood -3058.118961, best rearrangement setting 11
Bootstrap[63]: Time 0.866564 seconds, bootstrap likelihood -3066.131717, best rearrangement setting 12
Bootstrap[64]: Time 0.788138 seconds, bootstrap likelihood -3105.780937, best rearrangement setting 7
Bootstrap[65]: Time 0.698042 seconds, bootstrap likelihood -3072.621372, best rearrangement setting 5
Bootstrap[66]: Time 0.591291 seconds, bootstrap likelihood -3060.510607, best rearrangement setting 5
Bootstrap[67]: Time 0.853219 seconds, bootstrap likelihood -3032.479797, best rearrangement setting 15
Bootstrap[68]: Time 2.636933 seconds, bootstrap likelihood -3100.822068, best rearrangement setting 11
Bootstrap[69]: Time 1.068655 seconds, bootstrap likelihood -3090.789500, best rearrangement setting 5
Bootstrap[70]: Time 0.695504 seconds, bootstrap likelihood -3057.784868, best rearrangement setting 8
Bootstrap[71]: Time 0.900964 seconds, bootstrap likelihood -3047.319964, best rearrangement setting 10
Bootstrap[72]: Time 2.130693 seconds, bootstrap likelihood -3084.481083, best rearrangement setting 11
Bootstrap[73]: Time 1.436239 seconds, bootstrap likelihood -3112.800478, best rearrangement setting 9
Bootstrap[74]: Time 1.316895 seconds, bootstrap likelihood -3011.822361, best rearrangement setting 5
Bootstrap[75]: Time 1.444451 seconds, bootstrap likelihood -3004.270814, best rearrangement setting 8
Bootstrap[76]: Time 1.660862 seconds, bootstrap likelihood -3110.897826, best rearrangement setting 9
Bootstrap[77]: Time 1.124067 seconds, bootstrap likelihood -2953.617423, best rearrangement setting 11
Bootstrap[78]: Time 1.682863 seconds, bootstrap likelihood -3028.623549, best rearrangement setting 15
Bootstrap[79]: Time 2.284749 seconds, bootstrap likelihood -3079.396259, best rearrangement setting 9
Bootstrap[80]: Time 2.369475 seconds, bootstrap likelihood -3125.859319, best rearrangement setting 15
Bootstrap[81]: Time 1.514808 seconds, bootstrap likelihood -3042.008267, best rearrangement setting 7
Bootstrap[82]: Time 1.427826 seconds, bootstrap likelihood -3090.882227, best rearrangement setting 6
Bootstrap[83]: Time 1.567072 seconds, bootstrap likelihood -3046.750339, best rearrangement setting 10
Bootstrap[84]: Time 1.070614 seconds, bootstrap likelihood -2998.771933, best rearrangement setting 11
Bootstrap[85]: Time 1.920429 seconds, bootstrap likelihood -3032.064971, best rearrangement setting 8
Bootstrap[86]: Time 1.804031 seconds, bootstrap likelihood -3123.556020, best rearrangement setting 7
Bootstrap[87]: Time 1.347065 seconds, bootstrap likelihood -3080.513307, best rearrangement setting 7
Bootstrap[88]: Time 2.160128 seconds, bootstrap likelihood -3065.250242, best rearrangement setting 12
Bootstrap[89]: Time 1.614914 seconds, bootstrap likelihood -3092.862486, best rearrangement setting 10
Bootstrap[90]: Time 0.836250 seconds, bootstrap likelihood -3040.634865, best rearrangement setting 8
Bootstrap[91]: Time 1.213088 seconds, bootstrap likelihood -3044.819591, best rearrangement setting 12
Bootstrap[92]: Time 0.963915 seconds, bootstrap likelihood -3105.657548, best rearrangement setting 13
Bootstrap[93]: Time 2.037007 seconds, bootstrap likelihood -3132.588211, best rearrangement setting 15
Bootstrap[94]: Time 1.000334 seconds, bootstrap likelihood -3071.522377, best rearrangement setting 5
Bootstrap[95]: Time 1.387313 seconds, bootstrap likelihood -2983.980687, best rearrangement setting 5
Bootstrap[96]: Time 2.026229 seconds, bootstrap likelihood -3123.941726, best rearrangement setting 13
Bootstrap[97]: Time 1.793215 seconds, bootstrap likelihood -3159.631632, best rearrangement setting 11
Bootstrap[98]: Time 1.569196 seconds, bootstrap likelihood -3003.084767, best rearrangement setting 6
Bootstrap[99]: Time 2.485266 seconds, bootstrap likelihood -3039.660951, best rearrangement setting 14


Overall Time for 100 Rapid Bootstraps 143.759151 seconds
Average Time per Rapid Bootstrap 1.437592 seconds

Starting ML Search ...

Fast ML optimization finished

Fast ML search Time: 57.000189 seconds

Slow ML Search 0 Likelihood: -3238.044715
Slow ML Search 1 Likelihood: -3238.044716
Slow ML Search 2 Likelihood: -3238.044716
Slow ML Search 3 Likelihood: -3238.044715
Slow ML Search 4 Likelihood: -3238.044716
Slow ML Search 5 Likelihood: -3238.044717
Slow ML Search 6 Likelihood: -3238.044717
Slow ML Search 7 Likelihood: -3238.044717
Slow ML Search 8 Likelihood: -3238.044718
Slow ML Search 9 Likelihood: -3238.044718
Slow ML optimization finished

Slow ML search Time: 21.339384 seconds
Thorough ML search Time: 3.368059 seconds

Final ML Optimization Likelihood: -3238.044714

Model Information:

Model Parameters of Partition 0, Name: No Name Provided, Type of Data: AA
alpha: 1.218968
Tree-Length: 0.060373
rate A <-> R: 0.603538
rate A <-> N: 0.561915
rate A <-> D: 0.842872
rate A <-> C: 0.582726
rate A <-> Q: 0.593132
rate A <-> E: 1.092612
rate A <-> G: 1.862643
rate A <-> H: 0.280957
rate A <-> I: 0.374610
rate A <-> L: 0.312175
rate A <-> K: 0.364204
rate A <-> M: 0.561915
rate A <-> F: 0.156087
rate A <-> P: 2.018730
rate A <-> S: 3.933403
rate A <-> T: 4.942768
rate A <-> W: 0.093652
rate A <-> Y: 0.114464
rate A <-> V: 3.100937
rate R <-> N: 0.468262
rate R <-> D: 0.166493
rate R <-> C: 1.175858
rate R <-> Q: 3.225806
rate R <-> E: 0.301769
rate R <-> G: 1.425598
rate R <-> H: 3.413111
rate R <-> I: 0.228928
rate R <-> L: 0.395421
rate R <-> K: 6.722164
rate R <-> M: 0.457856
rate R <-> F: 0.052029
rate R <-> P: 0.770031
rate R <-> S: 1.050989
rate R <-> T: 0.665973
rate R <-> W: 1.311134
rate R <-> Y: 0.208117
rate R <-> V: 0.176899
rate N <-> D: 5.494277
rate N <-> C: 0.353798
rate N <-> Q: 0.894901
rate N <-> E: 0.603538
rate N <-> G: 0.842872
rate N <-> H: 4.068678
rate N <-> I: 0.489074
rate N <-> L: 0.124870
rate N <-> K: 2.736733
rate N <-> M: 0.312175
rate N <-> F: 0.104058
rate N <-> P: 0.156087
rate N <-> S: 5.234131
rate N <-> T: 2.414152
rate N <-> W: 0.083247
rate N <-> Y: 0.728408
rate N <-> V: 0.166493
rate D <-> C: 0.104058
rate D <-> Q: 0.509886
rate D <-> E: 7.981270
rate D <-> G: 1.352758
rate D <-> H: 1.165453
rate D <-> I: 0.114464
rate D <-> L: 0.072841
rate D <-> K: 0.270552
rate D <-> M: 0.156087
rate D <-> F: 0.041623
rate D <-> P: 0.156087
rate D <-> S: 0.613944
rate D <-> T: 0.395421
rate D <-> W: 0.041623
rate D <-> Y: 0.478668
rate D <-> V: 0.322581
rate C <-> Q: 0.093652
rate C <-> E: 0.052029
rate C <-> G: 0.613944
rate C <-> H: 0.718002
rate C <-> I: 0.176899
rate C <-> L: 0.239334
rate C <-> K: 0.072841
rate C <-> M: 0.322581
rate C <-> F: 0.811655
rate C <-> P: 0.145682
rate C <-> S: 2.320499
rate C <-> T: 0.437045
rate C <-> W: 1.196670
rate C <-> Y: 2.174818
rate C <-> V: 0.645161
rate Q <-> E: 3.361082
rate Q <-> G: 0.270552
rate Q <-> H: 6.212279
rate Q <-> I: 0.093652
rate Q <-> L: 0.749220
rate Q <-> K: 3.038502
rate Q <-> M: 0.447451
rate Q <-> F: 0.041623
rate Q <-> P: 1.706556
rate Q <-> S: 0.551509
rate Q <-> T: 0.530697
rate Q <-> W: 0.187305
rate Q <-> Y: 0.249740
rate Q <-> V: 0.208117
rate E <-> G: 1.238293
rate E <-> H: 0.270552
rate E <-> I: 0.124870
rate E <-> L: 0.093652
rate E <-> K: 1.883455
rate E <-> M: 0.187305
rate E <-> F: 0.052029
rate E <-> P: 0.187305
rate E <-> S: 0.312175
rate E <-> T: 0.332986
rate E <-> W: 0.104058
rate E <-> Y: 0.072841
rate E <-> V: 0.468262
rate G <-> H: 0.239334
rate G <-> I: 0.062435
rate G <-> L: 0.062435
rate G <-> K: 0.280957
rate G <-> M: 0.145682
rate G <-> F: 0.052029
rate G <-> P: 0.249740
rate G <-> S: 2.091571
rate G <-> T: 0.343392
rate G <-> W: 0.572320
rate G <-> Y: 0.083247
rate G <-> V: 0.489074
rate H <-> I: 0.166493
rate H <-> L: 0.582726
rate H <-> K: 0.468262
rate H <-> M: 0.343392
rate H <-> F: 0.416233
rate H <-> P: 1.196670
rate H <-> S: 0.759625
rate H <-> T: 0.478668
rate H <-> W: 0.083247
rate H <-> Y: 5.962539
rate H <-> V: 0.114464
rate I <-> L: 2.382934
rate I <-> K: 0.218522
rate I <-> M: 4.984391
rate I <-> F: 0.926119
rate I <-> P: 0.104058
rate I <-> S: 0.416233
rate I <-> T: 2.549428
rate I <-> W: 0.093652
rate I <-> Y: 0.332986
rate I <-> V: 10.000000
rate L <-> K: 0.145682
rate L <-> M: 4.037461
rate L <-> F: 2.580645
rate L <-> P: 1.061394
rate L <-> S: 0.613944
rate L <-> T: 0.260146
rate L <-> W: 0.541103
rate L <-> Y: 0.249740
rate L <-> V: 1.873049
rate K <-> M: 0.676379
rate K <-> F: 0.041623
rate K <-> P: 0.218522
rate K <-> S: 0.489074
rate K <-> T: 1.071800
rate K <-> W: 0.104058
rate K <-> Y: 0.083247
rate K <-> V: 0.145682
rate M <-> F: 0.447451
rate M <-> P: 0.166493
rate M <-> S: 0.301769
rate M <-> T: 2.351717
rate M <-> W: 0.249740
rate M <-> Y: 0.187305
rate M <-> V: 3.361082
rate F <-> P: 0.176899
rate F <-> S: 0.957336
rate F <-> T: 0.124870
rate F <-> W: 0.551509
rate F <-> Y: 5.577523
rate F <-> V: 0.645161
rate P <-> S: 2.965661
rate P <-> T: 1.227888
rate P <-> W: 0.062435
rate P <-> Y: 0.104058
rate P <-> V: 0.239334
rate S <-> T: 4.963580
rate S <-> W: 0.364204
rate S <-> Y: 0.655567
rate S <-> V: 0.395421
rate T <-> W: 0.124870
rate T <-> Y: 0.218522
rate T <-> V: 1.165453
rate W <-> Y: 0.738814
rate W <-> V: 0.260146
rate Y <-> V: 0.166493

freq pi(A): 0.076748
freq pi(R): 0.051691
freq pi(N): 0.042645
freq pi(D): 0.051544
freq pi(C): 0.019803
freq pi(Q): 0.040752
freq pi(E): 0.061830
freq pi(G): 0.073152
freq pi(H): 0.022944
freq pi(I): 0.053761
freq pi(L): 0.091904
freq pi(K): 0.058676
freq pi(M): 0.023826
freq pi(F): 0.040126
freq pi(P): 0.050901
freq pi(S): 0.068765
freq pi(T): 0.058565
freq pi(W): 0.014261
freq pi(Y): 0.032102
freq pi(V): 0.066004


ML search took 81.728658 secs or 0.022702 hours

Combined Bootstrap and ML search took 225.488016 secs or 0.062636 hours

Drawing Bootstrap Support Values on best-scoring ML tree ...



Found 1 tree in File /Users/prigozhin/Dropbox/NLRomes/Atha_SnkMk_NLRome/RAxML_tree_pbNB-ARC/Clade_Refinement_1/RAxML_bestTree.Int7973_410_445_R_57.Raxml.out



Found 1 tree in File /Users/prigozhin/Dropbox/NLRomes/Atha_SnkMk_NLRome/RAxML_tree_pbNB-ARC/Clade_Refinement_1/RAxML_bestTree.Int7973_410_445_R_57.Raxml.out

Program execution info written to /Users/prigozhin/Dropbox/NLRomes/Atha_SnkMk_NLRome/RAxML_tree_pbNB-ARC/Clade_Refinement_1/RAxML_info.Int7973_410_445_R_57.Raxml.out
All 100 bootstrapped trees written to: /Users/prigozhin/Dropbox/NLRomes/Atha_SnkMk_NLRome/RAxML_tree_pbNB-ARC/Clade_Refinement_1/RAxML_bootstrap.Int7973_410_445_R_57.Raxml.out

Best-scoring ML tree written to: /Users/prigozhin/Dropbox/NLRomes/Atha_SnkMk_NLRome/RAxML_tree_pbNB-ARC/Clade_Refinement_1/RAxML_bestTree.Int7973_410_445_R_57.Raxml.out

Best-scoring ML tree with support values written to: /Users/prigozhin/Dropbox/NLRomes/Atha_SnkMk_NLRome/RAxML_tree_pbNB-ARC/Clade_Refinement_1/RAxML_bipartitions.Int7973_410_445_R_57.Raxml.out

Best-scoring ML tree with support values as branch labels written to: /Users/prigozhin/Dropbox/NLRomes/Atha_SnkMk_NLRome/RAxML_tree_pbNB-ARC/Clade_Refinement_1/RAxML_bipartitionsBranchLabels.Int7973_410_445_R_57.Raxml.out

Overall execution time for full ML analysis: 225.500183 secs or 0.062639 hours or 0.002610 days

