(9583_T245-R1,(9542_T120-R1,(9871_T120-R1,(9887_T083-R1,(7111_T035-R1,((7288_T104-R1,7308_T026-R1),(7396_T084-R1,(6906_T144-R1,((9597_T117-R1,(9557_T144-R1,(6939_T096-R1,(9610_T112-R1,7186_T219-R1)))),((6974_T246-R1,9792_T069-R1),(9764_T079_1-R1,7328_T139-R1)))))))))),9869_T082-R1);
(9583_T245-R1,(9542_T120-R1,(9871_T120-R1,(9887_T083-R1,(7111_T035-R1,((7288_T104-R1,7308_T026-R1),(7396_T084-R1,(6906_T144-R1,((9597_T117-R1,(9557_T144-R1,(6939_T096-R1,(9610_T112-R1,7186_T219-R1)))),((6974_T246-R1,9792_T069-R1),(9764_T079_1-R1,7328_T139-R1)))))))))),9869_T082-R1);
(9583_T245-R1,(9542_T120-R1,(9871_T120-R1,(9887_T083-R1,(7111_T035-R1,((7288_T104-R1,7308_T026-R1),(7396_T084-R1,(6906_T144-R1,((9597_T117-R1,(9557_T144-R1,(6939_T096-R1,(9610_T112-R1,7186_T219-R1)))),((6974_T246-R1,9792_T069-R1),(9764_T079_1-R1,7328_T139-R1)))))))))),9869_T082-R1);
(9583_T245-R1,(9542_T120-R1,(9871_T120-R1,(9887_T083-R1,(7111_T035-R1,((7288_T104-R1,7308_T026-R1),(7396_T084-R1,(6906_T144-R1,((9597_T117-R1,(9557_T144-R1,(6939_T096-R1,(9610_T112-R1,7186_T219-R1)))),((6974_T246-R1,9792_T069-R1),(9764_T079_1-R1,7328_T139-R1)))))))))),9869_T082-R1);
(9583_T245-R1,(9542_T120-R1,(9871_T120-R1,(9887_T083-R1,(7111_T035-R1,((7288_T104-R1,7308_T026-R1),(7396_T084-R1,(6906_T144-R1,((9597_T117-R1,(9557_T144-R1,(6939_T096-R1,(9610_T112-R1,7186_T219-R1)))),((6974_T246-R1,9792_T069-R1),(9764_T079_1-R1,7328_T139-R1)))))))))),9869_T082-R1);
(((9542_T120-R1,(7111_T035-R1,((7288_T104-R1,7308_T026-R1),((((9597_T117-R1,((9557_T144-R1,7186_T219-R1),(6939_T096-R1,9610_T112-R1))),7396_T084-R1),((9792_T069-R1,6906_T144-R1),(6974_T246-R1,7328_T139-R1))),9764_T079_1-R1)))),(9887_T083-R1,9871_T120-R1)),9583_T245-R1,9869_T082-R1);
(((9542_T120-R1,(9597_T117-R1,((7111_T035-R1,(9764_T079_1-R1,(9792_T069-R1,6974_T246-R1))),((6906_T144-R1,((7288_T104-R1,7308_T026-R1),7396_T084-R1)),(7328_T139-R1,((9557_T144-R1,7186_T219-R1),(6939_T096-R1,9610_T112-R1))))))),(9887_T083-R1,9871_T120-R1)),9583_T245-R1,9869_T082-R1);
(((9542_T120-R1,(((7288_T104-R1,7308_T026-R1),(((6974_T246-R1,(7328_T139-R1,9764_T079_1-R1)),((7396_T084-R1,9792_T069-R1),6906_T144-R1)),(9597_T117-R1,((9610_T112-R1,(6939_T096-R1,9557_T144-R1)),7186_T219-R1)))),7111_T035-R1)),(9887_T083-R1,9871_T120-R1)),9583_T245-R1,9869_T082-R1);
((9542_T120-R1,((((((9792_T069-R1,6974_T246-R1),(7328_T139-R1,9764_T079_1-R1)),(6906_T144-R1,((7396_T084-R1,(9557_T144-R1,7186_T219-R1)),6939_T096-R1))),9610_T112-R1),9597_T117-R1),(7111_T035-R1,(7288_T104-R1,7308_T026-R1)))),((9583_T245-R1,9887_T083-R1),9871_T120-R1),9869_T082-R1);
(((9887_T083-R1,9871_T120-R1),((9542_T120-R1,(((((9792_T069-R1,6974_T246-R1),(7328_T139-R1,(9597_T117-R1,((7186_T219-R1,9557_T144-R1),(9610_T112-R1,6939_T096-R1))))),6906_T144-R1),7396_T084-R1),(7288_T104-R1,7308_T026-R1))),7111_T035-R1)),(9764_T079_1-R1,9583_T245-R1),9869_T082-R1);
(9583_T245-R1,((((7111_T035-R1,(((((((((9610_T112-R1,7186_T219-R1),6939_T096-R1),9557_T144-R1),9597_T117-R1),(9764_T079_1-R1,7328_T139-R1)),6906_T144-R1),(9792_T069-R1,6974_T246-R1)),7396_T084-R1),(7288_T104-R1,7308_T026-R1))),9871_T120-R1),9887_T083-R1),9542_T120-R1),9869_T082-R1);
(9583_T245-R1,((((7111_T035-R1,(((((((((9610_T112-R1,7186_T219-R1),6939_T096-R1),9557_T144-R1),9597_T117-R1),(9764_T079_1-R1,7328_T139-R1)),6906_T144-R1),(9792_T069-R1,6974_T246-R1)),7396_T084-R1),(7288_T104-R1,7308_T026-R1))),9871_T120-R1),9887_T083-R1),9542_T120-R1),9869_T082-R1);
(9583_T245-R1,((((7111_T035-R1,(((((((((9610_T112-R1,7186_T219-R1),6939_T096-R1),9557_T144-R1),9597_T117-R1),(9764_T079_1-R1,7328_T139-R1)),6906_T144-R1),(9792_T069-R1,6974_T246-R1)),7396_T084-R1),(7288_T104-R1,7308_T026-R1))),9871_T120-R1),9887_T083-R1),9542_T120-R1),9869_T082-R1);
(9583_T245-R1,((((7111_T035-R1,(((((((((9610_T112-R1,7186_T219-R1),6939_T096-R1),9557_T144-R1),9597_T117-R1),(9764_T079_1-R1,7328_T139-R1)),6906_T144-R1),(9792_T069-R1,6974_T246-R1)),7396_T084-R1),(7288_T104-R1,7308_T026-R1))),9871_T120-R1),9887_T083-R1),9542_T120-R1),9869_T082-R1);
(9583_T245-R1,((((7111_T035-R1,(((((((((9610_T112-R1,7186_T219-R1),6939_T096-R1),9557_T144-R1),9597_T117-R1),(9764_T079_1-R1,7328_T139-R1)),6906_T144-R1),(9792_T069-R1,6974_T246-R1)),7396_T084-R1),(7288_T104-R1,7308_T026-R1))),9871_T120-R1),9887_T083-R1),9542_T120-R1),9869_T082-R1);
(9583_T245-R1,((((7111_T035-R1,(((((((((9610_T112-R1,7186_T219-R1),6939_T096-R1),9557_T144-R1),9597_T117-R1),(9764_T079_1-R1,7328_T139-R1)),6906_T144-R1),(9792_T069-R1,6974_T246-R1)),7396_T084-R1),(7288_T104-R1,7308_T026-R1))),9871_T120-R1),9887_T083-R1),9542_T120-R1),9869_T082-R1);
(9583_T245-R1,((((7111_T035-R1,(((((((((9610_T112-R1,7186_T219-R1),6939_T096-R1),9557_T144-R1),9597_T117-R1),(9764_T079_1-R1,7328_T139-R1)),6906_T144-R1),(9792_T069-R1,6974_T246-R1)),7396_T084-R1),(7288_T104-R1,7308_T026-R1))),9871_T120-R1),9887_T083-R1),9542_T120-R1),9869_T082-R1);
(9583_T245-R1,((((7111_T035-R1,(((((((((9610_T112-R1,7186_T219-R1),6939_T096-R1),9557_T144-R1),9597_T117-R1),(9764_T079_1-R1,7328_T139-R1)),6906_T144-R1),(9792_T069-R1,6974_T246-R1)),7396_T084-R1),(7288_T104-R1,7308_T026-R1))),9871_T120-R1),9887_T083-R1),9542_T120-R1),9869_T082-R1);
(9583_T245-R1,((((7111_T035-R1,(((((((((9610_T112-R1,7186_T219-R1),6939_T096-R1),9557_T144-R1),9597_T117-R1),(9764_T079_1-R1,7328_T139-R1)),6906_T144-R1),(9792_T069-R1,6974_T246-R1)),7396_T084-R1),(7288_T104-R1,7308_T026-R1))),9871_T120-R1),9887_T083-R1),9542_T120-R1),9869_T082-R1);
(9583_T245-R1,((((7111_T035-R1,(((((((((9610_T112-R1,7186_T219-R1),6939_T096-R1),9557_T144-R1),9597_T117-R1),(9764_T079_1-R1,7328_T139-R1)),6906_T144-R1),(9792_T069-R1,6974_T246-R1)),7396_T084-R1),(7288_T104-R1,7308_T026-R1))),9871_T120-R1),9887_T083-R1),9542_T120-R1),9869_T082-R1);
(((9887_T083-R1,(9871_T120-R1,9542_T120-R1)),((7308_T026-R1,7288_T104-R1),(((9764_T079_1-R1,7328_T139-R1),((((9792_T069-R1,6974_T246-R1),6906_T144-R1),7396_T084-R1),((6939_T096-R1,(9610_T112-R1,(7186_T219-R1,9557_T144-R1))),9597_T117-R1))),7111_T035-R1))),9583_T245-R1,9869_T082-R1);
(((9887_T083-R1,(9871_T120-R1,9542_T120-R1)),((7308_T026-R1,7288_T104-R1),(((9764_T079_1-R1,7328_T139-R1),((((9792_T069-R1,6974_T246-R1),6906_T144-R1),7396_T084-R1),((6939_T096-R1,(9610_T112-R1,(7186_T219-R1,9557_T144-R1))),9597_T117-R1))),7111_T035-R1))),9583_T245-R1,9869_T082-R1);
(((9887_T083-R1,(9871_T120-R1,9542_T120-R1)),((7308_T026-R1,7288_T104-R1),(((9764_T079_1-R1,7328_T139-R1),((((9792_T069-R1,6974_T246-R1),6906_T144-R1),7396_T084-R1),((6939_T096-R1,(9610_T112-R1,(7186_T219-R1,9557_T144-R1))),9597_T117-R1))),7111_T035-R1))),9583_T245-R1,9869_T082-R1);
(((9887_T083-R1,(9871_T120-R1,9542_T120-R1)),((7308_T026-R1,7288_T104-R1),(((9764_T079_1-R1,7328_T139-R1),((((9792_T069-R1,6974_T246-R1),6906_T144-R1),7396_T084-R1),((6939_T096-R1,(9610_T112-R1,(7186_T219-R1,9557_T144-R1))),9597_T117-R1))),7111_T035-R1))),9583_T245-R1,9869_T082-R1);
(((9887_T083-R1,(9871_T120-R1,9542_T120-R1)),((7308_T026-R1,7288_T104-R1),(((9764_T079_1-R1,7328_T139-R1),((((9792_T069-R1,6974_T246-R1),6906_T144-R1),7396_T084-R1),((6939_T096-R1,(9610_T112-R1,(7186_T219-R1,9557_T144-R1))),9597_T117-R1))),7111_T035-R1))),9583_T245-R1,9869_T082-R1);
(((9887_T083-R1,(9871_T120-R1,9542_T120-R1)),((7308_T026-R1,7288_T104-R1),(((9764_T079_1-R1,7328_T139-R1),((((9792_T069-R1,6974_T246-R1),6906_T144-R1),7396_T084-R1),((6939_T096-R1,(9610_T112-R1,(7186_T219-R1,9557_T144-R1))),9597_T117-R1))),7111_T035-R1))),9583_T245-R1,9869_T082-R1);
(((9887_T083-R1,(9871_T120-R1,9542_T120-R1)),((7308_T026-R1,7288_T104-R1),(((9764_T079_1-R1,7328_T139-R1),((((9792_T069-R1,6974_T246-R1),6906_T144-R1),7396_T084-R1),((6939_T096-R1,(9610_T112-R1,(7186_T219-R1,9557_T144-R1))),9597_T117-R1))),7111_T035-R1))),9583_T245-R1,9869_T082-R1);
(((9887_T083-R1,(9871_T120-R1,9542_T120-R1)),((7308_T026-R1,7288_T104-R1),(((9764_T079_1-R1,7328_T139-R1),((((9792_T069-R1,6974_T246-R1),6906_T144-R1),7396_T084-R1),((6939_T096-R1,(9610_T112-R1,(7186_T219-R1,9557_T144-R1))),9597_T117-R1))),7111_T035-R1))),9583_T245-R1,9869_T082-R1);
(((9887_T083-R1,(9871_T120-R1,9542_T120-R1)),((7308_T026-R1,7288_T104-R1),(((9764_T079_1-R1,7328_T139-R1),((((9792_T069-R1,6974_T246-R1),6906_T144-R1),7396_T084-R1),((6939_T096-R1,(9610_T112-R1,(7186_T219-R1,9557_T144-R1))),9597_T117-R1))),7111_T035-R1))),9583_T245-R1,9869_T082-R1);
(((9887_T083-R1,(9871_T120-R1,9542_T120-R1)),((7308_T026-R1,7288_T104-R1),(((9764_T079_1-R1,7328_T139-R1),((((9792_T069-R1,6974_T246-R1),6906_T144-R1),7396_T084-R1),((6939_T096-R1,(9610_T112-R1,(7186_T219-R1,9557_T144-R1))),9597_T117-R1))),7111_T035-R1))),9583_T245-R1,9869_T082-R1);
((9542_T120-R1,(9887_T083-R1,(9871_T120-R1,((7308_T026-R1,7288_T104-R1),(7111_T035-R1,(6906_T144-R1,((6974_T246-R1,9792_T069-R1),((9764_T079_1-R1,7328_T139-R1),(7396_T084-R1,(9597_T117-R1,(9610_T112-R1,(7186_T219-R1,(9557_T144-R1,6939_T096-R1))))))))))))),9583_T245-R1,9869_T082-R1);
(9583_T245-R1,((9887_T083-R1,9871_T120-R1),(9542_T120-R1,((7308_T026-R1,7288_T104-R1),(7111_T035-R1,(((((7186_T219-R1,(9764_T079_1-R1,7328_T139-R1)),(6974_T246-R1,9792_T069-R1)),6906_T144-R1),7396_T084-R1),(9557_T144-R1,((9597_T117-R1,9610_T112-R1),6939_T096-R1))))))),9869_T082-R1);
(9583_T245-R1,(9542_T120-R1,((((7111_T035-R1,7308_T026-R1),7288_T104-R1),(((((9764_T079_1-R1,7328_T139-R1),6974_T246-R1),(9792_T069-R1,6906_T144-R1)),7396_T084-R1),((9610_T112-R1,(6939_T096-R1,(7186_T219-R1,9557_T144-R1))),9597_T117-R1))),(9887_T083-R1,9871_T120-R1))),9869_T082-R1);
(9583_T245-R1,(9542_T120-R1,((((7308_T026-R1,7288_T104-R1),((((6939_T096-R1,6906_T144-R1),((7186_T219-R1,9557_T144-R1),7396_T084-R1)),(((9764_T079_1-R1,7328_T139-R1),(9792_T069-R1,6974_T246-R1)),9610_T112-R1)),9597_T117-R1)),7111_T035-R1),(9887_T083-R1,9871_T120-R1))),9869_T082-R1);
(9542_T120-R1,((((7308_T026-R1,7288_T104-R1),((9764_T079_1-R1,7328_T139-R1),(9597_T117-R1,(6906_T144-R1,(((9792_T069-R1,6974_T246-R1),(9610_T112-R1,((7186_T219-R1,9557_T144-R1),6939_T096-R1))),7396_T084-R1))))),7111_T035-R1),((9583_T245-R1,9887_T083-R1),9871_T120-R1)),9869_T082-R1);
(9583_T245-R1,((9871_T120-R1,9887_T083-R1),(9542_T120-R1,(((9764_T079_1-R1,7328_T139-R1),(((9792_T069-R1,6974_T246-R1),(9597_T117-R1,(7186_T219-R1,(6939_T096-R1,(9610_T112-R1,9557_T144-R1))))),(7396_T084-R1,6906_T144-R1))),((7308_T026-R1,7288_T104-R1),7111_T035-R1)))),9869_T082-R1);
(9583_T245-R1,((9871_T120-R1,9887_T083-R1),(9542_T120-R1,(((9764_T079_1-R1,7328_T139-R1),(((9792_T069-R1,6974_T246-R1),(9597_T117-R1,(7186_T219-R1,(6939_T096-R1,(9610_T112-R1,9557_T144-R1))))),(7396_T084-R1,6906_T144-R1))),((7308_T026-R1,7288_T104-R1),7111_T035-R1)))),9869_T082-R1);
(9583_T245-R1,((9871_T120-R1,9887_T083-R1),(9542_T120-R1,(((9764_T079_1-R1,7328_T139-R1),(((9792_T069-R1,6974_T246-R1),(9597_T117-R1,(7186_T219-R1,(6939_T096-R1,(9610_T112-R1,9557_T144-R1))))),(7396_T084-R1,6906_T144-R1))),((7308_T026-R1,7288_T104-R1),7111_T035-R1)))),9869_T082-R1);
(9583_T245-R1,((9871_T120-R1,9887_T083-R1),(9542_T120-R1,(((9764_T079_1-R1,7328_T139-R1),(((9792_T069-R1,6974_T246-R1),(9597_T117-R1,(7186_T219-R1,(6939_T096-R1,(9610_T112-R1,9557_T144-R1))))),(7396_T084-R1,6906_T144-R1))),((7308_T026-R1,7288_T104-R1),7111_T035-R1)))),9869_T082-R1);
(9583_T245-R1,((9871_T120-R1,9887_T083-R1),(9542_T120-R1,(((9764_T079_1-R1,7328_T139-R1),(((9792_T069-R1,6974_T246-R1),(9597_T117-R1,(7186_T219-R1,(6939_T096-R1,(9610_T112-R1,9557_T144-R1))))),(7396_T084-R1,6906_T144-R1))),((7308_T026-R1,7288_T104-R1),7111_T035-R1)))),9869_T082-R1);
(9583_T245-R1,((9542_T120-R1,9871_T120-R1),(((7288_T104-R1,7308_T026-R1),((6906_T144-R1,(((((((6939_T096-R1,9610_T112-R1),9557_T144-R1),7186_T219-R1),9597_T117-R1),7396_T084-R1),(6974_T246-R1,9792_T069-R1)),(9764_T079_1-R1,7328_T139-R1))),7111_T035-R1)),9887_T083-R1)),9869_T082-R1);
(9583_T245-R1,((9542_T120-R1,9871_T120-R1),(((7288_T104-R1,7308_T026-R1),((6906_T144-R1,(((((((6939_T096-R1,9610_T112-R1),9557_T144-R1),7186_T219-R1),9597_T117-R1),7396_T084-R1),(6974_T246-R1,9792_T069-R1)),(9764_T079_1-R1,7328_T139-R1))),7111_T035-R1)),9887_T083-R1)),9869_T082-R1);
(9583_T245-R1,((9542_T120-R1,9871_T120-R1),(((7288_T104-R1,7308_T026-R1),((6906_T144-R1,(((((((6939_T096-R1,9610_T112-R1),9557_T144-R1),7186_T219-R1),9597_T117-R1),7396_T084-R1),(6974_T246-R1,9792_T069-R1)),(9764_T079_1-R1,7328_T139-R1))),7111_T035-R1)),9887_T083-R1)),9869_T082-R1);
(9583_T245-R1,((9542_T120-R1,9871_T120-R1),(((7288_T104-R1,7308_T026-R1),((6906_T144-R1,(((((((6939_T096-R1,9610_T112-R1),9557_T144-R1),7186_T219-R1),9597_T117-R1),7396_T084-R1),(6974_T246-R1,9792_T069-R1)),(9764_T079_1-R1,7328_T139-R1))),7111_T035-R1)),9887_T083-R1)),9869_T082-R1);
(9583_T245-R1,((9542_T120-R1,9871_T120-R1),(((7288_T104-R1,7308_T026-R1),((6906_T144-R1,(((((((6939_T096-R1,9610_T112-R1),9557_T144-R1),7186_T219-R1),9597_T117-R1),7396_T084-R1),(6974_T246-R1,9792_T069-R1)),(9764_T079_1-R1,7328_T139-R1))),7111_T035-R1)),9887_T083-R1)),9869_T082-R1);
(9583_T245-R1,((9542_T120-R1,9871_T120-R1),(((7288_T104-R1,7308_T026-R1),((6906_T144-R1,(((((((6939_T096-R1,9610_T112-R1),9557_T144-R1),7186_T219-R1),9597_T117-R1),7396_T084-R1),(6974_T246-R1,9792_T069-R1)),(9764_T079_1-R1,7328_T139-R1))),7111_T035-R1)),9887_T083-R1)),9869_T082-R1);
(9583_T245-R1,((9542_T120-R1,9871_T120-R1),(((7288_T104-R1,7308_T026-R1),((6906_T144-R1,(((((((6939_T096-R1,9610_T112-R1),9557_T144-R1),7186_T219-R1),9597_T117-R1),7396_T084-R1),(6974_T246-R1,9792_T069-R1)),(9764_T079_1-R1,7328_T139-R1))),7111_T035-R1)),9887_T083-R1)),9869_T082-R1);
(9583_T245-R1,((9542_T120-R1,9871_T120-R1),(((7288_T104-R1,7308_T026-R1),((6906_T144-R1,(((((((6939_T096-R1,9610_T112-R1),9557_T144-R1),7186_T219-R1),9597_T117-R1),7396_T084-R1),(6974_T246-R1,9792_T069-R1)),(9764_T079_1-R1,7328_T139-R1))),7111_T035-R1)),9887_T083-R1)),9869_T082-R1);
(9583_T245-R1,((9542_T120-R1,9871_T120-R1),(((7288_T104-R1,7308_T026-R1),((6906_T144-R1,(((((((6939_T096-R1,9610_T112-R1),9557_T144-R1),7186_T219-R1),9597_T117-R1),7396_T084-R1),(6974_T246-R1,9792_T069-R1)),(9764_T079_1-R1,7328_T139-R1))),7111_T035-R1)),9887_T083-R1)),9869_T082-R1);
(9583_T245-R1,((9542_T120-R1,9871_T120-R1),(((7288_T104-R1,7308_T026-R1),((6906_T144-R1,(((((((6939_T096-R1,9610_T112-R1),9557_T144-R1),7186_T219-R1),9597_T117-R1),7396_T084-R1),(6974_T246-R1,9792_T069-R1)),(9764_T079_1-R1,7328_T139-R1))),7111_T035-R1)),9887_T083-R1)),9869_T082-R1);
(9583_T245-R1,(9887_T083-R1,(9542_T120-R1,((7111_T035-R1,((7308_T026-R1,7288_T104-R1),(7396_T084-R1,(6906_T144-R1,((9792_T069-R1,6974_T246-R1),((9597_T117-R1,(9610_T112-R1,(6939_T096-R1,(7186_T219-R1,9557_T144-R1)))),(9764_T079_1-R1,7328_T139-R1))))))),9871_T120-R1))),9869_T082-R1);
(9583_T245-R1,(9887_T083-R1,(9542_T120-R1,((7111_T035-R1,((7308_T026-R1,7288_T104-R1),(7396_T084-R1,(6906_T144-R1,((9792_T069-R1,6974_T246-R1),((9597_T117-R1,(9610_T112-R1,(6939_T096-R1,(7186_T219-R1,9557_T144-R1)))),(9764_T079_1-R1,7328_T139-R1))))))),9871_T120-R1))),9869_T082-R1);
(9583_T245-R1,(9887_T083-R1,(9542_T120-R1,((7111_T035-R1,((7308_T026-R1,7288_T104-R1),(7396_T084-R1,(6906_T144-R1,((9792_T069-R1,6974_T246-R1),((9597_T117-R1,(9610_T112-R1,(6939_T096-R1,(7186_T219-R1,9557_T144-R1)))),(9764_T079_1-R1,7328_T139-R1))))))),9871_T120-R1))),9869_T082-R1);
(9583_T245-R1,(9887_T083-R1,(9542_T120-R1,((7111_T035-R1,((7308_T026-R1,7288_T104-R1),(7396_T084-R1,(6906_T144-R1,((9792_T069-R1,6974_T246-R1),((9597_T117-R1,(9610_T112-R1,(6939_T096-R1,(7186_T219-R1,9557_T144-R1)))),(9764_T079_1-R1,7328_T139-R1))))))),9871_T120-R1))),9869_T082-R1);
(9583_T245-R1,(9887_T083-R1,(9542_T120-R1,((7111_T035-R1,((7308_T026-R1,7288_T104-R1),(7396_T084-R1,(6906_T144-R1,((9792_T069-R1,6974_T246-R1),((9597_T117-R1,(9610_T112-R1,(6939_T096-R1,(7186_T219-R1,9557_T144-R1)))),(9764_T079_1-R1,7328_T139-R1))))))),9871_T120-R1))),9869_T082-R1);
(9583_T245-R1,(9887_T083-R1,(9542_T120-R1,((7111_T035-R1,((7308_T026-R1,7288_T104-R1),(7396_T084-R1,(6906_T144-R1,((9792_T069-R1,6974_T246-R1),((9597_T117-R1,(9610_T112-R1,(6939_T096-R1,(7186_T219-R1,9557_T144-R1)))),(9764_T079_1-R1,7328_T139-R1))))))),9871_T120-R1))),9869_T082-R1);
(9583_T245-R1,(9887_T083-R1,(9542_T120-R1,((7111_T035-R1,((7308_T026-R1,7288_T104-R1),(7396_T084-R1,(6906_T144-R1,((9792_T069-R1,6974_T246-R1),((9597_T117-R1,(9610_T112-R1,(6939_T096-R1,(7186_T219-R1,9557_T144-R1)))),(9764_T079_1-R1,7328_T139-R1))))))),9871_T120-R1))),9869_T082-R1);
(9583_T245-R1,(9887_T083-R1,(9542_T120-R1,((7111_T035-R1,((7308_T026-R1,7288_T104-R1),(7396_T084-R1,(6906_T144-R1,((9792_T069-R1,6974_T246-R1),((9597_T117-R1,(9610_T112-R1,(6939_T096-R1,(7186_T219-R1,9557_T144-R1)))),(9764_T079_1-R1,7328_T139-R1))))))),9871_T120-R1))),9869_T082-R1);
(9583_T245-R1,(9887_T083-R1,(9542_T120-R1,((7111_T035-R1,((7308_T026-R1,7288_T104-R1),(7396_T084-R1,(6906_T144-R1,((9792_T069-R1,6974_T246-R1),((9597_T117-R1,(9610_T112-R1,(6939_T096-R1,(7186_T219-R1,9557_T144-R1)))),(9764_T079_1-R1,7328_T139-R1))))))),9871_T120-R1))),9869_T082-R1);
(9583_T245-R1,(9887_T083-R1,(9542_T120-R1,((7111_T035-R1,((7308_T026-R1,7288_T104-R1),(7396_T084-R1,(6906_T144-R1,((9792_T069-R1,6974_T246-R1),((9597_T117-R1,(9610_T112-R1,(6939_T096-R1,(7186_T219-R1,9557_T144-R1)))),(9764_T079_1-R1,7328_T139-R1))))))),9871_T120-R1))),9869_T082-R1);
(((9542_T120-R1,(9871_T120-R1,9887_T083-R1)),(((((((6974_T246-R1,9792_T069-R1),7396_T084-R1),(7328_T139-R1,9764_T079_1-R1)),6906_T144-R1),(9597_T117-R1,(7186_T219-R1,(9610_T112-R1,(6939_T096-R1,9557_T144-R1))))),7111_T035-R1),(7288_T104-R1,7308_T026-R1))),9583_T245-R1,9869_T082-R1);
(((9542_T120-R1,(9871_T120-R1,9887_T083-R1)),(((((((6974_T246-R1,9792_T069-R1),7396_T084-R1),(7328_T139-R1,9764_T079_1-R1)),6906_T144-R1),(9597_T117-R1,(7186_T219-R1,(9610_T112-R1,(6939_T096-R1,9557_T144-R1))))),7111_T035-R1),(7288_T104-R1,7308_T026-R1))),9583_T245-R1,9869_T082-R1);
(((9542_T120-R1,(9871_T120-R1,9887_T083-R1)),(((((((6974_T246-R1,9792_T069-R1),7396_T084-R1),(7328_T139-R1,9764_T079_1-R1)),6906_T144-R1),(9597_T117-R1,(7186_T219-R1,(9610_T112-R1,(6939_T096-R1,9557_T144-R1))))),7111_T035-R1),(7288_T104-R1,7308_T026-R1))),9583_T245-R1,9869_T082-R1);
((((7328_T139-R1,((6974_T246-R1,9792_T069-R1),(6906_T144-R1,((9597_T117-R1,(9610_T112-R1,(6939_T096-R1,(9557_T144-R1,7186_T219-R1)))),7396_T084-R1)))),(((9871_T120-R1,9887_T083-R1),7111_T035-R1),(7288_T104-R1,7308_T026-R1))),9542_T120-R1),(9764_T079_1-R1,9583_T245-R1),9869_T082-R1);
((((9871_T120-R1,9887_T083-R1),((7111_T035-R1,(7288_T104-R1,7308_T026-R1)),(7328_T139-R1,(((9764_T079_1-R1,9597_T117-R1),(6974_T246-R1,9792_T069-R1)),(6906_T144-R1,((((6939_T096-R1,9610_T112-R1),9557_T144-R1),7186_T219-R1),7396_T084-R1)))))),9542_T120-R1),9583_T245-R1,9869_T082-R1);
(((9871_T120-R1,9887_T083-R1),(((7111_T035-R1,(7288_T104-R1,7308_T026-R1)),((6974_T246-R1,9792_T069-R1),((7328_T139-R1,9764_T079_1-R1),(((9597_T117-R1,(9610_T112-R1,((9557_T144-R1,7186_T219-R1),6939_T096-R1))),7396_T084-R1),6906_T144-R1)))),9542_T120-R1)),9583_T245-R1,9869_T082-R1);
(((9871_T120-R1,9887_T083-R1),(((7111_T035-R1,(7288_T104-R1,7308_T026-R1)),((6974_T246-R1,9792_T069-R1),((7328_T139-R1,9764_T079_1-R1),(((9597_T117-R1,(9610_T112-R1,((9557_T144-R1,7186_T219-R1),6939_T096-R1))),7396_T084-R1),6906_T144-R1)))),9542_T120-R1)),9583_T245-R1,9869_T082-R1);
(((9871_T120-R1,9887_T083-R1),(((7111_T035-R1,(7288_T104-R1,7308_T026-R1)),((6974_T246-R1,9792_T069-R1),((7328_T139-R1,9764_T079_1-R1),(((9597_T117-R1,(9610_T112-R1,((9557_T144-R1,7186_T219-R1),6939_T096-R1))),7396_T084-R1),6906_T144-R1)))),9542_T120-R1)),9583_T245-R1,9869_T082-R1);
(((9871_T120-R1,9887_T083-R1),(((7111_T035-R1,(7288_T104-R1,7308_T026-R1)),((6974_T246-R1,9792_T069-R1),((7328_T139-R1,9764_T079_1-R1),(((9597_T117-R1,(9610_T112-R1,((9557_T144-R1,7186_T219-R1),6939_T096-R1))),7396_T084-R1),6906_T144-R1)))),9542_T120-R1)),9583_T245-R1,9869_T082-R1);
(((9871_T120-R1,9887_T083-R1),(((7111_T035-R1,(7288_T104-R1,7308_T026-R1)),((6974_T246-R1,9792_T069-R1),((7328_T139-R1,9764_T079_1-R1),(((9597_T117-R1,(9610_T112-R1,((9557_T144-R1,7186_T219-R1),6939_T096-R1))),7396_T084-R1),6906_T144-R1)))),9542_T120-R1)),9583_T245-R1,9869_T082-R1);
(((9887_T083-R1,(9542_T120-R1,9871_T120-R1)),((((7328_T139-R1,9764_T079_1-R1),((((6974_T246-R1,9792_T069-R1),7396_T084-R1),(9597_T117-R1,(9557_T144-R1,(7186_T219-R1,(6939_T096-R1,9610_T112-R1))))),6906_T144-R1)),7111_T035-R1),(7308_T026-R1,7288_T104-R1))),9583_T245-R1,9869_T082-R1);
(((9887_T083-R1,(9542_T120-R1,9871_T120-R1)),((((7328_T139-R1,9764_T079_1-R1),((((6974_T246-R1,9792_T069-R1),7396_T084-R1),(9597_T117-R1,(9557_T144-R1,(7186_T219-R1,(6939_T096-R1,9610_T112-R1))))),6906_T144-R1)),7111_T035-R1),(7308_T026-R1,7288_T104-R1))),9583_T245-R1,9869_T082-R1);
(((9887_T083-R1,(9542_T120-R1,9871_T120-R1)),((((7328_T139-R1,9764_T079_1-R1),((((6974_T246-R1,9792_T069-R1),7396_T084-R1),(9597_T117-R1,(9557_T144-R1,(7186_T219-R1,(6939_T096-R1,9610_T112-R1))))),6906_T144-R1)),7111_T035-R1),(7308_T026-R1,7288_T104-R1))),9583_T245-R1,9869_T082-R1);
(((9887_T083-R1,(9542_T120-R1,9871_T120-R1)),((((7328_T139-R1,9764_T079_1-R1),((((6974_T246-R1,9792_T069-R1),7396_T084-R1),(9597_T117-R1,(9557_T144-R1,(7186_T219-R1,(6939_T096-R1,9610_T112-R1))))),6906_T144-R1)),7111_T035-R1),(7308_T026-R1,7288_T104-R1))),9583_T245-R1,9869_T082-R1);
(((9887_T083-R1,(9542_T120-R1,9871_T120-R1)),((((7328_T139-R1,9764_T079_1-R1),((((6974_T246-R1,9792_T069-R1),7396_T084-R1),(9597_T117-R1,(9557_T144-R1,(7186_T219-R1,(6939_T096-R1,9610_T112-R1))))),6906_T144-R1)),7111_T035-R1),(7308_T026-R1,7288_T104-R1))),9583_T245-R1,9869_T082-R1);
(((9887_T083-R1,(9542_T120-R1,9871_T120-R1)),((((7328_T139-R1,9764_T079_1-R1),((((6974_T246-R1,9792_T069-R1),7396_T084-R1),(9597_T117-R1,(9557_T144-R1,(7186_T219-R1,(6939_T096-R1,9610_T112-R1))))),6906_T144-R1)),7111_T035-R1),(7308_T026-R1,7288_T104-R1))),9583_T245-R1,9869_T082-R1);
(((9887_T083-R1,(9542_T120-R1,9871_T120-R1)),((((7328_T139-R1,9764_T079_1-R1),((((6974_T246-R1,9792_T069-R1),7396_T084-R1),(9597_T117-R1,(9557_T144-R1,(7186_T219-R1,(6939_T096-R1,9610_T112-R1))))),6906_T144-R1)),7111_T035-R1),(7308_T026-R1,7288_T104-R1))),9583_T245-R1,9869_T082-R1);
(((9887_T083-R1,(9542_T120-R1,9871_T120-R1)),((((7328_T139-R1,9764_T079_1-R1),((((6974_T246-R1,9792_T069-R1),7396_T084-R1),(9597_T117-R1,(9557_T144-R1,(7186_T219-R1,(6939_T096-R1,9610_T112-R1))))),6906_T144-R1)),7111_T035-R1),(7308_T026-R1,7288_T104-R1))),9583_T245-R1,9869_T082-R1);
(((9597_T117-R1,(((9557_T144-R1,6939_T096-R1),9610_T112-R1),7186_T219-R1)),((((6974_T246-R1,7328_T139-R1),(9871_T120-R1,9887_T083-R1)),((7396_T084-R1,(6906_T144-R1,9792_T069-R1)),((7308_T026-R1,7288_T104-R1),7111_T035-R1))),9542_T120-R1)),(9764_T079_1-R1,9583_T245-R1),9869_T082-R1);
(((((((9597_T117-R1,((6939_T096-R1,9610_T112-R1),(9557_T144-R1,7186_T219-R1))),7396_T084-R1),(6906_T144-R1,(6974_T246-R1,9792_T069-R1))),(7328_T139-R1,9764_T079_1-R1)),((7308_T026-R1,7288_T104-R1),7111_T035-R1)),(9542_T120-R1,(9887_T083-R1,9871_T120-R1))),9583_T245-R1,9869_T082-R1);
(9583_T245-R1,(9871_T120-R1,(9887_T083-R1,(9542_T120-R1,((7288_T104-R1,7308_T026-R1),(7111_T035-R1,((9792_T069-R1,6974_T246-R1),((7396_T084-R1,((7328_T139-R1,9764_T079_1-R1),6906_T144-R1)),((6939_T096-R1,(9610_T112-R1,(9557_T144-R1,7186_T219-R1))),9597_T117-R1)))))))),9869_T082-R1);
((((((6906_T144-R1,(9792_T069-R1,6974_T246-R1)),((((9557_T144-R1,7186_T219-R1),(6939_T096-R1,9610_T112-R1)),9597_T117-R1),7396_T084-R1)),7328_T139-R1),9887_T083-R1),(9871_T120-R1,(((7288_T104-R1,7308_T026-R1),7111_T035-R1),9542_T120-R1))),(9764_T079_1-R1,9583_T245-R1),9869_T082-R1);
((9583_T245-R1,(((6906_T144-R1,((9764_T079_1-R1,7328_T139-R1),(7186_T219-R1,((9557_T144-R1,6939_T096-R1),9610_T112-R1)))),((9792_T069-R1,6974_T246-R1),7396_T084-R1)),9597_T117-R1)),((7288_T104-R1,7308_T026-R1),((7111_T035-R1,9542_T120-R1),(9887_T083-R1,9871_T120-R1))),9869_T082-R1);
(((9542_T120-R1,(((((((9597_T117-R1,(9610_T112-R1,((9557_T144-R1,7186_T219-R1),6939_T096-R1))),7328_T139-R1),(7396_T084-R1,6906_T144-R1)),(9792_T069-R1,6974_T246-R1)),9764_T079_1-R1),7111_T035-R1),(7288_T104-R1,7308_T026-R1))),(9871_T120-R1,9887_T083-R1)),9583_T245-R1,9869_T082-R1);
(((((((6906_T144-R1,((9597_T117-R1,((9557_T144-R1,7186_T219-R1),(6939_T096-R1,9610_T112-R1))),7328_T139-R1)),7396_T084-R1),(9792_T069-R1,6974_T246-R1)),9887_T083-R1),(((7111_T035-R1,(7288_T104-R1,7308_T026-R1)),9542_T120-R1),9871_T120-R1)),9764_T079_1-R1),9583_T245-R1,9869_T082-R1);
((((((((6906_T144-R1,((9610_T112-R1,((9557_T144-R1,7186_T219-R1),6939_T096-R1)),9597_T117-R1)),((9792_T069-R1,6974_T246-R1),7396_T084-R1)),7328_T139-R1),9764_T079_1-R1),(7111_T035-R1,(7288_T104-R1,7308_T026-R1))),9542_T120-R1),(9887_T083-R1,9871_T120-R1)),9583_T245-R1,9869_T082-R1);
((((((((6906_T144-R1,((9610_T112-R1,((9557_T144-R1,7186_T219-R1),6939_T096-R1)),9597_T117-R1)),((9792_T069-R1,6974_T246-R1),7396_T084-R1)),7328_T139-R1),9764_T079_1-R1),(7111_T035-R1,(7288_T104-R1,7308_T026-R1))),9542_T120-R1),(9887_T083-R1,9871_T120-R1)),9583_T245-R1,9869_T082-R1);
(((((((6906_T144-R1,((9610_T112-R1,((9557_T144-R1,7186_T219-R1),6939_T096-R1)),9597_T117-R1)),((9792_T069-R1,6974_T246-R1),7396_T084-R1)),(7328_T139-R1,9764_T079_1-R1)),(7111_T035-R1,(7288_T104-R1,7308_T026-R1))),9542_T120-R1),(9887_T083-R1,9871_T120-R1)),9583_T245-R1,9869_T082-R1);
(((((((6906_T144-R1,((9610_T112-R1,((9557_T144-R1,7186_T219-R1),6939_T096-R1)),9597_T117-R1)),((9792_T069-R1,6974_T246-R1),7396_T084-R1)),(7328_T139-R1,9764_T079_1-R1)),(7111_T035-R1,(7288_T104-R1,7308_T026-R1))),9542_T120-R1),(9887_T083-R1,9871_T120-R1)),9583_T245-R1,9869_T082-R1);
(((((((6906_T144-R1,((9610_T112-R1,((9557_T144-R1,7186_T219-R1),6939_T096-R1)),9597_T117-R1)),((9792_T069-R1,6974_T246-R1),7396_T084-R1)),(7328_T139-R1,9764_T079_1-R1)),(7111_T035-R1,(7288_T104-R1,7308_T026-R1))),9542_T120-R1),(9887_T083-R1,9871_T120-R1)),9583_T245-R1,9869_T082-R1);
(9583_T245-R1,(9871_T120-R1,(((((((((9792_T069-R1,6974_T246-R1),7396_T084-R1),(7328_T139-R1,9764_T079_1-R1)),6906_T144-R1),((7186_T219-R1,(9557_T144-R1,(9610_T112-R1,6939_T096-R1))),9597_T117-R1)),7111_T035-R1),(7288_T104-R1,7308_T026-R1)),9887_T083-R1),9542_T120-R1)),9869_T082-R1);
(9583_T245-R1,(9871_T120-R1,(((((((((9792_T069-R1,6974_T246-R1),7396_T084-R1),(7328_T139-R1,9764_T079_1-R1)),6906_T144-R1),((7186_T219-R1,(9557_T144-R1,(9610_T112-R1,6939_T096-R1))),9597_T117-R1)),7111_T035-R1),(7288_T104-R1,7308_T026-R1)),9887_T083-R1),9542_T120-R1)),9869_T082-R1);
(9583_T245-R1,(9871_T120-R1,(((((((((9792_T069-R1,6974_T246-R1),7396_T084-R1),(7328_T139-R1,9764_T079_1-R1)),6906_T144-R1),((7186_T219-R1,(9557_T144-R1,(9610_T112-R1,6939_T096-R1))),9597_T117-R1)),7111_T035-R1),(7288_T104-R1,7308_T026-R1)),9887_T083-R1),9542_T120-R1)),9869_T082-R1);
(9583_T245-R1,(9871_T120-R1,(((((((((9792_T069-R1,6974_T246-R1),7396_T084-R1),(7328_T139-R1,9764_T079_1-R1)),6906_T144-R1),((7186_T219-R1,(9557_T144-R1,(9610_T112-R1,6939_T096-R1))),9597_T117-R1)),7111_T035-R1),(7288_T104-R1,7308_T026-R1)),9887_T083-R1),9542_T120-R1)),9869_T082-R1);
(9583_T245-R1,(9871_T120-R1,(((((((((9792_T069-R1,6974_T246-R1),7396_T084-R1),(7328_T139-R1,9764_T079_1-R1)),6906_T144-R1),((7186_T219-R1,(9557_T144-R1,(9610_T112-R1,6939_T096-R1))),9597_T117-R1)),7111_T035-R1),(7288_T104-R1,7308_T026-R1)),9887_T083-R1),9542_T120-R1)),9869_T082-R1);
(9583_T245-R1,(9871_T120-R1,(((((((((9792_T069-R1,6974_T246-R1),7396_T084-R1),(7328_T139-R1,9764_T079_1-R1)),6906_T144-R1),((7186_T219-R1,(9557_T144-R1,(9610_T112-R1,6939_T096-R1))),9597_T117-R1)),7111_T035-R1),(7288_T104-R1,7308_T026-R1)),9887_T083-R1),9542_T120-R1)),9869_T082-R1);
(9583_T245-R1,(9871_T120-R1,(((((((((9792_T069-R1,6974_T246-R1),7396_T084-R1),(7328_T139-R1,9764_T079_1-R1)),6906_T144-R1),((7186_T219-R1,(9557_T144-R1,(9610_T112-R1,6939_T096-R1))),9597_T117-R1)),7111_T035-R1),(7288_T104-R1,7308_T026-R1)),9887_T083-R1),9542_T120-R1)),9869_T082-R1);
(9583_T245-R1,(9871_T120-R1,(((((((((9792_T069-R1,6974_T246-R1),7396_T084-R1),(7328_T139-R1,9764_T079_1-R1)),6906_T144-R1),((7186_T219-R1,(9557_T144-R1,(9610_T112-R1,6939_T096-R1))),9597_T117-R1)),7111_T035-R1),(7288_T104-R1,7308_T026-R1)),9887_T083-R1),9542_T120-R1)),9869_T082-R1);
(9583_T245-R1,(9871_T120-R1,(((((((((9792_T069-R1,6974_T246-R1),7396_T084-R1),(7328_T139-R1,9764_T079_1-R1)),6906_T144-R1),((7186_T219-R1,(9557_T144-R1,(9610_T112-R1,6939_T096-R1))),9597_T117-R1)),7111_T035-R1),(7288_T104-R1,7308_T026-R1)),9887_T083-R1),9542_T120-R1)),9869_T082-R1);
(9583_T245-R1,(9871_T120-R1,(((((((((9792_T069-R1,6974_T246-R1),7396_T084-R1),(7328_T139-R1,9764_T079_1-R1)),6906_T144-R1),((7186_T219-R1,(9557_T144-R1,(9610_T112-R1,6939_T096-R1))),9597_T117-R1)),7111_T035-R1),(7288_T104-R1,7308_T026-R1)),9887_T083-R1),9542_T120-R1)),9869_T082-R1);
