

IMPORTANT WARNING: Sequences 5993_T091-R1 and 7273_T111-R1 are exactly identical


IMPORTANT WARNING: Sequences 9669_T006-R1 and 9792_T106-R1 are exactly identical


IMPORTANT WARNING: Sequences 9669_T006-R1 and 7415_T112-R1 are exactly identical


IMPORTANT WARNING: Sequences 9837_T249-R1 and 9536_T168-R1 are exactly identical


IMPORTANT WARNING: Sequences 9837_T249-R1 and 9554_T206-R1 are exactly identical


IMPORTANT WARNING: Sequences 108_T204-R1 and 6924_T133-R1 are exactly identical


IMPORTANT WARNING: Sequences 9332_T161_1-R1 and 9518_T073-R1 are exactly identical

IMPORTANT WARNING
Found 7 sequences that are exactly identical to other sequences in the alignment.
Normally they should be excluded from the analysis.

Just in case you might need it, an alignment file with 
sequence duplicates removed is printed to file ../../RAxML_tree_pbNB-ARC/Clade_Refinement_1/Int13311_83_120_L_43.afa.reduced


This is RAxML version 8.2.12 released by Alexandros Stamatakis on May 2018.

With greatly appreciated code contributions by:
Andre Aberer      (HITS)
Simon Berger      (HITS)
Alexey Kozlov     (HITS)
Kassian Kobert    (HITS)
David Dao         (KIT and HITS)
Sarah Lutteropp   (KIT and HITS)
Nick Pattengale   (Sandia)
Wayne Pfeiffer    (SDSC)
Akifumi S. Tanabe (NRIFS)
Charlie Taylor    (UF)


Alignment has 320 distinct alignment patterns

Proportion of gaps and completely undetermined characters in this alignment: 7.91%

RAxML rapid bootstrapping and subsequent ML search

Using 1 distinct models/data partitions with joint branch length optimization



Executing 100 rapid bootstrap inferences and thereafter a thorough ML search 

All free model parameters will be estimated by RAxML
ML estimate of 25 per site rate categories

Likelihood of final tree will be evaluated and optimized under GAMMA

GAMMA Model parameters will be estimated up to an accuracy of 0.1000000000 Log Likelihood units

Partition: 0
Alignment Patterns: 320
Name: No Name Provided
DataType: AA
Substitution Matrix: JTT
Using fixed base frequencies




RAxML was called as follows:

/Users/prigozhin/Installers/standard-RAxML/raxmlHPC-PTHREADS-AVX -T 2 -n Int13311_83_120_L_43.Raxml.out -f a -x 12345 -p 12345 -# 100 -m PROTCATJTT -s ../../RAxML_tree_pbNB-ARC/Clade_Refinement_1/Int13311_83_120_L_43.afa 



Time for BS model parameter optimization 0.242211
Bootstrap[0]: Time 1.117197 seconds, bootstrap likelihood -5749.907293, best rearrangement setting 13
Bootstrap[1]: Time 0.965428 seconds, bootstrap likelihood -5678.985044, best rearrangement setting 13
Bootstrap[2]: Time 0.919675 seconds, bootstrap likelihood -5773.611832, best rearrangement setting 12
Bootstrap[3]: Time 0.878182 seconds, bootstrap likelihood -5567.855471, best rearrangement setting 15
Bootstrap[4]: Time 0.922440 seconds, bootstrap likelihood -5768.832212, best rearrangement setting 10
Bootstrap[5]: Time 1.058872 seconds, bootstrap likelihood -5517.545299, best rearrangement setting 10
Bootstrap[6]: Time 0.921420 seconds, bootstrap likelihood -5578.016390, best rearrangement setting 6
Bootstrap[7]: Time 0.880533 seconds, bootstrap likelihood -5601.214973, best rearrangement setting 14
Bootstrap[8]: Time 0.888661 seconds, bootstrap likelihood -5639.820068, best rearrangement setting 5
Bootstrap[9]: Time 0.941737 seconds, bootstrap likelihood -5598.782777, best rearrangement setting 7
Bootstrap[10]: Time 0.932526 seconds, bootstrap likelihood -5756.059140, best rearrangement setting 7
Bootstrap[11]: Time 1.741458 seconds, bootstrap likelihood -5482.858083, best rearrangement setting 5
Bootstrap[12]: Time 1.240911 seconds, bootstrap likelihood -5559.384221, best rearrangement setting 8
Bootstrap[13]: Time 1.027501 seconds, bootstrap likelihood -5561.634455, best rearrangement setting 7
Bootstrap[14]: Time 1.466871 seconds, bootstrap likelihood -5563.115743, best rearrangement setting 12
Bootstrap[15]: Time 1.075535 seconds, bootstrap likelihood -5397.691605, best rearrangement setting 15
Bootstrap[16]: Time 1.651699 seconds, bootstrap likelihood -5756.003889, best rearrangement setting 12
Bootstrap[17]: Time 1.030083 seconds, bootstrap likelihood -5442.327663, best rearrangement setting 12
Bootstrap[18]: Time 0.968107 seconds, bootstrap likelihood -5518.132750, best rearrangement setting 5
Bootstrap[19]: Time 0.869165 seconds, bootstrap likelihood -5545.533232, best rearrangement setting 8
Bootstrap[20]: Time 0.945739 seconds, bootstrap likelihood -5536.727668, best rearrangement setting 10
Bootstrap[21]: Time 1.015844 seconds, bootstrap likelihood -5736.040767, best rearrangement setting 6
Bootstrap[22]: Time 0.829235 seconds, bootstrap likelihood -5707.909777, best rearrangement setting 5
Bootstrap[23]: Time 0.866913 seconds, bootstrap likelihood -5434.391762, best rearrangement setting 7
Bootstrap[24]: Time 0.859037 seconds, bootstrap likelihood -5691.046949, best rearrangement setting 8
Bootstrap[25]: Time 0.893073 seconds, bootstrap likelihood -5574.384311, best rearrangement setting 6
Bootstrap[26]: Time 0.926085 seconds, bootstrap likelihood -5667.503199, best rearrangement setting 12
Bootstrap[27]: Time 0.847222 seconds, bootstrap likelihood -5744.449984, best rearrangement setting 10
Bootstrap[28]: Time 0.855231 seconds, bootstrap likelihood -5507.451295, best rearrangement setting 11
Bootstrap[29]: Time 1.055774 seconds, bootstrap likelihood -5621.218040, best rearrangement setting 12
Bootstrap[30]: Time 0.952405 seconds, bootstrap likelihood -5535.873305, best rearrangement setting 15
Bootstrap[31]: Time 1.041149 seconds, bootstrap likelihood -5754.343121, best rearrangement setting 15
Bootstrap[32]: Time 0.866143 seconds, bootstrap likelihood -5603.423637, best rearrangement setting 6
Bootstrap[33]: Time 0.986881 seconds, bootstrap likelihood -5551.001760, best rearrangement setting 15
Bootstrap[34]: Time 0.917531 seconds, bootstrap likelihood -5775.194841, best rearrangement setting 11
Bootstrap[35]: Time 0.872820 seconds, bootstrap likelihood -5590.466919, best rearrangement setting 8
Bootstrap[36]: Time 0.785971 seconds, bootstrap likelihood -5436.383978, best rearrangement setting 9
Bootstrap[37]: Time 0.888483 seconds, bootstrap likelihood -5778.277858, best rearrangement setting 11
Bootstrap[38]: Time 0.889487 seconds, bootstrap likelihood -5522.884796, best rearrangement setting 8
Bootstrap[39]: Time 0.893478 seconds, bootstrap likelihood -5674.651182, best rearrangement setting 13
Bootstrap[40]: Time 1.114914 seconds, bootstrap likelihood -5729.417492, best rearrangement setting 13
Bootstrap[41]: Time 0.915699 seconds, bootstrap likelihood -5718.302706, best rearrangement setting 10
Bootstrap[42]: Time 1.489628 seconds, bootstrap likelihood -5590.915563, best rearrangement setting 5
Bootstrap[43]: Time 2.192791 seconds, bootstrap likelihood -5861.514967, best rearrangement setting 14
Bootstrap[44]: Time 1.658813 seconds, bootstrap likelihood -5680.958411, best rearrangement setting 10
Bootstrap[45]: Time 1.880794 seconds, bootstrap likelihood -5743.884071, best rearrangement setting 15
Bootstrap[46]: Time 1.750258 seconds, bootstrap likelihood -5763.997022, best rearrangement setting 14
Bootstrap[47]: Time 1.736597 seconds, bootstrap likelihood -5536.388545, best rearrangement setting 8
Bootstrap[48]: Time 1.836261 seconds, bootstrap likelihood -5648.753974, best rearrangement setting 6
Bootstrap[49]: Time 1.731626 seconds, bootstrap likelihood -5601.678481, best rearrangement setting 7
Bootstrap[50]: Time 1.969432 seconds, bootstrap likelihood -5491.748873, best rearrangement setting 7
Bootstrap[51]: Time 2.332756 seconds, bootstrap likelihood -5851.866757, best rearrangement setting 11
Bootstrap[52]: Time 1.814082 seconds, bootstrap likelihood -5777.081037, best rearrangement setting 12
Bootstrap[53]: Time 1.658219 seconds, bootstrap likelihood -5689.447197, best rearrangement setting 8
Bootstrap[54]: Time 1.623933 seconds, bootstrap likelihood -5564.949365, best rearrangement setting 9
Bootstrap[55]: Time 1.840518 seconds, bootstrap likelihood -5598.365674, best rearrangement setting 11
Bootstrap[56]: Time 1.569944 seconds, bootstrap likelihood -5627.588086, best rearrangement setting 5
Bootstrap[57]: Time 1.567954 seconds, bootstrap likelihood -5736.769157, best rearrangement setting 7
Bootstrap[58]: Time 1.395191 seconds, bootstrap likelihood -5624.241694, best rearrangement setting 10
Bootstrap[59]: Time 1.587370 seconds, bootstrap likelihood -5618.965045, best rearrangement setting 9
Bootstrap[60]: Time 1.617514 seconds, bootstrap likelihood -5668.272253, best rearrangement setting 7
Bootstrap[61]: Time 1.413799 seconds, bootstrap likelihood -5522.149682, best rearrangement setting 5
Bootstrap[62]: Time 1.519706 seconds, bootstrap likelihood -5551.038403, best rearrangement setting 11
Bootstrap[63]: Time 1.735518 seconds, bootstrap likelihood -5519.978570, best rearrangement setting 12
Bootstrap[64]: Time 1.676572 seconds, bootstrap likelihood -5418.773197, best rearrangement setting 7
Bootstrap[65]: Time 1.445096 seconds, bootstrap likelihood -5541.643931, best rearrangement setting 5
Bootstrap[66]: Time 1.494048 seconds, bootstrap likelihood -5666.471040, best rearrangement setting 5
Bootstrap[67]: Time 1.696924 seconds, bootstrap likelihood -5728.572133, best rearrangement setting 15
Bootstrap[68]: Time 1.751888 seconds, bootstrap likelihood -5794.017953, best rearrangement setting 11
Bootstrap[69]: Time 1.647213 seconds, bootstrap likelihood -5564.592410, best rearrangement setting 5
Bootstrap[70]: Time 1.786297 seconds, bootstrap likelihood -5601.816841, best rearrangement setting 8
Bootstrap[71]: Time 1.970255 seconds, bootstrap likelihood -5521.136930, best rearrangement setting 10
Bootstrap[72]: Time 1.718215 seconds, bootstrap likelihood -5684.145047, best rearrangement setting 11
Bootstrap[73]: Time 1.633577 seconds, bootstrap likelihood -5716.411762, best rearrangement setting 9
Bootstrap[74]: Time 1.742310 seconds, bootstrap likelihood -5687.757557, best rearrangement setting 5
Bootstrap[75]: Time 1.527643 seconds, bootstrap likelihood -5638.184870, best rearrangement setting 8
Bootstrap[76]: Time 1.586680 seconds, bootstrap likelihood -5616.087123, best rearrangement setting 9
Bootstrap[77]: Time 1.582275 seconds, bootstrap likelihood -5537.626771, best rearrangement setting 11
Bootstrap[78]: Time 1.454540 seconds, bootstrap likelihood -5587.632973, best rearrangement setting 15
Bootstrap[79]: Time 1.487873 seconds, bootstrap likelihood -5741.012487, best rearrangement setting 9
Bootstrap[80]: Time 1.958388 seconds, bootstrap likelihood -5628.690737, best rearrangement setting 15
Bootstrap[81]: Time 1.794443 seconds, bootstrap likelihood -5620.133128, best rearrangement setting 7
Bootstrap[82]: Time 1.668094 seconds, bootstrap likelihood -5564.729162, best rearrangement setting 6
Bootstrap[83]: Time 1.583771 seconds, bootstrap likelihood -5582.510542, best rearrangement setting 10
Bootstrap[84]: Time 1.712481 seconds, bootstrap likelihood -5571.951956, best rearrangement setting 11
Bootstrap[85]: Time 1.608224 seconds, bootstrap likelihood -5759.383959, best rearrangement setting 8
Bootstrap[86]: Time 1.853829 seconds, bootstrap likelihood -5538.694014, best rearrangement setting 7
Bootstrap[87]: Time 1.523757 seconds, bootstrap likelihood -5788.701672, best rearrangement setting 7
Bootstrap[88]: Time 1.831601 seconds, bootstrap likelihood -5621.173111, best rearrangement setting 12
Bootstrap[89]: Time 1.586850 seconds, bootstrap likelihood -5724.389361, best rearrangement setting 10
Bootstrap[90]: Time 1.586074 seconds, bootstrap likelihood -5935.891845, best rearrangement setting 8
Bootstrap[91]: Time 1.811277 seconds, bootstrap likelihood -5477.967405, best rearrangement setting 12
Bootstrap[92]: Time 1.757940 seconds, bootstrap likelihood -5559.184594, best rearrangement setting 13
Bootstrap[93]: Time 1.888117 seconds, bootstrap likelihood -5623.650902, best rearrangement setting 15
Bootstrap[94]: Time 1.531385 seconds, bootstrap likelihood -5447.061750, best rearrangement setting 5
Bootstrap[95]: Time 1.528627 seconds, bootstrap likelihood -5918.829309, best rearrangement setting 5
Bootstrap[96]: Time 1.563287 seconds, bootstrap likelihood -5839.442086, best rearrangement setting 13
Bootstrap[97]: Time 1.715371 seconds, bootstrap likelihood -5559.402381, best rearrangement setting 11
Bootstrap[98]: Time 1.463907 seconds, bootstrap likelihood -5617.331337, best rearrangement setting 6
Bootstrap[99]: Time 1.795750 seconds, bootstrap likelihood -5772.974853, best rearrangement setting 14


Overall Time for 100 Rapid Bootstraps 139.652001 seconds
Average Time per Rapid Bootstrap 1.396520 seconds

Starting ML Search ...

Fast ML optimization finished

Fast ML search Time: 78.684422 seconds

Slow ML Search 0 Likelihood: -6208.339363
Slow ML Search 1 Likelihood: -6208.339390
Slow ML Search 2 Likelihood: -6208.339330
Slow ML Search 3 Likelihood: -6208.339357
Slow ML Search 4 Likelihood: -6208.339351
Slow ML Search 5 Likelihood: -6208.339342
Slow ML Search 6 Likelihood: -6208.339416
Slow ML Search 7 Likelihood: -6208.339454
Slow ML Search 8 Likelihood: -6208.340606
Slow ML Search 9 Likelihood: -6208.567927
Slow ML optimization finished

Slow ML search Time: 43.739219 seconds
Thorough ML search Time: 10.461075 seconds

Final ML Optimization Likelihood: -6204.990653

Model Information:

Model Parameters of Partition 0, Name: No Name Provided, Type of Data: AA
alpha: 0.400494
Tree-Length: 0.282650
rate A <-> R: 0.603538
rate A <-> N: 0.561915
rate A <-> D: 0.842872
rate A <-> C: 0.582726
rate A <-> Q: 0.593132
rate A <-> E: 1.092612
rate A <-> G: 1.862643
rate A <-> H: 0.280957
rate A <-> I: 0.374610
rate A <-> L: 0.312175
rate A <-> K: 0.364204
rate A <-> M: 0.561915
rate A <-> F: 0.156087
rate A <-> P: 2.018730
rate A <-> S: 3.933403
rate A <-> T: 4.942768
rate A <-> W: 0.093652
rate A <-> Y: 0.114464
rate A <-> V: 3.100937
rate R <-> N: 0.468262
rate R <-> D: 0.166493
rate R <-> C: 1.175858
rate R <-> Q: 3.225806
rate R <-> E: 0.301769
rate R <-> G: 1.425598
rate R <-> H: 3.413111
rate R <-> I: 0.228928
rate R <-> L: 0.395421
rate R <-> K: 6.722164
rate R <-> M: 0.457856
rate R <-> F: 0.052029
rate R <-> P: 0.770031
rate R <-> S: 1.050989
rate R <-> T: 0.665973
rate R <-> W: 1.311134
rate R <-> Y: 0.208117
rate R <-> V: 0.176899
rate N <-> D: 5.494277
rate N <-> C: 0.353798
rate N <-> Q: 0.894901
rate N <-> E: 0.603538
rate N <-> G: 0.842872
rate N <-> H: 4.068678
rate N <-> I: 0.489074
rate N <-> L: 0.124870
rate N <-> K: 2.736733
rate N <-> M: 0.312175
rate N <-> F: 0.104058
rate N <-> P: 0.156087
rate N <-> S: 5.234131
rate N <-> T: 2.414152
rate N <-> W: 0.083247
rate N <-> Y: 0.728408
rate N <-> V: 0.166493
rate D <-> C: 0.104058
rate D <-> Q: 0.509886
rate D <-> E: 7.981270
rate D <-> G: 1.352758
rate D <-> H: 1.165453
rate D <-> I: 0.114464
rate D <-> L: 0.072841
rate D <-> K: 0.270552
rate D <-> M: 0.156087
rate D <-> F: 0.041623
rate D <-> P: 0.156087
rate D <-> S: 0.613944
rate D <-> T: 0.395421
rate D <-> W: 0.041623
rate D <-> Y: 0.478668
rate D <-> V: 0.322581
rate C <-> Q: 0.093652
rate C <-> E: 0.052029
rate C <-> G: 0.613944
rate C <-> H: 0.718002
rate C <-> I: 0.176899
rate C <-> L: 0.239334
rate C <-> K: 0.072841
rate C <-> M: 0.322581
rate C <-> F: 0.811655
rate C <-> P: 0.145682
rate C <-> S: 2.320499
rate C <-> T: 0.437045
rate C <-> W: 1.196670
rate C <-> Y: 2.174818
rate C <-> V: 0.645161
rate Q <-> E: 3.361082
rate Q <-> G: 0.270552
rate Q <-> H: 6.212279
rate Q <-> I: 0.093652
rate Q <-> L: 0.749220
rate Q <-> K: 3.038502
rate Q <-> M: 0.447451
rate Q <-> F: 0.041623
rate Q <-> P: 1.706556
rate Q <-> S: 0.551509
rate Q <-> T: 0.530697
rate Q <-> W: 0.187305
rate Q <-> Y: 0.249740
rate Q <-> V: 0.208117
rate E <-> G: 1.238293
rate E <-> H: 0.270552
rate E <-> I: 0.124870
rate E <-> L: 0.093652
rate E <-> K: 1.883455
rate E <-> M: 0.187305
rate E <-> F: 0.052029
rate E <-> P: 0.187305
rate E <-> S: 0.312175
rate E <-> T: 0.332986
rate E <-> W: 0.104058
rate E <-> Y: 0.072841
rate E <-> V: 0.468262
rate G <-> H: 0.239334
rate G <-> I: 0.062435
rate G <-> L: 0.062435
rate G <-> K: 0.280957
rate G <-> M: 0.145682
rate G <-> F: 0.052029
rate G <-> P: 0.249740
rate G <-> S: 2.091571
rate G <-> T: 0.343392
rate G <-> W: 0.572320
rate G <-> Y: 0.083247
rate G <-> V: 0.489074
rate H <-> I: 0.166493
rate H <-> L: 0.582726
rate H <-> K: 0.468262
rate H <-> M: 0.343392
rate H <-> F: 0.416233
rate H <-> P: 1.196670
rate H <-> S: 0.759625
rate H <-> T: 0.478668
rate H <-> W: 0.083247
rate H <-> Y: 5.962539
rate H <-> V: 0.114464
rate I <-> L: 2.382934
rate I <-> K: 0.218522
rate I <-> M: 4.984391
rate I <-> F: 0.926119
rate I <-> P: 0.104058
rate I <-> S: 0.416233
rate I <-> T: 2.549428
rate I <-> W: 0.093652
rate I <-> Y: 0.332986
rate I <-> V: 10.000000
rate L <-> K: 0.145682
rate L <-> M: 4.037461
rate L <-> F: 2.580645
rate L <-> P: 1.061394
rate L <-> S: 0.613944
rate L <-> T: 0.260146
rate L <-> W: 0.541103
rate L <-> Y: 0.249740
rate L <-> V: 1.873049
rate K <-> M: 0.676379
rate K <-> F: 0.041623
rate K <-> P: 0.218522
rate K <-> S: 0.489074
rate K <-> T: 1.071800
rate K <-> W: 0.104058
rate K <-> Y: 0.083247
rate K <-> V: 0.145682
rate M <-> F: 0.447451
rate M <-> P: 0.166493
rate M <-> S: 0.301769
rate M <-> T: 2.351717
rate M <-> W: 0.249740
rate M <-> Y: 0.187305
rate M <-> V: 3.361082
rate F <-> P: 0.176899
rate F <-> S: 0.957336
rate F <-> T: 0.124870
rate F <-> W: 0.551509
rate F <-> Y: 5.577523
rate F <-> V: 0.645161
rate P <-> S: 2.965661
rate P <-> T: 1.227888
rate P <-> W: 0.062435
rate P <-> Y: 0.104058
rate P <-> V: 0.239334
rate S <-> T: 4.963580
rate S <-> W: 0.364204
rate S <-> Y: 0.655567
rate S <-> V: 0.395421
rate T <-> W: 0.124870
rate T <-> Y: 0.218522
rate T <-> V: 1.165453
rate W <-> Y: 0.738814
rate W <-> V: 0.260146
rate Y <-> V: 0.166493

freq pi(A): 0.076748
freq pi(R): 0.051691
freq pi(N): 0.042645
freq pi(D): 0.051544
freq pi(C): 0.019803
freq pi(Q): 0.040752
freq pi(E): 0.061830
freq pi(G): 0.073152
freq pi(H): 0.022944
freq pi(I): 0.053761
freq pi(L): 0.091904
freq pi(K): 0.058676
freq pi(M): 0.023826
freq pi(F): 0.040126
freq pi(P): 0.050901
freq pi(S): 0.068765
freq pi(T): 0.058565
freq pi(W): 0.014261
freq pi(Y): 0.032102
freq pi(V): 0.066004


ML search took 132.919722 secs or 0.036922 hours

Combined Bootstrap and ML search took 272.571899 secs or 0.075714 hours

Drawing Bootstrap Support Values on best-scoring ML tree ...



Found 1 tree in File /Users/prigozhin/Dropbox/NLRomes/Atha_SnkMk_NLRome/RAxML_tree_pbNB-ARC/Clade_Refinement_1/RAxML_bestTree.Int13311_83_120_L_43.Raxml.out



Found 1 tree in File /Users/prigozhin/Dropbox/NLRomes/Atha_SnkMk_NLRome/RAxML_tree_pbNB-ARC/Clade_Refinement_1/RAxML_bestTree.Int13311_83_120_L_43.Raxml.out

Program execution info written to /Users/prigozhin/Dropbox/NLRomes/Atha_SnkMk_NLRome/RAxML_tree_pbNB-ARC/Clade_Refinement_1/RAxML_info.Int13311_83_120_L_43.Raxml.out
All 100 bootstrapped trees written to: /Users/prigozhin/Dropbox/NLRomes/Atha_SnkMk_NLRome/RAxML_tree_pbNB-ARC/Clade_Refinement_1/RAxML_bootstrap.Int13311_83_120_L_43.Raxml.out

Best-scoring ML tree written to: /Users/prigozhin/Dropbox/NLRomes/Atha_SnkMk_NLRome/RAxML_tree_pbNB-ARC/Clade_Refinement_1/RAxML_bestTree.Int13311_83_120_L_43.Raxml.out

Best-scoring ML tree with support values written to: /Users/prigozhin/Dropbox/NLRomes/Atha_SnkMk_NLRome/RAxML_tree_pbNB-ARC/Clade_Refinement_1/RAxML_bipartitions.Int13311_83_120_L_43.Raxml.out

Best-scoring ML tree with support values as branch labels written to: /Users/prigozhin/Dropbox/NLRomes/Atha_SnkMk_NLRome/RAxML_tree_pbNB-ARC/Clade_Refinement_1/RAxML_bipartitionsBranchLabels.Int13311_83_120_L_43.Raxml.out

Overall execution time for full ML analysis: 272.585191 secs or 0.075718 hours or 0.003155 days

