(7415_T064-R1,(7322_T047-R1,(7273_T041-R1,(7373_T032_2-R1,9610_T223-R1))),7111_T084-R1);
(7415_T064-R1,(7322_T047-R1,(7273_T041-R1,(7373_T032_2-R1,9610_T223-R1))),7111_T084-R1);
(7415_T064-R1,(7322_T047-R1,(7273_T041-R1,(7373_T032_2-R1,9610_T223-R1))),7111_T084-R1);
(7415_T064-R1,(7322_T047-R1,(7273_T041-R1,(7373_T032_2-R1,9610_T223-R1))),7111_T084-R1);
(9610_T223-R1,(((7322_T047-R1,7273_T041-R1),7373_T032_2-R1),7415_T064-R1),7111_T084-R1);
(7322_T047-R1,(((7373_T032_2-R1,9610_T223-R1),7273_T041-R1),7415_T064-R1),7111_T084-R1);
(7322_T047-R1,(((7373_T032_2-R1,9610_T223-R1),7273_T041-R1),7415_T064-R1),7111_T084-R1);
(7322_T047-R1,(((7373_T032_2-R1,9610_T223-R1),7273_T041-R1),7415_T064-R1),7111_T084-R1);
(7322_T047-R1,(((7373_T032_2-R1,9610_T223-R1),7273_T041-R1),7415_T064-R1),7111_T084-R1);
(7322_T047-R1,(((7373_T032_2-R1,9610_T223-R1),7273_T041-R1),7415_T064-R1),7111_T084-R1);
(9610_T223-R1,(7373_T032_2-R1,(7273_T041-R1,(7322_T047-R1,7415_T064-R1))),7111_T084-R1);
(9610_T223-R1,(7373_T032_2-R1,(7273_T041-R1,(7322_T047-R1,7415_T064-R1))),7111_T084-R1);
(((9610_T223-R1,(7273_T041-R1,7373_T032_2-R1)),7322_T047-R1),7415_T064-R1,7111_T084-R1);
(((9610_T223-R1,(7273_T041-R1,7373_T032_2-R1)),7322_T047-R1),7415_T064-R1,7111_T084-R1);
(((9610_T223-R1,(7273_T041-R1,7373_T032_2-R1)),7322_T047-R1),7415_T064-R1,7111_T084-R1);
(((9610_T223-R1,(7273_T041-R1,7373_T032_2-R1)),7322_T047-R1),7415_T064-R1,7111_T084-R1);
(((9610_T223-R1,(7273_T041-R1,7373_T032_2-R1)),7322_T047-R1),7415_T064-R1,7111_T084-R1);
(((9610_T223-R1,(7273_T041-R1,7373_T032_2-R1)),7322_T047-R1),7415_T064-R1,7111_T084-R1);
(((9610_T223-R1,(7273_T041-R1,7373_T032_2-R1)),7322_T047-R1),7415_T064-R1,7111_T084-R1);
(9610_T223-R1,(((7273_T041-R1,7322_T047-R1),7373_T032_2-R1),7415_T064-R1),7111_T084-R1);
(7322_T047-R1,((9610_T223-R1,7415_T064-R1),(7373_T032_2-R1,7273_T041-R1)),7111_T084-R1);
(7322_T047-R1,((9610_T223-R1,7415_T064-R1),(7373_T032_2-R1,7273_T041-R1)),7111_T084-R1);
(7322_T047-R1,((9610_T223-R1,7415_T064-R1),(7373_T032_2-R1,7273_T041-R1)),7111_T084-R1);
(7322_T047-R1,((9610_T223-R1,7415_T064-R1),(7373_T032_2-R1,7273_T041-R1)),7111_T084-R1);
(7322_T047-R1,((9610_T223-R1,7415_T064-R1),(7373_T032_2-R1,7273_T041-R1)),7111_T084-R1);
(9610_T223-R1,(7415_T064-R1,(7373_T032_2-R1,(7322_T047-R1,7273_T041-R1))),7111_T084-R1);
(((9610_T223-R1,(7273_T041-R1,7373_T032_2-R1)),7322_T047-R1),7415_T064-R1,7111_T084-R1);
(((9610_T223-R1,(7273_T041-R1,7373_T032_2-R1)),7322_T047-R1),7415_T064-R1,7111_T084-R1);
(((9610_T223-R1,(7273_T041-R1,7373_T032_2-R1)),7322_T047-R1),7415_T064-R1,7111_T084-R1);
(((9610_T223-R1,(7273_T041-R1,7373_T032_2-R1)),7322_T047-R1),7415_T064-R1,7111_T084-R1);
(7322_T047-R1,(9610_T223-R1,(7373_T032_2-R1,(7415_T064-R1,7273_T041-R1))),7111_T084-R1);
((((7322_T047-R1,7273_T041-R1),7373_T032_2-R1),7415_T064-R1),9610_T223-R1,7111_T084-R1);
((((7273_T041-R1,7373_T032_2-R1),9610_T223-R1),7322_T047-R1),7415_T064-R1,7111_T084-R1);
((((7273_T041-R1,7373_T032_2-R1),9610_T223-R1),7322_T047-R1),7415_T064-R1,7111_T084-R1);
((((7273_T041-R1,7373_T032_2-R1),9610_T223-R1),7322_T047-R1),7415_T064-R1,7111_T084-R1);
((((7273_T041-R1,7373_T032_2-R1),9610_T223-R1),7322_T047-R1),7415_T064-R1,7111_T084-R1);
((((7273_T041-R1,7373_T032_2-R1),9610_T223-R1),7322_T047-R1),7415_T064-R1,7111_T084-R1);
((((7273_T041-R1,7373_T032_2-R1),9610_T223-R1),7322_T047-R1),7415_T064-R1,7111_T084-R1);
((((7273_T041-R1,7373_T032_2-R1),9610_T223-R1),7322_T047-R1),7415_T064-R1,7111_T084-R1);
((((7273_T041-R1,7373_T032_2-R1),9610_T223-R1),7322_T047-R1),7415_T064-R1,7111_T084-R1);
(7322_T047-R1,(7273_T041-R1,(7415_T064-R1,(9610_T223-R1,7373_T032_2-R1))),7111_T084-R1);
(7322_T047-R1,(7273_T041-R1,(7415_T064-R1,(9610_T223-R1,7373_T032_2-R1))),7111_T084-R1);
(7322_T047-R1,(7273_T041-R1,(7415_T064-R1,(9610_T223-R1,7373_T032_2-R1))),7111_T084-R1);
(7322_T047-R1,(7273_T041-R1,(7415_T064-R1,(9610_T223-R1,7373_T032_2-R1))),7111_T084-R1);
(7322_T047-R1,(7273_T041-R1,(7415_T064-R1,(9610_T223-R1,7373_T032_2-R1))),7111_T084-R1);
(7322_T047-R1,(7273_T041-R1,(7415_T064-R1,(9610_T223-R1,7373_T032_2-R1))),7111_T084-R1);
(9610_T223-R1,(((7373_T032_2-R1,7322_T047-R1),7273_T041-R1),7415_T064-R1),7111_T084-R1);
(7322_T047-R1,((7273_T041-R1,(9610_T223-R1,7373_T032_2-R1)),7415_T064-R1),7111_T084-R1);
(7322_T047-R1,((7273_T041-R1,(9610_T223-R1,7373_T032_2-R1)),7415_T064-R1),7111_T084-R1);
(7322_T047-R1,((7273_T041-R1,(9610_T223-R1,7373_T032_2-R1)),7415_T064-R1),7111_T084-R1);
(9610_T223-R1,((7273_T041-R1,7373_T032_2-R1),(7415_T064-R1,7322_T047-R1)),7111_T084-R1);
(9610_T223-R1,((7273_T041-R1,7373_T032_2-R1),(7415_T064-R1,7322_T047-R1)),7111_T084-R1);
((7322_T047-R1,((7273_T041-R1,7373_T032_2-R1),9610_T223-R1)),7415_T064-R1,7111_T084-R1);
((7322_T047-R1,((7273_T041-R1,7373_T032_2-R1),9610_T223-R1)),7415_T064-R1,7111_T084-R1);
((7322_T047-R1,((7273_T041-R1,7373_T032_2-R1),9610_T223-R1)),7415_T064-R1,7111_T084-R1);
((7322_T047-R1,((7273_T041-R1,7373_T032_2-R1),9610_T223-R1)),7415_T064-R1,7111_T084-R1);
(9610_T223-R1,(((7322_T047-R1,7273_T041-R1),7373_T032_2-R1),7415_T064-R1),7111_T084-R1);
((((9610_T223-R1,7273_T041-R1),7373_T032_2-R1),7322_T047-R1),7415_T064-R1,7111_T084-R1);
((((9610_T223-R1,7273_T041-R1),7373_T032_2-R1),7322_T047-R1),7415_T064-R1,7111_T084-R1);
((((9610_T223-R1,7273_T041-R1),7373_T032_2-R1),7322_T047-R1),7415_T064-R1,7111_T084-R1);
((7322_T047-R1,(7373_T032_2-R1,(9610_T223-R1,7273_T041-R1))),7415_T064-R1,7111_T084-R1);
((7322_T047-R1,(7373_T032_2-R1,(9610_T223-R1,7273_T041-R1))),7415_T064-R1,7111_T084-R1);
((7322_T047-R1,(7373_T032_2-R1,(9610_T223-R1,7273_T041-R1))),7415_T064-R1,7111_T084-R1);
((7322_T047-R1,(7373_T032_2-R1,(9610_T223-R1,7273_T041-R1))),7415_T064-R1,7111_T084-R1);
((7322_T047-R1,(7373_T032_2-R1,(9610_T223-R1,7273_T041-R1))),7415_T064-R1,7111_T084-R1);
((7322_T047-R1,(7373_T032_2-R1,(9610_T223-R1,7273_T041-R1))),7415_T064-R1,7111_T084-R1);
((7322_T047-R1,(7373_T032_2-R1,(9610_T223-R1,7273_T041-R1))),7415_T064-R1,7111_T084-R1);
((7322_T047-R1,(7373_T032_2-R1,(9610_T223-R1,7273_T041-R1))),7415_T064-R1,7111_T084-R1);
((7322_T047-R1,(7373_T032_2-R1,(9610_T223-R1,7273_T041-R1))),7415_T064-R1,7111_T084-R1);
(9610_T223-R1,(((7322_T047-R1,7273_T041-R1),7373_T032_2-R1),7415_T064-R1),7111_T084-R1);
(7322_T047-R1,(7415_T064-R1,((7373_T032_2-R1,9610_T223-R1),7273_T041-R1)),7111_T084-R1);
((9610_T223-R1,((7273_T041-R1,7373_T032_2-R1),7322_T047-R1)),7415_T064-R1,7111_T084-R1);
((7322_T047-R1,((7373_T032_2-R1,9610_T223-R1),7273_T041-R1)),7415_T064-R1,7111_T084-R1);
((7322_T047-R1,((7373_T032_2-R1,9610_T223-R1),7273_T041-R1)),7415_T064-R1,7111_T084-R1);
((7322_T047-R1,((7373_T032_2-R1,9610_T223-R1),7273_T041-R1)),7415_T064-R1,7111_T084-R1);
(9610_T223-R1,(((7273_T041-R1,7322_T047-R1),7373_T032_2-R1),7415_T064-R1),7111_T084-R1);
(9610_T223-R1,(((7273_T041-R1,7322_T047-R1),7373_T032_2-R1),7415_T064-R1),7111_T084-R1);
(((7273_T041-R1,(9610_T223-R1,7373_T032_2-R1)),7322_T047-R1),7415_T064-R1,7111_T084-R1);
(9610_T223-R1,((7322_T047-R1,(7373_T032_2-R1,7273_T041-R1)),7415_T064-R1),7111_T084-R1);
(9610_T223-R1,((7322_T047-R1,(7373_T032_2-R1,7273_T041-R1)),7415_T064-R1),7111_T084-R1);
(7322_T047-R1,(7273_T041-R1,(9610_T223-R1,(7415_T064-R1,7373_T032_2-R1))),7111_T084-R1);
(7322_T047-R1,(7273_T041-R1,(9610_T223-R1,(7415_T064-R1,7373_T032_2-R1))),7111_T084-R1);
(7322_T047-R1,(7273_T041-R1,(9610_T223-R1,(7415_T064-R1,7373_T032_2-R1))),7111_T084-R1);
(9610_T223-R1,(7322_T047-R1,(7373_T032_2-R1,(7415_T064-R1,7273_T041-R1))),7111_T084-R1);
((7322_T047-R1,(7273_T041-R1,(7373_T032_2-R1,9610_T223-R1))),7415_T064-R1,7111_T084-R1);
((7322_T047-R1,(7273_T041-R1,(7373_T032_2-R1,9610_T223-R1))),7415_T064-R1,7111_T084-R1);
((7322_T047-R1,(7273_T041-R1,(7373_T032_2-R1,9610_T223-R1))),7415_T064-R1,7111_T084-R1);
((7322_T047-R1,(7273_T041-R1,(7373_T032_2-R1,9610_T223-R1))),7415_T064-R1,7111_T084-R1);
(9610_T223-R1,((7373_T032_2-R1,7322_T047-R1),(7415_T064-R1,7273_T041-R1)),7111_T084-R1);
((7322_T047-R1,((9610_T223-R1,7373_T032_2-R1),7273_T041-R1)),7415_T064-R1,7111_T084-R1);
(7322_T047-R1,(9610_T223-R1,(7373_T032_2-R1,(7415_T064-R1,7273_T041-R1))),7111_T084-R1);
((7415_T064-R1,((7273_T041-R1,7322_T047-R1),7373_T032_2-R1)),9610_T223-R1,7111_T084-R1);
((7322_T047-R1,((7373_T032_2-R1,9610_T223-R1),7273_T041-R1)),7415_T064-R1,7111_T084-R1);
((7322_T047-R1,((7373_T032_2-R1,9610_T223-R1),7273_T041-R1)),7415_T064-R1,7111_T084-R1);
(9610_T223-R1,(((7373_T032_2-R1,7273_T041-R1),7322_T047-R1),7415_T064-R1),7111_T084-R1);
((7322_T047-R1,((7373_T032_2-R1,9610_T223-R1),7273_T041-R1)),7415_T064-R1,7111_T084-R1);
((7322_T047-R1,((7373_T032_2-R1,9610_T223-R1),7273_T041-R1)),7415_T064-R1,7111_T084-R1);
((7322_T047-R1,((7373_T032_2-R1,9610_T223-R1),7273_T041-R1)),7415_T064-R1,7111_T084-R1);
(9610_T223-R1,(((7273_T041-R1,7322_T047-R1),7373_T032_2-R1),7415_T064-R1),7111_T084-R1);
((((7273_T041-R1,7373_T032_2-R1),9610_T223-R1),7322_T047-R1),7415_T064-R1,7111_T084-R1);
