((9597_T569-R1,9134_T445-R1),(9533_T598-R1,((7416_T436-R1,((6906_T470-R1,((((((((6939_T412-R1,9764_T549-R1),9721_T403-R1),6899_T536-R1),7413_T497-R1),7417_T330-R1),7396_T403-R1),9654_T533-R1),9792_T473-R1)),9545_T433-R1)),9869_T485-R1)),9100_T557-R1);
((9597_T569-R1,9134_T445-R1),(9533_T598-R1,((7416_T436-R1,((6906_T470-R1,((((((((6939_T412-R1,9764_T549-R1),9721_T403-R1),6899_T536-R1),7413_T497-R1),7417_T330-R1),7396_T403-R1),9654_T533-R1),9792_T473-R1)),9545_T433-R1)),9869_T485-R1)),9100_T557-R1);
((9597_T569-R1,9134_T445-R1),(9533_T598-R1,((7416_T436-R1,((6906_T470-R1,((((((((6939_T412-R1,9764_T549-R1),9721_T403-R1),6899_T536-R1),7413_T497-R1),7417_T330-R1),7396_T403-R1),9654_T533-R1),9792_T473-R1)),9545_T433-R1)),9869_T485-R1)),9100_T557-R1);
((9597_T569-R1,9134_T445-R1),(9533_T598-R1,((7416_T436-R1,((6906_T470-R1,((((((((6939_T412-R1,9764_T549-R1),9721_T403-R1),6899_T536-R1),7413_T497-R1),7417_T330-R1),7396_T403-R1),9654_T533-R1),9792_T473-R1)),9545_T433-R1)),9869_T485-R1)),9100_T557-R1);
((9597_T569-R1,9134_T445-R1),(9533_T598-R1,((7416_T436-R1,((6906_T470-R1,((((((((6939_T412-R1,9764_T549-R1),9721_T403-R1),6899_T536-R1),7413_T497-R1),7417_T330-R1),7396_T403-R1),9654_T533-R1),9792_T473-R1)),9545_T433-R1)),9869_T485-R1)),9100_T557-R1);
((9597_T569-R1,9134_T445-R1),(9533_T598-R1,((7416_T436-R1,((6906_T470-R1,((((((((6939_T412-R1,9764_T549-R1),9721_T403-R1),6899_T536-R1),7413_T497-R1),7417_T330-R1),7396_T403-R1),9654_T533-R1),9792_T473-R1)),9545_T433-R1)),9869_T485-R1)),9100_T557-R1);
((9597_T569-R1,9134_T445-R1),(9533_T598-R1,((7416_T436-R1,((6906_T470-R1,((((((((6939_T412-R1,9764_T549-R1),9721_T403-R1),6899_T536-R1),7413_T497-R1),7417_T330-R1),7396_T403-R1),9654_T533-R1),9792_T473-R1)),9545_T433-R1)),9869_T485-R1)),9100_T557-R1);
((9597_T569-R1,9134_T445-R1),(9533_T598-R1,((7416_T436-R1,((6906_T470-R1,((((((((6939_T412-R1,9764_T549-R1),9721_T403-R1),6899_T536-R1),7413_T497-R1),7417_T330-R1),7396_T403-R1),9654_T533-R1),9792_T473-R1)),9545_T433-R1)),9869_T485-R1)),9100_T557-R1);
((9597_T569-R1,9134_T445-R1),(9533_T598-R1,((7416_T436-R1,((6906_T470-R1,((((((((6939_T412-R1,9764_T549-R1),9721_T403-R1),6899_T536-R1),7413_T497-R1),7417_T330-R1),7396_T403-R1),9654_T533-R1),9792_T473-R1)),9545_T433-R1)),9869_T485-R1)),9100_T557-R1);
((9597_T569-R1,9134_T445-R1),(9533_T598-R1,((7416_T436-R1,((6906_T470-R1,((((((((6939_T412-R1,9764_T549-R1),9721_T403-R1),6899_T536-R1),7413_T497-R1),7417_T330-R1),7396_T403-R1),9654_T533-R1),9792_T473-R1)),9545_T433-R1)),9869_T485-R1)),9100_T557-R1);
((9134_T445-R1,9597_T569-R1),(9869_T485-R1,(((((9654_T533-R1,(7396_T403-R1,(7413_T497-R1,(9721_T403-R1,7417_T330-R1)))),((((6939_T412-R1,6906_T470-R1),9792_T473-R1),6899_T536-R1),9764_T549-R1)),9545_T433-R1),7416_T436-R1),9533_T598-R1)),9100_T557-R1);
((9134_T445-R1,9597_T569-R1),(9869_T485-R1,(((((9654_T533-R1,(7396_T403-R1,(7413_T497-R1,(9721_T403-R1,7417_T330-R1)))),((((6939_T412-R1,6906_T470-R1),9792_T473-R1),6899_T536-R1),9764_T549-R1)),9545_T433-R1),7416_T436-R1),9533_T598-R1)),9100_T557-R1);
((9134_T445-R1,9597_T569-R1),(9869_T485-R1,(((((9654_T533-R1,(7396_T403-R1,(7413_T497-R1,(9721_T403-R1,7417_T330-R1)))),((((6939_T412-R1,6906_T470-R1),9792_T473-R1),6899_T536-R1),9764_T549-R1)),9545_T433-R1),7416_T436-R1),9533_T598-R1)),9100_T557-R1);
((9134_T445-R1,9597_T569-R1),(9869_T485-R1,(((((9654_T533-R1,(7396_T403-R1,(7413_T497-R1,(9721_T403-R1,7417_T330-R1)))),((((6939_T412-R1,6906_T470-R1),9792_T473-R1),6899_T536-R1),9764_T549-R1)),9545_T433-R1),7416_T436-R1),9533_T598-R1)),9100_T557-R1);
((9134_T445-R1,9597_T569-R1),(9869_T485-R1,(((((9654_T533-R1,(7396_T403-R1,(7413_T497-R1,(9721_T403-R1,7417_T330-R1)))),((((6939_T412-R1,6906_T470-R1),9792_T473-R1),6899_T536-R1),9764_T549-R1)),9545_T433-R1),7416_T436-R1),9533_T598-R1)),9100_T557-R1);
((9134_T445-R1,9597_T569-R1),(9869_T485-R1,(((((9654_T533-R1,(7396_T403-R1,(7413_T497-R1,(9721_T403-R1,7417_T330-R1)))),((((6939_T412-R1,6906_T470-R1),9792_T473-R1),6899_T536-R1),9764_T549-R1)),9545_T433-R1),7416_T436-R1),9533_T598-R1)),9100_T557-R1);
((9134_T445-R1,9597_T569-R1),(9869_T485-R1,(((((9654_T533-R1,(7396_T403-R1,(7413_T497-R1,(9721_T403-R1,7417_T330-R1)))),((((6939_T412-R1,6906_T470-R1),9792_T473-R1),6899_T536-R1),9764_T549-R1)),9545_T433-R1),7416_T436-R1),9533_T598-R1)),9100_T557-R1);
((9134_T445-R1,9597_T569-R1),(9869_T485-R1,(((((9654_T533-R1,(7396_T403-R1,(7413_T497-R1,(9721_T403-R1,7417_T330-R1)))),((((6939_T412-R1,6906_T470-R1),9792_T473-R1),6899_T536-R1),9764_T549-R1)),9545_T433-R1),7416_T436-R1),9533_T598-R1)),9100_T557-R1);
((9134_T445-R1,9597_T569-R1),(9869_T485-R1,(((((9654_T533-R1,(7396_T403-R1,(7413_T497-R1,(9721_T403-R1,7417_T330-R1)))),((((6939_T412-R1,6906_T470-R1),9792_T473-R1),6899_T536-R1),9764_T549-R1)),9545_T433-R1),7416_T436-R1),9533_T598-R1)),9100_T557-R1);
((9134_T445-R1,9597_T569-R1),(9869_T485-R1,(((((9654_T533-R1,(7396_T403-R1,(7413_T497-R1,(9721_T403-R1,7417_T330-R1)))),((((6939_T412-R1,6906_T470-R1),9792_T473-R1),6899_T536-R1),9764_T549-R1)),9545_T433-R1),7416_T436-R1),9533_T598-R1)),9100_T557-R1);
((9134_T445-R1,9597_T569-R1),(9869_T485-R1,((((7413_T497-R1,((((((((9721_T403-R1,6906_T470-R1),9792_T473-R1),6939_T412-R1),9654_T533-R1),7396_T403-R1),9764_T549-R1),6899_T536-R1),7417_T330-R1)),9545_T433-R1),7416_T436-R1),9533_T598-R1)),9100_T557-R1);
((9134_T445-R1,9597_T569-R1),(9869_T485-R1,((((7413_T497-R1,((((((((9721_T403-R1,6906_T470-R1),9792_T473-R1),6939_T412-R1),9654_T533-R1),7396_T403-R1),9764_T549-R1),6899_T536-R1),7417_T330-R1)),9545_T433-R1),7416_T436-R1),9533_T598-R1)),9100_T557-R1);
((9134_T445-R1,9597_T569-R1),(9869_T485-R1,((((7413_T497-R1,((((((((9721_T403-R1,6906_T470-R1),9792_T473-R1),6939_T412-R1),9654_T533-R1),7396_T403-R1),9764_T549-R1),6899_T536-R1),7417_T330-R1)),9545_T433-R1),7416_T436-R1),9533_T598-R1)),9100_T557-R1);
((9134_T445-R1,9597_T569-R1),(9869_T485-R1,((((7413_T497-R1,((((((((9721_T403-R1,6906_T470-R1),9792_T473-R1),6939_T412-R1),9654_T533-R1),7396_T403-R1),9764_T549-R1),6899_T536-R1),7417_T330-R1)),9545_T433-R1),7416_T436-R1),9533_T598-R1)),9100_T557-R1);
((9134_T445-R1,9597_T569-R1),(9869_T485-R1,((((7413_T497-R1,((((((((9721_T403-R1,6906_T470-R1),9792_T473-R1),6939_T412-R1),9654_T533-R1),7396_T403-R1),9764_T549-R1),6899_T536-R1),7417_T330-R1)),9545_T433-R1),7416_T436-R1),9533_T598-R1)),9100_T557-R1);
((9134_T445-R1,9597_T569-R1),(9869_T485-R1,((((7413_T497-R1,((((((((9721_T403-R1,6906_T470-R1),9792_T473-R1),6939_T412-R1),9654_T533-R1),7396_T403-R1),9764_T549-R1),6899_T536-R1),7417_T330-R1)),9545_T433-R1),7416_T436-R1),9533_T598-R1)),9100_T557-R1);
((9134_T445-R1,9597_T569-R1),(9869_T485-R1,((((7413_T497-R1,((((((((9721_T403-R1,6906_T470-R1),9792_T473-R1),6939_T412-R1),9654_T533-R1),7396_T403-R1),9764_T549-R1),6899_T536-R1),7417_T330-R1)),9545_T433-R1),7416_T436-R1),9533_T598-R1)),9100_T557-R1);
((9134_T445-R1,9597_T569-R1),(9869_T485-R1,((((7413_T497-R1,((((((((9721_T403-R1,6906_T470-R1),9792_T473-R1),6939_T412-R1),9654_T533-R1),7396_T403-R1),9764_T549-R1),6899_T536-R1),7417_T330-R1)),9545_T433-R1),7416_T436-R1),9533_T598-R1)),9100_T557-R1);
((9134_T445-R1,9597_T569-R1),(9869_T485-R1,((((7413_T497-R1,((((((((9721_T403-R1,6906_T470-R1),9792_T473-R1),6939_T412-R1),9654_T533-R1),7396_T403-R1),9764_T549-R1),6899_T536-R1),7417_T330-R1)),9545_T433-R1),7416_T436-R1),9533_T598-R1)),9100_T557-R1);
((9134_T445-R1,9597_T569-R1),(9869_T485-R1,((((7413_T497-R1,((((((((9721_T403-R1,6906_T470-R1),9792_T473-R1),6939_T412-R1),9654_T533-R1),7396_T403-R1),9764_T549-R1),6899_T536-R1),7417_T330-R1)),9545_T433-R1),7416_T436-R1),9533_T598-R1)),9100_T557-R1);
((9134_T445-R1,9597_T569-R1),(9869_T485-R1,(((((7413_T497-R1,7417_T330-R1),(((((((9721_T403-R1,6906_T470-R1),6899_T536-R1),9764_T549-R1),9792_T473-R1),9654_T533-R1),7396_T403-R1),6939_T412-R1)),9545_T433-R1),7416_T436-R1),9533_T598-R1)),9100_T557-R1);
((9134_T445-R1,9597_T569-R1),(9869_T485-R1,(((((7413_T497-R1,7417_T330-R1),(((((((9721_T403-R1,6906_T470-R1),6899_T536-R1),9764_T549-R1),9792_T473-R1),9654_T533-R1),7396_T403-R1),6939_T412-R1)),9545_T433-R1),7416_T436-R1),9533_T598-R1)),9100_T557-R1);
((9134_T445-R1,9597_T569-R1),(9869_T485-R1,(((((7413_T497-R1,7417_T330-R1),(((((((9721_T403-R1,6906_T470-R1),6899_T536-R1),9764_T549-R1),9792_T473-R1),9654_T533-R1),7396_T403-R1),6939_T412-R1)),9545_T433-R1),7416_T436-R1),9533_T598-R1)),9100_T557-R1);
((9134_T445-R1,9597_T569-R1),(9869_T485-R1,(((((7413_T497-R1,7417_T330-R1),(((((((9721_T403-R1,6906_T470-R1),6899_T536-R1),9764_T549-R1),9792_T473-R1),9654_T533-R1),7396_T403-R1),6939_T412-R1)),9545_T433-R1),7416_T436-R1),9533_T598-R1)),9100_T557-R1);
((9134_T445-R1,9597_T569-R1),(9869_T485-R1,(((((7413_T497-R1,7417_T330-R1),(((((((9721_T403-R1,6906_T470-R1),6899_T536-R1),9764_T549-R1),9792_T473-R1),9654_T533-R1),7396_T403-R1),6939_T412-R1)),9545_T433-R1),7416_T436-R1),9533_T598-R1)),9100_T557-R1);
((9134_T445-R1,9597_T569-R1),(9869_T485-R1,(((((7413_T497-R1,7417_T330-R1),(((((((9721_T403-R1,6906_T470-R1),6899_T536-R1),9764_T549-R1),9792_T473-R1),9654_T533-R1),7396_T403-R1),6939_T412-R1)),9545_T433-R1),7416_T436-R1),9533_T598-R1)),9100_T557-R1);
((9134_T445-R1,9597_T569-R1),(9869_T485-R1,(((((7413_T497-R1,7417_T330-R1),(((((((9721_T403-R1,6906_T470-R1),6899_T536-R1),9764_T549-R1),9792_T473-R1),9654_T533-R1),7396_T403-R1),6939_T412-R1)),9545_T433-R1),7416_T436-R1),9533_T598-R1)),9100_T557-R1);
((9134_T445-R1,9597_T569-R1),(9869_T485-R1,(((((7413_T497-R1,7417_T330-R1),(((((((9721_T403-R1,6906_T470-R1),6899_T536-R1),9764_T549-R1),9792_T473-R1),9654_T533-R1),7396_T403-R1),6939_T412-R1)),9545_T433-R1),7416_T436-R1),9533_T598-R1)),9100_T557-R1);
((9134_T445-R1,9597_T569-R1),(9869_T485-R1,(((((7413_T497-R1,7417_T330-R1),(((((((9721_T403-R1,6906_T470-R1),6899_T536-R1),9764_T549-R1),9792_T473-R1),9654_T533-R1),7396_T403-R1),6939_T412-R1)),9545_T433-R1),7416_T436-R1),9533_T598-R1)),9100_T557-R1);
((9134_T445-R1,9597_T569-R1),(9869_T485-R1,(((((7413_T497-R1,7417_T330-R1),(((((((9721_T403-R1,6906_T470-R1),6899_T536-R1),9764_T549-R1),9792_T473-R1),9654_T533-R1),7396_T403-R1),6939_T412-R1)),9545_T433-R1),7416_T436-R1),9533_T598-R1)),9100_T557-R1);
(9597_T569-R1,(9134_T445-R1,(9869_T485-R1,(9533_T598-R1,(((7413_T497-R1,(((((((6906_T470-R1,9764_T549-R1),6939_T412-R1),9721_T403-R1),9654_T533-R1),7417_T330-R1),(7396_T403-R1,9792_T473-R1)),6899_T536-R1)),9545_T433-R1),7416_T436-R1)))),9100_T557-R1);
(9597_T569-R1,(9134_T445-R1,(9869_T485-R1,(9533_T598-R1,(((7413_T497-R1,(((((((6906_T470-R1,9764_T549-R1),6939_T412-R1),9721_T403-R1),9654_T533-R1),7417_T330-R1),(7396_T403-R1,9792_T473-R1)),6899_T536-R1)),9545_T433-R1),7416_T436-R1)))),9100_T557-R1);
(9597_T569-R1,(9134_T445-R1,(9869_T485-R1,(9533_T598-R1,(((7413_T497-R1,(((((((6906_T470-R1,9764_T549-R1),6939_T412-R1),9721_T403-R1),9654_T533-R1),7417_T330-R1),(7396_T403-R1,9792_T473-R1)),6899_T536-R1)),9545_T433-R1),7416_T436-R1)))),9100_T557-R1);
(9597_T569-R1,(9134_T445-R1,(9869_T485-R1,(9533_T598-R1,(((7413_T497-R1,(((((((6906_T470-R1,9764_T549-R1),6939_T412-R1),9721_T403-R1),9654_T533-R1),7417_T330-R1),(7396_T403-R1,9792_T473-R1)),6899_T536-R1)),9545_T433-R1),7416_T436-R1)))),9100_T557-R1);
(9597_T569-R1,(9134_T445-R1,(9869_T485-R1,(9533_T598-R1,(((7413_T497-R1,(((((((6906_T470-R1,9764_T549-R1),6939_T412-R1),9721_T403-R1),9654_T533-R1),7417_T330-R1),(7396_T403-R1,9792_T473-R1)),6899_T536-R1)),9545_T433-R1),7416_T436-R1)))),9100_T557-R1);
(9597_T569-R1,(9134_T445-R1,(9869_T485-R1,(9533_T598-R1,(((7413_T497-R1,(((((((6906_T470-R1,9764_T549-R1),6939_T412-R1),9721_T403-R1),9654_T533-R1),7417_T330-R1),(7396_T403-R1,9792_T473-R1)),6899_T536-R1)),9545_T433-R1),7416_T436-R1)))),9100_T557-R1);
(9597_T569-R1,(9134_T445-R1,(9869_T485-R1,(9533_T598-R1,(((7413_T497-R1,(((((((6906_T470-R1,9764_T549-R1),6939_T412-R1),9721_T403-R1),9654_T533-R1),7417_T330-R1),(7396_T403-R1,9792_T473-R1)),6899_T536-R1)),9545_T433-R1),7416_T436-R1)))),9100_T557-R1);
(9597_T569-R1,(9134_T445-R1,(9869_T485-R1,(9533_T598-R1,(((7413_T497-R1,(((((((6906_T470-R1,9764_T549-R1),6939_T412-R1),9721_T403-R1),9654_T533-R1),7417_T330-R1),(7396_T403-R1,9792_T473-R1)),6899_T536-R1)),9545_T433-R1),7416_T436-R1)))),9100_T557-R1);
(9597_T569-R1,(9134_T445-R1,(9869_T485-R1,(9533_T598-R1,(((7413_T497-R1,(((((((6906_T470-R1,9764_T549-R1),6939_T412-R1),9721_T403-R1),9654_T533-R1),7417_T330-R1),(7396_T403-R1,9792_T473-R1)),6899_T536-R1)),9545_T433-R1),7416_T436-R1)))),9100_T557-R1);
(9597_T569-R1,(9134_T445-R1,(9869_T485-R1,(9533_T598-R1,(((7413_T497-R1,(((((((6906_T470-R1,9764_T549-R1),6939_T412-R1),9721_T403-R1),9654_T533-R1),7417_T330-R1),(7396_T403-R1,9792_T473-R1)),6899_T536-R1)),9545_T433-R1),7416_T436-R1)))),9100_T557-R1);
((((9533_T598-R1,9869_T485-R1),((((9792_T473-R1,(6906_T470-R1,(7396_T403-R1,9654_T533-R1))),(((((6939_T412-R1,9721_T403-R1),7417_T330-R1),6899_T536-R1),7413_T497-R1),9764_T549-R1)),9545_T433-R1),7416_T436-R1)),9597_T569-R1),9134_T445-R1,9100_T557-R1);
((((9533_T598-R1,9869_T485-R1),((((9792_T473-R1,(6906_T470-R1,(7396_T403-R1,9654_T533-R1))),(((((6939_T412-R1,9721_T403-R1),7417_T330-R1),6899_T536-R1),7413_T497-R1),9764_T549-R1)),9545_T433-R1),7416_T436-R1)),9597_T569-R1),9134_T445-R1,9100_T557-R1);
((((9533_T598-R1,9869_T485-R1),((((9792_T473-R1,(6906_T470-R1,(7396_T403-R1,9654_T533-R1))),(((((6939_T412-R1,9721_T403-R1),7417_T330-R1),6899_T536-R1),7413_T497-R1),9764_T549-R1)),9545_T433-R1),7416_T436-R1)),9597_T569-R1),9134_T445-R1,9100_T557-R1);
((((9533_T598-R1,9869_T485-R1),((((9792_T473-R1,(6906_T470-R1,(7396_T403-R1,9654_T533-R1))),(((((6939_T412-R1,9721_T403-R1),7417_T330-R1),6899_T536-R1),7413_T497-R1),9764_T549-R1)),9545_T433-R1),7416_T436-R1)),9597_T569-R1),9134_T445-R1,9100_T557-R1);
((((9533_T598-R1,9869_T485-R1),((((9792_T473-R1,(6906_T470-R1,(7396_T403-R1,9654_T533-R1))),(((((6939_T412-R1,9721_T403-R1),7417_T330-R1),6899_T536-R1),7413_T497-R1),9764_T549-R1)),9545_T433-R1),7416_T436-R1)),9597_T569-R1),9134_T445-R1,9100_T557-R1);
((((9533_T598-R1,9869_T485-R1),((((9792_T473-R1,(6906_T470-R1,(7396_T403-R1,9654_T533-R1))),(((((6939_T412-R1,9721_T403-R1),7417_T330-R1),6899_T536-R1),7413_T497-R1),9764_T549-R1)),9545_T433-R1),7416_T436-R1)),9597_T569-R1),9134_T445-R1,9100_T557-R1);
((((9533_T598-R1,9869_T485-R1),((((9792_T473-R1,(6906_T470-R1,(7396_T403-R1,9654_T533-R1))),(((((6939_T412-R1,9721_T403-R1),7417_T330-R1),6899_T536-R1),7413_T497-R1),9764_T549-R1)),9545_T433-R1),7416_T436-R1)),9597_T569-R1),9134_T445-R1,9100_T557-R1);
((((9533_T598-R1,9869_T485-R1),((((9792_T473-R1,(6906_T470-R1,(7396_T403-R1,9654_T533-R1))),(((((6939_T412-R1,9721_T403-R1),7417_T330-R1),6899_T536-R1),7413_T497-R1),9764_T549-R1)),9545_T433-R1),7416_T436-R1)),9597_T569-R1),9134_T445-R1,9100_T557-R1);
((((9533_T598-R1,9869_T485-R1),((((9792_T473-R1,(6906_T470-R1,(7396_T403-R1,9654_T533-R1))),(((((6939_T412-R1,9721_T403-R1),7417_T330-R1),6899_T536-R1),7413_T497-R1),9764_T549-R1)),9545_T433-R1),7416_T436-R1)),9597_T569-R1),9134_T445-R1,9100_T557-R1);
((((9533_T598-R1,9869_T485-R1),((((9792_T473-R1,(6906_T470-R1,(7396_T403-R1,9654_T533-R1))),(((((6939_T412-R1,9721_T403-R1),7417_T330-R1),6899_T536-R1),7413_T497-R1),9764_T549-R1)),9545_T433-R1),7416_T436-R1)),9597_T569-R1),9134_T445-R1,9100_T557-R1);
(9597_T569-R1,((9533_T598-R1,((((((((((((9654_T533-R1,7413_T497-R1),6906_T470-R1),7417_T330-R1),6899_T536-R1),9792_T473-R1),9764_T549-R1),6939_T412-R1),9721_T403-R1),7396_T403-R1),9545_T433-R1),7416_T436-R1),9869_T485-R1)),9134_T445-R1),9100_T557-R1);
(9597_T569-R1,((9533_T598-R1,((((((((((((9654_T533-R1,7413_T497-R1),6906_T470-R1),7417_T330-R1),6899_T536-R1),9792_T473-R1),9764_T549-R1),6939_T412-R1),9721_T403-R1),7396_T403-R1),9545_T433-R1),7416_T436-R1),9869_T485-R1)),9134_T445-R1),9100_T557-R1);
(9597_T569-R1,((9533_T598-R1,((((((((((((9654_T533-R1,7413_T497-R1),6906_T470-R1),7417_T330-R1),6899_T536-R1),9792_T473-R1),9764_T549-R1),6939_T412-R1),9721_T403-R1),7396_T403-R1),9545_T433-R1),7416_T436-R1),9869_T485-R1)),9134_T445-R1),9100_T557-R1);
(9597_T569-R1,((9533_T598-R1,((((((((((((9654_T533-R1,7413_T497-R1),6906_T470-R1),7417_T330-R1),6899_T536-R1),9792_T473-R1),9764_T549-R1),6939_T412-R1),9721_T403-R1),7396_T403-R1),9545_T433-R1),7416_T436-R1),9869_T485-R1)),9134_T445-R1),9100_T557-R1);
(9597_T569-R1,((9533_T598-R1,((((((((((((9654_T533-R1,7413_T497-R1),6906_T470-R1),7417_T330-R1),6899_T536-R1),9792_T473-R1),9764_T549-R1),6939_T412-R1),9721_T403-R1),7396_T403-R1),9545_T433-R1),7416_T436-R1),9869_T485-R1)),9134_T445-R1),9100_T557-R1);
(9597_T569-R1,((9533_T598-R1,((((((((((((9654_T533-R1,7413_T497-R1),6906_T470-R1),7417_T330-R1),6899_T536-R1),9792_T473-R1),9764_T549-R1),6939_T412-R1),9721_T403-R1),7396_T403-R1),9545_T433-R1),7416_T436-R1),9869_T485-R1)),9134_T445-R1),9100_T557-R1);
(9597_T569-R1,((9533_T598-R1,((((((((((((9654_T533-R1,7413_T497-R1),6906_T470-R1),7417_T330-R1),6899_T536-R1),9792_T473-R1),9764_T549-R1),6939_T412-R1),9721_T403-R1),7396_T403-R1),9545_T433-R1),7416_T436-R1),9869_T485-R1)),9134_T445-R1),9100_T557-R1);
(9597_T569-R1,((9533_T598-R1,((((((((((((9654_T533-R1,7413_T497-R1),6906_T470-R1),7417_T330-R1),6899_T536-R1),9792_T473-R1),9764_T549-R1),6939_T412-R1),9721_T403-R1),7396_T403-R1),9545_T433-R1),7416_T436-R1),9869_T485-R1)),9134_T445-R1),9100_T557-R1);
(9597_T569-R1,((9533_T598-R1,((((((((((((9654_T533-R1,7413_T497-R1),6906_T470-R1),7417_T330-R1),6899_T536-R1),9792_T473-R1),9764_T549-R1),6939_T412-R1),9721_T403-R1),7396_T403-R1),9545_T433-R1),7416_T436-R1),9869_T485-R1)),9134_T445-R1),9100_T557-R1);
(9597_T569-R1,((9533_T598-R1,((((((((((((9654_T533-R1,7413_T497-R1),6906_T470-R1),7417_T330-R1),6899_T536-R1),9792_T473-R1),9764_T549-R1),6939_T412-R1),9721_T403-R1),7396_T403-R1),9545_T433-R1),7416_T436-R1),9869_T485-R1)),9134_T445-R1),9100_T557-R1);
(9134_T445-R1,((9869_T485-R1,(((((9764_T549-R1,6906_T470-R1),(((((((9721_T403-R1,7417_T330-R1),7413_T497-R1),9792_T473-R1),6899_T536-R1),9654_T533-R1),6939_T412-R1),7396_T403-R1)),9545_T433-R1),7416_T436-R1),9533_T598-R1)),9597_T569-R1),9100_T557-R1);
(9134_T445-R1,((9869_T485-R1,(((((9764_T549-R1,6906_T470-R1),(((((((9721_T403-R1,7417_T330-R1),7413_T497-R1),9792_T473-R1),6899_T536-R1),9654_T533-R1),6939_T412-R1),7396_T403-R1)),9545_T433-R1),7416_T436-R1),9533_T598-R1)),9597_T569-R1),9100_T557-R1);
(9134_T445-R1,((9869_T485-R1,(((((9764_T549-R1,6906_T470-R1),(((((((9721_T403-R1,7417_T330-R1),7413_T497-R1),9792_T473-R1),6899_T536-R1),9654_T533-R1),6939_T412-R1),7396_T403-R1)),9545_T433-R1),7416_T436-R1),9533_T598-R1)),9597_T569-R1),9100_T557-R1);
(9134_T445-R1,((9869_T485-R1,(((((9764_T549-R1,6906_T470-R1),(((((((9721_T403-R1,7417_T330-R1),7413_T497-R1),9792_T473-R1),6899_T536-R1),9654_T533-R1),6939_T412-R1),7396_T403-R1)),9545_T433-R1),7416_T436-R1),9533_T598-R1)),9597_T569-R1),9100_T557-R1);
(9134_T445-R1,((9869_T485-R1,(((((9764_T549-R1,6906_T470-R1),(((((((9721_T403-R1,7417_T330-R1),7413_T497-R1),9792_T473-R1),6899_T536-R1),9654_T533-R1),6939_T412-R1),7396_T403-R1)),9545_T433-R1),7416_T436-R1),9533_T598-R1)),9597_T569-R1),9100_T557-R1);
(9134_T445-R1,((9869_T485-R1,(((((9764_T549-R1,6906_T470-R1),(((((((9721_T403-R1,7417_T330-R1),7413_T497-R1),9792_T473-R1),6899_T536-R1),9654_T533-R1),6939_T412-R1),7396_T403-R1)),9545_T433-R1),7416_T436-R1),9533_T598-R1)),9597_T569-R1),9100_T557-R1);
(9134_T445-R1,((9869_T485-R1,(((((9764_T549-R1,6906_T470-R1),(((((((9721_T403-R1,7417_T330-R1),7413_T497-R1),9792_T473-R1),6899_T536-R1),9654_T533-R1),6939_T412-R1),7396_T403-R1)),9545_T433-R1),7416_T436-R1),9533_T598-R1)),9597_T569-R1),9100_T557-R1);
(9134_T445-R1,((9869_T485-R1,(((((9764_T549-R1,6906_T470-R1),(((((((9721_T403-R1,7417_T330-R1),7413_T497-R1),9792_T473-R1),6899_T536-R1),9654_T533-R1),6939_T412-R1),7396_T403-R1)),9545_T433-R1),7416_T436-R1),9533_T598-R1)),9597_T569-R1),9100_T557-R1);
(9134_T445-R1,((9869_T485-R1,(((((9764_T549-R1,6906_T470-R1),(((((((9721_T403-R1,7417_T330-R1),7413_T497-R1),9792_T473-R1),6899_T536-R1),9654_T533-R1),6939_T412-R1),7396_T403-R1)),9545_T433-R1),7416_T436-R1),9533_T598-R1)),9597_T569-R1),9100_T557-R1);
(9134_T445-R1,((9869_T485-R1,(((((9764_T549-R1,6906_T470-R1),(((((((9721_T403-R1,7417_T330-R1),7413_T497-R1),9792_T473-R1),6899_T536-R1),9654_T533-R1),6939_T412-R1),7396_T403-R1)),9545_T433-R1),7416_T436-R1),9533_T598-R1)),9597_T569-R1),9100_T557-R1);
((9869_T485-R1,(9533_T598-R1,(7416_T436-R1,(7413_T497-R1,(9545_T433-R1,(9764_T549-R1,(9721_T403-R1,(7417_T330-R1,(9654_T533-R1,(9792_T473-R1,(6899_T536-R1,(7396_T403-R1,(6939_T412-R1,6906_T470-R1))))))))))))),(9597_T569-R1,9134_T445-R1),9100_T557-R1);
((9597_T569-R1,9869_T485-R1),((9533_T598-R1,(7416_T436-R1,((((9721_T403-R1,((7417_T330-R1,(9654_T533-R1,(7396_T403-R1,(6939_T412-R1,6906_T470-R1)))),9764_T549-R1)),(9792_T473-R1,7413_T497-R1)),6899_T536-R1),9545_T433-R1))),9134_T445-R1),9100_T557-R1);
(9597_T569-R1,(9134_T445-R1,(9869_T485-R1,(9533_T598-R1,(7416_T436-R1,((((7417_T330-R1,((9654_T533-R1,(6939_T412-R1,6906_T470-R1)),(9764_T549-R1,(9792_T473-R1,9721_T403-R1)))),(7413_T497-R1,6899_T536-R1)),7396_T403-R1),9545_T433-R1))))),9100_T557-R1);
(9597_T569-R1,(9134_T445-R1,(9869_T485-R1,(9533_T598-R1,(7416_T436-R1,((((7417_T330-R1,((9654_T533-R1,(6939_T412-R1,6906_T470-R1)),(9764_T549-R1,(9792_T473-R1,9721_T403-R1)))),(7413_T497-R1,6899_T536-R1)),7396_T403-R1),9545_T433-R1))))),9100_T557-R1);
(9597_T569-R1,(9134_T445-R1,(9869_T485-R1,(9533_T598-R1,(7416_T436-R1,((((7417_T330-R1,((9654_T533-R1,(6939_T412-R1,6906_T470-R1)),(9764_T549-R1,(9792_T473-R1,9721_T403-R1)))),(7413_T497-R1,6899_T536-R1)),7396_T403-R1),9545_T433-R1))))),9100_T557-R1);
(9597_T569-R1,(9134_T445-R1,(9869_T485-R1,(9533_T598-R1,(7416_T436-R1,((((7417_T330-R1,((9654_T533-R1,(6939_T412-R1,6906_T470-R1)),(9764_T549-R1,(9792_T473-R1,9721_T403-R1)))),(7413_T497-R1,6899_T536-R1)),7396_T403-R1),9545_T433-R1))))),9100_T557-R1);
(9597_T569-R1,(9134_T445-R1,(9869_T485-R1,(9533_T598-R1,(7416_T436-R1,((((7417_T330-R1,((9654_T533-R1,(6939_T412-R1,6906_T470-R1)),(9764_T549-R1,(9792_T473-R1,9721_T403-R1)))),(7413_T497-R1,6899_T536-R1)),7396_T403-R1),9545_T433-R1))))),9100_T557-R1);
(9597_T569-R1,(9134_T445-R1,(9869_T485-R1,(9533_T598-R1,(7416_T436-R1,((((7417_T330-R1,((9654_T533-R1,(6939_T412-R1,6906_T470-R1)),(9764_T549-R1,(9792_T473-R1,9721_T403-R1)))),(7413_T497-R1,6899_T536-R1)),7396_T403-R1),9545_T433-R1))))),9100_T557-R1);
(9597_T569-R1,(9134_T445-R1,(9869_T485-R1,(9533_T598-R1,(7416_T436-R1,((((7417_T330-R1,((9654_T533-R1,(6939_T412-R1,6906_T470-R1)),(9764_T549-R1,(9792_T473-R1,9721_T403-R1)))),(7413_T497-R1,6899_T536-R1)),7396_T403-R1),9545_T433-R1))))),9100_T557-R1);
(9597_T569-R1,(9134_T445-R1,(9869_T485-R1,(9533_T598-R1,(7416_T436-R1,((((7417_T330-R1,((9654_T533-R1,(6939_T412-R1,6906_T470-R1)),(9764_T549-R1,(9792_T473-R1,9721_T403-R1)))),(7413_T497-R1,6899_T536-R1)),7396_T403-R1),9545_T433-R1))))),9100_T557-R1);
(9597_T569-R1,(9134_T445-R1,((9533_T598-R1,(7416_T436-R1,((((7413_T497-R1,6899_T536-R1),7417_T330-R1),((7396_T403-R1,(6939_T412-R1,((9764_T549-R1,9721_T403-R1),9654_T533-R1))),(9792_T473-R1,6906_T470-R1))),9545_T433-R1))),9869_T485-R1)),9100_T557-R1);
(9597_T569-R1,(9134_T445-R1,((9533_T598-R1,(7416_T436-R1,((((7413_T497-R1,6899_T536-R1),7417_T330-R1),((7396_T403-R1,(6939_T412-R1,((9764_T549-R1,9721_T403-R1),9654_T533-R1))),(9792_T473-R1,6906_T470-R1))),9545_T433-R1))),9869_T485-R1)),9100_T557-R1);
(9597_T569-R1,(9134_T445-R1,((9533_T598-R1,(7416_T436-R1,((((7413_T497-R1,6899_T536-R1),7417_T330-R1),((7396_T403-R1,(6939_T412-R1,((9764_T549-R1,9721_T403-R1),9654_T533-R1))),(9792_T473-R1,6906_T470-R1))),9545_T433-R1))),9869_T485-R1)),9100_T557-R1);
(9597_T569-R1,(9134_T445-R1,((9533_T598-R1,(7416_T436-R1,((((7413_T497-R1,6899_T536-R1),7417_T330-R1),((7396_T403-R1,(6939_T412-R1,((9764_T549-R1,9721_T403-R1),9654_T533-R1))),(9792_T473-R1,6906_T470-R1))),9545_T433-R1))),9869_T485-R1)),9100_T557-R1);
(9597_T569-R1,(9134_T445-R1,((9533_T598-R1,(7416_T436-R1,((((7413_T497-R1,6899_T536-R1),7417_T330-R1),((7396_T403-R1,(6939_T412-R1,((9764_T549-R1,9721_T403-R1),9654_T533-R1))),(9792_T473-R1,6906_T470-R1))),9545_T433-R1))),9869_T485-R1)),9100_T557-R1);
(9597_T569-R1,(9134_T445-R1,((9533_T598-R1,(7416_T436-R1,((((7413_T497-R1,6899_T536-R1),7417_T330-R1),((7396_T403-R1,(6939_T412-R1,((9764_T549-R1,9721_T403-R1),9654_T533-R1))),(9792_T473-R1,6906_T470-R1))),9545_T433-R1))),9869_T485-R1)),9100_T557-R1);
(9597_T569-R1,(9134_T445-R1,((9533_T598-R1,(7416_T436-R1,((((7413_T497-R1,6899_T536-R1),7417_T330-R1),((7396_T403-R1,(6939_T412-R1,((9764_T549-R1,9721_T403-R1),9654_T533-R1))),(9792_T473-R1,6906_T470-R1))),9545_T433-R1))),9869_T485-R1)),9100_T557-R1);
(9597_T569-R1,(9134_T445-R1,((9533_T598-R1,(7416_T436-R1,((((7413_T497-R1,6899_T536-R1),7417_T330-R1),((7396_T403-R1,(6939_T412-R1,((9764_T549-R1,9721_T403-R1),9654_T533-R1))),(9792_T473-R1,6906_T470-R1))),9545_T433-R1))),9869_T485-R1)),9100_T557-R1);
(9597_T569-R1,(9134_T445-R1,((9533_T598-R1,(7416_T436-R1,((((7413_T497-R1,6899_T536-R1),7417_T330-R1),((7396_T403-R1,(6939_T412-R1,((9764_T549-R1,9721_T403-R1),9654_T533-R1))),(9792_T473-R1,6906_T470-R1))),9545_T433-R1))),9869_T485-R1)),9100_T557-R1);
(9597_T569-R1,(9134_T445-R1,((9533_T598-R1,(7416_T436-R1,((((7413_T497-R1,6899_T536-R1),7417_T330-R1),((7396_T403-R1,(6939_T412-R1,((9764_T549-R1,9721_T403-R1),9654_T533-R1))),(9792_T473-R1,6906_T470-R1))),9545_T433-R1))),9869_T485-R1)),9100_T557-R1);
