((((9654_T436-R1,9784_T378-R1),(9600_T496-R1,(9837_T366-R1,9554_T459-R1))),(7328_T566-R1,9721_T505-R1)),7413_T390-R1,9947_T444-R1);
((((9654_T436-R1,9784_T378-R1),(9600_T496-R1,(9837_T366-R1,9554_T459-R1))),(7328_T566-R1,9721_T505-R1)),7413_T390-R1,9947_T444-R1);
((((9654_T436-R1,9784_T378-R1),(9600_T496-R1,(9837_T366-R1,9554_T459-R1))),(7328_T566-R1,9721_T505-R1)),7413_T390-R1,9947_T444-R1);
((((9654_T436-R1,9784_T378-R1),(9600_T496-R1,(9837_T366-R1,9554_T459-R1))),(7328_T566-R1,9721_T505-R1)),7413_T390-R1,9947_T444-R1);
((((9654_T436-R1,9784_T378-R1),(9600_T496-R1,(9837_T366-R1,9554_T459-R1))),(7328_T566-R1,9721_T505-R1)),7413_T390-R1,9947_T444-R1);
((((9654_T436-R1,9784_T378-R1),(9600_T496-R1,(9837_T366-R1,9554_T459-R1))),(7328_T566-R1,9721_T505-R1)),7413_T390-R1,9947_T444-R1);
((((9654_T436-R1,9784_T378-R1),(9600_T496-R1,(9837_T366-R1,9554_T459-R1))),(7328_T566-R1,9721_T505-R1)),7413_T390-R1,9947_T444-R1);
((((9654_T436-R1,9784_T378-R1),(9600_T496-R1,(9837_T366-R1,9554_T459-R1))),(7328_T566-R1,9721_T505-R1)),7413_T390-R1,9947_T444-R1);
((((9654_T436-R1,9784_T378-R1),(9600_T496-R1,(9837_T366-R1,9554_T459-R1))),(7328_T566-R1,9721_T505-R1)),7413_T390-R1,9947_T444-R1);
((((9654_T436-R1,9784_T378-R1),(9600_T496-R1,(9837_T366-R1,9554_T459-R1))),(7328_T566-R1,9721_T505-R1)),7413_T390-R1,9947_T444-R1);
(9721_T505-R1,(((9600_T496-R1,(9554_T459-R1,9837_T366-R1)),(9654_T436-R1,9784_T378-R1)),(7413_T390-R1,7328_T566-R1)),9947_T444-R1);
(7413_T390-R1,((9721_T505-R1,7328_T566-R1),((9837_T366-R1,(9600_T496-R1,9554_T459-R1)),(9654_T436-R1,9784_T378-R1))),9947_T444-R1);
(7413_T390-R1,((9721_T505-R1,7328_T566-R1),((9837_T366-R1,(9600_T496-R1,9554_T459-R1)),(9654_T436-R1,9784_T378-R1))),9947_T444-R1);
(7413_T390-R1,((9721_T505-R1,7328_T566-R1),((9837_T366-R1,(9600_T496-R1,9554_T459-R1)),(9654_T436-R1,9784_T378-R1))),9947_T444-R1);
(7413_T390-R1,((9721_T505-R1,7328_T566-R1),((9837_T366-R1,(9600_T496-R1,9554_T459-R1)),(9654_T436-R1,9784_T378-R1))),9947_T444-R1);
(7413_T390-R1,((9721_T505-R1,7328_T566-R1),((9837_T366-R1,(9600_T496-R1,9554_T459-R1)),(9654_T436-R1,9784_T378-R1))),9947_T444-R1);
(7413_T390-R1,((9721_T505-R1,7328_T566-R1),((9837_T366-R1,(9600_T496-R1,9554_T459-R1)),(9654_T436-R1,9784_T378-R1))),9947_T444-R1);
(7413_T390-R1,((9721_T505-R1,7328_T566-R1),((9837_T366-R1,(9600_T496-R1,9554_T459-R1)),(9654_T436-R1,9784_T378-R1))),9947_T444-R1);
(7413_T390-R1,((9721_T505-R1,7328_T566-R1),((9837_T366-R1,(9600_T496-R1,9554_T459-R1)),(9654_T436-R1,9784_T378-R1))),9947_T444-R1);
(7413_T390-R1,((9721_T505-R1,7328_T566-R1),((9837_T366-R1,(9600_T496-R1,9554_T459-R1)),(9654_T436-R1,9784_T378-R1))),9947_T444-R1);
(9721_T505-R1,(7328_T566-R1,(7413_T390-R1,((9554_T459-R1,(9600_T496-R1,9837_T366-R1)),(9654_T436-R1,9784_T378-R1)))),9947_T444-R1);
(9721_T505-R1,(7328_T566-R1,(7413_T390-R1,((9554_T459-R1,(9600_T496-R1,9837_T366-R1)),(9654_T436-R1,9784_T378-R1)))),9947_T444-R1);
(7413_T390-R1,((9721_T505-R1,((9600_T496-R1,(9837_T366-R1,9554_T459-R1)),(9654_T436-R1,9784_T378-R1))),7328_T566-R1),9947_T444-R1);
(7413_T390-R1,((9721_T505-R1,((9600_T496-R1,(9837_T366-R1,9554_T459-R1)),(9654_T436-R1,9784_T378-R1))),7328_T566-R1),9947_T444-R1);
(((9600_T496-R1,(9837_T366-R1,9554_T459-R1)),(9654_T436-R1,9784_T378-R1)),((7328_T566-R1,9721_T505-R1),7413_T390-R1),9947_T444-R1);
(7413_T390-R1,((9721_T505-R1,((9600_T496-R1,(9837_T366-R1,9554_T459-R1)),(9654_T436-R1,9784_T378-R1))),7328_T566-R1),9947_T444-R1);
(7413_T390-R1,((9721_T505-R1,((9600_T496-R1,(9837_T366-R1,9554_T459-R1)),(9654_T436-R1,9784_T378-R1))),7328_T566-R1),9947_T444-R1);
(7413_T390-R1,((9721_T505-R1,((9600_T496-R1,(9837_T366-R1,9554_T459-R1)),(9654_T436-R1,9784_T378-R1))),7328_T566-R1),9947_T444-R1);
(7413_T390-R1,((9721_T505-R1,((9600_T496-R1,(9837_T366-R1,9554_T459-R1)),(9654_T436-R1,9784_T378-R1))),7328_T566-R1),9947_T444-R1);
(7413_T390-R1,((9721_T505-R1,((9600_T496-R1,(9837_T366-R1,9554_T459-R1)),(9654_T436-R1,9784_T378-R1))),7328_T566-R1),9947_T444-R1);
(9721_T505-R1,(((((9837_T366-R1,9554_T459-R1),9600_T496-R1),(9784_T378-R1,9654_T436-R1)),7328_T566-R1),7413_T390-R1),9947_T444-R1);
(9721_T505-R1,(((((9837_T366-R1,9554_T459-R1),9600_T496-R1),(9784_T378-R1,9654_T436-R1)),7328_T566-R1),7413_T390-R1),9947_T444-R1);
(9721_T505-R1,(((((9837_T366-R1,9554_T459-R1),9600_T496-R1),(9784_T378-R1,9654_T436-R1)),7328_T566-R1),7413_T390-R1),9947_T444-R1);
(9721_T505-R1,(((((9837_T366-R1,9554_T459-R1),9600_T496-R1),(9784_T378-R1,9654_T436-R1)),7328_T566-R1),7413_T390-R1),9947_T444-R1);
(9721_T505-R1,(((((9837_T366-R1,9554_T459-R1),9600_T496-R1),(9784_T378-R1,9654_T436-R1)),7328_T566-R1),7413_T390-R1),9947_T444-R1);
(9721_T505-R1,(((((9837_T366-R1,9554_T459-R1),9600_T496-R1),(9784_T378-R1,9654_T436-R1)),7328_T566-R1),7413_T390-R1),9947_T444-R1);
(9721_T505-R1,(((((9837_T366-R1,9554_T459-R1),9600_T496-R1),(9784_T378-R1,9654_T436-R1)),7328_T566-R1),7413_T390-R1),9947_T444-R1);
(9721_T505-R1,(((((9837_T366-R1,9554_T459-R1),9600_T496-R1),(9784_T378-R1,9654_T436-R1)),7328_T566-R1),7413_T390-R1),9947_T444-R1);
(9721_T505-R1,(((((9837_T366-R1,9554_T459-R1),9600_T496-R1),(9784_T378-R1,9654_T436-R1)),7328_T566-R1),7413_T390-R1),9947_T444-R1);
(9721_T505-R1,(((((9837_T366-R1,9554_T459-R1),9600_T496-R1),(9784_T378-R1,9654_T436-R1)),7328_T566-R1),7413_T390-R1),9947_T444-R1);
(9721_T505-R1,((((9554_T459-R1,(9600_T496-R1,9837_T366-R1)),(9654_T436-R1,9784_T378-R1)),7328_T566-R1),7413_T390-R1),9947_T444-R1);
(9721_T505-R1,((((9554_T459-R1,(9600_T496-R1,9837_T366-R1)),(9654_T436-R1,9784_T378-R1)),7328_T566-R1),7413_T390-R1),9947_T444-R1);
(9721_T505-R1,((((9554_T459-R1,(9600_T496-R1,9837_T366-R1)),(9654_T436-R1,9784_T378-R1)),7328_T566-R1),7413_T390-R1),9947_T444-R1);
(9721_T505-R1,((((9554_T459-R1,(9600_T496-R1,9837_T366-R1)),(9654_T436-R1,9784_T378-R1)),7328_T566-R1),7413_T390-R1),9947_T444-R1);
(9721_T505-R1,((((9554_T459-R1,(9600_T496-R1,9837_T366-R1)),(9654_T436-R1,9784_T378-R1)),7328_T566-R1),7413_T390-R1),9947_T444-R1);
((7328_T566-R1,(9721_T505-R1,((9600_T496-R1,(9837_T366-R1,9554_T459-R1)),(9654_T436-R1,9784_T378-R1)))),7413_T390-R1,9947_T444-R1);
((7328_T566-R1,(9721_T505-R1,((9600_T496-R1,(9837_T366-R1,9554_T459-R1)),(9654_T436-R1,9784_T378-R1)))),7413_T390-R1,9947_T444-R1);
((7328_T566-R1,(9721_T505-R1,((9600_T496-R1,(9837_T366-R1,9554_T459-R1)),(9654_T436-R1,9784_T378-R1)))),7413_T390-R1,9947_T444-R1);
((7328_T566-R1,(9721_T505-R1,((9600_T496-R1,(9837_T366-R1,9554_T459-R1)),(9654_T436-R1,9784_T378-R1)))),7413_T390-R1,9947_T444-R1);
((7328_T566-R1,(9721_T505-R1,((9600_T496-R1,(9837_T366-R1,9554_T459-R1)),(9654_T436-R1,9784_T378-R1)))),7413_T390-R1,9947_T444-R1);
(7413_T390-R1,(7328_T566-R1,(((9600_T496-R1,(9554_T459-R1,9837_T366-R1)),(9784_T378-R1,9654_T436-R1)),9721_T505-R1)),9947_T444-R1);
(7413_T390-R1,(7328_T566-R1,(((9600_T496-R1,(9554_T459-R1,9837_T366-R1)),(9784_T378-R1,9654_T436-R1)),9721_T505-R1)),9947_T444-R1);
(7413_T390-R1,(7328_T566-R1,(((9600_T496-R1,(9554_T459-R1,9837_T366-R1)),(9784_T378-R1,9654_T436-R1)),9721_T505-R1)),9947_T444-R1);
(7413_T390-R1,(7328_T566-R1,(((9600_T496-R1,(9554_T459-R1,9837_T366-R1)),(9784_T378-R1,9654_T436-R1)),9721_T505-R1)),9947_T444-R1);
(7413_T390-R1,(7328_T566-R1,(((9600_T496-R1,(9554_T459-R1,9837_T366-R1)),(9784_T378-R1,9654_T436-R1)),9721_T505-R1)),9947_T444-R1);
(7413_T390-R1,(7328_T566-R1,(((9600_T496-R1,(9554_T459-R1,9837_T366-R1)),(9784_T378-R1,9654_T436-R1)),9721_T505-R1)),9947_T444-R1);
(7413_T390-R1,(7328_T566-R1,(((9600_T496-R1,(9554_T459-R1,9837_T366-R1)),(9784_T378-R1,9654_T436-R1)),9721_T505-R1)),9947_T444-R1);
(7413_T390-R1,(7328_T566-R1,(((9600_T496-R1,(9554_T459-R1,9837_T366-R1)),(9784_T378-R1,9654_T436-R1)),9721_T505-R1)),9947_T444-R1);
(7413_T390-R1,(7328_T566-R1,(((9600_T496-R1,(9554_T459-R1,9837_T366-R1)),(9784_T378-R1,9654_T436-R1)),9721_T505-R1)),9947_T444-R1);
(7413_T390-R1,(7328_T566-R1,(((9600_T496-R1,(9554_T459-R1,9837_T366-R1)),(9784_T378-R1,9654_T436-R1)),9721_T505-R1)),9947_T444-R1);
(((9554_T459-R1,(9600_T496-R1,9837_T366-R1)),(9654_T436-R1,9784_T378-R1)),((7328_T566-R1,9721_T505-R1),7413_T390-R1),9947_T444-R1);
(((9554_T459-R1,(9600_T496-R1,9837_T366-R1)),(9654_T436-R1,9784_T378-R1)),((7328_T566-R1,9721_T505-R1),7413_T390-R1),9947_T444-R1);
(7413_T390-R1,(7328_T566-R1,(((9600_T496-R1,(9837_T366-R1,9554_T459-R1)),(9654_T436-R1,9784_T378-R1)),9721_T505-R1)),9947_T444-R1);
(7413_T390-R1,(7328_T566-R1,(((9600_T496-R1,(9837_T366-R1,9554_T459-R1)),(9654_T436-R1,9784_T378-R1)),9721_T505-R1)),9947_T444-R1);
(7413_T390-R1,(7328_T566-R1,(((9600_T496-R1,(9837_T366-R1,9554_T459-R1)),(9654_T436-R1,9784_T378-R1)),9721_T505-R1)),9947_T444-R1);
(7413_T390-R1,(7328_T566-R1,(((9600_T496-R1,(9837_T366-R1,9554_T459-R1)),(9654_T436-R1,9784_T378-R1)),9721_T505-R1)),9947_T444-R1);
(7413_T390-R1,(7328_T566-R1,(((9600_T496-R1,(9837_T366-R1,9554_T459-R1)),(9654_T436-R1,9784_T378-R1)),9721_T505-R1)),9947_T444-R1);
(7413_T390-R1,(7328_T566-R1,(((9600_T496-R1,(9837_T366-R1,9554_T459-R1)),(9654_T436-R1,9784_T378-R1)),9721_T505-R1)),9947_T444-R1);
(7413_T390-R1,(7328_T566-R1,(((9600_T496-R1,(9837_T366-R1,9554_T459-R1)),(9654_T436-R1,9784_T378-R1)),9721_T505-R1)),9947_T444-R1);
(7413_T390-R1,(7328_T566-R1,(((9600_T496-R1,(9837_T366-R1,9554_T459-R1)),(9654_T436-R1,9784_T378-R1)),9721_T505-R1)),9947_T444-R1);
((9721_T505-R1,(((9784_T378-R1,9654_T436-R1),(9837_T366-R1,(9554_T459-R1,9600_T496-R1))),7328_T566-R1)),7413_T390-R1,9947_T444-R1);
((9721_T505-R1,(((9784_T378-R1,9654_T436-R1),(9837_T366-R1,(9554_T459-R1,9600_T496-R1))),7328_T566-R1)),7413_T390-R1,9947_T444-R1);
((9721_T505-R1,(((9784_T378-R1,9654_T436-R1),(9837_T366-R1,(9554_T459-R1,9600_T496-R1))),7328_T566-R1)),7413_T390-R1,9947_T444-R1);
((9721_T505-R1,(((9784_T378-R1,9654_T436-R1),(9837_T366-R1,(9554_T459-R1,9600_T496-R1))),7328_T566-R1)),7413_T390-R1,9947_T444-R1);
((9721_T505-R1,(((9784_T378-R1,9654_T436-R1),(9837_T366-R1,(9554_T459-R1,9600_T496-R1))),7328_T566-R1)),7413_T390-R1,9947_T444-R1);
((9721_T505-R1,(((9784_T378-R1,9654_T436-R1),(9837_T366-R1,(9554_T459-R1,9600_T496-R1))),7328_T566-R1)),7413_T390-R1,9947_T444-R1);
((9721_T505-R1,(((9784_T378-R1,9654_T436-R1),(9837_T366-R1,(9554_T459-R1,9600_T496-R1))),7328_T566-R1)),7413_T390-R1,9947_T444-R1);
((9721_T505-R1,(((9784_T378-R1,9654_T436-R1),(9837_T366-R1,(9554_T459-R1,9600_T496-R1))),7328_T566-R1)),7413_T390-R1,9947_T444-R1);
((9721_T505-R1,(((9784_T378-R1,9654_T436-R1),(9837_T366-R1,(9554_T459-R1,9600_T496-R1))),7328_T566-R1)),7413_T390-R1,9947_T444-R1);
(((9784_T378-R1,9654_T436-R1),((9554_T459-R1,9600_T496-R1),9837_T366-R1)),((7328_T566-R1,9721_T505-R1),7413_T390-R1),9947_T444-R1);
(9721_T505-R1,(7413_T390-R1,(7328_T566-R1,((9654_T436-R1,9784_T378-R1),(9554_T459-R1,(9600_T496-R1,9837_T366-R1))))),9947_T444-R1);
(9721_T505-R1,(7413_T390-R1,(7328_T566-R1,((9654_T436-R1,9784_T378-R1),(9554_T459-R1,(9600_T496-R1,9837_T366-R1))))),9947_T444-R1);
(9721_T505-R1,(7413_T390-R1,(7328_T566-R1,((9654_T436-R1,9784_T378-R1),(9554_T459-R1,(9600_T496-R1,9837_T366-R1))))),9947_T444-R1);
((((9654_T436-R1,9784_T378-R1),(9600_T496-R1,(9837_T366-R1,9554_T459-R1))),(9721_T505-R1,7328_T566-R1)),7413_T390-R1,9947_T444-R1);
((((9654_T436-R1,9784_T378-R1),(9600_T496-R1,(9837_T366-R1,9554_T459-R1))),(9721_T505-R1,7328_T566-R1)),7413_T390-R1,9947_T444-R1);
((((9654_T436-R1,9784_T378-R1),(9600_T496-R1,(9837_T366-R1,9554_T459-R1))),(9721_T505-R1,7328_T566-R1)),7413_T390-R1,9947_T444-R1);
((((9654_T436-R1,9784_T378-R1),(9600_T496-R1,(9837_T366-R1,9554_T459-R1))),(9721_T505-R1,7328_T566-R1)),7413_T390-R1,9947_T444-R1);
((((9654_T436-R1,9784_T378-R1),(9600_T496-R1,(9837_T366-R1,9554_T459-R1))),(9721_T505-R1,7328_T566-R1)),7413_T390-R1,9947_T444-R1);
((((9654_T436-R1,9784_T378-R1),(9600_T496-R1,(9837_T366-R1,9554_T459-R1))),(9721_T505-R1,7328_T566-R1)),7413_T390-R1,9947_T444-R1);
((((9654_T436-R1,9784_T378-R1),(9600_T496-R1,(9837_T366-R1,9554_T459-R1))),(9721_T505-R1,7328_T566-R1)),7413_T390-R1,9947_T444-R1);
(9721_T505-R1,(7328_T566-R1,(((9554_T459-R1,(9837_T366-R1,9600_T496-R1)),(9654_T436-R1,9784_T378-R1)),7413_T390-R1)),9947_T444-R1);
(9721_T505-R1,(7328_T566-R1,(((9554_T459-R1,(9837_T366-R1,9600_T496-R1)),(9654_T436-R1,9784_T378-R1)),7413_T390-R1)),9947_T444-R1);
(7413_T390-R1,(7328_T566-R1,(9721_T505-R1,((9600_T496-R1,(9554_T459-R1,9837_T366-R1)),(9654_T436-R1,9784_T378-R1)))),9947_T444-R1);
(7413_T390-R1,(7328_T566-R1,(9721_T505-R1,((9600_T496-R1,(9554_T459-R1,9837_T366-R1)),(9654_T436-R1,9784_T378-R1)))),9947_T444-R1);
(7413_T390-R1,(7328_T566-R1,(9721_T505-R1,((9600_T496-R1,(9554_T459-R1,9837_T366-R1)),(9654_T436-R1,9784_T378-R1)))),9947_T444-R1);
(7413_T390-R1,(7328_T566-R1,(9721_T505-R1,((9600_T496-R1,(9554_T459-R1,9837_T366-R1)),(9654_T436-R1,9784_T378-R1)))),9947_T444-R1);
(7413_T390-R1,(7328_T566-R1,(9721_T505-R1,((9600_T496-R1,(9554_T459-R1,9837_T366-R1)),(9654_T436-R1,9784_T378-R1)))),9947_T444-R1);
(7413_T390-R1,(7328_T566-R1,(9721_T505-R1,((9600_T496-R1,(9554_T459-R1,9837_T366-R1)),(9654_T436-R1,9784_T378-R1)))),9947_T444-R1);
(7413_T390-R1,(7328_T566-R1,(9721_T505-R1,((9600_T496-R1,(9554_T459-R1,9837_T366-R1)),(9654_T436-R1,9784_T378-R1)))),9947_T444-R1);
(7413_T390-R1,(7328_T566-R1,(9721_T505-R1,((9600_T496-R1,(9554_T459-R1,9837_T366-R1)),(9654_T436-R1,9784_T378-R1)))),9947_T444-R1);
