

IMPORTANT WARNING: Sequences 9332_T128-R1 and 9100_T207-R1 are exactly identical

IMPORTANT WARNING
Found 1 sequence that is exactly identical to other sequences in the alignment.
Normally they should be excluded from the analysis.

Just in case you might need it, an alignment file with 
sequence duplicates removed is printed to file ../../RAxML_tree_pbNB-ARC/Clade_Refinement_1/Int14939_40_64_R_9.afa.reduced


This is RAxML version 8.2.12 released by Alexandros Stamatakis on May 2018.

With greatly appreciated code contributions by:
Andre Aberer      (HITS)
Simon Berger      (HITS)
Alexey Kozlov     (HITS)
Kassian Kobert    (HITS)
David Dao         (KIT and HITS)
Sarah Lutteropp   (KIT and HITS)
Nick Pattengale   (Sandia)
Wayne Pfeiffer    (SDSC)
Akifumi S. Tanabe (NRIFS)
Charlie Taylor    (UF)


Alignment has 127 distinct alignment patterns

Proportion of gaps and completely undetermined characters in this alignment: 1.49%

RAxML rapid bootstrapping and subsequent ML search

Using 1 distinct models/data partitions with joint branch length optimization



Executing 100 rapid bootstrap inferences and thereafter a thorough ML search 

All free model parameters will be estimated by RAxML
ML estimate of 25 per site rate categories

Likelihood of final tree will be evaluated and optimized under GAMMA

GAMMA Model parameters will be estimated up to an accuracy of 0.1000000000 Log Likelihood units

Partition: 0
Alignment Patterns: 127
Name: No Name Provided
DataType: AA
Substitution Matrix: JTT
Using fixed base frequencies




RAxML was called as follows:

/Users/prigozhin/Installers/standard-RAxML/raxmlHPC-PTHREADS-AVX -T 2 -n Int14939_40_64_R_9.Raxml.out -f a -x 12345 -p 12345 -# 100 -m PROTCATJTT -s ../../RAxML_tree_pbNB-ARC/Clade_Refinement_1/Int14939_40_64_R_9.afa 



Time for BS model parameter optimization 0.144650
Bootstrap[0]: Time 0.211680 seconds, bootstrap likelihood -3009.084058, best rearrangement setting 13
Bootstrap[1]: Time 0.050498 seconds, bootstrap likelihood -3044.516229, best rearrangement setting 13
Bootstrap[2]: Time 0.053758 seconds, bootstrap likelihood -2971.708508, best rearrangement setting 12
Bootstrap[3]: Time 0.072576 seconds, bootstrap likelihood -3054.396912, best rearrangement setting 15
Bootstrap[4]: Time 0.048052 seconds, bootstrap likelihood -2977.461693, best rearrangement setting 10
Bootstrap[5]: Time 0.064190 seconds, bootstrap likelihood -3052.017970, best rearrangement setting 10
Bootstrap[6]: Time 0.056739 seconds, bootstrap likelihood -3038.055271, best rearrangement setting 6
Bootstrap[7]: Time 0.056270 seconds, bootstrap likelihood -3041.857758, best rearrangement setting 14
Bootstrap[8]: Time 0.046531 seconds, bootstrap likelihood -3052.561906, best rearrangement setting 5
Bootstrap[9]: Time 0.059273 seconds, bootstrap likelihood -2976.178137, best rearrangement setting 7
Bootstrap[10]: Time 0.054874 seconds, bootstrap likelihood -3014.039314, best rearrangement setting 7
Bootstrap[11]: Time 0.070513 seconds, bootstrap likelihood -2952.046358, best rearrangement setting 5
Bootstrap[12]: Time 0.064717 seconds, bootstrap likelihood -3081.016483, best rearrangement setting 8
Bootstrap[13]: Time 0.073452 seconds, bootstrap likelihood -2953.113348, best rearrangement setting 7
Bootstrap[14]: Time 0.050191 seconds, bootstrap likelihood -2957.668298, best rearrangement setting 12
Bootstrap[15]: Time 0.055014 seconds, bootstrap likelihood -2988.058098, best rearrangement setting 15
Bootstrap[16]: Time 0.046790 seconds, bootstrap likelihood -2991.827984, best rearrangement setting 12
Bootstrap[17]: Time 0.053047 seconds, bootstrap likelihood -2985.049877, best rearrangement setting 12
Bootstrap[18]: Time 0.058482 seconds, bootstrap likelihood -2962.542861, best rearrangement setting 5
Bootstrap[19]: Time 0.050362 seconds, bootstrap likelihood -2990.935007, best rearrangement setting 8
Bootstrap[20]: Time 0.056716 seconds, bootstrap likelihood -3006.959630, best rearrangement setting 10
Bootstrap[21]: Time 0.053226 seconds, bootstrap likelihood -2957.364726, best rearrangement setting 6
Bootstrap[22]: Time 0.048803 seconds, bootstrap likelihood -3039.291651, best rearrangement setting 5
Bootstrap[23]: Time 0.063825 seconds, bootstrap likelihood -3057.309354, best rearrangement setting 7
Bootstrap[24]: Time 0.060089 seconds, bootstrap likelihood -3049.881702, best rearrangement setting 8
Bootstrap[25]: Time 0.060044 seconds, bootstrap likelihood -2946.630952, best rearrangement setting 6
Bootstrap[26]: Time 0.051100 seconds, bootstrap likelihood -3090.836580, best rearrangement setting 12
Bootstrap[27]: Time 0.060455 seconds, bootstrap likelihood -3033.540513, best rearrangement setting 10
Bootstrap[28]: Time 0.044629 seconds, bootstrap likelihood -3066.060387, best rearrangement setting 11
Bootstrap[29]: Time 0.044593 seconds, bootstrap likelihood -2959.220034, best rearrangement setting 12
Bootstrap[30]: Time 0.047516 seconds, bootstrap likelihood -2999.719517, best rearrangement setting 15
Bootstrap[31]: Time 0.044749 seconds, bootstrap likelihood -3011.666336, best rearrangement setting 15
Bootstrap[32]: Time 0.048911 seconds, bootstrap likelihood -3012.271367, best rearrangement setting 6
Bootstrap[33]: Time 0.050350 seconds, bootstrap likelihood -3054.993854, best rearrangement setting 15
Bootstrap[34]: Time 0.054688 seconds, bootstrap likelihood -2969.541324, best rearrangement setting 11
Bootstrap[35]: Time 0.059121 seconds, bootstrap likelihood -2963.603772, best rearrangement setting 8
Bootstrap[36]: Time 0.053727 seconds, bootstrap likelihood -2987.477434, best rearrangement setting 9
Bootstrap[37]: Time 0.049153 seconds, bootstrap likelihood -3094.959621, best rearrangement setting 11
Bootstrap[38]: Time 0.045538 seconds, bootstrap likelihood -3028.336573, best rearrangement setting 8
Bootstrap[39]: Time 0.067067 seconds, bootstrap likelihood -2947.134256, best rearrangement setting 13
Bootstrap[40]: Time 0.062372 seconds, bootstrap likelihood -2857.492441, best rearrangement setting 13
Bootstrap[41]: Time 0.063029 seconds, bootstrap likelihood -3025.214713, best rearrangement setting 10
Bootstrap[42]: Time 0.042779 seconds, bootstrap likelihood -2938.522571, best rearrangement setting 5
Bootstrap[43]: Time 0.054245 seconds, bootstrap likelihood -2971.106621, best rearrangement setting 14
Bootstrap[44]: Time 0.056836 seconds, bootstrap likelihood -3036.405057, best rearrangement setting 10
Bootstrap[45]: Time 0.057447 seconds, bootstrap likelihood -3037.042085, best rearrangement setting 15
Bootstrap[46]: Time 0.063846 seconds, bootstrap likelihood -2970.433374, best rearrangement setting 14
Bootstrap[47]: Time 0.048839 seconds, bootstrap likelihood -2964.833068, best rearrangement setting 8
Bootstrap[48]: Time 0.045756 seconds, bootstrap likelihood -3031.085570, best rearrangement setting 6
Bootstrap[49]: Time 0.055984 seconds, bootstrap likelihood -2989.263982, best rearrangement setting 7
Bootstrap[50]: Time 0.060650 seconds, bootstrap likelihood -3085.391720, best rearrangement setting 7
Bootstrap[51]: Time 0.071786 seconds, bootstrap likelihood -2963.011151, best rearrangement setting 11
Bootstrap[52]: Time 0.046690 seconds, bootstrap likelihood -3015.091890, best rearrangement setting 12
Bootstrap[53]: Time 0.056020 seconds, bootstrap likelihood -3079.731250, best rearrangement setting 8
Bootstrap[54]: Time 0.063938 seconds, bootstrap likelihood -3000.808873, best rearrangement setting 9
Bootstrap[55]: Time 0.053812 seconds, bootstrap likelihood -2971.563115, best rearrangement setting 11
Bootstrap[56]: Time 0.050749 seconds, bootstrap likelihood -3021.555322, best rearrangement setting 5
Bootstrap[57]: Time 0.055784 seconds, bootstrap likelihood -2927.943386, best rearrangement setting 7
Bootstrap[58]: Time 0.063254 seconds, bootstrap likelihood -2958.441337, best rearrangement setting 10
Bootstrap[59]: Time 0.057149 seconds, bootstrap likelihood -2991.072422, best rearrangement setting 9
Bootstrap[60]: Time 0.049948 seconds, bootstrap likelihood -3000.973414, best rearrangement setting 7
Bootstrap[61]: Time 0.061780 seconds, bootstrap likelihood -3037.213424, best rearrangement setting 5
Bootstrap[62]: Time 0.050752 seconds, bootstrap likelihood -2970.444213, best rearrangement setting 11
Bootstrap[63]: Time 0.071110 seconds, bootstrap likelihood -2977.462171, best rearrangement setting 12
Bootstrap[64]: Time 0.050098 seconds, bootstrap likelihood -3007.603548, best rearrangement setting 7
Bootstrap[65]: Time 0.058627 seconds, bootstrap likelihood -2944.110549, best rearrangement setting 5
Bootstrap[66]: Time 0.054987 seconds, bootstrap likelihood -3016.089920, best rearrangement setting 5
Bootstrap[67]: Time 0.043613 seconds, bootstrap likelihood -2997.021430, best rearrangement setting 15
Bootstrap[68]: Time 0.058416 seconds, bootstrap likelihood -2982.664111, best rearrangement setting 11
Bootstrap[69]: Time 0.068666 seconds, bootstrap likelihood -2959.113762, best rearrangement setting 5
Bootstrap[70]: Time 0.071134 seconds, bootstrap likelihood -2936.295792, best rearrangement setting 8
Bootstrap[71]: Time 0.065836 seconds, bootstrap likelihood -2903.811571, best rearrangement setting 10
Bootstrap[72]: Time 0.056252 seconds, bootstrap likelihood -2997.304281, best rearrangement setting 11
Bootstrap[73]: Time 0.056608 seconds, bootstrap likelihood -3001.674587, best rearrangement setting 9
Bootstrap[74]: Time 0.065934 seconds, bootstrap likelihood -3030.391378, best rearrangement setting 5
Bootstrap[75]: Time 0.050534 seconds, bootstrap likelihood -3004.980332, best rearrangement setting 8
Bootstrap[76]: Time 0.044620 seconds, bootstrap likelihood -2995.780188, best rearrangement setting 9
Bootstrap[77]: Time 0.070791 seconds, bootstrap likelihood -3086.581272, best rearrangement setting 11
Bootstrap[78]: Time 0.050139 seconds, bootstrap likelihood -2996.958596, best rearrangement setting 15
Bootstrap[79]: Time 0.056391 seconds, bootstrap likelihood -3057.172865, best rearrangement setting 9
Bootstrap[80]: Time 0.062407 seconds, bootstrap likelihood -3020.296379, best rearrangement setting 15
Bootstrap[81]: Time 0.050635 seconds, bootstrap likelihood -3063.986884, best rearrangement setting 7
Bootstrap[82]: Time 0.050425 seconds, bootstrap likelihood -3031.722392, best rearrangement setting 6
Bootstrap[83]: Time 0.055827 seconds, bootstrap likelihood -2993.264659, best rearrangement setting 10
Bootstrap[84]: Time 0.067038 seconds, bootstrap likelihood -2956.055680, best rearrangement setting 11
Bootstrap[85]: Time 0.068650 seconds, bootstrap likelihood -3050.668183, best rearrangement setting 8
Bootstrap[86]: Time 0.060636 seconds, bootstrap likelihood -3055.569917, best rearrangement setting 7
Bootstrap[87]: Time 0.049634 seconds, bootstrap likelihood -3056.416837, best rearrangement setting 7
Bootstrap[88]: Time 0.047402 seconds, bootstrap likelihood -2965.583718, best rearrangement setting 12
Bootstrap[89]: Time 0.057154 seconds, bootstrap likelihood -3045.324668, best rearrangement setting 10
Bootstrap[90]: Time 0.066332 seconds, bootstrap likelihood -3048.394706, best rearrangement setting 8
Bootstrap[91]: Time 0.055909 seconds, bootstrap likelihood -3016.521024, best rearrangement setting 12
Bootstrap[92]: Time 0.069598 seconds, bootstrap likelihood -3025.218615, best rearrangement setting 13
Bootstrap[93]: Time 0.060861 seconds, bootstrap likelihood -3044.977124, best rearrangement setting 15
Bootstrap[94]: Time 0.052832 seconds, bootstrap likelihood -2987.509610, best rearrangement setting 5
Bootstrap[95]: Time 0.045087 seconds, bootstrap likelihood -2994.205088, best rearrangement setting 5
Bootstrap[96]: Time 0.058771 seconds, bootstrap likelihood -2958.780962, best rearrangement setting 13
Bootstrap[97]: Time 0.046883 seconds, bootstrap likelihood -2997.331125, best rearrangement setting 11
Bootstrap[98]: Time 0.045543 seconds, bootstrap likelihood -2969.356289, best rearrangement setting 6
Bootstrap[99]: Time 0.053742 seconds, bootstrap likelihood -3038.731048, best rearrangement setting 14


Overall Time for 100 Rapid Bootstraps 5.788920 seconds
Average Time per Rapid Bootstrap 0.057889 seconds

Starting ML Search ...

Fast ML optimization finished

Fast ML search Time: 3.442604 seconds

Slow ML Search 0 Likelihood: -3262.855251
Slow ML Search 1 Likelihood: -3262.855251
Slow ML Search 2 Likelihood: -3262.855251
Slow ML Search 3 Likelihood: -3262.855251
Slow ML Search 4 Likelihood: -3262.855251
Slow ML Search 5 Likelihood: -3262.855251
Slow ML Search 6 Likelihood: -3262.855251
Slow ML Search 7 Likelihood: -3262.855251
Slow ML Search 8 Likelihood: -3262.855252
Slow ML Search 9 Likelihood: -3262.855251
Slow ML optimization finished

Slow ML search Time: 1.322151 seconds
Thorough ML search Time: 0.234164 seconds

Final ML Optimization Likelihood: -3262.855253

Model Information:

Model Parameters of Partition 0, Name: No Name Provided, Type of Data: AA
alpha: 0.059819
Tree-Length: 0.125769
rate A <-> R: 0.603538
rate A <-> N: 0.561915
rate A <-> D: 0.842872
rate A <-> C: 0.582726
rate A <-> Q: 0.593132
rate A <-> E: 1.092612
rate A <-> G: 1.862643
rate A <-> H: 0.280957
rate A <-> I: 0.374610
rate A <-> L: 0.312175
rate A <-> K: 0.364204
rate A <-> M: 0.561915
rate A <-> F: 0.156087
rate A <-> P: 2.018730
rate A <-> S: 3.933403
rate A <-> T: 4.942768
rate A <-> W: 0.093652
rate A <-> Y: 0.114464
rate A <-> V: 3.100937
rate R <-> N: 0.468262
rate R <-> D: 0.166493
rate R <-> C: 1.175858
rate R <-> Q: 3.225806
rate R <-> E: 0.301769
rate R <-> G: 1.425598
rate R <-> H: 3.413111
rate R <-> I: 0.228928
rate R <-> L: 0.395421
rate R <-> K: 6.722164
rate R <-> M: 0.457856
rate R <-> F: 0.052029
rate R <-> P: 0.770031
rate R <-> S: 1.050989
rate R <-> T: 0.665973
rate R <-> W: 1.311134
rate R <-> Y: 0.208117
rate R <-> V: 0.176899
rate N <-> D: 5.494277
rate N <-> C: 0.353798
rate N <-> Q: 0.894901
rate N <-> E: 0.603538
rate N <-> G: 0.842872
rate N <-> H: 4.068678
rate N <-> I: 0.489074
rate N <-> L: 0.124870
rate N <-> K: 2.736733
rate N <-> M: 0.312175
rate N <-> F: 0.104058
rate N <-> P: 0.156087
rate N <-> S: 5.234131
rate N <-> T: 2.414152
rate N <-> W: 0.083247
rate N <-> Y: 0.728408
rate N <-> V: 0.166493
rate D <-> C: 0.104058
rate D <-> Q: 0.509886
rate D <-> E: 7.981270
rate D <-> G: 1.352758
rate D <-> H: 1.165453
rate D <-> I: 0.114464
rate D <-> L: 0.072841
rate D <-> K: 0.270552
rate D <-> M: 0.156087
rate D <-> F: 0.041623
rate D <-> P: 0.156087
rate D <-> S: 0.613944
rate D <-> T: 0.395421
rate D <-> W: 0.041623
rate D <-> Y: 0.478668
rate D <-> V: 0.322581
rate C <-> Q: 0.093652
rate C <-> E: 0.052029
rate C <-> G: 0.613944
rate C <-> H: 0.718002
rate C <-> I: 0.176899
rate C <-> L: 0.239334
rate C <-> K: 0.072841
rate C <-> M: 0.322581
rate C <-> F: 0.811655
rate C <-> P: 0.145682
rate C <-> S: 2.320499
rate C <-> T: 0.437045
rate C <-> W: 1.196670
rate C <-> Y: 2.174818
rate C <-> V: 0.645161
rate Q <-> E: 3.361082
rate Q <-> G: 0.270552
rate Q <-> H: 6.212279
rate Q <-> I: 0.093652
rate Q <-> L: 0.749220
rate Q <-> K: 3.038502
rate Q <-> M: 0.447451
rate Q <-> F: 0.041623
rate Q <-> P: 1.706556
rate Q <-> S: 0.551509
rate Q <-> T: 0.530697
rate Q <-> W: 0.187305
rate Q <-> Y: 0.249740
rate Q <-> V: 0.208117
rate E <-> G: 1.238293
rate E <-> H: 0.270552
rate E <-> I: 0.124870
rate E <-> L: 0.093652
rate E <-> K: 1.883455
rate E <-> M: 0.187305
rate E <-> F: 0.052029
rate E <-> P: 0.187305
rate E <-> S: 0.312175
rate E <-> T: 0.332986
rate E <-> W: 0.104058
rate E <-> Y: 0.072841
rate E <-> V: 0.468262
rate G <-> H: 0.239334
rate G <-> I: 0.062435
rate G <-> L: 0.062435
rate G <-> K: 0.280957
rate G <-> M: 0.145682
rate G <-> F: 0.052029
rate G <-> P: 0.249740
rate G <-> S: 2.091571
rate G <-> T: 0.343392
rate G <-> W: 0.572320
rate G <-> Y: 0.083247
rate G <-> V: 0.489074
rate H <-> I: 0.166493
rate H <-> L: 0.582726
rate H <-> K: 0.468262
rate H <-> M: 0.343392
rate H <-> F: 0.416233
rate H <-> P: 1.196670
rate H <-> S: 0.759625
rate H <-> T: 0.478668
rate H <-> W: 0.083247
rate H <-> Y: 5.962539
rate H <-> V: 0.114464
rate I <-> L: 2.382934
rate I <-> K: 0.218522
rate I <-> M: 4.984391
rate I <-> F: 0.926119
rate I <-> P: 0.104058
rate I <-> S: 0.416233
rate I <-> T: 2.549428
rate I <-> W: 0.093652
rate I <-> Y: 0.332986
rate I <-> V: 10.000000
rate L <-> K: 0.145682
rate L <-> M: 4.037461
rate L <-> F: 2.580645
rate L <-> P: 1.061394
rate L <-> S: 0.613944
rate L <-> T: 0.260146
rate L <-> W: 0.541103
rate L <-> Y: 0.249740
rate L <-> V: 1.873049
rate K <-> M: 0.676379
rate K <-> F: 0.041623
rate K <-> P: 0.218522
rate K <-> S: 0.489074
rate K <-> T: 1.071800
rate K <-> W: 0.104058
rate K <-> Y: 0.083247
rate K <-> V: 0.145682
rate M <-> F: 0.447451
rate M <-> P: 0.166493
rate M <-> S: 0.301769
rate M <-> T: 2.351717
rate M <-> W: 0.249740
rate M <-> Y: 0.187305
rate M <-> V: 3.361082
rate F <-> P: 0.176899
rate F <-> S: 0.957336
rate F <-> T: 0.124870
rate F <-> W: 0.551509
rate F <-> Y: 5.577523
rate F <-> V: 0.645161
rate P <-> S: 2.965661
rate P <-> T: 1.227888
rate P <-> W: 0.062435
rate P <-> Y: 0.104058
rate P <-> V: 0.239334
rate S <-> T: 4.963580
rate S <-> W: 0.364204
rate S <-> Y: 0.655567
rate S <-> V: 0.395421
rate T <-> W: 0.124870
rate T <-> Y: 0.218522
rate T <-> V: 1.165453
rate W <-> Y: 0.738814
rate W <-> V: 0.260146
rate Y <-> V: 0.166493

freq pi(A): 0.076748
freq pi(R): 0.051691
freq pi(N): 0.042645
freq pi(D): 0.051544
freq pi(C): 0.019803
freq pi(Q): 0.040752
freq pi(E): 0.061830
freq pi(G): 0.073152
freq pi(H): 0.022944
freq pi(I): 0.053761
freq pi(L): 0.091904
freq pi(K): 0.058676
freq pi(M): 0.023826
freq pi(F): 0.040126
freq pi(P): 0.050901
freq pi(S): 0.068765
freq pi(T): 0.058565
freq pi(W): 0.014261
freq pi(Y): 0.032102
freq pi(V): 0.066004


ML search took 5.029165 secs or 0.001397 hours

Combined Bootstrap and ML search took 10.818242 secs or 0.003005 hours

Drawing Bootstrap Support Values on best-scoring ML tree ...



Found 1 tree in File /Users/prigozhin/Dropbox/NLRomes/Atha_SnkMk_NLRome/RAxML_tree_pbNB-ARC/Clade_Refinement_1/RAxML_bestTree.Int14939_40_64_R_9.Raxml.out



Found 1 tree in File /Users/prigozhin/Dropbox/NLRomes/Atha_SnkMk_NLRome/RAxML_tree_pbNB-ARC/Clade_Refinement_1/RAxML_bestTree.Int14939_40_64_R_9.Raxml.out

Program execution info written to /Users/prigozhin/Dropbox/NLRomes/Atha_SnkMk_NLRome/RAxML_tree_pbNB-ARC/Clade_Refinement_1/RAxML_info.Int14939_40_64_R_9.Raxml.out
All 100 bootstrapped trees written to: /Users/prigozhin/Dropbox/NLRomes/Atha_SnkMk_NLRome/RAxML_tree_pbNB-ARC/Clade_Refinement_1/RAxML_bootstrap.Int14939_40_64_R_9.Raxml.out

Best-scoring ML tree written to: /Users/prigozhin/Dropbox/NLRomes/Atha_SnkMk_NLRome/RAxML_tree_pbNB-ARC/Clade_Refinement_1/RAxML_bestTree.Int14939_40_64_R_9.Raxml.out

Best-scoring ML tree with support values written to: /Users/prigozhin/Dropbox/NLRomes/Atha_SnkMk_NLRome/RAxML_tree_pbNB-ARC/Clade_Refinement_1/RAxML_bipartitions.Int14939_40_64_R_9.Raxml.out

Best-scoring ML tree with support values as branch labels written to: /Users/prigozhin/Dropbox/NLRomes/Atha_SnkMk_NLRome/RAxML_tree_pbNB-ARC/Clade_Refinement_1/RAxML_bipartitionsBranchLabels.Int14939_40_64_R_9.Raxml.out

Overall execution time for full ML analysis: 10.821394 secs or 0.003006 hours or 0.000125 days

