

This is RAxML version 8.2.12 released by Alexandros Stamatakis on May 2018.

With greatly appreciated code contributions by:
Andre Aberer      (HITS)
Simon Berger      (HITS)
Alexey Kozlov     (HITS)
Kassian Kobert    (HITS)
David Dao         (KIT and HITS)
Sarah Lutteropp   (KIT and HITS)
Nick Pattengale   (Sandia)
Wayne Pfeiffer    (SDSC)
Akifumi S. Tanabe (NRIFS)
Charlie Taylor    (UF)


Alignment has 63 distinct alignment patterns

Proportion of gaps and completely undetermined characters in this alignment: 2.61%

RAxML rapid bootstrapping and subsequent ML search

Using 1 distinct models/data partitions with joint branch length optimization



Executing 100 rapid bootstrap inferences and thereafter a thorough ML search 

All free model parameters will be estimated by RAxML
ML estimate of 25 per site rate categories

Likelihood of final tree will be evaluated and optimized under GAMMA

GAMMA Model parameters will be estimated up to an accuracy of 0.1000000000 Log Likelihood units

Partition: 0
Alignment Patterns: 63
Name: No Name Provided
DataType: AA
Substitution Matrix: JTT
Using fixed base frequencies




RAxML was called as follows:

/Users/prigozhin/Installers/standard-RAxML/raxmlHPC-PTHREADS-AVX -T 2 -n Int15041_179_346_R_4.Raxml.out -f a -x 12345 -p 12345 -# 100 -m PROTCATJTT -s ../../RAxML_tree_pbNB-ARC/Clade_Refinement_1/Int15041_179_346_R_4.afa 



Time for BS model parameter optimization 0.022027
Bootstrap[0]: Time 0.025609 seconds, bootstrap likelihood -2738.020180, best rearrangement setting 13
Bootstrap[1]: Time 0.002660 seconds, bootstrap likelihood -2742.841032, best rearrangement setting 13
Bootstrap[2]: Time 0.002525 seconds, bootstrap likelihood -2740.167933, best rearrangement setting 12
Bootstrap[3]: Time 0.002527 seconds, bootstrap likelihood -2752.723827, best rearrangement setting 15
Bootstrap[4]: Time 0.002754 seconds, bootstrap likelihood -2732.687124, best rearrangement setting 10
Bootstrap[5]: Time 0.002921 seconds, bootstrap likelihood -2742.990991, best rearrangement setting 10
Bootstrap[6]: Time 0.002563 seconds, bootstrap likelihood -2746.159518, best rearrangement setting 6
Bootstrap[7]: Time 0.002580 seconds, bootstrap likelihood -2749.030307, best rearrangement setting 14
Bootstrap[8]: Time 0.002684 seconds, bootstrap likelihood -2712.268100, best rearrangement setting 5
Bootstrap[9]: Time 0.002740 seconds, bootstrap likelihood -2756.806780, best rearrangement setting 7
Bootstrap[10]: Time 0.002694 seconds, bootstrap likelihood -2754.547241, best rearrangement setting 7
Bootstrap[11]: Time 0.002553 seconds, bootstrap likelihood -2730.720706, best rearrangement setting 5
Bootstrap[12]: Time 0.002296 seconds, bootstrap likelihood -2767.510153, best rearrangement setting 8
Bootstrap[13]: Time 0.002808 seconds, bootstrap likelihood -2742.737523, best rearrangement setting 7
Bootstrap[14]: Time 0.002744 seconds, bootstrap likelihood -2728.628429, best rearrangement setting 12
Bootstrap[15]: Time 0.002594 seconds, bootstrap likelihood -2711.004893, best rearrangement setting 15
Bootstrap[16]: Time 0.002560 seconds, bootstrap likelihood -2763.350480, best rearrangement setting 12
Bootstrap[17]: Time 0.002666 seconds, bootstrap likelihood -2729.189751, best rearrangement setting 12
Bootstrap[18]: Time 0.002649 seconds, bootstrap likelihood -2757.723824, best rearrangement setting 5
Bootstrap[19]: Time 0.002530 seconds, bootstrap likelihood -2751.193447, best rearrangement setting 8
Bootstrap[20]: Time 0.002520 seconds, bootstrap likelihood -2712.340204, best rearrangement setting 10
Bootstrap[21]: Time 0.002600 seconds, bootstrap likelihood -2743.935505, best rearrangement setting 6
Bootstrap[22]: Time 0.002887 seconds, bootstrap likelihood -2759.008573, best rearrangement setting 5
Bootstrap[23]: Time 0.002574 seconds, bootstrap likelihood -2768.139933, best rearrangement setting 7
Bootstrap[24]: Time 0.002706 seconds, bootstrap likelihood -2723.793878, best rearrangement setting 8
Bootstrap[25]: Time 0.002889 seconds, bootstrap likelihood -2739.227822, best rearrangement setting 6
Bootstrap[26]: Time 0.002650 seconds, bootstrap likelihood -2732.429679, best rearrangement setting 12
Bootstrap[27]: Time 0.002621 seconds, bootstrap likelihood -2750.592454, best rearrangement setting 10
Bootstrap[28]: Time 0.002868 seconds, bootstrap likelihood -2737.142557, best rearrangement setting 11
Bootstrap[29]: Time 0.002825 seconds, bootstrap likelihood -2733.137283, best rearrangement setting 12
Bootstrap[30]: Time 0.002973 seconds, bootstrap likelihood -2723.625778, best rearrangement setting 15
Bootstrap[31]: Time 0.002417 seconds, bootstrap likelihood -2731.949261, best rearrangement setting 15
Bootstrap[32]: Time 0.002394 seconds, bootstrap likelihood -2733.106286, best rearrangement setting 6
Bootstrap[33]: Time 0.002606 seconds, bootstrap likelihood -2796.335152, best rearrangement setting 15
Bootstrap[34]: Time 0.002417 seconds, bootstrap likelihood -2732.956905, best rearrangement setting 11
Bootstrap[35]: Time 0.002323 seconds, bootstrap likelihood -2734.649258, best rearrangement setting 8
Bootstrap[36]: Time 0.003147 seconds, bootstrap likelihood -2757.299404, best rearrangement setting 9
Bootstrap[37]: Time 0.002298 seconds, bootstrap likelihood -2718.425645, best rearrangement setting 11
Bootstrap[38]: Time 0.003142 seconds, bootstrap likelihood -2737.601087, best rearrangement setting 8
Bootstrap[39]: Time 0.002301 seconds, bootstrap likelihood -2757.517610, best rearrangement setting 13
Bootstrap[40]: Time 0.002828 seconds, bootstrap likelihood -2731.072090, best rearrangement setting 13
Bootstrap[41]: Time 0.002663 seconds, bootstrap likelihood -2741.169566, best rearrangement setting 10
Bootstrap[42]: Time 0.002894 seconds, bootstrap likelihood -2744.011750, best rearrangement setting 5
Bootstrap[43]: Time 0.002872 seconds, bootstrap likelihood -2738.140547, best rearrangement setting 14
Bootstrap[44]: Time 0.002887 seconds, bootstrap likelihood -2710.773788, best rearrangement setting 10
Bootstrap[45]: Time 0.002608 seconds, bootstrap likelihood -2747.812559, best rearrangement setting 15
Bootstrap[46]: Time 0.002917 seconds, bootstrap likelihood -2748.513054, best rearrangement setting 14
Bootstrap[47]: Time 0.002550 seconds, bootstrap likelihood -2742.368946, best rearrangement setting 8
Bootstrap[48]: Time 0.002769 seconds, bootstrap likelihood -2719.549965, best rearrangement setting 6
Bootstrap[49]: Time 0.002520 seconds, bootstrap likelihood -2743.331282, best rearrangement setting 7
Bootstrap[50]: Time 0.002295 seconds, bootstrap likelihood -2758.858990, best rearrangement setting 7
Bootstrap[51]: Time 0.002332 seconds, bootstrap likelihood -2739.389945, best rearrangement setting 11
Bootstrap[52]: Time 0.002358 seconds, bootstrap likelihood -2731.933491, best rearrangement setting 12
Bootstrap[53]: Time 0.002319 seconds, bootstrap likelihood -2715.844001, best rearrangement setting 8
Bootstrap[54]: Time 0.004674 seconds, bootstrap likelihood -2728.843703, best rearrangement setting 9
Bootstrap[55]: Time 0.002851 seconds, bootstrap likelihood -2752.888484, best rearrangement setting 11
Bootstrap[56]: Time 0.002292 seconds, bootstrap likelihood -2759.084000, best rearrangement setting 5
Bootstrap[57]: Time 0.002281 seconds, bootstrap likelihood -2751.708678, best rearrangement setting 7
Bootstrap[58]: Time 0.002235 seconds, bootstrap likelihood -2738.380179, best rearrangement setting 10
Bootstrap[59]: Time 0.002327 seconds, bootstrap likelihood -2765.910260, best rearrangement setting 9
Bootstrap[60]: Time 0.003003 seconds, bootstrap likelihood -2760.084928, best rearrangement setting 7
Bootstrap[61]: Time 0.003146 seconds, bootstrap likelihood -2717.677951, best rearrangement setting 5
Bootstrap[62]: Time 0.002394 seconds, bootstrap likelihood -2738.240168, best rearrangement setting 11
Bootstrap[63]: Time 0.002766 seconds, bootstrap likelihood -2733.026051, best rearrangement setting 12
Bootstrap[64]: Time 0.002373 seconds, bootstrap likelihood -2775.319590, best rearrangement setting 7
Bootstrap[65]: Time 0.003010 seconds, bootstrap likelihood -2708.432868, best rearrangement setting 5
Bootstrap[66]: Time 0.002399 seconds, bootstrap likelihood -2726.060919, best rearrangement setting 5
Bootstrap[67]: Time 0.002909 seconds, bootstrap likelihood -2736.296022, best rearrangement setting 15
Bootstrap[68]: Time 0.002397 seconds, bootstrap likelihood -2747.765065, best rearrangement setting 11
Bootstrap[69]: Time 0.002305 seconds, bootstrap likelihood -2742.831821, best rearrangement setting 5
Bootstrap[70]: Time 0.002912 seconds, bootstrap likelihood -2724.651243, best rearrangement setting 8
Bootstrap[71]: Time 0.002291 seconds, bootstrap likelihood -2749.876792, best rearrangement setting 10
Bootstrap[72]: Time 0.002332 seconds, bootstrap likelihood -2745.257381, best rearrangement setting 11
Bootstrap[73]: Time 0.002322 seconds, bootstrap likelihood -2744.840438, best rearrangement setting 9
Bootstrap[74]: Time 0.002333 seconds, bootstrap likelihood -2744.380333, best rearrangement setting 5
Bootstrap[75]: Time 0.003056 seconds, bootstrap likelihood -2728.202078, best rearrangement setting 8
Bootstrap[76]: Time 0.002369 seconds, bootstrap likelihood -2739.785688, best rearrangement setting 9
Bootstrap[77]: Time 0.002931 seconds, bootstrap likelihood -2741.766212, best rearrangement setting 11
Bootstrap[78]: Time 0.002363 seconds, bootstrap likelihood -2752.585805, best rearrangement setting 15
Bootstrap[79]: Time 0.002833 seconds, bootstrap likelihood -2730.477988, best rearrangement setting 9
Bootstrap[80]: Time 0.002431 seconds, bootstrap likelihood -2719.639486, best rearrangement setting 15
Bootstrap[81]: Time 0.002376 seconds, bootstrap likelihood -2741.040123, best rearrangement setting 7
Bootstrap[82]: Time 0.002344 seconds, bootstrap likelihood -2790.547550, best rearrangement setting 6
Bootstrap[83]: Time 0.002611 seconds, bootstrap likelihood -2766.624759, best rearrangement setting 10
Bootstrap[84]: Time 0.002871 seconds, bootstrap likelihood -2739.101346, best rearrangement setting 11
Bootstrap[85]: Time 0.002382 seconds, bootstrap likelihood -2733.231502, best rearrangement setting 8
Bootstrap[86]: Time 0.002368 seconds, bootstrap likelihood -2723.655500, best rearrangement setting 7
Bootstrap[87]: Time 0.002407 seconds, bootstrap likelihood -2766.844950, best rearrangement setting 7
Bootstrap[88]: Time 0.002424 seconds, bootstrap likelihood -2742.417878, best rearrangement setting 12
Bootstrap[89]: Time 0.002285 seconds, bootstrap likelihood -2732.659582, best rearrangement setting 10
Bootstrap[90]: Time 0.002924 seconds, bootstrap likelihood -2751.256635, best rearrangement setting 8
Bootstrap[91]: Time 0.002723 seconds, bootstrap likelihood -2746.361428, best rearrangement setting 12
Bootstrap[92]: Time 0.002557 seconds, bootstrap likelihood -2768.343417, best rearrangement setting 13
Bootstrap[93]: Time 0.004401 seconds, bootstrap likelihood -2733.294907, best rearrangement setting 15
Bootstrap[94]: Time 0.002698 seconds, bootstrap likelihood -2755.923369, best rearrangement setting 5
Bootstrap[95]: Time 0.002567 seconds, bootstrap likelihood -2735.189896, best rearrangement setting 5
Bootstrap[96]: Time 0.002564 seconds, bootstrap likelihood -2758.990391, best rearrangement setting 13
Bootstrap[97]: Time 0.002547 seconds, bootstrap likelihood -2728.909589, best rearrangement setting 11
Bootstrap[98]: Time 0.002764 seconds, bootstrap likelihood -2729.475803, best rearrangement setting 6
Bootstrap[99]: Time 0.002636 seconds, bootstrap likelihood -2776.161539, best rearrangement setting 14


Overall Time for 100 Rapid Bootstraps 0.405325 seconds
Average Time per Rapid Bootstrap 0.004053 seconds

Starting ML Search ...

Fast ML optimization finished

Fast ML search Time: 0.092722 seconds

Slow ML Search 0 Likelihood: -2802.161201
Slow ML Search 1 Likelihood: -2802.161201
Slow ML Search 2 Likelihood: -2802.161201
Slow ML Search 3 Likelihood: -2802.161201
Slow ML Search 4 Likelihood: -2802.161201
Slow ML Search 5 Likelihood: -2802.161201
Slow ML Search 6 Likelihood: -2802.161201
Slow ML Search 7 Likelihood: -2802.161201
Slow ML Search 8 Likelihood: -2802.161201
Slow ML Search 9 Likelihood: -2802.161201
Slow ML optimization finished

Slow ML search Time: 0.041461 seconds
Thorough ML search Time: 0.008163 seconds

Final ML Optimization Likelihood: -2802.161201

Model Information:

Model Parameters of Partition 0, Name: No Name Provided, Type of Data: AA
alpha: 2.391610
Tree-Length: 0.013454
rate A <-> R: 0.603538
rate A <-> N: 0.561915
rate A <-> D: 0.842872
rate A <-> C: 0.582726
rate A <-> Q: 0.593132
rate A <-> E: 1.092612
rate A <-> G: 1.862643
rate A <-> H: 0.280957
rate A <-> I: 0.374610
rate A <-> L: 0.312175
rate A <-> K: 0.364204
rate A <-> M: 0.561915
rate A <-> F: 0.156087
rate A <-> P: 2.018730
rate A <-> S: 3.933403
rate A <-> T: 4.942768
rate A <-> W: 0.093652
rate A <-> Y: 0.114464
rate A <-> V: 3.100937
rate R <-> N: 0.468262
rate R <-> D: 0.166493
rate R <-> C: 1.175858
rate R <-> Q: 3.225806
rate R <-> E: 0.301769
rate R <-> G: 1.425598
rate R <-> H: 3.413111
rate R <-> I: 0.228928
rate R <-> L: 0.395421
rate R <-> K: 6.722164
rate R <-> M: 0.457856
rate R <-> F: 0.052029
rate R <-> P: 0.770031
rate R <-> S: 1.050989
rate R <-> T: 0.665973
rate R <-> W: 1.311134
rate R <-> Y: 0.208117
rate R <-> V: 0.176899
rate N <-> D: 5.494277
rate N <-> C: 0.353798
rate N <-> Q: 0.894901
rate N <-> E: 0.603538
rate N <-> G: 0.842872
rate N <-> H: 4.068678
rate N <-> I: 0.489074
rate N <-> L: 0.124870
rate N <-> K: 2.736733
rate N <-> M: 0.312175
rate N <-> F: 0.104058
rate N <-> P: 0.156087
rate N <-> S: 5.234131
rate N <-> T: 2.414152
rate N <-> W: 0.083247
rate N <-> Y: 0.728408
rate N <-> V: 0.166493
rate D <-> C: 0.104058
rate D <-> Q: 0.509886
rate D <-> E: 7.981270
rate D <-> G: 1.352758
rate D <-> H: 1.165453
rate D <-> I: 0.114464
rate D <-> L: 0.072841
rate D <-> K: 0.270552
rate D <-> M: 0.156087
rate D <-> F: 0.041623
rate D <-> P: 0.156087
rate D <-> S: 0.613944
rate D <-> T: 0.395421
rate D <-> W: 0.041623
rate D <-> Y: 0.478668
rate D <-> V: 0.322581
rate C <-> Q: 0.093652
rate C <-> E: 0.052029
rate C <-> G: 0.613944
rate C <-> H: 0.718002
rate C <-> I: 0.176899
rate C <-> L: 0.239334
rate C <-> K: 0.072841
rate C <-> M: 0.322581
rate C <-> F: 0.811655
rate C <-> P: 0.145682
rate C <-> S: 2.320499
rate C <-> T: 0.437045
rate C <-> W: 1.196670
rate C <-> Y: 2.174818
rate C <-> V: 0.645161
rate Q <-> E: 3.361082
rate Q <-> G: 0.270552
rate Q <-> H: 6.212279
rate Q <-> I: 0.093652
rate Q <-> L: 0.749220
rate Q <-> K: 3.038502
rate Q <-> M: 0.447451
rate Q <-> F: 0.041623
rate Q <-> P: 1.706556
rate Q <-> S: 0.551509
rate Q <-> T: 0.530697
rate Q <-> W: 0.187305
rate Q <-> Y: 0.249740
rate Q <-> V: 0.208117
rate E <-> G: 1.238293
rate E <-> H: 0.270552
rate E <-> I: 0.124870
rate E <-> L: 0.093652
rate E <-> K: 1.883455
rate E <-> M: 0.187305
rate E <-> F: 0.052029
rate E <-> P: 0.187305
rate E <-> S: 0.312175
rate E <-> T: 0.332986
rate E <-> W: 0.104058
rate E <-> Y: 0.072841
rate E <-> V: 0.468262
rate G <-> H: 0.239334
rate G <-> I: 0.062435
rate G <-> L: 0.062435
rate G <-> K: 0.280957
rate G <-> M: 0.145682
rate G <-> F: 0.052029
rate G <-> P: 0.249740
rate G <-> S: 2.091571
rate G <-> T: 0.343392
rate G <-> W: 0.572320
rate G <-> Y: 0.083247
rate G <-> V: 0.489074
rate H <-> I: 0.166493
rate H <-> L: 0.582726
rate H <-> K: 0.468262
rate H <-> M: 0.343392
rate H <-> F: 0.416233
rate H <-> P: 1.196670
rate H <-> S: 0.759625
rate H <-> T: 0.478668
rate H <-> W: 0.083247
rate H <-> Y: 5.962539
rate H <-> V: 0.114464
rate I <-> L: 2.382934
rate I <-> K: 0.218522
rate I <-> M: 4.984391
rate I <-> F: 0.926119
rate I <-> P: 0.104058
rate I <-> S: 0.416233
rate I <-> T: 2.549428
rate I <-> W: 0.093652
rate I <-> Y: 0.332986
rate I <-> V: 10.000000
rate L <-> K: 0.145682
rate L <-> M: 4.037461
rate L <-> F: 2.580645
rate L <-> P: 1.061394
rate L <-> S: 0.613944
rate L <-> T: 0.260146
rate L <-> W: 0.541103
rate L <-> Y: 0.249740
rate L <-> V: 1.873049
rate K <-> M: 0.676379
rate K <-> F: 0.041623
rate K <-> P: 0.218522
rate K <-> S: 0.489074
rate K <-> T: 1.071800
rate K <-> W: 0.104058
rate K <-> Y: 0.083247
rate K <-> V: 0.145682
rate M <-> F: 0.447451
rate M <-> P: 0.166493
rate M <-> S: 0.301769
rate M <-> T: 2.351717
rate M <-> W: 0.249740
rate M <-> Y: 0.187305
rate M <-> V: 3.361082
rate F <-> P: 0.176899
rate F <-> S: 0.957336
rate F <-> T: 0.124870
rate F <-> W: 0.551509
rate F <-> Y: 5.577523
rate F <-> V: 0.645161
rate P <-> S: 2.965661
rate P <-> T: 1.227888
rate P <-> W: 0.062435
rate P <-> Y: 0.104058
rate P <-> V: 0.239334
rate S <-> T: 4.963580
rate S <-> W: 0.364204
rate S <-> Y: 0.655567
rate S <-> V: 0.395421
rate T <-> W: 0.124870
rate T <-> Y: 0.218522
rate T <-> V: 1.165453
rate W <-> Y: 0.738814
rate W <-> V: 0.260146
rate Y <-> V: 0.166493

freq pi(A): 0.076748
freq pi(R): 0.051691
freq pi(N): 0.042645
freq pi(D): 0.051544
freq pi(C): 0.019803
freq pi(Q): 0.040752
freq pi(E): 0.061830
freq pi(G): 0.073152
freq pi(H): 0.022944
freq pi(I): 0.053761
freq pi(L): 0.091904
freq pi(K): 0.058676
freq pi(M): 0.023826
freq pi(F): 0.040126
freq pi(P): 0.050901
freq pi(S): 0.068765
freq pi(T): 0.058565
freq pi(W): 0.014261
freq pi(Y): 0.032102
freq pi(V): 0.066004


ML search took 0.191828 secs or 0.000053 hours

Combined Bootstrap and ML search took 0.597304 secs or 0.000166 hours

Drawing Bootstrap Support Values on best-scoring ML tree ...



Found 1 tree in File /Users/prigozhin/Dropbox/NLRomes/Atha_SnkMk_NLRome/RAxML_tree_pbNB-ARC/Clade_Refinement_1/RAxML_bestTree.Int15041_179_346_R_4.Raxml.out



Found 1 tree in File /Users/prigozhin/Dropbox/NLRomes/Atha_SnkMk_NLRome/RAxML_tree_pbNB-ARC/Clade_Refinement_1/RAxML_bestTree.Int15041_179_346_R_4.Raxml.out

Program execution info written to /Users/prigozhin/Dropbox/NLRomes/Atha_SnkMk_NLRome/RAxML_tree_pbNB-ARC/Clade_Refinement_1/RAxML_info.Int15041_179_346_R_4.Raxml.out
All 100 bootstrapped trees written to: /Users/prigozhin/Dropbox/NLRomes/Atha_SnkMk_NLRome/RAxML_tree_pbNB-ARC/Clade_Refinement_1/RAxML_bootstrap.Int15041_179_346_R_4.Raxml.out

Best-scoring ML tree written to: /Users/prigozhin/Dropbox/NLRomes/Atha_SnkMk_NLRome/RAxML_tree_pbNB-ARC/Clade_Refinement_1/RAxML_bestTree.Int15041_179_346_R_4.Raxml.out

Best-scoring ML tree with support values written to: /Users/prigozhin/Dropbox/NLRomes/Atha_SnkMk_NLRome/RAxML_tree_pbNB-ARC/Clade_Refinement_1/RAxML_bipartitions.Int15041_179_346_R_4.Raxml.out

Best-scoring ML tree with support values as branch labels written to: /Users/prigozhin/Dropbox/NLRomes/Atha_SnkMk_NLRome/RAxML_tree_pbNB-ARC/Clade_Refinement_1/RAxML_bipartitionsBranchLabels.Int15041_179_346_R_4.Raxml.out

Overall execution time for full ML analysis: 0.599132 secs or 0.000166 hours or 0.000007 days

