(9518_T505-R1,((9557_T512-R1,7417_T346-R1),((9332_T360-R1,9542_T431-R1),(9600_T401-R1,9533_T464-R1))),9580_T482-R1);
(9518_T505-R1,((9557_T512-R1,7417_T346-R1),((9332_T360-R1,9542_T431-R1),(9600_T401-R1,9533_T464-R1))),9580_T482-R1);
((9557_T512-R1,7417_T346-R1),(((9332_T360-R1,(9600_T401-R1,9542_T431-R1)),9533_T464-R1),9518_T505-R1),9580_T482-R1);
((9557_T512-R1,7417_T346-R1),(((9332_T360-R1,(9600_T401-R1,9542_T431-R1)),9533_T464-R1),9518_T505-R1),9580_T482-R1);
((9557_T512-R1,7417_T346-R1),(((9332_T360-R1,(9600_T401-R1,9542_T431-R1)),9533_T464-R1),9518_T505-R1),9580_T482-R1);
((9557_T512-R1,7417_T346-R1),(((9332_T360-R1,(9600_T401-R1,9542_T431-R1)),9533_T464-R1),9518_T505-R1),9580_T482-R1);
((9557_T512-R1,7417_T346-R1),(((9600_T401-R1,(9542_T431-R1,9332_T360-R1)),9533_T464-R1),9518_T505-R1),9580_T482-R1);
((9557_T512-R1,7417_T346-R1),(((9600_T401-R1,(9542_T431-R1,9332_T360-R1)),9533_T464-R1),9518_T505-R1),9580_T482-R1);
((9557_T512-R1,7417_T346-R1),(((9600_T401-R1,(9542_T431-R1,9332_T360-R1)),9533_T464-R1),9518_T505-R1),9580_T482-R1);
((9557_T512-R1,7417_T346-R1),((((9600_T401-R1,9542_T431-R1),9533_T464-R1),9332_T360-R1),9518_T505-R1),9580_T482-R1);
((7417_T346-R1,9557_T512-R1),(9518_T505-R1,((9533_T464-R1,(9600_T401-R1,9542_T431-R1)),9332_T360-R1)),9580_T482-R1);
((7417_T346-R1,9557_T512-R1),(9518_T505-R1,(9533_T464-R1,(9600_T401-R1,(9332_T360-R1,9542_T431-R1)))),9580_T482-R1);
((9533_T464-R1,(9332_T360-R1,(9542_T431-R1,9600_T401-R1))),((7417_T346-R1,9557_T512-R1),9518_T505-R1),9580_T482-R1);
((7417_T346-R1,9557_T512-R1),(9518_T505-R1,(9533_T464-R1,(9600_T401-R1,(9332_T360-R1,9542_T431-R1)))),9580_T482-R1);
((7417_T346-R1,9557_T512-R1),(9518_T505-R1,((9533_T464-R1,(9600_T401-R1,9542_T431-R1)),9332_T360-R1)),9580_T482-R1);
((7417_T346-R1,9557_T512-R1),(9518_T505-R1,((9533_T464-R1,(9600_T401-R1,9542_T431-R1)),9332_T360-R1)),9580_T482-R1);
((7417_T346-R1,9557_T512-R1),(9518_T505-R1,((9533_T464-R1,(9600_T401-R1,9542_T431-R1)),9332_T360-R1)),9580_T482-R1);
((7417_T346-R1,9557_T512-R1),(9518_T505-R1,((9332_T360-R1,9542_T431-R1),(9533_T464-R1,9600_T401-R1))),9580_T482-R1);
((7417_T346-R1,9557_T512-R1),(9518_T505-R1,((9332_T360-R1,9542_T431-R1),(9533_T464-R1,9600_T401-R1))),9580_T482-R1);
((7417_T346-R1,9557_T512-R1),(9518_T505-R1,((9332_T360-R1,(9600_T401-R1,9542_T431-R1)),9533_T464-R1)),9580_T482-R1);
((9533_T464-R1,(9600_T401-R1,(9332_T360-R1,9542_T431-R1))),(9518_T505-R1,(7417_T346-R1,9557_T512-R1)),9580_T482-R1);
((9533_T464-R1,(9600_T401-R1,(9332_T360-R1,9542_T431-R1))),(9518_T505-R1,(7417_T346-R1,9557_T512-R1)),9580_T482-R1);
((9533_T464-R1,(9600_T401-R1,(9332_T360-R1,9542_T431-R1))),(9518_T505-R1,(7417_T346-R1,9557_T512-R1)),9580_T482-R1);
((9533_T464-R1,(9600_T401-R1,(9332_T360-R1,9542_T431-R1))),(9518_T505-R1,(7417_T346-R1,9557_T512-R1)),9580_T482-R1);
((7417_T346-R1,9557_T512-R1),(((9533_T464-R1,(9600_T401-R1,9542_T431-R1)),9332_T360-R1),9518_T505-R1),9580_T482-R1);
((7417_T346-R1,9557_T512-R1),(((9533_T464-R1,(9600_T401-R1,9542_T431-R1)),9332_T360-R1),9518_T505-R1),9580_T482-R1);
((7417_T346-R1,9557_T512-R1),(((9533_T464-R1,(9600_T401-R1,9542_T431-R1)),9332_T360-R1),9518_T505-R1),9580_T482-R1);
((((9600_T401-R1,(9332_T360-R1,9542_T431-R1)),9533_T464-R1),9518_T505-R1),(7417_T346-R1,9557_T512-R1),9580_T482-R1);
(((((9600_T401-R1,9542_T431-R1),9533_T464-R1),9332_T360-R1),9518_T505-R1),(7417_T346-R1,9557_T512-R1),9580_T482-R1);
((((9332_T360-R1,9542_T431-R1),(9533_T464-R1,9600_T401-R1)),9518_T505-R1),(7417_T346-R1,9557_T512-R1),9580_T482-R1);
((7417_T346-R1,9557_T512-R1),(((9533_T464-R1,9332_T360-R1),(9600_T401-R1,9542_T431-R1)),9518_T505-R1),9580_T482-R1);
((7417_T346-R1,9557_T512-R1),(((9533_T464-R1,9332_T360-R1),(9600_T401-R1,9542_T431-R1)),9518_T505-R1),9580_T482-R1);
(9533_T464-R1,(9600_T401-R1,((9332_T360-R1,((7417_T346-R1,9557_T512-R1),9542_T431-R1)),9518_T505-R1)),9580_T482-R1);
(((7417_T346-R1,9557_T512-R1),9518_T505-R1),(((9542_T431-R1,9600_T401-R1),9533_T464-R1),9332_T360-R1),9580_T482-R1);
((7417_T346-R1,9557_T512-R1),(9518_T505-R1,((9600_T401-R1,(9332_T360-R1,9542_T431-R1)),9533_T464-R1)),9580_T482-R1);
((7417_T346-R1,9557_T512-R1),(9518_T505-R1,((9600_T401-R1,(9332_T360-R1,9542_T431-R1)),9533_T464-R1)),9580_T482-R1);
((7417_T346-R1,9557_T512-R1),(9518_T505-R1,((9600_T401-R1,(9332_T360-R1,9542_T431-R1)),9533_T464-R1)),9580_T482-R1);
(((9533_T464-R1,9518_T505-R1),((7417_T346-R1,9557_T512-R1),9332_T360-R1)),(9600_T401-R1,9542_T431-R1),9580_T482-R1);
(9600_T401-R1,(9533_T464-R1,(9518_T505-R1,((7417_T346-R1,9557_T512-R1),(9542_T431-R1,9332_T360-R1)))),9580_T482-R1);
(9600_T401-R1,(9533_T464-R1,(9518_T505-R1,((7417_T346-R1,9557_T512-R1),(9542_T431-R1,9332_T360-R1)))),9580_T482-R1);
(9518_T505-R1,((9600_T401-R1,(9533_T464-R1,(9332_T360-R1,9542_T431-R1))),(7417_T346-R1,9557_T512-R1)),9580_T482-R1);
(9518_T505-R1,((9600_T401-R1,(9533_T464-R1,(9332_T360-R1,9542_T431-R1))),(7417_T346-R1,9557_T512-R1)),9580_T482-R1);
(9518_T505-R1,((9600_T401-R1,(9533_T464-R1,(9332_T360-R1,9542_T431-R1))),(7417_T346-R1,9557_T512-R1)),9580_T482-R1);
(9518_T505-R1,((9600_T401-R1,(9533_T464-R1,(9332_T360-R1,9542_T431-R1))),(7417_T346-R1,9557_T512-R1)),9580_T482-R1);
(9518_T505-R1,((9600_T401-R1,(9533_T464-R1,(9332_T360-R1,9542_T431-R1))),(7417_T346-R1,9557_T512-R1)),9580_T482-R1);
(9518_T505-R1,((9600_T401-R1,(9533_T464-R1,(9332_T360-R1,9542_T431-R1))),(7417_T346-R1,9557_T512-R1)),9580_T482-R1);
(9518_T505-R1,((9600_T401-R1,(9533_T464-R1,(9332_T360-R1,9542_T431-R1))),(7417_T346-R1,9557_T512-R1)),9580_T482-R1);
(9518_T505-R1,((9600_T401-R1,(9533_T464-R1,(9332_T360-R1,9542_T431-R1))),(7417_T346-R1,9557_T512-R1)),9580_T482-R1);
(9518_T505-R1,((9600_T401-R1,(9533_T464-R1,(9332_T360-R1,9542_T431-R1))),(7417_T346-R1,9557_T512-R1)),9580_T482-R1);
(9518_T505-R1,((9600_T401-R1,(9533_T464-R1,(9332_T360-R1,9542_T431-R1))),(7417_T346-R1,9557_T512-R1)),9580_T482-R1);
(((7417_T346-R1,9557_T512-R1),(9600_T401-R1,(9533_T464-R1,(9332_T360-R1,9542_T431-R1)))),9518_T505-R1,9580_T482-R1);
(((7417_T346-R1,9557_T512-R1),(9600_T401-R1,(9533_T464-R1,(9332_T360-R1,9542_T431-R1)))),9518_T505-R1,9580_T482-R1);
((7417_T346-R1,9557_T512-R1),(((9600_T401-R1,9542_T431-R1),(9533_T464-R1,9332_T360-R1)),9518_T505-R1),9580_T482-R1);
((7417_T346-R1,9557_T512-R1),(((9600_T401-R1,9542_T431-R1),(9533_T464-R1,9332_T360-R1)),9518_T505-R1),9580_T482-R1);
((7417_T346-R1,9557_T512-R1),(((9600_T401-R1,9533_T464-R1),(9332_T360-R1,9542_T431-R1)),9518_T505-R1),9580_T482-R1);
((7417_T346-R1,9557_T512-R1),(((9600_T401-R1,9533_T464-R1),(9332_T360-R1,9542_T431-R1)),9518_T505-R1),9580_T482-R1);
((7417_T346-R1,9557_T512-R1),(((9600_T401-R1,9533_T464-R1),(9332_T360-R1,9542_T431-R1)),9518_T505-R1),9580_T482-R1);
((7417_T346-R1,9557_T512-R1),(((9600_T401-R1,9533_T464-R1),(9332_T360-R1,9542_T431-R1)),9518_T505-R1),9580_T482-R1);
((7417_T346-R1,9557_T512-R1),(((9600_T401-R1,9533_T464-R1),(9332_T360-R1,9542_T431-R1)),9518_T505-R1),9580_T482-R1);
((7417_T346-R1,9557_T512-R1),(((9600_T401-R1,9533_T464-R1),(9332_T360-R1,9542_T431-R1)),9518_T505-R1),9580_T482-R1);
(((9332_T360-R1,(7417_T346-R1,9557_T512-R1)),(9533_T464-R1,9518_T505-R1)),(9600_T401-R1,9542_T431-R1),9580_T482-R1);
((9533_T464-R1,(9600_T401-R1,(9332_T360-R1,9542_T431-R1))),((7417_T346-R1,9557_T512-R1),9518_T505-R1),9580_T482-R1);
((9533_T464-R1,(9600_T401-R1,(9332_T360-R1,9542_T431-R1))),((7417_T346-R1,9557_T512-R1),9518_T505-R1),9580_T482-R1);
((9533_T464-R1,(9600_T401-R1,(9332_T360-R1,9542_T431-R1))),((7417_T346-R1,9557_T512-R1),9518_T505-R1),9580_T482-R1);
((9533_T464-R1,(9600_T401-R1,(9332_T360-R1,9542_T431-R1))),((7417_T346-R1,9557_T512-R1),9518_T505-R1),9580_T482-R1);
((9533_T464-R1,(9600_T401-R1,(9332_T360-R1,9542_T431-R1))),((7417_T346-R1,9557_T512-R1),9518_T505-R1),9580_T482-R1);
((9533_T464-R1,(9600_T401-R1,(9332_T360-R1,9542_T431-R1))),((7417_T346-R1,9557_T512-R1),9518_T505-R1),9580_T482-R1);
((9533_T464-R1,(9600_T401-R1,(9332_T360-R1,9542_T431-R1))),((7417_T346-R1,9557_T512-R1),9518_T505-R1),9580_T482-R1);
((9533_T464-R1,(9600_T401-R1,(9332_T360-R1,9542_T431-R1))),((7417_T346-R1,9557_T512-R1),9518_T505-R1),9580_T482-R1);
((9533_T464-R1,(9600_T401-R1,(9332_T360-R1,9542_T431-R1))),((7417_T346-R1,9557_T512-R1),9518_T505-R1),9580_T482-R1);
((7417_T346-R1,9557_T512-R1),(9518_T505-R1,(9533_T464-R1,(9600_T401-R1,(9332_T360-R1,9542_T431-R1)))),9580_T482-R1);
((7417_T346-R1,9557_T512-R1),(9518_T505-R1,(9533_T464-R1,(9600_T401-R1,(9332_T360-R1,9542_T431-R1)))),9580_T482-R1);
((7417_T346-R1,9557_T512-R1),(9518_T505-R1,(9533_T464-R1,(9600_T401-R1,(9332_T360-R1,9542_T431-R1)))),9580_T482-R1);
((7417_T346-R1,9557_T512-R1),(9518_T505-R1,(9533_T464-R1,(9600_T401-R1,(9332_T360-R1,9542_T431-R1)))),9580_T482-R1);
((7417_T346-R1,9557_T512-R1),(9518_T505-R1,(9533_T464-R1,(9600_T401-R1,(9332_T360-R1,9542_T431-R1)))),9580_T482-R1);
((7417_T346-R1,9557_T512-R1),(9518_T505-R1,(9533_T464-R1,(9600_T401-R1,(9332_T360-R1,9542_T431-R1)))),9580_T482-R1);
((7417_T346-R1,9557_T512-R1),(9518_T505-R1,((9332_T360-R1,9533_T464-R1),(9600_T401-R1,9542_T431-R1))),9580_T482-R1);
((7417_T346-R1,9557_T512-R1),(9518_T505-R1,((9332_T360-R1,9533_T464-R1),(9600_T401-R1,9542_T431-R1))),9580_T482-R1);
(((9600_T401-R1,((7417_T346-R1,9557_T512-R1),(9332_T360-R1,9542_T431-R1))),9518_T505-R1),9533_T464-R1,9580_T482-R1);
((9518_T505-R1,(7417_T346-R1,9557_T512-R1)),(9533_T464-R1,((9332_T360-R1,9542_T431-R1),9600_T401-R1)),9580_T482-R1);
((9557_T512-R1,7417_T346-R1),(9518_T505-R1,((9332_T360-R1,9542_T431-R1),(9533_T464-R1,9600_T401-R1))),9580_T482-R1);
((9557_T512-R1,7417_T346-R1),(9518_T505-R1,((9332_T360-R1,9542_T431-R1),(9533_T464-R1,9600_T401-R1))),9580_T482-R1);
((9557_T512-R1,7417_T346-R1),(9518_T505-R1,((9332_T360-R1,9542_T431-R1),(9533_T464-R1,9600_T401-R1))),9580_T482-R1);
((9557_T512-R1,7417_T346-R1),(9518_T505-R1,((9332_T360-R1,9542_T431-R1),(9533_T464-R1,9600_T401-R1))),9580_T482-R1);
((9557_T512-R1,7417_T346-R1),(9518_T505-R1,((9332_T360-R1,9542_T431-R1),(9533_T464-R1,9600_T401-R1))),9580_T482-R1);
((9557_T512-R1,7417_T346-R1),(9518_T505-R1,((9332_T360-R1,9542_T431-R1),(9533_T464-R1,9600_T401-R1))),9580_T482-R1);
((9557_T512-R1,7417_T346-R1),(9518_T505-R1,((9332_T360-R1,9542_T431-R1),(9533_T464-R1,9600_T401-R1))),9580_T482-R1);
((9557_T512-R1,7417_T346-R1),(9518_T505-R1,(9332_T360-R1,(9533_T464-R1,(9542_T431-R1,9600_T401-R1)))),9580_T482-R1);
((9557_T512-R1,7417_T346-R1),(9518_T505-R1,(9332_T360-R1,(9533_T464-R1,(9542_T431-R1,9600_T401-R1)))),9580_T482-R1);
((9557_T512-R1,7417_T346-R1),(9518_T505-R1,(9332_T360-R1,(9533_T464-R1,(9542_T431-R1,9600_T401-R1)))),9580_T482-R1);
((9600_T401-R1,(9533_T464-R1,(9542_T431-R1,9332_T360-R1))),(9518_T505-R1,(7417_T346-R1,9557_T512-R1)),9580_T482-R1);
((9600_T401-R1,(9533_T464-R1,(9542_T431-R1,9332_T360-R1))),(9518_T505-R1,(7417_T346-R1,9557_T512-R1)),9580_T482-R1);
((7417_T346-R1,9557_T512-R1),(((9542_T431-R1,9600_T401-R1),(9533_T464-R1,9332_T360-R1)),9518_T505-R1),9580_T482-R1);
((7417_T346-R1,9557_T512-R1),(((9542_T431-R1,9600_T401-R1),(9533_T464-R1,9332_T360-R1)),9518_T505-R1),9580_T482-R1);
((7417_T346-R1,9557_T512-R1),(((9542_T431-R1,9600_T401-R1),(9533_T464-R1,9332_T360-R1)),9518_T505-R1),9580_T482-R1);
((7417_T346-R1,9557_T512-R1),(((9542_T431-R1,9600_T401-R1),(9533_T464-R1,9332_T360-R1)),9518_T505-R1),9580_T482-R1);
((((9600_T401-R1,(9332_T360-R1,9542_T431-R1)),9533_T464-R1),9518_T505-R1),(7417_T346-R1,9557_T512-R1),9580_T482-R1);
((((9600_T401-R1,(9332_T360-R1,9542_T431-R1)),9533_T464-R1),9518_T505-R1),(7417_T346-R1,9557_T512-R1),9580_T482-R1);
(9533_T464-R1,((9518_T505-R1,((9542_T431-R1,9600_T401-R1),(7417_T346-R1,9557_T512-R1))),9332_T360-R1),9580_T482-R1);
(((9600_T401-R1,((9542_T431-R1,9332_T360-R1),9533_T464-R1)),9518_T505-R1),(7417_T346-R1,9557_T512-R1),9580_T482-R1);
