(7058_T104-R1,((7273_T210-R1,(((9879_T149-R1,(9837_T175-R1,((9545_T160-R1,9543_T177-R1),(9869_T119-R1,9549_T132-R1)))),((7213_T141-R1,(9536_T085-R1,9518_T196-R1)),((7373_T115-R1,7396_T183-R1),9533_T252-R1))),9871_T084-R1)),9669_T251-R1),5784_T171-R1);
(7058_T104-R1,((7273_T210-R1,(((9879_T149-R1,(9837_T175-R1,((9545_T160-R1,9543_T177-R1),(9869_T119-R1,9549_T132-R1)))),((7213_T141-R1,(9536_T085-R1,9518_T196-R1)),((7373_T115-R1,7396_T183-R1),9533_T252-R1))),9871_T084-R1)),9669_T251-R1),5784_T171-R1);
(7058_T104-R1,((9533_T252-R1,((7273_T210-R1,((7213_T141-R1,(9536_T085-R1,9518_T196-R1)),(7373_T115-R1,7396_T183-R1))),(9871_T084-R1,(9837_T175-R1,((9545_T160-R1,(9543_T177-R1,9879_T149-R1)),(9869_T119-R1,9549_T132-R1)))))),9669_T251-R1),5784_T171-R1);
((9669_T251-R1,7058_T104-R1),(((9533_T252-R1,(((9536_T085-R1,9518_T196-R1),7213_T141-R1),(7373_T115-R1,7396_T183-R1))),(9879_T149-R1,(9837_T175-R1,((9869_T119-R1,9543_T177-R1),(9545_T160-R1,9549_T132-R1))))),(7273_T210-R1,9871_T084-R1)),5784_T171-R1);
((9669_T251-R1,7058_T104-R1),(((9533_T252-R1,(((9536_T085-R1,9518_T196-R1),7213_T141-R1),(7373_T115-R1,7396_T183-R1))),(9879_T149-R1,(9837_T175-R1,((9869_T119-R1,9543_T177-R1),(9545_T160-R1,9549_T132-R1))))),(7273_T210-R1,9871_T084-R1)),5784_T171-R1);
((9669_T251-R1,7058_T104-R1),(((9533_T252-R1,(((9536_T085-R1,9518_T196-R1),7213_T141-R1),(7373_T115-R1,7396_T183-R1))),(9879_T149-R1,(9837_T175-R1,((9869_T119-R1,9543_T177-R1),(9545_T160-R1,9549_T132-R1))))),(7273_T210-R1,9871_T084-R1)),5784_T171-R1);
(7058_T104-R1,((9871_T084-R1,(((9533_T252-R1,(((9536_T085-R1,9518_T196-R1),7213_T141-R1),(7373_T115-R1,7396_T183-R1))),(9837_T175-R1,(9879_T149-R1,((9869_T119-R1,9543_T177-R1),(9545_T160-R1,9549_T132-R1))))),7273_T210-R1)),9669_T251-R1),5784_T171-R1);
(7058_T104-R1,((9871_T084-R1,(((9533_T252-R1,(((9536_T085-R1,9518_T196-R1),7213_T141-R1),(7373_T115-R1,7396_T183-R1))),(9837_T175-R1,(9879_T149-R1,((9869_T119-R1,9543_T177-R1),(9545_T160-R1,9549_T132-R1))))),7273_T210-R1)),9669_T251-R1),5784_T171-R1);
(7058_T104-R1,((9871_T084-R1,(((9533_T252-R1,(((9536_T085-R1,9518_T196-R1),7213_T141-R1),(7373_T115-R1,7396_T183-R1))),(9837_T175-R1,(9879_T149-R1,((9869_T119-R1,9543_T177-R1),(9545_T160-R1,9549_T132-R1))))),7273_T210-R1)),9669_T251-R1),5784_T171-R1);
(7058_T104-R1,((9871_T084-R1,(((9533_T252-R1,(((9536_T085-R1,9518_T196-R1),7213_T141-R1),(7373_T115-R1,7396_T183-R1))),(9837_T175-R1,(9879_T149-R1,((9869_T119-R1,9543_T177-R1),(9545_T160-R1,9549_T132-R1))))),7273_T210-R1)),9669_T251-R1),5784_T171-R1);
(7058_T104-R1,(((((9869_T119-R1,(9879_T149-R1,(9549_T132-R1,(9545_T160-R1,(9543_T177-R1,9837_T175-R1))))),(((7396_T183-R1,7373_T115-R1),(9518_T196-R1,(7213_T141-R1,9536_T085-R1))),9533_T252-R1)),7273_T210-R1),9871_T084-R1),9669_T251-R1),5784_T171-R1);
(7058_T104-R1,(((((9869_T119-R1,(9879_T149-R1,(9549_T132-R1,(9545_T160-R1,(9543_T177-R1,9837_T175-R1))))),(((7396_T183-R1,7373_T115-R1),(9518_T196-R1,(7213_T141-R1,9536_T085-R1))),9533_T252-R1)),7273_T210-R1),9871_T084-R1),9669_T251-R1),5784_T171-R1);
((((((7213_T141-R1,(9536_T085-R1,9518_T196-R1)),(9533_T252-R1,(7396_T183-R1,7373_T115-R1))),((9869_T119-R1,(9879_T149-R1,(9549_T132-R1,(9545_T160-R1,9543_T177-R1)))),9837_T175-R1)),9871_T084-R1),7273_T210-R1),(9669_T251-R1,7058_T104-R1),5784_T171-R1);
((((((7213_T141-R1,(9536_T085-R1,9518_T196-R1)),(9533_T252-R1,(7396_T183-R1,7373_T115-R1))),((9869_T119-R1,(9879_T149-R1,(9549_T132-R1,(9545_T160-R1,9543_T177-R1)))),9837_T175-R1)),9871_T084-R1),7273_T210-R1),(9669_T251-R1,7058_T104-R1),5784_T171-R1);
(((((9533_T252-R1,((7396_T183-R1,7373_T115-R1),((9536_T085-R1,9518_T196-R1),7213_T141-R1))),((((9543_T177-R1,9549_T132-R1),(9869_T119-R1,7273_T210-R1)),9545_T160-R1),9871_T084-R1)),9879_T149-R1),9837_T175-R1),(9669_T251-R1,7058_T104-R1),5784_T171-R1);
(9669_T251-R1,(7058_T104-R1,(9533_T252-R1,(9871_T084-R1,(7273_T210-R1,(((7396_T183-R1,7373_T115-R1),((9536_T085-R1,9518_T196-R1),7213_T141-R1)),(9879_T149-R1,(((9549_T132-R1,9545_T160-R1),(9543_T177-R1,9869_T119-R1)),9837_T175-R1))))))),5784_T171-R1);
(7058_T104-R1,((((7273_T210-R1,7213_T141-R1),9871_T084-R1),(((9533_T252-R1,(7396_T183-R1,7373_T115-R1)),(9536_T085-R1,9518_T196-R1)),(9879_T149-R1,((((9543_T177-R1,9549_T132-R1),9545_T160-R1),9869_T119-R1),9837_T175-R1)))),9669_T251-R1),5784_T171-R1);
(((7273_T210-R1,9871_T084-R1),(((((9543_T177-R1,9545_T160-R1),(9869_T119-R1,9837_T175-R1)),9549_T132-R1),9879_T149-R1),(9533_T252-R1,((7396_T183-R1,7373_T115-R1),(7213_T141-R1,(9536_T085-R1,9518_T196-R1)))))),(9669_T251-R1,7058_T104-R1),5784_T171-R1);
(7058_T104-R1,((((((7396_T183-R1,7373_T115-R1),(7213_T141-R1,(9536_T085-R1,9518_T196-R1))),((7273_T210-R1,9871_T084-R1),((9543_T177-R1,9545_T160-R1),((9869_T119-R1,9879_T149-R1),9549_T132-R1)))),9533_T252-R1),9837_T175-R1),9669_T251-R1),5784_T171-R1);
(7058_T104-R1,((9871_T084-R1,((((9837_T175-R1,(9543_T177-R1,(9545_T160-R1,(9869_T119-R1,9549_T132-R1)))),9879_T149-R1),(((7396_T183-R1,7373_T115-R1),9533_T252-R1),(7213_T141-R1,(9536_T085-R1,9518_T196-R1)))),7273_T210-R1)),9669_T251-R1),5784_T171-R1);
(7058_T104-R1,(9669_T251-R1,((((9533_T252-R1,((7396_T183-R1,7373_T115-R1),(9518_T196-R1,(9536_T085-R1,7213_T141-R1)))),(((((9837_T175-R1,9545_T160-R1),9869_T119-R1),9549_T132-R1),9543_T177-R1),9879_T149-R1)),7273_T210-R1),9871_T084-R1)),5784_T171-R1);
(7058_T104-R1,(9669_T251-R1,((((9533_T252-R1,((7396_T183-R1,7373_T115-R1),(9518_T196-R1,(9536_T085-R1,7213_T141-R1)))),(((((9837_T175-R1,9545_T160-R1),9869_T119-R1),9549_T132-R1),9543_T177-R1),9879_T149-R1)),7273_T210-R1),9871_T084-R1)),5784_T171-R1);
(7058_T104-R1,(9669_T251-R1,((((9533_T252-R1,((7396_T183-R1,7373_T115-R1),(9518_T196-R1,(9536_T085-R1,7213_T141-R1)))),(((((9837_T175-R1,9545_T160-R1),9869_T119-R1),9549_T132-R1),9543_T177-R1),9879_T149-R1)),7273_T210-R1),9871_T084-R1)),5784_T171-R1);
(7058_T104-R1,(9669_T251-R1,((((9533_T252-R1,((7396_T183-R1,7373_T115-R1),(9518_T196-R1,(9536_T085-R1,7213_T141-R1)))),(((((9837_T175-R1,9545_T160-R1),9869_T119-R1),9549_T132-R1),9543_T177-R1),9879_T149-R1)),7273_T210-R1),9871_T084-R1)),5784_T171-R1);
(7058_T104-R1,(9669_T251-R1,((((9533_T252-R1,((7396_T183-R1,7373_T115-R1),(9518_T196-R1,(9536_T085-R1,7213_T141-R1)))),(((((9837_T175-R1,9545_T160-R1),9869_T119-R1),9549_T132-R1),9543_T177-R1),9879_T149-R1)),7273_T210-R1),9871_T084-R1)),5784_T171-R1);
(7058_T104-R1,(9669_T251-R1,((((9533_T252-R1,((7396_T183-R1,7373_T115-R1),(9518_T196-R1,(9536_T085-R1,7213_T141-R1)))),(((((9837_T175-R1,9545_T160-R1),9869_T119-R1),9549_T132-R1),9543_T177-R1),9879_T149-R1)),7273_T210-R1),9871_T084-R1)),5784_T171-R1);
(7058_T104-R1,(9669_T251-R1,((((9533_T252-R1,((7396_T183-R1,7373_T115-R1),(9518_T196-R1,(9536_T085-R1,7213_T141-R1)))),(((((9837_T175-R1,9545_T160-R1),9869_T119-R1),9549_T132-R1),9543_T177-R1),9879_T149-R1)),7273_T210-R1),9871_T084-R1)),5784_T171-R1);
(7058_T104-R1,(9669_T251-R1,((((9533_T252-R1,((7396_T183-R1,7373_T115-R1),(9518_T196-R1,(9536_T085-R1,7213_T141-R1)))),(((((9837_T175-R1,9545_T160-R1),9869_T119-R1),9549_T132-R1),9543_T177-R1),9879_T149-R1)),7273_T210-R1),9871_T084-R1)),5784_T171-R1);
(7058_T104-R1,(9669_T251-R1,((((9533_T252-R1,((7396_T183-R1,7373_T115-R1),(9518_T196-R1,(9536_T085-R1,7213_T141-R1)))),(((((9837_T175-R1,9545_T160-R1),9869_T119-R1),9549_T132-R1),9543_T177-R1),9879_T149-R1)),7273_T210-R1),9871_T084-R1)),5784_T171-R1);
(7058_T104-R1,(9669_T251-R1,((((9533_T252-R1,((7396_T183-R1,7373_T115-R1),(9518_T196-R1,(9536_T085-R1,7213_T141-R1)))),(((((9837_T175-R1,9545_T160-R1),9869_T119-R1),9549_T132-R1),9543_T177-R1),9879_T149-R1)),7273_T210-R1),9871_T084-R1)),5784_T171-R1);
(7058_T104-R1,(((((9533_T252-R1,((7396_T183-R1,7373_T115-R1),(9518_T196-R1,(7213_T141-R1,9536_T085-R1)))),(((((9837_T175-R1,9869_T119-R1),9879_T149-R1),9549_T132-R1),9545_T160-R1),9543_T177-R1)),9871_T084-R1),7273_T210-R1),9669_T251-R1),5784_T171-R1);
(7058_T104-R1,(((((9533_T252-R1,((7396_T183-R1,7373_T115-R1),(9518_T196-R1,(7213_T141-R1,9536_T085-R1)))),(((((9837_T175-R1,9869_T119-R1),9879_T149-R1),9549_T132-R1),9545_T160-R1),9543_T177-R1)),9871_T084-R1),7273_T210-R1),9669_T251-R1),5784_T171-R1);
(7058_T104-R1,(((((9533_T252-R1,((7396_T183-R1,7373_T115-R1),(9518_T196-R1,(7213_T141-R1,9536_T085-R1)))),(((((9837_T175-R1,9869_T119-R1),9879_T149-R1),9549_T132-R1),9545_T160-R1),9543_T177-R1)),9871_T084-R1),7273_T210-R1),9669_T251-R1),5784_T171-R1);
(7058_T104-R1,(((((9533_T252-R1,((7396_T183-R1,7373_T115-R1),(9518_T196-R1,(7213_T141-R1,9536_T085-R1)))),(((((9837_T175-R1,9869_T119-R1),9879_T149-R1),9549_T132-R1),9545_T160-R1),9543_T177-R1)),9871_T084-R1),7273_T210-R1),9669_T251-R1),5784_T171-R1);
(7058_T104-R1,(((((9533_T252-R1,((7396_T183-R1,7373_T115-R1),(9518_T196-R1,(7213_T141-R1,9536_T085-R1)))),(((((9837_T175-R1,9869_T119-R1),9879_T149-R1),9549_T132-R1),9545_T160-R1),9543_T177-R1)),9871_T084-R1),7273_T210-R1),9669_T251-R1),5784_T171-R1);
(7058_T104-R1,(((((9533_T252-R1,((7396_T183-R1,7373_T115-R1),(9518_T196-R1,(7213_T141-R1,9536_T085-R1)))),(((((9837_T175-R1,9869_T119-R1),9879_T149-R1),9549_T132-R1),9545_T160-R1),9543_T177-R1)),9871_T084-R1),7273_T210-R1),9669_T251-R1),5784_T171-R1);
(7058_T104-R1,(((((9533_T252-R1,((7396_T183-R1,7373_T115-R1),(9518_T196-R1,(7213_T141-R1,9536_T085-R1)))),(((((9837_T175-R1,9869_T119-R1),9879_T149-R1),9549_T132-R1),9545_T160-R1),9543_T177-R1)),9871_T084-R1),7273_T210-R1),9669_T251-R1),5784_T171-R1);
(7058_T104-R1,(((((9533_T252-R1,((7396_T183-R1,7373_T115-R1),(9518_T196-R1,(7213_T141-R1,9536_T085-R1)))),(((((9837_T175-R1,9869_T119-R1),9879_T149-R1),9549_T132-R1),9545_T160-R1),9543_T177-R1)),9871_T084-R1),7273_T210-R1),9669_T251-R1),5784_T171-R1);
(7058_T104-R1,(((((9533_T252-R1,((7396_T183-R1,7373_T115-R1),(9518_T196-R1,(7213_T141-R1,9536_T085-R1)))),(((((9837_T175-R1,9869_T119-R1),9879_T149-R1),9549_T132-R1),9545_T160-R1),9543_T177-R1)),9871_T084-R1),7273_T210-R1),9669_T251-R1),5784_T171-R1);
(7058_T104-R1,(((((9533_T252-R1,((7396_T183-R1,7373_T115-R1),(9518_T196-R1,(7213_T141-R1,9536_T085-R1)))),(((((9837_T175-R1,9869_T119-R1),9879_T149-R1),9549_T132-R1),9545_T160-R1),9543_T177-R1)),9871_T084-R1),7273_T210-R1),9669_T251-R1),5784_T171-R1);
(7058_T104-R1,((7273_T210-R1,(((9879_T149-R1,(9869_T119-R1,(9549_T132-R1,(9543_T177-R1,(9837_T175-R1,9545_T160-R1))))),(((7396_T183-R1,7373_T115-R1),(9518_T196-R1,(9536_T085-R1,7213_T141-R1))),9533_T252-R1)),9871_T084-R1)),9669_T251-R1),5784_T171-R1);
(7058_T104-R1,((7273_T210-R1,(((9879_T149-R1,(9869_T119-R1,(9549_T132-R1,(9543_T177-R1,(9837_T175-R1,9545_T160-R1))))),(((7396_T183-R1,7373_T115-R1),(9518_T196-R1,(9536_T085-R1,7213_T141-R1))),9533_T252-R1)),9871_T084-R1)),9669_T251-R1),5784_T171-R1);
(7058_T104-R1,((7273_T210-R1,(((9879_T149-R1,(9869_T119-R1,(9549_T132-R1,(9543_T177-R1,(9837_T175-R1,9545_T160-R1))))),(((7396_T183-R1,7373_T115-R1),(9518_T196-R1,(9536_T085-R1,7213_T141-R1))),9533_T252-R1)),9871_T084-R1)),9669_T251-R1),5784_T171-R1);
(7058_T104-R1,((7273_T210-R1,(((9879_T149-R1,(9869_T119-R1,(9549_T132-R1,(9543_T177-R1,(9837_T175-R1,9545_T160-R1))))),(((7396_T183-R1,7373_T115-R1),(9518_T196-R1,(9536_T085-R1,7213_T141-R1))),9533_T252-R1)),9871_T084-R1)),9669_T251-R1),5784_T171-R1);
(7058_T104-R1,((7273_T210-R1,(((9879_T149-R1,(9869_T119-R1,(9549_T132-R1,(9543_T177-R1,(9837_T175-R1,9545_T160-R1))))),(((7396_T183-R1,7373_T115-R1),(9518_T196-R1,(9536_T085-R1,7213_T141-R1))),9533_T252-R1)),9871_T084-R1)),9669_T251-R1),5784_T171-R1);
(7058_T104-R1,((7273_T210-R1,(((9879_T149-R1,(9869_T119-R1,(9549_T132-R1,(9543_T177-R1,(9837_T175-R1,9545_T160-R1))))),(((7396_T183-R1,7373_T115-R1),(9518_T196-R1,(9536_T085-R1,7213_T141-R1))),9533_T252-R1)),9871_T084-R1)),9669_T251-R1),5784_T171-R1);
(7058_T104-R1,((7273_T210-R1,(((9879_T149-R1,(9869_T119-R1,(9549_T132-R1,(9543_T177-R1,(9837_T175-R1,9545_T160-R1))))),(((7396_T183-R1,7373_T115-R1),(9518_T196-R1,(9536_T085-R1,7213_T141-R1))),9533_T252-R1)),9871_T084-R1)),9669_T251-R1),5784_T171-R1);
(7058_T104-R1,((7273_T210-R1,(((9879_T149-R1,(9869_T119-R1,(9549_T132-R1,(9543_T177-R1,(9837_T175-R1,9545_T160-R1))))),(((7396_T183-R1,7373_T115-R1),(9518_T196-R1,(9536_T085-R1,7213_T141-R1))),9533_T252-R1)),9871_T084-R1)),9669_T251-R1),5784_T171-R1);
(7058_T104-R1,((7273_T210-R1,(((9879_T149-R1,(9869_T119-R1,(9549_T132-R1,(9543_T177-R1,(9837_T175-R1,9545_T160-R1))))),(((7396_T183-R1,7373_T115-R1),(9518_T196-R1,(9536_T085-R1,7213_T141-R1))),9533_T252-R1)),9871_T084-R1)),9669_T251-R1),5784_T171-R1);
(7058_T104-R1,((7273_T210-R1,(((9879_T149-R1,(9869_T119-R1,(9549_T132-R1,(9543_T177-R1,(9837_T175-R1,9545_T160-R1))))),(((7396_T183-R1,7373_T115-R1),(9518_T196-R1,(9536_T085-R1,7213_T141-R1))),9533_T252-R1)),9871_T084-R1)),9669_T251-R1),5784_T171-R1);
((9669_T251-R1,(7273_T210-R1,(((9545_T160-R1,(9837_T175-R1,(9879_T149-R1,(9869_T119-R1,(9549_T132-R1,9543_T177-R1))))),(9533_T252-R1,((7373_T115-R1,7396_T183-R1),(9536_T085-R1,(7213_T141-R1,9518_T196-R1))))),9871_T084-R1))),7058_T104-R1,5784_T171-R1);
((9669_T251-R1,(7273_T210-R1,(((9545_T160-R1,(9837_T175-R1,(9879_T149-R1,(9869_T119-R1,(9549_T132-R1,9543_T177-R1))))),(9533_T252-R1,((7373_T115-R1,7396_T183-R1),(9536_T085-R1,(7213_T141-R1,9518_T196-R1))))),9871_T084-R1))),7058_T104-R1,5784_T171-R1);
((9669_T251-R1,(7273_T210-R1,(((9545_T160-R1,(9837_T175-R1,(9879_T149-R1,(9869_T119-R1,(9549_T132-R1,9543_T177-R1))))),(9533_T252-R1,((7373_T115-R1,7396_T183-R1),(9536_T085-R1,(7213_T141-R1,9518_T196-R1))))),9871_T084-R1))),7058_T104-R1,5784_T171-R1);
((9669_T251-R1,(7273_T210-R1,(((9545_T160-R1,(9837_T175-R1,(9879_T149-R1,(9869_T119-R1,(9549_T132-R1,9543_T177-R1))))),(9533_T252-R1,((7373_T115-R1,7396_T183-R1),(9536_T085-R1,(7213_T141-R1,9518_T196-R1))))),9871_T084-R1))),7058_T104-R1,5784_T171-R1);
((9669_T251-R1,(7273_T210-R1,(((9545_T160-R1,(9837_T175-R1,(9879_T149-R1,(9869_T119-R1,(9549_T132-R1,9543_T177-R1))))),(9533_T252-R1,((7373_T115-R1,7396_T183-R1),(9536_T085-R1,(7213_T141-R1,9518_T196-R1))))),9871_T084-R1))),7058_T104-R1,5784_T171-R1);
((9669_T251-R1,(7273_T210-R1,(((9545_T160-R1,(9837_T175-R1,(9879_T149-R1,(9869_T119-R1,(9549_T132-R1,9543_T177-R1))))),(9533_T252-R1,((7373_T115-R1,7396_T183-R1),(9536_T085-R1,(7213_T141-R1,9518_T196-R1))))),9871_T084-R1))),7058_T104-R1,5784_T171-R1);
((9669_T251-R1,(7273_T210-R1,(((9545_T160-R1,(9837_T175-R1,(9879_T149-R1,(9869_T119-R1,(9549_T132-R1,9543_T177-R1))))),(9533_T252-R1,((7373_T115-R1,7396_T183-R1),(9536_T085-R1,(7213_T141-R1,9518_T196-R1))))),9871_T084-R1))),7058_T104-R1,5784_T171-R1);
((9669_T251-R1,(7273_T210-R1,(((9545_T160-R1,(9837_T175-R1,(9879_T149-R1,(9869_T119-R1,(9549_T132-R1,9543_T177-R1))))),(9533_T252-R1,((7373_T115-R1,7396_T183-R1),(9536_T085-R1,(7213_T141-R1,9518_T196-R1))))),9871_T084-R1))),7058_T104-R1,5784_T171-R1);
((9669_T251-R1,(7273_T210-R1,(((9545_T160-R1,(9837_T175-R1,(9879_T149-R1,(9869_T119-R1,(9549_T132-R1,9543_T177-R1))))),(9533_T252-R1,((7373_T115-R1,7396_T183-R1),(9536_T085-R1,(7213_T141-R1,9518_T196-R1))))),9871_T084-R1))),7058_T104-R1,5784_T171-R1);
((9669_T251-R1,(7273_T210-R1,(((9545_T160-R1,(9837_T175-R1,(9879_T149-R1,(9869_T119-R1,(9549_T132-R1,9543_T177-R1))))),(9533_T252-R1,((7373_T115-R1,7396_T183-R1),(9536_T085-R1,(7213_T141-R1,9518_T196-R1))))),9871_T084-R1))),7058_T104-R1,5784_T171-R1);
(7058_T104-R1,(9669_T251-R1,((((9533_T252-R1,((7373_T115-R1,7396_T183-R1),(7213_T141-R1,(9536_T085-R1,9518_T196-R1)))),(9869_T119-R1,((((9543_T177-R1,9545_T160-R1),9879_T149-R1),9549_T132-R1),9837_T175-R1))),7273_T210-R1),9871_T084-R1)),5784_T171-R1);
(7058_T104-R1,(9669_T251-R1,((((9533_T252-R1,((7373_T115-R1,7396_T183-R1),(7213_T141-R1,(9536_T085-R1,9518_T196-R1)))),(9869_T119-R1,((((9543_T177-R1,9545_T160-R1),9879_T149-R1),9549_T132-R1),9837_T175-R1))),7273_T210-R1),9871_T084-R1)),5784_T171-R1);
(7058_T104-R1,(9669_T251-R1,((((9533_T252-R1,((7373_T115-R1,7396_T183-R1),(7213_T141-R1,(9536_T085-R1,9518_T196-R1)))),(9869_T119-R1,((((9543_T177-R1,9545_T160-R1),9879_T149-R1),9549_T132-R1),9837_T175-R1))),7273_T210-R1),9871_T084-R1)),5784_T171-R1);
(7058_T104-R1,(9669_T251-R1,((((9533_T252-R1,((7373_T115-R1,7396_T183-R1),(7213_T141-R1,(9536_T085-R1,9518_T196-R1)))),(9869_T119-R1,((((9543_T177-R1,9545_T160-R1),9879_T149-R1),9549_T132-R1),9837_T175-R1))),7273_T210-R1),9871_T084-R1)),5784_T171-R1);
(7058_T104-R1,(9669_T251-R1,((((9533_T252-R1,((7373_T115-R1,7396_T183-R1),(7213_T141-R1,(9536_T085-R1,9518_T196-R1)))),(9869_T119-R1,((((9543_T177-R1,9545_T160-R1),9879_T149-R1),9549_T132-R1),9837_T175-R1))),7273_T210-R1),9871_T084-R1)),5784_T171-R1);
(7058_T104-R1,(9669_T251-R1,((((9533_T252-R1,((7373_T115-R1,7396_T183-R1),(7213_T141-R1,(9536_T085-R1,9518_T196-R1)))),(9869_T119-R1,((((9543_T177-R1,9545_T160-R1),9879_T149-R1),9549_T132-R1),9837_T175-R1))),7273_T210-R1),9871_T084-R1)),5784_T171-R1);
(7058_T104-R1,(9669_T251-R1,((((9533_T252-R1,((7373_T115-R1,7396_T183-R1),(7213_T141-R1,(9536_T085-R1,9518_T196-R1)))),(9869_T119-R1,((((9543_T177-R1,9545_T160-R1),9879_T149-R1),9549_T132-R1),9837_T175-R1))),7273_T210-R1),9871_T084-R1)),5784_T171-R1);
(7058_T104-R1,(9669_T251-R1,((((9533_T252-R1,((7373_T115-R1,7396_T183-R1),(7213_T141-R1,(9536_T085-R1,9518_T196-R1)))),(9869_T119-R1,((((9543_T177-R1,9545_T160-R1),9879_T149-R1),9549_T132-R1),9837_T175-R1))),7273_T210-R1),9871_T084-R1)),5784_T171-R1);
(7058_T104-R1,(9669_T251-R1,((((9533_T252-R1,((7373_T115-R1,7396_T183-R1),(7213_T141-R1,(9536_T085-R1,9518_T196-R1)))),(9869_T119-R1,((((9543_T177-R1,9545_T160-R1),9879_T149-R1),9549_T132-R1),9837_T175-R1))),7273_T210-R1),9871_T084-R1)),5784_T171-R1);
(7058_T104-R1,(9669_T251-R1,((((9533_T252-R1,((7373_T115-R1,7396_T183-R1),(7213_T141-R1,(9536_T085-R1,9518_T196-R1)))),(9869_T119-R1,((((9543_T177-R1,9545_T160-R1),9879_T149-R1),9549_T132-R1),9837_T175-R1))),7273_T210-R1),9871_T084-R1)),5784_T171-R1);
((9669_T251-R1,((((9533_T252-R1,((9536_T085-R1,(7213_T141-R1,9518_T196-R1)),(7373_T115-R1,7396_T183-R1))),(((((9837_T175-R1,9869_T119-R1),9545_T160-R1),9879_T149-R1),9549_T132-R1),9543_T177-R1)),9871_T084-R1),7273_T210-R1)),7058_T104-R1,5784_T171-R1);
((9669_T251-R1,((((9533_T252-R1,((9536_T085-R1,(7213_T141-R1,9518_T196-R1)),(7373_T115-R1,7396_T183-R1))),(((((9837_T175-R1,9869_T119-R1),9545_T160-R1),9879_T149-R1),9549_T132-R1),9543_T177-R1)),9871_T084-R1),7273_T210-R1)),7058_T104-R1,5784_T171-R1);
((9669_T251-R1,((((9533_T252-R1,((9536_T085-R1,(7213_T141-R1,9518_T196-R1)),(7373_T115-R1,7396_T183-R1))),(((((9837_T175-R1,9869_T119-R1),9545_T160-R1),9879_T149-R1),9549_T132-R1),9543_T177-R1)),9871_T084-R1),7273_T210-R1)),7058_T104-R1,5784_T171-R1);
((9669_T251-R1,((((9533_T252-R1,((9536_T085-R1,(7213_T141-R1,9518_T196-R1)),(7373_T115-R1,7396_T183-R1))),(((((9837_T175-R1,9869_T119-R1),9545_T160-R1),9879_T149-R1),9549_T132-R1),9543_T177-R1)),9871_T084-R1),7273_T210-R1)),7058_T104-R1,5784_T171-R1);
((9669_T251-R1,((((9533_T252-R1,((9536_T085-R1,(7213_T141-R1,9518_T196-R1)),(7373_T115-R1,7396_T183-R1))),(((((9837_T175-R1,9869_T119-R1),9545_T160-R1),9879_T149-R1),9549_T132-R1),9543_T177-R1)),9871_T084-R1),7273_T210-R1)),7058_T104-R1,5784_T171-R1);
((9669_T251-R1,((((9533_T252-R1,((9536_T085-R1,(7213_T141-R1,9518_T196-R1)),(7373_T115-R1,7396_T183-R1))),(((((9837_T175-R1,9869_T119-R1),9545_T160-R1),9879_T149-R1),9549_T132-R1),9543_T177-R1)),9871_T084-R1),7273_T210-R1)),7058_T104-R1,5784_T171-R1);
((9669_T251-R1,((((9533_T252-R1,((9536_T085-R1,(7213_T141-R1,9518_T196-R1)),(7373_T115-R1,7396_T183-R1))),(((((9837_T175-R1,9869_T119-R1),9545_T160-R1),9879_T149-R1),9549_T132-R1),9543_T177-R1)),9871_T084-R1),7273_T210-R1)),7058_T104-R1,5784_T171-R1);
((9669_T251-R1,((((9533_T252-R1,((9536_T085-R1,(7213_T141-R1,9518_T196-R1)),(7373_T115-R1,7396_T183-R1))),(((((9837_T175-R1,9869_T119-R1),9545_T160-R1),9879_T149-R1),9549_T132-R1),9543_T177-R1)),9871_T084-R1),7273_T210-R1)),7058_T104-R1,5784_T171-R1);
((9669_T251-R1,((((9533_T252-R1,((9536_T085-R1,(7213_T141-R1,9518_T196-R1)),(7373_T115-R1,7396_T183-R1))),(((((9837_T175-R1,9869_T119-R1),9545_T160-R1),9879_T149-R1),9549_T132-R1),9543_T177-R1)),9871_T084-R1),7273_T210-R1)),7058_T104-R1,5784_T171-R1);
((9669_T251-R1,((((9533_T252-R1,((9536_T085-R1,(7213_T141-R1,9518_T196-R1)),(7373_T115-R1,7396_T183-R1))),(((((9837_T175-R1,9869_T119-R1),9545_T160-R1),9879_T149-R1),9549_T132-R1),9543_T177-R1)),9871_T084-R1),7273_T210-R1)),7058_T104-R1,5784_T171-R1);
((9669_T251-R1,(7273_T210-R1,(9871_T084-R1,((9837_T175-R1,(9543_T177-R1,(9545_T160-R1,(9879_T149-R1,(9869_T119-R1,9549_T132-R1))))),(9533_T252-R1,((7213_T141-R1,(9536_T085-R1,9518_T196-R1)),(7373_T115-R1,7396_T183-R1))))))),7058_T104-R1,5784_T171-R1);
((9669_T251-R1,(7273_T210-R1,(9871_T084-R1,((9837_T175-R1,(9543_T177-R1,(9545_T160-R1,(9879_T149-R1,(9869_T119-R1,9549_T132-R1))))),(9533_T252-R1,((7213_T141-R1,(9536_T085-R1,9518_T196-R1)),(7373_T115-R1,7396_T183-R1))))))),7058_T104-R1,5784_T171-R1);
((9669_T251-R1,(7273_T210-R1,(9871_T084-R1,((9837_T175-R1,(9543_T177-R1,(9545_T160-R1,(9879_T149-R1,(9869_T119-R1,9549_T132-R1))))),(9533_T252-R1,((7213_T141-R1,(9536_T085-R1,9518_T196-R1)),(7373_T115-R1,7396_T183-R1))))))),7058_T104-R1,5784_T171-R1);
((9669_T251-R1,(7273_T210-R1,(9871_T084-R1,((9837_T175-R1,(9543_T177-R1,(9545_T160-R1,(9879_T149-R1,(9869_T119-R1,9549_T132-R1))))),(9533_T252-R1,((7213_T141-R1,(9536_T085-R1,9518_T196-R1)),(7373_T115-R1,7396_T183-R1))))))),7058_T104-R1,5784_T171-R1);
((9669_T251-R1,(7273_T210-R1,(9871_T084-R1,((9837_T175-R1,(9543_T177-R1,(9545_T160-R1,(9879_T149-R1,(9869_T119-R1,9549_T132-R1))))),(9533_T252-R1,((7213_T141-R1,(9536_T085-R1,9518_T196-R1)),(7373_T115-R1,7396_T183-R1))))))),7058_T104-R1,5784_T171-R1);
((9669_T251-R1,(7273_T210-R1,(9871_T084-R1,((9837_T175-R1,(9543_T177-R1,(9545_T160-R1,(9879_T149-R1,(9869_T119-R1,9549_T132-R1))))),(9533_T252-R1,((7213_T141-R1,(9536_T085-R1,9518_T196-R1)),(7373_T115-R1,7396_T183-R1))))))),7058_T104-R1,5784_T171-R1);
((9669_T251-R1,(7273_T210-R1,(9871_T084-R1,((9837_T175-R1,(9543_T177-R1,(9545_T160-R1,(9879_T149-R1,(9869_T119-R1,9549_T132-R1))))),(9533_T252-R1,((7213_T141-R1,(9536_T085-R1,9518_T196-R1)),(7373_T115-R1,7396_T183-R1))))))),7058_T104-R1,5784_T171-R1);
((9669_T251-R1,(7273_T210-R1,(9871_T084-R1,((9837_T175-R1,(9543_T177-R1,(9545_T160-R1,(9879_T149-R1,(9869_T119-R1,9549_T132-R1))))),(9533_T252-R1,((7213_T141-R1,(9536_T085-R1,9518_T196-R1)),(7373_T115-R1,7396_T183-R1))))))),7058_T104-R1,5784_T171-R1);
((9669_T251-R1,(7273_T210-R1,(9871_T084-R1,((9837_T175-R1,(9543_T177-R1,(9545_T160-R1,(9879_T149-R1,(9869_T119-R1,9549_T132-R1))))),(9533_T252-R1,((7213_T141-R1,(9536_T085-R1,9518_T196-R1)),(7373_T115-R1,7396_T183-R1))))))),7058_T104-R1,5784_T171-R1);
((9669_T251-R1,(7273_T210-R1,(9871_T084-R1,((9837_T175-R1,(9543_T177-R1,(9545_T160-R1,(9879_T149-R1,(9869_T119-R1,9549_T132-R1))))),(9533_T252-R1,((7213_T141-R1,(9536_T085-R1,9518_T196-R1)),(7373_T115-R1,7396_T183-R1))))))),7058_T104-R1,5784_T171-R1);
(7058_T104-R1,(9669_T251-R1,(7273_T210-R1,(((9533_T252-R1,((7396_T183-R1,7373_T115-R1),(9518_T196-R1,(7213_T141-R1,9536_T085-R1)))),(9879_T149-R1,(9545_T160-R1,(9543_T177-R1,(9869_T119-R1,(9837_T175-R1,9549_T132-R1)))))),9871_T084-R1))),5784_T171-R1);
(7058_T104-R1,(9669_T251-R1,(7273_T210-R1,(((9533_T252-R1,((7396_T183-R1,7373_T115-R1),(9518_T196-R1,(7213_T141-R1,9536_T085-R1)))),(9879_T149-R1,(9545_T160-R1,(9543_T177-R1,(9869_T119-R1,(9837_T175-R1,9549_T132-R1)))))),9871_T084-R1))),5784_T171-R1);
(7058_T104-R1,(9669_T251-R1,(7273_T210-R1,(((9533_T252-R1,((7396_T183-R1,7373_T115-R1),(9518_T196-R1,(7213_T141-R1,9536_T085-R1)))),(9879_T149-R1,(9545_T160-R1,(9543_T177-R1,(9869_T119-R1,(9837_T175-R1,9549_T132-R1)))))),9871_T084-R1))),5784_T171-R1);
(7058_T104-R1,(9669_T251-R1,(7273_T210-R1,(((9533_T252-R1,((7396_T183-R1,7373_T115-R1),(9518_T196-R1,(7213_T141-R1,9536_T085-R1)))),(9879_T149-R1,(9545_T160-R1,(9543_T177-R1,(9869_T119-R1,(9837_T175-R1,9549_T132-R1)))))),9871_T084-R1))),5784_T171-R1);
(7058_T104-R1,(9669_T251-R1,(7273_T210-R1,(((9533_T252-R1,((7396_T183-R1,7373_T115-R1),(9518_T196-R1,(7213_T141-R1,9536_T085-R1)))),(9879_T149-R1,(9545_T160-R1,(9543_T177-R1,(9869_T119-R1,(9837_T175-R1,9549_T132-R1)))))),9871_T084-R1))),5784_T171-R1);
(7058_T104-R1,(9669_T251-R1,(7273_T210-R1,(((9533_T252-R1,((7396_T183-R1,7373_T115-R1),(9518_T196-R1,(7213_T141-R1,9536_T085-R1)))),(9879_T149-R1,(9545_T160-R1,(9543_T177-R1,(9869_T119-R1,(9837_T175-R1,9549_T132-R1)))))),9871_T084-R1))),5784_T171-R1);
(7058_T104-R1,(9669_T251-R1,(7273_T210-R1,(((9533_T252-R1,((7396_T183-R1,7373_T115-R1),(9518_T196-R1,(7213_T141-R1,9536_T085-R1)))),(9879_T149-R1,(9545_T160-R1,(9543_T177-R1,(9869_T119-R1,(9837_T175-R1,9549_T132-R1)))))),9871_T084-R1))),5784_T171-R1);
(7058_T104-R1,(9669_T251-R1,(7273_T210-R1,(((9533_T252-R1,((7396_T183-R1,7373_T115-R1),(9518_T196-R1,(7213_T141-R1,9536_T085-R1)))),(9879_T149-R1,(9545_T160-R1,(9543_T177-R1,(9869_T119-R1,(9837_T175-R1,9549_T132-R1)))))),9871_T084-R1))),5784_T171-R1);
(7058_T104-R1,(9669_T251-R1,(7273_T210-R1,(((9533_T252-R1,((7396_T183-R1,7373_T115-R1),(9518_T196-R1,(7213_T141-R1,9536_T085-R1)))),(9879_T149-R1,(9545_T160-R1,(9543_T177-R1,(9869_T119-R1,(9837_T175-R1,9549_T132-R1)))))),9871_T084-R1))),5784_T171-R1);
(7058_T104-R1,(9669_T251-R1,(7273_T210-R1,(((9533_T252-R1,((7396_T183-R1,7373_T115-R1),(9518_T196-R1,(7213_T141-R1,9536_T085-R1)))),(9879_T149-R1,(9545_T160-R1,(9543_T177-R1,(9869_T119-R1,(9837_T175-R1,9549_T132-R1)))))),9871_T084-R1))),5784_T171-R1);
