((9533_T491-R1,9764_T520-R1),(((((((((5993_T254-R1,9332_T485-R1),9669_T298-R1),9100_T520-R1),9654_T307-R1),6924_T261-R1),9762_T453-R1),9134_T271-R1),7288_T260-R1),7413_T365-R1),9580_T280-R1);
((9533_T491-R1,9764_T520-R1),(((((((((5993_T254-R1,9332_T485-R1),9669_T298-R1),9100_T520-R1),9654_T307-R1),6924_T261-R1),9762_T453-R1),9134_T271-R1),7288_T260-R1),7413_T365-R1),9580_T280-R1);
((9533_T491-R1,9764_T520-R1),(((((((((5993_T254-R1,9332_T485-R1),9669_T298-R1),9100_T520-R1),9654_T307-R1),6924_T261-R1),9762_T453-R1),9134_T271-R1),7288_T260-R1),7413_T365-R1),9580_T280-R1);
((9533_T491-R1,9764_T520-R1),(((((((((5993_T254-R1,9332_T485-R1),9669_T298-R1),9100_T520-R1),9654_T307-R1),6924_T261-R1),9762_T453-R1),9134_T271-R1),7288_T260-R1),7413_T365-R1),9580_T280-R1);
((9533_T491-R1,9764_T520-R1),(((((((((5993_T254-R1,9332_T485-R1),9669_T298-R1),9100_T520-R1),9654_T307-R1),6924_T261-R1),9762_T453-R1),9134_T271-R1),7288_T260-R1),7413_T365-R1),9580_T280-R1);
((9533_T491-R1,9764_T520-R1),(((((((((5993_T254-R1,9332_T485-R1),9669_T298-R1),9100_T520-R1),9654_T307-R1),6924_T261-R1),9762_T453-R1),9134_T271-R1),7288_T260-R1),7413_T365-R1),9580_T280-R1);
((9533_T491-R1,9764_T520-R1),(((((((((5993_T254-R1,9332_T485-R1),9669_T298-R1),9100_T520-R1),9654_T307-R1),6924_T261-R1),9762_T453-R1),9134_T271-R1),7288_T260-R1),7413_T365-R1),9580_T280-R1);
((9533_T491-R1,9764_T520-R1),(((((((((5993_T254-R1,9332_T485-R1),9669_T298-R1),9100_T520-R1),9654_T307-R1),6924_T261-R1),9762_T453-R1),9134_T271-R1),7288_T260-R1),7413_T365-R1),9580_T280-R1);
((9533_T491-R1,9764_T520-R1),(((((((((5993_T254-R1,9332_T485-R1),9669_T298-R1),9100_T520-R1),9654_T307-R1),6924_T261-R1),9762_T453-R1),9134_T271-R1),7288_T260-R1),7413_T365-R1),9580_T280-R1);
((9533_T491-R1,9764_T520-R1),(((((((((5993_T254-R1,9332_T485-R1),9669_T298-R1),9100_T520-R1),9654_T307-R1),6924_T261-R1),9762_T453-R1),9134_T271-R1),7288_T260-R1),7413_T365-R1),9580_T280-R1);
((9533_T491-R1,9764_T520-R1),((9134_T271-R1,(((((((9669_T298-R1,9332_T485-R1),7288_T260-R1),6924_T261-R1),9762_T453-R1),9100_T520-R1),9654_T307-R1),5993_T254-R1)),7413_T365-R1),9580_T280-R1);
((9533_T491-R1,9764_T520-R1),((9134_T271-R1,(((((((9669_T298-R1,9332_T485-R1),7288_T260-R1),6924_T261-R1),9762_T453-R1),9100_T520-R1),9654_T307-R1),5993_T254-R1)),7413_T365-R1),9580_T280-R1);
((9533_T491-R1,9764_T520-R1),((9134_T271-R1,(((((((9669_T298-R1,9332_T485-R1),7288_T260-R1),6924_T261-R1),9762_T453-R1),9100_T520-R1),9654_T307-R1),5993_T254-R1)),7413_T365-R1),9580_T280-R1);
((9533_T491-R1,9764_T520-R1),((9134_T271-R1,(((((((9669_T298-R1,9332_T485-R1),7288_T260-R1),6924_T261-R1),9762_T453-R1),9100_T520-R1),9654_T307-R1),5993_T254-R1)),7413_T365-R1),9580_T280-R1);
((9533_T491-R1,9764_T520-R1),((9134_T271-R1,(((((((9669_T298-R1,9332_T485-R1),7288_T260-R1),6924_T261-R1),9762_T453-R1),9100_T520-R1),9654_T307-R1),5993_T254-R1)),7413_T365-R1),9580_T280-R1);
((9533_T491-R1,9764_T520-R1),((9134_T271-R1,(((((((9669_T298-R1,9332_T485-R1),7288_T260-R1),6924_T261-R1),9762_T453-R1),9100_T520-R1),9654_T307-R1),5993_T254-R1)),7413_T365-R1),9580_T280-R1);
((9533_T491-R1,9764_T520-R1),((9134_T271-R1,(((((((9669_T298-R1,9332_T485-R1),7288_T260-R1),6924_T261-R1),9762_T453-R1),9100_T520-R1),9654_T307-R1),5993_T254-R1)),7413_T365-R1),9580_T280-R1);
((9533_T491-R1,9764_T520-R1),((9134_T271-R1,(((((((9669_T298-R1,9332_T485-R1),7288_T260-R1),6924_T261-R1),9762_T453-R1),9100_T520-R1),9654_T307-R1),5993_T254-R1)),7413_T365-R1),9580_T280-R1);
((9533_T491-R1,9764_T520-R1),((9134_T271-R1,(((((((9669_T298-R1,9332_T485-R1),7288_T260-R1),6924_T261-R1),9762_T453-R1),9100_T520-R1),9654_T307-R1),5993_T254-R1)),7413_T365-R1),9580_T280-R1);
((9533_T491-R1,9764_T520-R1),((9134_T271-R1,(((((((9669_T298-R1,9332_T485-R1),7288_T260-R1),6924_T261-R1),9762_T453-R1),9100_T520-R1),9654_T307-R1),5993_T254-R1)),7413_T365-R1),9580_T280-R1);
((9764_T520-R1,9533_T491-R1),(7413_T365-R1,(5993_T254-R1,(9332_T485-R1,(9669_T298-R1,(9654_T307-R1,(9100_T520-R1,(9134_T271-R1,(7288_T260-R1,(9762_T453-R1,6924_T261-R1))))))))),9580_T280-R1);
((9764_T520-R1,9533_T491-R1),(7413_T365-R1,(5993_T254-R1,(9332_T485-R1,(9669_T298-R1,(9654_T307-R1,(9100_T520-R1,(9134_T271-R1,(7288_T260-R1,(9762_T453-R1,6924_T261-R1))))))))),9580_T280-R1);
((9764_T520-R1,9533_T491-R1),(7413_T365-R1,(5993_T254-R1,(9332_T485-R1,(9669_T298-R1,(9654_T307-R1,(9100_T520-R1,(9134_T271-R1,(7288_T260-R1,(9762_T453-R1,6924_T261-R1))))))))),9580_T280-R1);
((9764_T520-R1,9533_T491-R1),(7413_T365-R1,(5993_T254-R1,(9332_T485-R1,(9669_T298-R1,(9654_T307-R1,(9100_T520-R1,(9134_T271-R1,(7288_T260-R1,(9762_T453-R1,6924_T261-R1))))))))),9580_T280-R1);
((9764_T520-R1,9533_T491-R1),(7413_T365-R1,(5993_T254-R1,(9332_T485-R1,(9669_T298-R1,(9654_T307-R1,(9100_T520-R1,(9134_T271-R1,(7288_T260-R1,(9762_T453-R1,6924_T261-R1))))))))),9580_T280-R1);
((9764_T520-R1,9533_T491-R1),(7413_T365-R1,(5993_T254-R1,(9332_T485-R1,(9669_T298-R1,(9654_T307-R1,(9100_T520-R1,(9134_T271-R1,(7288_T260-R1,(9762_T453-R1,6924_T261-R1))))))))),9580_T280-R1);
((9764_T520-R1,9533_T491-R1),(7413_T365-R1,(5993_T254-R1,(9332_T485-R1,(9669_T298-R1,(9654_T307-R1,(9100_T520-R1,(9134_T271-R1,(7288_T260-R1,(9762_T453-R1,6924_T261-R1))))))))),9580_T280-R1);
((9764_T520-R1,9533_T491-R1),(7413_T365-R1,(5993_T254-R1,(9332_T485-R1,(9669_T298-R1,(9654_T307-R1,(9100_T520-R1,(9134_T271-R1,(7288_T260-R1,(9762_T453-R1,6924_T261-R1))))))))),9580_T280-R1);
((9764_T520-R1,9533_T491-R1),(7413_T365-R1,(5993_T254-R1,(9332_T485-R1,(9669_T298-R1,(9654_T307-R1,(9100_T520-R1,(9134_T271-R1,(7288_T260-R1,(9762_T453-R1,6924_T261-R1))))))))),9580_T280-R1);
((9764_T520-R1,9533_T491-R1),(7413_T365-R1,(5993_T254-R1,(9332_T485-R1,(9669_T298-R1,(9654_T307-R1,(9100_T520-R1,(9134_T271-R1,(7288_T260-R1,(9762_T453-R1,6924_T261-R1))))))))),9580_T280-R1);
((7413_T365-R1,(9669_T298-R1,(7288_T260-R1,(9762_T453-R1,(9100_T520-R1,(9134_T271-R1,(5993_T254-R1,(9332_T485-R1,(9654_T307-R1,6924_T261-R1))))))))),(9533_T491-R1,9764_T520-R1),9580_T280-R1);
((7413_T365-R1,(9669_T298-R1,(7288_T260-R1,(9762_T453-R1,(9100_T520-R1,(9134_T271-R1,(5993_T254-R1,(9332_T485-R1,(9654_T307-R1,6924_T261-R1))))))))),(9533_T491-R1,9764_T520-R1),9580_T280-R1);
((7413_T365-R1,(9669_T298-R1,(7288_T260-R1,(9762_T453-R1,(9100_T520-R1,(9134_T271-R1,(5993_T254-R1,(9332_T485-R1,(9654_T307-R1,6924_T261-R1))))))))),(9533_T491-R1,9764_T520-R1),9580_T280-R1);
((7413_T365-R1,(9669_T298-R1,(7288_T260-R1,(9762_T453-R1,(9100_T520-R1,(9134_T271-R1,(5993_T254-R1,(9332_T485-R1,(9654_T307-R1,6924_T261-R1))))))))),(9533_T491-R1,9764_T520-R1),9580_T280-R1);
((7413_T365-R1,(9669_T298-R1,(7288_T260-R1,(9762_T453-R1,(9100_T520-R1,(9134_T271-R1,(5993_T254-R1,(9332_T485-R1,(9654_T307-R1,6924_T261-R1))))))))),(9533_T491-R1,9764_T520-R1),9580_T280-R1);
((7413_T365-R1,(9669_T298-R1,(7288_T260-R1,(9762_T453-R1,(9100_T520-R1,(9134_T271-R1,(5993_T254-R1,(9332_T485-R1,(9654_T307-R1,6924_T261-R1))))))))),(9533_T491-R1,9764_T520-R1),9580_T280-R1);
((7413_T365-R1,(9669_T298-R1,(7288_T260-R1,(9762_T453-R1,(9100_T520-R1,(9134_T271-R1,(5993_T254-R1,(9332_T485-R1,(9654_T307-R1,6924_T261-R1))))))))),(9533_T491-R1,9764_T520-R1),9580_T280-R1);
((7413_T365-R1,(9669_T298-R1,(7288_T260-R1,(9762_T453-R1,(9100_T520-R1,(9134_T271-R1,(5993_T254-R1,(9332_T485-R1,(9654_T307-R1,6924_T261-R1))))))))),(9533_T491-R1,9764_T520-R1),9580_T280-R1);
((7413_T365-R1,(9669_T298-R1,(7288_T260-R1,(9762_T453-R1,(9100_T520-R1,(9134_T271-R1,(5993_T254-R1,(9332_T485-R1,(9654_T307-R1,6924_T261-R1))))))))),(9533_T491-R1,9764_T520-R1),9580_T280-R1);
((7413_T365-R1,(9669_T298-R1,(7288_T260-R1,(9762_T453-R1,(9100_T520-R1,(9134_T271-R1,(5993_T254-R1,(9332_T485-R1,(9654_T307-R1,6924_T261-R1))))))))),(9533_T491-R1,9764_T520-R1),9580_T280-R1);
((7413_T365-R1,(7288_T260-R1,(9134_T271-R1,(9332_T485-R1,(9654_T307-R1,(6924_T261-R1,(9100_T520-R1,(9669_T298-R1,(5993_T254-R1,9762_T453-R1))))))))),(9533_T491-R1,9764_T520-R1),9580_T280-R1);
((7413_T365-R1,(7288_T260-R1,(9134_T271-R1,(9332_T485-R1,(9654_T307-R1,(6924_T261-R1,(9100_T520-R1,(9669_T298-R1,(5993_T254-R1,9762_T453-R1))))))))),(9533_T491-R1,9764_T520-R1),9580_T280-R1);
((7413_T365-R1,(7288_T260-R1,(9134_T271-R1,(9332_T485-R1,(9654_T307-R1,(6924_T261-R1,(9100_T520-R1,(9669_T298-R1,(5993_T254-R1,9762_T453-R1))))))))),(9533_T491-R1,9764_T520-R1),9580_T280-R1);
((7413_T365-R1,(7288_T260-R1,(9134_T271-R1,(9332_T485-R1,(9654_T307-R1,(6924_T261-R1,(9100_T520-R1,(9669_T298-R1,(5993_T254-R1,9762_T453-R1))))))))),(9533_T491-R1,9764_T520-R1),9580_T280-R1);
((7413_T365-R1,(7288_T260-R1,(9134_T271-R1,(9332_T485-R1,(9654_T307-R1,(6924_T261-R1,(9100_T520-R1,(9669_T298-R1,(5993_T254-R1,9762_T453-R1))))))))),(9533_T491-R1,9764_T520-R1),9580_T280-R1);
((7413_T365-R1,(7288_T260-R1,(9134_T271-R1,(9332_T485-R1,(9654_T307-R1,(6924_T261-R1,(9100_T520-R1,(9669_T298-R1,(5993_T254-R1,9762_T453-R1))))))))),(9533_T491-R1,9764_T520-R1),9580_T280-R1);
((7413_T365-R1,(7288_T260-R1,(9134_T271-R1,(9332_T485-R1,(9654_T307-R1,(6924_T261-R1,(9100_T520-R1,(9669_T298-R1,(5993_T254-R1,9762_T453-R1))))))))),(9533_T491-R1,9764_T520-R1),9580_T280-R1);
((7413_T365-R1,(7288_T260-R1,(9134_T271-R1,(9332_T485-R1,(9654_T307-R1,(6924_T261-R1,(9100_T520-R1,(9669_T298-R1,(5993_T254-R1,9762_T453-R1))))))))),(9533_T491-R1,9764_T520-R1),9580_T280-R1);
((7413_T365-R1,(7288_T260-R1,(9134_T271-R1,(9332_T485-R1,(9654_T307-R1,(6924_T261-R1,(9100_T520-R1,(9669_T298-R1,(5993_T254-R1,9762_T453-R1))))))))),(9533_T491-R1,9764_T520-R1),9580_T280-R1);
((7413_T365-R1,(7288_T260-R1,(9134_T271-R1,(9332_T485-R1,(9654_T307-R1,(6924_T261-R1,(9100_T520-R1,(9669_T298-R1,(5993_T254-R1,9762_T453-R1))))))))),(9533_T491-R1,9764_T520-R1),9580_T280-R1);
((9764_T520-R1,9533_T491-R1),(7413_T365-R1,(9669_T298-R1,(9332_T485-R1,(9654_T307-R1,(9100_T520-R1,(7288_T260-R1,(6924_T261-R1,(9762_T453-R1,(5993_T254-R1,9134_T271-R1))))))))),9580_T280-R1);
((9764_T520-R1,9533_T491-R1),(7413_T365-R1,(9669_T298-R1,(9332_T485-R1,(9654_T307-R1,(9100_T520-R1,(7288_T260-R1,(6924_T261-R1,(9762_T453-R1,(5993_T254-R1,9134_T271-R1))))))))),9580_T280-R1);
((9764_T520-R1,9533_T491-R1),(7413_T365-R1,(9669_T298-R1,(9332_T485-R1,(9654_T307-R1,(9100_T520-R1,(7288_T260-R1,(6924_T261-R1,(9762_T453-R1,(5993_T254-R1,9134_T271-R1))))))))),9580_T280-R1);
((9764_T520-R1,9533_T491-R1),(7413_T365-R1,(9669_T298-R1,(9332_T485-R1,(9654_T307-R1,(9100_T520-R1,(7288_T260-R1,(6924_T261-R1,(9762_T453-R1,(5993_T254-R1,9134_T271-R1))))))))),9580_T280-R1);
((9764_T520-R1,9533_T491-R1),(7413_T365-R1,(9669_T298-R1,(9332_T485-R1,(9654_T307-R1,(9100_T520-R1,(7288_T260-R1,(6924_T261-R1,(9762_T453-R1,(5993_T254-R1,9134_T271-R1))))))))),9580_T280-R1);
((9764_T520-R1,9533_T491-R1),(7413_T365-R1,(9669_T298-R1,(9332_T485-R1,(9654_T307-R1,(9100_T520-R1,(7288_T260-R1,(6924_T261-R1,(9762_T453-R1,(5993_T254-R1,9134_T271-R1))))))))),9580_T280-R1);
((9764_T520-R1,9533_T491-R1),(7413_T365-R1,(9669_T298-R1,(9332_T485-R1,(9654_T307-R1,(9100_T520-R1,(7288_T260-R1,(6924_T261-R1,(9762_T453-R1,(5993_T254-R1,9134_T271-R1))))))))),9580_T280-R1);
((9764_T520-R1,9533_T491-R1),(7413_T365-R1,(9669_T298-R1,(9332_T485-R1,(9654_T307-R1,(9100_T520-R1,(7288_T260-R1,(6924_T261-R1,(9762_T453-R1,(5993_T254-R1,9134_T271-R1))))))))),9580_T280-R1);
((9764_T520-R1,9533_T491-R1),(7413_T365-R1,(9669_T298-R1,(9332_T485-R1,(9654_T307-R1,(9100_T520-R1,(7288_T260-R1,(6924_T261-R1,(9762_T453-R1,(5993_T254-R1,9134_T271-R1))))))))),9580_T280-R1);
((9764_T520-R1,9533_T491-R1),(7413_T365-R1,(9669_T298-R1,(9332_T485-R1,(9654_T307-R1,(9100_T520-R1,(7288_T260-R1,(6924_T261-R1,(9762_T453-R1,(5993_T254-R1,9134_T271-R1))))))))),9580_T280-R1);
((9764_T520-R1,9533_T491-R1),((9669_T298-R1,(5993_T254-R1,(6924_T261-R1,(9654_T307-R1,(7288_T260-R1,(9762_T453-R1,(9100_T520-R1,(9134_T271-R1,9332_T485-R1)))))))),7413_T365-R1),9580_T280-R1);
((9764_T520-R1,9533_T491-R1),((9669_T298-R1,(5993_T254-R1,(6924_T261-R1,(9654_T307-R1,(7288_T260-R1,(9762_T453-R1,(9100_T520-R1,(9134_T271-R1,9332_T485-R1)))))))),7413_T365-R1),9580_T280-R1);
((9764_T520-R1,9533_T491-R1),((9669_T298-R1,(5993_T254-R1,(6924_T261-R1,(9654_T307-R1,(7288_T260-R1,(9762_T453-R1,(9100_T520-R1,(9134_T271-R1,9332_T485-R1)))))))),7413_T365-R1),9580_T280-R1);
((9764_T520-R1,9533_T491-R1),((9669_T298-R1,(5993_T254-R1,(6924_T261-R1,(9654_T307-R1,(7288_T260-R1,(9762_T453-R1,(9100_T520-R1,(9134_T271-R1,9332_T485-R1)))))))),7413_T365-R1),9580_T280-R1);
((9764_T520-R1,9533_T491-R1),((9669_T298-R1,(5993_T254-R1,(6924_T261-R1,(9654_T307-R1,(7288_T260-R1,(9762_T453-R1,(9100_T520-R1,(9134_T271-R1,9332_T485-R1)))))))),7413_T365-R1),9580_T280-R1);
((9764_T520-R1,9533_T491-R1),((9669_T298-R1,(5993_T254-R1,(6924_T261-R1,(9654_T307-R1,(7288_T260-R1,(9762_T453-R1,(9100_T520-R1,(9134_T271-R1,9332_T485-R1)))))))),7413_T365-R1),9580_T280-R1);
((9764_T520-R1,9533_T491-R1),((9669_T298-R1,(5993_T254-R1,(6924_T261-R1,(9654_T307-R1,(7288_T260-R1,(9762_T453-R1,(9100_T520-R1,(9134_T271-R1,9332_T485-R1)))))))),7413_T365-R1),9580_T280-R1);
((9764_T520-R1,9533_T491-R1),((9669_T298-R1,(5993_T254-R1,(6924_T261-R1,(9654_T307-R1,(7288_T260-R1,(9762_T453-R1,(9100_T520-R1,(9134_T271-R1,9332_T485-R1)))))))),7413_T365-R1),9580_T280-R1);
((9764_T520-R1,9533_T491-R1),((9669_T298-R1,(5993_T254-R1,(6924_T261-R1,(9654_T307-R1,(7288_T260-R1,(9762_T453-R1,(9100_T520-R1,(9134_T271-R1,9332_T485-R1)))))))),7413_T365-R1),9580_T280-R1);
((9764_T520-R1,9533_T491-R1),((9669_T298-R1,(5993_T254-R1,(6924_T261-R1,(9654_T307-R1,(7288_T260-R1,(9762_T453-R1,(9100_T520-R1,(9134_T271-R1,9332_T485-R1)))))))),7413_T365-R1),9580_T280-R1);
((7413_T365-R1,(9762_T453-R1,(9332_T485-R1,(9669_T298-R1,(6924_T261-R1,(9100_T520-R1,(5993_T254-R1,(9654_T307-R1,(7288_T260-R1,9134_T271-R1))))))))),(9764_T520-R1,9533_T491-R1),9580_T280-R1);
((7413_T365-R1,(9762_T453-R1,(9332_T485-R1,(9669_T298-R1,(6924_T261-R1,(9100_T520-R1,(5993_T254-R1,(9654_T307-R1,(7288_T260-R1,9134_T271-R1))))))))),(9764_T520-R1,9533_T491-R1),9580_T280-R1);
((7413_T365-R1,(9762_T453-R1,(9332_T485-R1,(9669_T298-R1,(6924_T261-R1,(9100_T520-R1,(5993_T254-R1,(9654_T307-R1,(7288_T260-R1,9134_T271-R1))))))))),(9764_T520-R1,9533_T491-R1),9580_T280-R1);
((7413_T365-R1,(9762_T453-R1,(9332_T485-R1,(9669_T298-R1,(6924_T261-R1,(9100_T520-R1,(5993_T254-R1,(9654_T307-R1,(7288_T260-R1,9134_T271-R1))))))))),(9764_T520-R1,9533_T491-R1),9580_T280-R1);
((7413_T365-R1,(9762_T453-R1,(9332_T485-R1,(9669_T298-R1,(6924_T261-R1,(9100_T520-R1,(5993_T254-R1,(9654_T307-R1,(7288_T260-R1,9134_T271-R1))))))))),(9764_T520-R1,9533_T491-R1),9580_T280-R1);
((7413_T365-R1,(9762_T453-R1,(9332_T485-R1,(9669_T298-R1,(6924_T261-R1,(9100_T520-R1,(5993_T254-R1,(9654_T307-R1,(7288_T260-R1,9134_T271-R1))))))))),(9764_T520-R1,9533_T491-R1),9580_T280-R1);
((7413_T365-R1,(9762_T453-R1,(9332_T485-R1,(9669_T298-R1,(6924_T261-R1,(9100_T520-R1,(5993_T254-R1,(9654_T307-R1,(7288_T260-R1,9134_T271-R1))))))))),(9764_T520-R1,9533_T491-R1),9580_T280-R1);
((7413_T365-R1,(9762_T453-R1,(9332_T485-R1,(9669_T298-R1,(6924_T261-R1,(9100_T520-R1,(5993_T254-R1,(9654_T307-R1,(7288_T260-R1,9134_T271-R1))))))))),(9764_T520-R1,9533_T491-R1),9580_T280-R1);
((7413_T365-R1,(9762_T453-R1,(9332_T485-R1,(9669_T298-R1,(6924_T261-R1,(9100_T520-R1,(5993_T254-R1,(9654_T307-R1,(7288_T260-R1,9134_T271-R1))))))))),(9764_T520-R1,9533_T491-R1),9580_T280-R1);
((7413_T365-R1,(9762_T453-R1,(9332_T485-R1,(9669_T298-R1,(6924_T261-R1,(9100_T520-R1,(5993_T254-R1,(9654_T307-R1,(7288_T260-R1,9134_T271-R1))))))))),(9764_T520-R1,9533_T491-R1),9580_T280-R1);
((9764_T520-R1,9533_T491-R1),(((((((((9654_T307-R1,9762_T453-R1),5993_T254-R1),9100_T520-R1),6924_T261-R1),9669_T298-R1),9332_T485-R1),7288_T260-R1),9134_T271-R1),7413_T365-R1),9580_T280-R1);
((9764_T520-R1,9533_T491-R1),(((((((((9654_T307-R1,9762_T453-R1),5993_T254-R1),9100_T520-R1),6924_T261-R1),9669_T298-R1),9332_T485-R1),7288_T260-R1),9134_T271-R1),7413_T365-R1),9580_T280-R1);
((9764_T520-R1,9533_T491-R1),(((((((((9654_T307-R1,9762_T453-R1),5993_T254-R1),9100_T520-R1),6924_T261-R1),9669_T298-R1),9332_T485-R1),7288_T260-R1),9134_T271-R1),7413_T365-R1),9580_T280-R1);
((9764_T520-R1,9533_T491-R1),(((((((((9654_T307-R1,9762_T453-R1),5993_T254-R1),9100_T520-R1),6924_T261-R1),9669_T298-R1),9332_T485-R1),7288_T260-R1),9134_T271-R1),7413_T365-R1),9580_T280-R1);
((9764_T520-R1,9533_T491-R1),(((((((((9654_T307-R1,9762_T453-R1),5993_T254-R1),9100_T520-R1),6924_T261-R1),9669_T298-R1),9332_T485-R1),7288_T260-R1),9134_T271-R1),7413_T365-R1),9580_T280-R1);
((9764_T520-R1,9533_T491-R1),(((((((((9654_T307-R1,9762_T453-R1),5993_T254-R1),9100_T520-R1),6924_T261-R1),9669_T298-R1),9332_T485-R1),7288_T260-R1),9134_T271-R1),7413_T365-R1),9580_T280-R1);
((9764_T520-R1,9533_T491-R1),(((((((((9654_T307-R1,9762_T453-R1),5993_T254-R1),9100_T520-R1),6924_T261-R1),9669_T298-R1),9332_T485-R1),7288_T260-R1),9134_T271-R1),7413_T365-R1),9580_T280-R1);
((9764_T520-R1,9533_T491-R1),(((((((((9654_T307-R1,9762_T453-R1),5993_T254-R1),9100_T520-R1),6924_T261-R1),9669_T298-R1),9332_T485-R1),7288_T260-R1),9134_T271-R1),7413_T365-R1),9580_T280-R1);
((9764_T520-R1,9533_T491-R1),(((((((((9654_T307-R1,9762_T453-R1),5993_T254-R1),9100_T520-R1),6924_T261-R1),9669_T298-R1),9332_T485-R1),7288_T260-R1),9134_T271-R1),7413_T365-R1),9580_T280-R1);
((9764_T520-R1,9533_T491-R1),(((((((((9654_T307-R1,9762_T453-R1),5993_T254-R1),9100_T520-R1),6924_T261-R1),9669_T298-R1),9332_T485-R1),7288_T260-R1),9134_T271-R1),7413_T365-R1),9580_T280-R1);
((7413_T365-R1,(5993_T254-R1,(9134_T271-R1,(9654_T307-R1,(9669_T298-R1,(6924_T261-R1,(7288_T260-R1,(9762_T453-R1,(9100_T520-R1,9332_T485-R1))))))))),(9533_T491-R1,9764_T520-R1),9580_T280-R1);
((7413_T365-R1,(5993_T254-R1,(9134_T271-R1,(9654_T307-R1,(9669_T298-R1,(6924_T261-R1,(7288_T260-R1,(9762_T453-R1,(9100_T520-R1,9332_T485-R1))))))))),(9533_T491-R1,9764_T520-R1),9580_T280-R1);
((7413_T365-R1,(5993_T254-R1,(9134_T271-R1,(9654_T307-R1,(9669_T298-R1,(6924_T261-R1,(7288_T260-R1,(9762_T453-R1,(9100_T520-R1,9332_T485-R1))))))))),(9533_T491-R1,9764_T520-R1),9580_T280-R1);
((7413_T365-R1,(5993_T254-R1,(9134_T271-R1,(9654_T307-R1,(9669_T298-R1,(6924_T261-R1,(7288_T260-R1,(9762_T453-R1,(9100_T520-R1,9332_T485-R1))))))))),(9533_T491-R1,9764_T520-R1),9580_T280-R1);
((7413_T365-R1,(5993_T254-R1,(9134_T271-R1,(9654_T307-R1,(9669_T298-R1,(6924_T261-R1,(7288_T260-R1,(9762_T453-R1,(9100_T520-R1,9332_T485-R1))))))))),(9533_T491-R1,9764_T520-R1),9580_T280-R1);
((7413_T365-R1,(5993_T254-R1,(9134_T271-R1,(9654_T307-R1,(9669_T298-R1,(6924_T261-R1,(7288_T260-R1,(9762_T453-R1,(9100_T520-R1,9332_T485-R1))))))))),(9533_T491-R1,9764_T520-R1),9580_T280-R1);
((7413_T365-R1,(5993_T254-R1,(9134_T271-R1,(9654_T307-R1,(9669_T298-R1,(6924_T261-R1,(7288_T260-R1,(9762_T453-R1,(9100_T520-R1,9332_T485-R1))))))))),(9533_T491-R1,9764_T520-R1),9580_T280-R1);
((7413_T365-R1,(5993_T254-R1,(9134_T271-R1,(9654_T307-R1,(9669_T298-R1,(6924_T261-R1,(7288_T260-R1,(9762_T453-R1,(9100_T520-R1,9332_T485-R1))))))))),(9533_T491-R1,9764_T520-R1),9580_T280-R1);
((7413_T365-R1,(5993_T254-R1,(9134_T271-R1,(9654_T307-R1,(9669_T298-R1,(6924_T261-R1,(7288_T260-R1,(9762_T453-R1,(9100_T520-R1,9332_T485-R1))))))))),(9533_T491-R1,9764_T520-R1),9580_T280-R1);
((7413_T365-R1,(5993_T254-R1,(9134_T271-R1,(9654_T307-R1,(9669_T298-R1,(6924_T261-R1,(7288_T260-R1,(9762_T453-R1,(9100_T520-R1,9332_T485-R1))))))))),(9533_T491-R1,9764_T520-R1),9580_T280-R1);
