(((6924_T054-R1,(9134_T061-R1,7273_T100-R1)),(((7067_T059-R1,7213_T042-R1),1925_T097-R1),7416_T029-R1)),(9100_T063-R1,9721_T053-R1),7058_T015-R1);
((((7213_T042-R1,(1925_T097-R1,7067_T059-R1)),(7416_T029-R1,6924_T054-R1)),(9134_T061-R1,7273_T100-R1)),(9100_T063-R1,9721_T053-R1),7058_T015-R1);
((((7213_T042-R1,(1925_T097-R1,7067_T059-R1)),(7416_T029-R1,6924_T054-R1)),(9134_T061-R1,7273_T100-R1)),(9100_T063-R1,9721_T053-R1),7058_T015-R1);
((((7213_T042-R1,(1925_T097-R1,7067_T059-R1)),(7416_T029-R1,6924_T054-R1)),(9134_T061-R1,7273_T100-R1)),(9100_T063-R1,9721_T053-R1),7058_T015-R1);
((((1925_T097-R1,(7067_T059-R1,7213_T042-R1)),7416_T029-R1),(6924_T054-R1,(9134_T061-R1,7273_T100-R1))),(9100_T063-R1,9721_T053-R1),7058_T015-R1);
((7213_T042-R1,(((1925_T097-R1,7416_T029-R1),(6924_T054-R1,7067_T059-R1)),(9134_T061-R1,7273_T100-R1))),(9100_T063-R1,9721_T053-R1),7058_T015-R1);
((((9134_T061-R1,7273_T100-R1),(7416_T029-R1,(7213_T042-R1,(7067_T059-R1,1925_T097-R1)))),6924_T054-R1),(9100_T063-R1,9721_T053-R1),7058_T015-R1);
((((9134_T061-R1,7273_T100-R1),(7416_T029-R1,(7213_T042-R1,(7067_T059-R1,1925_T097-R1)))),6924_T054-R1),(9100_T063-R1,9721_T053-R1),7058_T015-R1);
(((9134_T061-R1,7273_T100-R1),((7213_T042-R1,(7067_T059-R1,1925_T097-R1)),(7416_T029-R1,6924_T054-R1))),(9100_T063-R1,9721_T053-R1),7058_T015-R1);
(((9134_T061-R1,7273_T100-R1),((7213_T042-R1,(7067_T059-R1,1925_T097-R1)),(7416_T029-R1,6924_T054-R1))),(9100_T063-R1,9721_T053-R1),7058_T015-R1);
(((6924_T054-R1,(7416_T029-R1,((7213_T042-R1,7067_T059-R1),1925_T097-R1))),(7273_T100-R1,9134_T061-R1)),(9100_T063-R1,9721_T053-R1),7058_T015-R1);
(((6924_T054-R1,(7416_T029-R1,((7213_T042-R1,7067_T059-R1),1925_T097-R1))),(7273_T100-R1,9134_T061-R1)),(9100_T063-R1,9721_T053-R1),7058_T015-R1);
(((6924_T054-R1,(7416_T029-R1,((7213_T042-R1,7067_T059-R1),1925_T097-R1))),(7273_T100-R1,9134_T061-R1)),(9100_T063-R1,9721_T053-R1),7058_T015-R1);
(((6924_T054-R1,(7416_T029-R1,((7213_T042-R1,7067_T059-R1),1925_T097-R1))),(7273_T100-R1,9134_T061-R1)),(9100_T063-R1,9721_T053-R1),7058_T015-R1);
(((6924_T054-R1,(7416_T029-R1,((7213_T042-R1,7067_T059-R1),1925_T097-R1))),(7273_T100-R1,9134_T061-R1)),(9100_T063-R1,9721_T053-R1),7058_T015-R1);
(9100_T063-R1,(9721_T053-R1,(((((7213_T042-R1,7067_T059-R1),1925_T097-R1),7416_T029-R1),6924_T054-R1),(7273_T100-R1,9134_T061-R1))),7058_T015-R1);
(9100_T063-R1,(9721_T053-R1,(((((7213_T042-R1,7067_T059-R1),1925_T097-R1),7416_T029-R1),6924_T054-R1),(7273_T100-R1,9134_T061-R1))),7058_T015-R1);
(9100_T063-R1,(9721_T053-R1,(((((7213_T042-R1,7067_T059-R1),1925_T097-R1),7416_T029-R1),6924_T054-R1),(7273_T100-R1,9134_T061-R1))),7058_T015-R1);
(9100_T063-R1,(9721_T053-R1,(((((7213_T042-R1,7067_T059-R1),1925_T097-R1),7416_T029-R1),6924_T054-R1),(7273_T100-R1,9134_T061-R1))),7058_T015-R1);
((((9134_T061-R1,(((1925_T097-R1,7416_T029-R1),7067_T059-R1),7273_T100-R1)),7213_T042-R1),6924_T054-R1),(9100_T063-R1,9721_T053-R1),7058_T015-R1);
(((6924_T054-R1,7416_T029-R1),((7213_T042-R1,(1925_T097-R1,7067_T059-R1)),(7273_T100-R1,9134_T061-R1))),(9100_T063-R1,9721_T053-R1),7058_T015-R1);
(((6924_T054-R1,7416_T029-R1),((7213_T042-R1,(1925_T097-R1,7067_T059-R1)),(7273_T100-R1,9134_T061-R1))),(9100_T063-R1,9721_T053-R1),7058_T015-R1);
((9100_T063-R1,9721_T053-R1),((6924_T054-R1,7213_T042-R1),((9134_T061-R1,7273_T100-R1),((7416_T029-R1,1925_T097-R1),7067_T059-R1))),7058_T015-R1);
((9100_T063-R1,9721_T053-R1),((9134_T061-R1,7273_T100-R1),((7416_T029-R1,((7067_T059-R1,7213_T042-R1),1925_T097-R1)),6924_T054-R1)),7058_T015-R1);
((9100_T063-R1,9721_T053-R1),((9134_T061-R1,7273_T100-R1),((7416_T029-R1,((7067_T059-R1,7213_T042-R1),1925_T097-R1)),6924_T054-R1)),7058_T015-R1);
((9100_T063-R1,9721_T053-R1),((9134_T061-R1,7273_T100-R1),((7213_T042-R1,(1925_T097-R1,7067_T059-R1)),(6924_T054-R1,7416_T029-R1))),7058_T015-R1);
((9100_T063-R1,9721_T053-R1),((9134_T061-R1,7273_T100-R1),((7213_T042-R1,(1925_T097-R1,7067_T059-R1)),(6924_T054-R1,7416_T029-R1))),7058_T015-R1);
((9100_T063-R1,9721_T053-R1),((9134_T061-R1,7273_T100-R1),((7213_T042-R1,(1925_T097-R1,7067_T059-R1)),(6924_T054-R1,7416_T029-R1))),7058_T015-R1);
((9100_T063-R1,9721_T053-R1),((9134_T061-R1,7273_T100-R1),((7213_T042-R1,(1925_T097-R1,7067_T059-R1)),(6924_T054-R1,7416_T029-R1))),7058_T015-R1);
((9100_T063-R1,9721_T053-R1),((9134_T061-R1,7273_T100-R1),((7213_T042-R1,(1925_T097-R1,7067_T059-R1)),(6924_T054-R1,7416_T029-R1))),7058_T015-R1);
(9100_T063-R1,(9721_T053-R1,(((6924_T054-R1,((7416_T029-R1,1925_T097-R1),7067_T059-R1)),7213_T042-R1),(9134_T061-R1,7273_T100-R1))),7058_T015-R1);
(((7213_T042-R1,(7067_T059-R1,1925_T097-R1)),(7416_T029-R1,(6924_T054-R1,(9134_T061-R1,7273_T100-R1)))),(9100_T063-R1,9721_T053-R1),7058_T015-R1);
(((7213_T042-R1,(7067_T059-R1,1925_T097-R1)),(7416_T029-R1,(6924_T054-R1,(9134_T061-R1,7273_T100-R1)))),(9100_T063-R1,9721_T053-R1),7058_T015-R1);
(((7213_T042-R1,(7067_T059-R1,1925_T097-R1)),(7416_T029-R1,(6924_T054-R1,(9134_T061-R1,7273_T100-R1)))),(9100_T063-R1,9721_T053-R1),7058_T015-R1);
((((9134_T061-R1,7273_T100-R1),((1925_T097-R1,(7213_T042-R1,7067_T059-R1)),7416_T029-R1)),6924_T054-R1),(9100_T063-R1,9721_T053-R1),7058_T015-R1);
((((9134_T061-R1,7273_T100-R1),(1925_T097-R1,(7213_T042-R1,7067_T059-R1))),(7416_T029-R1,6924_T054-R1)),(9100_T063-R1,9721_T053-R1),7058_T015-R1);
((((9134_T061-R1,7273_T100-R1),(1925_T097-R1,(7213_T042-R1,7067_T059-R1))),(7416_T029-R1,6924_T054-R1)),(9100_T063-R1,9721_T053-R1),7058_T015-R1);
((((9134_T061-R1,7273_T100-R1),(1925_T097-R1,(7213_T042-R1,7067_T059-R1))),(7416_T029-R1,6924_T054-R1)),(9100_T063-R1,9721_T053-R1),7058_T015-R1);
((((9134_T061-R1,7273_T100-R1),(1925_T097-R1,(7213_T042-R1,7067_T059-R1))),(7416_T029-R1,6924_T054-R1)),(9100_T063-R1,9721_T053-R1),7058_T015-R1);
((((9134_T061-R1,7273_T100-R1),(1925_T097-R1,(7213_T042-R1,7067_T059-R1))),(7416_T029-R1,6924_T054-R1)),(9100_T063-R1,9721_T053-R1),7058_T015-R1);
(((9134_T061-R1,(7273_T100-R1,(7416_T029-R1,(6924_T054-R1,(1925_T097-R1,(7213_T042-R1,7067_T059-R1)))))),9721_T053-R1),9100_T063-R1,7058_T015-R1);
((((((7416_T029-R1,1925_T097-R1),(6924_T054-R1,7067_T059-R1)),7213_T042-R1),(9134_T061-R1,7273_T100-R1)),9721_T053-R1),9100_T063-R1,7058_T015-R1);
((((((7416_T029-R1,1925_T097-R1),(6924_T054-R1,7067_T059-R1)),7213_T042-R1),(9134_T061-R1,7273_T100-R1)),9721_T053-R1),9100_T063-R1,7058_T015-R1);
(((9134_T061-R1,(7273_T100-R1,((6924_T054-R1,7416_T029-R1),(1925_T097-R1,(7213_T042-R1,7067_T059-R1))))),9721_T053-R1),9100_T063-R1,7058_T015-R1);
(((9134_T061-R1,(7273_T100-R1,((6924_T054-R1,7416_T029-R1),(1925_T097-R1,(7213_T042-R1,7067_T059-R1))))),9721_T053-R1),9100_T063-R1,7058_T015-R1);
(((9134_T061-R1,(7273_T100-R1,((6924_T054-R1,7416_T029-R1),(1925_T097-R1,(7213_T042-R1,7067_T059-R1))))),9721_T053-R1),9100_T063-R1,7058_T015-R1);
(((((7416_T029-R1,1925_T097-R1),((6924_T054-R1,7213_T042-R1),7067_T059-R1)),(9134_T061-R1,7273_T100-R1)),9721_T053-R1),9100_T063-R1,7058_T015-R1);
(((((7067_T059-R1,1925_T097-R1),7213_T042-R1),(9134_T061-R1,7273_T100-R1)),(6924_T054-R1,7416_T029-R1)),(9721_T053-R1,9100_T063-R1),7058_T015-R1);
((((7416_T029-R1,6924_T054-R1),(1925_T097-R1,(7213_T042-R1,7067_T059-R1))),(9134_T061-R1,7273_T100-R1)),(9721_T053-R1,9100_T063-R1),7058_T015-R1);
((((7416_T029-R1,6924_T054-R1),(1925_T097-R1,(7213_T042-R1,7067_T059-R1))),(9134_T061-R1,7273_T100-R1)),(9721_T053-R1,9100_T063-R1),7058_T015-R1);
((((9134_T061-R1,7273_T100-R1),((7213_T042-R1,1925_T097-R1),7067_T059-R1)),(6924_T054-R1,7416_T029-R1)),(9100_T063-R1,9721_T053-R1),7058_T015-R1);
((((9134_T061-R1,7273_T100-R1),((7213_T042-R1,1925_T097-R1),7067_T059-R1)),(6924_T054-R1,7416_T029-R1)),(9100_T063-R1,9721_T053-R1),7058_T015-R1);
((((9134_T061-R1,7273_T100-R1),((7213_T042-R1,1925_T097-R1),7067_T059-R1)),(6924_T054-R1,7416_T029-R1)),(9100_T063-R1,9721_T053-R1),7058_T015-R1);
((((9134_T061-R1,7273_T100-R1),((7213_T042-R1,1925_T097-R1),7067_T059-R1)),(6924_T054-R1,7416_T029-R1)),(9100_T063-R1,9721_T053-R1),7058_T015-R1);
((((9134_T061-R1,7273_T100-R1),((7213_T042-R1,1925_T097-R1),7067_T059-R1)),(6924_T054-R1,7416_T029-R1)),(9100_T063-R1,9721_T053-R1),7058_T015-R1);
(((7416_T029-R1,1925_T097-R1),((7067_T059-R1,6924_T054-R1),((9134_T061-R1,7273_T100-R1),7213_T042-R1))),(9100_T063-R1,9721_T053-R1),7058_T015-R1);
((9100_T063-R1,9721_T053-R1),((6924_T054-R1,(7416_T029-R1,((7067_T059-R1,7213_T042-R1),1925_T097-R1))),(9134_T061-R1,7273_T100-R1)),7058_T015-R1);
((9100_T063-R1,9721_T053-R1),((6924_T054-R1,(7416_T029-R1,((7067_T059-R1,7213_T042-R1),1925_T097-R1))),(9134_T061-R1,7273_T100-R1)),7058_T015-R1);
((9100_T063-R1,9721_T053-R1),((6924_T054-R1,(7416_T029-R1,((7067_T059-R1,7213_T042-R1),1925_T097-R1))),(9134_T061-R1,7273_T100-R1)),7058_T015-R1);
((9100_T063-R1,9721_T053-R1),((6924_T054-R1,(7416_T029-R1,((7067_T059-R1,7213_T042-R1),1925_T097-R1))),(9134_T061-R1,7273_T100-R1)),7058_T015-R1);
((9721_T053-R1,((((((7213_T042-R1,7067_T059-R1),1925_T097-R1),6924_T054-R1),7416_T029-R1),9134_T061-R1),7273_T100-R1)),9100_T063-R1,7058_T015-R1);
((9721_T053-R1,((((((7213_T042-R1,7067_T059-R1),1925_T097-R1),6924_T054-R1),7416_T029-R1),9134_T061-R1),7273_T100-R1)),9100_T063-R1,7058_T015-R1);
((9721_T053-R1,((((((7213_T042-R1,7067_T059-R1),1925_T097-R1),6924_T054-R1),7416_T029-R1),9134_T061-R1),7273_T100-R1)),9100_T063-R1,7058_T015-R1);
((9721_T053-R1,((((((7213_T042-R1,7067_T059-R1),1925_T097-R1),6924_T054-R1),7416_T029-R1),9134_T061-R1),7273_T100-R1)),9100_T063-R1,7058_T015-R1);
((9721_T053-R1,((((((7213_T042-R1,7067_T059-R1),1925_T097-R1),6924_T054-R1),7416_T029-R1),9134_T061-R1),7273_T100-R1)),9100_T063-R1,7058_T015-R1);
((9721_T053-R1,((((((7213_T042-R1,7067_T059-R1),1925_T097-R1),6924_T054-R1),7416_T029-R1),9134_T061-R1),7273_T100-R1)),9100_T063-R1,7058_T015-R1);
(((9134_T061-R1,7273_T100-R1),(6924_T054-R1,(((7213_T042-R1,7067_T059-R1),1925_T097-R1),7416_T029-R1))),(9100_T063-R1,9721_T053-R1),7058_T015-R1);
(((((9134_T061-R1,7273_T100-R1),(6924_T054-R1,(7416_T029-R1,1925_T097-R1))),7067_T059-R1),7213_T042-R1),(9100_T063-R1,9721_T053-R1),7058_T015-R1);
(((9134_T061-R1,7273_T100-R1),((((7067_T059-R1,7213_T042-R1),1925_T097-R1),7416_T029-R1),6924_T054-R1)),(9100_T063-R1,9721_T053-R1),7058_T015-R1);
(((9134_T061-R1,7273_T100-R1),((((7067_T059-R1,7213_T042-R1),1925_T097-R1),7416_T029-R1),6924_T054-R1)),(9100_T063-R1,9721_T053-R1),7058_T015-R1);
(((7416_T029-R1,6924_T054-R1),((9134_T061-R1,7273_T100-R1),(7213_T042-R1,(7067_T059-R1,1925_T097-R1)))),(9100_T063-R1,9721_T053-R1),7058_T015-R1);
(((7416_T029-R1,6924_T054-R1),((9134_T061-R1,7273_T100-R1),(7213_T042-R1,(7067_T059-R1,1925_T097-R1)))),(9100_T063-R1,9721_T053-R1),7058_T015-R1);
(((9134_T061-R1,7273_T100-R1),((6924_T054-R1,7416_T029-R1),(1925_T097-R1,(7213_T042-R1,7067_T059-R1)))),(9100_T063-R1,9721_T053-R1),7058_T015-R1);
(((9134_T061-R1,7273_T100-R1),((6924_T054-R1,7416_T029-R1),(1925_T097-R1,(7213_T042-R1,7067_T059-R1)))),(9100_T063-R1,9721_T053-R1),7058_T015-R1);
(((9134_T061-R1,7273_T100-R1),((6924_T054-R1,7416_T029-R1),(1925_T097-R1,(7213_T042-R1,7067_T059-R1)))),(9100_T063-R1,9721_T053-R1),7058_T015-R1);
(((9134_T061-R1,7273_T100-R1),((6924_T054-R1,7416_T029-R1),(1925_T097-R1,(7213_T042-R1,7067_T059-R1)))),(9100_T063-R1,9721_T053-R1),7058_T015-R1);
(((7213_T042-R1,(9134_T061-R1,7273_T100-R1)),((6924_T054-R1,7067_T059-R1),(7416_T029-R1,1925_T097-R1))),(9100_T063-R1,9721_T053-R1),7058_T015-R1);
(9100_T063-R1,(9721_T053-R1,((7416_T029-R1,((9134_T061-R1,7273_T100-R1),(1925_T097-R1,(7067_T059-R1,7213_T042-R1)))),6924_T054-R1)),7058_T015-R1);
(((9134_T061-R1,7273_T100-R1),(6924_T054-R1,(7416_T029-R1,(1925_T097-R1,(7067_T059-R1,7213_T042-R1))))),(9100_T063-R1,9721_T053-R1),7058_T015-R1);
(((9134_T061-R1,7273_T100-R1),(6924_T054-R1,(7416_T029-R1,(1925_T097-R1,(7067_T059-R1,7213_T042-R1))))),(9100_T063-R1,9721_T053-R1),7058_T015-R1);
(9100_T063-R1,(9721_T053-R1,((((((7213_T042-R1,7067_T059-R1),1925_T097-R1),6924_T054-R1),7416_T029-R1),7273_T100-R1),9134_T061-R1)),7058_T015-R1);
(((7273_T100-R1,9134_T061-R1),((6924_T054-R1,7416_T029-R1),(7213_T042-R1,(7067_T059-R1,1925_T097-R1)))),(9100_T063-R1,9721_T053-R1),7058_T015-R1);
(((7273_T100-R1,9134_T061-R1),((6924_T054-R1,7416_T029-R1),(7213_T042-R1,(7067_T059-R1,1925_T097-R1)))),(9100_T063-R1,9721_T053-R1),7058_T015-R1);
(((7273_T100-R1,9134_T061-R1),((6924_T054-R1,7416_T029-R1),(7213_T042-R1,(7067_T059-R1,1925_T097-R1)))),(9100_T063-R1,9721_T053-R1),7058_T015-R1);
(((7273_T100-R1,9134_T061-R1),((6924_T054-R1,7416_T029-R1),(7213_T042-R1,(7067_T059-R1,1925_T097-R1)))),(9100_T063-R1,9721_T053-R1),7058_T015-R1);
(((7273_T100-R1,9134_T061-R1),((6924_T054-R1,7416_T029-R1),(7213_T042-R1,(7067_T059-R1,1925_T097-R1)))),(9100_T063-R1,9721_T053-R1),7058_T015-R1);
(((7273_T100-R1,9134_T061-R1),((6924_T054-R1,7416_T029-R1),(7213_T042-R1,(7067_T059-R1,1925_T097-R1)))),(9100_T063-R1,9721_T053-R1),7058_T015-R1);
((9100_T063-R1,9721_T053-R1),(7213_T042-R1,(((6924_T054-R1,(7416_T029-R1,1925_T097-R1)),7067_T059-R1),(7273_T100-R1,9134_T061-R1))),7058_T015-R1);
((9100_T063-R1,9721_T053-R1),((7273_T100-R1,9134_T061-R1),((((7067_T059-R1,7213_T042-R1),1925_T097-R1),7416_T029-R1),6924_T054-R1)),7058_T015-R1);
((9100_T063-R1,9721_T053-R1),((7273_T100-R1,9134_T061-R1),(((7067_T059-R1,7213_T042-R1),1925_T097-R1),(7416_T029-R1,6924_T054-R1))),7058_T015-R1);
(((9134_T061-R1,(7273_T100-R1,((7213_T042-R1,(1925_T097-R1,7067_T059-R1)),(7416_T029-R1,6924_T054-R1)))),9721_T053-R1),9100_T063-R1,7058_T015-R1);
(((9134_T061-R1,(7273_T100-R1,((7213_T042-R1,(1925_T097-R1,7067_T059-R1)),(7416_T029-R1,6924_T054-R1)))),9721_T053-R1),9100_T063-R1,7058_T015-R1);
(((9134_T061-R1,(7273_T100-R1,((7213_T042-R1,(1925_T097-R1,7067_T059-R1)),(7416_T029-R1,6924_T054-R1)))),9721_T053-R1),9100_T063-R1,7058_T015-R1);
(((9134_T061-R1,(7273_T100-R1,((7213_T042-R1,(1925_T097-R1,7067_T059-R1)),(7416_T029-R1,6924_T054-R1)))),9721_T053-R1),9100_T063-R1,7058_T015-R1);
(((9134_T061-R1,(7273_T100-R1,((7213_T042-R1,(1925_T097-R1,7067_T059-R1)),(7416_T029-R1,6924_T054-R1)))),9721_T053-R1),9100_T063-R1,7058_T015-R1);
(((9134_T061-R1,(7273_T100-R1,((7213_T042-R1,(1925_T097-R1,7067_T059-R1)),(7416_T029-R1,6924_T054-R1)))),9721_T053-R1),9100_T063-R1,7058_T015-R1);
((((7213_T042-R1,(7067_T059-R1,(1925_T097-R1,(7416_T029-R1,6924_T054-R1)))),(9134_T061-R1,7273_T100-R1)),9721_T053-R1),9100_T063-R1,7058_T015-R1);
((6924_T054-R1,(((7213_T042-R1,7067_T059-R1),(9134_T061-R1,7273_T100-R1)),(1925_T097-R1,7416_T029-R1))),(9721_T053-R1,9100_T063-R1),7058_T015-R1);
(((9134_T061-R1,7273_T100-R1),((7416_T029-R1,6924_T054-R1),(7213_T042-R1,(7067_T059-R1,1925_T097-R1)))),(9721_T053-R1,9100_T063-R1),7058_T015-R1);
(((9134_T061-R1,7273_T100-R1),((7416_T029-R1,6924_T054-R1),(7213_T042-R1,(7067_T059-R1,1925_T097-R1)))),(9721_T053-R1,9100_T063-R1),7058_T015-R1);
