

IMPORTANT WARNING: Sequences 7396_T040-R1 and 5784_T013-R1 are exactly identical


IMPORTANT WARNING: Sequences 7396_T040-R1 and 9784_T189-R1 are exactly identical


IMPORTANT WARNING: Sequences 6909_T004-R1 and ATHALIANA_AT5G45230_1 are exactly identical

IMPORTANT WARNING
Found 3 sequences that are exactly identical to other sequences in the alignment.
Normally they should be excluded from the analysis.

Just in case you might need it, an alignment file with 
sequence duplicates removed is printed to file ../../RAxML_tree_pbNB-ARC/Clade_Refinement_1/Int14006_29_44_R_10.afa.reduced


This is RAxML version 8.2.12 released by Alexandros Stamatakis on May 2018.

With greatly appreciated code contributions by:
Andre Aberer      (HITS)
Simon Berger      (HITS)
Alexey Kozlov     (HITS)
Kassian Kobert    (HITS)
David Dao         (KIT and HITS)
Sarah Lutteropp   (KIT and HITS)
Nick Pattengale   (Sandia)
Wayne Pfeiffer    (SDSC)
Akifumi S. Tanabe (NRIFS)
Charlie Taylor    (UF)


Alignment has 115 distinct alignment patterns

Proportion of gaps and completely undetermined characters in this alignment: 4.96%

RAxML rapid bootstrapping and subsequent ML search

Using 1 distinct models/data partitions with joint branch length optimization



Executing 100 rapid bootstrap inferences and thereafter a thorough ML search 

All free model parameters will be estimated by RAxML
ML estimate of 25 per site rate categories

Likelihood of final tree will be evaluated and optimized under GAMMA

GAMMA Model parameters will be estimated up to an accuracy of 0.1000000000 Log Likelihood units

Partition: 0
Alignment Patterns: 115
Name: No Name Provided
DataType: AA
Substitution Matrix: JTT
Using fixed base frequencies




RAxML was called as follows:

/Users/prigozhin/Installers/standard-RAxML/raxmlHPC-PTHREADS-AVX -T 2 -n Int14006_29_44_R_10.Raxml.out -f a -x 12345 -p 12345 -# 100 -m PROTCATJTT -s ../../RAxML_tree_pbNB-ARC/Clade_Refinement_1/Int14006_29_44_R_10.afa 



Time for BS model parameter optimization 0.103926
Bootstrap[0]: Time 0.232639 seconds, bootstrap likelihood -3775.818735, best rearrangement setting 13
Bootstrap[1]: Time 0.112118 seconds, bootstrap likelihood -3744.769208, best rearrangement setting 13
Bootstrap[2]: Time 0.062242 seconds, bootstrap likelihood -3824.022336, best rearrangement setting 12
Bootstrap[3]: Time 0.145703 seconds, bootstrap likelihood -3707.423830, best rearrangement setting 15
Bootstrap[4]: Time 0.149132 seconds, bootstrap likelihood -3825.103838, best rearrangement setting 10
Bootstrap[5]: Time 0.154675 seconds, bootstrap likelihood -3817.927327, best rearrangement setting 10
Bootstrap[6]: Time 0.154485 seconds, bootstrap likelihood -3817.376523, best rearrangement setting 6
Bootstrap[7]: Time 0.126274 seconds, bootstrap likelihood -3748.828580, best rearrangement setting 14
Bootstrap[8]: Time 0.147747 seconds, bootstrap likelihood -3765.635121, best rearrangement setting 5
Bootstrap[9]: Time 0.078159 seconds, bootstrap likelihood -3828.899303, best rearrangement setting 7
Bootstrap[10]: Time 0.157461 seconds, bootstrap likelihood -3748.458855, best rearrangement setting 7
Bootstrap[11]: Time 0.145753 seconds, bootstrap likelihood -3731.004738, best rearrangement setting 5
Bootstrap[12]: Time 0.115206 seconds, bootstrap likelihood -3752.922492, best rearrangement setting 8
Bootstrap[13]: Time 0.061835 seconds, bootstrap likelihood -3805.934308, best rearrangement setting 7
Bootstrap[14]: Time 0.057076 seconds, bootstrap likelihood -3734.622231, best rearrangement setting 12
Bootstrap[15]: Time 0.161285 seconds, bootstrap likelihood -3806.410805, best rearrangement setting 15
Bootstrap[16]: Time 0.138537 seconds, bootstrap likelihood -3781.918243, best rearrangement setting 12
Bootstrap[17]: Time 0.074868 seconds, bootstrap likelihood -3745.041346, best rearrangement setting 12
Bootstrap[18]: Time 0.062150 seconds, bootstrap likelihood -3775.746060, best rearrangement setting 5
Bootstrap[19]: Time 0.151553 seconds, bootstrap likelihood -3787.121980, best rearrangement setting 8
Bootstrap[20]: Time 0.063610 seconds, bootstrap likelihood -3833.967729, best rearrangement setting 10
Bootstrap[21]: Time 0.133056 seconds, bootstrap likelihood -3728.776189, best rearrangement setting 6
Bootstrap[22]: Time 0.066301 seconds, bootstrap likelihood -3742.152093, best rearrangement setting 5
Bootstrap[23]: Time 0.063916 seconds, bootstrap likelihood -3771.754262, best rearrangement setting 7
Bootstrap[24]: Time 0.062090 seconds, bootstrap likelihood -3774.921274, best rearrangement setting 8
Bootstrap[25]: Time 0.114731 seconds, bootstrap likelihood -3799.850357, best rearrangement setting 6
Bootstrap[26]: Time 0.119716 seconds, bootstrap likelihood -3748.510918, best rearrangement setting 12
Bootstrap[27]: Time 0.127714 seconds, bootstrap likelihood -3819.021608, best rearrangement setting 10
Bootstrap[28]: Time 0.121627 seconds, bootstrap likelihood -3802.399403, best rearrangement setting 11
Bootstrap[29]: Time 0.143964 seconds, bootstrap likelihood -3773.579231, best rearrangement setting 12
Bootstrap[30]: Time 0.109673 seconds, bootstrap likelihood -3750.294712, best rearrangement setting 15
Bootstrap[31]: Time 0.127802 seconds, bootstrap likelihood -3809.906077, best rearrangement setting 15
Bootstrap[32]: Time 0.064442 seconds, bootstrap likelihood -3778.624475, best rearrangement setting 6
Bootstrap[33]: Time 0.130345 seconds, bootstrap likelihood -3707.108173, best rearrangement setting 15
Bootstrap[34]: Time 0.124048 seconds, bootstrap likelihood -3751.897606, best rearrangement setting 11
Bootstrap[35]: Time 0.146232 seconds, bootstrap likelihood -3753.470226, best rearrangement setting 8
Bootstrap[36]: Time 0.136234 seconds, bootstrap likelihood -3743.499778, best rearrangement setting 9
Bootstrap[37]: Time 0.061450 seconds, bootstrap likelihood -3783.551286, best rearrangement setting 11
Bootstrap[38]: Time 0.061007 seconds, bootstrap likelihood -3829.598605, best rearrangement setting 8
Bootstrap[39]: Time 0.125369 seconds, bootstrap likelihood -3805.217029, best rearrangement setting 13
Bootstrap[40]: Time 0.072258 seconds, bootstrap likelihood -3760.483224, best rearrangement setting 13
Bootstrap[41]: Time 0.059606 seconds, bootstrap likelihood -3724.411147, best rearrangement setting 10
Bootstrap[42]: Time 0.064516 seconds, bootstrap likelihood -3691.529544, best rearrangement setting 5
Bootstrap[43]: Time 0.061821 seconds, bootstrap likelihood -3780.827189, best rearrangement setting 14
Bootstrap[44]: Time 0.069551 seconds, bootstrap likelihood -3802.671382, best rearrangement setting 10
Bootstrap[45]: Time 0.125789 seconds, bootstrap likelihood -3790.675666, best rearrangement setting 15
Bootstrap[46]: Time 0.114682 seconds, bootstrap likelihood -3739.828144, best rearrangement setting 14
Bootstrap[47]: Time 0.151469 seconds, bootstrap likelihood -3808.955730, best rearrangement setting 8
Bootstrap[48]: Time 0.148379 seconds, bootstrap likelihood -3755.897762, best rearrangement setting 6
Bootstrap[49]: Time 0.072297 seconds, bootstrap likelihood -3768.618407, best rearrangement setting 7
Bootstrap[50]: Time 0.066568 seconds, bootstrap likelihood -3757.912968, best rearrangement setting 7
Bootstrap[51]: Time 0.079775 seconds, bootstrap likelihood -3762.564643, best rearrangement setting 11
Bootstrap[52]: Time 0.057830 seconds, bootstrap likelihood -3758.350643, best rearrangement setting 12
Bootstrap[53]: Time 0.067177 seconds, bootstrap likelihood -3751.869666, best rearrangement setting 8
Bootstrap[54]: Time 0.069903 seconds, bootstrap likelihood -3776.751835, best rearrangement setting 9
Bootstrap[55]: Time 0.068329 seconds, bootstrap likelihood -3807.538760, best rearrangement setting 11
Bootstrap[56]: Time 0.149594 seconds, bootstrap likelihood -3773.074151, best rearrangement setting 5
Bootstrap[57]: Time 0.126345 seconds, bootstrap likelihood -3754.214024, best rearrangement setting 7
Bootstrap[58]: Time 0.117777 seconds, bootstrap likelihood -3768.597249, best rearrangement setting 10
Bootstrap[59]: Time 0.107664 seconds, bootstrap likelihood -3765.573534, best rearrangement setting 9
Bootstrap[60]: Time 0.068016 seconds, bootstrap likelihood -3762.012491, best rearrangement setting 7
Bootstrap[61]: Time 0.067884 seconds, bootstrap likelihood -3796.143739, best rearrangement setting 5
Bootstrap[62]: Time 0.071243 seconds, bootstrap likelihood -3800.977757, best rearrangement setting 11
Bootstrap[63]: Time 0.072111 seconds, bootstrap likelihood -3787.342338, best rearrangement setting 12
Bootstrap[64]: Time 0.060654 seconds, bootstrap likelihood -3821.323982, best rearrangement setting 7
Bootstrap[65]: Time 0.077040 seconds, bootstrap likelihood -3785.758452, best rearrangement setting 5
Bootstrap[66]: Time 0.123963 seconds, bootstrap likelihood -3731.408283, best rearrangement setting 5
Bootstrap[67]: Time 0.172733 seconds, bootstrap likelihood -3713.060273, best rearrangement setting 15
Bootstrap[68]: Time 0.176685 seconds, bootstrap likelihood -3745.046087, best rearrangement setting 11
Bootstrap[69]: Time 0.156227 seconds, bootstrap likelihood -3788.150453, best rearrangement setting 5
Bootstrap[70]: Time 0.178918 seconds, bootstrap likelihood -3777.479873, best rearrangement setting 8
Bootstrap[71]: Time 0.127752 seconds, bootstrap likelihood -3805.016888, best rearrangement setting 10
Bootstrap[72]: Time 0.130550 seconds, bootstrap likelihood -3794.122708, best rearrangement setting 11
Bootstrap[73]: Time 0.057132 seconds, bootstrap likelihood -3748.183201, best rearrangement setting 9
Bootstrap[74]: Time 0.149614 seconds, bootstrap likelihood -3789.879641, best rearrangement setting 5
Bootstrap[75]: Time 0.123981 seconds, bootstrap likelihood -3782.811462, best rearrangement setting 8
Bootstrap[76]: Time 0.113890 seconds, bootstrap likelihood -3713.769518, best rearrangement setting 9
Bootstrap[77]: Time 0.125893 seconds, bootstrap likelihood -3753.267981, best rearrangement setting 11
Bootstrap[78]: Time 0.075512 seconds, bootstrap likelihood -3777.083895, best rearrangement setting 15
Bootstrap[79]: Time 0.063106 seconds, bootstrap likelihood -3719.042379, best rearrangement setting 9
Bootstrap[80]: Time 0.055498 seconds, bootstrap likelihood -3790.866794, best rearrangement setting 15
Bootstrap[81]: Time 0.117851 seconds, bootstrap likelihood -3787.747606, best rearrangement setting 7
Bootstrap[82]: Time 0.117847 seconds, bootstrap likelihood -3743.698169, best rearrangement setting 6
Bootstrap[83]: Time 0.063936 seconds, bootstrap likelihood -3849.432431, best rearrangement setting 10
Bootstrap[84]: Time 0.133714 seconds, bootstrap likelihood -3756.169735, best rearrangement setting 11
Bootstrap[85]: Time 0.125025 seconds, bootstrap likelihood -3753.522774, best rearrangement setting 8
Bootstrap[86]: Time 0.120084 seconds, bootstrap likelihood -3776.110332, best rearrangement setting 7
Bootstrap[87]: Time 0.137879 seconds, bootstrap likelihood -3808.447325, best rearrangement setting 7
Bootstrap[88]: Time 0.153723 seconds, bootstrap likelihood -3733.211264, best rearrangement setting 12
Bootstrap[89]: Time 0.128383 seconds, bootstrap likelihood -3796.914826, best rearrangement setting 10
Bootstrap[90]: Time 0.149613 seconds, bootstrap likelihood -3812.686450, best rearrangement setting 8
Bootstrap[91]: Time 0.123450 seconds, bootstrap likelihood -3810.985255, best rearrangement setting 12
Bootstrap[92]: Time 0.076924 seconds, bootstrap likelihood -3766.704471, best rearrangement setting 13
Bootstrap[93]: Time 0.130683 seconds, bootstrap likelihood -3742.121872, best rearrangement setting 15
Bootstrap[94]: Time 0.114875 seconds, bootstrap likelihood -3829.314170, best rearrangement setting 5
Bootstrap[95]: Time 0.066994 seconds, bootstrap likelihood -3732.132674, best rearrangement setting 5
Bootstrap[96]: Time 0.064701 seconds, bootstrap likelihood -3701.579933, best rearrangement setting 13
Bootstrap[97]: Time 0.076026 seconds, bootstrap likelihood -3798.606145, best rearrangement setting 11
Bootstrap[98]: Time 0.075842 seconds, bootstrap likelihood -3776.681784, best rearrangement setting 6
Bootstrap[99]: Time 0.122157 seconds, bootstrap likelihood -3755.132130, best rearrangement setting 14


Overall Time for 100 Rapid Bootstraps 10.814829 seconds
Average Time per Rapid Bootstrap 0.108148 seconds

Starting ML Search ...

Fast ML optimization finished

Fast ML search Time: 4.106508 seconds

Slow ML Search 0 Likelihood: -3929.002762
Slow ML Search 1 Likelihood: -3929.002762
Slow ML Search 2 Likelihood: -3929.002762
Slow ML Search 3 Likelihood: -3929.002762
Slow ML Search 4 Likelihood: -3929.002762
Slow ML Search 5 Likelihood: -3929.002762
Slow ML Search 6 Likelihood: -3929.002762
Slow ML Search 7 Likelihood: -3929.002762
Slow ML Search 8 Likelihood: -3929.002762
Slow ML Search 9 Likelihood: -3929.002762
Slow ML optimization finished

Slow ML search Time: 1.423604 seconds
Thorough ML search Time: 0.243716 seconds

Final ML Optimization Likelihood: -3921.186635

Model Information:

Model Parameters of Partition 0, Name: No Name Provided, Type of Data: AA
alpha: 0.112508
Tree-Length: 0.039053
rate A <-> R: 0.603538
rate A <-> N: 0.561915
rate A <-> D: 0.842872
rate A <-> C: 0.582726
rate A <-> Q: 0.593132
rate A <-> E: 1.092612
rate A <-> G: 1.862643
rate A <-> H: 0.280957
rate A <-> I: 0.374610
rate A <-> L: 0.312175
rate A <-> K: 0.364204
rate A <-> M: 0.561915
rate A <-> F: 0.156087
rate A <-> P: 2.018730
rate A <-> S: 3.933403
rate A <-> T: 4.942768
rate A <-> W: 0.093652
rate A <-> Y: 0.114464
rate A <-> V: 3.100937
rate R <-> N: 0.468262
rate R <-> D: 0.166493
rate R <-> C: 1.175858
rate R <-> Q: 3.225806
rate R <-> E: 0.301769
rate R <-> G: 1.425598
rate R <-> H: 3.413111
rate R <-> I: 0.228928
rate R <-> L: 0.395421
rate R <-> K: 6.722164
rate R <-> M: 0.457856
rate R <-> F: 0.052029
rate R <-> P: 0.770031
rate R <-> S: 1.050989
rate R <-> T: 0.665973
rate R <-> W: 1.311134
rate R <-> Y: 0.208117
rate R <-> V: 0.176899
rate N <-> D: 5.494277
rate N <-> C: 0.353798
rate N <-> Q: 0.894901
rate N <-> E: 0.603538
rate N <-> G: 0.842872
rate N <-> H: 4.068678
rate N <-> I: 0.489074
rate N <-> L: 0.124870
rate N <-> K: 2.736733
rate N <-> M: 0.312175
rate N <-> F: 0.104058
rate N <-> P: 0.156087
rate N <-> S: 5.234131
rate N <-> T: 2.414152
rate N <-> W: 0.083247
rate N <-> Y: 0.728408
rate N <-> V: 0.166493
rate D <-> C: 0.104058
rate D <-> Q: 0.509886
rate D <-> E: 7.981270
rate D <-> G: 1.352758
rate D <-> H: 1.165453
rate D <-> I: 0.114464
rate D <-> L: 0.072841
rate D <-> K: 0.270552
rate D <-> M: 0.156087
rate D <-> F: 0.041623
rate D <-> P: 0.156087
rate D <-> S: 0.613944
rate D <-> T: 0.395421
rate D <-> W: 0.041623
rate D <-> Y: 0.478668
rate D <-> V: 0.322581
rate C <-> Q: 0.093652
rate C <-> E: 0.052029
rate C <-> G: 0.613944
rate C <-> H: 0.718002
rate C <-> I: 0.176899
rate C <-> L: 0.239334
rate C <-> K: 0.072841
rate C <-> M: 0.322581
rate C <-> F: 0.811655
rate C <-> P: 0.145682
rate C <-> S: 2.320499
rate C <-> T: 0.437045
rate C <-> W: 1.196670
rate C <-> Y: 2.174818
rate C <-> V: 0.645161
rate Q <-> E: 3.361082
rate Q <-> G: 0.270552
rate Q <-> H: 6.212279
rate Q <-> I: 0.093652
rate Q <-> L: 0.749220
rate Q <-> K: 3.038502
rate Q <-> M: 0.447451
rate Q <-> F: 0.041623
rate Q <-> P: 1.706556
rate Q <-> S: 0.551509
rate Q <-> T: 0.530697
rate Q <-> W: 0.187305
rate Q <-> Y: 0.249740
rate Q <-> V: 0.208117
rate E <-> G: 1.238293
rate E <-> H: 0.270552
rate E <-> I: 0.124870
rate E <-> L: 0.093652
rate E <-> K: 1.883455
rate E <-> M: 0.187305
rate E <-> F: 0.052029
rate E <-> P: 0.187305
rate E <-> S: 0.312175
rate E <-> T: 0.332986
rate E <-> W: 0.104058
rate E <-> Y: 0.072841
rate E <-> V: 0.468262
rate G <-> H: 0.239334
rate G <-> I: 0.062435
rate G <-> L: 0.062435
rate G <-> K: 0.280957
rate G <-> M: 0.145682
rate G <-> F: 0.052029
rate G <-> P: 0.249740
rate G <-> S: 2.091571
rate G <-> T: 0.343392
rate G <-> W: 0.572320
rate G <-> Y: 0.083247
rate G <-> V: 0.489074
rate H <-> I: 0.166493
rate H <-> L: 0.582726
rate H <-> K: 0.468262
rate H <-> M: 0.343392
rate H <-> F: 0.416233
rate H <-> P: 1.196670
rate H <-> S: 0.759625
rate H <-> T: 0.478668
rate H <-> W: 0.083247
rate H <-> Y: 5.962539
rate H <-> V: 0.114464
rate I <-> L: 2.382934
rate I <-> K: 0.218522
rate I <-> M: 4.984391
rate I <-> F: 0.926119
rate I <-> P: 0.104058
rate I <-> S: 0.416233
rate I <-> T: 2.549428
rate I <-> W: 0.093652
rate I <-> Y: 0.332986
rate I <-> V: 10.000000
rate L <-> K: 0.145682
rate L <-> M: 4.037461
rate L <-> F: 2.580645
rate L <-> P: 1.061394
rate L <-> S: 0.613944
rate L <-> T: 0.260146
rate L <-> W: 0.541103
rate L <-> Y: 0.249740
rate L <-> V: 1.873049
rate K <-> M: 0.676379
rate K <-> F: 0.041623
rate K <-> P: 0.218522
rate K <-> S: 0.489074
rate K <-> T: 1.071800
rate K <-> W: 0.104058
rate K <-> Y: 0.083247
rate K <-> V: 0.145682
rate M <-> F: 0.447451
rate M <-> P: 0.166493
rate M <-> S: 0.301769
rate M <-> T: 2.351717
rate M <-> W: 0.249740
rate M <-> Y: 0.187305
rate M <-> V: 3.361082
rate F <-> P: 0.176899
rate F <-> S: 0.957336
rate F <-> T: 0.124870
rate F <-> W: 0.551509
rate F <-> Y: 5.577523
rate F <-> V: 0.645161
rate P <-> S: 2.965661
rate P <-> T: 1.227888
rate P <-> W: 0.062435
rate P <-> Y: 0.104058
rate P <-> V: 0.239334
rate S <-> T: 4.963580
rate S <-> W: 0.364204
rate S <-> Y: 0.655567
rate S <-> V: 0.395421
rate T <-> W: 0.124870
rate T <-> Y: 0.218522
rate T <-> V: 1.165453
rate W <-> Y: 0.738814
rate W <-> V: 0.260146
rate Y <-> V: 0.166493

freq pi(A): 0.076748
freq pi(R): 0.051691
freq pi(N): 0.042645
freq pi(D): 0.051544
freq pi(C): 0.019803
freq pi(Q): 0.040752
freq pi(E): 0.061830
freq pi(G): 0.073152
freq pi(H): 0.022944
freq pi(I): 0.053761
freq pi(L): 0.091904
freq pi(K): 0.058676
freq pi(M): 0.023826
freq pi(F): 0.040126
freq pi(P): 0.050901
freq pi(S): 0.068765
freq pi(T): 0.058565
freq pi(W): 0.014261
freq pi(Y): 0.032102
freq pi(V): 0.066004


ML search took 5.822687 secs or 0.001617 hours

Combined Bootstrap and ML search took 16.637801 secs or 0.004622 hours

Drawing Bootstrap Support Values on best-scoring ML tree ...



Found 1 tree in File /Users/prigozhin/Dropbox/NLRomes/Atha_SnkMk_NLRome/RAxML_tree_pbNB-ARC/Clade_Refinement_1/RAxML_bestTree.Int14006_29_44_R_10.Raxml.out



Found 1 tree in File /Users/prigozhin/Dropbox/NLRomes/Atha_SnkMk_NLRome/RAxML_tree_pbNB-ARC/Clade_Refinement_1/RAxML_bestTree.Int14006_29_44_R_10.Raxml.out

Program execution info written to /Users/prigozhin/Dropbox/NLRomes/Atha_SnkMk_NLRome/RAxML_tree_pbNB-ARC/Clade_Refinement_1/RAxML_info.Int14006_29_44_R_10.Raxml.out
All 100 bootstrapped trees written to: /Users/prigozhin/Dropbox/NLRomes/Atha_SnkMk_NLRome/RAxML_tree_pbNB-ARC/Clade_Refinement_1/RAxML_bootstrap.Int14006_29_44_R_10.Raxml.out

Best-scoring ML tree written to: /Users/prigozhin/Dropbox/NLRomes/Atha_SnkMk_NLRome/RAxML_tree_pbNB-ARC/Clade_Refinement_1/RAxML_bestTree.Int14006_29_44_R_10.Raxml.out

Best-scoring ML tree with support values written to: /Users/prigozhin/Dropbox/NLRomes/Atha_SnkMk_NLRome/RAxML_tree_pbNB-ARC/Clade_Refinement_1/RAxML_bipartitions.Int14006_29_44_R_10.Raxml.out

Best-scoring ML tree with support values as branch labels written to: /Users/prigozhin/Dropbox/NLRomes/Atha_SnkMk_NLRome/RAxML_tree_pbNB-ARC/Clade_Refinement_1/RAxML_bipartitionsBranchLabels.Int14006_29_44_R_10.Raxml.out

Overall execution time for full ML analysis: 16.641340 secs or 0.004623 hours or 0.000193 days

