

IMPORTANT WARNING: Sequences 9518_T302-R1 and 7415_T244-R1 are exactly identical


IMPORTANT WARNING: Sequences 9518_T302-R1 and 9784_T109-R1 are exactly identical


IMPORTANT WARNING: Sequences 9518_T302-R1 and 9550_T184-R1 are exactly identical


IMPORTANT WARNING: Sequences 9518_T302-R1 and 7067_T215-R1 are exactly identical


IMPORTANT WARNING: Sequences 9518_T302-R1 and 1925_T223-R1 are exactly identical


IMPORTANT WARNING: Sequences 9518_T302-R1 and 7328_T558-R1 are exactly identical


IMPORTANT WARNING: Sequences 6909_T272-R1 and ATHALIANA_AT5G44870_1 are exactly identical


IMPORTANT WARNING: Sequences 6909_T272-R1 and 6906_T166-R1 are exactly identical


IMPORTANT WARNING: Sequences 7373_T168-R1 and 108_T213-R1 are exactly identical


IMPORTANT WARNING: Sequences 9100_T168-R1 and 10015_T092-R1 are exactly identical

IMPORTANT WARNING
Found 10 sequences that are exactly identical to other sequences in the alignment.
Normally they should be excluded from the analysis.

Just in case you might need it, an alignment file with 
sequence duplicates removed is printed to file ../../RAxML_tree_pbNB-ARC/Clade_Refinement_1/Int13739_48_54_R_39.afa.reduced


This is RAxML version 8.2.12 released by Alexandros Stamatakis on May 2018.

With greatly appreciated code contributions by:
Andre Aberer      (HITS)
Simon Berger      (HITS)
Alexey Kozlov     (HITS)
Kassian Kobert    (HITS)
David Dao         (KIT and HITS)
Sarah Lutteropp   (KIT and HITS)
Nick Pattengale   (Sandia)
Wayne Pfeiffer    (SDSC)
Akifumi S. Tanabe (NRIFS)
Charlie Taylor    (UF)


Alignment has 407 distinct alignment patterns

Proportion of gaps and completely undetermined characters in this alignment: 8.40%

RAxML rapid bootstrapping and subsequent ML search

Using 1 distinct models/data partitions with joint branch length optimization



Executing 100 rapid bootstrap inferences and thereafter a thorough ML search 

All free model parameters will be estimated by RAxML
ML estimate of 25 per site rate categories

Likelihood of final tree will be evaluated and optimized under GAMMA

GAMMA Model parameters will be estimated up to an accuracy of 0.1000000000 Log Likelihood units

Partition: 0
Alignment Patterns: 407
Name: No Name Provided
DataType: AA
Substitution Matrix: JTT
Using fixed base frequencies




RAxML was called as follows:

/Users/prigozhin/Installers/standard-RAxML/raxmlHPC-PTHREADS-AVX -T 2 -n Int13739_48_54_R_39.Raxml.out -f a -x 12345 -p 12345 -# 100 -m PROTCATJTT -s ../../RAxML_tree_pbNB-ARC/Clade_Refinement_1/Int13739_48_54_R_39.afa 



Time for BS model parameter optimization 1.009594
Bootstrap[0]: Time 2.876333 seconds, bootstrap likelihood -4351.821794, best rearrangement setting 13
Bootstrap[1]: Time 2.328751 seconds, bootstrap likelihood -4600.872457, best rearrangement setting 13
Bootstrap[2]: Time 1.534472 seconds, bootstrap likelihood -4443.110730, best rearrangement setting 12
Bootstrap[3]: Time 2.457660 seconds, bootstrap likelihood -4559.295796, best rearrangement setting 15
Bootstrap[4]: Time 2.555065 seconds, bootstrap likelihood -4398.412823, best rearrangement setting 10
Bootstrap[5]: Time 2.230564 seconds, bootstrap likelihood -4630.607771, best rearrangement setting 10
Bootstrap[6]: Time 2.054066 seconds, bootstrap likelihood -4362.659630, best rearrangement setting 6
Bootstrap[7]: Time 2.231110 seconds, bootstrap likelihood -4575.819017, best rearrangement setting 14
Bootstrap[8]: Time 2.936980 seconds, bootstrap likelihood -4509.085398, best rearrangement setting 5
Bootstrap[9]: Time 2.136264 seconds, bootstrap likelihood -4308.623684, best rearrangement setting 7
Bootstrap[10]: Time 1.704281 seconds, bootstrap likelihood -4695.735081, best rearrangement setting 7
Bootstrap[11]: Time 2.945635 seconds, bootstrap likelihood -4512.717767, best rearrangement setting 5
Bootstrap[12]: Time 1.765947 seconds, bootstrap likelihood -4416.900093, best rearrangement setting 8
Bootstrap[13]: Time 1.538595 seconds, bootstrap likelihood -4627.105770, best rearrangement setting 7
Bootstrap[14]: Time 1.664724 seconds, bootstrap likelihood -4470.101930, best rearrangement setting 12
Bootstrap[15]: Time 2.335504 seconds, bootstrap likelihood -4647.630532, best rearrangement setting 15
Bootstrap[16]: Time 2.048974 seconds, bootstrap likelihood -4441.030746, best rearrangement setting 12
Bootstrap[17]: Time 1.724372 seconds, bootstrap likelihood -4739.735303, best rearrangement setting 12
Bootstrap[18]: Time 2.060803 seconds, bootstrap likelihood -4458.372760, best rearrangement setting 5
Bootstrap[19]: Time 2.147408 seconds, bootstrap likelihood -4514.169159, best rearrangement setting 8
Bootstrap[20]: Time 1.470312 seconds, bootstrap likelihood -4399.510991, best rearrangement setting 10
Bootstrap[21]: Time 1.603185 seconds, bootstrap likelihood -4333.438116, best rearrangement setting 6
Bootstrap[22]: Time 2.774273 seconds, bootstrap likelihood -4444.736425, best rearrangement setting 5
Bootstrap[23]: Time 1.599963 seconds, bootstrap likelihood -4513.731136, best rearrangement setting 7
Bootstrap[24]: Time 2.383415 seconds, bootstrap likelihood -4541.801314, best rearrangement setting 8
Bootstrap[25]: Time 1.643571 seconds, bootstrap likelihood -4493.029741, best rearrangement setting 6
Bootstrap[26]: Time 2.358387 seconds, bootstrap likelihood -4350.110074, best rearrangement setting 12
Bootstrap[27]: Time 1.644587 seconds, bootstrap likelihood -4447.988464, best rearrangement setting 10
Bootstrap[28]: Time 2.208845 seconds, bootstrap likelihood -4396.536813, best rearrangement setting 11
Bootstrap[29]: Time 2.297982 seconds, bootstrap likelihood -4310.864768, best rearrangement setting 12
Bootstrap[30]: Time 2.012988 seconds, bootstrap likelihood -4401.239783, best rearrangement setting 15
Bootstrap[31]: Time 2.261690 seconds, bootstrap likelihood -4331.108743, best rearrangement setting 15
Bootstrap[32]: Time 1.665062 seconds, bootstrap likelihood -4292.856451, best rearrangement setting 6
Bootstrap[33]: Time 1.832587 seconds, bootstrap likelihood -4518.013573, best rearrangement setting 15
Bootstrap[34]: Time 1.856257 seconds, bootstrap likelihood -4388.056533, best rearrangement setting 11
Bootstrap[35]: Time 3.227351 seconds, bootstrap likelihood -4616.574818, best rearrangement setting 8
Bootstrap[36]: Time 3.156920 seconds, bootstrap likelihood -4429.840606, best rearrangement setting 9
Bootstrap[37]: Time 2.610528 seconds, bootstrap likelihood -4565.001899, best rearrangement setting 11
Bootstrap[38]: Time 2.960821 seconds, bootstrap likelihood -4352.760344, best rearrangement setting 8
Bootstrap[39]: Time 2.364905 seconds, bootstrap likelihood -4411.284564, best rearrangement setting 13
Bootstrap[40]: Time 2.029268 seconds, bootstrap likelihood -4628.848718, best rearrangement setting 13
Bootstrap[41]: Time 1.970969 seconds, bootstrap likelihood -4631.818959, best rearrangement setting 10
Bootstrap[42]: Time 1.463814 seconds, bootstrap likelihood -4492.842722, best rearrangement setting 5
Bootstrap[43]: Time 2.241650 seconds, bootstrap likelihood -4560.789409, best rearrangement setting 14
Bootstrap[44]: Time 2.364154 seconds, bootstrap likelihood -4406.976878, best rearrangement setting 10
Bootstrap[45]: Time 2.093568 seconds, bootstrap likelihood -4547.377198, best rearrangement setting 15
Bootstrap[46]: Time 1.577867 seconds, bootstrap likelihood -4516.682441, best rearrangement setting 14
Bootstrap[47]: Time 2.128413 seconds, bootstrap likelihood -4509.999201, best rearrangement setting 8
Bootstrap[48]: Time 1.814003 seconds, bootstrap likelihood -4389.798281, best rearrangement setting 6
Bootstrap[49]: Time 2.341347 seconds, bootstrap likelihood -4527.697890, best rearrangement setting 7
Bootstrap[50]: Time 1.891911 seconds, bootstrap likelihood -4455.619383, best rearrangement setting 7
Bootstrap[51]: Time 1.829580 seconds, bootstrap likelihood -4395.285743, best rearrangement setting 11
Bootstrap[52]: Time 2.019980 seconds, bootstrap likelihood -4484.991952, best rearrangement setting 12
Bootstrap[53]: Time 1.602403 seconds, bootstrap likelihood -4363.372537, best rearrangement setting 8
Bootstrap[54]: Time 2.749744 seconds, bootstrap likelihood -4408.477662, best rearrangement setting 9
Bootstrap[55]: Time 2.063157 seconds, bootstrap likelihood -4571.611519, best rearrangement setting 11
Bootstrap[56]: Time 2.334582 seconds, bootstrap likelihood -4416.997153, best rearrangement setting 5
Bootstrap[57]: Time 2.560698 seconds, bootstrap likelihood -4423.468857, best rearrangement setting 7
Bootstrap[58]: Time 1.865281 seconds, bootstrap likelihood -4547.868654, best rearrangement setting 10
Bootstrap[59]: Time 2.405666 seconds, bootstrap likelihood -4380.649621, best rearrangement setting 9
Bootstrap[60]: Time 1.870987 seconds, bootstrap likelihood -4595.848972, best rearrangement setting 7
Bootstrap[61]: Time 2.042736 seconds, bootstrap likelihood -4450.828571, best rearrangement setting 5
Bootstrap[62]: Time 1.695382 seconds, bootstrap likelihood -4528.428624, best rearrangement setting 11
Bootstrap[63]: Time 2.243228 seconds, bootstrap likelihood -4677.126986, best rearrangement setting 12
Bootstrap[64]: Time 1.530329 seconds, bootstrap likelihood -4604.235287, best rearrangement setting 7
Bootstrap[65]: Time 1.405548 seconds, bootstrap likelihood -4509.470130, best rearrangement setting 5
Bootstrap[66]: Time 1.652498 seconds, bootstrap likelihood -4455.279078, best rearrangement setting 5
Bootstrap[67]: Time 2.151094 seconds, bootstrap likelihood -4481.024478, best rearrangement setting 15
Bootstrap[68]: Time 3.278968 seconds, bootstrap likelihood -4618.257119, best rearrangement setting 11
Bootstrap[69]: Time 2.767095 seconds, bootstrap likelihood -4377.229335, best rearrangement setting 5
Bootstrap[70]: Time 1.978031 seconds, bootstrap likelihood -4506.432252, best rearrangement setting 8
Bootstrap[71]: Time 2.634136 seconds, bootstrap likelihood -4532.031774, best rearrangement setting 10
Bootstrap[72]: Time 3.016797 seconds, bootstrap likelihood -4339.906412, best rearrangement setting 11
Bootstrap[73]: Time 2.055369 seconds, bootstrap likelihood -4448.042213, best rearrangement setting 9
Bootstrap[74]: Time 2.440857 seconds, bootstrap likelihood -4594.687674, best rearrangement setting 5
Bootstrap[75]: Time 2.513060 seconds, bootstrap likelihood -4401.644929, best rearrangement setting 8
Bootstrap[76]: Time 2.527506 seconds, bootstrap likelihood -4402.508954, best rearrangement setting 9
Bootstrap[77]: Time 2.253483 seconds, bootstrap likelihood -4477.089346, best rearrangement setting 11
Bootstrap[78]: Time 3.132133 seconds, bootstrap likelihood -4283.988248, best rearrangement setting 15
Bootstrap[79]: Time 2.007090 seconds, bootstrap likelihood -4655.943352, best rearrangement setting 9
Bootstrap[80]: Time 2.495056 seconds, bootstrap likelihood -4509.140727, best rearrangement setting 15
Bootstrap[81]: Time 2.071448 seconds, bootstrap likelihood -4541.095068, best rearrangement setting 7
Bootstrap[82]: Time 0.821433 seconds, bootstrap likelihood -4456.300563, best rearrangement setting 6
Bootstrap[83]: Time 1.856264 seconds, bootstrap likelihood -4392.844405, best rearrangement setting 10
Bootstrap[84]: Time 1.822651 seconds, bootstrap likelihood -4420.257408, best rearrangement setting 11
Bootstrap[85]: Time 3.060538 seconds, bootstrap likelihood -4554.882987, best rearrangement setting 8
Bootstrap[86]: Time 2.289431 seconds, bootstrap likelihood -4670.887729, best rearrangement setting 7
Bootstrap[87]: Time 1.631904 seconds, bootstrap likelihood -4598.857290, best rearrangement setting 7
Bootstrap[88]: Time 1.691882 seconds, bootstrap likelihood -4716.162313, best rearrangement setting 12
Bootstrap[89]: Time 1.633759 seconds, bootstrap likelihood -4416.897865, best rearrangement setting 10
Bootstrap[90]: Time 1.593706 seconds, bootstrap likelihood -4249.551024, best rearrangement setting 8
Bootstrap[91]: Time 2.586464 seconds, bootstrap likelihood -4458.280865, best rearrangement setting 12
Bootstrap[92]: Time 2.038030 seconds, bootstrap likelihood -4302.642371, best rearrangement setting 13
Bootstrap[93]: Time 2.158619 seconds, bootstrap likelihood -4449.276223, best rearrangement setting 15
Bootstrap[94]: Time 2.037718 seconds, bootstrap likelihood -4412.261201, best rearrangement setting 5
Bootstrap[95]: Time 1.708310 seconds, bootstrap likelihood -4491.351120, best rearrangement setting 5
Bootstrap[96]: Time 1.782620 seconds, bootstrap likelihood -4430.027816, best rearrangement setting 13
Bootstrap[97]: Time 3.351612 seconds, bootstrap likelihood -4317.490176, best rearrangement setting 11
Bootstrap[98]: Time 2.013687 seconds, bootstrap likelihood -4661.249989, best rearrangement setting 6
Bootstrap[99]: Time 2.044633 seconds, bootstrap likelihood -4613.312560, best rearrangement setting 14


Overall Time for 100 Rapid Bootstraps 214.507297 seconds
Average Time per Rapid Bootstrap 2.145073 seconds

Starting ML Search ...

Fast ML optimization finished

Fast ML search Time: 118.551216 seconds

Slow ML Search 0 Likelihood: -5008.432096
Slow ML Search 1 Likelihood: -5311.326426
Slow ML Search 2 Likelihood: -5008.432153
Slow ML Search 3 Likelihood: -5008.432303
Slow ML Search 4 Likelihood: -5008.432134
Slow ML Search 5 Likelihood: -5311.326427
Slow ML Search 6 Likelihood: -5008.432153
Slow ML Search 7 Likelihood: -5008.432134
Slow ML Search 8 Likelihood: -5008.432248
Slow ML Search 9 Likelihood: -5008.433036
Slow ML optimization finished

Slow ML search Time: 44.145376 seconds
Thorough ML search Time: 11.727556 seconds

Final ML Optimization Likelihood: -5005.209989

Model Information:

Model Parameters of Partition 0, Name: No Name Provided, Type of Data: AA
alpha: 0.020000
Tree-Length: 0.387097
rate A <-> R: 0.603538
rate A <-> N: 0.561915
rate A <-> D: 0.842872
rate A <-> C: 0.582726
rate A <-> Q: 0.593132
rate A <-> E: 1.092612
rate A <-> G: 1.862643
rate A <-> H: 0.280957
rate A <-> I: 0.374610
rate A <-> L: 0.312175
rate A <-> K: 0.364204
rate A <-> M: 0.561915
rate A <-> F: 0.156087
rate A <-> P: 2.018730
rate A <-> S: 3.933403
rate A <-> T: 4.942768
rate A <-> W: 0.093652
rate A <-> Y: 0.114464
rate A <-> V: 3.100937
rate R <-> N: 0.468262
rate R <-> D: 0.166493
rate R <-> C: 1.175858
rate R <-> Q: 3.225806
rate R <-> E: 0.301769
rate R <-> G: 1.425598
rate R <-> H: 3.413111
rate R <-> I: 0.228928
rate R <-> L: 0.395421
rate R <-> K: 6.722164
rate R <-> M: 0.457856
rate R <-> F: 0.052029
rate R <-> P: 0.770031
rate R <-> S: 1.050989
rate R <-> T: 0.665973
rate R <-> W: 1.311134
rate R <-> Y: 0.208117
rate R <-> V: 0.176899
rate N <-> D: 5.494277
rate N <-> C: 0.353798
rate N <-> Q: 0.894901
rate N <-> E: 0.603538
rate N <-> G: 0.842872
rate N <-> H: 4.068678
rate N <-> I: 0.489074
rate N <-> L: 0.124870
rate N <-> K: 2.736733
rate N <-> M: 0.312175
rate N <-> F: 0.104058
rate N <-> P: 0.156087
rate N <-> S: 5.234131
rate N <-> T: 2.414152
rate N <-> W: 0.083247
rate N <-> Y: 0.728408
rate N <-> V: 0.166493
rate D <-> C: 0.104058
rate D <-> Q: 0.509886
rate D <-> E: 7.981270
rate D <-> G: 1.352758
rate D <-> H: 1.165453
rate D <-> I: 0.114464
rate D <-> L: 0.072841
rate D <-> K: 0.270552
rate D <-> M: 0.156087
rate D <-> F: 0.041623
rate D <-> P: 0.156087
rate D <-> S: 0.613944
rate D <-> T: 0.395421
rate D <-> W: 0.041623
rate D <-> Y: 0.478668
rate D <-> V: 0.322581
rate C <-> Q: 0.093652
rate C <-> E: 0.052029
rate C <-> G: 0.613944
rate C <-> H: 0.718002
rate C <-> I: 0.176899
rate C <-> L: 0.239334
rate C <-> K: 0.072841
rate C <-> M: 0.322581
rate C <-> F: 0.811655
rate C <-> P: 0.145682
rate C <-> S: 2.320499
rate C <-> T: 0.437045
rate C <-> W: 1.196670
rate C <-> Y: 2.174818
rate C <-> V: 0.645161
rate Q <-> E: 3.361082
rate Q <-> G: 0.270552
rate Q <-> H: 6.212279
rate Q <-> I: 0.093652
rate Q <-> L: 0.749220
rate Q <-> K: 3.038502
rate Q <-> M: 0.447451
rate Q <-> F: 0.041623
rate Q <-> P: 1.706556
rate Q <-> S: 0.551509
rate Q <-> T: 0.530697
rate Q <-> W: 0.187305
rate Q <-> Y: 0.249740
rate Q <-> V: 0.208117
rate E <-> G: 1.238293
rate E <-> H: 0.270552
rate E <-> I: 0.124870
rate E <-> L: 0.093652
rate E <-> K: 1.883455
rate E <-> M: 0.187305
rate E <-> F: 0.052029
rate E <-> P: 0.187305
rate E <-> S: 0.312175
rate E <-> T: 0.332986
rate E <-> W: 0.104058
rate E <-> Y: 0.072841
rate E <-> V: 0.468262
rate G <-> H: 0.239334
rate G <-> I: 0.062435
rate G <-> L: 0.062435
rate G <-> K: 0.280957
rate G <-> M: 0.145682
rate G <-> F: 0.052029
rate G <-> P: 0.249740
rate G <-> S: 2.091571
rate G <-> T: 0.343392
rate G <-> W: 0.572320
rate G <-> Y: 0.083247
rate G <-> V: 0.489074
rate H <-> I: 0.166493
rate H <-> L: 0.582726
rate H <-> K: 0.468262
rate H <-> M: 0.343392
rate H <-> F: 0.416233
rate H <-> P: 1.196670
rate H <-> S: 0.759625
rate H <-> T: 0.478668
rate H <-> W: 0.083247
rate H <-> Y: 5.962539
rate H <-> V: 0.114464
rate I <-> L: 2.382934
rate I <-> K: 0.218522
rate I <-> M: 4.984391
rate I <-> F: 0.926119
rate I <-> P: 0.104058
rate I <-> S: 0.416233
rate I <-> T: 2.549428
rate I <-> W: 0.093652
rate I <-> Y: 0.332986
rate I <-> V: 10.000000
rate L <-> K: 0.145682
rate L <-> M: 4.037461
rate L <-> F: 2.580645
rate L <-> P: 1.061394
rate L <-> S: 0.613944
rate L <-> T: 0.260146
rate L <-> W: 0.541103
rate L <-> Y: 0.249740
rate L <-> V: 1.873049
rate K <-> M: 0.676379
rate K <-> F: 0.041623
rate K <-> P: 0.218522
rate K <-> S: 0.489074
rate K <-> T: 1.071800
rate K <-> W: 0.104058
rate K <-> Y: 0.083247
rate K <-> V: 0.145682
rate M <-> F: 0.447451
rate M <-> P: 0.166493
rate M <-> S: 0.301769
rate M <-> T: 2.351717
rate M <-> W: 0.249740
rate M <-> Y: 0.187305
rate M <-> V: 3.361082
rate F <-> P: 0.176899
rate F <-> S: 0.957336
rate F <-> T: 0.124870
rate F <-> W: 0.551509
rate F <-> Y: 5.577523
rate F <-> V: 0.645161
rate P <-> S: 2.965661
rate P <-> T: 1.227888
rate P <-> W: 0.062435
rate P <-> Y: 0.104058
rate P <-> V: 0.239334
rate S <-> T: 4.963580
rate S <-> W: 0.364204
rate S <-> Y: 0.655567
rate S <-> V: 0.395421
rate T <-> W: 0.124870
rate T <-> Y: 0.218522
rate T <-> V: 1.165453
rate W <-> Y: 0.738814
rate W <-> V: 0.260146
rate Y <-> V: 0.166493

freq pi(A): 0.076748
freq pi(R): 0.051691
freq pi(N): 0.042645
freq pi(D): 0.051544
freq pi(C): 0.019803
freq pi(Q): 0.040752
freq pi(E): 0.061830
freq pi(G): 0.073152
freq pi(H): 0.022944
freq pi(I): 0.053761
freq pi(L): 0.091904
freq pi(K): 0.058676
freq pi(M): 0.023826
freq pi(F): 0.040126
freq pi(P): 0.050901
freq pi(S): 0.068765
freq pi(T): 0.058565
freq pi(W): 0.014261
freq pi(Y): 0.032102
freq pi(V): 0.066004


ML search took 174.461205 secs or 0.048461 hours

Combined Bootstrap and ML search took 388.968688 secs or 0.108047 hours

Drawing Bootstrap Support Values on best-scoring ML tree ...



Found 1 tree in File /Users/prigozhin/Dropbox/NLRomes/Atha_SnkMk_NLRome/RAxML_tree_pbNB-ARC/Clade_Refinement_1/RAxML_bestTree.Int13739_48_54_R_39.Raxml.out



Found 1 tree in File /Users/prigozhin/Dropbox/NLRomes/Atha_SnkMk_NLRome/RAxML_tree_pbNB-ARC/Clade_Refinement_1/RAxML_bestTree.Int13739_48_54_R_39.Raxml.out

Program execution info written to /Users/prigozhin/Dropbox/NLRomes/Atha_SnkMk_NLRome/RAxML_tree_pbNB-ARC/Clade_Refinement_1/RAxML_info.Int13739_48_54_R_39.Raxml.out
All 100 bootstrapped trees written to: /Users/prigozhin/Dropbox/NLRomes/Atha_SnkMk_NLRome/RAxML_tree_pbNB-ARC/Clade_Refinement_1/RAxML_bootstrap.Int13739_48_54_R_39.Raxml.out

Best-scoring ML tree written to: /Users/prigozhin/Dropbox/NLRomes/Atha_SnkMk_NLRome/RAxML_tree_pbNB-ARC/Clade_Refinement_1/RAxML_bestTree.Int13739_48_54_R_39.Raxml.out

Best-scoring ML tree with support values written to: /Users/prigozhin/Dropbox/NLRomes/Atha_SnkMk_NLRome/RAxML_tree_pbNB-ARC/Clade_Refinement_1/RAxML_bipartitions.Int13739_48_54_R_39.Raxml.out

Best-scoring ML tree with support values as branch labels written to: /Users/prigozhin/Dropbox/NLRomes/Atha_SnkMk_NLRome/RAxML_tree_pbNB-ARC/Clade_Refinement_1/RAxML_bipartitionsBranchLabels.Int13739_48_54_R_39.Raxml.out

Overall execution time for full ML analysis: 388.981196 secs or 0.108050 hours or 0.004502 days

