((9669_T004-R1,(9871_T089-R1,(9583_T049-R1,9543_T023-R1))),(7413_T291-R1,9887_T236-R1),7328_T083-R1);
((9669_T004-R1,(9871_T089-R1,(9583_T049-R1,9543_T023-R1))),(7413_T291-R1,9887_T236-R1),7328_T083-R1);
((9669_T004-R1,(9543_T023-R1,(9871_T089-R1,9583_T049-R1))),(7413_T291-R1,9887_T236-R1),7328_T083-R1);
((9669_T004-R1,(9871_T089-R1,(9583_T049-R1,9543_T023-R1))),(7413_T291-R1,9887_T236-R1),7328_T083-R1);
((9669_T004-R1,(9871_T089-R1,(9583_T049-R1,9543_T023-R1))),(7413_T291-R1,9887_T236-R1),7328_T083-R1);
((9669_T004-R1,(9871_T089-R1,(9583_T049-R1,9543_T023-R1))),(7413_T291-R1,9887_T236-R1),7328_T083-R1);
((9669_T004-R1,(9871_T089-R1,(9583_T049-R1,9543_T023-R1))),(7413_T291-R1,9887_T236-R1),7328_T083-R1);
((7413_T291-R1,((9871_T089-R1,9669_T004-R1),(9583_T049-R1,9543_T023-R1))),9887_T236-R1,7328_T083-R1);
((9669_T004-R1,((9583_T049-R1,9543_T023-R1),9871_T089-R1)),(9887_T236-R1,7413_T291-R1),7328_T083-R1);
((9669_T004-R1,((9583_T049-R1,9543_T023-R1),9871_T089-R1)),(9887_T236-R1,7413_T291-R1),7328_T083-R1);
(9887_T236-R1,((9669_T004-R1,(9871_T089-R1,(9583_T049-R1,9543_T023-R1))),7413_T291-R1),7328_T083-R1);
(9887_T236-R1,((9669_T004-R1,(9871_T089-R1,(9583_T049-R1,9543_T023-R1))),7413_T291-R1),7328_T083-R1);
((9669_T004-R1,(9871_T089-R1,(9583_T049-R1,9543_T023-R1))),(7413_T291-R1,9887_T236-R1),7328_T083-R1);
((9669_T004-R1,(9871_T089-R1,(9583_T049-R1,9543_T023-R1))),(7413_T291-R1,9887_T236-R1),7328_T083-R1);
((9669_T004-R1,(9871_T089-R1,(9583_T049-R1,9543_T023-R1))),(7413_T291-R1,9887_T236-R1),7328_T083-R1);
((9669_T004-R1,(9871_T089-R1,(9583_T049-R1,9543_T023-R1))),(7413_T291-R1,9887_T236-R1),7328_T083-R1);
(9887_T236-R1,((9669_T004-R1,(9871_T089-R1,(9583_T049-R1,9543_T023-R1))),7413_T291-R1),7328_T083-R1);
(9887_T236-R1,((9669_T004-R1,(9871_T089-R1,(9583_T049-R1,9543_T023-R1))),7413_T291-R1),7328_T083-R1);
((9669_T004-R1,(9871_T089-R1,(9583_T049-R1,9543_T023-R1))),(7413_T291-R1,9887_T236-R1),7328_T083-R1);
((9669_T004-R1,(9871_T089-R1,(9583_T049-R1,9543_T023-R1))),(7413_T291-R1,9887_T236-R1),7328_T083-R1);
(((9871_T089-R1,(9543_T023-R1,9583_T049-R1)),9669_T004-R1),(7413_T291-R1,9887_T236-R1),7328_T083-R1);
(((9871_T089-R1,(9543_T023-R1,9583_T049-R1)),9669_T004-R1),(7413_T291-R1,9887_T236-R1),7328_T083-R1);
(((9871_T089-R1,(9543_T023-R1,9583_T049-R1)),9669_T004-R1),(7413_T291-R1,9887_T236-R1),7328_T083-R1);
(((9871_T089-R1,(9543_T023-R1,9583_T049-R1)),9669_T004-R1),(7413_T291-R1,9887_T236-R1),7328_T083-R1);
(((9871_T089-R1,(9543_T023-R1,9583_T049-R1)),9669_T004-R1),(7413_T291-R1,9887_T236-R1),7328_T083-R1);
(((9871_T089-R1,(9543_T023-R1,9583_T049-R1)),9669_T004-R1),(7413_T291-R1,9887_T236-R1),7328_T083-R1);
(((9871_T089-R1,(9543_T023-R1,9583_T049-R1)),9669_T004-R1),(7413_T291-R1,9887_T236-R1),7328_T083-R1);
(9887_T236-R1,((((9543_T023-R1,9583_T049-R1),9871_T089-R1),9669_T004-R1),7413_T291-R1),7328_T083-R1);
((((9543_T023-R1,9583_T049-R1),9871_T089-R1),9669_T004-R1),(7413_T291-R1,9887_T236-R1),7328_T083-R1);
((((7413_T291-R1,(9543_T023-R1,9583_T049-R1)),9871_T089-R1),9669_T004-R1),9887_T236-R1,7328_T083-R1);
(((9871_T089-R1,(9543_T023-R1,9583_T049-R1)),9669_T004-R1),(9887_T236-R1,7413_T291-R1),7328_T083-R1);
(((9871_T089-R1,(9543_T023-R1,9583_T049-R1)),9669_T004-R1),(9887_T236-R1,7413_T291-R1),7328_T083-R1);
((7413_T291-R1,((9871_T089-R1,(9543_T023-R1,9583_T049-R1)),9669_T004-R1)),9887_T236-R1,7328_T083-R1);
(((9871_T089-R1,(9543_T023-R1,9583_T049-R1)),9669_T004-R1),(9887_T236-R1,7413_T291-R1),7328_T083-R1);
(((9871_T089-R1,(9543_T023-R1,9583_T049-R1)),9669_T004-R1),(9887_T236-R1,7413_T291-R1),7328_T083-R1);
(((9871_T089-R1,(9543_T023-R1,9583_T049-R1)),9669_T004-R1),(9887_T236-R1,7413_T291-R1),7328_T083-R1);
(9887_T236-R1,(7413_T291-R1,((9871_T089-R1,(9543_T023-R1,9583_T049-R1)),9669_T004-R1)),7328_T083-R1);
(((9871_T089-R1,(9543_T023-R1,9583_T049-R1)),9669_T004-R1),(9887_T236-R1,7413_T291-R1),7328_T083-R1);
(((9871_T089-R1,(9543_T023-R1,9583_T049-R1)),9669_T004-R1),(9887_T236-R1,7413_T291-R1),7328_T083-R1);
(((9871_T089-R1,(9543_T023-R1,9583_T049-R1)),9669_T004-R1),(9887_T236-R1,7413_T291-R1),7328_T083-R1);
(((9871_T089-R1,(9543_T023-R1,9583_T049-R1)),9669_T004-R1),(7413_T291-R1,9887_T236-R1),7328_T083-R1);
(((9871_T089-R1,(9543_T023-R1,9583_T049-R1)),9669_T004-R1),(7413_T291-R1,9887_T236-R1),7328_T083-R1);
(((9871_T089-R1,(9543_T023-R1,9583_T049-R1)),9669_T004-R1),(7413_T291-R1,9887_T236-R1),7328_T083-R1);
(((9871_T089-R1,(9543_T023-R1,9583_T049-R1)),9669_T004-R1),(7413_T291-R1,9887_T236-R1),7328_T083-R1);
(((9871_T089-R1,(9543_T023-R1,9583_T049-R1)),9669_T004-R1),(7413_T291-R1,9887_T236-R1),7328_T083-R1);
(9887_T236-R1,(((9871_T089-R1,(9543_T023-R1,9583_T049-R1)),9669_T004-R1),7413_T291-R1),7328_T083-R1);
(((9871_T089-R1,(9543_T023-R1,9583_T049-R1)),9669_T004-R1),(7413_T291-R1,9887_T236-R1),7328_T083-R1);
(((9871_T089-R1,(9543_T023-R1,9583_T049-R1)),9669_T004-R1),(7413_T291-R1,9887_T236-R1),7328_T083-R1);
(((9871_T089-R1,(9543_T023-R1,9583_T049-R1)),9669_T004-R1),(7413_T291-R1,9887_T236-R1),7328_T083-R1);
(((9871_T089-R1,(9543_T023-R1,9583_T049-R1)),9669_T004-R1),(7413_T291-R1,9887_T236-R1),7328_T083-R1);
((7413_T291-R1,9887_T236-R1),((9871_T089-R1,(9543_T023-R1,9583_T049-R1)),9669_T004-R1),7328_T083-R1);
((7413_T291-R1,9887_T236-R1),((9871_T089-R1,(9543_T023-R1,9583_T049-R1)),9669_T004-R1),7328_T083-R1);
(9887_T236-R1,(((9871_T089-R1,(9543_T023-R1,9583_T049-R1)),9669_T004-R1),7413_T291-R1),7328_T083-R1);
(((9871_T089-R1,(9543_T023-R1,9583_T049-R1)),9669_T004-R1),(7413_T291-R1,9887_T236-R1),7328_T083-R1);
(((9871_T089-R1,(9543_T023-R1,9583_T049-R1)),9669_T004-R1),(7413_T291-R1,9887_T236-R1),7328_T083-R1);
(((9871_T089-R1,(9543_T023-R1,9583_T049-R1)),9669_T004-R1),(7413_T291-R1,9887_T236-R1),7328_T083-R1);
(((9543_T023-R1,9583_T049-R1),(9669_T004-R1,9871_T089-R1)),(7413_T291-R1,9887_T236-R1),7328_T083-R1);
(9887_T236-R1,((9669_T004-R1,(9871_T089-R1,(9543_T023-R1,9583_T049-R1))),7413_T291-R1),7328_T083-R1);
(9669_T004-R1,(9871_T089-R1,((9583_T049-R1,9543_T023-R1),(9887_T236-R1,7413_T291-R1))),7328_T083-R1);
((9887_T236-R1,7413_T291-R1),(9669_T004-R1,(9871_T089-R1,(9583_T049-R1,9543_T023-R1))),7328_T083-R1);
((9669_T004-R1,(9871_T089-R1,(9543_T023-R1,9583_T049-R1))),(9887_T236-R1,7413_T291-R1),7328_T083-R1);
(9887_T236-R1,(7413_T291-R1,(9669_T004-R1,(9871_T089-R1,(9543_T023-R1,9583_T049-R1)))),7328_T083-R1);
((9669_T004-R1,(9871_T089-R1,(9543_T023-R1,9583_T049-R1))),(9887_T236-R1,7413_T291-R1),7328_T083-R1);
(9887_T236-R1,(7413_T291-R1,(9669_T004-R1,(9871_T089-R1,(9543_T023-R1,9583_T049-R1)))),7328_T083-R1);
(((9543_T023-R1,9583_T049-R1),(9669_T004-R1,9871_T089-R1)),(9887_T236-R1,7413_T291-R1),7328_T083-R1);
(((9871_T089-R1,(9583_T049-R1,9543_T023-R1)),9669_T004-R1),(9887_T236-R1,7413_T291-R1),7328_T083-R1);
(9887_T236-R1,(7413_T291-R1,((9871_T089-R1,(9583_T049-R1,9543_T023-R1)),9669_T004-R1)),7328_T083-R1);
(((9871_T089-R1,(9583_T049-R1,9543_T023-R1)),9669_T004-R1),(9887_T236-R1,7413_T291-R1),7328_T083-R1);
(((9871_T089-R1,(9583_T049-R1,9543_T023-R1)),9669_T004-R1),(9887_T236-R1,7413_T291-R1),7328_T083-R1);
(((9871_T089-R1,(9583_T049-R1,9543_T023-R1)),9669_T004-R1),(9887_T236-R1,7413_T291-R1),7328_T083-R1);
(9887_T236-R1,((9669_T004-R1,(9871_T089-R1,(9543_T023-R1,9583_T049-R1))),7413_T291-R1),7328_T083-R1);
((9669_T004-R1,(9871_T089-R1,(9543_T023-R1,9583_T049-R1))),(7413_T291-R1,9887_T236-R1),7328_T083-R1);
((9669_T004-R1,(9871_T089-R1,(9543_T023-R1,9583_T049-R1))),(7413_T291-R1,9887_T236-R1),7328_T083-R1);
(9887_T236-R1,((9669_T004-R1,(9871_T089-R1,(9543_T023-R1,9583_T049-R1))),7413_T291-R1),7328_T083-R1);
((9669_T004-R1,(9871_T089-R1,(9543_T023-R1,9583_T049-R1))),(7413_T291-R1,9887_T236-R1),7328_T083-R1);
(((9543_T023-R1,9583_T049-R1),(9669_T004-R1,9871_T089-R1)),(7413_T291-R1,9887_T236-R1),7328_T083-R1);
((9669_T004-R1,(9871_T089-R1,(9543_T023-R1,9583_T049-R1))),(7413_T291-R1,9887_T236-R1),7328_T083-R1);
((9669_T004-R1,(9871_T089-R1,(9543_T023-R1,9583_T049-R1))),(7413_T291-R1,9887_T236-R1),7328_T083-R1);
((7413_T291-R1,(9669_T004-R1,(9871_T089-R1,(9543_T023-R1,9583_T049-R1)))),9887_T236-R1,7328_T083-R1);
((9669_T004-R1,(9543_T023-R1,(9583_T049-R1,9871_T089-R1))),(9887_T236-R1,7413_T291-R1),7328_T083-R1);
(9887_T236-R1,(7413_T291-R1,(9669_T004-R1,(9871_T089-R1,(9543_T023-R1,9583_T049-R1)))),7328_T083-R1);
(9887_T236-R1,(7413_T291-R1,(9669_T004-R1,(9871_T089-R1,(9543_T023-R1,9583_T049-R1)))),7328_T083-R1);
((9669_T004-R1,(9871_T089-R1,(9543_T023-R1,9583_T049-R1))),(9887_T236-R1,7413_T291-R1),7328_T083-R1);
((9669_T004-R1,(9871_T089-R1,(9543_T023-R1,9583_T049-R1))),(9887_T236-R1,7413_T291-R1),7328_T083-R1);
((9669_T004-R1,(9871_T089-R1,(9543_T023-R1,9583_T049-R1))),(9887_T236-R1,7413_T291-R1),7328_T083-R1);
((9669_T004-R1,(9871_T089-R1,(9543_T023-R1,9583_T049-R1))),(9887_T236-R1,7413_T291-R1),7328_T083-R1);
((9669_T004-R1,(9871_T089-R1,(9543_T023-R1,9583_T049-R1))),(9887_T236-R1,7413_T291-R1),7328_T083-R1);
((9669_T004-R1,(9871_T089-R1,(9543_T023-R1,9583_T049-R1))),(9887_T236-R1,7413_T291-R1),7328_T083-R1);
((7413_T291-R1,((9871_T089-R1,(9543_T023-R1,9583_T049-R1)),9669_T004-R1)),9887_T236-R1,7328_T083-R1);
((7413_T291-R1,((9871_T089-R1,(9543_T023-R1,9583_T049-R1)),9669_T004-R1)),9887_T236-R1,7328_T083-R1);
(9887_T236-R1,((9669_T004-R1,((9543_T023-R1,9583_T049-R1),9871_T089-R1)),7413_T291-R1),7328_T083-R1);
(9887_T236-R1,((9669_T004-R1,((9543_T023-R1,9583_T049-R1),9871_T089-R1)),7413_T291-R1),7328_T083-R1);
((9669_T004-R1,((9543_T023-R1,9583_T049-R1),9871_T089-R1)),(7413_T291-R1,9887_T236-R1),7328_T083-R1);
(9887_T236-R1,((9669_T004-R1,((9543_T023-R1,9583_T049-R1),9871_T089-R1)),7413_T291-R1),7328_T083-R1);
((9669_T004-R1,((9543_T023-R1,9583_T049-R1),9871_T089-R1)),(7413_T291-R1,9887_T236-R1),7328_T083-R1);
((9669_T004-R1,((9543_T023-R1,9583_T049-R1),9871_T089-R1)),(7413_T291-R1,9887_T236-R1),7328_T083-R1);
((9669_T004-R1,((9543_T023-R1,9583_T049-R1),9871_T089-R1)),(7413_T291-R1,9887_T236-R1),7328_T083-R1);
(9887_T236-R1,((9669_T004-R1,((9543_T023-R1,9583_T049-R1),9871_T089-R1)),7413_T291-R1),7328_T083-R1);
((9669_T004-R1,((9543_T023-R1,9583_T049-R1),9871_T089-R1)),(7413_T291-R1,9887_T236-R1),7328_T083-R1);
((9669_T004-R1,(9543_T023-R1,(9583_T049-R1,9871_T089-R1))),(7413_T291-R1,9887_T236-R1),7328_T083-R1);
