

This is RAxML version 8.2.12 released by Alexandros Stamatakis on May 2018.

With greatly appreciated code contributions by:
Andre Aberer      (HITS)
Simon Berger      (HITS)
Alexey Kozlov     (HITS)
Kassian Kobert    (HITS)
David Dao         (KIT and HITS)
Sarah Lutteropp   (KIT and HITS)
Nick Pattengale   (Sandia)
Wayne Pfeiffer    (SDSC)
Akifumi S. Tanabe (NRIFS)
Charlie Taylor    (UF)


Alignment has 420 distinct alignment patterns

Proportion of gaps and completely undetermined characters in this alignment: 12.51%

RAxML rapid bootstrapping and subsequent ML search

Using 1 distinct models/data partitions with joint branch length optimization



Executing 100 rapid bootstrap inferences and thereafter a thorough ML search 

All free model parameters will be estimated by RAxML
ML estimate of 25 per site rate categories

Likelihood of final tree will be evaluated and optimized under GAMMA

GAMMA Model parameters will be estimated up to an accuracy of 0.1000000000 Log Likelihood units

Partition: 0
Alignment Patterns: 420
Name: No Name Provided
DataType: AA
Substitution Matrix: JTT
Using fixed base frequencies




RAxML was called as follows:

/Users/prigozhin/Installers/standard-RAxML/raxmlHPC-PTHREADS-AVX -T 2 -n Int12974_336_433_R_14.Raxml.out -f a -x 12345 -p 12345 -# 100 -m PROTCATJTT -s ../../RAxML_tree_pbNB-ARC/Clade_Refinement_1/Int12974_336_433_R_14.afa 



Time for BS model parameter optimization 0.608690
Bootstrap[0]: Time 0.988724 seconds, bootstrap likelihood -6395.764413, best rearrangement setting 13
Bootstrap[1]: Time 0.344156 seconds, bootstrap likelihood -6459.213998, best rearrangement setting 13
Bootstrap[2]: Time 0.520308 seconds, bootstrap likelihood -6469.755498, best rearrangement setting 12
Bootstrap[3]: Time 0.389760 seconds, bootstrap likelihood -6429.166611, best rearrangement setting 15
Bootstrap[4]: Time 0.416619 seconds, bootstrap likelihood -6333.210844, best rearrangement setting 10
Bootstrap[5]: Time 0.499660 seconds, bootstrap likelihood -6393.967189, best rearrangement setting 10
Bootstrap[6]: Time 0.259837 seconds, bootstrap likelihood -6301.899747, best rearrangement setting 6
Bootstrap[7]: Time 0.276226 seconds, bootstrap likelihood -6391.792860, best rearrangement setting 14
Bootstrap[8]: Time 0.478065 seconds, bootstrap likelihood -6389.092961, best rearrangement setting 5
Bootstrap[9]: Time 0.443275 seconds, bootstrap likelihood -6280.349796, best rearrangement setting 7
Bootstrap[10]: Time 0.318811 seconds, bootstrap likelihood -6379.409710, best rearrangement setting 7
Bootstrap[11]: Time 0.379696 seconds, bootstrap likelihood -6504.777261, best rearrangement setting 5
Bootstrap[12]: Time 0.247986 seconds, bootstrap likelihood -6421.461453, best rearrangement setting 8
Bootstrap[13]: Time 0.360824 seconds, bootstrap likelihood -6436.008366, best rearrangement setting 7
Bootstrap[14]: Time 0.511790 seconds, bootstrap likelihood -6307.595922, best rearrangement setting 12
Bootstrap[15]: Time 0.256678 seconds, bootstrap likelihood -6369.025457, best rearrangement setting 15
Bootstrap[16]: Time 0.188519 seconds, bootstrap likelihood -6484.699707, best rearrangement setting 12
Bootstrap[17]: Time 0.289016 seconds, bootstrap likelihood -6477.234297, best rearrangement setting 12
Bootstrap[18]: Time 0.136559 seconds, bootstrap likelihood -6413.224652, best rearrangement setting 5
Bootstrap[19]: Time 0.217968 seconds, bootstrap likelihood -6351.060305, best rearrangement setting 8
Bootstrap[20]: Time 0.286869 seconds, bootstrap likelihood -6326.287881, best rearrangement setting 10
Bootstrap[21]: Time 0.122462 seconds, bootstrap likelihood -6311.538734, best rearrangement setting 6
Bootstrap[22]: Time 0.127559 seconds, bootstrap likelihood -6297.760101, best rearrangement setting 5
Bootstrap[23]: Time 0.275060 seconds, bootstrap likelihood -6435.314843, best rearrangement setting 7
Bootstrap[24]: Time 0.411897 seconds, bootstrap likelihood -6427.051297, best rearrangement setting 8
Bootstrap[25]: Time 0.306890 seconds, bootstrap likelihood -6325.270951, best rearrangement setting 6
Bootstrap[26]: Time 0.550646 seconds, bootstrap likelihood -6240.421980, best rearrangement setting 12
Bootstrap[27]: Time 0.286780 seconds, bootstrap likelihood -6488.215669, best rearrangement setting 10
Bootstrap[28]: Time 0.543274 seconds, bootstrap likelihood -6405.171371, best rearrangement setting 11
Bootstrap[29]: Time 0.298357 seconds, bootstrap likelihood -6478.960589, best rearrangement setting 12
Bootstrap[30]: Time 0.456652 seconds, bootstrap likelihood -6469.774629, best rearrangement setting 15
Bootstrap[31]: Time 0.213183 seconds, bootstrap likelihood -6309.263840, best rearrangement setting 15
Bootstrap[32]: Time 0.389832 seconds, bootstrap likelihood -6359.255063, best rearrangement setting 6
Bootstrap[33]: Time 0.260414 seconds, bootstrap likelihood -6504.546545, best rearrangement setting 15
Bootstrap[34]: Time 0.277720 seconds, bootstrap likelihood -6486.025704, best rearrangement setting 11
Bootstrap[35]: Time 0.266616 seconds, bootstrap likelihood -6272.896900, best rearrangement setting 8
Bootstrap[36]: Time 0.577380 seconds, bootstrap likelihood -6319.015713, best rearrangement setting 9
Bootstrap[37]: Time 0.492188 seconds, bootstrap likelihood -6374.174213, best rearrangement setting 11
Bootstrap[38]: Time 0.382533 seconds, bootstrap likelihood -6395.745986, best rearrangement setting 8
Bootstrap[39]: Time 0.566747 seconds, bootstrap likelihood -6419.608243, best rearrangement setting 13
Bootstrap[40]: Time 0.329110 seconds, bootstrap likelihood -6363.258464, best rearrangement setting 13
Bootstrap[41]: Time 0.332779 seconds, bootstrap likelihood -6293.907474, best rearrangement setting 10
Bootstrap[42]: Time 0.303023 seconds, bootstrap likelihood -6296.650309, best rearrangement setting 5
Bootstrap[43]: Time 0.541761 seconds, bootstrap likelihood -6382.414455, best rearrangement setting 14
Bootstrap[44]: Time 0.303740 seconds, bootstrap likelihood -6366.679932, best rearrangement setting 10
Bootstrap[45]: Time 0.302147 seconds, bootstrap likelihood -6318.548870, best rearrangement setting 15
Bootstrap[46]: Time 0.234674 seconds, bootstrap likelihood -6274.435703, best rearrangement setting 14
Bootstrap[47]: Time 0.430557 seconds, bootstrap likelihood -6455.880477, best rearrangement setting 8
Bootstrap[48]: Time 0.342804 seconds, bootstrap likelihood -6373.086407, best rearrangement setting 6
Bootstrap[49]: Time 0.271752 seconds, bootstrap likelihood -6261.366318, best rearrangement setting 7
Bootstrap[50]: Time 0.355707 seconds, bootstrap likelihood -6452.842809, best rearrangement setting 7
Bootstrap[51]: Time 0.331007 seconds, bootstrap likelihood -6354.637453, best rearrangement setting 11
Bootstrap[52]: Time 0.326317 seconds, bootstrap likelihood -6348.764936, best rearrangement setting 12
Bootstrap[53]: Time 0.271848 seconds, bootstrap likelihood -6442.065487, best rearrangement setting 8
Bootstrap[54]: Time 0.318818 seconds, bootstrap likelihood -6365.493308, best rearrangement setting 9
Bootstrap[55]: Time 0.298197 seconds, bootstrap likelihood -6381.975184, best rearrangement setting 11
Bootstrap[56]: Time 0.275884 seconds, bootstrap likelihood -6360.361754, best rearrangement setting 5
Bootstrap[57]: Time 0.328309 seconds, bootstrap likelihood -6282.479720, best rearrangement setting 7
Bootstrap[58]: Time 0.497025 seconds, bootstrap likelihood -6450.299603, best rearrangement setting 10
Bootstrap[59]: Time 0.379377 seconds, bootstrap likelihood -6359.042781, best rearrangement setting 9
Bootstrap[60]: Time 0.472080 seconds, bootstrap likelihood -6345.224619, best rearrangement setting 7
Bootstrap[61]: Time 0.447745 seconds, bootstrap likelihood -6381.542318, best rearrangement setting 5
Bootstrap[62]: Time 0.560872 seconds, bootstrap likelihood -6358.282576, best rearrangement setting 11
Bootstrap[63]: Time 0.302285 seconds, bootstrap likelihood -6398.276735, best rearrangement setting 12
Bootstrap[64]: Time 0.336010 seconds, bootstrap likelihood -6318.685677, best rearrangement setting 7
Bootstrap[65]: Time 0.262493 seconds, bootstrap likelihood -6340.728136, best rearrangement setting 5
Bootstrap[66]: Time 0.127068 seconds, bootstrap likelihood -6203.100840, best rearrangement setting 5
Bootstrap[67]: Time 0.328196 seconds, bootstrap likelihood -6363.720821, best rearrangement setting 15
Bootstrap[68]: Time 0.402164 seconds, bootstrap likelihood -6330.566044, best rearrangement setting 11
Bootstrap[69]: Time 0.465163 seconds, bootstrap likelihood -6363.319322, best rearrangement setting 5
Bootstrap[70]: Time 0.333511 seconds, bootstrap likelihood -6483.009107, best rearrangement setting 8
Bootstrap[71]: Time 0.150518 seconds, bootstrap likelihood -6305.754108, best rearrangement setting 10
Bootstrap[72]: Time 0.346315 seconds, bootstrap likelihood -6467.351528, best rearrangement setting 11
Bootstrap[73]: Time 0.308930 seconds, bootstrap likelihood -6516.476159, best rearrangement setting 9
Bootstrap[74]: Time 0.466551 seconds, bootstrap likelihood -6445.791813, best rearrangement setting 5
Bootstrap[75]: Time 0.357647 seconds, bootstrap likelihood -6361.721016, best rearrangement setting 8
Bootstrap[76]: Time 0.330145 seconds, bootstrap likelihood -6319.481849, best rearrangement setting 9
Bootstrap[77]: Time 0.165075 seconds, bootstrap likelihood -6471.787892, best rearrangement setting 11
Bootstrap[78]: Time 0.260503 seconds, bootstrap likelihood -6338.918802, best rearrangement setting 15
Bootstrap[79]: Time 0.387034 seconds, bootstrap likelihood -6378.881321, best rearrangement setting 9
Bootstrap[80]: Time 0.319106 seconds, bootstrap likelihood -6432.997792, best rearrangement setting 15
Bootstrap[81]: Time 0.232750 seconds, bootstrap likelihood -6336.576811, best rearrangement setting 7
Bootstrap[82]: Time 0.224627 seconds, bootstrap likelihood -6379.739928, best rearrangement setting 6
Bootstrap[83]: Time 0.454494 seconds, bootstrap likelihood -6374.954041, best rearrangement setting 10
Bootstrap[84]: Time 0.267597 seconds, bootstrap likelihood -6290.213871, best rearrangement setting 11
Bootstrap[85]: Time 0.396844 seconds, bootstrap likelihood -6357.053734, best rearrangement setting 8
Bootstrap[86]: Time 0.370800 seconds, bootstrap likelihood -6329.016176, best rearrangement setting 7
Bootstrap[87]: Time 0.133531 seconds, bootstrap likelihood -6353.715241, best rearrangement setting 7
Bootstrap[88]: Time 0.302997 seconds, bootstrap likelihood -6434.792148, best rearrangement setting 12
Bootstrap[89]: Time 0.352527 seconds, bootstrap likelihood -6308.425987, best rearrangement setting 10
Bootstrap[90]: Time 0.312330 seconds, bootstrap likelihood -6409.289705, best rearrangement setting 8
Bootstrap[91]: Time 0.182797 seconds, bootstrap likelihood -6411.270253, best rearrangement setting 12
Bootstrap[92]: Time 0.412802 seconds, bootstrap likelihood -6428.921289, best rearrangement setting 13
Bootstrap[93]: Time 0.150113 seconds, bootstrap likelihood -6330.678362, best rearrangement setting 15
Bootstrap[94]: Time 0.461456 seconds, bootstrap likelihood -6309.930139, best rearrangement setting 5
Bootstrap[95]: Time 0.316131 seconds, bootstrap likelihood -6398.109913, best rearrangement setting 5
Bootstrap[96]: Time 0.257684 seconds, bootstrap likelihood -6333.725739, best rearrangement setting 13
Bootstrap[97]: Time 0.337649 seconds, bootstrap likelihood -6508.062390, best rearrangement setting 11
Bootstrap[98]: Time 0.531714 seconds, bootstrap likelihood -6336.272864, best rearrangement setting 6
Bootstrap[99]: Time 0.353470 seconds, bootstrap likelihood -6407.920271, best rearrangement setting 14


Overall Time for 100 Rapid Bootstraps 34.596168 seconds
Average Time per Rapid Bootstrap 0.345962 seconds

Starting ML Search ...

Fast ML optimization finished

Fast ML search Time: 9.935282 seconds

Slow ML Search 0 Likelihood: -7057.745075
Slow ML Search 1 Likelihood: -7057.745075
Slow ML Search 2 Likelihood: -7057.745075
Slow ML Search 3 Likelihood: -7057.745075
Slow ML Search 4 Likelihood: -7057.745075
Slow ML Search 5 Likelihood: -7057.745075
Slow ML Search 6 Likelihood: -7057.745075
Slow ML Search 7 Likelihood: -7057.745075
Slow ML Search 8 Likelihood: -7057.745075
Slow ML Search 9 Likelihood: -7057.745075
Slow ML optimization finished

Slow ML search Time: 5.017587 seconds
Thorough ML search Time: 1.128917 seconds

Final ML Optimization Likelihood: -7055.065013

Model Information:

Model Parameters of Partition 0, Name: No Name Provided, Type of Data: AA
alpha: 0.020000
Tree-Length: 0.196044
rate A <-> R: 0.603538
rate A <-> N: 0.561915
rate A <-> D: 0.842872
rate A <-> C: 0.582726
rate A <-> Q: 0.593132
rate A <-> E: 1.092612
rate A <-> G: 1.862643
rate A <-> H: 0.280957
rate A <-> I: 0.374610
rate A <-> L: 0.312175
rate A <-> K: 0.364204
rate A <-> M: 0.561915
rate A <-> F: 0.156087
rate A <-> P: 2.018730
rate A <-> S: 3.933403
rate A <-> T: 4.942768
rate A <-> W: 0.093652
rate A <-> Y: 0.114464
rate A <-> V: 3.100937
rate R <-> N: 0.468262
rate R <-> D: 0.166493
rate R <-> C: 1.175858
rate R <-> Q: 3.225806
rate R <-> E: 0.301769
rate R <-> G: 1.425598
rate R <-> H: 3.413111
rate R <-> I: 0.228928
rate R <-> L: 0.395421
rate R <-> K: 6.722164
rate R <-> M: 0.457856
rate R <-> F: 0.052029
rate R <-> P: 0.770031
rate R <-> S: 1.050989
rate R <-> T: 0.665973
rate R <-> W: 1.311134
rate R <-> Y: 0.208117
rate R <-> V: 0.176899
rate N <-> D: 5.494277
rate N <-> C: 0.353798
rate N <-> Q: 0.894901
rate N <-> E: 0.603538
rate N <-> G: 0.842872
rate N <-> H: 4.068678
rate N <-> I: 0.489074
rate N <-> L: 0.124870
rate N <-> K: 2.736733
rate N <-> M: 0.312175
rate N <-> F: 0.104058
rate N <-> P: 0.156087
rate N <-> S: 5.234131
rate N <-> T: 2.414152
rate N <-> W: 0.083247
rate N <-> Y: 0.728408
rate N <-> V: 0.166493
rate D <-> C: 0.104058
rate D <-> Q: 0.509886
rate D <-> E: 7.981270
rate D <-> G: 1.352758
rate D <-> H: 1.165453
rate D <-> I: 0.114464
rate D <-> L: 0.072841
rate D <-> K: 0.270552
rate D <-> M: 0.156087
rate D <-> F: 0.041623
rate D <-> P: 0.156087
rate D <-> S: 0.613944
rate D <-> T: 0.395421
rate D <-> W: 0.041623
rate D <-> Y: 0.478668
rate D <-> V: 0.322581
rate C <-> Q: 0.093652
rate C <-> E: 0.052029
rate C <-> G: 0.613944
rate C <-> H: 0.718002
rate C <-> I: 0.176899
rate C <-> L: 0.239334
rate C <-> K: 0.072841
rate C <-> M: 0.322581
rate C <-> F: 0.811655
rate C <-> P: 0.145682
rate C <-> S: 2.320499
rate C <-> T: 0.437045
rate C <-> W: 1.196670
rate C <-> Y: 2.174818
rate C <-> V: 0.645161
rate Q <-> E: 3.361082
rate Q <-> G: 0.270552
rate Q <-> H: 6.212279
rate Q <-> I: 0.093652
rate Q <-> L: 0.749220
rate Q <-> K: 3.038502
rate Q <-> M: 0.447451
rate Q <-> F: 0.041623
rate Q <-> P: 1.706556
rate Q <-> S: 0.551509
rate Q <-> T: 0.530697
rate Q <-> W: 0.187305
rate Q <-> Y: 0.249740
rate Q <-> V: 0.208117
rate E <-> G: 1.238293
rate E <-> H: 0.270552
rate E <-> I: 0.124870
rate E <-> L: 0.093652
rate E <-> K: 1.883455
rate E <-> M: 0.187305
rate E <-> F: 0.052029
rate E <-> P: 0.187305
rate E <-> S: 0.312175
rate E <-> T: 0.332986
rate E <-> W: 0.104058
rate E <-> Y: 0.072841
rate E <-> V: 0.468262
rate G <-> H: 0.239334
rate G <-> I: 0.062435
rate G <-> L: 0.062435
rate G <-> K: 0.280957
rate G <-> M: 0.145682
rate G <-> F: 0.052029
rate G <-> P: 0.249740
rate G <-> S: 2.091571
rate G <-> T: 0.343392
rate G <-> W: 0.572320
rate G <-> Y: 0.083247
rate G <-> V: 0.489074
rate H <-> I: 0.166493
rate H <-> L: 0.582726
rate H <-> K: 0.468262
rate H <-> M: 0.343392
rate H <-> F: 0.416233
rate H <-> P: 1.196670
rate H <-> S: 0.759625
rate H <-> T: 0.478668
rate H <-> W: 0.083247
rate H <-> Y: 5.962539
rate H <-> V: 0.114464
rate I <-> L: 2.382934
rate I <-> K: 0.218522
rate I <-> M: 4.984391
rate I <-> F: 0.926119
rate I <-> P: 0.104058
rate I <-> S: 0.416233
rate I <-> T: 2.549428
rate I <-> W: 0.093652
rate I <-> Y: 0.332986
rate I <-> V: 10.000000
rate L <-> K: 0.145682
rate L <-> M: 4.037461
rate L <-> F: 2.580645
rate L <-> P: 1.061394
rate L <-> S: 0.613944
rate L <-> T: 0.260146
rate L <-> W: 0.541103
rate L <-> Y: 0.249740
rate L <-> V: 1.873049
rate K <-> M: 0.676379
rate K <-> F: 0.041623
rate K <-> P: 0.218522
rate K <-> S: 0.489074
rate K <-> T: 1.071800
rate K <-> W: 0.104058
rate K <-> Y: 0.083247
rate K <-> V: 0.145682
rate M <-> F: 0.447451
rate M <-> P: 0.166493
rate M <-> S: 0.301769
rate M <-> T: 2.351717
rate M <-> W: 0.249740
rate M <-> Y: 0.187305
rate M <-> V: 3.361082
rate F <-> P: 0.176899
rate F <-> S: 0.957336
rate F <-> T: 0.124870
rate F <-> W: 0.551509
rate F <-> Y: 5.577523
rate F <-> V: 0.645161
rate P <-> S: 2.965661
rate P <-> T: 1.227888
rate P <-> W: 0.062435
rate P <-> Y: 0.104058
rate P <-> V: 0.239334
rate S <-> T: 4.963580
rate S <-> W: 0.364204
rate S <-> Y: 0.655567
rate S <-> V: 0.395421
rate T <-> W: 0.124870
rate T <-> Y: 0.218522
rate T <-> V: 1.165453
rate W <-> Y: 0.738814
rate W <-> V: 0.260146
rate Y <-> V: 0.166493

freq pi(A): 0.076748
freq pi(R): 0.051691
freq pi(N): 0.042645
freq pi(D): 0.051544
freq pi(C): 0.019803
freq pi(Q): 0.040752
freq pi(E): 0.061830
freq pi(G): 0.073152
freq pi(H): 0.022944
freq pi(I): 0.053761
freq pi(L): 0.091904
freq pi(K): 0.058676
freq pi(M): 0.023826
freq pi(F): 0.040126
freq pi(P): 0.050901
freq pi(S): 0.068765
freq pi(T): 0.058565
freq pi(W): 0.014261
freq pi(Y): 0.032102
freq pi(V): 0.066004


ML search took 16.108614 secs or 0.004475 hours

Combined Bootstrap and ML search took 50.705000 secs or 0.014085 hours

Drawing Bootstrap Support Values on best-scoring ML tree ...



Found 1 tree in File /Users/prigozhin/Dropbox/NLRomes/Atha_SnkMk_NLRome/RAxML_tree_pbNB-ARC/Clade_Refinement_1/RAxML_bestTree.Int12974_336_433_R_14.Raxml.out



Found 1 tree in File /Users/prigozhin/Dropbox/NLRomes/Atha_SnkMk_NLRome/RAxML_tree_pbNB-ARC/Clade_Refinement_1/RAxML_bestTree.Int12974_336_433_R_14.Raxml.out

Program execution info written to /Users/prigozhin/Dropbox/NLRomes/Atha_SnkMk_NLRome/RAxML_tree_pbNB-ARC/Clade_Refinement_1/RAxML_info.Int12974_336_433_R_14.Raxml.out
All 100 bootstrapped trees written to: /Users/prigozhin/Dropbox/NLRomes/Atha_SnkMk_NLRome/RAxML_tree_pbNB-ARC/Clade_Refinement_1/RAxML_bootstrap.Int12974_336_433_R_14.Raxml.out

Best-scoring ML tree written to: /Users/prigozhin/Dropbox/NLRomes/Atha_SnkMk_NLRome/RAxML_tree_pbNB-ARC/Clade_Refinement_1/RAxML_bestTree.Int12974_336_433_R_14.Raxml.out

Best-scoring ML tree with support values written to: /Users/prigozhin/Dropbox/NLRomes/Atha_SnkMk_NLRome/RAxML_tree_pbNB-ARC/Clade_Refinement_1/RAxML_bipartitions.Int12974_336_433_R_14.Raxml.out

Best-scoring ML tree with support values as branch labels written to: /Users/prigozhin/Dropbox/NLRomes/Atha_SnkMk_NLRome/RAxML_tree_pbNB-ARC/Clade_Refinement_1/RAxML_bipartitionsBranchLabels.Int12974_336_433_R_14.Raxml.out

Overall execution time for full ML analysis: 50.708976 secs or 0.014086 hours or 0.000587 days

