

IMPORTANT WARNING: Sequences 9792_T305-R1 and 7373_T323-R1 are exactly identical


IMPORTANT WARNING: Sequences 9792_T305-R1 and 9784_T247-R1 are exactly identical

IMPORTANT WARNING
Found 2 sequences that are exactly identical to other sequences in the alignment.
Normally they should be excluded from the analysis.

Just in case you might need it, an alignment file with 
sequence duplicates removed is printed to file ../../RAxML_tree_pbNB-ARC/Clade_Refinement_1/Int11708_423_785_R_29.afa.reduced


This is RAxML version 8.2.12 released by Alexandros Stamatakis on May 2018.

With greatly appreciated code contributions by:
Andre Aberer      (HITS)
Simon Berger      (HITS)
Alexey Kozlov     (HITS)
Kassian Kobert    (HITS)
David Dao         (KIT and HITS)
Sarah Lutteropp   (KIT and HITS)
Nick Pattengale   (Sandia)
Wayne Pfeiffer    (SDSC)
Akifumi S. Tanabe (NRIFS)
Charlie Taylor    (UF)


Alignment has 748 distinct alignment patterns

Proportion of gaps and completely undetermined characters in this alignment: 30.57%

RAxML rapid bootstrapping and subsequent ML search

Using 1 distinct models/data partitions with joint branch length optimization



Executing 100 rapid bootstrap inferences and thereafter a thorough ML search 

All free model parameters will be estimated by RAxML
ML estimate of 25 per site rate categories

Likelihood of final tree will be evaluated and optimized under GAMMA

GAMMA Model parameters will be estimated up to an accuracy of 0.1000000000 Log Likelihood units

Partition: 0
Alignment Patterns: 748
Name: No Name Provided
DataType: AA
Substitution Matrix: JTT
Using fixed base frequencies




RAxML was called as follows:

/Users/prigozhin/Installers/standard-RAxML/raxmlHPC-PTHREADS-AVX -T 2 -n Int11708_423_785_R_29.Raxml.out -f a -x 12345 -p 12345 -# 100 -m PROTCATJTT -s ../../RAxML_tree_pbNB-ARC/Clade_Refinement_1/Int11708_423_785_R_29.afa 



Time for BS model parameter optimization 0.684079
Bootstrap[0]: Time 2.903614 seconds, bootstrap likelihood -7360.824182, best rearrangement setting 13
Bootstrap[1]: Time 2.877228 seconds, bootstrap likelihood -7312.378361, best rearrangement setting 13
Bootstrap[2]: Time 2.601424 seconds, bootstrap likelihood -7691.367168, best rearrangement setting 12
Bootstrap[3]: Time 2.368359 seconds, bootstrap likelihood -7244.542145, best rearrangement setting 15
Bootstrap[4]: Time 2.573525 seconds, bootstrap likelihood -7100.004290, best rearrangement setting 10
Bootstrap[5]: Time 2.411373 seconds, bootstrap likelihood -7623.228590, best rearrangement setting 10
Bootstrap[6]: Time 2.450340 seconds, bootstrap likelihood -7247.609139, best rearrangement setting 6
Bootstrap[7]: Time 2.555353 seconds, bootstrap likelihood -7277.848743, best rearrangement setting 14
Bootstrap[8]: Time 2.394552 seconds, bootstrap likelihood -7635.640930, best rearrangement setting 5
Bootstrap[9]: Time 2.673201 seconds, bootstrap likelihood -7260.546310, best rearrangement setting 7
Bootstrap[10]: Time 2.477288 seconds, bootstrap likelihood -7229.789705, best rearrangement setting 7
Bootstrap[11]: Time 2.466499 seconds, bootstrap likelihood -7265.829178, best rearrangement setting 5
Bootstrap[12]: Time 2.364545 seconds, bootstrap likelihood -7135.187809, best rearrangement setting 8
Bootstrap[13]: Time 2.599601 seconds, bootstrap likelihood -7428.464015, best rearrangement setting 7
Bootstrap[14]: Time 2.730465 seconds, bootstrap likelihood -7338.949911, best rearrangement setting 12
Bootstrap[15]: Time 2.648033 seconds, bootstrap likelihood -7324.844335, best rearrangement setting 15
Bootstrap[16]: Time 2.492630 seconds, bootstrap likelihood -7190.859177, best rearrangement setting 12
Bootstrap[17]: Time 3.121756 seconds, bootstrap likelihood -6968.254999, best rearrangement setting 12
Bootstrap[18]: Time 2.935493 seconds, bootstrap likelihood -7155.812722, best rearrangement setting 5
Bootstrap[19]: Time 2.455736 seconds, bootstrap likelihood -7299.747705, best rearrangement setting 8
Bootstrap[20]: Time 2.799537 seconds, bootstrap likelihood -7536.127803, best rearrangement setting 10
Bootstrap[21]: Time 2.613563 seconds, bootstrap likelihood -7381.621475, best rearrangement setting 6
Bootstrap[22]: Time 2.527490 seconds, bootstrap likelihood -7584.450396, best rearrangement setting 5
Bootstrap[23]: Time 2.798811 seconds, bootstrap likelihood -7022.598235, best rearrangement setting 7
Bootstrap[24]: Time 2.465776 seconds, bootstrap likelihood -7202.596392, best rearrangement setting 8
Bootstrap[25]: Time 2.338684 seconds, bootstrap likelihood -7253.066412, best rearrangement setting 6
Bootstrap[26]: Time 2.908181 seconds, bootstrap likelihood -7380.563614, best rearrangement setting 12
Bootstrap[27]: Time 3.176482 seconds, bootstrap likelihood -6802.749881, best rearrangement setting 10
Bootstrap[28]: Time 2.663339 seconds, bootstrap likelihood -7574.172691, best rearrangement setting 11
Bootstrap[29]: Time 2.265998 seconds, bootstrap likelihood -6967.132663, best rearrangement setting 12
Bootstrap[30]: Time 2.535616 seconds, bootstrap likelihood -7319.232526, best rearrangement setting 15
Bootstrap[31]: Time 2.472696 seconds, bootstrap likelihood -7435.630983, best rearrangement setting 15
Bootstrap[32]: Time 2.089373 seconds, bootstrap likelihood -7173.531895, best rearrangement setting 6
Bootstrap[33]: Time 2.331693 seconds, bootstrap likelihood -7449.036504, best rearrangement setting 15
Bootstrap[34]: Time 3.009376 seconds, bootstrap likelihood -7296.636890, best rearrangement setting 11
Bootstrap[35]: Time 2.445681 seconds, bootstrap likelihood -7268.179737, best rearrangement setting 8
Bootstrap[36]: Time 2.470497 seconds, bootstrap likelihood -7502.683101, best rearrangement setting 9
Bootstrap[37]: Time 2.129438 seconds, bootstrap likelihood -6771.559309, best rearrangement setting 11
Bootstrap[38]: Time 2.355280 seconds, bootstrap likelihood -7391.451700, best rearrangement setting 8
Bootstrap[39]: Time 3.098779 seconds, bootstrap likelihood -7188.123125, best rearrangement setting 13
Bootstrap[40]: Time 2.486726 seconds, bootstrap likelihood -7246.539207, best rearrangement setting 13
Bootstrap[41]: Time 2.460621 seconds, bootstrap likelihood -7136.369253, best rearrangement setting 10
Bootstrap[42]: Time 3.008343 seconds, bootstrap likelihood -7025.162536, best rearrangement setting 5
Bootstrap[43]: Time 2.610411 seconds, bootstrap likelihood -7612.273977, best rearrangement setting 14
Bootstrap[44]: Time 2.615240 seconds, bootstrap likelihood -7426.391159, best rearrangement setting 10
Bootstrap[45]: Time 2.551333 seconds, bootstrap likelihood -7052.557583, best rearrangement setting 15
Bootstrap[46]: Time 2.719125 seconds, bootstrap likelihood -7644.254879, best rearrangement setting 14
Bootstrap[47]: Time 3.407185 seconds, bootstrap likelihood -7199.221231, best rearrangement setting 8
Bootstrap[48]: Time 2.462426 seconds, bootstrap likelihood -7195.078433, best rearrangement setting 6
Bootstrap[49]: Time 3.098767 seconds, bootstrap likelihood -7146.039363, best rearrangement setting 7
Bootstrap[50]: Time 2.576633 seconds, bootstrap likelihood -7633.870094, best rearrangement setting 7
Bootstrap[51]: Time 2.902406 seconds, bootstrap likelihood -7057.507213, best rearrangement setting 11
Bootstrap[52]: Time 2.929073 seconds, bootstrap likelihood -7079.570011, best rearrangement setting 12
Bootstrap[53]: Time 2.282168 seconds, bootstrap likelihood -7192.537902, best rearrangement setting 8
Bootstrap[54]: Time 2.640858 seconds, bootstrap likelihood -7189.321803, best rearrangement setting 9
Bootstrap[55]: Time 2.295896 seconds, bootstrap likelihood -7334.394714, best rearrangement setting 11
Bootstrap[56]: Time 2.603276 seconds, bootstrap likelihood -7125.329175, best rearrangement setting 5
Bootstrap[57]: Time 2.489883 seconds, bootstrap likelihood -7643.116662, best rearrangement setting 7
Bootstrap[58]: Time 2.707351 seconds, bootstrap likelihood -7442.918537, best rearrangement setting 10
Bootstrap[59]: Time 2.765792 seconds, bootstrap likelihood -7365.296744, best rearrangement setting 9
Bootstrap[60]: Time 2.366485 seconds, bootstrap likelihood -7343.700969, best rearrangement setting 7
Bootstrap[61]: Time 2.298013 seconds, bootstrap likelihood -7799.576907, best rearrangement setting 5
Bootstrap[62]: Time 2.673082 seconds, bootstrap likelihood -7247.926946, best rearrangement setting 11
Bootstrap[63]: Time 3.359918 seconds, bootstrap likelihood -7300.084334, best rearrangement setting 12
Bootstrap[64]: Time 2.845567 seconds, bootstrap likelihood -7363.258535, best rearrangement setting 7
Bootstrap[65]: Time 2.730118 seconds, bootstrap likelihood -7179.489502, best rearrangement setting 5
Bootstrap[66]: Time 2.528881 seconds, bootstrap likelihood -7314.967214, best rearrangement setting 5
Bootstrap[67]: Time 2.368885 seconds, bootstrap likelihood -7162.042069, best rearrangement setting 15
Bootstrap[68]: Time 2.544855 seconds, bootstrap likelihood -7486.160181, best rearrangement setting 11
Bootstrap[69]: Time 2.147868 seconds, bootstrap likelihood -7291.872212, best rearrangement setting 5
Bootstrap[70]: Time 3.006112 seconds, bootstrap likelihood -7122.234518, best rearrangement setting 8
Bootstrap[71]: Time 2.717910 seconds, bootstrap likelihood -6655.916067, best rearrangement setting 10
Bootstrap[72]: Time 2.468549 seconds, bootstrap likelihood -7233.586089, best rearrangement setting 11
Bootstrap[73]: Time 2.432882 seconds, bootstrap likelihood -7296.807651, best rearrangement setting 9
Bootstrap[74]: Time 2.436287 seconds, bootstrap likelihood -7096.888751, best rearrangement setting 5
Bootstrap[75]: Time 2.492985 seconds, bootstrap likelihood -7307.307321, best rearrangement setting 8
Bootstrap[76]: Time 2.544268 seconds, bootstrap likelihood -7425.972694, best rearrangement setting 9
Bootstrap[77]: Time 2.661686 seconds, bootstrap likelihood -7187.782207, best rearrangement setting 11
Bootstrap[78]: Time 2.808213 seconds, bootstrap likelihood -7717.603383, best rearrangement setting 15
Bootstrap[79]: Time 2.605210 seconds, bootstrap likelihood -7268.803745, best rearrangement setting 9
Bootstrap[80]: Time 2.268142 seconds, bootstrap likelihood -7255.789609, best rearrangement setting 15
Bootstrap[81]: Time 2.469307 seconds, bootstrap likelihood -7106.623385, best rearrangement setting 7
Bootstrap[82]: Time 2.891431 seconds, bootstrap likelihood -7388.542472, best rearrangement setting 6
Bootstrap[83]: Time 3.101088 seconds, bootstrap likelihood -7295.967581, best rearrangement setting 10
Bootstrap[84]: Time 2.611506 seconds, bootstrap likelihood -7113.214051, best rearrangement setting 11
Bootstrap[85]: Time 2.358262 seconds, bootstrap likelihood -6984.970057, best rearrangement setting 8
Bootstrap[86]: Time 2.457097 seconds, bootstrap likelihood -7348.948733, best rearrangement setting 7
Bootstrap[87]: Time 2.462133 seconds, bootstrap likelihood -7193.482103, best rearrangement setting 7
Bootstrap[88]: Time 2.318350 seconds, bootstrap likelihood -6950.642564, best rearrangement setting 12
Bootstrap[89]: Time 2.714170 seconds, bootstrap likelihood -7323.476135, best rearrangement setting 10
Bootstrap[90]: Time 2.441732 seconds, bootstrap likelihood -7200.035604, best rearrangement setting 8
Bootstrap[91]: Time 2.441950 seconds, bootstrap likelihood -7526.201312, best rearrangement setting 12
Bootstrap[92]: Time 3.129690 seconds, bootstrap likelihood -7164.160182, best rearrangement setting 13
Bootstrap[93]: Time 2.776048 seconds, bootstrap likelihood -7350.475201, best rearrangement setting 15
Bootstrap[94]: Time 2.453096 seconds, bootstrap likelihood -7262.745323, best rearrangement setting 5
Bootstrap[95]: Time 2.362545 seconds, bootstrap likelihood -7414.029251, best rearrangement setting 5
Bootstrap[96]: Time 2.701183 seconds, bootstrap likelihood -7397.993309, best rearrangement setting 13
Bootstrap[97]: Time 2.448740 seconds, bootstrap likelihood -7072.856581, best rearrangement setting 11
Bootstrap[98]: Time 2.038781 seconds, bootstrap likelihood -7018.568976, best rearrangement setting 6
Bootstrap[99]: Time 2.664523 seconds, bootstrap likelihood -7207.025588, best rearrangement setting 14


Overall Time for 100 Rapid Bootstraps 260.420191 seconds
Average Time per Rapid Bootstrap 2.604202 seconds

Starting ML Search ...

Fast ML optimization finished

Fast ML search Time: 186.589409 seconds

Slow ML Search 0 Likelihood: -8070.967617
Slow ML Search 1 Likelihood: -8070.967617
Slow ML Search 2 Likelihood: -8070.967617
Slow ML Search 3 Likelihood: -8070.967617
Slow ML Search 4 Likelihood: -8070.967617
Slow ML Search 5 Likelihood: -8070.967617
Slow ML Search 6 Likelihood: -8070.967617
Slow ML Search 7 Likelihood: -8070.967617
Slow ML Search 8 Likelihood: -8070.967617
Slow ML Search 9 Likelihood: -8070.967617
Slow ML optimization finished

Slow ML search Time: 77.316376 seconds
Thorough ML search Time: 18.259597 seconds

Final ML Optimization Likelihood: -8070.967617

Model Information:

Model Parameters of Partition 0, Name: No Name Provided, Type of Data: AA
alpha: 0.393689
Tree-Length: 0.660477
rate A <-> R: 0.603538
rate A <-> N: 0.561915
rate A <-> D: 0.842872
rate A <-> C: 0.582726
rate A <-> Q: 0.593132
rate A <-> E: 1.092612
rate A <-> G: 1.862643
rate A <-> H: 0.280957
rate A <-> I: 0.374610
rate A <-> L: 0.312175
rate A <-> K: 0.364204
rate A <-> M: 0.561915
rate A <-> F: 0.156087
rate A <-> P: 2.018730
rate A <-> S: 3.933403
rate A <-> T: 4.942768
rate A <-> W: 0.093652
rate A <-> Y: 0.114464
rate A <-> V: 3.100937
rate R <-> N: 0.468262
rate R <-> D: 0.166493
rate R <-> C: 1.175858
rate R <-> Q: 3.225806
rate R <-> E: 0.301769
rate R <-> G: 1.425598
rate R <-> H: 3.413111
rate R <-> I: 0.228928
rate R <-> L: 0.395421
rate R <-> K: 6.722164
rate R <-> M: 0.457856
rate R <-> F: 0.052029
rate R <-> P: 0.770031
rate R <-> S: 1.050989
rate R <-> T: 0.665973
rate R <-> W: 1.311134
rate R <-> Y: 0.208117
rate R <-> V: 0.176899
rate N <-> D: 5.494277
rate N <-> C: 0.353798
rate N <-> Q: 0.894901
rate N <-> E: 0.603538
rate N <-> G: 0.842872
rate N <-> H: 4.068678
rate N <-> I: 0.489074
rate N <-> L: 0.124870
rate N <-> K: 2.736733
rate N <-> M: 0.312175
rate N <-> F: 0.104058
rate N <-> P: 0.156087
rate N <-> S: 5.234131
rate N <-> T: 2.414152
rate N <-> W: 0.083247
rate N <-> Y: 0.728408
rate N <-> V: 0.166493
rate D <-> C: 0.104058
rate D <-> Q: 0.509886
rate D <-> E: 7.981270
rate D <-> G: 1.352758
rate D <-> H: 1.165453
rate D <-> I: 0.114464
rate D <-> L: 0.072841
rate D <-> K: 0.270552
rate D <-> M: 0.156087
rate D <-> F: 0.041623
rate D <-> P: 0.156087
rate D <-> S: 0.613944
rate D <-> T: 0.395421
rate D <-> W: 0.041623
rate D <-> Y: 0.478668
rate D <-> V: 0.322581
rate C <-> Q: 0.093652
rate C <-> E: 0.052029
rate C <-> G: 0.613944
rate C <-> H: 0.718002
rate C <-> I: 0.176899
rate C <-> L: 0.239334
rate C <-> K: 0.072841
rate C <-> M: 0.322581
rate C <-> F: 0.811655
rate C <-> P: 0.145682
rate C <-> S: 2.320499
rate C <-> T: 0.437045
rate C <-> W: 1.196670
rate C <-> Y: 2.174818
rate C <-> V: 0.645161
rate Q <-> E: 3.361082
rate Q <-> G: 0.270552
rate Q <-> H: 6.212279
rate Q <-> I: 0.093652
rate Q <-> L: 0.749220
rate Q <-> K: 3.038502
rate Q <-> M: 0.447451
rate Q <-> F: 0.041623
rate Q <-> P: 1.706556
rate Q <-> S: 0.551509
rate Q <-> T: 0.530697
rate Q <-> W: 0.187305
rate Q <-> Y: 0.249740
rate Q <-> V: 0.208117
rate E <-> G: 1.238293
rate E <-> H: 0.270552
rate E <-> I: 0.124870
rate E <-> L: 0.093652
rate E <-> K: 1.883455
rate E <-> M: 0.187305
rate E <-> F: 0.052029
rate E <-> P: 0.187305
rate E <-> S: 0.312175
rate E <-> T: 0.332986
rate E <-> W: 0.104058
rate E <-> Y: 0.072841
rate E <-> V: 0.468262
rate G <-> H: 0.239334
rate G <-> I: 0.062435
rate G <-> L: 0.062435
rate G <-> K: 0.280957
rate G <-> M: 0.145682
rate G <-> F: 0.052029
rate G <-> P: 0.249740
rate G <-> S: 2.091571
rate G <-> T: 0.343392
rate G <-> W: 0.572320
rate G <-> Y: 0.083247
rate G <-> V: 0.489074
rate H <-> I: 0.166493
rate H <-> L: 0.582726
rate H <-> K: 0.468262
rate H <-> M: 0.343392
rate H <-> F: 0.416233
rate H <-> P: 1.196670
rate H <-> S: 0.759625
rate H <-> T: 0.478668
rate H <-> W: 0.083247
rate H <-> Y: 5.962539
rate H <-> V: 0.114464
rate I <-> L: 2.382934
rate I <-> K: 0.218522
rate I <-> M: 4.984391
rate I <-> F: 0.926119
rate I <-> P: 0.104058
rate I <-> S: 0.416233
rate I <-> T: 2.549428
rate I <-> W: 0.093652
rate I <-> Y: 0.332986
rate I <-> V: 10.000000
rate L <-> K: 0.145682
rate L <-> M: 4.037461
rate L <-> F: 2.580645
rate L <-> P: 1.061394
rate L <-> S: 0.613944
rate L <-> T: 0.260146
rate L <-> W: 0.541103
rate L <-> Y: 0.249740
rate L <-> V: 1.873049
rate K <-> M: 0.676379
rate K <-> F: 0.041623
rate K <-> P: 0.218522
rate K <-> S: 0.489074
rate K <-> T: 1.071800
rate K <-> W: 0.104058
rate K <-> Y: 0.083247
rate K <-> V: 0.145682
rate M <-> F: 0.447451
rate M <-> P: 0.166493
rate M <-> S: 0.301769
rate M <-> T: 2.351717
rate M <-> W: 0.249740
rate M <-> Y: 0.187305
rate M <-> V: 3.361082
rate F <-> P: 0.176899
rate F <-> S: 0.957336
rate F <-> T: 0.124870
rate F <-> W: 0.551509
rate F <-> Y: 5.577523
rate F <-> V: 0.645161
rate P <-> S: 2.965661
rate P <-> T: 1.227888
rate P <-> W: 0.062435
rate P <-> Y: 0.104058
rate P <-> V: 0.239334
rate S <-> T: 4.963580
rate S <-> W: 0.364204
rate S <-> Y: 0.655567
rate S <-> V: 0.395421
rate T <-> W: 0.124870
rate T <-> Y: 0.218522
rate T <-> V: 1.165453
rate W <-> Y: 0.738814
rate W <-> V: 0.260146
rate Y <-> V: 0.166493

freq pi(A): 0.076748
freq pi(R): 0.051691
freq pi(N): 0.042645
freq pi(D): 0.051544
freq pi(C): 0.019803
freq pi(Q): 0.040752
freq pi(E): 0.061830
freq pi(G): 0.073152
freq pi(H): 0.022944
freq pi(I): 0.053761
freq pi(L): 0.091904
freq pi(K): 0.058676
freq pi(M): 0.023826
freq pi(F): 0.040126
freq pi(P): 0.050901
freq pi(S): 0.068765
freq pi(T): 0.058565
freq pi(W): 0.014261
freq pi(Y): 0.032102
freq pi(V): 0.066004


ML search took 282.192421 secs or 0.078387 hours

Combined Bootstrap and ML search took 542.612898 secs or 0.150726 hours

Drawing Bootstrap Support Values on best-scoring ML tree ...



Found 1 tree in File /Users/prigozhin/Dropbox/NLRomes/Atha_SnkMk_NLRome/RAxML_tree_pbNB-ARC/Clade_Refinement_1/RAxML_bestTree.Int11708_423_785_R_29.Raxml.out



Found 1 tree in File /Users/prigozhin/Dropbox/NLRomes/Atha_SnkMk_NLRome/RAxML_tree_pbNB-ARC/Clade_Refinement_1/RAxML_bestTree.Int11708_423_785_R_29.Raxml.out

Program execution info written to /Users/prigozhin/Dropbox/NLRomes/Atha_SnkMk_NLRome/RAxML_tree_pbNB-ARC/Clade_Refinement_1/RAxML_info.Int11708_423_785_R_29.Raxml.out
All 100 bootstrapped trees written to: /Users/prigozhin/Dropbox/NLRomes/Atha_SnkMk_NLRome/RAxML_tree_pbNB-ARC/Clade_Refinement_1/RAxML_bootstrap.Int11708_423_785_R_29.Raxml.out

Best-scoring ML tree written to: /Users/prigozhin/Dropbox/NLRomes/Atha_SnkMk_NLRome/RAxML_tree_pbNB-ARC/Clade_Refinement_1/RAxML_bestTree.Int11708_423_785_R_29.Raxml.out

Best-scoring ML tree with support values written to: /Users/prigozhin/Dropbox/NLRomes/Atha_SnkMk_NLRome/RAxML_tree_pbNB-ARC/Clade_Refinement_1/RAxML_bipartitions.Int11708_423_785_R_29.Raxml.out

Best-scoring ML tree with support values as branch labels written to: /Users/prigozhin/Dropbox/NLRomes/Atha_SnkMk_NLRome/RAxML_tree_pbNB-ARC/Clade_Refinement_1/RAxML_bipartitionsBranchLabels.Int11708_423_785_R_29.Raxml.out

Overall execution time for full ML analysis: 542.621524 secs or 0.150728 hours or 0.006280 days

