((9610_T352-R1,9869_T357-R1),(7167_T228-R1,((9871_T321-R1,(9879_T436-R1,6939_T144-R1)),(6899_T436-R1,7417_T331-R1))),9654_T550-R1);
((9610_T352-R1,9869_T357-R1),(7167_T228-R1,((9871_T321-R1,(9879_T436-R1,6939_T144-R1)),(6899_T436-R1,7417_T331-R1))),9654_T550-R1);
((9610_T352-R1,9869_T357-R1),(7167_T228-R1,((9871_T321-R1,(9879_T436-R1,6939_T144-R1)),(6899_T436-R1,7417_T331-R1))),9654_T550-R1);
((9610_T352-R1,9869_T357-R1),(7167_T228-R1,((9871_T321-R1,(9879_T436-R1,6939_T144-R1)),(6899_T436-R1,7417_T331-R1))),9654_T550-R1);
((9610_T352-R1,9869_T357-R1),(7167_T228-R1,((9871_T321-R1,(9879_T436-R1,6939_T144-R1)),(6899_T436-R1,7417_T331-R1))),9654_T550-R1);
((9610_T352-R1,9869_T357-R1),(7167_T228-R1,((9871_T321-R1,(9879_T436-R1,6939_T144-R1)),(6899_T436-R1,7417_T331-R1))),9654_T550-R1);
((9610_T352-R1,9869_T357-R1),(7167_T228-R1,((9871_T321-R1,(9879_T436-R1,6939_T144-R1)),(6899_T436-R1,7417_T331-R1))),9654_T550-R1);
((9610_T352-R1,9869_T357-R1),(7167_T228-R1,((9871_T321-R1,(9879_T436-R1,6939_T144-R1)),(6899_T436-R1,7417_T331-R1))),9654_T550-R1);
((9610_T352-R1,9869_T357-R1),(7167_T228-R1,((9871_T321-R1,(9879_T436-R1,6939_T144-R1)),(6899_T436-R1,7417_T331-R1))),9654_T550-R1);
((9610_T352-R1,9869_T357-R1),(7167_T228-R1,((9871_T321-R1,(9879_T436-R1,6939_T144-R1)),(6899_T436-R1,7417_T331-R1))),9654_T550-R1);
((9869_T357-R1,9610_T352-R1),(((6899_T436-R1,7417_T331-R1),(9871_T321-R1,(9879_T436-R1,6939_T144-R1))),7167_T228-R1),9654_T550-R1);
((9869_T357-R1,9610_T352-R1),(((6899_T436-R1,7417_T331-R1),(9871_T321-R1,(9879_T436-R1,6939_T144-R1))),7167_T228-R1),9654_T550-R1);
((9869_T357-R1,9610_T352-R1),(((6899_T436-R1,7417_T331-R1),(9871_T321-R1,(9879_T436-R1,6939_T144-R1))),7167_T228-R1),9654_T550-R1);
((9869_T357-R1,9610_T352-R1),(((6899_T436-R1,7417_T331-R1),(9871_T321-R1,(9879_T436-R1,6939_T144-R1))),7167_T228-R1),9654_T550-R1);
((9869_T357-R1,9610_T352-R1),(((6899_T436-R1,7417_T331-R1),(9871_T321-R1,(9879_T436-R1,6939_T144-R1))),7167_T228-R1),9654_T550-R1);
((9871_T321-R1,(9869_T357-R1,9610_T352-R1)),((6899_T436-R1,7417_T331-R1),((7167_T228-R1,9879_T436-R1),6939_T144-R1)),9654_T550-R1);
((9871_T321-R1,(9869_T357-R1,9610_T352-R1)),((6899_T436-R1,7417_T331-R1),((7167_T228-R1,9879_T436-R1),6939_T144-R1)),9654_T550-R1);
((9871_T321-R1,(9869_T357-R1,9610_T352-R1)),((6899_T436-R1,7417_T331-R1),((7167_T228-R1,9879_T436-R1),6939_T144-R1)),9654_T550-R1);
(((((9879_T436-R1,6939_T144-R1),9871_T321-R1),(6899_T436-R1,7417_T331-R1)),7167_T228-R1),(9869_T357-R1,9610_T352-R1),9654_T550-R1);
(((6899_T436-R1,(7417_T331-R1,((9879_T436-R1,6939_T144-R1),9871_T321-R1))),7167_T228-R1),(9869_T357-R1,9610_T352-R1),9654_T550-R1);
((9869_T357-R1,9610_T352-R1),(((7417_T331-R1,6899_T436-R1),(9871_T321-R1,(6939_T144-R1,9879_T436-R1))),7167_T228-R1),9654_T550-R1);
((9869_T357-R1,9610_T352-R1),(((7417_T331-R1,6899_T436-R1),(9871_T321-R1,(6939_T144-R1,9879_T436-R1))),7167_T228-R1),9654_T550-R1);
(7167_T228-R1,((9869_T357-R1,9610_T352-R1),((7417_T331-R1,6899_T436-R1),(9871_T321-R1,(6939_T144-R1,9879_T436-R1)))),9654_T550-R1);
(7167_T228-R1,((9869_T357-R1,9610_T352-R1),((7417_T331-R1,6899_T436-R1),(9871_T321-R1,(6939_T144-R1,9879_T436-R1)))),9654_T550-R1);
((9869_T357-R1,9610_T352-R1),(((7417_T331-R1,6899_T436-R1),(9871_T321-R1,(6939_T144-R1,9879_T436-R1))),7167_T228-R1),9654_T550-R1);
((9869_T357-R1,9610_T352-R1),(((7417_T331-R1,6899_T436-R1),(9871_T321-R1,(6939_T144-R1,9879_T436-R1))),7167_T228-R1),9654_T550-R1);
((9869_T357-R1,9610_T352-R1),(((7417_T331-R1,6899_T436-R1),(9871_T321-R1,(6939_T144-R1,9879_T436-R1))),7167_T228-R1),9654_T550-R1);
((9869_T357-R1,9610_T352-R1),(((7417_T331-R1,6899_T436-R1),(9871_T321-R1,(6939_T144-R1,9879_T436-R1))),7167_T228-R1),9654_T550-R1);
((9869_T357-R1,9610_T352-R1),(((7417_T331-R1,6899_T436-R1),(9871_T321-R1,(6939_T144-R1,9879_T436-R1))),7167_T228-R1),9654_T550-R1);
((9869_T357-R1,9610_T352-R1),(((7417_T331-R1,6899_T436-R1),(9871_T321-R1,(6939_T144-R1,9879_T436-R1))),7167_T228-R1),9654_T550-R1);
((9610_T352-R1,9869_T357-R1),(7167_T228-R1,((9871_T321-R1,(9879_T436-R1,6939_T144-R1)),(6899_T436-R1,7417_T331-R1))),9654_T550-R1);
((9610_T352-R1,9869_T357-R1),(7167_T228-R1,((9871_T321-R1,(9879_T436-R1,6939_T144-R1)),(6899_T436-R1,7417_T331-R1))),9654_T550-R1);
((9610_T352-R1,9869_T357-R1),(7167_T228-R1,((9871_T321-R1,(9879_T436-R1,6939_T144-R1)),(6899_T436-R1,7417_T331-R1))),9654_T550-R1);
((9610_T352-R1,9869_T357-R1),(7167_T228-R1,((9871_T321-R1,(9879_T436-R1,6939_T144-R1)),(6899_T436-R1,7417_T331-R1))),9654_T550-R1);
((9610_T352-R1,9869_T357-R1),(7167_T228-R1,((9871_T321-R1,(9879_T436-R1,6939_T144-R1)),(6899_T436-R1,7417_T331-R1))),9654_T550-R1);
((9610_T352-R1,9869_T357-R1),(7167_T228-R1,((9871_T321-R1,(9879_T436-R1,6939_T144-R1)),(6899_T436-R1,7417_T331-R1))),9654_T550-R1);
((9610_T352-R1,9869_T357-R1),(7167_T228-R1,((9871_T321-R1,(9879_T436-R1,6939_T144-R1)),(6899_T436-R1,7417_T331-R1))),9654_T550-R1);
((9610_T352-R1,9869_T357-R1),(7167_T228-R1,((9871_T321-R1,(9879_T436-R1,6939_T144-R1)),(6899_T436-R1,7417_T331-R1))),9654_T550-R1);
(((9610_T352-R1,9869_T357-R1),7167_T228-R1),((9871_T321-R1,(9879_T436-R1,6939_T144-R1)),(6899_T436-R1,7417_T331-R1)),9654_T550-R1);
(7167_T228-R1,(((9871_T321-R1,(9879_T436-R1,6939_T144-R1)),(6899_T436-R1,7417_T331-R1)),(9610_T352-R1,9869_T357-R1)),9654_T550-R1);
((9610_T352-R1,9869_T357-R1),(((9871_T321-R1,(6939_T144-R1,9879_T436-R1)),(6899_T436-R1,7417_T331-R1)),7167_T228-R1),9654_T550-R1);
((9610_T352-R1,9869_T357-R1),((6899_T436-R1,(7417_T331-R1,(9871_T321-R1,(6939_T144-R1,9879_T436-R1)))),7167_T228-R1),9654_T550-R1);
((9610_T352-R1,9869_T357-R1),(((9871_T321-R1,(6939_T144-R1,9879_T436-R1)),(6899_T436-R1,7417_T331-R1)),7167_T228-R1),9654_T550-R1);
(((9871_T321-R1,(6939_T144-R1,9879_T436-R1)),(6899_T436-R1,7417_T331-R1)),(7167_T228-R1,(9610_T352-R1,9869_T357-R1)),9654_T550-R1);
(((9871_T321-R1,(6939_T144-R1,9879_T436-R1)),(6899_T436-R1,7417_T331-R1)),(7167_T228-R1,(9610_T352-R1,9869_T357-R1)),9654_T550-R1);
(((9871_T321-R1,(6939_T144-R1,9879_T436-R1)),(6899_T436-R1,7417_T331-R1)),(7167_T228-R1,(9610_T352-R1,9869_T357-R1)),9654_T550-R1);
((9610_T352-R1,9869_T357-R1),(((9871_T321-R1,(6939_T144-R1,9879_T436-R1)),(6899_T436-R1,7417_T331-R1)),7167_T228-R1),9654_T550-R1);
((9610_T352-R1,(9871_T321-R1,9869_T357-R1)),(((6939_T144-R1,9879_T436-R1),(6899_T436-R1,7417_T331-R1)),7167_T228-R1),9654_T550-R1);
((((6899_T436-R1,7417_T331-R1),(9871_T321-R1,(6939_T144-R1,9879_T436-R1))),(9869_T357-R1,9610_T352-R1)),7167_T228-R1,9654_T550-R1);
((6939_T144-R1,(7167_T228-R1,9879_T436-R1)),((6899_T436-R1,7417_T331-R1),((9869_T357-R1,9610_T352-R1),9871_T321-R1)),9654_T550-R1);
((9610_T352-R1,9869_T357-R1),(7167_T228-R1,((7417_T331-R1,6899_T436-R1),(9871_T321-R1,(9879_T436-R1,6939_T144-R1)))),9654_T550-R1);
((9610_T352-R1,9869_T357-R1),(7167_T228-R1,((7417_T331-R1,6899_T436-R1),(9871_T321-R1,(9879_T436-R1,6939_T144-R1)))),9654_T550-R1);
(((7167_T228-R1,9879_T436-R1),6939_T144-R1),((7417_T331-R1,6899_T436-R1),(9871_T321-R1,(9610_T352-R1,9869_T357-R1))),9654_T550-R1);
(((7167_T228-R1,9879_T436-R1),6939_T144-R1),((7417_T331-R1,6899_T436-R1),(9871_T321-R1,(9610_T352-R1,9869_T357-R1))),9654_T550-R1);
((7417_T331-R1,6899_T436-R1),(((9879_T436-R1,6939_T144-R1),9871_T321-R1),(7167_T228-R1,(9610_T352-R1,9869_T357-R1))),9654_T550-R1);
(((7417_T331-R1,6899_T436-R1),((9879_T436-R1,6939_T144-R1),9871_T321-R1)),(7167_T228-R1,(9610_T352-R1,9869_T357-R1)),9654_T550-R1);
(((7417_T331-R1,6899_T436-R1),((9879_T436-R1,6939_T144-R1),9871_T321-R1)),(7167_T228-R1,(9610_T352-R1,9869_T357-R1)),9654_T550-R1);
((9610_T352-R1,9869_T357-R1),(((7417_T331-R1,6899_T436-R1),((9879_T436-R1,6939_T144-R1),9871_T321-R1)),7167_T228-R1),9654_T550-R1);
((9610_T352-R1,9869_T357-R1),(((7417_T331-R1,6899_T436-R1),((9879_T436-R1,6939_T144-R1),9871_T321-R1)),7167_T228-R1),9654_T550-R1);
((9610_T352-R1,9869_T357-R1),(((7417_T331-R1,6899_T436-R1),((9879_T436-R1,6939_T144-R1),9871_T321-R1)),7167_T228-R1),9654_T550-R1);
((9869_T357-R1,9610_T352-R1),(((7417_T331-R1,6899_T436-R1),(9871_T321-R1,(6939_T144-R1,9879_T436-R1))),7167_T228-R1),9654_T550-R1);
((9869_T357-R1,9610_T352-R1),(((7417_T331-R1,6899_T436-R1),(9871_T321-R1,(6939_T144-R1,9879_T436-R1))),7167_T228-R1),9654_T550-R1);
((9869_T357-R1,9610_T352-R1),(((7417_T331-R1,6899_T436-R1),(9871_T321-R1,(6939_T144-R1,9879_T436-R1))),7167_T228-R1),9654_T550-R1);
((9610_T352-R1,(9871_T321-R1,9869_T357-R1)),((6939_T144-R1,9879_T436-R1),(7167_T228-R1,(7417_T331-R1,6899_T436-R1))),9654_T550-R1);
((9610_T352-R1,9869_T357-R1),(((9871_T321-R1,(6939_T144-R1,9879_T436-R1)),(7417_T331-R1,6899_T436-R1)),7167_T228-R1),9654_T550-R1);
((9610_T352-R1,9869_T357-R1),(((9871_T321-R1,(6939_T144-R1,9879_T436-R1)),(7417_T331-R1,6899_T436-R1)),7167_T228-R1),9654_T550-R1);
((9610_T352-R1,9869_T357-R1),(((9871_T321-R1,(6939_T144-R1,9879_T436-R1)),(7417_T331-R1,6899_T436-R1)),7167_T228-R1),9654_T550-R1);
((9610_T352-R1,9869_T357-R1),(((9871_T321-R1,(6939_T144-R1,9879_T436-R1)),(7417_T331-R1,6899_T436-R1)),7167_T228-R1),9654_T550-R1);
(9610_T352-R1,((((6939_T144-R1,(7167_T228-R1,9879_T436-R1)),(7417_T331-R1,6899_T436-R1)),9871_T321-R1),9869_T357-R1),9654_T550-R1);
((7167_T228-R1,(9869_T357-R1,9610_T352-R1)),((7417_T331-R1,6899_T436-R1),((6939_T144-R1,9879_T436-R1),9871_T321-R1)),9654_T550-R1);
((7167_T228-R1,((9871_T321-R1,(9879_T436-R1,6939_T144-R1)),(6899_T436-R1,7417_T331-R1))),(9610_T352-R1,9869_T357-R1),9654_T550-R1);
((7167_T228-R1,((9871_T321-R1,(9879_T436-R1,6939_T144-R1)),(6899_T436-R1,7417_T331-R1))),(9610_T352-R1,9869_T357-R1),9654_T550-R1);
((7167_T228-R1,((9871_T321-R1,(9879_T436-R1,6939_T144-R1)),(6899_T436-R1,7417_T331-R1))),(9610_T352-R1,9869_T357-R1),9654_T550-R1);
((7167_T228-R1,((9871_T321-R1,(9879_T436-R1,6939_T144-R1)),(6899_T436-R1,7417_T331-R1))),(9610_T352-R1,9869_T357-R1),9654_T550-R1);
((7167_T228-R1,((9871_T321-R1,(9879_T436-R1,6939_T144-R1)),(6899_T436-R1,7417_T331-R1))),(9610_T352-R1,9869_T357-R1),9654_T550-R1);
((7167_T228-R1,((9871_T321-R1,(9879_T436-R1,6939_T144-R1)),(6899_T436-R1,7417_T331-R1))),(9610_T352-R1,9869_T357-R1),9654_T550-R1);
((7167_T228-R1,((9871_T321-R1,(9879_T436-R1,6939_T144-R1)),(6899_T436-R1,7417_T331-R1))),(9610_T352-R1,9869_T357-R1),9654_T550-R1);
((7167_T228-R1,((9871_T321-R1,(9879_T436-R1,6939_T144-R1)),(6899_T436-R1,7417_T331-R1))),(9610_T352-R1,9869_T357-R1),9654_T550-R1);
((7167_T228-R1,((9871_T321-R1,(9879_T436-R1,6939_T144-R1)),(6899_T436-R1,7417_T331-R1))),(9610_T352-R1,9869_T357-R1),9654_T550-R1);
((7167_T228-R1,((9871_T321-R1,(9879_T436-R1,6939_T144-R1)),(6899_T436-R1,7417_T331-R1))),(9610_T352-R1,9869_T357-R1),9654_T550-R1);
((9610_T352-R1,9869_T357-R1),(7167_T228-R1,((6899_T436-R1,7417_T331-R1),(9871_T321-R1,(9879_T436-R1,6939_T144-R1)))),9654_T550-R1);
((9610_T352-R1,9869_T357-R1),(7167_T228-R1,((6899_T436-R1,7417_T331-R1),(9871_T321-R1,(9879_T436-R1,6939_T144-R1)))),9654_T550-R1);
((9610_T352-R1,9869_T357-R1),(7167_T228-R1,((6899_T436-R1,7417_T331-R1),(6939_T144-R1,(9871_T321-R1,9879_T436-R1)))),9654_T550-R1);
(7167_T228-R1,((6899_T436-R1,7417_T331-R1),((6939_T144-R1,9879_T436-R1),((9610_T352-R1,9869_T357-R1),9871_T321-R1))),9654_T550-R1);
(((6899_T436-R1,7167_T228-R1),7417_T331-R1),((6939_T144-R1,9879_T436-R1),((9610_T352-R1,9869_T357-R1),9871_T321-R1)),9654_T550-R1);
(((9610_T352-R1,9869_T357-R1),9871_T321-R1),((7417_T331-R1,6899_T436-R1),(6939_T144-R1,(7167_T228-R1,9879_T436-R1))),9654_T550-R1);
((6939_T144-R1,(7167_T228-R1,9879_T436-R1)),(((9610_T352-R1,9869_T357-R1),9871_T321-R1),(7417_T331-R1,6899_T436-R1)),9654_T550-R1);
((9610_T352-R1,9869_T357-R1),(9871_T321-R1,((7417_T331-R1,6899_T436-R1),(6939_T144-R1,(7167_T228-R1,9879_T436-R1)))),9654_T550-R1);
(((7417_T331-R1,6899_T436-R1),((6939_T144-R1,9879_T436-R1),9871_T321-R1)),(7167_T228-R1,(9610_T352-R1,9869_T357-R1)),9654_T550-R1);
(((7417_T331-R1,6899_T436-R1),((6939_T144-R1,9879_T436-R1),9871_T321-R1)),(7167_T228-R1,(9610_T352-R1,9869_T357-R1)),9654_T550-R1);
((9869_T357-R1,9610_T352-R1),(((6899_T436-R1,7417_T331-R1),(9871_T321-R1,(9879_T436-R1,6939_T144-R1))),7167_T228-R1),9654_T550-R1);
((9869_T357-R1,9610_T352-R1),(((6899_T436-R1,7417_T331-R1),(9871_T321-R1,(9879_T436-R1,6939_T144-R1))),7167_T228-R1),9654_T550-R1);
(((7167_T228-R1,9879_T436-R1),6939_T144-R1),((9871_T321-R1,(9869_T357-R1,9610_T352-R1)),(6899_T436-R1,7417_T331-R1)),9654_T550-R1);
(((7167_T228-R1,9879_T436-R1),6939_T144-R1),((9871_T321-R1,(9869_T357-R1,9610_T352-R1)),(6899_T436-R1,7417_T331-R1)),9654_T550-R1);
((9869_T357-R1,9610_T352-R1),(((6899_T436-R1,7417_T331-R1),((9879_T436-R1,6939_T144-R1),9871_T321-R1)),7167_T228-R1),9654_T550-R1);
((9869_T357-R1,9610_T352-R1),(((9879_T436-R1,6939_T144-R1),(9871_T321-R1,(6899_T436-R1,7417_T331-R1))),7167_T228-R1),9654_T550-R1);
((9869_T357-R1,9610_T352-R1),(((6899_T436-R1,7417_T331-R1),((9879_T436-R1,6939_T144-R1),9871_T321-R1)),7167_T228-R1),9654_T550-R1);
(7167_T228-R1,((9869_T357-R1,9610_T352-R1),((6899_T436-R1,7417_T331-R1),((9879_T436-R1,6939_T144-R1),9871_T321-R1))),9654_T550-R1);
((9869_T357-R1,9610_T352-R1),(((6899_T436-R1,7417_T331-R1),((9879_T436-R1,6939_T144-R1),9871_T321-R1)),7167_T228-R1),9654_T550-R1);
(7167_T228-R1,((9869_T357-R1,9610_T352-R1),(6899_T436-R1,(7417_T331-R1,((9879_T436-R1,6939_T144-R1),9871_T321-R1)))),9654_T550-R1);
