(7328_T436-R1,(((9887_T178-R1,(9947_T205-R1,9550_T170-R1)),7308_T122-R1),7058_T132-R1),7396_T094-R1);
(7328_T436-R1,(((9887_T178-R1,(9947_T205-R1,9550_T170-R1)),7308_T122-R1),7058_T132-R1),7396_T094-R1);
((7058_T132-R1,(7308_T122-R1,((9947_T205-R1,9550_T170-R1),9887_T178-R1))),7328_T436-R1,7396_T094-R1);
(7328_T436-R1,((7308_T122-R1,(9947_T205-R1,(9550_T170-R1,9887_T178-R1))),7058_T132-R1),7396_T094-R1);
(7328_T436-R1,(7058_T132-R1,((9550_T170-R1,(9887_T178-R1,9947_T205-R1)),7308_T122-R1)),7396_T094-R1);
(7328_T436-R1,((7308_T122-R1,(9887_T178-R1,(9947_T205-R1,9550_T170-R1))),7058_T132-R1),7396_T094-R1);
(7328_T436-R1,((7058_T132-R1,(9887_T178-R1,(9947_T205-R1,9550_T170-R1))),7308_T122-R1),7396_T094-R1);
((7058_T132-R1,((9947_T205-R1,(9550_T170-R1,9887_T178-R1)),7308_T122-R1)),7328_T436-R1,7396_T094-R1);
(7328_T436-R1,((7308_T122-R1,7058_T132-R1),(9550_T170-R1,(9887_T178-R1,9947_T205-R1))),7396_T094-R1);
(7328_T436-R1,((7308_T122-R1,((9550_T170-R1,9887_T178-R1),9947_T205-R1)),7058_T132-R1),7396_T094-R1);
((9550_T170-R1,(7308_T122-R1,(7328_T436-R1,(9947_T205-R1,9887_T178-R1)))),7058_T132-R1,7396_T094-R1);
(7328_T436-R1,(((9887_T178-R1,(9550_T170-R1,9947_T205-R1)),7058_T132-R1),7308_T122-R1),7396_T094-R1);
(7328_T436-R1,(((9887_T178-R1,(9550_T170-R1,9947_T205-R1)),7058_T132-R1),7308_T122-R1),7396_T094-R1);
((7058_T132-R1,(7308_T122-R1,(9550_T170-R1,(9947_T205-R1,9887_T178-R1)))),7328_T436-R1,7396_T094-R1);
(7328_T436-R1,((7308_T122-R1,7058_T132-R1),(9947_T205-R1,(9887_T178-R1,9550_T170-R1))),7396_T094-R1);
((7058_T132-R1,(7328_T436-R1,(9947_T205-R1,(9887_T178-R1,9550_T170-R1)))),7308_T122-R1,7396_T094-R1);
((7058_T132-R1,(7328_T436-R1,(9947_T205-R1,(9887_T178-R1,9550_T170-R1)))),7308_T122-R1,7396_T094-R1);
(7328_T436-R1,(7308_T122-R1,(7058_T132-R1,(9887_T178-R1,(9550_T170-R1,9947_T205-R1)))),7396_T094-R1);
(7328_T436-R1,(7308_T122-R1,(7058_T132-R1,(9887_T178-R1,(9550_T170-R1,9947_T205-R1)))),7396_T094-R1);
((7058_T132-R1,((9550_T170-R1,(9947_T205-R1,9887_T178-R1)),7308_T122-R1)),7328_T436-R1,7396_T094-R1);
((7308_T122-R1,(7058_T132-R1,(9947_T205-R1,(9887_T178-R1,9550_T170-R1)))),7328_T436-R1,7396_T094-R1);
((7308_T122-R1,(7058_T132-R1,(9947_T205-R1,(9887_T178-R1,9550_T170-R1)))),7328_T436-R1,7396_T094-R1);
((7308_T122-R1,(7058_T132-R1,(9947_T205-R1,(9887_T178-R1,9550_T170-R1)))),7328_T436-R1,7396_T094-R1);
((7058_T132-R1,((9887_T178-R1,(9550_T170-R1,9947_T205-R1)),7308_T122-R1)),7328_T436-R1,7396_T094-R1);
(7328_T436-R1,((7308_T122-R1,(9550_T170-R1,(9947_T205-R1,9887_T178-R1))),7058_T132-R1),7396_T094-R1);
(7328_T436-R1,(7308_T122-R1,(7058_T132-R1,(9947_T205-R1,(9887_T178-R1,9550_T170-R1)))),7396_T094-R1);
((7058_T132-R1,((9887_T178-R1,(9550_T170-R1,9947_T205-R1)),7308_T122-R1)),7328_T436-R1,7396_T094-R1);
(7328_T436-R1,(7308_T122-R1,((9550_T170-R1,(9947_T205-R1,9887_T178-R1)),7058_T132-R1)),7396_T094-R1);
((7058_T132-R1,(7308_T122-R1,(9947_T205-R1,(9887_T178-R1,9550_T170-R1)))),7328_T436-R1,7396_T094-R1);
(7328_T436-R1,((7308_T122-R1,(9887_T178-R1,(9550_T170-R1,9947_T205-R1))),7058_T132-R1),7396_T094-R1);
(7328_T436-R1,(7308_T122-R1,((9947_T205-R1,(9550_T170-R1,9887_T178-R1)),7058_T132-R1)),7396_T094-R1);
(7328_T436-R1,(7308_T122-R1,((9947_T205-R1,(9550_T170-R1,9887_T178-R1)),7058_T132-R1)),7396_T094-R1);
((7058_T132-R1,(7308_T122-R1,(9947_T205-R1,(9550_T170-R1,9887_T178-R1)))),7328_T436-R1,7396_T094-R1);
((7058_T132-R1,(7308_T122-R1,(9947_T205-R1,(9550_T170-R1,9887_T178-R1)))),7328_T436-R1,7396_T094-R1);
(7328_T436-R1,(7308_T122-R1,((9550_T170-R1,(9887_T178-R1,9947_T205-R1)),7058_T132-R1)),7396_T094-R1);
(7328_T436-R1,(7308_T122-R1,((9550_T170-R1,(9887_T178-R1,9947_T205-R1)),7058_T132-R1)),7396_T094-R1);
((7058_T132-R1,(7308_T122-R1,(9887_T178-R1,(9947_T205-R1,9550_T170-R1)))),7328_T436-R1,7396_T094-R1);
(7328_T436-R1,((7308_T122-R1,(9887_T178-R1,(9947_T205-R1,9550_T170-R1))),7058_T132-R1),7396_T094-R1);
(7328_T436-R1,(7308_T122-R1,(7058_T132-R1,(9947_T205-R1,(9550_T170-R1,9887_T178-R1)))),7396_T094-R1);
((7308_T122-R1,(7058_T132-R1,(9550_T170-R1,(9887_T178-R1,9947_T205-R1)))),7328_T436-R1,7396_T094-R1);
((7308_T122-R1,(7058_T132-R1,(9947_T205-R1,(9550_T170-R1,9887_T178-R1)))),7328_T436-R1,7396_T094-R1);
((7308_T122-R1,(7058_T132-R1,(9947_T205-R1,(9550_T170-R1,9887_T178-R1)))),7328_T436-R1,7396_T094-R1);
((7308_T122-R1,(7058_T132-R1,(9947_T205-R1,(9550_T170-R1,9887_T178-R1)))),7328_T436-R1,7396_T094-R1);
((7308_T122-R1,(7058_T132-R1,(9947_T205-R1,(9550_T170-R1,9887_T178-R1)))),7328_T436-R1,7396_T094-R1);
((7058_T132-R1,((9550_T170-R1,(9887_T178-R1,9947_T205-R1)),7308_T122-R1)),7328_T436-R1,7396_T094-R1);
(7328_T436-R1,((7308_T122-R1,7058_T132-R1),(9550_T170-R1,(9887_T178-R1,9947_T205-R1))),7396_T094-R1);
(7328_T436-R1,(7058_T132-R1,(7308_T122-R1,((9550_T170-R1,9947_T205-R1),9887_T178-R1))),7396_T094-R1);
(7308_T122-R1,(7058_T132-R1,(((9887_T178-R1,9550_T170-R1),9947_T205-R1),7328_T436-R1)),7396_T094-R1);
(7328_T436-R1,(((9887_T178-R1,(9550_T170-R1,9947_T205-R1)),7058_T132-R1),7308_T122-R1),7396_T094-R1);
((7058_T132-R1,(7308_T122-R1,(9550_T170-R1,(9947_T205-R1,9887_T178-R1)))),7328_T436-R1,7396_T094-R1);
(((7058_T132-R1,((9947_T205-R1,9887_T178-R1),9550_T170-R1)),7308_T122-R1),7328_T436-R1,7396_T094-R1);
((7308_T122-R1,(7058_T132-R1,(9947_T205-R1,(9887_T178-R1,9550_T170-R1)))),7328_T436-R1,7396_T094-R1);
((7308_T122-R1,(7058_T132-R1,(9947_T205-R1,(9887_T178-R1,9550_T170-R1)))),7328_T436-R1,7396_T094-R1);
((7308_T122-R1,(7058_T132-R1,(9947_T205-R1,(9887_T178-R1,9550_T170-R1)))),7328_T436-R1,7396_T094-R1);
((7058_T132-R1,((9887_T178-R1,(9550_T170-R1,9947_T205-R1)),7308_T122-R1)),7328_T436-R1,7396_T094-R1);
((7058_T132-R1,((9887_T178-R1,(9550_T170-R1,9947_T205-R1)),7308_T122-R1)),7328_T436-R1,7396_T094-R1);
(7328_T436-R1,((7308_T122-R1,(9550_T170-R1,(9947_T205-R1,9887_T178-R1))),7058_T132-R1),7396_T094-R1);
(7328_T436-R1,(7058_T132-R1,((9947_T205-R1,(9887_T178-R1,9550_T170-R1)),7308_T122-R1)),7396_T094-R1);
(7328_T436-R1,((7308_T122-R1,(9887_T178-R1,(9550_T170-R1,9947_T205-R1))),7058_T132-R1),7396_T094-R1);
(7328_T436-R1,(7058_T132-R1,((9550_T170-R1,(9947_T205-R1,9887_T178-R1)),7308_T122-R1)),7396_T094-R1);
(7328_T436-R1,(9550_T170-R1,(9947_T205-R1,(7058_T132-R1,(9887_T178-R1,7308_T122-R1)))),7396_T094-R1);
(7328_T436-R1,(9550_T170-R1,(9947_T205-R1,(7058_T132-R1,(9887_T178-R1,7308_T122-R1)))),7396_T094-R1);
(7328_T436-R1,(9550_T170-R1,(9947_T205-R1,(7058_T132-R1,(9887_T178-R1,7308_T122-R1)))),7396_T094-R1);
(7328_T436-R1,(9550_T170-R1,(9947_T205-R1,(7058_T132-R1,(9887_T178-R1,7308_T122-R1)))),7396_T094-R1);
(7328_T436-R1,(9550_T170-R1,(9947_T205-R1,(7058_T132-R1,(9887_T178-R1,7308_T122-R1)))),7396_T094-R1);
(7328_T436-R1,(9550_T170-R1,(9947_T205-R1,(7058_T132-R1,(9887_T178-R1,7308_T122-R1)))),7396_T094-R1);
(7328_T436-R1,(9550_T170-R1,(9947_T205-R1,(7058_T132-R1,(9887_T178-R1,7308_T122-R1)))),7396_T094-R1);
(7328_T436-R1,(9550_T170-R1,(9947_T205-R1,(7058_T132-R1,(9887_T178-R1,7308_T122-R1)))),7396_T094-R1);
(7328_T436-R1,(9550_T170-R1,(9947_T205-R1,(7058_T132-R1,(9887_T178-R1,7308_T122-R1)))),7396_T094-R1);
(7328_T436-R1,(9550_T170-R1,(9947_T205-R1,(7058_T132-R1,(9887_T178-R1,7308_T122-R1)))),7396_T094-R1);
(7328_T436-R1,(7308_T122-R1,(((9887_T178-R1,9947_T205-R1),9550_T170-R1),7058_T132-R1)),7396_T094-R1);
((7058_T132-R1,(7308_T122-R1,(9887_T178-R1,(9947_T205-R1,9550_T170-R1)))),7328_T436-R1,7396_T094-R1);
((7058_T132-R1,(7308_T122-R1,(9887_T178-R1,(9947_T205-R1,9550_T170-R1)))),7328_T436-R1,7396_T094-R1);
(7328_T436-R1,(((9947_T205-R1,(9550_T170-R1,9887_T178-R1)),7058_T132-R1),7308_T122-R1),7396_T094-R1);
(7328_T436-R1,(((9947_T205-R1,(9550_T170-R1,9887_T178-R1)),7058_T132-R1),7308_T122-R1),7396_T094-R1);
((7058_T132-R1,(7308_T122-R1,(9550_T170-R1,(9887_T178-R1,9947_T205-R1)))),7328_T436-R1,7396_T094-R1);
((7058_T132-R1,(7308_T122-R1,(9550_T170-R1,(9887_T178-R1,9947_T205-R1)))),7328_T436-R1,7396_T094-R1);
(7328_T436-R1,((7308_T122-R1,(9887_T178-R1,(9947_T205-R1,9550_T170-R1))),7058_T132-R1),7396_T094-R1);
(7328_T436-R1,((7308_T122-R1,(9887_T178-R1,(9947_T205-R1,9550_T170-R1))),7058_T132-R1),7396_T094-R1);
((7058_T132-R1,(7308_T122-R1,(9947_T205-R1,(9550_T170-R1,9887_T178-R1)))),7328_T436-R1,7396_T094-R1);
(7328_T436-R1,(7308_T122-R1,(((9887_T178-R1,9550_T170-R1),9947_T205-R1),7058_T132-R1)),7396_T094-R1);
((7308_T122-R1,((9887_T178-R1,(9550_T170-R1,9947_T205-R1)),7058_T132-R1)),7328_T436-R1,7396_T094-R1);
((7308_T122-R1,((9887_T178-R1,(9550_T170-R1,9947_T205-R1)),7058_T132-R1)),7328_T436-R1,7396_T094-R1);
((7308_T122-R1,((9887_T178-R1,(9550_T170-R1,9947_T205-R1)),7058_T132-R1)),7328_T436-R1,7396_T094-R1);
((7308_T122-R1,((9887_T178-R1,(9550_T170-R1,9947_T205-R1)),7058_T132-R1)),7328_T436-R1,7396_T094-R1);
((7308_T122-R1,((9887_T178-R1,(9550_T170-R1,9947_T205-R1)),7058_T132-R1)),7328_T436-R1,7396_T094-R1);
((7308_T122-R1,((9550_T170-R1,(9947_T205-R1,9887_T178-R1)),7058_T132-R1)),7328_T436-R1,7396_T094-R1);
((7308_T122-R1,((9550_T170-R1,(9947_T205-R1,9887_T178-R1)),7058_T132-R1)),7328_T436-R1,7396_T094-R1);
((7058_T132-R1,(7308_T122-R1,(9947_T205-R1,(9887_T178-R1,9550_T170-R1)))),7328_T436-R1,7396_T094-R1);
(7328_T436-R1,((7308_T122-R1,(9947_T205-R1,(9887_T178-R1,9550_T170-R1))),7058_T132-R1),7396_T094-R1);
(7328_T436-R1,(((9887_T178-R1,(9550_T170-R1,9947_T205-R1)),7058_T132-R1),7308_T122-R1),7396_T094-R1);
((7058_T132-R1,(7308_T122-R1,(9550_T170-R1,(9947_T205-R1,9887_T178-R1)))),7328_T436-R1,7396_T094-R1);
(7328_T436-R1,((7308_T122-R1,(9947_T205-R1,(9887_T178-R1,9550_T170-R1))),7058_T132-R1),7396_T094-R1);
(7328_T436-R1,(7308_T122-R1,(7058_T132-R1,(9887_T178-R1,(9550_T170-R1,9947_T205-R1)))),7396_T094-R1);
((7058_T132-R1,(((9550_T170-R1,9947_T205-R1),9887_T178-R1),7308_T122-R1)),7328_T436-R1,7396_T094-R1);
(7328_T436-R1,((7308_T122-R1,(9550_T170-R1,(9947_T205-R1,9887_T178-R1))),7058_T132-R1),7396_T094-R1);
(7328_T436-R1,(7058_T132-R1,((9947_T205-R1,(9887_T178-R1,9550_T170-R1)),7308_T122-R1)),7396_T094-R1);
(7328_T436-R1,((7308_T122-R1,(9887_T178-R1,(9550_T170-R1,9947_T205-R1))),7058_T132-R1),7396_T094-R1);
(7328_T436-R1,((7308_T122-R1,(9887_T178-R1,(9550_T170-R1,9947_T205-R1))),7058_T132-R1),7396_T094-R1);
(7328_T436-R1,(7308_T122-R1,(7058_T132-R1,(9550_T170-R1,(9947_T205-R1,9887_T178-R1)))),7396_T094-R1);
