(5784_T194-R1,(6981_T199-R1,(9542_T098-R1,(9600_T156-R1,(9837_T171-R1,(9879_T172-R1,(9332_T128-R1,9100_T207-R1)))))),6974_T192-R1);
(5784_T194-R1,(6981_T199-R1,(9542_T098-R1,(9600_T156-R1,(9837_T171-R1,(9879_T172-R1,(9332_T128-R1,9100_T207-R1)))))),6974_T192-R1);
(5784_T194-R1,(6981_T199-R1,(9542_T098-R1,(9600_T156-R1,(9837_T171-R1,(9879_T172-R1,(9332_T128-R1,9100_T207-R1)))))),6974_T192-R1);
(5784_T194-R1,(6981_T199-R1,(9542_T098-R1,(9600_T156-R1,(9837_T171-R1,(9879_T172-R1,(9332_T128-R1,9100_T207-R1)))))),6974_T192-R1);
(5784_T194-R1,(6981_T199-R1,(9542_T098-R1,(9600_T156-R1,(9837_T171-R1,(9879_T172-R1,(9332_T128-R1,9100_T207-R1)))))),6974_T192-R1);
(5784_T194-R1,(6981_T199-R1,(9542_T098-R1,(9600_T156-R1,(9837_T171-R1,(9879_T172-R1,(9332_T128-R1,9100_T207-R1)))))),6974_T192-R1);
(5784_T194-R1,(6981_T199-R1,(9542_T098-R1,(9600_T156-R1,(9837_T171-R1,(9879_T172-R1,(9332_T128-R1,9100_T207-R1)))))),6974_T192-R1);
(5784_T194-R1,(6981_T199-R1,(9542_T098-R1,(9600_T156-R1,(9837_T171-R1,(9879_T172-R1,(9332_T128-R1,9100_T207-R1)))))),6974_T192-R1);
(5784_T194-R1,(6981_T199-R1,(9542_T098-R1,(9600_T156-R1,(9837_T171-R1,(9879_T172-R1,(9332_T128-R1,9100_T207-R1)))))),6974_T192-R1);
(5784_T194-R1,(6981_T199-R1,(9542_T098-R1,(9600_T156-R1,(9837_T171-R1,(9879_T172-R1,(9332_T128-R1,9100_T207-R1)))))),6974_T192-R1);
(5784_T194-R1,((9600_T156-R1,(9837_T171-R1,(9879_T172-R1,(9100_T207-R1,9332_T128-R1)))),(9542_T098-R1,6981_T199-R1)),6974_T192-R1);
(5784_T194-R1,((9600_T156-R1,(9837_T171-R1,(9879_T172-R1,(9100_T207-R1,9332_T128-R1)))),(9542_T098-R1,6981_T199-R1)),6974_T192-R1);
(5784_T194-R1,((9600_T156-R1,(9837_T171-R1,(9879_T172-R1,(9100_T207-R1,9332_T128-R1)))),(9542_T098-R1,6981_T199-R1)),6974_T192-R1);
(5784_T194-R1,((9600_T156-R1,(9837_T171-R1,(9879_T172-R1,(9100_T207-R1,9332_T128-R1)))),(9542_T098-R1,6981_T199-R1)),6974_T192-R1);
(5784_T194-R1,((9600_T156-R1,(9837_T171-R1,(9879_T172-R1,(9100_T207-R1,9332_T128-R1)))),(9542_T098-R1,6981_T199-R1)),6974_T192-R1);
(5784_T194-R1,((9600_T156-R1,(9837_T171-R1,(9879_T172-R1,(9100_T207-R1,9332_T128-R1)))),(9542_T098-R1,6981_T199-R1)),6974_T192-R1);
(5784_T194-R1,((9600_T156-R1,(9837_T171-R1,(9879_T172-R1,(9100_T207-R1,9332_T128-R1)))),(9542_T098-R1,6981_T199-R1)),6974_T192-R1);
(5784_T194-R1,((9600_T156-R1,(9837_T171-R1,(9879_T172-R1,(9100_T207-R1,9332_T128-R1)))),(9542_T098-R1,6981_T199-R1)),6974_T192-R1);
(5784_T194-R1,((9600_T156-R1,(9837_T171-R1,(9879_T172-R1,(9100_T207-R1,9332_T128-R1)))),(9542_T098-R1,6981_T199-R1)),6974_T192-R1);
(5784_T194-R1,((9600_T156-R1,(9837_T171-R1,(9879_T172-R1,(9100_T207-R1,9332_T128-R1)))),(9542_T098-R1,6981_T199-R1)),6974_T192-R1);
(5784_T194-R1,(6981_T199-R1,(9542_T098-R1,(9600_T156-R1,(9837_T171-R1,(9879_T172-R1,(9100_T207-R1,9332_T128-R1)))))),6974_T192-R1);
(5784_T194-R1,(6981_T199-R1,(9542_T098-R1,(9600_T156-R1,(9837_T171-R1,(9879_T172-R1,(9100_T207-R1,9332_T128-R1)))))),6974_T192-R1);
(5784_T194-R1,(6981_T199-R1,(9542_T098-R1,(9600_T156-R1,(9837_T171-R1,(9879_T172-R1,(9100_T207-R1,9332_T128-R1)))))),6974_T192-R1);
(5784_T194-R1,(6981_T199-R1,(9542_T098-R1,(9600_T156-R1,(9837_T171-R1,(9879_T172-R1,(9100_T207-R1,9332_T128-R1)))))),6974_T192-R1);
(5784_T194-R1,(6981_T199-R1,(9542_T098-R1,(9600_T156-R1,(9837_T171-R1,(9879_T172-R1,(9100_T207-R1,9332_T128-R1)))))),6974_T192-R1);
(5784_T194-R1,(6981_T199-R1,(9542_T098-R1,(9600_T156-R1,(9837_T171-R1,(9879_T172-R1,(9100_T207-R1,9332_T128-R1)))))),6974_T192-R1);
(5784_T194-R1,(6981_T199-R1,(9542_T098-R1,(9600_T156-R1,(9837_T171-R1,(9879_T172-R1,(9100_T207-R1,9332_T128-R1)))))),6974_T192-R1);
(5784_T194-R1,(6981_T199-R1,(9542_T098-R1,(9600_T156-R1,(9837_T171-R1,(9879_T172-R1,(9100_T207-R1,9332_T128-R1)))))),6974_T192-R1);
(5784_T194-R1,(6981_T199-R1,(9542_T098-R1,(9600_T156-R1,(9837_T171-R1,(9879_T172-R1,(9100_T207-R1,9332_T128-R1)))))),6974_T192-R1);
(5784_T194-R1,(6981_T199-R1,(9542_T098-R1,(9600_T156-R1,(9837_T171-R1,(9879_T172-R1,(9100_T207-R1,9332_T128-R1)))))),6974_T192-R1);
(5784_T194-R1,(((9600_T156-R1,(9837_T171-R1,(9879_T172-R1,(9332_T128-R1,9100_T207-R1)))),6981_T199-R1),9542_T098-R1),6974_T192-R1);
(5784_T194-R1,(((9600_T156-R1,(9837_T171-R1,(9879_T172-R1,(9332_T128-R1,9100_T207-R1)))),6981_T199-R1),9542_T098-R1),6974_T192-R1);
(5784_T194-R1,(((9600_T156-R1,(9837_T171-R1,(9879_T172-R1,(9332_T128-R1,9100_T207-R1)))),6981_T199-R1),9542_T098-R1),6974_T192-R1);
(5784_T194-R1,(((9600_T156-R1,(9837_T171-R1,(9879_T172-R1,(9332_T128-R1,9100_T207-R1)))),6981_T199-R1),9542_T098-R1),6974_T192-R1);
(5784_T194-R1,(((9600_T156-R1,(9837_T171-R1,(9879_T172-R1,(9332_T128-R1,9100_T207-R1)))),6981_T199-R1),9542_T098-R1),6974_T192-R1);
(5784_T194-R1,(((9600_T156-R1,(9837_T171-R1,(9879_T172-R1,(9332_T128-R1,9100_T207-R1)))),6981_T199-R1),9542_T098-R1),6974_T192-R1);
(5784_T194-R1,(((9600_T156-R1,(9837_T171-R1,(9879_T172-R1,(9332_T128-R1,9100_T207-R1)))),6981_T199-R1),9542_T098-R1),6974_T192-R1);
(5784_T194-R1,(((9600_T156-R1,(9837_T171-R1,(9879_T172-R1,(9332_T128-R1,9100_T207-R1)))),6981_T199-R1),9542_T098-R1),6974_T192-R1);
(5784_T194-R1,(((9600_T156-R1,(9837_T171-R1,(9879_T172-R1,(9332_T128-R1,9100_T207-R1)))),6981_T199-R1),9542_T098-R1),6974_T192-R1);
(5784_T194-R1,(((9600_T156-R1,(9837_T171-R1,(9879_T172-R1,(9332_T128-R1,9100_T207-R1)))),6981_T199-R1),9542_T098-R1),6974_T192-R1);
((6981_T199-R1,(9542_T098-R1,(9600_T156-R1,((9879_T172-R1,(9100_T207-R1,9332_T128-R1)),9837_T171-R1)))),5784_T194-R1,6974_T192-R1);
((6981_T199-R1,(9542_T098-R1,(9600_T156-R1,((9879_T172-R1,(9100_T207-R1,9332_T128-R1)),9837_T171-R1)))),5784_T194-R1,6974_T192-R1);
((6981_T199-R1,(9542_T098-R1,(9600_T156-R1,((9879_T172-R1,(9100_T207-R1,9332_T128-R1)),9837_T171-R1)))),5784_T194-R1,6974_T192-R1);
((6981_T199-R1,(9542_T098-R1,(9600_T156-R1,((9879_T172-R1,(9100_T207-R1,9332_T128-R1)),9837_T171-R1)))),5784_T194-R1,6974_T192-R1);
((6981_T199-R1,(9542_T098-R1,(9600_T156-R1,((9879_T172-R1,(9100_T207-R1,9332_T128-R1)),9837_T171-R1)))),5784_T194-R1,6974_T192-R1);
((6981_T199-R1,(9542_T098-R1,(9600_T156-R1,((9879_T172-R1,(9100_T207-R1,9332_T128-R1)),9837_T171-R1)))),5784_T194-R1,6974_T192-R1);
((6981_T199-R1,(9542_T098-R1,(9600_T156-R1,((9879_T172-R1,(9100_T207-R1,9332_T128-R1)),9837_T171-R1)))),5784_T194-R1,6974_T192-R1);
((6981_T199-R1,(9542_T098-R1,(9600_T156-R1,((9879_T172-R1,(9100_T207-R1,9332_T128-R1)),9837_T171-R1)))),5784_T194-R1,6974_T192-R1);
((6981_T199-R1,(9542_T098-R1,(9600_T156-R1,((9879_T172-R1,(9100_T207-R1,9332_T128-R1)),9837_T171-R1)))),5784_T194-R1,6974_T192-R1);
((6981_T199-R1,(9542_T098-R1,(9600_T156-R1,((9879_T172-R1,(9100_T207-R1,9332_T128-R1)),9837_T171-R1)))),5784_T194-R1,6974_T192-R1);
(5784_T194-R1,(((9600_T156-R1,(9837_T171-R1,((9100_T207-R1,9332_T128-R1),9879_T172-R1))),9542_T098-R1),6981_T199-R1),6974_T192-R1);
(5784_T194-R1,(((9600_T156-R1,(9837_T171-R1,((9100_T207-R1,9332_T128-R1),9879_T172-R1))),9542_T098-R1),6981_T199-R1),6974_T192-R1);
(5784_T194-R1,(((9600_T156-R1,(9837_T171-R1,((9100_T207-R1,9332_T128-R1),9879_T172-R1))),9542_T098-R1),6981_T199-R1),6974_T192-R1);
(5784_T194-R1,(((9600_T156-R1,(9837_T171-R1,((9100_T207-R1,9332_T128-R1),9879_T172-R1))),9542_T098-R1),6981_T199-R1),6974_T192-R1);
(5784_T194-R1,(((9600_T156-R1,(9837_T171-R1,((9100_T207-R1,9332_T128-R1),9879_T172-R1))),9542_T098-R1),6981_T199-R1),6974_T192-R1);
(5784_T194-R1,(((9600_T156-R1,(9837_T171-R1,((9100_T207-R1,9332_T128-R1),9879_T172-R1))),9542_T098-R1),6981_T199-R1),6974_T192-R1);
(5784_T194-R1,(((9600_T156-R1,(9837_T171-R1,((9100_T207-R1,9332_T128-R1),9879_T172-R1))),9542_T098-R1),6981_T199-R1),6974_T192-R1);
(5784_T194-R1,(((9600_T156-R1,(9837_T171-R1,((9100_T207-R1,9332_T128-R1),9879_T172-R1))),9542_T098-R1),6981_T199-R1),6974_T192-R1);
(5784_T194-R1,(((9600_T156-R1,(9837_T171-R1,((9100_T207-R1,9332_T128-R1),9879_T172-R1))),9542_T098-R1),6981_T199-R1),6974_T192-R1);
(5784_T194-R1,(((9600_T156-R1,(9837_T171-R1,((9100_T207-R1,9332_T128-R1),9879_T172-R1))),9542_T098-R1),6981_T199-R1),6974_T192-R1);
(5784_T194-R1,((9600_T156-R1,(9837_T171-R1,(9879_T172-R1,(9100_T207-R1,9332_T128-R1)))),(6981_T199-R1,9542_T098-R1)),6974_T192-R1);
(5784_T194-R1,((9600_T156-R1,(9837_T171-R1,(9879_T172-R1,(9100_T207-R1,9332_T128-R1)))),(6981_T199-R1,9542_T098-R1)),6974_T192-R1);
(5784_T194-R1,((9600_T156-R1,(9837_T171-R1,(9879_T172-R1,(9100_T207-R1,9332_T128-R1)))),(6981_T199-R1,9542_T098-R1)),6974_T192-R1);
(5784_T194-R1,((9600_T156-R1,(9837_T171-R1,(9879_T172-R1,(9100_T207-R1,9332_T128-R1)))),(6981_T199-R1,9542_T098-R1)),6974_T192-R1);
(5784_T194-R1,((9600_T156-R1,(9837_T171-R1,(9879_T172-R1,(9100_T207-R1,9332_T128-R1)))),(6981_T199-R1,9542_T098-R1)),6974_T192-R1);
(5784_T194-R1,((9600_T156-R1,(9837_T171-R1,(9879_T172-R1,(9100_T207-R1,9332_T128-R1)))),(6981_T199-R1,9542_T098-R1)),6974_T192-R1);
(5784_T194-R1,((9600_T156-R1,(9837_T171-R1,(9879_T172-R1,(9100_T207-R1,9332_T128-R1)))),(6981_T199-R1,9542_T098-R1)),6974_T192-R1);
(5784_T194-R1,((9600_T156-R1,(9837_T171-R1,(9879_T172-R1,(9100_T207-R1,9332_T128-R1)))),(6981_T199-R1,9542_T098-R1)),6974_T192-R1);
(5784_T194-R1,((9600_T156-R1,(9837_T171-R1,(9879_T172-R1,(9100_T207-R1,9332_T128-R1)))),(6981_T199-R1,9542_T098-R1)),6974_T192-R1);
(5784_T194-R1,((9600_T156-R1,(9837_T171-R1,(9879_T172-R1,(9100_T207-R1,9332_T128-R1)))),(6981_T199-R1,9542_T098-R1)),6974_T192-R1);
(5784_T194-R1,(((9600_T156-R1,(9837_T171-R1,(9879_T172-R1,(9332_T128-R1,9100_T207-R1)))),6981_T199-R1),9542_T098-R1),6974_T192-R1);
(5784_T194-R1,(((9600_T156-R1,(9837_T171-R1,(9879_T172-R1,(9332_T128-R1,9100_T207-R1)))),6981_T199-R1),9542_T098-R1),6974_T192-R1);
(5784_T194-R1,(((9600_T156-R1,(9837_T171-R1,(9879_T172-R1,(9332_T128-R1,9100_T207-R1)))),6981_T199-R1),9542_T098-R1),6974_T192-R1);
(5784_T194-R1,(((9600_T156-R1,(9837_T171-R1,(9879_T172-R1,(9332_T128-R1,9100_T207-R1)))),6981_T199-R1),9542_T098-R1),6974_T192-R1);
(5784_T194-R1,(((9600_T156-R1,(9837_T171-R1,(9879_T172-R1,(9332_T128-R1,9100_T207-R1)))),6981_T199-R1),9542_T098-R1),6974_T192-R1);
(5784_T194-R1,(((9600_T156-R1,(9837_T171-R1,(9879_T172-R1,(9332_T128-R1,9100_T207-R1)))),6981_T199-R1),9542_T098-R1),6974_T192-R1);
(5784_T194-R1,(((9600_T156-R1,(9837_T171-R1,(9879_T172-R1,(9332_T128-R1,9100_T207-R1)))),6981_T199-R1),9542_T098-R1),6974_T192-R1);
(5784_T194-R1,(((9600_T156-R1,(9837_T171-R1,(9879_T172-R1,(9332_T128-R1,9100_T207-R1)))),6981_T199-R1),9542_T098-R1),6974_T192-R1);
(5784_T194-R1,(((9600_T156-R1,(9837_T171-R1,(9879_T172-R1,(9332_T128-R1,9100_T207-R1)))),6981_T199-R1),9542_T098-R1),6974_T192-R1);
(5784_T194-R1,(((9600_T156-R1,(9837_T171-R1,(9879_T172-R1,(9332_T128-R1,9100_T207-R1)))),6981_T199-R1),9542_T098-R1),6974_T192-R1);
(5784_T194-R1,((9542_T098-R1,6981_T199-R1),(9600_T156-R1,((9879_T172-R1,(9332_T128-R1,9100_T207-R1)),9837_T171-R1))),6974_T192-R1);
(5784_T194-R1,((9542_T098-R1,6981_T199-R1),(9600_T156-R1,((9879_T172-R1,(9332_T128-R1,9100_T207-R1)),9837_T171-R1))),6974_T192-R1);
(5784_T194-R1,((9542_T098-R1,6981_T199-R1),(9600_T156-R1,((9879_T172-R1,(9332_T128-R1,9100_T207-R1)),9837_T171-R1))),6974_T192-R1);
(5784_T194-R1,((9542_T098-R1,6981_T199-R1),(9600_T156-R1,((9879_T172-R1,(9332_T128-R1,9100_T207-R1)),9837_T171-R1))),6974_T192-R1);
(5784_T194-R1,((9542_T098-R1,6981_T199-R1),(9600_T156-R1,((9879_T172-R1,(9332_T128-R1,9100_T207-R1)),9837_T171-R1))),6974_T192-R1);
(5784_T194-R1,((9542_T098-R1,6981_T199-R1),(9600_T156-R1,((9879_T172-R1,(9332_T128-R1,9100_T207-R1)),9837_T171-R1))),6974_T192-R1);
(5784_T194-R1,((9542_T098-R1,6981_T199-R1),(9600_T156-R1,((9879_T172-R1,(9332_T128-R1,9100_T207-R1)),9837_T171-R1))),6974_T192-R1);
(5784_T194-R1,((9542_T098-R1,6981_T199-R1),(9600_T156-R1,((9879_T172-R1,(9332_T128-R1,9100_T207-R1)),9837_T171-R1))),6974_T192-R1);
(5784_T194-R1,((9542_T098-R1,6981_T199-R1),(9600_T156-R1,((9879_T172-R1,(9332_T128-R1,9100_T207-R1)),9837_T171-R1))),6974_T192-R1);
(5784_T194-R1,((9542_T098-R1,6981_T199-R1),(9600_T156-R1,((9879_T172-R1,(9332_T128-R1,9100_T207-R1)),9837_T171-R1))),6974_T192-R1);
(5784_T194-R1,(6981_T199-R1,((9600_T156-R1,(9837_T171-R1,(9879_T172-R1,(9100_T207-R1,9332_T128-R1)))),9542_T098-R1)),6974_T192-R1);
(5784_T194-R1,(6981_T199-R1,((9600_T156-R1,(9837_T171-R1,(9879_T172-R1,(9100_T207-R1,9332_T128-R1)))),9542_T098-R1)),6974_T192-R1);
(5784_T194-R1,(6981_T199-R1,((9600_T156-R1,(9837_T171-R1,(9879_T172-R1,(9100_T207-R1,9332_T128-R1)))),9542_T098-R1)),6974_T192-R1);
(5784_T194-R1,(6981_T199-R1,((9600_T156-R1,(9837_T171-R1,(9879_T172-R1,(9100_T207-R1,9332_T128-R1)))),9542_T098-R1)),6974_T192-R1);
(5784_T194-R1,(6981_T199-R1,((9600_T156-R1,(9837_T171-R1,(9879_T172-R1,(9100_T207-R1,9332_T128-R1)))),9542_T098-R1)),6974_T192-R1);
(5784_T194-R1,(6981_T199-R1,((9600_T156-R1,(9837_T171-R1,(9879_T172-R1,(9100_T207-R1,9332_T128-R1)))),9542_T098-R1)),6974_T192-R1);
(5784_T194-R1,(6981_T199-R1,((9600_T156-R1,(9837_T171-R1,(9879_T172-R1,(9100_T207-R1,9332_T128-R1)))),9542_T098-R1)),6974_T192-R1);
(5784_T194-R1,(6981_T199-R1,((9600_T156-R1,(9837_T171-R1,(9879_T172-R1,(9100_T207-R1,9332_T128-R1)))),9542_T098-R1)),6974_T192-R1);
(5784_T194-R1,(6981_T199-R1,((9600_T156-R1,(9837_T171-R1,(9879_T172-R1,(9100_T207-R1,9332_T128-R1)))),9542_T098-R1)),6974_T192-R1);
(5784_T194-R1,(6981_T199-R1,((9600_T156-R1,(9837_T171-R1,(9879_T172-R1,(9100_T207-R1,9332_T128-R1)))),9542_T098-R1)),6974_T192-R1);
