

IMPORTANT WARNING: Sequences 9600_T222-R1 and 7058_T164-R1 are exactly identical


IMPORTANT WARNING: Sequences 7416_T158-R1 and 7417_T097-R1 are exactly identical


IMPORTANT WARNING: Sequences 108_T248-R1 and 5784_T179-R1 are exactly identical


IMPORTANT WARNING: Sequences 108_T248-R1 and 6924_T204-R1 are exactly identical

IMPORTANT WARNING
Found 4 sequences that are exactly identical to other sequences in the alignment.
Normally they should be excluded from the analysis.

Just in case you might need it, an alignment file with 
sequence duplicates removed is printed to file ../../RAxML_tree_pbNB-ARC/Clade_Refinement_1/Int13311_83_120_R_21.afa.reduced


This is RAxML version 8.2.12 released by Alexandros Stamatakis on May 2018.

With greatly appreciated code contributions by:
Andre Aberer      (HITS)
Simon Berger      (HITS)
Alexey Kozlov     (HITS)
Kassian Kobert    (HITS)
David Dao         (KIT and HITS)
Sarah Lutteropp   (KIT and HITS)
Nick Pattengale   (Sandia)
Wayne Pfeiffer    (SDSC)
Akifumi S. Tanabe (NRIFS)
Charlie Taylor    (UF)


Alignment has 332 distinct alignment patterns

Proportion of gaps and completely undetermined characters in this alignment: 6.94%

RAxML rapid bootstrapping and subsequent ML search

Using 1 distinct models/data partitions with joint branch length optimization



Executing 100 rapid bootstrap inferences and thereafter a thorough ML search 

All free model parameters will be estimated by RAxML
ML estimate of 25 per site rate categories

Likelihood of final tree will be evaluated and optimized under GAMMA

GAMMA Model parameters will be estimated up to an accuracy of 0.1000000000 Log Likelihood units

Partition: 0
Alignment Patterns: 332
Name: No Name Provided
DataType: AA
Substitution Matrix: JTT
Using fixed base frequencies




RAxML was called as follows:

/Users/prigozhin/Installers/standard-RAxML/raxmlHPC-PTHREADS-AVX -T 2 -n Int13311_83_120_R_21.Raxml.out -f a -x 12345 -p 12345 -# 100 -m PROTCATJTT -s ../../RAxML_tree_pbNB-ARC/Clade_Refinement_1/Int13311_83_120_R_21.afa 



Time for BS model parameter optimization 0.361135
Bootstrap[0]: Time 1.193749 seconds, bootstrap likelihood -4292.566255, best rearrangement setting 13
Bootstrap[1]: Time 0.840165 seconds, bootstrap likelihood -4487.046335, best rearrangement setting 13
Bootstrap[2]: Time 0.785385 seconds, bootstrap likelihood -4306.405293, best rearrangement setting 12
Bootstrap[3]: Time 0.819523 seconds, bootstrap likelihood -4376.254969, best rearrangement setting 15
Bootstrap[4]: Time 0.579564 seconds, bootstrap likelihood -4433.843600, best rearrangement setting 10
Bootstrap[5]: Time 0.835714 seconds, bootstrap likelihood -4463.785305, best rearrangement setting 10
Bootstrap[6]: Time 0.796712 seconds, bootstrap likelihood -4457.906446, best rearrangement setting 6
Bootstrap[7]: Time 0.243863 seconds, bootstrap likelihood -4461.573592, best rearrangement setting 14
Bootstrap[8]: Time 0.927130 seconds, bootstrap likelihood -4478.237829, best rearrangement setting 5
Bootstrap[9]: Time 0.877966 seconds, bootstrap likelihood -4383.221463, best rearrangement setting 7
Bootstrap[10]: Time 0.765944 seconds, bootstrap likelihood -4431.034613, best rearrangement setting 7
Bootstrap[11]: Time 0.707717 seconds, bootstrap likelihood -4439.436632, best rearrangement setting 5
Bootstrap[12]: Time 0.959765 seconds, bootstrap likelihood -4447.625761, best rearrangement setting 8
Bootstrap[13]: Time 0.851443 seconds, bootstrap likelihood -4532.103349, best rearrangement setting 7
Bootstrap[14]: Time 0.769274 seconds, bootstrap likelihood -4445.149863, best rearrangement setting 12
Bootstrap[15]: Time 0.786971 seconds, bootstrap likelihood -4464.857204, best rearrangement setting 15
Bootstrap[16]: Time 0.851453 seconds, bootstrap likelihood -4336.977553, best rearrangement setting 12
Bootstrap[17]: Time 1.251984 seconds, bootstrap likelihood -4323.133467, best rearrangement setting 12
Bootstrap[18]: Time 0.763889 seconds, bootstrap likelihood -4501.539296, best rearrangement setting 5
Bootstrap[19]: Time 0.803674 seconds, bootstrap likelihood -4462.374773, best rearrangement setting 8
Bootstrap[20]: Time 0.727428 seconds, bootstrap likelihood -4374.362580, best rearrangement setting 10
Bootstrap[21]: Time 0.778511 seconds, bootstrap likelihood -4400.727227, best rearrangement setting 6
Bootstrap[22]: Time 0.612003 seconds, bootstrap likelihood -4369.870327, best rearrangement setting 5
Bootstrap[23]: Time 0.754987 seconds, bootstrap likelihood -4394.534605, best rearrangement setting 7
Bootstrap[24]: Time 1.206759 seconds, bootstrap likelihood -4492.382352, best rearrangement setting 8
Bootstrap[25]: Time 0.820056 seconds, bootstrap likelihood -4316.479467, best rearrangement setting 6
Bootstrap[26]: Time 0.266282 seconds, bootstrap likelihood -4375.587020, best rearrangement setting 12
Bootstrap[27]: Time 0.288609 seconds, bootstrap likelihood -4351.960596, best rearrangement setting 10
Bootstrap[28]: Time 0.940677 seconds, bootstrap likelihood -4347.445058, best rearrangement setting 11
Bootstrap[29]: Time 0.699226 seconds, bootstrap likelihood -4459.124315, best rearrangement setting 12
Bootstrap[30]: Time 0.772834 seconds, bootstrap likelihood -4437.230529, best rearrangement setting 15
Bootstrap[31]: Time 0.884943 seconds, bootstrap likelihood -4459.281012, best rearrangement setting 15
Bootstrap[32]: Time 0.505294 seconds, bootstrap likelihood -4418.373955, best rearrangement setting 6
Bootstrap[33]: Time 1.282378 seconds, bootstrap likelihood -4408.080598, best rearrangement setting 15
Bootstrap[34]: Time 0.626036 seconds, bootstrap likelihood -4484.311942, best rearrangement setting 11
Bootstrap[35]: Time 0.820834 seconds, bootstrap likelihood -4395.836729, best rearrangement setting 8
Bootstrap[36]: Time 0.767280 seconds, bootstrap likelihood -4523.915640, best rearrangement setting 9
Bootstrap[37]: Time 0.850323 seconds, bootstrap likelihood -4387.523995, best rearrangement setting 11
Bootstrap[38]: Time 0.256373 seconds, bootstrap likelihood -4409.754802, best rearrangement setting 8
Bootstrap[39]: Time 0.848358 seconds, bootstrap likelihood -4475.882251, best rearrangement setting 13
Bootstrap[40]: Time 0.786553 seconds, bootstrap likelihood -4456.880239, best rearrangement setting 13
Bootstrap[41]: Time 0.689698 seconds, bootstrap likelihood -4350.145519, best rearrangement setting 10
Bootstrap[42]: Time 0.531028 seconds, bootstrap likelihood -4405.077838, best rearrangement setting 5
Bootstrap[43]: Time 0.764876 seconds, bootstrap likelihood -4383.094980, best rearrangement setting 14
Bootstrap[44]: Time 0.679413 seconds, bootstrap likelihood -4400.696789, best rearrangement setting 10
Bootstrap[45]: Time 0.301686 seconds, bootstrap likelihood -4444.516314, best rearrangement setting 15
Bootstrap[46]: Time 0.999252 seconds, bootstrap likelihood -4329.335142, best rearrangement setting 14
Bootstrap[47]: Time 0.286048 seconds, bootstrap likelihood -4449.500326, best rearrangement setting 8
Bootstrap[48]: Time 0.736720 seconds, bootstrap likelihood -4382.645910, best rearrangement setting 6
Bootstrap[49]: Time 0.903813 seconds, bootstrap likelihood -4498.451674, best rearrangement setting 7
Bootstrap[50]: Time 1.217746 seconds, bootstrap likelihood -4459.089484, best rearrangement setting 7
Bootstrap[51]: Time 0.763638 seconds, bootstrap likelihood -4415.903351, best rearrangement setting 11
Bootstrap[52]: Time 0.687176 seconds, bootstrap likelihood -4348.551514, best rearrangement setting 12
Bootstrap[53]: Time 0.805678 seconds, bootstrap likelihood -4345.371833, best rearrangement setting 8
Bootstrap[54]: Time 0.888282 seconds, bootstrap likelihood -4334.913060, best rearrangement setting 9
Bootstrap[55]: Time 0.830656 seconds, bootstrap likelihood -4542.504470, best rearrangement setting 11
Bootstrap[56]: Time 0.713487 seconds, bootstrap likelihood -4413.212914, best rearrangement setting 5
Bootstrap[57]: Time 1.147577 seconds, bootstrap likelihood -4450.833550, best rearrangement setting 7
Bootstrap[58]: Time 0.821253 seconds, bootstrap likelihood -4528.256647, best rearrangement setting 10
Bootstrap[59]: Time 0.654407 seconds, bootstrap likelihood -4392.153003, best rearrangement setting 9
Bootstrap[60]: Time 0.867331 seconds, bootstrap likelihood -4464.581890, best rearrangement setting 7
Bootstrap[61]: Time 0.626771 seconds, bootstrap likelihood -4368.109922, best rearrangement setting 5
Bootstrap[62]: Time 0.740962 seconds, bootstrap likelihood -4433.427218, best rearrangement setting 11
Bootstrap[63]: Time 0.747073 seconds, bootstrap likelihood -4360.204841, best rearrangement setting 12
Bootstrap[64]: Time 0.285629 seconds, bootstrap likelihood -4426.502945, best rearrangement setting 7
Bootstrap[65]: Time 1.068545 seconds, bootstrap likelihood -4389.291093, best rearrangement setting 5
Bootstrap[66]: Time 0.898867 seconds, bootstrap likelihood -4477.910965, best rearrangement setting 5
Bootstrap[67]: Time 0.921954 seconds, bootstrap likelihood -4500.935320, best rearrangement setting 15
Bootstrap[68]: Time 1.166478 seconds, bootstrap likelihood -4498.413679, best rearrangement setting 11
Bootstrap[69]: Time 0.785580 seconds, bootstrap likelihood -4477.496458, best rearrangement setting 5
Bootstrap[70]: Time 0.393085 seconds, bootstrap likelihood -4317.055052, best rearrangement setting 8
Bootstrap[71]: Time 0.686757 seconds, bootstrap likelihood -4311.039680, best rearrangement setting 10
Bootstrap[72]: Time 0.786119 seconds, bootstrap likelihood -4448.821438, best rearrangement setting 11
Bootstrap[73]: Time 0.977292 seconds, bootstrap likelihood -4384.295703, best rearrangement setting 9
Bootstrap[74]: Time 0.964033 seconds, bootstrap likelihood -4287.104828, best rearrangement setting 5
Bootstrap[75]: Time 0.845496 seconds, bootstrap likelihood -4541.196671, best rearrangement setting 8
Bootstrap[76]: Time 0.863306 seconds, bootstrap likelihood -4472.304660, best rearrangement setting 9
Bootstrap[77]: Time 0.945124 seconds, bootstrap likelihood -4428.682995, best rearrangement setting 11
Bootstrap[78]: Time 0.859118 seconds, bootstrap likelihood -4501.411040, best rearrangement setting 15
Bootstrap[79]: Time 0.764348 seconds, bootstrap likelihood -4239.830331, best rearrangement setting 9
Bootstrap[80]: Time 0.308438 seconds, bootstrap likelihood -4437.578468, best rearrangement setting 15
Bootstrap[81]: Time 0.798230 seconds, bootstrap likelihood -4430.140175, best rearrangement setting 7
Bootstrap[82]: Time 0.815386 seconds, bootstrap likelihood -4391.176039, best rearrangement setting 6
Bootstrap[83]: Time 0.644825 seconds, bootstrap likelihood -4329.174385, best rearrangement setting 10
Bootstrap[84]: Time 0.875351 seconds, bootstrap likelihood -4321.104906, best rearrangement setting 11
Bootstrap[85]: Time 0.851089 seconds, bootstrap likelihood -4558.875883, best rearrangement setting 8
Bootstrap[86]: Time 0.760858 seconds, bootstrap likelihood -4356.645117, best rearrangement setting 7
Bootstrap[87]: Time 0.759843 seconds, bootstrap likelihood -4347.289628, best rearrangement setting 7
Bootstrap[88]: Time 0.739985 seconds, bootstrap likelihood -4363.084720, best rearrangement setting 12
Bootstrap[89]: Time 1.036933 seconds, bootstrap likelihood -4375.983574, best rearrangement setting 10
Bootstrap[90]: Time 0.510414 seconds, bootstrap likelihood -4394.869458, best rearrangement setting 8
Bootstrap[91]: Time 0.911537 seconds, bootstrap likelihood -4306.695479, best rearrangement setting 12
Bootstrap[92]: Time 1.143466 seconds, bootstrap likelihood -4589.056411, best rearrangement setting 13
Bootstrap[93]: Time 0.908199 seconds, bootstrap likelihood -4453.815103, best rearrangement setting 15
Bootstrap[94]: Time 0.267056 seconds, bootstrap likelihood -4388.336250, best rearrangement setting 5
Bootstrap[95]: Time 0.276621 seconds, bootstrap likelihood -4465.443555, best rearrangement setting 5
Bootstrap[96]: Time 0.842549 seconds, bootstrap likelihood -4436.910164, best rearrangement setting 13
Bootstrap[97]: Time 0.760063 seconds, bootstrap likelihood -4427.082727, best rearrangement setting 11
Bootstrap[98]: Time 0.777613 seconds, bootstrap likelihood -4401.852241, best rearrangement setting 6
Bootstrap[99]: Time 0.677327 seconds, bootstrap likelihood -4376.902631, best rearrangement setting 14


Overall Time for 100 Rapid Bootstraps 77.284294 seconds
Average Time per Rapid Bootstrap 0.772843 seconds

Starting ML Search ...

Fast ML optimization finished

Fast ML search Time: 34.535255 seconds

Slow ML Search 0 Likelihood: -4875.799952
Slow ML Search 1 Likelihood: -4881.601558
Slow ML Search 2 Likelihood: -4885.916437
Slow ML Search 3 Likelihood: -4875.799946
Slow ML Search 4 Likelihood: -4885.916432
Slow ML Search 5 Likelihood: -4875.799946
Slow ML Search 6 Likelihood: -4885.374738
Slow ML Search 7 Likelihood: -4876.186975
Slow ML Search 8 Likelihood: -4876.186978
Slow ML Search 9 Likelihood: -4885.916425
Slow ML optimization finished

Slow ML search Time: 14.594338 seconds
Thorough ML search Time: 3.278771 seconds

Final ML Optimization Likelihood: -4875.407075

Model Information:

Model Parameters of Partition 0, Name: No Name Provided, Type of Data: AA
alpha: 0.769433
Tree-Length: 0.189141
rate A <-> R: 0.603538
rate A <-> N: 0.561915
rate A <-> D: 0.842872
rate A <-> C: 0.582726
rate A <-> Q: 0.593132
rate A <-> E: 1.092612
rate A <-> G: 1.862643
rate A <-> H: 0.280957
rate A <-> I: 0.374610
rate A <-> L: 0.312175
rate A <-> K: 0.364204
rate A <-> M: 0.561915
rate A <-> F: 0.156087
rate A <-> P: 2.018730
rate A <-> S: 3.933403
rate A <-> T: 4.942768
rate A <-> W: 0.093652
rate A <-> Y: 0.114464
rate A <-> V: 3.100937
rate R <-> N: 0.468262
rate R <-> D: 0.166493
rate R <-> C: 1.175858
rate R <-> Q: 3.225806
rate R <-> E: 0.301769
rate R <-> G: 1.425598
rate R <-> H: 3.413111
rate R <-> I: 0.228928
rate R <-> L: 0.395421
rate R <-> K: 6.722164
rate R <-> M: 0.457856
rate R <-> F: 0.052029
rate R <-> P: 0.770031
rate R <-> S: 1.050989
rate R <-> T: 0.665973
rate R <-> W: 1.311134
rate R <-> Y: 0.208117
rate R <-> V: 0.176899
rate N <-> D: 5.494277
rate N <-> C: 0.353798
rate N <-> Q: 0.894901
rate N <-> E: 0.603538
rate N <-> G: 0.842872
rate N <-> H: 4.068678
rate N <-> I: 0.489074
rate N <-> L: 0.124870
rate N <-> K: 2.736733
rate N <-> M: 0.312175
rate N <-> F: 0.104058
rate N <-> P: 0.156087
rate N <-> S: 5.234131
rate N <-> T: 2.414152
rate N <-> W: 0.083247
rate N <-> Y: 0.728408
rate N <-> V: 0.166493
rate D <-> C: 0.104058
rate D <-> Q: 0.509886
rate D <-> E: 7.981270
rate D <-> G: 1.352758
rate D <-> H: 1.165453
rate D <-> I: 0.114464
rate D <-> L: 0.072841
rate D <-> K: 0.270552
rate D <-> M: 0.156087
rate D <-> F: 0.041623
rate D <-> P: 0.156087
rate D <-> S: 0.613944
rate D <-> T: 0.395421
rate D <-> W: 0.041623
rate D <-> Y: 0.478668
rate D <-> V: 0.322581
rate C <-> Q: 0.093652
rate C <-> E: 0.052029
rate C <-> G: 0.613944
rate C <-> H: 0.718002
rate C <-> I: 0.176899
rate C <-> L: 0.239334
rate C <-> K: 0.072841
rate C <-> M: 0.322581
rate C <-> F: 0.811655
rate C <-> P: 0.145682
rate C <-> S: 2.320499
rate C <-> T: 0.437045
rate C <-> W: 1.196670
rate C <-> Y: 2.174818
rate C <-> V: 0.645161
rate Q <-> E: 3.361082
rate Q <-> G: 0.270552
rate Q <-> H: 6.212279
rate Q <-> I: 0.093652
rate Q <-> L: 0.749220
rate Q <-> K: 3.038502
rate Q <-> M: 0.447451
rate Q <-> F: 0.041623
rate Q <-> P: 1.706556
rate Q <-> S: 0.551509
rate Q <-> T: 0.530697
rate Q <-> W: 0.187305
rate Q <-> Y: 0.249740
rate Q <-> V: 0.208117
rate E <-> G: 1.238293
rate E <-> H: 0.270552
rate E <-> I: 0.124870
rate E <-> L: 0.093652
rate E <-> K: 1.883455
rate E <-> M: 0.187305
rate E <-> F: 0.052029
rate E <-> P: 0.187305
rate E <-> S: 0.312175
rate E <-> T: 0.332986
rate E <-> W: 0.104058
rate E <-> Y: 0.072841
rate E <-> V: 0.468262
rate G <-> H: 0.239334
rate G <-> I: 0.062435
rate G <-> L: 0.062435
rate G <-> K: 0.280957
rate G <-> M: 0.145682
rate G <-> F: 0.052029
rate G <-> P: 0.249740
rate G <-> S: 2.091571
rate G <-> T: 0.343392
rate G <-> W: 0.572320
rate G <-> Y: 0.083247
rate G <-> V: 0.489074
rate H <-> I: 0.166493
rate H <-> L: 0.582726
rate H <-> K: 0.468262
rate H <-> M: 0.343392
rate H <-> F: 0.416233
rate H <-> P: 1.196670
rate H <-> S: 0.759625
rate H <-> T: 0.478668
rate H <-> W: 0.083247
rate H <-> Y: 5.962539
rate H <-> V: 0.114464
rate I <-> L: 2.382934
rate I <-> K: 0.218522
rate I <-> M: 4.984391
rate I <-> F: 0.926119
rate I <-> P: 0.104058
rate I <-> S: 0.416233
rate I <-> T: 2.549428
rate I <-> W: 0.093652
rate I <-> Y: 0.332986
rate I <-> V: 10.000000
rate L <-> K: 0.145682
rate L <-> M: 4.037461
rate L <-> F: 2.580645
rate L <-> P: 1.061394
rate L <-> S: 0.613944
rate L <-> T: 0.260146
rate L <-> W: 0.541103
rate L <-> Y: 0.249740
rate L <-> V: 1.873049
rate K <-> M: 0.676379
rate K <-> F: 0.041623
rate K <-> P: 0.218522
rate K <-> S: 0.489074
rate K <-> T: 1.071800
rate K <-> W: 0.104058
rate K <-> Y: 0.083247
rate K <-> V: 0.145682
rate M <-> F: 0.447451
rate M <-> P: 0.166493
rate M <-> S: 0.301769
rate M <-> T: 2.351717
rate M <-> W: 0.249740
rate M <-> Y: 0.187305
rate M <-> V: 3.361082
rate F <-> P: 0.176899
rate F <-> S: 0.957336
rate F <-> T: 0.124870
rate F <-> W: 0.551509
rate F <-> Y: 5.577523
rate F <-> V: 0.645161
rate P <-> S: 2.965661
rate P <-> T: 1.227888
rate P <-> W: 0.062435
rate P <-> Y: 0.104058
rate P <-> V: 0.239334
rate S <-> T: 4.963580
rate S <-> W: 0.364204
rate S <-> Y: 0.655567
rate S <-> V: 0.395421
rate T <-> W: 0.124870
rate T <-> Y: 0.218522
rate T <-> V: 1.165453
rate W <-> Y: 0.738814
rate W <-> V: 0.260146
rate Y <-> V: 0.166493

freq pi(A): 0.076748
freq pi(R): 0.051691
freq pi(N): 0.042645
freq pi(D): 0.051544
freq pi(C): 0.019803
freq pi(Q): 0.040752
freq pi(E): 0.061830
freq pi(G): 0.073152
freq pi(H): 0.022944
freq pi(I): 0.053761
freq pi(L): 0.091904
freq pi(K): 0.058676
freq pi(M): 0.023826
freq pi(F): 0.040126
freq pi(P): 0.050901
freq pi(S): 0.068765
freq pi(T): 0.058565
freq pi(W): 0.014261
freq pi(Y): 0.032102
freq pi(V): 0.066004


ML search took 52.450028 secs or 0.014569 hours

Combined Bootstrap and ML search took 129.734494 secs or 0.036037 hours

Drawing Bootstrap Support Values on best-scoring ML tree ...



Found 1 tree in File /Users/prigozhin/Dropbox/NLRomes/Atha_SnkMk_NLRome/RAxML_tree_pbNB-ARC/Clade_Refinement_1/RAxML_bestTree.Int13311_83_120_R_21.Raxml.out



Found 1 tree in File /Users/prigozhin/Dropbox/NLRomes/Atha_SnkMk_NLRome/RAxML_tree_pbNB-ARC/Clade_Refinement_1/RAxML_bestTree.Int13311_83_120_R_21.Raxml.out

Program execution info written to /Users/prigozhin/Dropbox/NLRomes/Atha_SnkMk_NLRome/RAxML_tree_pbNB-ARC/Clade_Refinement_1/RAxML_info.Int13311_83_120_R_21.Raxml.out
All 100 bootstrapped trees written to: /Users/prigozhin/Dropbox/NLRomes/Atha_SnkMk_NLRome/RAxML_tree_pbNB-ARC/Clade_Refinement_1/RAxML_bootstrap.Int13311_83_120_R_21.Raxml.out

Best-scoring ML tree written to: /Users/prigozhin/Dropbox/NLRomes/Atha_SnkMk_NLRome/RAxML_tree_pbNB-ARC/Clade_Refinement_1/RAxML_bestTree.Int13311_83_120_R_21.Raxml.out

Best-scoring ML tree with support values written to: /Users/prigozhin/Dropbox/NLRomes/Atha_SnkMk_NLRome/RAxML_tree_pbNB-ARC/Clade_Refinement_1/RAxML_bipartitions.Int13311_83_120_R_21.Raxml.out

Best-scoring ML tree with support values as branch labels written to: /Users/prigozhin/Dropbox/NLRomes/Atha_SnkMk_NLRome/RAxML_tree_pbNB-ARC/Clade_Refinement_1/RAxML_bipartitionsBranchLabels.Int13311_83_120_R_21.Raxml.out

Overall execution time for full ML analysis: 129.741008 secs or 0.036039 hours or 0.001502 days

