(ZM00037AB424000_P001,((ZM00021AB427550_P001,((ZM00039AB428770_P001,ZM00032AB438480_P001),ZM00022AB425840_P001)),(ZM00001EB419360_P001,(((ZM00034AB446340_P001,ZM00027AB425990_P001),((ZM00020AB426220_P001,ZM00018AB440150_P001),ZM00041AB437540_P001)),ZM00031AB436960_P001))),ZM00038AB429900_P001);
(ZM00037AB424000_P001,((ZM00021AB427550_P001,((ZM00039AB428770_P001,ZM00032AB438480_P001),ZM00022AB425840_P001)),(ZM00001EB419360_P001,((ZM00041AB437540_P001,((ZM00034AB446340_P001,ZM00027AB425990_P001),(ZM00020AB426220_P001,ZM00018AB440150_P001))),ZM00031AB436960_P001))),ZM00038AB429900_P001);
(ZM00037AB424000_P001,((ZM00021AB427550_P001,((ZM00039AB428770_P001,ZM00032AB438480_P001),ZM00022AB425840_P001)),(ZM00001EB419360_P001,((ZM00041AB437540_P001,((ZM00034AB446340_P001,ZM00027AB425990_P001),(ZM00020AB426220_P001,ZM00018AB440150_P001))),ZM00031AB436960_P001))),ZM00038AB429900_P001);
(ZM00037AB424000_P001,(((ZM00020AB426220_P001,ZM00018AB440150_P001),((ZM00041AB437540_P001,(ZM00001EB419360_P001,ZM00031AB436960_P001)),(ZM00034AB446340_P001,ZM00027AB425990_P001))),(ZM00021AB427550_P001,((ZM00039AB428770_P001,ZM00032AB438480_P001),ZM00022AB425840_P001))),ZM00038AB429900_P001);
(ZM00037AB424000_P001,((ZM00041AB437540_P001,(ZM00018AB440150_P001,((ZM00021AB427550_P001,((ZM00039AB428770_P001,ZM00032AB438480_P001),ZM00022AB425840_P001)),ZM00020AB426220_P001))),(ZM00031AB436960_P001,(ZM00001EB419360_P001,(ZM00034AB446340_P001,ZM00027AB425990_P001)))),ZM00038AB429900_P001);
(ZM00037AB424000_P001,((ZM00041AB437540_P001,(ZM00001EB419360_P001,ZM00031AB436960_P001)),(((ZM00020AB426220_P001,ZM00018AB440150_P001),(ZM00022AB425840_P001,(ZM00021AB427550_P001,(ZM00039AB428770_P001,ZM00032AB438480_P001)))),(ZM00034AB446340_P001,ZM00027AB425990_P001))),ZM00038AB429900_P001);
(ZM00037AB424000_P001,(((((ZM00020AB426220_P001,(ZM00041AB437540_P001,(ZM00001EB419360_P001,ZM00031AB436960_P001))),ZM00018AB440150_P001),(ZM00034AB446340_P001,ZM00027AB425990_P001)),(ZM00022AB425840_P001,(ZM00032AB438480_P001,ZM00039AB428770_P001))),ZM00021AB427550_P001),ZM00038AB429900_P001);
(((((ZM00032AB438480_P001,ZM00039AB428770_P001),ZM00022AB425840_P001),ZM00021AB427550_P001),(ZM00001EB419360_P001,(ZM00031AB436960_P001,((ZM00041AB437540_P001,(ZM00020AB426220_P001,ZM00018AB440150_P001)),(ZM00034AB446340_P001,ZM00027AB425990_P001))))),ZM00037AB424000_P001,ZM00038AB429900_P001);
(((ZM00041AB437540_P001,(ZM00031AB436960_P001,ZM00001EB419360_P001)),((((ZM00021AB427550_P001,(ZM00032AB438480_P001,ZM00039AB428770_P001)),ZM00022AB425840_P001),(ZM00020AB426220_P001,ZM00018AB440150_P001)),(ZM00034AB446340_P001,ZM00027AB425990_P001))),ZM00037AB424000_P001,ZM00038AB429900_P001);
((ZM00001EB419360_P001,((((((ZM00021AB427550_P001,(ZM00032AB438480_P001,ZM00039AB428770_P001)),ZM00022AB425840_P001),(ZM00020AB426220_P001,ZM00018AB440150_P001)),(ZM00034AB446340_P001,ZM00027AB425990_P001)),ZM00041AB437540_P001),ZM00031AB436960_P001)),ZM00037AB424000_P001,ZM00038AB429900_P001);
(ZM00037AB424000_P001,((ZM00021AB427550_P001,(ZM00022AB425840_P001,(ZM00032AB438480_P001,ZM00039AB428770_P001))),((ZM00031AB436960_P001,((ZM00027AB425990_P001,ZM00034AB446340_P001),(ZM00018AB440150_P001,(ZM00020AB426220_P001,ZM00041AB437540_P001)))),ZM00001EB419360_P001)),ZM00038AB429900_P001);
(ZM00037AB424000_P001,((ZM00021AB427550_P001,(ZM00022AB425840_P001,(ZM00032AB438480_P001,ZM00039AB428770_P001))),((ZM00031AB436960_P001,((ZM00027AB425990_P001,ZM00034AB446340_P001),(ZM00018AB440150_P001,(ZM00020AB426220_P001,ZM00041AB437540_P001)))),ZM00001EB419360_P001)),ZM00038AB429900_P001);
(ZM00037AB424000_P001,((ZM00022AB425840_P001,((ZM00032AB438480_P001,ZM00039AB428770_P001),ZM00021AB427550_P001)),((ZM00031AB436960_P001,((ZM00027AB425990_P001,ZM00034AB446340_P001),((ZM00018AB440150_P001,ZM00020AB426220_P001),ZM00041AB437540_P001))),ZM00001EB419360_P001)),ZM00038AB429900_P001);
(ZM00037AB424000_P001,((ZM00022AB425840_P001,((ZM00032AB438480_P001,ZM00039AB428770_P001),ZM00021AB427550_P001)),(((ZM00041AB437540_P001,(ZM00001EB419360_P001,ZM00031AB436960_P001)),(ZM00027AB425990_P001,ZM00034AB446340_P001)),(ZM00018AB440150_P001,ZM00020AB426220_P001))),ZM00038AB429900_P001);
(ZM00037AB424000_P001,(((ZM00022AB425840_P001,(ZM00032AB438480_P001,ZM00039AB428770_P001)),ZM00021AB427550_P001),(((ZM00041AB437540_P001,(ZM00001EB419360_P001,ZM00031AB436960_P001)),(ZM00027AB425990_P001,ZM00034AB446340_P001)),(ZM00018AB440150_P001,ZM00020AB426220_P001))),ZM00038AB429900_P001);
(ZM00037AB424000_P001,(ZM00001EB419360_P001,(ZM00031AB436960_P001,(((ZM00027AB425990_P001,ZM00034AB446340_P001),(((ZM00039AB428770_P001,(ZM00021AB427550_P001,ZM00022AB425840_P001)),ZM00032AB438480_P001),(ZM00020AB426220_P001,ZM00018AB440150_P001))),ZM00041AB437540_P001))),ZM00038AB429900_P001);
(ZM00037AB424000_P001,(((ZM00027AB425990_P001,ZM00034AB446340_P001),(ZM00018AB440150_P001,(((ZM00021AB427550_P001,(ZM00032AB438480_P001,ZM00039AB428770_P001)),ZM00022AB425840_P001),ZM00020AB426220_P001))),(ZM00041AB437540_P001,(ZM00001EB419360_P001,ZM00031AB436960_P001))),ZM00038AB429900_P001);
(ZM00037AB424000_P001,(((ZM00027AB425990_P001,ZM00034AB446340_P001),(ZM00018AB440150_P001,(((ZM00021AB427550_P001,(ZM00032AB438480_P001,ZM00039AB428770_P001)),ZM00022AB425840_P001),ZM00020AB426220_P001))),(ZM00041AB437540_P001,(ZM00001EB419360_P001,ZM00031AB436960_P001))),ZM00038AB429900_P001);
(ZM00037AB424000_P001,(((ZM00021AB427550_P001,(ZM00032AB438480_P001,ZM00039AB428770_P001)),ZM00022AB425840_P001),((((ZM00041AB437540_P001,(ZM00001EB419360_P001,ZM00031AB436960_P001)),ZM00020AB426220_P001),ZM00018AB440150_P001),(ZM00027AB425990_P001,ZM00034AB446340_P001))),ZM00038AB429900_P001);
(ZM00037AB424000_P001,((ZM00001EB419360_P001,ZM00031AB436960_P001),(((ZM00018AB440150_P001,(((ZM00021AB427550_P001,(ZM00032AB438480_P001,ZM00039AB428770_P001)),ZM00022AB425840_P001),ZM00020AB426220_P001)),(ZM00027AB425990_P001,ZM00034AB446340_P001)),ZM00041AB437540_P001)),ZM00038AB429900_P001);
(ZM00037AB424000_P001,((ZM00021AB427550_P001,(ZM00022AB425840_P001,(ZM00032AB438480_P001,ZM00039AB428770_P001))),(ZM00020AB426220_P001,(ZM00018AB440150_P001,(ZM00041AB437540_P001,((ZM00001EB419360_P001,ZM00031AB436960_P001),(ZM00034AB446340_P001,ZM00027AB425990_P001)))))),ZM00038AB429900_P001);
(ZM00037AB424000_P001,((ZM00021AB427550_P001,(ZM00022AB425840_P001,(ZM00032AB438480_P001,ZM00039AB428770_P001))),(((ZM00041AB437540_P001,(ZM00001EB419360_P001,ZM00031AB436960_P001)),(ZM00034AB446340_P001,ZM00027AB425990_P001)),(ZM00020AB426220_P001,ZM00018AB440150_P001))),ZM00038AB429900_P001);
(ZM00037AB424000_P001,((ZM00021AB427550_P001,(ZM00022AB425840_P001,(ZM00032AB438480_P001,ZM00039AB428770_P001))),(((ZM00041AB437540_P001,(ZM00001EB419360_P001,ZM00031AB436960_P001)),(ZM00034AB446340_P001,ZM00027AB425990_P001)),(ZM00020AB426220_P001,ZM00018AB440150_P001))),ZM00038AB429900_P001);
(ZM00037AB424000_P001,(ZM00001EB419360_P001,(ZM00031AB436960_P001,((ZM00034AB446340_P001,ZM00027AB425990_P001),(ZM00041AB437540_P001,((((ZM00021AB427550_P001,ZM00022AB425840_P001),ZM00032AB438480_P001),ZM00039AB428770_P001),(ZM00020AB426220_P001,ZM00018AB440150_P001)))))),ZM00038AB429900_P001);
(ZM00037AB424000_P001,(((ZM00034AB446340_P001,ZM00027AB425990_P001),((((ZM00032AB438480_P001,ZM00039AB428770_P001),ZM00022AB425840_P001),ZM00021AB427550_P001),(ZM00020AB426220_P001,ZM00018AB440150_P001))),(ZM00041AB437540_P001,(ZM00001EB419360_P001,ZM00031AB436960_P001))),ZM00038AB429900_P001);
(ZM00037AB424000_P001,((ZM00001EB419360_P001,ZM00031AB436960_P001),((ZM00018AB440150_P001,(((((ZM00039AB428770_P001,ZM00032AB438480_P001),ZM00022AB425840_P001),ZM00021AB427550_P001),ZM00020AB426220_P001),(ZM00034AB446340_P001,ZM00027AB425990_P001))),ZM00041AB437540_P001)),ZM00038AB429900_P001);
(ZM00037AB424000_P001,((((ZM00039AB428770_P001,ZM00032AB438480_P001),ZM00022AB425840_P001),ZM00021AB427550_P001),(((ZM00041AB437540_P001,(ZM00020AB426220_P001,ZM00018AB440150_P001)),(ZM00001EB419360_P001,ZM00031AB436960_P001)),(ZM00034AB446340_P001,ZM00027AB425990_P001))),ZM00038AB429900_P001);
(ZM00037AB424000_P001,(((ZM00022AB425840_P001,ZM00021AB427550_P001),(ZM00032AB438480_P001,ZM00039AB428770_P001)),((ZM00020AB426220_P001,ZM00018AB440150_P001),((ZM00041AB437540_P001,(ZM00001EB419360_P001,ZM00031AB436960_P001)),(ZM00034AB446340_P001,ZM00027AB425990_P001)))),ZM00038AB429900_P001);
((ZM00037AB424000_P001,(ZM00041AB437540_P001,(ZM00001EB419360_P001,ZM00031AB436960_P001))),((ZM00034AB446340_P001,ZM00027AB425990_P001),((ZM00021AB427550_P001,((ZM00032AB438480_P001,ZM00039AB428770_P001),ZM00022AB425840_P001)),(ZM00020AB426220_P001,ZM00018AB440150_P001))),ZM00038AB429900_P001);
(ZM00037AB424000_P001,(ZM00001EB419360_P001,(ZM00031AB436960_P001,(((ZM00034AB446340_P001,ZM00027AB425990_P001),(ZM00018AB440150_P001,((ZM00021AB427550_P001,((ZM00032AB438480_P001,ZM00039AB428770_P001),ZM00022AB425840_P001)),ZM00020AB426220_P001))),ZM00041AB437540_P001))),ZM00038AB429900_P001);
(ZM00037AB424000_P001,((ZM00021AB427550_P001,(ZM00022AB425840_P001,(ZM00039AB428770_P001,ZM00032AB438480_P001))),(((ZM00034AB446340_P001,ZM00027AB425990_P001),(ZM00031AB436960_P001,(ZM00001EB419360_P001,ZM00041AB437540_P001))),(ZM00020AB426220_P001,ZM00018AB440150_P001))),ZM00038AB429900_P001);
(ZM00037AB424000_P001,((ZM00031AB436960_P001,(ZM00001EB419360_P001,ZM00041AB437540_P001)),(((ZM00020AB426220_P001,ZM00018AB440150_P001),(ZM00022AB425840_P001,((ZM00039AB428770_P001,ZM00032AB438480_P001),ZM00021AB427550_P001))),(ZM00034AB446340_P001,ZM00027AB425990_P001))),ZM00038AB429900_P001);
(ZM00037AB424000_P001,(((ZM00022AB425840_P001,(ZM00039AB428770_P001,ZM00032AB438480_P001)),ZM00021AB427550_P001),(((ZM00034AB446340_P001,ZM00027AB425990_P001),(ZM00001EB419360_P001,(ZM00041AB437540_P001,ZM00031AB436960_P001))),(ZM00020AB426220_P001,ZM00018AB440150_P001))),ZM00038AB429900_P001);
(ZM00037AB424000_P001,(((ZM00022AB425840_P001,(ZM00039AB428770_P001,ZM00032AB438480_P001)),ZM00021AB427550_P001),(((ZM00034AB446340_P001,ZM00027AB425990_P001),(ZM00041AB437540_P001,(ZM00031AB436960_P001,ZM00001EB419360_P001))),(ZM00020AB426220_P001,ZM00018AB440150_P001))),ZM00038AB429900_P001);
(ZM00037AB424000_P001,(((ZM00022AB425840_P001,(ZM00039AB428770_P001,ZM00032AB438480_P001)),ZM00021AB427550_P001),(ZM00001EB419360_P001,((((ZM00020AB426220_P001,ZM00018AB440150_P001),(ZM00034AB446340_P001,ZM00027AB425990_P001)),ZM00041AB437540_P001),ZM00031AB436960_P001))),ZM00038AB429900_P001);
(ZM00037AB424000_P001,(((ZM00022AB425840_P001,(ZM00039AB428770_P001,ZM00032AB438480_P001)),ZM00021AB427550_P001),((ZM00020AB426220_P001,(ZM00034AB446340_P001,ZM00027AB425990_P001)),((ZM00031AB436960_P001,ZM00001EB419360_P001),(ZM00041AB437540_P001,ZM00018AB440150_P001)))),ZM00038AB429900_P001);
(ZM00037AB424000_P001,((ZM00001EB419360_P001,((ZM00041AB437540_P001,((ZM00034AB446340_P001,ZM00027AB425990_P001),(ZM00020AB426220_P001,ZM00018AB440150_P001))),ZM00031AB436960_P001)),(ZM00022AB425840_P001,(ZM00021AB427550_P001,(ZM00032AB438480_P001,ZM00039AB428770_P001)))),ZM00038AB429900_P001);
(ZM00037AB424000_P001,((ZM00001EB419360_P001,(((ZM00034AB446340_P001,ZM00027AB425990_P001),((ZM00020AB426220_P001,ZM00018AB440150_P001),ZM00041AB437540_P001)),ZM00031AB436960_P001)),(ZM00021AB427550_P001,((ZM00032AB438480_P001,ZM00039AB428770_P001),ZM00022AB425840_P001))),ZM00038AB429900_P001);
(ZM00037AB424000_P001,((ZM00001EB419360_P001,((ZM00041AB437540_P001,(((ZM00034AB446340_P001,ZM00027AB425990_P001),ZM00020AB426220_P001),ZM00018AB440150_P001)),ZM00031AB436960_P001)),(ZM00021AB427550_P001,((ZM00032AB438480_P001,ZM00039AB428770_P001),ZM00022AB425840_P001))),ZM00038AB429900_P001);
(ZM00037AB424000_P001,(ZM00001EB419360_P001,((ZM00041AB437540_P001,((ZM00034AB446340_P001,ZM00027AB425990_P001),(ZM00020AB426220_P001,((ZM00021AB427550_P001,((ZM00032AB438480_P001,ZM00039AB428770_P001),ZM00022AB425840_P001)),ZM00018AB440150_P001)))),ZM00031AB436960_P001)),ZM00038AB429900_P001);
(((ZM00041AB437540_P001,(ZM00001EB419360_P001,ZM00031AB436960_P001)),((ZM00027AB425990_P001,ZM00034AB446340_P001),(((ZM00021AB427550_P001,(ZM00032AB438480_P001,ZM00039AB428770_P001)),ZM00022AB425840_P001),(ZM00020AB426220_P001,ZM00018AB440150_P001)))),ZM00037AB424000_P001,ZM00038AB429900_P001);
((((ZM00021AB427550_P001,(ZM00032AB438480_P001,ZM00039AB428770_P001)),ZM00022AB425840_P001),(((ZM00020AB426220_P001,ZM00018AB440150_P001),ZM00041AB437540_P001),((ZM00001EB419360_P001,ZM00031AB436960_P001),(ZM00027AB425990_P001,ZM00034AB446340_P001)))),ZM00037AB424000_P001,ZM00038AB429900_P001);
(((ZM00021AB427550_P001,((ZM00022AB425840_P001,ZM00039AB428770_P001),ZM00032AB438480_P001)),((ZM00020AB426220_P001,ZM00018AB440150_P001),((ZM00041AB437540_P001,(ZM00001EB419360_P001,ZM00031AB436960_P001)),(ZM00027AB425990_P001,ZM00034AB446340_P001)))),ZM00037AB424000_P001,ZM00038AB429900_P001);
(((ZM00021AB427550_P001,((ZM00022AB425840_P001,ZM00039AB428770_P001),ZM00032AB438480_P001)),((ZM00020AB426220_P001,ZM00018AB440150_P001),((ZM00041AB437540_P001,(ZM00001EB419360_P001,ZM00031AB436960_P001)),(ZM00027AB425990_P001,ZM00034AB446340_P001)))),ZM00037AB424000_P001,ZM00038AB429900_P001);
(((ZM00041AB437540_P001,(ZM00001EB419360_P001,ZM00031AB436960_P001)),((ZM00027AB425990_P001,ZM00034AB446340_P001),(((ZM00021AB427550_P001,(ZM00039AB428770_P001,ZM00032AB438480_P001)),ZM00022AB425840_P001),(ZM00020AB426220_P001,ZM00018AB440150_P001)))),ZM00037AB424000_P001,ZM00038AB429900_P001);
((((ZM00021AB427550_P001,(ZM00039AB428770_P001,ZM00032AB438480_P001)),ZM00022AB425840_P001),((ZM00027AB425990_P001,ZM00034AB446340_P001),((ZM00020AB426220_P001,(ZM00041AB437540_P001,(ZM00001EB419360_P001,ZM00031AB436960_P001))),ZM00018AB440150_P001))),ZM00037AB424000_P001,ZM00038AB429900_P001);
(((ZM00021AB427550_P001,((ZM00039AB428770_P001,ZM00032AB438480_P001),ZM00022AB425840_P001)),(ZM00001EB419360_P001,(ZM00031AB436960_P001,((ZM00018AB440150_P001,(ZM00020AB426220_P001,(ZM00027AB425990_P001,ZM00034AB446340_P001))),ZM00041AB437540_P001)))),ZM00037AB424000_P001,ZM00038AB429900_P001);
((((ZM00027AB425990_P001,ZM00034AB446340_P001),((ZM00018AB440150_P001,ZM00020AB426220_P001),(ZM00021AB427550_P001,((ZM00039AB428770_P001,ZM00032AB438480_P001),ZM00022AB425840_P001)))),(ZM00041AB437540_P001,(ZM00001EB419360_P001,ZM00031AB436960_P001))),ZM00037AB424000_P001,ZM00038AB429900_P001);
(((ZM00021AB427550_P001,((ZM00039AB428770_P001,ZM00032AB438480_P001),ZM00022AB425840_P001)),(((ZM00041AB437540_P001,(ZM00001EB419360_P001,ZM00031AB436960_P001)),(ZM00027AB425990_P001,ZM00034AB446340_P001)),(ZM00018AB440150_P001,ZM00020AB426220_P001))),ZM00037AB424000_P001,ZM00038AB429900_P001);
(((ZM00021AB427550_P001,((ZM00039AB428770_P001,ZM00032AB438480_P001),ZM00022AB425840_P001)),(((ZM00041AB437540_P001,(ZM00001EB419360_P001,ZM00031AB436960_P001)),(ZM00027AB425990_P001,ZM00034AB446340_P001)),(ZM00018AB440150_P001,ZM00020AB426220_P001))),ZM00037AB424000_P001,ZM00038AB429900_P001);
(ZM00037AB424000_P001,(((ZM00021AB427550_P001,((ZM00032AB438480_P001,ZM00039AB428770_P001),ZM00022AB425840_P001)),(ZM00020AB426220_P001,ZM00018AB440150_P001)),(((ZM00001EB419360_P001,ZM00031AB436960_P001),(ZM00027AB425990_P001,ZM00034AB446340_P001)),ZM00041AB437540_P001)),ZM00038AB429900_P001);
(ZM00037AB424000_P001,((ZM00041AB437540_P001,(ZM00001EB419360_P001,ZM00031AB436960_P001)),((ZM00027AB425990_P001,ZM00034AB446340_P001),((ZM00021AB427550_P001,((ZM00032AB438480_P001,ZM00039AB428770_P001),ZM00022AB425840_P001)),(ZM00020AB426220_P001,ZM00018AB440150_P001)))),ZM00038AB429900_P001);
(ZM00037AB424000_P001,((ZM00021AB427550_P001,((ZM00032AB438480_P001,ZM00039AB428770_P001),ZM00022AB425840_P001)),((ZM00001EB419360_P001,ZM00031AB436960_P001),((ZM00027AB425990_P001,ZM00034AB446340_P001),(ZM00018AB440150_P001,(ZM00020AB426220_P001,ZM00041AB437540_P001))))),ZM00038AB429900_P001);
(ZM00037AB424000_P001,(ZM00001EB419360_P001,(ZM00031AB436960_P001,(ZM00041AB437540_P001,(((ZM00020AB426220_P001,(ZM00027AB425990_P001,ZM00034AB446340_P001)),(ZM00021AB427550_P001,((ZM00032AB438480_P001,ZM00039AB428770_P001),ZM00022AB425840_P001))),ZM00018AB440150_P001)))),ZM00038AB429900_P001);
(ZM00037AB424000_P001,(((ZM00022AB425840_P001,(ZM00032AB438480_P001,ZM00039AB428770_P001)),ZM00021AB427550_P001),(((ZM00020AB426220_P001,ZM00018AB440150_P001),ZM00041AB437540_P001),((ZM00001EB419360_P001,ZM00031AB436960_P001),(ZM00027AB425990_P001,ZM00034AB446340_P001)))),ZM00038AB429900_P001);
(ZM00037AB424000_P001,((ZM00041AB437540_P001,(ZM00001EB419360_P001,ZM00031AB436960_P001)),((ZM00027AB425990_P001,ZM00034AB446340_P001),((((ZM00039AB428770_P001,ZM00032AB438480_P001),ZM00022AB425840_P001),ZM00021AB427550_P001),(ZM00020AB426220_P001,ZM00018AB440150_P001)))),ZM00038AB429900_P001);
(ZM00037AB424000_P001,((ZM00041AB437540_P001,(ZM00001EB419360_P001,ZM00031AB436960_P001)),((ZM00027AB425990_P001,ZM00034AB446340_P001),((((ZM00039AB428770_P001,ZM00032AB438480_P001),ZM00022AB425840_P001),ZM00021AB427550_P001),(ZM00020AB426220_P001,ZM00018AB440150_P001)))),ZM00038AB429900_P001);
(ZM00037AB424000_P001,(ZM00001EB419360_P001,(ZM00031AB436960_P001,(((ZM00027AB425990_P001,ZM00034AB446340_P001),((((ZM00039AB428770_P001,ZM00032AB438480_P001),ZM00022AB425840_P001),ZM00021AB427550_P001),(ZM00020AB426220_P001,ZM00018AB440150_P001))),ZM00041AB437540_P001))),ZM00038AB429900_P001);
(ZM00037AB424000_P001,(((ZM00027AB425990_P001,ZM00034AB446340_P001),((((ZM00039AB428770_P001,ZM00032AB438480_P001),ZM00022AB425840_P001),ZM00021AB427550_P001),(ZM00020AB426220_P001,ZM00018AB440150_P001))),(ZM00041AB437540_P001,(ZM00001EB419360_P001,ZM00031AB436960_P001))),ZM00038AB429900_P001);
(ZM00037AB424000_P001,(((((ZM00027AB425990_P001,ZM00034AB446340_P001),(((ZM00039AB428770_P001,ZM00032AB438480_P001),ZM00022AB425840_P001),ZM00021AB427550_P001)),ZM00020AB426220_P001),ZM00018AB440150_P001),(ZM00041AB437540_P001,(ZM00001EB419360_P001,ZM00031AB436960_P001))),ZM00038AB429900_P001);
(ZM00037AB424000_P001,((ZM00021AB427550_P001,(ZM00022AB425840_P001,(ZM00039AB428770_P001,ZM00032AB438480_P001))),((((ZM00034AB446340_P001,ZM00027AB425990_P001),(ZM00041AB437540_P001,(ZM00018AB440150_P001,ZM00020AB426220_P001))),ZM00031AB436960_P001),ZM00001EB419360_P001)),ZM00038AB429900_P001);
(ZM00037AB424000_P001,((ZM00022AB425840_P001,(ZM00021AB427550_P001,(ZM00032AB438480_P001,ZM00039AB428770_P001))),((ZM00018AB440150_P001,ZM00020AB426220_P001),((ZM00041AB437540_P001,(ZM00001EB419360_P001,ZM00031AB436960_P001)),(ZM00034AB446340_P001,ZM00027AB425990_P001)))),ZM00038AB429900_P001);
(ZM00037AB424000_P001,((ZM00021AB427550_P001,(ZM00022AB425840_P001,(ZM00032AB438480_P001,ZM00039AB428770_P001))),(((ZM00031AB436960_P001,ZM00001EB419360_P001),(ZM00034AB446340_P001,ZM00027AB425990_P001)),(ZM00041AB437540_P001,(ZM00018AB440150_P001,ZM00020AB426220_P001)))),ZM00038AB429900_P001);
(ZM00037AB424000_P001,((ZM00041AB437540_P001,(ZM00031AB436960_P001,ZM00001EB419360_P001)),((ZM00034AB446340_P001,ZM00027AB425990_P001),((((ZM00021AB427550_P001,ZM00022AB425840_P001),ZM00032AB438480_P001),ZM00039AB428770_P001),(ZM00018AB440150_P001,ZM00020AB426220_P001)))),ZM00038AB429900_P001);
(ZM00037AB424000_P001,((ZM00041AB437540_P001,(ZM00031AB436960_P001,ZM00001EB419360_P001)),((ZM00034AB446340_P001,ZM00027AB425990_P001),(((ZM00021AB427550_P001,(ZM00032AB438480_P001,ZM00039AB428770_P001)),ZM00022AB425840_P001),(ZM00018AB440150_P001,ZM00020AB426220_P001)))),ZM00038AB429900_P001);
(ZM00037AB424000_P001,((ZM00031AB436960_P001,ZM00001EB419360_P001),(((ZM00034AB446340_P001,ZM00027AB425990_P001),(((ZM00021AB427550_P001,(ZM00032AB438480_P001,ZM00039AB428770_P001)),ZM00022AB425840_P001),(ZM00018AB440150_P001,ZM00020AB426220_P001))),ZM00041AB437540_P001)),ZM00038AB429900_P001);
(ZM00037AB424000_P001,((ZM00021AB427550_P001,(ZM00022AB425840_P001,(ZM00032AB438480_P001,ZM00039AB428770_P001))),((ZM00018AB440150_P001,(ZM00020AB426220_P001,((ZM00041AB437540_P001,ZM00001EB419360_P001),ZM00031AB436960_P001))),(ZM00034AB446340_P001,ZM00027AB425990_P001))),ZM00038AB429900_P001);
(ZM00037AB424000_P001,((ZM00022AB425840_P001,(ZM00039AB428770_P001,(ZM00032AB438480_P001,ZM00021AB427550_P001))),((ZM00001EB419360_P001,ZM00031AB436960_P001),(ZM00041AB437540_P001,((ZM00034AB446340_P001,ZM00027AB425990_P001),(ZM00020AB426220_P001,ZM00018AB440150_P001))))),ZM00038AB429900_P001);
(ZM00037AB424000_P001,(((ZM00022AB425840_P001,(ZM00039AB428770_P001,ZM00032AB438480_P001)),ZM00021AB427550_P001),(ZM00001EB419360_P001,(ZM00031AB436960_P001,(ZM00041AB437540_P001,((ZM00034AB446340_P001,ZM00027AB425990_P001),(ZM00020AB426220_P001,ZM00018AB440150_P001)))))),ZM00038AB429900_P001);
(ZM00037AB424000_P001,(((ZM00041AB437540_P001,(((ZM00039AB428770_P001,(ZM00032AB438480_P001,ZM00022AB425840_P001)),ZM00021AB427550_P001),(ZM00018AB440150_P001,((ZM00034AB446340_P001,ZM00027AB425990_P001),ZM00020AB426220_P001)))),ZM00031AB436960_P001),ZM00001EB419360_P001),ZM00038AB429900_P001);
(((ZM00021AB427550_P001,(ZM00022AB425840_P001,(ZM00032AB438480_P001,ZM00039AB428770_P001))),((((ZM00041AB437540_P001,ZM00001EB419360_P001),ZM00031AB436960_P001),(ZM00020AB426220_P001,(ZM00034AB446340_P001,ZM00027AB425990_P001))),ZM00018AB440150_P001)),ZM00037AB424000_P001,ZM00038AB429900_P001);
(((ZM00021AB427550_P001,(ZM00022AB425840_P001,(ZM00032AB438480_P001,ZM00039AB428770_P001))),((ZM00018AB440150_P001,ZM00020AB426220_P001),((ZM00041AB437540_P001,(ZM00001EB419360_P001,ZM00031AB436960_P001)),(ZM00034AB446340_P001,ZM00027AB425990_P001)))),ZM00037AB424000_P001,ZM00038AB429900_P001);
(((ZM00041AB437540_P001,(ZM00020AB426220_P001,ZM00001EB419360_P001)),(ZM00031AB436960_P001,(((ZM00021AB427550_P001,(ZM00022AB425840_P001,(ZM00032AB438480_P001,ZM00039AB428770_P001))),(ZM00034AB446340_P001,ZM00027AB425990_P001)),ZM00018AB440150_P001))),ZM00037AB424000_P001,ZM00038AB429900_P001);
(((ZM00001EB419360_P001,(ZM00031AB436960_P001,ZM00041AB437540_P001)),((ZM00034AB446340_P001,ZM00027AB425990_P001),((ZM00020AB426220_P001,ZM00018AB440150_P001),(ZM00021AB427550_P001,(ZM00022AB425840_P001,(ZM00032AB438480_P001,ZM00039AB428770_P001)))))),ZM00037AB424000_P001,ZM00038AB429900_P001);
((((ZM00018AB440150_P001,ZM00041AB437540_P001),(ZM00020AB426220_P001,((ZM00031AB436960_P001,ZM00001EB419360_P001),(ZM00034AB446340_P001,ZM00027AB425990_P001)))),(ZM00021AB427550_P001,((ZM00039AB428770_P001,ZM00032AB438480_P001),ZM00022AB425840_P001))),ZM00037AB424000_P001,ZM00038AB429900_P001);
((ZM00001EB419360_P001,((ZM00031AB436960_P001,(((ZM00020AB426220_P001,ZM00018AB440150_P001),ZM00041AB437540_P001),(ZM00039AB428770_P001,((ZM00021AB427550_P001,ZM00022AB425840_P001),ZM00032AB438480_P001)))),(ZM00034AB446340_P001,ZM00027AB425990_P001))),ZM00037AB424000_P001,ZM00038AB429900_P001);
(((ZM00041AB437540_P001,(ZM00031AB436960_P001,ZM00001EB419360_P001)),(((ZM00018AB440150_P001,ZM00020AB426220_P001),((ZM00021AB427550_P001,(ZM00032AB438480_P001,ZM00039AB428770_P001)),ZM00022AB425840_P001)),(ZM00034AB446340_P001,ZM00027AB425990_P001))),ZM00037AB424000_P001,ZM00038AB429900_P001);
(((ZM00041AB437540_P001,(ZM00031AB436960_P001,ZM00001EB419360_P001)),(((ZM00018AB440150_P001,ZM00020AB426220_P001),(ZM00021AB427550_P001,((ZM00032AB438480_P001,ZM00022AB425840_P001),ZM00039AB428770_P001))),(ZM00034AB446340_P001,ZM00027AB425990_P001))),ZM00037AB424000_P001,ZM00038AB429900_P001);
(((ZM00021AB427550_P001,(ZM00022AB425840_P001,(ZM00039AB428770_P001,ZM00032AB438480_P001))),(ZM00001EB419360_P001,((((ZM00020AB426220_P001,(ZM00034AB446340_P001,ZM00027AB425990_P001)),ZM00018AB440150_P001),ZM00041AB437540_P001),ZM00031AB436960_P001))),ZM00037AB424000_P001,ZM00038AB429900_P001);
(((ZM00021AB427550_P001,(ZM00022AB425840_P001,(ZM00039AB428770_P001,ZM00032AB438480_P001))),((ZM00018AB440150_P001,((ZM00031AB436960_P001,ZM00041AB437540_P001),ZM00001EB419360_P001)),((ZM00034AB446340_P001,ZM00027AB425990_P001),ZM00020AB426220_P001))),ZM00037AB424000_P001,ZM00038AB429900_P001);
((((((ZM00039AB428770_P001,(ZM00022AB425840_P001,ZM00021AB427550_P001)),ZM00032AB438480_P001),(ZM00020AB426220_P001,ZM00018AB440150_P001)),(ZM00034AB446340_P001,ZM00027AB425990_P001)),(ZM00001EB419360_P001,(ZM00041AB437540_P001,ZM00031AB436960_P001))),ZM00037AB424000_P001,ZM00038AB429900_P001);
((((ZM00022AB425840_P001,(ZM00039AB428770_P001,ZM00032AB438480_P001)),ZM00021AB427550_P001),(ZM00001EB419360_P001,(((ZM00034AB446340_P001,ZM00027AB425990_P001),(ZM00018AB440150_P001,(ZM00020AB426220_P001,ZM00041AB437540_P001))),ZM00031AB436960_P001))),ZM00037AB424000_P001,ZM00038AB429900_P001);
((((ZM00022AB425840_P001,(ZM00039AB428770_P001,ZM00032AB438480_P001)),ZM00021AB427550_P001),((ZM00018AB440150_P001,ZM00020AB426220_P001),(((ZM00031AB436960_P001,ZM00001EB419360_P001),(ZM00034AB446340_P001,ZM00027AB425990_P001)),ZM00041AB437540_P001))),ZM00037AB424000_P001,ZM00038AB429900_P001);
((((ZM00022AB425840_P001,(ZM00039AB428770_P001,ZM00032AB438480_P001)),ZM00021AB427550_P001),((ZM00018AB440150_P001,ZM00020AB426220_P001),((ZM00041AB437540_P001,(ZM00001EB419360_P001,ZM00031AB436960_P001)),(ZM00034AB446340_P001,ZM00027AB425990_P001)))),ZM00037AB424000_P001,ZM00038AB429900_P001);
((((ZM00022AB425840_P001,(ZM00039AB428770_P001,ZM00032AB438480_P001)),ZM00021AB427550_P001),((ZM00018AB440150_P001,ZM00020AB426220_P001),((ZM00041AB437540_P001,(ZM00001EB419360_P001,ZM00031AB436960_P001)),(ZM00034AB446340_P001,ZM00027AB425990_P001)))),ZM00037AB424000_P001,ZM00038AB429900_P001);
((((ZM00022AB425840_P001,(ZM00039AB428770_P001,ZM00032AB438480_P001)),ZM00021AB427550_P001),((ZM00018AB440150_P001,ZM00020AB426220_P001),((ZM00041AB437540_P001,(ZM00001EB419360_P001,ZM00031AB436960_P001)),(ZM00034AB446340_P001,ZM00027AB425990_P001)))),ZM00037AB424000_P001,ZM00038AB429900_P001);
(((ZM00041AB437540_P001,(ZM00001EB419360_P001,ZM00031AB436960_P001)),(((((ZM00022AB425840_P001,(ZM00039AB428770_P001,ZM00032AB438480_P001)),ZM00021AB427550_P001),(ZM00034AB446340_P001,ZM00027AB425990_P001)),ZM00018AB440150_P001),ZM00020AB426220_P001)),ZM00037AB424000_P001,ZM00038AB429900_P001);
((((ZM00022AB425840_P001,(ZM00039AB428770_P001,ZM00032AB438480_P001)),ZM00021AB427550_P001),((ZM00034AB446340_P001,ZM00027AB425990_P001),(ZM00020AB426220_P001,(ZM00018AB440150_P001,(ZM00041AB437540_P001,(ZM00001EB419360_P001,ZM00031AB436960_P001)))))),ZM00037AB424000_P001,ZM00038AB429900_P001);
(((ZM00001EB419360_P001,(ZM00031AB436960_P001,ZM00041AB437540_P001)),((((ZM00022AB425840_P001,(ZM00039AB428770_P001,ZM00032AB438480_P001)),ZM00021AB427550_P001),(ZM00020AB426220_P001,ZM00018AB440150_P001)),(ZM00034AB446340_P001,ZM00027AB425990_P001))),ZM00037AB424000_P001,ZM00038AB429900_P001);
((((ZM00031AB436960_P001,ZM00001EB419360_P001),ZM00041AB437540_P001),((ZM00020AB426220_P001,ZM00018AB440150_P001),((ZM00034AB446340_P001,ZM00027AB425990_P001),((ZM00022AB425840_P001,(ZM00039AB428770_P001,ZM00032AB438480_P001)),ZM00021AB427550_P001)))),ZM00037AB424000_P001,ZM00038AB429900_P001);
(ZM00037AB424000_P001,((ZM00041AB437540_P001,(ZM00031AB436960_P001,ZM00001EB419360_P001)),((ZM00020AB426220_P001,ZM00018AB440150_P001),((ZM00027AB425990_P001,ZM00034AB446340_P001),((ZM00021AB427550_P001,(ZM00032AB438480_P001,ZM00039AB428770_P001)),ZM00022AB425840_P001)))),ZM00038AB429900_P001);
(ZM00037AB424000_P001,(((ZM00021AB427550_P001,(ZM00032AB438480_P001,ZM00039AB428770_P001)),ZM00022AB425840_P001),((ZM00020AB426220_P001,ZM00018AB440150_P001),((ZM00027AB425990_P001,ZM00034AB446340_P001),(ZM00041AB437540_P001,(ZM00031AB436960_P001,ZM00001EB419360_P001))))),ZM00038AB429900_P001);
(ZM00037AB424000_P001,((ZM00041AB437540_P001,(ZM00031AB436960_P001,ZM00001EB419360_P001)),(((ZM00021AB427550_P001,((ZM00022AB425840_P001,ZM00032AB438480_P001),ZM00039AB428770_P001)),(ZM00020AB426220_P001,ZM00018AB440150_P001)),(ZM00027AB425990_P001,ZM00034AB446340_P001))),ZM00038AB429900_P001);
(ZM00037AB424000_P001,((ZM00041AB437540_P001,(ZM00031AB436960_P001,(((((ZM00021AB427550_P001,ZM00039AB428770_P001),ZM00022AB425840_P001),ZM00032AB438480_P001),(ZM00020AB426220_P001,ZM00018AB440150_P001)),(ZM00027AB425990_P001,ZM00034AB446340_P001)))),ZM00001EB419360_P001),ZM00038AB429900_P001);
(ZM00037AB424000_P001,((ZM00021AB427550_P001,(ZM00022AB425840_P001,(ZM00039AB428770_P001,ZM00032AB438480_P001))),((ZM00020AB426220_P001,ZM00018AB440150_P001),((ZM00027AB425990_P001,ZM00034AB446340_P001),(ZM00041AB437540_P001,(ZM00031AB436960_P001,ZM00001EB419360_P001))))),ZM00038AB429900_P001);
(ZM00037AB424000_P001,(((ZM00001EB419360_P001,ZM00031AB436960_P001),ZM00041AB437540_P001),(((ZM00027AB425990_P001,ZM00034AB446340_P001),ZM00020AB426220_P001),(ZM00018AB440150_P001,(ZM00021AB427550_P001,((ZM00039AB428770_P001,ZM00032AB438480_P001),ZM00022AB425840_P001))))),ZM00038AB429900_P001);
(ZM00037AB424000_P001,(((ZM00001EB419360_P001,ZM00031AB436960_P001),ZM00041AB437540_P001),(((ZM00027AB425990_P001,ZM00034AB446340_P001),ZM00020AB426220_P001),(ZM00018AB440150_P001,(ZM00021AB427550_P001,((ZM00039AB428770_P001,ZM00032AB438480_P001),ZM00022AB425840_P001))))),ZM00038AB429900_P001);
(ZM00037AB424000_P001,((ZM00021AB427550_P001,((ZM00039AB428770_P001,ZM00032AB438480_P001),ZM00022AB425840_P001)),(((ZM00031AB436960_P001,(ZM00041AB437540_P001,ZM00001EB419360_P001)),(ZM00027AB425990_P001,ZM00034AB446340_P001)),(ZM00020AB426220_P001,ZM00018AB440150_P001))),ZM00038AB429900_P001);
(ZM00037AB424000_P001,((ZM00001EB419360_P001,(ZM00031AB436960_P001,ZM00041AB437540_P001)),((ZM00027AB425990_P001,ZM00034AB446340_P001),((ZM00020AB426220_P001,ZM00018AB440150_P001),(ZM00022AB425840_P001,(ZM00021AB427550_P001,(ZM00039AB428770_P001,ZM00032AB438480_P001)))))),ZM00038AB429900_P001);
(ZM00037AB424000_P001,((ZM00022AB425840_P001,(ZM00021AB427550_P001,(ZM00039AB428770_P001,ZM00032AB438480_P001))),(((ZM00027AB425990_P001,ZM00034AB446340_P001),ZM00020AB426220_P001),((ZM00041AB437540_P001,(ZM00001EB419360_P001,ZM00031AB436960_P001)),ZM00018AB440150_P001))),ZM00038AB429900_P001);
