

IMPORTANT WARNING: Sequences ZM00029AB155860_P001 and ZM00019AB142150_P001 are exactly identical


IMPORTANT WARNING: Sequences ZM00029AB155860_P001 and ZM00038AB153290_P001 are exactly identical


IMPORTANT WARNING: Sequences ZM00029AB155860_P001 and ZM00030AB150520_P001 are exactly identical


IMPORTANT WARNING: Sequences ZM00029AB155860_P001 and ZM00033AB159350_P001 are exactly identical


IMPORTANT WARNING: Sequences ZM00027AB152630_P001 and ZM00036AB154610_P001 are exactly identical


IMPORTANT WARNING: Sequences ZM00027AB152630_P001 and ZM00031AB155990_P001 are exactly identical


IMPORTANT WARNING: Sequences ZM00027AB152630_P001 and ZM00037AB151480_P001 are exactly identical


IMPORTANT WARNING: Sequences ZM00040AB160820_P001 and ZM00039AB152280_P001 are exactly identical


IMPORTANT WARNING: Sequences ZM00040AB160820_P001 and ZM00035AB155400_P001 are exactly identical


IMPORTANT WARNING: Sequences ZM00040AB160820_P001 and ZM00021AB152120_P001 are exactly identical


IMPORTANT WARNING: Sequences ZM00040AB160820_P001 and ZM00023AB154650_P001 are exactly identical


IMPORTANT WARNING: Sequences ZM00040AB160820_P001 and ZM00020AB152100_P001 are exactly identical


IMPORTANT WARNING: Sequences ZM00040AB160820_P001 and ZM00024AB153160_P001 are exactly identical


IMPORTANT WARNING: Sequences ZM00040AB160820_P001 and ZM00034AB160450_P001 are exactly identical


IMPORTANT WARNING: Sequences ZM00041AB151310_P001 and ZM00031AB150460_P001 are exactly identical


IMPORTANT WARNING: Sequences ZM00042AB155490_P001 and ZM00032AB154620_P001 are exactly identical


IMPORTANT WARNING: Sequences ZM00042AB155490_P001 and ZM00041AB156750_P001 are exactly identical

IMPORTANT WARNING
Found 17 sequences that are exactly identical to other sequences in the alignment.
Normally they should be excluded from the analysis.

Just in case you might need it, an alignment file with 
sequence duplicates removed is printed to file ../../RAxML_tree_pbNB-ARC/Initial_Clades/Int5258_27.afa.reduced


This is RAxML version 8.2.12 released by Alexandros Stamatakis on May 2018.

With greatly appreciated code contributions by:
Andre Aberer      (HITS)
Simon Berger      (HITS)
Alexey Kozlov     (HITS)
Kassian Kobert    (HITS)
David Dao         (KIT and HITS)
Sarah Lutteropp   (KIT and HITS)
Nick Pattengale   (Sandia)
Wayne Pfeiffer    (SDSC)
Akifumi S. Tanabe (NRIFS)
Charlie Taylor    (UF)


Alignment has 88 distinct alignment patterns

Proportion of gaps and completely undetermined characters in this alignment: 17.19%

RAxML rapid bootstrapping and subsequent ML search

Using 1 distinct models/data partitions with joint branch length optimization



Executing 100 rapid bootstrap inferences and thereafter a thorough ML search 

All free model parameters will be estimated by RAxML
ML estimate of 25 per site rate categories

Likelihood of final tree will be evaluated and optimized under GAMMA

GAMMA Model parameters will be estimated up to an accuracy of 0.1000000000 Log Likelihood units

Partition: 0
Alignment Patterns: 88
Name: No Name Provided
DataType: AA
Substitution Matrix: JTT
Using fixed base frequencies




RAxML was called as follows:

/Users/prigozhin/Installers/standard-RAxML/raxmlHPC-PTHREADS-AVX -T 1 -n Int5258_27.Raxml.out -f a -x 12345 -p 12345 -# 100 -m PROTCATJTT -s ../../RAxML_tree_pbNB-ARC/Initial_Clades/Int5258_27.afa 



Time for BS model parameter optimization 0.107361
Bootstrap[0]: Time 0.500200 seconds, bootstrap likelihood -2262.955882, best rearrangement setting 13
Bootstrap[1]: Time 0.363587 seconds, bootstrap likelihood -2269.572001, best rearrangement setting 13
Bootstrap[2]: Time 0.565588 seconds, bootstrap likelihood -2229.369610, best rearrangement setting 12
Bootstrap[3]: Time 0.732049 seconds, bootstrap likelihood -2260.826034, best rearrangement setting 15
Bootstrap[4]: Time 0.726839 seconds, bootstrap likelihood -2263.876508, best rearrangement setting 10
Bootstrap[5]: Time 0.898080 seconds, bootstrap likelihood -2285.136675, best rearrangement setting 10
Bootstrap[6]: Time 0.350470 seconds, bootstrap likelihood -2302.064709, best rearrangement setting 6
Bootstrap[7]: Time 0.633993 seconds, bootstrap likelihood -2264.110834, best rearrangement setting 14
Bootstrap[8]: Time 0.230044 seconds, bootstrap likelihood -2299.419405, best rearrangement setting 5
Bootstrap[9]: Time 0.690018 seconds, bootstrap likelihood -2221.131315, best rearrangement setting 7
Bootstrap[10]: Time 0.738635 seconds, bootstrap likelihood -2257.125025, best rearrangement setting 7
Bootstrap[11]: Time 0.624052 seconds, bootstrap likelihood -2275.263724, best rearrangement setting 5
Bootstrap[12]: Time 0.501660 seconds, bootstrap likelihood -2268.968692, best rearrangement setting 8
Bootstrap[13]: Time 0.643043 seconds, bootstrap likelihood -2319.296474, best rearrangement setting 7
Bootstrap[14]: Time 0.642935 seconds, bootstrap likelihood -2285.980227, best rearrangement setting 12
Bootstrap[15]: Time 1.528651 seconds, bootstrap likelihood -2285.618038, best rearrangement setting 15
Bootstrap[16]: Time 0.947724 seconds, bootstrap likelihood -2257.787119, best rearrangement setting 12
Bootstrap[17]: Time 0.758197 seconds, bootstrap likelihood -2270.432013, best rearrangement setting 12
Bootstrap[18]: Time 0.503507 seconds, bootstrap likelihood -2312.697357, best rearrangement setting 5
Bootstrap[19]: Time 0.370234 seconds, bootstrap likelihood -2248.247893, best rearrangement setting 8
Bootstrap[20]: Time 0.429470 seconds, bootstrap likelihood -2266.763308, best rearrangement setting 10
Bootstrap[21]: Time 0.338981 seconds, bootstrap likelihood -2221.860667, best rearrangement setting 6
Bootstrap[22]: Time 0.305077 seconds, bootstrap likelihood -2251.054378, best rearrangement setting 5
Bootstrap[23]: Time 0.716619 seconds, bootstrap likelihood -2301.002296, best rearrangement setting 7
Bootstrap[24]: Time 0.593678 seconds, bootstrap likelihood -2248.343708, best rearrangement setting 8
Bootstrap[25]: Time 0.689137 seconds, bootstrap likelihood -2293.405212, best rearrangement setting 6
Bootstrap[26]: Time 0.555453 seconds, bootstrap likelihood -2277.715766, best rearrangement setting 12
Bootstrap[27]: Time 0.708300 seconds, bootstrap likelihood -2281.485772, best rearrangement setting 10
Bootstrap[28]: Time 0.384213 seconds, bootstrap likelihood -2304.667757, best rearrangement setting 11
Bootstrap[29]: Time 0.435344 seconds, bootstrap likelihood -2246.297764, best rearrangement setting 12
Bootstrap[30]: Time 0.813167 seconds, bootstrap likelihood -2258.529938, best rearrangement setting 15
Bootstrap[31]: Time 0.542631 seconds, bootstrap likelihood -2266.711364, best rearrangement setting 15
Bootstrap[32]: Time 0.357978 seconds, bootstrap likelihood -2268.234383, best rearrangement setting 6
Bootstrap[33]: Time 0.371593 seconds, bootstrap likelihood -2282.144553, best rearrangement setting 15
Bootstrap[34]: Time 0.264018 seconds, bootstrap likelihood -2267.645550, best rearrangement setting 11
Bootstrap[35]: Time 0.265558 seconds, bootstrap likelihood -2292.717913, best rearrangement setting 8
Bootstrap[36]: Time 0.253790 seconds, bootstrap likelihood -2321.736744, best rearrangement setting 9
Bootstrap[37]: Time 0.541388 seconds, bootstrap likelihood -2243.100859, best rearrangement setting 11
Bootstrap[38]: Time 0.711701 seconds, bootstrap likelihood -2226.415010, best rearrangement setting 8
Bootstrap[39]: Time 0.556024 seconds, bootstrap likelihood -2299.940315, best rearrangement setting 13
Bootstrap[40]: Time 0.309314 seconds, bootstrap likelihood -2267.835930, best rearrangement setting 13
Bootstrap[41]: Time 0.340064 seconds, bootstrap likelihood -2317.981828, best rearrangement setting 10
Bootstrap[42]: Time 0.252038 seconds, bootstrap likelihood -2265.230711, best rearrangement setting 5
Bootstrap[43]: Time 0.378321 seconds, bootstrap likelihood -2267.314137, best rearrangement setting 14
Bootstrap[44]: Time 0.273713 seconds, bootstrap likelihood -2274.147317, best rearrangement setting 10
Bootstrap[45]: Time 0.278333 seconds, bootstrap likelihood -2270.711585, best rearrangement setting 15
Bootstrap[46]: Time 0.269761 seconds, bootstrap likelihood -2273.247860, best rearrangement setting 14
Bootstrap[47]: Time 0.248407 seconds, bootstrap likelihood -2276.623888, best rearrangement setting 8
Bootstrap[48]: Time 0.510993 seconds, bootstrap likelihood -2269.340614, best rearrangement setting 6
Bootstrap[49]: Time 0.362070 seconds, bootstrap likelihood -2273.299395, best rearrangement setting 7
Bootstrap[50]: Time 0.548726 seconds, bootstrap likelihood -2267.060793, best rearrangement setting 7
Bootstrap[51]: Time 0.609349 seconds, bootstrap likelihood -2256.768853, best rearrangement setting 11
Bootstrap[52]: Time 0.662424 seconds, bootstrap likelihood -2309.145316, best rearrangement setting 12
Bootstrap[53]: Time 0.379623 seconds, bootstrap likelihood -2257.620068, best rearrangement setting 8
Bootstrap[54]: Time 0.489051 seconds, bootstrap likelihood -2253.193610, best rearrangement setting 9
Bootstrap[55]: Time 0.423261 seconds, bootstrap likelihood -2274.076825, best rearrangement setting 11
Bootstrap[56]: Time 0.769310 seconds, bootstrap likelihood -2209.498947, best rearrangement setting 5
Bootstrap[57]: Time 0.530977 seconds, bootstrap likelihood -2255.404259, best rearrangement setting 7
Bootstrap[58]: Time 0.487601 seconds, bootstrap likelihood -2284.115082, best rearrangement setting 10
Bootstrap[59]: Time 0.670224 seconds, bootstrap likelihood -2282.658245, best rearrangement setting 9
Bootstrap[60]: Time 0.310158 seconds, bootstrap likelihood -2255.349841, best rearrangement setting 7
Bootstrap[61]: Time 0.263244 seconds, bootstrap likelihood -2260.741664, best rearrangement setting 5
Bootstrap[62]: Time 0.257351 seconds, bootstrap likelihood -2274.969975, best rearrangement setting 11
Bootstrap[63]: Time 0.242640 seconds, bootstrap likelihood -2278.705076, best rearrangement setting 12
Bootstrap[64]: Time 0.250265 seconds, bootstrap likelihood -2245.556650, best rearrangement setting 7
Bootstrap[65]: Time 0.542606 seconds, bootstrap likelihood -2257.222112, best rearrangement setting 5
Bootstrap[66]: Time 0.479706 seconds, bootstrap likelihood -2255.760899, best rearrangement setting 5
Bootstrap[67]: Time 0.706754 seconds, bootstrap likelihood -2325.026259, best rearrangement setting 15
Bootstrap[68]: Time 0.507404 seconds, bootstrap likelihood -2273.451622, best rearrangement setting 11
Bootstrap[69]: Time 0.571703 seconds, bootstrap likelihood -2221.294916, best rearrangement setting 5
Bootstrap[70]: Time 0.511646 seconds, bootstrap likelihood -2268.475359, best rearrangement setting 8
Bootstrap[71]: Time 0.498049 seconds, bootstrap likelihood -2274.390480, best rearrangement setting 10
Bootstrap[72]: Time 0.400446 seconds, bootstrap likelihood -2246.847297, best rearrangement setting 11
Bootstrap[73]: Time 0.530388 seconds, bootstrap likelihood -2299.566282, best rearrangement setting 9
Bootstrap[74]: Time 0.273005 seconds, bootstrap likelihood -2278.595931, best rearrangement setting 5
Bootstrap[75]: Time 0.292173 seconds, bootstrap likelihood -2265.981779, best rearrangement setting 8
Bootstrap[76]: Time 0.315911 seconds, bootstrap likelihood -2265.426957, best rearrangement setting 9
Bootstrap[77]: Time 0.335289 seconds, bootstrap likelihood -2248.581993, best rearrangement setting 11
Bootstrap[78]: Time 0.259855 seconds, bootstrap likelihood -2266.100230, best rearrangement setting 15
Bootstrap[79]: Time 0.259493 seconds, bootstrap likelihood -2255.870994, best rearrangement setting 9
Bootstrap[80]: Time 0.251854 seconds, bootstrap likelihood -2269.348158, best rearrangement setting 15
Bootstrap[81]: Time 0.266278 seconds, bootstrap likelihood -2274.445014, best rearrangement setting 7
Bootstrap[82]: Time 0.283768 seconds, bootstrap likelihood -2260.271780, best rearrangement setting 6
Bootstrap[83]: Time 0.394803 seconds, bootstrap likelihood -2231.702077, best rearrangement setting 10
Bootstrap[84]: Time 0.276855 seconds, bootstrap likelihood -2278.266613, best rearrangement setting 11
Bootstrap[85]: Time 0.269682 seconds, bootstrap likelihood -2302.118934, best rearrangement setting 8
Bootstrap[86]: Time 0.270770 seconds, bootstrap likelihood -2246.820020, best rearrangement setting 7
Bootstrap[87]: Time 0.249320 seconds, bootstrap likelihood -2299.936332, best rearrangement setting 7
Bootstrap[88]: Time 0.279737 seconds, bootstrap likelihood -2249.395216, best rearrangement setting 12
Bootstrap[89]: Time 1.165891 seconds, bootstrap likelihood -2245.117818, best rearrangement setting 10
Bootstrap[90]: Time 0.272435 seconds, bootstrap likelihood -2314.187453, best rearrangement setting 8
Bootstrap[91]: Time 0.527129 seconds, bootstrap likelihood -2235.793412, best rearrangement setting 12
Bootstrap[92]: Time 0.620047 seconds, bootstrap likelihood -2243.956512, best rearrangement setting 13
Bootstrap[93]: Time 0.554835 seconds, bootstrap likelihood -2261.905001, best rearrangement setting 15
Bootstrap[94]: Time 0.267353 seconds, bootstrap likelihood -2264.937699, best rearrangement setting 5
Bootstrap[95]: Time 0.232702 seconds, bootstrap likelihood -2310.102572, best rearrangement setting 5
Bootstrap[96]: Time 0.385341 seconds, bootstrap likelihood -2295.046377, best rearrangement setting 13
Bootstrap[97]: Time 0.374802 seconds, bootstrap likelihood -2249.704860, best rearrangement setting 11
Bootstrap[98]: Time 0.256250 seconds, bootstrap likelihood -2261.970737, best rearrangement setting 6
Bootstrap[99]: Time 0.365977 seconds, bootstrap likelihood -2243.401196, best rearrangement setting 14


Overall Time for 100 Rapid Bootstraps 46.979355 seconds
Average Time per Rapid Bootstrap 0.469794 seconds

Starting ML Search ...

Fast ML optimization finished

Fast ML search Time: 17.355191 seconds

Slow ML Search 0 Likelihood: -2339.513004
Slow ML Search 1 Likelihood: -2339.513004
Slow ML Search 2 Likelihood: -2339.513004
Slow ML Search 3 Likelihood: -2339.513004
Slow ML Search 4 Likelihood: -2339.513004
Slow ML Search 5 Likelihood: -2339.513004
Slow ML Search 6 Likelihood: -2339.513004
Slow ML Search 7 Likelihood: -2339.513004
Slow ML Search 8 Likelihood: -2339.513004
Slow ML Search 9 Likelihood: -2339.513004
Slow ML optimization finished

Slow ML search Time: 6.719547 seconds
Thorough ML search Time: 1.494809 seconds

Final ML Optimization Likelihood: -2339.513004

Model Information:

Model Parameters of Partition 0, Name: No Name Provided, Type of Data: AA
alpha: 0.020000
Tree-Length: 0.030207
rate A <-> R: 0.603538
rate A <-> N: 0.561915
rate A <-> D: 0.842872
rate A <-> C: 0.582726
rate A <-> Q: 0.593132
rate A <-> E: 1.092612
rate A <-> G: 1.862643
rate A <-> H: 0.280957
rate A <-> I: 0.374610
rate A <-> L: 0.312175
rate A <-> K: 0.364204
rate A <-> M: 0.561915
rate A <-> F: 0.156087
rate A <-> P: 2.018730
rate A <-> S: 3.933403
rate A <-> T: 4.942768
rate A <-> W: 0.093652
rate A <-> Y: 0.114464
rate A <-> V: 3.100937
rate R <-> N: 0.468262
rate R <-> D: 0.166493
rate R <-> C: 1.175858
rate R <-> Q: 3.225806
rate R <-> E: 0.301769
rate R <-> G: 1.425598
rate R <-> H: 3.413111
rate R <-> I: 0.228928
rate R <-> L: 0.395421
rate R <-> K: 6.722164
rate R <-> M: 0.457856
rate R <-> F: 0.052029
rate R <-> P: 0.770031
rate R <-> S: 1.050989
rate R <-> T: 0.665973
rate R <-> W: 1.311134
rate R <-> Y: 0.208117
rate R <-> V: 0.176899
rate N <-> D: 5.494277
rate N <-> C: 0.353798
rate N <-> Q: 0.894901
rate N <-> E: 0.603538
rate N <-> G: 0.842872
rate N <-> H: 4.068678
rate N <-> I: 0.489074
rate N <-> L: 0.124870
rate N <-> K: 2.736733
rate N <-> M: 0.312175
rate N <-> F: 0.104058
rate N <-> P: 0.156087
rate N <-> S: 5.234131
rate N <-> T: 2.414152
rate N <-> W: 0.083247
rate N <-> Y: 0.728408
rate N <-> V: 0.166493
rate D <-> C: 0.104058
rate D <-> Q: 0.509886
rate D <-> E: 7.981270
rate D <-> G: 1.352758
rate D <-> H: 1.165453
rate D <-> I: 0.114464
rate D <-> L: 0.072841
rate D <-> K: 0.270552
rate D <-> M: 0.156087
rate D <-> F: 0.041623
rate D <-> P: 0.156087
rate D <-> S: 0.613944
rate D <-> T: 0.395421
rate D <-> W: 0.041623
rate D <-> Y: 0.478668
rate D <-> V: 0.322581
rate C <-> Q: 0.093652
rate C <-> E: 0.052029
rate C <-> G: 0.613944
rate C <-> H: 0.718002
rate C <-> I: 0.176899
rate C <-> L: 0.239334
rate C <-> K: 0.072841
rate C <-> M: 0.322581
rate C <-> F: 0.811655
rate C <-> P: 0.145682
rate C <-> S: 2.320499
rate C <-> T: 0.437045
rate C <-> W: 1.196670
rate C <-> Y: 2.174818
rate C <-> V: 0.645161
rate Q <-> E: 3.361082
rate Q <-> G: 0.270552
rate Q <-> H: 6.212279
rate Q <-> I: 0.093652
rate Q <-> L: 0.749220
rate Q <-> K: 3.038502
rate Q <-> M: 0.447451
rate Q <-> F: 0.041623
rate Q <-> P: 1.706556
rate Q <-> S: 0.551509
rate Q <-> T: 0.530697
rate Q <-> W: 0.187305
rate Q <-> Y: 0.249740
rate Q <-> V: 0.208117
rate E <-> G: 1.238293
rate E <-> H: 0.270552
rate E <-> I: 0.124870
rate E <-> L: 0.093652
rate E <-> K: 1.883455
rate E <-> M: 0.187305
rate E <-> F: 0.052029
rate E <-> P: 0.187305
rate E <-> S: 0.312175
rate E <-> T: 0.332986
rate E <-> W: 0.104058
rate E <-> Y: 0.072841
rate E <-> V: 0.468262
rate G <-> H: 0.239334
rate G <-> I: 0.062435
rate G <-> L: 0.062435
rate G <-> K: 0.280957
rate G <-> M: 0.145682
rate G <-> F: 0.052029
rate G <-> P: 0.249740
rate G <-> S: 2.091571
rate G <-> T: 0.343392
rate G <-> W: 0.572320
rate G <-> Y: 0.083247
rate G <-> V: 0.489074
rate H <-> I: 0.166493
rate H <-> L: 0.582726
rate H <-> K: 0.468262
rate H <-> M: 0.343392
rate H <-> F: 0.416233
rate H <-> P: 1.196670
rate H <-> S: 0.759625
rate H <-> T: 0.478668
rate H <-> W: 0.083247
rate H <-> Y: 5.962539
rate H <-> V: 0.114464
rate I <-> L: 2.382934
rate I <-> K: 0.218522
rate I <-> M: 4.984391
rate I <-> F: 0.926119
rate I <-> P: 0.104058
rate I <-> S: 0.416233
rate I <-> T: 2.549428
rate I <-> W: 0.093652
rate I <-> Y: 0.332986
rate I <-> V: 10.000000
rate L <-> K: 0.145682
rate L <-> M: 4.037461
rate L <-> F: 2.580645
rate L <-> P: 1.061394
rate L <-> S: 0.613944
rate L <-> T: 0.260146
rate L <-> W: 0.541103
rate L <-> Y: 0.249740
rate L <-> V: 1.873049
rate K <-> M: 0.676379
rate K <-> F: 0.041623
rate K <-> P: 0.218522
rate K <-> S: 0.489074
rate K <-> T: 1.071800
rate K <-> W: 0.104058
rate K <-> Y: 0.083247
rate K <-> V: 0.145682
rate M <-> F: 0.447451
rate M <-> P: 0.166493
rate M <-> S: 0.301769
rate M <-> T: 2.351717
rate M <-> W: 0.249740
rate M <-> Y: 0.187305
rate M <-> V: 3.361082
rate F <-> P: 0.176899
rate F <-> S: 0.957336
rate F <-> T: 0.124870
rate F <-> W: 0.551509
rate F <-> Y: 5.577523
rate F <-> V: 0.645161
rate P <-> S: 2.965661
rate P <-> T: 1.227888
rate P <-> W: 0.062435
rate P <-> Y: 0.104058
rate P <-> V: 0.239334
rate S <-> T: 4.963580
rate S <-> W: 0.364204
rate S <-> Y: 0.655567
rate S <-> V: 0.395421
rate T <-> W: 0.124870
rate T <-> Y: 0.218522
rate T <-> V: 1.165453
rate W <-> Y: 0.738814
rate W <-> V: 0.260146
rate Y <-> V: 0.166493

freq pi(A): 0.076748
freq pi(R): 0.051691
freq pi(N): 0.042645
freq pi(D): 0.051544
freq pi(C): 0.019803
freq pi(Q): 0.040752
freq pi(E): 0.061830
freq pi(G): 0.073152
freq pi(H): 0.022944
freq pi(I): 0.053761
freq pi(L): 0.091904
freq pi(K): 0.058676
freq pi(M): 0.023826
freq pi(F): 0.040126
freq pi(P): 0.050901
freq pi(S): 0.068765
freq pi(T): 0.058565
freq pi(W): 0.014261
freq pi(Y): 0.032102
freq pi(V): 0.066004


ML search took 25.598741 secs or 0.007111 hours

Combined Bootstrap and ML search took 72.578326 secs or 0.020161 hours

Drawing Bootstrap Support Values on best-scoring ML tree ...



Found 1 tree in File /Users/prigozhin/Dropbox/NLRomes/Maize_NLRome/RAxML_tree_pbNB-ARC/Initial_Clades/RAxML_bestTree.Int5258_27.Raxml.out



Found 1 tree in File /Users/prigozhin/Dropbox/NLRomes/Maize_NLRome/RAxML_tree_pbNB-ARC/Initial_Clades/RAxML_bestTree.Int5258_27.Raxml.out

Program execution info written to /Users/prigozhin/Dropbox/NLRomes/Maize_NLRome/RAxML_tree_pbNB-ARC/Initial_Clades/RAxML_info.Int5258_27.Raxml.out
All 100 bootstrapped trees written to: /Users/prigozhin/Dropbox/NLRomes/Maize_NLRome/RAxML_tree_pbNB-ARC/Initial_Clades/RAxML_bootstrap.Int5258_27.Raxml.out

Best-scoring ML tree written to: /Users/prigozhin/Dropbox/NLRomes/Maize_NLRome/RAxML_tree_pbNB-ARC/Initial_Clades/RAxML_bestTree.Int5258_27.Raxml.out

Best-scoring ML tree with support values written to: /Users/prigozhin/Dropbox/NLRomes/Maize_NLRome/RAxML_tree_pbNB-ARC/Initial_Clades/RAxML_bipartitions.Int5258_27.Raxml.out

Best-scoring ML tree with support values as branch labels written to: /Users/prigozhin/Dropbox/NLRomes/Maize_NLRome/RAxML_tree_pbNB-ARC/Initial_Clades/RAxML_bipartitionsBranchLabels.Int5258_27.Raxml.out

Overall execution time for full ML analysis: 72.590510 secs or 0.020164 hours or 0.000840 days

