

IMPORTANT WARNING: Sequences ZM00001EB108350_P001 and ZM00041AB112080_P001 are exactly identical


IMPORTANT WARNING: Sequences ZM00001EB108350_P001 and ZM00021AB108870_P001 are exactly identical


IMPORTANT WARNING: Sequences ZM00001EB108350_P001 and ZM00036AB111870_P001 are exactly identical


IMPORTANT WARNING: Sequences ZM00001EB108350_P001 and ZM00018AB111280_P001 are exactly identical


IMPORTANT WARNING: Sequences ZM00001EB108350_P001 and ZM00028AB110550_P001 are exactly identical


IMPORTANT WARNING: Sequences ZM00001EB108350_P001 and ZM00033AB114000_P001 are exactly identical


IMPORTANT WARNING: Sequences ZM00039AB109240_P001 and ZM00032AB111700_P001 are exactly identical


IMPORTANT WARNING: Sequences ZM00020AB109090_P001 and ZM00025AB111980_P001 are exactly identical


IMPORTANT WARNING: Sequences ZM00020AB109090_P001 and ZM00027AB108930_P001 are exactly identical

IMPORTANT WARNING
Found 9 sequences that are exactly identical to other sequences in the alignment.
Normally they should be excluded from the analysis.

Just in case you might need it, an alignment file with 
sequence duplicates removed is printed to file ../../RAxML_tree_pbNB-ARC/Initial_Clades/Int3861_25.afa.reduced


This is RAxML version 8.2.12 released by Alexandros Stamatakis on May 2018.

With greatly appreciated code contributions by:
Andre Aberer      (HITS)
Simon Berger      (HITS)
Alexey Kozlov     (HITS)
Kassian Kobert    (HITS)
David Dao         (KIT and HITS)
Sarah Lutteropp   (KIT and HITS)
Nick Pattengale   (Sandia)
Wayne Pfeiffer    (SDSC)
Akifumi S. Tanabe (NRIFS)
Charlie Taylor    (UF)


Alignment has 133 distinct alignment patterns

Proportion of gaps and completely undetermined characters in this alignment: 6.67%

RAxML rapid bootstrapping and subsequent ML search

Using 1 distinct models/data partitions with joint branch length optimization



Executing 100 rapid bootstrap inferences and thereafter a thorough ML search 

All free model parameters will be estimated by RAxML
ML estimate of 25 per site rate categories

Likelihood of final tree will be evaluated and optimized under GAMMA

GAMMA Model parameters will be estimated up to an accuracy of 0.1000000000 Log Likelihood units

Partition: 0
Alignment Patterns: 133
Name: No Name Provided
DataType: AA
Substitution Matrix: JTT
Using fixed base frequencies




RAxML was called as follows:

/Users/prigozhin/Installers/standard-RAxML/raxmlHPC-PTHREADS-AVX -T 1 -n Int3861_25.Raxml.out -f a -x 12345 -p 12345 -# 100 -m PROTCATJTT -s ../../RAxML_tree_pbNB-ARC/Initial_Clades/Int3861_25.afa 



Time for BS model parameter optimization 0.151596
Bootstrap[0]: Time 0.764799 seconds, bootstrap likelihood -3293.161252, best rearrangement setting 13
Bootstrap[1]: Time 0.577170 seconds, bootstrap likelihood -3408.093835, best rearrangement setting 13
Bootstrap[2]: Time 0.597652 seconds, bootstrap likelihood -3383.551154, best rearrangement setting 12
Bootstrap[3]: Time 0.558958 seconds, bootstrap likelihood -3380.767126, best rearrangement setting 15
Bootstrap[4]: Time 0.902240 seconds, bootstrap likelihood -3377.293786, best rearrangement setting 10
Bootstrap[5]: Time 0.617193 seconds, bootstrap likelihood -3415.348430, best rearrangement setting 10
Bootstrap[6]: Time 0.607923 seconds, bootstrap likelihood -3375.044678, best rearrangement setting 6
Bootstrap[7]: Time 0.735834 seconds, bootstrap likelihood -3475.373132, best rearrangement setting 14
Bootstrap[8]: Time 0.519954 seconds, bootstrap likelihood -3304.189165, best rearrangement setting 5
Bootstrap[9]: Time 0.262879 seconds, bootstrap likelihood -3345.912431, best rearrangement setting 7
Bootstrap[10]: Time 0.282223 seconds, bootstrap likelihood -3311.592631, best rearrangement setting 7
Bootstrap[11]: Time 0.275841 seconds, bootstrap likelihood -3458.562874, best rearrangement setting 5
Bootstrap[12]: Time 0.649449 seconds, bootstrap likelihood -3340.033947, best rearrangement setting 8
Bootstrap[13]: Time 0.539182 seconds, bootstrap likelihood -3469.078061, best rearrangement setting 7
Bootstrap[14]: Time 0.959472 seconds, bootstrap likelihood -3377.944608, best rearrangement setting 12
Bootstrap[15]: Time 0.254324 seconds, bootstrap likelihood -3380.673269, best rearrangement setting 15
Bootstrap[16]: Time 0.641009 seconds, bootstrap likelihood -3357.649312, best rearrangement setting 12
Bootstrap[17]: Time 0.750668 seconds, bootstrap likelihood -3417.486898, best rearrangement setting 12
Bootstrap[18]: Time 0.578489 seconds, bootstrap likelihood -3297.472230, best rearrangement setting 5
Bootstrap[19]: Time 0.533941 seconds, bootstrap likelihood -3315.046814, best rearrangement setting 8
Bootstrap[20]: Time 0.546646 seconds, bootstrap likelihood -3414.247391, best rearrangement setting 10
Bootstrap[21]: Time 0.520311 seconds, bootstrap likelihood -3368.857764, best rearrangement setting 6
Bootstrap[22]: Time 0.512217 seconds, bootstrap likelihood -3382.963165, best rearrangement setting 5
Bootstrap[23]: Time 0.596067 seconds, bootstrap likelihood -3328.044390, best rearrangement setting 7
Bootstrap[24]: Time 0.580982 seconds, bootstrap likelihood -3356.111570, best rearrangement setting 8
Bootstrap[25]: Time 0.586340 seconds, bootstrap likelihood -3329.847725, best rearrangement setting 6
Bootstrap[26]: Time 0.557818 seconds, bootstrap likelihood -3423.147693, best rearrangement setting 12
Bootstrap[27]: Time 0.498135 seconds, bootstrap likelihood -3346.473096, best rearrangement setting 10
Bootstrap[28]: Time 0.668052 seconds, bootstrap likelihood -3380.345743, best rearrangement setting 11
Bootstrap[29]: Time 0.571110 seconds, bootstrap likelihood -3377.616087, best rearrangement setting 12
Bootstrap[30]: Time 0.766487 seconds, bootstrap likelihood -3407.442939, best rearrangement setting 15
Bootstrap[31]: Time 0.675609 seconds, bootstrap likelihood -3426.141897, best rearrangement setting 15
Bootstrap[32]: Time 0.646816 seconds, bootstrap likelihood -3330.553279, best rearrangement setting 6
Bootstrap[33]: Time 0.701501 seconds, bootstrap likelihood -3404.187368, best rearrangement setting 15
Bootstrap[34]: Time 0.647630 seconds, bootstrap likelihood -3402.840893, best rearrangement setting 11
Bootstrap[35]: Time 0.572209 seconds, bootstrap likelihood -3360.788256, best rearrangement setting 8
Bootstrap[36]: Time 0.611597 seconds, bootstrap likelihood -3402.768955, best rearrangement setting 9
Bootstrap[37]: Time 0.751080 seconds, bootstrap likelihood -3472.445102, best rearrangement setting 11
Bootstrap[38]: Time 0.581580 seconds, bootstrap likelihood -3376.033110, best rearrangement setting 8
Bootstrap[39]: Time 0.568181 seconds, bootstrap likelihood -3407.299493, best rearrangement setting 13
Bootstrap[40]: Time 0.657141 seconds, bootstrap likelihood -3415.439405, best rearrangement setting 13
Bootstrap[41]: Time 0.809950 seconds, bootstrap likelihood -3396.174719, best rearrangement setting 10
Bootstrap[42]: Time 0.493354 seconds, bootstrap likelihood -3299.778930, best rearrangement setting 5
Bootstrap[43]: Time 0.601814 seconds, bootstrap likelihood -3362.091202, best rearrangement setting 14
Bootstrap[44]: Time 0.807791 seconds, bootstrap likelihood -3430.596800, best rearrangement setting 10
Bootstrap[45]: Time 0.298693 seconds, bootstrap likelihood -3402.678488, best rearrangement setting 15
Bootstrap[46]: Time 0.611376 seconds, bootstrap likelihood -3397.869921, best rearrangement setting 14
Bootstrap[47]: Time 0.646436 seconds, bootstrap likelihood -3313.117425, best rearrangement setting 8
Bootstrap[48]: Time 0.643889 seconds, bootstrap likelihood -3281.443648, best rearrangement setting 6
Bootstrap[49]: Time 0.700661 seconds, bootstrap likelihood -3366.226767, best rearrangement setting 7
Bootstrap[50]: Time 0.566667 seconds, bootstrap likelihood -3429.673648, best rearrangement setting 7
Bootstrap[51]: Time 0.660815 seconds, bootstrap likelihood -3277.003519, best rearrangement setting 11
Bootstrap[52]: Time 0.602692 seconds, bootstrap likelihood -3411.669817, best rearrangement setting 12
Bootstrap[53]: Time 0.586518 seconds, bootstrap likelihood -3481.951669, best rearrangement setting 8
Bootstrap[54]: Time 0.275733 seconds, bootstrap likelihood -3421.131119, best rearrangement setting 9
Bootstrap[55]: Time 0.278899 seconds, bootstrap likelihood -3427.827454, best rearrangement setting 11
Bootstrap[56]: Time 0.709383 seconds, bootstrap likelihood -3424.771418, best rearrangement setting 5
Bootstrap[57]: Time 0.641013 seconds, bootstrap likelihood -3390.522602, best rearrangement setting 7
Bootstrap[58]: Time 0.695679 seconds, bootstrap likelihood -3357.536675, best rearrangement setting 10
Bootstrap[59]: Time 0.713354 seconds, bootstrap likelihood -3347.543419, best rearrangement setting 9
Bootstrap[60]: Time 0.708002 seconds, bootstrap likelihood -3287.868261, best rearrangement setting 7
Bootstrap[61]: Time 0.588553 seconds, bootstrap likelihood -3313.884785, best rearrangement setting 5
Bootstrap[62]: Time 0.676008 seconds, bootstrap likelihood -3388.563609, best rearrangement setting 11
Bootstrap[63]: Time 0.630400 seconds, bootstrap likelihood -3274.973134, best rearrangement setting 12
Bootstrap[64]: Time 0.855170 seconds, bootstrap likelihood -3373.897154, best rearrangement setting 7
Bootstrap[65]: Time 0.505375 seconds, bootstrap likelihood -3277.209586, best rearrangement setting 5
Bootstrap[66]: Time 0.697227 seconds, bootstrap likelihood -3320.107543, best rearrangement setting 5
Bootstrap[67]: Time 0.548971 seconds, bootstrap likelihood -3338.836536, best rearrangement setting 15
Bootstrap[68]: Time 0.699268 seconds, bootstrap likelihood -3398.333261, best rearrangement setting 11
Bootstrap[69]: Time 0.658842 seconds, bootstrap likelihood -3418.446674, best rearrangement setting 5
Bootstrap[70]: Time 0.817828 seconds, bootstrap likelihood -3296.991520, best rearrangement setting 8
Bootstrap[71]: Time 0.727928 seconds, bootstrap likelihood -3386.545247, best rearrangement setting 10
Bootstrap[72]: Time 0.754365 seconds, bootstrap likelihood -3407.700069, best rearrangement setting 11
Bootstrap[73]: Time 0.906843 seconds, bootstrap likelihood -3282.234110, best rearrangement setting 9
Bootstrap[74]: Time 0.579113 seconds, bootstrap likelihood -3426.677968, best rearrangement setting 5
Bootstrap[75]: Time 0.673235 seconds, bootstrap likelihood -3418.369603, best rearrangement setting 8
Bootstrap[76]: Time 0.279270 seconds, bootstrap likelihood -3392.904190, best rearrangement setting 9
Bootstrap[77]: Time 0.642581 seconds, bootstrap likelihood -3363.988824, best rearrangement setting 11
Bootstrap[78]: Time 0.663471 seconds, bootstrap likelihood -3476.903435, best rearrangement setting 15
Bootstrap[79]: Time 0.635246 seconds, bootstrap likelihood -3366.695189, best rearrangement setting 9
Bootstrap[80]: Time 0.589635 seconds, bootstrap likelihood -3348.106646, best rearrangement setting 15
Bootstrap[81]: Time 0.517987 seconds, bootstrap likelihood -3351.452004, best rearrangement setting 7
Bootstrap[82]: Time 0.694172 seconds, bootstrap likelihood -3407.617280, best rearrangement setting 6
Bootstrap[83]: Time 0.539566 seconds, bootstrap likelihood -3372.293262, best rearrangement setting 10
Bootstrap[84]: Time 0.306036 seconds, bootstrap likelihood -3362.907612, best rearrangement setting 11
Bootstrap[85]: Time 0.567379 seconds, bootstrap likelihood -3356.904646, best rearrangement setting 8
Bootstrap[86]: Time 0.764710 seconds, bootstrap likelihood -3437.500391, best rearrangement setting 7
Bootstrap[87]: Time 0.581437 seconds, bootstrap likelihood -3388.476381, best rearrangement setting 7
Bootstrap[88]: Time 0.631134 seconds, bootstrap likelihood -3458.654915, best rearrangement setting 12
Bootstrap[89]: Time 0.724702 seconds, bootstrap likelihood -3527.466655, best rearrangement setting 10
Bootstrap[90]: Time 0.303431 seconds, bootstrap likelihood -3337.547744, best rearrangement setting 8
Bootstrap[91]: Time 0.600759 seconds, bootstrap likelihood -3323.808006, best rearrangement setting 12
Bootstrap[92]: Time 0.695625 seconds, bootstrap likelihood -3356.750770, best rearrangement setting 13
Bootstrap[93]: Time 0.644715 seconds, bootstrap likelihood -3336.176908, best rearrangement setting 15
Bootstrap[94]: Time 0.687718 seconds, bootstrap likelihood -3323.336364, best rearrangement setting 5
Bootstrap[95]: Time 0.655969 seconds, bootstrap likelihood -3413.769062, best rearrangement setting 5
Bootstrap[96]: Time 0.549196 seconds, bootstrap likelihood -3326.575060, best rearrangement setting 13
Bootstrap[97]: Time 0.730101 seconds, bootstrap likelihood -3329.173238, best rearrangement setting 11
Bootstrap[98]: Time 0.659978 seconds, bootstrap likelihood -3438.916949, best rearrangement setting 6
Bootstrap[99]: Time 0.684640 seconds, bootstrap likelihood -3363.274608, best rearrangement setting 14


Overall Time for 100 Rapid Bootstraps 61.174324 seconds
Average Time per Rapid Bootstrap 0.611743 seconds

Starting ML Search ...

Fast ML optimization finished

Fast ML search Time: 31.783298 seconds

Slow ML Search 0 Likelihood: -3572.183151
Slow ML Search 1 Likelihood: -3572.183151
Slow ML Search 2 Likelihood: -3572.183151
Slow ML Search 3 Likelihood: -3572.186718
Slow ML Search 4 Likelihood: -3572.186719
Slow ML Search 5 Likelihood: -3572.186719
Slow ML Search 6 Likelihood: -3572.183153
Slow ML Search 7 Likelihood: -3572.186721
Slow ML Search 8 Likelihood: -3572.183153
Slow ML Search 9 Likelihood: -3572.187244
Slow ML optimization finished

Slow ML search Time: 9.831010 seconds
Thorough ML search Time: 2.061487 seconds

Final ML Optimization Likelihood: -3572.183151

Model Information:

Model Parameters of Partition 0, Name: No Name Provided, Type of Data: AA
alpha: 0.020000
Tree-Length: 0.078480
rate A <-> R: 0.603538
rate A <-> N: 0.561915
rate A <-> D: 0.842872
rate A <-> C: 0.582726
rate A <-> Q: 0.593132
rate A <-> E: 1.092612
rate A <-> G: 1.862643
rate A <-> H: 0.280957
rate A <-> I: 0.374610
rate A <-> L: 0.312175
rate A <-> K: 0.364204
rate A <-> M: 0.561915
rate A <-> F: 0.156087
rate A <-> P: 2.018730
rate A <-> S: 3.933403
rate A <-> T: 4.942768
rate A <-> W: 0.093652
rate A <-> Y: 0.114464
rate A <-> V: 3.100937
rate R <-> N: 0.468262
rate R <-> D: 0.166493
rate R <-> C: 1.175858
rate R <-> Q: 3.225806
rate R <-> E: 0.301769
rate R <-> G: 1.425598
rate R <-> H: 3.413111
rate R <-> I: 0.228928
rate R <-> L: 0.395421
rate R <-> K: 6.722164
rate R <-> M: 0.457856
rate R <-> F: 0.052029
rate R <-> P: 0.770031
rate R <-> S: 1.050989
rate R <-> T: 0.665973
rate R <-> W: 1.311134
rate R <-> Y: 0.208117
rate R <-> V: 0.176899
rate N <-> D: 5.494277
rate N <-> C: 0.353798
rate N <-> Q: 0.894901
rate N <-> E: 0.603538
rate N <-> G: 0.842872
rate N <-> H: 4.068678
rate N <-> I: 0.489074
rate N <-> L: 0.124870
rate N <-> K: 2.736733
rate N <-> M: 0.312175
rate N <-> F: 0.104058
rate N <-> P: 0.156087
rate N <-> S: 5.234131
rate N <-> T: 2.414152
rate N <-> W: 0.083247
rate N <-> Y: 0.728408
rate N <-> V: 0.166493
rate D <-> C: 0.104058
rate D <-> Q: 0.509886
rate D <-> E: 7.981270
rate D <-> G: 1.352758
rate D <-> H: 1.165453
rate D <-> I: 0.114464
rate D <-> L: 0.072841
rate D <-> K: 0.270552
rate D <-> M: 0.156087
rate D <-> F: 0.041623
rate D <-> P: 0.156087
rate D <-> S: 0.613944
rate D <-> T: 0.395421
rate D <-> W: 0.041623
rate D <-> Y: 0.478668
rate D <-> V: 0.322581
rate C <-> Q: 0.093652
rate C <-> E: 0.052029
rate C <-> G: 0.613944
rate C <-> H: 0.718002
rate C <-> I: 0.176899
rate C <-> L: 0.239334
rate C <-> K: 0.072841
rate C <-> M: 0.322581
rate C <-> F: 0.811655
rate C <-> P: 0.145682
rate C <-> S: 2.320499
rate C <-> T: 0.437045
rate C <-> W: 1.196670
rate C <-> Y: 2.174818
rate C <-> V: 0.645161
rate Q <-> E: 3.361082
rate Q <-> G: 0.270552
rate Q <-> H: 6.212279
rate Q <-> I: 0.093652
rate Q <-> L: 0.749220
rate Q <-> K: 3.038502
rate Q <-> M: 0.447451
rate Q <-> F: 0.041623
rate Q <-> P: 1.706556
rate Q <-> S: 0.551509
rate Q <-> T: 0.530697
rate Q <-> W: 0.187305
rate Q <-> Y: 0.249740
rate Q <-> V: 0.208117
rate E <-> G: 1.238293
rate E <-> H: 0.270552
rate E <-> I: 0.124870
rate E <-> L: 0.093652
rate E <-> K: 1.883455
rate E <-> M: 0.187305
rate E <-> F: 0.052029
rate E <-> P: 0.187305
rate E <-> S: 0.312175
rate E <-> T: 0.332986
rate E <-> W: 0.104058
rate E <-> Y: 0.072841
rate E <-> V: 0.468262
rate G <-> H: 0.239334
rate G <-> I: 0.062435
rate G <-> L: 0.062435
rate G <-> K: 0.280957
rate G <-> M: 0.145682
rate G <-> F: 0.052029
rate G <-> P: 0.249740
rate G <-> S: 2.091571
rate G <-> T: 0.343392
rate G <-> W: 0.572320
rate G <-> Y: 0.083247
rate G <-> V: 0.489074
rate H <-> I: 0.166493
rate H <-> L: 0.582726
rate H <-> K: 0.468262
rate H <-> M: 0.343392
rate H <-> F: 0.416233
rate H <-> P: 1.196670
rate H <-> S: 0.759625
rate H <-> T: 0.478668
rate H <-> W: 0.083247
rate H <-> Y: 5.962539
rate H <-> V: 0.114464
rate I <-> L: 2.382934
rate I <-> K: 0.218522
rate I <-> M: 4.984391
rate I <-> F: 0.926119
rate I <-> P: 0.104058
rate I <-> S: 0.416233
rate I <-> T: 2.549428
rate I <-> W: 0.093652
rate I <-> Y: 0.332986
rate I <-> V: 10.000000
rate L <-> K: 0.145682
rate L <-> M: 4.037461
rate L <-> F: 2.580645
rate L <-> P: 1.061394
rate L <-> S: 0.613944
rate L <-> T: 0.260146
rate L <-> W: 0.541103
rate L <-> Y: 0.249740
rate L <-> V: 1.873049
rate K <-> M: 0.676379
rate K <-> F: 0.041623
rate K <-> P: 0.218522
rate K <-> S: 0.489074
rate K <-> T: 1.071800
rate K <-> W: 0.104058
rate K <-> Y: 0.083247
rate K <-> V: 0.145682
rate M <-> F: 0.447451
rate M <-> P: 0.166493
rate M <-> S: 0.301769
rate M <-> T: 2.351717
rate M <-> W: 0.249740
rate M <-> Y: 0.187305
rate M <-> V: 3.361082
rate F <-> P: 0.176899
rate F <-> S: 0.957336
rate F <-> T: 0.124870
rate F <-> W: 0.551509
rate F <-> Y: 5.577523
rate F <-> V: 0.645161
rate P <-> S: 2.965661
rate P <-> T: 1.227888
rate P <-> W: 0.062435
rate P <-> Y: 0.104058
rate P <-> V: 0.239334
rate S <-> T: 4.963580
rate S <-> W: 0.364204
rate S <-> Y: 0.655567
rate S <-> V: 0.395421
rate T <-> W: 0.124870
rate T <-> Y: 0.218522
rate T <-> V: 1.165453
rate W <-> Y: 0.738814
rate W <-> V: 0.260146
rate Y <-> V: 0.166493

freq pi(A): 0.076748
freq pi(R): 0.051691
freq pi(N): 0.042645
freq pi(D): 0.051544
freq pi(C): 0.019803
freq pi(Q): 0.040752
freq pi(E): 0.061830
freq pi(G): 0.073152
freq pi(H): 0.022944
freq pi(I): 0.053761
freq pi(L): 0.091904
freq pi(K): 0.058676
freq pi(M): 0.023826
freq pi(F): 0.040126
freq pi(P): 0.050901
freq pi(S): 0.068765
freq pi(T): 0.058565
freq pi(W): 0.014261
freq pi(Y): 0.032102
freq pi(V): 0.066004


ML search took 43.706249 secs or 0.012141 hours

Combined Bootstrap and ML search took 104.880845 secs or 0.029134 hours

Drawing Bootstrap Support Values on best-scoring ML tree ...



Found 1 tree in File /Users/prigozhin/Dropbox/NLRomes/Maize_NLRome/RAxML_tree_pbNB-ARC/Initial_Clades/RAxML_bestTree.Int3861_25.Raxml.out



Found 1 tree in File /Users/prigozhin/Dropbox/NLRomes/Maize_NLRome/RAxML_tree_pbNB-ARC/Initial_Clades/RAxML_bestTree.Int3861_25.Raxml.out

Program execution info written to /Users/prigozhin/Dropbox/NLRomes/Maize_NLRome/RAxML_tree_pbNB-ARC/Initial_Clades/RAxML_info.Int3861_25.Raxml.out
All 100 bootstrapped trees written to: /Users/prigozhin/Dropbox/NLRomes/Maize_NLRome/RAxML_tree_pbNB-ARC/Initial_Clades/RAxML_bootstrap.Int3861_25.Raxml.out

Best-scoring ML tree written to: /Users/prigozhin/Dropbox/NLRomes/Maize_NLRome/RAxML_tree_pbNB-ARC/Initial_Clades/RAxML_bestTree.Int3861_25.Raxml.out

Best-scoring ML tree with support values written to: /Users/prigozhin/Dropbox/NLRomes/Maize_NLRome/RAxML_tree_pbNB-ARC/Initial_Clades/RAxML_bipartitions.Int3861_25.Raxml.out

Best-scoring ML tree with support values as branch labels written to: /Users/prigozhin/Dropbox/NLRomes/Maize_NLRome/RAxML_tree_pbNB-ARC/Initial_Clades/RAxML_bipartitionsBranchLabels.Int3861_25.Raxml.out

Overall execution time for full ML analysis: 104.890760 secs or 0.029136 hours or 0.001214 days

