

IMPORTANT WARNING: Sequences ZM00028AB269280_P001 and ZM00039AB267390_P001 are exactly identical


IMPORTANT WARNING: Sequences ZM00028AB269280_P001 and ZM00042AB272790_P001 are exactly identical


IMPORTANT WARNING: Sequences ZM00028AB269280_P001 and ZM00024AB266330_P001 are exactly identical


IMPORTANT WARNING: Sequences ZM00028AB269280_P001 and ZM00035AB272020_P001 are exactly identical


IMPORTANT WARNING: Sequences ZM00028AB269280_P001 and ZM00033AB277580_P001 are exactly identical


IMPORTANT WARNING: Sequences ZM00028AB269280_P001 and ZM00037AB264970_P001 are exactly identical


IMPORTANT WARNING: Sequences ZM00028AB269280_P001 and ZM00001EB261660_P001 are exactly identical


IMPORTANT WARNING: Sequences ZM00028AB269280_P001 and ZM00025AB272510_P001 are exactly identical


IMPORTANT WARNING: Sequences ZM00028AB269280_P001 and ZM00040AB279550_P001 are exactly identical


IMPORTANT WARNING: Sequences ZM00028AB269280_P001 and ZM00019AB251440_P001 are exactly identical


IMPORTANT WARNING: Sequences ZM00028AB269280_P001 and ZM00034AB278420_P001 are exactly identical


IMPORTANT WARNING: Sequences ZM00029AB273200_P001 and ZM00036AB268520_P001 are exactly identical


IMPORTANT WARNING: Sequences ZM00029AB273200_P001 and ZM00030AB263600_P001 are exactly identical


IMPORTANT WARNING: Sequences ZM00031AB272700_P001 and ZM00022AB266030_P001 are exactly identical


IMPORTANT WARNING: Sequences ZM00042AB272760_P001 and ZM00026AB264610_P001 are exactly identical


IMPORTANT WARNING: Sequences ZM00042AB272760_P001 and ZM00024AB266300_P001 are exactly identical


IMPORTANT WARNING: Sequences ZM00042AB272760_P001 and ZM00019AB251410_P001 are exactly identical


IMPORTANT WARNING: Sequences ZM00042AB272760_P001 and ZM00025AB272500_P001 are exactly identical


IMPORTANT WARNING: Sequences ZM00042AB272760_P001 and ZM00037AB264940_P001 are exactly identical


IMPORTANT WARNING: Sequences ZM00027AB266300_P001 and ZM00034AB278310_P001 are exactly identical


IMPORTANT WARNING: Sequences ZM00018AB273190_P001 and ZM00035AB271960_P001 are exactly identical


IMPORTANT WARNING: Sequences ZM00018AB273190_P001 and ZM00038AB266880_P001 are exactly identical

IMPORTANT WARNING
Found 22 sequences that are exactly identical to other sequences in the alignment.
Normally they should be excluded from the analysis.

Just in case you might need it, an alignment file with 
sequence duplicates removed is printed to file ../../RAxML_tree_pbNB-ARC/Initial_Clades/Int5286_45.afa.reduced


This is RAxML version 8.2.12 released by Alexandros Stamatakis on May 2018.

With greatly appreciated code contributions by:
Andre Aberer      (HITS)
Simon Berger      (HITS)
Alexey Kozlov     (HITS)
Kassian Kobert    (HITS)
David Dao         (KIT and HITS)
Sarah Lutteropp   (KIT and HITS)
Nick Pattengale   (Sandia)
Wayne Pfeiffer    (SDSC)
Akifumi S. Tanabe (NRIFS)
Charlie Taylor    (UF)


Alignment has 381 distinct alignment patterns

Proportion of gaps and completely undetermined characters in this alignment: 16.89%

RAxML rapid bootstrapping and subsequent ML search

Using 1 distinct models/data partitions with joint branch length optimization



Executing 100 rapid bootstrap inferences and thereafter a thorough ML search 

All free model parameters will be estimated by RAxML
ML estimate of 25 per site rate categories

Likelihood of final tree will be evaluated and optimized under GAMMA

GAMMA Model parameters will be estimated up to an accuracy of 0.1000000000 Log Likelihood units

Partition: 0
Alignment Patterns: 381
Name: No Name Provided
DataType: AA
Substitution Matrix: JTT
Using fixed base frequencies




RAxML was called as follows:

/Users/prigozhin/Installers/standard-RAxML/raxmlHPC-PTHREADS-AVX -T 1 -n Int5286_45.Raxml.out -f a -x 12345 -p 12345 -# 100 -m PROTCATJTT -s ../../RAxML_tree_pbNB-ARC/Initial_Clades/Int5286_45.afa 



Time for BS model parameter optimization 0.974887
Bootstrap[0]: Time 4.269232 seconds, bootstrap likelihood -4489.389414, best rearrangement setting 13
Bootstrap[1]: Time 1.914708 seconds, bootstrap likelihood -4330.218408, best rearrangement setting 13
Bootstrap[2]: Time 3.423684 seconds, bootstrap likelihood -4411.392757, best rearrangement setting 12
Bootstrap[3]: Time 3.923280 seconds, bootstrap likelihood -4469.873866, best rearrangement setting 15
Bootstrap[4]: Time 1.475726 seconds, bootstrap likelihood -4565.082920, best rearrangement setting 10
Bootstrap[5]: Time 1.705589 seconds, bootstrap likelihood -4384.886352, best rearrangement setting 10
Bootstrap[6]: Time 3.178673 seconds, bootstrap likelihood -4498.954928, best rearrangement setting 6
Bootstrap[7]: Time 3.226156 seconds, bootstrap likelihood -4516.179395, best rearrangement setting 14
Bootstrap[8]: Time 2.136972 seconds, bootstrap likelihood -4610.796122, best rearrangement setting 5
Bootstrap[9]: Time 2.726631 seconds, bootstrap likelihood -4514.097781, best rearrangement setting 7
Bootstrap[10]: Time 1.296582 seconds, bootstrap likelihood -4356.435838, best rearrangement setting 7
Bootstrap[11]: Time 0.883951 seconds, bootstrap likelihood -4395.101456, best rearrangement setting 5
Bootstrap[12]: Time 3.326271 seconds, bootstrap likelihood -4406.615617, best rearrangement setting 8
Bootstrap[13]: Time 2.712337 seconds, bootstrap likelihood -4564.425475, best rearrangement setting 7
Bootstrap[14]: Time 2.833447 seconds, bootstrap likelihood -4423.861818, best rearrangement setting 12
Bootstrap[15]: Time 3.256009 seconds, bootstrap likelihood -4442.600095, best rearrangement setting 15
Bootstrap[16]: Time 3.707593 seconds, bootstrap likelihood -4423.043489, best rearrangement setting 12
Bootstrap[17]: Time 3.074344 seconds, bootstrap likelihood -4280.739075, best rearrangement setting 12
Bootstrap[18]: Time 2.211162 seconds, bootstrap likelihood -4331.513922, best rearrangement setting 5
Bootstrap[19]: Time 2.701694 seconds, bootstrap likelihood -4368.326054, best rearrangement setting 8
Bootstrap[20]: Time 3.066041 seconds, bootstrap likelihood -4495.373805, best rearrangement setting 10
Bootstrap[21]: Time 2.385865 seconds, bootstrap likelihood -4346.374006, best rearrangement setting 6
Bootstrap[22]: Time 1.118839 seconds, bootstrap likelihood -4436.357742, best rearrangement setting 5
Bootstrap[23]: Time 1.263101 seconds, bootstrap likelihood -4594.969600, best rearrangement setting 7
Bootstrap[24]: Time 3.355269 seconds, bootstrap likelihood -4519.293883, best rearrangement setting 8
Bootstrap[25]: Time 2.419636 seconds, bootstrap likelihood -4334.861018, best rearrangement setting 6
Bootstrap[26]: Time 3.452042 seconds, bootstrap likelihood -4300.744298, best rearrangement setting 12
Bootstrap[27]: Time 3.343955 seconds, bootstrap likelihood -4228.559956, best rearrangement setting 10
Bootstrap[28]: Time 3.998455 seconds, bootstrap likelihood -4364.329422, best rearrangement setting 11
Bootstrap[29]: Time 3.247058 seconds, bootstrap likelihood -4421.028420, best rearrangement setting 12
Bootstrap[30]: Time 3.649440 seconds, bootstrap likelihood -4522.245691, best rearrangement setting 15
Bootstrap[31]: Time 3.950955 seconds, bootstrap likelihood -4518.080998, best rearrangement setting 15
Bootstrap[32]: Time 2.758819 seconds, bootstrap likelihood -4509.458647, best rearrangement setting 6
Bootstrap[33]: Time 3.735330 seconds, bootstrap likelihood -4567.559955, best rearrangement setting 15
Bootstrap[34]: Time 4.240837 seconds, bootstrap likelihood -4421.750213, best rearrangement setting 11
Bootstrap[35]: Time 2.868466 seconds, bootstrap likelihood -4328.063191, best rearrangement setting 8
Bootstrap[36]: Time 2.873699 seconds, bootstrap likelihood -4474.860358, best rearrangement setting 9
Bootstrap[37]: Time 2.987835 seconds, bootstrap likelihood -4361.469137, best rearrangement setting 11
Bootstrap[38]: Time 2.716071 seconds, bootstrap likelihood -4395.380394, best rearrangement setting 8
Bootstrap[39]: Time 3.240830 seconds, bootstrap likelihood -4502.903632, best rearrangement setting 13
Bootstrap[40]: Time 3.572427 seconds, bootstrap likelihood -4431.385403, best rearrangement setting 13
Bootstrap[41]: Time 2.840761 seconds, bootstrap likelihood -4390.261530, best rearrangement setting 10
Bootstrap[42]: Time 2.173800 seconds, bootstrap likelihood -4561.604847, best rearrangement setting 5
Bootstrap[43]: Time 2.957148 seconds, bootstrap likelihood -4326.387079, best rearrangement setting 14
Bootstrap[44]: Time 3.017334 seconds, bootstrap likelihood -4417.822299, best rearrangement setting 10
Bootstrap[45]: Time 3.644707 seconds, bootstrap likelihood -4271.604943, best rearrangement setting 15
Bootstrap[46]: Time 2.779628 seconds, bootstrap likelihood -4415.124068, best rearrangement setting 14
Bootstrap[47]: Time 2.768223 seconds, bootstrap likelihood -4499.341443, best rearrangement setting 8
Bootstrap[48]: Time 2.537442 seconds, bootstrap likelihood -4318.997941, best rearrangement setting 6
Bootstrap[49]: Time 2.329501 seconds, bootstrap likelihood -4431.840963, best rearrangement setting 7
Bootstrap[50]: Time 1.313325 seconds, bootstrap likelihood -4411.905376, best rearrangement setting 7
Bootstrap[51]: Time 3.992108 seconds, bootstrap likelihood -4449.853487, best rearrangement setting 11
Bootstrap[52]: Time 3.454349 seconds, bootstrap likelihood -4545.760645, best rearrangement setting 12
Bootstrap[53]: Time 2.861076 seconds, bootstrap likelihood -4513.673565, best rearrangement setting 8
Bootstrap[54]: Time 2.933839 seconds, bootstrap likelihood -4439.372604, best rearrangement setting 9
Bootstrap[55]: Time 2.747570 seconds, bootstrap likelihood -4424.121616, best rearrangement setting 11
Bootstrap[56]: Time 2.184182 seconds, bootstrap likelihood -4339.148652, best rearrangement setting 5
Bootstrap[57]: Time 2.719020 seconds, bootstrap likelihood -4518.960788, best rearrangement setting 7
Bootstrap[58]: Time 2.750437 seconds, bootstrap likelihood -4507.446960, best rearrangement setting 10
Bootstrap[59]: Time 2.715743 seconds, bootstrap likelihood -4430.019885, best rearrangement setting 9
Bootstrap[60]: Time 3.062761 seconds, bootstrap likelihood -4612.965586, best rearrangement setting 7
Bootstrap[61]: Time 2.595757 seconds, bootstrap likelihood -4438.424413, best rearrangement setting 5
Bootstrap[62]: Time 3.557151 seconds, bootstrap likelihood -4167.097018, best rearrangement setting 11
Bootstrap[63]: Time 2.873398 seconds, bootstrap likelihood -4313.689849, best rearrangement setting 12
Bootstrap[64]: Time 2.676993 seconds, bootstrap likelihood -4523.678782, best rearrangement setting 7
Bootstrap[65]: Time 2.039731 seconds, bootstrap likelihood -4279.134895, best rearrangement setting 5
Bootstrap[66]: Time 2.332389 seconds, bootstrap likelihood -4454.578571, best rearrangement setting 5
Bootstrap[67]: Time 3.514103 seconds, bootstrap likelihood -4588.618559, best rearrangement setting 15
Bootstrap[68]: Time 3.173123 seconds, bootstrap likelihood -4363.302496, best rearrangement setting 11
Bootstrap[69]: Time 2.029083 seconds, bootstrap likelihood -4466.224566, best rearrangement setting 5
Bootstrap[70]: Time 3.188950 seconds, bootstrap likelihood -4355.248841, best rearrangement setting 8
Bootstrap[71]: Time 2.842179 seconds, bootstrap likelihood -4564.713740, best rearrangement setting 10
Bootstrap[72]: Time 3.156424 seconds, bootstrap likelihood -4353.786787, best rearrangement setting 11
Bootstrap[73]: Time 2.717625 seconds, bootstrap likelihood -4539.997525, best rearrangement setting 9
Bootstrap[74]: Time 2.260491 seconds, bootstrap likelihood -4705.694966, best rearrangement setting 5
Bootstrap[75]: Time 2.722341 seconds, bootstrap likelihood -4446.646203, best rearrangement setting 8
Bootstrap[76]: Time 3.146037 seconds, bootstrap likelihood -4504.055964, best rearrangement setting 9
Bootstrap[77]: Time 1.440805 seconds, bootstrap likelihood -4254.221437, best rearrangement setting 11
Bootstrap[78]: Time 1.844058 seconds, bootstrap likelihood -4559.906736, best rearrangement setting 15
Bootstrap[79]: Time 2.953853 seconds, bootstrap likelihood -4594.765250, best rearrangement setting 9
Bootstrap[80]: Time 3.837386 seconds, bootstrap likelihood -4275.891380, best rearrangement setting 15
Bootstrap[81]: Time 3.098053 seconds, bootstrap likelihood -4472.374683, best rearrangement setting 7
Bootstrap[82]: Time 1.364093 seconds, bootstrap likelihood -4653.650249, best rearrangement setting 6
Bootstrap[83]: Time 2.642402 seconds, bootstrap likelihood -4401.945610, best rearrangement setting 10
Bootstrap[84]: Time 3.117822 seconds, bootstrap likelihood -4406.651250, best rearrangement setting 11
Bootstrap[85]: Time 2.657291 seconds, bootstrap likelihood -4394.928528, best rearrangement setting 8
Bootstrap[86]: Time 2.817485 seconds, bootstrap likelihood -4549.384361, best rearrangement setting 7
Bootstrap[87]: Time 2.520916 seconds, bootstrap likelihood -4491.133916, best rearrangement setting 7
Bootstrap[88]: Time 3.061282 seconds, bootstrap likelihood -4290.891978, best rearrangement setting 12
Bootstrap[89]: Time 1.338770 seconds, bootstrap likelihood -4455.924088, best rearrangement setting 10
Bootstrap[90]: Time 2.815233 seconds, bootstrap likelihood -4488.077835, best rearrangement setting 8
Bootstrap[91]: Time 3.253664 seconds, bootstrap likelihood -4170.725046, best rearrangement setting 12
Bootstrap[92]: Time 3.240542 seconds, bootstrap likelihood -4251.290428, best rearrangement setting 13
Bootstrap[93]: Time 3.326557 seconds, bootstrap likelihood -4163.444454, best rearrangement setting 15
Bootstrap[94]: Time 2.529358 seconds, bootstrap likelihood -4346.660616, best rearrangement setting 5
Bootstrap[95]: Time 2.403650 seconds, bootstrap likelihood -4369.526723, best rearrangement setting 5
Bootstrap[96]: Time 3.385464 seconds, bootstrap likelihood -4373.044279, best rearrangement setting 13
Bootstrap[97]: Time 3.175662 seconds, bootstrap likelihood -4327.559069, best rearrangement setting 11
Bootstrap[98]: Time 2.591744 seconds, bootstrap likelihood -4495.130375, best rearrangement setting 6
Bootstrap[99]: Time 3.329570 seconds, bootstrap likelihood -4553.311482, best rearrangement setting 14


Overall Time for 100 Rapid Bootstraps 281.634790 seconds
Average Time per Rapid Bootstrap 2.816348 seconds

Starting ML Search ...

Fast ML optimization finished

Fast ML search Time: 107.646195 seconds

Slow ML Search 0 Likelihood: -4935.631064
Slow ML Search 1 Likelihood: -4935.630810
Slow ML Search 2 Likelihood: -4935.631277
Slow ML Search 3 Likelihood: -4935.624482
Slow ML Search 4 Likelihood: -4935.624334
Slow ML Search 5 Likelihood: -4935.631497
Slow ML Search 6 Likelihood: -4935.624265
Slow ML Search 7 Likelihood: -4935.624354
Slow ML Search 8 Likelihood: -4935.624917
Slow ML Search 9 Likelihood: -4935.631701
Slow ML optimization finished

Slow ML search Time: 59.716827 seconds
Thorough ML search Time: 10.008244 seconds

Final ML Optimization Likelihood: -4935.624247

Model Information:

Model Parameters of Partition 0, Name: No Name Provided, Type of Data: AA
alpha: 0.564365
Tree-Length: 0.444257
rate A <-> R: 0.603538
rate A <-> N: 0.561915
rate A <-> D: 0.842872
rate A <-> C: 0.582726
rate A <-> Q: 0.593132
rate A <-> E: 1.092612
rate A <-> G: 1.862643
rate A <-> H: 0.280957
rate A <-> I: 0.374610
rate A <-> L: 0.312175
rate A <-> K: 0.364204
rate A <-> M: 0.561915
rate A <-> F: 0.156087
rate A <-> P: 2.018730
rate A <-> S: 3.933403
rate A <-> T: 4.942768
rate A <-> W: 0.093652
rate A <-> Y: 0.114464
rate A <-> V: 3.100937
rate R <-> N: 0.468262
rate R <-> D: 0.166493
rate R <-> C: 1.175858
rate R <-> Q: 3.225806
rate R <-> E: 0.301769
rate R <-> G: 1.425598
rate R <-> H: 3.413111
rate R <-> I: 0.228928
rate R <-> L: 0.395421
rate R <-> K: 6.722164
rate R <-> M: 0.457856
rate R <-> F: 0.052029
rate R <-> P: 0.770031
rate R <-> S: 1.050989
rate R <-> T: 0.665973
rate R <-> W: 1.311134
rate R <-> Y: 0.208117
rate R <-> V: 0.176899
rate N <-> D: 5.494277
rate N <-> C: 0.353798
rate N <-> Q: 0.894901
rate N <-> E: 0.603538
rate N <-> G: 0.842872
rate N <-> H: 4.068678
rate N <-> I: 0.489074
rate N <-> L: 0.124870
rate N <-> K: 2.736733
rate N <-> M: 0.312175
rate N <-> F: 0.104058
rate N <-> P: 0.156087
rate N <-> S: 5.234131
rate N <-> T: 2.414152
rate N <-> W: 0.083247
rate N <-> Y: 0.728408
rate N <-> V: 0.166493
rate D <-> C: 0.104058
rate D <-> Q: 0.509886
rate D <-> E: 7.981270
rate D <-> G: 1.352758
rate D <-> H: 1.165453
rate D <-> I: 0.114464
rate D <-> L: 0.072841
rate D <-> K: 0.270552
rate D <-> M: 0.156087
rate D <-> F: 0.041623
rate D <-> P: 0.156087
rate D <-> S: 0.613944
rate D <-> T: 0.395421
rate D <-> W: 0.041623
rate D <-> Y: 0.478668
rate D <-> V: 0.322581
rate C <-> Q: 0.093652
rate C <-> E: 0.052029
rate C <-> G: 0.613944
rate C <-> H: 0.718002
rate C <-> I: 0.176899
rate C <-> L: 0.239334
rate C <-> K: 0.072841
rate C <-> M: 0.322581
rate C <-> F: 0.811655
rate C <-> P: 0.145682
rate C <-> S: 2.320499
rate C <-> T: 0.437045
rate C <-> W: 1.196670
rate C <-> Y: 2.174818
rate C <-> V: 0.645161
rate Q <-> E: 3.361082
rate Q <-> G: 0.270552
rate Q <-> H: 6.212279
rate Q <-> I: 0.093652
rate Q <-> L: 0.749220
rate Q <-> K: 3.038502
rate Q <-> M: 0.447451
rate Q <-> F: 0.041623
rate Q <-> P: 1.706556
rate Q <-> S: 0.551509
rate Q <-> T: 0.530697
rate Q <-> W: 0.187305
rate Q <-> Y: 0.249740
rate Q <-> V: 0.208117
rate E <-> G: 1.238293
rate E <-> H: 0.270552
rate E <-> I: 0.124870
rate E <-> L: 0.093652
rate E <-> K: 1.883455
rate E <-> M: 0.187305
rate E <-> F: 0.052029
rate E <-> P: 0.187305
rate E <-> S: 0.312175
rate E <-> T: 0.332986
rate E <-> W: 0.104058
rate E <-> Y: 0.072841
rate E <-> V: 0.468262
rate G <-> H: 0.239334
rate G <-> I: 0.062435
rate G <-> L: 0.062435
rate G <-> K: 0.280957
rate G <-> M: 0.145682
rate G <-> F: 0.052029
rate G <-> P: 0.249740
rate G <-> S: 2.091571
rate G <-> T: 0.343392
rate G <-> W: 0.572320
rate G <-> Y: 0.083247
rate G <-> V: 0.489074
rate H <-> I: 0.166493
rate H <-> L: 0.582726
rate H <-> K: 0.468262
rate H <-> M: 0.343392
rate H <-> F: 0.416233
rate H <-> P: 1.196670
rate H <-> S: 0.759625
rate H <-> T: 0.478668
rate H <-> W: 0.083247
rate H <-> Y: 5.962539
rate H <-> V: 0.114464
rate I <-> L: 2.382934
rate I <-> K: 0.218522
rate I <-> M: 4.984391
rate I <-> F: 0.926119
rate I <-> P: 0.104058
rate I <-> S: 0.416233
rate I <-> T: 2.549428
rate I <-> W: 0.093652
rate I <-> Y: 0.332986
rate I <-> V: 10.000000
rate L <-> K: 0.145682
rate L <-> M: 4.037461
rate L <-> F: 2.580645
rate L <-> P: 1.061394
rate L <-> S: 0.613944
rate L <-> T: 0.260146
rate L <-> W: 0.541103
rate L <-> Y: 0.249740
rate L <-> V: 1.873049
rate K <-> M: 0.676379
rate K <-> F: 0.041623
rate K <-> P: 0.218522
rate K <-> S: 0.489074
rate K <-> T: 1.071800
rate K <-> W: 0.104058
rate K <-> Y: 0.083247
rate K <-> V: 0.145682
rate M <-> F: 0.447451
rate M <-> P: 0.166493
rate M <-> S: 0.301769
rate M <-> T: 2.351717
rate M <-> W: 0.249740
rate M <-> Y: 0.187305
rate M <-> V: 3.361082
rate F <-> P: 0.176899
rate F <-> S: 0.957336
rate F <-> T: 0.124870
rate F <-> W: 0.551509
rate F <-> Y: 5.577523
rate F <-> V: 0.645161
rate P <-> S: 2.965661
rate P <-> T: 1.227888
rate P <-> W: 0.062435
rate P <-> Y: 0.104058
rate P <-> V: 0.239334
rate S <-> T: 4.963580
rate S <-> W: 0.364204
rate S <-> Y: 0.655567
rate S <-> V: 0.395421
rate T <-> W: 0.124870
rate T <-> Y: 0.218522
rate T <-> V: 1.165453
rate W <-> Y: 0.738814
rate W <-> V: 0.260146
rate Y <-> V: 0.166493

freq pi(A): 0.076748
freq pi(R): 0.051691
freq pi(N): 0.042645
freq pi(D): 0.051544
freq pi(C): 0.019803
freq pi(Q): 0.040752
freq pi(E): 0.061830
freq pi(G): 0.073152
freq pi(H): 0.022944
freq pi(I): 0.053761
freq pi(L): 0.091904
freq pi(K): 0.058676
freq pi(M): 0.023826
freq pi(F): 0.040126
freq pi(P): 0.050901
freq pi(S): 0.068765
freq pi(T): 0.058565
freq pi(W): 0.014261
freq pi(Y): 0.032102
freq pi(V): 0.066004


ML search took 177.397058 secs or 0.049277 hours

Combined Bootstrap and ML search took 459.032098 secs or 0.127509 hours

Drawing Bootstrap Support Values on best-scoring ML tree ...



Found 1 tree in File /Users/prigozhin/Dropbox/NLRomes/Maize_NLRome/RAxML_tree_pbNB-ARC/Initial_Clades/RAxML_bestTree.Int5286_45.Raxml.out



Found 1 tree in File /Users/prigozhin/Dropbox/NLRomes/Maize_NLRome/RAxML_tree_pbNB-ARC/Initial_Clades/RAxML_bestTree.Int5286_45.Raxml.out

Program execution info written to /Users/prigozhin/Dropbox/NLRomes/Maize_NLRome/RAxML_tree_pbNB-ARC/Initial_Clades/RAxML_info.Int5286_45.Raxml.out
All 100 bootstrapped trees written to: /Users/prigozhin/Dropbox/NLRomes/Maize_NLRome/RAxML_tree_pbNB-ARC/Initial_Clades/RAxML_bootstrap.Int5286_45.Raxml.out

Best-scoring ML tree written to: /Users/prigozhin/Dropbox/NLRomes/Maize_NLRome/RAxML_tree_pbNB-ARC/Initial_Clades/RAxML_bestTree.Int5286_45.Raxml.out

Best-scoring ML tree with support values written to: /Users/prigozhin/Dropbox/NLRomes/Maize_NLRome/RAxML_tree_pbNB-ARC/Initial_Clades/RAxML_bipartitions.Int5286_45.Raxml.out

Best-scoring ML tree with support values as branch labels written to: /Users/prigozhin/Dropbox/NLRomes/Maize_NLRome/RAxML_tree_pbNB-ARC/Initial_Clades/RAxML_bipartitionsBranchLabels.Int5286_45.Raxml.out

Overall execution time for full ML analysis: 459.048641 secs or 0.127514 hours or 0.005313 days

