

IMPORTANT WARNING: Sequences ZM00020AB203610_P001 and ZM00028AB206370_P001 are exactly identical


IMPORTANT WARNING: Sequences ZM00020AB203610_P001 and ZM00041AB209230_P001 are exactly identical


IMPORTANT WARNING: Sequences ZM00020AB203610_P001 and ZM00029AB207580_P001 are exactly identical


IMPORTANT WARNING: Sequences ZM00020AB203610_P001 and ZM00036AB206040_P001 are exactly identical


IMPORTANT WARNING: Sequences ZM00020AB203610_P001 and ZM00034AB212690_P001 are exactly identical


IMPORTANT WARNING: Sequences ZM00020AB203610_P001 and ZM00030AB201870_P001 are exactly identical


IMPORTANT WARNING: Sequences ZM00020AB203610_P001 and ZM00022AB203260_P001 are exactly identical


IMPORTANT WARNING: Sequences ZM00020AB203610_P001 and ZM00040AB214320_P001 are exactly identical


IMPORTANT WARNING: Sequences ZM00019AB190770_P001 and ZM00023AB206410_P001 are exactly identical


IMPORTANT WARNING: Sequences ZM00019AB190770_P001 and ZM00035AB207150_P001 are exactly identical


IMPORTANT WARNING: Sequences ZM00019AB190770_P001 and ZM00020AB203710_P001 are exactly identical


IMPORTANT WARNING: Sequences ZM00019AB190770_P001 and ZM00028AB206490_P001 are exactly identical


IMPORTANT WARNING: Sequences ZM00019AB190770_P001 and ZM00040AB214420_P001 are exactly identical


IMPORTANT WARNING: Sequences ZM00019AB190770_P001 and ZM00031AB208660_P001 are exactly identical


IMPORTANT WARNING: Sequences ZM00019AB190770_P001 and ZM00001EB200760_P001 are exactly identical


IMPORTANT WARNING: Sequences ZM00019AB190770_P001 and ZM00038AB203900_P001 are exactly identical


IMPORTANT WARNING: Sequences ZM00019AB190770_P001 and ZM00039AB205150_P001 are exactly identical


IMPORTANT WARNING: Sequences ZM00019AB190770_P001 and ZM00033AB213050_P001 are exactly identical


IMPORTANT WARNING: Sequences ZM00019AB190770_P001 and ZM00037AB202770_P001 are exactly identical


IMPORTANT WARNING: Sequences ZM00019AB190770_P001 and ZM00034AB212790_P001 are exactly identical


IMPORTANT WARNING: Sequences ZM00030AB355060_P001 and ZM00019AB340090_P001 are exactly identical


IMPORTANT WARNING: Sequences ZM00030AB355060_P001 and ZM00038AB360630_P001 are exactly identical


IMPORTANT WARNING: Sequences ZM00030AB355060_P001 and ZM00033AB373580_P001 are exactly identical


IMPORTANT WARNING: Sequences ZM00030AB355060_P001 and ZM00033AB373570_P001 are exactly identical


IMPORTANT WARNING: Sequences ZM00030AB355060_P001 and ZM00038AB360640_P001 are exactly identical


IMPORTANT WARNING: Sequences ZM00030AB355060_P001 and ZM00029AB367670_P001 are exactly identical


IMPORTANT WARNING: Sequences ZM00030AB355060_P001 and ZM00019AB340100_P001 are exactly identical


IMPORTANT WARNING: Sequences ZM00030AB355060_P001 and ZM00029AB367660_P001 are exactly identical


IMPORTANT WARNING: Sequences ZM00030AB355060_P001 and ZM00030AB355070_P001 are exactly identical


IMPORTANT WARNING: Sequences ZM00030AB355060_P001 and ZM00041AB367130_P001 are exactly identical


IMPORTANT WARNING: Sequences ZM00019AB044980_P001 and ZM00037AB045730_P001 are exactly identical


IMPORTANT WARNING: Sequences ZM00019AB044980_P001 and ZM00033AB456770_P001 are exactly identical


IMPORTANT WARNING: Sequences ZM00019AB044980_P001 and ZM00031AB449450_P001 are exactly identical


IMPORTANT WARNING: Sequences ZM00024AB116850_P001 and ZM00041AB118810_P001 are exactly identical


IMPORTANT WARNING: Sequences ZM00024AB116850_P001 and ZM00019AB111780_P001 are exactly identical


IMPORTANT WARNING: Sequences ZM00036AB206070_P001 and ZM00040AB214340_P001 are exactly identical


IMPORTANT WARNING: Sequences ZM00036AB206070_P001 and ZM00030AB201890_P001 are exactly identical


IMPORTANT WARNING: Sequences ZM00036AB206070_P001 and ZM00028AB206390_P001 are exactly identical


IMPORTANT WARNING: Sequences ZM00024AB204030_P001 and ZM00042AB209030_P001 are exactly identical


IMPORTANT WARNING: Sequences ZM00024AB204030_P001 and ZM00018AB208330_P001 are exactly identical


IMPORTANT WARNING: Sequences ZM00026AB202760_P001 and ZM00035AB207080_P001 are exactly identical


IMPORTANT WARNING: Sequences ZM00026AB202760_P001 and ZM00001EB200700_P001 are exactly identical


IMPORTANT WARNING: Sequences ZM00026AB202760_P001 and ZM00023AB206330_P001 are exactly identical


IMPORTANT WARNING: Sequences ZM00026AB202760_P001 and ZM00038AB203840_P001 are exactly identical


IMPORTANT WARNING: Sequences ZM00026AB202760_P001 and ZM00019AB190690_P001 are exactly identical


IMPORTANT WARNING: Sequences ZM00026AB202760_P001 and ZM00033AB212980_P001 are exactly identical


IMPORTANT WARNING: Sequences ZM00026AB202760_P001 and ZM00032AB207540_P001 are exactly identical


IMPORTANT WARNING: Sequences ZM00026AB202760_P001 and ZM00027AB204260_P001 are exactly identical


IMPORTANT WARNING: Sequences ZM00026AB202760_P001 and ZM00021AB203350_P001 are exactly identical


IMPORTANT WARNING: Sequences ZM00032AB207600_P001 and ZM00021AB203420_P001 are exactly identical


IMPORTANT WARNING: Sequences ZM00027AB200560_P001 and ZM00030AB198640_P001 are exactly identical


IMPORTANT WARNING: Sequences ZM00022AB203280_P001 and ZM00029AB207600_P001 are exactly identical


IMPORTANT WARNING: Sequences ZM00040AB210960_P001 and ZM00028AB203100_P001 are exactly identical


IMPORTANT WARNING: Sequences ZM00033AB212990_P001 and ZM00038AB203850_P001 are exactly identical


IMPORTANT WARNING: Sequences ZM00032AB207550_P001 and ZM00001EB200710_P001 are exactly identical


IMPORTANT WARNING: Sequences ZM00032AB207550_P001 and ZM00035AB207090_P001 are exactly identical


IMPORTANT WARNING: Sequences ZM00032AB207550_P001 and ZM00021AB203360_P001 are exactly identical


IMPORTANT WARNING: Sequences ZM00036AB206140_P001 and ZM00024AB204090_P001 are exactly identical


IMPORTANT WARNING: Sequences ZM00036AB206140_P001 and ZM00041AB209310_P001 are exactly identical


IMPORTANT WARNING: Sequences ZM00036AB206140_P001 and ZM00029AB207710_P001 are exactly identical


IMPORTANT WARNING: Sequences ZM00036AB206140_P001 and ZM00042AB209090_P001 are exactly identical


IMPORTANT WARNING: Sequences ZM00036AB206140_P001 and ZM00030AB201970_P001 are exactly identical


IMPORTANT WARNING: Sequences ZM00036AB206140_P001 and ZM00022AB203360_P001 are exactly identical


IMPORTANT WARNING: Sequences ZM00036AB202830_P001 and ZM00037AB199320_P001 are exactly identical


IMPORTANT WARNING: Sequences ZM00042AB209040_P001 and ZM00024AB204040_P001 are exactly identical


IMPORTANT WARNING: Sequences ZM00035AB203750_P001 and ZM00039AB201340_P001 are exactly identical


IMPORTANT WARNING: Sequences ZM00027AB204330_P001 and ZM00026AB202830_P001 are exactly identical


IMPORTANT WARNING: Sequences ZM00037AB202710_P001 and ZM00031AB208600_P001 are exactly identical

IMPORTANT WARNING
Found 68 sequences that are exactly identical to other sequences in the alignment.
Normally they should be excluded from the analysis.

Just in case you might need it, an alignment file with 
sequence duplicates removed is printed to file ../../RAxML_tree_pbNB-ARC/Initial_Clades/Int5485_123.afa.reduced


This is RAxML version 8.2.12 released by Alexandros Stamatakis on May 2018.

With greatly appreciated code contributions by:
Andre Aberer      (HITS)
Simon Berger      (HITS)
Alexey Kozlov     (HITS)
Kassian Kobert    (HITS)
David Dao         (KIT and HITS)
Sarah Lutteropp   (KIT and HITS)
Nick Pattengale   (Sandia)
Wayne Pfeiffer    (SDSC)
Akifumi S. Tanabe (NRIFS)
Charlie Taylor    (UF)


Alignment has 894 distinct alignment patterns

Proportion of gaps and completely undetermined characters in this alignment: 27.40%

RAxML rapid bootstrapping and subsequent ML search

Using 1 distinct models/data partitions with joint branch length optimization



Executing 100 rapid bootstrap inferences and thereafter a thorough ML search 

All free model parameters will be estimated by RAxML
ML estimate of 25 per site rate categories

Likelihood of final tree will be evaluated and optimized under GAMMA

GAMMA Model parameters will be estimated up to an accuracy of 0.1000000000 Log Likelihood units

Partition: 0
Alignment Patterns: 894
Name: No Name Provided
DataType: AA
Substitution Matrix: JTT
Using fixed base frequencies




RAxML was called as follows:

/Users/prigozhin/Installers/standard-RAxML/raxmlHPC-PTHREADS-AVX -T 1 -n Int5485_123.Raxml.out -f a -x 12345 -p 12345 -# 100 -m PROTCATJTT -s ../../RAxML_tree_pbNB-ARC/Initial_Clades/Int5485_123.afa 



Time for BS model parameter optimization 2.977784
Bootstrap[0]: Time 20.488007 seconds, bootstrap likelihood -10484.226714, best rearrangement setting 13
Bootstrap[1]: Time 14.592855 seconds, bootstrap likelihood -10802.223627, best rearrangement setting 13
Bootstrap[2]: Time 15.963354 seconds, bootstrap likelihood -10299.841131, best rearrangement setting 12
Bootstrap[3]: Time 15.575284 seconds, bootstrap likelihood -10164.676206, best rearrangement setting 15
Bootstrap[4]: Time 14.483684 seconds, bootstrap likelihood -10314.975412, best rearrangement setting 10
Bootstrap[5]: Time 16.423056 seconds, bootstrap likelihood -10687.580460, best rearrangement setting 10
Bootstrap[6]: Time 13.859185 seconds, bootstrap likelihood -10182.557847, best rearrangement setting 6
Bootstrap[7]: Time 15.645380 seconds, bootstrap likelihood -10426.549098, best rearrangement setting 14
Bootstrap[8]: Time 13.523568 seconds, bootstrap likelihood -10145.205457, best rearrangement setting 5
Bootstrap[9]: Time 15.498469 seconds, bootstrap likelihood -10341.434510, best rearrangement setting 7
Bootstrap[10]: Time 13.296993 seconds, bootstrap likelihood -10181.737636, best rearrangement setting 7
Bootstrap[11]: Time 13.327265 seconds, bootstrap likelihood -10174.805066, best rearrangement setting 5
Bootstrap[12]: Time 16.296002 seconds, bootstrap likelihood -10200.352317, best rearrangement setting 8
Bootstrap[13]: Time 14.204359 seconds, bootstrap likelihood -10642.836003, best rearrangement setting 7
Bootstrap[14]: Time 14.737918 seconds, bootstrap likelihood -10356.804295, best rearrangement setting 12
Bootstrap[15]: Time 14.429147 seconds, bootstrap likelihood -9919.559372, best rearrangement setting 15
Bootstrap[16]: Time 15.722840 seconds, bootstrap likelihood -10621.485220, best rearrangement setting 12
Bootstrap[17]: Time 15.995064 seconds, bootstrap likelihood -10535.322527, best rearrangement setting 12
Bootstrap[18]: Time 12.613287 seconds, bootstrap likelihood -10194.664990, best rearrangement setting 5
Bootstrap[19]: Time 13.856574 seconds, bootstrap likelihood -10312.584039, best rearrangement setting 8
Bootstrap[20]: Time 14.265372 seconds, bootstrap likelihood -10501.023423, best rearrangement setting 10
Bootstrap[21]: Time 13.208032 seconds, bootstrap likelihood -10084.883151, best rearrangement setting 6
Bootstrap[22]: Time 12.209165 seconds, bootstrap likelihood -10670.130055, best rearrangement setting 5
Bootstrap[23]: Time 15.461042 seconds, bootstrap likelihood -10233.896152, best rearrangement setting 7
Bootstrap[24]: Time 13.962242 seconds, bootstrap likelihood -10322.216014, best rearrangement setting 8
Bootstrap[25]: Time 12.135914 seconds, bootstrap likelihood -9966.840615, best rearrangement setting 6
Bootstrap[26]: Time 17.344443 seconds, bootstrap likelihood -10114.376482, best rearrangement setting 12
Bootstrap[27]: Time 17.278085 seconds, bootstrap likelihood -10158.546566, best rearrangement setting 10
Bootstrap[28]: Time 16.218714 seconds, bootstrap likelihood -10366.964584, best rearrangement setting 11
Bootstrap[29]: Time 14.792465 seconds, bootstrap likelihood -10132.104796, best rearrangement setting 12
Bootstrap[30]: Time 17.814116 seconds, bootstrap likelihood -10618.015044, best rearrangement setting 15
Bootstrap[31]: Time 16.375736 seconds, bootstrap likelihood -10127.840458, best rearrangement setting 15
Bootstrap[32]: Time 14.622109 seconds, bootstrap likelihood -10350.148223, best rearrangement setting 6
Bootstrap[33]: Time 15.693264 seconds, bootstrap likelihood -9963.025826, best rearrangement setting 15
Bootstrap[34]: Time 19.644501 seconds, bootstrap likelihood -10270.095909, best rearrangement setting 11
Bootstrap[35]: Time 16.089095 seconds, bootstrap likelihood -10339.434786, best rearrangement setting 8
Bootstrap[36]: Time 18.154956 seconds, bootstrap likelihood -10476.269048, best rearrangement setting 9
Bootstrap[37]: Time 15.211999 seconds, bootstrap likelihood -10062.266900, best rearrangement setting 11
Bootstrap[38]: Time 13.654961 seconds, bootstrap likelihood -10114.490243, best rearrangement setting 8
Bootstrap[39]: Time 16.715574 seconds, bootstrap likelihood -10261.857194, best rearrangement setting 13
Bootstrap[40]: Time 18.335972 seconds, bootstrap likelihood -10589.777866, best rearrangement setting 13
Bootstrap[41]: Time 15.681019 seconds, bootstrap likelihood -9796.537489, best rearrangement setting 10
Bootstrap[42]: Time 13.064857 seconds, bootstrap likelihood -10129.915159, best rearrangement setting 5
Bootstrap[43]: Time 14.676499 seconds, bootstrap likelihood -10264.237296, best rearrangement setting 14
Bootstrap[44]: Time 15.339339 seconds, bootstrap likelihood -10228.675615, best rearrangement setting 10
Bootstrap[45]: Time 15.265779 seconds, bootstrap likelihood -10083.159971, best rearrangement setting 15
Bootstrap[46]: Time 14.638591 seconds, bootstrap likelihood -10043.980501, best rearrangement setting 14
Bootstrap[47]: Time 13.132656 seconds, bootstrap likelihood -10210.395437, best rearrangement setting 8
Bootstrap[48]: Time 13.900047 seconds, bootstrap likelihood -10398.850733, best rearrangement setting 6
Bootstrap[49]: Time 13.959927 seconds, bootstrap likelihood -10453.604170, best rearrangement setting 7
Bootstrap[50]: Time 13.548227 seconds, bootstrap likelihood -10515.972343, best rearrangement setting 7
Bootstrap[51]: Time 15.642844 seconds, bootstrap likelihood -10253.888935, best rearrangement setting 11
Bootstrap[52]: Time 16.389966 seconds, bootstrap likelihood -10535.888467, best rearrangement setting 12
Bootstrap[53]: Time 13.910626 seconds, bootstrap likelihood -10202.102016, best rearrangement setting 8
Bootstrap[54]: Time 15.586292 seconds, bootstrap likelihood -9937.562342, best rearrangement setting 9
Bootstrap[55]: Time 16.660082 seconds, bootstrap likelihood -10634.715152, best rearrangement setting 11
Bootstrap[56]: Time 15.347107 seconds, bootstrap likelihood -10308.468888, best rearrangement setting 5
Bootstrap[57]: Time 12.480335 seconds, bootstrap likelihood -10290.953862, best rearrangement setting 7
Bootstrap[58]: Time 13.436711 seconds, bootstrap likelihood -10283.299124, best rearrangement setting 10
Bootstrap[59]: Time 14.589783 seconds, bootstrap likelihood -10699.759210, best rearrangement setting 9
Bootstrap[60]: Time 13.628589 seconds, bootstrap likelihood -10744.468258, best rearrangement setting 7
Bootstrap[61]: Time 13.621871 seconds, bootstrap likelihood -10675.587384, best rearrangement setting 5
Bootstrap[62]: Time 16.853611 seconds, bootstrap likelihood -10434.375905, best rearrangement setting 11
Bootstrap[63]: Time 14.877333 seconds, bootstrap likelihood -10395.585874, best rearrangement setting 12
Bootstrap[64]: Time 14.133529 seconds, bootstrap likelihood -10065.481716, best rearrangement setting 7
Bootstrap[65]: Time 15.439860 seconds, bootstrap likelihood -9851.230658, best rearrangement setting 5
Bootstrap[66]: Time 12.548120 seconds, bootstrap likelihood -10397.303385, best rearrangement setting 5
Bootstrap[67]: Time 15.364936 seconds, bootstrap likelihood -10146.247383, best rearrangement setting 15
Bootstrap[68]: Time 14.958964 seconds, bootstrap likelihood -10000.471701, best rearrangement setting 11
Bootstrap[69]: Time 12.243826 seconds, bootstrap likelihood -10532.233528, best rearrangement setting 5
Bootstrap[70]: Time 16.178476 seconds, bootstrap likelihood -10118.198015, best rearrangement setting 8
Bootstrap[71]: Time 13.701199 seconds, bootstrap likelihood -10255.281372, best rearrangement setting 10
Bootstrap[72]: Time 16.317812 seconds, bootstrap likelihood -10018.251411, best rearrangement setting 11
Bootstrap[73]: Time 13.695412 seconds, bootstrap likelihood -10422.906373, best rearrangement setting 9
Bootstrap[74]: Time 14.030044 seconds, bootstrap likelihood -9806.803161, best rearrangement setting 5
Bootstrap[75]: Time 14.225708 seconds, bootstrap likelihood -10601.956296, best rearrangement setting 8
Bootstrap[76]: Time 16.108724 seconds, bootstrap likelihood -10367.941717, best rearrangement setting 9
Bootstrap[77]: Time 13.510757 seconds, bootstrap likelihood -10219.864170, best rearrangement setting 11
Bootstrap[78]: Time 14.850958 seconds, bootstrap likelihood -10484.322650, best rearrangement setting 15
Bootstrap[79]: Time 15.818525 seconds, bootstrap likelihood -10361.661055, best rearrangement setting 9
Bootstrap[80]: Time 18.682301 seconds, bootstrap likelihood -10279.088743, best rearrangement setting 15
Bootstrap[81]: Time 13.945225 seconds, bootstrap likelihood -10034.054716, best rearrangement setting 7
Bootstrap[82]: Time 12.456432 seconds, bootstrap likelihood -10118.418103, best rearrangement setting 6
Bootstrap[83]: Time 13.769824 seconds, bootstrap likelihood -10229.845090, best rearrangement setting 10
Bootstrap[84]: Time 16.820412 seconds, bootstrap likelihood -10066.067524, best rearrangement setting 11
Bootstrap[85]: Time 16.404454 seconds, bootstrap likelihood -10283.551576, best rearrangement setting 8
Bootstrap[86]: Time 16.892502 seconds, bootstrap likelihood -10316.387212, best rearrangement setting 7
Bootstrap[87]: Time 12.712710 seconds, bootstrap likelihood -10345.441008, best rearrangement setting 7
Bootstrap[88]: Time 15.347824 seconds, bootstrap likelihood -10150.122691, best rearrangement setting 12
Bootstrap[89]: Time 15.085364 seconds, bootstrap likelihood -10321.320442, best rearrangement setting 10
Bootstrap[90]: Time 15.090670 seconds, bootstrap likelihood -10318.559746, best rearrangement setting 8
Bootstrap[91]: Time 17.254680 seconds, bootstrap likelihood -10437.447252, best rearrangement setting 12
Bootstrap[92]: Time 16.995401 seconds, bootstrap likelihood -10041.804767, best rearrangement setting 13
Bootstrap[93]: Time 17.843946 seconds, bootstrap likelihood -10284.687140, best rearrangement setting 15
Bootstrap[94]: Time 13.526897 seconds, bootstrap likelihood -10161.770908, best rearrangement setting 5
Bootstrap[95]: Time 14.427173 seconds, bootstrap likelihood -10198.307465, best rearrangement setting 5
Bootstrap[96]: Time 15.203303 seconds, bootstrap likelihood -10556.141148, best rearrangement setting 13
Bootstrap[97]: Time 15.286997 seconds, bootstrap likelihood -10488.496393, best rearrangement setting 11
Bootstrap[98]: Time 12.137588 seconds, bootstrap likelihood -10399.941089, best rearrangement setting 6
Bootstrap[99]: Time 17.826574 seconds, bootstrap likelihood -9942.573788, best rearrangement setting 14


Overall Time for 100 Rapid Bootstraps 1506.996139 seconds
Average Time per Rapid Bootstrap 15.069961 seconds

Starting ML Search ...

Fast ML optimization finished

Fast ML search Time: 871.004772 seconds

Slow ML Search 0 Likelihood: -11116.922151
Slow ML Search 1 Likelihood: -11116.922150
Slow ML Search 2 Likelihood: -11115.761632
Slow ML Search 3 Likelihood: -11116.020640
Slow ML Search 4 Likelihood: -11114.997638
Slow ML Search 5 Likelihood: -11109.231486
Slow ML Search 6 Likelihood: -11111.537285
Slow ML Search 7 Likelihood: -11115.040758
Slow ML Search 8 Likelihood: -11116.682757
Slow ML Search 9 Likelihood: -11109.231427
Slow ML optimization finished

Slow ML search Time: 316.466646 seconds
Thorough ML search Time: 80.817767 seconds

Final ML Optimization Likelihood: -11107.207448

Model Information:

Model Parameters of Partition 0, Name: No Name Provided, Type of Data: AA
alpha: 1.676780
Tree-Length: 3.620286
rate A <-> R: 0.603538
rate A <-> N: 0.561915
rate A <-> D: 0.842872
rate A <-> C: 0.582726
rate A <-> Q: 0.593132
rate A <-> E: 1.092612
rate A <-> G: 1.862643
rate A <-> H: 0.280957
rate A <-> I: 0.374610
rate A <-> L: 0.312175
rate A <-> K: 0.364204
rate A <-> M: 0.561915
rate A <-> F: 0.156087
rate A <-> P: 2.018730
rate A <-> S: 3.933403
rate A <-> T: 4.942768
rate A <-> W: 0.093652
rate A <-> Y: 0.114464
rate A <-> V: 3.100937
rate R <-> N: 0.468262
rate R <-> D: 0.166493
rate R <-> C: 1.175858
rate R <-> Q: 3.225806
rate R <-> E: 0.301769
rate R <-> G: 1.425598
rate R <-> H: 3.413111
rate R <-> I: 0.228928
rate R <-> L: 0.395421
rate R <-> K: 6.722164
rate R <-> M: 0.457856
rate R <-> F: 0.052029
rate R <-> P: 0.770031
rate R <-> S: 1.050989
rate R <-> T: 0.665973
rate R <-> W: 1.311134
rate R <-> Y: 0.208117
rate R <-> V: 0.176899
rate N <-> D: 5.494277
rate N <-> C: 0.353798
rate N <-> Q: 0.894901
rate N <-> E: 0.603538
rate N <-> G: 0.842872
rate N <-> H: 4.068678
rate N <-> I: 0.489074
rate N <-> L: 0.124870
rate N <-> K: 2.736733
rate N <-> M: 0.312175
rate N <-> F: 0.104058
rate N <-> P: 0.156087
rate N <-> S: 5.234131
rate N <-> T: 2.414152
rate N <-> W: 0.083247
rate N <-> Y: 0.728408
rate N <-> V: 0.166493
rate D <-> C: 0.104058
rate D <-> Q: 0.509886
rate D <-> E: 7.981270
rate D <-> G: 1.352758
rate D <-> H: 1.165453
rate D <-> I: 0.114464
rate D <-> L: 0.072841
rate D <-> K: 0.270552
rate D <-> M: 0.156087
rate D <-> F: 0.041623
rate D <-> P: 0.156087
rate D <-> S: 0.613944
rate D <-> T: 0.395421
rate D <-> W: 0.041623
rate D <-> Y: 0.478668
rate D <-> V: 0.322581
rate C <-> Q: 0.093652
rate C <-> E: 0.052029
rate C <-> G: 0.613944
rate C <-> H: 0.718002
rate C <-> I: 0.176899
rate C <-> L: 0.239334
rate C <-> K: 0.072841
rate C <-> M: 0.322581
rate C <-> F: 0.811655
rate C <-> P: 0.145682
rate C <-> S: 2.320499
rate C <-> T: 0.437045
rate C <-> W: 1.196670
rate C <-> Y: 2.174818
rate C <-> V: 0.645161
rate Q <-> E: 3.361082
rate Q <-> G: 0.270552
rate Q <-> H: 6.212279
rate Q <-> I: 0.093652
rate Q <-> L: 0.749220
rate Q <-> K: 3.038502
rate Q <-> M: 0.447451
rate Q <-> F: 0.041623
rate Q <-> P: 1.706556
rate Q <-> S: 0.551509
rate Q <-> T: 0.530697
rate Q <-> W: 0.187305
rate Q <-> Y: 0.249740
rate Q <-> V: 0.208117
rate E <-> G: 1.238293
rate E <-> H: 0.270552
rate E <-> I: 0.124870
rate E <-> L: 0.093652
rate E <-> K: 1.883455
rate E <-> M: 0.187305
rate E <-> F: 0.052029
rate E <-> P: 0.187305
rate E <-> S: 0.312175
rate E <-> T: 0.332986
rate E <-> W: 0.104058
rate E <-> Y: 0.072841
rate E <-> V: 0.468262
rate G <-> H: 0.239334
rate G <-> I: 0.062435
rate G <-> L: 0.062435
rate G <-> K: 0.280957
rate G <-> M: 0.145682
rate G <-> F: 0.052029
rate G <-> P: 0.249740
rate G <-> S: 2.091571
rate G <-> T: 0.343392
rate G <-> W: 0.572320
rate G <-> Y: 0.083247
rate G <-> V: 0.489074
rate H <-> I: 0.166493
rate H <-> L: 0.582726
rate H <-> K: 0.468262
rate H <-> M: 0.343392
rate H <-> F: 0.416233
rate H <-> P: 1.196670
rate H <-> S: 0.759625
rate H <-> T: 0.478668
rate H <-> W: 0.083247
rate H <-> Y: 5.962539
rate H <-> V: 0.114464
rate I <-> L: 2.382934
rate I <-> K: 0.218522
rate I <-> M: 4.984391
rate I <-> F: 0.926119
rate I <-> P: 0.104058
rate I <-> S: 0.416233
rate I <-> T: 2.549428
rate I <-> W: 0.093652
rate I <-> Y: 0.332986
rate I <-> V: 10.000000
rate L <-> K: 0.145682
rate L <-> M: 4.037461
rate L <-> F: 2.580645
rate L <-> P: 1.061394
rate L <-> S: 0.613944
rate L <-> T: 0.260146
rate L <-> W: 0.541103
rate L <-> Y: 0.249740
rate L <-> V: 1.873049
rate K <-> M: 0.676379
rate K <-> F: 0.041623
rate K <-> P: 0.218522
rate K <-> S: 0.489074
rate K <-> T: 1.071800
rate K <-> W: 0.104058
rate K <-> Y: 0.083247
rate K <-> V: 0.145682
rate M <-> F: 0.447451
rate M <-> P: 0.166493
rate M <-> S: 0.301769
rate M <-> T: 2.351717
rate M <-> W: 0.249740
rate M <-> Y: 0.187305
rate M <-> V: 3.361082
rate F <-> P: 0.176899
rate F <-> S: 0.957336
rate F <-> T: 0.124870
rate F <-> W: 0.551509
rate F <-> Y: 5.577523
rate F <-> V: 0.645161
rate P <-> S: 2.965661
rate P <-> T: 1.227888
rate P <-> W: 0.062435
rate P <-> Y: 0.104058
rate P <-> V: 0.239334
rate S <-> T: 4.963580
rate S <-> W: 0.364204
rate S <-> Y: 0.655567
rate S <-> V: 0.395421
rate T <-> W: 0.124870
rate T <-> Y: 0.218522
rate T <-> V: 1.165453
rate W <-> Y: 0.738814
rate W <-> V: 0.260146
rate Y <-> V: 0.166493

freq pi(A): 0.076748
freq pi(R): 0.051691
freq pi(N): 0.042645
freq pi(D): 0.051544
freq pi(C): 0.019803
freq pi(Q): 0.040752
freq pi(E): 0.061830
freq pi(G): 0.073152
freq pi(H): 0.022944
freq pi(I): 0.053761
freq pi(L): 0.091904
freq pi(K): 0.058676
freq pi(M): 0.023826
freq pi(F): 0.040126
freq pi(P): 0.050901
freq pi(S): 0.068765
freq pi(T): 0.058565
freq pi(W): 0.014261
freq pi(Y): 0.032102
freq pi(V): 0.066004


ML search took 1268.323398 secs or 0.352312 hours

Combined Bootstrap and ML search took 2775.319680 secs or 0.770922 hours

Drawing Bootstrap Support Values on best-scoring ML tree ...



Found 1 tree in File /Users/prigozhin/Dropbox/NLRomes/Maize_NLRome/RAxML_tree_pbNB-ARC/Initial_Clades/RAxML_bestTree.Int5485_123.Raxml.out



Found 1 tree in File /Users/prigozhin/Dropbox/NLRomes/Maize_NLRome/RAxML_tree_pbNB-ARC/Initial_Clades/RAxML_bestTree.Int5485_123.Raxml.out

Program execution info written to /Users/prigozhin/Dropbox/NLRomes/Maize_NLRome/RAxML_tree_pbNB-ARC/Initial_Clades/RAxML_info.Int5485_123.Raxml.out
All 100 bootstrapped trees written to: /Users/prigozhin/Dropbox/NLRomes/Maize_NLRome/RAxML_tree_pbNB-ARC/Initial_Clades/RAxML_bootstrap.Int5485_123.Raxml.out

Best-scoring ML tree written to: /Users/prigozhin/Dropbox/NLRomes/Maize_NLRome/RAxML_tree_pbNB-ARC/Initial_Clades/RAxML_bestTree.Int5485_123.Raxml.out

Best-scoring ML tree with support values written to: /Users/prigozhin/Dropbox/NLRomes/Maize_NLRome/RAxML_tree_pbNB-ARC/Initial_Clades/RAxML_bipartitions.Int5485_123.Raxml.out

Best-scoring ML tree with support values as branch labels written to: /Users/prigozhin/Dropbox/NLRomes/Maize_NLRome/RAxML_tree_pbNB-ARC/Initial_Clades/RAxML_bipartitionsBranchLabels.Int5485_123.Raxml.out

Overall execution time for full ML analysis: 2775.353303 secs or 0.770931 hours or 0.032122 days

