

IMPORTANT WARNING: Sequences ZM00023AB201420_P001 and ZM00030AB197120_P001 are exactly identical

IMPORTANT WARNING
Found 1 sequence that is exactly identical to other sequences in the alignment.
Normally they should be excluded from the analysis.

Just in case you might need it, an alignment file with 
sequence duplicates removed is printed to file ../../RAxML_tree_pbNB-ARC/Initial_Clades/Int3554_24.afa.reduced


This is RAxML version 8.2.12 released by Alexandros Stamatakis on May 2018.

With greatly appreciated code contributions by:
Andre Aberer      (HITS)
Simon Berger      (HITS)
Alexey Kozlov     (HITS)
Kassian Kobert    (HITS)
David Dao         (KIT and HITS)
Sarah Lutteropp   (KIT and HITS)
Nick Pattengale   (Sandia)
Wayne Pfeiffer    (SDSC)
Akifumi S. Tanabe (NRIFS)
Charlie Taylor    (UF)


Alignment has 508 distinct alignment patterns

Proportion of gaps and completely undetermined characters in this alignment: 29.03%

RAxML rapid bootstrapping and subsequent ML search

Using 1 distinct models/data partitions with joint branch length optimization



Executing 100 rapid bootstrap inferences and thereafter a thorough ML search 

All free model parameters will be estimated by RAxML
ML estimate of 25 per site rate categories

Likelihood of final tree will be evaluated and optimized under GAMMA

GAMMA Model parameters will be estimated up to an accuracy of 0.1000000000 Log Likelihood units

Partition: 0
Alignment Patterns: 508
Name: No Name Provided
DataType: AA
Substitution Matrix: JTT
Using fixed base frequencies




RAxML was called as follows:

/Users/prigozhin/Installers/standard-RAxML/raxmlHPC-PTHREADS-AVX -T 1 -n Int3554_24.Raxml.out -f a -x 12345 -p 12345 -# 100 -m PROTCATJTT -s ../../RAxML_tree_pbNB-ARC/Initial_Clades/Int3554_24.afa 



Time for BS model parameter optimization 0.914984
Bootstrap[0]: Time 1.490794 seconds, bootstrap likelihood -5482.907808, best rearrangement setting 13
Bootstrap[1]: Time 1.168170 seconds, bootstrap likelihood -5444.670830, best rearrangement setting 13
Bootstrap[2]: Time 1.745793 seconds, bootstrap likelihood -5469.984304, best rearrangement setting 12
Bootstrap[3]: Time 1.165463 seconds, bootstrap likelihood -5623.270418, best rearrangement setting 15
Bootstrap[4]: Time 1.437322 seconds, bootstrap likelihood -5514.869843, best rearrangement setting 10
Bootstrap[5]: Time 1.416456 seconds, bootstrap likelihood -5722.187440, best rearrangement setting 10
Bootstrap[6]: Time 1.553960 seconds, bootstrap likelihood -5412.758858, best rearrangement setting 6
Bootstrap[7]: Time 1.418453 seconds, bootstrap likelihood -5651.388375, best rearrangement setting 14
Bootstrap[8]: Time 1.632431 seconds, bootstrap likelihood -5417.041857, best rearrangement setting 5
Bootstrap[9]: Time 1.368180 seconds, bootstrap likelihood -5695.801493, best rearrangement setting 7
Bootstrap[10]: Time 0.505447 seconds, bootstrap likelihood -5729.123465, best rearrangement setting 7
Bootstrap[11]: Time 1.166544 seconds, bootstrap likelihood -5516.086060, best rearrangement setting 5
Bootstrap[12]: Time 1.307627 seconds, bootstrap likelihood -5668.633642, best rearrangement setting 8
Bootstrap[13]: Time 1.087756 seconds, bootstrap likelihood -5565.531259, best rearrangement setting 7
Bootstrap[14]: Time 1.803421 seconds, bootstrap likelihood -5498.883483, best rearrangement setting 12
Bootstrap[15]: Time 1.657179 seconds, bootstrap likelihood -5687.706442, best rearrangement setting 15
Bootstrap[16]: Time 1.370933 seconds, bootstrap likelihood -5638.197104, best rearrangement setting 12
Bootstrap[17]: Time 1.319170 seconds, bootstrap likelihood -5663.821474, best rearrangement setting 12
Bootstrap[18]: Time 1.339383 seconds, bootstrap likelihood -5766.291484, best rearrangement setting 5
Bootstrap[19]: Time 1.196328 seconds, bootstrap likelihood -5520.184174, best rearrangement setting 8
Bootstrap[20]: Time 1.151138 seconds, bootstrap likelihood -5691.713630, best rearrangement setting 10
Bootstrap[21]: Time 1.104340 seconds, bootstrap likelihood -5479.933004, best rearrangement setting 6
Bootstrap[22]: Time 1.140133 seconds, bootstrap likelihood -5396.863858, best rearrangement setting 5
Bootstrap[23]: Time 1.776622 seconds, bootstrap likelihood -5624.829596, best rearrangement setting 7
Bootstrap[24]: Time 1.312492 seconds, bootstrap likelihood -5786.832316, best rearrangement setting 8
Bootstrap[25]: Time 1.170065 seconds, bootstrap likelihood -5654.967607, best rearrangement setting 6
Bootstrap[26]: Time 1.429541 seconds, bootstrap likelihood -5455.479023, best rearrangement setting 12
Bootstrap[27]: Time 1.202471 seconds, bootstrap likelihood -5537.520777, best rearrangement setting 10
Bootstrap[28]: Time 0.508624 seconds, bootstrap likelihood -5533.213527, best rearrangement setting 11
Bootstrap[29]: Time 1.313277 seconds, bootstrap likelihood -5523.417567, best rearrangement setting 12
Bootstrap[30]: Time 0.528825 seconds, bootstrap likelihood -5763.261658, best rearrangement setting 15
Bootstrap[31]: Time 1.190727 seconds, bootstrap likelihood -5435.419391, best rearrangement setting 15
Bootstrap[32]: Time 1.192378 seconds, bootstrap likelihood -5577.465584, best rearrangement setting 6
Bootstrap[33]: Time 1.448002 seconds, bootstrap likelihood -5730.996809, best rearrangement setting 15
Bootstrap[34]: Time 1.123379 seconds, bootstrap likelihood -5825.503839, best rearrangement setting 11
Bootstrap[35]: Time 1.238456 seconds, bootstrap likelihood -5623.060170, best rearrangement setting 8
Bootstrap[36]: Time 1.141831 seconds, bootstrap likelihood -5772.431250, best rearrangement setting 9
Bootstrap[37]: Time 0.485489 seconds, bootstrap likelihood -5588.089265, best rearrangement setting 11
Bootstrap[38]: Time 1.247243 seconds, bootstrap likelihood -5615.254710, best rearrangement setting 8
Bootstrap[39]: Time 1.157462 seconds, bootstrap likelihood -5465.464363, best rearrangement setting 13
Bootstrap[40]: Time 1.465578 seconds, bootstrap likelihood -5460.940528, best rearrangement setting 13
Bootstrap[41]: Time 1.401242 seconds, bootstrap likelihood -5581.483652, best rearrangement setting 10
Bootstrap[42]: Time 1.199880 seconds, bootstrap likelihood -5596.450899, best rearrangement setting 5
Bootstrap[43]: Time 1.136461 seconds, bootstrap likelihood -5666.231686, best rearrangement setting 14
Bootstrap[44]: Time 1.703154 seconds, bootstrap likelihood -5612.786812, best rearrangement setting 10
Bootstrap[45]: Time 1.590507 seconds, bootstrap likelihood -5491.665257, best rearrangement setting 15
Bootstrap[46]: Time 1.355478 seconds, bootstrap likelihood -5677.179504, best rearrangement setting 14
Bootstrap[47]: Time 1.551170 seconds, bootstrap likelihood -5651.782194, best rearrangement setting 8
Bootstrap[48]: Time 1.158495 seconds, bootstrap likelihood -5632.752838, best rearrangement setting 6
Bootstrap[49]: Time 1.112323 seconds, bootstrap likelihood -5562.037347, best rearrangement setting 7
Bootstrap[50]: Time 0.441904 seconds, bootstrap likelihood -5475.644161, best rearrangement setting 7
Bootstrap[51]: Time 1.226412 seconds, bootstrap likelihood -5384.346664, best rearrangement setting 11
Bootstrap[52]: Time 1.155788 seconds, bootstrap likelihood -5648.191391, best rearrangement setting 12
Bootstrap[53]: Time 1.045722 seconds, bootstrap likelihood -5458.676315, best rearrangement setting 8
Bootstrap[54]: Time 1.372483 seconds, bootstrap likelihood -5502.513297, best rearrangement setting 9
Bootstrap[55]: Time 1.365211 seconds, bootstrap likelihood -5730.202582, best rearrangement setting 11
Bootstrap[56]: Time 1.673997 seconds, bootstrap likelihood -5788.270053, best rearrangement setting 5
Bootstrap[57]: Time 1.353559 seconds, bootstrap likelihood -5652.725305, best rearrangement setting 7
Bootstrap[58]: Time 1.327859 seconds, bootstrap likelihood -5732.884822, best rearrangement setting 10
Bootstrap[59]: Time 1.058908 seconds, bootstrap likelihood -5612.550045, best rearrangement setting 9
Bootstrap[60]: Time 1.191433 seconds, bootstrap likelihood -5531.862460, best rearrangement setting 7
Bootstrap[61]: Time 1.167956 seconds, bootstrap likelihood -5469.747455, best rearrangement setting 5
Bootstrap[62]: Time 1.480837 seconds, bootstrap likelihood -5545.099555, best rearrangement setting 11
Bootstrap[63]: Time 1.291505 seconds, bootstrap likelihood -5687.706239, best rearrangement setting 12
Bootstrap[64]: Time 1.299699 seconds, bootstrap likelihood -5656.480985, best rearrangement setting 7
Bootstrap[65]: Time 1.482555 seconds, bootstrap likelihood -5660.546731, best rearrangement setting 5
Bootstrap[66]: Time 1.116038 seconds, bootstrap likelihood -5670.945666, best rearrangement setting 5
Bootstrap[67]: Time 1.342480 seconds, bootstrap likelihood -5743.125265, best rearrangement setting 15
Bootstrap[68]: Time 1.154508 seconds, bootstrap likelihood -5517.194049, best rearrangement setting 11
Bootstrap[69]: Time 1.328455 seconds, bootstrap likelihood -5640.001011, best rearrangement setting 5
Bootstrap[70]: Time 1.378089 seconds, bootstrap likelihood -5482.071887, best rearrangement setting 8
Bootstrap[71]: Time 1.464699 seconds, bootstrap likelihood -5481.222238, best rearrangement setting 10
Bootstrap[72]: Time 1.281571 seconds, bootstrap likelihood -5592.365257, best rearrangement setting 11
Bootstrap[73]: Time 1.081493 seconds, bootstrap likelihood -5689.545484, best rearrangement setting 9
Bootstrap[74]: Time 1.234192 seconds, bootstrap likelihood -5541.825989, best rearrangement setting 5
Bootstrap[75]: Time 1.153411 seconds, bootstrap likelihood -5546.243289, best rearrangement setting 8
Bootstrap[76]: Time 0.709479 seconds, bootstrap likelihood -5538.168384, best rearrangement setting 9
Bootstrap[77]: Time 1.378130 seconds, bootstrap likelihood -5629.101715, best rearrangement setting 11
Bootstrap[78]: Time 1.077442 seconds, bootstrap likelihood -5579.926549, best rearrangement setting 15
Bootstrap[79]: Time 1.235101 seconds, bootstrap likelihood -5548.476566, best rearrangement setting 9
Bootstrap[80]: Time 1.089628 seconds, bootstrap likelihood -5667.078258, best rearrangement setting 15
Bootstrap[81]: Time 1.180285 seconds, bootstrap likelihood -5531.068239, best rearrangement setting 7
Bootstrap[82]: Time 1.105252 seconds, bootstrap likelihood -5455.304081, best rearrangement setting 6
Bootstrap[83]: Time 1.230604 seconds, bootstrap likelihood -5742.107048, best rearrangement setting 10
Bootstrap[84]: Time 0.445746 seconds, bootstrap likelihood -5453.617309, best rearrangement setting 11
Bootstrap[85]: Time 1.190531 seconds, bootstrap likelihood -5764.271250, best rearrangement setting 8
Bootstrap[86]: Time 1.420540 seconds, bootstrap likelihood -5552.074671, best rearrangement setting 7
Bootstrap[87]: Time 1.483348 seconds, bootstrap likelihood -5610.935008, best rearrangement setting 7
Bootstrap[88]: Time 1.735521 seconds, bootstrap likelihood -5737.793362, best rearrangement setting 12
Bootstrap[89]: Time 1.335025 seconds, bootstrap likelihood -5552.810278, best rearrangement setting 10
Bootstrap[90]: Time 1.623707 seconds, bootstrap likelihood -5585.339202, best rearrangement setting 8
Bootstrap[91]: Time 1.242227 seconds, bootstrap likelihood -5713.853487, best rearrangement setting 12
Bootstrap[92]: Time 1.368444 seconds, bootstrap likelihood -5652.422120, best rearrangement setting 13
Bootstrap[93]: Time 2.006772 seconds, bootstrap likelihood -5497.890374, best rearrangement setting 15
Bootstrap[94]: Time 1.577401 seconds, bootstrap likelihood -5423.152825, best rearrangement setting 5
Bootstrap[95]: Time 1.377411 seconds, bootstrap likelihood -5450.963763, best rearrangement setting 5
Bootstrap[96]: Time 1.380290 seconds, bootstrap likelihood -5565.954080, best rearrangement setting 13
Bootstrap[97]: Time 0.467325 seconds, bootstrap likelihood -5690.034127, best rearrangement setting 11
Bootstrap[98]: Time 0.484520 seconds, bootstrap likelihood -5625.981438, best rearrangement setting 6
Bootstrap[99]: Time 0.562795 seconds, bootstrap likelihood -5646.596879, best rearrangement setting 14


Overall Time for 100 Rapid Bootstraps 124.907938 seconds
Average Time per Rapid Bootstrap 1.249079 seconds

Starting ML Search ...

Fast ML optimization finished

Fast ML search Time: 62.890335 seconds

Slow ML Search 0 Likelihood: -6263.105521
Slow ML Search 1 Likelihood: -6263.105511
Slow ML Search 2 Likelihood: -6263.106384
Slow ML Search 3 Likelihood: -6263.104817
Slow ML Search 4 Likelihood: -6263.105512
Slow ML Search 5 Likelihood: -6263.105928
Slow ML Search 6 Likelihood: -6263.105559
Slow ML Search 7 Likelihood: -6263.106208
Slow ML Search 8 Likelihood: -6263.105776
Slow ML Search 9 Likelihood: -6263.106809
Slow ML optimization finished

Slow ML search Time: 37.367638 seconds
Thorough ML search Time: 8.285377 seconds

Final ML Optimization Likelihood: -6261.726122

Model Information:

Model Parameters of Partition 0, Name: No Name Provided, Type of Data: AA
alpha: 0.342111
Tree-Length: 0.342279
rate A <-> R: 0.603538
rate A <-> N: 0.561915
rate A <-> D: 0.842872
rate A <-> C: 0.582726
rate A <-> Q: 0.593132
rate A <-> E: 1.092612
rate A <-> G: 1.862643
rate A <-> H: 0.280957
rate A <-> I: 0.374610
rate A <-> L: 0.312175
rate A <-> K: 0.364204
rate A <-> M: 0.561915
rate A <-> F: 0.156087
rate A <-> P: 2.018730
rate A <-> S: 3.933403
rate A <-> T: 4.942768
rate A <-> W: 0.093652
rate A <-> Y: 0.114464
rate A <-> V: 3.100937
rate R <-> N: 0.468262
rate R <-> D: 0.166493
rate R <-> C: 1.175858
rate R <-> Q: 3.225806
rate R <-> E: 0.301769
rate R <-> G: 1.425598
rate R <-> H: 3.413111
rate R <-> I: 0.228928
rate R <-> L: 0.395421
rate R <-> K: 6.722164
rate R <-> M: 0.457856
rate R <-> F: 0.052029
rate R <-> P: 0.770031
rate R <-> S: 1.050989
rate R <-> T: 0.665973
rate R <-> W: 1.311134
rate R <-> Y: 0.208117
rate R <-> V: 0.176899
rate N <-> D: 5.494277
rate N <-> C: 0.353798
rate N <-> Q: 0.894901
rate N <-> E: 0.603538
rate N <-> G: 0.842872
rate N <-> H: 4.068678
rate N <-> I: 0.489074
rate N <-> L: 0.124870
rate N <-> K: 2.736733
rate N <-> M: 0.312175
rate N <-> F: 0.104058
rate N <-> P: 0.156087
rate N <-> S: 5.234131
rate N <-> T: 2.414152
rate N <-> W: 0.083247
rate N <-> Y: 0.728408
rate N <-> V: 0.166493
rate D <-> C: 0.104058
rate D <-> Q: 0.509886
rate D <-> E: 7.981270
rate D <-> G: 1.352758
rate D <-> H: 1.165453
rate D <-> I: 0.114464
rate D <-> L: 0.072841
rate D <-> K: 0.270552
rate D <-> M: 0.156087
rate D <-> F: 0.041623
rate D <-> P: 0.156087
rate D <-> S: 0.613944
rate D <-> T: 0.395421
rate D <-> W: 0.041623
rate D <-> Y: 0.478668
rate D <-> V: 0.322581
rate C <-> Q: 0.093652
rate C <-> E: 0.052029
rate C <-> G: 0.613944
rate C <-> H: 0.718002
rate C <-> I: 0.176899
rate C <-> L: 0.239334
rate C <-> K: 0.072841
rate C <-> M: 0.322581
rate C <-> F: 0.811655
rate C <-> P: 0.145682
rate C <-> S: 2.320499
rate C <-> T: 0.437045
rate C <-> W: 1.196670
rate C <-> Y: 2.174818
rate C <-> V: 0.645161
rate Q <-> E: 3.361082
rate Q <-> G: 0.270552
rate Q <-> H: 6.212279
rate Q <-> I: 0.093652
rate Q <-> L: 0.749220
rate Q <-> K: 3.038502
rate Q <-> M: 0.447451
rate Q <-> F: 0.041623
rate Q <-> P: 1.706556
rate Q <-> S: 0.551509
rate Q <-> T: 0.530697
rate Q <-> W: 0.187305
rate Q <-> Y: 0.249740
rate Q <-> V: 0.208117
rate E <-> G: 1.238293
rate E <-> H: 0.270552
rate E <-> I: 0.124870
rate E <-> L: 0.093652
rate E <-> K: 1.883455
rate E <-> M: 0.187305
rate E <-> F: 0.052029
rate E <-> P: 0.187305
rate E <-> S: 0.312175
rate E <-> T: 0.332986
rate E <-> W: 0.104058
rate E <-> Y: 0.072841
rate E <-> V: 0.468262
rate G <-> H: 0.239334
rate G <-> I: 0.062435
rate G <-> L: 0.062435
rate G <-> K: 0.280957
rate G <-> M: 0.145682
rate G <-> F: 0.052029
rate G <-> P: 0.249740
rate G <-> S: 2.091571
rate G <-> T: 0.343392
rate G <-> W: 0.572320
rate G <-> Y: 0.083247
rate G <-> V: 0.489074
rate H <-> I: 0.166493
rate H <-> L: 0.582726
rate H <-> K: 0.468262
rate H <-> M: 0.343392
rate H <-> F: 0.416233
rate H <-> P: 1.196670
rate H <-> S: 0.759625
rate H <-> T: 0.478668
rate H <-> W: 0.083247
rate H <-> Y: 5.962539
rate H <-> V: 0.114464
rate I <-> L: 2.382934
rate I <-> K: 0.218522
rate I <-> M: 4.984391
rate I <-> F: 0.926119
rate I <-> P: 0.104058
rate I <-> S: 0.416233
rate I <-> T: 2.549428
rate I <-> W: 0.093652
rate I <-> Y: 0.332986
rate I <-> V: 10.000000
rate L <-> K: 0.145682
rate L <-> M: 4.037461
rate L <-> F: 2.580645
rate L <-> P: 1.061394
rate L <-> S: 0.613944
rate L <-> T: 0.260146
rate L <-> W: 0.541103
rate L <-> Y: 0.249740
rate L <-> V: 1.873049
rate K <-> M: 0.676379
rate K <-> F: 0.041623
rate K <-> P: 0.218522
rate K <-> S: 0.489074
rate K <-> T: 1.071800
rate K <-> W: 0.104058
rate K <-> Y: 0.083247
rate K <-> V: 0.145682
rate M <-> F: 0.447451
rate M <-> P: 0.166493
rate M <-> S: 0.301769
rate M <-> T: 2.351717
rate M <-> W: 0.249740
rate M <-> Y: 0.187305
rate M <-> V: 3.361082
rate F <-> P: 0.176899
rate F <-> S: 0.957336
rate F <-> T: 0.124870
rate F <-> W: 0.551509
rate F <-> Y: 5.577523
rate F <-> V: 0.645161
rate P <-> S: 2.965661
rate P <-> T: 1.227888
rate P <-> W: 0.062435
rate P <-> Y: 0.104058
rate P <-> V: 0.239334
rate S <-> T: 4.963580
rate S <-> W: 0.364204
rate S <-> Y: 0.655567
rate S <-> V: 0.395421
rate T <-> W: 0.124870
rate T <-> Y: 0.218522
rate T <-> V: 1.165453
rate W <-> Y: 0.738814
rate W <-> V: 0.260146
rate Y <-> V: 0.166493

freq pi(A): 0.076748
freq pi(R): 0.051691
freq pi(N): 0.042645
freq pi(D): 0.051544
freq pi(C): 0.019803
freq pi(Q): 0.040752
freq pi(E): 0.061830
freq pi(G): 0.073152
freq pi(H): 0.022944
freq pi(I): 0.053761
freq pi(L): 0.091904
freq pi(K): 0.058676
freq pi(M): 0.023826
freq pi(F): 0.040126
freq pi(P): 0.050901
freq pi(S): 0.068765
freq pi(T): 0.058565
freq pi(W): 0.014261
freq pi(Y): 0.032102
freq pi(V): 0.066004


ML search took 108.581922 secs or 0.030162 hours

Combined Bootstrap and ML search took 233.490146 secs or 0.064858 hours

Drawing Bootstrap Support Values on best-scoring ML tree ...



Found 1 tree in File /Users/prigozhin/Dropbox/NLRomes/Maize_NLRome/RAxML_tree_pbNB-ARC/Initial_Clades/RAxML_bestTree.Int3554_24.Raxml.out



Found 1 tree in File /Users/prigozhin/Dropbox/NLRomes/Maize_NLRome/RAxML_tree_pbNB-ARC/Initial_Clades/RAxML_bestTree.Int3554_24.Raxml.out

Program execution info written to /Users/prigozhin/Dropbox/NLRomes/Maize_NLRome/RAxML_tree_pbNB-ARC/Initial_Clades/RAxML_info.Int3554_24.Raxml.out
All 100 bootstrapped trees written to: /Users/prigozhin/Dropbox/NLRomes/Maize_NLRome/RAxML_tree_pbNB-ARC/Initial_Clades/RAxML_bootstrap.Int3554_24.Raxml.out

Best-scoring ML tree written to: /Users/prigozhin/Dropbox/NLRomes/Maize_NLRome/RAxML_tree_pbNB-ARC/Initial_Clades/RAxML_bestTree.Int3554_24.Raxml.out

Best-scoring ML tree with support values written to: /Users/prigozhin/Dropbox/NLRomes/Maize_NLRome/RAxML_tree_pbNB-ARC/Initial_Clades/RAxML_bipartitions.Int3554_24.Raxml.out

Best-scoring ML tree with support values as branch labels written to: /Users/prigozhin/Dropbox/NLRomes/Maize_NLRome/RAxML_tree_pbNB-ARC/Initial_Clades/RAxML_bipartitionsBranchLabels.Int3554_24.Raxml.out

Overall execution time for full ML analysis: 233.501333 secs or 0.064861 hours or 0.002703 days

