

IMPORTANT WARNING: Sequences ZM00035AB094230_P001 and ZM00036AB094640_P001 are exactly identical


IMPORTANT WARNING: Sequences ZM00035AB094230_P001 and ZM00042AB093960_P001 are exactly identical


IMPORTANT WARNING: Sequences ZM00038AB093920_P001 and ZM00031AB095470_P001 are exactly identical


IMPORTANT WARNING: Sequences ZM00029AB094170_P001 and ZM00022AB092240_P001 are exactly identical


IMPORTANT WARNING: Sequences ZM00041AB094500_P001 and ZM00021AB091800_P001 are exactly identical


IMPORTANT WARNING: Sequences ZM00041AB094500_P001 and ZM00031AB095480_P001 are exactly identical


IMPORTANT WARNING: Sequences ZM00041AB094500_P001 and ZM00001EB091500_P001 are exactly identical


IMPORTANT WARNING: Sequences ZM00001EB091490_P001 and ZM00021AB091790_P001 are exactly identical


IMPORTANT WARNING: Sequences ZM00001EB091490_P001 and ZM00026AB091890_P001 are exactly identical


IMPORTANT WARNING: Sequences ZM00001EB091490_P001 and ZM00032AB094930_P001 are exactly identical


IMPORTANT WARNING: Sequences ZM00040AB098090_P001 and ZM00028AB093180_P001 are exactly identical


IMPORTANT WARNING: Sequences ZM00033AB437280_P001 and ZM00026AB416020_P001 are exactly identical


IMPORTANT WARNING: Sequences ZM00027AB092390_P001 and ZM00018AB094110_P001 are exactly identical

IMPORTANT WARNING
Found 13 sequences that are exactly identical to other sequences in the alignment.
Normally they should be excluded from the analysis.

Just in case you might need it, an alignment file with 
sequence duplicates removed is printed to file ../../RAxML_tree_pbNB-ARC/Initial_Clades/Int4635_38.afa.reduced


This is RAxML version 8.2.12 released by Alexandros Stamatakis on May 2018.

With greatly appreciated code contributions by:
Andre Aberer      (HITS)
Simon Berger      (HITS)
Alexey Kozlov     (HITS)
Kassian Kobert    (HITS)
David Dao         (KIT and HITS)
Sarah Lutteropp   (KIT and HITS)
Nick Pattengale   (Sandia)
Wayne Pfeiffer    (SDSC)
Akifumi S. Tanabe (NRIFS)
Charlie Taylor    (UF)


Alignment has 337 distinct alignment patterns

Proportion of gaps and completely undetermined characters in this alignment: 16.01%

RAxML rapid bootstrapping and subsequent ML search

Using 1 distinct models/data partitions with joint branch length optimization



Executing 100 rapid bootstrap inferences and thereafter a thorough ML search 

All free model parameters will be estimated by RAxML
ML estimate of 25 per site rate categories

Likelihood of final tree will be evaluated and optimized under GAMMA

GAMMA Model parameters will be estimated up to an accuracy of 0.1000000000 Log Likelihood units

Partition: 0
Alignment Patterns: 337
Name: No Name Provided
DataType: AA
Substitution Matrix: JTT
Using fixed base frequencies




RAxML was called as follows:

/Users/prigozhin/Installers/standard-RAxML/raxmlHPC-PTHREADS-AVX -T 1 -n Int4635_38.Raxml.out -f a -x 12345 -p 12345 -# 100 -m PROTCATJTT -s ../../RAxML_tree_pbNB-ARC/Initial_Clades/Int4635_38.afa 



Time for BS model parameter optimization 0.350559
Bootstrap[0]: Time 1.230382 seconds, bootstrap likelihood -3871.943117, best rearrangement setting 13
Bootstrap[1]: Time 0.877473 seconds, bootstrap likelihood -3888.332076, best rearrangement setting 13
Bootstrap[2]: Time 2.144230 seconds, bootstrap likelihood -3844.408200, best rearrangement setting 12
Bootstrap[3]: Time 2.887134 seconds, bootstrap likelihood -3868.890646, best rearrangement setting 15
Bootstrap[4]: Time 2.213721 seconds, bootstrap likelihood -3790.581914, best rearrangement setting 10
Bootstrap[5]: Time 2.185790 seconds, bootstrap likelihood -3907.126522, best rearrangement setting 10
Bootstrap[6]: Time 1.675738 seconds, bootstrap likelihood -3933.795087, best rearrangement setting 6
Bootstrap[7]: Time 2.096807 seconds, bootstrap likelihood -3905.547919, best rearrangement setting 14
Bootstrap[8]: Time 1.861670 seconds, bootstrap likelihood -3920.691732, best rearrangement setting 5
Bootstrap[9]: Time 1.796390 seconds, bootstrap likelihood -3977.977027, best rearrangement setting 7
Bootstrap[10]: Time 1.798888 seconds, bootstrap likelihood -4057.605604, best rearrangement setting 7
Bootstrap[11]: Time 1.725123 seconds, bootstrap likelihood -3868.983634, best rearrangement setting 5
Bootstrap[12]: Time 1.949351 seconds, bootstrap likelihood -4059.015681, best rearrangement setting 8
Bootstrap[13]: Time 0.898635 seconds, bootstrap likelihood -3972.064264, best rearrangement setting 7
Bootstrap[14]: Time 0.822591 seconds, bootstrap likelihood -3788.609671, best rearrangement setting 12
Bootstrap[15]: Time 0.855312 seconds, bootstrap likelihood -4072.274920, best rearrangement setting 15
Bootstrap[16]: Time 1.954614 seconds, bootstrap likelihood -3794.945919, best rearrangement setting 12
Bootstrap[17]: Time 2.038033 seconds, bootstrap likelihood -3982.187522, best rearrangement setting 12
Bootstrap[18]: Time 1.720826 seconds, bootstrap likelihood -3835.394543, best rearrangement setting 5
Bootstrap[19]: Time 1.780521 seconds, bootstrap likelihood -4008.484672, best rearrangement setting 8
Bootstrap[20]: Time 0.825630 seconds, bootstrap likelihood -3961.331558, best rearrangement setting 10
Bootstrap[21]: Time 1.790293 seconds, bootstrap likelihood -4110.605512, best rearrangement setting 6
Bootstrap[22]: Time 1.470252 seconds, bootstrap likelihood -3820.749965, best rearrangement setting 5
Bootstrap[23]: Time 1.726405 seconds, bootstrap likelihood -4038.150697, best rearrangement setting 7
Bootstrap[24]: Time 1.717940 seconds, bootstrap likelihood -3907.081104, best rearrangement setting 8
Bootstrap[25]: Time 1.642024 seconds, bootstrap likelihood -3992.596322, best rearrangement setting 6
Bootstrap[26]: Time 2.590123 seconds, bootstrap likelihood -4071.251112, best rearrangement setting 12
Bootstrap[27]: Time 2.420466 seconds, bootstrap likelihood -3846.750591, best rearrangement setting 10
Bootstrap[28]: Time 2.188573 seconds, bootstrap likelihood -3945.226345, best rearrangement setting 11
Bootstrap[29]: Time 2.089672 seconds, bootstrap likelihood -3995.008054, best rearrangement setting 12
Bootstrap[30]: Time 2.001646 seconds, bootstrap likelihood -3847.270287, best rearrangement setting 15
Bootstrap[31]: Time 2.006095 seconds, bootstrap likelihood -4016.454391, best rearrangement setting 15
Bootstrap[32]: Time 2.039782 seconds, bootstrap likelihood -3861.483127, best rearrangement setting 6
Bootstrap[33]: Time 1.832496 seconds, bootstrap likelihood -3854.038043, best rearrangement setting 15
Bootstrap[34]: Time 2.023211 seconds, bootstrap likelihood -3865.369416, best rearrangement setting 11
Bootstrap[35]: Time 2.250281 seconds, bootstrap likelihood -3911.919900, best rearrangement setting 8
Bootstrap[36]: Time 2.597066 seconds, bootstrap likelihood -3993.498673, best rearrangement setting 9
Bootstrap[37]: Time 2.045040 seconds, bootstrap likelihood -4000.489366, best rearrangement setting 11
Bootstrap[38]: Time 2.417476 seconds, bootstrap likelihood -3852.023832, best rearrangement setting 8
Bootstrap[39]: Time 1.750327 seconds, bootstrap likelihood -3956.085721, best rearrangement setting 13
Bootstrap[40]: Time 0.816155 seconds, bootstrap likelihood -3821.316476, best rearrangement setting 13
Bootstrap[41]: Time 1.887656 seconds, bootstrap likelihood -4026.299091, best rearrangement setting 10
Bootstrap[42]: Time 1.461298 seconds, bootstrap likelihood -3897.130129, best rearrangement setting 5
Bootstrap[43]: Time 1.868223 seconds, bootstrap likelihood -3995.358184, best rearrangement setting 14
Bootstrap[44]: Time 2.426488 seconds, bootstrap likelihood -3996.000789, best rearrangement setting 10
Bootstrap[45]: Time 1.785952 seconds, bootstrap likelihood -3856.074015, best rearrangement setting 15
Bootstrap[46]: Time 2.271450 seconds, bootstrap likelihood -3762.217978, best rearrangement setting 14
Bootstrap[47]: Time 1.954604 seconds, bootstrap likelihood -3890.766181, best rearrangement setting 8
Bootstrap[48]: Time 2.309783 seconds, bootstrap likelihood -4004.723373, best rearrangement setting 6
Bootstrap[49]: Time 1.812499 seconds, bootstrap likelihood -3884.501258, best rearrangement setting 7
Bootstrap[50]: Time 2.152866 seconds, bootstrap likelihood -3913.767333, best rearrangement setting 7
Bootstrap[51]: Time 2.089557 seconds, bootstrap likelihood -3999.516618, best rearrangement setting 11
Bootstrap[52]: Time 0.869826 seconds, bootstrap likelihood -3946.103049, best rearrangement setting 12
Bootstrap[53]: Time 2.081322 seconds, bootstrap likelihood -3924.769117, best rearrangement setting 8
Bootstrap[54]: Time 1.819559 seconds, bootstrap likelihood -3885.092964, best rearrangement setting 9
Bootstrap[55]: Time 1.151155 seconds, bootstrap likelihood -3989.529635, best rearrangement setting 11
Bootstrap[56]: Time 1.948547 seconds, bootstrap likelihood -3944.128623, best rearrangement setting 5
Bootstrap[57]: Time 2.303971 seconds, bootstrap likelihood -3888.176963, best rearrangement setting 7
Bootstrap[58]: Time 2.025374 seconds, bootstrap likelihood -3930.598790, best rearrangement setting 10
Bootstrap[59]: Time 1.861932 seconds, bootstrap likelihood -4024.453800, best rearrangement setting 9
Bootstrap[60]: Time 1.948767 seconds, bootstrap likelihood -3934.622246, best rearrangement setting 7
Bootstrap[61]: Time 1.646549 seconds, bootstrap likelihood -3905.625255, best rearrangement setting 5
Bootstrap[62]: Time 1.803323 seconds, bootstrap likelihood -3929.058590, best rearrangement setting 11
Bootstrap[63]: Time 2.188498 seconds, bootstrap likelihood -3954.671191, best rearrangement setting 12
Bootstrap[64]: Time 1.886262 seconds, bootstrap likelihood -3889.280029, best rearrangement setting 7
Bootstrap[65]: Time 1.877324 seconds, bootstrap likelihood -3900.955819, best rearrangement setting 5
Bootstrap[66]: Time 1.453996 seconds, bootstrap likelihood -3973.744679, best rearrangement setting 5
Bootstrap[67]: Time 0.787653 seconds, bootstrap likelihood -3818.155984, best rearrangement setting 15
Bootstrap[68]: Time 0.900661 seconds, bootstrap likelihood -3792.018350, best rearrangement setting 11
Bootstrap[69]: Time 0.775411 seconds, bootstrap likelihood -3938.777178, best rearrangement setting 5
Bootstrap[70]: Time 1.984392 seconds, bootstrap likelihood -4063.688681, best rearrangement setting 8
Bootstrap[71]: Time 1.728615 seconds, bootstrap likelihood -3957.473140, best rearrangement setting 10
Bootstrap[72]: Time 2.218114 seconds, bootstrap likelihood -4126.173246, best rearrangement setting 11
Bootstrap[73]: Time 2.309330 seconds, bootstrap likelihood -4094.609526, best rearrangement setting 9
Bootstrap[74]: Time 1.584381 seconds, bootstrap likelihood -3838.499657, best rearrangement setting 5
Bootstrap[75]: Time 1.712448 seconds, bootstrap likelihood -3921.705876, best rearrangement setting 8
Bootstrap[76]: Time 0.782647 seconds, bootstrap likelihood -3854.188767, best rearrangement setting 9
Bootstrap[77]: Time 2.082058 seconds, bootstrap likelihood -3960.193675, best rearrangement setting 11
Bootstrap[78]: Time 2.191183 seconds, bootstrap likelihood -3932.927744, best rearrangement setting 15
Bootstrap[79]: Time 1.713366 seconds, bootstrap likelihood -3900.692472, best rearrangement setting 9
Bootstrap[80]: Time 1.749567 seconds, bootstrap likelihood -3831.560362, best rearrangement setting 15
Bootstrap[81]: Time 1.999844 seconds, bootstrap likelihood -3900.182309, best rearrangement setting 7
Bootstrap[82]: Time 1.990267 seconds, bootstrap likelihood -3883.924521, best rearrangement setting 6
Bootstrap[83]: Time 2.159787 seconds, bootstrap likelihood -3955.406350, best rearrangement setting 10
Bootstrap[84]: Time 1.920362 seconds, bootstrap likelihood -4028.025785, best rearrangement setting 11
Bootstrap[85]: Time 2.032942 seconds, bootstrap likelihood -3962.676723, best rearrangement setting 8
Bootstrap[86]: Time 1.855356 seconds, bootstrap likelihood -4056.396364, best rearrangement setting 7
Bootstrap[87]: Time 1.721621 seconds, bootstrap likelihood -4015.826576, best rearrangement setting 7
Bootstrap[88]: Time 1.879797 seconds, bootstrap likelihood -3862.578527, best rearrangement setting 12
Bootstrap[89]: Time 1.855747 seconds, bootstrap likelihood -3972.083853, best rearrangement setting 10
Bootstrap[90]: Time 0.874982 seconds, bootstrap likelihood -3963.642954, best rearrangement setting 8
Bootstrap[91]: Time 1.846025 seconds, bootstrap likelihood -3881.665774, best rearrangement setting 12
Bootstrap[92]: Time 2.008245 seconds, bootstrap likelihood -3925.784904, best rearrangement setting 13
Bootstrap[93]: Time 2.085380 seconds, bootstrap likelihood -3907.271187, best rearrangement setting 15
Bootstrap[94]: Time 2.030301 seconds, bootstrap likelihood -3791.444977, best rearrangement setting 5
Bootstrap[95]: Time 1.644710 seconds, bootstrap likelihood -3828.097013, best rearrangement setting 5
Bootstrap[96]: Time 1.661668 seconds, bootstrap likelihood -3939.329111, best rearrangement setting 13
Bootstrap[97]: Time 2.327116 seconds, bootstrap likelihood -3736.808104, best rearrangement setting 11
Bootstrap[98]: Time 2.170832 seconds, bootstrap likelihood -3903.421971, best rearrangement setting 6
Bootstrap[99]: Time 2.117035 seconds, bootstrap likelihood -3896.230999, best rearrangement setting 14


Overall Time for 100 Rapid Bootstraps 182.389020 seconds
Average Time per Rapid Bootstrap 1.823890 seconds

Starting ML Search ...

Fast ML optimization finished

Fast ML search Time: 107.418934 seconds

Slow ML Search 0 Likelihood: -4299.321454
Slow ML Search 1 Likelihood: -4299.321521
Slow ML Search 2 Likelihood: -4299.321521
Slow ML Search 3 Likelihood: -4299.321521
Slow ML Search 4 Likelihood: -4299.214566
Slow ML Search 5 Likelihood: -4299.321454
Slow ML Search 6 Likelihood: -4299.321454
Slow ML Search 7 Likelihood: -4299.321480
Slow ML Search 8 Likelihood: -4299.321522
Slow ML Search 9 Likelihood: -4299.214498
Slow ML optimization finished

Slow ML search Time: 43.084431 seconds
Thorough ML search Time: 8.773717 seconds

Final ML Optimization Likelihood: -4298.654547

Model Information:

Model Parameters of Partition 0, Name: No Name Provided, Type of Data: AA
alpha: 0.699400
Tree-Length: 0.432517
rate A <-> R: 0.603538
rate A <-> N: 0.561915
rate A <-> D: 0.842872
rate A <-> C: 0.582726
rate A <-> Q: 0.593132
rate A <-> E: 1.092612
rate A <-> G: 1.862643
rate A <-> H: 0.280957
rate A <-> I: 0.374610
rate A <-> L: 0.312175
rate A <-> K: 0.364204
rate A <-> M: 0.561915
rate A <-> F: 0.156087
rate A <-> P: 2.018730
rate A <-> S: 3.933403
rate A <-> T: 4.942768
rate A <-> W: 0.093652
rate A <-> Y: 0.114464
rate A <-> V: 3.100937
rate R <-> N: 0.468262
rate R <-> D: 0.166493
rate R <-> C: 1.175858
rate R <-> Q: 3.225806
rate R <-> E: 0.301769
rate R <-> G: 1.425598
rate R <-> H: 3.413111
rate R <-> I: 0.228928
rate R <-> L: 0.395421
rate R <-> K: 6.722164
rate R <-> M: 0.457856
rate R <-> F: 0.052029
rate R <-> P: 0.770031
rate R <-> S: 1.050989
rate R <-> T: 0.665973
rate R <-> W: 1.311134
rate R <-> Y: 0.208117
rate R <-> V: 0.176899
rate N <-> D: 5.494277
rate N <-> C: 0.353798
rate N <-> Q: 0.894901
rate N <-> E: 0.603538
rate N <-> G: 0.842872
rate N <-> H: 4.068678
rate N <-> I: 0.489074
rate N <-> L: 0.124870
rate N <-> K: 2.736733
rate N <-> M: 0.312175
rate N <-> F: 0.104058
rate N <-> P: 0.156087
rate N <-> S: 5.234131
rate N <-> T: 2.414152
rate N <-> W: 0.083247
rate N <-> Y: 0.728408
rate N <-> V: 0.166493
rate D <-> C: 0.104058
rate D <-> Q: 0.509886
rate D <-> E: 7.981270
rate D <-> G: 1.352758
rate D <-> H: 1.165453
rate D <-> I: 0.114464
rate D <-> L: 0.072841
rate D <-> K: 0.270552
rate D <-> M: 0.156087
rate D <-> F: 0.041623
rate D <-> P: 0.156087
rate D <-> S: 0.613944
rate D <-> T: 0.395421
rate D <-> W: 0.041623
rate D <-> Y: 0.478668
rate D <-> V: 0.322581
rate C <-> Q: 0.093652
rate C <-> E: 0.052029
rate C <-> G: 0.613944
rate C <-> H: 0.718002
rate C <-> I: 0.176899
rate C <-> L: 0.239334
rate C <-> K: 0.072841
rate C <-> M: 0.322581
rate C <-> F: 0.811655
rate C <-> P: 0.145682
rate C <-> S: 2.320499
rate C <-> T: 0.437045
rate C <-> W: 1.196670
rate C <-> Y: 2.174818
rate C <-> V: 0.645161
rate Q <-> E: 3.361082
rate Q <-> G: 0.270552
rate Q <-> H: 6.212279
rate Q <-> I: 0.093652
rate Q <-> L: 0.749220
rate Q <-> K: 3.038502
rate Q <-> M: 0.447451
rate Q <-> F: 0.041623
rate Q <-> P: 1.706556
rate Q <-> S: 0.551509
rate Q <-> T: 0.530697
rate Q <-> W: 0.187305
rate Q <-> Y: 0.249740
rate Q <-> V: 0.208117
rate E <-> G: 1.238293
rate E <-> H: 0.270552
rate E <-> I: 0.124870
rate E <-> L: 0.093652
rate E <-> K: 1.883455
rate E <-> M: 0.187305
rate E <-> F: 0.052029
rate E <-> P: 0.187305
rate E <-> S: 0.312175
rate E <-> T: 0.332986
rate E <-> W: 0.104058
rate E <-> Y: 0.072841
rate E <-> V: 0.468262
rate G <-> H: 0.239334
rate G <-> I: 0.062435
rate G <-> L: 0.062435
rate G <-> K: 0.280957
rate G <-> M: 0.145682
rate G <-> F: 0.052029
rate G <-> P: 0.249740
rate G <-> S: 2.091571
rate G <-> T: 0.343392
rate G <-> W: 0.572320
rate G <-> Y: 0.083247
rate G <-> V: 0.489074
rate H <-> I: 0.166493
rate H <-> L: 0.582726
rate H <-> K: 0.468262
rate H <-> M: 0.343392
rate H <-> F: 0.416233
rate H <-> P: 1.196670
rate H <-> S: 0.759625
rate H <-> T: 0.478668
rate H <-> W: 0.083247
rate H <-> Y: 5.962539
rate H <-> V: 0.114464
rate I <-> L: 2.382934
rate I <-> K: 0.218522
rate I <-> M: 4.984391
rate I <-> F: 0.926119
rate I <-> P: 0.104058
rate I <-> S: 0.416233
rate I <-> T: 2.549428
rate I <-> W: 0.093652
rate I <-> Y: 0.332986
rate I <-> V: 10.000000
rate L <-> K: 0.145682
rate L <-> M: 4.037461
rate L <-> F: 2.580645
rate L <-> P: 1.061394
rate L <-> S: 0.613944
rate L <-> T: 0.260146
rate L <-> W: 0.541103
rate L <-> Y: 0.249740
rate L <-> V: 1.873049
rate K <-> M: 0.676379
rate K <-> F: 0.041623
rate K <-> P: 0.218522
rate K <-> S: 0.489074
rate K <-> T: 1.071800
rate K <-> W: 0.104058
rate K <-> Y: 0.083247
rate K <-> V: 0.145682
rate M <-> F: 0.447451
rate M <-> P: 0.166493
rate M <-> S: 0.301769
rate M <-> T: 2.351717
rate M <-> W: 0.249740
rate M <-> Y: 0.187305
rate M <-> V: 3.361082
rate F <-> P: 0.176899
rate F <-> S: 0.957336
rate F <-> T: 0.124870
rate F <-> W: 0.551509
rate F <-> Y: 5.577523
rate F <-> V: 0.645161
rate P <-> S: 2.965661
rate P <-> T: 1.227888
rate P <-> W: 0.062435
rate P <-> Y: 0.104058
rate P <-> V: 0.239334
rate S <-> T: 4.963580
rate S <-> W: 0.364204
rate S <-> Y: 0.655567
rate S <-> V: 0.395421
rate T <-> W: 0.124870
rate T <-> Y: 0.218522
rate T <-> V: 1.165453
rate W <-> Y: 0.738814
rate W <-> V: 0.260146
rate Y <-> V: 0.166493

freq pi(A): 0.076748
freq pi(R): 0.051691
freq pi(N): 0.042645
freq pi(D): 0.051544
freq pi(C): 0.019803
freq pi(Q): 0.040752
freq pi(E): 0.061830
freq pi(G): 0.073152
freq pi(H): 0.022944
freq pi(I): 0.053761
freq pi(L): 0.091904
freq pi(K): 0.058676
freq pi(M): 0.023826
freq pi(F): 0.040126
freq pi(P): 0.050901
freq pi(S): 0.068765
freq pi(T): 0.058565
freq pi(W): 0.014261
freq pi(Y): 0.032102
freq pi(V): 0.066004


ML search took 159.303526 secs or 0.044251 hours

Combined Bootstrap and ML search took 341.692723 secs or 0.094915 hours

Drawing Bootstrap Support Values on best-scoring ML tree ...



Found 1 tree in File /Users/prigozhin/Dropbox/NLRomes/Maize_NLRome/RAxML_tree_pbNB-ARC/Initial_Clades/RAxML_bestTree.Int4635_38.Raxml.out



Found 1 tree in File /Users/prigozhin/Dropbox/NLRomes/Maize_NLRome/RAxML_tree_pbNB-ARC/Initial_Clades/RAxML_bestTree.Int4635_38.Raxml.out

Program execution info written to /Users/prigozhin/Dropbox/NLRomes/Maize_NLRome/RAxML_tree_pbNB-ARC/Initial_Clades/RAxML_info.Int4635_38.Raxml.out
All 100 bootstrapped trees written to: /Users/prigozhin/Dropbox/NLRomes/Maize_NLRome/RAxML_tree_pbNB-ARC/Initial_Clades/RAxML_bootstrap.Int4635_38.Raxml.out

Best-scoring ML tree written to: /Users/prigozhin/Dropbox/NLRomes/Maize_NLRome/RAxML_tree_pbNB-ARC/Initial_Clades/RAxML_bestTree.Int4635_38.Raxml.out

Best-scoring ML tree with support values written to: /Users/prigozhin/Dropbox/NLRomes/Maize_NLRome/RAxML_tree_pbNB-ARC/Initial_Clades/RAxML_bipartitions.Int4635_38.Raxml.out

Best-scoring ML tree with support values as branch labels written to: /Users/prigozhin/Dropbox/NLRomes/Maize_NLRome/RAxML_tree_pbNB-ARC/Initial_Clades/RAxML_bipartitionsBranchLabels.Int4635_38.Raxml.out

Overall execution time for full ML analysis: 341.706762 secs or 0.094919 hours or 0.003955 days

