

IMPORTANT WARNING: Sequences ZM00029AB174910_P001 and ZM00041AB175560_P001 are exactly identical


IMPORTANT WARNING: Sequences ZM00032AB174010_P001 and ZM00023AB173470_P001 are exactly identical


IMPORTANT WARNING: Sequences ZM00032AB174010_P001 and ZM00033AB178800_P001 are exactly identical


IMPORTANT WARNING: Sequences ZM00032AB174010_P001 and ZM00036AB174280_P001 are exactly identical


IMPORTANT WARNING: Sequences ZM00001EB169030_P001 and ZM00038AB171930_P001 are exactly identical


IMPORTANT WARNING: Sequences ZM00026AB170560_P001 and ZM00022AB170550_P001 are exactly identical


IMPORTANT WARNING: Sequences ZM00020AB170650_P001 and ZM00018AB174790_P001 are exactly identical


IMPORTANT WARNING: Sequences ZM00034AB179170_P001 and ZM00031AB175460_P001 are exactly identical


IMPORTANT WARNING: Sequences ZM00021AB170980_P001 and ZM00027AB171160_P001 are exactly identical

IMPORTANT WARNING
Found 9 sequences that are exactly identical to other sequences in the alignment.
Normally they should be excluded from the analysis.

Just in case you might need it, an alignment file with 
sequence duplicates removed is printed to file ../../RAxML_tree_pbNB-ARC/Initial_Clades/Int3936_24.afa.reduced


This is RAxML version 8.2.12 released by Alexandros Stamatakis on May 2018.

With greatly appreciated code contributions by:
Andre Aberer      (HITS)
Simon Berger      (HITS)
Alexey Kozlov     (HITS)
Kassian Kobert    (HITS)
David Dao         (KIT and HITS)
Sarah Lutteropp   (KIT and HITS)
Nick Pattengale   (Sandia)
Wayne Pfeiffer    (SDSC)
Akifumi S. Tanabe (NRIFS)
Charlie Taylor    (UF)


Alignment has 182 distinct alignment patterns

Proportion of gaps and completely undetermined characters in this alignment: 12.60%

RAxML rapid bootstrapping and subsequent ML search

Using 1 distinct models/data partitions with joint branch length optimization



Executing 100 rapid bootstrap inferences and thereafter a thorough ML search 

All free model parameters will be estimated by RAxML
ML estimate of 25 per site rate categories

Likelihood of final tree will be evaluated and optimized under GAMMA

GAMMA Model parameters will be estimated up to an accuracy of 0.1000000000 Log Likelihood units

Partition: 0
Alignment Patterns: 182
Name: No Name Provided
DataType: AA
Substitution Matrix: JTT
Using fixed base frequencies




RAxML was called as follows:

/Users/prigozhin/Installers/standard-RAxML/raxmlHPC-PTHREADS-AVX -T 1 -n Int3936_24.Raxml.out -f a -x 12345 -p 12345 -# 100 -m PROTCATJTT -s ../../RAxML_tree_pbNB-ARC/Initial_Clades/Int3936_24.afa 



Time for BS model parameter optimization 0.481915
Bootstrap[0]: Time 0.778188 seconds, bootstrap likelihood -3002.649031, best rearrangement setting 13
Bootstrap[1]: Time 0.707023 seconds, bootstrap likelihood -3031.999236, best rearrangement setting 13
Bootstrap[2]: Time 0.704016 seconds, bootstrap likelihood -3109.901862, best rearrangement setting 12
Bootstrap[3]: Time 1.388374 seconds, bootstrap likelihood -3013.546474, best rearrangement setting 15
Bootstrap[4]: Time 0.859252 seconds, bootstrap likelihood -3114.420974, best rearrangement setting 10
Bootstrap[5]: Time 0.387609 seconds, bootstrap likelihood -3023.664849, best rearrangement setting 10
Bootstrap[6]: Time 0.783055 seconds, bootstrap likelihood -2975.489645, best rearrangement setting 6
Bootstrap[7]: Time 0.776609 seconds, bootstrap likelihood -3100.223567, best rearrangement setting 14
Bootstrap[8]: Time 0.744035 seconds, bootstrap likelihood -2993.488934, best rearrangement setting 5
Bootstrap[9]: Time 0.825007 seconds, bootstrap likelihood -3131.775915, best rearrangement setting 7
Bootstrap[10]: Time 0.780446 seconds, bootstrap likelihood -3126.158913, best rearrangement setting 7
Bootstrap[11]: Time 0.295860 seconds, bootstrap likelihood -3061.939395, best rearrangement setting 5
Bootstrap[12]: Time 0.934636 seconds, bootstrap likelihood -2998.194454, best rearrangement setting 8
Bootstrap[13]: Time 0.591359 seconds, bootstrap likelihood -3016.392459, best rearrangement setting 7
Bootstrap[14]: Time 0.645221 seconds, bootstrap likelihood -3190.709281, best rearrangement setting 12
Bootstrap[15]: Time 0.292718 seconds, bootstrap likelihood -2975.287875, best rearrangement setting 15
Bootstrap[16]: Time 0.240258 seconds, bootstrap likelihood -3073.237225, best rearrangement setting 12
Bootstrap[17]: Time 0.601974 seconds, bootstrap likelihood -2981.891976, best rearrangement setting 12
Bootstrap[18]: Time 0.776662 seconds, bootstrap likelihood -3116.267384, best rearrangement setting 5
Bootstrap[19]: Time 0.301380 seconds, bootstrap likelihood -3093.444324, best rearrangement setting 8
Bootstrap[20]: Time 1.052227 seconds, bootstrap likelihood -3070.891381, best rearrangement setting 10
Bootstrap[21]: Time 1.442503 seconds, bootstrap likelihood -3037.815821, best rearrangement setting 6
Bootstrap[22]: Time 0.352484 seconds, bootstrap likelihood -3007.442022, best rearrangement setting 5
Bootstrap[23]: Time 0.644603 seconds, bootstrap likelihood -3022.140708, best rearrangement setting 7
Bootstrap[24]: Time 0.827422 seconds, bootstrap likelihood -3004.496605, best rearrangement setting 8
Bootstrap[25]: Time 0.829954 seconds, bootstrap likelihood -3085.534903, best rearrangement setting 6
Bootstrap[26]: Time 0.879255 seconds, bootstrap likelihood -2963.107849, best rearrangement setting 12
Bootstrap[27]: Time 1.026004 seconds, bootstrap likelihood -3005.719445, best rearrangement setting 10
Bootstrap[28]: Time 0.683834 seconds, bootstrap likelihood -3045.919311, best rearrangement setting 11
Bootstrap[29]: Time 0.310942 seconds, bootstrap likelihood -3002.435454, best rearrangement setting 12
Bootstrap[30]: Time 0.873739 seconds, bootstrap likelihood -3054.964847, best rearrangement setting 15
Bootstrap[31]: Time 1.175649 seconds, bootstrap likelihood -3146.046483, best rearrangement setting 15
Bootstrap[32]: Time 0.813364 seconds, bootstrap likelihood -3108.513718, best rearrangement setting 6
Bootstrap[33]: Time 1.085225 seconds, bootstrap likelihood -3089.718249, best rearrangement setting 15
Bootstrap[34]: Time 0.663306 seconds, bootstrap likelihood -3052.953784, best rearrangement setting 11
Bootstrap[35]: Time 0.301713 seconds, bootstrap likelihood -3155.093111, best rearrangement setting 8
Bootstrap[36]: Time 0.276547 seconds, bootstrap likelihood -3035.491665, best rearrangement setting 9
Bootstrap[37]: Time 0.364191 seconds, bootstrap likelihood -3012.337064, best rearrangement setting 11
Bootstrap[38]: Time 0.905151 seconds, bootstrap likelihood -3051.322914, best rearrangement setting 8
Bootstrap[39]: Time 0.323012 seconds, bootstrap likelihood -2988.274274, best rearrangement setting 13
Bootstrap[40]: Time 0.830134 seconds, bootstrap likelihood -3009.664946, best rearrangement setting 13
Bootstrap[41]: Time 0.972955 seconds, bootstrap likelihood -2987.832560, best rearrangement setting 10
Bootstrap[42]: Time 0.815154 seconds, bootstrap likelihood -3018.470656, best rearrangement setting 5
Bootstrap[43]: Time 0.314487 seconds, bootstrap likelihood -3030.890884, best rearrangement setting 14
Bootstrap[44]: Time 0.827389 seconds, bootstrap likelihood -3074.880339, best rearrangement setting 10
Bootstrap[45]: Time 0.654730 seconds, bootstrap likelihood -3075.149477, best rearrangement setting 15
Bootstrap[46]: Time 0.339911 seconds, bootstrap likelihood -3156.269908, best rearrangement setting 14
Bootstrap[47]: Time 0.679512 seconds, bootstrap likelihood -2939.553402, best rearrangement setting 8
Bootstrap[48]: Time 0.734561 seconds, bootstrap likelihood -3106.161629, best rearrangement setting 6
Bootstrap[49]: Time 0.683897 seconds, bootstrap likelihood -3034.525696, best rearrangement setting 7
Bootstrap[50]: Time 0.693314 seconds, bootstrap likelihood -3110.150355, best rearrangement setting 7
Bootstrap[51]: Time 0.759448 seconds, bootstrap likelihood -3062.734632, best rearrangement setting 11
Bootstrap[52]: Time 0.701227 seconds, bootstrap likelihood -3096.067613, best rearrangement setting 12
Bootstrap[53]: Time 0.394652 seconds, bootstrap likelihood -3087.293248, best rearrangement setting 8
Bootstrap[54]: Time 0.918597 seconds, bootstrap likelihood -3033.918581, best rearrangement setting 9
Bootstrap[55]: Time 0.750861 seconds, bootstrap likelihood -3089.862589, best rearrangement setting 11
Bootstrap[56]: Time 0.624927 seconds, bootstrap likelihood -3092.060484, best rearrangement setting 5
Bootstrap[57]: Time 0.756991 seconds, bootstrap likelihood -3043.922471, best rearrangement setting 7
Bootstrap[58]: Time 0.675959 seconds, bootstrap likelihood -3061.158371, best rearrangement setting 10
Bootstrap[59]: Time 1.002311 seconds, bootstrap likelihood -3130.366949, best rearrangement setting 9
Bootstrap[60]: Time 0.369540 seconds, bootstrap likelihood -3060.958778, best rearrangement setting 7
Bootstrap[61]: Time 0.945974 seconds, bootstrap likelihood -3078.044054, best rearrangement setting 5
Bootstrap[62]: Time 0.848948 seconds, bootstrap likelihood -3018.174523, best rearrangement setting 11
Bootstrap[63]: Time 0.744579 seconds, bootstrap likelihood -3065.408883, best rearrangement setting 12
Bootstrap[64]: Time 0.724198 seconds, bootstrap likelihood -3051.002790, best rearrangement setting 7
Bootstrap[65]: Time 0.756995 seconds, bootstrap likelihood -3113.654409, best rearrangement setting 5
Bootstrap[66]: Time 0.287832 seconds, bootstrap likelihood -3050.139065, best rearrangement setting 5
Bootstrap[67]: Time 0.378883 seconds, bootstrap likelihood -3025.621159, best rearrangement setting 15
Bootstrap[68]: Time 0.563017 seconds, bootstrap likelihood -3021.230028, best rearrangement setting 11
Bootstrap[69]: Time 0.604782 seconds, bootstrap likelihood -3097.084461, best rearrangement setting 5
Bootstrap[70]: Time 0.346185 seconds, bootstrap likelihood -3143.494679, best rearrangement setting 8
Bootstrap[71]: Time 0.370245 seconds, bootstrap likelihood -3072.665478, best rearrangement setting 10
Bootstrap[72]: Time 0.287955 seconds, bootstrap likelihood -3001.105568, best rearrangement setting 11
Bootstrap[73]: Time 0.288149 seconds, bootstrap likelihood -3027.796692, best rearrangement setting 9
Bootstrap[74]: Time 0.306892 seconds, bootstrap likelihood -3132.500505, best rearrangement setting 5
Bootstrap[75]: Time 0.635861 seconds, bootstrap likelihood -3024.564918, best rearrangement setting 8
Bootstrap[76]: Time 0.777280 seconds, bootstrap likelihood -3108.053838, best rearrangement setting 9
Bootstrap[77]: Time 0.741385 seconds, bootstrap likelihood -3101.715471, best rearrangement setting 11
Bootstrap[78]: Time 0.803205 seconds, bootstrap likelihood -3132.109215, best rearrangement setting 15
Bootstrap[79]: Time 1.005016 seconds, bootstrap likelihood -3018.638325, best rearrangement setting 9
Bootstrap[80]: Time 0.767996 seconds, bootstrap likelihood -3084.772930, best rearrangement setting 15
Bootstrap[81]: Time 0.773836 seconds, bootstrap likelihood -3073.612693, best rearrangement setting 7
Bootstrap[82]: Time 0.764516 seconds, bootstrap likelihood -3008.033880, best rearrangement setting 6
Bootstrap[83]: Time 0.985126 seconds, bootstrap likelihood -3028.303460, best rearrangement setting 10
Bootstrap[84]: Time 0.737892 seconds, bootstrap likelihood -3028.992154, best rearrangement setting 11
Bootstrap[85]: Time 0.319612 seconds, bootstrap likelihood -3107.731473, best rearrangement setting 8
Bootstrap[86]: Time 0.711788 seconds, bootstrap likelihood -2987.664993, best rearrangement setting 7
Bootstrap[87]: Time 1.084248 seconds, bootstrap likelihood -3020.242947, best rearrangement setting 7
Bootstrap[88]: Time 0.775924 seconds, bootstrap likelihood -3085.531202, best rearrangement setting 12
Bootstrap[89]: Time 0.700543 seconds, bootstrap likelihood -2997.647702, best rearrangement setting 10
Bootstrap[90]: Time 0.325266 seconds, bootstrap likelihood -3071.633254, best rearrangement setting 8
Bootstrap[91]: Time 0.310452 seconds, bootstrap likelihood -3082.734775, best rearrangement setting 12
Bootstrap[92]: Time 0.750501 seconds, bootstrap likelihood -3087.215700, best rearrangement setting 13
Bootstrap[93]: Time 0.818249 seconds, bootstrap likelihood -3047.570849, best rearrangement setting 15
Bootstrap[94]: Time 0.691772 seconds, bootstrap likelihood -3121.184358, best rearrangement setting 5
Bootstrap[95]: Time 0.738984 seconds, bootstrap likelihood -2982.207723, best rearrangement setting 5
Bootstrap[96]: Time 0.683768 seconds, bootstrap likelihood -3097.255296, best rearrangement setting 13
Bootstrap[97]: Time 0.789967 seconds, bootstrap likelihood -3107.840248, best rearrangement setting 11
Bootstrap[98]: Time 0.372545 seconds, bootstrap likelihood -3051.038275, best rearrangement setting 6
Bootstrap[99]: Time 0.287090 seconds, bootstrap likelihood -3029.406739, best rearrangement setting 14


Overall Time for 100 Rapid Bootstraps 67.584041 seconds
Average Time per Rapid Bootstrap 0.675840 seconds

Starting ML Search ...

Fast ML optimization finished

Fast ML search Time: 23.601108 seconds

Slow ML Search 0 Likelihood: -3309.693901
Slow ML Search 1 Likelihood: -3310.079905
Slow ML Search 2 Likelihood: -3309.694335
Slow ML Search 3 Likelihood: -3309.694029
Slow ML Search 4 Likelihood: -3319.746931
Slow ML Search 5 Likelihood: -3319.746931
Slow ML Search 6 Likelihood: -3315.263517
Slow ML Search 7 Likelihood: -3315.264005
Slow ML Search 8 Likelihood: -3315.263569
Slow ML Search 9 Likelihood: -3316.446605
Slow ML optimization finished

Slow ML search Time: 12.876441 seconds
Thorough ML search Time: 2.688287 seconds

Final ML Optimization Likelihood: -3309.693610

Model Information:

Model Parameters of Partition 0, Name: No Name Provided, Type of Data: AA
alpha: 0.020000
Tree-Length: 0.138763
rate A <-> R: 0.603538
rate A <-> N: 0.561915
rate A <-> D: 0.842872
rate A <-> C: 0.582726
rate A <-> Q: 0.593132
rate A <-> E: 1.092612
rate A <-> G: 1.862643
rate A <-> H: 0.280957
rate A <-> I: 0.374610
rate A <-> L: 0.312175
rate A <-> K: 0.364204
rate A <-> M: 0.561915
rate A <-> F: 0.156087
rate A <-> P: 2.018730
rate A <-> S: 3.933403
rate A <-> T: 4.942768
rate A <-> W: 0.093652
rate A <-> Y: 0.114464
rate A <-> V: 3.100937
rate R <-> N: 0.468262
rate R <-> D: 0.166493
rate R <-> C: 1.175858
rate R <-> Q: 3.225806
rate R <-> E: 0.301769
rate R <-> G: 1.425598
rate R <-> H: 3.413111
rate R <-> I: 0.228928
rate R <-> L: 0.395421
rate R <-> K: 6.722164
rate R <-> M: 0.457856
rate R <-> F: 0.052029
rate R <-> P: 0.770031
rate R <-> S: 1.050989
rate R <-> T: 0.665973
rate R <-> W: 1.311134
rate R <-> Y: 0.208117
rate R <-> V: 0.176899
rate N <-> D: 5.494277
rate N <-> C: 0.353798
rate N <-> Q: 0.894901
rate N <-> E: 0.603538
rate N <-> G: 0.842872
rate N <-> H: 4.068678
rate N <-> I: 0.489074
rate N <-> L: 0.124870
rate N <-> K: 2.736733
rate N <-> M: 0.312175
rate N <-> F: 0.104058
rate N <-> P: 0.156087
rate N <-> S: 5.234131
rate N <-> T: 2.414152
rate N <-> W: 0.083247
rate N <-> Y: 0.728408
rate N <-> V: 0.166493
rate D <-> C: 0.104058
rate D <-> Q: 0.509886
rate D <-> E: 7.981270
rate D <-> G: 1.352758
rate D <-> H: 1.165453
rate D <-> I: 0.114464
rate D <-> L: 0.072841
rate D <-> K: 0.270552
rate D <-> M: 0.156087
rate D <-> F: 0.041623
rate D <-> P: 0.156087
rate D <-> S: 0.613944
rate D <-> T: 0.395421
rate D <-> W: 0.041623
rate D <-> Y: 0.478668
rate D <-> V: 0.322581
rate C <-> Q: 0.093652
rate C <-> E: 0.052029
rate C <-> G: 0.613944
rate C <-> H: 0.718002
rate C <-> I: 0.176899
rate C <-> L: 0.239334
rate C <-> K: 0.072841
rate C <-> M: 0.322581
rate C <-> F: 0.811655
rate C <-> P: 0.145682
rate C <-> S: 2.320499
rate C <-> T: 0.437045
rate C <-> W: 1.196670
rate C <-> Y: 2.174818
rate C <-> V: 0.645161
rate Q <-> E: 3.361082
rate Q <-> G: 0.270552
rate Q <-> H: 6.212279
rate Q <-> I: 0.093652
rate Q <-> L: 0.749220
rate Q <-> K: 3.038502
rate Q <-> M: 0.447451
rate Q <-> F: 0.041623
rate Q <-> P: 1.706556
rate Q <-> S: 0.551509
rate Q <-> T: 0.530697
rate Q <-> W: 0.187305
rate Q <-> Y: 0.249740
rate Q <-> V: 0.208117
rate E <-> G: 1.238293
rate E <-> H: 0.270552
rate E <-> I: 0.124870
rate E <-> L: 0.093652
rate E <-> K: 1.883455
rate E <-> M: 0.187305
rate E <-> F: 0.052029
rate E <-> P: 0.187305
rate E <-> S: 0.312175
rate E <-> T: 0.332986
rate E <-> W: 0.104058
rate E <-> Y: 0.072841
rate E <-> V: 0.468262
rate G <-> H: 0.239334
rate G <-> I: 0.062435
rate G <-> L: 0.062435
rate G <-> K: 0.280957
rate G <-> M: 0.145682
rate G <-> F: 0.052029
rate G <-> P: 0.249740
rate G <-> S: 2.091571
rate G <-> T: 0.343392
rate G <-> W: 0.572320
rate G <-> Y: 0.083247
rate G <-> V: 0.489074
rate H <-> I: 0.166493
rate H <-> L: 0.582726
rate H <-> K: 0.468262
rate H <-> M: 0.343392
rate H <-> F: 0.416233
rate H <-> P: 1.196670
rate H <-> S: 0.759625
rate H <-> T: 0.478668
rate H <-> W: 0.083247
rate H <-> Y: 5.962539
rate H <-> V: 0.114464
rate I <-> L: 2.382934
rate I <-> K: 0.218522
rate I <-> M: 4.984391
rate I <-> F: 0.926119
rate I <-> P: 0.104058
rate I <-> S: 0.416233
rate I <-> T: 2.549428
rate I <-> W: 0.093652
rate I <-> Y: 0.332986
rate I <-> V: 10.000000
rate L <-> K: 0.145682
rate L <-> M: 4.037461
rate L <-> F: 2.580645
rate L <-> P: 1.061394
rate L <-> S: 0.613944
rate L <-> T: 0.260146
rate L <-> W: 0.541103
rate L <-> Y: 0.249740
rate L <-> V: 1.873049
rate K <-> M: 0.676379
rate K <-> F: 0.041623
rate K <-> P: 0.218522
rate K <-> S: 0.489074
rate K <-> T: 1.071800
rate K <-> W: 0.104058
rate K <-> Y: 0.083247
rate K <-> V: 0.145682
rate M <-> F: 0.447451
rate M <-> P: 0.166493
rate M <-> S: 0.301769
rate M <-> T: 2.351717
rate M <-> W: 0.249740
rate M <-> Y: 0.187305
rate M <-> V: 3.361082
rate F <-> P: 0.176899
rate F <-> S: 0.957336
rate F <-> T: 0.124870
rate F <-> W: 0.551509
rate F <-> Y: 5.577523
rate F <-> V: 0.645161
rate P <-> S: 2.965661
rate P <-> T: 1.227888
rate P <-> W: 0.062435
rate P <-> Y: 0.104058
rate P <-> V: 0.239334
rate S <-> T: 4.963580
rate S <-> W: 0.364204
rate S <-> Y: 0.655567
rate S <-> V: 0.395421
rate T <-> W: 0.124870
rate T <-> Y: 0.218522
rate T <-> V: 1.165453
rate W <-> Y: 0.738814
rate W <-> V: 0.260146
rate Y <-> V: 0.166493

freq pi(A): 0.076748
freq pi(R): 0.051691
freq pi(N): 0.042645
freq pi(D): 0.051544
freq pi(C): 0.019803
freq pi(Q): 0.040752
freq pi(E): 0.061830
freq pi(G): 0.073152
freq pi(H): 0.022944
freq pi(I): 0.053761
freq pi(L): 0.091904
freq pi(K): 0.058676
freq pi(M): 0.023826
freq pi(F): 0.040126
freq pi(P): 0.050901
freq pi(S): 0.068765
freq pi(T): 0.058565
freq pi(W): 0.014261
freq pi(Y): 0.032102
freq pi(V): 0.066004


ML search took 39.196517 secs or 0.010888 hours

Combined Bootstrap and ML search took 106.781944 secs or 0.029662 hours

Drawing Bootstrap Support Values on best-scoring ML tree ...



Found 1 tree in File /Users/prigozhin/Dropbox/NLRomes/Maize_NLRome/RAxML_tree_pbNB-ARC/Initial_Clades/RAxML_bestTree.Int3936_24.Raxml.out



Found 1 tree in File /Users/prigozhin/Dropbox/NLRomes/Maize_NLRome/RAxML_tree_pbNB-ARC/Initial_Clades/RAxML_bestTree.Int3936_24.Raxml.out

Program execution info written to /Users/prigozhin/Dropbox/NLRomes/Maize_NLRome/RAxML_tree_pbNB-ARC/Initial_Clades/RAxML_info.Int3936_24.Raxml.out
All 100 bootstrapped trees written to: /Users/prigozhin/Dropbox/NLRomes/Maize_NLRome/RAxML_tree_pbNB-ARC/Initial_Clades/RAxML_bootstrap.Int3936_24.Raxml.out

Best-scoring ML tree written to: /Users/prigozhin/Dropbox/NLRomes/Maize_NLRome/RAxML_tree_pbNB-ARC/Initial_Clades/RAxML_bestTree.Int3936_24.Raxml.out

Best-scoring ML tree with support values written to: /Users/prigozhin/Dropbox/NLRomes/Maize_NLRome/RAxML_tree_pbNB-ARC/Initial_Clades/RAxML_bipartitions.Int3936_24.Raxml.out

Best-scoring ML tree with support values as branch labels written to: /Users/prigozhin/Dropbox/NLRomes/Maize_NLRome/RAxML_tree_pbNB-ARC/Initial_Clades/RAxML_bipartitionsBranchLabels.Int3936_24.Raxml.out

Overall execution time for full ML analysis: 106.790978 secs or 0.029664 hours or 0.001236 days

