

IMPORTANT WARNING: Sequences ZM00020AB360210_P001 and ZM00037AB359380_P001 are exactly identical


IMPORTANT WARNING: Sequences ZM00040AB378470_P001 and ZM00018AB372740_P001 are exactly identical


IMPORTANT WARNING: Sequences ZM00040AB378470_P001 and ZM00031AB369660_P001 are exactly identical


IMPORTANT WARNING: Sequences ZM00040AB378470_P001 and ZM00039AB362960_P001 are exactly identical


IMPORTANT WARNING: Sequences ZM00021AB361710_P001 and ZM00041AB370030_P001 are exactly identical


IMPORTANT WARNING: Sequences ZM00036AB366300_P001 and ZM00028AB364720_P001 are exactly identical


IMPORTANT WARNING: Sequences ZM00036AB366300_P001 and ZM00027AB360200_P001 are exactly identical


IMPORTANT WARNING: Sequences ZM00036AB366300_P001 and ZM00024AB362820_P001 are exactly identical


IMPORTANT WARNING: Sequences ZM00042AB372030_P001 and ZM00033AB376350_P001 are exactly identical


IMPORTANT WARNING: Sequences ZM00042AB372030_P001 and ZM00032AB371280_P001 are exactly identical

IMPORTANT WARNING
Found 10 sequences that are exactly identical to other sequences in the alignment.
Normally they should be excluded from the analysis.

Just in case you might need it, an alignment file with 
sequence duplicates removed is printed to file ../../RAxML_tree_pbNB-ARC/Initial_Clades/Int5149_24.afa.reduced


This is RAxML version 8.2.12 released by Alexandros Stamatakis on May 2018.

With greatly appreciated code contributions by:
Andre Aberer      (HITS)
Simon Berger      (HITS)
Alexey Kozlov     (HITS)
Kassian Kobert    (HITS)
David Dao         (KIT and HITS)
Sarah Lutteropp   (KIT and HITS)
Nick Pattengale   (Sandia)
Wayne Pfeiffer    (SDSC)
Akifumi S. Tanabe (NRIFS)
Charlie Taylor    (UF)


Alignment has 196 distinct alignment patterns

Proportion of gaps and completely undetermined characters in this alignment: 6.85%

RAxML rapid bootstrapping and subsequent ML search

Using 1 distinct models/data partitions with joint branch length optimization



Executing 100 rapid bootstrap inferences and thereafter a thorough ML search 

All free model parameters will be estimated by RAxML
ML estimate of 25 per site rate categories

Likelihood of final tree will be evaluated and optimized under GAMMA

GAMMA Model parameters will be estimated up to an accuracy of 0.1000000000 Log Likelihood units

Partition: 0
Alignment Patterns: 196
Name: No Name Provided
DataType: AA
Substitution Matrix: JTT
Using fixed base frequencies




RAxML was called as follows:

/Users/prigozhin/Installers/standard-RAxML/raxmlHPC-PTHREADS-AVX -T 1 -n Int5149_24.Raxml.out -f a -x 12345 -p 12345 -# 100 -m PROTCATJTT -s ../../RAxML_tree_pbNB-ARC/Initial_Clades/Int5149_24.afa 



Time for BS model parameter optimization 0.227043
Bootstrap[0]: Time 0.537718 seconds, bootstrap likelihood -4574.535056, best rearrangement setting 13
Bootstrap[1]: Time 0.630094 seconds, bootstrap likelihood -4492.498241, best rearrangement setting 13
Bootstrap[2]: Time 0.767757 seconds, bootstrap likelihood -4425.709812, best rearrangement setting 12
Bootstrap[3]: Time 0.645877 seconds, bootstrap likelihood -4417.876289, best rearrangement setting 15
Bootstrap[4]: Time 0.292756 seconds, bootstrap likelihood -4323.839497, best rearrangement setting 10
Bootstrap[5]: Time 0.304348 seconds, bootstrap likelihood -4479.299097, best rearrangement setting 10
Bootstrap[6]: Time 0.284546 seconds, bootstrap likelihood -4472.934038, best rearrangement setting 6
Bootstrap[7]: Time 0.333859 seconds, bootstrap likelihood -4420.722242, best rearrangement setting 14
Bootstrap[8]: Time 0.561566 seconds, bootstrap likelihood -4359.177724, best rearrangement setting 5
Bootstrap[9]: Time 0.306765 seconds, bootstrap likelihood -4425.181212, best rearrangement setting 7
Bootstrap[10]: Time 0.370453 seconds, bootstrap likelihood -4461.871212, best rearrangement setting 7
Bootstrap[11]: Time 0.362413 seconds, bootstrap likelihood -4556.485512, best rearrangement setting 5
Bootstrap[12]: Time 0.345469 seconds, bootstrap likelihood -4419.857483, best rearrangement setting 8
Bootstrap[13]: Time 0.320494 seconds, bootstrap likelihood -4404.012742, best rearrangement setting 7
Bootstrap[14]: Time 0.649971 seconds, bootstrap likelihood -4374.753584, best rearrangement setting 12
Bootstrap[15]: Time 0.612612 seconds, bootstrap likelihood -4342.802085, best rearrangement setting 15
Bootstrap[16]: Time 0.702990 seconds, bootstrap likelihood -4411.128928, best rearrangement setting 12
Bootstrap[17]: Time 0.340952 seconds, bootstrap likelihood -4486.324093, best rearrangement setting 12
Bootstrap[18]: Time 0.280386 seconds, bootstrap likelihood -4489.814540, best rearrangement setting 5
Bootstrap[19]: Time 0.293460 seconds, bootstrap likelihood -4428.209229, best rearrangement setting 8
Bootstrap[20]: Time 0.309187 seconds, bootstrap likelihood -4401.683807, best rearrangement setting 10
Bootstrap[21]: Time 0.374132 seconds, bootstrap likelihood -4395.427624, best rearrangement setting 6
Bootstrap[22]: Time 0.318063 seconds, bootstrap likelihood -4428.546213, best rearrangement setting 5
Bootstrap[23]: Time 0.733937 seconds, bootstrap likelihood -4410.431250, best rearrangement setting 7
Bootstrap[24]: Time 0.304067 seconds, bootstrap likelihood -4431.691588, best rearrangement setting 8
Bootstrap[25]: Time 0.411127 seconds, bootstrap likelihood -4394.974655, best rearrangement setting 6
Bootstrap[26]: Time 0.307114 seconds, bootstrap likelihood -4322.067064, best rearrangement setting 12
Bootstrap[27]: Time 0.294059 seconds, bootstrap likelihood -4385.269000, best rearrangement setting 10
Bootstrap[28]: Time 0.329695 seconds, bootstrap likelihood -4374.430269, best rearrangement setting 11
Bootstrap[29]: Time 0.371320 seconds, bootstrap likelihood -4409.608673, best rearrangement setting 12
Bootstrap[30]: Time 0.703733 seconds, bootstrap likelihood -4243.781373, best rearrangement setting 15
Bootstrap[31]: Time 0.717332 seconds, bootstrap likelihood -4585.827373, best rearrangement setting 15
Bootstrap[32]: Time 0.373832 seconds, bootstrap likelihood -4437.109366, best rearrangement setting 6
Bootstrap[33]: Time 0.707894 seconds, bootstrap likelihood -4441.568817, best rearrangement setting 15
Bootstrap[34]: Time 0.323755 seconds, bootstrap likelihood -4536.595849, best rearrangement setting 11
Bootstrap[35]: Time 0.737570 seconds, bootstrap likelihood -4494.018978, best rearrangement setting 8
Bootstrap[36]: Time 0.356632 seconds, bootstrap likelihood -4387.570160, best rearrangement setting 9
Bootstrap[37]: Time 0.675783 seconds, bootstrap likelihood -4427.306533, best rearrangement setting 11
Bootstrap[38]: Time 0.640409 seconds, bootstrap likelihood -4387.050882, best rearrangement setting 8
Bootstrap[39]: Time 0.629958 seconds, bootstrap likelihood -4427.207857, best rearrangement setting 13
Bootstrap[40]: Time 0.322546 seconds, bootstrap likelihood -4479.001477, best rearrangement setting 13
Bootstrap[41]: Time 0.684107 seconds, bootstrap likelihood -4506.358374, best rearrangement setting 10
Bootstrap[42]: Time 0.734158 seconds, bootstrap likelihood -4398.895250, best rearrangement setting 5
Bootstrap[43]: Time 0.663633 seconds, bootstrap likelihood -4583.229058, best rearrangement setting 14
Bootstrap[44]: Time 0.985971 seconds, bootstrap likelihood -4298.276124, best rearrangement setting 10
Bootstrap[45]: Time 0.396551 seconds, bootstrap likelihood -4500.393141, best rearrangement setting 15
Bootstrap[46]: Time 0.352443 seconds, bootstrap likelihood -4394.634510, best rearrangement setting 14
Bootstrap[47]: Time 0.447541 seconds, bootstrap likelihood -4452.552894, best rearrangement setting 8
Bootstrap[48]: Time 0.649718 seconds, bootstrap likelihood -4382.367685, best rearrangement setting 6
Bootstrap[49]: Time 0.711498 seconds, bootstrap likelihood -4291.524960, best rearrangement setting 7
Bootstrap[50]: Time 0.307424 seconds, bootstrap likelihood -4272.147743, best rearrangement setting 7
Bootstrap[51]: Time 0.313880 seconds, bootstrap likelihood -4466.541493, best rearrangement setting 11
Bootstrap[52]: Time 0.608752 seconds, bootstrap likelihood -4330.632261, best rearrangement setting 12
Bootstrap[53]: Time 0.706119 seconds, bootstrap likelihood -4459.996448, best rearrangement setting 8
Bootstrap[54]: Time 0.677809 seconds, bootstrap likelihood -4489.408095, best rearrangement setting 9
Bootstrap[55]: Time 0.343410 seconds, bootstrap likelihood -4464.096070, best rearrangement setting 11
Bootstrap[56]: Time 0.267913 seconds, bootstrap likelihood -4368.744403, best rearrangement setting 5
Bootstrap[57]: Time 0.325641 seconds, bootstrap likelihood -4475.092411, best rearrangement setting 7
Bootstrap[58]: Time 0.729716 seconds, bootstrap likelihood -4507.073962, best rearrangement setting 10
Bootstrap[59]: Time 0.301152 seconds, bootstrap likelihood -4479.680121, best rearrangement setting 9
Bootstrap[60]: Time 0.372433 seconds, bootstrap likelihood -4455.383683, best rearrangement setting 7
Bootstrap[61]: Time 0.914449 seconds, bootstrap likelihood -4518.020757, best rearrangement setting 5
Bootstrap[62]: Time 0.892838 seconds, bootstrap likelihood -4374.798953, best rearrangement setting 11
Bootstrap[63]: Time 0.378599 seconds, bootstrap likelihood -4454.022446, best rearrangement setting 12
Bootstrap[64]: Time 0.344230 seconds, bootstrap likelihood -4334.861522, best rearrangement setting 7
Bootstrap[65]: Time 0.624478 seconds, bootstrap likelihood -4603.755926, best rearrangement setting 5
Bootstrap[66]: Time 0.594753 seconds, bootstrap likelihood -4450.373183, best rearrangement setting 5
Bootstrap[67]: Time 0.695092 seconds, bootstrap likelihood -4411.192999, best rearrangement setting 15
Bootstrap[68]: Time 0.358281 seconds, bootstrap likelihood -4395.410179, best rearrangement setting 11
Bootstrap[69]: Time 0.556439 seconds, bootstrap likelihood -4477.769359, best rearrangement setting 5
Bootstrap[70]: Time 0.300423 seconds, bootstrap likelihood -4520.042497, best rearrangement setting 8
Bootstrap[71]: Time 0.776314 seconds, bootstrap likelihood -4467.463041, best rearrangement setting 10
Bootstrap[72]: Time 0.643167 seconds, bootstrap likelihood -4463.862156, best rearrangement setting 11
Bootstrap[73]: Time 0.314646 seconds, bootstrap likelihood -4404.031306, best rearrangement setting 9
Bootstrap[74]: Time 0.686783 seconds, bootstrap likelihood -4444.019018, best rearrangement setting 5
Bootstrap[75]: Time 0.714409 seconds, bootstrap likelihood -4275.936118, best rearrangement setting 8
Bootstrap[76]: Time 0.644663 seconds, bootstrap likelihood -4439.490166, best rearrangement setting 9
Bootstrap[77]: Time 0.586752 seconds, bootstrap likelihood -4512.174314, best rearrangement setting 11
Bootstrap[78]: Time 0.723040 seconds, bootstrap likelihood -4350.231272, best rearrangement setting 15
Bootstrap[79]: Time 0.725431 seconds, bootstrap likelihood -4495.898563, best rearrangement setting 9
Bootstrap[80]: Time 0.703509 seconds, bootstrap likelihood -4510.739517, best rearrangement setting 15
Bootstrap[81]: Time 0.637161 seconds, bootstrap likelihood -4373.800598, best rearrangement setting 7
Bootstrap[82]: Time 0.313999 seconds, bootstrap likelihood -4363.872042, best rearrangement setting 6
Bootstrap[83]: Time 0.683611 seconds, bootstrap likelihood -4625.370552, best rearrangement setting 10
Bootstrap[84]: Time 0.728067 seconds, bootstrap likelihood -4436.287199, best rearrangement setting 11
Bootstrap[85]: Time 0.701008 seconds, bootstrap likelihood -4501.207428, best rearrangement setting 8
Bootstrap[86]: Time 0.741199 seconds, bootstrap likelihood -4347.429098, best rearrangement setting 7
Bootstrap[87]: Time 0.696017 seconds, bootstrap likelihood -4383.914633, best rearrangement setting 7
Bootstrap[88]: Time 0.574964 seconds, bootstrap likelihood -4513.441208, best rearrangement setting 12
Bootstrap[89]: Time 0.604635 seconds, bootstrap likelihood -4392.076835, best rearrangement setting 10
Bootstrap[90]: Time 0.683965 seconds, bootstrap likelihood -4419.653757, best rearrangement setting 8
Bootstrap[91]: Time 0.672544 seconds, bootstrap likelihood -4467.778201, best rearrangement setting 12
Bootstrap[92]: Time 0.296530 seconds, bootstrap likelihood -4370.162926, best rearrangement setting 13
Bootstrap[93]: Time 0.561927 seconds, bootstrap likelihood -4532.455784, best rearrangement setting 15
Bootstrap[94]: Time 0.551357 seconds, bootstrap likelihood -4399.872857, best rearrangement setting 5
Bootstrap[95]: Time 0.304970 seconds, bootstrap likelihood -4369.214696, best rearrangement setting 5
Bootstrap[96]: Time 0.691515 seconds, bootstrap likelihood -4437.607931, best rearrangement setting 13
Bootstrap[97]: Time 0.595451 seconds, bootstrap likelihood -4484.400276, best rearrangement setting 11
Bootstrap[98]: Time 0.638053 seconds, bootstrap likelihood -4263.572859, best rearrangement setting 6
Bootstrap[99]: Time 0.614437 seconds, bootstrap likelihood -4400.464739, best rearrangement setting 14


Overall Time for 100 Rapid Bootstraps 52.968896 seconds
Average Time per Rapid Bootstrap 0.529689 seconds

Starting ML Search ...

Fast ML optimization finished

Fast ML search Time: 23.628677 seconds

Slow ML Search 0 Likelihood: -4706.860015
Slow ML Search 1 Likelihood: -4706.860016
Slow ML Search 2 Likelihood: -4706.860013
Slow ML Search 3 Likelihood: -4706.860017
Slow ML Search 4 Likelihood: -4706.860027
Slow ML Search 5 Likelihood: -4706.860026
Slow ML Search 6 Likelihood: -4706.860028
Slow ML Search 7 Likelihood: -4706.860027
Slow ML Search 8 Likelihood: -4706.860028
Slow ML Search 9 Likelihood: -4706.860017
Slow ML optimization finished

Slow ML search Time: 25.222946 seconds
Thorough ML search Time: 2.758927 seconds

Final ML Optimization Likelihood: -4706.859574

Model Information:

Model Parameters of Partition 0, Name: No Name Provided, Type of Data: AA
alpha: 0.020000
Tree-Length: 0.088659
rate A <-> R: 0.603538
rate A <-> N: 0.561915
rate A <-> D: 0.842872
rate A <-> C: 0.582726
rate A <-> Q: 0.593132
rate A <-> E: 1.092612
rate A <-> G: 1.862643
rate A <-> H: 0.280957
rate A <-> I: 0.374610
rate A <-> L: 0.312175
rate A <-> K: 0.364204
rate A <-> M: 0.561915
rate A <-> F: 0.156087
rate A <-> P: 2.018730
rate A <-> S: 3.933403
rate A <-> T: 4.942768
rate A <-> W: 0.093652
rate A <-> Y: 0.114464
rate A <-> V: 3.100937
rate R <-> N: 0.468262
rate R <-> D: 0.166493
rate R <-> C: 1.175858
rate R <-> Q: 3.225806
rate R <-> E: 0.301769
rate R <-> G: 1.425598
rate R <-> H: 3.413111
rate R <-> I: 0.228928
rate R <-> L: 0.395421
rate R <-> K: 6.722164
rate R <-> M: 0.457856
rate R <-> F: 0.052029
rate R <-> P: 0.770031
rate R <-> S: 1.050989
rate R <-> T: 0.665973
rate R <-> W: 1.311134
rate R <-> Y: 0.208117
rate R <-> V: 0.176899
rate N <-> D: 5.494277
rate N <-> C: 0.353798
rate N <-> Q: 0.894901
rate N <-> E: 0.603538
rate N <-> G: 0.842872
rate N <-> H: 4.068678
rate N <-> I: 0.489074
rate N <-> L: 0.124870
rate N <-> K: 2.736733
rate N <-> M: 0.312175
rate N <-> F: 0.104058
rate N <-> P: 0.156087
rate N <-> S: 5.234131
rate N <-> T: 2.414152
rate N <-> W: 0.083247
rate N <-> Y: 0.728408
rate N <-> V: 0.166493
rate D <-> C: 0.104058
rate D <-> Q: 0.509886
rate D <-> E: 7.981270
rate D <-> G: 1.352758
rate D <-> H: 1.165453
rate D <-> I: 0.114464
rate D <-> L: 0.072841
rate D <-> K: 0.270552
rate D <-> M: 0.156087
rate D <-> F: 0.041623
rate D <-> P: 0.156087
rate D <-> S: 0.613944
rate D <-> T: 0.395421
rate D <-> W: 0.041623
rate D <-> Y: 0.478668
rate D <-> V: 0.322581
rate C <-> Q: 0.093652
rate C <-> E: 0.052029
rate C <-> G: 0.613944
rate C <-> H: 0.718002
rate C <-> I: 0.176899
rate C <-> L: 0.239334
rate C <-> K: 0.072841
rate C <-> M: 0.322581
rate C <-> F: 0.811655
rate C <-> P: 0.145682
rate C <-> S: 2.320499
rate C <-> T: 0.437045
rate C <-> W: 1.196670
rate C <-> Y: 2.174818
rate C <-> V: 0.645161
rate Q <-> E: 3.361082
rate Q <-> G: 0.270552
rate Q <-> H: 6.212279
rate Q <-> I: 0.093652
rate Q <-> L: 0.749220
rate Q <-> K: 3.038502
rate Q <-> M: 0.447451
rate Q <-> F: 0.041623
rate Q <-> P: 1.706556
rate Q <-> S: 0.551509
rate Q <-> T: 0.530697
rate Q <-> W: 0.187305
rate Q <-> Y: 0.249740
rate Q <-> V: 0.208117
rate E <-> G: 1.238293
rate E <-> H: 0.270552
rate E <-> I: 0.124870
rate E <-> L: 0.093652
rate E <-> K: 1.883455
rate E <-> M: 0.187305
rate E <-> F: 0.052029
rate E <-> P: 0.187305
rate E <-> S: 0.312175
rate E <-> T: 0.332986
rate E <-> W: 0.104058
rate E <-> Y: 0.072841
rate E <-> V: 0.468262
rate G <-> H: 0.239334
rate G <-> I: 0.062435
rate G <-> L: 0.062435
rate G <-> K: 0.280957
rate G <-> M: 0.145682
rate G <-> F: 0.052029
rate G <-> P: 0.249740
rate G <-> S: 2.091571
rate G <-> T: 0.343392
rate G <-> W: 0.572320
rate G <-> Y: 0.083247
rate G <-> V: 0.489074
rate H <-> I: 0.166493
rate H <-> L: 0.582726
rate H <-> K: 0.468262
rate H <-> M: 0.343392
rate H <-> F: 0.416233
rate H <-> P: 1.196670
rate H <-> S: 0.759625
rate H <-> T: 0.478668
rate H <-> W: 0.083247
rate H <-> Y: 5.962539
rate H <-> V: 0.114464
rate I <-> L: 2.382934
rate I <-> K: 0.218522
rate I <-> M: 4.984391
rate I <-> F: 0.926119
rate I <-> P: 0.104058
rate I <-> S: 0.416233
rate I <-> T: 2.549428
rate I <-> W: 0.093652
rate I <-> Y: 0.332986
rate I <-> V: 10.000000
rate L <-> K: 0.145682
rate L <-> M: 4.037461
rate L <-> F: 2.580645
rate L <-> P: 1.061394
rate L <-> S: 0.613944
rate L <-> T: 0.260146
rate L <-> W: 0.541103
rate L <-> Y: 0.249740
rate L <-> V: 1.873049
rate K <-> M: 0.676379
rate K <-> F: 0.041623
rate K <-> P: 0.218522
rate K <-> S: 0.489074
rate K <-> T: 1.071800
rate K <-> W: 0.104058
rate K <-> Y: 0.083247
rate K <-> V: 0.145682
rate M <-> F: 0.447451
rate M <-> P: 0.166493
rate M <-> S: 0.301769
rate M <-> T: 2.351717
rate M <-> W: 0.249740
rate M <-> Y: 0.187305
rate M <-> V: 3.361082
rate F <-> P: 0.176899
rate F <-> S: 0.957336
rate F <-> T: 0.124870
rate F <-> W: 0.551509
rate F <-> Y: 5.577523
rate F <-> V: 0.645161
rate P <-> S: 2.965661
rate P <-> T: 1.227888
rate P <-> W: 0.062435
rate P <-> Y: 0.104058
rate P <-> V: 0.239334
rate S <-> T: 4.963580
rate S <-> W: 0.364204
rate S <-> Y: 0.655567
rate S <-> V: 0.395421
rate T <-> W: 0.124870
rate T <-> Y: 0.218522
rate T <-> V: 1.165453
rate W <-> Y: 0.738814
rate W <-> V: 0.260146
rate Y <-> V: 0.166493

freq pi(A): 0.076748
freq pi(R): 0.051691
freq pi(N): 0.042645
freq pi(D): 0.051544
freq pi(C): 0.019803
freq pi(Q): 0.040752
freq pi(E): 0.061830
freq pi(G): 0.073152
freq pi(H): 0.022944
freq pi(I): 0.053761
freq pi(L): 0.091904
freq pi(K): 0.058676
freq pi(M): 0.023826
freq pi(F): 0.040126
freq pi(P): 0.050901
freq pi(S): 0.068765
freq pi(T): 0.058565
freq pi(W): 0.014261
freq pi(Y): 0.032102
freq pi(V): 0.066004


ML search took 51.639397 secs or 0.014344 hours

Combined Bootstrap and ML search took 104.608505 secs or 0.029058 hours

Drawing Bootstrap Support Values on best-scoring ML tree ...



Found 1 tree in File /Users/prigozhin/Dropbox/NLRomes/Maize_NLRome/RAxML_tree_pbNB-ARC/Initial_Clades/RAxML_bestTree.Int5149_24.Raxml.out



Found 1 tree in File /Users/prigozhin/Dropbox/NLRomes/Maize_NLRome/RAxML_tree_pbNB-ARC/Initial_Clades/RAxML_bestTree.Int5149_24.Raxml.out

Program execution info written to /Users/prigozhin/Dropbox/NLRomes/Maize_NLRome/RAxML_tree_pbNB-ARC/Initial_Clades/RAxML_info.Int5149_24.Raxml.out
All 100 bootstrapped trees written to: /Users/prigozhin/Dropbox/NLRomes/Maize_NLRome/RAxML_tree_pbNB-ARC/Initial_Clades/RAxML_bootstrap.Int5149_24.Raxml.out

Best-scoring ML tree written to: /Users/prigozhin/Dropbox/NLRomes/Maize_NLRome/RAxML_tree_pbNB-ARC/Initial_Clades/RAxML_bestTree.Int5149_24.Raxml.out

Best-scoring ML tree with support values written to: /Users/prigozhin/Dropbox/NLRomes/Maize_NLRome/RAxML_tree_pbNB-ARC/Initial_Clades/RAxML_bipartitions.Int5149_24.Raxml.out

Best-scoring ML tree with support values as branch labels written to: /Users/prigozhin/Dropbox/NLRomes/Maize_NLRome/RAxML_tree_pbNB-ARC/Initial_Clades/RAxML_bipartitionsBranchLabels.Int5149_24.Raxml.out

Overall execution time for full ML analysis: 104.617646 secs or 0.029060 hours or 0.001211 days

