

IMPORTANT WARNING: Sequences ZM00034AB121910_P001 and ZM00001EB115050_P001 are exactly identical

IMPORTANT WARNING
Found 1 sequence that is exactly identical to other sequences in the alignment.
Normally they should be excluded from the analysis.

Just in case you might need it, an alignment file with 
sequence duplicates removed is printed to file ../../RAxML_tree_pbNB-ARC/Initial_Clades/Int4358_19.afa.reduced


This is RAxML version 8.2.12 released by Alexandros Stamatakis on May 2018.

With greatly appreciated code contributions by:
Andre Aberer      (HITS)
Simon Berger      (HITS)
Alexey Kozlov     (HITS)
Kassian Kobert    (HITS)
David Dao         (KIT and HITS)
Sarah Lutteropp   (KIT and HITS)
Nick Pattengale   (Sandia)
Wayne Pfeiffer    (SDSC)
Akifumi S. Tanabe (NRIFS)
Charlie Taylor    (UF)


Alignment has 396 distinct alignment patterns

Proportion of gaps and completely undetermined characters in this alignment: 23.59%

RAxML rapid bootstrapping and subsequent ML search

Using 1 distinct models/data partitions with joint branch length optimization



Executing 100 rapid bootstrap inferences and thereafter a thorough ML search 

All free model parameters will be estimated by RAxML
ML estimate of 25 per site rate categories

Likelihood of final tree will be evaluated and optimized under GAMMA

GAMMA Model parameters will be estimated up to an accuracy of 0.1000000000 Log Likelihood units

Partition: 0
Alignment Patterns: 396
Name: No Name Provided
DataType: AA
Substitution Matrix: JTT
Using fixed base frequencies




RAxML was called as follows:

/Users/prigozhin/Installers/standard-RAxML/raxmlHPC-PTHREADS-AVX -T 1 -n Int4358_19.Raxml.out -f a -x 12345 -p 12345 -# 100 -m PROTCATJTT -s ../../RAxML_tree_pbNB-ARC/Initial_Clades/Int4358_19.afa 



Time for BS model parameter optimization 0.396689
Bootstrap[0]: Time 1.208259 seconds, bootstrap likelihood -4155.474130, best rearrangement setting 13
Bootstrap[1]: Time 0.759255 seconds, bootstrap likelihood -4151.729898, best rearrangement setting 13
Bootstrap[2]: Time 0.818792 seconds, bootstrap likelihood -4314.588656, best rearrangement setting 12
Bootstrap[3]: Time 0.365932 seconds, bootstrap likelihood -4041.864386, best rearrangement setting 15
Bootstrap[4]: Time 0.748714 seconds, bootstrap likelihood -4230.290170, best rearrangement setting 10
Bootstrap[5]: Time 0.711240 seconds, bootstrap likelihood -4048.169121, best rearrangement setting 10
Bootstrap[6]: Time 0.835380 seconds, bootstrap likelihood -4265.020089, best rearrangement setting 6
Bootstrap[7]: Time 0.307419 seconds, bootstrap likelihood -4135.859405, best rearrangement setting 14
Bootstrap[8]: Time 0.722078 seconds, bootstrap likelihood -4219.751098, best rearrangement setting 5
Bootstrap[9]: Time 0.868576 seconds, bootstrap likelihood -4194.404573, best rearrangement setting 7
Bootstrap[10]: Time 0.693064 seconds, bootstrap likelihood -4188.014083, best rearrangement setting 7
Bootstrap[11]: Time 0.333333 seconds, bootstrap likelihood -4081.922260, best rearrangement setting 5
Bootstrap[12]: Time 0.339424 seconds, bootstrap likelihood -4130.716448, best rearrangement setting 8
Bootstrap[13]: Time 0.339579 seconds, bootstrap likelihood -4295.911010, best rearrangement setting 7
Bootstrap[14]: Time 0.335481 seconds, bootstrap likelihood -4078.598214, best rearrangement setting 12
Bootstrap[15]: Time 0.350649 seconds, bootstrap likelihood -4329.668286, best rearrangement setting 15
Bootstrap[16]: Time 0.643258 seconds, bootstrap likelihood -4160.607566, best rearrangement setting 12
Bootstrap[17]: Time 0.349045 seconds, bootstrap likelihood -4078.145599, best rearrangement setting 12
Bootstrap[18]: Time 0.346199 seconds, bootstrap likelihood -4231.368452, best rearrangement setting 5
Bootstrap[19]: Time 0.351814 seconds, bootstrap likelihood -4230.116721, best rearrangement setting 8
Bootstrap[20]: Time 0.304823 seconds, bootstrap likelihood -4165.856928, best rearrangement setting 10
Bootstrap[21]: Time 0.302369 seconds, bootstrap likelihood -4107.619514, best rearrangement setting 6
Bootstrap[22]: Time 0.346073 seconds, bootstrap likelihood -4160.079486, best rearrangement setting 5
Bootstrap[23]: Time 0.342655 seconds, bootstrap likelihood -4255.311017, best rearrangement setting 7
Bootstrap[24]: Time 0.342981 seconds, bootstrap likelihood -4154.511802, best rearrangement setting 8
Bootstrap[25]: Time 0.309651 seconds, bootstrap likelihood -4271.074258, best rearrangement setting 6
Bootstrap[26]: Time 0.849157 seconds, bootstrap likelihood -4273.531798, best rearrangement setting 12
Bootstrap[27]: Time 0.374671 seconds, bootstrap likelihood -4103.487979, best rearrangement setting 10
Bootstrap[28]: Time 0.327743 seconds, bootstrap likelihood -4228.699129, best rearrangement setting 11
Bootstrap[29]: Time 0.361154 seconds, bootstrap likelihood -4228.647464, best rearrangement setting 12
Bootstrap[30]: Time 0.311324 seconds, bootstrap likelihood -4142.418653, best rearrangement setting 15
Bootstrap[31]: Time 0.712265 seconds, bootstrap likelihood -4263.557739, best rearrangement setting 15
Bootstrap[32]: Time 0.890070 seconds, bootstrap likelihood -4139.191421, best rearrangement setting 6
Bootstrap[33]: Time 0.295270 seconds, bootstrap likelihood -4169.752960, best rearrangement setting 15
Bootstrap[34]: Time 0.788493 seconds, bootstrap likelihood -3969.716142, best rearrangement setting 11
Bootstrap[35]: Time 0.893166 seconds, bootstrap likelihood -4233.030784, best rearrangement setting 8
Bootstrap[36]: Time 0.755827 seconds, bootstrap likelihood -4225.199333, best rearrangement setting 9
Bootstrap[37]: Time 0.821161 seconds, bootstrap likelihood -4226.107008, best rearrangement setting 11
Bootstrap[38]: Time 1.113710 seconds, bootstrap likelihood -4263.447959, best rearrangement setting 8
Bootstrap[39]: Time 0.775580 seconds, bootstrap likelihood -4159.696519, best rearrangement setting 13
Bootstrap[40]: Time 0.796702 seconds, bootstrap likelihood -4194.224886, best rearrangement setting 13
Bootstrap[41]: Time 0.790723 seconds, bootstrap likelihood -4101.569014, best rearrangement setting 10
Bootstrap[42]: Time 0.701913 seconds, bootstrap likelihood -4173.389114, best rearrangement setting 5
Bootstrap[43]: Time 0.885157 seconds, bootstrap likelihood -4259.426167, best rearrangement setting 14
Bootstrap[44]: Time 0.365609 seconds, bootstrap likelihood -4206.223575, best rearrangement setting 10
Bootstrap[45]: Time 0.384843 seconds, bootstrap likelihood -4112.798584, best rearrangement setting 15
Bootstrap[46]: Time 0.336935 seconds, bootstrap likelihood -4162.410295, best rearrangement setting 14
Bootstrap[47]: Time 0.332500 seconds, bootstrap likelihood -4184.046848, best rearrangement setting 8
Bootstrap[48]: Time 0.323166 seconds, bootstrap likelihood -4234.204926, best rearrangement setting 6
Bootstrap[49]: Time 0.321255 seconds, bootstrap likelihood -4149.731907, best rearrangement setting 7
Bootstrap[50]: Time 0.840959 seconds, bootstrap likelihood -4262.172710, best rearrangement setting 7
Bootstrap[51]: Time 0.834998 seconds, bootstrap likelihood -4160.236298, best rearrangement setting 11
Bootstrap[52]: Time 0.791233 seconds, bootstrap likelihood -4235.882476, best rearrangement setting 12
Bootstrap[53]: Time 0.307263 seconds, bootstrap likelihood -4203.690950, best rearrangement setting 8
Bootstrap[54]: Time 0.353781 seconds, bootstrap likelihood -4158.015268, best rearrangement setting 9
Bootstrap[55]: Time 0.681534 seconds, bootstrap likelihood -4116.606034, best rearrangement setting 11
Bootstrap[56]: Time 0.322357 seconds, bootstrap likelihood -4163.043460, best rearrangement setting 5
Bootstrap[57]: Time 0.315572 seconds, bootstrap likelihood -4260.160232, best rearrangement setting 7
Bootstrap[58]: Time 0.523465 seconds, bootstrap likelihood -4315.386503, best rearrangement setting 10
Bootstrap[59]: Time 0.764858 seconds, bootstrap likelihood -4171.347814, best rearrangement setting 9
Bootstrap[60]: Time 0.305191 seconds, bootstrap likelihood -4221.784737, best rearrangement setting 7
Bootstrap[61]: Time 0.803253 seconds, bootstrap likelihood -4308.858684, best rearrangement setting 5
Bootstrap[62]: Time 0.407108 seconds, bootstrap likelihood -4261.037533, best rearrangement setting 11
Bootstrap[63]: Time 0.316873 seconds, bootstrap likelihood -4160.783957, best rearrangement setting 12
Bootstrap[64]: Time 0.352644 seconds, bootstrap likelihood -4181.147670, best rearrangement setting 7
Bootstrap[65]: Time 0.377436 seconds, bootstrap likelihood -4215.865620, best rearrangement setting 5
Bootstrap[66]: Time 0.290065 seconds, bootstrap likelihood -4221.323476, best rearrangement setting 5
Bootstrap[67]: Time 0.317508 seconds, bootstrap likelihood -4174.789863, best rearrangement setting 15
Bootstrap[68]: Time 0.394259 seconds, bootstrap likelihood -4266.454548, best rearrangement setting 11
Bootstrap[69]: Time 0.318256 seconds, bootstrap likelihood -4207.538474, best rearrangement setting 5
Bootstrap[70]: Time 0.808017 seconds, bootstrap likelihood -4173.030768, best rearrangement setting 8
Bootstrap[71]: Time 0.353968 seconds, bootstrap likelihood -4105.009074, best rearrangement setting 10
Bootstrap[72]: Time 0.334622 seconds, bootstrap likelihood -4202.029882, best rearrangement setting 11
Bootstrap[73]: Time 0.355022 seconds, bootstrap likelihood -4390.639847, best rearrangement setting 9
Bootstrap[74]: Time 0.308919 seconds, bootstrap likelihood -4210.684828, best rearrangement setting 5
Bootstrap[75]: Time 0.345201 seconds, bootstrap likelihood -4203.920148, best rearrangement setting 8
Bootstrap[76]: Time 0.357625 seconds, bootstrap likelihood -4061.583122, best rearrangement setting 9
Bootstrap[77]: Time 0.356274 seconds, bootstrap likelihood -4205.459626, best rearrangement setting 11
Bootstrap[78]: Time 0.357101 seconds, bootstrap likelihood -4314.835735, best rearrangement setting 15
Bootstrap[79]: Time 0.658892 seconds, bootstrap likelihood -4225.751858, best rearrangement setting 9
Bootstrap[80]: Time 0.884486 seconds, bootstrap likelihood -4228.788186, best rearrangement setting 15
Bootstrap[81]: Time 0.704563 seconds, bootstrap likelihood -4214.558225, best rearrangement setting 7
Bootstrap[82]: Time 0.508133 seconds, bootstrap likelihood -4149.948968, best rearrangement setting 6
Bootstrap[83]: Time 0.382632 seconds, bootstrap likelihood -4161.803113, best rearrangement setting 10
Bootstrap[84]: Time 0.347411 seconds, bootstrap likelihood -4276.058341, best rearrangement setting 11
Bootstrap[85]: Time 0.859476 seconds, bootstrap likelihood -4154.282291, best rearrangement setting 8
Bootstrap[86]: Time 0.865023 seconds, bootstrap likelihood -4145.320569, best rearrangement setting 7
Bootstrap[87]: Time 0.913974 seconds, bootstrap likelihood -4291.941886, best rearrangement setting 7
Bootstrap[88]: Time 0.360659 seconds, bootstrap likelihood -4158.030696, best rearrangement setting 12
Bootstrap[89]: Time 0.382851 seconds, bootstrap likelihood -4166.882363, best rearrangement setting 10
Bootstrap[90]: Time 0.351951 seconds, bootstrap likelihood -4135.150742, best rearrangement setting 8
Bootstrap[91]: Time 0.739178 seconds, bootstrap likelihood -4273.336713, best rearrangement setting 12
Bootstrap[92]: Time 0.365935 seconds, bootstrap likelihood -4098.022065, best rearrangement setting 13
Bootstrap[93]: Time 0.339298 seconds, bootstrap likelihood -4354.481483, best rearrangement setting 15
Bootstrap[94]: Time 0.306411 seconds, bootstrap likelihood -4229.979260, best rearrangement setting 5
Bootstrap[95]: Time 0.317320 seconds, bootstrap likelihood -4180.141446, best rearrangement setting 5
Bootstrap[96]: Time 0.346451 seconds, bootstrap likelihood -4125.587894, best rearrangement setting 13
Bootstrap[97]: Time 0.321504 seconds, bootstrap likelihood -4261.800782, best rearrangement setting 11
Bootstrap[98]: Time 0.566402 seconds, bootstrap likelihood -4276.433058, best rearrangement setting 6
Bootstrap[99]: Time 0.733780 seconds, bootstrap likelihood -4168.842055, best rearrangement setting 14


Overall Time for 100 Rapid Bootstraps 52.369884 seconds
Average Time per Rapid Bootstrap 0.523699 seconds

Starting ML Search ...

Fast ML optimization finished

Fast ML search Time: 27.502197 seconds

Slow ML Search 0 Likelihood: -4688.396933
Slow ML Search 1 Likelihood: -4688.396607
Slow ML Search 2 Likelihood: -4688.396607
Slow ML Search 3 Likelihood: -4688.385412
Slow ML Search 4 Likelihood: -4688.385578
Slow ML Search 5 Likelihood: -4688.385578
Slow ML Search 6 Likelihood: -4688.385531
Slow ML Search 7 Likelihood: -4688.385530
Slow ML Search 8 Likelihood: -4688.385439
Slow ML Search 9 Likelihood: -4688.385541
Slow ML optimization finished

Slow ML search Time: 12.662631 seconds
Thorough ML search Time: 3.238835 seconds

Final ML Optimization Likelihood: -4679.354098

Model Information:

Model Parameters of Partition 0, Name: No Name Provided, Type of Data: AA
alpha: 1.717778
Tree-Length: 0.363861
rate A <-> R: 0.603538
rate A <-> N: 0.561915
rate A <-> D: 0.842872
rate A <-> C: 0.582726
rate A <-> Q: 0.593132
rate A <-> E: 1.092612
rate A <-> G: 1.862643
rate A <-> H: 0.280957
rate A <-> I: 0.374610
rate A <-> L: 0.312175
rate A <-> K: 0.364204
rate A <-> M: 0.561915
rate A <-> F: 0.156087
rate A <-> P: 2.018730
rate A <-> S: 3.933403
rate A <-> T: 4.942768
rate A <-> W: 0.093652
rate A <-> Y: 0.114464
rate A <-> V: 3.100937
rate R <-> N: 0.468262
rate R <-> D: 0.166493
rate R <-> C: 1.175858
rate R <-> Q: 3.225806
rate R <-> E: 0.301769
rate R <-> G: 1.425598
rate R <-> H: 3.413111
rate R <-> I: 0.228928
rate R <-> L: 0.395421
rate R <-> K: 6.722164
rate R <-> M: 0.457856
rate R <-> F: 0.052029
rate R <-> P: 0.770031
rate R <-> S: 1.050989
rate R <-> T: 0.665973
rate R <-> W: 1.311134
rate R <-> Y: 0.208117
rate R <-> V: 0.176899
rate N <-> D: 5.494277
rate N <-> C: 0.353798
rate N <-> Q: 0.894901
rate N <-> E: 0.603538
rate N <-> G: 0.842872
rate N <-> H: 4.068678
rate N <-> I: 0.489074
rate N <-> L: 0.124870
rate N <-> K: 2.736733
rate N <-> M: 0.312175
rate N <-> F: 0.104058
rate N <-> P: 0.156087
rate N <-> S: 5.234131
rate N <-> T: 2.414152
rate N <-> W: 0.083247
rate N <-> Y: 0.728408
rate N <-> V: 0.166493
rate D <-> C: 0.104058
rate D <-> Q: 0.509886
rate D <-> E: 7.981270
rate D <-> G: 1.352758
rate D <-> H: 1.165453
rate D <-> I: 0.114464
rate D <-> L: 0.072841
rate D <-> K: 0.270552
rate D <-> M: 0.156087
rate D <-> F: 0.041623
rate D <-> P: 0.156087
rate D <-> S: 0.613944
rate D <-> T: 0.395421
rate D <-> W: 0.041623
rate D <-> Y: 0.478668
rate D <-> V: 0.322581
rate C <-> Q: 0.093652
rate C <-> E: 0.052029
rate C <-> G: 0.613944
rate C <-> H: 0.718002
rate C <-> I: 0.176899
rate C <-> L: 0.239334
rate C <-> K: 0.072841
rate C <-> M: 0.322581
rate C <-> F: 0.811655
rate C <-> P: 0.145682
rate C <-> S: 2.320499
rate C <-> T: 0.437045
rate C <-> W: 1.196670
rate C <-> Y: 2.174818
rate C <-> V: 0.645161
rate Q <-> E: 3.361082
rate Q <-> G: 0.270552
rate Q <-> H: 6.212279
rate Q <-> I: 0.093652
rate Q <-> L: 0.749220
rate Q <-> K: 3.038502
rate Q <-> M: 0.447451
rate Q <-> F: 0.041623
rate Q <-> P: 1.706556
rate Q <-> S: 0.551509
rate Q <-> T: 0.530697
rate Q <-> W: 0.187305
rate Q <-> Y: 0.249740
rate Q <-> V: 0.208117
rate E <-> G: 1.238293
rate E <-> H: 0.270552
rate E <-> I: 0.124870
rate E <-> L: 0.093652
rate E <-> K: 1.883455
rate E <-> M: 0.187305
rate E <-> F: 0.052029
rate E <-> P: 0.187305
rate E <-> S: 0.312175
rate E <-> T: 0.332986
rate E <-> W: 0.104058
rate E <-> Y: 0.072841
rate E <-> V: 0.468262
rate G <-> H: 0.239334
rate G <-> I: 0.062435
rate G <-> L: 0.062435
rate G <-> K: 0.280957
rate G <-> M: 0.145682
rate G <-> F: 0.052029
rate G <-> P: 0.249740
rate G <-> S: 2.091571
rate G <-> T: 0.343392
rate G <-> W: 0.572320
rate G <-> Y: 0.083247
rate G <-> V: 0.489074
rate H <-> I: 0.166493
rate H <-> L: 0.582726
rate H <-> K: 0.468262
rate H <-> M: 0.343392
rate H <-> F: 0.416233
rate H <-> P: 1.196670
rate H <-> S: 0.759625
rate H <-> T: 0.478668
rate H <-> W: 0.083247
rate H <-> Y: 5.962539
rate H <-> V: 0.114464
rate I <-> L: 2.382934
rate I <-> K: 0.218522
rate I <-> M: 4.984391
rate I <-> F: 0.926119
rate I <-> P: 0.104058
rate I <-> S: 0.416233
rate I <-> T: 2.549428
rate I <-> W: 0.093652
rate I <-> Y: 0.332986
rate I <-> V: 10.000000
rate L <-> K: 0.145682
rate L <-> M: 4.037461
rate L <-> F: 2.580645
rate L <-> P: 1.061394
rate L <-> S: 0.613944
rate L <-> T: 0.260146
rate L <-> W: 0.541103
rate L <-> Y: 0.249740
rate L <-> V: 1.873049
rate K <-> M: 0.676379
rate K <-> F: 0.041623
rate K <-> P: 0.218522
rate K <-> S: 0.489074
rate K <-> T: 1.071800
rate K <-> W: 0.104058
rate K <-> Y: 0.083247
rate K <-> V: 0.145682
rate M <-> F: 0.447451
rate M <-> P: 0.166493
rate M <-> S: 0.301769
rate M <-> T: 2.351717
rate M <-> W: 0.249740
rate M <-> Y: 0.187305
rate M <-> V: 3.361082
rate F <-> P: 0.176899
rate F <-> S: 0.957336
rate F <-> T: 0.124870
rate F <-> W: 0.551509
rate F <-> Y: 5.577523
rate F <-> V: 0.645161
rate P <-> S: 2.965661
rate P <-> T: 1.227888
rate P <-> W: 0.062435
rate P <-> Y: 0.104058
rate P <-> V: 0.239334
rate S <-> T: 4.963580
rate S <-> W: 0.364204
rate S <-> Y: 0.655567
rate S <-> V: 0.395421
rate T <-> W: 0.124870
rate T <-> Y: 0.218522
rate T <-> V: 1.165453
rate W <-> Y: 0.738814
rate W <-> V: 0.260146
rate Y <-> V: 0.166493

freq pi(A): 0.076748
freq pi(R): 0.051691
freq pi(N): 0.042645
freq pi(D): 0.051544
freq pi(C): 0.019803
freq pi(Q): 0.040752
freq pi(E): 0.061830
freq pi(G): 0.073152
freq pi(H): 0.022944
freq pi(I): 0.053761
freq pi(L): 0.091904
freq pi(K): 0.058676
freq pi(M): 0.023826
freq pi(F): 0.040126
freq pi(P): 0.050901
freq pi(S): 0.068765
freq pi(T): 0.058565
freq pi(W): 0.014261
freq pi(Y): 0.032102
freq pi(V): 0.066004


ML search took 43.442725 secs or 0.012067 hours

Combined Bootstrap and ML search took 95.814321 secs or 0.026615 hours

Drawing Bootstrap Support Values on best-scoring ML tree ...



Found 1 tree in File /Users/prigozhin/Dropbox/NLRomes/Maize_NLRome/RAxML_tree_pbNB-ARC/Initial_Clades/RAxML_bestTree.Int4358_19.Raxml.out



Found 1 tree in File /Users/prigozhin/Dropbox/NLRomes/Maize_NLRome/RAxML_tree_pbNB-ARC/Initial_Clades/RAxML_bestTree.Int4358_19.Raxml.out

Program execution info written to /Users/prigozhin/Dropbox/NLRomes/Maize_NLRome/RAxML_tree_pbNB-ARC/Initial_Clades/RAxML_info.Int4358_19.Raxml.out
All 100 bootstrapped trees written to: /Users/prigozhin/Dropbox/NLRomes/Maize_NLRome/RAxML_tree_pbNB-ARC/Initial_Clades/RAxML_bootstrap.Int4358_19.Raxml.out

Best-scoring ML tree written to: /Users/prigozhin/Dropbox/NLRomes/Maize_NLRome/RAxML_tree_pbNB-ARC/Initial_Clades/RAxML_bestTree.Int4358_19.Raxml.out

Best-scoring ML tree with support values written to: /Users/prigozhin/Dropbox/NLRomes/Maize_NLRome/RAxML_tree_pbNB-ARC/Initial_Clades/RAxML_bipartitions.Int4358_19.Raxml.out

Best-scoring ML tree with support values as branch labels written to: /Users/prigozhin/Dropbox/NLRomes/Maize_NLRome/RAxML_tree_pbNB-ARC/Initial_Clades/RAxML_bipartitionsBranchLabels.Int4358_19.Raxml.out

Overall execution time for full ML analysis: 95.823182 secs or 0.026618 hours or 0.001109 days

