

IMPORTANT WARNING: Sequences GWHPACEU009604 and GLYMA_03G077400_1 are exactly identical


IMPORTANT WARNING: Sequences GWHPACEU009604 and GWHPACEC009301 are exactly identical


IMPORTANT WARNING: Sequences GWHPACEU009604 and GWHPACEQ009179 are exactly identical


IMPORTANT WARNING: Sequences GWHPACEU009604 and GWHPACEI009861 are exactly identical


IMPORTANT WARNING: Sequences GWHPACEU009604 and GWHPACEB008936 are exactly identical


IMPORTANT WARNING: Sequences GWHPACEU009604 and GWHPACEN009340 are exactly identical


IMPORTANT WARNING: Sequences GWHPACEU009604 and GWHPACEV009046 are exactly identical


IMPORTANT WARNING: Sequences GWHPACER001705 and GWHPACEX001694 are exactly identical


IMPORTANT WARNING: Sequences GWHPACER001705 and GWHPACET001713 are exactly identical


IMPORTANT WARNING: Sequences GWHPACER001705 and GWHPACEP001661 are exactly identical


IMPORTANT WARNING: Sequences GWHPACER001705 and GWHPACEO001715 are exactly identical


IMPORTANT WARNING: Sequences GWHPACEX009184 and GWHPACEB008905 are exactly identical


IMPORTANT WARNING: Sequences GWHPACEX009184 and GWHPACEL009174 are exactly identical


IMPORTANT WARNING: Sequences GWHPACEX009184 and GWHPACEN009307 are exactly identical


IMPORTANT WARNING: Sequences GWHPACEX009184 and GWHPACEG009506 are exactly identical


IMPORTANT WARNING: Sequences GWHPACEX009184 and GWHPACEJ009893 are exactly identical


IMPORTANT WARNING: Sequences GWHPACEX009184 and GWHPACDY009734 are exactly identical


IMPORTANT WARNING: Sequences GWHPACEX009184 and GWHPACEF008914 are exactly identical


IMPORTANT WARNING: Sequences GWHPACEX009184 and GLYMA_03G075300_1 are exactly identical


IMPORTANT WARNING: Sequences GWHPACEX009184 and GWHPACEW009539 are exactly identical


IMPORTANT WARNING: Sequences GWHPACEX009184 and GWHPACEO009566 are exactly identical


IMPORTANT WARNING: Sequences GWHPACEX009184 and GLYMA_ZH13_03G070700_1_P are exactly identical


IMPORTANT WARNING: Sequences GWHPACEX009184 and GWHPACED009041 are exactly identical


IMPORTANT WARNING: Sequences GWHPACDZ001674 and GWHPACEF001712 are exactly identical


IMPORTANT WARNING: Sequences GWHPACDZ001674 and GWHPACEX001691 are exactly identical


IMPORTANT WARNING: Sequences GWHPACDZ001674 and GWHPACEV001602 are exactly identical


IMPORTANT WARNING: Sequences GWHPACDZ001674 and GWHPACED001715 are exactly identical


IMPORTANT WARNING: Sequences GWHPACDZ001674 and GWHPACEI001706 are exactly identical


IMPORTANT WARNING: Sequences GWHPACDZ001674 and GWHPACET001709 are exactly identical


IMPORTANT WARNING: Sequences GWHPACDZ001674 and GWHPACEP001657 are exactly identical


IMPORTANT WARNING: Sequences GWHPACDZ001674 and GWHPACDY001698 are exactly identical


IMPORTANT WARNING: Sequences GWHPACDZ001674 and GWHPACEJ001717 are exactly identical


IMPORTANT WARNING: Sequences GWHPACDZ001674 and GWHPACEC001690 are exactly identical


IMPORTANT WARNING: Sequences GWHPACDZ001674 and W05_GLYSO_01G001163_1_P are exactly identical


IMPORTANT WARNING: Sequences GWHPACDZ001674 and GWHPACES001700 are exactly identical


IMPORTANT WARNING: Sequences GWHPACEO009597 and GWHPACEK008841 are exactly identical


IMPORTANT WARNING: Sequences GWHPACEO009597 and GWHPACEE009509 are exactly identical


IMPORTANT WARNING: Sequences GWHPACEO009597 and GWHPACEJ009924 are exactly identical


IMPORTANT WARNING: Sequences GWHPACEO009597 and GWHPACES009647 are exactly identical


IMPORTANT WARNING: Sequences GWHPACEO009597 and GWHPACET009656 are exactly identical


IMPORTANT WARNING: Sequences GLYMA_01G112200_1 and GWHPACEN001632 are exactly identical


IMPORTANT WARNING: Sequences GLYMA_01G112200_1 and GWHPACEW001710 are exactly identical


IMPORTANT WARNING: Sequences GLYMA_01G112200_1 and GWHPACEG001684 are exactly identical


IMPORTANT WARNING: Sequences GWHPACEU009564 and GWHPACEM009646 are exactly identical


IMPORTANT WARNING: Sequences GWHPACEU009564 and GWHPACER008773 are exactly identical


IMPORTANT WARNING: Sequences GWHPACEU009564 and GWHPACEH009695 are exactly identical


IMPORTANT WARNING: Sequences GWHPACEJ001721 and GWHPACEC001694 are exactly identical


IMPORTANT WARNING: Sequences GWHPACEJ001721 and GWHPACEU001738 are exactly identical


IMPORTANT WARNING: Sequences GWHPACEM009244 and GWHPACER008397 are exactly identical


IMPORTANT WARNING: Sequences GWHPACEH001684 and W05_GLYSO_01G001164_1_P are exactly identical


IMPORTANT WARNING: Sequences GWHPACEH001684 and GWHPACEF001715 are exactly identical


IMPORTANT WARNING: Sequences GWHPACEH001684 and GLYMA_ZH13_01G098700_1_P are exactly identical


IMPORTANT WARNING: Sequences GWHPACEW001714 and GWHPACEB001607 are exactly identical


IMPORTANT WARNING: Sequences GWHPACDZ009326 and W05_GLYSO_03G006437_1_P are exactly identical


IMPORTANT WARNING: Sequences GWHPACEI009444 and GWHPACEO009205 are exactly identical


IMPORTANT WARNING: Sequences GLYMA_03G053500_1 and GWHPACEL008792 are exactly identical


IMPORTANT WARNING: Sequences GWHPACER008405 and GLYMA_ZH13_03G048700_1_P are exactly identical

IMPORTANT WARNING
Found 57 sequences that are exactly identical to other sequences in the alignment.
Normally they should be excluded from the analysis.

Just in case you might need it, an alignment file with 
sequence duplicates removed is printed to file ../../RAxML_tree_pbNB-ARC/Initial_Clades/Int11293_117.afa.reduced


This is RAxML version 8.2.12 released by Alexandros Stamatakis on May 2018.

With greatly appreciated code contributions by:
Andre Aberer      (HITS)
Simon Berger      (HITS)
Alexey Kozlov     (HITS)
Kassian Kobert    (HITS)
David Dao         (KIT and HITS)
Sarah Lutteropp   (KIT and HITS)
Nick Pattengale   (Sandia)
Wayne Pfeiffer    (SDSC)
Akifumi S. Tanabe (NRIFS)
Charlie Taylor    (UF)


Alignment has 1329 distinct alignment patterns

Proportion of gaps and completely undetermined characters in this alignment: 39.28%

RAxML rapid bootstrapping and subsequent ML search

Using 1 distinct models/data partitions with joint branch length optimization



Executing 100 rapid bootstrap inferences and thereafter a thorough ML search 

All free model parameters will be estimated by RAxML
ML estimate of 25 per site rate categories

Likelihood of final tree will be evaluated and optimized under GAMMA

GAMMA Model parameters will be estimated up to an accuracy of 0.1000000000 Log Likelihood units

Partition: 0
Alignment Patterns: 1329
Name: No Name Provided
DataType: AA
Substitution Matrix: JTT
Using fixed base frequencies




RAxML was called as follows:

/Users/prigozhin/Installers/standard-RAxML/raxmlHPC-PTHREADS-AVX -T 2 -n Int11293_117.Raxml.out -f a -x 12345 -p 12345 -# 100 -m PROTCATJTT -s ../../RAxML_tree_pbNB-ARC/Initial_Clades/Int11293_117.afa 



Time for BS model parameter optimization 2.451345
Bootstrap[0]: Time 14.392709 seconds, bootstrap likelihood -15238.604695, best rearrangement setting 13
Bootstrap[1]: Time 11.072657 seconds, bootstrap likelihood -14618.732169, best rearrangement setting 13
Bootstrap[2]: Time 9.423575 seconds, bootstrap likelihood -14383.302262, best rearrangement setting 12
Bootstrap[3]: Time 10.299545 seconds, bootstrap likelihood -15064.918125, best rearrangement setting 15
Bootstrap[4]: Time 10.909303 seconds, bootstrap likelihood -14908.007388, best rearrangement setting 10
Bootstrap[5]: Time 11.038719 seconds, bootstrap likelihood -14812.923868, best rearrangement setting 10
Bootstrap[6]: Time 10.909381 seconds, bootstrap likelihood -14375.222434, best rearrangement setting 6
Bootstrap[7]: Time 10.679452 seconds, bootstrap likelihood -14634.274580, best rearrangement setting 14
Bootstrap[8]: Time 7.889918 seconds, bootstrap likelihood -15078.478489, best rearrangement setting 5
Bootstrap[9]: Time 9.348080 seconds, bootstrap likelihood -14694.047058, best rearrangement setting 7
Bootstrap[10]: Time 9.198252 seconds, bootstrap likelihood -14662.089769, best rearrangement setting 7
Bootstrap[11]: Time 8.342253 seconds, bootstrap likelihood -14408.861349, best rearrangement setting 5
Bootstrap[12]: Time 9.910142 seconds, bootstrap likelihood -14689.794533, best rearrangement setting 8
Bootstrap[13]: Time 11.938890 seconds, bootstrap likelihood -14693.845418, best rearrangement setting 7
Bootstrap[14]: Time 10.790689 seconds, bootstrap likelihood -14847.242035, best rearrangement setting 12
Bootstrap[15]: Time 10.581348 seconds, bootstrap likelihood -14768.929476, best rearrangement setting 15
Bootstrap[16]: Time 10.116167 seconds, bootstrap likelihood -14795.851485, best rearrangement setting 12
Bootstrap[17]: Time 10.624424 seconds, bootstrap likelihood -14934.481723, best rearrangement setting 12
Bootstrap[18]: Time 8.882098 seconds, bootstrap likelihood -15025.241208, best rearrangement setting 5
Bootstrap[19]: Time 9.402213 seconds, bootstrap likelihood -14779.013560, best rearrangement setting 8
Bootstrap[20]: Time 10.083147 seconds, bootstrap likelihood -14808.991052, best rearrangement setting 10
Bootstrap[21]: Time 8.938969 seconds, bootstrap likelihood -15043.690017, best rearrangement setting 6
Bootstrap[22]: Time 9.646363 seconds, bootstrap likelihood -14780.801460, best rearrangement setting 5
Bootstrap[23]: Time 8.923969 seconds, bootstrap likelihood -14827.810032, best rearrangement setting 7
Bootstrap[24]: Time 10.374436 seconds, bootstrap likelihood -14518.867065, best rearrangement setting 8
Bootstrap[25]: Time 8.201294 seconds, bootstrap likelihood -14395.275524, best rearrangement setting 6
Bootstrap[26]: Time 11.937886 seconds, bootstrap likelihood -14522.586523, best rearrangement setting 12
Bootstrap[27]: Time 10.696235 seconds, bootstrap likelihood -14422.569164, best rearrangement setting 10
Bootstrap[28]: Time 9.753411 seconds, bootstrap likelihood -14405.905639, best rearrangement setting 11
Bootstrap[29]: Time 11.502617 seconds, bootstrap likelihood -14675.345159, best rearrangement setting 12
Bootstrap[30]: Time 10.354466 seconds, bootstrap likelihood -14710.383997, best rearrangement setting 15
Bootstrap[31]: Time 10.609693 seconds, bootstrap likelihood -15098.411058, best rearrangement setting 15
Bootstrap[32]: Time 9.608717 seconds, bootstrap likelihood -14398.638438, best rearrangement setting 6
Bootstrap[33]: Time 11.269282 seconds, bootstrap likelihood -14596.964812, best rearrangement setting 15
Bootstrap[34]: Time 10.906697 seconds, bootstrap likelihood -14798.773838, best rearrangement setting 11
Bootstrap[35]: Time 10.928087 seconds, bootstrap likelihood -14632.908790, best rearrangement setting 8
Bootstrap[36]: Time 9.418334 seconds, bootstrap likelihood -15161.935087, best rearrangement setting 9
Bootstrap[37]: Time 9.847764 seconds, bootstrap likelihood -14336.343948, best rearrangement setting 11
Bootstrap[38]: Time 9.020751 seconds, bootstrap likelihood -14888.150902, best rearrangement setting 8
Bootstrap[39]: Time 10.890023 seconds, bootstrap likelihood -14346.147741, best rearrangement setting 13
Bootstrap[40]: Time 10.679984 seconds, bootstrap likelihood -14672.898639, best rearrangement setting 13
Bootstrap[41]: Time 9.919716 seconds, bootstrap likelihood -14537.010029, best rearrangement setting 10
Bootstrap[42]: Time 8.604359 seconds, bootstrap likelihood -15183.668320, best rearrangement setting 5
Bootstrap[43]: Time 12.029560 seconds, bootstrap likelihood -15008.371372, best rearrangement setting 14
Bootstrap[44]: Time 10.363577 seconds, bootstrap likelihood -14335.847881, best rearrangement setting 10
Bootstrap[45]: Time 13.151941 seconds, bootstrap likelihood -14631.423535, best rearrangement setting 15
Bootstrap[46]: Time 10.921745 seconds, bootstrap likelihood -14686.450206, best rearrangement setting 14
Bootstrap[47]: Time 10.115443 seconds, bootstrap likelihood -14149.677222, best rearrangement setting 8
Bootstrap[48]: Time 7.680136 seconds, bootstrap likelihood -14264.607607, best rearrangement setting 6
Bootstrap[49]: Time 8.850648 seconds, bootstrap likelihood -14891.550080, best rearrangement setting 7
Bootstrap[50]: Time 9.063793 seconds, bootstrap likelihood -14338.076147, best rearrangement setting 7
Bootstrap[51]: Time 11.370884 seconds, bootstrap likelihood -14512.806901, best rearrangement setting 11
Bootstrap[52]: Time 11.076910 seconds, bootstrap likelihood -14676.948447, best rearrangement setting 12
Bootstrap[53]: Time 10.408210 seconds, bootstrap likelihood -14621.864693, best rearrangement setting 8
Bootstrap[54]: Time 10.263183 seconds, bootstrap likelihood -14582.789564, best rearrangement setting 9
Bootstrap[55]: Time 5.160347 seconds, bootstrap likelihood -14952.545306, best rearrangement setting 11
Bootstrap[56]: Time 8.628550 seconds, bootstrap likelihood -14840.239224, best rearrangement setting 5
Bootstrap[57]: Time 10.880462 seconds, bootstrap likelihood -14797.188323, best rearrangement setting 7
Bootstrap[58]: Time 10.323925 seconds, bootstrap likelihood -14751.436698, best rearrangement setting 10
Bootstrap[59]: Time 10.883302 seconds, bootstrap likelihood -14768.678679, best rearrangement setting 9
Bootstrap[60]: Time 8.574811 seconds, bootstrap likelihood -14651.475558, best rearrangement setting 7
Bootstrap[61]: Time 8.114177 seconds, bootstrap likelihood -14653.786561, best rearrangement setting 5
Bootstrap[62]: Time 11.950105 seconds, bootstrap likelihood -15005.412685, best rearrangement setting 11
Bootstrap[63]: Time 9.975033 seconds, bootstrap likelihood -14855.074281, best rearrangement setting 12
Bootstrap[64]: Time 9.201555 seconds, bootstrap likelihood -15177.474939, best rearrangement setting 7
Bootstrap[65]: Time 9.516288 seconds, bootstrap likelihood -14880.163913, best rearrangement setting 5
Bootstrap[66]: Time 7.197858 seconds, bootstrap likelihood -15076.571563, best rearrangement setting 5
Bootstrap[67]: Time 11.220638 seconds, bootstrap likelihood -14699.955002, best rearrangement setting 15
Bootstrap[68]: Time 11.224724 seconds, bootstrap likelihood -14897.605091, best rearrangement setting 11
Bootstrap[69]: Time 8.183808 seconds, bootstrap likelihood -15181.123823, best rearrangement setting 5
Bootstrap[70]: Time 9.073822 seconds, bootstrap likelihood -15094.717338, best rearrangement setting 8
Bootstrap[71]: Time 9.325884 seconds, bootstrap likelihood -14737.065766, best rearrangement setting 10
Bootstrap[72]: Time 9.518654 seconds, bootstrap likelihood -14749.899106, best rearrangement setting 11
Bootstrap[73]: Time 10.095600 seconds, bootstrap likelihood -14893.332119, best rearrangement setting 9
Bootstrap[74]: Time 9.924903 seconds, bootstrap likelihood -14636.058117, best rearrangement setting 5
Bootstrap[75]: Time 9.729346 seconds, bootstrap likelihood -14699.414036, best rearrangement setting 8
Bootstrap[76]: Time 10.534652 seconds, bootstrap likelihood -14404.525656, best rearrangement setting 9
Bootstrap[77]: Time 11.074847 seconds, bootstrap likelihood -14791.024979, best rearrangement setting 11
Bootstrap[78]: Time 12.475570 seconds, bootstrap likelihood -15178.571803, best rearrangement setting 15
Bootstrap[79]: Time 9.816475 seconds, bootstrap likelihood -14400.065863, best rearrangement setting 9
Bootstrap[80]: Time 10.656856 seconds, bootstrap likelihood -14441.583634, best rearrangement setting 15
Bootstrap[81]: Time 10.153328 seconds, bootstrap likelihood -14948.463186, best rearrangement setting 7
Bootstrap[82]: Time 8.930548 seconds, bootstrap likelihood -14466.800898, best rearrangement setting 6
Bootstrap[83]: Time 10.137310 seconds, bootstrap likelihood -14927.155060, best rearrangement setting 10
Bootstrap[84]: Time 10.521027 seconds, bootstrap likelihood -14540.527043, best rearrangement setting 11
Bootstrap[85]: Time 9.486401 seconds, bootstrap likelihood -14647.497564, best rearrangement setting 8
Bootstrap[86]: Time 9.063417 seconds, bootstrap likelihood -14785.212753, best rearrangement setting 7
Bootstrap[87]: Time 9.584740 seconds, bootstrap likelihood -14189.267571, best rearrangement setting 7
Bootstrap[88]: Time 10.953253 seconds, bootstrap likelihood -14407.040181, best rearrangement setting 12
Bootstrap[89]: Time 10.200839 seconds, bootstrap likelihood -15339.149278, best rearrangement setting 10
Bootstrap[90]: Time 9.606273 seconds, bootstrap likelihood -15224.622831, best rearrangement setting 8
Bootstrap[91]: Time 11.352804 seconds, bootstrap likelihood -14982.222616, best rearrangement setting 12
Bootstrap[92]: Time 11.417104 seconds, bootstrap likelihood -14802.096189, best rearrangement setting 13
Bootstrap[93]: Time 10.842617 seconds, bootstrap likelihood -14634.576659, best rearrangement setting 15
Bootstrap[94]: Time 8.303014 seconds, bootstrap likelihood -15455.176457, best rearrangement setting 5
Bootstrap[95]: Time 7.232715 seconds, bootstrap likelihood -14702.314899, best rearrangement setting 5
Bootstrap[96]: Time 12.152722 seconds, bootstrap likelihood -14519.904824, best rearrangement setting 13
Bootstrap[97]: Time 10.250960 seconds, bootstrap likelihood -14762.913518, best rearrangement setting 11
Bootstrap[98]: Time 9.767844 seconds, bootstrap likelihood -14921.997212, best rearrangement setting 6
Bootstrap[99]: Time 11.666679 seconds, bootstrap likelihood -14744.425749, best rearrangement setting 14


Overall Time for 100 Rapid Bootstraps 1008.260301 seconds
Average Time per Rapid Bootstrap 10.082603 seconds

Starting ML Search ...

Fast ML optimization finished

Fast ML search Time: 821.473443 seconds

Slow ML Search 0 Likelihood: -15973.903990
Slow ML Search 1 Likelihood: -15973.904001
Slow ML Search 2 Likelihood: -15973.904252
Slow ML Search 3 Likelihood: -15973.904385
Slow ML Search 4 Likelihood: -15973.907473
Slow ML Search 5 Likelihood: -15973.903251
Slow ML Search 6 Likelihood: -15973.903671
Slow ML Search 7 Likelihood: -15973.903698
Slow ML Search 8 Likelihood: -15973.903251
Slow ML Search 9 Likelihood: -15973.903761
Slow ML optimization finished

Slow ML search Time: 416.627934 seconds
Thorough ML search Time: 149.207886 seconds

Final ML Optimization Likelihood: -15973.903262

Model Information:

Model Parameters of Partition 0, Name: No Name Provided, Type of Data: AA
alpha: 0.818064
Tree-Length: 2.338890
rate A <-> R: 0.603538
rate A <-> N: 0.561915
rate A <-> D: 0.842872
rate A <-> C: 0.582726
rate A <-> Q: 0.593132
rate A <-> E: 1.092612
rate A <-> G: 1.862643
rate A <-> H: 0.280957
rate A <-> I: 0.374610
rate A <-> L: 0.312175
rate A <-> K: 0.364204
rate A <-> M: 0.561915
rate A <-> F: 0.156087
rate A <-> P: 2.018730
rate A <-> S: 3.933403
rate A <-> T: 4.942768
rate A <-> W: 0.093652
rate A <-> Y: 0.114464
rate A <-> V: 3.100937
rate R <-> N: 0.468262
rate R <-> D: 0.166493
rate R <-> C: 1.175858
rate R <-> Q: 3.225806
rate R <-> E: 0.301769
rate R <-> G: 1.425598
rate R <-> H: 3.413111
rate R <-> I: 0.228928
rate R <-> L: 0.395421
rate R <-> K: 6.722164
rate R <-> M: 0.457856
rate R <-> F: 0.052029
rate R <-> P: 0.770031
rate R <-> S: 1.050989
rate R <-> T: 0.665973
rate R <-> W: 1.311134
rate R <-> Y: 0.208117
rate R <-> V: 0.176899
rate N <-> D: 5.494277
rate N <-> C: 0.353798
rate N <-> Q: 0.894901
rate N <-> E: 0.603538
rate N <-> G: 0.842872
rate N <-> H: 4.068678
rate N <-> I: 0.489074
rate N <-> L: 0.124870
rate N <-> K: 2.736733
rate N <-> M: 0.312175
rate N <-> F: 0.104058
rate N <-> P: 0.156087
rate N <-> S: 5.234131
rate N <-> T: 2.414152
rate N <-> W: 0.083247
rate N <-> Y: 0.728408
rate N <-> V: 0.166493
rate D <-> C: 0.104058
rate D <-> Q: 0.509886
rate D <-> E: 7.981270
rate D <-> G: 1.352758
rate D <-> H: 1.165453
rate D <-> I: 0.114464
rate D <-> L: 0.072841
rate D <-> K: 0.270552
rate D <-> M: 0.156087
rate D <-> F: 0.041623
rate D <-> P: 0.156087
rate D <-> S: 0.613944
rate D <-> T: 0.395421
rate D <-> W: 0.041623
rate D <-> Y: 0.478668
rate D <-> V: 0.322581
rate C <-> Q: 0.093652
rate C <-> E: 0.052029
rate C <-> G: 0.613944
rate C <-> H: 0.718002
rate C <-> I: 0.176899
rate C <-> L: 0.239334
rate C <-> K: 0.072841
rate C <-> M: 0.322581
rate C <-> F: 0.811655
rate C <-> P: 0.145682
rate C <-> S: 2.320499
rate C <-> T: 0.437045
rate C <-> W: 1.196670
rate C <-> Y: 2.174818
rate C <-> V: 0.645161
rate Q <-> E: 3.361082
rate Q <-> G: 0.270552
rate Q <-> H: 6.212279
rate Q <-> I: 0.093652
rate Q <-> L: 0.749220
rate Q <-> K: 3.038502
rate Q <-> M: 0.447451
rate Q <-> F: 0.041623
rate Q <-> P: 1.706556
rate Q <-> S: 0.551509
rate Q <-> T: 0.530697
rate Q <-> W: 0.187305
rate Q <-> Y: 0.249740
rate Q <-> V: 0.208117
rate E <-> G: 1.238293
rate E <-> H: 0.270552
rate E <-> I: 0.124870
rate E <-> L: 0.093652
rate E <-> K: 1.883455
rate E <-> M: 0.187305
rate E <-> F: 0.052029
rate E <-> P: 0.187305
rate E <-> S: 0.312175
rate E <-> T: 0.332986
rate E <-> W: 0.104058
rate E <-> Y: 0.072841
rate E <-> V: 0.468262
rate G <-> H: 0.239334
rate G <-> I: 0.062435
rate G <-> L: 0.062435
rate G <-> K: 0.280957
rate G <-> M: 0.145682
rate G <-> F: 0.052029
rate G <-> P: 0.249740
rate G <-> S: 2.091571
rate G <-> T: 0.343392
rate G <-> W: 0.572320
rate G <-> Y: 0.083247
rate G <-> V: 0.489074
rate H <-> I: 0.166493
rate H <-> L: 0.582726
rate H <-> K: 0.468262
rate H <-> M: 0.343392
rate H <-> F: 0.416233
rate H <-> P: 1.196670
rate H <-> S: 0.759625
rate H <-> T: 0.478668
rate H <-> W: 0.083247
rate H <-> Y: 5.962539
rate H <-> V: 0.114464
rate I <-> L: 2.382934
rate I <-> K: 0.218522
rate I <-> M: 4.984391
rate I <-> F: 0.926119
rate I <-> P: 0.104058
rate I <-> S: 0.416233
rate I <-> T: 2.549428
rate I <-> W: 0.093652
rate I <-> Y: 0.332986
rate I <-> V: 10.000000
rate L <-> K: 0.145682
rate L <-> M: 4.037461
rate L <-> F: 2.580645
rate L <-> P: 1.061394
rate L <-> S: 0.613944
rate L <-> T: 0.260146
rate L <-> W: 0.541103
rate L <-> Y: 0.249740
rate L <-> V: 1.873049
rate K <-> M: 0.676379
rate K <-> F: 0.041623
rate K <-> P: 0.218522
rate K <-> S: 0.489074
rate K <-> T: 1.071800
rate K <-> W: 0.104058
rate K <-> Y: 0.083247
rate K <-> V: 0.145682
rate M <-> F: 0.447451
rate M <-> P: 0.166493
rate M <-> S: 0.301769
rate M <-> T: 2.351717
rate M <-> W: 0.249740
rate M <-> Y: 0.187305
rate M <-> V: 3.361082
rate F <-> P: 0.176899
rate F <-> S: 0.957336
rate F <-> T: 0.124870
rate F <-> W: 0.551509
rate F <-> Y: 5.577523
rate F <-> V: 0.645161
rate P <-> S: 2.965661
rate P <-> T: 1.227888
rate P <-> W: 0.062435
rate P <-> Y: 0.104058
rate P <-> V: 0.239334
rate S <-> T: 4.963580
rate S <-> W: 0.364204
rate S <-> Y: 0.655567
rate S <-> V: 0.395421
rate T <-> W: 0.124870
rate T <-> Y: 0.218522
rate T <-> V: 1.165453
rate W <-> Y: 0.738814
rate W <-> V: 0.260146
rate Y <-> V: 0.166493

freq pi(A): 0.076748
freq pi(R): 0.051691
freq pi(N): 0.042645
freq pi(D): 0.051544
freq pi(C): 0.019803
freq pi(Q): 0.040752
freq pi(E): 0.061830
freq pi(G): 0.073152
freq pi(H): 0.022944
freq pi(I): 0.053761
freq pi(L): 0.091904
freq pi(K): 0.058676
freq pi(M): 0.023826
freq pi(F): 0.040126
freq pi(P): 0.050901
freq pi(S): 0.068765
freq pi(T): 0.058565
freq pi(W): 0.014261
freq pi(Y): 0.032102
freq pi(V): 0.066004


ML search took 1387.336468 secs or 0.385371 hours

Combined Bootstrap and ML search took 2395.596945 secs or 0.665444 hours

Drawing Bootstrap Support Values on best-scoring ML tree ...



Found 1 tree in File /Users/prigozhin/Dropbox/NLRomes/Soy_NLRome/RAxML_tree_pbNB-ARC/Initial_Clades/RAxML_bestTree.Int11293_117.Raxml.out



Found 1 tree in File /Users/prigozhin/Dropbox/NLRomes/Soy_NLRome/RAxML_tree_pbNB-ARC/Initial_Clades/RAxML_bestTree.Int11293_117.Raxml.out

Program execution info written to /Users/prigozhin/Dropbox/NLRomes/Soy_NLRome/RAxML_tree_pbNB-ARC/Initial_Clades/RAxML_info.Int11293_117.Raxml.out
All 100 bootstrapped trees written to: /Users/prigozhin/Dropbox/NLRomes/Soy_NLRome/RAxML_tree_pbNB-ARC/Initial_Clades/RAxML_bootstrap.Int11293_117.Raxml.out

Best-scoring ML tree written to: /Users/prigozhin/Dropbox/NLRomes/Soy_NLRome/RAxML_tree_pbNB-ARC/Initial_Clades/RAxML_bestTree.Int11293_117.Raxml.out

Best-scoring ML tree with support values written to: /Users/prigozhin/Dropbox/NLRomes/Soy_NLRome/RAxML_tree_pbNB-ARC/Initial_Clades/RAxML_bipartitions.Int11293_117.Raxml.out

Best-scoring ML tree with support values as branch labels written to: /Users/prigozhin/Dropbox/NLRomes/Soy_NLRome/RAxML_tree_pbNB-ARC/Initial_Clades/RAxML_bipartitionsBranchLabels.Int11293_117.Raxml.out

Overall execution time for full ML analysis: 2395.624177 secs or 0.665451 hours or 0.027727 days

