

IMPORTANT WARNING: Sequences GWHPACEP008960 and GWHPACEJ009889 are exactly identical


IMPORTANT WARNING: Sequences GWHPACEP008960 and GWHPACEO009563 are exactly identical


IMPORTANT WARNING: Sequences GWHPACEP008960 and GWHPACEG009503 are exactly identical


IMPORTANT WARNING: Sequences GWHPACEP008960 and GLYMA_03G075200_1 are exactly identical


IMPORTANT WARNING: Sequences GWHPACEP008960 and GWHPACEE009470 are exactly identical


IMPORTANT WARNING: Sequences GWHPACEP008960 and GWHPACES009613 are exactly identical


IMPORTANT WARNING: Sequences GWHPACEP008960 and GWHPACEB008902 are exactly identical


IMPORTANT WARNING: Sequences GWHPACEP008960 and GWHPACEX009181 are exactly identical


IMPORTANT WARNING: Sequences GWHPACEP008960 and GWHPACET009617 are exactly identical


IMPORTANT WARNING: Sequences GWHPACEP008960 and GWHPACEQ009145 are exactly identical


IMPORTANT WARNING: Sequences GWHPACEV009014 and GWHPACED009039 are exactly identical


IMPORTANT WARNING: Sequences GWHPACEV009014 and GWHPACEI009827 are exactly identical


IMPORTANT WARNING: Sequences GWHPACEV009014 and GWHPACEN009304 are exactly identical


IMPORTANT WARNING: Sequences GWHPACEV009014 and GWHPACEW009536 are exactly identical

IMPORTANT WARNING
Found 14 sequences that are exactly identical to other sequences in the alignment.
Normally they should be excluded from the analysis.

Just in case you might need it, an alignment file with 
sequence duplicates removed is printed to file ../../RAxML_tree_pbNB-ARC/Initial_Clades/Int13722_21.afa.reduced


This is RAxML version 8.2.12 released by Alexandros Stamatakis on May 2018.

With greatly appreciated code contributions by:
Andre Aberer      (HITS)
Simon Berger      (HITS)
Alexey Kozlov     (HITS)
Kassian Kobert    (HITS)
David Dao         (KIT and HITS)
Sarah Lutteropp   (KIT and HITS)
Nick Pattengale   (Sandia)
Wayne Pfeiffer    (SDSC)
Akifumi S. Tanabe (NRIFS)
Charlie Taylor    (UF)


Alignment has 233 distinct alignment patterns

Proportion of gaps and completely undetermined characters in this alignment: 4.53%

RAxML rapid bootstrapping and subsequent ML search

Using 1 distinct models/data partitions with joint branch length optimization



Executing 100 rapid bootstrap inferences and thereafter a thorough ML search 

All free model parameters will be estimated by RAxML
ML estimate of 25 per site rate categories

Likelihood of final tree will be evaluated and optimized under GAMMA

GAMMA Model parameters will be estimated up to an accuracy of 0.1000000000 Log Likelihood units

Partition: 0
Alignment Patterns: 233
Name: No Name Provided
DataType: AA
Substitution Matrix: JTT
Using fixed base frequencies




RAxML was called as follows:

/Users/prigozhin/Installers/standard-RAxML/raxmlHPC-PTHREADS-AVX -T 2 -n Int13722_21.Raxml.out -f a -x 12345 -p 12345 -# 100 -m PROTCATJTT -s ../../RAxML_tree_pbNB-ARC/Initial_Clades/Int13722_21.afa 



Time for BS model parameter optimization 0.530318
Bootstrap[0]: Time 0.894500 seconds, bootstrap likelihood -4560.826414, best rearrangement setting 13
Bootstrap[1]: Time 0.369004 seconds, bootstrap likelihood -4630.724816, best rearrangement setting 13
Bootstrap[2]: Time 0.351686 seconds, bootstrap likelihood -4613.541146, best rearrangement setting 12
Bootstrap[3]: Time 0.399157 seconds, bootstrap likelihood -4711.092195, best rearrangement setting 15
Bootstrap[4]: Time 0.565261 seconds, bootstrap likelihood -4589.542059, best rearrangement setting 10
Bootstrap[5]: Time 0.315133 seconds, bootstrap likelihood -4661.581690, best rearrangement setting 10
Bootstrap[6]: Time 0.244295 seconds, bootstrap likelihood -4563.544810, best rearrangement setting 6
Bootstrap[7]: Time 0.401677 seconds, bootstrap likelihood -4669.570434, best rearrangement setting 14
Bootstrap[8]: Time 0.200586 seconds, bootstrap likelihood -4637.176043, best rearrangement setting 5
Bootstrap[9]: Time 0.244065 seconds, bootstrap likelihood -4526.070109, best rearrangement setting 7
Bootstrap[10]: Time 0.244859 seconds, bootstrap likelihood -4591.129150, best rearrangement setting 7
Bootstrap[11]: Time 0.210149 seconds, bootstrap likelihood -4720.312175, best rearrangement setting 5
Bootstrap[12]: Time 0.271975 seconds, bootstrap likelihood -4626.235745, best rearrangement setting 8
Bootstrap[13]: Time 0.249046 seconds, bootstrap likelihood -4623.407616, best rearrangement setting 7
Bootstrap[14]: Time 0.382404 seconds, bootstrap likelihood -4578.851551, best rearrangement setting 12
Bootstrap[15]: Time 0.415882 seconds, bootstrap likelihood -4700.954418, best rearrangement setting 15
Bootstrap[16]: Time 0.340302 seconds, bootstrap likelihood -4593.556617, best rearrangement setting 12
Bootstrap[17]: Time 0.356752 seconds, bootstrap likelihood -4630.955967, best rearrangement setting 12
Bootstrap[18]: Time 0.201996 seconds, bootstrap likelihood -4619.307101, best rearrangement setting 5
Bootstrap[19]: Time 0.301555 seconds, bootstrap likelihood -4638.013136, best rearrangement setting 8
Bootstrap[20]: Time 0.336182 seconds, bootstrap likelihood -4602.839732, best rearrangement setting 10
Bootstrap[21]: Time 0.255691 seconds, bootstrap likelihood -4595.305892, best rearrangement setting 6
Bootstrap[22]: Time 0.230546 seconds, bootstrap likelihood -4668.481973, best rearrangement setting 5
Bootstrap[23]: Time 0.271882 seconds, bootstrap likelihood -4616.415011, best rearrangement setting 7
Bootstrap[24]: Time 0.298937 seconds, bootstrap likelihood -4599.375022, best rearrangement setting 8
Bootstrap[25]: Time 0.244573 seconds, bootstrap likelihood -4642.578728, best rearrangement setting 6
Bootstrap[26]: Time 0.341241 seconds, bootstrap likelihood -4571.282715, best rearrangement setting 12
Bootstrap[27]: Time 0.310773 seconds, bootstrap likelihood -4644.193320, best rearrangement setting 10
Bootstrap[28]: Time 0.390332 seconds, bootstrap likelihood -4461.824645, best rearrangement setting 11
Bootstrap[29]: Time 0.411355 seconds, bootstrap likelihood -4619.000213, best rearrangement setting 12
Bootstrap[30]: Time 0.377847 seconds, bootstrap likelihood -4590.357931, best rearrangement setting 15
Bootstrap[31]: Time 0.346187 seconds, bootstrap likelihood -4596.161922, best rearrangement setting 15
Bootstrap[32]: Time 0.234104 seconds, bootstrap likelihood -4528.323656, best rearrangement setting 6
Bootstrap[33]: Time 0.374884 seconds, bootstrap likelihood -4614.371425, best rearrangement setting 15
Bootstrap[34]: Time 0.370486 seconds, bootstrap likelihood -4644.723155, best rearrangement setting 11
Bootstrap[35]: Time 0.278859 seconds, bootstrap likelihood -4642.306470, best rearrangement setting 8
Bootstrap[36]: Time 0.328526 seconds, bootstrap likelihood -4529.407477, best rearrangement setting 9
Bootstrap[37]: Time 0.365589 seconds, bootstrap likelihood -4620.678554, best rearrangement setting 11
Bootstrap[38]: Time 0.276450 seconds, bootstrap likelihood -4480.705094, best rearrangement setting 8
Bootstrap[39]: Time 0.432641 seconds, bootstrap likelihood -4582.315890, best rearrangement setting 13
Bootstrap[40]: Time 0.382458 seconds, bootstrap likelihood -4560.587409, best rearrangement setting 13
Bootstrap[41]: Time 0.328374 seconds, bootstrap likelihood -4652.250440, best rearrangement setting 10
Bootstrap[42]: Time 0.216334 seconds, bootstrap likelihood -4609.549372, best rearrangement setting 5
Bootstrap[43]: Time 0.365633 seconds, bootstrap likelihood -4646.955154, best rearrangement setting 14
Bootstrap[44]: Time 0.320120 seconds, bootstrap likelihood -4624.385414, best rearrangement setting 10
Bootstrap[45]: Time 0.463054 seconds, bootstrap likelihood -4642.499501, best rearrangement setting 15
Bootstrap[46]: Time 0.377710 seconds, bootstrap likelihood -4636.063164, best rearrangement setting 14
Bootstrap[47]: Time 0.288240 seconds, bootstrap likelihood -4567.291097, best rearrangement setting 8
Bootstrap[48]: Time 0.269307 seconds, bootstrap likelihood -4570.412470, best rearrangement setting 6
Bootstrap[49]: Time 0.277438 seconds, bootstrap likelihood -4729.106860, best rearrangement setting 7
Bootstrap[50]: Time 0.275144 seconds, bootstrap likelihood -4557.271974, best rearrangement setting 7
Bootstrap[51]: Time 0.338648 seconds, bootstrap likelihood -4703.899144, best rearrangement setting 11
Bootstrap[52]: Time 0.393848 seconds, bootstrap likelihood -4670.118312, best rearrangement setting 12
Bootstrap[53]: Time 0.292296 seconds, bootstrap likelihood -4654.810280, best rearrangement setting 8
Bootstrap[54]: Time 0.340106 seconds, bootstrap likelihood -4748.074052, best rearrangement setting 9
Bootstrap[55]: Time 0.369173 seconds, bootstrap likelihood -4585.980043, best rearrangement setting 11
Bootstrap[56]: Time 0.249121 seconds, bootstrap likelihood -4687.333707, best rearrangement setting 5
Bootstrap[57]: Time 0.305354 seconds, bootstrap likelihood -4612.493866, best rearrangement setting 7
Bootstrap[58]: Time 0.345320 seconds, bootstrap likelihood -4713.774419, best rearrangement setting 10
Bootstrap[59]: Time 0.400954 seconds, bootstrap likelihood -4632.878166, best rearrangement setting 9
Bootstrap[60]: Time 0.281230 seconds, bootstrap likelihood -4637.349994, best rearrangement setting 7
Bootstrap[61]: Time 0.221270 seconds, bootstrap likelihood -4570.091917, best rearrangement setting 5
Bootstrap[62]: Time 0.339510 seconds, bootstrap likelihood -4618.773291, best rearrangement setting 11
Bootstrap[63]: Time 0.363341 seconds, bootstrap likelihood -4646.396595, best rearrangement setting 12
Bootstrap[64]: Time 0.295284 seconds, bootstrap likelihood -4698.272108, best rearrangement setting 7
Bootstrap[65]: Time 0.211212 seconds, bootstrap likelihood -4739.571540, best rearrangement setting 5
Bootstrap[66]: Time 0.248772 seconds, bootstrap likelihood -4551.055179, best rearrangement setting 5
Bootstrap[67]: Time 0.407903 seconds, bootstrap likelihood -4561.610293, best rearrangement setting 15
Bootstrap[68]: Time 0.373229 seconds, bootstrap likelihood -4623.219539, best rearrangement setting 11
Bootstrap[69]: Time 0.218156 seconds, bootstrap likelihood -4581.606821, best rearrangement setting 5
Bootstrap[70]: Time 0.266279 seconds, bootstrap likelihood -4586.405250, best rearrangement setting 8
Bootstrap[71]: Time 0.317497 seconds, bootstrap likelihood -4557.630578, best rearrangement setting 10
Bootstrap[72]: Time 0.320195 seconds, bootstrap likelihood -4690.302827, best rearrangement setting 11
Bootstrap[73]: Time 0.288135 seconds, bootstrap likelihood -4604.326958, best rearrangement setting 9
Bootstrap[74]: Time 0.201355 seconds, bootstrap likelihood -4601.526194, best rearrangement setting 5
Bootstrap[75]: Time 0.272461 seconds, bootstrap likelihood -4577.535748, best rearrangement setting 8
Bootstrap[76]: Time 0.284828 seconds, bootstrap likelihood -4570.942717, best rearrangement setting 9
Bootstrap[77]: Time 0.330864 seconds, bootstrap likelihood -4581.181239, best rearrangement setting 11
Bootstrap[78]: Time 0.384605 seconds, bootstrap likelihood -4484.004462, best rearrangement setting 15
Bootstrap[79]: Time 0.291341 seconds, bootstrap likelihood -4591.671624, best rearrangement setting 9
Bootstrap[80]: Time 0.346970 seconds, bootstrap likelihood -4631.741008, best rearrangement setting 15
Bootstrap[81]: Time 0.258828 seconds, bootstrap likelihood -4648.138442, best rearrangement setting 7
Bootstrap[82]: Time 0.248742 seconds, bootstrap likelihood -4566.954214, best rearrangement setting 6
Bootstrap[83]: Time 0.321016 seconds, bootstrap likelihood -4728.553421, best rearrangement setting 10
Bootstrap[84]: Time 0.464778 seconds, bootstrap likelihood -4605.471169, best rearrangement setting 11
Bootstrap[85]: Time 0.285806 seconds, bootstrap likelihood -4592.912322, best rearrangement setting 8
Bootstrap[86]: Time 0.252652 seconds, bootstrap likelihood -4717.879956, best rearrangement setting 7
Bootstrap[87]: Time 0.258524 seconds, bootstrap likelihood -4535.624724, best rearrangement setting 7
Bootstrap[88]: Time 0.346893 seconds, bootstrap likelihood -4754.495260, best rearrangement setting 12
Bootstrap[89]: Time 0.326588 seconds, bootstrap likelihood -4519.041733, best rearrangement setting 10
Bootstrap[90]: Time 0.294768 seconds, bootstrap likelihood -4626.398761, best rearrangement setting 8
Bootstrap[91]: Time 0.436268 seconds, bootstrap likelihood -4540.104333, best rearrangement setting 12
Bootstrap[92]: Time 0.380864 seconds, bootstrap likelihood -4644.591613, best rearrangement setting 13
Bootstrap[93]: Time 0.360386 seconds, bootstrap likelihood -4613.786705, best rearrangement setting 15
Bootstrap[94]: Time 0.196417 seconds, bootstrap likelihood -4612.446572, best rearrangement setting 5
Bootstrap[95]: Time 0.207094 seconds, bootstrap likelihood -4506.548072, best rearrangement setting 5
Bootstrap[96]: Time 0.418798 seconds, bootstrap likelihood -4606.207624, best rearrangement setting 13
Bootstrap[97]: Time 0.345649 seconds, bootstrap likelihood -4599.806686, best rearrangement setting 11
Bootstrap[98]: Time 0.278131 seconds, bootstrap likelihood -4542.909974, best rearrangement setting 6
Bootstrap[99]: Time 0.430167 seconds, bootstrap likelihood -4706.507870, best rearrangement setting 14


Overall Time for 100 Rapid Bootstraps 32.451445 seconds
Average Time per Rapid Bootstrap 0.324514 seconds

Starting ML Search ...

Fast ML optimization finished

Fast ML search Time: 16.297382 seconds

Slow ML Search 0 Likelihood: -5061.444935
Slow ML Search 1 Likelihood: -5061.444935
Slow ML Search 2 Likelihood: -5061.444935
Slow ML Search 3 Likelihood: -5061.444935
Slow ML Search 4 Likelihood: -5061.444935
Slow ML Search 5 Likelihood: -5061.444935
Slow ML Search 6 Likelihood: -5061.444935
Slow ML Search 7 Likelihood: -5061.444935
Slow ML Search 8 Likelihood: -5061.446013
Slow ML Search 9 Likelihood: -5061.446013
Slow ML optimization finished

Slow ML search Time: 6.889027 seconds
Thorough ML search Time: 0.793212 seconds

Final ML Optimization Likelihood: -5061.444935

Model Information:

Model Parameters of Partition 0, Name: No Name Provided, Type of Data: AA
alpha: 0.833046
Tree-Length: 0.180079
rate A <-> R: 0.603538
rate A <-> N: 0.561915
rate A <-> D: 0.842872
rate A <-> C: 0.582726
rate A <-> Q: 0.593132
rate A <-> E: 1.092612
rate A <-> G: 1.862643
rate A <-> H: 0.280957
rate A <-> I: 0.374610
rate A <-> L: 0.312175
rate A <-> K: 0.364204
rate A <-> M: 0.561915
rate A <-> F: 0.156087
rate A <-> P: 2.018730
rate A <-> S: 3.933403
rate A <-> T: 4.942768
rate A <-> W: 0.093652
rate A <-> Y: 0.114464
rate A <-> V: 3.100937
rate R <-> N: 0.468262
rate R <-> D: 0.166493
rate R <-> C: 1.175858
rate R <-> Q: 3.225806
rate R <-> E: 0.301769
rate R <-> G: 1.425598
rate R <-> H: 3.413111
rate R <-> I: 0.228928
rate R <-> L: 0.395421
rate R <-> K: 6.722164
rate R <-> M: 0.457856
rate R <-> F: 0.052029
rate R <-> P: 0.770031
rate R <-> S: 1.050989
rate R <-> T: 0.665973
rate R <-> W: 1.311134
rate R <-> Y: 0.208117
rate R <-> V: 0.176899
rate N <-> D: 5.494277
rate N <-> C: 0.353798
rate N <-> Q: 0.894901
rate N <-> E: 0.603538
rate N <-> G: 0.842872
rate N <-> H: 4.068678
rate N <-> I: 0.489074
rate N <-> L: 0.124870
rate N <-> K: 2.736733
rate N <-> M: 0.312175
rate N <-> F: 0.104058
rate N <-> P: 0.156087
rate N <-> S: 5.234131
rate N <-> T: 2.414152
rate N <-> W: 0.083247
rate N <-> Y: 0.728408
rate N <-> V: 0.166493
rate D <-> C: 0.104058
rate D <-> Q: 0.509886
rate D <-> E: 7.981270
rate D <-> G: 1.352758
rate D <-> H: 1.165453
rate D <-> I: 0.114464
rate D <-> L: 0.072841
rate D <-> K: 0.270552
rate D <-> M: 0.156087
rate D <-> F: 0.041623
rate D <-> P: 0.156087
rate D <-> S: 0.613944
rate D <-> T: 0.395421
rate D <-> W: 0.041623
rate D <-> Y: 0.478668
rate D <-> V: 0.322581
rate C <-> Q: 0.093652
rate C <-> E: 0.052029
rate C <-> G: 0.613944
rate C <-> H: 0.718002
rate C <-> I: 0.176899
rate C <-> L: 0.239334
rate C <-> K: 0.072841
rate C <-> M: 0.322581
rate C <-> F: 0.811655
rate C <-> P: 0.145682
rate C <-> S: 2.320499
rate C <-> T: 0.437045
rate C <-> W: 1.196670
rate C <-> Y: 2.174818
rate C <-> V: 0.645161
rate Q <-> E: 3.361082
rate Q <-> G: 0.270552
rate Q <-> H: 6.212279
rate Q <-> I: 0.093652
rate Q <-> L: 0.749220
rate Q <-> K: 3.038502
rate Q <-> M: 0.447451
rate Q <-> F: 0.041623
rate Q <-> P: 1.706556
rate Q <-> S: 0.551509
rate Q <-> T: 0.530697
rate Q <-> W: 0.187305
rate Q <-> Y: 0.249740
rate Q <-> V: 0.208117
rate E <-> G: 1.238293
rate E <-> H: 0.270552
rate E <-> I: 0.124870
rate E <-> L: 0.093652
rate E <-> K: 1.883455
rate E <-> M: 0.187305
rate E <-> F: 0.052029
rate E <-> P: 0.187305
rate E <-> S: 0.312175
rate E <-> T: 0.332986
rate E <-> W: 0.104058
rate E <-> Y: 0.072841
rate E <-> V: 0.468262
rate G <-> H: 0.239334
rate G <-> I: 0.062435
rate G <-> L: 0.062435
rate G <-> K: 0.280957
rate G <-> M: 0.145682
rate G <-> F: 0.052029
rate G <-> P: 0.249740
rate G <-> S: 2.091571
rate G <-> T: 0.343392
rate G <-> W: 0.572320
rate G <-> Y: 0.083247
rate G <-> V: 0.489074
rate H <-> I: 0.166493
rate H <-> L: 0.582726
rate H <-> K: 0.468262
rate H <-> M: 0.343392
rate H <-> F: 0.416233
rate H <-> P: 1.196670
rate H <-> S: 0.759625
rate H <-> T: 0.478668
rate H <-> W: 0.083247
rate H <-> Y: 5.962539
rate H <-> V: 0.114464
rate I <-> L: 2.382934
rate I <-> K: 0.218522
rate I <-> M: 4.984391
rate I <-> F: 0.926119
rate I <-> P: 0.104058
rate I <-> S: 0.416233
rate I <-> T: 2.549428
rate I <-> W: 0.093652
rate I <-> Y: 0.332986
rate I <-> V: 10.000000
rate L <-> K: 0.145682
rate L <-> M: 4.037461
rate L <-> F: 2.580645
rate L <-> P: 1.061394
rate L <-> S: 0.613944
rate L <-> T: 0.260146
rate L <-> W: 0.541103
rate L <-> Y: 0.249740
rate L <-> V: 1.873049
rate K <-> M: 0.676379
rate K <-> F: 0.041623
rate K <-> P: 0.218522
rate K <-> S: 0.489074
rate K <-> T: 1.071800
rate K <-> W: 0.104058
rate K <-> Y: 0.083247
rate K <-> V: 0.145682
rate M <-> F: 0.447451
rate M <-> P: 0.166493
rate M <-> S: 0.301769
rate M <-> T: 2.351717
rate M <-> W: 0.249740
rate M <-> Y: 0.187305
rate M <-> V: 3.361082
rate F <-> P: 0.176899
rate F <-> S: 0.957336
rate F <-> T: 0.124870
rate F <-> W: 0.551509
rate F <-> Y: 5.577523
rate F <-> V: 0.645161
rate P <-> S: 2.965661
rate P <-> T: 1.227888
rate P <-> W: 0.062435
rate P <-> Y: 0.104058
rate P <-> V: 0.239334
rate S <-> T: 4.963580
rate S <-> W: 0.364204
rate S <-> Y: 0.655567
rate S <-> V: 0.395421
rate T <-> W: 0.124870
rate T <-> Y: 0.218522
rate T <-> V: 1.165453
rate W <-> Y: 0.738814
rate W <-> V: 0.260146
rate Y <-> V: 0.166493

freq pi(A): 0.076748
freq pi(R): 0.051691
freq pi(N): 0.042645
freq pi(D): 0.051544
freq pi(C): 0.019803
freq pi(Q): 0.040752
freq pi(E): 0.061830
freq pi(G): 0.073152
freq pi(H): 0.022944
freq pi(I): 0.053761
freq pi(L): 0.091904
freq pi(K): 0.058676
freq pi(M): 0.023826
freq pi(F): 0.040126
freq pi(P): 0.050901
freq pi(S): 0.068765
freq pi(T): 0.058565
freq pi(W): 0.014261
freq pi(Y): 0.032102
freq pi(V): 0.066004


ML search took 24.031628 secs or 0.006675 hours

Combined Bootstrap and ML search took 56.483282 secs or 0.015690 hours

Drawing Bootstrap Support Values on best-scoring ML tree ...



Found 1 tree in File /Users/prigozhin/Dropbox/NLRomes/Soy_NLRome/RAxML_tree_pbNB-ARC/Initial_Clades/RAxML_bestTree.Int13722_21.Raxml.out



Found 1 tree in File /Users/prigozhin/Dropbox/NLRomes/Soy_NLRome/RAxML_tree_pbNB-ARC/Initial_Clades/RAxML_bestTree.Int13722_21.Raxml.out

Program execution info written to /Users/prigozhin/Dropbox/NLRomes/Soy_NLRome/RAxML_tree_pbNB-ARC/Initial_Clades/RAxML_info.Int13722_21.Raxml.out
All 100 bootstrapped trees written to: /Users/prigozhin/Dropbox/NLRomes/Soy_NLRome/RAxML_tree_pbNB-ARC/Initial_Clades/RAxML_bootstrap.Int13722_21.Raxml.out

Best-scoring ML tree written to: /Users/prigozhin/Dropbox/NLRomes/Soy_NLRome/RAxML_tree_pbNB-ARC/Initial_Clades/RAxML_bestTree.Int13722_21.Raxml.out

Best-scoring ML tree with support values written to: /Users/prigozhin/Dropbox/NLRomes/Soy_NLRome/RAxML_tree_pbNB-ARC/Initial_Clades/RAxML_bipartitions.Int13722_21.Raxml.out

Best-scoring ML tree with support values as branch labels written to: /Users/prigozhin/Dropbox/NLRomes/Soy_NLRome/RAxML_tree_pbNB-ARC/Initial_Clades/RAxML_bipartitionsBranchLabels.Int13722_21.Raxml.out

Overall execution time for full ML analysis: 56.488212 secs or 0.015691 hours or 0.000654 days

