

IMPORTANT WARNING: Sequences GWHPACEI053813 and GWHPACEA052663 are exactly identical


IMPORTANT WARNING: Sequences GWHPACEI053813 and GWHPACES052044 are exactly identical


IMPORTANT WARNING: Sequences GWHPACEI053813 and GWHPACEC049258 are exactly identical


IMPORTANT WARNING: Sequences GWHPACEI053813 and GWHPACEL049819 are exactly identical


IMPORTANT WARNING: Sequences GWHPACEI053813 and GWHPACEV047615 are exactly identical


IMPORTANT WARNING: Sequences GWHPACEI053813 and GWHPACEN051304 are exactly identical


IMPORTANT WARNING: Sequences GWHPACEI053813 and GWHPACER047844 are exactly identical


IMPORTANT WARNING: Sequences GWHPACEI053813 and GWHPACET052649 are exactly identical


IMPORTANT WARNING: Sequences GWHPACEI053813 and GWHPACEB048082 are exactly identical


IMPORTANT WARNING: Sequences GWHPACEI053813 and GWHPACED049681 are exactly identical


IMPORTANT WARNING: Sequences GWHPACEI053813 and GWHPACEF049200 are exactly identical


IMPORTANT WARNING: Sequences GWHPACEI053813 and GWHPACDZ053515 are exactly identical


IMPORTANT WARNING: Sequences GWHPACEI053813 and GWHPACEU052307 are exactly identical


IMPORTANT WARNING: Sequences GWHPACEI053813 and GLYMA_13G071900_1 are exactly identical


IMPORTANT WARNING: Sequences GWHPACEI053813 and GWHPACEO052425 are exactly identical


IMPORTANT WARNING: Sequences GWHPACEI053813 and GWHPACEQ048863 are exactly identical


IMPORTANT WARNING: Sequences GWHPACEI053813 and GWHPACDY053462 are exactly identical


IMPORTANT WARNING: Sequences GWHPACEQ075379 and GWHPACED076936 are exactly identical


IMPORTANT WARNING: Sequences GWHPACEQ075379 and GWHPACEW080411 are exactly identical


IMPORTANT WARNING: Sequences GWHPACEQ075379 and GLYMA_ZH13_20G042200_1_P are exactly identical


IMPORTANT WARNING: Sequences GWHPACEQ075379 and GWHPACEE080404 are exactly identical


IMPORTANT WARNING: Sequences GWHPACEQ075379 and GWHPACEJ082801 are exactly identical


IMPORTANT WARNING: Sequences GWHPACEQ075379 and GWHPACEU081185 are exactly identical


IMPORTANT WARNING: Sequences GWHPACEQ075379 and GWHPACET081638 are exactly identical


IMPORTANT WARNING: Sequences GWHPACEQ075379 and GWHPACEG079594 are exactly identical


IMPORTANT WARNING: Sequences GWHPACEQ075379 and GWHPACEI083473 are exactly identical


IMPORTANT WARNING: Sequences GWHPACEQ075379 and GWHPACEM080523 are exactly identical


IMPORTANT WARNING: Sequences GWHPACEQ075379 and GWHPACEF076586 are exactly identical


IMPORTANT WARNING: Sequences GWHPACEQ075379 and GWHPACEB073209 are exactly identical


IMPORTANT WARNING: Sequences GWHPACEQ075379 and GWHPACEA080960 are exactly identical


IMPORTANT WARNING: Sequences GWHPACEQ075379 and GWHPACES080737 are exactly identical


IMPORTANT WARNING: Sequences GWHPACEQ075379 and GWHPACEN079726 are exactly identical


IMPORTANT WARNING: Sequences GWHPACEQ075379 and GWHPACEP075885 are exactly identical


IMPORTANT WARNING: Sequences GWHPACEQ075379 and GLYMA_20G046200_1 are exactly identical


IMPORTANT WARNING: Sequences GWHPACEQ075379 and GWHPACEC075691 are exactly identical


IMPORTANT WARNING: Sequences GWHPACEQ075379 and GWHPACEH080789 are exactly identical


IMPORTANT WARNING: Sequences GWHPACEQ075379 and GWHPACEL076746 are exactly identical


IMPORTANT WARNING: Sequences GWHPACEP075953 and GWHPACEU081262 are exactly identical


IMPORTANT WARNING: Sequences GWHPACEP075953 and GWHPACEF076660 are exactly identical


IMPORTANT WARNING: Sequences GWHPACEP075953 and GWHPACEG079662 are exactly identical


IMPORTANT WARNING: Sequences GWHPACEP075953 and GWHPACEM080598 are exactly identical


IMPORTANT WARNING: Sequences GWHPACEP075953 and GWHPACES080801 are exactly identical


IMPORTANT WARNING: Sequences GWHPACEP075953 and GWHPACDZ079041 are exactly identical


IMPORTANT WARNING: Sequences GWHPACEP075953 and GWHPACEK072412 are exactly identical


IMPORTANT WARNING: Sequences GWHPACEP075953 and GWHPACEL076814 are exactly identical


IMPORTANT WARNING: Sequences GWHPACEP075953 and GLYMA_ZH13_20G045700_1_P are exactly identical


IMPORTANT WARNING: Sequences GWHPACEP075953 and GWHPACEQ075449 are exactly identical


IMPORTANT WARNING: Sequences GWHPACEP075953 and GWHPACEX075587 are exactly identical


IMPORTANT WARNING: Sequences GWHPACEP075953 and GWHPACEN079796 are exactly identical


IMPORTANT WARNING: Sequences GWHPACEP075953 and GWHPACEH080859 are exactly identical


IMPORTANT WARNING: Sequences GWHPACEP075953 and GWHPACEI083537 are exactly identical


IMPORTANT WARNING: Sequences GWHPACEP075953 and GWHPACED076995 are exactly identical


IMPORTANT WARNING: Sequences GWHPACEP075953 and GLYMA_20G050700_1 are exactly identical


IMPORTANT WARNING: Sequences GWHPACEP075953 and GWHPACEJ082873 are exactly identical


IMPORTANT WARNING: Sequences GWHPACEP075953 and GWHPACEB073276 are exactly identical


IMPORTANT WARNING: Sequences GWHPACEP075953 and GWHPACET081708 are exactly identical


IMPORTANT WARNING: Sequences GWHPACEL076745 and GWHPACEJ082800 are exactly identical


IMPORTANT WARNING: Sequences GWHPACEL076745 and GWHPACEM080522 are exactly identical


IMPORTANT WARNING: Sequences GWHPACEL076745 and GWHPACEQ075378 are exactly identical


IMPORTANT WARNING: Sequences GWHPACEL076745 and GWHPACEO081564 are exactly identical


IMPORTANT WARNING: Sequences GWHPACEL076745 and GWHPACEA080959 are exactly identical


IMPORTANT WARNING: Sequences GWHPACEL076745 and GWHPACEW080410 are exactly identical


IMPORTANT WARNING: Sequences GWHPACEL076745 and GWHPACEX075523 are exactly identical


IMPORTANT WARNING: Sequences GWHPACEL076745 and GWHPACET081637 are exactly identical


IMPORTANT WARNING: Sequences GWHPACEL076745 and GWHPACEE080403 are exactly identical


IMPORTANT WARNING: Sequences GWHPACEL076745 and GWHPACEG079593 are exactly identical


IMPORTANT WARNING: Sequences GWHPACEL076745 and GLYMA_20G046100_1 are exactly identical


IMPORTANT WARNING: Sequences GWHPACEL076745 and GWHPACES080736 are exactly identical


IMPORTANT WARNING: Sequences GWHPACEL076745 and GWHPACEK072340 are exactly identical


IMPORTANT WARNING: Sequences GWHPACEL076745 and GWHPACED076935 are exactly identical


IMPORTANT WARNING: Sequences GWHPACEL076745 and GWHPACEB073208 are exactly identical


IMPORTANT WARNING: Sequences GWHPACEL076745 and GLYMA_ZH13_20G042100_1_P are exactly identical


IMPORTANT WARNING: Sequences GWHPACEL076745 and GWHPACEU081184 are exactly identical


IMPORTANT WARNING: Sequences GWHPACEL076745 and GWHPACEH080788 are exactly identical


IMPORTANT WARNING: Sequences GWHPACEL076745 and GWHPACEP075884 are exactly identical


IMPORTANT WARNING: Sequences GWHPACEL076745 and GWHPACEI083472 are exactly identical


IMPORTANT WARNING: Sequences GWHPACEJ038808 and GWHPACEM037706 are exactly identical


IMPORTANT WARNING: Sequences GWHPACEJ038808 and GWHPACEV034316 are exactly identical


IMPORTANT WARNING: Sequences GWHPACEJ038808 and GWHPACEO037736 are exactly identical


IMPORTANT WARNING: Sequences GWHPACEJ038808 and GWHPACER034538 are exactly identical


IMPORTANT WARNING: Sequences GWHPACEJ038808 and GWHPACEH037764 are exactly identical


IMPORTANT WARNING: Sequences GWHPACEJ038808 and GWHPACEK034122 are exactly identical


IMPORTANT WARNING: Sequences GWHPACEJ038808 and GWHPACEL035966 are exactly identical


IMPORTANT WARNING: Sequences GWHPACEJ038808 and GWHPACEC035614 are exactly identical


IMPORTANT WARNING: Sequences GWHPACEJ038808 and GWHPACEW037605 are exactly identical


IMPORTANT WARNING: Sequences GWHPACEJ038808 and W05_GLYSO_09G024840_1_P are exactly identical


IMPORTANT WARNING: Sequences GWHPACEJ038808 and GWHPACEE037481 are exactly identical


IMPORTANT WARNING: Sequences GWHPACEO081632 and GWHPACEA081028 are exactly identical


IMPORTANT WARNING: Sequences GWHPACEO081632 and GWHPACEE080471 are exactly identical


IMPORTANT WARNING: Sequences GWHPACEO081632 and GWHPACEW080481 are exactly identical


IMPORTANT WARNING: Sequences GWHPACEJ053690 and GWHPACEN051306 are exactly identical


IMPORTANT WARNING: Sequences GWHPACEP048945 and GWHPACEE051899 are exactly identical


IMPORTANT WARNING: Sequences GWHPACEP048945 and GLYMA_ZH13_13G057400_1_P are exactly identical

IMPORTANT WARNING
Found 93 sequences that are exactly identical to other sequences in the alignment.
Normally they should be excluded from the analysis.

Just in case you might need it, an alignment file with 
sequence duplicates removed is printed to file ../../RAxML_tree_pbNB-ARC/Initial_Clades/Int7491_119.afa.reduced


This is RAxML version 8.2.12 released by Alexandros Stamatakis on May 2018.

With greatly appreciated code contributions by:
Andre Aberer      (HITS)
Simon Berger      (HITS)
Alexey Kozlov     (HITS)
Kassian Kobert    (HITS)
David Dao         (KIT and HITS)
Sarah Lutteropp   (KIT and HITS)
Nick Pattengale   (Sandia)
Wayne Pfeiffer    (SDSC)
Akifumi S. Tanabe (NRIFS)
Charlie Taylor    (UF)


Alignment has 911 distinct alignment patterns

Proportion of gaps and completely undetermined characters in this alignment: 21.09%

RAxML rapid bootstrapping and subsequent ML search

Using 1 distinct models/data partitions with joint branch length optimization



Executing 100 rapid bootstrap inferences and thereafter a thorough ML search 

All free model parameters will be estimated by RAxML
ML estimate of 25 per site rate categories

Likelihood of final tree will be evaluated and optimized under GAMMA

GAMMA Model parameters will be estimated up to an accuracy of 0.1000000000 Log Likelihood units

Partition: 0
Alignment Patterns: 911
Name: No Name Provided
DataType: AA
Substitution Matrix: JTT
Using fixed base frequencies




RAxML was called as follows:

/Users/prigozhin/Installers/standard-RAxML/raxmlHPC-PTHREADS-AVX -T 2 -n Int7491_119.Raxml.out -f a -x 12345 -p 12345 -# 100 -m PROTCATJTT -s ../../RAxML_tree_pbNB-ARC/Initial_Clades/Int7491_119.afa 



Time for BS model parameter optimization 4.525170
Bootstrap[0]: Time 15.442987 seconds, bootstrap likelihood -10527.257294, best rearrangement setting 13
Bootstrap[1]: Time 4.956881 seconds, bootstrap likelihood -10498.893882, best rearrangement setting 13
Bootstrap[2]: Time 10.212612 seconds, bootstrap likelihood -10324.644750, best rearrangement setting 12
Bootstrap[3]: Time 11.166710 seconds, bootstrap likelihood -10682.924768, best rearrangement setting 15
Bootstrap[4]: Time 4.546747 seconds, bootstrap likelihood -10016.583098, best rearrangement setting 10
Bootstrap[5]: Time 4.599565 seconds, bootstrap likelihood -10412.239294, best rearrangement setting 10
Bootstrap[6]: Time 3.288969 seconds, bootstrap likelihood -10396.303868, best rearrangement setting 6
Bootstrap[7]: Time 5.226513 seconds, bootstrap likelihood -10274.223587, best rearrangement setting 14
Bootstrap[8]: Time 2.948778 seconds, bootstrap likelihood -10534.982113, best rearrangement setting 5
Bootstrap[9]: Time 3.764524 seconds, bootstrap likelihood -10660.405524, best rearrangement setting 7
Bootstrap[10]: Time 3.426969 seconds, bootstrap likelihood -10467.376866, best rearrangement setting 7
Bootstrap[11]: Time 2.693673 seconds, bootstrap likelihood -10406.673889, best rearrangement setting 5
Bootstrap[12]: Time 7.705488 seconds, bootstrap likelihood -10402.089271, best rearrangement setting 8
Bootstrap[13]: Time 6.961100 seconds, bootstrap likelihood -10570.342594, best rearrangement setting 7
Bootstrap[14]: Time 10.163341 seconds, bootstrap likelihood -11053.378105, best rearrangement setting 12
Bootstrap[15]: Time 11.004757 seconds, bootstrap likelihood -10641.984275, best rearrangement setting 15
Bootstrap[16]: Time 10.462988 seconds, bootstrap likelihood -10269.737692, best rearrangement setting 12
Bootstrap[17]: Time 4.982007 seconds, bootstrap likelihood -10600.150028, best rearrangement setting 12
Bootstrap[18]: Time 5.855742 seconds, bootstrap likelihood -10720.318271, best rearrangement setting 5
Bootstrap[19]: Time 4.278719 seconds, bootstrap likelihood -10616.379205, best rearrangement setting 8
Bootstrap[20]: Time 8.665250 seconds, bootstrap likelihood -10207.720326, best rearrangement setting 10
Bootstrap[21]: Time 3.239700 seconds, bootstrap likelihood -10593.427178, best rearrangement setting 6
Bootstrap[22]: Time 5.926446 seconds, bootstrap likelihood -10342.644577, best rearrangement setting 5
Bootstrap[23]: Time 7.507406 seconds, bootstrap likelihood -10229.723398, best rearrangement setting 7
Bootstrap[24]: Time 8.378702 seconds, bootstrap likelihood -10743.845832, best rearrangement setting 8
Bootstrap[25]: Time 3.497965 seconds, bootstrap likelihood -10509.754887, best rearrangement setting 6
Bootstrap[26]: Time 5.045549 seconds, bootstrap likelihood -10508.920718, best rearrangement setting 12
Bootstrap[27]: Time 10.318058 seconds, bootstrap likelihood -10470.143690, best rearrangement setting 10
Bootstrap[28]: Time 10.624008 seconds, bootstrap likelihood -10736.935034, best rearrangement setting 11
Bootstrap[29]: Time 11.096053 seconds, bootstrap likelihood -10432.841300, best rearrangement setting 12
Bootstrap[30]: Time 12.574087 seconds, bootstrap likelihood -10344.924307, best rearrangement setting 15
Bootstrap[31]: Time 11.354789 seconds, bootstrap likelihood -10044.540296, best rearrangement setting 15
Bootstrap[32]: Time 7.117667 seconds, bootstrap likelihood -10468.403441, best rearrangement setting 6
Bootstrap[33]: Time 10.660422 seconds, bootstrap likelihood -10218.693355, best rearrangement setting 15
Bootstrap[34]: Time 4.932351 seconds, bootstrap likelihood -10680.705237, best rearrangement setting 11
Bootstrap[35]: Time 8.939392 seconds, bootstrap likelihood -10291.022548, best rearrangement setting 8
Bootstrap[36]: Time 4.289655 seconds, bootstrap likelihood -10554.684357, best rearrangement setting 9
Bootstrap[37]: Time 5.057849 seconds, bootstrap likelihood -10580.112286, best rearrangement setting 11
Bootstrap[38]: Time 8.716412 seconds, bootstrap likelihood -10627.804879, best rearrangement setting 8
Bootstrap[39]: Time 10.634709 seconds, bootstrap likelihood -10483.256047, best rearrangement setting 13
Bootstrap[40]: Time 9.927485 seconds, bootstrap likelihood -10618.097687, best rearrangement setting 13
Bootstrap[41]: Time 9.061383 seconds, bootstrap likelihood -10259.473434, best rearrangement setting 10
Bootstrap[42]: Time 6.216952 seconds, bootstrap likelihood -10766.711120, best rearrangement setting 5
Bootstrap[43]: Time 10.635879 seconds, bootstrap likelihood -10648.843487, best rearrangement setting 14
Bootstrap[44]: Time 9.898385 seconds, bootstrap likelihood -10541.013392, best rearrangement setting 10
Bootstrap[45]: Time 10.765839 seconds, bootstrap likelihood -10137.788948, best rearrangement setting 15
Bootstrap[46]: Time 10.698395 seconds, bootstrap likelihood -10332.744486, best rearrangement setting 14
Bootstrap[47]: Time 4.248246 seconds, bootstrap likelihood -10639.314365, best rearrangement setting 8
Bootstrap[48]: Time 7.447609 seconds, bootstrap likelihood -10458.194924, best rearrangement setting 6
Bootstrap[49]: Time 4.158270 seconds, bootstrap likelihood -10774.817466, best rearrangement setting 7
Bootstrap[50]: Time 6.489469 seconds, bootstrap likelihood -10285.029890, best rearrangement setting 7
Bootstrap[51]: Time 9.193737 seconds, bootstrap likelihood -10336.877644, best rearrangement setting 11
Bootstrap[52]: Time 10.583124 seconds, bootstrap likelihood -10301.992838, best rearrangement setting 12
Bootstrap[53]: Time 4.246822 seconds, bootstrap likelihood -10517.666380, best rearrangement setting 8
Bootstrap[54]: Time 8.778820 seconds, bootstrap likelihood -10399.261913, best rearrangement setting 9
Bootstrap[55]: Time 11.121870 seconds, bootstrap likelihood -10197.142892, best rearrangement setting 11
Bootstrap[56]: Time 6.054760 seconds, bootstrap likelihood -10253.046218, best rearrangement setting 5
Bootstrap[57]: Time 3.767634 seconds, bootstrap likelihood -10430.820288, best rearrangement setting 7
Bootstrap[58]: Time 9.644769 seconds, bootstrap likelihood -10364.919910, best rearrangement setting 10
Bootstrap[59]: Time 9.520181 seconds, bootstrap likelihood -10486.310303, best rearrangement setting 9
Bootstrap[60]: Time 7.134153 seconds, bootstrap likelihood -10594.866917, best rearrangement setting 7
Bootstrap[61]: Time 6.164605 seconds, bootstrap likelihood -10611.317896, best rearrangement setting 5
Bootstrap[62]: Time 4.669149 seconds, bootstrap likelihood -10227.511880, best rearrangement setting 11
Bootstrap[63]: Time 10.352867 seconds, bootstrap likelihood -10946.782354, best rearrangement setting 12
Bootstrap[64]: Time 7.730638 seconds, bootstrap likelihood -10450.181436, best rearrangement setting 7
Bootstrap[65]: Time 3.826523 seconds, bootstrap likelihood -10298.849479, best rearrangement setting 5
Bootstrap[66]: Time 2.837165 seconds, bootstrap likelihood -10344.978922, best rearrangement setting 5
Bootstrap[67]: Time 10.623419 seconds, bootstrap likelihood -10459.610629, best rearrangement setting 15
Bootstrap[68]: Time 4.725334 seconds, bootstrap likelihood -10956.175400, best rearrangement setting 11
Bootstrap[69]: Time 6.030243 seconds, bootstrap likelihood -10750.780876, best rearrangement setting 5
Bootstrap[70]: Time 7.477135 seconds, bootstrap likelihood -10509.612799, best rearrangement setting 8
Bootstrap[71]: Time 8.555416 seconds, bootstrap likelihood -10533.335633, best rearrangement setting 10
Bootstrap[72]: Time 9.092704 seconds, bootstrap likelihood -10800.215340, best rearrangement setting 11
Bootstrap[73]: Time 4.029450 seconds, bootstrap likelihood -10821.216373, best rearrangement setting 9
Bootstrap[74]: Time 5.900629 seconds, bootstrap likelihood -10530.921064, best rearrangement setting 5
Bootstrap[75]: Time 8.360597 seconds, bootstrap likelihood -10548.757099, best rearrangement setting 8
Bootstrap[76]: Time 9.245905 seconds, bootstrap likelihood -10670.976919, best rearrangement setting 9
Bootstrap[77]: Time 10.417996 seconds, bootstrap likelihood -10737.397476, best rearrangement setting 11
Bootstrap[78]: Time 5.580538 seconds, bootstrap likelihood -10435.872877, best rearrangement setting 15
Bootstrap[79]: Time 9.476301 seconds, bootstrap likelihood -10405.575635, best rearrangement setting 9
Bootstrap[80]: Time 11.229908 seconds, bootstrap likelihood -10950.277344, best rearrangement setting 15
Bootstrap[81]: Time 7.816712 seconds, bootstrap likelihood -10934.910435, best rearrangement setting 7
Bootstrap[82]: Time 3.681331 seconds, bootstrap likelihood -10911.606335, best rearrangement setting 6
Bootstrap[83]: Time 9.589797 seconds, bootstrap likelihood -10657.308117, best rearrangement setting 10
Bootstrap[84]: Time 5.016237 seconds, bootstrap likelihood -10874.893768, best rearrangement setting 11
Bootstrap[85]: Time 4.231036 seconds, bootstrap likelihood -10594.780659, best rearrangement setting 8
Bootstrap[86]: Time 8.487566 seconds, bootstrap likelihood -10654.650502, best rearrangement setting 7
Bootstrap[87]: Time 8.355141 seconds, bootstrap likelihood -10547.267393, best rearrangement setting 7
Bootstrap[88]: Time 11.001270 seconds, bootstrap likelihood -10335.111010, best rearrangement setting 12
Bootstrap[89]: Time 5.247450 seconds, bootstrap likelihood -10680.287404, best rearrangement setting 10
Bootstrap[90]: Time 3.694104 seconds, bootstrap likelihood -10521.570970, best rearrangement setting 8
Bootstrap[91]: Time 9.516064 seconds, bootstrap likelihood -10280.176686, best rearrangement setting 12
Bootstrap[92]: Time 4.933067 seconds, bootstrap likelihood -10412.464163, best rearrangement setting 13
Bootstrap[93]: Time 10.507552 seconds, bootstrap likelihood -10478.644674, best rearrangement setting 15
Bootstrap[94]: Time 5.762866 seconds, bootstrap likelihood -10213.349013, best rearrangement setting 5
Bootstrap[95]: Time 5.888838 seconds, bootstrap likelihood -10642.430637, best rearrangement setting 5
Bootstrap[96]: Time 5.048659 seconds, bootstrap likelihood -10111.470893, best rearrangement setting 13
Bootstrap[97]: Time 4.597393 seconds, bootstrap likelihood -10400.458084, best rearrangement setting 11
Bootstrap[98]: Time 6.551032 seconds, bootstrap likelihood -10626.186960, best rearrangement setting 6
Bootstrap[99]: Time 10.785492 seconds, bootstrap likelihood -10707.053850, best rearrangement setting 14


Overall Time for 100 Rapid Bootstraps 739.063282 seconds
Average Time per Rapid Bootstrap 7.390633 seconds

Starting ML Search ...

Fast ML optimization finished

Fast ML search Time: 427.557540 seconds

Slow ML Search 0 Likelihood: -11271.789827
Slow ML Search 1 Likelihood: -11271.789806
Slow ML Search 2 Likelihood: -11271.789765
Slow ML Search 3 Likelihood: -11271.789764
Slow ML Search 4 Likelihood: -11271.789795
Slow ML Search 5 Likelihood: -11271.789827
Slow ML Search 6 Likelihood: -11271.790329
Slow ML Search 7 Likelihood: -11271.789799
Slow ML Search 8 Likelihood: -11271.789799
Slow ML Search 9 Likelihood: -11271.789799
Slow ML optimization finished

Slow ML search Time: 262.684551 seconds
Thorough ML search Time: 56.517887 seconds

Final ML Optimization Likelihood: -11270.932422

Model Information:

Model Parameters of Partition 0, Name: No Name Provided, Type of Data: AA
alpha: 1.403234
Tree-Length: 1.332185
rate A <-> R: 0.603538
rate A <-> N: 0.561915
rate A <-> D: 0.842872
rate A <-> C: 0.582726
rate A <-> Q: 0.593132
rate A <-> E: 1.092612
rate A <-> G: 1.862643
rate A <-> H: 0.280957
rate A <-> I: 0.374610
rate A <-> L: 0.312175
rate A <-> K: 0.364204
rate A <-> M: 0.561915
rate A <-> F: 0.156087
rate A <-> P: 2.018730
rate A <-> S: 3.933403
rate A <-> T: 4.942768
rate A <-> W: 0.093652
rate A <-> Y: 0.114464
rate A <-> V: 3.100937
rate R <-> N: 0.468262
rate R <-> D: 0.166493
rate R <-> C: 1.175858
rate R <-> Q: 3.225806
rate R <-> E: 0.301769
rate R <-> G: 1.425598
rate R <-> H: 3.413111
rate R <-> I: 0.228928
rate R <-> L: 0.395421
rate R <-> K: 6.722164
rate R <-> M: 0.457856
rate R <-> F: 0.052029
rate R <-> P: 0.770031
rate R <-> S: 1.050989
rate R <-> T: 0.665973
rate R <-> W: 1.311134
rate R <-> Y: 0.208117
rate R <-> V: 0.176899
rate N <-> D: 5.494277
rate N <-> C: 0.353798
rate N <-> Q: 0.894901
rate N <-> E: 0.603538
rate N <-> G: 0.842872
rate N <-> H: 4.068678
rate N <-> I: 0.489074
rate N <-> L: 0.124870
rate N <-> K: 2.736733
rate N <-> M: 0.312175
rate N <-> F: 0.104058
rate N <-> P: 0.156087
rate N <-> S: 5.234131
rate N <-> T: 2.414152
rate N <-> W: 0.083247
rate N <-> Y: 0.728408
rate N <-> V: 0.166493
rate D <-> C: 0.104058
rate D <-> Q: 0.509886
rate D <-> E: 7.981270
rate D <-> G: 1.352758
rate D <-> H: 1.165453
rate D <-> I: 0.114464
rate D <-> L: 0.072841
rate D <-> K: 0.270552
rate D <-> M: 0.156087
rate D <-> F: 0.041623
rate D <-> P: 0.156087
rate D <-> S: 0.613944
rate D <-> T: 0.395421
rate D <-> W: 0.041623
rate D <-> Y: 0.478668
rate D <-> V: 0.322581
rate C <-> Q: 0.093652
rate C <-> E: 0.052029
rate C <-> G: 0.613944
rate C <-> H: 0.718002
rate C <-> I: 0.176899
rate C <-> L: 0.239334
rate C <-> K: 0.072841
rate C <-> M: 0.322581
rate C <-> F: 0.811655
rate C <-> P: 0.145682
rate C <-> S: 2.320499
rate C <-> T: 0.437045
rate C <-> W: 1.196670
rate C <-> Y: 2.174818
rate C <-> V: 0.645161
rate Q <-> E: 3.361082
rate Q <-> G: 0.270552
rate Q <-> H: 6.212279
rate Q <-> I: 0.093652
rate Q <-> L: 0.749220
rate Q <-> K: 3.038502
rate Q <-> M: 0.447451
rate Q <-> F: 0.041623
rate Q <-> P: 1.706556
rate Q <-> S: 0.551509
rate Q <-> T: 0.530697
rate Q <-> W: 0.187305
rate Q <-> Y: 0.249740
rate Q <-> V: 0.208117
rate E <-> G: 1.238293
rate E <-> H: 0.270552
rate E <-> I: 0.124870
rate E <-> L: 0.093652
rate E <-> K: 1.883455
rate E <-> M: 0.187305
rate E <-> F: 0.052029
rate E <-> P: 0.187305
rate E <-> S: 0.312175
rate E <-> T: 0.332986
rate E <-> W: 0.104058
rate E <-> Y: 0.072841
rate E <-> V: 0.468262
rate G <-> H: 0.239334
rate G <-> I: 0.062435
rate G <-> L: 0.062435
rate G <-> K: 0.280957
rate G <-> M: 0.145682
rate G <-> F: 0.052029
rate G <-> P: 0.249740
rate G <-> S: 2.091571
rate G <-> T: 0.343392
rate G <-> W: 0.572320
rate G <-> Y: 0.083247
rate G <-> V: 0.489074
rate H <-> I: 0.166493
rate H <-> L: 0.582726
rate H <-> K: 0.468262
rate H <-> M: 0.343392
rate H <-> F: 0.416233
rate H <-> P: 1.196670
rate H <-> S: 0.759625
rate H <-> T: 0.478668
rate H <-> W: 0.083247
rate H <-> Y: 5.962539
rate H <-> V: 0.114464
rate I <-> L: 2.382934
rate I <-> K: 0.218522
rate I <-> M: 4.984391
rate I <-> F: 0.926119
rate I <-> P: 0.104058
rate I <-> S: 0.416233
rate I <-> T: 2.549428
rate I <-> W: 0.093652
rate I <-> Y: 0.332986
rate I <-> V: 10.000000
rate L <-> K: 0.145682
rate L <-> M: 4.037461
rate L <-> F: 2.580645
rate L <-> P: 1.061394
rate L <-> S: 0.613944
rate L <-> T: 0.260146
rate L <-> W: 0.541103
rate L <-> Y: 0.249740
rate L <-> V: 1.873049
rate K <-> M: 0.676379
rate K <-> F: 0.041623
rate K <-> P: 0.218522
rate K <-> S: 0.489074
rate K <-> T: 1.071800
rate K <-> W: 0.104058
rate K <-> Y: 0.083247
rate K <-> V: 0.145682
rate M <-> F: 0.447451
rate M <-> P: 0.166493
rate M <-> S: 0.301769
rate M <-> T: 2.351717
rate M <-> W: 0.249740
rate M <-> Y: 0.187305
rate M <-> V: 3.361082
rate F <-> P: 0.176899
rate F <-> S: 0.957336
rate F <-> T: 0.124870
rate F <-> W: 0.551509
rate F <-> Y: 5.577523
rate F <-> V: 0.645161
rate P <-> S: 2.965661
rate P <-> T: 1.227888
rate P <-> W: 0.062435
rate P <-> Y: 0.104058
rate P <-> V: 0.239334
rate S <-> T: 4.963580
rate S <-> W: 0.364204
rate S <-> Y: 0.655567
rate S <-> V: 0.395421
rate T <-> W: 0.124870
rate T <-> Y: 0.218522
rate T <-> V: 1.165453
rate W <-> Y: 0.738814
rate W <-> V: 0.260146
rate Y <-> V: 0.166493

freq pi(A): 0.076748
freq pi(R): 0.051691
freq pi(N): 0.042645
freq pi(D): 0.051544
freq pi(C): 0.019803
freq pi(Q): 0.040752
freq pi(E): 0.061830
freq pi(G): 0.073152
freq pi(H): 0.022944
freq pi(I): 0.053761
freq pi(L): 0.091904
freq pi(K): 0.058676
freq pi(M): 0.023826
freq pi(F): 0.040126
freq pi(P): 0.050901
freq pi(S): 0.068765
freq pi(T): 0.058565
freq pi(W): 0.014261
freq pi(Y): 0.032102
freq pi(V): 0.066004


ML search took 746.804480 secs or 0.207446 hours

Combined Bootstrap and ML search took 1485.867983 secs or 0.412741 hours

Drawing Bootstrap Support Values on best-scoring ML tree ...



Found 1 tree in File /Users/prigozhin/Dropbox/NLRomes/Soy_NLRome/RAxML_tree_pbNB-ARC/Initial_Clades/RAxML_bestTree.Int7491_119.Raxml.out



Found 1 tree in File /Users/prigozhin/Dropbox/NLRomes/Soy_NLRome/RAxML_tree_pbNB-ARC/Initial_Clades/RAxML_bestTree.Int7491_119.Raxml.out

Program execution info written to /Users/prigozhin/Dropbox/NLRomes/Soy_NLRome/RAxML_tree_pbNB-ARC/Initial_Clades/RAxML_info.Int7491_119.Raxml.out
All 100 bootstrapped trees written to: /Users/prigozhin/Dropbox/NLRomes/Soy_NLRome/RAxML_tree_pbNB-ARC/Initial_Clades/RAxML_bootstrap.Int7491_119.Raxml.out

Best-scoring ML tree written to: /Users/prigozhin/Dropbox/NLRomes/Soy_NLRome/RAxML_tree_pbNB-ARC/Initial_Clades/RAxML_bestTree.Int7491_119.Raxml.out

Best-scoring ML tree with support values written to: /Users/prigozhin/Dropbox/NLRomes/Soy_NLRome/RAxML_tree_pbNB-ARC/Initial_Clades/RAxML_bipartitions.Int7491_119.Raxml.out

Best-scoring ML tree with support values as branch labels written to: /Users/prigozhin/Dropbox/NLRomes/Soy_NLRome/RAxML_tree_pbNB-ARC/Initial_Clades/RAxML_bipartitionsBranchLabels.Int7491_119.Raxml.out

Overall execution time for full ML analysis: 1485.893804 secs or 0.412748 hours or 0.017198 days

