

IMPORTANT WARNING: Sequences GLYMA_06G263900_1 and GWHPACEO024145 are exactly identical


IMPORTANT WARNING: Sequences GLYMA_06G263900_1 and GWHPACEQ022735 are exactly identical


IMPORTANT WARNING: Sequences GLYMA_06G263900_1 and GWHPACEJ024828 are exactly identical


IMPORTANT WARNING: Sequences GLYMA_06G263900_1 and GWHPACEE024014 are exactly identical


IMPORTANT WARNING: Sequences GLYMA_06G263900_1 and GWHPACEA024519 are exactly identical


IMPORTANT WARNING: Sequences GLYMA_06G263900_1 and GWHPACEX022712 are exactly identical


IMPORTANT WARNING: Sequences GLYMA_06G263900_1 and GWHPACEI024860 are exactly identical


IMPORTANT WARNING: Sequences GLYMA_06G263900_1 and GWHPACEH024083 are exactly identical


IMPORTANT WARNING: Sequences GLYMA_06G263900_1 and GWHPACEG023972 are exactly identical


IMPORTANT WARNING: Sequences GLYMA_06G263900_1 and GWHPACEN023777 are exactly identical


IMPORTANT WARNING: Sequences GLYMA_06G263900_1 and GWHPACED023083 are exactly identical


IMPORTANT WARNING: Sequences GWHPACEH049570 and GWHPACDZ050974 are exactly identical


IMPORTANT WARNING: Sequences GWHPACEH049570 and GWHPACEP046528 are exactly identical


IMPORTANT WARNING: Sequences GWHPACEH049570 and GWHPACEF046683 are exactly identical


IMPORTANT WARNING: Sequences GWHPACEH049570 and GWHPACEJ051041 are exactly identical


IMPORTANT WARNING: Sequences GWHPACEH049570 and GWHPACEG048950 are exactly identical


IMPORTANT WARNING: Sequences GWHPACEH049570 and GLYMA_12G135600_1 are exactly identical


IMPORTANT WARNING: Sequences GWHPACEH049570 and GWHPACEM049378 are exactly identical


IMPORTANT WARNING: Sequences GWHPACEH024078 and GWHPACER022312 are exactly identical


IMPORTANT WARNING: Sequences GWHPACEH024078 and GWHPACEI024854 are exactly identical


IMPORTANT WARNING: Sequences GWHPACEH024078 and GWHPACEG023968 are exactly identical


IMPORTANT WARNING: Sequences GWHPACEH024078 and GWHPACEE024009 are exactly identical


IMPORTANT WARNING: Sequences GWHPACEH024078 and GWHPACED023079 are exactly identical


IMPORTANT WARNING: Sequences GWHPACEH024078 and GWHPACEQ022731 are exactly identical


IMPORTANT WARNING: Sequences GWHPACEH024078 and GLYMA_ZH13_06G242800_1_P are exactly identical


IMPORTANT WARNING: Sequences GWHPACEH024078 and GWHPACEJ024822 are exactly identical


IMPORTANT WARNING: Sequences GWHPACEM024113 and GWHPACES024235 are exactly identical


IMPORTANT WARNING: Sequences GWHPACEN023698 and GWHPACEI024779 are exactly identical


IMPORTANT WARNING: Sequences GWHPACEN023698 and GWHPACEH024006 are exactly identical


IMPORTANT WARNING: Sequences GWHPACEN023698 and GLYMA_ZH13_06G238800_1_P are exactly identical


IMPORTANT WARNING: Sequences GWHPACEE023969 and GWHPACEO024096 are exactly identical


IMPORTANT WARNING: Sequences GWHPACEE023969 and GWHPACEH024044 are exactly identical


IMPORTANT WARNING: Sequences GWHPACEE023969 and GWHPACEJ024790 are exactly identical


IMPORTANT WARNING: Sequences GWHPACEV046361 and GWHPACDZ052200 are exactly identical


IMPORTANT WARNING: Sequences GWHPACEV046361 and GWHPACEL048535 are exactly identical


IMPORTANT WARNING: Sequences GWHPACEV046361 and GWHPACET051287 are exactly identical


IMPORTANT WARNING: Sequences GWHPACEV046361 and GWHPACEM050654 are exactly identical


IMPORTANT WARNING: Sequences GWHPACEV046361 and GWHPACEH050824 are exactly identical


IMPORTANT WARNING: Sequences GWHPACEV046361 and GWHPACEF047915 are exactly identical


IMPORTANT WARNING: Sequences GWHPACEV046361 and GWHPACED048355 are exactly identical


IMPORTANT WARNING: Sequences GWHPACEV046361 and GWHPACEX047262 are exactly identical


IMPORTANT WARNING: Sequences GWHPACEV046361 and GWHPACEJ052292 are exactly identical


IMPORTANT WARNING: Sequences GWHPACEV046361 and GWHPACEG050189 are exactly identical


IMPORTANT WARNING: Sequences GWHPACEH024144 and GLYMA_ZH13_06G246700_1_P are exactly identical


IMPORTANT WARNING: Sequences GWHPACEH024144 and GWHPACEJ024892 are exactly identical


IMPORTANT WARNING: Sequences GWHPACEU024128 and W05_GLYSO_06G015836_1_P are exactly identical


IMPORTANT WARNING: Sequences GWHPACEU024128 and GLYMA_06G259400_1 are exactly identical


IMPORTANT WARNING: Sequences GWHPACEU024128 and GWHPACET024382 are exactly identical


IMPORTANT WARNING: Sequences GWHPACEU024128 and GWHPACEA024443 are exactly identical


IMPORTANT WARNING: Sequences GWHPACEM024066 and GWHPACES024192 are exactly identical


IMPORTANT WARNING: Sequences GWHPACEJ024846 and GWHPACEW023956 are exactly identical


IMPORTANT WARNING: Sequences GWHPACEJ024846 and GWHPACEN023787 are exactly identical


IMPORTANT WARNING: Sequences GWHPACEJ024846 and GWHPACEK021831 are exactly identical


IMPORTANT WARNING: Sequences GWHPACEA024447 and GWHPACEU024132 are exactly identical


IMPORTANT WARNING: Sequences GWHPACEA024447 and GWHPACET024385 are exactly identical


IMPORTANT WARNING: Sequences GWHPACEA024447 and GLYMA_06G259800_1 are exactly identical


IMPORTANT WARNING: Sequences GWHPACEA024447 and GWHPACEQ022685 are exactly identical


IMPORTANT WARNING: Sequences GWHPACEA024447 and GWHPACEL023027 are exactly identical


IMPORTANT WARNING: Sequences GLYMA_ZH13_06G241200_1_P and GWHPACEW023908 are exactly identical


IMPORTANT WARNING: Sequences GLYMA_ZH13_06G241200_1_P and GWHPACEJ024797 are exactly identical


IMPORTANT WARNING: Sequences GLYMA_ZH13_06G241200_1_P and GWHPACEL023049 are exactly identical


IMPORTANT WARNING: Sequences GLYMA_ZH13_06G241200_1_P and GWHPACEB022489 are exactly identical


IMPORTANT WARNING: Sequences GLYMA_ZH13_06G241200_1_P and GWHPACEA024488 are exactly identical


IMPORTANT WARNING: Sequences GLYMA_ZH13_06G241200_1_P and GWHPACEU024159 are exactly identical


IMPORTANT WARNING: Sequences GLYMA_ZH13_06G241200_1_P and GWHPACEX022682 are exactly identical


IMPORTANT WARNING: Sequences GLYMA_ZH13_06G241200_1_P and GLYMA_06G261500_1 are exactly identical


IMPORTANT WARNING: Sequences GWHPACEC046699 and GLYMA_ZH13_12G121400_1_P are exactly identical


IMPORTANT WARNING: Sequences GWHPACEC046643 and GWHPACEP046470 are exactly identical


IMPORTANT WARNING: Sequences GWHPACEC046643 and GWHPACEK044480 are exactly identical


IMPORTANT WARNING: Sequences GWHPACEC046643 and GWHPACDZ050915 are exactly identical


IMPORTANT WARNING: Sequences GWHPACEO024339 and GWHPACEG024191 are exactly identical


IMPORTANT WARNING: Sequences GWHPACEO024339 and GWHPACEJ025028 are exactly identical


IMPORTANT WARNING: Sequences GWHPACEO024339 and GWHPACEL023296 are exactly identical


IMPORTANT WARNING: Sequences GWHPACEO024339 and GWHPACEX022902 are exactly identical


IMPORTANT WARNING: Sequences GWHPACEO024339 and GWHPACEF022596 are exactly identical


IMPORTANT WARNING: Sequences GWHPACEO024339 and GWHPACEK022018 are exactly identical


IMPORTANT WARNING: Sequences GWHPACEO024339 and GWHPACED023275 are exactly identical


IMPORTANT WARNING: Sequences GWHPACEO024339 and GWHPACEI025071 are exactly identical


IMPORTANT WARNING: Sequences GWHPACEO024339 and GWHPACEN023960 are exactly identical


IMPORTANT WARNING: Sequences GWHPACET024636 and GWHPACES024414 are exactly identical


IMPORTANT WARNING: Sequences GWHPACET024636 and GWHPACEP022883 are exactly identical


IMPORTANT WARNING: Sequences GWHPACET024636 and GWHPACEU024421 are exactly identical


IMPORTANT WARNING: Sequences GWHPACEE050558 and GWHPACEI052376 are exactly identical


IMPORTANT WARNING: Sequences GWHPACEE050558 and GWHPACEQ047525 are exactly identical


IMPORTANT WARNING: Sequences GWHPACEE050558 and GWHPACEO051083 are exactly identical


IMPORTANT WARNING: Sequences GWHPACEE050558 and GWHPACES050644 are exactly identical


IMPORTANT WARNING: Sequences GWHPACEE050558 and GWHPACEN049967 are exactly identical


IMPORTANT WARNING: Sequences GWHPACEE050558 and GWHPACEK045705 are exactly identical


IMPORTANT WARNING: Sequences GWHPACEE050558 and GLYMA_ZH13_12G191200_1_P are exactly identical


IMPORTANT WARNING: Sequences GWHPACEE050558 and GWHPACEC047890 are exactly identical


IMPORTANT WARNING: Sequences GWHPACEO049832 and GWHPACEG048896 are exactly identical


IMPORTANT WARNING: Sequences GWHPACEO049832 and GWHPACEH049515 are exactly identical


IMPORTANT WARNING: Sequences GWHPACEO049832 and GWHPACDZ050920 are exactly identical


IMPORTANT WARNING: Sequences GWHPACEO049832 and GWHPACEF046626 are exactly identical


IMPORTANT WARNING: Sequences GWHPACEO049832 and GLYMA_ZH13_12G118100_1_P are exactly identical


IMPORTANT WARNING: Sequences GWHPACEO049832 and GLYMA_12G132200_1 are exactly identical


IMPORTANT WARNING: Sequences GWHPACEO049832 and GWHPACES049343 are exactly identical


IMPORTANT WARNING: Sequences GWHPACEO049832 and GWHPACEK044482 are exactly identical


IMPORTANT WARNING: Sequences GWHPACEO049832 and GWHPACEC046646 are exactly identical


IMPORTANT WARNING: Sequences GWHPACEA024527 and GWHPACEE024024 are exactly identical


IMPORTANT WARNING: Sequences GWHPACEA024527 and GWHPACEJ024839 are exactly identical


IMPORTANT WARNING: Sequences GWHPACEA024527 and GWHPACEI024867 are exactly identical


IMPORTANT WARNING: Sequences GWHPACEA024527 and GWHPACEH024091 are exactly identical


IMPORTANT WARNING: Sequences GWHPACEA024527 and GLYMA_ZH13_06G243800_1_P are exactly identical


IMPORTANT WARNING: Sequences GLYMA_ZH13_12G118000_1_P and GWHPACEG048893 are exactly identical


IMPORTANT WARNING: Sequences GLYMA_ZH13_12G118000_1_P and GWHPACEO049831 are exactly identical


IMPORTANT WARNING: Sequences GLYMA_ZH13_12G118000_1_P and GWHPACEM049319 are exactly identical


IMPORTANT WARNING: Sequences GWHPACEE023938 and GWHPACEN023705 are exactly identical


IMPORTANT WARNING: Sequences GWHPACEE023938 and GWHPACEH024011 are exactly identical


IMPORTANT WARNING: Sequences GWHPACEE023938 and GWHPACES024164 are exactly identical


IMPORTANT WARNING: Sequences GWHPACEE023938 and GWHPACEJ024758 are exactly identical


IMPORTANT WARNING: Sequences GWHPACEE023938 and GLYMA_ZH13_06G239200_1_P are exactly identical


IMPORTANT WARNING: Sequences GWHPACEE023938 and GWHPACEB022446 are exactly identical


IMPORTANT WARNING: Sequences GWHPACEE023938 and GWHPACEI024784 are exactly identical


IMPORTANT WARNING: Sequences GWHPACEE023938 and GWHPACEP022660 are exactly identical


IMPORTANT WARNING: Sequences GWHPACEE023938 and GWHPACEO024062 are exactly identical


IMPORTANT WARNING: Sequences GWHPACEE023938 and GWHPACEG023905 are exactly identical


IMPORTANT WARNING: Sequences GWHPACEI051071 and GWHPACEQ046287 are exactly identical


IMPORTANT WARNING: Sequences GWHPACEI051071 and GWHPACEX046052 are exactly identical


IMPORTANT WARNING: Sequences GWHPACEI051071 and GWHPACEW049296 are exactly identical


IMPORTANT WARNING: Sequences GWHPACEI051071 and GWHPACED047144 are exactly identical


IMPORTANT WARNING: Sequences GWHPACEI051071 and GWHPACEU049685 are exactly identical


IMPORTANT WARNING: Sequences GWHPACEI051071 and GWHPACET049993 are exactly identical


IMPORTANT WARNING: Sequences GWHPACEL023085 and GWHPACED023089 are exactly identical


IMPORTANT WARNING: Sequences GWHPACEH024018 and GWHPACEE023942 are exactly identical


IMPORTANT WARNING: Sequences GWHPACEH024018 and GWHPACEI024793 are exactly identical


IMPORTANT WARNING: Sequences GWHPACEH024018 and GWHPACEJ024762 are exactly identical


IMPORTANT WARNING: Sequences GWHPACEX022706 and GLYMA_06G263500_1 are exactly identical


IMPORTANT WARNING: Sequences GWHPACEX022706 and GWHPACEU024184 are exactly identical


IMPORTANT WARNING: Sequences GWHPACEX022706 and GWHPACEA024513 are exactly identical


IMPORTANT WARNING: Sequences GWHPACEX022706 and GWHPACEL023071 are exactly identical


IMPORTANT WARNING: Sequences GWHPACEX022706 and GWHPACEW023937 are exactly identical


IMPORTANT WARNING: Sequences GWHPACEX022706 and GWHPACET024420 are exactly identical


IMPORTANT WARNING: Sequences GWHPACEW023879 and GWHPACEG023915 are exactly identical


IMPORTANT WARNING: Sequences GWHPACEW023879 and GWHPACEE023945 are exactly identical


IMPORTANT WARNING: Sequences GWHPACEW023879 and GWHPACEU024138 are exactly identical


IMPORTANT WARNING: Sequences GWHPACEW023879 and GWHPACED023023 are exactly identical


IMPORTANT WARNING: Sequences GWHPACEW023879 and GWHPACET024388 are exactly identical


IMPORTANT WARNING: Sequences GWHPACEW023879 and GWHPACEK021769 are exactly identical


IMPORTANT WARNING: Sequences GWHPACEW023879 and GWHPACEV022334 are exactly identical


IMPORTANT WARNING: Sequences GWHPACEW023879 and GWHPACEA024451 are exactly identical


IMPORTANT WARNING: Sequences GWHPACEW023879 and GWHPACEX022668 are exactly identical


IMPORTANT WARNING: Sequences GWHPACEI024822 and GWHPACEG023941 are exactly identical


IMPORTANT WARNING: Sequences GWHPACER045297 and GWHPACEJ050984 are exactly identical


IMPORTANT WARNING: Sequences GWHPACER045297 and GWHPACEP046474 are exactly identical


IMPORTANT WARNING: Sequences GWHPACER045297 and GWHPACEM049321 are exactly identical


IMPORTANT WARNING: Sequences GWHPACER045297 and GWHPACEI051076 are exactly identical


IMPORTANT WARNING: Sequences GWHPACER045297 and GWHPACEG048897 are exactly identical


IMPORTANT WARNING: Sequences GWHPACER045297 and GWHPACDZ050921 are exactly identical


IMPORTANT WARNING: Sequences GWHPACDZ023611 and GWHPACEF022405 are exactly identical


IMPORTANT WARNING: Sequences GWHPACEE024227 and GLYMA_ZH13_06G259200_1_P are exactly identical


IMPORTANT WARNING: Sequences GWHPACEV022392 and GWHPACEU024188 are exactly identical


IMPORTANT WARNING: Sequences GWHPACEV022392 and GWHPACER022317 are exactly identical


IMPORTANT WARNING: Sequences GLYMA_ZH13_06G239900_1_P and GWHPACEJ024765 are exactly identical


IMPORTANT WARNING: Sequences GLYMA_ZH13_06G239900_1_P and GLYMA_06G260100_1 are exactly identical


IMPORTANT WARNING: Sequences GWHPACET024431 and GWHPACEG023978 are exactly identical


IMPORTANT WARNING: Sequences GWHPACET024431 and GWHPACEU024194 are exactly identical


IMPORTANT WARNING: Sequences GWHPACEI024777 and GWHPACEH024002 are exactly identical


IMPORTANT WARNING: Sequences GWHPACEI024777 and GWHPACEJ024747 are exactly identical


IMPORTANT WARNING: Sequences GWHPACEW049297 and GWHPACEI051074 are exactly identical


IMPORTANT WARNING: Sequences GWHPACEW049297 and GWHPACET049994 are exactly identical


IMPORTANT WARNING: Sequences GWHPACEW049297 and GWHPACEX046053 are exactly identical


IMPORTANT WARNING: Sequences GWHPACEW049297 and GWHPACEU049686 are exactly identical


IMPORTANT WARNING: Sequences GWHPACDZ023547 and GWHPACEM024042 are exactly identical


IMPORTANT WARNING: Sequences GWHPACDZ023547 and GWHPACES024173 are exactly identical


IMPORTANT WARNING: Sequences GWHPACES049344 and GWHPACEE049273 are exactly identical


IMPORTANT WARNING: Sequences GWHPACES049344 and GWHPACEH049517 are exactly identical


IMPORTANT WARNING: Sequences GWHPACES049344 and GWHPACEC046647 are exactly identical


IMPORTANT WARNING: Sequences GLYMA_ZH13_06G238700_1_P and GWHPACEN023695 are exactly identical


IMPORTANT WARNING: Sequences GLYMA_ZH13_06G238700_1_P and GWHPACEO024055 are exactly identical


IMPORTANT WARNING: Sequences GWHPACES024167 and GWHPACEB022450 are exactly identical


IMPORTANT WARNING: Sequences GWHPACES024167 and GWHPACEO024065 are exactly identical


IMPORTANT WARNING: Sequences GWHPACES024167 and GWHPACER022263 are exactly identical


IMPORTANT WARNING: Sequences GWHPACES024167 and GWHPACEN023708 are exactly identical


IMPORTANT WARNING: Sequences GWHPACEF022293 and W05_GLYSO_06G015795_1_P are exactly identical


IMPORTANT WARNING: Sequences GWHPACED023094 and GWHPACEA024533 are exactly identical


IMPORTANT WARNING: Sequences GWHPACED023094 and GWHPACEI024873 are exactly identical


IMPORTANT WARNING: Sequences GWHPACED023094 and GWHPACEU024197 are exactly identical


IMPORTANT WARNING: Sequences GWHPACED023094 and GWHPACEH024096 are exactly identical


IMPORTANT WARNING: Sequences GWHPACED023094 and GWHPACEE024030 are exactly identical


IMPORTANT WARNING: Sequences GWHPACED023094 and GWHPACEV022405 are exactly identical


IMPORTANT WARNING: Sequences GWHPACED023094 and GWHPACEX022725 are exactly identical


IMPORTANT WARNING: Sequences GWHPACDZ023615 and GWHPACEO024154 are exactly identical


IMPORTANT WARNING: Sequences GWHPACEF046627 and GWHPACEO049833 are exactly identical


IMPORTANT WARNING: Sequences GWHPACEE023940 and GWHPACEH024014 are exactly identical


IMPORTANT WARNING: Sequences GWHPACEE023940 and GWHPACEI024787 are exactly identical


IMPORTANT WARNING: Sequences GWHPACEE023940 and GWHPACEJ024760 are exactly identical


IMPORTANT WARNING: Sequences GWHPACEJ024751 and GWHPACEO024057 are exactly identical


IMPORTANT WARNING: Sequences GWHPACER022287 and GWHPACEV022363 are exactly identical


IMPORTANT WARNING: Sequences GWHPACDZ023569 and GWHPACES024197 are exactly identical


IMPORTANT WARNING: Sequences GWHPACEW049345 and GWHPACET050045 are exactly identical


IMPORTANT WARNING: Sequences GWHPACEW049345 and GWHPACEI051126 are exactly identical


IMPORTANT WARNING: Sequences GWHPACEW049345 and GWHPACER045347 are exactly identical


IMPORTANT WARNING: Sequences GWHPACEW049345 and GWHPACES049397 are exactly identical


IMPORTANT WARNING: Sequences GWHPACEP022655 and GWHPACEB022440 are exactly identical


IMPORTANT WARNING: Sequences GWHPACDZ023592 and GWHPACEF022390 are exactly identical


IMPORTANT WARNING: Sequences GWHPACDZ023592 and GWHPACEC022864 are exactly identical


IMPORTANT WARNING: Sequences GWHPACEF022400 and GWHPACDZ023604 are exactly identical


IMPORTANT WARNING: Sequences GWHPACEO024139 and GWHPACEK021815 are exactly identical


IMPORTANT WARNING: Sequences GWHPACEL023092 and GWHPACEG023988 are exactly identical

IMPORTANT WARNING
Found 200 sequences that are exactly identical to other sequences in the alignment.
Normally they should be excluded from the analysis.

Just in case you might need it, an alignment file with 
sequence duplicates removed is printed to file ../../RAxML_tree_pbNB-ARC/Initial_Clades/Int11409_395.afa.reduced


This is RAxML version 8.2.12 released by Alexandros Stamatakis on May 2018.

With greatly appreciated code contributions by:
Andre Aberer      (HITS)
Simon Berger      (HITS)
Alexey Kozlov     (HITS)
Kassian Kobert    (HITS)
David Dao         (KIT and HITS)
Sarah Lutteropp   (KIT and HITS)
Nick Pattengale   (Sandia)
Wayne Pfeiffer    (SDSC)
Akifumi S. Tanabe (NRIFS)
Charlie Taylor    (UF)


Alignment has 3061 distinct alignment patterns

Proportion of gaps and completely undetermined characters in this alignment: 86.05%

RAxML rapid bootstrapping and subsequent ML search

Using 1 distinct models/data partitions with joint branch length optimization



Executing 100 rapid bootstrap inferences and thereafter a thorough ML search 

All free model parameters will be estimated by RAxML
ML estimate of 25 per site rate categories

Likelihood of final tree will be evaluated and optimized under GAMMA

GAMMA Model parameters will be estimated up to an accuracy of 0.1000000000 Log Likelihood units

Partition: 0
Alignment Patterns: 3061
Name: No Name Provided
DataType: AA
Substitution Matrix: JTT
Using fixed base frequencies




RAxML was called as follows:

/Users/prigozhin/Installers/standard-RAxML/raxmlHPC-PTHREADS-AVX -T 2 -n Int11409_395.Raxml.out -f a -x 12345 -p 12345 -# 100 -m PROTCATJTT -s ../../RAxML_tree_pbNB-ARC/Initial_Clades/Int11409_395.afa 



Time for BS model parameter optimization 47.985961
Bootstrap[0]: Time 224.476728 seconds, bootstrap likelihood -72656.546596, best rearrangement setting 13
Bootstrap[1]: Time 162.121048 seconds, bootstrap likelihood -70755.984877, best rearrangement setting 13
Bootstrap[2]: Time 130.910439 seconds, bootstrap likelihood -73014.222219, best rearrangement setting 12
Bootstrap[3]: Time 142.475471 seconds, bootstrap likelihood -72341.203056, best rearrangement setting 15
Bootstrap[4]: Time 143.342019 seconds, bootstrap likelihood -72106.416644, best rearrangement setting 10
Bootstrap[5]: Time 145.417327 seconds, bootstrap likelihood -74218.805309, best rearrangement setting 10
Bootstrap[6]: Time 114.614156 seconds, bootstrap likelihood -71686.830664, best rearrangement setting 6
Bootstrap[7]: Time 153.276545 seconds, bootstrap likelihood -75153.927000, best rearrangement setting 14
Bootstrap[8]: Time 95.933014 seconds, bootstrap likelihood -73229.618286, best rearrangement setting 5
Bootstrap[9]: Time 94.183745 seconds, bootstrap likelihood -72267.066896, best rearrangement setting 7
Bootstrap[10]: Time 89.086558 seconds, bootstrap likelihood -71579.041545, best rearrangement setting 7
Bootstrap[11]: Time 72.111253 seconds, bootstrap likelihood -72675.296643, best rearrangement setting 5
Bootstrap[12]: Time 91.225469 seconds, bootstrap likelihood -73057.938751, best rearrangement setting 8
Bootstrap[13]: Time 81.295954 seconds, bootstrap likelihood -74853.021881, best rearrangement setting 7
Bootstrap[14]: Time 102.497217 seconds, bootstrap likelihood -74101.975409, best rearrangement setting 12
Bootstrap[15]: Time 106.789349 seconds, bootstrap likelihood -73848.971818, best rearrangement setting 15
Bootstrap[16]: Time 112.566933 seconds, bootstrap likelihood -74123.775633, best rearrangement setting 12
Bootstrap[17]: Time 87.357440 seconds, bootstrap likelihood -71187.917651, best rearrangement setting 12
Bootstrap[18]: Time 85.268450 seconds, bootstrap likelihood -71356.483936, best rearrangement setting 5
Bootstrap[19]: Time 93.204605 seconds, bootstrap likelihood -73757.119378, best rearrangement setting 8
Bootstrap[20]: Time 86.943043 seconds, bootstrap likelihood -74027.539190, best rearrangement setting 10
Bootstrap[21]: Time 90.245477 seconds, bootstrap likelihood -74822.300114, best rearrangement setting 6
Bootstrap[22]: Time 72.763751 seconds, bootstrap likelihood -77520.882932, best rearrangement setting 5
Bootstrap[23]: Time 81.961471 seconds, bootstrap likelihood -72173.162504, best rearrangement setting 7
Bootstrap[24]: Time 100.691766 seconds, bootstrap likelihood -74520.397847, best rearrangement setting 8
Bootstrap[25]: Time 92.345337 seconds, bootstrap likelihood -71554.384986, best rearrangement setting 6
Bootstrap[26]: Time 89.408331 seconds, bootstrap likelihood -72728.451302, best rearrangement setting 12
Bootstrap[27]: Time 104.706187 seconds, bootstrap likelihood -74642.299438, best rearrangement setting 10
Bootstrap[28]: Time 111.174590 seconds, bootstrap likelihood -71794.553108, best rearrangement setting 11
Bootstrap[29]: Time 96.667882 seconds, bootstrap likelihood -70702.487323, best rearrangement setting 12
Bootstrap[30]: Time 99.462380 seconds, bootstrap likelihood -71698.990247, best rearrangement setting 15
Bootstrap[31]: Time 98.174573 seconds, bootstrap likelihood -72009.460423, best rearrangement setting 15
Bootstrap[32]: Time 86.801647 seconds, bootstrap likelihood -74109.104412, best rearrangement setting 6
Bootstrap[33]: Time 109.306461 seconds, bootstrap likelihood -73570.991640, best rearrangement setting 15
Bootstrap[34]: Time 97.288777 seconds, bootstrap likelihood -74092.793587, best rearrangement setting 11
Bootstrap[35]: Time 101.768152 seconds, bootstrap likelihood -72305.997076, best rearrangement setting 8
Bootstrap[36]: Time 99.087174 seconds, bootstrap likelihood -72491.437018, best rearrangement setting 9
Bootstrap[37]: Time 111.059858 seconds, bootstrap likelihood -72964.362139, best rearrangement setting 11
Bootstrap[38]: Time 96.306393 seconds, bootstrap likelihood -71246.931504, best rearrangement setting 8
Bootstrap[39]: Time 98.899434 seconds, bootstrap likelihood -75082.593804, best rearrangement setting 13
Bootstrap[40]: Time 111.532440 seconds, bootstrap likelihood -70949.868639, best rearrangement setting 13
Bootstrap[41]: Time 92.390925 seconds, bootstrap likelihood -72284.979007, best rearrangement setting 10
Bootstrap[42]: Time 78.183916 seconds, bootstrap likelihood -70435.528583, best rearrangement setting 5
Bootstrap[43]: Time 99.362988 seconds, bootstrap likelihood -70823.524910, best rearrangement setting 14
Bootstrap[44]: Time 95.835140 seconds, bootstrap likelihood -73916.958215, best rearrangement setting 10
Bootstrap[45]: Time 107.269470 seconds, bootstrap likelihood -70732.167779, best rearrangement setting 15
Bootstrap[46]: Time 102.996691 seconds, bootstrap likelihood -72576.347039, best rearrangement setting 14
Bootstrap[47]: Time 88.543235 seconds, bootstrap likelihood -74293.033187, best rearrangement setting 8
Bootstrap[48]: Time 95.668299 seconds, bootstrap likelihood -76263.411102, best rearrangement setting 6
Bootstrap[49]: Time 96.702107 seconds, bootstrap likelihood -73853.521906, best rearrangement setting 7
Bootstrap[50]: Time 94.384908 seconds, bootstrap likelihood -74959.546747, best rearrangement setting 7
Bootstrap[51]: Time 97.089436 seconds, bootstrap likelihood -74354.901651, best rearrangement setting 11
Bootstrap[52]: Time 109.873853 seconds, bootstrap likelihood -74087.283264, best rearrangement setting 12
Bootstrap[53]: Time 102.957061 seconds, bootstrap likelihood -71786.656371, best rearrangement setting 8
Bootstrap[54]: Time 102.263647 seconds, bootstrap likelihood -70225.344532, best rearrangement setting 9
Bootstrap[55]: Time 103.028851 seconds, bootstrap likelihood -73434.581263, best rearrangement setting 11
Bootstrap[56]: Time 98.501467 seconds, bootstrap likelihood -73398.124456, best rearrangement setting 5
Bootstrap[57]: Time 82.488219 seconds, bootstrap likelihood -71913.891210, best rearrangement setting 7
Bootstrap[58]: Time 95.372862 seconds, bootstrap likelihood -73090.466981, best rearrangement setting 10
Bootstrap[59]: Time 90.575022 seconds, bootstrap likelihood -76704.153870, best rearrangement setting 9
Bootstrap[60]: Time 91.250862 seconds, bootstrap likelihood -73107.709365, best rearrangement setting 7
Bootstrap[61]: Time 83.661595 seconds, bootstrap likelihood -74255.928215, best rearrangement setting 5
Bootstrap[62]: Time 97.852141 seconds, bootstrap likelihood -72675.398476, best rearrangement setting 11
Bootstrap[63]: Time 98.532550 seconds, bootstrap likelihood -74957.367102, best rearrangement setting 12
Bootstrap[64]: Time 101.627018 seconds, bootstrap likelihood -71475.956613, best rearrangement setting 7
Bootstrap[65]: Time 90.961704 seconds, bootstrap likelihood -74534.701903, best rearrangement setting 5
Bootstrap[66]: Time 86.135981 seconds, bootstrap likelihood -75594.834621, best rearrangement setting 5
Bootstrap[67]: Time 111.406855 seconds, bootstrap likelihood -73602.910032, best rearrangement setting 15
Bootstrap[68]: Time 88.690309 seconds, bootstrap likelihood -74045.895341, best rearrangement setting 11
Bootstrap[69]: Time 102.532004 seconds, bootstrap likelihood -74753.421580, best rearrangement setting 5
Bootstrap[70]: Time 92.478316 seconds, bootstrap likelihood -73555.379550, best rearrangement setting 8
Bootstrap[71]: Time 96.125441 seconds, bootstrap likelihood -72345.767114, best rearrangement setting 10
Bootstrap[72]: Time 116.819938 seconds, bootstrap likelihood -73408.705152, best rearrangement setting 11
Bootstrap[73]: Time 112.234109 seconds, bootstrap likelihood -71858.717496, best rearrangement setting 9
Bootstrap[74]: Time 86.731938 seconds, bootstrap likelihood -71787.301559, best rearrangement setting 5
Bootstrap[75]: Time 88.043208 seconds, bootstrap likelihood -72050.455458, best rearrangement setting 8
Bootstrap[76]: Time 91.920566 seconds, bootstrap likelihood -71810.784342, best rearrangement setting 9
Bootstrap[77]: Time 96.772307 seconds, bootstrap likelihood -73293.354221, best rearrangement setting 11
Bootstrap[78]: Time 98.523941 seconds, bootstrap likelihood -72513.893137, best rearrangement setting 15
Bootstrap[79]: Time 101.078290 seconds, bootstrap likelihood -74038.223044, best rearrangement setting 9
Bootstrap[80]: Time 107.590966 seconds, bootstrap likelihood -75203.641559, best rearrangement setting 15
Bootstrap[81]: Time 96.737836 seconds, bootstrap likelihood -74307.437562, best rearrangement setting 7
Bootstrap[82]: Time 97.928459 seconds, bootstrap likelihood -72008.969278, best rearrangement setting 6
Bootstrap[83]: Time 110.226703 seconds, bootstrap likelihood -73680.507862, best rearrangement setting 10
Bootstrap[84]: Time 113.786889 seconds, bootstrap likelihood -72004.821085, best rearrangement setting 11
Bootstrap[85]: Time 96.024909 seconds, bootstrap likelihood -73363.578170, best rearrangement setting 8
Bootstrap[86]: Time 102.519466 seconds, bootstrap likelihood -74919.533420, best rearrangement setting 7
Bootstrap[87]: Time 99.032226 seconds, bootstrap likelihood -72599.678509, best rearrangement setting 7
Bootstrap[88]: Time 93.792109 seconds, bootstrap likelihood -71668.488630, best rearrangement setting 12
Bootstrap[89]: Time 93.069501 seconds, bootstrap likelihood -70957.921999, best rearrangement setting 10
Bootstrap[90]: Time 100.892775 seconds, bootstrap likelihood -73419.911794, best rearrangement setting 8
Bootstrap[91]: Time 114.237820 seconds, bootstrap likelihood -75413.480958, best rearrangement setting 12
Bootstrap[92]: Time 111.489976 seconds, bootstrap likelihood -75471.660691, best rearrangement setting 13
Bootstrap[93]: Time 118.020395 seconds, bootstrap likelihood -73959.339850, best rearrangement setting 15
Bootstrap[94]: Time 77.316065 seconds, bootstrap likelihood -71267.770418, best rearrangement setting 5
Bootstrap[95]: Time 83.029290 seconds, bootstrap likelihood -75509.572123, best rearrangement setting 5
Bootstrap[96]: Time 119.322243 seconds, bootstrap likelihood -70890.073136, best rearrangement setting 13
Bootstrap[97]: Time 102.375418 seconds, bootstrap likelihood -74489.633084, best rearrangement setting 11
Bootstrap[98]: Time 85.749093 seconds, bootstrap likelihood -72272.614095, best rearrangement setting 6
Bootstrap[99]: Time 93.041813 seconds, bootstrap likelihood -75578.742758, best rearrangement setting 14


Overall Time for 100 Rapid Bootstraps 10149.629246 seconds
Average Time per Rapid Bootstrap 101.496292 seconds

Starting ML Search ...

Fast ML optimization finished

Fast ML search Time: 15849.373903 seconds

Slow ML Search 0 Likelihood: -75646.165322
Slow ML Search 1 Likelihood: -75647.954782
Slow ML Search 2 Likelihood: -75649.629299
Slow ML Search 3 Likelihood: -75656.330443
Slow ML Search 4 Likelihood: -75649.493056
Slow ML Search 5 Likelihood: -75648.073341
Slow ML Search 6 Likelihood: -75656.184385
Slow ML Search 7 Likelihood: -75667.235418
Slow ML Search 8 Likelihood: -75657.427551
Slow ML Search 9 Likelihood: -75657.275252
Slow ML optimization finished

Slow ML search Time: 9301.091439 seconds
Thorough ML search Time: 1696.825974 seconds

Final ML Optimization Likelihood: -75644.978389

Model Information:

Model Parameters of Partition 0, Name: No Name Provided, Type of Data: AA
alpha: 0.925381
Tree-Length: 17.693488
rate A <-> R: 0.603538
rate A <-> N: 0.561915
rate A <-> D: 0.842872
rate A <-> C: 0.582726
rate A <-> Q: 0.593132
rate A <-> E: 1.092612
rate A <-> G: 1.862643
rate A <-> H: 0.280957
rate A <-> I: 0.374610
rate A <-> L: 0.312175
rate A <-> K: 0.364204
rate A <-> M: 0.561915
rate A <-> F: 0.156087
rate A <-> P: 2.018730
rate A <-> S: 3.933403
rate A <-> T: 4.942768
rate A <-> W: 0.093652
rate A <-> Y: 0.114464
rate A <-> V: 3.100937
rate R <-> N: 0.468262
rate R <-> D: 0.166493
rate R <-> C: 1.175858
rate R <-> Q: 3.225806
rate R <-> E: 0.301769
rate R <-> G: 1.425598
rate R <-> H: 3.413111
rate R <-> I: 0.228928
rate R <-> L: 0.395421
rate R <-> K: 6.722164
rate R <-> M: 0.457856
rate R <-> F: 0.052029
rate R <-> P: 0.770031
rate R <-> S: 1.050989
rate R <-> T: 0.665973
rate R <-> W: 1.311134
rate R <-> Y: 0.208117
rate R <-> V: 0.176899
rate N <-> D: 5.494277
rate N <-> C: 0.353798
rate N <-> Q: 0.894901
rate N <-> E: 0.603538
rate N <-> G: 0.842872
rate N <-> H: 4.068678
rate N <-> I: 0.489074
rate N <-> L: 0.124870
rate N <-> K: 2.736733
rate N <-> M: 0.312175
rate N <-> F: 0.104058
rate N <-> P: 0.156087
rate N <-> S: 5.234131
rate N <-> T: 2.414152
rate N <-> W: 0.083247
rate N <-> Y: 0.728408
rate N <-> V: 0.166493
rate D <-> C: 0.104058
rate D <-> Q: 0.509886
rate D <-> E: 7.981270
rate D <-> G: 1.352758
rate D <-> H: 1.165453
rate D <-> I: 0.114464
rate D <-> L: 0.072841
rate D <-> K: 0.270552
rate D <-> M: 0.156087
rate D <-> F: 0.041623
rate D <-> P: 0.156087
rate D <-> S: 0.613944
rate D <-> T: 0.395421
rate D <-> W: 0.041623
rate D <-> Y: 0.478668
rate D <-> V: 0.322581
rate C <-> Q: 0.093652
rate C <-> E: 0.052029
rate C <-> G: 0.613944
rate C <-> H: 0.718002
rate C <-> I: 0.176899
rate C <-> L: 0.239334
rate C <-> K: 0.072841
rate C <-> M: 0.322581
rate C <-> F: 0.811655
rate C <-> P: 0.145682
rate C <-> S: 2.320499
rate C <-> T: 0.437045
rate C <-> W: 1.196670
rate C <-> Y: 2.174818
rate C <-> V: 0.645161
rate Q <-> E: 3.361082
rate Q <-> G: 0.270552
rate Q <-> H: 6.212279
rate Q <-> I: 0.093652
rate Q <-> L: 0.749220
rate Q <-> K: 3.038502
rate Q <-> M: 0.447451
rate Q <-> F: 0.041623
rate Q <-> P: 1.706556
rate Q <-> S: 0.551509
rate Q <-> T: 0.530697
rate Q <-> W: 0.187305
rate Q <-> Y: 0.249740
rate Q <-> V: 0.208117
rate E <-> G: 1.238293
rate E <-> H: 0.270552
rate E <-> I: 0.124870
rate E <-> L: 0.093652
rate E <-> K: 1.883455
rate E <-> M: 0.187305
rate E <-> F: 0.052029
rate E <-> P: 0.187305
rate E <-> S: 0.312175
rate E <-> T: 0.332986
rate E <-> W: 0.104058
rate E <-> Y: 0.072841
rate E <-> V: 0.468262
rate G <-> H: 0.239334
rate G <-> I: 0.062435
rate G <-> L: 0.062435
rate G <-> K: 0.280957
rate G <-> M: 0.145682
rate G <-> F: 0.052029
rate G <-> P: 0.249740
rate G <-> S: 2.091571
rate G <-> T: 0.343392
rate G <-> W: 0.572320
rate G <-> Y: 0.083247
rate G <-> V: 0.489074
rate H <-> I: 0.166493
rate H <-> L: 0.582726
rate H <-> K: 0.468262
rate H <-> M: 0.343392
rate H <-> F: 0.416233
rate H <-> P: 1.196670
rate H <-> S: 0.759625
rate H <-> T: 0.478668
rate H <-> W: 0.083247
rate H <-> Y: 5.962539
rate H <-> V: 0.114464
rate I <-> L: 2.382934
rate I <-> K: 0.218522
rate I <-> M: 4.984391
rate I <-> F: 0.926119
rate I <-> P: 0.104058
rate I <-> S: 0.416233
rate I <-> T: 2.549428
rate I <-> W: 0.093652
rate I <-> Y: 0.332986
rate I <-> V: 10.000000
rate L <-> K: 0.145682
rate L <-> M: 4.037461
rate L <-> F: 2.580645
rate L <-> P: 1.061394
rate L <-> S: 0.613944
rate L <-> T: 0.260146
rate L <-> W: 0.541103
rate L <-> Y: 0.249740
rate L <-> V: 1.873049
rate K <-> M: 0.676379
rate K <-> F: 0.041623
rate K <-> P: 0.218522
rate K <-> S: 0.489074
rate K <-> T: 1.071800
rate K <-> W: 0.104058
rate K <-> Y: 0.083247
rate K <-> V: 0.145682
rate M <-> F: 0.447451
rate M <-> P: 0.166493
rate M <-> S: 0.301769
rate M <-> T: 2.351717
rate M <-> W: 0.249740
rate M <-> Y: 0.187305
rate M <-> V: 3.361082
rate F <-> P: 0.176899
rate F <-> S: 0.957336
rate F <-> T: 0.124870
rate F <-> W: 0.551509
rate F <-> Y: 5.577523
rate F <-> V: 0.645161
rate P <-> S: 2.965661
rate P <-> T: 1.227888
rate P <-> W: 0.062435
rate P <-> Y: 0.104058
rate P <-> V: 0.239334
rate S <-> T: 4.963580
rate S <-> W: 0.364204
rate S <-> Y: 0.655567
rate S <-> V: 0.395421
rate T <-> W: 0.124870
rate T <-> Y: 0.218522
rate T <-> V: 1.165453
rate W <-> Y: 0.738814
rate W <-> V: 0.260146
rate Y <-> V: 0.166493

freq pi(A): 0.076748
freq pi(R): 0.051691
freq pi(N): 0.042645
freq pi(D): 0.051544
freq pi(C): 0.019803
freq pi(Q): 0.040752
freq pi(E): 0.061830
freq pi(G): 0.073152
freq pi(H): 0.022944
freq pi(I): 0.053761
freq pi(L): 0.091904
freq pi(K): 0.058676
freq pi(M): 0.023826
freq pi(F): 0.040126
freq pi(P): 0.050901
freq pi(S): 0.068765
freq pi(T): 0.058565
freq pi(W): 0.014261
freq pi(Y): 0.032102
freq pi(V): 0.066004


ML search took 26847.316493 secs or 7.457588 hours

Combined Bootstrap and ML search took 36996.945943 secs or 10.276929 hours

Drawing Bootstrap Support Values on best-scoring ML tree ...



Found 1 tree in File /Users/prigozhin/Dropbox/NLRomes/Soy_NLRome/RAxML_tree_pbNB-ARC/Initial_Clades/RAxML_bestTree.Int11409_395.Raxml.out



Found 1 tree in File /Users/prigozhin/Dropbox/NLRomes/Soy_NLRome/RAxML_tree_pbNB-ARC/Initial_Clades/RAxML_bestTree.Int11409_395.Raxml.out

Program execution info written to /Users/prigozhin/Dropbox/NLRomes/Soy_NLRome/RAxML_tree_pbNB-ARC/Initial_Clades/RAxML_info.Int11409_395.Raxml.out
All 100 bootstrapped trees written to: /Users/prigozhin/Dropbox/NLRomes/Soy_NLRome/RAxML_tree_pbNB-ARC/Initial_Clades/RAxML_bootstrap.Int11409_395.Raxml.out

Best-scoring ML tree written to: /Users/prigozhin/Dropbox/NLRomes/Soy_NLRome/RAxML_tree_pbNB-ARC/Initial_Clades/RAxML_bestTree.Int11409_395.Raxml.out

Best-scoring ML tree with support values written to: /Users/prigozhin/Dropbox/NLRomes/Soy_NLRome/RAxML_tree_pbNB-ARC/Initial_Clades/RAxML_bipartitions.Int11409_395.Raxml.out

Best-scoring ML tree with support values as branch labels written to: /Users/prigozhin/Dropbox/NLRomes/Soy_NLRome/RAxML_tree_pbNB-ARC/Initial_Clades/RAxML_bipartitionsBranchLabels.Int11409_395.Raxml.out

Overall execution time for full ML analysis: 36997.034194 secs or 10.276954 hours or 0.428206 days

