

IMPORTANT WARNING: Sequences GWHPACES063924 and GWHPACEJ065730 are exactly identical


IMPORTANT WARNING: Sequences GWHPACES063924 and GWHPACEP059967 are exactly identical


IMPORTANT WARNING: Sequences GWHPACES063924 and GWHPACEG063257 are exactly identical


IMPORTANT WARNING: Sequences GWHPACES063924 and GWHPACET064535 are exactly identical


IMPORTANT WARNING: Sequences GWHPACES063924 and GWHPACEW063577 are exactly identical


IMPORTANT WARNING: Sequences GWHPACEM063557 and GWHPACEN062994 are exactly identical


IMPORTANT WARNING: Sequences GWHPACEM063557 and GWHPACEA064046 are exactly identical


IMPORTANT WARNING: Sequences GLYMA_15G230900_1 and GWHPACEA064050 are exactly identical


IMPORTANT WARNING: Sequences GLYMA_15G230900_1 and GWHPACEO064380 are exactly identical


IMPORTANT WARNING: Sequences GLYMA_15G230900_1 and GWHPACEU064069 are exactly identical


IMPORTANT WARNING: Sequences GLYMA_15G230900_1 and GWHPACEL060463 are exactly identical


IMPORTANT WARNING: Sequences GLYMA_15G230900_1 and GWHPACEB057934 are exactly identical


IMPORTANT WARNING: Sequences GLYMA_15G230900_1 and GWHPACEM063561 are exactly identical


IMPORTANT WARNING: Sequences GLYMA_15G230900_1 and GWHPACEN062997 are exactly identical


IMPORTANT WARNING: Sequences GLYMA_15G230900_1 and GWHPACEC059687 are exactly identical


IMPORTANT WARNING: Sequences GWHPACEJ065680 and GWHPACEH063779 are exactly identical


IMPORTANT WARNING: Sequences GWHPACEJ065680 and GWHPACEW063522 are exactly identical


IMPORTANT WARNING: Sequences GWHPACEU064097 and GWHPACEM063596 are exactly identical


IMPORTANT WARNING: Sequences GWHPACEE063518 and GWHPACEJ065701 are exactly identical


IMPORTANT WARNING: Sequences GWHPACEE063518 and GWHPACEW063540 are exactly identical


IMPORTANT WARNING: Sequences GWHPACEE063518 and GWHPACEH063802 are exactly identical


IMPORTANT WARNING: Sequences GWHPACEB057965 and GLYMA_15G233400_1 are exactly identical


IMPORTANT WARNING: Sequences GWHPACEB057965 and GWHPACEU064103 are exactly identical


IMPORTANT WARNING: Sequences GWHPACEB057965 and GWHPACEL060509 are exactly identical


IMPORTANT WARNING: Sequences GWHPACEB057965 and GWHPACEN063031 are exactly identical


IMPORTANT WARNING: Sequences GWHPACEU064063 and GWHPACEH063790 are exactly identical


IMPORTANT WARNING: Sequences GWHPACEU064063 and GWHPACEW063529 are exactly identical


IMPORTANT WARNING: Sequences GWHPACEU064063 and GWHPACEG063223 are exactly identical


IMPORTANT WARNING: Sequences GWHPACEU064063 and GWHPACEJ065689 are exactly identical


IMPORTANT WARNING: Sequences GWHPACEU064063 and GWHPACEQ059548 are exactly identical


IMPORTANT WARNING: Sequences GWHPACEU064063 and GWHPACET064504 are exactly identical


IMPORTANT WARNING: Sequences GWHPACEU064063 and GWHPACEP059934 are exactly identical


IMPORTANT WARNING: Sequences GWHPACEU064063 and GWHPACEE063507 are exactly identical


IMPORTANT WARNING: Sequences GWHPACEU064063 and GWHPACES063887 are exactly identical


IMPORTANT WARNING: Sequences GWHPACEU064063 and GWHPACEV057918 are exactly identical


IMPORTANT WARNING: Sequences GWHPACEW063537 and GWHPACES063897 are exactly identical


IMPORTANT WARNING: Sequences GWHPACEW063537 and GWHPACEG063231 are exactly identical


IMPORTANT WARNING: Sequences GWHPACEW063537 and GWHPACET064512 are exactly identical


IMPORTANT WARNING: Sequences GWHPACEW063537 and GWHPACEJ065698 are exactly identical


IMPORTANT WARNING: Sequences GWHPACEW063537 and GWHPACEX059572 are exactly identical


IMPORTANT WARNING: Sequences GWHPACEW063537 and GWHPACEV057926 are exactly identical


IMPORTANT WARNING: Sequences GWHPACEV057935 and GWHPACEG063239 are exactly identical


IMPORTANT WARNING: Sequences GWHPACEV057935 and GWHPACEJ065709 are exactly identical


IMPORTANT WARNING: Sequences GWHPACEV057935 and GWHPACES063905 are exactly identical


IMPORTANT WARNING: Sequences GWHPACEL060468 and GWHPACEO064386 are exactly identical


IMPORTANT WARNING: Sequences GWHPACEL060468 and GWHPACEB057938 are exactly identical


IMPORTANT WARNING: Sequences GWHPACEL060468 and GWHPACEF060402 are exactly identical


IMPORTANT WARNING: Sequences GWHPACEL060468 and GWHPACEA064055 are exactly identical


IMPORTANT WARNING: Sequences GWHPACEL060468 and GWHPACEN063002 are exactly identical


IMPORTANT WARNING: Sequences GWHPACEL060468 and GWHPACEM063566 are exactly identical


IMPORTANT WARNING: Sequences GWHPACEM063598 and GWHPACEN063027 are exactly identical


IMPORTANT WARNING: Sequences GWHPACEM063593 and GWHPACEC059716 are exactly identical


IMPORTANT WARNING: Sequences GWHPACEM063593 and GWHPACEN063021 are exactly identical


IMPORTANT WARNING: Sequences GWHPACEM063593 and GWHPACEL060502 are exactly identical


IMPORTANT WARNING: Sequences GWHPACEM063593 and GWHPACEU064094 are exactly identical


IMPORTANT WARNING: Sequences GWHPACEV057912 and GWHPACES063880 are exactly identical


IMPORTANT WARNING: Sequences GWHPACEV057912 and GWHPACEG063216 are exactly identical


IMPORTANT WARNING: Sequences GWHPACEV057912 and GWHPACEP059924 are exactly identical


IMPORTANT WARNING: Sequences GWHPACEV057912 and GWHPACEU064056 are exactly identical


IMPORTANT WARNING: Sequences GWHPACEV057912 and GWHPACEX059557 are exactly identical


IMPORTANT WARNING: Sequences GWHPACEG063234 and GWHPACET064515 are exactly identical


IMPORTANT WARNING: Sequences GWHPACEG063234 and GWHPACEP059945 are exactly identical


IMPORTANT WARNING: Sequences GWHPACEG063234 and GWHPACES063900 are exactly identical


IMPORTANT WARNING: Sequences GWHPACEG063234 and GWHPACEX059575 are exactly identical


IMPORTANT WARNING: Sequences GWHPACEE063503 and GWHPACEW063523 are exactly identical


IMPORTANT WARNING: Sequences GWHPACEE063503 and GWHPACEJ065681 are exactly identical


IMPORTANT WARNING: Sequences GLYMA_ZH13_15G215800_1_P and W05_GLYSO_15G041829_1_P are exactly identical


IMPORTANT WARNING: Sequences GWHPACEH063810 and GWHPACEE063527 are exactly identical


IMPORTANT WARNING: Sequences GWHPACEW063549 and GWHPACEX059580 are exactly identical


IMPORTANT WARNING: Sequences GWHPACEK056822 and GWHPACEI065974 are exactly identical


IMPORTANT WARNING: Sequences GWHPACEK056825 and GWHPACEI065977 are exactly identical


IMPORTANT WARNING: Sequences GWHPACEO064409 and GWHPACED060917 are exactly identical


IMPORTANT WARNING: Sequences GWHPACEO064409 and GWHPACEK056851 are exactly identical


IMPORTANT WARNING: Sequences GWHPACEO064409 and GLYMA_ZH13_15G217800_1_P are exactly identical


IMPORTANT WARNING: Sequences GLYMA_ZH13_15G216500_1_P and GWHPACED060896 are exactly identical


IMPORTANT WARNING: Sequences GWHPACEO064377 and GWHPACEA064048 are exactly identical


IMPORTANT WARNING: Sequences GWHPACEU064100 and GWHPACEL060506 are exactly identical


IMPORTANT WARNING: Sequences GWHPACEU064100 and GWHPACEB057962 are exactly identical


IMPORTANT WARNING: Sequences GWHPACEV057954 and GWHPACET064533 are exactly identical


IMPORTANT WARNING: Sequences GWHPACEV057954 and GWHPACEP059963 are exactly identical


IMPORTANT WARNING: Sequences GWHPACEV057954 and GWHPACEE063545 are exactly identical

IMPORTANT WARNING
Found 81 sequences that are exactly identical to other sequences in the alignment.
Normally they should be excluded from the analysis.

Just in case you might need it, an alignment file with 
sequence duplicates removed is printed to file ../../RAxML_tree_pbNB-ARC/Initial_Clades/Int7884_206.afa.reduced


This is RAxML version 8.2.12 released by Alexandros Stamatakis on May 2018.

With greatly appreciated code contributions by:
Andre Aberer      (HITS)
Simon Berger      (HITS)
Alexey Kozlov     (HITS)
Kassian Kobert    (HITS)
David Dao         (KIT and HITS)
Sarah Lutteropp   (KIT and HITS)
Nick Pattengale   (Sandia)
Wayne Pfeiffer    (SDSC)
Akifumi S. Tanabe (NRIFS)
Charlie Taylor    (UF)


Alignment has 3602 distinct alignment patterns

Proportion of gaps and completely undetermined characters in this alignment: 89.21%

RAxML rapid bootstrapping and subsequent ML search

Using 1 distinct models/data partitions with joint branch length optimization



Executing 100 rapid bootstrap inferences and thereafter a thorough ML search 

All free model parameters will be estimated by RAxML
ML estimate of 25 per site rate categories

Likelihood of final tree will be evaluated and optimized under GAMMA

GAMMA Model parameters will be estimated up to an accuracy of 0.1000000000 Log Likelihood units

Partition: 0
Alignment Patterns: 3602
Name: No Name Provided
DataType: AA
Substitution Matrix: JTT
Using fixed base frequencies




RAxML was called as follows:

/Users/prigozhin/Installers/standard-RAxML/raxmlHPC-PTHREADS-AVX -T 2 -n Int7884_206.Raxml.out -f a -x 12345 -p 12345 -# 100 -m PROTCATJTT -s ../../RAxML_tree_pbNB-ARC/Initial_Clades/Int7884_206.afa 



Time for BS model parameter optimization 15.885704
Bootstrap[0]: Time 74.484276 seconds, bootstrap likelihood -64578.989160, best rearrangement setting 13
Bootstrap[1]: Time 57.415618 seconds, bootstrap likelihood -64950.613774, best rearrangement setting 13
Bootstrap[2]: Time 54.789704 seconds, bootstrap likelihood -66506.873512, best rearrangement setting 12
Bootstrap[3]: Time 62.335665 seconds, bootstrap likelihood -65767.967154, best rearrangement setting 15
Bootstrap[4]: Time 54.844982 seconds, bootstrap likelihood -64893.416531, best rearrangement setting 10
Bootstrap[5]: Time 48.293381 seconds, bootstrap likelihood -65681.689391, best rearrangement setting 10
Bootstrap[6]: Time 49.082277 seconds, bootstrap likelihood -66247.257370, best rearrangement setting 6
Bootstrap[7]: Time 49.526044 seconds, bootstrap likelihood -63883.936618, best rearrangement setting 14
Bootstrap[8]: Time 47.831792 seconds, bootstrap likelihood -65710.022659, best rearrangement setting 5
Bootstrap[9]: Time 54.388319 seconds, bootstrap likelihood -66437.062697, best rearrangement setting 7
Bootstrap[10]: Time 49.682321 seconds, bootstrap likelihood -64581.107139, best rearrangement setting 7
Bootstrap[11]: Time 52.118304 seconds, bootstrap likelihood -66467.644917, best rearrangement setting 5
Bootstrap[12]: Time 47.552433 seconds, bootstrap likelihood -64795.899732, best rearrangement setting 8
Bootstrap[13]: Time 48.018988 seconds, bootstrap likelihood -67378.661038, best rearrangement setting 7
Bootstrap[14]: Time 58.580801 seconds, bootstrap likelihood -65454.858779, best rearrangement setting 12
Bootstrap[15]: Time 59.522368 seconds, bootstrap likelihood -64919.033132, best rearrangement setting 15
Bootstrap[16]: Time 56.370012 seconds, bootstrap likelihood -66792.203448, best rearrangement setting 12
Bootstrap[17]: Time 53.967834 seconds, bootstrap likelihood -64980.563395, best rearrangement setting 12
Bootstrap[18]: Time 44.764284 seconds, bootstrap likelihood -64454.232336, best rearrangement setting 5
Bootstrap[19]: Time 55.715883 seconds, bootstrap likelihood -66157.219786, best rearrangement setting 8
Bootstrap[20]: Time 49.853813 seconds, bootstrap likelihood -64415.913124, best rearrangement setting 10
Bootstrap[21]: Time 58.814658 seconds, bootstrap likelihood -64699.799609, best rearrangement setting 6
Bootstrap[22]: Time 45.161719 seconds, bootstrap likelihood -65860.929161, best rearrangement setting 5
Bootstrap[23]: Time 58.130352 seconds, bootstrap likelihood -65966.658989, best rearrangement setting 7
Bootstrap[24]: Time 47.229122 seconds, bootstrap likelihood -64139.611548, best rearrangement setting 8
Bootstrap[25]: Time 51.671237 seconds, bootstrap likelihood -63879.959738, best rearrangement setting 6
Bootstrap[26]: Time 52.742747 seconds, bootstrap likelihood -64996.978340, best rearrangement setting 12
Bootstrap[27]: Time 55.527849 seconds, bootstrap likelihood -65281.107789, best rearrangement setting 10
Bootstrap[28]: Time 63.870499 seconds, bootstrap likelihood -66654.611059, best rearrangement setting 11
Bootstrap[29]: Time 53.905375 seconds, bootstrap likelihood -65650.660909, best rearrangement setting 12
Bootstrap[30]: Time 55.684601 seconds, bootstrap likelihood -65687.944657, best rearrangement setting 15
Bootstrap[31]: Time 56.129437 seconds, bootstrap likelihood -65993.075659, best rearrangement setting 15
Bootstrap[32]: Time 51.705945 seconds, bootstrap likelihood -64183.892608, best rearrangement setting 6
Bootstrap[33]: Time 53.183078 seconds, bootstrap likelihood -65431.464329, best rearrangement setting 15
Bootstrap[34]: Time 55.872760 seconds, bootstrap likelihood -65389.524464, best rearrangement setting 11
Bootstrap[35]: Time 50.461799 seconds, bootstrap likelihood -66549.425617, best rearrangement setting 8
Bootstrap[36]: Time 50.400286 seconds, bootstrap likelihood -65760.135526, best rearrangement setting 9
Bootstrap[37]: Time 56.648174 seconds, bootstrap likelihood -64633.858436, best rearrangement setting 11
Bootstrap[38]: Time 51.465388 seconds, bootstrap likelihood -66097.045213, best rearrangement setting 8
Bootstrap[39]: Time 49.162863 seconds, bootstrap likelihood -66243.782767, best rearrangement setting 13
Bootstrap[40]: Time 50.306658 seconds, bootstrap likelihood -66795.358615, best rearrangement setting 13
Bootstrap[41]: Time 49.341011 seconds, bootstrap likelihood -64980.536281, best rearrangement setting 10
Bootstrap[42]: Time 49.187874 seconds, bootstrap likelihood -66605.439070, best rearrangement setting 5
Bootstrap[43]: Time 45.982348 seconds, bootstrap likelihood -66071.310259, best rearrangement setting 14
Bootstrap[44]: Time 51.467337 seconds, bootstrap likelihood -65360.583632, best rearrangement setting 10
Bootstrap[45]: Time 59.669534 seconds, bootstrap likelihood -65174.208225, best rearrangement setting 15
Bootstrap[46]: Time 59.777941 seconds, bootstrap likelihood -65986.100579, best rearrangement setting 14
Bootstrap[47]: Time 53.714104 seconds, bootstrap likelihood -63999.061207, best rearrangement setting 8
Bootstrap[48]: Time 43.972856 seconds, bootstrap likelihood -65143.092222, best rearrangement setting 6
Bootstrap[49]: Time 42.146543 seconds, bootstrap likelihood -65627.252792, best rearrangement setting 7
Bootstrap[50]: Time 54.735556 seconds, bootstrap likelihood -64748.474408, best rearrangement setting 7
Bootstrap[51]: Time 57.385993 seconds, bootstrap likelihood -66312.573571, best rearrangement setting 11
Bootstrap[52]: Time 52.578515 seconds, bootstrap likelihood -65963.473615, best rearrangement setting 12
Bootstrap[53]: Time 53.395231 seconds, bootstrap likelihood -63585.177132, best rearrangement setting 8
Bootstrap[54]: Time 43.299292 seconds, bootstrap likelihood -66314.288867, best rearrangement setting 9
Bootstrap[55]: Time 57.296819 seconds, bootstrap likelihood -66104.601124, best rearrangement setting 11
Bootstrap[56]: Time 46.809952 seconds, bootstrap likelihood -65507.542645, best rearrangement setting 5
Bootstrap[57]: Time 50.715032 seconds, bootstrap likelihood -67813.235486, best rearrangement setting 7
Bootstrap[58]: Time 51.761121 seconds, bootstrap likelihood -68908.027100, best rearrangement setting 10
Bootstrap[59]: Time 49.202751 seconds, bootstrap likelihood -67365.599833, best rearrangement setting 9
Bootstrap[60]: Time 50.910174 seconds, bootstrap likelihood -66959.132633, best rearrangement setting 7
Bootstrap[61]: Time 48.075609 seconds, bootstrap likelihood -64820.774296, best rearrangement setting 5
Bootstrap[62]: Time 54.503193 seconds, bootstrap likelihood -65457.127904, best rearrangement setting 11
Bootstrap[63]: Time 58.398934 seconds, bootstrap likelihood -66275.151147, best rearrangement setting 12
Bootstrap[64]: Time 56.697940 seconds, bootstrap likelihood -65210.463894, best rearrangement setting 7
Bootstrap[65]: Time 53.524351 seconds, bootstrap likelihood -65576.492798, best rearrangement setting 5
Bootstrap[66]: Time 57.229273 seconds, bootstrap likelihood -63972.889203, best rearrangement setting 5
Bootstrap[67]: Time 50.318005 seconds, bootstrap likelihood -64731.800804, best rearrangement setting 15
Bootstrap[68]: Time 51.628464 seconds, bootstrap likelihood -64922.068753, best rearrangement setting 11
Bootstrap[69]: Time 52.133732 seconds, bootstrap likelihood -65492.604909, best rearrangement setting 5
Bootstrap[70]: Time 52.103429 seconds, bootstrap likelihood -64481.621834, best rearrangement setting 8
Bootstrap[71]: Time 57.596707 seconds, bootstrap likelihood -64136.425323, best rearrangement setting 10
Bootstrap[72]: Time 57.264176 seconds, bootstrap likelihood -66152.215631, best rearrangement setting 11
Bootstrap[73]: Time 51.331926 seconds, bootstrap likelihood -65829.397421, best rearrangement setting 9
Bootstrap[74]: Time 50.726378 seconds, bootstrap likelihood -65536.661114, best rearrangement setting 5
Bootstrap[75]: Time 49.797190 seconds, bootstrap likelihood -65206.862671, best rearrangement setting 8
Bootstrap[76]: Time 48.258874 seconds, bootstrap likelihood -66575.417123, best rearrangement setting 9
Bootstrap[77]: Time 53.605940 seconds, bootstrap likelihood -66974.497908, best rearrangement setting 11
Bootstrap[78]: Time 54.179490 seconds, bootstrap likelihood -64305.030896, best rearrangement setting 15
Bootstrap[79]: Time 55.806606 seconds, bootstrap likelihood -65854.476202, best rearrangement setting 9
Bootstrap[80]: Time 54.177854 seconds, bootstrap likelihood -65014.035638, best rearrangement setting 15
Bootstrap[81]: Time 54.141298 seconds, bootstrap likelihood -64114.618908, best rearrangement setting 7
Bootstrap[82]: Time 55.532443 seconds, bootstrap likelihood -65158.905808, best rearrangement setting 6
Bootstrap[83]: Time 50.882281 seconds, bootstrap likelihood -65537.658293, best rearrangement setting 10
Bootstrap[84]: Time 51.489706 seconds, bootstrap likelihood -64840.887017, best rearrangement setting 11
Bootstrap[85]: Time 54.777606 seconds, bootstrap likelihood -67125.945002, best rearrangement setting 8
Bootstrap[86]: Time 58.959884 seconds, bootstrap likelihood -65883.504543, best rearrangement setting 7
Bootstrap[87]: Time 47.297406 seconds, bootstrap likelihood -65960.879072, best rearrangement setting 7
Bootstrap[88]: Time 55.845070 seconds, bootstrap likelihood -65344.544157, best rearrangement setting 12
Bootstrap[89]: Time 50.265151 seconds, bootstrap likelihood -66808.822325, best rearrangement setting 10
Bootstrap[90]: Time 49.791076 seconds, bootstrap likelihood -64441.624222, best rearrangement setting 8
Bootstrap[91]: Time 55.446787 seconds, bootstrap likelihood -64548.305474, best rearrangement setting 12
Bootstrap[92]: Time 62.697742 seconds, bootstrap likelihood -64269.534781, best rearrangement setting 13
Bootstrap[93]: Time 56.080174 seconds, bootstrap likelihood -64497.663322, best rearrangement setting 15
Bootstrap[94]: Time 49.159816 seconds, bootstrap likelihood -65974.805712, best rearrangement setting 5
Bootstrap[95]: Time 43.549274 seconds, bootstrap likelihood -66908.479316, best rearrangement setting 5
Bootstrap[96]: Time 53.959428 seconds, bootstrap likelihood -65848.807289, best rearrangement setting 13
Bootstrap[97]: Time 53.904484 seconds, bootstrap likelihood -65087.912018, best rearrangement setting 11
Bootstrap[98]: Time 46.800625 seconds, bootstrap likelihood -65906.016051, best rearrangement setting 6
Bootstrap[99]: Time 59.538721 seconds, bootstrap likelihood -64664.543247, best rearrangement setting 14


Overall Time for 100 Rapid Bootstraps 5299.161272 seconds
Average Time per Rapid Bootstrap 52.991613 seconds

Starting ML Search ...

Fast ML optimization finished

Fast ML search Time: 4840.840835 seconds

Slow ML Search 0 Likelihood: -69033.844050
Slow ML Search 1 Likelihood: -69019.012878
Slow ML Search 2 Likelihood: -69018.818232
Slow ML Search 3 Likelihood: -69023.533725
Slow ML Search 4 Likelihood: -69033.782396
Slow ML Search 5 Likelihood: -69033.894177
Slow ML Search 6 Likelihood: -69017.013853
Slow ML Search 7 Likelihood: -69023.517140
Slow ML Search 8 Likelihood: -69016.810587
Slow ML Search 9 Likelihood: -69033.829949
Slow ML optimization finished

Slow ML search Time: 3694.031222 seconds
Thorough ML search Time: 900.683513 seconds

Final ML Optimization Likelihood: -69016.127361

Model Information:

Model Parameters of Partition 0, Name: No Name Provided, Type of Data: AA
alpha: 0.551710
Tree-Length: 9.068122
rate A <-> R: 0.603538
rate A <-> N: 0.561915
rate A <-> D: 0.842872
rate A <-> C: 0.582726
rate A <-> Q: 0.593132
rate A <-> E: 1.092612
rate A <-> G: 1.862643
rate A <-> H: 0.280957
rate A <-> I: 0.374610
rate A <-> L: 0.312175
rate A <-> K: 0.364204
rate A <-> M: 0.561915
rate A <-> F: 0.156087
rate A <-> P: 2.018730
rate A <-> S: 3.933403
rate A <-> T: 4.942768
rate A <-> W: 0.093652
rate A <-> Y: 0.114464
rate A <-> V: 3.100937
rate R <-> N: 0.468262
rate R <-> D: 0.166493
rate R <-> C: 1.175858
rate R <-> Q: 3.225806
rate R <-> E: 0.301769
rate R <-> G: 1.425598
rate R <-> H: 3.413111
rate R <-> I: 0.228928
rate R <-> L: 0.395421
rate R <-> K: 6.722164
rate R <-> M: 0.457856
rate R <-> F: 0.052029
rate R <-> P: 0.770031
rate R <-> S: 1.050989
rate R <-> T: 0.665973
rate R <-> W: 1.311134
rate R <-> Y: 0.208117
rate R <-> V: 0.176899
rate N <-> D: 5.494277
rate N <-> C: 0.353798
rate N <-> Q: 0.894901
rate N <-> E: 0.603538
rate N <-> G: 0.842872
rate N <-> H: 4.068678
rate N <-> I: 0.489074
rate N <-> L: 0.124870
rate N <-> K: 2.736733
rate N <-> M: 0.312175
rate N <-> F: 0.104058
rate N <-> P: 0.156087
rate N <-> S: 5.234131
rate N <-> T: 2.414152
rate N <-> W: 0.083247
rate N <-> Y: 0.728408
rate N <-> V: 0.166493
rate D <-> C: 0.104058
rate D <-> Q: 0.509886
rate D <-> E: 7.981270
rate D <-> G: 1.352758
rate D <-> H: 1.165453
rate D <-> I: 0.114464
rate D <-> L: 0.072841
rate D <-> K: 0.270552
rate D <-> M: 0.156087
rate D <-> F: 0.041623
rate D <-> P: 0.156087
rate D <-> S: 0.613944
rate D <-> T: 0.395421
rate D <-> W: 0.041623
rate D <-> Y: 0.478668
rate D <-> V: 0.322581
rate C <-> Q: 0.093652
rate C <-> E: 0.052029
rate C <-> G: 0.613944
rate C <-> H: 0.718002
rate C <-> I: 0.176899
rate C <-> L: 0.239334
rate C <-> K: 0.072841
rate C <-> M: 0.322581
rate C <-> F: 0.811655
rate C <-> P: 0.145682
rate C <-> S: 2.320499
rate C <-> T: 0.437045
rate C <-> W: 1.196670
rate C <-> Y: 2.174818
rate C <-> V: 0.645161
rate Q <-> E: 3.361082
rate Q <-> G: 0.270552
rate Q <-> H: 6.212279
rate Q <-> I: 0.093652
rate Q <-> L: 0.749220
rate Q <-> K: 3.038502
rate Q <-> M: 0.447451
rate Q <-> F: 0.041623
rate Q <-> P: 1.706556
rate Q <-> S: 0.551509
rate Q <-> T: 0.530697
rate Q <-> W: 0.187305
rate Q <-> Y: 0.249740
rate Q <-> V: 0.208117
rate E <-> G: 1.238293
rate E <-> H: 0.270552
rate E <-> I: 0.124870
rate E <-> L: 0.093652
rate E <-> K: 1.883455
rate E <-> M: 0.187305
rate E <-> F: 0.052029
rate E <-> P: 0.187305
rate E <-> S: 0.312175
rate E <-> T: 0.332986
rate E <-> W: 0.104058
rate E <-> Y: 0.072841
rate E <-> V: 0.468262
rate G <-> H: 0.239334
rate G <-> I: 0.062435
rate G <-> L: 0.062435
rate G <-> K: 0.280957
rate G <-> M: 0.145682
rate G <-> F: 0.052029
rate G <-> P: 0.249740
rate G <-> S: 2.091571
rate G <-> T: 0.343392
rate G <-> W: 0.572320
rate G <-> Y: 0.083247
rate G <-> V: 0.489074
rate H <-> I: 0.166493
rate H <-> L: 0.582726
rate H <-> K: 0.468262
rate H <-> M: 0.343392
rate H <-> F: 0.416233
rate H <-> P: 1.196670
rate H <-> S: 0.759625
rate H <-> T: 0.478668
rate H <-> W: 0.083247
rate H <-> Y: 5.962539
rate H <-> V: 0.114464
rate I <-> L: 2.382934
rate I <-> K: 0.218522
rate I <-> M: 4.984391
rate I <-> F: 0.926119
rate I <-> P: 0.104058
rate I <-> S: 0.416233
rate I <-> T: 2.549428
rate I <-> W: 0.093652
rate I <-> Y: 0.332986
rate I <-> V: 10.000000
rate L <-> K: 0.145682
rate L <-> M: 4.037461
rate L <-> F: 2.580645
rate L <-> P: 1.061394
rate L <-> S: 0.613944
rate L <-> T: 0.260146
rate L <-> W: 0.541103
rate L <-> Y: 0.249740
rate L <-> V: 1.873049
rate K <-> M: 0.676379
rate K <-> F: 0.041623
rate K <-> P: 0.218522
rate K <-> S: 0.489074
rate K <-> T: 1.071800
rate K <-> W: 0.104058
rate K <-> Y: 0.083247
rate K <-> V: 0.145682
rate M <-> F: 0.447451
rate M <-> P: 0.166493
rate M <-> S: 0.301769
rate M <-> T: 2.351717
rate M <-> W: 0.249740
rate M <-> Y: 0.187305
rate M <-> V: 3.361082
rate F <-> P: 0.176899
rate F <-> S: 0.957336
rate F <-> T: 0.124870
rate F <-> W: 0.551509
rate F <-> Y: 5.577523
rate F <-> V: 0.645161
rate P <-> S: 2.965661
rate P <-> T: 1.227888
rate P <-> W: 0.062435
rate P <-> Y: 0.104058
rate P <-> V: 0.239334
rate S <-> T: 4.963580
rate S <-> W: 0.364204
rate S <-> Y: 0.655567
rate S <-> V: 0.395421
rate T <-> W: 0.124870
rate T <-> Y: 0.218522
rate T <-> V: 1.165453
rate W <-> Y: 0.738814
rate W <-> V: 0.260146
rate Y <-> V: 0.166493

freq pi(A): 0.076748
freq pi(R): 0.051691
freq pi(N): 0.042645
freq pi(D): 0.051544
freq pi(C): 0.019803
freq pi(Q): 0.040752
freq pi(E): 0.061830
freq pi(G): 0.073152
freq pi(H): 0.022944
freq pi(I): 0.053761
freq pi(L): 0.091904
freq pi(K): 0.058676
freq pi(M): 0.023826
freq pi(F): 0.040126
freq pi(P): 0.050901
freq pi(S): 0.068765
freq pi(T): 0.058565
freq pi(W): 0.014261
freq pi(Y): 0.032102
freq pi(V): 0.066004


ML search took 9435.586761 secs or 2.620996 hours

Combined Bootstrap and ML search took 14734.748164 secs or 4.092986 hours

Drawing Bootstrap Support Values on best-scoring ML tree ...



Found 1 tree in File /Users/prigozhin/Dropbox/NLRomes/Soy_NLRome/RAxML_tree_pbNB-ARC/Initial_Clades/RAxML_bestTree.Int7884_206.Raxml.out



Found 1 tree in File /Users/prigozhin/Dropbox/NLRomes/Soy_NLRome/RAxML_tree_pbNB-ARC/Initial_Clades/RAxML_bestTree.Int7884_206.Raxml.out

Program execution info written to /Users/prigozhin/Dropbox/NLRomes/Soy_NLRome/RAxML_tree_pbNB-ARC/Initial_Clades/RAxML_info.Int7884_206.Raxml.out
All 100 bootstrapped trees written to: /Users/prigozhin/Dropbox/NLRomes/Soy_NLRome/RAxML_tree_pbNB-ARC/Initial_Clades/RAxML_bootstrap.Int7884_206.Raxml.out

Best-scoring ML tree written to: /Users/prigozhin/Dropbox/NLRomes/Soy_NLRome/RAxML_tree_pbNB-ARC/Initial_Clades/RAxML_bestTree.Int7884_206.Raxml.out

Best-scoring ML tree with support values written to: /Users/prigozhin/Dropbox/NLRomes/Soy_NLRome/RAxML_tree_pbNB-ARC/Initial_Clades/RAxML_bipartitions.Int7884_206.Raxml.out

Best-scoring ML tree with support values as branch labels written to: /Users/prigozhin/Dropbox/NLRomes/Soy_NLRome/RAxML_tree_pbNB-ARC/Initial_Clades/RAxML_bipartitionsBranchLabels.Int7884_206.Raxml.out

Overall execution time for full ML analysis: 14734.795587 secs or 4.092999 hours or 0.170542 days

