((GWHPACEK060254,(GLYMA_16G214669_1,GWHPACEJ069404)),GWHPACEP063425,GWHPACEO068177);
((GWHPACEK060254,(GLYMA_16G214669_1,GWHPACEJ069404)),GWHPACEP063425,GWHPACEO068177);
((GWHPACEK060254,(GLYMA_16G214669_1,GWHPACEJ069404)),GWHPACEP063425,GWHPACEO068177);
((GWHPACEK060254,(GLYMA_16G214669_1,GWHPACEJ069404)),GWHPACEP063425,GWHPACEO068177);
((GWHPACEK060254,(GLYMA_16G214669_1,GWHPACEJ069404)),GWHPACEP063425,GWHPACEO068177);
((GWHPACEK060254,(GLYMA_16G214669_1,GWHPACEJ069404)),GWHPACEP063425,GWHPACEO068177);
((GWHPACEK060254,(GLYMA_16G214669_1,GWHPACEJ069404)),GWHPACEP063425,GWHPACEO068177);
((GWHPACEK060254,(GLYMA_16G214669_1,GWHPACEJ069404)),GWHPACEP063425,GWHPACEO068177);
((GWHPACEK060254,(GLYMA_16G214669_1,GWHPACEJ069404)),GWHPACEP063425,GWHPACEO068177);
((GWHPACEK060254,(GLYMA_16G214669_1,GWHPACEJ069404)),GWHPACEP063425,GWHPACEO068177);
(GWHPACEP063425,((GWHPACEJ069404,GLYMA_16G214669_1),GWHPACEK060254),GWHPACEO068177);
(GWHPACEP063425,((GWHPACEJ069404,GLYMA_16G214669_1),GWHPACEK060254),GWHPACEO068177);
(GWHPACEP063425,((GWHPACEJ069404,GLYMA_16G214669_1),GWHPACEK060254),GWHPACEO068177);
(GWHPACEP063425,((GWHPACEJ069404,GLYMA_16G214669_1),GWHPACEK060254),GWHPACEO068177);
(GWHPACEP063425,((GWHPACEJ069404,GLYMA_16G214669_1),GWHPACEK060254),GWHPACEO068177);
(GWHPACEP063425,((GWHPACEJ069404,GLYMA_16G214669_1),GWHPACEK060254),GWHPACEO068177);
(GWHPACEP063425,((GWHPACEJ069404,GLYMA_16G214669_1),GWHPACEK060254),GWHPACEO068177);
(GWHPACEP063425,((GWHPACEJ069404,GLYMA_16G214669_1),GWHPACEK060254),GWHPACEO068177);
(GWHPACEP063425,((GWHPACEJ069404,GLYMA_16G214669_1),GWHPACEK060254),GWHPACEO068177);
(GWHPACEP063425,((GWHPACEJ069404,GLYMA_16G214669_1),GWHPACEK060254),GWHPACEO068177);
(GWHPACEP063425,((GWHPACEJ069404,GLYMA_16G214669_1),GWHPACEK060254),GWHPACEO068177);
(GWHPACEP063425,((GWHPACEJ069404,GLYMA_16G214669_1),GWHPACEK060254),GWHPACEO068177);
(GWHPACEP063425,((GWHPACEJ069404,GLYMA_16G214669_1),GWHPACEK060254),GWHPACEO068177);
(GWHPACEP063425,((GWHPACEJ069404,GLYMA_16G214669_1),GWHPACEK060254),GWHPACEO068177);
(GWHPACEP063425,((GWHPACEJ069404,GLYMA_16G214669_1),GWHPACEK060254),GWHPACEO068177);
(GWHPACEP063425,((GWHPACEJ069404,GLYMA_16G214669_1),GWHPACEK060254),GWHPACEO068177);
(GWHPACEP063425,((GWHPACEJ069404,GLYMA_16G214669_1),GWHPACEK060254),GWHPACEO068177);
(GWHPACEP063425,((GWHPACEJ069404,GLYMA_16G214669_1),GWHPACEK060254),GWHPACEO068177);
(GWHPACEP063425,((GWHPACEJ069404,GLYMA_16G214669_1),GWHPACEK060254),GWHPACEO068177);
(GWHPACEP063425,((GWHPACEJ069404,GLYMA_16G214669_1),GWHPACEK060254),GWHPACEO068177);
(GWHPACEP063425,(GWHPACEK060254,(GLYMA_16G214669_1,GWHPACEJ069404)),GWHPACEO068177);
(GWHPACEP063425,(GWHPACEK060254,(GLYMA_16G214669_1,GWHPACEJ069404)),GWHPACEO068177);
(GWHPACEP063425,(GWHPACEK060254,(GLYMA_16G214669_1,GWHPACEJ069404)),GWHPACEO068177);
(GWHPACEP063425,(GWHPACEK060254,(GLYMA_16G214669_1,GWHPACEJ069404)),GWHPACEO068177);
(GWHPACEP063425,(GWHPACEK060254,(GLYMA_16G214669_1,GWHPACEJ069404)),GWHPACEO068177);
(GWHPACEP063425,(GWHPACEK060254,(GLYMA_16G214669_1,GWHPACEJ069404)),GWHPACEO068177);
(GWHPACEP063425,(GWHPACEK060254,(GLYMA_16G214669_1,GWHPACEJ069404)),GWHPACEO068177);
(GWHPACEP063425,(GWHPACEK060254,(GLYMA_16G214669_1,GWHPACEJ069404)),GWHPACEO068177);
(GWHPACEP063425,(GWHPACEK060254,(GLYMA_16G214669_1,GWHPACEJ069404)),GWHPACEO068177);
(GWHPACEP063425,(GWHPACEK060254,(GLYMA_16G214669_1,GWHPACEJ069404)),GWHPACEO068177);
(GWHPACEP063425,((GWHPACEJ069404,GLYMA_16G214669_1),GWHPACEK060254),GWHPACEO068177);
(GWHPACEP063425,((GWHPACEJ069404,GLYMA_16G214669_1),GWHPACEK060254),GWHPACEO068177);
(GWHPACEP063425,((GWHPACEJ069404,GLYMA_16G214669_1),GWHPACEK060254),GWHPACEO068177);
(GWHPACEP063425,((GWHPACEJ069404,GLYMA_16G214669_1),GWHPACEK060254),GWHPACEO068177);
(GWHPACEP063425,((GWHPACEJ069404,GLYMA_16G214669_1),GWHPACEK060254),GWHPACEO068177);
(GWHPACEP063425,((GWHPACEJ069404,GLYMA_16G214669_1),GWHPACEK060254),GWHPACEO068177);
(GWHPACEP063425,((GWHPACEJ069404,GLYMA_16G214669_1),GWHPACEK060254),GWHPACEO068177);
(GWHPACEP063425,((GWHPACEJ069404,GLYMA_16G214669_1),GWHPACEK060254),GWHPACEO068177);
(GWHPACEP063425,((GWHPACEJ069404,GLYMA_16G214669_1),GWHPACEK060254),GWHPACEO068177);
(GWHPACEP063425,((GWHPACEJ069404,GLYMA_16G214669_1),GWHPACEK060254),GWHPACEO068177);
(GWHPACEP063425,((GLYMA_16G214669_1,GWHPACEJ069404),GWHPACEK060254),GWHPACEO068177);
(GWHPACEP063425,((GLYMA_16G214669_1,GWHPACEJ069404),GWHPACEK060254),GWHPACEO068177);
(GWHPACEP063425,((GLYMA_16G214669_1,GWHPACEJ069404),GWHPACEK060254),GWHPACEO068177);
(GWHPACEP063425,((GLYMA_16G214669_1,GWHPACEJ069404),GWHPACEK060254),GWHPACEO068177);
(GWHPACEP063425,((GLYMA_16G214669_1,GWHPACEJ069404),GWHPACEK060254),GWHPACEO068177);
(GWHPACEP063425,((GLYMA_16G214669_1,GWHPACEJ069404),GWHPACEK060254),GWHPACEO068177);
(GWHPACEP063425,((GLYMA_16G214669_1,GWHPACEJ069404),GWHPACEK060254),GWHPACEO068177);
(GWHPACEP063425,((GLYMA_16G214669_1,GWHPACEJ069404),GWHPACEK060254),GWHPACEO068177);
(GWHPACEP063425,((GLYMA_16G214669_1,GWHPACEJ069404),GWHPACEK060254),GWHPACEO068177);
(GWHPACEP063425,((GLYMA_16G214669_1,GWHPACEJ069404),GWHPACEK060254),GWHPACEO068177);
(GWHPACEP063425,(GWHPACEK060254,(GLYMA_16G214669_1,GWHPACEJ069404)),GWHPACEO068177);
(GWHPACEP063425,(GWHPACEK060254,(GLYMA_16G214669_1,GWHPACEJ069404)),GWHPACEO068177);
(GWHPACEP063425,(GWHPACEK060254,(GLYMA_16G214669_1,GWHPACEJ069404)),GWHPACEO068177);
(GWHPACEP063425,(GWHPACEK060254,(GLYMA_16G214669_1,GWHPACEJ069404)),GWHPACEO068177);
(GWHPACEP063425,(GWHPACEK060254,(GLYMA_16G214669_1,GWHPACEJ069404)),GWHPACEO068177);
(GWHPACEP063425,(GWHPACEK060254,(GLYMA_16G214669_1,GWHPACEJ069404)),GWHPACEO068177);
(GWHPACEP063425,(GWHPACEK060254,(GLYMA_16G214669_1,GWHPACEJ069404)),GWHPACEO068177);
(GWHPACEP063425,(GWHPACEK060254,(GLYMA_16G214669_1,GWHPACEJ069404)),GWHPACEO068177);
(GWHPACEP063425,(GWHPACEK060254,(GLYMA_16G214669_1,GWHPACEJ069404)),GWHPACEO068177);
(GWHPACEP063425,(GWHPACEK060254,(GLYMA_16G214669_1,GWHPACEJ069404)),GWHPACEO068177);
(GWHPACEP063425,(GWHPACEK060254,(GWHPACEJ069404,GLYMA_16G214669_1)),GWHPACEO068177);
(GWHPACEP063425,(GWHPACEK060254,(GWHPACEJ069404,GLYMA_16G214669_1)),GWHPACEO068177);
(GWHPACEP063425,(GWHPACEK060254,(GWHPACEJ069404,GLYMA_16G214669_1)),GWHPACEO068177);
(GWHPACEP063425,(GWHPACEK060254,(GWHPACEJ069404,GLYMA_16G214669_1)),GWHPACEO068177);
(GWHPACEP063425,(GWHPACEK060254,(GWHPACEJ069404,GLYMA_16G214669_1)),GWHPACEO068177);
(GWHPACEP063425,(GWHPACEK060254,(GWHPACEJ069404,GLYMA_16G214669_1)),GWHPACEO068177);
(GWHPACEP063425,(GWHPACEK060254,(GWHPACEJ069404,GLYMA_16G214669_1)),GWHPACEO068177);
(GWHPACEP063425,(GWHPACEK060254,(GWHPACEJ069404,GLYMA_16G214669_1)),GWHPACEO068177);
(GWHPACEP063425,(GWHPACEK060254,(GWHPACEJ069404,GLYMA_16G214669_1)),GWHPACEO068177);
(GWHPACEP063425,(GWHPACEK060254,(GWHPACEJ069404,GLYMA_16G214669_1)),GWHPACEO068177);
(GWHPACEP063425,((GWHPACEJ069404,GLYMA_16G214669_1),GWHPACEK060254),GWHPACEO068177);
(GWHPACEP063425,((GWHPACEJ069404,GLYMA_16G214669_1),GWHPACEK060254),GWHPACEO068177);
(GWHPACEP063425,((GWHPACEJ069404,GLYMA_16G214669_1),GWHPACEK060254),GWHPACEO068177);
(GWHPACEP063425,((GWHPACEJ069404,GLYMA_16G214669_1),GWHPACEK060254),GWHPACEO068177);
(GWHPACEP063425,((GWHPACEJ069404,GLYMA_16G214669_1),GWHPACEK060254),GWHPACEO068177);
(GWHPACEP063425,((GWHPACEJ069404,GLYMA_16G214669_1),GWHPACEK060254),GWHPACEO068177);
(GWHPACEP063425,((GWHPACEJ069404,GLYMA_16G214669_1),GWHPACEK060254),GWHPACEO068177);
(GWHPACEP063425,((GWHPACEJ069404,GLYMA_16G214669_1),GWHPACEK060254),GWHPACEO068177);
(GWHPACEP063425,((GWHPACEJ069404,GLYMA_16G214669_1),GWHPACEK060254),GWHPACEO068177);
(GWHPACEP063425,((GWHPACEJ069404,GLYMA_16G214669_1),GWHPACEK060254),GWHPACEO068177);
(GWHPACEP063425,(GWHPACEK060254,(GLYMA_16G214669_1,GWHPACEJ069404)),GWHPACEO068177);
(GWHPACEP063425,(GWHPACEK060254,(GLYMA_16G214669_1,GWHPACEJ069404)),GWHPACEO068177);
(GWHPACEP063425,(GWHPACEK060254,(GLYMA_16G214669_1,GWHPACEJ069404)),GWHPACEO068177);
(GWHPACEP063425,(GWHPACEK060254,(GLYMA_16G214669_1,GWHPACEJ069404)),GWHPACEO068177);
(GWHPACEP063425,(GWHPACEK060254,(GLYMA_16G214669_1,GWHPACEJ069404)),GWHPACEO068177);
(GWHPACEP063425,(GWHPACEK060254,(GLYMA_16G214669_1,GWHPACEJ069404)),GWHPACEO068177);
(GWHPACEP063425,(GWHPACEK060254,(GLYMA_16G214669_1,GWHPACEJ069404)),GWHPACEO068177);
(GWHPACEP063425,(GWHPACEK060254,(GLYMA_16G214669_1,GWHPACEJ069404)),GWHPACEO068177);
(GWHPACEP063425,(GWHPACEK060254,(GLYMA_16G214669_1,GWHPACEJ069404)),GWHPACEO068177);
(GWHPACEP063425,(GWHPACEK060254,(GLYMA_16G214669_1,GWHPACEJ069404)),GWHPACEO068177);
