(GWHPACEL060684,(GWHPACEB058148,(GWHPACDY065667,GLYMA_15G246800_1)),GWHPACEN063198);
(GWHPACEL060684,(GWHPACEB058148,(GWHPACDY065667,GLYMA_15G246800_1)),GWHPACEN063198);
(GWHPACEL060684,(GWHPACEB058148,(GWHPACDY065667,GLYMA_15G246800_1)),GWHPACEN063198);
(GWHPACEL060684,(GWHPACEB058148,(GWHPACDY065667,GLYMA_15G246800_1)),GWHPACEN063198);
(GWHPACEL060684,(GWHPACEB058148,(GWHPACDY065667,GLYMA_15G246800_1)),GWHPACEN063198);
(GWHPACEL060684,(GWHPACEB058148,(GWHPACDY065667,GLYMA_15G246800_1)),GWHPACEN063198);
(GWHPACEL060684,(GWHPACEB058148,(GWHPACDY065667,GLYMA_15G246800_1)),GWHPACEN063198);
(GWHPACEL060684,(GWHPACEB058148,(GWHPACDY065667,GLYMA_15G246800_1)),GWHPACEN063198);
(GWHPACEL060684,(GWHPACEB058148,(GWHPACDY065667,GLYMA_15G246800_1)),GWHPACEN063198);
(GWHPACEL060684,(GWHPACEB058148,(GWHPACDY065667,GLYMA_15G246800_1)),GWHPACEN063198);
((GLYMA_15G246800_1,(GWHPACDY065667,GWHPACEB058148)),GWHPACEL060684,GWHPACEN063198);
((GLYMA_15G246800_1,(GWHPACDY065667,GWHPACEB058148)),GWHPACEL060684,GWHPACEN063198);
((GLYMA_15G246800_1,(GWHPACDY065667,GWHPACEB058148)),GWHPACEL060684,GWHPACEN063198);
((GLYMA_15G246800_1,(GWHPACDY065667,GWHPACEB058148)),GWHPACEL060684,GWHPACEN063198);
((GLYMA_15G246800_1,(GWHPACDY065667,GWHPACEB058148)),GWHPACEL060684,GWHPACEN063198);
((GLYMA_15G246800_1,(GWHPACDY065667,GWHPACEB058148)),GWHPACEL060684,GWHPACEN063198);
((GLYMA_15G246800_1,(GWHPACDY065667,GWHPACEB058148)),GWHPACEL060684,GWHPACEN063198);
((GLYMA_15G246800_1,(GWHPACDY065667,GWHPACEB058148)),GWHPACEL060684,GWHPACEN063198);
((GLYMA_15G246800_1,(GWHPACDY065667,GWHPACEB058148)),GWHPACEL060684,GWHPACEN063198);
((GLYMA_15G246800_1,(GWHPACDY065667,GWHPACEB058148)),GWHPACEL060684,GWHPACEN063198);
(GWHPACDY065667,(GWHPACEB058148,(GLYMA_15G246800_1,GWHPACEL060684)),GWHPACEN063198);
(GWHPACDY065667,(GWHPACEB058148,(GLYMA_15G246800_1,GWHPACEL060684)),GWHPACEN063198);
(GWHPACDY065667,(GWHPACEB058148,(GLYMA_15G246800_1,GWHPACEL060684)),GWHPACEN063198);
(GWHPACDY065667,(GWHPACEB058148,(GLYMA_15G246800_1,GWHPACEL060684)),GWHPACEN063198);
(GWHPACDY065667,(GWHPACEB058148,(GLYMA_15G246800_1,GWHPACEL060684)),GWHPACEN063198);
(GWHPACDY065667,(GWHPACEB058148,(GLYMA_15G246800_1,GWHPACEL060684)),GWHPACEN063198);
(GWHPACDY065667,(GWHPACEB058148,(GLYMA_15G246800_1,GWHPACEL060684)),GWHPACEN063198);
(GWHPACDY065667,(GWHPACEB058148,(GLYMA_15G246800_1,GWHPACEL060684)),GWHPACEN063198);
(GWHPACDY065667,(GWHPACEB058148,(GLYMA_15G246800_1,GWHPACEL060684)),GWHPACEN063198);
(GWHPACDY065667,(GWHPACEB058148,(GLYMA_15G246800_1,GWHPACEL060684)),GWHPACEN063198);
((GWHPACEB058148,(GWHPACDY065667,GLYMA_15G246800_1)),GWHPACEL060684,GWHPACEN063198);
((GWHPACEB058148,(GWHPACDY065667,GLYMA_15G246800_1)),GWHPACEL060684,GWHPACEN063198);
((GWHPACEB058148,(GWHPACDY065667,GLYMA_15G246800_1)),GWHPACEL060684,GWHPACEN063198);
((GWHPACEB058148,(GWHPACDY065667,GLYMA_15G246800_1)),GWHPACEL060684,GWHPACEN063198);
((GWHPACEB058148,(GWHPACDY065667,GLYMA_15G246800_1)),GWHPACEL060684,GWHPACEN063198);
((GWHPACEB058148,(GWHPACDY065667,GLYMA_15G246800_1)),GWHPACEL060684,GWHPACEN063198);
((GWHPACEB058148,(GWHPACDY065667,GLYMA_15G246800_1)),GWHPACEL060684,GWHPACEN063198);
((GWHPACEB058148,(GWHPACDY065667,GLYMA_15G246800_1)),GWHPACEL060684,GWHPACEN063198);
((GWHPACEB058148,(GWHPACDY065667,GLYMA_15G246800_1)),GWHPACEL060684,GWHPACEN063198);
((GWHPACEB058148,(GWHPACDY065667,GLYMA_15G246800_1)),GWHPACEL060684,GWHPACEN063198);
(GWHPACDY065667,(GLYMA_15G246800_1,(GWHPACEB058148,GWHPACEL060684)),GWHPACEN063198);
(GWHPACDY065667,(GLYMA_15G246800_1,(GWHPACEB058148,GWHPACEL060684)),GWHPACEN063198);
(GWHPACDY065667,(GLYMA_15G246800_1,(GWHPACEB058148,GWHPACEL060684)),GWHPACEN063198);
(GWHPACDY065667,(GLYMA_15G246800_1,(GWHPACEB058148,GWHPACEL060684)),GWHPACEN063198);
(GWHPACDY065667,(GLYMA_15G246800_1,(GWHPACEB058148,GWHPACEL060684)),GWHPACEN063198);
(GWHPACDY065667,(GLYMA_15G246800_1,(GWHPACEB058148,GWHPACEL060684)),GWHPACEN063198);
(GWHPACDY065667,(GLYMA_15G246800_1,(GWHPACEB058148,GWHPACEL060684)),GWHPACEN063198);
(GWHPACDY065667,(GLYMA_15G246800_1,(GWHPACEB058148,GWHPACEL060684)),GWHPACEN063198);
(GWHPACDY065667,(GLYMA_15G246800_1,(GWHPACEB058148,GWHPACEL060684)),GWHPACEN063198);
(GWHPACDY065667,(GLYMA_15G246800_1,(GWHPACEB058148,GWHPACEL060684)),GWHPACEN063198);
(GWHPACEB058148,(GWHPACDY065667,(GLYMA_15G246800_1,GWHPACEL060684)),GWHPACEN063198);
(GWHPACEB058148,(GWHPACDY065667,(GLYMA_15G246800_1,GWHPACEL060684)),GWHPACEN063198);
(GWHPACEB058148,(GWHPACDY065667,(GLYMA_15G246800_1,GWHPACEL060684)),GWHPACEN063198);
(GWHPACEB058148,(GWHPACDY065667,(GLYMA_15G246800_1,GWHPACEL060684)),GWHPACEN063198);
(GWHPACEB058148,(GWHPACDY065667,(GLYMA_15G246800_1,GWHPACEL060684)),GWHPACEN063198);
(GWHPACEB058148,(GWHPACDY065667,(GLYMA_15G246800_1,GWHPACEL060684)),GWHPACEN063198);
(GWHPACEB058148,(GWHPACDY065667,(GLYMA_15G246800_1,GWHPACEL060684)),GWHPACEN063198);
(GWHPACEB058148,(GWHPACDY065667,(GLYMA_15G246800_1,GWHPACEL060684)),GWHPACEN063198);
(GWHPACEB058148,(GWHPACDY065667,(GLYMA_15G246800_1,GWHPACEL060684)),GWHPACEN063198);
(GWHPACEB058148,(GWHPACDY065667,(GLYMA_15G246800_1,GWHPACEL060684)),GWHPACEN063198);
(GLYMA_15G246800_1,(GWHPACEL060684,(GWHPACEB058148,GWHPACDY065667)),GWHPACEN063198);
(GLYMA_15G246800_1,(GWHPACEL060684,(GWHPACEB058148,GWHPACDY065667)),GWHPACEN063198);
(GLYMA_15G246800_1,(GWHPACEL060684,(GWHPACEB058148,GWHPACDY065667)),GWHPACEN063198);
(GLYMA_15G246800_1,(GWHPACEL060684,(GWHPACEB058148,GWHPACDY065667)),GWHPACEN063198);
(GLYMA_15G246800_1,(GWHPACEL060684,(GWHPACEB058148,GWHPACDY065667)),GWHPACEN063198);
(GLYMA_15G246800_1,(GWHPACEL060684,(GWHPACEB058148,GWHPACDY065667)),GWHPACEN063198);
(GLYMA_15G246800_1,(GWHPACEL060684,(GWHPACEB058148,GWHPACDY065667)),GWHPACEN063198);
(GLYMA_15G246800_1,(GWHPACEL060684,(GWHPACEB058148,GWHPACDY065667)),GWHPACEN063198);
(GLYMA_15G246800_1,(GWHPACEL060684,(GWHPACEB058148,GWHPACDY065667)),GWHPACEN063198);
(GLYMA_15G246800_1,(GWHPACEL060684,(GWHPACEB058148,GWHPACDY065667)),GWHPACEN063198);
((GWHPACEB058148,GLYMA_15G246800_1),(GWHPACEL060684,GWHPACDY065667),GWHPACEN063198);
((GWHPACEB058148,GLYMA_15G246800_1),(GWHPACEL060684,GWHPACDY065667),GWHPACEN063198);
((GWHPACEB058148,GLYMA_15G246800_1),(GWHPACEL060684,GWHPACDY065667),GWHPACEN063198);
((GWHPACEB058148,GLYMA_15G246800_1),(GWHPACEL060684,GWHPACDY065667),GWHPACEN063198);
((GWHPACEB058148,GLYMA_15G246800_1),(GWHPACEL060684,GWHPACDY065667),GWHPACEN063198);
((GWHPACEB058148,GLYMA_15G246800_1),(GWHPACEL060684,GWHPACDY065667),GWHPACEN063198);
((GWHPACEB058148,GLYMA_15G246800_1),(GWHPACEL060684,GWHPACDY065667),GWHPACEN063198);
((GWHPACEB058148,GLYMA_15G246800_1),(GWHPACEL060684,GWHPACDY065667),GWHPACEN063198);
((GWHPACEB058148,GLYMA_15G246800_1),(GWHPACEL060684,GWHPACDY065667),GWHPACEN063198);
((GWHPACEB058148,GLYMA_15G246800_1),(GWHPACEL060684,GWHPACDY065667),GWHPACEN063198);
((GWHPACDY065667,(GLYMA_15G246800_1,GWHPACEB058148)),GWHPACEL060684,GWHPACEN063198);
((GWHPACDY065667,(GLYMA_15G246800_1,GWHPACEB058148)),GWHPACEL060684,GWHPACEN063198);
((GWHPACDY065667,(GLYMA_15G246800_1,GWHPACEB058148)),GWHPACEL060684,GWHPACEN063198);
((GWHPACDY065667,(GLYMA_15G246800_1,GWHPACEB058148)),GWHPACEL060684,GWHPACEN063198);
((GWHPACDY065667,(GLYMA_15G246800_1,GWHPACEB058148)),GWHPACEL060684,GWHPACEN063198);
((GWHPACDY065667,(GLYMA_15G246800_1,GWHPACEB058148)),GWHPACEL060684,GWHPACEN063198);
((GWHPACDY065667,(GLYMA_15G246800_1,GWHPACEB058148)),GWHPACEL060684,GWHPACEN063198);
((GWHPACDY065667,(GLYMA_15G246800_1,GWHPACEB058148)),GWHPACEL060684,GWHPACEN063198);
((GWHPACDY065667,(GLYMA_15G246800_1,GWHPACEB058148)),GWHPACEL060684,GWHPACEN063198);
((GWHPACDY065667,(GLYMA_15G246800_1,GWHPACEB058148)),GWHPACEL060684,GWHPACEN063198);
(GWHPACEL060684,(GWHPACEB058148,(GLYMA_15G246800_1,GWHPACDY065667)),GWHPACEN063198);
(GWHPACEL060684,(GWHPACEB058148,(GLYMA_15G246800_1,GWHPACDY065667)),GWHPACEN063198);
(GWHPACEL060684,(GWHPACEB058148,(GLYMA_15G246800_1,GWHPACDY065667)),GWHPACEN063198);
(GWHPACEL060684,(GWHPACEB058148,(GLYMA_15G246800_1,GWHPACDY065667)),GWHPACEN063198);
(GWHPACEL060684,(GWHPACEB058148,(GLYMA_15G246800_1,GWHPACDY065667)),GWHPACEN063198);
(GWHPACEL060684,(GWHPACEB058148,(GLYMA_15G246800_1,GWHPACDY065667)),GWHPACEN063198);
(GWHPACEL060684,(GWHPACEB058148,(GLYMA_15G246800_1,GWHPACDY065667)),GWHPACEN063198);
(GWHPACEL060684,(GWHPACEB058148,(GLYMA_15G246800_1,GWHPACDY065667)),GWHPACEN063198);
(GWHPACEL060684,(GWHPACEB058148,(GLYMA_15G246800_1,GWHPACDY065667)),GWHPACEN063198);
(GWHPACEL060684,(GWHPACEB058148,(GLYMA_15G246800_1,GWHPACDY065667)),GWHPACEN063198);
