(GWHPACET064516,(GWHPACEQ059557,((GWHPACEF060412,(GWHPACEI065985,W05_GLYSO_15G041833_1_P)),GWHPACEP059946)),GWHPACDZ062573);
(GWHPACET064516,(GWHPACEQ059557,((GWHPACEF060412,(GWHPACEI065985,W05_GLYSO_15G041833_1_P)),GWHPACEP059946)),GWHPACDZ062573);
((GWHPACEF060412,(GWHPACEI065985,W05_GLYSO_15G041833_1_P)),((GWHPACET064516,GWHPACEP059946),GWHPACEQ059557),GWHPACDZ062573);
((GWHPACEF060412,(GWHPACEI065985,W05_GLYSO_15G041833_1_P)),((GWHPACET064516,GWHPACEP059946),GWHPACEQ059557),GWHPACDZ062573);
((GWHPACEF060412,(GWHPACEI065985,W05_GLYSO_15G041833_1_P)),((GWHPACET064516,GWHPACEP059946),GWHPACEQ059557),GWHPACDZ062573);
((GWHPACEF060412,(GWHPACEI065985,W05_GLYSO_15G041833_1_P)),((GWHPACET064516,GWHPACEP059946),GWHPACEQ059557),GWHPACDZ062573);
((GWHPACEF060412,(GWHPACEI065985,W05_GLYSO_15G041833_1_P)),((GWHPACET064516,GWHPACEP059946),GWHPACEQ059557),GWHPACDZ062573);
((GWHPACEF060412,(GWHPACEI065985,W05_GLYSO_15G041833_1_P)),((GWHPACET064516,GWHPACEP059946),GWHPACEQ059557),GWHPACDZ062573);
((GWHPACEF060412,(GWHPACEI065985,W05_GLYSO_15G041833_1_P)),((GWHPACET064516,GWHPACEP059946),GWHPACEQ059557),GWHPACDZ062573);
((GWHPACEF060412,(GWHPACEI065985,W05_GLYSO_15G041833_1_P)),((GWHPACET064516,GWHPACEP059946),GWHPACEQ059557),GWHPACDZ062573);
((GWHPACEP059946,(GWHPACET064516,GWHPACEQ059557)),((W05_GLYSO_15G041833_1_P,GWHPACEI065985),GWHPACEF060412),GWHPACDZ062573);
((GWHPACEP059946,(GWHPACET064516,GWHPACEQ059557)),((W05_GLYSO_15G041833_1_P,GWHPACEI065985),GWHPACEF060412),GWHPACDZ062573);
((GWHPACEP059946,(GWHPACET064516,GWHPACEQ059557)),((W05_GLYSO_15G041833_1_P,GWHPACEI065985),GWHPACEF060412),GWHPACDZ062573);
((GWHPACEP059946,(GWHPACET064516,GWHPACEQ059557)),((W05_GLYSO_15G041833_1_P,GWHPACEI065985),GWHPACEF060412),GWHPACDZ062573);
((GWHPACEP059946,(GWHPACET064516,GWHPACEQ059557)),((W05_GLYSO_15G041833_1_P,GWHPACEI065985),GWHPACEF060412),GWHPACDZ062573);
((GWHPACEP059946,(GWHPACET064516,GWHPACEQ059557)),((W05_GLYSO_15G041833_1_P,GWHPACEI065985),GWHPACEF060412),GWHPACDZ062573);
((GWHPACEP059946,(GWHPACET064516,GWHPACEQ059557)),((W05_GLYSO_15G041833_1_P,GWHPACEI065985),GWHPACEF060412),GWHPACDZ062573);
((GWHPACEP059946,(GWHPACET064516,GWHPACEQ059557)),((W05_GLYSO_15G041833_1_P,GWHPACEI065985),GWHPACEF060412),GWHPACDZ062573);
((GWHPACEP059946,(GWHPACET064516,GWHPACEQ059557)),((W05_GLYSO_15G041833_1_P,GWHPACEI065985),GWHPACEF060412),GWHPACDZ062573);
((GWHPACEP059946,(GWHPACET064516,GWHPACEQ059557)),((W05_GLYSO_15G041833_1_P,GWHPACEI065985),GWHPACEF060412),GWHPACDZ062573);
((GWHPACET064516,(GWHPACEQ059557,GWHPACEP059946)),(GWHPACEF060412,(W05_GLYSO_15G041833_1_P,GWHPACEI065985)),GWHPACDZ062573);
((GWHPACET064516,(GWHPACEQ059557,GWHPACEP059946)),(GWHPACEF060412,(W05_GLYSO_15G041833_1_P,GWHPACEI065985)),GWHPACDZ062573);
((GWHPACET064516,(GWHPACEQ059557,GWHPACEP059946)),(GWHPACEF060412,(W05_GLYSO_15G041833_1_P,GWHPACEI065985)),GWHPACDZ062573);
((GWHPACET064516,(GWHPACEQ059557,GWHPACEP059946)),(GWHPACEF060412,(W05_GLYSO_15G041833_1_P,GWHPACEI065985)),GWHPACDZ062573);
((GWHPACET064516,(GWHPACEQ059557,GWHPACEP059946)),(GWHPACEF060412,(W05_GLYSO_15G041833_1_P,GWHPACEI065985)),GWHPACDZ062573);
((GWHPACET064516,(GWHPACEQ059557,GWHPACEP059946)),(GWHPACEF060412,(W05_GLYSO_15G041833_1_P,GWHPACEI065985)),GWHPACDZ062573);
((GWHPACET064516,(GWHPACEQ059557,GWHPACEP059946)),(GWHPACEF060412,(W05_GLYSO_15G041833_1_P,GWHPACEI065985)),GWHPACDZ062573);
((GWHPACET064516,(GWHPACEQ059557,GWHPACEP059946)),(GWHPACEF060412,(W05_GLYSO_15G041833_1_P,GWHPACEI065985)),GWHPACDZ062573);
((GWHPACET064516,(GWHPACEQ059557,GWHPACEP059946)),(GWHPACEF060412,(W05_GLYSO_15G041833_1_P,GWHPACEI065985)),GWHPACDZ062573);
((GWHPACET064516,(GWHPACEQ059557,GWHPACEP059946)),(GWHPACEF060412,(W05_GLYSO_15G041833_1_P,GWHPACEI065985)),GWHPACDZ062573);
(GWHPACEP059946,(GWHPACEQ059557,(GWHPACET064516,(GWHPACEF060412,(W05_GLYSO_15G041833_1_P,GWHPACEI065985)))),GWHPACDZ062573);
(GWHPACEP059946,(GWHPACEQ059557,(GWHPACET064516,(GWHPACEF060412,(W05_GLYSO_15G041833_1_P,GWHPACEI065985)))),GWHPACDZ062573);
(GWHPACEP059946,(GWHPACEQ059557,(GWHPACET064516,(GWHPACEF060412,(W05_GLYSO_15G041833_1_P,GWHPACEI065985)))),GWHPACDZ062573);
(GWHPACEP059946,(GWHPACEQ059557,(GWHPACET064516,(GWHPACEF060412,(W05_GLYSO_15G041833_1_P,GWHPACEI065985)))),GWHPACDZ062573);
(GWHPACEP059946,(GWHPACEQ059557,(GWHPACET064516,(GWHPACEF060412,(W05_GLYSO_15G041833_1_P,GWHPACEI065985)))),GWHPACDZ062573);
(GWHPACEP059946,(GWHPACEQ059557,(GWHPACET064516,(GWHPACEF060412,(W05_GLYSO_15G041833_1_P,GWHPACEI065985)))),GWHPACDZ062573);
(GWHPACEP059946,(GWHPACEQ059557,(GWHPACET064516,(GWHPACEF060412,(W05_GLYSO_15G041833_1_P,GWHPACEI065985)))),GWHPACDZ062573);
(GWHPACEP059946,(GWHPACEQ059557,(GWHPACET064516,(GWHPACEF060412,(W05_GLYSO_15G041833_1_P,GWHPACEI065985)))),GWHPACDZ062573);
(GWHPACEP059946,(GWHPACEQ059557,(GWHPACET064516,(GWHPACEF060412,(W05_GLYSO_15G041833_1_P,GWHPACEI065985)))),GWHPACDZ062573);
(GWHPACEP059946,(GWHPACEQ059557,(GWHPACET064516,(GWHPACEF060412,(W05_GLYSO_15G041833_1_P,GWHPACEI065985)))),GWHPACDZ062573);
((GWHPACEQ059557,(GWHPACET064516,GWHPACEP059946)),(GWHPACEF060412,(W05_GLYSO_15G041833_1_P,GWHPACEI065985)),GWHPACDZ062573);
((GWHPACEQ059557,(GWHPACET064516,GWHPACEP059946)),(GWHPACEF060412,(W05_GLYSO_15G041833_1_P,GWHPACEI065985)),GWHPACDZ062573);
((GWHPACEQ059557,(GWHPACET064516,GWHPACEP059946)),(GWHPACEF060412,(W05_GLYSO_15G041833_1_P,GWHPACEI065985)),GWHPACDZ062573);
((GWHPACEQ059557,(GWHPACET064516,GWHPACEP059946)),(GWHPACEF060412,(W05_GLYSO_15G041833_1_P,GWHPACEI065985)),GWHPACDZ062573);
((GWHPACEQ059557,(GWHPACET064516,GWHPACEP059946)),(GWHPACEF060412,(W05_GLYSO_15G041833_1_P,GWHPACEI065985)),GWHPACDZ062573);
((GWHPACEQ059557,(GWHPACET064516,GWHPACEP059946)),(GWHPACEF060412,(W05_GLYSO_15G041833_1_P,GWHPACEI065985)),GWHPACDZ062573);
((GWHPACEQ059557,(GWHPACET064516,GWHPACEP059946)),(GWHPACEF060412,(W05_GLYSO_15G041833_1_P,GWHPACEI065985)),GWHPACDZ062573);
((GWHPACEQ059557,(GWHPACET064516,GWHPACEP059946)),(GWHPACEF060412,(W05_GLYSO_15G041833_1_P,GWHPACEI065985)),GWHPACDZ062573);
((GWHPACEQ059557,(GWHPACET064516,GWHPACEP059946)),(GWHPACEF060412,(W05_GLYSO_15G041833_1_P,GWHPACEI065985)),GWHPACDZ062573);
((GWHPACEQ059557,(GWHPACET064516,GWHPACEP059946)),(GWHPACEF060412,(W05_GLYSO_15G041833_1_P,GWHPACEI065985)),GWHPACDZ062573);
((GWHPACEQ059557,((GWHPACEF060412,(W05_GLYSO_15G041833_1_P,GWHPACEI065985)),GWHPACEP059946)),GWHPACET064516,GWHPACDZ062573);
((GWHPACEQ059557,((GWHPACEF060412,(W05_GLYSO_15G041833_1_P,GWHPACEI065985)),GWHPACEP059946)),GWHPACET064516,GWHPACDZ062573);
((GWHPACEQ059557,((GWHPACEF060412,(W05_GLYSO_15G041833_1_P,GWHPACEI065985)),GWHPACEP059946)),GWHPACET064516,GWHPACDZ062573);
((GWHPACEQ059557,((GWHPACEF060412,(W05_GLYSO_15G041833_1_P,GWHPACEI065985)),GWHPACEP059946)),GWHPACET064516,GWHPACDZ062573);
((GWHPACEQ059557,((GWHPACEF060412,(W05_GLYSO_15G041833_1_P,GWHPACEI065985)),GWHPACEP059946)),GWHPACET064516,GWHPACDZ062573);
((GWHPACEQ059557,((GWHPACEF060412,(W05_GLYSO_15G041833_1_P,GWHPACEI065985)),GWHPACEP059946)),GWHPACET064516,GWHPACDZ062573);
((GWHPACEF060412,(W05_GLYSO_15G041833_1_P,GWHPACEI065985)),((GWHPACET064516,GWHPACEP059946),GWHPACEQ059557),GWHPACDZ062573);
((GWHPACEF060412,(W05_GLYSO_15G041833_1_P,GWHPACEI065985)),((GWHPACET064516,GWHPACEP059946),GWHPACEQ059557),GWHPACDZ062573);
((GWHPACEF060412,(W05_GLYSO_15G041833_1_P,GWHPACEI065985)),((GWHPACET064516,GWHPACEP059946),GWHPACEQ059557),GWHPACDZ062573);
((GWHPACEF060412,(W05_GLYSO_15G041833_1_P,GWHPACEI065985)),((GWHPACET064516,GWHPACEP059946),GWHPACEQ059557),GWHPACDZ062573);
(GWHPACET064516,(GWHPACEP059946,(GWHPACEQ059557,((GWHPACEI065985,W05_GLYSO_15G041833_1_P),GWHPACEF060412))),GWHPACDZ062573);
(GWHPACET064516,(GWHPACEP059946,(GWHPACEQ059557,((GWHPACEI065985,W05_GLYSO_15G041833_1_P),GWHPACEF060412))),GWHPACDZ062573);
(GWHPACET064516,(GWHPACEP059946,(GWHPACEQ059557,((GWHPACEI065985,W05_GLYSO_15G041833_1_P),GWHPACEF060412))),GWHPACDZ062573);
(GWHPACET064516,(GWHPACEP059946,(GWHPACEQ059557,((GWHPACEI065985,W05_GLYSO_15G041833_1_P),GWHPACEF060412))),GWHPACDZ062573);
(GWHPACET064516,(GWHPACEP059946,(GWHPACEQ059557,((GWHPACEI065985,W05_GLYSO_15G041833_1_P),GWHPACEF060412))),GWHPACDZ062573);
(GWHPACET064516,(GWHPACEP059946,(GWHPACEQ059557,((GWHPACEI065985,W05_GLYSO_15G041833_1_P),GWHPACEF060412))),GWHPACDZ062573);
(GWHPACET064516,(GWHPACEP059946,(GWHPACEQ059557,((GWHPACEI065985,W05_GLYSO_15G041833_1_P),GWHPACEF060412))),GWHPACDZ062573);
(GWHPACET064516,(GWHPACEP059946,(GWHPACEQ059557,((GWHPACEI065985,W05_GLYSO_15G041833_1_P),GWHPACEF060412))),GWHPACDZ062573);
(GWHPACET064516,(GWHPACEP059946,(GWHPACEQ059557,((GWHPACEI065985,W05_GLYSO_15G041833_1_P),GWHPACEF060412))),GWHPACDZ062573);
(((GWHPACEI065985,W05_GLYSO_15G041833_1_P),GWHPACEF060412),((GWHPACET064516,GWHPACEP059946),GWHPACEQ059557),GWHPACDZ062573);
((GWHPACEP059946,GWHPACET064516),((GWHPACEF060412,(W05_GLYSO_15G041833_1_P,GWHPACEI065985)),GWHPACEQ059557),GWHPACDZ062573);
((GWHPACEP059946,GWHPACET064516),((GWHPACEF060412,(W05_GLYSO_15G041833_1_P,GWHPACEI065985)),GWHPACEQ059557),GWHPACDZ062573);
((GWHPACEP059946,GWHPACET064516),((GWHPACEF060412,(W05_GLYSO_15G041833_1_P,GWHPACEI065985)),GWHPACEQ059557),GWHPACDZ062573);
((GWHPACEP059946,GWHPACET064516),((GWHPACEF060412,(W05_GLYSO_15G041833_1_P,GWHPACEI065985)),GWHPACEQ059557),GWHPACDZ062573);
((GWHPACEP059946,GWHPACET064516),((GWHPACEF060412,(W05_GLYSO_15G041833_1_P,GWHPACEI065985)),GWHPACEQ059557),GWHPACDZ062573);
((GWHPACEP059946,GWHPACET064516),((GWHPACEF060412,(W05_GLYSO_15G041833_1_P,GWHPACEI065985)),GWHPACEQ059557),GWHPACDZ062573);
((GWHPACEP059946,GWHPACET064516),((GWHPACEF060412,(W05_GLYSO_15G041833_1_P,GWHPACEI065985)),GWHPACEQ059557),GWHPACDZ062573);
((GWHPACEP059946,GWHPACET064516),((GWHPACEF060412,(W05_GLYSO_15G041833_1_P,GWHPACEI065985)),GWHPACEQ059557),GWHPACDZ062573);
((GWHPACEP059946,GWHPACET064516),((GWHPACEF060412,(W05_GLYSO_15G041833_1_P,GWHPACEI065985)),GWHPACEQ059557),GWHPACDZ062573);
((GWHPACEP059946,GWHPACET064516),((GWHPACEF060412,(W05_GLYSO_15G041833_1_P,GWHPACEI065985)),GWHPACEQ059557),GWHPACDZ062573);
(GWHPACEQ059557,(GWHPACEP059946,(GWHPACET064516,((GWHPACEI065985,W05_GLYSO_15G041833_1_P),GWHPACEF060412))),GWHPACDZ062573);
(GWHPACEQ059557,(GWHPACEP059946,(GWHPACET064516,((GWHPACEI065985,W05_GLYSO_15G041833_1_P),GWHPACEF060412))),GWHPACDZ062573);
(GWHPACEQ059557,(GWHPACEP059946,(GWHPACET064516,((GWHPACEI065985,W05_GLYSO_15G041833_1_P),GWHPACEF060412))),GWHPACDZ062573);
(((GWHPACEI065985,W05_GLYSO_15G041833_1_P),GWHPACEF060412),((GWHPACEP059946,GWHPACET064516),GWHPACEQ059557),GWHPACDZ062573);
(((GWHPACEI065985,W05_GLYSO_15G041833_1_P),GWHPACEF060412),((GWHPACEP059946,GWHPACET064516),GWHPACEQ059557),GWHPACDZ062573);
(((GWHPACEI065985,W05_GLYSO_15G041833_1_P),GWHPACEF060412),((GWHPACEP059946,GWHPACET064516),GWHPACEQ059557),GWHPACDZ062573);
(((GWHPACEI065985,W05_GLYSO_15G041833_1_P),GWHPACEF060412),((GWHPACEP059946,GWHPACET064516),GWHPACEQ059557),GWHPACDZ062573);
(((GWHPACEI065985,W05_GLYSO_15G041833_1_P),GWHPACEF060412),((GWHPACEP059946,GWHPACET064516),GWHPACEQ059557),GWHPACDZ062573);
(((GWHPACEI065985,W05_GLYSO_15G041833_1_P),GWHPACEF060412),((GWHPACEP059946,GWHPACET064516),GWHPACEQ059557),GWHPACDZ062573);
(((GWHPACEI065985,W05_GLYSO_15G041833_1_P),GWHPACEF060412),((GWHPACEP059946,GWHPACET064516),GWHPACEQ059557),GWHPACDZ062573);
((GWHPACEQ059557,GWHPACET064516),(((W05_GLYSO_15G041833_1_P,GWHPACEI065985),GWHPACEF060412),GWHPACEP059946),GWHPACDZ062573);
((GWHPACEQ059557,GWHPACET064516),(((W05_GLYSO_15G041833_1_P,GWHPACEI065985),GWHPACEF060412),GWHPACEP059946),GWHPACDZ062573);
((GWHPACEQ059557,GWHPACET064516),(((W05_GLYSO_15G041833_1_P,GWHPACEI065985),GWHPACEF060412),GWHPACEP059946),GWHPACDZ062573);
((GWHPACEQ059557,GWHPACET064516),(((W05_GLYSO_15G041833_1_P,GWHPACEI065985),GWHPACEF060412),GWHPACEP059946),GWHPACDZ062573);
(((W05_GLYSO_15G041833_1_P,GWHPACEI065985),GWHPACEF060412),(GWHPACET064516,(GWHPACEP059946,GWHPACEQ059557)),GWHPACDZ062573);
(((W05_GLYSO_15G041833_1_P,GWHPACEI065985),GWHPACEF060412),(GWHPACET064516,(GWHPACEP059946,GWHPACEQ059557)),GWHPACDZ062573);
(((W05_GLYSO_15G041833_1_P,GWHPACEI065985),GWHPACEF060412),(GWHPACET064516,(GWHPACEP059946,GWHPACEQ059557)),GWHPACDZ062573);
(((W05_GLYSO_15G041833_1_P,GWHPACEI065985),GWHPACEF060412),(GWHPACET064516,(GWHPACEP059946,GWHPACEQ059557)),GWHPACDZ062573);
(((W05_GLYSO_15G041833_1_P,GWHPACEI065985),GWHPACEF060412),(GWHPACET064516,(GWHPACEP059946,GWHPACEQ059557)),GWHPACDZ062573);
(((W05_GLYSO_15G041833_1_P,GWHPACEI065985),GWHPACEF060412),(GWHPACET064516,(GWHPACEP059946,GWHPACEQ059557)),GWHPACDZ062573);
