

IMPORTANT WARNING: Sequences GWHPACES024192 and GWHPACEM024066 are exactly identical


IMPORTANT WARNING: Sequences GWHPACEG023941 and GWHPACEI024822 are exactly identical


IMPORTANT WARNING: Sequences GWHPACDZ023547 and GWHPACEM024042 are exactly identical


IMPORTANT WARNING: Sequences GWHPACDZ023547 and GWHPACES024173 are exactly identical


IMPORTANT WARNING: Sequences GWHPACEB022489 and GWHPACEW023908 are exactly identical


IMPORTANT WARNING: Sequences GWHPACEB022489 and GLYMA_06G261500_1 are exactly identical


IMPORTANT WARNING: Sequences GWHPACEB022489 and GWHPACEX022682 are exactly identical


IMPORTANT WARNING: Sequences GWHPACEB022489 and GWHPACEA024488 are exactly identical


IMPORTANT WARNING: Sequences GWHPACEB022489 and GWHPACEL023049 are exactly identical


IMPORTANT WARNING: Sequences GWHPACEB022489 and GWHPACEJ024797 are exactly identical


IMPORTANT WARNING: Sequences GWHPACEB022489 and GWHPACEU024159 are exactly identical


IMPORTANT WARNING: Sequences GWHPACEB022489 and GLYMA_ZH13_06G241200_1_P are exactly identical


IMPORTANT WARNING: Sequences GWHPACES024197 and GWHPACDZ023569 are exactly identical


IMPORTANT WARNING: Sequences GWHPACER022287 and GWHPACEV022363 are exactly identical

IMPORTANT WARNING
Found 14 sequences that are exactly identical to other sequences in the alignment.
Normally they should be excluded from the analysis.

Just in case you might need it, an alignment file with 
sequence duplicates removed is printed to file ../../RAxML_tree_pbNB-ARC/Clade_Refinement_3/Int11409_395_471_R_144_154_R_45_58_L_32.afa.reduced


This is RAxML version 8.2.12 released by Alexandros Stamatakis on May 2018.

With greatly appreciated code contributions by:
Andre Aberer      (HITS)
Simon Berger      (HITS)
Alexey Kozlov     (HITS)
Kassian Kobert    (HITS)
David Dao         (KIT and HITS)
Sarah Lutteropp   (KIT and HITS)
Nick Pattengale   (Sandia)
Wayne Pfeiffer    (SDSC)
Akifumi S. Tanabe (NRIFS)
Charlie Taylor    (UF)


Alignment has 523 distinct alignment patterns

Proportion of gaps and completely undetermined characters in this alignment: 14.39%

RAxML rapid bootstrapping and subsequent ML search

Using 1 distinct models/data partitions with joint branch length optimization



Executing 100 rapid bootstrap inferences and thereafter a thorough ML search 

All free model parameters will be estimated by RAxML
ML estimate of 25 per site rate categories

Likelihood of final tree will be evaluated and optimized under GAMMA

GAMMA Model parameters will be estimated up to an accuracy of 0.1000000000 Log Likelihood units

Partition: 0
Alignment Patterns: 523
Name: No Name Provided
DataType: AA
Substitution Matrix: JTT
Using fixed base frequencies




RAxML was called as follows:

/Users/prigozhin/Installers/standard-RAxML/raxmlHPC-PTHREADS-AVX -T 4 -n Int11409_395_471_R_144_154_R_45_58_L_32.Raxml.out -f a -x 12345 -p 12345 -# 100 -m PROTCATJTT -s ../../RAxML_tree_pbNB-ARC/Clade_Refinement_3/Int11409_395_471_R_144_154_R_45_58_L_32.afa 



Time for BS model parameter optimization 0.320365
Bootstrap[0]: Time 1.667788 seconds, bootstrap likelihood -6633.445442, best rearrangement setting 13
Bootstrap[1]: Time 1.196660 seconds, bootstrap likelihood -7376.869933, best rearrangement setting 13
Bootstrap[2]: Time 0.581618 seconds, bootstrap likelihood -7025.239303, best rearrangement setting 12
Bootstrap[3]: Time 0.592949 seconds, bootstrap likelihood -7235.398809, best rearrangement setting 15
Bootstrap[4]: Time 0.574578 seconds, bootstrap likelihood -6946.134189, best rearrangement setting 10
Bootstrap[5]: Time 0.573607 seconds, bootstrap likelihood -7110.825618, best rearrangement setting 10
Bootstrap[6]: Time 0.486379 seconds, bootstrap likelihood -7162.191408, best rearrangement setting 6
Bootstrap[7]: Time 0.517398 seconds, bootstrap likelihood -7198.098500, best rearrangement setting 14
Bootstrap[8]: Time 1.065992 seconds, bootstrap likelihood -7429.537659, best rearrangement setting 5
Bootstrap[9]: Time 0.522477 seconds, bootstrap likelihood -7083.658950, best rearrangement setting 7
Bootstrap[10]: Time 1.076823 seconds, bootstrap likelihood -7202.410490, best rearrangement setting 7
Bootstrap[11]: Time 0.444961 seconds, bootstrap likelihood -7142.844963, best rearrangement setting 5
Bootstrap[12]: Time 0.488731 seconds, bootstrap likelihood -6721.466120, best rearrangement setting 8
Bootstrap[13]: Time 0.510805 seconds, bootstrap likelihood -7140.608367, best rearrangement setting 7
Bootstrap[14]: Time 1.184899 seconds, bootstrap likelihood -7309.339797, best rearrangement setting 12
Bootstrap[15]: Time 1.185932 seconds, bootstrap likelihood -7277.452061, best rearrangement setting 15
Bootstrap[16]: Time 0.561556 seconds, bootstrap likelihood -7113.693120, best rearrangement setting 12
Bootstrap[17]: Time 0.635335 seconds, bootstrap likelihood -7344.097454, best rearrangement setting 12
Bootstrap[18]: Time 0.448724 seconds, bootstrap likelihood -7077.490690, best rearrangement setting 5
Bootstrap[19]: Time 1.312727 seconds, bootstrap likelihood -7031.256466, best rearrangement setting 8
Bootstrap[20]: Time 1.311185 seconds, bootstrap likelihood -7123.770425, best rearrangement setting 10
Bootstrap[21]: Time 0.528933 seconds, bootstrap likelihood -7933.368361, best rearrangement setting 6
Bootstrap[22]: Time 0.494836 seconds, bootstrap likelihood -7269.744602, best rearrangement setting 5
Bootstrap[23]: Time 0.546247 seconds, bootstrap likelihood -6900.788091, best rearrangement setting 7
Bootstrap[24]: Time 0.583062 seconds, bootstrap likelihood -7212.598661, best rearrangement setting 8
Bootstrap[25]: Time 1.254478 seconds, bootstrap likelihood -6957.249287, best rearrangement setting 6
Bootstrap[26]: Time 0.559152 seconds, bootstrap likelihood -7320.484601, best rearrangement setting 12
Bootstrap[27]: Time 1.250502 seconds, bootstrap likelihood -6911.894049, best rearrangement setting 10
Bootstrap[28]: Time 1.151034 seconds, bootstrap likelihood -7043.915797, best rearrangement setting 11
Bootstrap[29]: Time 1.413000 seconds, bootstrap likelihood -6987.747522, best rearrangement setting 12
Bootstrap[30]: Time 0.536934 seconds, bootstrap likelihood -7377.273106, best rearrangement setting 15
Bootstrap[31]: Time 0.595478 seconds, bootstrap likelihood -7280.983329, best rearrangement setting 15
Bootstrap[32]: Time 0.495276 seconds, bootstrap likelihood -7325.089174, best rearrangement setting 6
Bootstrap[33]: Time 0.540705 seconds, bootstrap likelihood -7336.845649, best rearrangement setting 15
Bootstrap[34]: Time 1.471653 seconds, bootstrap likelihood -6747.569201, best rearrangement setting 11
Bootstrap[35]: Time 1.349709 seconds, bootstrap likelihood -7198.589189, best rearrangement setting 8
Bootstrap[36]: Time 1.327274 seconds, bootstrap likelihood -7133.968453, best rearrangement setting 9
Bootstrap[37]: Time 1.518969 seconds, bootstrap likelihood -6771.575788, best rearrangement setting 11
Bootstrap[38]: Time 0.674726 seconds, bootstrap likelihood -7359.862409, best rearrangement setting 8
Bootstrap[39]: Time 0.569167 seconds, bootstrap likelihood -7363.976804, best rearrangement setting 13
Bootstrap[40]: Time 1.525124 seconds, bootstrap likelihood -7252.636340, best rearrangement setting 13
Bootstrap[41]: Time 1.584234 seconds, bootstrap likelihood -7177.629822, best rearrangement setting 10
Bootstrap[42]: Time 1.421651 seconds, bootstrap likelihood -7270.550075, best rearrangement setting 5
Bootstrap[43]: Time 0.641150 seconds, bootstrap likelihood -6945.962865, best rearrangement setting 14
Bootstrap[44]: Time 1.426416 seconds, bootstrap likelihood -7040.446424, best rearrangement setting 10
Bootstrap[45]: Time 1.440985 seconds, bootstrap likelihood -7193.343102, best rearrangement setting 15
Bootstrap[46]: Time 0.578806 seconds, bootstrap likelihood -7025.685785, best rearrangement setting 14
Bootstrap[47]: Time 0.632554 seconds, bootstrap likelihood -7234.851823, best rearrangement setting 8
Bootstrap[48]: Time 0.724725 seconds, bootstrap likelihood -7042.921895, best rearrangement setting 6
Bootstrap[49]: Time 1.259461 seconds, bootstrap likelihood -6794.729982, best rearrangement setting 7
Bootstrap[50]: Time 0.670568 seconds, bootstrap likelihood -7143.385736, best rearrangement setting 7
Bootstrap[51]: Time 1.562404 seconds, bootstrap likelihood -7136.324332, best rearrangement setting 11
Bootstrap[52]: Time 0.654776 seconds, bootstrap likelihood -7094.201873, best rearrangement setting 12
Bootstrap[53]: Time 1.416501 seconds, bootstrap likelihood -7351.410047, best rearrangement setting 8
Bootstrap[54]: Time 1.797884 seconds, bootstrap likelihood -7314.903519, best rearrangement setting 9
Bootstrap[55]: Time 1.944530 seconds, bootstrap likelihood -7236.171440, best rearrangement setting 11
Bootstrap[56]: Time 0.555021 seconds, bootstrap likelihood -7095.913109, best rearrangement setting 5
Bootstrap[57]: Time 0.554949 seconds, bootstrap likelihood -6875.015262, best rearrangement setting 7
Bootstrap[58]: Time 0.599033 seconds, bootstrap likelihood -7330.974881, best rearrangement setting 10
Bootstrap[59]: Time 0.636236 seconds, bootstrap likelihood -7276.073851, best rearrangement setting 9
Bootstrap[60]: Time 1.495867 seconds, bootstrap likelihood -7261.540732, best rearrangement setting 7
Bootstrap[61]: Time 0.503954 seconds, bootstrap likelihood -7011.811479, best rearrangement setting 5
Bootstrap[62]: Time 0.571533 seconds, bootstrap likelihood -7101.081288, best rearrangement setting 11
Bootstrap[63]: Time 0.609209 seconds, bootstrap likelihood -7365.626066, best rearrangement setting 12
Bootstrap[64]: Time 0.551478 seconds, bootstrap likelihood -6940.196540, best rearrangement setting 7
Bootstrap[65]: Time 0.555447 seconds, bootstrap likelihood -6927.535172, best rearrangement setting 5
Bootstrap[66]: Time 1.126078 seconds, bootstrap likelihood -7104.339907, best rearrangement setting 5
Bootstrap[67]: Time 1.480357 seconds, bootstrap likelihood -6984.941381, best rearrangement setting 15
Bootstrap[68]: Time 1.662736 seconds, bootstrap likelihood -7490.698653, best rearrangement setting 11
Bootstrap[69]: Time 1.504438 seconds, bootstrap likelihood -6888.602076, best rearrangement setting 5
Bootstrap[70]: Time 1.406877 seconds, bootstrap likelihood -7018.529292, best rearrangement setting 8
Bootstrap[71]: Time 1.323504 seconds, bootstrap likelihood -7343.323499, best rearrangement setting 10
Bootstrap[72]: Time 1.584557 seconds, bootstrap likelihood -7399.650455, best rearrangement setting 11
Bootstrap[73]: Time 1.399940 seconds, bootstrap likelihood -7400.807562, best rearrangement setting 9
Bootstrap[74]: Time 1.149696 seconds, bootstrap likelihood -6981.610421, best rearrangement setting 5
Bootstrap[75]: Time 1.552052 seconds, bootstrap likelihood -7245.402986, best rearrangement setting 8
Bootstrap[76]: Time 1.423243 seconds, bootstrap likelihood -7658.377522, best rearrangement setting 9
Bootstrap[77]: Time 0.689106 seconds, bootstrap likelihood -7157.467844, best rearrangement setting 11
Bootstrap[78]: Time 0.643349 seconds, bootstrap likelihood -7228.320991, best rearrangement setting 15
Bootstrap[79]: Time 0.606811 seconds, bootstrap likelihood -7247.103386, best rearrangement setting 9
Bootstrap[80]: Time 1.300770 seconds, bootstrap likelihood -7539.078864, best rearrangement setting 15
Bootstrap[81]: Time 0.596171 seconds, bootstrap likelihood -7099.543175, best rearrangement setting 7
Bootstrap[82]: Time 0.613226 seconds, bootstrap likelihood -7044.871617, best rearrangement setting 6
Bootstrap[83]: Time 1.180884 seconds, bootstrap likelihood -7069.201370, best rearrangement setting 10
Bootstrap[84]: Time 1.338138 seconds, bootstrap likelihood -7077.551420, best rearrangement setting 11
Bootstrap[85]: Time 0.637076 seconds, bootstrap likelihood -7129.601001, best rearrangement setting 8
Bootstrap[86]: Time 0.720959 seconds, bootstrap likelihood -7287.149787, best rearrangement setting 7
Bootstrap[87]: Time 1.357438 seconds, bootstrap likelihood -7125.911007, best rearrangement setting 7
Bootstrap[88]: Time 0.606481 seconds, bootstrap likelihood -7157.620426, best rearrangement setting 12
Bootstrap[89]: Time 1.439626 seconds, bootstrap likelihood -6789.576428, best rearrangement setting 10
Bootstrap[90]: Time 0.575525 seconds, bootstrap likelihood -6795.914711, best rearrangement setting 8
Bootstrap[91]: Time 1.415247 seconds, bootstrap likelihood -7080.816043, best rearrangement setting 12
Bootstrap[92]: Time 0.630686 seconds, bootstrap likelihood -7417.687327, best rearrangement setting 13
Bootstrap[93]: Time 1.646128 seconds, bootstrap likelihood -6928.319210, best rearrangement setting 15
Bootstrap[94]: Time 1.296367 seconds, bootstrap likelihood -7098.318766, best rearrangement setting 5
Bootstrap[95]: Time 0.589804 seconds, bootstrap likelihood -7359.276499, best rearrangement setting 5
Bootstrap[96]: Time 1.589334 seconds, bootstrap likelihood -6870.737042, best rearrangement setting 13
Bootstrap[97]: Time 1.467624 seconds, bootstrap likelihood -7246.194448, best rearrangement setting 11
Bootstrap[98]: Time 0.519504 seconds, bootstrap likelihood -7337.158706, best rearrangement setting 6
Bootstrap[99]: Time 0.728937 seconds, bootstrap likelihood -7183.176724, best rearrangement setting 14


Overall Time for 100 Rapid Bootstraps 97.568808 seconds
Average Time per Rapid Bootstrap 0.975688 seconds

Starting ML Search ...

Fast ML optimization finished

Fast ML search Time: 60.324460 seconds

Slow ML Search 0 Likelihood: -8009.803798
Slow ML Search 1 Likelihood: -8009.803801
Slow ML Search 2 Likelihood: -8009.803800
Slow ML Search 3 Likelihood: -8009.803799
Slow ML Search 4 Likelihood: -8009.803799
Slow ML Search 5 Likelihood: -8009.803800
Slow ML Search 6 Likelihood: -8009.803799
Slow ML Search 7 Likelihood: -8009.803799
Slow ML Search 8 Likelihood: -8009.803798
Slow ML Search 9 Likelihood: -8009.803798
Slow ML optimization finished

Slow ML search Time: 37.055748 seconds
Thorough ML search Time: 7.728943 seconds

Final ML Optimization Likelihood: -8004.696783

Model Information:

Model Parameters of Partition 0, Name: No Name Provided, Type of Data: AA
alpha: 0.218035
Tree-Length: 0.997988
rate A <-> R: 0.603538
rate A <-> N: 0.561915
rate A <-> D: 0.842872
rate A <-> C: 0.582726
rate A <-> Q: 0.593132
rate A <-> E: 1.092612
rate A <-> G: 1.862643
rate A <-> H: 0.280957
rate A <-> I: 0.374610
rate A <-> L: 0.312175
rate A <-> K: 0.364204
rate A <-> M: 0.561915
rate A <-> F: 0.156087
rate A <-> P: 2.018730
rate A <-> S: 3.933403
rate A <-> T: 4.942768
rate A <-> W: 0.093652
rate A <-> Y: 0.114464
rate A <-> V: 3.100937
rate R <-> N: 0.468262
rate R <-> D: 0.166493
rate R <-> C: 1.175858
rate R <-> Q: 3.225806
rate R <-> E: 0.301769
rate R <-> G: 1.425598
rate R <-> H: 3.413111
rate R <-> I: 0.228928
rate R <-> L: 0.395421
rate R <-> K: 6.722164
rate R <-> M: 0.457856
rate R <-> F: 0.052029
rate R <-> P: 0.770031
rate R <-> S: 1.050989
rate R <-> T: 0.665973
rate R <-> W: 1.311134
rate R <-> Y: 0.208117
rate R <-> V: 0.176899
rate N <-> D: 5.494277
rate N <-> C: 0.353798
rate N <-> Q: 0.894901
rate N <-> E: 0.603538
rate N <-> G: 0.842872
rate N <-> H: 4.068678
rate N <-> I: 0.489074
rate N <-> L: 0.124870
rate N <-> K: 2.736733
rate N <-> M: 0.312175
rate N <-> F: 0.104058
rate N <-> P: 0.156087
rate N <-> S: 5.234131
rate N <-> T: 2.414152
rate N <-> W: 0.083247
rate N <-> Y: 0.728408
rate N <-> V: 0.166493
rate D <-> C: 0.104058
rate D <-> Q: 0.509886
rate D <-> E: 7.981270
rate D <-> G: 1.352758
rate D <-> H: 1.165453
rate D <-> I: 0.114464
rate D <-> L: 0.072841
rate D <-> K: 0.270552
rate D <-> M: 0.156087
rate D <-> F: 0.041623
rate D <-> P: 0.156087
rate D <-> S: 0.613944
rate D <-> T: 0.395421
rate D <-> W: 0.041623
rate D <-> Y: 0.478668
rate D <-> V: 0.322581
rate C <-> Q: 0.093652
rate C <-> E: 0.052029
rate C <-> G: 0.613944
rate C <-> H: 0.718002
rate C <-> I: 0.176899
rate C <-> L: 0.239334
rate C <-> K: 0.072841
rate C <-> M: 0.322581
rate C <-> F: 0.811655
rate C <-> P: 0.145682
rate C <-> S: 2.320499
rate C <-> T: 0.437045
rate C <-> W: 1.196670
rate C <-> Y: 2.174818
rate C <-> V: 0.645161
rate Q <-> E: 3.361082
rate Q <-> G: 0.270552
rate Q <-> H: 6.212279
rate Q <-> I: 0.093652
rate Q <-> L: 0.749220
rate Q <-> K: 3.038502
rate Q <-> M: 0.447451
rate Q <-> F: 0.041623
rate Q <-> P: 1.706556
rate Q <-> S: 0.551509
rate Q <-> T: 0.530697
rate Q <-> W: 0.187305
rate Q <-> Y: 0.249740
rate Q <-> V: 0.208117
rate E <-> G: 1.238293
rate E <-> H: 0.270552
rate E <-> I: 0.124870
rate E <-> L: 0.093652
rate E <-> K: 1.883455
rate E <-> M: 0.187305
rate E <-> F: 0.052029
rate E <-> P: 0.187305
rate E <-> S: 0.312175
rate E <-> T: 0.332986
rate E <-> W: 0.104058
rate E <-> Y: 0.072841
rate E <-> V: 0.468262
rate G <-> H: 0.239334
rate G <-> I: 0.062435
rate G <-> L: 0.062435
rate G <-> K: 0.280957
rate G <-> M: 0.145682
rate G <-> F: 0.052029
rate G <-> P: 0.249740
rate G <-> S: 2.091571
rate G <-> T: 0.343392
rate G <-> W: 0.572320
rate G <-> Y: 0.083247
rate G <-> V: 0.489074
rate H <-> I: 0.166493
rate H <-> L: 0.582726
rate H <-> K: 0.468262
rate H <-> M: 0.343392
rate H <-> F: 0.416233
rate H <-> P: 1.196670
rate H <-> S: 0.759625
rate H <-> T: 0.478668
rate H <-> W: 0.083247
rate H <-> Y: 5.962539
rate H <-> V: 0.114464
rate I <-> L: 2.382934
rate I <-> K: 0.218522
rate I <-> M: 4.984391
rate I <-> F: 0.926119
rate I <-> P: 0.104058
rate I <-> S: 0.416233
rate I <-> T: 2.549428
rate I <-> W: 0.093652
rate I <-> Y: 0.332986
rate I <-> V: 10.000000
rate L <-> K: 0.145682
rate L <-> M: 4.037461
rate L <-> F: 2.580645
rate L <-> P: 1.061394
rate L <-> S: 0.613944
rate L <-> T: 0.260146
rate L <-> W: 0.541103
rate L <-> Y: 0.249740
rate L <-> V: 1.873049
rate K <-> M: 0.676379
rate K <-> F: 0.041623
rate K <-> P: 0.218522
rate K <-> S: 0.489074
rate K <-> T: 1.071800
rate K <-> W: 0.104058
rate K <-> Y: 0.083247
rate K <-> V: 0.145682
rate M <-> F: 0.447451
rate M <-> P: 0.166493
rate M <-> S: 0.301769
rate M <-> T: 2.351717
rate M <-> W: 0.249740
rate M <-> Y: 0.187305
rate M <-> V: 3.361082
rate F <-> P: 0.176899
rate F <-> S: 0.957336
rate F <-> T: 0.124870
rate F <-> W: 0.551509
rate F <-> Y: 5.577523
rate F <-> V: 0.645161
rate P <-> S: 2.965661
rate P <-> T: 1.227888
rate P <-> W: 0.062435
rate P <-> Y: 0.104058
rate P <-> V: 0.239334
rate S <-> T: 4.963580
rate S <-> W: 0.364204
rate S <-> Y: 0.655567
rate S <-> V: 0.395421
rate T <-> W: 0.124870
rate T <-> Y: 0.218522
rate T <-> V: 1.165453
rate W <-> Y: 0.738814
rate W <-> V: 0.260146
rate Y <-> V: 0.166493

freq pi(A): 0.076748
freq pi(R): 0.051691
freq pi(N): 0.042645
freq pi(D): 0.051544
freq pi(C): 0.019803
freq pi(Q): 0.040752
freq pi(E): 0.061830
freq pi(G): 0.073152
freq pi(H): 0.022944
freq pi(I): 0.053761
freq pi(L): 0.091904
freq pi(K): 0.058676
freq pi(M): 0.023826
freq pi(F): 0.040126
freq pi(P): 0.050901
freq pi(S): 0.068765
freq pi(T): 0.058565
freq pi(W): 0.014261
freq pi(Y): 0.032102
freq pi(V): 0.066004


ML search took 105.146852 secs or 0.029207 hours

Combined Bootstrap and ML search took 202.715799 secs or 0.056310 hours

Drawing Bootstrap Support Values on best-scoring ML tree ...



Found 1 tree in File /Users/prigozhin/Dropbox/NLRomes/Soy_NLRome/RAxML_tree_pbNB-ARC/Clade_Refinement_3/RAxML_bestTree.Int11409_395_471_R_144_154_R_45_58_L_32.Raxml.out



Found 1 tree in File /Users/prigozhin/Dropbox/NLRomes/Soy_NLRome/RAxML_tree_pbNB-ARC/Clade_Refinement_3/RAxML_bestTree.Int11409_395_471_R_144_154_R_45_58_L_32.Raxml.out

Program execution info written to /Users/prigozhin/Dropbox/NLRomes/Soy_NLRome/RAxML_tree_pbNB-ARC/Clade_Refinement_3/RAxML_info.Int11409_395_471_R_144_154_R_45_58_L_32.Raxml.out
All 100 bootstrapped trees written to: /Users/prigozhin/Dropbox/NLRomes/Soy_NLRome/RAxML_tree_pbNB-ARC/Clade_Refinement_3/RAxML_bootstrap.Int11409_395_471_R_144_154_R_45_58_L_32.Raxml.out

Best-scoring ML tree written to: /Users/prigozhin/Dropbox/NLRomes/Soy_NLRome/RAxML_tree_pbNB-ARC/Clade_Refinement_3/RAxML_bestTree.Int11409_395_471_R_144_154_R_45_58_L_32.Raxml.out

Best-scoring ML tree with support values written to: /Users/prigozhin/Dropbox/NLRomes/Soy_NLRome/RAxML_tree_pbNB-ARC/Clade_Refinement_3/RAxML_bipartitions.Int11409_395_471_R_144_154_R_45_58_L_32.Raxml.out

Best-scoring ML tree with support values as branch labels written to: /Users/prigozhin/Dropbox/NLRomes/Soy_NLRome/RAxML_tree_pbNB-ARC/Clade_Refinement_3/RAxML_bipartitionsBranchLabels.Int11409_395_471_R_144_154_R_45_58_L_32.Raxml.out

Overall execution time for full ML analysis: 202.727484 secs or 0.056313 hours or 0.002346 days

