(GLYMA_16G213800_1,(GWHPACEI069718,(GWHPACER062098,(GWHPACEH067537,((GWHPACEU067846,(GWHPACES067573,GWHPACEL063969)),GWHPACET068237)))),W05_GLYSO_16G044379_1_P);
(GLYMA_16G213800_1,(GWHPACEI069718,(GWHPACER062098,(GWHPACEH067537,((GWHPACEU067846,(GWHPACES067573,GWHPACEL063969)),GWHPACET068237)))),W05_GLYSO_16G044379_1_P);
(GLYMA_16G213800_1,(((GWHPACES067573,GWHPACEL063969),(GWHPACET068237,(GWHPACER062098,(GWHPACEI069718,GWHPACEH067537)))),GWHPACEU067846),W05_GLYSO_16G044379_1_P);
(GLYMA_16G213800_1,((GWHPACER062098,((GWHPACEI069718,GWHPACEH067537),GWHPACET068237)),(GWHPACEU067846,(GWHPACES067573,GWHPACEL063969))),W05_GLYSO_16G044379_1_P);
(GLYMA_16G213800_1,((GWHPACER062098,((GWHPACEI069718,GWHPACEH067537),GWHPACET068237)),(GWHPACEU067846,(GWHPACES067573,GWHPACEL063969))),W05_GLYSO_16G044379_1_P);
(GLYMA_16G213800_1,((GWHPACER062098,((GWHPACEI069718,GWHPACEH067537),GWHPACET068237)),(GWHPACEU067846,(GWHPACES067573,GWHPACEL063969))),W05_GLYSO_16G044379_1_P);
(GLYMA_16G213800_1,((GWHPACER062098,((GWHPACEI069718,GWHPACEH067537),GWHPACET068237)),(GWHPACEU067846,(GWHPACES067573,GWHPACEL063969))),W05_GLYSO_16G044379_1_P);
(GLYMA_16G213800_1,((GWHPACER062098,((GWHPACEI069718,GWHPACEH067537),GWHPACET068237)),(GWHPACEU067846,(GWHPACES067573,GWHPACEL063969))),W05_GLYSO_16G044379_1_P);
(GLYMA_16G213800_1,((GWHPACER062098,((GWHPACEI069718,GWHPACEH067537),GWHPACET068237)),(GWHPACEU067846,(GWHPACES067573,GWHPACEL063969))),W05_GLYSO_16G044379_1_P);
(GLYMA_16G213800_1,((GWHPACER062098,((GWHPACEI069718,GWHPACEH067537),GWHPACET068237)),(GWHPACEU067846,(GWHPACES067573,GWHPACEL063969))),W05_GLYSO_16G044379_1_P);
(GLYMA_16G213800_1,(GWHPACER062098,(GWHPACET068237,(GWHPACEH067537,(((GWHPACES067573,GWHPACEL063969),GWHPACEU067846),GWHPACEI069718)))),W05_GLYSO_16G044379_1_P);
(GLYMA_16G213800_1,(GWHPACER062098,(GWHPACET068237,(GWHPACEH067537,(((GWHPACES067573,GWHPACEL063969),GWHPACEU067846),GWHPACEI069718)))),W05_GLYSO_16G044379_1_P);
(GLYMA_16G213800_1,(GWHPACER062098,(GWHPACET068237,(GWHPACEH067537,(((GWHPACES067573,GWHPACEL063969),GWHPACEU067846),GWHPACEI069718)))),W05_GLYSO_16G044379_1_P);
(GLYMA_16G213800_1,(GWHPACER062098,(GWHPACET068237,(GWHPACEH067537,(((GWHPACES067573,GWHPACEL063969),GWHPACEU067846),GWHPACEI069718)))),W05_GLYSO_16G044379_1_P);
(GLYMA_16G213800_1,(GWHPACER062098,(GWHPACET068237,(GWHPACEH067537,(((GWHPACES067573,GWHPACEL063969),GWHPACEU067846),GWHPACEI069718)))),W05_GLYSO_16G044379_1_P);
(GLYMA_16G213800_1,(GWHPACER062098,(GWHPACET068237,(GWHPACEH067537,(((GWHPACES067573,GWHPACEL063969),GWHPACEU067846),GWHPACEI069718)))),W05_GLYSO_16G044379_1_P);
(GLYMA_16G213800_1,(GWHPACER062098,(GWHPACET068237,(GWHPACEH067537,(((GWHPACES067573,GWHPACEL063969),GWHPACEU067846),GWHPACEI069718)))),W05_GLYSO_16G044379_1_P);
(GLYMA_16G213800_1,(GWHPACER062098,(GWHPACET068237,(GWHPACEH067537,(((GWHPACES067573,GWHPACEL063969),GWHPACEU067846),GWHPACEI069718)))),W05_GLYSO_16G044379_1_P);
(GLYMA_16G213800_1,(GWHPACER062098,(GWHPACET068237,(GWHPACEH067537,(((GWHPACES067573,GWHPACEL063969),GWHPACEU067846),GWHPACEI069718)))),W05_GLYSO_16G044379_1_P);
(GLYMA_16G213800_1,(GWHPACER062098,(GWHPACET068237,(GWHPACEH067537,(((GWHPACES067573,GWHPACEL063969),GWHPACEU067846),GWHPACEI069718)))),W05_GLYSO_16G044379_1_P);
((GWHPACEI069718,(GWHPACET068237,(GWHPACEH067537,(((GWHPACES067573,GWHPACEL063969),GWHPACEU067846),GWHPACER062098)))),GLYMA_16G213800_1,W05_GLYSO_16G044379_1_P);
((GWHPACEI069718,(GWHPACET068237,(GWHPACEH067537,(((GWHPACES067573,GWHPACEL063969),GWHPACEU067846),GWHPACER062098)))),GLYMA_16G213800_1,W05_GLYSO_16G044379_1_P);
((GWHPACEI069718,(GWHPACET068237,(GWHPACEH067537,(((GWHPACES067573,GWHPACEL063969),GWHPACEU067846),GWHPACER062098)))),GLYMA_16G213800_1,W05_GLYSO_16G044379_1_P);
((GWHPACEI069718,(GWHPACET068237,(GWHPACEH067537,(((GWHPACES067573,GWHPACEL063969),GWHPACEU067846),GWHPACER062098)))),GLYMA_16G213800_1,W05_GLYSO_16G044379_1_P);
((GWHPACEI069718,(GWHPACET068237,(GWHPACEH067537,(((GWHPACES067573,GWHPACEL063969),GWHPACEU067846),GWHPACER062098)))),GLYMA_16G213800_1,W05_GLYSO_16G044379_1_P);
((GWHPACEI069718,(GWHPACET068237,(GWHPACEH067537,(((GWHPACES067573,GWHPACEL063969),GWHPACEU067846),GWHPACER062098)))),GLYMA_16G213800_1,W05_GLYSO_16G044379_1_P);
((GWHPACEI069718,(GWHPACET068237,(GWHPACEH067537,(((GWHPACES067573,GWHPACEL063969),GWHPACEU067846),GWHPACER062098)))),GLYMA_16G213800_1,W05_GLYSO_16G044379_1_P);
((GWHPACEI069718,(GWHPACET068237,(GWHPACEH067537,(((GWHPACES067573,GWHPACEL063969),GWHPACEU067846),GWHPACER062098)))),GLYMA_16G213800_1,W05_GLYSO_16G044379_1_P);
((GWHPACEI069718,(GWHPACET068237,(GWHPACEH067537,(((GWHPACES067573,GWHPACEL063969),GWHPACEU067846),GWHPACER062098)))),GLYMA_16G213800_1,W05_GLYSO_16G044379_1_P);
((GWHPACEI069718,(GWHPACET068237,(GWHPACEH067537,(((GWHPACES067573,GWHPACEL063969),GWHPACEU067846),GWHPACER062098)))),GLYMA_16G213800_1,W05_GLYSO_16G044379_1_P);
(GLYMA_16G213800_1,((GWHPACES067573,GWHPACEL063969),((((GWHPACEH067537,GWHPACEI069718),GWHPACER062098),GWHPACET068237),GWHPACEU067846)),W05_GLYSO_16G044379_1_P);
(GLYMA_16G213800_1,((GWHPACES067573,GWHPACEL063969),((((GWHPACEH067537,GWHPACEI069718),GWHPACER062098),GWHPACET068237),GWHPACEU067846)),W05_GLYSO_16G044379_1_P);
(GLYMA_16G213800_1,((GWHPACES067573,GWHPACEL063969),((((GWHPACEH067537,GWHPACEI069718),GWHPACER062098),GWHPACET068237),GWHPACEU067846)),W05_GLYSO_16G044379_1_P);
(GLYMA_16G213800_1,((GWHPACES067573,GWHPACEL063969),((((GWHPACEH067537,GWHPACEI069718),GWHPACER062098),GWHPACET068237),GWHPACEU067846)),W05_GLYSO_16G044379_1_P);
(GLYMA_16G213800_1,((GWHPACES067573,GWHPACEL063969),((((GWHPACEH067537,GWHPACEI069718),GWHPACER062098),GWHPACET068237),GWHPACEU067846)),W05_GLYSO_16G044379_1_P);
(GLYMA_16G213800_1,((GWHPACES067573,GWHPACEL063969),((((GWHPACEH067537,GWHPACEI069718),GWHPACER062098),GWHPACET068237),GWHPACEU067846)),W05_GLYSO_16G044379_1_P);
(GLYMA_16G213800_1,((GWHPACES067573,GWHPACEL063969),((((GWHPACEH067537,GWHPACEI069718),GWHPACER062098),GWHPACET068237),GWHPACEU067846)),W05_GLYSO_16G044379_1_P);
(GLYMA_16G213800_1,((GWHPACES067573,GWHPACEL063969),((((GWHPACEH067537,GWHPACEI069718),GWHPACER062098),GWHPACET068237),GWHPACEU067846)),W05_GLYSO_16G044379_1_P);
(GLYMA_16G213800_1,((GWHPACES067573,GWHPACEL063969),((((GWHPACEH067537,GWHPACEI069718),GWHPACER062098),GWHPACET068237),GWHPACEU067846)),W05_GLYSO_16G044379_1_P);
(GLYMA_16G213800_1,((GWHPACES067573,GWHPACEL063969),((((GWHPACEH067537,GWHPACEI069718),GWHPACER062098),GWHPACET068237),GWHPACEU067846)),W05_GLYSO_16G044379_1_P);
(GLYMA_16G213800_1,(((GWHPACER062098,GWHPACEI069718),(GWHPACET068237,GWHPACEH067537)),(GWHPACEU067846,(GWHPACES067573,GWHPACEL063969))),W05_GLYSO_16G044379_1_P);
(GLYMA_16G213800_1,(((GWHPACER062098,GWHPACEI069718),(GWHPACET068237,GWHPACEH067537)),(GWHPACEU067846,(GWHPACES067573,GWHPACEL063969))),W05_GLYSO_16G044379_1_P);
(GLYMA_16G213800_1,(((GWHPACER062098,GWHPACEI069718),(GWHPACET068237,GWHPACEH067537)),(GWHPACEU067846,(GWHPACES067573,GWHPACEL063969))),W05_GLYSO_16G044379_1_P);
(GLYMA_16G213800_1,(((GWHPACER062098,GWHPACEI069718),(GWHPACET068237,GWHPACEH067537)),(GWHPACEU067846,(GWHPACES067573,GWHPACEL063969))),W05_GLYSO_16G044379_1_P);
(GLYMA_16G213800_1,(((GWHPACER062098,GWHPACEI069718),(GWHPACET068237,GWHPACEH067537)),(GWHPACEU067846,(GWHPACES067573,GWHPACEL063969))),W05_GLYSO_16G044379_1_P);
(GLYMA_16G213800_1,(((GWHPACER062098,GWHPACEI069718),(GWHPACET068237,GWHPACEH067537)),(GWHPACEU067846,(GWHPACES067573,GWHPACEL063969))),W05_GLYSO_16G044379_1_P);
(GLYMA_16G213800_1,(((GWHPACER062098,GWHPACEI069718),(GWHPACET068237,GWHPACEH067537)),(GWHPACEU067846,(GWHPACES067573,GWHPACEL063969))),W05_GLYSO_16G044379_1_P);
(GLYMA_16G213800_1,(((GWHPACER062098,GWHPACEI069718),(GWHPACET068237,GWHPACEH067537)),(GWHPACEU067846,(GWHPACES067573,GWHPACEL063969))),W05_GLYSO_16G044379_1_P);
(GLYMA_16G213800_1,(((GWHPACER062098,GWHPACEI069718),(GWHPACET068237,GWHPACEH067537)),(GWHPACEU067846,(GWHPACES067573,GWHPACEL063969))),W05_GLYSO_16G044379_1_P);
(GLYMA_16G213800_1,(((GWHPACER062098,GWHPACEI069718),(GWHPACET068237,GWHPACEH067537)),(GWHPACEU067846,(GWHPACES067573,GWHPACEL063969))),W05_GLYSO_16G044379_1_P);
(GLYMA_16G213800_1,(((GWHPACES067573,GWHPACEL063969),(((GWHPACEH067537,GWHPACET068237),GWHPACEI069718),GWHPACER062098)),GWHPACEU067846),W05_GLYSO_16G044379_1_P);
(GLYMA_16G213800_1,(((GWHPACES067573,GWHPACEL063969),(((GWHPACEH067537,GWHPACET068237),GWHPACEI069718),GWHPACER062098)),GWHPACEU067846),W05_GLYSO_16G044379_1_P);
(GLYMA_16G213800_1,(((GWHPACES067573,GWHPACEL063969),(((GWHPACEH067537,GWHPACET068237),GWHPACEI069718),GWHPACER062098)),GWHPACEU067846),W05_GLYSO_16G044379_1_P);
(GLYMA_16G213800_1,(((GWHPACES067573,GWHPACEL063969),(((GWHPACEH067537,GWHPACET068237),GWHPACEI069718),GWHPACER062098)),GWHPACEU067846),W05_GLYSO_16G044379_1_P);
(GLYMA_16G213800_1,(((GWHPACEH067537,(GWHPACET068237,GWHPACEI069718)),GWHPACER062098),(GWHPACEU067846,(GWHPACES067573,GWHPACEL063969))),W05_GLYSO_16G044379_1_P);
(GLYMA_16G213800_1,(((GWHPACEH067537,(GWHPACET068237,GWHPACEI069718)),GWHPACER062098),(GWHPACEU067846,(GWHPACES067573,GWHPACEL063969))),W05_GLYSO_16G044379_1_P);
(GLYMA_16G213800_1,(((GWHPACEH067537,(GWHPACET068237,GWHPACEI069718)),GWHPACER062098),(GWHPACEU067846,(GWHPACES067573,GWHPACEL063969))),W05_GLYSO_16G044379_1_P);
(GLYMA_16G213800_1,(((GWHPACEH067537,(GWHPACET068237,GWHPACEI069718)),GWHPACER062098),(GWHPACEU067846,(GWHPACES067573,GWHPACEL063969))),W05_GLYSO_16G044379_1_P);
(GLYMA_16G213800_1,(((GWHPACEH067537,(GWHPACET068237,GWHPACEI069718)),GWHPACER062098),(GWHPACEU067846,(GWHPACES067573,GWHPACEL063969))),W05_GLYSO_16G044379_1_P);
(GLYMA_16G213800_1,(((GWHPACEH067537,(GWHPACET068237,GWHPACEI069718)),GWHPACER062098),(GWHPACEU067846,(GWHPACES067573,GWHPACEL063969))),W05_GLYSO_16G044379_1_P);
(GLYMA_16G213800_1,((((GWHPACEI069718,((GWHPACES067573,GWHPACEL063969),GWHPACEU067846)),GWHPACET068237),GWHPACEH067537),GWHPACER062098),W05_GLYSO_16G044379_1_P);
(GLYMA_16G213800_1,((((GWHPACEI069718,((GWHPACES067573,GWHPACEL063969),GWHPACEU067846)),GWHPACET068237),GWHPACEH067537),GWHPACER062098),W05_GLYSO_16G044379_1_P);
(GLYMA_16G213800_1,((((GWHPACEI069718,((GWHPACES067573,GWHPACEL063969),GWHPACEU067846)),GWHPACET068237),GWHPACEH067537),GWHPACER062098),W05_GLYSO_16G044379_1_P);
(GLYMA_16G213800_1,((((GWHPACEI069718,((GWHPACES067573,GWHPACEL063969),GWHPACEU067846)),GWHPACET068237),GWHPACEH067537),GWHPACER062098),W05_GLYSO_16G044379_1_P);
(GLYMA_16G213800_1,((((GWHPACEI069718,((GWHPACES067573,GWHPACEL063969),GWHPACEU067846)),GWHPACET068237),GWHPACEH067537),GWHPACER062098),W05_GLYSO_16G044379_1_P);
(GLYMA_16G213800_1,((((GWHPACEI069718,((GWHPACES067573,GWHPACEL063969),GWHPACEU067846)),GWHPACET068237),GWHPACEH067537),GWHPACER062098),W05_GLYSO_16G044379_1_P);
(GLYMA_16G213800_1,((((GWHPACEI069718,((GWHPACES067573,GWHPACEL063969),GWHPACEU067846)),GWHPACET068237),GWHPACEH067537),GWHPACER062098),W05_GLYSO_16G044379_1_P);
(GLYMA_16G213800_1,((((GWHPACEI069718,((GWHPACES067573,GWHPACEL063969),GWHPACEU067846)),GWHPACET068237),GWHPACEH067537),GWHPACER062098),W05_GLYSO_16G044379_1_P);
(GLYMA_16G213800_1,((((GWHPACEI069718,((GWHPACES067573,GWHPACEL063969),GWHPACEU067846)),GWHPACET068237),GWHPACEH067537),GWHPACER062098),W05_GLYSO_16G044379_1_P);
(GLYMA_16G213800_1,((((GWHPACEI069718,((GWHPACES067573,GWHPACEL063969),GWHPACEU067846)),GWHPACET068237),GWHPACEH067537),GWHPACER062098),W05_GLYSO_16G044379_1_P);
(((GWHPACER062098,(GWHPACET068237,GWHPACEI069718)),((GWHPACEU067846,(GWHPACEL063969,GWHPACES067573)),GWHPACEH067537)),GLYMA_16G213800_1,W05_GLYSO_16G044379_1_P);
(((GWHPACER062098,(GWHPACET068237,GWHPACEI069718)),((GWHPACEU067846,(GWHPACEL063969,GWHPACES067573)),GWHPACEH067537)),GLYMA_16G213800_1,W05_GLYSO_16G044379_1_P);
(((GWHPACER062098,(GWHPACET068237,GWHPACEI069718)),((GWHPACEU067846,(GWHPACEL063969,GWHPACES067573)),GWHPACEH067537)),GLYMA_16G213800_1,W05_GLYSO_16G044379_1_P);
(((GWHPACER062098,(GWHPACET068237,GWHPACEI069718)),((GWHPACEU067846,(GWHPACEL063969,GWHPACES067573)),GWHPACEH067537)),GLYMA_16G213800_1,W05_GLYSO_16G044379_1_P);
(((GWHPACER062098,(GWHPACET068237,GWHPACEI069718)),((GWHPACEU067846,(GWHPACEL063969,GWHPACES067573)),GWHPACEH067537)),GLYMA_16G213800_1,W05_GLYSO_16G044379_1_P);
(((GWHPACER062098,(GWHPACET068237,GWHPACEI069718)),((GWHPACEU067846,(GWHPACEL063969,GWHPACES067573)),GWHPACEH067537)),GLYMA_16G213800_1,W05_GLYSO_16G044379_1_P);
(((GWHPACER062098,(GWHPACET068237,GWHPACEI069718)),((GWHPACEU067846,(GWHPACEL063969,GWHPACES067573)),GWHPACEH067537)),GLYMA_16G213800_1,W05_GLYSO_16G044379_1_P);
(((GWHPACER062098,(GWHPACET068237,GWHPACEI069718)),((GWHPACEU067846,(GWHPACEL063969,GWHPACES067573)),GWHPACEH067537)),GLYMA_16G213800_1,W05_GLYSO_16G044379_1_P);
(((GWHPACER062098,(GWHPACET068237,GWHPACEI069718)),((GWHPACEU067846,(GWHPACEL063969,GWHPACES067573)),GWHPACEH067537)),GLYMA_16G213800_1,W05_GLYSO_16G044379_1_P);
(((GWHPACER062098,(GWHPACET068237,GWHPACEI069718)),((GWHPACEU067846,(GWHPACEL063969,GWHPACES067573)),GWHPACEH067537)),GLYMA_16G213800_1,W05_GLYSO_16G044379_1_P);
(GLYMA_16G213800_1,(GWHPACER062098,(GWHPACET068237,(((GWHPACES067573,GWHPACEL063969),GWHPACEU067846),(GWHPACEI069718,GWHPACEH067537)))),W05_GLYSO_16G044379_1_P);
(GLYMA_16G213800_1,(GWHPACER062098,(GWHPACET068237,(((GWHPACES067573,GWHPACEL063969),GWHPACEU067846),(GWHPACEI069718,GWHPACEH067537)))),W05_GLYSO_16G044379_1_P);
(GLYMA_16G213800_1,(GWHPACER062098,(GWHPACET068237,(((GWHPACES067573,GWHPACEL063969),GWHPACEU067846),(GWHPACEI069718,GWHPACEH067537)))),W05_GLYSO_16G044379_1_P);
(GLYMA_16G213800_1,(GWHPACER062098,(GWHPACET068237,(((GWHPACES067573,GWHPACEL063969),GWHPACEU067846),(GWHPACEI069718,GWHPACEH067537)))),W05_GLYSO_16G044379_1_P);
(GLYMA_16G213800_1,(GWHPACER062098,(GWHPACET068237,(((GWHPACES067573,GWHPACEL063969),GWHPACEU067846),(GWHPACEI069718,GWHPACEH067537)))),W05_GLYSO_16G044379_1_P);
(GLYMA_16G213800_1,(GWHPACER062098,(GWHPACET068237,(((GWHPACES067573,GWHPACEL063969),GWHPACEU067846),(GWHPACEI069718,GWHPACEH067537)))),W05_GLYSO_16G044379_1_P);
(GLYMA_16G213800_1,(GWHPACER062098,(GWHPACET068237,(((GWHPACES067573,GWHPACEL063969),GWHPACEU067846),(GWHPACEI069718,GWHPACEH067537)))),W05_GLYSO_16G044379_1_P);
(GLYMA_16G213800_1,(GWHPACER062098,(GWHPACET068237,(((GWHPACES067573,GWHPACEL063969),GWHPACEU067846),(GWHPACEI069718,GWHPACEH067537)))),W05_GLYSO_16G044379_1_P);
(GLYMA_16G213800_1,(GWHPACER062098,(GWHPACET068237,(((GWHPACES067573,GWHPACEL063969),GWHPACEU067846),(GWHPACEI069718,GWHPACEH067537)))),W05_GLYSO_16G044379_1_P);
(GLYMA_16G213800_1,(GWHPACER062098,(GWHPACET068237,(((GWHPACES067573,GWHPACEL063969),GWHPACEU067846),(GWHPACEI069718,GWHPACEH067537)))),W05_GLYSO_16G044379_1_P);
(GLYMA_16G213800_1,(GWHPACER062098,(GWHPACEH067537,(GWHPACEI069718,(GWHPACET068237,((GWHPACEL063969,GWHPACES067573),GWHPACEU067846))))),W05_GLYSO_16G044379_1_P);
(GLYMA_16G213800_1,(GWHPACER062098,(GWHPACEH067537,(GWHPACEI069718,(GWHPACET068237,((GWHPACEL063969,GWHPACES067573),GWHPACEU067846))))),W05_GLYSO_16G044379_1_P);
(GLYMA_16G213800_1,(GWHPACER062098,(GWHPACEH067537,(GWHPACEI069718,(GWHPACET068237,((GWHPACEL063969,GWHPACES067573),GWHPACEU067846))))),W05_GLYSO_16G044379_1_P);
(GLYMA_16G213800_1,(GWHPACER062098,(GWHPACEH067537,(GWHPACEI069718,(GWHPACET068237,((GWHPACEL063969,GWHPACES067573),GWHPACEU067846))))),W05_GLYSO_16G044379_1_P);
(GLYMA_16G213800_1,(GWHPACER062098,(GWHPACEH067537,(GWHPACEI069718,(GWHPACET068237,((GWHPACEL063969,GWHPACES067573),GWHPACEU067846))))),W05_GLYSO_16G044379_1_P);
(GLYMA_16G213800_1,(GWHPACER062098,(GWHPACEH067537,(GWHPACEI069718,(GWHPACET068237,((GWHPACEL063969,GWHPACES067573),GWHPACEU067846))))),W05_GLYSO_16G044379_1_P);
(GLYMA_16G213800_1,(GWHPACER062098,(GWHPACEH067537,(GWHPACEI069718,(GWHPACET068237,((GWHPACEL063969,GWHPACES067573),GWHPACEU067846))))),W05_GLYSO_16G044379_1_P);
(GLYMA_16G213800_1,(GWHPACER062098,(GWHPACEH067537,(GWHPACEI069718,(GWHPACET068237,((GWHPACEL063969,GWHPACES067573),GWHPACEU067846))))),W05_GLYSO_16G044379_1_P);
(GLYMA_16G213800_1,(GWHPACER062098,(GWHPACEH067537,(GWHPACEI069718,(GWHPACET068237,((GWHPACEL063969,GWHPACES067573),GWHPACEU067846))))),W05_GLYSO_16G044379_1_P);
(GLYMA_16G213800_1,(GWHPACER062098,(GWHPACEH067537,(GWHPACEI069718,(GWHPACET068237,((GWHPACEL063969,GWHPACES067573),GWHPACEU067846))))),W05_GLYSO_16G044379_1_P);
