(GWHPACEO076595,(GWHPACEN074893,(GWHPACEP071395,(GWHPACEB069008,((GWHPACDY077870,(GWHPACDZ074241,W05_GLYSO_18G049828_1_P)),GLYMA_18G280366_1)))),GLYMA_ZH13_18G248800_1_P);
(GWHPACEO076595,(GWHPACEN074893,(GWHPACEP071395,(GWHPACEB069008,((GWHPACDY077870,(GWHPACDZ074241,W05_GLYSO_18G049828_1_P)),GLYMA_18G280366_1)))),GLYMA_ZH13_18G248800_1_P);
(GWHPACEO076595,(GWHPACEN074893,((GWHPACDZ074241,((GLYMA_18G280366_1,GWHPACDY077870),W05_GLYSO_18G049828_1_P)),(GWHPACEP071395,GWHPACEB069008))),GLYMA_ZH13_18G248800_1_P);
(GWHPACEO076595,(GWHPACEN074893,((GWHPACDZ074241,((GLYMA_18G280366_1,GWHPACDY077870),W05_GLYSO_18G049828_1_P)),(GWHPACEP071395,GWHPACEB069008))),GLYMA_ZH13_18G248800_1_P);
(GWHPACEO076595,(GWHPACEN074893,((((GWHPACDZ074241,W05_GLYSO_18G049828_1_P),GWHPACDY077870),GLYMA_18G280366_1),(GWHPACEP071395,GWHPACEB069008))),GLYMA_ZH13_18G248800_1_P);
(GWHPACEO076595,(GWHPACEN074893,((((GWHPACDZ074241,W05_GLYSO_18G049828_1_P),GWHPACDY077870),GLYMA_18G280366_1),(GWHPACEP071395,GWHPACEB069008))),GLYMA_ZH13_18G248800_1_P);
(GWHPACEO076595,(GWHPACEN074893,((((GWHPACDZ074241,W05_GLYSO_18G049828_1_P),GWHPACDY077870),GLYMA_18G280366_1),(GWHPACEP071395,GWHPACEB069008))),GLYMA_ZH13_18G248800_1_P);
(GWHPACEO076595,(GWHPACEN074893,((((GWHPACDZ074241,W05_GLYSO_18G049828_1_P),GWHPACDY077870),GLYMA_18G280366_1),(GWHPACEP071395,GWHPACEB069008))),GLYMA_ZH13_18G248800_1_P);
(GWHPACEO076595,(GWHPACEN074893,(((GWHPACDZ074241,W05_GLYSO_18G049828_1_P),(GWHPACDY077870,GLYMA_18G280366_1)),(GWHPACEP071395,GWHPACEB069008))),GLYMA_ZH13_18G248800_1_P);
(GWHPACEO076595,(GWHPACEN074893,(((GWHPACDZ074241,W05_GLYSO_18G049828_1_P),(GWHPACDY077870,GLYMA_18G280366_1)),(GWHPACEP071395,GWHPACEB069008))),GLYMA_ZH13_18G248800_1_P);
(GWHPACEP071395,(GWHPACEB069008,(GWHPACEN074893,(GWHPACEO076595,(GLYMA_18G280366_1,((GWHPACDZ074241,W05_GLYSO_18G049828_1_P),GWHPACDY077870))))),GLYMA_ZH13_18G248800_1_P);
(GWHPACEP071395,(GWHPACEB069008,(GWHPACEN074893,(GWHPACEO076595,(GLYMA_18G280366_1,((GWHPACDZ074241,W05_GLYSO_18G049828_1_P),GWHPACDY077870))))),GLYMA_ZH13_18G248800_1_P);
(((GWHPACEN074893,(GWHPACEP071395,GWHPACEB069008)),GWHPACEO076595),((GWHPACDZ074241,W05_GLYSO_18G049828_1_P),(GLYMA_18G280366_1,GWHPACDY077870)),GLYMA_ZH13_18G248800_1_P);
(GWHPACEN074893,((GWHPACEP071395,GWHPACEB069008),(GWHPACEO076595,(((GLYMA_18G280366_1,GWHPACDZ074241),W05_GLYSO_18G049828_1_P),GWHPACDY077870))),GLYMA_ZH13_18G248800_1_P);
(GWHPACEO076595,(GWHPACEN074893,((GWHPACEP071395,GWHPACEB069008),((GWHPACDY077870,GLYMA_18G280366_1),(GWHPACDZ074241,W05_GLYSO_18G049828_1_P)))),GLYMA_ZH13_18G248800_1_P);
(((GWHPACEP071395,GWHPACEB069008),((GWHPACDY077870,(GWHPACDZ074241,W05_GLYSO_18G049828_1_P)),GLYMA_18G280366_1)),(GWHPACEO076595,GWHPACEN074893),GLYMA_ZH13_18G248800_1_P);
((GWHPACEO076595,GWHPACEN074893),((GWHPACEP071395,GWHPACEB069008),((GWHPACDZ074241,W05_GLYSO_18G049828_1_P),(GLYMA_18G280366_1,GWHPACDY077870))),GLYMA_ZH13_18G248800_1_P);
(GWHPACEO076595,(GWHPACEN074893,((GWHPACEP071395,GWHPACEB069008),(GLYMA_18G280366_1,(GWHPACDY077870,(GWHPACDZ074241,W05_GLYSO_18G049828_1_P))))),GLYMA_ZH13_18G248800_1_P);
(GWHPACEO076595,(GWHPACEN074893,((GWHPACEP071395,GWHPACEB069008),(GLYMA_18G280366_1,(GWHPACDY077870,(GWHPACDZ074241,W05_GLYSO_18G049828_1_P))))),GLYMA_ZH13_18G248800_1_P);
(GWHPACEO076595,(GWHPACEN074893,((GWHPACEP071395,GWHPACEB069008),(GLYMA_18G280366_1,(GWHPACDY077870,(GWHPACDZ074241,W05_GLYSO_18G049828_1_P))))),GLYMA_ZH13_18G248800_1_P);
(GWHPACEP071395,(GWHPACEB069008,(GWHPACEN074893,(((GWHPACDY077870,GLYMA_18G280366_1),(W05_GLYSO_18G049828_1_P,GWHPACDZ074241)),GWHPACEO076595))),GLYMA_ZH13_18G248800_1_P);
(GWHPACEP071395,(GWHPACEB069008,(GWHPACEN074893,(((GWHPACDY077870,GLYMA_18G280366_1),(W05_GLYSO_18G049828_1_P,GWHPACDZ074241)),GWHPACEO076595))),GLYMA_ZH13_18G248800_1_P);
(GWHPACEP071395,(GWHPACEB069008,(GWHPACEN074893,(((GWHPACDY077870,GLYMA_18G280366_1),(W05_GLYSO_18G049828_1_P,GWHPACDZ074241)),GWHPACEO076595))),GLYMA_ZH13_18G248800_1_P);
(GWHPACEP071395,(GWHPACEB069008,(GWHPACEN074893,(((GWHPACDY077870,GLYMA_18G280366_1),(W05_GLYSO_18G049828_1_P,GWHPACDZ074241)),GWHPACEO076595))),GLYMA_ZH13_18G248800_1_P);
(GWHPACEP071395,(GWHPACEB069008,(GWHPACEN074893,(((GWHPACDY077870,GLYMA_18G280366_1),(W05_GLYSO_18G049828_1_P,GWHPACDZ074241)),GWHPACEO076595))),GLYMA_ZH13_18G248800_1_P);
(GWHPACEP071395,(GWHPACEB069008,(GWHPACEN074893,(((GWHPACDY077870,GLYMA_18G280366_1),(W05_GLYSO_18G049828_1_P,GWHPACDZ074241)),GWHPACEO076595))),GLYMA_ZH13_18G248800_1_P);
((GWHPACEN074893,((GLYMA_18G280366_1,(GWHPACDZ074241,(W05_GLYSO_18G049828_1_P,GWHPACDY077870))),(GWHPACEP071395,GWHPACEB069008))),GWHPACEO076595,GLYMA_ZH13_18G248800_1_P);
(GWHPACEN074893,(((GLYMA_18G280366_1,((GWHPACDZ074241,W05_GLYSO_18G049828_1_P),GWHPACDY077870)),(GWHPACEP071395,GWHPACEB069008)),GWHPACEO076595),GLYMA_ZH13_18G248800_1_P);
(((((GLYMA_18G280366_1,GWHPACDZ074241),W05_GLYSO_18G049828_1_P),GWHPACDY077870),(GWHPACEP071395,GWHPACEB069008)),(GWHPACEO076595,GWHPACEN074893),GLYMA_ZH13_18G248800_1_P);
(((((GWHPACDZ074241,W05_GLYSO_18G049828_1_P),GWHPACDY077870),GLYMA_18G280366_1),(GWHPACEP071395,GWHPACEB069008)),(GWHPACEO076595,GWHPACEN074893),GLYMA_ZH13_18G248800_1_P);
((GWHPACEO076595,(((GLYMA_18G280366_1,GWHPACDY077870),(W05_GLYSO_18G049828_1_P,GWHPACDZ074241)),(GWHPACEB069008,GWHPACEP071395))),GWHPACEN074893,GLYMA_ZH13_18G248800_1_P);
((GWHPACEO076595,(((GLYMA_18G280366_1,GWHPACDY077870),(W05_GLYSO_18G049828_1_P,GWHPACDZ074241)),(GWHPACEB069008,GWHPACEP071395))),GWHPACEN074893,GLYMA_ZH13_18G248800_1_P);
((GWHPACEO076595,((GLYMA_18G280366_1,(GWHPACDY077870,(W05_GLYSO_18G049828_1_P,GWHPACDZ074241))),(GWHPACEB069008,GWHPACEP071395))),GWHPACEN074893,GLYMA_ZH13_18G248800_1_P);
((GWHPACEO076595,((GLYMA_18G280366_1,(GWHPACDY077870,(W05_GLYSO_18G049828_1_P,GWHPACDZ074241))),(GWHPACEB069008,GWHPACEP071395))),GWHPACEN074893,GLYMA_ZH13_18G248800_1_P);
((GWHPACEO076595,((GLYMA_18G280366_1,(GWHPACDY077870,(W05_GLYSO_18G049828_1_P,GWHPACDZ074241))),(GWHPACEB069008,GWHPACEP071395))),GWHPACEN074893,GLYMA_ZH13_18G248800_1_P);
((GWHPACEO076595,((GLYMA_18G280366_1,(GWHPACDY077870,(W05_GLYSO_18G049828_1_P,GWHPACDZ074241))),(GWHPACEB069008,GWHPACEP071395))),GWHPACEN074893,GLYMA_ZH13_18G248800_1_P);
((GWHPACEO076595,((GLYMA_18G280366_1,(GWHPACDY077870,(W05_GLYSO_18G049828_1_P,GWHPACDZ074241))),(GWHPACEB069008,GWHPACEP071395))),GWHPACEN074893,GLYMA_ZH13_18G248800_1_P);
((GWHPACEO076595,((GLYMA_18G280366_1,(GWHPACDY077870,(W05_GLYSO_18G049828_1_P,GWHPACDZ074241))),(GWHPACEB069008,GWHPACEP071395))),GWHPACEN074893,GLYMA_ZH13_18G248800_1_P);
((GWHPACEO076595,((GLYMA_18G280366_1,(GWHPACDY077870,(W05_GLYSO_18G049828_1_P,GWHPACDZ074241))),(GWHPACEB069008,GWHPACEP071395))),GWHPACEN074893,GLYMA_ZH13_18G248800_1_P);
(((GLYMA_18G280366_1,GWHPACDY077870),(GWHPACDZ074241,W05_GLYSO_18G049828_1_P)),(GWHPACEN074893,((GWHPACEB069008,GWHPACEP071395),GWHPACEO076595)),GLYMA_ZH13_18G248800_1_P);
((GWHPACEB069008,(GWHPACEO076595,GWHPACEN074893)),((((GWHPACDZ074241,W05_GLYSO_18G049828_1_P),GWHPACDY077870),GLYMA_18G280366_1),GWHPACEP071395),GLYMA_ZH13_18G248800_1_P);
((GWHPACEB069008,(GWHPACEO076595,GWHPACEN074893)),((((GWHPACDZ074241,W05_GLYSO_18G049828_1_P),GWHPACDY077870),GLYMA_18G280366_1),GWHPACEP071395),GLYMA_ZH13_18G248800_1_P);
(GWHPACEO076595,(GWHPACEN074893,((((GWHPACDZ074241,W05_GLYSO_18G049828_1_P),(GWHPACDY077870,GLYMA_18G280366_1)),GWHPACEP071395),GWHPACEB069008)),GLYMA_ZH13_18G248800_1_P);
(GWHPACEO076595,(GWHPACEN074893,((((GWHPACDZ074241,W05_GLYSO_18G049828_1_P),(GWHPACDY077870,GLYMA_18G280366_1)),GWHPACEP071395),GWHPACEB069008)),GLYMA_ZH13_18G248800_1_P);
(GWHPACEO076595,(GWHPACEN074893,((GLYMA_18G280366_1,((GWHPACDZ074241,W05_GLYSO_18G049828_1_P),GWHPACDY077870)),(GWHPACEP071395,GWHPACEB069008))),GLYMA_ZH13_18G248800_1_P);
(GWHPACEO076595,(GWHPACEN074893,((GLYMA_18G280366_1,((GWHPACDZ074241,W05_GLYSO_18G049828_1_P),GWHPACDY077870)),(GWHPACEP071395,GWHPACEB069008))),GLYMA_ZH13_18G248800_1_P);
(GWHPACEO076595,(GWHPACEN074893,(((W05_GLYSO_18G049828_1_P,(GWHPACDY077870,GLYMA_18G280366_1)),GWHPACDZ074241),(GWHPACEP071395,GWHPACEB069008))),GLYMA_ZH13_18G248800_1_P);
(GWHPACEN074893,(((((W05_GLYSO_18G049828_1_P,GWHPACDZ074241),GWHPACDY077870),GLYMA_18G280366_1),(GWHPACEP071395,GWHPACEB069008)),GWHPACEO076595),GLYMA_ZH13_18G248800_1_P);
(GWHPACEN074893,(((((W05_GLYSO_18G049828_1_P,GWHPACDZ074241),GWHPACDY077870),GLYMA_18G280366_1),(GWHPACEP071395,GWHPACEB069008)),GWHPACEO076595),GLYMA_ZH13_18G248800_1_P);
(GWHPACEN074893,(((((W05_GLYSO_18G049828_1_P,GWHPACDZ074241),GWHPACDY077870),GLYMA_18G280366_1),(GWHPACEP071395,GWHPACEB069008)),GWHPACEO076595),GLYMA_ZH13_18G248800_1_P);
((GWHPACEO076595,((GLYMA_18G280366_1,(GWHPACDY077870,(W05_GLYSO_18G049828_1_P,GWHPACDZ074241))),(GWHPACEP071395,GWHPACEB069008))),GWHPACEN074893,GLYMA_ZH13_18G248800_1_P);
((GWHPACEO076595,((GLYMA_18G280366_1,(GWHPACDY077870,(W05_GLYSO_18G049828_1_P,GWHPACDZ074241))),(GWHPACEP071395,GWHPACEB069008))),GWHPACEN074893,GLYMA_ZH13_18G248800_1_P);
((GWHPACEO076595,((GLYMA_18G280366_1,(GWHPACDY077870,(W05_GLYSO_18G049828_1_P,GWHPACDZ074241))),(GWHPACEP071395,GWHPACEB069008))),GWHPACEN074893,GLYMA_ZH13_18G248800_1_P);
((GWHPACEO076595,(((W05_GLYSO_18G049828_1_P,GWHPACDZ074241),(GLYMA_18G280366_1,GWHPACDY077870)),(GWHPACEP071395,GWHPACEB069008))),GWHPACEN074893,GLYMA_ZH13_18G248800_1_P);
((GWHPACEO076595,(((W05_GLYSO_18G049828_1_P,GWHPACDZ074241),(GLYMA_18G280366_1,GWHPACDY077870)),(GWHPACEP071395,GWHPACEB069008))),GWHPACEN074893,GLYMA_ZH13_18G248800_1_P);
((GWHPACEO076595,(((W05_GLYSO_18G049828_1_P,GWHPACDZ074241),(GLYMA_18G280366_1,GWHPACDY077870)),(GWHPACEP071395,GWHPACEB069008))),GWHPACEN074893,GLYMA_ZH13_18G248800_1_P);
((GWHPACEO076595,(((W05_GLYSO_18G049828_1_P,GWHPACDZ074241),(GLYMA_18G280366_1,GWHPACDY077870)),(GWHPACEP071395,GWHPACEB069008))),GWHPACEN074893,GLYMA_ZH13_18G248800_1_P);
((GWHPACEO076595,(((W05_GLYSO_18G049828_1_P,GWHPACDZ074241),(GLYMA_18G280366_1,GWHPACDY077870)),(GWHPACEP071395,GWHPACEB069008))),GWHPACEN074893,GLYMA_ZH13_18G248800_1_P);
((GWHPACEO076595,(((W05_GLYSO_18G049828_1_P,GWHPACDZ074241),(GLYMA_18G280366_1,GWHPACDY077870)),(GWHPACEP071395,GWHPACEB069008))),GWHPACEN074893,GLYMA_ZH13_18G248800_1_P);
((GWHPACEO076595,((GLYMA_18G280366_1,(GWHPACDY077870,(W05_GLYSO_18G049828_1_P,GWHPACDZ074241))),(GWHPACEP071395,GWHPACEB069008))),GWHPACEN074893,GLYMA_ZH13_18G248800_1_P);
((GWHPACEN074893,(GWHPACEO076595,((W05_GLYSO_18G049828_1_P,GWHPACDY077870),(GLYMA_18G280366_1,GWHPACDZ074241)))),(GWHPACEP071395,GWHPACEB069008),GLYMA_ZH13_18G248800_1_P);
((GWHPACEO076595,(((W05_GLYSO_18G049828_1_P,(GLYMA_18G280366_1,GWHPACDY077870)),GWHPACDZ074241),(GWHPACEP071395,GWHPACEB069008))),GWHPACEN074893,GLYMA_ZH13_18G248800_1_P);
(GWHPACEO076595,(((((W05_GLYSO_18G049828_1_P,GWHPACDZ074241),GWHPACDY077870),GLYMA_18G280366_1),(GWHPACEP071395,GWHPACEB069008)),GWHPACEN074893),GLYMA_ZH13_18G248800_1_P);
(GWHPACEO076595,((((W05_GLYSO_18G049828_1_P,(GWHPACDY077870,GLYMA_18G280366_1)),GWHPACDZ074241),(GWHPACEP071395,GWHPACEB069008)),GWHPACEN074893),GLYMA_ZH13_18G248800_1_P);
(GWHPACEO076595,((((W05_GLYSO_18G049828_1_P,(GWHPACDY077870,GLYMA_18G280366_1)),GWHPACDZ074241),(GWHPACEP071395,GWHPACEB069008)),GWHPACEN074893),GLYMA_ZH13_18G248800_1_P);
(GWHPACEO076595,((((GWHPACDY077870,GLYMA_18G280366_1),(GWHPACDZ074241,W05_GLYSO_18G049828_1_P)),(GWHPACEP071395,GWHPACEB069008)),GWHPACEN074893),GLYMA_ZH13_18G248800_1_P);
(GWHPACEO076595,((((GWHPACDY077870,GLYMA_18G280366_1),(GWHPACDZ074241,W05_GLYSO_18G049828_1_P)),(GWHPACEP071395,GWHPACEB069008)),GWHPACEN074893),GLYMA_ZH13_18G248800_1_P);
(GWHPACEO076595,((((GWHPACDY077870,GLYMA_18G280366_1),(GWHPACDZ074241,W05_GLYSO_18G049828_1_P)),(GWHPACEP071395,GWHPACEB069008)),GWHPACEN074893),GLYMA_ZH13_18G248800_1_P);
(GWHPACEO076595,(((GLYMA_18G280366_1,((GWHPACDZ074241,W05_GLYSO_18G049828_1_P),GWHPACDY077870)),(GWHPACEP071395,GWHPACEB069008)),GWHPACEN074893),GLYMA_ZH13_18G248800_1_P);
(GWHPACEO076595,((((GWHPACDZ074241,W05_GLYSO_18G049828_1_P),(GWHPACDY077870,GLYMA_18G280366_1)),(GWHPACEP071395,GWHPACEB069008)),GWHPACEN074893),GLYMA_ZH13_18G248800_1_P);
((GWHPACEN074893,((GWHPACEB069008,GWHPACEP071395),(GLYMA_18G280366_1,(GWHPACDY077870,(W05_GLYSO_18G049828_1_P,GWHPACDZ074241))))),GWHPACEO076595,GLYMA_ZH13_18G248800_1_P);
((GLYMA_18G280366_1,(GWHPACEB069008,GWHPACEP071395)),(GWHPACEN074893,(GWHPACEO076595,((GWHPACDY077870,W05_GLYSO_18G049828_1_P),GWHPACDZ074241))),GLYMA_ZH13_18G248800_1_P);
((GWHPACEO076595,((((GLYMA_18G280366_1,GWHPACDY077870),W05_GLYSO_18G049828_1_P),GWHPACDZ074241),(GWHPACEB069008,GWHPACEP071395))),GWHPACEN074893,GLYMA_ZH13_18G248800_1_P);
((GWHPACEO076595,(((GWHPACDY077870,(W05_GLYSO_18G049828_1_P,GWHPACDZ074241)),GLYMA_18G280366_1),(GWHPACEB069008,GWHPACEP071395))),GWHPACEN074893,GLYMA_ZH13_18G248800_1_P);
((GWHPACEO076595,(((GWHPACDZ074241,(GWHPACDY077870,W05_GLYSO_18G049828_1_P)),GLYMA_18G280366_1),(GWHPACEB069008,GWHPACEP071395))),GWHPACEN074893,GLYMA_ZH13_18G248800_1_P);
((GWHPACEO076595,(((GWHPACDZ074241,W05_GLYSO_18G049828_1_P),(GWHPACDY077870,GLYMA_18G280366_1)),(GWHPACEB069008,GWHPACEP071395))),GWHPACEN074893,GLYMA_ZH13_18G248800_1_P);
(GWHPACEO076595,((((GWHPACDZ074241,(GWHPACDY077870,W05_GLYSO_18G049828_1_P)),GLYMA_18G280366_1),(GWHPACEB069008,GWHPACEP071395)),GWHPACEN074893),GLYMA_ZH13_18G248800_1_P);
(GWHPACEO076595,((((GWHPACDY077870,(W05_GLYSO_18G049828_1_P,GWHPACDZ074241)),GLYMA_18G280366_1),(GWHPACEB069008,GWHPACEP071395)),GWHPACEN074893),GLYMA_ZH13_18G248800_1_P);
(GWHPACEO076595,((((GWHPACDY077870,(W05_GLYSO_18G049828_1_P,GWHPACDZ074241)),GLYMA_18G280366_1),(GWHPACEB069008,GWHPACEP071395)),GWHPACEN074893),GLYMA_ZH13_18G248800_1_P);
(GWHPACEO076595,((((W05_GLYSO_18G049828_1_P,GWHPACDZ074241),(GLYMA_18G280366_1,GWHPACDY077870)),(GWHPACEB069008,GWHPACEP071395)),GWHPACEN074893),GLYMA_ZH13_18G248800_1_P);
(GWHPACEO076595,(GWHPACEP071395,(GWHPACEB069008,((GLYMA_18G280366_1,((GWHPACDZ074241,W05_GLYSO_18G049828_1_P),GWHPACDY077870)),GWHPACEN074893))),GLYMA_ZH13_18G248800_1_P);
((GWHPACEO076595,((GWHPACDZ074241,W05_GLYSO_18G049828_1_P),(GWHPACDY077870,GLYMA_18G280366_1))),(GWHPACEN074893,(GWHPACEP071395,GWHPACEB069008)),GLYMA_ZH13_18G248800_1_P);
((GWHPACEO076595,((GWHPACDZ074241,W05_GLYSO_18G049828_1_P),(GWHPACDY077870,GLYMA_18G280366_1))),(GWHPACEN074893,(GWHPACEP071395,GWHPACEB069008)),GLYMA_ZH13_18G248800_1_P);
((GWHPACEN074893,GWHPACEO076595),((GLYMA_18G280366_1,((GWHPACDZ074241,W05_GLYSO_18G049828_1_P),GWHPACDY077870)),(GWHPACEP071395,GWHPACEB069008)),GLYMA_ZH13_18G248800_1_P);
((GWHPACEN074893,GWHPACEO076595),((GLYMA_18G280366_1,((GWHPACDZ074241,W05_GLYSO_18G049828_1_P),GWHPACDY077870)),(GWHPACEP071395,GWHPACEB069008)),GLYMA_ZH13_18G248800_1_P);
((GWHPACEN074893,GWHPACEO076595),(((GWHPACDZ074241,W05_GLYSO_18G049828_1_P),(GWHPACDY077870,GLYMA_18G280366_1)),(GWHPACEP071395,GWHPACEB069008)),GLYMA_ZH13_18G248800_1_P);
((GWHPACEN074893,GWHPACEO076595),(((GWHPACDZ074241,W05_GLYSO_18G049828_1_P),(GWHPACDY077870,GLYMA_18G280366_1)),(GWHPACEP071395,GWHPACEB069008)),GLYMA_ZH13_18G248800_1_P);
((GWHPACEN074893,GWHPACEO076595),(((GWHPACDZ074241,W05_GLYSO_18G049828_1_P),(GWHPACDY077870,GLYMA_18G280366_1)),(GWHPACEP071395,GWHPACEB069008)),GLYMA_ZH13_18G248800_1_P);
((GWHPACEN074893,GWHPACEO076595),((GLYMA_18G280366_1,((GWHPACDZ074241,W05_GLYSO_18G049828_1_P),GWHPACDY077870)),(GWHPACEP071395,GWHPACEB069008)),GLYMA_ZH13_18G248800_1_P);
((GWHPACEN074893,GWHPACEO076595),((GLYMA_18G280366_1,((GWHPACDZ074241,W05_GLYSO_18G049828_1_P),GWHPACDY077870)),(GWHPACEP071395,GWHPACEB069008)),GLYMA_ZH13_18G248800_1_P);
(GWHPACEO076595,(GWHPACEN074893,((GWHPACEB069008,GWHPACEP071395),(GLYMA_18G280366_1,(GWHPACDY077870,(GWHPACDZ074241,W05_GLYSO_18G049828_1_P))))),GLYMA_ZH13_18G248800_1_P);
(GWHPACEO076595,(GWHPACEN074893,((GWHPACEB069008,GWHPACEP071395),((GWHPACDZ074241,W05_GLYSO_18G049828_1_P),(GLYMA_18G280366_1,GWHPACDY077870)))),GLYMA_ZH13_18G248800_1_P);
(GWHPACEO076595,(GWHPACEN074893,((GWHPACEB069008,GWHPACEP071395),((GWHPACDZ074241,W05_GLYSO_18G049828_1_P),(GLYMA_18G280366_1,GWHPACDY077870)))),GLYMA_ZH13_18G248800_1_P);
(GWHPACEN074893,(GWHPACEO076595,((GLYMA_18G280366_1,(GWHPACDZ074241,(GWHPACDY077870,W05_GLYSO_18G049828_1_P))),(GWHPACEB069008,GWHPACEP071395))),GLYMA_ZH13_18G248800_1_P);
(GWHPACEN074893,(GWHPACEO076595,((GLYMA_18G280366_1,(GWHPACDY077870,(W05_GLYSO_18G049828_1_P,GWHPACDZ074241))),(GWHPACEB069008,GWHPACEP071395))),GLYMA_ZH13_18G248800_1_P);
(GWHPACEN074893,(GWHPACEO076595,((GLYMA_18G280366_1,(GWHPACDY077870,(W05_GLYSO_18G049828_1_P,GWHPACDZ074241))),(GWHPACEB069008,GWHPACEP071395))),GLYMA_ZH13_18G248800_1_P);
(GWHPACEN074893,(GWHPACEO076595,((GLYMA_18G280366_1,(GWHPACDY077870,(W05_GLYSO_18G049828_1_P,GWHPACDZ074241))),(GWHPACEB069008,GWHPACEP071395))),GLYMA_ZH13_18G248800_1_P);
(GWHPACEN074893,(GWHPACEO076595,(((W05_GLYSO_18G049828_1_P,GWHPACDZ074241),(GLYMA_18G280366_1,GWHPACDY077870)),(GWHPACEB069008,GWHPACEP071395))),GLYMA_ZH13_18G248800_1_P);
(GWHPACEN074893,(GWHPACEO076595,(((W05_GLYSO_18G049828_1_P,GWHPACDZ074241),(GLYMA_18G280366_1,GWHPACDY077870)),(GWHPACEB069008,GWHPACEP071395))),GLYMA_ZH13_18G248800_1_P);
(GWHPACEN074893,(GWHPACEO076595,(((W05_GLYSO_18G049828_1_P,GWHPACDZ074241),(GLYMA_18G280366_1,GWHPACDY077870)),(GWHPACEB069008,GWHPACEP071395))),GLYMA_ZH13_18G248800_1_P);
