(GWHPACEL060673,(GWHPACEN063192,GLYMA_15G246100_1),GWHPACEB058138);
(GWHPACEL060673,(GWHPACEN063192,GLYMA_15G246100_1),GWHPACEB058138);
(GWHPACEL060673,(GWHPACEN063192,GLYMA_15G246100_1),GWHPACEB058138);
(GWHPACEL060673,(GWHPACEN063192,GLYMA_15G246100_1),GWHPACEB058138);
(GWHPACEL060673,(GWHPACEN063192,GLYMA_15G246100_1),GWHPACEB058138);
(GWHPACEL060673,(GWHPACEN063192,GLYMA_15G246100_1),GWHPACEB058138);
(GWHPACEL060673,(GWHPACEN063192,GLYMA_15G246100_1),GWHPACEB058138);
(GWHPACEL060673,(GWHPACEN063192,GLYMA_15G246100_1),GWHPACEB058138);
(GWHPACEL060673,(GWHPACEN063192,GLYMA_15G246100_1),GWHPACEB058138);
(GWHPACEL060673,(GWHPACEN063192,GLYMA_15G246100_1),GWHPACEB058138);
(GLYMA_15G246100_1,(GWHPACEN063192,GWHPACEL060673),GWHPACEB058138);
(GLYMA_15G246100_1,(GWHPACEN063192,GWHPACEL060673),GWHPACEB058138);
(GLYMA_15G246100_1,(GWHPACEN063192,GWHPACEL060673),GWHPACEB058138);
(GLYMA_15G246100_1,(GWHPACEN063192,GWHPACEL060673),GWHPACEB058138);
(GLYMA_15G246100_1,(GWHPACEN063192,GWHPACEL060673),GWHPACEB058138);
(GLYMA_15G246100_1,(GWHPACEN063192,GWHPACEL060673),GWHPACEB058138);
(GLYMA_15G246100_1,(GWHPACEN063192,GWHPACEL060673),GWHPACEB058138);
(GLYMA_15G246100_1,(GWHPACEN063192,GWHPACEL060673),GWHPACEB058138);
(GLYMA_15G246100_1,(GWHPACEN063192,GWHPACEL060673),GWHPACEB058138);
(GLYMA_15G246100_1,(GWHPACEN063192,GWHPACEL060673),GWHPACEB058138);
(GLYMA_15G246100_1,(GWHPACEN063192,GWHPACEL060673),GWHPACEB058138);
(GLYMA_15G246100_1,(GWHPACEN063192,GWHPACEL060673),GWHPACEB058138);
(GLYMA_15G246100_1,(GWHPACEN063192,GWHPACEL060673),GWHPACEB058138);
(GLYMA_15G246100_1,(GWHPACEN063192,GWHPACEL060673),GWHPACEB058138);
(GLYMA_15G246100_1,(GWHPACEN063192,GWHPACEL060673),GWHPACEB058138);
(GLYMA_15G246100_1,(GWHPACEN063192,GWHPACEL060673),GWHPACEB058138);
(GLYMA_15G246100_1,(GWHPACEN063192,GWHPACEL060673),GWHPACEB058138);
(GLYMA_15G246100_1,(GWHPACEN063192,GWHPACEL060673),GWHPACEB058138);
(GLYMA_15G246100_1,(GWHPACEN063192,GWHPACEL060673),GWHPACEB058138);
(GLYMA_15G246100_1,(GWHPACEN063192,GWHPACEL060673),GWHPACEB058138);
(GWHPACEL060673,(GLYMA_15G246100_1,GWHPACEN063192),GWHPACEB058138);
(GWHPACEL060673,(GLYMA_15G246100_1,GWHPACEN063192),GWHPACEB058138);
(GWHPACEL060673,(GLYMA_15G246100_1,GWHPACEN063192),GWHPACEB058138);
(GWHPACEL060673,(GLYMA_15G246100_1,GWHPACEN063192),GWHPACEB058138);
(GWHPACEL060673,(GLYMA_15G246100_1,GWHPACEN063192),GWHPACEB058138);
(GWHPACEL060673,(GLYMA_15G246100_1,GWHPACEN063192),GWHPACEB058138);
(GWHPACEL060673,(GLYMA_15G246100_1,GWHPACEN063192),GWHPACEB058138);
(GWHPACEL060673,(GLYMA_15G246100_1,GWHPACEN063192),GWHPACEB058138);
(GWHPACEL060673,(GLYMA_15G246100_1,GWHPACEN063192),GWHPACEB058138);
(GWHPACEL060673,(GLYMA_15G246100_1,GWHPACEN063192),GWHPACEB058138);
(GLYMA_15G246100_1,(GWHPACEN063192,GWHPACEL060673),GWHPACEB058138);
(GLYMA_15G246100_1,(GWHPACEN063192,GWHPACEL060673),GWHPACEB058138);
(GLYMA_15G246100_1,(GWHPACEN063192,GWHPACEL060673),GWHPACEB058138);
(GLYMA_15G246100_1,(GWHPACEN063192,GWHPACEL060673),GWHPACEB058138);
(GLYMA_15G246100_1,(GWHPACEN063192,GWHPACEL060673),GWHPACEB058138);
(GLYMA_15G246100_1,(GWHPACEN063192,GWHPACEL060673),GWHPACEB058138);
(GLYMA_15G246100_1,(GWHPACEN063192,GWHPACEL060673),GWHPACEB058138);
(GLYMA_15G246100_1,(GWHPACEN063192,GWHPACEL060673),GWHPACEB058138);
(GLYMA_15G246100_1,(GWHPACEN063192,GWHPACEL060673),GWHPACEB058138);
(GLYMA_15G246100_1,(GWHPACEN063192,GWHPACEL060673),GWHPACEB058138);
(GLYMA_15G246100_1,(GWHPACEL060673,GWHPACEN063192),GWHPACEB058138);
(GLYMA_15G246100_1,(GWHPACEL060673,GWHPACEN063192),GWHPACEB058138);
(GLYMA_15G246100_1,(GWHPACEL060673,GWHPACEN063192),GWHPACEB058138);
(GLYMA_15G246100_1,(GWHPACEL060673,GWHPACEN063192),GWHPACEB058138);
(GLYMA_15G246100_1,(GWHPACEL060673,GWHPACEN063192),GWHPACEB058138);
(GLYMA_15G246100_1,(GWHPACEL060673,GWHPACEN063192),GWHPACEB058138);
(GLYMA_15G246100_1,(GWHPACEL060673,GWHPACEN063192),GWHPACEB058138);
(GLYMA_15G246100_1,(GWHPACEL060673,GWHPACEN063192),GWHPACEB058138);
(GLYMA_15G246100_1,(GWHPACEL060673,GWHPACEN063192),GWHPACEB058138);
(GLYMA_15G246100_1,(GWHPACEL060673,GWHPACEN063192),GWHPACEB058138);
(GWHPACEL060673,(GLYMA_15G246100_1,GWHPACEN063192),GWHPACEB058138);
(GWHPACEL060673,(GLYMA_15G246100_1,GWHPACEN063192),GWHPACEB058138);
(GWHPACEL060673,(GLYMA_15G246100_1,GWHPACEN063192),GWHPACEB058138);
(GWHPACEL060673,(GLYMA_15G246100_1,GWHPACEN063192),GWHPACEB058138);
(GWHPACEL060673,(GLYMA_15G246100_1,GWHPACEN063192),GWHPACEB058138);
(GWHPACEL060673,(GLYMA_15G246100_1,GWHPACEN063192),GWHPACEB058138);
(GWHPACEL060673,(GLYMA_15G246100_1,GWHPACEN063192),GWHPACEB058138);
(GWHPACEL060673,(GLYMA_15G246100_1,GWHPACEN063192),GWHPACEB058138);
(GWHPACEL060673,(GLYMA_15G246100_1,GWHPACEN063192),GWHPACEB058138);
(GWHPACEL060673,(GLYMA_15G246100_1,GWHPACEN063192),GWHPACEB058138);
((GWHPACEL060673,GLYMA_15G246100_1),GWHPACEN063192,GWHPACEB058138);
((GWHPACEL060673,GLYMA_15G246100_1),GWHPACEN063192,GWHPACEB058138);
((GWHPACEL060673,GLYMA_15G246100_1),GWHPACEN063192,GWHPACEB058138);
((GWHPACEL060673,GLYMA_15G246100_1),GWHPACEN063192,GWHPACEB058138);
((GWHPACEL060673,GLYMA_15G246100_1),GWHPACEN063192,GWHPACEB058138);
((GWHPACEL060673,GLYMA_15G246100_1),GWHPACEN063192,GWHPACEB058138);
((GWHPACEL060673,GLYMA_15G246100_1),GWHPACEN063192,GWHPACEB058138);
((GWHPACEL060673,GLYMA_15G246100_1),GWHPACEN063192,GWHPACEB058138);
((GWHPACEL060673,GLYMA_15G246100_1),GWHPACEN063192,GWHPACEB058138);
((GWHPACEL060673,GLYMA_15G246100_1),GWHPACEN063192,GWHPACEB058138);
(GWHPACEL060673,(GLYMA_15G246100_1,GWHPACEN063192),GWHPACEB058138);
(GWHPACEL060673,(GLYMA_15G246100_1,GWHPACEN063192),GWHPACEB058138);
(GWHPACEL060673,(GLYMA_15G246100_1,GWHPACEN063192),GWHPACEB058138);
(GWHPACEL060673,(GLYMA_15G246100_1,GWHPACEN063192),GWHPACEB058138);
(GWHPACEL060673,(GLYMA_15G246100_1,GWHPACEN063192),GWHPACEB058138);
(GWHPACEL060673,(GLYMA_15G246100_1,GWHPACEN063192),GWHPACEB058138);
(GWHPACEL060673,(GLYMA_15G246100_1,GWHPACEN063192),GWHPACEB058138);
(GWHPACEL060673,(GLYMA_15G246100_1,GWHPACEN063192),GWHPACEB058138);
(GWHPACEL060673,(GLYMA_15G246100_1,GWHPACEN063192),GWHPACEB058138);
(GWHPACEL060673,(GLYMA_15G246100_1,GWHPACEN063192),GWHPACEB058138);
(GLYMA_15G246100_1,(GWHPACEN063192,GWHPACEL060673),GWHPACEB058138);
(GLYMA_15G246100_1,(GWHPACEN063192,GWHPACEL060673),GWHPACEB058138);
(GLYMA_15G246100_1,(GWHPACEN063192,GWHPACEL060673),GWHPACEB058138);
(GLYMA_15G246100_1,(GWHPACEN063192,GWHPACEL060673),GWHPACEB058138);
(GLYMA_15G246100_1,(GWHPACEN063192,GWHPACEL060673),GWHPACEB058138);
(GLYMA_15G246100_1,(GWHPACEN063192,GWHPACEL060673),GWHPACEB058138);
(GLYMA_15G246100_1,(GWHPACEN063192,GWHPACEL060673),GWHPACEB058138);
(GLYMA_15G246100_1,(GWHPACEN063192,GWHPACEL060673),GWHPACEB058138);
(GLYMA_15G246100_1,(GWHPACEN063192,GWHPACEL060673),GWHPACEB058138);
(GLYMA_15G246100_1,(GWHPACEN063192,GWHPACEL060673),GWHPACEB058138);
