(GWHPACEN063206,(GLYMA_15G247400_11,GWHPACEL060691),GWHPACDY065675);
(GWHPACEN063206,(GLYMA_15G247400_11,GWHPACEL060691),GWHPACDY065675);
(GWHPACEN063206,(GLYMA_15G247400_11,GWHPACEL060691),GWHPACDY065675);
(GWHPACEN063206,(GLYMA_15G247400_11,GWHPACEL060691),GWHPACDY065675);
(GWHPACEN063206,(GLYMA_15G247400_11,GWHPACEL060691),GWHPACDY065675);
(GWHPACEN063206,(GLYMA_15G247400_11,GWHPACEL060691),GWHPACDY065675);
(GWHPACEN063206,(GLYMA_15G247400_11,GWHPACEL060691),GWHPACDY065675);
(GWHPACEN063206,(GLYMA_15G247400_11,GWHPACEL060691),GWHPACDY065675);
(GWHPACEN063206,(GLYMA_15G247400_11,GWHPACEL060691),GWHPACDY065675);
(GWHPACEN063206,(GLYMA_15G247400_11,GWHPACEL060691),GWHPACDY065675);
((GWHPACEL060691,GWHPACEN063206),GLYMA_15G247400_11,GWHPACDY065675);
((GLYMA_15G247400_11,GWHPACEN063206),GWHPACEL060691,GWHPACDY065675);
((GLYMA_15G247400_11,GWHPACEN063206),GWHPACEL060691,GWHPACDY065675);
((GLYMA_15G247400_11,GWHPACEN063206),GWHPACEL060691,GWHPACDY065675);
((GLYMA_15G247400_11,GWHPACEN063206),GWHPACEL060691,GWHPACDY065675);
((GLYMA_15G247400_11,GWHPACEN063206),GWHPACEL060691,GWHPACDY065675);
((GLYMA_15G247400_11,GWHPACEN063206),GWHPACEL060691,GWHPACDY065675);
((GLYMA_15G247400_11,GWHPACEN063206),GWHPACEL060691,GWHPACDY065675);
((GLYMA_15G247400_11,GWHPACEN063206),GWHPACEL060691,GWHPACDY065675);
((GLYMA_15G247400_11,GWHPACEN063206),GWHPACEL060691,GWHPACDY065675);
((GWHPACEL060691,GWHPACEN063206),GLYMA_15G247400_11,GWHPACDY065675);
((GLYMA_15G247400_11,GWHPACEN063206),GWHPACEL060691,GWHPACDY065675);
((GLYMA_15G247400_11,GWHPACEN063206),GWHPACEL060691,GWHPACDY065675);
((GLYMA_15G247400_11,GWHPACEN063206),GWHPACEL060691,GWHPACDY065675);
((GLYMA_15G247400_11,GWHPACEN063206),GWHPACEL060691,GWHPACDY065675);
((GLYMA_15G247400_11,GWHPACEN063206),GWHPACEL060691,GWHPACDY065675);
((GLYMA_15G247400_11,GWHPACEN063206),GWHPACEL060691,GWHPACDY065675);
((GLYMA_15G247400_11,GWHPACEN063206),GWHPACEL060691,GWHPACDY065675);
((GLYMA_15G247400_11,GWHPACEN063206),GWHPACEL060691,GWHPACDY065675);
((GLYMA_15G247400_11,GWHPACEN063206),GWHPACEL060691,GWHPACDY065675);
(GWHPACEN063206,(GWHPACEL060691,GLYMA_15G247400_11),GWHPACDY065675);
(GWHPACEN063206,(GWHPACEL060691,GLYMA_15G247400_11),GWHPACDY065675);
(GWHPACEN063206,(GWHPACEL060691,GLYMA_15G247400_11),GWHPACDY065675);
(GWHPACEN063206,(GWHPACEL060691,GLYMA_15G247400_11),GWHPACDY065675);
(GWHPACEN063206,(GWHPACEL060691,GLYMA_15G247400_11),GWHPACDY065675);
(GWHPACEN063206,(GWHPACEL060691,GLYMA_15G247400_11),GWHPACDY065675);
(GWHPACEN063206,(GWHPACEL060691,GLYMA_15G247400_11),GWHPACDY065675);
(GWHPACEN063206,(GWHPACEL060691,GLYMA_15G247400_11),GWHPACDY065675);
(GWHPACEN063206,(GWHPACEL060691,GLYMA_15G247400_11),GWHPACDY065675);
(GWHPACEN063206,(GWHPACEL060691,GLYMA_15G247400_11),GWHPACDY065675);
((GWHPACEL060691,GWHPACEN063206),GLYMA_15G247400_11,GWHPACDY065675);
((GLYMA_15G247400_11,GWHPACEN063206),GWHPACEL060691,GWHPACDY065675);
((GLYMA_15G247400_11,GWHPACEN063206),GWHPACEL060691,GWHPACDY065675);
((GLYMA_15G247400_11,GWHPACEN063206),GWHPACEL060691,GWHPACDY065675);
((GLYMA_15G247400_11,GWHPACEN063206),GWHPACEL060691,GWHPACDY065675);
((GLYMA_15G247400_11,GWHPACEN063206),GWHPACEL060691,GWHPACDY065675);
((GLYMA_15G247400_11,GWHPACEN063206),GWHPACEL060691,GWHPACDY065675);
((GLYMA_15G247400_11,GWHPACEN063206),GWHPACEL060691,GWHPACDY065675);
((GLYMA_15G247400_11,GWHPACEN063206),GWHPACEL060691,GWHPACDY065675);
((GLYMA_15G247400_11,GWHPACEN063206),GWHPACEL060691,GWHPACDY065675);
((GWHPACEL060691,GWHPACEN063206),GLYMA_15G247400_11,GWHPACDY065675);
((GLYMA_15G247400_11,GWHPACEN063206),GWHPACEL060691,GWHPACDY065675);
((GLYMA_15G247400_11,GWHPACEN063206),GWHPACEL060691,GWHPACDY065675);
((GLYMA_15G247400_11,GWHPACEN063206),GWHPACEL060691,GWHPACDY065675);
((GLYMA_15G247400_11,GWHPACEN063206),GWHPACEL060691,GWHPACDY065675);
((GLYMA_15G247400_11,GWHPACEN063206),GWHPACEL060691,GWHPACDY065675);
((GLYMA_15G247400_11,GWHPACEN063206),GWHPACEL060691,GWHPACDY065675);
((GLYMA_15G247400_11,GWHPACEN063206),GWHPACEL060691,GWHPACDY065675);
((GLYMA_15G247400_11,GWHPACEN063206),GWHPACEL060691,GWHPACDY065675);
((GLYMA_15G247400_11,GWHPACEN063206),GWHPACEL060691,GWHPACDY065675);
(GWHPACEN063206,(GWHPACEL060691,GLYMA_15G247400_11),GWHPACDY065675);
(GWHPACEN063206,(GWHPACEL060691,GLYMA_15G247400_11),GWHPACDY065675);
(GWHPACEN063206,(GWHPACEL060691,GLYMA_15G247400_11),GWHPACDY065675);
(GWHPACEN063206,(GWHPACEL060691,GLYMA_15G247400_11),GWHPACDY065675);
(GWHPACEN063206,(GWHPACEL060691,GLYMA_15G247400_11),GWHPACDY065675);
(GWHPACEN063206,(GWHPACEL060691,GLYMA_15G247400_11),GWHPACDY065675);
(GWHPACEN063206,(GWHPACEL060691,GLYMA_15G247400_11),GWHPACDY065675);
(GWHPACEN063206,(GWHPACEL060691,GLYMA_15G247400_11),GWHPACDY065675);
(GWHPACEN063206,(GWHPACEL060691,GLYMA_15G247400_11),GWHPACDY065675);
(GWHPACEN063206,(GWHPACEL060691,GLYMA_15G247400_11),GWHPACDY065675);
((GWHPACEN063206,GWHPACEL060691),GLYMA_15G247400_11,GWHPACDY065675);
((GWHPACEN063206,GWHPACEL060691),GLYMA_15G247400_11,GWHPACDY065675);
((GWHPACEN063206,GWHPACEL060691),GLYMA_15G247400_11,GWHPACDY065675);
((GWHPACEN063206,GWHPACEL060691),GLYMA_15G247400_11,GWHPACDY065675);
((GWHPACEN063206,GWHPACEL060691),GLYMA_15G247400_11,GWHPACDY065675);
((GWHPACEN063206,GWHPACEL060691),GLYMA_15G247400_11,GWHPACDY065675);
((GWHPACEN063206,GWHPACEL060691),GLYMA_15G247400_11,GWHPACDY065675);
((GWHPACEN063206,GWHPACEL060691),GLYMA_15G247400_11,GWHPACDY065675);
((GWHPACEN063206,GWHPACEL060691),GLYMA_15G247400_11,GWHPACDY065675);
((GWHPACEN063206,GWHPACEL060691),GLYMA_15G247400_11,GWHPACDY065675);
(GWHPACEN063206,(GWHPACEL060691,GLYMA_15G247400_11),GWHPACDY065675);
(GWHPACEN063206,(GWHPACEL060691,GLYMA_15G247400_11),GWHPACDY065675);
(GWHPACEN063206,(GWHPACEL060691,GLYMA_15G247400_11),GWHPACDY065675);
(GWHPACEN063206,(GWHPACEL060691,GLYMA_15G247400_11),GWHPACDY065675);
(GWHPACEN063206,(GWHPACEL060691,GLYMA_15G247400_11),GWHPACDY065675);
(GWHPACEN063206,(GWHPACEL060691,GLYMA_15G247400_11),GWHPACDY065675);
(GWHPACEN063206,(GWHPACEL060691,GLYMA_15G247400_11),GWHPACDY065675);
(GWHPACEN063206,(GWHPACEL060691,GLYMA_15G247400_11),GWHPACDY065675);
(GWHPACEN063206,(GWHPACEL060691,GLYMA_15G247400_11),GWHPACDY065675);
(GWHPACEN063206,(GWHPACEL060691,GLYMA_15G247400_11),GWHPACDY065675);
((GWHPACEL060691,GWHPACEN063206),GLYMA_15G247400_11,GWHPACDY065675);
((GLYMA_15G247400_11,GWHPACEN063206),GWHPACEL060691,GWHPACDY065675);
((GLYMA_15G247400_11,GWHPACEN063206),GWHPACEL060691,GWHPACDY065675);
((GLYMA_15G247400_11,GWHPACEN063206),GWHPACEL060691,GWHPACDY065675);
((GLYMA_15G247400_11,GWHPACEN063206),GWHPACEL060691,GWHPACDY065675);
((GLYMA_15G247400_11,GWHPACEN063206),GWHPACEL060691,GWHPACDY065675);
((GLYMA_15G247400_11,GWHPACEN063206),GWHPACEL060691,GWHPACDY065675);
((GLYMA_15G247400_11,GWHPACEN063206),GWHPACEL060691,GWHPACDY065675);
((GLYMA_15G247400_11,GWHPACEN063206),GWHPACEL060691,GWHPACDY065675);
((GLYMA_15G247400_11,GWHPACEN063206),GWHPACEL060691,GWHPACDY065675);
