(W05_GLYSO_15G041986_1_P,(GWHPACDZ062775,(GWHPACEI066197,GWHPACEA064273)),GWHPACES064089);
(W05_GLYSO_15G041986_1_P,(GWHPACDZ062775,(GWHPACEI066197,GWHPACEA064273)),GWHPACES064089);
(W05_GLYSO_15G041986_1_P,(GWHPACDZ062775,(GWHPACEI066197,GWHPACEA064273)),GWHPACES064089);
(W05_GLYSO_15G041986_1_P,(GWHPACDZ062775,(GWHPACEI066197,GWHPACEA064273)),GWHPACES064089);
(W05_GLYSO_15G041986_1_P,(GWHPACDZ062775,(GWHPACEI066197,GWHPACEA064273)),GWHPACES064089);
(W05_GLYSO_15G041986_1_P,(GWHPACDZ062775,(GWHPACEI066197,GWHPACEA064273)),GWHPACES064089);
(W05_GLYSO_15G041986_1_P,(GWHPACDZ062775,(GWHPACEI066197,GWHPACEA064273)),GWHPACES064089);
(W05_GLYSO_15G041986_1_P,(GWHPACDZ062775,(GWHPACEI066197,GWHPACEA064273)),GWHPACES064089);
(W05_GLYSO_15G041986_1_P,(GWHPACDZ062775,(GWHPACEI066197,GWHPACEA064273)),GWHPACES064089);
(W05_GLYSO_15G041986_1_P,(GWHPACDZ062775,(GWHPACEI066197,GWHPACEA064273)),GWHPACES064089);
((GWHPACDZ062775,W05_GLYSO_15G041986_1_P),(GWHPACEI066197,GWHPACEA064273),GWHPACES064089);
((GWHPACDZ062775,W05_GLYSO_15G041986_1_P),(GWHPACEI066197,GWHPACEA064273),GWHPACES064089);
((GWHPACDZ062775,W05_GLYSO_15G041986_1_P),(GWHPACEI066197,GWHPACEA064273),GWHPACES064089);
((GWHPACDZ062775,W05_GLYSO_15G041986_1_P),(GWHPACEI066197,GWHPACEA064273),GWHPACES064089);
((GWHPACDZ062775,W05_GLYSO_15G041986_1_P),(GWHPACEI066197,GWHPACEA064273),GWHPACES064089);
((GWHPACDZ062775,W05_GLYSO_15G041986_1_P),(GWHPACEI066197,GWHPACEA064273),GWHPACES064089);
((GWHPACDZ062775,W05_GLYSO_15G041986_1_P),(GWHPACEI066197,GWHPACEA064273),GWHPACES064089);
((GWHPACDZ062775,W05_GLYSO_15G041986_1_P),(GWHPACEI066197,GWHPACEA064273),GWHPACES064089);
((GWHPACDZ062775,W05_GLYSO_15G041986_1_P),(GWHPACEI066197,GWHPACEA064273),GWHPACES064089);
((GWHPACDZ062775,W05_GLYSO_15G041986_1_P),(GWHPACEI066197,GWHPACEA064273),GWHPACES064089);
(GWHPACDZ062775,(W05_GLYSO_15G041986_1_P,(GWHPACEA064273,GWHPACEI066197)),GWHPACES064089);
(GWHPACDZ062775,(W05_GLYSO_15G041986_1_P,(GWHPACEA064273,GWHPACEI066197)),GWHPACES064089);
(GWHPACDZ062775,(W05_GLYSO_15G041986_1_P,(GWHPACEA064273,GWHPACEI066197)),GWHPACES064089);
(GWHPACDZ062775,(W05_GLYSO_15G041986_1_P,(GWHPACEA064273,GWHPACEI066197)),GWHPACES064089);
(GWHPACDZ062775,(W05_GLYSO_15G041986_1_P,(GWHPACEA064273,GWHPACEI066197)),GWHPACES064089);
(GWHPACDZ062775,(W05_GLYSO_15G041986_1_P,(GWHPACEA064273,GWHPACEI066197)),GWHPACES064089);
(GWHPACDZ062775,(W05_GLYSO_15G041986_1_P,(GWHPACEA064273,GWHPACEI066197)),GWHPACES064089);
(GWHPACDZ062775,(W05_GLYSO_15G041986_1_P,(GWHPACEA064273,GWHPACEI066197)),GWHPACES064089);
(GWHPACDZ062775,(W05_GLYSO_15G041986_1_P,(GWHPACEA064273,GWHPACEI066197)),GWHPACES064089);
(GWHPACDZ062775,(W05_GLYSO_15G041986_1_P,(GWHPACEA064273,GWHPACEI066197)),GWHPACES064089);
((W05_GLYSO_15G041986_1_P,GWHPACDZ062775),(GWHPACEA064273,GWHPACEI066197),GWHPACES064089);
((W05_GLYSO_15G041986_1_P,GWHPACDZ062775),(GWHPACEA064273,GWHPACEI066197),GWHPACES064089);
((W05_GLYSO_15G041986_1_P,GWHPACDZ062775),(GWHPACEA064273,GWHPACEI066197),GWHPACES064089);
((W05_GLYSO_15G041986_1_P,GWHPACDZ062775),(GWHPACEA064273,GWHPACEI066197),GWHPACES064089);
((W05_GLYSO_15G041986_1_P,GWHPACDZ062775),(GWHPACEA064273,GWHPACEI066197),GWHPACES064089);
((W05_GLYSO_15G041986_1_P,GWHPACDZ062775),(GWHPACEA064273,GWHPACEI066197),GWHPACES064089);
((W05_GLYSO_15G041986_1_P,GWHPACDZ062775),(GWHPACEA064273,GWHPACEI066197),GWHPACES064089);
((W05_GLYSO_15G041986_1_P,GWHPACDZ062775),(GWHPACEA064273,GWHPACEI066197),GWHPACES064089);
((W05_GLYSO_15G041986_1_P,GWHPACDZ062775),(GWHPACEA064273,GWHPACEI066197),GWHPACES064089);
((W05_GLYSO_15G041986_1_P,GWHPACDZ062775),(GWHPACEA064273,GWHPACEI066197),GWHPACES064089);
(GWHPACDZ062775,(W05_GLYSO_15G041986_1_P,(GWHPACEA064273,GWHPACEI066197)),GWHPACES064089);
(GWHPACDZ062775,(W05_GLYSO_15G041986_1_P,(GWHPACEA064273,GWHPACEI066197)),GWHPACES064089);
(GWHPACDZ062775,(W05_GLYSO_15G041986_1_P,(GWHPACEA064273,GWHPACEI066197)),GWHPACES064089);
(GWHPACDZ062775,(W05_GLYSO_15G041986_1_P,(GWHPACEA064273,GWHPACEI066197)),GWHPACES064089);
(GWHPACDZ062775,(W05_GLYSO_15G041986_1_P,(GWHPACEA064273,GWHPACEI066197)),GWHPACES064089);
(GWHPACDZ062775,(W05_GLYSO_15G041986_1_P,(GWHPACEA064273,GWHPACEI066197)),GWHPACES064089);
(GWHPACDZ062775,(W05_GLYSO_15G041986_1_P,(GWHPACEA064273,GWHPACEI066197)),GWHPACES064089);
(GWHPACDZ062775,(W05_GLYSO_15G041986_1_P,(GWHPACEA064273,GWHPACEI066197)),GWHPACES064089);
(GWHPACDZ062775,(W05_GLYSO_15G041986_1_P,(GWHPACEA064273,GWHPACEI066197)),GWHPACES064089);
(GWHPACDZ062775,(W05_GLYSO_15G041986_1_P,(GWHPACEA064273,GWHPACEI066197)),GWHPACES064089);
(W05_GLYSO_15G041986_1_P,(GWHPACDZ062775,(GWHPACEA064273,GWHPACEI066197)),GWHPACES064089);
(W05_GLYSO_15G041986_1_P,(GWHPACDZ062775,(GWHPACEA064273,GWHPACEI066197)),GWHPACES064089);
(W05_GLYSO_15G041986_1_P,(GWHPACDZ062775,(GWHPACEA064273,GWHPACEI066197)),GWHPACES064089);
(W05_GLYSO_15G041986_1_P,(GWHPACDZ062775,(GWHPACEA064273,GWHPACEI066197)),GWHPACES064089);
(W05_GLYSO_15G041986_1_P,(GWHPACDZ062775,(GWHPACEA064273,GWHPACEI066197)),GWHPACES064089);
(W05_GLYSO_15G041986_1_P,(GWHPACDZ062775,(GWHPACEA064273,GWHPACEI066197)),GWHPACES064089);
(W05_GLYSO_15G041986_1_P,(GWHPACDZ062775,(GWHPACEA064273,GWHPACEI066197)),GWHPACES064089);
(W05_GLYSO_15G041986_1_P,(GWHPACDZ062775,(GWHPACEA064273,GWHPACEI066197)),GWHPACES064089);
(W05_GLYSO_15G041986_1_P,(GWHPACDZ062775,(GWHPACEA064273,GWHPACEI066197)),GWHPACES064089);
(W05_GLYSO_15G041986_1_P,(GWHPACDZ062775,(GWHPACEA064273,GWHPACEI066197)),GWHPACES064089);
((GWHPACEA064273,GWHPACEI066197),(W05_GLYSO_15G041986_1_P,GWHPACDZ062775),GWHPACES064089);
((GWHPACEA064273,GWHPACEI066197),(W05_GLYSO_15G041986_1_P,GWHPACDZ062775),GWHPACES064089);
((GWHPACEA064273,GWHPACEI066197),(W05_GLYSO_15G041986_1_P,GWHPACDZ062775),GWHPACES064089);
((GWHPACEA064273,GWHPACEI066197),(W05_GLYSO_15G041986_1_P,GWHPACDZ062775),GWHPACES064089);
((GWHPACEA064273,GWHPACEI066197),(W05_GLYSO_15G041986_1_P,GWHPACDZ062775),GWHPACES064089);
((GWHPACEA064273,GWHPACEI066197),(W05_GLYSO_15G041986_1_P,GWHPACDZ062775),GWHPACES064089);
((GWHPACEA064273,GWHPACEI066197),(W05_GLYSO_15G041986_1_P,GWHPACDZ062775),GWHPACES064089);
((GWHPACEA064273,GWHPACEI066197),(W05_GLYSO_15G041986_1_P,GWHPACDZ062775),GWHPACES064089);
((GWHPACEA064273,GWHPACEI066197),(W05_GLYSO_15G041986_1_P,GWHPACDZ062775),GWHPACES064089);
((GWHPACEA064273,GWHPACEI066197),(W05_GLYSO_15G041986_1_P,GWHPACDZ062775),GWHPACES064089);
(W05_GLYSO_15G041986_1_P,((GWHPACEA064273,GWHPACEI066197),GWHPACDZ062775),GWHPACES064089);
(W05_GLYSO_15G041986_1_P,((GWHPACEA064273,GWHPACEI066197),GWHPACDZ062775),GWHPACES064089);
(W05_GLYSO_15G041986_1_P,((GWHPACEA064273,GWHPACEI066197),GWHPACDZ062775),GWHPACES064089);
(W05_GLYSO_15G041986_1_P,((GWHPACEA064273,GWHPACEI066197),GWHPACDZ062775),GWHPACES064089);
(W05_GLYSO_15G041986_1_P,((GWHPACEA064273,GWHPACEI066197),GWHPACDZ062775),GWHPACES064089);
(W05_GLYSO_15G041986_1_P,((GWHPACEA064273,GWHPACEI066197),GWHPACDZ062775),GWHPACES064089);
(W05_GLYSO_15G041986_1_P,((GWHPACEA064273,GWHPACEI066197),GWHPACDZ062775),GWHPACES064089);
(W05_GLYSO_15G041986_1_P,((GWHPACEA064273,GWHPACEI066197),GWHPACDZ062775),GWHPACES064089);
(W05_GLYSO_15G041986_1_P,((GWHPACEA064273,GWHPACEI066197),GWHPACDZ062775),GWHPACES064089);
(W05_GLYSO_15G041986_1_P,((GWHPACEA064273,GWHPACEI066197),GWHPACDZ062775),GWHPACES064089);
((GWHPACDZ062775,W05_GLYSO_15G041986_1_P),(GWHPACEI066197,GWHPACEA064273),GWHPACES064089);
((GWHPACDZ062775,W05_GLYSO_15G041986_1_P),(GWHPACEI066197,GWHPACEA064273),GWHPACES064089);
((GWHPACDZ062775,W05_GLYSO_15G041986_1_P),(GWHPACEI066197,GWHPACEA064273),GWHPACES064089);
((GWHPACDZ062775,W05_GLYSO_15G041986_1_P),(GWHPACEI066197,GWHPACEA064273),GWHPACES064089);
((GWHPACDZ062775,W05_GLYSO_15G041986_1_P),(GWHPACEI066197,GWHPACEA064273),GWHPACES064089);
((GWHPACDZ062775,W05_GLYSO_15G041986_1_P),(GWHPACEI066197,GWHPACEA064273),GWHPACES064089);
((GWHPACDZ062775,W05_GLYSO_15G041986_1_P),(GWHPACEI066197,GWHPACEA064273),GWHPACES064089);
((GWHPACDZ062775,W05_GLYSO_15G041986_1_P),(GWHPACEI066197,GWHPACEA064273),GWHPACES064089);
((GWHPACDZ062775,W05_GLYSO_15G041986_1_P),(GWHPACEI066197,GWHPACEA064273),GWHPACES064089);
((GWHPACDZ062775,W05_GLYSO_15G041986_1_P),(GWHPACEI066197,GWHPACEA064273),GWHPACES064089);
(W05_GLYSO_15G041986_1_P,((GWHPACEI066197,GWHPACEA064273),GWHPACDZ062775),GWHPACES064089);
(W05_GLYSO_15G041986_1_P,((GWHPACEI066197,GWHPACEA064273),GWHPACDZ062775),GWHPACES064089);
(W05_GLYSO_15G041986_1_P,((GWHPACEI066197,GWHPACEA064273),GWHPACDZ062775),GWHPACES064089);
(W05_GLYSO_15G041986_1_P,((GWHPACEI066197,GWHPACEA064273),GWHPACDZ062775),GWHPACES064089);
(W05_GLYSO_15G041986_1_P,((GWHPACEI066197,GWHPACEA064273),GWHPACDZ062775),GWHPACES064089);
(W05_GLYSO_15G041986_1_P,((GWHPACEI066197,GWHPACEA064273),GWHPACDZ062775),GWHPACES064089);
(W05_GLYSO_15G041986_1_P,((GWHPACEI066197,GWHPACEA064273),GWHPACDZ062775),GWHPACES064089);
(W05_GLYSO_15G041986_1_P,((GWHPACEI066197,GWHPACEA064273),GWHPACDZ062775),GWHPACES064089);
(W05_GLYSO_15G041986_1_P,((GWHPACEI066197,GWHPACEA064273),GWHPACDZ062775),GWHPACES064089);
(W05_GLYSO_15G041986_1_P,((GWHPACEI066197,GWHPACEA064273),GWHPACDZ062775),GWHPACES064089);
