(GWHPACEP062834,(((GWHPACEW066598,GWHPACEG066223),GWHPACEF063332),(GWHPACDZ065497,(GWHPACEV060809,GWHPACEA067018))),GWHPACEX062440);
(GWHPACEP062834,(GWHPACEA067018,((((GWHPACEW066598,GWHPACEG066223),GWHPACEF063332),GWHPACDZ065497),GWHPACEV060809)),GWHPACEX062440);
(GWHPACEP062834,(GWHPACEA067018,((((GWHPACEW066598,GWHPACEG066223),GWHPACEF063332),GWHPACDZ065497),GWHPACEV060809)),GWHPACEX062440);
(GWHPACEP062834,(GWHPACEA067018,((((GWHPACEW066598,GWHPACEG066223),GWHPACEF063332),GWHPACDZ065497),GWHPACEV060809)),GWHPACEX062440);
(GWHPACEP062834,(GWHPACEA067018,((((GWHPACEW066598,GWHPACEG066223),GWHPACEF063332),GWHPACDZ065497),GWHPACEV060809)),GWHPACEX062440);
(GWHPACEP062834,(GWHPACEA067018,((((GWHPACEW066598,GWHPACEG066223),GWHPACEF063332),GWHPACDZ065497),GWHPACEV060809)),GWHPACEX062440);
(GWHPACEP062834,(GWHPACEA067018,((((GWHPACEW066598,GWHPACEG066223),GWHPACEF063332),GWHPACDZ065497),GWHPACEV060809)),GWHPACEX062440);
(GWHPACEP062834,(GWHPACEA067018,((((GWHPACEW066598,GWHPACEG066223),GWHPACEF063332),GWHPACDZ065497),GWHPACEV060809)),GWHPACEX062440);
(GWHPACEP062834,(GWHPACEA067018,((((GWHPACEW066598,GWHPACEG066223),GWHPACEF063332),GWHPACDZ065497),GWHPACEV060809)),GWHPACEX062440);
(GWHPACEP062834,(GWHPACEA067018,((((GWHPACEW066598,GWHPACEG066223),GWHPACEF063332),GWHPACDZ065497),GWHPACEV060809)),GWHPACEX062440);
((GWHPACEA067018,(GWHPACEV060809,((GWHPACEF063332,(GWHPACEW066598,GWHPACEG066223)),GWHPACDZ065497))),GWHPACEP062834,GWHPACEX062440);
((GWHPACEA067018,(GWHPACEV060809,((GWHPACEF063332,(GWHPACEW066598,GWHPACEG066223)),GWHPACDZ065497))),GWHPACEP062834,GWHPACEX062440);
((GWHPACEA067018,(GWHPACEV060809,((GWHPACEF063332,(GWHPACEW066598,GWHPACEG066223)),GWHPACDZ065497))),GWHPACEP062834,GWHPACEX062440);
((GWHPACEA067018,(GWHPACEV060809,((GWHPACEF063332,(GWHPACEW066598,GWHPACEG066223)),GWHPACDZ065497))),GWHPACEP062834,GWHPACEX062440);
((GWHPACEA067018,(GWHPACEV060809,((GWHPACEF063332,(GWHPACEW066598,GWHPACEG066223)),GWHPACDZ065497))),GWHPACEP062834,GWHPACEX062440);
((GWHPACEA067018,(GWHPACEV060809,((GWHPACEF063332,(GWHPACEW066598,GWHPACEG066223)),GWHPACDZ065497))),GWHPACEP062834,GWHPACEX062440);
((GWHPACEA067018,(GWHPACEV060809,((GWHPACEF063332,(GWHPACEW066598,GWHPACEG066223)),GWHPACDZ065497))),GWHPACEP062834,GWHPACEX062440);
((((GWHPACEF063332,(GWHPACEW066598,GWHPACEG066223)),GWHPACDZ065497),(GWHPACEA067018,GWHPACEV060809)),GWHPACEP062834,GWHPACEX062440);
((((GWHPACEF063332,(GWHPACEW066598,GWHPACEG066223)),GWHPACDZ065497),(GWHPACEA067018,GWHPACEV060809)),GWHPACEP062834,GWHPACEX062440);
((((GWHPACEF063332,(GWHPACEW066598,GWHPACEG066223)),GWHPACDZ065497),(GWHPACEA067018,GWHPACEV060809)),GWHPACEP062834,GWHPACEX062440);
(GWHPACEP062834,(GWHPACEA067018,(GWHPACEV060809,(GWHPACDZ065497,(GWHPACEF063332,(GWHPACEW066598,GWHPACEG066223))))),GWHPACEX062440);
(GWHPACEP062834,(GWHPACEA067018,(GWHPACEV060809,(GWHPACDZ065497,(GWHPACEF063332,(GWHPACEW066598,GWHPACEG066223))))),GWHPACEX062440);
(GWHPACEP062834,(GWHPACEA067018,(GWHPACEV060809,(GWHPACDZ065497,(GWHPACEF063332,(GWHPACEW066598,GWHPACEG066223))))),GWHPACEX062440);
(GWHPACEP062834,(GWHPACEA067018,(GWHPACEV060809,(GWHPACDZ065497,(GWHPACEF063332,(GWHPACEW066598,GWHPACEG066223))))),GWHPACEX062440);
(GWHPACEP062834,((GWHPACEF063332,(GWHPACEW066598,GWHPACEG066223)),((GWHPACEA067018,GWHPACEV060809),GWHPACDZ065497)),GWHPACEX062440);
(GWHPACEP062834,(GWHPACEA067018,(GWHPACEV060809,(GWHPACDZ065497,(GWHPACEF063332,(GWHPACEW066598,GWHPACEG066223))))),GWHPACEX062440);
(GWHPACEP062834,(GWHPACEA067018,(GWHPACEV060809,(GWHPACDZ065497,(GWHPACEF063332,(GWHPACEW066598,GWHPACEG066223))))),GWHPACEX062440);
(GWHPACEP062834,(GWHPACEA067018,(GWHPACEV060809,(GWHPACDZ065497,(GWHPACEF063332,(GWHPACEW066598,GWHPACEG066223))))),GWHPACEX062440);
(GWHPACEP062834,((GWHPACEF063332,(GWHPACEW066598,GWHPACEG066223)),((GWHPACEA067018,GWHPACEV060809),GWHPACDZ065497)),GWHPACEX062440);
(GWHPACEP062834,(GWHPACEA067018,(GWHPACEV060809,(GWHPACDZ065497,(GWHPACEF063332,(GWHPACEW066598,GWHPACEG066223))))),GWHPACEX062440);
(GWHPACEP062834,((GWHPACEV060809,(GWHPACDZ065497,((GWHPACEG066223,GWHPACEW066598),GWHPACEF063332))),GWHPACEA067018),GWHPACEX062440);
(GWHPACEP062834,((GWHPACEV060809,(GWHPACDZ065497,((GWHPACEG066223,GWHPACEW066598),GWHPACEF063332))),GWHPACEA067018),GWHPACEX062440);
(GWHPACEP062834,(((GWHPACEG066223,GWHPACEW066598),GWHPACEF063332),((GWHPACEA067018,GWHPACEV060809),GWHPACDZ065497)),GWHPACEX062440);
(GWHPACEP062834,(GWHPACEA067018,(GWHPACEV060809,(GWHPACDZ065497,((GWHPACEG066223,GWHPACEW066598),GWHPACEF063332)))),GWHPACEX062440);
(GWHPACEP062834,((GWHPACDZ065497,((GWHPACEG066223,GWHPACEW066598),GWHPACEF063332)),(GWHPACEA067018,GWHPACEV060809)),GWHPACEX062440);
(GWHPACEP062834,(GWHPACEA067018,(GWHPACEV060809,(GWHPACDZ065497,((GWHPACEG066223,GWHPACEW066598),GWHPACEF063332)))),GWHPACEX062440);
(GWHPACEP062834,(GWHPACEA067018,(GWHPACEV060809,(GWHPACDZ065497,((GWHPACEG066223,GWHPACEW066598),GWHPACEF063332)))),GWHPACEX062440);
(GWHPACEP062834,(GWHPACEA067018,(GWHPACEV060809,(GWHPACDZ065497,((GWHPACEG066223,GWHPACEW066598),GWHPACEF063332)))),GWHPACEX062440);
(GWHPACEP062834,(GWHPACEA067018,(GWHPACEV060809,(GWHPACDZ065497,((GWHPACEG066223,GWHPACEW066598),GWHPACEF063332)))),GWHPACEX062440);
(GWHPACEP062834,(GWHPACEA067018,(GWHPACEV060809,(GWHPACDZ065497,((GWHPACEG066223,GWHPACEW066598),GWHPACEF063332)))),GWHPACEX062440);
(GWHPACEP062834,((GWHPACEF063332,(GWHPACEG066223,GWHPACEW066598)),(GWHPACDZ065497,(GWHPACEA067018,GWHPACEV060809))),GWHPACEX062440);
(GWHPACEP062834,(GWHPACEA067018,(GWHPACEV060809,((GWHPACEF063332,(GWHPACEG066223,GWHPACEW066598)),GWHPACDZ065497))),GWHPACEX062440);
(GWHPACEP062834,(GWHPACEA067018,(GWHPACEV060809,((GWHPACEF063332,(GWHPACEG066223,GWHPACEW066598)),GWHPACDZ065497))),GWHPACEX062440);
(GWHPACEP062834,((GWHPACEF063332,(GWHPACEG066223,GWHPACEW066598)),(GWHPACDZ065497,(GWHPACEA067018,GWHPACEV060809))),GWHPACEX062440);
(GWHPACEP062834,(GWHPACEA067018,(GWHPACEV060809,((GWHPACEF063332,(GWHPACEG066223,GWHPACEW066598)),GWHPACDZ065497))),GWHPACEX062440);
(GWHPACEP062834,(GWHPACEA067018,(GWHPACEV060809,((GWHPACEF063332,(GWHPACEG066223,GWHPACEW066598)),GWHPACDZ065497))),GWHPACEX062440);
(GWHPACEP062834,(GWHPACEA067018,(GWHPACEV060809,((GWHPACEF063332,(GWHPACEG066223,GWHPACEW066598)),GWHPACDZ065497))),GWHPACEX062440);
(GWHPACEP062834,(((GWHPACEF063332,(GWHPACEG066223,GWHPACEW066598)),GWHPACDZ065497),(GWHPACEA067018,GWHPACEV060809)),GWHPACEX062440);
(GWHPACEP062834,(GWHPACEA067018,(GWHPACEV060809,((GWHPACEF063332,(GWHPACEG066223,GWHPACEW066598)),GWHPACDZ065497))),GWHPACEX062440);
(GWHPACEP062834,(GWHPACEA067018,(GWHPACEV060809,((GWHPACEF063332,(GWHPACEG066223,GWHPACEW066598)),GWHPACDZ065497))),GWHPACEX062440);
(GWHPACEP062834,(GWHPACEA067018,((GWHPACDZ065497,(GWHPACEF063332,(GWHPACEW066598,GWHPACEG066223))),GWHPACEV060809)),GWHPACEX062440);
(GWHPACEP062834,((GWHPACEF063332,(GWHPACEW066598,GWHPACEG066223)),((GWHPACEV060809,GWHPACEA067018),GWHPACDZ065497)),GWHPACEX062440);
(GWHPACEP062834,(GWHPACEA067018,((GWHPACDZ065497,(GWHPACEF063332,(GWHPACEW066598,GWHPACEG066223))),GWHPACEV060809)),GWHPACEX062440);
(GWHPACEP062834,(GWHPACEA067018,((GWHPACDZ065497,(GWHPACEF063332,(GWHPACEW066598,GWHPACEG066223))),GWHPACEV060809)),GWHPACEX062440);
(GWHPACEP062834,(GWHPACEA067018,((GWHPACDZ065497,(GWHPACEF063332,(GWHPACEW066598,GWHPACEG066223))),GWHPACEV060809)),GWHPACEX062440);
(GWHPACEP062834,(GWHPACEA067018,((GWHPACDZ065497,(GWHPACEF063332,(GWHPACEW066598,GWHPACEG066223))),GWHPACEV060809)),GWHPACEX062440);
(GWHPACEP062834,((GWHPACEF063332,(GWHPACEW066598,GWHPACEG066223)),((GWHPACEV060809,GWHPACEA067018),GWHPACDZ065497)),GWHPACEX062440);
(GWHPACEP062834,(GWHPACEA067018,((GWHPACDZ065497,(GWHPACEF063332,(GWHPACEW066598,GWHPACEG066223))),GWHPACEV060809)),GWHPACEX062440);
(GWHPACEP062834,((GWHPACDZ065497,(GWHPACEF063332,(GWHPACEW066598,GWHPACEG066223))),(GWHPACEV060809,GWHPACEA067018)),GWHPACEX062440);
(GWHPACEP062834,(GWHPACEA067018,((GWHPACDZ065497,(GWHPACEF063332,(GWHPACEW066598,GWHPACEG066223))),GWHPACEV060809)),GWHPACEX062440);
(GWHPACEP062834,(GWHPACEA067018,(GWHPACEV060809,(GWHPACDZ065497,((GWHPACEW066598,GWHPACEG066223),GWHPACEF063332)))),GWHPACEX062440);
(GWHPACEP062834,(GWHPACEA067018,(GWHPACEV060809,(GWHPACDZ065497,((GWHPACEW066598,GWHPACEG066223),GWHPACEF063332)))),GWHPACEX062440);
(GWHPACEP062834,(((GWHPACEW066598,GWHPACEG066223),GWHPACEF063332),((GWHPACEA067018,GWHPACEV060809),GWHPACDZ065497)),GWHPACEX062440);
(GWHPACEP062834,(GWHPACEA067018,(GWHPACEV060809,(GWHPACDZ065497,((GWHPACEW066598,GWHPACEG066223),GWHPACEF063332)))),GWHPACEX062440);
(GWHPACEP062834,(((GWHPACEW066598,GWHPACEG066223),GWHPACEF063332),((GWHPACEA067018,GWHPACEV060809),GWHPACDZ065497)),GWHPACEX062440);
(GWHPACEP062834,(GWHPACEA067018,(GWHPACEV060809,(GWHPACDZ065497,((GWHPACEW066598,GWHPACEG066223),GWHPACEF063332)))),GWHPACEX062440);
(GWHPACEP062834,(GWHPACEA067018,(GWHPACEV060809,(GWHPACDZ065497,((GWHPACEW066598,GWHPACEG066223),GWHPACEF063332)))),GWHPACEX062440);
(GWHPACEP062834,(GWHPACEA067018,(GWHPACEV060809,(GWHPACDZ065497,((GWHPACEW066598,GWHPACEG066223),GWHPACEF063332)))),GWHPACEX062440);
(GWHPACEP062834,(GWHPACEA067018,(GWHPACEV060809,(GWHPACDZ065497,((GWHPACEW066598,GWHPACEG066223),GWHPACEF063332)))),GWHPACEX062440);
(GWHPACEP062834,(GWHPACEA067018,(GWHPACEV060809,(GWHPACDZ065497,((GWHPACEW066598,GWHPACEG066223),GWHPACEF063332)))),GWHPACEX062440);
(GWHPACEP062834,(GWHPACEA067018,(GWHPACEV060809,(GWHPACDZ065497,(GWHPACEF063332,(GWHPACEW066598,GWHPACEG066223))))),GWHPACEX062440);
(GWHPACEP062834,((GWHPACEF063332,(GWHPACEW066598,GWHPACEG066223)),((GWHPACEA067018,GWHPACEV060809),GWHPACDZ065497)),GWHPACEX062440);
(GWHPACEP062834,(GWHPACEA067018,(GWHPACEV060809,(GWHPACDZ065497,(GWHPACEF063332,(GWHPACEW066598,GWHPACEG066223))))),GWHPACEX062440);
(GWHPACEP062834,((GWHPACDZ065497,(GWHPACEF063332,(GWHPACEW066598,GWHPACEG066223))),(GWHPACEA067018,GWHPACEV060809)),GWHPACEX062440);
(GWHPACEP062834,(GWHPACEA067018,(GWHPACEV060809,(GWHPACDZ065497,(GWHPACEF063332,(GWHPACEW066598,GWHPACEG066223))))),GWHPACEX062440);
(GWHPACEP062834,(GWHPACEA067018,(GWHPACEV060809,(GWHPACDZ065497,(GWHPACEF063332,(GWHPACEW066598,GWHPACEG066223))))),GWHPACEX062440);
(GWHPACEP062834,((GWHPACDZ065497,(GWHPACEF063332,(GWHPACEW066598,GWHPACEG066223))),(GWHPACEA067018,GWHPACEV060809)),GWHPACEX062440);
(GWHPACEP062834,((GWHPACEF063332,(GWHPACEW066598,GWHPACEG066223)),((GWHPACEA067018,GWHPACEV060809),GWHPACDZ065497)),GWHPACEX062440);
(GWHPACEP062834,(GWHPACEA067018,(GWHPACEV060809,(GWHPACDZ065497,(GWHPACEF063332,(GWHPACEW066598,GWHPACEG066223))))),GWHPACEX062440);
(GWHPACEP062834,(GWHPACEA067018,(GWHPACEV060809,(GWHPACDZ065497,(GWHPACEF063332,(GWHPACEW066598,GWHPACEG066223))))),GWHPACEX062440);
(GWHPACEP062834,(((GWHPACDZ065497,(GWHPACEF063332,(GWHPACEG066223,GWHPACEW066598))),GWHPACEV060809),GWHPACEA067018),GWHPACEX062440);
(GWHPACEP062834,((GWHPACEF063332,(GWHPACEG066223,GWHPACEW066598)),((GWHPACEV060809,GWHPACEA067018),GWHPACDZ065497)),GWHPACEX062440);
(GWHPACEP062834,(GWHPACEA067018,((GWHPACDZ065497,(GWHPACEF063332,(GWHPACEG066223,GWHPACEW066598))),GWHPACEV060809)),GWHPACEX062440);
(GWHPACEP062834,(GWHPACEA067018,((GWHPACDZ065497,(GWHPACEF063332,(GWHPACEG066223,GWHPACEW066598))),GWHPACEV060809)),GWHPACEX062440);
(GWHPACEP062834,(GWHPACEA067018,((GWHPACDZ065497,(GWHPACEF063332,(GWHPACEG066223,GWHPACEW066598))),GWHPACEV060809)),GWHPACEX062440);
(GWHPACEP062834,(GWHPACEA067018,((GWHPACDZ065497,(GWHPACEF063332,(GWHPACEG066223,GWHPACEW066598))),GWHPACEV060809)),GWHPACEX062440);
(GWHPACEP062834,((GWHPACEF063332,(GWHPACEG066223,GWHPACEW066598)),((GWHPACEV060809,GWHPACEA067018),GWHPACDZ065497)),GWHPACEX062440);
(GWHPACEP062834,(GWHPACEA067018,((GWHPACDZ065497,(GWHPACEF063332,(GWHPACEG066223,GWHPACEW066598))),GWHPACEV060809)),GWHPACEX062440);
(GWHPACEP062834,(GWHPACEA067018,((GWHPACDZ065497,(GWHPACEF063332,(GWHPACEG066223,GWHPACEW066598))),GWHPACEV060809)),GWHPACEX062440);
(GWHPACEP062834,(GWHPACEA067018,((GWHPACDZ065497,(GWHPACEF063332,(GWHPACEG066223,GWHPACEW066598))),GWHPACEV060809)),GWHPACEX062440);
(GWHPACEP062834,(GWHPACEA067018,((GWHPACDZ065497,(GWHPACEF063332,(GWHPACEW066598,GWHPACEG066223))),GWHPACEV060809)),GWHPACEX062440);
(GWHPACEP062834,(GWHPACEA067018,((GWHPACDZ065497,(GWHPACEF063332,(GWHPACEW066598,GWHPACEG066223))),GWHPACEV060809)),GWHPACEX062440);
(GWHPACEP062834,(GWHPACEA067018,((GWHPACDZ065497,(GWHPACEF063332,(GWHPACEW066598,GWHPACEG066223))),GWHPACEV060809)),GWHPACEX062440);
(GWHPACEP062834,(GWHPACEA067018,((GWHPACDZ065497,(GWHPACEF063332,(GWHPACEW066598,GWHPACEG066223))),GWHPACEV060809)),GWHPACEX062440);
(GWHPACEP062834,(GWHPACEA067018,((GWHPACDZ065497,(GWHPACEF063332,(GWHPACEW066598,GWHPACEG066223))),GWHPACEV060809)),GWHPACEX062440);
(GWHPACEP062834,(GWHPACEA067018,((GWHPACDZ065497,(GWHPACEF063332,(GWHPACEW066598,GWHPACEG066223))),GWHPACEV060809)),GWHPACEX062440);
(GWHPACEP062834,(GWHPACEA067018,((GWHPACDZ065497,(GWHPACEF063332,(GWHPACEW066598,GWHPACEG066223))),GWHPACEV060809)),GWHPACEX062440);
(GWHPACEP062834,(GWHPACEA067018,((GWHPACDZ065497,(GWHPACEF063332,(GWHPACEW066598,GWHPACEG066223))),GWHPACEV060809)),GWHPACEX062440);
(GWHPACEP062834,(GWHPACEA067018,((GWHPACDZ065497,(GWHPACEF063332,(GWHPACEW066598,GWHPACEG066223))),GWHPACEV060809)),GWHPACEX062440);
(GWHPACEP062834,(GWHPACEA067018,((GWHPACDZ065497,(GWHPACEF063332,(GWHPACEW066598,GWHPACEG066223))),GWHPACEV060809)),GWHPACEX062440);
