(GWHPACEW066270,(GWHPACEX062140,(GLYMA_ZH13_16G121500_1_P,(GWHPACEA066696,(GWHPACEG065915,(GWHPACEV060500,(GWHPACEJ087876,GWHPACEU066771)))))),GWHPACEI068713);
(GWHPACEW066270,(GWHPACEX062140,(GLYMA_ZH13_16G121500_1_P,(GWHPACEA066696,(GWHPACEG065915,(GWHPACEV060500,(GWHPACEJ087876,GWHPACEU066771)))))),GWHPACEI068713);
(GWHPACEW066270,(GWHPACEX062140,(GLYMA_ZH13_16G121500_1_P,(GWHPACEA066696,(GWHPACEG065915,(GWHPACEV060500,(GWHPACEJ087876,GWHPACEU066771)))))),GWHPACEI068713);
(GWHPACEW066270,(GWHPACEX062140,(GLYMA_ZH13_16G121500_1_P,(GWHPACEA066696,(GWHPACEG065915,(GWHPACEV060500,(GWHPACEJ087876,GWHPACEU066771)))))),GWHPACEI068713);
(GWHPACEW066270,(GWHPACEX062140,(GLYMA_ZH13_16G121500_1_P,(GWHPACEA066696,(GWHPACEG065915,(GWHPACEV060500,(GWHPACEJ087876,GWHPACEU066771)))))),GWHPACEI068713);
(GWHPACEW066270,(GWHPACEX062140,(GLYMA_ZH13_16G121500_1_P,(GWHPACEA066696,(GWHPACEG065915,(GWHPACEV060500,(GWHPACEJ087876,GWHPACEU066771)))))),GWHPACEI068713);
(GWHPACEW066270,(GWHPACEX062140,(GLYMA_ZH13_16G121500_1_P,(GWHPACEA066696,(GWHPACEG065915,(GWHPACEV060500,(GWHPACEJ087876,GWHPACEU066771)))))),GWHPACEI068713);
(GWHPACEW066270,(GWHPACEX062140,(GLYMA_ZH13_16G121500_1_P,(GWHPACEA066696,(GWHPACEG065915,(GWHPACEV060500,(GWHPACEJ087876,GWHPACEU066771)))))),GWHPACEI068713);
(GWHPACEW066270,(GWHPACEX062140,(GLYMA_ZH13_16G121500_1_P,(GWHPACEA066696,(GWHPACEG065915,(GWHPACEV060500,(GWHPACEJ087876,GWHPACEU066771)))))),GWHPACEI068713);
(GWHPACEW066270,(GWHPACEX062140,(GLYMA_ZH13_16G121500_1_P,(GWHPACEA066696,(GWHPACEG065915,(GWHPACEV060500,(GWHPACEJ087876,GWHPACEU066771)))))),GWHPACEI068713);
(GWHPACEX062140,(GWHPACEU066771,(GWHPACEV060500,(GWHPACEJ087876,(GWHPACEA066696,(GLYMA_ZH13_16G121500_1_P,(GWHPACEG065915,GWHPACEW066270)))))),GWHPACEI068713);
(GWHPACEX062140,(GWHPACEU066771,(GWHPACEV060500,(GWHPACEJ087876,(GWHPACEA066696,(GLYMA_ZH13_16G121500_1_P,(GWHPACEG065915,GWHPACEW066270)))))),GWHPACEI068713);
(GWHPACEX062140,(GWHPACEU066771,(GWHPACEV060500,(GWHPACEJ087876,(GWHPACEA066696,(GLYMA_ZH13_16G121500_1_P,(GWHPACEG065915,GWHPACEW066270)))))),GWHPACEI068713);
(GWHPACEX062140,(GWHPACEU066771,(GWHPACEV060500,(GWHPACEJ087876,(GWHPACEA066696,(GLYMA_ZH13_16G121500_1_P,(GWHPACEG065915,GWHPACEW066270)))))),GWHPACEI068713);
(GWHPACEX062140,(GWHPACEU066771,(GWHPACEV060500,(GWHPACEJ087876,(GWHPACEA066696,(GLYMA_ZH13_16G121500_1_P,(GWHPACEG065915,GWHPACEW066270)))))),GWHPACEI068713);
(GWHPACEX062140,(GWHPACEU066771,(GWHPACEV060500,(GWHPACEJ087876,(GWHPACEA066696,(GLYMA_ZH13_16G121500_1_P,(GWHPACEG065915,GWHPACEW066270)))))),GWHPACEI068713);
(GWHPACEX062140,(GWHPACEU066771,(GWHPACEV060500,(GWHPACEJ087876,(GWHPACEA066696,(GLYMA_ZH13_16G121500_1_P,(GWHPACEG065915,GWHPACEW066270)))))),GWHPACEI068713);
(GWHPACEX062140,(GWHPACEU066771,(GWHPACEV060500,(GWHPACEJ087876,(GWHPACEA066696,(GLYMA_ZH13_16G121500_1_P,(GWHPACEG065915,GWHPACEW066270)))))),GWHPACEI068713);
(GWHPACEX062140,(GWHPACEU066771,(GWHPACEV060500,(GWHPACEJ087876,(GWHPACEA066696,(GLYMA_ZH13_16G121500_1_P,(GWHPACEG065915,GWHPACEW066270)))))),GWHPACEI068713);
(GWHPACEX062140,(GWHPACEU066771,(GWHPACEV060500,(GWHPACEJ087876,(GWHPACEA066696,(GLYMA_ZH13_16G121500_1_P,(GWHPACEG065915,GWHPACEW066270)))))),GWHPACEI068713);
(GWHPACEV060500,(GWHPACEJ087876,(GWHPACEW066270,(GWHPACEU066771,(GWHPACEA066696,(GWHPACEG065915,(GWHPACEX062140,GLYMA_ZH13_16G121500_1_P)))))),GWHPACEI068713);
(GWHPACEV060500,(GWHPACEJ087876,(GWHPACEW066270,(GWHPACEU066771,(GWHPACEA066696,(GWHPACEG065915,(GWHPACEX062140,GLYMA_ZH13_16G121500_1_P)))))),GWHPACEI068713);
(GWHPACEV060500,(GWHPACEJ087876,(GWHPACEW066270,(GWHPACEU066771,(GWHPACEA066696,(GWHPACEG065915,(GWHPACEX062140,GLYMA_ZH13_16G121500_1_P)))))),GWHPACEI068713);
(GWHPACEV060500,(GWHPACEJ087876,(GWHPACEW066270,(GWHPACEU066771,(GWHPACEA066696,(GWHPACEG065915,(GWHPACEX062140,GLYMA_ZH13_16G121500_1_P)))))),GWHPACEI068713);
(GWHPACEV060500,(GWHPACEJ087876,(GWHPACEW066270,(GWHPACEU066771,(GWHPACEA066696,(GWHPACEG065915,(GWHPACEX062140,GLYMA_ZH13_16G121500_1_P)))))),GWHPACEI068713);
(GWHPACEV060500,(GWHPACEJ087876,(GWHPACEW066270,(GWHPACEU066771,(GWHPACEA066696,(GWHPACEG065915,(GWHPACEX062140,GLYMA_ZH13_16G121500_1_P)))))),GWHPACEI068713);
(GWHPACEV060500,(GWHPACEJ087876,(GWHPACEW066270,(GWHPACEU066771,(GWHPACEA066696,(GWHPACEG065915,(GWHPACEX062140,GLYMA_ZH13_16G121500_1_P)))))),GWHPACEI068713);
(GWHPACEV060500,(GWHPACEJ087876,(GWHPACEW066270,(GWHPACEU066771,(GWHPACEA066696,(GWHPACEG065915,(GWHPACEX062140,GLYMA_ZH13_16G121500_1_P)))))),GWHPACEI068713);
(GWHPACEV060500,(GWHPACEJ087876,(GWHPACEW066270,(GWHPACEU066771,(GWHPACEA066696,(GWHPACEG065915,(GWHPACEX062140,GLYMA_ZH13_16G121500_1_P)))))),GWHPACEI068713);
(GWHPACEV060500,(GWHPACEJ087876,(GWHPACEW066270,(GWHPACEU066771,(GWHPACEA066696,(GWHPACEG065915,(GWHPACEX062140,GLYMA_ZH13_16G121500_1_P)))))),GWHPACEI068713);
((GLYMA_ZH13_16G121500_1_P,(GWHPACEX062140,(GWHPACEV060500,(GWHPACEU066771,GWHPACEJ087876)))),((GWHPACEA066696,GWHPACEW066270),GWHPACEG065915),GWHPACEI068713);
((GLYMA_ZH13_16G121500_1_P,(GWHPACEX062140,(GWHPACEV060500,(GWHPACEU066771,GWHPACEJ087876)))),((GWHPACEA066696,GWHPACEW066270),GWHPACEG065915),GWHPACEI068713);
((GLYMA_ZH13_16G121500_1_P,(GWHPACEX062140,(GWHPACEV060500,(GWHPACEU066771,GWHPACEJ087876)))),((GWHPACEA066696,GWHPACEW066270),GWHPACEG065915),GWHPACEI068713);
((GLYMA_ZH13_16G121500_1_P,(GWHPACEX062140,(GWHPACEV060500,(GWHPACEU066771,GWHPACEJ087876)))),((GWHPACEA066696,GWHPACEW066270),GWHPACEG065915),GWHPACEI068713);
((GLYMA_ZH13_16G121500_1_P,(GWHPACEX062140,(GWHPACEV060500,(GWHPACEU066771,GWHPACEJ087876)))),((GWHPACEA066696,GWHPACEW066270),GWHPACEG065915),GWHPACEI068713);
((GLYMA_ZH13_16G121500_1_P,(GWHPACEX062140,(GWHPACEV060500,(GWHPACEU066771,GWHPACEJ087876)))),((GWHPACEA066696,GWHPACEW066270),GWHPACEG065915),GWHPACEI068713);
((GLYMA_ZH13_16G121500_1_P,(GWHPACEX062140,(GWHPACEV060500,(GWHPACEU066771,GWHPACEJ087876)))),((GWHPACEA066696,GWHPACEW066270),GWHPACEG065915),GWHPACEI068713);
((GLYMA_ZH13_16G121500_1_P,(GWHPACEX062140,(GWHPACEV060500,(GWHPACEU066771,GWHPACEJ087876)))),((GWHPACEA066696,GWHPACEW066270),GWHPACEG065915),GWHPACEI068713);
((GLYMA_ZH13_16G121500_1_P,(GWHPACEX062140,(GWHPACEV060500,(GWHPACEU066771,GWHPACEJ087876)))),((GWHPACEA066696,GWHPACEW066270),GWHPACEG065915),GWHPACEI068713);
((GLYMA_ZH13_16G121500_1_P,(GWHPACEX062140,(GWHPACEV060500,(GWHPACEU066771,GWHPACEJ087876)))),((GWHPACEA066696,GWHPACEW066270),GWHPACEG065915),GWHPACEI068713);
((GWHPACEJ087876,(GLYMA_ZH13_16G121500_1_P,GWHPACEA066696)),((((GWHPACEX062140,GWHPACEW066270),GWHPACEV060500),GWHPACEG065915),GWHPACEU066771),GWHPACEI068713);
((GWHPACEJ087876,(GLYMA_ZH13_16G121500_1_P,GWHPACEA066696)),((((GWHPACEX062140,GWHPACEW066270),GWHPACEV060500),GWHPACEG065915),GWHPACEU066771),GWHPACEI068713);
((GWHPACEJ087876,(GLYMA_ZH13_16G121500_1_P,GWHPACEA066696)),((((GWHPACEX062140,GWHPACEW066270),GWHPACEV060500),GWHPACEG065915),GWHPACEU066771),GWHPACEI068713);
((GWHPACEJ087876,(GLYMA_ZH13_16G121500_1_P,GWHPACEA066696)),((((GWHPACEX062140,GWHPACEW066270),GWHPACEV060500),GWHPACEG065915),GWHPACEU066771),GWHPACEI068713);
((GWHPACEJ087876,(GLYMA_ZH13_16G121500_1_P,GWHPACEA066696)),((((GWHPACEX062140,GWHPACEW066270),GWHPACEV060500),GWHPACEG065915),GWHPACEU066771),GWHPACEI068713);
((GWHPACEJ087876,(GLYMA_ZH13_16G121500_1_P,GWHPACEA066696)),((((GWHPACEX062140,GWHPACEW066270),GWHPACEV060500),GWHPACEG065915),GWHPACEU066771),GWHPACEI068713);
((GWHPACEJ087876,(GLYMA_ZH13_16G121500_1_P,GWHPACEA066696)),((((GWHPACEX062140,GWHPACEW066270),GWHPACEV060500),GWHPACEG065915),GWHPACEU066771),GWHPACEI068713);
((GWHPACEJ087876,(GLYMA_ZH13_16G121500_1_P,GWHPACEA066696)),((((GWHPACEX062140,GWHPACEW066270),GWHPACEV060500),GWHPACEG065915),GWHPACEU066771),GWHPACEI068713);
((GWHPACEJ087876,(GLYMA_ZH13_16G121500_1_P,GWHPACEA066696)),((((GWHPACEX062140,GWHPACEW066270),GWHPACEV060500),GWHPACEG065915),GWHPACEU066771),GWHPACEI068713);
((GWHPACEJ087876,(GLYMA_ZH13_16G121500_1_P,GWHPACEA066696)),((((GWHPACEX062140,GWHPACEW066270),GWHPACEV060500),GWHPACEG065915),GWHPACEU066771),GWHPACEI068713);
((GWHPACEG065915,(GWHPACEW066270,(GLYMA_ZH13_16G121500_1_P,(GWHPACEX062140,(GWHPACEV060500,GWHPACEJ087876))))),(GWHPACEA066696,GWHPACEU066771),GWHPACEI068713);
((GWHPACEG065915,(GWHPACEW066270,(GLYMA_ZH13_16G121500_1_P,(GWHPACEX062140,(GWHPACEV060500,GWHPACEJ087876))))),(GWHPACEA066696,GWHPACEU066771),GWHPACEI068713);
((GWHPACEG065915,(GWHPACEW066270,(GLYMA_ZH13_16G121500_1_P,(GWHPACEX062140,(GWHPACEV060500,GWHPACEJ087876))))),(GWHPACEA066696,GWHPACEU066771),GWHPACEI068713);
((GWHPACEG065915,(GWHPACEW066270,(GLYMA_ZH13_16G121500_1_P,(GWHPACEX062140,(GWHPACEV060500,GWHPACEJ087876))))),(GWHPACEA066696,GWHPACEU066771),GWHPACEI068713);
((GWHPACEG065915,(GWHPACEW066270,(GLYMA_ZH13_16G121500_1_P,(GWHPACEX062140,(GWHPACEV060500,GWHPACEJ087876))))),(GWHPACEA066696,GWHPACEU066771),GWHPACEI068713);
((GWHPACEG065915,(GWHPACEW066270,(GLYMA_ZH13_16G121500_1_P,(GWHPACEX062140,(GWHPACEV060500,GWHPACEJ087876))))),(GWHPACEA066696,GWHPACEU066771),GWHPACEI068713);
((GWHPACEG065915,(GWHPACEW066270,(GLYMA_ZH13_16G121500_1_P,(GWHPACEX062140,(GWHPACEV060500,GWHPACEJ087876))))),(GWHPACEA066696,GWHPACEU066771),GWHPACEI068713);
((GWHPACEG065915,(GWHPACEW066270,(GLYMA_ZH13_16G121500_1_P,(GWHPACEX062140,(GWHPACEV060500,GWHPACEJ087876))))),(GWHPACEA066696,GWHPACEU066771),GWHPACEI068713);
((GWHPACEG065915,(GWHPACEW066270,(GLYMA_ZH13_16G121500_1_P,(GWHPACEX062140,(GWHPACEV060500,GWHPACEJ087876))))),(GWHPACEA066696,GWHPACEU066771),GWHPACEI068713);
((GWHPACEG065915,(GWHPACEW066270,(GLYMA_ZH13_16G121500_1_P,(GWHPACEX062140,(GWHPACEV060500,GWHPACEJ087876))))),(GWHPACEA066696,GWHPACEU066771),GWHPACEI068713);
((GWHPACEU066771,(GWHPACEA066696,(GWHPACEX062140,GLYMA_ZH13_16G121500_1_P))),(((GWHPACEW066270,GWHPACEV060500),GWHPACEJ087876),GWHPACEG065915),GWHPACEI068713);
((GWHPACEU066771,(GWHPACEA066696,(GWHPACEX062140,GLYMA_ZH13_16G121500_1_P))),(((GWHPACEW066270,GWHPACEV060500),GWHPACEJ087876),GWHPACEG065915),GWHPACEI068713);
((GWHPACEU066771,(GWHPACEA066696,(GWHPACEX062140,GLYMA_ZH13_16G121500_1_P))),(((GWHPACEW066270,GWHPACEV060500),GWHPACEJ087876),GWHPACEG065915),GWHPACEI068713);
((GWHPACEU066771,(GWHPACEA066696,(GWHPACEX062140,GLYMA_ZH13_16G121500_1_P))),(((GWHPACEW066270,GWHPACEV060500),GWHPACEJ087876),GWHPACEG065915),GWHPACEI068713);
((GWHPACEU066771,(GWHPACEA066696,(GWHPACEX062140,GLYMA_ZH13_16G121500_1_P))),(((GWHPACEW066270,GWHPACEV060500),GWHPACEJ087876),GWHPACEG065915),GWHPACEI068713);
((GWHPACEU066771,(GWHPACEA066696,(GWHPACEX062140,GLYMA_ZH13_16G121500_1_P))),(((GWHPACEW066270,GWHPACEV060500),GWHPACEJ087876),GWHPACEG065915),GWHPACEI068713);
((GWHPACEU066771,(GWHPACEA066696,(GWHPACEX062140,GLYMA_ZH13_16G121500_1_P))),(((GWHPACEW066270,GWHPACEV060500),GWHPACEJ087876),GWHPACEG065915),GWHPACEI068713);
((GWHPACEU066771,(GWHPACEA066696,(GWHPACEX062140,GLYMA_ZH13_16G121500_1_P))),(((GWHPACEW066270,GWHPACEV060500),GWHPACEJ087876),GWHPACEG065915),GWHPACEI068713);
((GWHPACEU066771,(GWHPACEA066696,(GWHPACEX062140,GLYMA_ZH13_16G121500_1_P))),(((GWHPACEW066270,GWHPACEV060500),GWHPACEJ087876),GWHPACEG065915),GWHPACEI068713);
((GWHPACEU066771,(GWHPACEA066696,(GWHPACEX062140,GLYMA_ZH13_16G121500_1_P))),(((GWHPACEW066270,GWHPACEV060500),GWHPACEJ087876),GWHPACEG065915),GWHPACEI068713);
((GWHPACEJ087876,(GWHPACEV060500,(GWHPACEX062140,(GWHPACEU066771,GWHPACEW066270)))),((GWHPACEG065915,GWHPACEA066696),GLYMA_ZH13_16G121500_1_P),GWHPACEI068713);
((GWHPACEJ087876,(GWHPACEV060500,(GWHPACEX062140,(GWHPACEU066771,GWHPACEW066270)))),((GWHPACEG065915,GWHPACEA066696),GLYMA_ZH13_16G121500_1_P),GWHPACEI068713);
((GWHPACEJ087876,(GWHPACEV060500,(GWHPACEX062140,(GWHPACEU066771,GWHPACEW066270)))),((GWHPACEG065915,GWHPACEA066696),GLYMA_ZH13_16G121500_1_P),GWHPACEI068713);
((GWHPACEJ087876,(GWHPACEV060500,(GWHPACEX062140,(GWHPACEU066771,GWHPACEW066270)))),((GWHPACEG065915,GWHPACEA066696),GLYMA_ZH13_16G121500_1_P),GWHPACEI068713);
((GWHPACEJ087876,(GWHPACEV060500,(GWHPACEX062140,(GWHPACEU066771,GWHPACEW066270)))),((GWHPACEG065915,GWHPACEA066696),GLYMA_ZH13_16G121500_1_P),GWHPACEI068713);
((GWHPACEJ087876,(GWHPACEV060500,(GWHPACEX062140,(GWHPACEU066771,GWHPACEW066270)))),((GWHPACEG065915,GWHPACEA066696),GLYMA_ZH13_16G121500_1_P),GWHPACEI068713);
((GWHPACEJ087876,(GWHPACEV060500,(GWHPACEX062140,(GWHPACEU066771,GWHPACEW066270)))),((GWHPACEG065915,GWHPACEA066696),GLYMA_ZH13_16G121500_1_P),GWHPACEI068713);
((GWHPACEJ087876,(GWHPACEV060500,(GWHPACEX062140,(GWHPACEU066771,GWHPACEW066270)))),((GWHPACEG065915,GWHPACEA066696),GLYMA_ZH13_16G121500_1_P),GWHPACEI068713);
((GWHPACEJ087876,(GWHPACEV060500,(GWHPACEX062140,(GWHPACEU066771,GWHPACEW066270)))),((GWHPACEG065915,GWHPACEA066696),GLYMA_ZH13_16G121500_1_P),GWHPACEI068713);
((GWHPACEJ087876,(GWHPACEV060500,(GWHPACEX062140,(GWHPACEU066771,GWHPACEW066270)))),((GWHPACEG065915,GWHPACEA066696),GLYMA_ZH13_16G121500_1_P),GWHPACEI068713);
(GWHPACEX062140,(GLYMA_ZH13_16G121500_1_P,(GWHPACEV060500,(GWHPACEJ087876,(GWHPACEU066771,(GWHPACEG065915,(GWHPACEW066270,GWHPACEA066696)))))),GWHPACEI068713);
(GWHPACEX062140,(GLYMA_ZH13_16G121500_1_P,(GWHPACEV060500,(GWHPACEJ087876,(GWHPACEU066771,(GWHPACEG065915,(GWHPACEW066270,GWHPACEA066696)))))),GWHPACEI068713);
(GWHPACEX062140,(GLYMA_ZH13_16G121500_1_P,(GWHPACEV060500,(GWHPACEJ087876,(GWHPACEU066771,(GWHPACEG065915,(GWHPACEW066270,GWHPACEA066696)))))),GWHPACEI068713);
(GWHPACEX062140,(GLYMA_ZH13_16G121500_1_P,(GWHPACEV060500,(GWHPACEJ087876,(GWHPACEU066771,(GWHPACEG065915,(GWHPACEW066270,GWHPACEA066696)))))),GWHPACEI068713);
(GWHPACEX062140,(GLYMA_ZH13_16G121500_1_P,(GWHPACEV060500,(GWHPACEJ087876,(GWHPACEU066771,(GWHPACEG065915,(GWHPACEW066270,GWHPACEA066696)))))),GWHPACEI068713);
(GWHPACEX062140,(GLYMA_ZH13_16G121500_1_P,(GWHPACEV060500,(GWHPACEJ087876,(GWHPACEU066771,(GWHPACEG065915,(GWHPACEW066270,GWHPACEA066696)))))),GWHPACEI068713);
(GWHPACEX062140,(GLYMA_ZH13_16G121500_1_P,(GWHPACEV060500,(GWHPACEJ087876,(GWHPACEU066771,(GWHPACEG065915,(GWHPACEW066270,GWHPACEA066696)))))),GWHPACEI068713);
(GWHPACEX062140,(GLYMA_ZH13_16G121500_1_P,(GWHPACEV060500,(GWHPACEJ087876,(GWHPACEU066771,(GWHPACEG065915,(GWHPACEW066270,GWHPACEA066696)))))),GWHPACEI068713);
(GWHPACEX062140,(GLYMA_ZH13_16G121500_1_P,(GWHPACEV060500,(GWHPACEJ087876,(GWHPACEU066771,(GWHPACEG065915,(GWHPACEW066270,GWHPACEA066696)))))),GWHPACEI068713);
(GWHPACEX062140,(GLYMA_ZH13_16G121500_1_P,(GWHPACEV060500,(GWHPACEJ087876,(GWHPACEU066771,(GWHPACEG065915,(GWHPACEW066270,GWHPACEA066696)))))),GWHPACEI068713);
(GWHPACEJ087876,(GWHPACEV060500,(GWHPACEX062140,(GWHPACEA066696,(GWHPACEW066270,(GWHPACEU066771,(GLYMA_ZH13_16G121500_1_P,GWHPACEG065915)))))),GWHPACEI068713);
(GWHPACEJ087876,(GWHPACEV060500,(GWHPACEX062140,(GWHPACEA066696,(GWHPACEW066270,(GWHPACEU066771,(GLYMA_ZH13_16G121500_1_P,GWHPACEG065915)))))),GWHPACEI068713);
(GWHPACEJ087876,(GWHPACEV060500,(GWHPACEX062140,(GWHPACEA066696,(GWHPACEW066270,(GWHPACEU066771,(GLYMA_ZH13_16G121500_1_P,GWHPACEG065915)))))),GWHPACEI068713);
(GWHPACEJ087876,(GWHPACEV060500,(GWHPACEX062140,(GWHPACEA066696,(GWHPACEW066270,(GWHPACEU066771,(GLYMA_ZH13_16G121500_1_P,GWHPACEG065915)))))),GWHPACEI068713);
(GWHPACEJ087876,(GWHPACEV060500,(GWHPACEX062140,(GWHPACEA066696,(GWHPACEW066270,(GWHPACEU066771,(GLYMA_ZH13_16G121500_1_P,GWHPACEG065915)))))),GWHPACEI068713);
(GWHPACEJ087876,(GWHPACEV060500,(GWHPACEX062140,(GWHPACEA066696,(GWHPACEW066270,(GWHPACEU066771,(GLYMA_ZH13_16G121500_1_P,GWHPACEG065915)))))),GWHPACEI068713);
(GWHPACEJ087876,(GWHPACEV060500,(GWHPACEX062140,(GWHPACEA066696,(GWHPACEW066270,(GWHPACEU066771,(GLYMA_ZH13_16G121500_1_P,GWHPACEG065915)))))),GWHPACEI068713);
(GWHPACEJ087876,(GWHPACEV060500,(GWHPACEX062140,(GWHPACEA066696,(GWHPACEW066270,(GWHPACEU066771,(GLYMA_ZH13_16G121500_1_P,GWHPACEG065915)))))),GWHPACEI068713);
(GWHPACEJ087876,(GWHPACEV060500,(GWHPACEX062140,(GWHPACEA066696,(GWHPACEW066270,(GWHPACEU066771,(GLYMA_ZH13_16G121500_1_P,GWHPACEG065915)))))),GWHPACEI068713);
(GWHPACEJ087876,(GWHPACEV060500,(GWHPACEX062140,(GWHPACEA066696,(GWHPACEW066270,(GWHPACEU066771,(GLYMA_ZH13_16G121500_1_P,GWHPACEG065915)))))),GWHPACEI068713);
