(GWHPACEA024479,(((GWHPACEL023045,((GWHPACEN023737,GWHPACET024398),GWHPACEK021787)),GWHPACEV022355),(((GWHPACEH024044,GWHPACEJ024790),(GWHPACEE023969,(GLYMA_06G261400_1,GLYMA_ZH13_06G241100_1_P))),GWHPACEO024096)),GLYMA_06G261400_11);
(GWHPACEA024479,(((GWHPACEL023045,((GWHPACEN023737,GWHPACET024398),GWHPACEK021787)),GWHPACEV022355),(((GWHPACEH024044,GWHPACEJ024790),(GWHPACEE023969,(GLYMA_06G261400_1,GLYMA_ZH13_06G241100_1_P))),GWHPACEO024096)),GLYMA_06G261400_11);
(GWHPACEA024479,(((GWHPACEL023045,((GWHPACEN023737,GWHPACET024398),GWHPACEK021787)),GWHPACEV022355),(((GWHPACEH024044,GWHPACEJ024790),(GWHPACEE023969,(GLYMA_06G261400_1,GLYMA_ZH13_06G241100_1_P))),GWHPACEO024096)),GLYMA_06G261400_11);
(GWHPACEA024479,(((GWHPACEL023045,((GWHPACEN023737,GWHPACET024398),GWHPACEK021787)),GWHPACEV022355),(((GWHPACEH024044,GWHPACEJ024790),(GWHPACEE023969,(GLYMA_06G261400_1,GLYMA_ZH13_06G241100_1_P))),GWHPACEO024096)),GLYMA_06G261400_11);
(GWHPACEA024479,(((GWHPACEL023045,((GWHPACEN023737,GWHPACET024398),GWHPACEK021787)),GWHPACEV022355),(((GWHPACEH024044,GWHPACEJ024790),(GWHPACEE023969,(GLYMA_06G261400_1,GLYMA_ZH13_06G241100_1_P))),GWHPACEO024096)),GLYMA_06G261400_11);
(GWHPACEA024479,(((GWHPACEL023045,((GWHPACEN023737,GWHPACET024398),GWHPACEK021787)),GWHPACEV022355),(((GWHPACEH024044,GWHPACEJ024790),(GWHPACEE023969,(GLYMA_06G261400_1,GLYMA_ZH13_06G241100_1_P))),GWHPACEO024096)),GLYMA_06G261400_11);
(((GWHPACEN023737,GWHPACET024398),GWHPACEK021787),(((GWHPACEV022355,GWHPACEL023045),(GWHPACEO024096,(((GWHPACEE023969,(GLYMA_06G261400_1,GLYMA_ZH13_06G241100_1_P)),GWHPACEH024044),GWHPACEJ024790))),GWHPACEA024479),GLYMA_06G261400_11);
(((GWHPACEN023737,GWHPACET024398),GWHPACEK021787),(((GWHPACEV022355,GWHPACEL023045),(GWHPACEO024096,(((GWHPACEE023969,(GLYMA_06G261400_1,GLYMA_ZH13_06G241100_1_P)),GWHPACEH024044),GWHPACEJ024790))),GWHPACEA024479),GLYMA_06G261400_11);
((((GWHPACEE023969,(GLYMA_06G261400_1,GLYMA_ZH13_06G241100_1_P)),((GWHPACEO024096,GWHPACEH024044),GWHPACEJ024790)),(GWHPACEL023045,(GWHPACEV022355,((GWHPACEN023737,GWHPACET024398),GWHPACEK021787)))),GWHPACEA024479,GLYMA_06G261400_11);
((((GWHPACEE023969,(GLYMA_06G261400_1,GLYMA_ZH13_06G241100_1_P)),((GWHPACEO024096,GWHPACEH024044),GWHPACEJ024790)),(GWHPACEL023045,(GWHPACEV022355,((GWHPACEN023737,GWHPACET024398),GWHPACEK021787)))),GWHPACEA024479,GLYMA_06G261400_11);
((GWHPACEJ024790,(GWHPACEV022355,(GWHPACEE023969,(GWHPACEH024044,(GWHPACEL023045,(GWHPACEA024479,(GWHPACEO024096,(((GWHPACEN023737,GWHPACET024398),GWHPACEK021787),GLYMA_ZH13_06G241100_1_P)))))))),GLYMA_06G261400_1,GLYMA_06G261400_11);
((((GLYMA_06G261400_1,GLYMA_ZH13_06G241100_1_P),(((GWHPACEE023969,GWHPACEH024044),GWHPACEJ024790),GWHPACEO024096)),((GWHPACEL023045,((GWHPACEN023737,GWHPACET024398),GWHPACEK021787)),GWHPACEV022355)),GWHPACEA024479,GLYMA_06G261400_11);
((((GLYMA_06G261400_1,GLYMA_ZH13_06G241100_1_P),(((GWHPACEE023969,GWHPACEH024044),GWHPACEJ024790),GWHPACEO024096)),((GWHPACEL023045,((GWHPACEN023737,GWHPACET024398),GWHPACEK021787)),GWHPACEV022355)),GWHPACEA024479,GLYMA_06G261400_11);
((((GLYMA_06G261400_1,GLYMA_ZH13_06G241100_1_P),(((GWHPACEE023969,GWHPACEH024044),GWHPACEJ024790),GWHPACEO024096)),((GWHPACEL023045,((GWHPACEN023737,GWHPACET024398),GWHPACEK021787)),GWHPACEV022355)),GWHPACEA024479,GLYMA_06G261400_11);
((((GLYMA_06G261400_1,GLYMA_ZH13_06G241100_1_P),(((GWHPACEE023969,GWHPACEH024044),GWHPACEJ024790),GWHPACEO024096)),((GWHPACEL023045,((GWHPACEN023737,GWHPACET024398),GWHPACEK021787)),GWHPACEV022355)),GWHPACEA024479,GLYMA_06G261400_11);
((((GLYMA_06G261400_1,GLYMA_ZH13_06G241100_1_P),(((GWHPACEE023969,GWHPACEH024044),GWHPACEJ024790),GWHPACEO024096)),((GWHPACEL023045,((GWHPACEN023737,GWHPACET024398),GWHPACEK021787)),GWHPACEV022355)),GWHPACEA024479,GLYMA_06G261400_11);
((((GLYMA_06G261400_1,GLYMA_ZH13_06G241100_1_P),(((GWHPACEE023969,GWHPACEH024044),GWHPACEJ024790),GWHPACEO024096)),((GWHPACEL023045,((GWHPACEN023737,GWHPACET024398),GWHPACEK021787)),GWHPACEV022355)),GWHPACEA024479,GLYMA_06G261400_11);
((((GLYMA_06G261400_1,GLYMA_ZH13_06G241100_1_P),(((GWHPACEE023969,GWHPACEH024044),GWHPACEJ024790),GWHPACEO024096)),((GWHPACEL023045,((GWHPACEN023737,GWHPACET024398),GWHPACEK021787)),GWHPACEV022355)),GWHPACEA024479,GLYMA_06G261400_11);
((((GLYMA_06G261400_1,GLYMA_ZH13_06G241100_1_P),(((GWHPACEE023969,GWHPACEH024044),GWHPACEJ024790),GWHPACEO024096)),((GWHPACEL023045,((GWHPACEN023737,GWHPACET024398),GWHPACEK021787)),GWHPACEV022355)),GWHPACEA024479,GLYMA_06G261400_11);
((((GLYMA_06G261400_1,GLYMA_ZH13_06G241100_1_P),(((GWHPACEE023969,GWHPACEH024044),GWHPACEJ024790),GWHPACEO024096)),((GWHPACEL023045,((GWHPACEN023737,GWHPACET024398),GWHPACEK021787)),GWHPACEV022355)),GWHPACEA024479,GLYMA_06G261400_11);
(GWHPACEO024096,(GWHPACEJ024790,(GLYMA_06G261400_1,(GWHPACEA024479,(GWHPACEH024044,((GWHPACEK021787,(GWHPACET024398,GWHPACEN023737)),(GLYMA_ZH13_06G241100_1_P,(GWHPACEV022355,(GWHPACEL023045,GWHPACEE023969)))))))),GLYMA_06G261400_11);
(GWHPACEO024096,(GWHPACEJ024790,(GLYMA_06G261400_1,(GWHPACEA024479,(GWHPACEH024044,((GWHPACEK021787,(GWHPACET024398,GWHPACEN023737)),(GLYMA_ZH13_06G241100_1_P,(GWHPACEV022355,(GWHPACEL023045,GWHPACEE023969)))))))),GLYMA_06G261400_11);
(GWHPACEA024479,((GWHPACEK021787,(GWHPACET024398,GWHPACEN023737)),(GWHPACEL023045,(GWHPACEV022355,((((GLYMA_06G261400_1,GLYMA_ZH13_06G241100_1_P),GWHPACEE023969),(GWHPACEH024044,GWHPACEJ024790)),GWHPACEO024096)))),GLYMA_06G261400_11);
(GWHPACEA024479,((GWHPACEK021787,(GWHPACET024398,GWHPACEN023737)),(GWHPACEL023045,(GWHPACEV022355,((((GLYMA_06G261400_1,GLYMA_ZH13_06G241100_1_P),GWHPACEE023969),(GWHPACEH024044,GWHPACEJ024790)),GWHPACEO024096)))),GLYMA_06G261400_11);
(GWHPACEA024479,((GWHPACEK021787,(GWHPACET024398,GWHPACEN023737)),(GWHPACEL023045,(GWHPACEV022355,((((GLYMA_06G261400_1,GLYMA_ZH13_06G241100_1_P),GWHPACEE023969),(GWHPACEH024044,GWHPACEJ024790)),GWHPACEO024096)))),GLYMA_06G261400_11);
(GWHPACEA024479,((GWHPACEK021787,(GWHPACET024398,GWHPACEN023737)),(GWHPACEL023045,(GWHPACEV022355,((((GLYMA_06G261400_1,GLYMA_ZH13_06G241100_1_P),GWHPACEE023969),(GWHPACEH024044,GWHPACEJ024790)),GWHPACEO024096)))),GLYMA_06G261400_11);
(GWHPACEA024479,((GWHPACEK021787,(GWHPACET024398,GWHPACEN023737)),(GWHPACEL023045,(GWHPACEV022355,((((GLYMA_06G261400_1,GLYMA_ZH13_06G241100_1_P),GWHPACEE023969),(GWHPACEH024044,GWHPACEJ024790)),GWHPACEO024096)))),GLYMA_06G261400_11);
(GWHPACEA024479,((GWHPACEK021787,(GWHPACET024398,GWHPACEN023737)),(GWHPACEL023045,(GWHPACEV022355,((((GLYMA_06G261400_1,GLYMA_ZH13_06G241100_1_P),GWHPACEE023969),(GWHPACEH024044,GWHPACEJ024790)),GWHPACEO024096)))),GLYMA_06G261400_11);
(GWHPACEA024479,((GWHPACEK021787,(GWHPACET024398,GWHPACEN023737)),(GWHPACEL023045,(GWHPACEV022355,((((GLYMA_06G261400_1,GLYMA_ZH13_06G241100_1_P),GWHPACEE023969),(GWHPACEH024044,GWHPACEJ024790)),GWHPACEO024096)))),GLYMA_06G261400_11);
(GWHPACEA024479,((GWHPACEK021787,(GWHPACET024398,GWHPACEN023737)),(GWHPACEL023045,(GWHPACEV022355,((((GLYMA_06G261400_1,GLYMA_ZH13_06G241100_1_P),GWHPACEE023969),(GWHPACEH024044,GWHPACEJ024790)),GWHPACEO024096)))),GLYMA_06G261400_11);
(GWHPACEA024479,(((GWHPACEV022355,GWHPACEL023045),((GWHPACEH024044,(GLYMA_06G261400_1,GLYMA_ZH13_06G241100_1_P)),((GWHPACEO024096,GWHPACEE023969),GWHPACEJ024790))),((GWHPACEN023737,GWHPACET024398),GWHPACEK021787)),GLYMA_06G261400_11);
(GWHPACEA024479,(((GWHPACEV022355,GWHPACEL023045),((GWHPACEH024044,(GLYMA_06G261400_1,GLYMA_ZH13_06G241100_1_P)),((GWHPACEO024096,GWHPACEE023969),GWHPACEJ024790))),((GWHPACEN023737,GWHPACET024398),GWHPACEK021787)),GLYMA_06G261400_11);
(GWHPACEA024479,(((GWHPACEV022355,GWHPACEL023045),((GWHPACEH024044,(GLYMA_06G261400_1,GLYMA_ZH13_06G241100_1_P)),((GWHPACEO024096,GWHPACEE023969),GWHPACEJ024790))),((GWHPACEN023737,GWHPACET024398),GWHPACEK021787)),GLYMA_06G261400_11);
(GWHPACEA024479,(((GWHPACEV022355,GWHPACEL023045),((GWHPACEH024044,(GLYMA_06G261400_1,GLYMA_ZH13_06G241100_1_P)),((GWHPACEO024096,GWHPACEE023969),GWHPACEJ024790))),((GWHPACEN023737,GWHPACET024398),GWHPACEK021787)),GLYMA_06G261400_11);
(GWHPACEA024479,(((GWHPACEV022355,GWHPACEL023045),((GWHPACEH024044,(GLYMA_06G261400_1,GLYMA_ZH13_06G241100_1_P)),((GWHPACEO024096,GWHPACEE023969),GWHPACEJ024790))),((GWHPACEN023737,GWHPACET024398),GWHPACEK021787)),GLYMA_06G261400_11);
(GWHPACEA024479,(((GWHPACEV022355,GWHPACEL023045),((GWHPACEH024044,(GLYMA_06G261400_1,GLYMA_ZH13_06G241100_1_P)),((GWHPACEO024096,GWHPACEE023969),GWHPACEJ024790))),((GWHPACEN023737,GWHPACET024398),GWHPACEK021787)),GLYMA_06G261400_11);
(GWHPACEA024479,(((GWHPACEV022355,GWHPACEL023045),((GWHPACEH024044,(GLYMA_06G261400_1,GLYMA_ZH13_06G241100_1_P)),((GWHPACEO024096,GWHPACEE023969),GWHPACEJ024790))),((GWHPACEN023737,GWHPACET024398),GWHPACEK021787)),GLYMA_06G261400_11);
(GWHPACEA024479,(((GWHPACEV022355,GWHPACEL023045),((GWHPACEH024044,(GLYMA_06G261400_1,GLYMA_ZH13_06G241100_1_P)),((GWHPACEO024096,GWHPACEE023969),GWHPACEJ024790))),((GWHPACEN023737,GWHPACET024398),GWHPACEK021787)),GLYMA_06G261400_11);
(GWHPACEA024479,(((GWHPACEV022355,GWHPACEL023045),((GWHPACEH024044,(GLYMA_06G261400_1,GLYMA_ZH13_06G241100_1_P)),((GWHPACEO024096,GWHPACEE023969),GWHPACEJ024790))),((GWHPACEN023737,GWHPACET024398),GWHPACEK021787)),GLYMA_06G261400_11);
(GWHPACEA024479,(((GWHPACEV022355,GWHPACEL023045),((GWHPACEH024044,(GLYMA_06G261400_1,GLYMA_ZH13_06G241100_1_P)),((GWHPACEO024096,GWHPACEE023969),GWHPACEJ024790))),((GWHPACEN023737,GWHPACET024398),GWHPACEK021787)),GLYMA_06G261400_11);
(GWHPACEA024479,((GWHPACEV022355,((GWHPACEE023969,(GLYMA_06G261400_1,GLYMA_ZH13_06G241100_1_P)),((GWHPACEH024044,GWHPACEO024096),GWHPACEJ024790))),(GWHPACEL023045,(GWHPACEK021787,(GWHPACEN023737,GWHPACET024398)))),GLYMA_06G261400_11);
(GWHPACEA024479,((GWHPACEV022355,((GWHPACEE023969,(GLYMA_06G261400_1,GLYMA_ZH13_06G241100_1_P)),((GWHPACEH024044,GWHPACEO024096),GWHPACEJ024790))),(GWHPACEL023045,(GWHPACEK021787,(GWHPACEN023737,GWHPACET024398)))),GLYMA_06G261400_11);
(GWHPACEA024479,((GWHPACEV022355,((GWHPACEE023969,(GLYMA_06G261400_1,GLYMA_ZH13_06G241100_1_P)),((GWHPACEH024044,GWHPACEO024096),GWHPACEJ024790))),(GWHPACEL023045,(GWHPACEK021787,(GWHPACEN023737,GWHPACET024398)))),GLYMA_06G261400_11);
(GWHPACEA024479,((GWHPACEV022355,((GWHPACEE023969,(GLYMA_06G261400_1,GLYMA_ZH13_06G241100_1_P)),((GWHPACEH024044,GWHPACEO024096),GWHPACEJ024790))),(GWHPACEL023045,(GWHPACEK021787,(GWHPACEN023737,GWHPACET024398)))),GLYMA_06G261400_11);
(GWHPACEA024479,((GWHPACEV022355,((GWHPACEE023969,(GLYMA_06G261400_1,GLYMA_ZH13_06G241100_1_P)),((GWHPACEH024044,GWHPACEO024096),GWHPACEJ024790))),(GWHPACEL023045,(GWHPACEK021787,(GWHPACEN023737,GWHPACET024398)))),GLYMA_06G261400_11);
(GWHPACEA024479,((GWHPACEV022355,((GWHPACEE023969,(GLYMA_06G261400_1,GLYMA_ZH13_06G241100_1_P)),((GWHPACEH024044,GWHPACEO024096),GWHPACEJ024790))),(GWHPACEL023045,(GWHPACEK021787,(GWHPACEN023737,GWHPACET024398)))),GLYMA_06G261400_11);
(GWHPACEA024479,((GWHPACEV022355,((GWHPACEE023969,(GLYMA_06G261400_1,GLYMA_ZH13_06G241100_1_P)),((GWHPACEH024044,GWHPACEO024096),GWHPACEJ024790))),(GWHPACEL023045,(GWHPACEK021787,(GWHPACEN023737,GWHPACET024398)))),GLYMA_06G261400_11);
(GWHPACEA024479,((GWHPACEV022355,((GWHPACEE023969,(GLYMA_06G261400_1,GLYMA_ZH13_06G241100_1_P)),((GWHPACEH024044,GWHPACEO024096),GWHPACEJ024790))),(GWHPACEL023045,(GWHPACEK021787,(GWHPACEN023737,GWHPACET024398)))),GLYMA_06G261400_11);
(GWHPACEA024479,((GWHPACEV022355,((GWHPACEE023969,(GLYMA_06G261400_1,GLYMA_ZH13_06G241100_1_P)),((GWHPACEH024044,GWHPACEO024096),GWHPACEJ024790))),(GWHPACEL023045,(GWHPACEK021787,(GWHPACEN023737,GWHPACET024398)))),GLYMA_06G261400_11);
(GWHPACEA024479,((GWHPACEV022355,((GWHPACEE023969,(GLYMA_06G261400_1,GLYMA_ZH13_06G241100_1_P)),((GWHPACEH024044,GWHPACEO024096),GWHPACEJ024790))),(GWHPACEL023045,(GWHPACEK021787,(GWHPACEN023737,GWHPACET024398)))),GLYMA_06G261400_11);
(GWHPACEA024479,((GWHPACEV022355,(((GWHPACEN023737,GWHPACET024398),GWHPACEK021787),GWHPACEL023045)),((GWHPACEE023969,(GWHPACEO024096,GWHPACEJ024790)),(GWHPACEH024044,(GLYMA_06G261400_1,GLYMA_ZH13_06G241100_1_P)))),GLYMA_06G261400_11);
(GWHPACEA024479,((GWHPACEV022355,(((GWHPACEN023737,GWHPACET024398),GWHPACEK021787),GWHPACEL023045)),((GWHPACEE023969,(GWHPACEO024096,GWHPACEJ024790)),(GWHPACEH024044,(GLYMA_06G261400_1,GLYMA_ZH13_06G241100_1_P)))),GLYMA_06G261400_11);
(GWHPACEA024479,((GWHPACEV022355,(((GWHPACEN023737,GWHPACET024398),GWHPACEK021787),GWHPACEL023045)),((GWHPACEE023969,(GWHPACEO024096,GWHPACEJ024790)),(GWHPACEH024044,(GLYMA_06G261400_1,GLYMA_ZH13_06G241100_1_P)))),GLYMA_06G261400_11);
(GWHPACEA024479,((GWHPACEV022355,(((GWHPACEN023737,GWHPACET024398),GWHPACEK021787),GWHPACEL023045)),((GWHPACEE023969,(GWHPACEO024096,GWHPACEJ024790)),(GWHPACEH024044,(GLYMA_06G261400_1,GLYMA_ZH13_06G241100_1_P)))),GLYMA_06G261400_11);
(GWHPACEA024479,((GWHPACEV022355,(((GWHPACEN023737,GWHPACET024398),GWHPACEK021787),GWHPACEL023045)),((GWHPACEE023969,(GWHPACEO024096,GWHPACEJ024790)),(GWHPACEH024044,(GLYMA_06G261400_1,GLYMA_ZH13_06G241100_1_P)))),GLYMA_06G261400_11);
(GWHPACEA024479,((GWHPACEV022355,(((GWHPACEN023737,GWHPACET024398),GWHPACEK021787),GWHPACEL023045)),((GWHPACEE023969,(GWHPACEO024096,GWHPACEJ024790)),(GWHPACEH024044,(GLYMA_06G261400_1,GLYMA_ZH13_06G241100_1_P)))),GLYMA_06G261400_11);
(GWHPACEA024479,((GWHPACEV022355,(((GWHPACEN023737,GWHPACET024398),GWHPACEK021787),GWHPACEL023045)),((GWHPACEE023969,(GWHPACEO024096,GWHPACEJ024790)),(GWHPACEH024044,(GLYMA_06G261400_1,GLYMA_ZH13_06G241100_1_P)))),GLYMA_06G261400_11);
(GWHPACEA024479,((GWHPACEV022355,(((GWHPACEN023737,GWHPACET024398),GWHPACEK021787),GWHPACEL023045)),((GWHPACEE023969,(GWHPACEO024096,GWHPACEJ024790)),(GWHPACEH024044,(GLYMA_06G261400_1,GLYMA_ZH13_06G241100_1_P)))),GLYMA_06G261400_11);
(GWHPACEA024479,((GWHPACEV022355,(((GWHPACEN023737,GWHPACET024398),GWHPACEK021787),GWHPACEL023045)),((GWHPACEE023969,(GWHPACEO024096,GWHPACEJ024790)),(GWHPACEH024044,(GLYMA_06G261400_1,GLYMA_ZH13_06G241100_1_P)))),GLYMA_06G261400_11);
(GWHPACEA024479,((GWHPACEV022355,(((GWHPACEN023737,GWHPACET024398),GWHPACEK021787),GWHPACEL023045)),((GWHPACEE023969,(GWHPACEO024096,GWHPACEJ024790)),(GWHPACEH024044,(GLYMA_06G261400_1,GLYMA_ZH13_06G241100_1_P)))),GLYMA_06G261400_11);
((GWHPACEE023969,(GWHPACEA024479,(GWHPACEV022355,(GWHPACEL023045,((GWHPACEK021787,(GWHPACET024398,GWHPACEN023737)),(GLYMA_ZH13_06G241100_1_P,GWHPACEJ024790)))))),((GWHPACEH024044,GLYMA_06G261400_1),GWHPACEO024096),GLYMA_06G261400_11);
((GWHPACEE023969,(GWHPACEA024479,(GWHPACEV022355,(GWHPACEL023045,((GWHPACEK021787,(GWHPACET024398,GWHPACEN023737)),(GLYMA_ZH13_06G241100_1_P,GWHPACEJ024790)))))),((GWHPACEH024044,GLYMA_06G261400_1),GWHPACEO024096),GLYMA_06G261400_11);
(GWHPACEA024479,((GWHPACEK021787,(GWHPACET024398,GWHPACEN023737)),((GWHPACEV022355,GWHPACEL023045),(((((GLYMA_06G261400_1,GLYMA_ZH13_06G241100_1_P),GWHPACEO024096),GWHPACEJ024790),GWHPACEH024044),GWHPACEE023969))),GLYMA_06G261400_11);
(GWHPACEA024479,((GWHPACEK021787,(GWHPACET024398,GWHPACEN023737)),((GWHPACEV022355,GWHPACEL023045),(((((GLYMA_06G261400_1,GLYMA_ZH13_06G241100_1_P),GWHPACEO024096),GWHPACEJ024790),GWHPACEH024044),GWHPACEE023969))),GLYMA_06G261400_11);
((GWHPACEA024479,(GWHPACEK021787,(GWHPACEL023045,(GWHPACEV022355,(((((GLYMA_06G261400_1,GLYMA_ZH13_06G241100_1_P),GWHPACEO024096),GWHPACEJ024790),GWHPACEH024044),GWHPACEE023969))))),(GWHPACET024398,GWHPACEN023737),GLYMA_06G261400_11);
(GWHPACEA024479,(((GWHPACEL023045,GWHPACEV022355),(((GWHPACEH024044,GWHPACEJ024790),GWHPACEE023969),((GLYMA_06G261400_1,GLYMA_ZH13_06G241100_1_P),GWHPACEO024096))),(GWHPACEK021787,(GWHPACET024398,GWHPACEN023737))),GLYMA_06G261400_11);
(GWHPACEA024479,(((GWHPACEL023045,GWHPACEV022355),(((GWHPACEH024044,GWHPACEJ024790),GWHPACEE023969),((GLYMA_06G261400_1,GLYMA_ZH13_06G241100_1_P),GWHPACEO024096))),(GWHPACEK021787,(GWHPACET024398,GWHPACEN023737))),GLYMA_06G261400_11);
(GWHPACEA024479,(((GWHPACEL023045,GWHPACEV022355),(((GWHPACEH024044,GWHPACEJ024790),GWHPACEE023969),((GLYMA_06G261400_1,GLYMA_ZH13_06G241100_1_P),GWHPACEO024096))),(GWHPACEK021787,(GWHPACET024398,GWHPACEN023737))),GLYMA_06G261400_11);
(((GWHPACET024398,GWHPACEN023737),GWHPACEA024479),(((GWHPACEL023045,GWHPACEV022355),(((GWHPACEH024044,GWHPACEJ024790),GWHPACEE023969),((GLYMA_06G261400_1,GLYMA_ZH13_06G241100_1_P),GWHPACEO024096))),GWHPACEK021787),GLYMA_06G261400_11);
((((GWHPACEL023045,GWHPACEV022355),((GWHPACEH024044,(((GLYMA_06G261400_1,GLYMA_ZH13_06G241100_1_P),GWHPACEE023969),GWHPACEJ024790)),GWHPACEO024096)),(GWHPACEK021787,(GWHPACET024398,GWHPACEN023737))),GWHPACEA024479,GLYMA_06G261400_11);
(GWHPACEA024479,(((GWHPACEK021787,(GWHPACEN023737,GWHPACET024398)),GWHPACEL023045),(GWHPACEV022355,(((GWHPACEH024044,(GWHPACEJ024790,(GLYMA_06G261400_1,GLYMA_ZH13_06G241100_1_P))),GWHPACEO024096),GWHPACEE023969))),GLYMA_06G261400_11);
(GWHPACEA024479,(((GWHPACEK021787,(GWHPACEN023737,GWHPACET024398)),GWHPACEL023045),(GWHPACEV022355,(((GWHPACEH024044,(GWHPACEJ024790,(GLYMA_06G261400_1,GLYMA_ZH13_06G241100_1_P))),GWHPACEO024096),GWHPACEE023969))),GLYMA_06G261400_11);
(GWHPACEA024479,(((GWHPACEK021787,(GWHPACEN023737,GWHPACET024398)),GWHPACEL023045),(GWHPACEV022355,(((GWHPACEH024044,(GWHPACEJ024790,(GLYMA_06G261400_1,GLYMA_ZH13_06G241100_1_P))),GWHPACEO024096),GWHPACEE023969))),GLYMA_06G261400_11);
(GWHPACEA024479,(((GWHPACEK021787,(GWHPACEN023737,GWHPACET024398)),GWHPACEL023045),(GWHPACEV022355,(((GWHPACEH024044,(GWHPACEJ024790,(GLYMA_06G261400_1,GLYMA_ZH13_06G241100_1_P))),GWHPACEO024096),GWHPACEE023969))),GLYMA_06G261400_11);
(GWHPACEA024479,(((GWHPACEK021787,(GWHPACEN023737,GWHPACET024398)),GWHPACEL023045),(GWHPACEV022355,(((GWHPACEH024044,(GWHPACEJ024790,(GLYMA_06G261400_1,GLYMA_ZH13_06G241100_1_P))),GWHPACEO024096),GWHPACEE023969))),GLYMA_06G261400_11);
(GWHPACEA024479,(((GWHPACEK021787,(GWHPACEN023737,GWHPACET024398)),GWHPACEL023045),(GWHPACEV022355,(((GWHPACEH024044,(GWHPACEJ024790,(GLYMA_06G261400_1,GLYMA_ZH13_06G241100_1_P))),GWHPACEO024096),GWHPACEE023969))),GLYMA_06G261400_11);
(GWHPACEA024479,(((GWHPACEK021787,(GWHPACEN023737,GWHPACET024398)),GWHPACEL023045),(GWHPACEV022355,(((GWHPACEH024044,(GWHPACEJ024790,(GLYMA_06G261400_1,GLYMA_ZH13_06G241100_1_P))),GWHPACEO024096),GWHPACEE023969))),GLYMA_06G261400_11);
(GWHPACEA024479,(((GWHPACEK021787,(GWHPACEN023737,GWHPACET024398)),GWHPACEL023045),(GWHPACEV022355,(((GWHPACEH024044,(GWHPACEJ024790,(GLYMA_06G261400_1,GLYMA_ZH13_06G241100_1_P))),GWHPACEO024096),GWHPACEE023969))),GLYMA_06G261400_11);
(GWHPACEA024479,(((GWHPACEK021787,(GWHPACEN023737,GWHPACET024398)),GWHPACEL023045),(GWHPACEV022355,(((GWHPACEH024044,(GWHPACEJ024790,(GLYMA_06G261400_1,GLYMA_ZH13_06G241100_1_P))),GWHPACEO024096),GWHPACEE023969))),GLYMA_06G261400_11);
(GWHPACEA024479,(((GWHPACEK021787,(GWHPACEN023737,GWHPACET024398)),GWHPACEL023045),(GWHPACEV022355,(((GWHPACEH024044,(GWHPACEJ024790,(GLYMA_06G261400_1,GLYMA_ZH13_06G241100_1_P))),GWHPACEO024096),GWHPACEE023969))),GLYMA_06G261400_11);
(GWHPACEA024479,(((GWHPACEN023737,GWHPACET024398),GWHPACEK021787),(GWHPACEL023045,(GWHPACEV022355,((GWHPACEJ024790,(GWHPACEE023969,(GWHPACEO024096,GWHPACEH024044))),(GLYMA_06G261400_1,GLYMA_ZH13_06G241100_1_P))))),GLYMA_06G261400_11);
(GWHPACEA024479,(((GWHPACEN023737,GWHPACET024398),GWHPACEK021787),(GWHPACEL023045,(GWHPACEV022355,((GWHPACEJ024790,(GWHPACEE023969,(GWHPACEO024096,GWHPACEH024044))),(GLYMA_06G261400_1,GLYMA_ZH13_06G241100_1_P))))),GLYMA_06G261400_11);
(GWHPACEA024479,(((GWHPACEN023737,GWHPACET024398),GWHPACEK021787),(GWHPACEL023045,(GWHPACEV022355,((GWHPACEJ024790,(GWHPACEE023969,(GWHPACEO024096,GWHPACEH024044))),(GLYMA_06G261400_1,GLYMA_ZH13_06G241100_1_P))))),GLYMA_06G261400_11);
(GWHPACEA024479,(((GWHPACEN023737,GWHPACET024398),GWHPACEK021787),(GWHPACEL023045,(GWHPACEV022355,((GWHPACEJ024790,(GWHPACEE023969,(GWHPACEO024096,GWHPACEH024044))),(GLYMA_06G261400_1,GLYMA_ZH13_06G241100_1_P))))),GLYMA_06G261400_11);
(GWHPACEA024479,(((GWHPACEN023737,GWHPACET024398),GWHPACEK021787),(GWHPACEL023045,(GWHPACEV022355,((GWHPACEJ024790,(GWHPACEE023969,(GWHPACEO024096,GWHPACEH024044))),(GLYMA_06G261400_1,GLYMA_ZH13_06G241100_1_P))))),GLYMA_06G261400_11);
(GWHPACEA024479,(((GWHPACEN023737,GWHPACET024398),GWHPACEK021787),(GWHPACEL023045,(GWHPACEV022355,((GWHPACEJ024790,(GWHPACEE023969,(GWHPACEO024096,GWHPACEH024044))),(GLYMA_06G261400_1,GLYMA_ZH13_06G241100_1_P))))),GLYMA_06G261400_11);
(GWHPACEA024479,(((GWHPACEN023737,GWHPACET024398),GWHPACEK021787),(GWHPACEL023045,(GWHPACEV022355,((GWHPACEJ024790,(GWHPACEE023969,(GWHPACEO024096,GWHPACEH024044))),(GLYMA_06G261400_1,GLYMA_ZH13_06G241100_1_P))))),GLYMA_06G261400_11);
((GWHPACEA024479,(GWHPACEK021787,(GWHPACEL023045,(GWHPACEV022355,((GWHPACEE023969,(GWHPACEO024096,GWHPACEH024044)),((GLYMA_06G261400_1,GLYMA_ZH13_06G241100_1_P),GWHPACEJ024790)))))),(GWHPACEN023737,GWHPACET024398),GLYMA_06G261400_11);
(GWHPACEA024479,(((GWHPACEL023045,GWHPACEV022355),((GWHPACEE023969,(((GLYMA_06G261400_1,GLYMA_ZH13_06G241100_1_P),GWHPACEO024096),GWHPACEH024044)),GWHPACEJ024790)),(GWHPACEK021787,(GWHPACEN023737,GWHPACET024398))),GLYMA_06G261400_11);
(GWHPACEA024479,(((GWHPACEL023045,GWHPACEV022355),((GWHPACEE023969,(((GLYMA_06G261400_1,GLYMA_ZH13_06G241100_1_P),GWHPACEO024096),GWHPACEH024044)),GWHPACEJ024790)),(GWHPACEK021787,(GWHPACEN023737,GWHPACET024398))),GLYMA_06G261400_11);
(GWHPACEA024479,((GWHPACEK021787,(GWHPACEN023737,GWHPACET024398)),(GWHPACEL023045,(((GWHPACEO024096,(GLYMA_06G261400_1,GLYMA_ZH13_06G241100_1_P)),(GWHPACEE023969,(GWHPACEH024044,GWHPACEJ024790))),GWHPACEV022355))),GLYMA_06G261400_11);
(GWHPACEA024479,((GWHPACEK021787,(GWHPACEN023737,GWHPACET024398)),(GWHPACEL023045,(((GWHPACEO024096,(GLYMA_06G261400_1,GLYMA_ZH13_06G241100_1_P)),(GWHPACEE023969,(GWHPACEH024044,GWHPACEJ024790))),GWHPACEV022355))),GLYMA_06G261400_11);
(GWHPACEA024479,((GWHPACEK021787,(GWHPACEN023737,GWHPACET024398)),(GWHPACEL023045,(((GWHPACEO024096,(GLYMA_06G261400_1,GLYMA_ZH13_06G241100_1_P)),(GWHPACEE023969,(GWHPACEH024044,GWHPACEJ024790))),GWHPACEV022355))),GLYMA_06G261400_11);
(GWHPACEA024479,((GWHPACEK021787,(GWHPACEN023737,GWHPACET024398)),(GWHPACEL023045,(((GWHPACEO024096,(GLYMA_06G261400_1,GLYMA_ZH13_06G241100_1_P)),(GWHPACEE023969,(GWHPACEH024044,GWHPACEJ024790))),GWHPACEV022355))),GLYMA_06G261400_11);
(GWHPACEA024479,((GWHPACEK021787,(GWHPACEN023737,GWHPACET024398)),(GWHPACEL023045,(((GWHPACEO024096,(GLYMA_06G261400_1,GLYMA_ZH13_06G241100_1_P)),(GWHPACEE023969,(GWHPACEH024044,GWHPACEJ024790))),GWHPACEV022355))),GLYMA_06G261400_11);
(GWHPACEA024479,((GWHPACEK021787,(GWHPACEN023737,GWHPACET024398)),(GWHPACEL023045,(((GWHPACEO024096,(GLYMA_06G261400_1,GLYMA_ZH13_06G241100_1_P)),(GWHPACEE023969,(GWHPACEH024044,GWHPACEJ024790))),GWHPACEV022355))),GLYMA_06G261400_11);
(GWHPACEA024479,((GWHPACEK021787,(GWHPACEN023737,GWHPACET024398)),(GWHPACEL023045,(((GWHPACEO024096,(GLYMA_06G261400_1,GLYMA_ZH13_06G241100_1_P)),(GWHPACEE023969,(GWHPACEH024044,GWHPACEJ024790))),GWHPACEV022355))),GLYMA_06G261400_11);
(GWHPACEA024479,((GWHPACEK021787,(GWHPACEN023737,GWHPACET024398)),(GWHPACEL023045,(((GWHPACEO024096,(GLYMA_06G261400_1,GLYMA_ZH13_06G241100_1_P)),(GWHPACEE023969,(GWHPACEH024044,GWHPACEJ024790))),GWHPACEV022355))),GLYMA_06G261400_11);
(GWHPACEA024479,((GWHPACEK021787,(GWHPACEN023737,GWHPACET024398)),(GWHPACEL023045,(((GWHPACEO024096,(GLYMA_06G261400_1,GLYMA_ZH13_06G241100_1_P)),(GWHPACEE023969,(GWHPACEH024044,GWHPACEJ024790))),GWHPACEV022355))),GLYMA_06G261400_11);
((GWHPACEA024479,(GWHPACEK021787,(((((GWHPACEO024096,(GLYMA_06G261400_1,GLYMA_ZH13_06G241100_1_P)),GWHPACEE023969),GWHPACEH024044),GWHPACEJ024790),(GWHPACEV022355,GWHPACEL023045)))),(GWHPACEN023737,GWHPACET024398),GLYMA_06G261400_11);
