(GWHPACDY068225,(((GWHPACEI068718,GWHPACEU066777),GLYMA_ZH13_16G122000_1_P),(W05_GLYSO_16G043667_1_P,GLYMA_16G137600_1)),GWHPACEE066204);
(GWHPACDY068225,(((GWHPACEI068718,GWHPACEU066777),GLYMA_ZH13_16G122000_1_P),(W05_GLYSO_16G043667_1_P,GLYMA_16G137600_1)),GWHPACEE066204);
(GWHPACDY068225,(((GWHPACEI068718,GWHPACEU066777),GLYMA_ZH13_16G122000_1_P),(W05_GLYSO_16G043667_1_P,GLYMA_16G137600_1)),GWHPACEE066204);
(GWHPACDY068225,(((GWHPACEI068718,GWHPACEU066777),GLYMA_ZH13_16G122000_1_P),(W05_GLYSO_16G043667_1_P,GLYMA_16G137600_1)),GWHPACEE066204);
(GWHPACDY068225,(((GWHPACEI068718,GWHPACEU066777),GLYMA_ZH13_16G122000_1_P),(W05_GLYSO_16G043667_1_P,GLYMA_16G137600_1)),GWHPACEE066204);
(GWHPACDY068225,(((GWHPACEI068718,GWHPACEU066777),GLYMA_ZH13_16G122000_1_P),(W05_GLYSO_16G043667_1_P,GLYMA_16G137600_1)),GWHPACEE066204);
(GWHPACDY068225,(((GWHPACEI068718,GWHPACEU066777),GLYMA_ZH13_16G122000_1_P),(W05_GLYSO_16G043667_1_P,GLYMA_16G137600_1)),GWHPACEE066204);
(GWHPACDY068225,(((GWHPACEI068718,GWHPACEU066777),GLYMA_ZH13_16G122000_1_P),(W05_GLYSO_16G043667_1_P,GLYMA_16G137600_1)),GWHPACEE066204);
(GWHPACDY068225,(((GWHPACEI068718,GWHPACEU066777),GLYMA_ZH13_16G122000_1_P),(W05_GLYSO_16G043667_1_P,GLYMA_16G137600_1)),GWHPACEE066204);
(GWHPACDY068225,(((GWHPACEI068718,GWHPACEU066777),GLYMA_ZH13_16G122000_1_P),(W05_GLYSO_16G043667_1_P,GLYMA_16G137600_1)),GWHPACEE066204);
(GWHPACDY068225,((GLYMA_16G137600_1,W05_GLYSO_16G043667_1_P),(GLYMA_ZH13_16G122000_1_P,(GWHPACEU066777,GWHPACEI068718))),GWHPACEE066204);
(GWHPACDY068225,((GLYMA_16G137600_1,W05_GLYSO_16G043667_1_P),(GLYMA_ZH13_16G122000_1_P,(GWHPACEU066777,GWHPACEI068718))),GWHPACEE066204);
(GWHPACDY068225,((GLYMA_16G137600_1,W05_GLYSO_16G043667_1_P),(GLYMA_ZH13_16G122000_1_P,(GWHPACEU066777,GWHPACEI068718))),GWHPACEE066204);
(GWHPACDY068225,((GLYMA_16G137600_1,W05_GLYSO_16G043667_1_P),(GLYMA_ZH13_16G122000_1_P,(GWHPACEU066777,GWHPACEI068718))),GWHPACEE066204);
(GWHPACDY068225,((GLYMA_16G137600_1,W05_GLYSO_16G043667_1_P),(GLYMA_ZH13_16G122000_1_P,(GWHPACEU066777,GWHPACEI068718))),GWHPACEE066204);
(GWHPACDY068225,((GLYMA_16G137600_1,W05_GLYSO_16G043667_1_P),(GLYMA_ZH13_16G122000_1_P,(GWHPACEU066777,GWHPACEI068718))),GWHPACEE066204);
(GWHPACDY068225,((GLYMA_16G137600_1,W05_GLYSO_16G043667_1_P),(GLYMA_ZH13_16G122000_1_P,(GWHPACEU066777,GWHPACEI068718))),GWHPACEE066204);
(GWHPACDY068225,((GLYMA_16G137600_1,W05_GLYSO_16G043667_1_P),(GLYMA_ZH13_16G122000_1_P,(GWHPACEU066777,GWHPACEI068718))),GWHPACEE066204);
(GWHPACDY068225,((GLYMA_16G137600_1,W05_GLYSO_16G043667_1_P),(GLYMA_ZH13_16G122000_1_P,(GWHPACEU066777,GWHPACEI068718))),GWHPACEE066204);
(GWHPACDY068225,((GLYMA_16G137600_1,W05_GLYSO_16G043667_1_P),(GLYMA_ZH13_16G122000_1_P,(GWHPACEU066777,GWHPACEI068718))),GWHPACEE066204);
(GWHPACDY068225,((W05_GLYSO_16G043667_1_P,GLYMA_16G137600_1),((GWHPACEU066777,GWHPACEI068718),GLYMA_ZH13_16G122000_1_P)),GWHPACEE066204);
(GWHPACDY068225,((W05_GLYSO_16G043667_1_P,GLYMA_16G137600_1),((GWHPACEU066777,GWHPACEI068718),GLYMA_ZH13_16G122000_1_P)),GWHPACEE066204);
(GWHPACDY068225,((W05_GLYSO_16G043667_1_P,GLYMA_16G137600_1),((GWHPACEU066777,GWHPACEI068718),GLYMA_ZH13_16G122000_1_P)),GWHPACEE066204);
(GWHPACDY068225,((W05_GLYSO_16G043667_1_P,GLYMA_16G137600_1),((GWHPACEU066777,GWHPACEI068718),GLYMA_ZH13_16G122000_1_P)),GWHPACEE066204);
(GWHPACDY068225,((W05_GLYSO_16G043667_1_P,GLYMA_16G137600_1),((GWHPACEU066777,GWHPACEI068718),GLYMA_ZH13_16G122000_1_P)),GWHPACEE066204);
(GWHPACDY068225,((W05_GLYSO_16G043667_1_P,GLYMA_16G137600_1),((GWHPACEU066777,GWHPACEI068718),GLYMA_ZH13_16G122000_1_P)),GWHPACEE066204);
(GWHPACDY068225,((W05_GLYSO_16G043667_1_P,GLYMA_16G137600_1),((GWHPACEU066777,GWHPACEI068718),GLYMA_ZH13_16G122000_1_P)),GWHPACEE066204);
(GWHPACDY068225,((W05_GLYSO_16G043667_1_P,GLYMA_16G137600_1),((GWHPACEU066777,GWHPACEI068718),GLYMA_ZH13_16G122000_1_P)),GWHPACEE066204);
(GWHPACDY068225,((W05_GLYSO_16G043667_1_P,GLYMA_16G137600_1),((GWHPACEU066777,GWHPACEI068718),GLYMA_ZH13_16G122000_1_P)),GWHPACEE066204);
(GWHPACDY068225,((W05_GLYSO_16G043667_1_P,GLYMA_16G137600_1),((GWHPACEU066777,GWHPACEI068718),GLYMA_ZH13_16G122000_1_P)),GWHPACEE066204);
(GWHPACDY068225,((GLYMA_16G137600_1,W05_GLYSO_16G043667_1_P),(GLYMA_ZH13_16G122000_1_P,(GWHPACEU066777,GWHPACEI068718))),GWHPACEE066204);
(GWHPACDY068225,((GLYMA_16G137600_1,W05_GLYSO_16G043667_1_P),(GLYMA_ZH13_16G122000_1_P,(GWHPACEU066777,GWHPACEI068718))),GWHPACEE066204);
(GWHPACDY068225,((GLYMA_16G137600_1,W05_GLYSO_16G043667_1_P),(GLYMA_ZH13_16G122000_1_P,(GWHPACEU066777,GWHPACEI068718))),GWHPACEE066204);
(GWHPACDY068225,((GLYMA_16G137600_1,W05_GLYSO_16G043667_1_P),(GLYMA_ZH13_16G122000_1_P,(GWHPACEU066777,GWHPACEI068718))),GWHPACEE066204);
(GWHPACDY068225,((GLYMA_16G137600_1,W05_GLYSO_16G043667_1_P),(GLYMA_ZH13_16G122000_1_P,(GWHPACEU066777,GWHPACEI068718))),GWHPACEE066204);
(GWHPACDY068225,((GLYMA_16G137600_1,W05_GLYSO_16G043667_1_P),(GLYMA_ZH13_16G122000_1_P,(GWHPACEU066777,GWHPACEI068718))),GWHPACEE066204);
(GWHPACDY068225,((GLYMA_16G137600_1,W05_GLYSO_16G043667_1_P),(GLYMA_ZH13_16G122000_1_P,(GWHPACEU066777,GWHPACEI068718))),GWHPACEE066204);
(GWHPACDY068225,((GLYMA_16G137600_1,W05_GLYSO_16G043667_1_P),(GLYMA_ZH13_16G122000_1_P,(GWHPACEU066777,GWHPACEI068718))),GWHPACEE066204);
(GWHPACDY068225,((GLYMA_16G137600_1,W05_GLYSO_16G043667_1_P),(GLYMA_ZH13_16G122000_1_P,(GWHPACEU066777,GWHPACEI068718))),GWHPACEE066204);
(GWHPACDY068225,((GLYMA_16G137600_1,W05_GLYSO_16G043667_1_P),(GLYMA_ZH13_16G122000_1_P,(GWHPACEU066777,GWHPACEI068718))),GWHPACEE066204);
(GWHPACDY068225,((GLYMA_16G137600_1,W05_GLYSO_16G043667_1_P),((GWHPACEU066777,GWHPACEI068718),GLYMA_ZH13_16G122000_1_P)),GWHPACEE066204);
(GWHPACDY068225,((GLYMA_16G137600_1,W05_GLYSO_16G043667_1_P),((GWHPACEU066777,GWHPACEI068718),GLYMA_ZH13_16G122000_1_P)),GWHPACEE066204);
(GWHPACDY068225,((GLYMA_16G137600_1,W05_GLYSO_16G043667_1_P),((GWHPACEU066777,GWHPACEI068718),GLYMA_ZH13_16G122000_1_P)),GWHPACEE066204);
(GWHPACDY068225,((GLYMA_16G137600_1,W05_GLYSO_16G043667_1_P),((GWHPACEU066777,GWHPACEI068718),GLYMA_ZH13_16G122000_1_P)),GWHPACEE066204);
(GWHPACDY068225,((GLYMA_16G137600_1,W05_GLYSO_16G043667_1_P),((GWHPACEU066777,GWHPACEI068718),GLYMA_ZH13_16G122000_1_P)),GWHPACEE066204);
(GWHPACDY068225,((GLYMA_16G137600_1,W05_GLYSO_16G043667_1_P),((GWHPACEU066777,GWHPACEI068718),GLYMA_ZH13_16G122000_1_P)),GWHPACEE066204);
(GWHPACDY068225,((GLYMA_16G137600_1,W05_GLYSO_16G043667_1_P),((GWHPACEU066777,GWHPACEI068718),GLYMA_ZH13_16G122000_1_P)),GWHPACEE066204);
(GWHPACDY068225,((GLYMA_16G137600_1,W05_GLYSO_16G043667_1_P),((GWHPACEU066777,GWHPACEI068718),GLYMA_ZH13_16G122000_1_P)),GWHPACEE066204);
(GWHPACDY068225,((GLYMA_16G137600_1,W05_GLYSO_16G043667_1_P),((GWHPACEU066777,GWHPACEI068718),GLYMA_ZH13_16G122000_1_P)),GWHPACEE066204);
(GWHPACDY068225,((GLYMA_16G137600_1,W05_GLYSO_16G043667_1_P),((GWHPACEU066777,GWHPACEI068718),GLYMA_ZH13_16G122000_1_P)),GWHPACEE066204);
(((GLYMA_ZH13_16G122000_1_P,(GWHPACEU066777,GWHPACEI068718)),(W05_GLYSO_16G043667_1_P,GLYMA_16G137600_1)),GWHPACDY068225,GWHPACEE066204);
(((GLYMA_ZH13_16G122000_1_P,(GWHPACEU066777,GWHPACEI068718)),(W05_GLYSO_16G043667_1_P,GLYMA_16G137600_1)),GWHPACDY068225,GWHPACEE066204);
(((GLYMA_ZH13_16G122000_1_P,(GWHPACEU066777,GWHPACEI068718)),(W05_GLYSO_16G043667_1_P,GLYMA_16G137600_1)),GWHPACDY068225,GWHPACEE066204);
(((GLYMA_ZH13_16G122000_1_P,(GWHPACEU066777,GWHPACEI068718)),(W05_GLYSO_16G043667_1_P,GLYMA_16G137600_1)),GWHPACDY068225,GWHPACEE066204);
(((GLYMA_ZH13_16G122000_1_P,(GWHPACEU066777,GWHPACEI068718)),(W05_GLYSO_16G043667_1_P,GLYMA_16G137600_1)),GWHPACDY068225,GWHPACEE066204);
(((GLYMA_ZH13_16G122000_1_P,(GWHPACEU066777,GWHPACEI068718)),(W05_GLYSO_16G043667_1_P,GLYMA_16G137600_1)),GWHPACDY068225,GWHPACEE066204);
(((GLYMA_ZH13_16G122000_1_P,(GWHPACEU066777,GWHPACEI068718)),(W05_GLYSO_16G043667_1_P,GLYMA_16G137600_1)),GWHPACDY068225,GWHPACEE066204);
(((GLYMA_ZH13_16G122000_1_P,(GWHPACEU066777,GWHPACEI068718)),(W05_GLYSO_16G043667_1_P,GLYMA_16G137600_1)),GWHPACDY068225,GWHPACEE066204);
(((GLYMA_ZH13_16G122000_1_P,(GWHPACEU066777,GWHPACEI068718)),(W05_GLYSO_16G043667_1_P,GLYMA_16G137600_1)),GWHPACDY068225,GWHPACEE066204);
(((GLYMA_ZH13_16G122000_1_P,(GWHPACEU066777,GWHPACEI068718)),(W05_GLYSO_16G043667_1_P,GLYMA_16G137600_1)),GWHPACDY068225,GWHPACEE066204);
(GWHPACDY068225,((GLYMA_16G137600_1,W05_GLYSO_16G043667_1_P),(GLYMA_ZH13_16G122000_1_P,(GWHPACEI068718,GWHPACEU066777))),GWHPACEE066204);
(GWHPACDY068225,((GLYMA_16G137600_1,W05_GLYSO_16G043667_1_P),(GLYMA_ZH13_16G122000_1_P,(GWHPACEI068718,GWHPACEU066777))),GWHPACEE066204);
(GWHPACDY068225,((GLYMA_16G137600_1,W05_GLYSO_16G043667_1_P),(GLYMA_ZH13_16G122000_1_P,(GWHPACEI068718,GWHPACEU066777))),GWHPACEE066204);
(GWHPACDY068225,((GLYMA_16G137600_1,W05_GLYSO_16G043667_1_P),(GLYMA_ZH13_16G122000_1_P,(GWHPACEI068718,GWHPACEU066777))),GWHPACEE066204);
(GWHPACDY068225,((GLYMA_16G137600_1,W05_GLYSO_16G043667_1_P),(GLYMA_ZH13_16G122000_1_P,(GWHPACEI068718,GWHPACEU066777))),GWHPACEE066204);
(GWHPACDY068225,((GLYMA_16G137600_1,W05_GLYSO_16G043667_1_P),(GLYMA_ZH13_16G122000_1_P,(GWHPACEI068718,GWHPACEU066777))),GWHPACEE066204);
(GWHPACDY068225,((GLYMA_16G137600_1,W05_GLYSO_16G043667_1_P),(GLYMA_ZH13_16G122000_1_P,(GWHPACEI068718,GWHPACEU066777))),GWHPACEE066204);
(GWHPACDY068225,((GLYMA_16G137600_1,W05_GLYSO_16G043667_1_P),(GLYMA_ZH13_16G122000_1_P,(GWHPACEI068718,GWHPACEU066777))),GWHPACEE066204);
(GWHPACDY068225,((GLYMA_16G137600_1,W05_GLYSO_16G043667_1_P),(GLYMA_ZH13_16G122000_1_P,(GWHPACEI068718,GWHPACEU066777))),GWHPACEE066204);
(GWHPACDY068225,((GLYMA_16G137600_1,W05_GLYSO_16G043667_1_P),(GLYMA_ZH13_16G122000_1_P,(GWHPACEI068718,GWHPACEU066777))),GWHPACEE066204);
(GWHPACDY068225,(((GWHPACEI068718,GWHPACEU066777),GLYMA_ZH13_16G122000_1_P),(W05_GLYSO_16G043667_1_P,GLYMA_16G137600_1)),GWHPACEE066204);
(GWHPACDY068225,(((GWHPACEI068718,GWHPACEU066777),GLYMA_ZH13_16G122000_1_P),(W05_GLYSO_16G043667_1_P,GLYMA_16G137600_1)),GWHPACEE066204);
(GWHPACDY068225,(((GWHPACEI068718,GWHPACEU066777),GLYMA_ZH13_16G122000_1_P),(W05_GLYSO_16G043667_1_P,GLYMA_16G137600_1)),GWHPACEE066204);
(GWHPACDY068225,(((GWHPACEI068718,GWHPACEU066777),GLYMA_ZH13_16G122000_1_P),(W05_GLYSO_16G043667_1_P,GLYMA_16G137600_1)),GWHPACEE066204);
(GWHPACDY068225,(((GWHPACEI068718,GWHPACEU066777),GLYMA_ZH13_16G122000_1_P),(W05_GLYSO_16G043667_1_P,GLYMA_16G137600_1)),GWHPACEE066204);
(GWHPACDY068225,(((GWHPACEI068718,GWHPACEU066777),GLYMA_ZH13_16G122000_1_P),(W05_GLYSO_16G043667_1_P,GLYMA_16G137600_1)),GWHPACEE066204);
(GWHPACDY068225,(((GWHPACEI068718,GWHPACEU066777),GLYMA_ZH13_16G122000_1_P),(W05_GLYSO_16G043667_1_P,GLYMA_16G137600_1)),GWHPACEE066204);
(GWHPACDY068225,(((GWHPACEI068718,GWHPACEU066777),GLYMA_ZH13_16G122000_1_P),(W05_GLYSO_16G043667_1_P,GLYMA_16G137600_1)),GWHPACEE066204);
(GWHPACDY068225,(((GWHPACEI068718,GWHPACEU066777),GLYMA_ZH13_16G122000_1_P),(W05_GLYSO_16G043667_1_P,GLYMA_16G137600_1)),GWHPACEE066204);
(GWHPACDY068225,(((GWHPACEI068718,GWHPACEU066777),GLYMA_ZH13_16G122000_1_P),(W05_GLYSO_16G043667_1_P,GLYMA_16G137600_1)),GWHPACEE066204);
(GWHPACDY068225,((W05_GLYSO_16G043667_1_P,GLYMA_16G137600_1),(GLYMA_ZH13_16G122000_1_P,(GWHPACEI068718,GWHPACEU066777))),GWHPACEE066204);
(GWHPACDY068225,((W05_GLYSO_16G043667_1_P,GLYMA_16G137600_1),(GLYMA_ZH13_16G122000_1_P,(GWHPACEI068718,GWHPACEU066777))),GWHPACEE066204);
(GWHPACDY068225,((W05_GLYSO_16G043667_1_P,GLYMA_16G137600_1),(GLYMA_ZH13_16G122000_1_P,(GWHPACEI068718,GWHPACEU066777))),GWHPACEE066204);
(GWHPACDY068225,((W05_GLYSO_16G043667_1_P,GLYMA_16G137600_1),(GLYMA_ZH13_16G122000_1_P,(GWHPACEI068718,GWHPACEU066777))),GWHPACEE066204);
(GWHPACDY068225,((W05_GLYSO_16G043667_1_P,GLYMA_16G137600_1),(GLYMA_ZH13_16G122000_1_P,(GWHPACEI068718,GWHPACEU066777))),GWHPACEE066204);
(GWHPACDY068225,((W05_GLYSO_16G043667_1_P,GLYMA_16G137600_1),(GLYMA_ZH13_16G122000_1_P,(GWHPACEI068718,GWHPACEU066777))),GWHPACEE066204);
(GWHPACDY068225,((W05_GLYSO_16G043667_1_P,GLYMA_16G137600_1),(GLYMA_ZH13_16G122000_1_P,(GWHPACEI068718,GWHPACEU066777))),GWHPACEE066204);
(GWHPACDY068225,((W05_GLYSO_16G043667_1_P,GLYMA_16G137600_1),(GLYMA_ZH13_16G122000_1_P,(GWHPACEI068718,GWHPACEU066777))),GWHPACEE066204);
(GWHPACDY068225,((W05_GLYSO_16G043667_1_P,GLYMA_16G137600_1),(GLYMA_ZH13_16G122000_1_P,(GWHPACEI068718,GWHPACEU066777))),GWHPACEE066204);
(GWHPACDY068225,((W05_GLYSO_16G043667_1_P,GLYMA_16G137600_1),(GLYMA_ZH13_16G122000_1_P,(GWHPACEI068718,GWHPACEU066777))),GWHPACEE066204);
(GWHPACDY068225,((GLYMA_ZH13_16G122000_1_P,(GWHPACEI068718,GWHPACEU066777)),(GLYMA_16G137600_1,W05_GLYSO_16G043667_1_P)),GWHPACEE066204);
(GWHPACDY068225,((GLYMA_ZH13_16G122000_1_P,(GWHPACEI068718,GWHPACEU066777)),(GLYMA_16G137600_1,W05_GLYSO_16G043667_1_P)),GWHPACEE066204);
(GWHPACDY068225,((GLYMA_ZH13_16G122000_1_P,(GWHPACEI068718,GWHPACEU066777)),(GLYMA_16G137600_1,W05_GLYSO_16G043667_1_P)),GWHPACEE066204);
(GWHPACDY068225,((GLYMA_ZH13_16G122000_1_P,(GWHPACEI068718,GWHPACEU066777)),(GLYMA_16G137600_1,W05_GLYSO_16G043667_1_P)),GWHPACEE066204);
(GWHPACDY068225,((GLYMA_ZH13_16G122000_1_P,(GWHPACEI068718,GWHPACEU066777)),(GLYMA_16G137600_1,W05_GLYSO_16G043667_1_P)),GWHPACEE066204);
(GWHPACDY068225,((GLYMA_ZH13_16G122000_1_P,(GWHPACEI068718,GWHPACEU066777)),(GLYMA_16G137600_1,W05_GLYSO_16G043667_1_P)),GWHPACEE066204);
(GWHPACDY068225,((GLYMA_ZH13_16G122000_1_P,(GWHPACEI068718,GWHPACEU066777)),(GLYMA_16G137600_1,W05_GLYSO_16G043667_1_P)),GWHPACEE066204);
(GWHPACDY068225,((GLYMA_ZH13_16G122000_1_P,(GWHPACEI068718,GWHPACEU066777)),(GLYMA_16G137600_1,W05_GLYSO_16G043667_1_P)),GWHPACEE066204);
(GWHPACDY068225,((GLYMA_ZH13_16G122000_1_P,(GWHPACEI068718,GWHPACEU066777)),(GLYMA_16G137600_1,W05_GLYSO_16G043667_1_P)),GWHPACEE066204);
(GWHPACDY068225,((GLYMA_ZH13_16G122000_1_P,(GWHPACEI068718,GWHPACEU066777)),(GLYMA_16G137600_1,W05_GLYSO_16G043667_1_P)),GWHPACEE066204);
