(GLYMA_17G245500_1,(GWHPACEI073727,(GWHPACED068066,(GLYMA_ZH13_17G234200_1_P,(GWHPACEH071362,((GWHPACDY073298,(GWHPACEA071562,(GWHPACEW071213,GWHPACEJ073346))),(GWHPACEM071109,(GWHPACEO072110,(W05_GLYSO_17G046920_1_P,GWHPACEE071155)))))))),GWHPACEN070501);
(GLYMA_17G245500_1,(GWHPACEI073727,(GWHPACED068066,(GLYMA_ZH13_17G234200_1_P,(GWHPACEH071362,((GWHPACDY073298,(GWHPACEA071562,(GWHPACEW071213,GWHPACEJ073346))),(GWHPACEM071109,(GWHPACEO072110,(W05_GLYSO_17G046920_1_P,GWHPACEE071155)))))))),GWHPACEN070501);
(GLYMA_17G245500_1,(GWHPACEI073727,(GWHPACED068066,(GLYMA_ZH13_17G234200_1_P,(GWHPACEH071362,((GWHPACDY073298,(GWHPACEA071562,(GWHPACEW071213,GWHPACEJ073346))),(GWHPACEM071109,(GWHPACEO072110,(W05_GLYSO_17G046920_1_P,GWHPACEE071155)))))))),GWHPACEN070501);
(GLYMA_17G245500_1,(GWHPACEI073727,(GWHPACED068066,(GLYMA_ZH13_17G234200_1_P,(GWHPACEH071362,((GWHPACDY073298,(GWHPACEA071562,(GWHPACEW071213,GWHPACEJ073346))),(GWHPACEM071109,(GWHPACEO072110,(W05_GLYSO_17G046920_1_P,GWHPACEE071155)))))))),GWHPACEN070501);
(GLYMA_17G245500_1,(GWHPACEI073727,(GWHPACED068066,(GLYMA_ZH13_17G234200_1_P,(GWHPACEH071362,((GWHPACDY073298,(GWHPACEA071562,(GWHPACEW071213,GWHPACEJ073346))),(GWHPACEM071109,(GWHPACEO072110,(W05_GLYSO_17G046920_1_P,GWHPACEE071155)))))))),GWHPACEN070501);
(GLYMA_17G245500_1,(GWHPACEI073727,(GWHPACED068066,(GLYMA_ZH13_17G234200_1_P,(GWHPACEH071362,((GWHPACDY073298,(GWHPACEA071562,(GWHPACEW071213,GWHPACEJ073346))),(GWHPACEM071109,(GWHPACEO072110,(W05_GLYSO_17G046920_1_P,GWHPACEE071155)))))))),GWHPACEN070501);
(GLYMA_17G245500_1,(GWHPACEI073727,(GWHPACED068066,(GLYMA_ZH13_17G234200_1_P,(GWHPACEH071362,((GWHPACDY073298,(GWHPACEA071562,(GWHPACEW071213,GWHPACEJ073346))),(GWHPACEM071109,(GWHPACEO072110,(W05_GLYSO_17G046920_1_P,GWHPACEE071155)))))))),GWHPACEN070501);
(GLYMA_17G245500_1,(GWHPACEI073727,(GWHPACED068066,(GLYMA_ZH13_17G234200_1_P,(GWHPACEH071362,((GWHPACDY073298,(GWHPACEA071562,(GWHPACEW071213,GWHPACEJ073346))),(GWHPACEM071109,(GWHPACEO072110,(W05_GLYSO_17G046920_1_P,GWHPACEE071155)))))))),GWHPACEN070501);
(GLYMA_17G245500_1,(GWHPACEI073727,(GWHPACED068066,(GLYMA_ZH13_17G234200_1_P,(GWHPACEH071362,((GWHPACDY073298,(GWHPACEA071562,(GWHPACEW071213,GWHPACEJ073346))),(GWHPACEM071109,(GWHPACEO072110,(W05_GLYSO_17G046920_1_P,GWHPACEE071155)))))))),GWHPACEN070501);
(GLYMA_17G245500_1,(GWHPACEI073727,(GWHPACED068066,(GLYMA_ZH13_17G234200_1_P,(GWHPACEH071362,((GWHPACDY073298,(GWHPACEA071562,(GWHPACEW071213,GWHPACEJ073346))),(GWHPACEM071109,(GWHPACEO072110,(W05_GLYSO_17G046920_1_P,GWHPACEE071155)))))))),GWHPACEN070501);
((GWHPACEH071362,((GWHPACDY073298,(GWHPACEA071562,(GWHPACEW071213,GWHPACEJ073346))),(GWHPACEI073727,(GWHPACEO072110,GWHPACEE071155)))),((((GWHPACEM071109,GLYMA_17G245500_1),W05_GLYSO_17G046920_1_P),GLYMA_ZH13_17G234200_1_P),GWHPACED068066),GWHPACEN070501);
((GWHPACEH071362,((GWHPACDY073298,(GWHPACEA071562,(GWHPACEW071213,GWHPACEJ073346))),(GWHPACEI073727,(GWHPACEO072110,GWHPACEE071155)))),((((GWHPACEM071109,GLYMA_17G245500_1),W05_GLYSO_17G046920_1_P),GLYMA_ZH13_17G234200_1_P),GWHPACED068066),GWHPACEN070501);
((GWHPACEH071362,((GWHPACDY073298,(GWHPACEA071562,(GWHPACEW071213,GWHPACEJ073346))),(GWHPACEI073727,(GWHPACEO072110,GWHPACEE071155)))),((((GWHPACEM071109,GLYMA_17G245500_1),W05_GLYSO_17G046920_1_P),GLYMA_ZH13_17G234200_1_P),GWHPACED068066),GWHPACEN070501);
((GWHPACEH071362,((GWHPACDY073298,(GWHPACEA071562,(GWHPACEW071213,GWHPACEJ073346))),(GWHPACEI073727,(GWHPACEO072110,GWHPACEE071155)))),((((GWHPACEM071109,GLYMA_17G245500_1),W05_GLYSO_17G046920_1_P),GLYMA_ZH13_17G234200_1_P),GWHPACED068066),GWHPACEN070501);
((GWHPACEH071362,((GWHPACDY073298,(GWHPACEA071562,(GWHPACEW071213,GWHPACEJ073346))),(GWHPACEI073727,(GWHPACEO072110,GWHPACEE071155)))),((((GWHPACEM071109,GLYMA_17G245500_1),W05_GLYSO_17G046920_1_P),GLYMA_ZH13_17G234200_1_P),GWHPACED068066),GWHPACEN070501);
((GWHPACEH071362,((GWHPACDY073298,(GWHPACEA071562,(GWHPACEW071213,GWHPACEJ073346))),(GWHPACEI073727,(GWHPACEO072110,GWHPACEE071155)))),((((GWHPACEM071109,GLYMA_17G245500_1),W05_GLYSO_17G046920_1_P),GLYMA_ZH13_17G234200_1_P),GWHPACED068066),GWHPACEN070501);
((GWHPACEH071362,((GWHPACDY073298,(GWHPACEA071562,(GWHPACEW071213,GWHPACEJ073346))),(GWHPACEI073727,(GWHPACEO072110,GWHPACEE071155)))),((((GWHPACEM071109,GLYMA_17G245500_1),W05_GLYSO_17G046920_1_P),GLYMA_ZH13_17G234200_1_P),GWHPACED068066),GWHPACEN070501);
((GWHPACEH071362,((GWHPACDY073298,(GWHPACEA071562,(GWHPACEW071213,GWHPACEJ073346))),(GWHPACEI073727,(GWHPACEO072110,GWHPACEE071155)))),((((GWHPACEM071109,GLYMA_17G245500_1),W05_GLYSO_17G046920_1_P),GLYMA_ZH13_17G234200_1_P),GWHPACED068066),GWHPACEN070501);
((GWHPACEH071362,((GWHPACDY073298,(GWHPACEA071562,(GWHPACEW071213,GWHPACEJ073346))),(GWHPACEI073727,(GWHPACEO072110,GWHPACEE071155)))),((((GWHPACEM071109,GLYMA_17G245500_1),W05_GLYSO_17G046920_1_P),GLYMA_ZH13_17G234200_1_P),GWHPACED068066),GWHPACEN070501);
((GWHPACEH071362,((GWHPACDY073298,(GWHPACEA071562,(GWHPACEW071213,GWHPACEJ073346))),(GWHPACEI073727,(GWHPACEO072110,GWHPACEE071155)))),((((GWHPACEM071109,GLYMA_17G245500_1),W05_GLYSO_17G046920_1_P),GLYMA_ZH13_17G234200_1_P),GWHPACED068066),GWHPACEN070501);
((GLYMA_17G245500_1,(GWHPACEM071109,(W05_GLYSO_17G046920_1_P,(GLYMA_ZH13_17G234200_1_P,((GWHPACDY073298,(GWHPACEW071213,(GWHPACEA071562,GWHPACEJ073346))),(GWHPACEI073727,(GWHPACEE071155,GWHPACEO072110))))))),(GWHPACED068066,GWHPACEH071362),GWHPACEN070501);
((GLYMA_17G245500_1,(GWHPACEM071109,(W05_GLYSO_17G046920_1_P,(GLYMA_ZH13_17G234200_1_P,((GWHPACDY073298,(GWHPACEW071213,(GWHPACEA071562,GWHPACEJ073346))),(GWHPACEI073727,(GWHPACEE071155,GWHPACEO072110))))))),(GWHPACED068066,GWHPACEH071362),GWHPACEN070501);
((GLYMA_17G245500_1,(GWHPACEM071109,(W05_GLYSO_17G046920_1_P,(GLYMA_ZH13_17G234200_1_P,((GWHPACDY073298,(GWHPACEW071213,(GWHPACEA071562,GWHPACEJ073346))),(GWHPACEI073727,(GWHPACEE071155,GWHPACEO072110))))))),(GWHPACED068066,GWHPACEH071362),GWHPACEN070501);
((GLYMA_17G245500_1,(GWHPACEM071109,(W05_GLYSO_17G046920_1_P,(GLYMA_ZH13_17G234200_1_P,((GWHPACDY073298,(GWHPACEW071213,(GWHPACEA071562,GWHPACEJ073346))),(GWHPACEI073727,(GWHPACEE071155,GWHPACEO072110))))))),(GWHPACED068066,GWHPACEH071362),GWHPACEN070501);
((GLYMA_17G245500_1,(GWHPACEM071109,(W05_GLYSO_17G046920_1_P,(GLYMA_ZH13_17G234200_1_P,((GWHPACDY073298,(GWHPACEW071213,(GWHPACEA071562,GWHPACEJ073346))),(GWHPACEI073727,(GWHPACEE071155,GWHPACEO072110))))))),(GWHPACED068066,GWHPACEH071362),GWHPACEN070501);
((GLYMA_17G245500_1,(GWHPACEM071109,(W05_GLYSO_17G046920_1_P,(GLYMA_ZH13_17G234200_1_P,((GWHPACDY073298,(GWHPACEW071213,(GWHPACEA071562,GWHPACEJ073346))),(GWHPACEI073727,(GWHPACEE071155,GWHPACEO072110))))))),(GWHPACED068066,GWHPACEH071362),GWHPACEN070501);
((GLYMA_17G245500_1,(GWHPACEM071109,(W05_GLYSO_17G046920_1_P,(GLYMA_ZH13_17G234200_1_P,((GWHPACDY073298,(GWHPACEW071213,(GWHPACEA071562,GWHPACEJ073346))),(GWHPACEI073727,(GWHPACEE071155,GWHPACEO072110))))))),(GWHPACED068066,GWHPACEH071362),GWHPACEN070501);
((GLYMA_17G245500_1,(GWHPACEM071109,(W05_GLYSO_17G046920_1_P,(GLYMA_ZH13_17G234200_1_P,((GWHPACDY073298,(GWHPACEW071213,(GWHPACEA071562,GWHPACEJ073346))),(GWHPACEI073727,(GWHPACEE071155,GWHPACEO072110))))))),(GWHPACED068066,GWHPACEH071362),GWHPACEN070501);
((GLYMA_17G245500_1,(GWHPACEM071109,(W05_GLYSO_17G046920_1_P,(GLYMA_ZH13_17G234200_1_P,((GWHPACDY073298,(GWHPACEW071213,(GWHPACEA071562,GWHPACEJ073346))),(GWHPACEI073727,(GWHPACEE071155,GWHPACEO072110))))))),(GWHPACED068066,GWHPACEH071362),GWHPACEN070501);
((GLYMA_17G245500_1,(GWHPACEM071109,(W05_GLYSO_17G046920_1_P,(GLYMA_ZH13_17G234200_1_P,((GWHPACDY073298,(GWHPACEW071213,(GWHPACEA071562,GWHPACEJ073346))),(GWHPACEI073727,(GWHPACEE071155,GWHPACEO072110))))))),(GWHPACED068066,GWHPACEH071362),GWHPACEN070501);
((GWHPACEM071109,(GWHPACEH071362,(GWHPACEI073727,(GLYMA_17G245500_1,(GWHPACEO072110,((GWHPACDY073298,(GWHPACEA071562,(GWHPACEJ073346,GWHPACEW071213))),GWHPACED068066)))))),((W05_GLYSO_17G046920_1_P,GLYMA_ZH13_17G234200_1_P),GWHPACEE071155),GWHPACEN070501);
((GWHPACEM071109,(GWHPACEH071362,(GWHPACEI073727,(GLYMA_17G245500_1,(GWHPACEO072110,((GWHPACDY073298,(GWHPACEA071562,(GWHPACEJ073346,GWHPACEW071213))),GWHPACED068066)))))),((W05_GLYSO_17G046920_1_P,GLYMA_ZH13_17G234200_1_P),GWHPACEE071155),GWHPACEN070501);
((GWHPACEM071109,(GWHPACEH071362,(GWHPACEI073727,(GLYMA_17G245500_1,(GWHPACEO072110,((GWHPACDY073298,(GWHPACEA071562,(GWHPACEJ073346,GWHPACEW071213))),GWHPACED068066)))))),((W05_GLYSO_17G046920_1_P,GLYMA_ZH13_17G234200_1_P),GWHPACEE071155),GWHPACEN070501);
((GWHPACEM071109,(GWHPACEH071362,(GWHPACEI073727,(GLYMA_17G245500_1,(GWHPACEO072110,((GWHPACDY073298,(GWHPACEA071562,(GWHPACEJ073346,GWHPACEW071213))),GWHPACED068066)))))),((W05_GLYSO_17G046920_1_P,GLYMA_ZH13_17G234200_1_P),GWHPACEE071155),GWHPACEN070501);
((GWHPACEM071109,(GWHPACEH071362,(GWHPACEI073727,(GLYMA_17G245500_1,(GWHPACEO072110,((GWHPACDY073298,(GWHPACEA071562,(GWHPACEJ073346,GWHPACEW071213))),GWHPACED068066)))))),((W05_GLYSO_17G046920_1_P,GLYMA_ZH13_17G234200_1_P),GWHPACEE071155),GWHPACEN070501);
((GWHPACEM071109,(GWHPACEH071362,(GWHPACEI073727,(GLYMA_17G245500_1,(GWHPACEO072110,((GWHPACDY073298,(GWHPACEA071562,(GWHPACEJ073346,GWHPACEW071213))),GWHPACED068066)))))),((W05_GLYSO_17G046920_1_P,GLYMA_ZH13_17G234200_1_P),GWHPACEE071155),GWHPACEN070501);
((GWHPACEM071109,(GWHPACEH071362,(GWHPACEI073727,(GLYMA_17G245500_1,(GWHPACEO072110,((GWHPACDY073298,(GWHPACEA071562,(GWHPACEJ073346,GWHPACEW071213))),GWHPACED068066)))))),((W05_GLYSO_17G046920_1_P,GLYMA_ZH13_17G234200_1_P),GWHPACEE071155),GWHPACEN070501);
((GWHPACEM071109,(GWHPACEH071362,(GWHPACEI073727,(GLYMA_17G245500_1,(GWHPACEO072110,((GWHPACDY073298,(GWHPACEA071562,(GWHPACEJ073346,GWHPACEW071213))),GWHPACED068066)))))),((W05_GLYSO_17G046920_1_P,GLYMA_ZH13_17G234200_1_P),GWHPACEE071155),GWHPACEN070501);
((GWHPACEM071109,(GWHPACEH071362,(GWHPACEI073727,(GLYMA_17G245500_1,(GWHPACEO072110,((GWHPACDY073298,(GWHPACEA071562,(GWHPACEJ073346,GWHPACEW071213))),GWHPACED068066)))))),((W05_GLYSO_17G046920_1_P,GLYMA_ZH13_17G234200_1_P),GWHPACEE071155),GWHPACEN070501);
((GWHPACEM071109,(GWHPACEH071362,(GWHPACEI073727,(GLYMA_17G245500_1,(GWHPACEO072110,((GWHPACDY073298,(GWHPACEA071562,(GWHPACEJ073346,GWHPACEW071213))),GWHPACED068066)))))),((W05_GLYSO_17G046920_1_P,GLYMA_ZH13_17G234200_1_P),GWHPACEE071155),GWHPACEN070501);
(GLYMA_17G245500_1,(W05_GLYSO_17G046920_1_P,(GWHPACEO072110,(GWHPACED068066,(GWHPACEM071109,(GWHPACEE071155,((GWHPACDY073298,(GWHPACEJ073346,(GWHPACEW071213,GWHPACEA071562))),(GWHPACEI073727,(GLYMA_ZH13_17G234200_1_P,GWHPACEH071362)))))))),GWHPACEN070501);
(GLYMA_17G245500_1,(W05_GLYSO_17G046920_1_P,(GWHPACEO072110,(GWHPACED068066,(GWHPACEM071109,(GWHPACEE071155,((GWHPACDY073298,(GWHPACEJ073346,(GWHPACEW071213,GWHPACEA071562))),(GWHPACEI073727,(GLYMA_ZH13_17G234200_1_P,GWHPACEH071362)))))))),GWHPACEN070501);
(GLYMA_17G245500_1,(W05_GLYSO_17G046920_1_P,(GWHPACEO072110,(GWHPACED068066,(GWHPACEM071109,(GWHPACEE071155,((GWHPACDY073298,(GWHPACEJ073346,(GWHPACEW071213,GWHPACEA071562))),(GWHPACEI073727,(GLYMA_ZH13_17G234200_1_P,GWHPACEH071362)))))))),GWHPACEN070501);
(GLYMA_17G245500_1,(W05_GLYSO_17G046920_1_P,(GWHPACEO072110,(GWHPACED068066,(GWHPACEM071109,(GWHPACEE071155,((GWHPACDY073298,(GWHPACEJ073346,(GWHPACEW071213,GWHPACEA071562))),(GWHPACEI073727,(GLYMA_ZH13_17G234200_1_P,GWHPACEH071362)))))))),GWHPACEN070501);
(GLYMA_17G245500_1,(W05_GLYSO_17G046920_1_P,(GWHPACEO072110,(GWHPACED068066,(GWHPACEM071109,(GWHPACEE071155,((GWHPACDY073298,(GWHPACEJ073346,(GWHPACEW071213,GWHPACEA071562))),(GWHPACEI073727,(GLYMA_ZH13_17G234200_1_P,GWHPACEH071362)))))))),GWHPACEN070501);
(GLYMA_17G245500_1,(W05_GLYSO_17G046920_1_P,(GWHPACEO072110,(GWHPACED068066,(GWHPACEM071109,(GWHPACEE071155,((GWHPACDY073298,(GWHPACEJ073346,(GWHPACEW071213,GWHPACEA071562))),(GWHPACEI073727,(GLYMA_ZH13_17G234200_1_P,GWHPACEH071362)))))))),GWHPACEN070501);
(GLYMA_17G245500_1,(W05_GLYSO_17G046920_1_P,(GWHPACEO072110,(GWHPACED068066,(GWHPACEM071109,(GWHPACEE071155,((GWHPACDY073298,(GWHPACEJ073346,(GWHPACEW071213,GWHPACEA071562))),(GWHPACEI073727,(GLYMA_ZH13_17G234200_1_P,GWHPACEH071362)))))))),GWHPACEN070501);
(GLYMA_17G245500_1,(W05_GLYSO_17G046920_1_P,(GWHPACEO072110,(GWHPACED068066,(GWHPACEM071109,(GWHPACEE071155,((GWHPACDY073298,(GWHPACEJ073346,(GWHPACEW071213,GWHPACEA071562))),(GWHPACEI073727,(GLYMA_ZH13_17G234200_1_P,GWHPACEH071362)))))))),GWHPACEN070501);
(GLYMA_17G245500_1,(W05_GLYSO_17G046920_1_P,(GWHPACEO072110,(GWHPACED068066,(GWHPACEM071109,(GWHPACEE071155,((GWHPACDY073298,(GWHPACEJ073346,(GWHPACEW071213,GWHPACEA071562))),(GWHPACEI073727,(GLYMA_ZH13_17G234200_1_P,GWHPACEH071362)))))))),GWHPACEN070501);
(GLYMA_17G245500_1,(W05_GLYSO_17G046920_1_P,(GWHPACEO072110,(GWHPACED068066,(GWHPACEM071109,(GWHPACEE071155,((GWHPACDY073298,(GWHPACEJ073346,(GWHPACEW071213,GWHPACEA071562))),(GWHPACEI073727,(GLYMA_ZH13_17G234200_1_P,GWHPACEH071362)))))))),GWHPACEN070501);
((W05_GLYSO_17G046920_1_P,(GWHPACEH071362,GWHPACED068066)),(((((((((GWHPACEJ073346,GWHPACEA071562),GWHPACEW071213),GWHPACDY073298),GWHPACEE071155),GLYMA_17G245500_1),GWHPACEI073727),GWHPACEO072110),GWHPACEM071109),GLYMA_ZH13_17G234200_1_P),GWHPACEN070501);
((W05_GLYSO_17G046920_1_P,(GWHPACEH071362,GWHPACED068066)),(((((((((GWHPACEJ073346,GWHPACEA071562),GWHPACEW071213),GWHPACDY073298),GWHPACEE071155),GLYMA_17G245500_1),GWHPACEI073727),GWHPACEO072110),GWHPACEM071109),GLYMA_ZH13_17G234200_1_P),GWHPACEN070501);
((W05_GLYSO_17G046920_1_P,(GWHPACEH071362,GWHPACED068066)),(((((((((GWHPACEJ073346,GWHPACEA071562),GWHPACEW071213),GWHPACDY073298),GWHPACEE071155),GLYMA_17G245500_1),GWHPACEI073727),GWHPACEO072110),GWHPACEM071109),GLYMA_ZH13_17G234200_1_P),GWHPACEN070501);
((W05_GLYSO_17G046920_1_P,(GWHPACEH071362,GWHPACED068066)),(((((((((GWHPACEJ073346,GWHPACEA071562),GWHPACEW071213),GWHPACDY073298),GWHPACEE071155),GLYMA_17G245500_1),GWHPACEI073727),GWHPACEO072110),GWHPACEM071109),GLYMA_ZH13_17G234200_1_P),GWHPACEN070501);
((W05_GLYSO_17G046920_1_P,(GWHPACEH071362,GWHPACED068066)),(((((((((GWHPACEJ073346,GWHPACEA071562),GWHPACEW071213),GWHPACDY073298),GWHPACEE071155),GLYMA_17G245500_1),GWHPACEI073727),GWHPACEO072110),GWHPACEM071109),GLYMA_ZH13_17G234200_1_P),GWHPACEN070501);
((W05_GLYSO_17G046920_1_P,(GWHPACEH071362,GWHPACED068066)),(((((((((GWHPACEJ073346,GWHPACEA071562),GWHPACEW071213),GWHPACDY073298),GWHPACEE071155),GLYMA_17G245500_1),GWHPACEI073727),GWHPACEO072110),GWHPACEM071109),GLYMA_ZH13_17G234200_1_P),GWHPACEN070501);
((W05_GLYSO_17G046920_1_P,(GWHPACEH071362,GWHPACED068066)),(((((((((GWHPACEJ073346,GWHPACEA071562),GWHPACEW071213),GWHPACDY073298),GWHPACEE071155),GLYMA_17G245500_1),GWHPACEI073727),GWHPACEO072110),GWHPACEM071109),GLYMA_ZH13_17G234200_1_P),GWHPACEN070501);
((W05_GLYSO_17G046920_1_P,(GWHPACEH071362,GWHPACED068066)),(((((((((GWHPACEJ073346,GWHPACEA071562),GWHPACEW071213),GWHPACDY073298),GWHPACEE071155),GLYMA_17G245500_1),GWHPACEI073727),GWHPACEO072110),GWHPACEM071109),GLYMA_ZH13_17G234200_1_P),GWHPACEN070501);
((W05_GLYSO_17G046920_1_P,(GWHPACEH071362,GWHPACED068066)),(((((((((GWHPACEJ073346,GWHPACEA071562),GWHPACEW071213),GWHPACDY073298),GWHPACEE071155),GLYMA_17G245500_1),GWHPACEI073727),GWHPACEO072110),GWHPACEM071109),GLYMA_ZH13_17G234200_1_P),GWHPACEN070501);
((W05_GLYSO_17G046920_1_P,(GWHPACEH071362,GWHPACED068066)),(((((((((GWHPACEJ073346,GWHPACEA071562),GWHPACEW071213),GWHPACDY073298),GWHPACEE071155),GLYMA_17G245500_1),GWHPACEI073727),GWHPACEO072110),GWHPACEM071109),GLYMA_ZH13_17G234200_1_P),GWHPACEN070501);
((GWHPACEM071109,(GWHPACEE071155,(GWHPACED068066,(GWHPACDY073298,(GWHPACEA071562,(GWHPACEW071213,GWHPACEJ073346)))))),(((((W05_GLYSO_17G046920_1_P,GLYMA_ZH13_17G234200_1_P),GWHPACEH071362),GWHPACEI073727),GWHPACEO072110),GLYMA_17G245500_1),GWHPACEN070501);
((GWHPACEM071109,(GWHPACEE071155,(GWHPACED068066,(GWHPACDY073298,(GWHPACEA071562,(GWHPACEW071213,GWHPACEJ073346)))))),(((((W05_GLYSO_17G046920_1_P,GLYMA_ZH13_17G234200_1_P),GWHPACEH071362),GWHPACEI073727),GWHPACEO072110),GLYMA_17G245500_1),GWHPACEN070501);
((GWHPACEM071109,(GWHPACEE071155,(GWHPACED068066,(GWHPACDY073298,(GWHPACEA071562,(GWHPACEW071213,GWHPACEJ073346)))))),(((((W05_GLYSO_17G046920_1_P,GLYMA_ZH13_17G234200_1_P),GWHPACEH071362),GWHPACEI073727),GWHPACEO072110),GLYMA_17G245500_1),GWHPACEN070501);
((GWHPACEM071109,(GWHPACEE071155,(GWHPACED068066,(GWHPACDY073298,(GWHPACEA071562,(GWHPACEW071213,GWHPACEJ073346)))))),(((((W05_GLYSO_17G046920_1_P,GLYMA_ZH13_17G234200_1_P),GWHPACEH071362),GWHPACEI073727),GWHPACEO072110),GLYMA_17G245500_1),GWHPACEN070501);
((GWHPACEM071109,(GWHPACEE071155,(GWHPACED068066,(GWHPACDY073298,(GWHPACEA071562,(GWHPACEW071213,GWHPACEJ073346)))))),(((((W05_GLYSO_17G046920_1_P,GLYMA_ZH13_17G234200_1_P),GWHPACEH071362),GWHPACEI073727),GWHPACEO072110),GLYMA_17G245500_1),GWHPACEN070501);
((GWHPACEM071109,(GWHPACEE071155,(GWHPACED068066,(GWHPACDY073298,(GWHPACEA071562,(GWHPACEW071213,GWHPACEJ073346)))))),(((((W05_GLYSO_17G046920_1_P,GLYMA_ZH13_17G234200_1_P),GWHPACEH071362),GWHPACEI073727),GWHPACEO072110),GLYMA_17G245500_1),GWHPACEN070501);
((GWHPACEM071109,(GWHPACEE071155,(GWHPACED068066,(GWHPACDY073298,(GWHPACEA071562,(GWHPACEW071213,GWHPACEJ073346)))))),(((((W05_GLYSO_17G046920_1_P,GLYMA_ZH13_17G234200_1_P),GWHPACEH071362),GWHPACEI073727),GWHPACEO072110),GLYMA_17G245500_1),GWHPACEN070501);
((GWHPACEM071109,(GWHPACEE071155,(GWHPACED068066,(GWHPACDY073298,(GWHPACEA071562,(GWHPACEW071213,GWHPACEJ073346)))))),(((((W05_GLYSO_17G046920_1_P,GLYMA_ZH13_17G234200_1_P),GWHPACEH071362),GWHPACEI073727),GWHPACEO072110),GLYMA_17G245500_1),GWHPACEN070501);
((GWHPACEM071109,(GWHPACEE071155,(GWHPACED068066,(GWHPACDY073298,(GWHPACEA071562,(GWHPACEW071213,GWHPACEJ073346)))))),(((((W05_GLYSO_17G046920_1_P,GLYMA_ZH13_17G234200_1_P),GWHPACEH071362),GWHPACEI073727),GWHPACEO072110),GLYMA_17G245500_1),GWHPACEN070501);
((GWHPACEM071109,(GWHPACEE071155,(GWHPACED068066,(GWHPACDY073298,(GWHPACEA071562,(GWHPACEW071213,GWHPACEJ073346)))))),(((((W05_GLYSO_17G046920_1_P,GLYMA_ZH13_17G234200_1_P),GWHPACEH071362),GWHPACEI073727),GWHPACEO072110),GLYMA_17G245500_1),GWHPACEN070501);
((GLYMA_ZH13_17G234200_1_P,(GWHPACEO072110,(GWHPACEH071362,((GWHPACDY073298,(GWHPACEW071213,(GWHPACEJ073346,GWHPACEA071562))),(GWHPACED068066,(GLYMA_17G245500_1,GWHPACEE071155)))))),((W05_GLYSO_17G046920_1_P,GWHPACEM071109),GWHPACEI073727),GWHPACEN070501);
((GLYMA_ZH13_17G234200_1_P,(GWHPACEO072110,(GWHPACEH071362,((GWHPACDY073298,(GWHPACEW071213,(GWHPACEJ073346,GWHPACEA071562))),(GWHPACED068066,(GLYMA_17G245500_1,GWHPACEE071155)))))),((W05_GLYSO_17G046920_1_P,GWHPACEM071109),GWHPACEI073727),GWHPACEN070501);
((GLYMA_ZH13_17G234200_1_P,(GWHPACEO072110,(GWHPACEH071362,((GWHPACDY073298,(GWHPACEW071213,(GWHPACEJ073346,GWHPACEA071562))),(GWHPACED068066,(GLYMA_17G245500_1,GWHPACEE071155)))))),((W05_GLYSO_17G046920_1_P,GWHPACEM071109),GWHPACEI073727),GWHPACEN070501);
((GLYMA_ZH13_17G234200_1_P,(GWHPACEO072110,(GWHPACEH071362,((GWHPACDY073298,(GWHPACEW071213,(GWHPACEJ073346,GWHPACEA071562))),(GWHPACED068066,(GLYMA_17G245500_1,GWHPACEE071155)))))),((W05_GLYSO_17G046920_1_P,GWHPACEM071109),GWHPACEI073727),GWHPACEN070501);
((GLYMA_ZH13_17G234200_1_P,(GWHPACEO072110,(GWHPACEH071362,((GWHPACDY073298,(GWHPACEW071213,(GWHPACEJ073346,GWHPACEA071562))),(GWHPACED068066,(GLYMA_17G245500_1,GWHPACEE071155)))))),((W05_GLYSO_17G046920_1_P,GWHPACEM071109),GWHPACEI073727),GWHPACEN070501);
((GLYMA_ZH13_17G234200_1_P,(GWHPACEO072110,(GWHPACEH071362,((GWHPACDY073298,(GWHPACEW071213,(GWHPACEJ073346,GWHPACEA071562))),(GWHPACED068066,(GLYMA_17G245500_1,GWHPACEE071155)))))),((W05_GLYSO_17G046920_1_P,GWHPACEM071109),GWHPACEI073727),GWHPACEN070501);
((GLYMA_ZH13_17G234200_1_P,(GWHPACEO072110,(GWHPACEH071362,((GWHPACDY073298,(GWHPACEW071213,(GWHPACEJ073346,GWHPACEA071562))),(GWHPACED068066,(GLYMA_17G245500_1,GWHPACEE071155)))))),((W05_GLYSO_17G046920_1_P,GWHPACEM071109),GWHPACEI073727),GWHPACEN070501);
((GLYMA_ZH13_17G234200_1_P,(GWHPACEO072110,(GWHPACEH071362,((GWHPACDY073298,(GWHPACEW071213,(GWHPACEJ073346,GWHPACEA071562))),(GWHPACED068066,(GLYMA_17G245500_1,GWHPACEE071155)))))),((W05_GLYSO_17G046920_1_P,GWHPACEM071109),GWHPACEI073727),GWHPACEN070501);
((GLYMA_ZH13_17G234200_1_P,(GWHPACEO072110,(GWHPACEH071362,((GWHPACDY073298,(GWHPACEW071213,(GWHPACEJ073346,GWHPACEA071562))),(GWHPACED068066,(GLYMA_17G245500_1,GWHPACEE071155)))))),((W05_GLYSO_17G046920_1_P,GWHPACEM071109),GWHPACEI073727),GWHPACEN070501);
((GLYMA_ZH13_17G234200_1_P,(GWHPACEO072110,(GWHPACEH071362,((GWHPACDY073298,(GWHPACEW071213,(GWHPACEJ073346,GWHPACEA071562))),(GWHPACED068066,(GLYMA_17G245500_1,GWHPACEE071155)))))),((W05_GLYSO_17G046920_1_P,GWHPACEM071109),GWHPACEI073727),GWHPACEN070501);
((GWHPACEE071155,(GLYMA_17G245500_1,(GWHPACEO072110,(GWHPACEH071362,(GWHPACEM071109,(GLYMA_ZH13_17G234200_1_P,(GWHPACDY073298,(GWHPACEA071562,(GWHPACEJ073346,GWHPACEW071213))))))))),((W05_GLYSO_17G046920_1_P,GWHPACED068066),GWHPACEI073727),GWHPACEN070501);
((GWHPACEE071155,(GLYMA_17G245500_1,(GWHPACEO072110,(GWHPACEH071362,(GWHPACEM071109,(GLYMA_ZH13_17G234200_1_P,(GWHPACDY073298,(GWHPACEA071562,(GWHPACEJ073346,GWHPACEW071213))))))))),((W05_GLYSO_17G046920_1_P,GWHPACED068066),GWHPACEI073727),GWHPACEN070501);
((GWHPACEE071155,(GLYMA_17G245500_1,(GWHPACEO072110,(GWHPACEH071362,(GWHPACEM071109,(GLYMA_ZH13_17G234200_1_P,(GWHPACDY073298,(GWHPACEA071562,(GWHPACEJ073346,GWHPACEW071213))))))))),((W05_GLYSO_17G046920_1_P,GWHPACED068066),GWHPACEI073727),GWHPACEN070501);
((GWHPACEE071155,(GLYMA_17G245500_1,(GWHPACEO072110,(GWHPACEH071362,(GWHPACEM071109,(GLYMA_ZH13_17G234200_1_P,(GWHPACDY073298,(GWHPACEA071562,(GWHPACEJ073346,GWHPACEW071213))))))))),((W05_GLYSO_17G046920_1_P,GWHPACED068066),GWHPACEI073727),GWHPACEN070501);
((GWHPACEE071155,(GLYMA_17G245500_1,(GWHPACEO072110,(GWHPACEH071362,(GWHPACEM071109,(GLYMA_ZH13_17G234200_1_P,(GWHPACDY073298,(GWHPACEA071562,(GWHPACEJ073346,GWHPACEW071213))))))))),((W05_GLYSO_17G046920_1_P,GWHPACED068066),GWHPACEI073727),GWHPACEN070501);
((GWHPACEE071155,(GLYMA_17G245500_1,(GWHPACEO072110,(GWHPACEH071362,(GWHPACEM071109,(GLYMA_ZH13_17G234200_1_P,(GWHPACDY073298,(GWHPACEA071562,(GWHPACEJ073346,GWHPACEW071213))))))))),((W05_GLYSO_17G046920_1_P,GWHPACED068066),GWHPACEI073727),GWHPACEN070501);
((GWHPACEE071155,(GLYMA_17G245500_1,(GWHPACEO072110,(GWHPACEH071362,(GWHPACEM071109,(GLYMA_ZH13_17G234200_1_P,(GWHPACDY073298,(GWHPACEA071562,(GWHPACEJ073346,GWHPACEW071213))))))))),((W05_GLYSO_17G046920_1_P,GWHPACED068066),GWHPACEI073727),GWHPACEN070501);
((GWHPACEE071155,(GLYMA_17G245500_1,(GWHPACEO072110,(GWHPACEH071362,(GWHPACEM071109,(GLYMA_ZH13_17G234200_1_P,(GWHPACDY073298,(GWHPACEA071562,(GWHPACEJ073346,GWHPACEW071213))))))))),((W05_GLYSO_17G046920_1_P,GWHPACED068066),GWHPACEI073727),GWHPACEN070501);
((GWHPACEE071155,(GLYMA_17G245500_1,(GWHPACEO072110,(GWHPACEH071362,(GWHPACEM071109,(GLYMA_ZH13_17G234200_1_P,(GWHPACDY073298,(GWHPACEA071562,(GWHPACEJ073346,GWHPACEW071213))))))))),((W05_GLYSO_17G046920_1_P,GWHPACED068066),GWHPACEI073727),GWHPACEN070501);
((GWHPACEE071155,(GLYMA_17G245500_1,(GWHPACEO072110,(GWHPACEH071362,(GWHPACEM071109,(GLYMA_ZH13_17G234200_1_P,(GWHPACDY073298,(GWHPACEA071562,(GWHPACEJ073346,GWHPACEW071213))))))))),((W05_GLYSO_17G046920_1_P,GWHPACED068066),GWHPACEI073727),GWHPACEN070501);
((GLYMA_ZH13_17G234200_1_P,(GWHPACED068066,GWHPACEM071109)),(((((((((GWHPACEA071562,GWHPACEW071213),GWHPACEJ073346),GWHPACDY073298),GWHPACEE071155),GWHPACEO072110),GWHPACEH071362),W05_GLYSO_17G046920_1_P),GLYMA_17G245500_1),GWHPACEI073727),GWHPACEN070501);
((GLYMA_ZH13_17G234200_1_P,(GWHPACED068066,GWHPACEM071109)),(((((((((GWHPACEA071562,GWHPACEW071213),GWHPACEJ073346),GWHPACDY073298),GWHPACEE071155),GWHPACEO072110),GWHPACEH071362),W05_GLYSO_17G046920_1_P),GLYMA_17G245500_1),GWHPACEI073727),GWHPACEN070501);
((GLYMA_ZH13_17G234200_1_P,(GWHPACED068066,GWHPACEM071109)),(((((((((GWHPACEA071562,GWHPACEW071213),GWHPACEJ073346),GWHPACDY073298),GWHPACEE071155),GWHPACEO072110),GWHPACEH071362),W05_GLYSO_17G046920_1_P),GLYMA_17G245500_1),GWHPACEI073727),GWHPACEN070501);
((GLYMA_ZH13_17G234200_1_P,(GWHPACED068066,GWHPACEM071109)),(((((((((GWHPACEA071562,GWHPACEW071213),GWHPACEJ073346),GWHPACDY073298),GWHPACEE071155),GWHPACEO072110),GWHPACEH071362),W05_GLYSO_17G046920_1_P),GLYMA_17G245500_1),GWHPACEI073727),GWHPACEN070501);
((GLYMA_ZH13_17G234200_1_P,(GWHPACED068066,GWHPACEM071109)),(((((((((GWHPACEA071562,GWHPACEW071213),GWHPACEJ073346),GWHPACDY073298),GWHPACEE071155),GWHPACEO072110),GWHPACEH071362),W05_GLYSO_17G046920_1_P),GLYMA_17G245500_1),GWHPACEI073727),GWHPACEN070501);
((GLYMA_ZH13_17G234200_1_P,(GWHPACED068066,GWHPACEM071109)),(((((((((GWHPACEA071562,GWHPACEW071213),GWHPACEJ073346),GWHPACDY073298),GWHPACEE071155),GWHPACEO072110),GWHPACEH071362),W05_GLYSO_17G046920_1_P),GLYMA_17G245500_1),GWHPACEI073727),GWHPACEN070501);
((GLYMA_ZH13_17G234200_1_P,(GWHPACED068066,GWHPACEM071109)),(((((((((GWHPACEA071562,GWHPACEW071213),GWHPACEJ073346),GWHPACDY073298),GWHPACEE071155),GWHPACEO072110),GWHPACEH071362),W05_GLYSO_17G046920_1_P),GLYMA_17G245500_1),GWHPACEI073727),GWHPACEN070501);
((GLYMA_ZH13_17G234200_1_P,(GWHPACED068066,GWHPACEM071109)),(((((((((GWHPACEA071562,GWHPACEW071213),GWHPACEJ073346),GWHPACDY073298),GWHPACEE071155),GWHPACEO072110),GWHPACEH071362),W05_GLYSO_17G046920_1_P),GLYMA_17G245500_1),GWHPACEI073727),GWHPACEN070501);
((GLYMA_ZH13_17G234200_1_P,(GWHPACED068066,GWHPACEM071109)),(((((((((GWHPACEA071562,GWHPACEW071213),GWHPACEJ073346),GWHPACDY073298),GWHPACEE071155),GWHPACEO072110),GWHPACEH071362),W05_GLYSO_17G046920_1_P),GLYMA_17G245500_1),GWHPACEI073727),GWHPACEN070501);
((GLYMA_ZH13_17G234200_1_P,(GWHPACED068066,GWHPACEM071109)),(((((((((GWHPACEA071562,GWHPACEW071213),GWHPACEJ073346),GWHPACDY073298),GWHPACEE071155),GWHPACEO072110),GWHPACEH071362),W05_GLYSO_17G046920_1_P),GLYMA_17G245500_1),GWHPACEI073727),GWHPACEN070501);
