((GLYMA_ZH13_16G142600_1_P,(W05_GLYSO_16G043873_1_P,(GWHPACEN065930,GWHPACDY068545))),GWHPACEI069035,GWHPACEH066813);
((GLYMA_ZH13_16G142600_1_P,(W05_GLYSO_16G043873_1_P,(GWHPACEN065930,GWHPACDY068545))),GWHPACEI069035,GWHPACEH066813);
((GLYMA_ZH13_16G142600_1_P,(W05_GLYSO_16G043873_1_P,(GWHPACEN065930,GWHPACDY068545))),GWHPACEI069035,GWHPACEH066813);
((GLYMA_ZH13_16G142600_1_P,(W05_GLYSO_16G043873_1_P,(GWHPACEN065930,GWHPACDY068545))),GWHPACEI069035,GWHPACEH066813);
(GWHPACEI069035,((GLYMA_ZH13_16G142600_1_P,(GWHPACEN065930,GWHPACDY068545)),W05_GLYSO_16G043873_1_P),GWHPACEH066813);
(GWHPACEI069035,(GLYMA_ZH13_16G142600_1_P,((W05_GLYSO_16G043873_1_P,GWHPACEN065930),GWHPACDY068545)),GWHPACEH066813);
(GWHPACEI069035,(GLYMA_ZH13_16G142600_1_P,((W05_GLYSO_16G043873_1_P,GWHPACEN065930),GWHPACDY068545)),GWHPACEH066813);
(GWHPACEI069035,(GLYMA_ZH13_16G142600_1_P,((W05_GLYSO_16G043873_1_P,GWHPACEN065930),GWHPACDY068545)),GWHPACEH066813);
(GWHPACEI069035,(GLYMA_ZH13_16G142600_1_P,((W05_GLYSO_16G043873_1_P,GWHPACEN065930),GWHPACDY068545)),GWHPACEH066813);
(GWHPACEI069035,(GLYMA_ZH13_16G142600_1_P,((GWHPACEN065930,GWHPACDY068545),W05_GLYSO_16G043873_1_P)),GWHPACEH066813);
(GWHPACEI069035,(GLYMA_ZH13_16G142600_1_P,(W05_GLYSO_16G043873_1_P,(GWHPACDY068545,GWHPACEN065930))),GWHPACEH066813);
(GWHPACEI069035,(GLYMA_ZH13_16G142600_1_P,(W05_GLYSO_16G043873_1_P,(GWHPACDY068545,GWHPACEN065930))),GWHPACEH066813);
(GWHPACEI069035,(GLYMA_ZH13_16G142600_1_P,(W05_GLYSO_16G043873_1_P,(GWHPACDY068545,GWHPACEN065930))),GWHPACEH066813);
(GWHPACEI069035,(GLYMA_ZH13_16G142600_1_P,(W05_GLYSO_16G043873_1_P,(GWHPACDY068545,GWHPACEN065930))),GWHPACEH066813);
(GWHPACEI069035,(GLYMA_ZH13_16G142600_1_P,(W05_GLYSO_16G043873_1_P,(GWHPACDY068545,GWHPACEN065930))),GWHPACEH066813);
(GWHPACEI069035,(GLYMA_ZH13_16G142600_1_P,(W05_GLYSO_16G043873_1_P,(GWHPACDY068545,GWHPACEN065930))),GWHPACEH066813);
(GWHPACEI069035,((GLYMA_ZH13_16G142600_1_P,(GWHPACDY068545,GWHPACEN065930)),W05_GLYSO_16G043873_1_P),GWHPACEH066813);
(GWHPACEI069035,((GLYMA_ZH13_16G142600_1_P,(GWHPACDY068545,GWHPACEN065930)),W05_GLYSO_16G043873_1_P),GWHPACEH066813);
(GWHPACEI069035,((GLYMA_ZH13_16G142600_1_P,(GWHPACDY068545,GWHPACEN065930)),W05_GLYSO_16G043873_1_P),GWHPACEH066813);
(GWHPACEI069035,((GLYMA_ZH13_16G142600_1_P,(GWHPACDY068545,GWHPACEN065930)),W05_GLYSO_16G043873_1_P),GWHPACEH066813);
(GWHPACEI069035,((W05_GLYSO_16G043873_1_P,(GWHPACDY068545,GWHPACEN065930)),GLYMA_ZH13_16G142600_1_P),GWHPACEH066813);
(GWHPACEI069035,((W05_GLYSO_16G043873_1_P,(GWHPACDY068545,GWHPACEN065930)),GLYMA_ZH13_16G142600_1_P),GWHPACEH066813);
(GWHPACEI069035,((W05_GLYSO_16G043873_1_P,(GWHPACDY068545,GWHPACEN065930)),GLYMA_ZH13_16G142600_1_P),GWHPACEH066813);
(GWHPACEI069035,((W05_GLYSO_16G043873_1_P,(GWHPACDY068545,GWHPACEN065930)),GLYMA_ZH13_16G142600_1_P),GWHPACEH066813);
(GWHPACEI069035,((W05_GLYSO_16G043873_1_P,(GWHPACDY068545,GWHPACEN065930)),GLYMA_ZH13_16G142600_1_P),GWHPACEH066813);
(GWHPACEI069035,((W05_GLYSO_16G043873_1_P,(GWHPACDY068545,GWHPACEN065930)),GLYMA_ZH13_16G142600_1_P),GWHPACEH066813);
(GWHPACEI069035,((W05_GLYSO_16G043873_1_P,(GWHPACDY068545,GWHPACEN065930)),GLYMA_ZH13_16G142600_1_P),GWHPACEH066813);
(GWHPACEI069035,((W05_GLYSO_16G043873_1_P,(GWHPACDY068545,GWHPACEN065930)),GLYMA_ZH13_16G142600_1_P),GWHPACEH066813);
(GWHPACEI069035,((W05_GLYSO_16G043873_1_P,(GWHPACDY068545,GWHPACEN065930)),GLYMA_ZH13_16G142600_1_P),GWHPACEH066813);
(GWHPACEI069035,((W05_GLYSO_16G043873_1_P,(GWHPACDY068545,GWHPACEN065930)),GLYMA_ZH13_16G142600_1_P),GWHPACEH066813);
(GWHPACEI069035,(GLYMA_ZH13_16G142600_1_P,((GWHPACDY068545,GWHPACEN065930),W05_GLYSO_16G043873_1_P)),GWHPACEH066813);
(GWHPACEI069035,(GLYMA_ZH13_16G142600_1_P,((GWHPACDY068545,GWHPACEN065930),W05_GLYSO_16G043873_1_P)),GWHPACEH066813);
(GWHPACEI069035,(GLYMA_ZH13_16G142600_1_P,((GWHPACDY068545,GWHPACEN065930),W05_GLYSO_16G043873_1_P)),GWHPACEH066813);
(GWHPACEI069035,(GLYMA_ZH13_16G142600_1_P,((GWHPACDY068545,GWHPACEN065930),W05_GLYSO_16G043873_1_P)),GWHPACEH066813);
(GWHPACEI069035,(GLYMA_ZH13_16G142600_1_P,((GWHPACDY068545,GWHPACEN065930),W05_GLYSO_16G043873_1_P)),GWHPACEH066813);
(GWHPACEI069035,(GLYMA_ZH13_16G142600_1_P,((GWHPACDY068545,GWHPACEN065930),W05_GLYSO_16G043873_1_P)),GWHPACEH066813);
(GWHPACEI069035,(GLYMA_ZH13_16G142600_1_P,((GWHPACDY068545,GWHPACEN065930),W05_GLYSO_16G043873_1_P)),GWHPACEH066813);
(GWHPACEI069035,(GLYMA_ZH13_16G142600_1_P,((GWHPACDY068545,GWHPACEN065930),W05_GLYSO_16G043873_1_P)),GWHPACEH066813);
(GWHPACEI069035,(GLYMA_ZH13_16G142600_1_P,((GWHPACDY068545,GWHPACEN065930),W05_GLYSO_16G043873_1_P)),GWHPACEH066813);
(GWHPACEI069035,(GLYMA_ZH13_16G142600_1_P,((GWHPACDY068545,GWHPACEN065930),W05_GLYSO_16G043873_1_P)),GWHPACEH066813);
(GWHPACEI069035,((GLYMA_ZH13_16G142600_1_P,(GWHPACEN065930,GWHPACDY068545)),W05_GLYSO_16G043873_1_P),GWHPACEH066813);
(GWHPACEI069035,((GLYMA_ZH13_16G142600_1_P,(GWHPACEN065930,GWHPACDY068545)),W05_GLYSO_16G043873_1_P),GWHPACEH066813);
(GWHPACEI069035,((GLYMA_ZH13_16G142600_1_P,(GWHPACEN065930,GWHPACDY068545)),W05_GLYSO_16G043873_1_P),GWHPACEH066813);
(GWHPACEI069035,(GLYMA_ZH13_16G142600_1_P,((GWHPACEN065930,GWHPACDY068545),W05_GLYSO_16G043873_1_P)),GWHPACEH066813);
(GWHPACEI069035,(GLYMA_ZH13_16G142600_1_P,((GWHPACEN065930,GWHPACDY068545),W05_GLYSO_16G043873_1_P)),GWHPACEH066813);
(GWHPACEI069035,(GLYMA_ZH13_16G142600_1_P,((GWHPACEN065930,GWHPACDY068545),W05_GLYSO_16G043873_1_P)),GWHPACEH066813);
(GWHPACEI069035,((GLYMA_ZH13_16G142600_1_P,(GWHPACEN065930,GWHPACDY068545)),W05_GLYSO_16G043873_1_P),GWHPACEH066813);
(GWHPACEI069035,(GLYMA_ZH13_16G142600_1_P,((W05_GLYSO_16G043873_1_P,GWHPACEN065930),GWHPACDY068545)),GWHPACEH066813);
(GWHPACEI069035,(GLYMA_ZH13_16G142600_1_P,((GWHPACEN065930,GWHPACDY068545),W05_GLYSO_16G043873_1_P)),GWHPACEH066813);
(GWHPACEI069035,(GLYMA_ZH13_16G142600_1_P,((GWHPACEN065930,GWHPACDY068545),W05_GLYSO_16G043873_1_P)),GWHPACEH066813);
(GWHPACEI069035,(GLYMA_ZH13_16G142600_1_P,(W05_GLYSO_16G043873_1_P,(GWHPACEN065930,GWHPACDY068545))),GWHPACEH066813);
(GWHPACEI069035,(GLYMA_ZH13_16G142600_1_P,(W05_GLYSO_16G043873_1_P,(GWHPACEN065930,GWHPACDY068545))),GWHPACEH066813);
(GWHPACEI069035,(GLYMA_ZH13_16G142600_1_P,(W05_GLYSO_16G043873_1_P,(GWHPACEN065930,GWHPACDY068545))),GWHPACEH066813);
(GWHPACEI069035,(GLYMA_ZH13_16G142600_1_P,(W05_GLYSO_16G043873_1_P,(GWHPACEN065930,GWHPACDY068545))),GWHPACEH066813);
(GWHPACEI069035,(W05_GLYSO_16G043873_1_P,((GWHPACEN065930,GWHPACDY068545),GLYMA_ZH13_16G142600_1_P)),GWHPACEH066813);
(GWHPACEI069035,(W05_GLYSO_16G043873_1_P,((GWHPACEN065930,GWHPACDY068545),GLYMA_ZH13_16G142600_1_P)),GWHPACEH066813);
(GWHPACEI069035,(GLYMA_ZH13_16G142600_1_P,(W05_GLYSO_16G043873_1_P,(GWHPACEN065930,GWHPACDY068545))),GWHPACEH066813);
(GWHPACEI069035,(GLYMA_ZH13_16G142600_1_P,(W05_GLYSO_16G043873_1_P,(GWHPACEN065930,GWHPACDY068545))),GWHPACEH066813);
(GWHPACEI069035,(GLYMA_ZH13_16G142600_1_P,(W05_GLYSO_16G043873_1_P,(GWHPACEN065930,GWHPACDY068545))),GWHPACEH066813);
(GWHPACEI069035,(GLYMA_ZH13_16G142600_1_P,(W05_GLYSO_16G043873_1_P,(GWHPACEN065930,GWHPACDY068545))),GWHPACEH066813);
(GWHPACEI069035,((W05_GLYSO_16G043873_1_P,(GWHPACEN065930,GWHPACDY068545)),GLYMA_ZH13_16G142600_1_P),GWHPACEH066813);
(GWHPACEI069035,((W05_GLYSO_16G043873_1_P,(GWHPACEN065930,GWHPACDY068545)),GLYMA_ZH13_16G142600_1_P),GWHPACEH066813);
(GWHPACEI069035,((W05_GLYSO_16G043873_1_P,(GWHPACEN065930,GWHPACDY068545)),GLYMA_ZH13_16G142600_1_P),GWHPACEH066813);
(GWHPACEI069035,((W05_GLYSO_16G043873_1_P,(GWHPACEN065930,GWHPACDY068545)),GLYMA_ZH13_16G142600_1_P),GWHPACEH066813);
(GWHPACEI069035,((W05_GLYSO_16G043873_1_P,(GWHPACEN065930,GWHPACDY068545)),GLYMA_ZH13_16G142600_1_P),GWHPACEH066813);
(GWHPACEI069035,((W05_GLYSO_16G043873_1_P,(GWHPACEN065930,GWHPACDY068545)),GLYMA_ZH13_16G142600_1_P),GWHPACEH066813);
(GWHPACEI069035,((W05_GLYSO_16G043873_1_P,(GWHPACEN065930,GWHPACDY068545)),GLYMA_ZH13_16G142600_1_P),GWHPACEH066813);
(GWHPACEI069035,((W05_GLYSO_16G043873_1_P,(GWHPACEN065930,GWHPACDY068545)),GLYMA_ZH13_16G142600_1_P),GWHPACEH066813);
(GWHPACEI069035,((W05_GLYSO_16G043873_1_P,(GWHPACEN065930,GWHPACDY068545)),GLYMA_ZH13_16G142600_1_P),GWHPACEH066813);
(GWHPACEI069035,((W05_GLYSO_16G043873_1_P,(GWHPACEN065930,GWHPACDY068545)),GLYMA_ZH13_16G142600_1_P),GWHPACEH066813);
(((W05_GLYSO_16G043873_1_P,(GWHPACEN065930,GWHPACDY068545)),GLYMA_ZH13_16G142600_1_P),GWHPACEI069035,GWHPACEH066813);
(((W05_GLYSO_16G043873_1_P,(GWHPACEN065930,GWHPACDY068545)),GLYMA_ZH13_16G142600_1_P),GWHPACEI069035,GWHPACEH066813);
(((W05_GLYSO_16G043873_1_P,(GWHPACEN065930,GWHPACDY068545)),GLYMA_ZH13_16G142600_1_P),GWHPACEI069035,GWHPACEH066813);
(((W05_GLYSO_16G043873_1_P,(GWHPACEN065930,GWHPACDY068545)),GLYMA_ZH13_16G142600_1_P),GWHPACEI069035,GWHPACEH066813);
(((W05_GLYSO_16G043873_1_P,(GWHPACEN065930,GWHPACDY068545)),GLYMA_ZH13_16G142600_1_P),GWHPACEI069035,GWHPACEH066813);
(((W05_GLYSO_16G043873_1_P,(GWHPACEN065930,GWHPACDY068545)),GLYMA_ZH13_16G142600_1_P),GWHPACEI069035,GWHPACEH066813);
(((W05_GLYSO_16G043873_1_P,(GWHPACEN065930,GWHPACDY068545)),GLYMA_ZH13_16G142600_1_P),GWHPACEI069035,GWHPACEH066813);
(((W05_GLYSO_16G043873_1_P,(GWHPACEN065930,GWHPACDY068545)),GLYMA_ZH13_16G142600_1_P),GWHPACEI069035,GWHPACEH066813);
(((W05_GLYSO_16G043873_1_P,(GWHPACEN065930,GWHPACDY068545)),GLYMA_ZH13_16G142600_1_P),GWHPACEI069035,GWHPACEH066813);
(((W05_GLYSO_16G043873_1_P,(GWHPACEN065930,GWHPACDY068545)),GLYMA_ZH13_16G142600_1_P),GWHPACEI069035,GWHPACEH066813);
(GWHPACEI069035,(GLYMA_ZH13_16G142600_1_P,(W05_GLYSO_16G043873_1_P,(GWHPACEN065930,GWHPACDY068545))),GWHPACEH066813);
(GWHPACEI069035,((GLYMA_ZH13_16G142600_1_P,(GWHPACEN065930,GWHPACDY068545)),W05_GLYSO_16G043873_1_P),GWHPACEH066813);
(GWHPACEI069035,(GLYMA_ZH13_16G142600_1_P,((GWHPACEN065930,GWHPACDY068545),W05_GLYSO_16G043873_1_P)),GWHPACEH066813);
(GWHPACEI069035,(GLYMA_ZH13_16G142600_1_P,((GWHPACEN065930,GWHPACDY068545),W05_GLYSO_16G043873_1_P)),GWHPACEH066813);
(GWHPACEI069035,(GLYMA_ZH13_16G142600_1_P,((GWHPACEN065930,GWHPACDY068545),W05_GLYSO_16G043873_1_P)),GWHPACEH066813);
(GWHPACEI069035,((GLYMA_ZH13_16G142600_1_P,(GWHPACEN065930,GWHPACDY068545)),W05_GLYSO_16G043873_1_P),GWHPACEH066813);
(GWHPACEI069035,((GLYMA_ZH13_16G142600_1_P,(GWHPACEN065930,GWHPACDY068545)),W05_GLYSO_16G043873_1_P),GWHPACEH066813);
(GWHPACEI069035,(GLYMA_ZH13_16G142600_1_P,((W05_GLYSO_16G043873_1_P,GWHPACEN065930),GWHPACDY068545)),GWHPACEH066813);
(GWHPACEI069035,(GLYMA_ZH13_16G142600_1_P,((W05_GLYSO_16G043873_1_P,GWHPACEN065930),GWHPACDY068545)),GWHPACEH066813);
(GWHPACEI069035,(GLYMA_ZH13_16G142600_1_P,((W05_GLYSO_16G043873_1_P,GWHPACEN065930),GWHPACDY068545)),GWHPACEH066813);
(GWHPACEI069035,(GLYMA_ZH13_16G142600_1_P,(GWHPACDY068545,(W05_GLYSO_16G043873_1_P,GWHPACEN065930))),GWHPACEH066813);
(GWHPACEI069035,((GLYMA_ZH13_16G142600_1_P,(GWHPACDY068545,GWHPACEN065930)),W05_GLYSO_16G043873_1_P),GWHPACEH066813);
(GWHPACEI069035,((GLYMA_ZH13_16G142600_1_P,(GWHPACDY068545,GWHPACEN065930)),W05_GLYSO_16G043873_1_P),GWHPACEH066813);
(GWHPACEI069035,(GLYMA_ZH13_16G142600_1_P,((GWHPACDY068545,GWHPACEN065930),W05_GLYSO_16G043873_1_P)),GWHPACEH066813);
(GWHPACEI069035,(GLYMA_ZH13_16G142600_1_P,((GWHPACDY068545,GWHPACEN065930),W05_GLYSO_16G043873_1_P)),GWHPACEH066813);
(GWHPACEI069035,(GLYMA_ZH13_16G142600_1_P,((GWHPACDY068545,GWHPACEN065930),W05_GLYSO_16G043873_1_P)),GWHPACEH066813);
(GWHPACEI069035,(GLYMA_ZH13_16G142600_1_P,((GWHPACDY068545,GWHPACEN065930),W05_GLYSO_16G043873_1_P)),GWHPACEH066813);
(GWHPACEI069035,(GLYMA_ZH13_16G142600_1_P,((GWHPACDY068545,GWHPACEN065930),W05_GLYSO_16G043873_1_P)),GWHPACEH066813);
(GWHPACEI069035,(GLYMA_ZH13_16G142600_1_P,((GWHPACDY068545,GWHPACEN065930),W05_GLYSO_16G043873_1_P)),GWHPACEH066813);
(GWHPACEI069035,(GLYMA_ZH13_16G142600_1_P,((GWHPACDY068545,GWHPACEN065930),W05_GLYSO_16G043873_1_P)),GWHPACEH066813);
