

IMPORTANT WARNING: Sequences 6939_T339-R1 and 6909_T306-R1 are exactly identical


IMPORTANT WARNING: Sequences 6899_T327-R1 and 9784_T393-R1 are exactly identical


IMPORTANT WARNING: Sequences 6899_T327-R1 and 7322_T349-R1 are exactly identical

IMPORTANT WARNING
Found 3 sequences that are exactly identical to other sequences in the alignment.
Normally they should be excluded from the analysis.

Just in case you might need it, an alignment file with 
sequence duplicates removed is printed to file ../../RAxML_tree_pbNB-ARC/Initial_Clades/Int9086_14.afa.reduced


This is RAxML version 8.2.12 released by Alexandros Stamatakis on May 2018.

With greatly appreciated code contributions by:
Andre Aberer      (HITS)
Simon Berger      (HITS)
Alexey Kozlov     (HITS)
Kassian Kobert    (HITS)
David Dao         (KIT and HITS)
Sarah Lutteropp   (KIT and HITS)
Nick Pattengale   (Sandia)
Wayne Pfeiffer    (SDSC)
Akifumi S. Tanabe (NRIFS)
Charlie Taylor    (UF)


Alignment has 101 distinct alignment patterns

Proportion of gaps and completely undetermined characters in this alignment: 6.26%

RAxML rapid bootstrapping and subsequent ML search

Using 1 distinct models/data partitions with joint branch length optimization



Executing 100 rapid bootstrap inferences and thereafter a thorough ML search 

All free model parameters will be estimated by RAxML
ML estimate of 25 per site rate categories

Likelihood of final tree will be evaluated and optimized under GAMMA

GAMMA Model parameters will be estimated up to an accuracy of 0.1000000000 Log Likelihood units

Partition: 0
Alignment Patterns: 101
Name: No Name Provided
DataType: AA
Substitution Matrix: JTT
Using fixed base frequencies




RAxML was called as follows:

/Users/prigozhin/Installers/standard-RAxML/raxmlHPC-PTHREADS-AVX -T 2 -n Int9086_14.Raxml.out -f a -x 12345 -p 12345 -# 100 -m PROTCATJTT -s ../../RAxML_tree_pbNB-ARC/Initial_Clades/Int9086_14.afa 



Time for BS model parameter optimization 0.166379
Bootstrap[0]: Time 0.221648 seconds, bootstrap likelihood -3563.271023, best rearrangement setting 13
Bootstrap[1]: Time 0.065478 seconds, bootstrap likelihood -3588.669057, best rearrangement setting 13
Bootstrap[2]: Time 0.061140 seconds, bootstrap likelihood -3580.644951, best rearrangement setting 12
Bootstrap[3]: Time 0.064281 seconds, bootstrap likelihood -3592.297375, best rearrangement setting 15
Bootstrap[4]: Time 0.079529 seconds, bootstrap likelihood -3561.107413, best rearrangement setting 10
Bootstrap[5]: Time 0.093228 seconds, bootstrap likelihood -3615.692847, best rearrangement setting 10
Bootstrap[6]: Time 0.061904 seconds, bootstrap likelihood -3544.455422, best rearrangement setting 6
Bootstrap[7]: Time 0.054669 seconds, bootstrap likelihood -3582.717303, best rearrangement setting 14
Bootstrap[8]: Time 0.064572 seconds, bootstrap likelihood -3593.138949, best rearrangement setting 5
Bootstrap[9]: Time 0.077403 seconds, bootstrap likelihood -3609.271465, best rearrangement setting 7
Bootstrap[10]: Time 0.057672 seconds, bootstrap likelihood -3581.735275, best rearrangement setting 7
Bootstrap[11]: Time 0.058207 seconds, bootstrap likelihood -3547.265160, best rearrangement setting 5
Bootstrap[12]: Time 0.083179 seconds, bootstrap likelihood -3567.279528, best rearrangement setting 8
Bootstrap[13]: Time 0.066208 seconds, bootstrap likelihood -3565.934805, best rearrangement setting 7
Bootstrap[14]: Time 0.065636 seconds, bootstrap likelihood -3588.960397, best rearrangement setting 12
Bootstrap[15]: Time 0.162499 seconds, bootstrap likelihood -3534.914575, best rearrangement setting 15
Bootstrap[16]: Time 0.064135 seconds, bootstrap likelihood -3581.852048, best rearrangement setting 12
Bootstrap[17]: Time 0.102181 seconds, bootstrap likelihood -3576.312211, best rearrangement setting 12
Bootstrap[18]: Time 0.054166 seconds, bootstrap likelihood -3546.252637, best rearrangement setting 5
Bootstrap[19]: Time 0.048735 seconds, bootstrap likelihood -3567.121698, best rearrangement setting 8
Bootstrap[20]: Time 0.061412 seconds, bootstrap likelihood -3581.809727, best rearrangement setting 10
Bootstrap[21]: Time 0.073714 seconds, bootstrap likelihood -3638.328586, best rearrangement setting 6
Bootstrap[22]: Time 0.049184 seconds, bootstrap likelihood -3631.957262, best rearrangement setting 5
Bootstrap[23]: Time 0.053821 seconds, bootstrap likelihood -3605.551651, best rearrangement setting 7
Bootstrap[24]: Time 0.129310 seconds, bootstrap likelihood -3581.935221, best rearrangement setting 8
Bootstrap[25]: Time 0.149671 seconds, bootstrap likelihood -3609.373783, best rearrangement setting 6
Bootstrap[26]: Time 0.121165 seconds, bootstrap likelihood -3548.268242, best rearrangement setting 12
Bootstrap[27]: Time 0.091154 seconds, bootstrap likelihood -3541.578181, best rearrangement setting 10
Bootstrap[28]: Time 0.051342 seconds, bootstrap likelihood -3649.134888, best rearrangement setting 11
Bootstrap[29]: Time 0.144327 seconds, bootstrap likelihood -3579.189646, best rearrangement setting 12
Bootstrap[30]: Time 0.053396 seconds, bootstrap likelihood -3570.095188, best rearrangement setting 15
Bootstrap[31]: Time 0.052145 seconds, bootstrap likelihood -3540.503562, best rearrangement setting 15
Bootstrap[32]: Time 0.067310 seconds, bootstrap likelihood -3571.511495, best rearrangement setting 6
Bootstrap[33]: Time 0.048593 seconds, bootstrap likelihood -3605.652925, best rearrangement setting 15
Bootstrap[34]: Time 0.144557 seconds, bootstrap likelihood -3512.670157, best rearrangement setting 11
Bootstrap[35]: Time 0.064990 seconds, bootstrap likelihood -3546.656322, best rearrangement setting 8
Bootstrap[36]: Time 0.135917 seconds, bootstrap likelihood -3551.224658, best rearrangement setting 9
Bootstrap[37]: Time 0.048565 seconds, bootstrap likelihood -3579.799813, best rearrangement setting 11
Bootstrap[38]: Time 0.050993 seconds, bootstrap likelihood -3654.281617, best rearrangement setting 8
Bootstrap[39]: Time 0.071122 seconds, bootstrap likelihood -3637.359636, best rearrangement setting 13
Bootstrap[40]: Time 0.044790 seconds, bootstrap likelihood -3571.698576, best rearrangement setting 13
Bootstrap[41]: Time 0.128524 seconds, bootstrap likelihood -3622.071562, best rearrangement setting 10
Bootstrap[42]: Time 0.081592 seconds, bootstrap likelihood -3530.191808, best rearrangement setting 5
Bootstrap[43]: Time 0.113346 seconds, bootstrap likelihood -3567.916476, best rearrangement setting 14
Bootstrap[44]: Time 0.135291 seconds, bootstrap likelihood -3598.432521, best rearrangement setting 10
Bootstrap[45]: Time 0.068881 seconds, bootstrap likelihood -3563.344007, best rearrangement setting 15
Bootstrap[46]: Time 0.087723 seconds, bootstrap likelihood -3535.909054, best rearrangement setting 14
Bootstrap[47]: Time 0.066671 seconds, bootstrap likelihood -3555.441298, best rearrangement setting 8
Bootstrap[48]: Time 0.068770 seconds, bootstrap likelihood -3565.014960, best rearrangement setting 6
Bootstrap[49]: Time 0.124980 seconds, bootstrap likelihood -3592.601683, best rearrangement setting 7
Bootstrap[50]: Time 0.070118 seconds, bootstrap likelihood -3611.993046, best rearrangement setting 7
Bootstrap[51]: Time 0.048333 seconds, bootstrap likelihood -3590.241613, best rearrangement setting 11
Bootstrap[52]: Time 0.051384 seconds, bootstrap likelihood -3549.809452, best rearrangement setting 12
Bootstrap[53]: Time 0.191337 seconds, bootstrap likelihood -3537.447991, best rearrangement setting 8
Bootstrap[54]: Time 0.120847 seconds, bootstrap likelihood -3587.374262, best rearrangement setting 9
Bootstrap[55]: Time 0.079863 seconds, bootstrap likelihood -3588.018149, best rearrangement setting 11
Bootstrap[56]: Time 0.054090 seconds, bootstrap likelihood -3594.308754, best rearrangement setting 5
Bootstrap[57]: Time 0.050532 seconds, bootstrap likelihood -3567.732888, best rearrangement setting 7
Bootstrap[58]: Time 0.067602 seconds, bootstrap likelihood -3615.578032, best rearrangement setting 10
Bootstrap[59]: Time 0.057818 seconds, bootstrap likelihood -3600.285635, best rearrangement setting 9
Bootstrap[60]: Time 0.139227 seconds, bootstrap likelihood -3568.176056, best rearrangement setting 7
Bootstrap[61]: Time 0.116223 seconds, bootstrap likelihood -3586.692492, best rearrangement setting 5
Bootstrap[62]: Time 0.080179 seconds, bootstrap likelihood -3570.394958, best rearrangement setting 11
Bootstrap[63]: Time 0.127254 seconds, bootstrap likelihood -3544.209786, best rearrangement setting 12
Bootstrap[64]: Time 0.104866 seconds, bootstrap likelihood -3618.586616, best rearrangement setting 7
Bootstrap[65]: Time 0.161419 seconds, bootstrap likelihood -3569.928040, best rearrangement setting 5
Bootstrap[66]: Time 0.095514 seconds, bootstrap likelihood -3618.859155, best rearrangement setting 5
Bootstrap[67]: Time 0.097732 seconds, bootstrap likelihood -3552.736477, best rearrangement setting 15
Bootstrap[68]: Time 0.118696 seconds, bootstrap likelihood -3558.793585, best rearrangement setting 11
Bootstrap[69]: Time 0.058695 seconds, bootstrap likelihood -3568.012720, best rearrangement setting 5
Bootstrap[70]: Time 0.046894 seconds, bootstrap likelihood -3568.365251, best rearrangement setting 8
Bootstrap[71]: Time 0.047644 seconds, bootstrap likelihood -3589.450909, best rearrangement setting 10
Bootstrap[72]: Time 0.069649 seconds, bootstrap likelihood -3563.529679, best rearrangement setting 11
Bootstrap[73]: Time 0.045584 seconds, bootstrap likelihood -3563.579189, best rearrangement setting 9
Bootstrap[74]: Time 0.060845 seconds, bootstrap likelihood -3574.090686, best rearrangement setting 5
Bootstrap[75]: Time 0.048578 seconds, bootstrap likelihood -3557.007872, best rearrangement setting 8
Bootstrap[76]: Time 0.129650 seconds, bootstrap likelihood -3575.808305, best rearrangement setting 9
Bootstrap[77]: Time 0.114757 seconds, bootstrap likelihood -3582.010361, best rearrangement setting 11
Bootstrap[78]: Time 0.137706 seconds, bootstrap likelihood -3562.676544, best rearrangement setting 15
Bootstrap[79]: Time 0.107833 seconds, bootstrap likelihood -3546.349184, best rearrangement setting 9
Bootstrap[80]: Time 0.066771 seconds, bootstrap likelihood -3559.508695, best rearrangement setting 15
Bootstrap[81]: Time 0.050014 seconds, bootstrap likelihood -3583.454344, best rearrangement setting 7
Bootstrap[82]: Time 0.069005 seconds, bootstrap likelihood -3547.041839, best rearrangement setting 6
Bootstrap[83]: Time 0.064822 seconds, bootstrap likelihood -3597.389578, best rearrangement setting 10
Bootstrap[84]: Time 0.133024 seconds, bootstrap likelihood -3637.979439, best rearrangement setting 11
Bootstrap[85]: Time 0.098161 seconds, bootstrap likelihood -3565.405422, best rearrangement setting 8
Bootstrap[86]: Time 0.070084 seconds, bootstrap likelihood -3562.315154, best rearrangement setting 7
Bootstrap[87]: Time 0.048594 seconds, bootstrap likelihood -3569.627576, best rearrangement setting 7
Bootstrap[88]: Time 0.118208 seconds, bootstrap likelihood -3513.593777, best rearrangement setting 12
Bootstrap[89]: Time 0.100710 seconds, bootstrap likelihood -3596.899136, best rearrangement setting 10
Bootstrap[90]: Time 0.049625 seconds, bootstrap likelihood -3588.047794, best rearrangement setting 8
Bootstrap[91]: Time 0.049261 seconds, bootstrap likelihood -3631.627717, best rearrangement setting 12
Bootstrap[92]: Time 0.125628 seconds, bootstrap likelihood -3551.388854, best rearrangement setting 13
Bootstrap[93]: Time 0.105501 seconds, bootstrap likelihood -3559.828603, best rearrangement setting 15
Bootstrap[94]: Time 0.092506 seconds, bootstrap likelihood -3554.078912, best rearrangement setting 5
Bootstrap[95]: Time 0.052742 seconds, bootstrap likelihood -3562.226104, best rearrangement setting 5
Bootstrap[96]: Time 0.067011 seconds, bootstrap likelihood -3573.129978, best rearrangement setting 13
Bootstrap[97]: Time 0.090639 seconds, bootstrap likelihood -3570.832888, best rearrangement setting 11
Bootstrap[98]: Time 0.050864 seconds, bootstrap likelihood -3573.156703, best rearrangement setting 6
Bootstrap[99]: Time 0.044130 seconds, bootstrap likelihood -3612.794939, best rearrangement setting 14


Overall Time for 100 Rapid Bootstraps 8.457853 seconds
Average Time per Rapid Bootstrap 0.084579 seconds

Starting ML Search ...

Fast ML optimization finished

Fast ML search Time: 3.464551 seconds

Slow ML Search 0 Likelihood: -3664.612927
Slow ML Search 1 Likelihood: -3664.612927
Slow ML Search 2 Likelihood: -3664.612862
Slow ML Search 3 Likelihood: -3664.612862
Slow ML Search 4 Likelihood: -3664.612928
Slow ML Search 5 Likelihood: -3664.612863
Slow ML Search 6 Likelihood: -3664.612863
Slow ML Search 7 Likelihood: -3664.612863
Slow ML Search 8 Likelihood: -3664.612864
Slow ML Search 9 Likelihood: -3664.612865
Slow ML optimization finished

Slow ML search Time: 1.347842 seconds
Thorough ML search Time: 0.216449 seconds

Final ML Optimization Likelihood: -3664.612605

Model Information:

Model Parameters of Partition 0, Name: No Name Provided, Type of Data: AA
alpha: 0.020000
Tree-Length: 0.016070
rate A <-> R: 0.603538
rate A <-> N: 0.561915
rate A <-> D: 0.842872
rate A <-> C: 0.582726
rate A <-> Q: 0.593132
rate A <-> E: 1.092612
rate A <-> G: 1.862643
rate A <-> H: 0.280957
rate A <-> I: 0.374610
rate A <-> L: 0.312175
rate A <-> K: 0.364204
rate A <-> M: 0.561915
rate A <-> F: 0.156087
rate A <-> P: 2.018730
rate A <-> S: 3.933403
rate A <-> T: 4.942768
rate A <-> W: 0.093652
rate A <-> Y: 0.114464
rate A <-> V: 3.100937
rate R <-> N: 0.468262
rate R <-> D: 0.166493
rate R <-> C: 1.175858
rate R <-> Q: 3.225806
rate R <-> E: 0.301769
rate R <-> G: 1.425598
rate R <-> H: 3.413111
rate R <-> I: 0.228928
rate R <-> L: 0.395421
rate R <-> K: 6.722164
rate R <-> M: 0.457856
rate R <-> F: 0.052029
rate R <-> P: 0.770031
rate R <-> S: 1.050989
rate R <-> T: 0.665973
rate R <-> W: 1.311134
rate R <-> Y: 0.208117
rate R <-> V: 0.176899
rate N <-> D: 5.494277
rate N <-> C: 0.353798
rate N <-> Q: 0.894901
rate N <-> E: 0.603538
rate N <-> G: 0.842872
rate N <-> H: 4.068678
rate N <-> I: 0.489074
rate N <-> L: 0.124870
rate N <-> K: 2.736733
rate N <-> M: 0.312175
rate N <-> F: 0.104058
rate N <-> P: 0.156087
rate N <-> S: 5.234131
rate N <-> T: 2.414152
rate N <-> W: 0.083247
rate N <-> Y: 0.728408
rate N <-> V: 0.166493
rate D <-> C: 0.104058
rate D <-> Q: 0.509886
rate D <-> E: 7.981270
rate D <-> G: 1.352758
rate D <-> H: 1.165453
rate D <-> I: 0.114464
rate D <-> L: 0.072841
rate D <-> K: 0.270552
rate D <-> M: 0.156087
rate D <-> F: 0.041623
rate D <-> P: 0.156087
rate D <-> S: 0.613944
rate D <-> T: 0.395421
rate D <-> W: 0.041623
rate D <-> Y: 0.478668
rate D <-> V: 0.322581
rate C <-> Q: 0.093652
rate C <-> E: 0.052029
rate C <-> G: 0.613944
rate C <-> H: 0.718002
rate C <-> I: 0.176899
rate C <-> L: 0.239334
rate C <-> K: 0.072841
rate C <-> M: 0.322581
rate C <-> F: 0.811655
rate C <-> P: 0.145682
rate C <-> S: 2.320499
rate C <-> T: 0.437045
rate C <-> W: 1.196670
rate C <-> Y: 2.174818
rate C <-> V: 0.645161
rate Q <-> E: 3.361082
rate Q <-> G: 0.270552
rate Q <-> H: 6.212279
rate Q <-> I: 0.093652
rate Q <-> L: 0.749220
rate Q <-> K: 3.038502
rate Q <-> M: 0.447451
rate Q <-> F: 0.041623
rate Q <-> P: 1.706556
rate Q <-> S: 0.551509
rate Q <-> T: 0.530697
rate Q <-> W: 0.187305
rate Q <-> Y: 0.249740
rate Q <-> V: 0.208117
rate E <-> G: 1.238293
rate E <-> H: 0.270552
rate E <-> I: 0.124870
rate E <-> L: 0.093652
rate E <-> K: 1.883455
rate E <-> M: 0.187305
rate E <-> F: 0.052029
rate E <-> P: 0.187305
rate E <-> S: 0.312175
rate E <-> T: 0.332986
rate E <-> W: 0.104058
rate E <-> Y: 0.072841
rate E <-> V: 0.468262
rate G <-> H: 0.239334
rate G <-> I: 0.062435
rate G <-> L: 0.062435
rate G <-> K: 0.280957
rate G <-> M: 0.145682
rate G <-> F: 0.052029
rate G <-> P: 0.249740
rate G <-> S: 2.091571
rate G <-> T: 0.343392
rate G <-> W: 0.572320
rate G <-> Y: 0.083247
rate G <-> V: 0.489074
rate H <-> I: 0.166493
rate H <-> L: 0.582726
rate H <-> K: 0.468262
rate H <-> M: 0.343392
rate H <-> F: 0.416233
rate H <-> P: 1.196670
rate H <-> S: 0.759625
rate H <-> T: 0.478668
rate H <-> W: 0.083247
rate H <-> Y: 5.962539
rate H <-> V: 0.114464
rate I <-> L: 2.382934
rate I <-> K: 0.218522
rate I <-> M: 4.984391
rate I <-> F: 0.926119
rate I <-> P: 0.104058
rate I <-> S: 0.416233
rate I <-> T: 2.549428
rate I <-> W: 0.093652
rate I <-> Y: 0.332986
rate I <-> V: 10.000000
rate L <-> K: 0.145682
rate L <-> M: 4.037461
rate L <-> F: 2.580645
rate L <-> P: 1.061394
rate L <-> S: 0.613944
rate L <-> T: 0.260146
rate L <-> W: 0.541103
rate L <-> Y: 0.249740
rate L <-> V: 1.873049
rate K <-> M: 0.676379
rate K <-> F: 0.041623
rate K <-> P: 0.218522
rate K <-> S: 0.489074
rate K <-> T: 1.071800
rate K <-> W: 0.104058
rate K <-> Y: 0.083247
rate K <-> V: 0.145682
rate M <-> F: 0.447451
rate M <-> P: 0.166493
rate M <-> S: 0.301769
rate M <-> T: 2.351717
rate M <-> W: 0.249740
rate M <-> Y: 0.187305
rate M <-> V: 3.361082
rate F <-> P: 0.176899
rate F <-> S: 0.957336
rate F <-> T: 0.124870
rate F <-> W: 0.551509
rate F <-> Y: 5.577523
rate F <-> V: 0.645161
rate P <-> S: 2.965661
rate P <-> T: 1.227888
rate P <-> W: 0.062435
rate P <-> Y: 0.104058
rate P <-> V: 0.239334
rate S <-> T: 4.963580
rate S <-> W: 0.364204
rate S <-> Y: 0.655567
rate S <-> V: 0.395421
rate T <-> W: 0.124870
rate T <-> Y: 0.218522
rate T <-> V: 1.165453
rate W <-> Y: 0.738814
rate W <-> V: 0.260146
rate Y <-> V: 0.166493

freq pi(A): 0.076748
freq pi(R): 0.051691
freq pi(N): 0.042645
freq pi(D): 0.051544
freq pi(C): 0.019803
freq pi(Q): 0.040752
freq pi(E): 0.061830
freq pi(G): 0.073152
freq pi(H): 0.022944
freq pi(I): 0.053761
freq pi(L): 0.091904
freq pi(K): 0.058676
freq pi(M): 0.023826
freq pi(F): 0.040126
freq pi(P): 0.050901
freq pi(S): 0.068765
freq pi(T): 0.058565
freq pi(W): 0.014261
freq pi(Y): 0.032102
freq pi(V): 0.066004


ML search took 5.063622 secs or 0.001407 hours

Combined Bootstrap and ML search took 13.521744 secs or 0.003756 hours

Drawing Bootstrap Support Values on best-scoring ML tree ...



Found 1 tree in File /Users/prigozhin/Dropbox/NLRomes/Atha_SnkMk_NLRome/RAxML_tree_pbNB-ARC/Initial_Clades/RAxML_bestTree.Int9086_14.Raxml.out



Found 1 tree in File /Users/prigozhin/Dropbox/NLRomes/Atha_SnkMk_NLRome/RAxML_tree_pbNB-ARC/Initial_Clades/RAxML_bestTree.Int9086_14.Raxml.out

Program execution info written to /Users/prigozhin/Dropbox/NLRomes/Atha_SnkMk_NLRome/RAxML_tree_pbNB-ARC/Initial_Clades/RAxML_info.Int9086_14.Raxml.out
All 100 bootstrapped trees written to: /Users/prigozhin/Dropbox/NLRomes/Atha_SnkMk_NLRome/RAxML_tree_pbNB-ARC/Initial_Clades/RAxML_bootstrap.Int9086_14.Raxml.out

Best-scoring ML tree written to: /Users/prigozhin/Dropbox/NLRomes/Atha_SnkMk_NLRome/RAxML_tree_pbNB-ARC/Initial_Clades/RAxML_bestTree.Int9086_14.Raxml.out

Best-scoring ML tree with support values written to: /Users/prigozhin/Dropbox/NLRomes/Atha_SnkMk_NLRome/RAxML_tree_pbNB-ARC/Initial_Clades/RAxML_bipartitions.Int9086_14.Raxml.out

Best-scoring ML tree with support values as branch labels written to: /Users/prigozhin/Dropbox/NLRomes/Atha_SnkMk_NLRome/RAxML_tree_pbNB-ARC/Initial_Clades/RAxML_bipartitionsBranchLabels.Int9086_14.Raxml.out

Overall execution time for full ML analysis: 13.525116 secs or 0.003757 hours or 0.000157 days

