

IMPORTANT WARNING: Sequences 9134_T203-R1 and 9610_T185-R1 are exactly identical


IMPORTANT WARNING: Sequences 9134_T203-R1 and 7396_T173-R1 are exactly identical


IMPORTANT WARNING: Sequences ATHALIANA_AT5G45230_1 and 6909_T004-R1 are exactly identical


IMPORTANT WARNING: Sequences 9721_T212-R1 and 9100_T256-R1 are exactly identical


IMPORTANT WARNING: Sequences 6924_T208-R1 and 9536_T155-R1 are exactly identical


IMPORTANT WARNING: Sequences 6924_T208-R1 and 108_T236-R1 are exactly identical


IMPORTANT WARNING: Sequences 9784_T169-R1 and 9792_T277-R1 are exactly identical


IMPORTANT WARNING: Sequences 9784_T169-R1 and 9537_T211-R1 are exactly identical


IMPORTANT WARNING: Sequences 9784_T169-R1 and 9669_T202-R1 are exactly identical


IMPORTANT WARNING: Sequences 9784_T189-R1 and 7396_T040-R1 are exactly identical


IMPORTANT WARNING: Sequences 9784_T189-R1 and 5784_T013-R1 are exactly identical

IMPORTANT WARNING
Found 11 sequences that are exactly identical to other sequences in the alignment.
Normally they should be excluded from the analysis.

Just in case you might need it, an alignment file with 
sequence duplicates removed is printed to file ../../RAxML_tree_pbNB-ARC/Initial_Clades/Int14006_29.afa.reduced


This is RAxML version 8.2.12 released by Alexandros Stamatakis on May 2018.

With greatly appreciated code contributions by:
Andre Aberer      (HITS)
Simon Berger      (HITS)
Alexey Kozlov     (HITS)
Kassian Kobert    (HITS)
David Dao         (KIT and HITS)
Sarah Lutteropp   (KIT and HITS)
Nick Pattengale   (Sandia)
Wayne Pfeiffer    (SDSC)
Akifumi S. Tanabe (NRIFS)
Charlie Taylor    (UF)


Alignment has 447 distinct alignment patterns

Proportion of gaps and completely undetermined characters in this alignment: 9.44%

RAxML rapid bootstrapping and subsequent ML search

Using 1 distinct models/data partitions with joint branch length optimization



Executing 100 rapid bootstrap inferences and thereafter a thorough ML search 

All free model parameters will be estimated by RAxML
ML estimate of 25 per site rate categories

Likelihood of final tree will be evaluated and optimized under GAMMA

GAMMA Model parameters will be estimated up to an accuracy of 0.1000000000 Log Likelihood units

Partition: 0
Alignment Patterns: 447
Name: No Name Provided
DataType: AA
Substitution Matrix: JTT
Using fixed base frequencies




RAxML was called as follows:

/Users/prigozhin/Installers/standard-RAxML/raxmlHPC-PTHREADS-AVX -T 2 -n Int14006_29.Raxml.out -f a -x 12345 -p 12345 -# 100 -m PROTCATJTT -s ../../RAxML_tree_pbNB-ARC/Initial_Clades/Int14006_29.afa 



Time for BS model parameter optimization 0.299098
Bootstrap[0]: Time 1.321177 seconds, bootstrap likelihood -5705.159968, best rearrangement setting 13
Bootstrap[1]: Time 1.085653 seconds, bootstrap likelihood -5759.528034, best rearrangement setting 13
Bootstrap[2]: Time 1.149618 seconds, bootstrap likelihood -5878.878614, best rearrangement setting 12
Bootstrap[3]: Time 1.688230 seconds, bootstrap likelihood -5914.117170, best rearrangement setting 15
Bootstrap[4]: Time 1.302305 seconds, bootstrap likelihood -5863.804185, best rearrangement setting 10
Bootstrap[5]: Time 1.549398 seconds, bootstrap likelihood -5924.628725, best rearrangement setting 10
Bootstrap[6]: Time 1.015613 seconds, bootstrap likelihood -5777.352735, best rearrangement setting 6
Bootstrap[7]: Time 1.064657 seconds, bootstrap likelihood -5740.820629, best rearrangement setting 14
Bootstrap[8]: Time 0.392907 seconds, bootstrap likelihood -5949.645514, best rearrangement setting 5
Bootstrap[9]: Time 1.200340 seconds, bootstrap likelihood -5954.378088, best rearrangement setting 7
Bootstrap[10]: Time 1.006406 seconds, bootstrap likelihood -5698.597027, best rearrangement setting 7
Bootstrap[11]: Time 0.811316 seconds, bootstrap likelihood -5760.499759, best rearrangement setting 5
Bootstrap[12]: Time 1.298348 seconds, bootstrap likelihood -5582.222722, best rearrangement setting 8
Bootstrap[13]: Time 0.924515 seconds, bootstrap likelihood -5755.210709, best rearrangement setting 7
Bootstrap[14]: Time 1.027321 seconds, bootstrap likelihood -5704.376449, best rearrangement setting 12
Bootstrap[15]: Time 1.003771 seconds, bootstrap likelihood -5943.701853, best rearrangement setting 15
Bootstrap[16]: Time 1.150571 seconds, bootstrap likelihood -5712.239433, best rearrangement setting 12
Bootstrap[17]: Time 1.344882 seconds, bootstrap likelihood -5772.453984, best rearrangement setting 12
Bootstrap[18]: Time 0.927200 seconds, bootstrap likelihood -5816.155291, best rearrangement setting 5
Bootstrap[19]: Time 1.263896 seconds, bootstrap likelihood -5963.722125, best rearrangement setting 8
Bootstrap[20]: Time 1.221680 seconds, bootstrap likelihood -5802.338600, best rearrangement setting 10
Bootstrap[21]: Time 1.165514 seconds, bootstrap likelihood -5835.655892, best rearrangement setting 6
Bootstrap[22]: Time 0.915749 seconds, bootstrap likelihood -5906.265630, best rearrangement setting 5
Bootstrap[23]: Time 1.129702 seconds, bootstrap likelihood -5947.147528, best rearrangement setting 7
Bootstrap[24]: Time 1.422867 seconds, bootstrap likelihood -5810.793599, best rearrangement setting 8
Bootstrap[25]: Time 0.947299 seconds, bootstrap likelihood -5784.767440, best rearrangement setting 6
Bootstrap[26]: Time 1.143954 seconds, bootstrap likelihood -5788.116407, best rearrangement setting 12
Bootstrap[27]: Time 1.301203 seconds, bootstrap likelihood -5816.203999, best rearrangement setting 10
Bootstrap[28]: Time 1.192609 seconds, bootstrap likelihood -5841.559939, best rearrangement setting 11
Bootstrap[29]: Time 0.996542 seconds, bootstrap likelihood -5698.606014, best rearrangement setting 12
Bootstrap[30]: Time 1.028973 seconds, bootstrap likelihood -5723.546255, best rearrangement setting 15
Bootstrap[31]: Time 1.160161 seconds, bootstrap likelihood -5794.373992, best rearrangement setting 15
Bootstrap[32]: Time 1.149178 seconds, bootstrap likelihood -5908.937314, best rearrangement setting 6
Bootstrap[33]: Time 1.044766 seconds, bootstrap likelihood -5672.785502, best rearrangement setting 15
Bootstrap[34]: Time 1.070849 seconds, bootstrap likelihood -5852.405180, best rearrangement setting 11
Bootstrap[35]: Time 1.099760 seconds, bootstrap likelihood -5893.781609, best rearrangement setting 8
Bootstrap[36]: Time 1.410158 seconds, bootstrap likelihood -5804.409054, best rearrangement setting 9
Bootstrap[37]: Time 1.466194 seconds, bootstrap likelihood -5803.300467, best rearrangement setting 11
Bootstrap[38]: Time 1.192629 seconds, bootstrap likelihood -5830.637303, best rearrangement setting 8
Bootstrap[39]: Time 1.204391 seconds, bootstrap likelihood -5830.497368, best rearrangement setting 13
Bootstrap[40]: Time 1.027661 seconds, bootstrap likelihood -5734.109930, best rearrangement setting 13
Bootstrap[41]: Time 1.294803 seconds, bootstrap likelihood -5846.444260, best rearrangement setting 10
Bootstrap[42]: Time 0.402753 seconds, bootstrap likelihood -5625.468890, best rearrangement setting 5
Bootstrap[43]: Time 1.042864 seconds, bootstrap likelihood -5831.692857, best rearrangement setting 14
Bootstrap[44]: Time 1.103709 seconds, bootstrap likelihood -5672.419987, best rearrangement setting 10
Bootstrap[45]: Time 1.151664 seconds, bootstrap likelihood -5777.544506, best rearrangement setting 15
Bootstrap[46]: Time 1.964849 seconds, bootstrap likelihood -5772.694472, best rearrangement setting 14
Bootstrap[47]: Time 1.002622 seconds, bootstrap likelihood -5955.402169, best rearrangement setting 8
Bootstrap[48]: Time 0.878283 seconds, bootstrap likelihood -5810.568836, best rearrangement setting 6
Bootstrap[49]: Time 0.907606 seconds, bootstrap likelihood -5825.108673, best rearrangement setting 7
Bootstrap[50]: Time 0.957422 seconds, bootstrap likelihood -5816.403582, best rearrangement setting 7
Bootstrap[51]: Time 1.097558 seconds, bootstrap likelihood -5769.366972, best rearrangement setting 11
Bootstrap[52]: Time 1.180313 seconds, bootstrap likelihood -5875.797601, best rearrangement setting 12
Bootstrap[53]: Time 1.499677 seconds, bootstrap likelihood -5791.021783, best rearrangement setting 8
Bootstrap[54]: Time 1.384585 seconds, bootstrap likelihood -5684.978328, best rearrangement setting 9
Bootstrap[55]: Time 1.198100 seconds, bootstrap likelihood -5771.848440, best rearrangement setting 11
Bootstrap[56]: Time 0.817566 seconds, bootstrap likelihood -5816.209332, best rearrangement setting 5
Bootstrap[57]: Time 1.033728 seconds, bootstrap likelihood -5800.482786, best rearrangement setting 7
Bootstrap[58]: Time 1.036616 seconds, bootstrap likelihood -5882.217232, best rearrangement setting 10
Bootstrap[59]: Time 0.942964 seconds, bootstrap likelihood -5819.998768, best rearrangement setting 9
Bootstrap[60]: Time 1.118497 seconds, bootstrap likelihood -5855.977778, best rearrangement setting 7
Bootstrap[61]: Time 0.969305 seconds, bootstrap likelihood -5706.074891, best rearrangement setting 5
Bootstrap[62]: Time 1.090570 seconds, bootstrap likelihood -5984.261957, best rearrangement setting 11
Bootstrap[63]: Time 0.380646 seconds, bootstrap likelihood -5753.332855, best rearrangement setting 12
Bootstrap[64]: Time 0.387332 seconds, bootstrap likelihood -5894.161747, best rearrangement setting 7
Bootstrap[65]: Time 0.868384 seconds, bootstrap likelihood -5994.503695, best rearrangement setting 5
Bootstrap[66]: Time 0.415229 seconds, bootstrap likelihood -5871.224841, best rearrangement setting 5
Bootstrap[67]: Time 1.606074 seconds, bootstrap likelihood -5804.406903, best rearrangement setting 15
Bootstrap[68]: Time 1.430704 seconds, bootstrap likelihood -5906.497363, best rearrangement setting 11
Bootstrap[69]: Time 0.578158 seconds, bootstrap likelihood -5784.299889, best rearrangement setting 5
Bootstrap[70]: Time 1.218185 seconds, bootstrap likelihood -5860.653735, best rearrangement setting 8
Bootstrap[71]: Time 1.285930 seconds, bootstrap likelihood -5610.008665, best rearrangement setting 10
Bootstrap[72]: Time 1.189213 seconds, bootstrap likelihood -5751.125004, best rearrangement setting 11
Bootstrap[73]: Time 1.032551 seconds, bootstrap likelihood -5736.428213, best rearrangement setting 9
Bootstrap[74]: Time 0.825378 seconds, bootstrap likelihood -5814.876073, best rearrangement setting 5
Bootstrap[75]: Time 1.026028 seconds, bootstrap likelihood -5844.209870, best rearrangement setting 8
Bootstrap[76]: Time 0.972026 seconds, bootstrap likelihood -5826.227715, best rearrangement setting 9
Bootstrap[77]: Time 1.074700 seconds, bootstrap likelihood -5835.115946, best rearrangement setting 11
Bootstrap[78]: Time 0.447451 seconds, bootstrap likelihood -5712.829889, best rearrangement setting 15
Bootstrap[79]: Time 1.042037 seconds, bootstrap likelihood -5654.080032, best rearrangement setting 9
Bootstrap[80]: Time 1.053130 seconds, bootstrap likelihood -6080.867503, best rearrangement setting 15
Bootstrap[81]: Time 0.934788 seconds, bootstrap likelihood -5914.350063, best rearrangement setting 7
Bootstrap[82]: Time 0.989926 seconds, bootstrap likelihood -5857.236323, best rearrangement setting 6
Bootstrap[83]: Time 1.277584 seconds, bootstrap likelihood -5844.811872, best rearrangement setting 10
Bootstrap[84]: Time 0.402374 seconds, bootstrap likelihood -5953.196440, best rearrangement setting 11
Bootstrap[85]: Time 1.085336 seconds, bootstrap likelihood -5847.773261, best rearrangement setting 8
Bootstrap[86]: Time 1.240198 seconds, bootstrap likelihood -5707.201555, best rearrangement setting 7
Bootstrap[87]: Time 0.623219 seconds, bootstrap likelihood -5733.700831, best rearrangement setting 7
Bootstrap[88]: Time 1.402955 seconds, bootstrap likelihood -5857.530499, best rearrangement setting 12
Bootstrap[89]: Time 1.112706 seconds, bootstrap likelihood -5874.828648, best rearrangement setting 10
Bootstrap[90]: Time 1.111436 seconds, bootstrap likelihood -5857.967326, best rearrangement setting 8
Bootstrap[91]: Time 1.102605 seconds, bootstrap likelihood -5861.391571, best rearrangement setting 12
Bootstrap[92]: Time 1.168349 seconds, bootstrap likelihood -5883.542339, best rearrangement setting 13
Bootstrap[93]: Time 1.218866 seconds, bootstrap likelihood -5673.428599, best rearrangement setting 15
Bootstrap[94]: Time 0.808477 seconds, bootstrap likelihood -5746.143385, best rearrangement setting 5
Bootstrap[95]: Time 0.907401 seconds, bootstrap likelihood -5679.042629, best rearrangement setting 5
Bootstrap[96]: Time 0.986306 seconds, bootstrap likelihood -5787.792430, best rearrangement setting 13
Bootstrap[97]: Time 1.175605 seconds, bootstrap likelihood -5875.906661, best rearrangement setting 11
Bootstrap[98]: Time 0.419479 seconds, bootstrap likelihood -5885.486585, best rearrangement setting 6
Bootstrap[99]: Time 1.077278 seconds, bootstrap likelihood -5704.176211, best rearrangement setting 14


Overall Time for 100 Rapid Bootstraps 106.819296 seconds
Average Time per Rapid Bootstrap 1.068193 seconds

Starting ML Search ...

Fast ML optimization finished

Fast ML search Time: 33.107506 seconds

Slow ML Search 0 Likelihood: -6579.872814
Slow ML Search 1 Likelihood: -6580.135072
Slow ML Search 2 Likelihood: -6579.926543
Slow ML Search 3 Likelihood: -6579.926543
Slow ML Search 4 Likelihood: -6579.926543
Slow ML Search 5 Likelihood: -6582.412060
Slow ML Search 6 Likelihood: -6579.926774
Slow ML Search 7 Likelihood: -6579.926501
Slow ML Search 8 Likelihood: -6579.926502
Slow ML Search 9 Likelihood: -6582.466487
Slow ML optimization finished

Slow ML search Time: 17.883385 seconds
Thorough ML search Time: 4.431711 seconds

Final ML Optimization Likelihood: -6579.170154

Model Information:

Model Parameters of Partition 0, Name: No Name Provided, Type of Data: AA
alpha: 1.501189
Tree-Length: 1.112896
rate A <-> R: 0.603538
rate A <-> N: 0.561915
rate A <-> D: 0.842872
rate A <-> C: 0.582726
rate A <-> Q: 0.593132
rate A <-> E: 1.092612
rate A <-> G: 1.862643
rate A <-> H: 0.280957
rate A <-> I: 0.374610
rate A <-> L: 0.312175
rate A <-> K: 0.364204
rate A <-> M: 0.561915
rate A <-> F: 0.156087
rate A <-> P: 2.018730
rate A <-> S: 3.933403
rate A <-> T: 4.942768
rate A <-> W: 0.093652
rate A <-> Y: 0.114464
rate A <-> V: 3.100937
rate R <-> N: 0.468262
rate R <-> D: 0.166493
rate R <-> C: 1.175858
rate R <-> Q: 3.225806
rate R <-> E: 0.301769
rate R <-> G: 1.425598
rate R <-> H: 3.413111
rate R <-> I: 0.228928
rate R <-> L: 0.395421
rate R <-> K: 6.722164
rate R <-> M: 0.457856
rate R <-> F: 0.052029
rate R <-> P: 0.770031
rate R <-> S: 1.050989
rate R <-> T: 0.665973
rate R <-> W: 1.311134
rate R <-> Y: 0.208117
rate R <-> V: 0.176899
rate N <-> D: 5.494277
rate N <-> C: 0.353798
rate N <-> Q: 0.894901
rate N <-> E: 0.603538
rate N <-> G: 0.842872
rate N <-> H: 4.068678
rate N <-> I: 0.489074
rate N <-> L: 0.124870
rate N <-> K: 2.736733
rate N <-> M: 0.312175
rate N <-> F: 0.104058
rate N <-> P: 0.156087
rate N <-> S: 5.234131
rate N <-> T: 2.414152
rate N <-> W: 0.083247
rate N <-> Y: 0.728408
rate N <-> V: 0.166493
rate D <-> C: 0.104058
rate D <-> Q: 0.509886
rate D <-> E: 7.981270
rate D <-> G: 1.352758
rate D <-> H: 1.165453
rate D <-> I: 0.114464
rate D <-> L: 0.072841
rate D <-> K: 0.270552
rate D <-> M: 0.156087
rate D <-> F: 0.041623
rate D <-> P: 0.156087
rate D <-> S: 0.613944
rate D <-> T: 0.395421
rate D <-> W: 0.041623
rate D <-> Y: 0.478668
rate D <-> V: 0.322581
rate C <-> Q: 0.093652
rate C <-> E: 0.052029
rate C <-> G: 0.613944
rate C <-> H: 0.718002
rate C <-> I: 0.176899
rate C <-> L: 0.239334
rate C <-> K: 0.072841
rate C <-> M: 0.322581
rate C <-> F: 0.811655
rate C <-> P: 0.145682
rate C <-> S: 2.320499
rate C <-> T: 0.437045
rate C <-> W: 1.196670
rate C <-> Y: 2.174818
rate C <-> V: 0.645161
rate Q <-> E: 3.361082
rate Q <-> G: 0.270552
rate Q <-> H: 6.212279
rate Q <-> I: 0.093652
rate Q <-> L: 0.749220
rate Q <-> K: 3.038502
rate Q <-> M: 0.447451
rate Q <-> F: 0.041623
rate Q <-> P: 1.706556
rate Q <-> S: 0.551509
rate Q <-> T: 0.530697
rate Q <-> W: 0.187305
rate Q <-> Y: 0.249740
rate Q <-> V: 0.208117
rate E <-> G: 1.238293
rate E <-> H: 0.270552
rate E <-> I: 0.124870
rate E <-> L: 0.093652
rate E <-> K: 1.883455
rate E <-> M: 0.187305
rate E <-> F: 0.052029
rate E <-> P: 0.187305
rate E <-> S: 0.312175
rate E <-> T: 0.332986
rate E <-> W: 0.104058
rate E <-> Y: 0.072841
rate E <-> V: 0.468262
rate G <-> H: 0.239334
rate G <-> I: 0.062435
rate G <-> L: 0.062435
rate G <-> K: 0.280957
rate G <-> M: 0.145682
rate G <-> F: 0.052029
rate G <-> P: 0.249740
rate G <-> S: 2.091571
rate G <-> T: 0.343392
rate G <-> W: 0.572320
rate G <-> Y: 0.083247
rate G <-> V: 0.489074
rate H <-> I: 0.166493
rate H <-> L: 0.582726
rate H <-> K: 0.468262
rate H <-> M: 0.343392
rate H <-> F: 0.416233
rate H <-> P: 1.196670
rate H <-> S: 0.759625
rate H <-> T: 0.478668
rate H <-> W: 0.083247
rate H <-> Y: 5.962539
rate H <-> V: 0.114464
rate I <-> L: 2.382934
rate I <-> K: 0.218522
rate I <-> M: 4.984391
rate I <-> F: 0.926119
rate I <-> P: 0.104058
rate I <-> S: 0.416233
rate I <-> T: 2.549428
rate I <-> W: 0.093652
rate I <-> Y: 0.332986
rate I <-> V: 10.000000
rate L <-> K: 0.145682
rate L <-> M: 4.037461
rate L <-> F: 2.580645
rate L <-> P: 1.061394
rate L <-> S: 0.613944
rate L <-> T: 0.260146
rate L <-> W: 0.541103
rate L <-> Y: 0.249740
rate L <-> V: 1.873049
rate K <-> M: 0.676379
rate K <-> F: 0.041623
rate K <-> P: 0.218522
rate K <-> S: 0.489074
rate K <-> T: 1.071800
rate K <-> W: 0.104058
rate K <-> Y: 0.083247
rate K <-> V: 0.145682
rate M <-> F: 0.447451
rate M <-> P: 0.166493
rate M <-> S: 0.301769
rate M <-> T: 2.351717
rate M <-> W: 0.249740
rate M <-> Y: 0.187305
rate M <-> V: 3.361082
rate F <-> P: 0.176899
rate F <-> S: 0.957336
rate F <-> T: 0.124870
rate F <-> W: 0.551509
rate F <-> Y: 5.577523
rate F <-> V: 0.645161
rate P <-> S: 2.965661
rate P <-> T: 1.227888
rate P <-> W: 0.062435
rate P <-> Y: 0.104058
rate P <-> V: 0.239334
rate S <-> T: 4.963580
rate S <-> W: 0.364204
rate S <-> Y: 0.655567
rate S <-> V: 0.395421
rate T <-> W: 0.124870
rate T <-> Y: 0.218522
rate T <-> V: 1.165453
rate W <-> Y: 0.738814
rate W <-> V: 0.260146
rate Y <-> V: 0.166493

freq pi(A): 0.076748
freq pi(R): 0.051691
freq pi(N): 0.042645
freq pi(D): 0.051544
freq pi(C): 0.019803
freq pi(Q): 0.040752
freq pi(E): 0.061830
freq pi(G): 0.073152
freq pi(H): 0.022944
freq pi(I): 0.053761
freq pi(L): 0.091904
freq pi(K): 0.058676
freq pi(M): 0.023826
freq pi(F): 0.040126
freq pi(P): 0.050901
freq pi(S): 0.068765
freq pi(T): 0.058565
freq pi(W): 0.014261
freq pi(Y): 0.032102
freq pi(V): 0.066004


ML search took 55.463831 secs or 0.015407 hours

Combined Bootstrap and ML search took 162.283336 secs or 0.045079 hours

Drawing Bootstrap Support Values on best-scoring ML tree ...



Found 1 tree in File /Users/prigozhin/Dropbox/NLRomes/Atha_SnkMk_NLRome/RAxML_tree_pbNB-ARC/Initial_Clades/RAxML_bestTree.Int14006_29.Raxml.out



Found 1 tree in File /Users/prigozhin/Dropbox/NLRomes/Atha_SnkMk_NLRome/RAxML_tree_pbNB-ARC/Initial_Clades/RAxML_bestTree.Int14006_29.Raxml.out

Program execution info written to /Users/prigozhin/Dropbox/NLRomes/Atha_SnkMk_NLRome/RAxML_tree_pbNB-ARC/Initial_Clades/RAxML_info.Int14006_29.Raxml.out
All 100 bootstrapped trees written to: /Users/prigozhin/Dropbox/NLRomes/Atha_SnkMk_NLRome/RAxML_tree_pbNB-ARC/Initial_Clades/RAxML_bootstrap.Int14006_29.Raxml.out

Best-scoring ML tree written to: /Users/prigozhin/Dropbox/NLRomes/Atha_SnkMk_NLRome/RAxML_tree_pbNB-ARC/Initial_Clades/RAxML_bestTree.Int14006_29.Raxml.out

Best-scoring ML tree with support values written to: /Users/prigozhin/Dropbox/NLRomes/Atha_SnkMk_NLRome/RAxML_tree_pbNB-ARC/Initial_Clades/RAxML_bipartitions.Int14006_29.Raxml.out

Best-scoring ML tree with support values as branch labels written to: /Users/prigozhin/Dropbox/NLRomes/Atha_SnkMk_NLRome/RAxML_tree_pbNB-ARC/Initial_Clades/RAxML_bipartitionsBranchLabels.Int14006_29.Raxml.out

Overall execution time for full ML analysis: 162.289456 secs or 0.045080 hours or 0.001878 days

