((9610_T186-R1,9134_T204-R1),(9654_T188-R1,((((((9669_T203-R1,9721_T213-R1),(9100_T255-R1,(7328_T216-R1,6906_T240-R1))),((9792_T276-R1,(9536_T156-R1,7396_T172-R1)),(9537_T210-R1,7413_T198-R1))),(1925_T266-R1,7373_T085-R1)),108_T237-R1),6924_T209-R1)),10015_T160-R1);
((9610_T186-R1,9134_T204-R1),(9654_T188-R1,((((((9669_T203-R1,9721_T213-R1),(9100_T255-R1,(7328_T216-R1,6906_T240-R1))),((9792_T276-R1,(9536_T156-R1,7396_T172-R1)),(9537_T210-R1,7413_T198-R1))),(1925_T266-R1,7373_T085-R1)),108_T237-R1),6924_T209-R1)),10015_T160-R1);
((9610_T186-R1,9134_T204-R1),((9654_T188-R1,((((9669_T203-R1,9721_T213-R1),(6906_T240-R1,(9100_T255-R1,7328_T216-R1))),((9792_T276-R1,(9536_T156-R1,7396_T172-R1)),(9537_T210-R1,7413_T198-R1))),(1925_T266-R1,7373_T085-R1))),(108_T237-R1,6924_T209-R1)),10015_T160-R1);
((9610_T186-R1,9134_T204-R1),((9654_T188-R1,((((9669_T203-R1,9721_T213-R1),(6906_T240-R1,(9100_T255-R1,7328_T216-R1))),((9792_T276-R1,(9536_T156-R1,7396_T172-R1)),(9537_T210-R1,7413_T198-R1))),(1925_T266-R1,7373_T085-R1))),(108_T237-R1,6924_T209-R1)),10015_T160-R1);
((9610_T186-R1,9134_T204-R1),((9654_T188-R1,((((9669_T203-R1,9721_T213-R1),(6906_T240-R1,(9100_T255-R1,7328_T216-R1))),((9792_T276-R1,(9536_T156-R1,7396_T172-R1)),(9537_T210-R1,7413_T198-R1))),(1925_T266-R1,7373_T085-R1))),(108_T237-R1,6924_T209-R1)),10015_T160-R1);
((9610_T186-R1,9134_T204-R1),(((((9669_T203-R1,9721_T213-R1),(6906_T240-R1,(9100_T255-R1,7328_T216-R1))),9654_T188-R1),(((9792_T276-R1,(9536_T156-R1,7396_T172-R1)),(9537_T210-R1,7413_T198-R1)),(1925_T266-R1,7373_T085-R1))),(108_T237-R1,6924_T209-R1)),10015_T160-R1);
((((1925_T266-R1,7373_T085-R1),(((9669_T203-R1,9721_T213-R1),(6906_T240-R1,(9100_T255-R1,7328_T216-R1))),((9792_T276-R1,(9536_T156-R1,7396_T172-R1)),(9537_T210-R1,7413_T198-R1)))),(9654_T188-R1,(108_T237-R1,6924_T209-R1))),(9610_T186-R1,9134_T204-R1),10015_T160-R1);
((((1925_T266-R1,7373_T085-R1),(((9669_T203-R1,9721_T213-R1),(6906_T240-R1,(9100_T255-R1,7328_T216-R1))),((9792_T276-R1,(9536_T156-R1,7396_T172-R1)),(9537_T210-R1,7413_T198-R1)))),(9654_T188-R1,(108_T237-R1,6924_T209-R1))),(9610_T186-R1,9134_T204-R1),10015_T160-R1);
((((1925_T266-R1,7373_T085-R1),(((9669_T203-R1,9721_T213-R1),(6906_T240-R1,(9100_T255-R1,7328_T216-R1))),((9792_T276-R1,(9536_T156-R1,7396_T172-R1)),(9537_T210-R1,7413_T198-R1)))),(9654_T188-R1,(108_T237-R1,6924_T209-R1))),(9610_T186-R1,9134_T204-R1),10015_T160-R1);
((((1925_T266-R1,7373_T085-R1),(((9669_T203-R1,9721_T213-R1),(6906_T240-R1,(9100_T255-R1,7328_T216-R1))),((9792_T276-R1,(9536_T156-R1,7396_T172-R1)),(9537_T210-R1,7413_T198-R1)))),(9654_T188-R1,(108_T237-R1,6924_T209-R1))),(9610_T186-R1,9134_T204-R1),10015_T160-R1);
(9134_T204-R1,(9610_T186-R1,(9654_T188-R1,(6924_T209-R1,(108_T237-R1,((7373_T085-R1,1925_T266-R1),((9537_T210-R1,(7413_T198-R1,((9536_T156-R1,7396_T172-R1),9792_T276-R1))),((9100_T255-R1,(6906_T240-R1,7328_T216-R1)),(9669_T203-R1,9721_T213-R1)))))))),10015_T160-R1);
(9134_T204-R1,(9610_T186-R1,(9654_T188-R1,(6924_T209-R1,(108_T237-R1,((7373_T085-R1,1925_T266-R1),((9537_T210-R1,(7413_T198-R1,((9536_T156-R1,7396_T172-R1),9792_T276-R1))),((9100_T255-R1,(6906_T240-R1,7328_T216-R1)),(9669_T203-R1,9721_T213-R1)))))))),10015_T160-R1);
(9134_T204-R1,(9610_T186-R1,(((7373_T085-R1,1925_T266-R1),((((9536_T156-R1,7396_T172-R1),9792_T276-R1),(9537_T210-R1,7413_T198-R1)),((6906_T240-R1,(7328_T216-R1,9100_T255-R1)),(9669_T203-R1,9721_T213-R1)))),((108_T237-R1,9654_T188-R1),6924_T209-R1))),10015_T160-R1);
(9134_T204-R1,(9610_T186-R1,(((((9536_T156-R1,7396_T172-R1),9792_T276-R1),(9537_T210-R1,7413_T198-R1)),(9654_T188-R1,((6906_T240-R1,(7328_T216-R1,9100_T255-R1)),(9669_T203-R1,9721_T213-R1)))),((108_T237-R1,6924_T209-R1),(7373_T085-R1,1925_T266-R1)))),10015_T160-R1);
(9134_T204-R1,(9610_T186-R1,(((((9536_T156-R1,7396_T172-R1),9792_T276-R1),(9537_T210-R1,7413_T198-R1)),(9654_T188-R1,((6906_T240-R1,(7328_T216-R1,9100_T255-R1)),(9669_T203-R1,9721_T213-R1)))),((108_T237-R1,6924_T209-R1),(7373_T085-R1,1925_T266-R1)))),10015_T160-R1);
(9610_T186-R1,(((108_T237-R1,6924_T209-R1),(((((7328_T216-R1,(9100_T255-R1,6906_T240-R1)),(9669_T203-R1,9721_T213-R1)),(((9536_T156-R1,7396_T172-R1),9792_T276-R1),(9537_T210-R1,7413_T198-R1))),(7373_T085-R1,1925_T266-R1)),9654_T188-R1)),9134_T204-R1),10015_T160-R1);
(9610_T186-R1,((6924_T209-R1,((9134_T204-R1,((((6906_T240-R1,(7328_T216-R1,9100_T255-R1)),(9669_T203-R1,9721_T213-R1)),(9536_T156-R1,(9537_T210-R1,((7413_T198-R1,7396_T172-R1),9792_T276-R1)))),(7373_T085-R1,1925_T266-R1))),9654_T188-R1)),108_T237-R1),10015_T160-R1);
(9610_T186-R1,((6924_T209-R1,((9134_T204-R1,((((6906_T240-R1,(7328_T216-R1,9100_T255-R1)),(9669_T203-R1,9721_T213-R1)),(9536_T156-R1,(9537_T210-R1,((7413_T198-R1,7396_T172-R1),9792_T276-R1)))),(7373_T085-R1,1925_T266-R1))),9654_T188-R1)),108_T237-R1),10015_T160-R1);
(9610_T186-R1,(((((((6906_T240-R1,(7328_T216-R1,9100_T255-R1)),(9669_T203-R1,9721_T213-R1)),((9792_T276-R1,9537_T210-R1),((9536_T156-R1,7396_T172-R1),7413_T198-R1))),(7373_T085-R1,1925_T266-R1)),9654_T188-R1),(108_T237-R1,6924_T209-R1)),9134_T204-R1),10015_T160-R1);
(9610_T186-R1,(((((7373_T085-R1,(((9100_T255-R1,(6906_T240-R1,7328_T216-R1)),(9669_T203-R1,9721_T213-R1)),((9792_T276-R1,(9536_T156-R1,(7413_T198-R1,7396_T172-R1))),9537_T210-R1))),1925_T266-R1),9654_T188-R1),(108_T237-R1,6924_T209-R1)),9134_T204-R1),10015_T160-R1);
(((6924_T209-R1,108_T237-R1),(((((9721_T213-R1,9669_T203-R1),(9100_T255-R1,(7328_T216-R1,6906_T240-R1))),((9792_T276-R1,(9536_T156-R1,7396_T172-R1)),(7413_T198-R1,9537_T210-R1))),(1925_T266-R1,7373_T085-R1)),9654_T188-R1)),(9610_T186-R1,9134_T204-R1),10015_T160-R1);
((((9654_T188-R1,6924_T209-R1),108_T237-R1),((((9721_T213-R1,9669_T203-R1),(6906_T240-R1,(9100_T255-R1,7328_T216-R1))),((9792_T276-R1,(9536_T156-R1,7396_T172-R1)),(7413_T198-R1,9537_T210-R1))),(1925_T266-R1,7373_T085-R1))),(9610_T186-R1,9134_T204-R1),10015_T160-R1);
((((9654_T188-R1,6924_T209-R1),108_T237-R1),((((9721_T213-R1,9669_T203-R1),(6906_T240-R1,(9100_T255-R1,7328_T216-R1))),((9792_T276-R1,(9536_T156-R1,7396_T172-R1)),(7413_T198-R1,9537_T210-R1))),(1925_T266-R1,7373_T085-R1))),(9610_T186-R1,9134_T204-R1),10015_T160-R1);
((((9654_T188-R1,6924_T209-R1),108_T237-R1),((((9721_T213-R1,9669_T203-R1),(6906_T240-R1,(9100_T255-R1,7328_T216-R1))),((9792_T276-R1,(9536_T156-R1,7396_T172-R1)),(7413_T198-R1,9537_T210-R1))),(1925_T266-R1,7373_T085-R1))),(9610_T186-R1,9134_T204-R1),10015_T160-R1);
((((9654_T188-R1,6924_T209-R1),108_T237-R1),((((9721_T213-R1,9669_T203-R1),(9100_T255-R1,(7328_T216-R1,6906_T240-R1))),(9537_T210-R1,((9792_T276-R1,9536_T156-R1),(7396_T172-R1,7413_T198-R1)))),(1925_T266-R1,7373_T085-R1))),(9610_T186-R1,9134_T204-R1),10015_T160-R1);
(9610_T186-R1,(9134_T204-R1,((6924_T209-R1,108_T237-R1),(9654_T188-R1,((((9721_T213-R1,9669_T203-R1),(6906_T240-R1,(9100_T255-R1,7328_T216-R1))),((9792_T276-R1,(9536_T156-R1,7396_T172-R1)),(7413_T198-R1,9537_T210-R1))),(1925_T266-R1,7373_T085-R1))))),10015_T160-R1);
(9610_T186-R1,(9134_T204-R1,((6924_T209-R1,108_T237-R1),((((9721_T213-R1,9669_T203-R1),(6906_T240-R1,(9100_T255-R1,7328_T216-R1))),9654_T188-R1),(((9792_T276-R1,(9536_T156-R1,7396_T172-R1)),(7413_T198-R1,9537_T210-R1)),(1925_T266-R1,7373_T085-R1))))),10015_T160-R1);
((9610_T186-R1,(((((9537_T210-R1,7413_T198-R1),(9536_T156-R1,7396_T172-R1)),9792_T276-R1),(((9721_T213-R1,9669_T203-R1),(6906_T240-R1,(9100_T255-R1,7328_T216-R1))),(1925_T266-R1,7373_T085-R1))),((6924_T209-R1,108_T237-R1),9654_T188-R1))),9134_T204-R1,10015_T160-R1);
((9610_T186-R1,(((1925_T266-R1,7373_T085-R1),(((9537_T210-R1,7413_T198-R1),((9536_T156-R1,7396_T172-R1),9792_T276-R1)),(9721_T213-R1,(9669_T203-R1,(6906_T240-R1,(9100_T255-R1,7328_T216-R1)))))),((6924_T209-R1,108_T237-R1),9654_T188-R1))),9134_T204-R1,10015_T160-R1);
((9610_T186-R1,(((1925_T266-R1,7373_T085-R1),(((9537_T210-R1,7413_T198-R1),((9536_T156-R1,7396_T172-R1),9792_T276-R1)),(9721_T213-R1,(9669_T203-R1,(6906_T240-R1,(9100_T255-R1,7328_T216-R1)))))),((6924_T209-R1,108_T237-R1),9654_T188-R1))),9134_T204-R1,10015_T160-R1);
(9134_T204-R1,((9610_T186-R1,((6924_T209-R1,108_T237-R1),((((9721_T213-R1,9669_T203-R1),(6906_T240-R1,(9100_T255-R1,7328_T216-R1))),((9537_T210-R1,((7396_T172-R1,7413_T198-R1),9792_T276-R1)),9536_T156-R1)),(1925_T266-R1,7373_T085-R1)))),9654_T188-R1),10015_T160-R1);
(9610_T186-R1,(((9654_T188-R1,(6924_T209-R1,108_T237-R1)),((((9721_T213-R1,9669_T203-R1),(6906_T240-R1,(9100_T255-R1,7328_T216-R1))),(9537_T210-R1,(((9536_T156-R1,7396_T172-R1),7413_T198-R1),9792_T276-R1))),(1925_T266-R1,7373_T085-R1))),9134_T204-R1),10015_T160-R1);
(9610_T186-R1,(((1925_T266-R1,7373_T085-R1),((6924_T209-R1,108_T237-R1),(9654_T188-R1,(((9721_T213-R1,9669_T203-R1),(6906_T240-R1,(9100_T255-R1,7328_T216-R1))),((9537_T210-R1,7413_T198-R1),((7396_T172-R1,9536_T156-R1),9792_T276-R1)))))),9134_T204-R1),10015_T160-R1);
(((9654_T188-R1,6924_T209-R1),(108_T237-R1,((1925_T266-R1,7373_T085-R1),((9792_T276-R1,(9537_T210-R1,((7413_T198-R1,7396_T172-R1),9536_T156-R1))),((9721_T213-R1,9669_T203-R1),(6906_T240-R1,(9100_T255-R1,7328_T216-R1))))))),(9134_T204-R1,9610_T186-R1),10015_T160-R1);
(((9654_T188-R1,6924_T209-R1),(108_T237-R1,((1925_T266-R1,7373_T085-R1),((9792_T276-R1,(9537_T210-R1,((7413_T198-R1,7396_T172-R1),9536_T156-R1))),((9721_T213-R1,9669_T203-R1),(6906_T240-R1,(9100_T255-R1,7328_T216-R1))))))),(9134_T204-R1,9610_T186-R1),10015_T160-R1);
(9134_T204-R1,(9610_T186-R1,(((9537_T210-R1,7413_T198-R1),(9792_T276-R1,(9536_T156-R1,7396_T172-R1))),(1925_T266-R1,((((9654_T188-R1,((9721_T213-R1,9669_T203-R1),(6906_T240-R1,(9100_T255-R1,7328_T216-R1)))),6924_T209-R1),7373_T085-R1),108_T237-R1)))),10015_T160-R1);
((((9654_T188-R1,6924_T209-R1),108_T237-R1),((7373_T085-R1,1925_T266-R1),((9537_T210-R1,(7413_T198-R1,(9792_T276-R1,(9536_T156-R1,7396_T172-R1)))),((9721_T213-R1,9669_T203-R1),(7328_T216-R1,(6906_T240-R1,9100_T255-R1)))))),(9134_T204-R1,9610_T186-R1),10015_T160-R1);
((((9654_T188-R1,6924_T209-R1),108_T237-R1),((7373_T085-R1,1925_T266-R1),((9537_T210-R1,(7413_T198-R1,(9792_T276-R1,(9536_T156-R1,7396_T172-R1)))),((9721_T213-R1,9669_T203-R1),(7328_T216-R1,(6906_T240-R1,9100_T255-R1)))))),(9134_T204-R1,9610_T186-R1),10015_T160-R1);
((((9654_T188-R1,6924_T209-R1),108_T237-R1),((7373_T085-R1,1925_T266-R1),((9537_T210-R1,(7413_T198-R1,(9792_T276-R1,(9536_T156-R1,7396_T172-R1)))),((9721_T213-R1,9669_T203-R1),(7328_T216-R1,(6906_T240-R1,9100_T255-R1)))))),(9134_T204-R1,9610_T186-R1),10015_T160-R1);
((((9654_T188-R1,6924_T209-R1),108_T237-R1),((7373_T085-R1,1925_T266-R1),((9537_T210-R1,(7413_T198-R1,(9792_T276-R1,(9536_T156-R1,7396_T172-R1)))),((9721_T213-R1,9669_T203-R1),(7328_T216-R1,(6906_T240-R1,9100_T255-R1)))))),(9134_T204-R1,9610_T186-R1),10015_T160-R1);
(((9654_T188-R1,(((9536_T156-R1,((9537_T210-R1,(7396_T172-R1,7413_T198-R1)),9792_T276-R1)),((6906_T240-R1,(7328_T216-R1,9100_T255-R1)),(9669_T203-R1,9721_T213-R1))),(1925_T266-R1,7373_T085-R1))),(6924_T209-R1,108_T237-R1)),(9610_T186-R1,9134_T204-R1),10015_T160-R1);
(9610_T186-R1,(9134_T204-R1,((9654_T188-R1,((((9537_T210-R1,((9536_T156-R1,7396_T172-R1),7413_T198-R1)),9792_T276-R1),((6906_T240-R1,(7328_T216-R1,9100_T255-R1)),(9669_T203-R1,9721_T213-R1))),(1925_T266-R1,7373_T085-R1))),(6924_T209-R1,108_T237-R1))),10015_T160-R1);
(9610_T186-R1,(9134_T204-R1,((9654_T188-R1,((((9537_T210-R1,((9536_T156-R1,7396_T172-R1),7413_T198-R1)),9792_T276-R1),((6906_T240-R1,(7328_T216-R1,9100_T255-R1)),(9669_T203-R1,9721_T213-R1))),(1925_T266-R1,7373_T085-R1))),(6924_T209-R1,108_T237-R1))),10015_T160-R1);
(9610_T186-R1,(9134_T204-R1,(((((6906_T240-R1,(7328_T216-R1,9100_T255-R1)),(9669_T203-R1,9721_T213-R1)),(7413_T198-R1,(9537_T210-R1,(9792_T276-R1,(9536_T156-R1,7396_T172-R1))))),(1925_T266-R1,7373_T085-R1)),(9654_T188-R1,(6924_T209-R1,108_T237-R1)))),10015_T160-R1);
(9610_T186-R1,(9134_T204-R1,(((((6906_T240-R1,(7328_T216-R1,9100_T255-R1)),(9669_T203-R1,9721_T213-R1)),(7413_T198-R1,(9537_T210-R1,(9792_T276-R1,(9536_T156-R1,7396_T172-R1))))),(1925_T266-R1,7373_T085-R1)),(9654_T188-R1,(6924_T209-R1,108_T237-R1)))),10015_T160-R1);
(9610_T186-R1,(9134_T204-R1,(((((6906_T240-R1,(7328_T216-R1,9100_T255-R1)),(9669_T203-R1,9721_T213-R1)),(7413_T198-R1,(9537_T210-R1,(9792_T276-R1,(9536_T156-R1,7396_T172-R1))))),(1925_T266-R1,7373_T085-R1)),(9654_T188-R1,(6924_T209-R1,108_T237-R1)))),10015_T160-R1);
(9610_T186-R1,(9134_T204-R1,(((((6906_T240-R1,(7328_T216-R1,9100_T255-R1)),(9669_T203-R1,9721_T213-R1)),(7413_T198-R1,(9537_T210-R1,(9792_T276-R1,(9536_T156-R1,7396_T172-R1))))),(1925_T266-R1,7373_T085-R1)),(9654_T188-R1,(6924_T209-R1,108_T237-R1)))),10015_T160-R1);
(9610_T186-R1,(9134_T204-R1,(((((6906_T240-R1,(7328_T216-R1,9100_T255-R1)),(9669_T203-R1,9721_T213-R1)),(7413_T198-R1,(9537_T210-R1,(9792_T276-R1,(9536_T156-R1,7396_T172-R1))))),(1925_T266-R1,7373_T085-R1)),(9654_T188-R1,(6924_T209-R1,108_T237-R1)))),10015_T160-R1);
(9610_T186-R1,(9134_T204-R1,(((((6906_T240-R1,(7328_T216-R1,9100_T255-R1)),(9669_T203-R1,9721_T213-R1)),(7413_T198-R1,(9537_T210-R1,(9792_T276-R1,(9536_T156-R1,7396_T172-R1))))),(1925_T266-R1,7373_T085-R1)),(9654_T188-R1,(6924_T209-R1,108_T237-R1)))),10015_T160-R1);
(9610_T186-R1,(9134_T204-R1,(9654_T188-R1,((6924_T209-R1,108_T237-R1),((((6906_T240-R1,(7328_T216-R1,9100_T255-R1)),(9669_T203-R1,9721_T213-R1)),(((9537_T210-R1,(7413_T198-R1,7396_T172-R1)),9792_T276-R1),9536_T156-R1)),(1925_T266-R1,7373_T085-R1))))),10015_T160-R1);
((6924_T209-R1,((9654_T188-R1,((7373_T085-R1,1925_T266-R1),(((7413_T198-R1,(9536_T156-R1,7396_T172-R1)),(9537_T210-R1,9792_T276-R1)),((9669_T203-R1,9721_T213-R1),(6906_T240-R1,(7328_T216-R1,9100_T255-R1)))))),108_T237-R1)),(9610_T186-R1,9134_T204-R1),10015_T160-R1);
(((((7373_T085-R1,1925_T266-R1),((9537_T210-R1,7413_T198-R1),((9536_T156-R1,7396_T172-R1),9792_T276-R1))),(108_T237-R1,6924_T209-R1)),((9721_T213-R1,((7328_T216-R1,(9100_T255-R1,6906_T240-R1)),9669_T203-R1)),9654_T188-R1)),(9610_T186-R1,9134_T204-R1),10015_T160-R1);
(9610_T186-R1,(9134_T204-R1,((9654_T188-R1,(108_T237-R1,6924_T209-R1)),((7373_T085-R1,1925_T266-R1),(((9100_T255-R1,(6906_T240-R1,7328_T216-R1)),(9669_T203-R1,9721_T213-R1)),((9537_T210-R1,7413_T198-R1),((9536_T156-R1,7396_T172-R1),9792_T276-R1)))))),10015_T160-R1);
(9610_T186-R1,(9134_T204-R1,((108_T237-R1,6924_T209-R1),(((7373_T085-R1,1925_T266-R1),(((6906_T240-R1,(7328_T216-R1,9100_T255-R1)),(9669_T203-R1,9721_T213-R1)),(9792_T276-R1,(9537_T210-R1,(7413_T198-R1,(9536_T156-R1,7396_T172-R1)))))),9654_T188-R1))),10015_T160-R1);
(9610_T186-R1,(9134_T204-R1,((108_T237-R1,6924_T209-R1),(((7373_T085-R1,1925_T266-R1),((7413_T198-R1,(9536_T156-R1,7396_T172-R1)),(9792_T276-R1,9537_T210-R1))),(((6906_T240-R1,(7328_T216-R1,9100_T255-R1)),(9669_T203-R1,9721_T213-R1)),9654_T188-R1)))),10015_T160-R1);
(9610_T186-R1,(9134_T204-R1,((108_T237-R1,6924_T209-R1),(9654_T188-R1,(((7373_T085-R1,1925_T266-R1),(9792_T276-R1,(9537_T210-R1,(7413_T198-R1,(9536_T156-R1,7396_T172-R1))))),((6906_T240-R1,(7328_T216-R1,9100_T255-R1)),(9669_T203-R1,9721_T213-R1)))))),10015_T160-R1);
(9610_T186-R1,(9134_T204-R1,((108_T237-R1,6924_T209-R1),(9654_T188-R1,(((7373_T085-R1,1925_T266-R1),((9792_T276-R1,(7396_T172-R1,9536_T156-R1)),(9537_T210-R1,7413_T198-R1))),((6906_T240-R1,(7328_T216-R1,9100_T255-R1)),(9669_T203-R1,9721_T213-R1)))))),10015_T160-R1);
(9610_T186-R1,(9134_T204-R1,((108_T237-R1,6924_T209-R1),(9654_T188-R1,(((7373_T085-R1,1925_T266-R1),((9792_T276-R1,(7396_T172-R1,9536_T156-R1)),(9537_T210-R1,7413_T198-R1))),((6906_T240-R1,(7328_T216-R1,9100_T255-R1)),(9669_T203-R1,9721_T213-R1)))))),10015_T160-R1);
(9610_T186-R1,(9134_T204-R1,((108_T237-R1,6924_T209-R1),(9654_T188-R1,((7373_T085-R1,1925_T266-R1),((9537_T210-R1,(7413_T198-R1,(9792_T276-R1,(7396_T172-R1,9536_T156-R1)))),(9721_T213-R1,((6906_T240-R1,(7328_T216-R1,9100_T255-R1)),9669_T203-R1))))))),10015_T160-R1);
(9610_T186-R1,(9134_T204-R1,((108_T237-R1,6924_T209-R1),(9654_T188-R1,((7373_T085-R1,1925_T266-R1),(((9537_T210-R1,(9792_T276-R1,9536_T156-R1)),(7413_T198-R1,7396_T172-R1)),((6906_T240-R1,(7328_T216-R1,9100_T255-R1)),(9669_T203-R1,9721_T213-R1))))))),10015_T160-R1);
(9610_T186-R1,((9654_T188-R1,((1925_T266-R1,7373_T085-R1),(((9669_T203-R1,9721_T213-R1),(6906_T240-R1,(7328_T216-R1,9100_T255-R1))),((7413_T198-R1,9537_T210-R1),(9792_T276-R1,(7396_T172-R1,9536_T156-R1)))))),((9134_T204-R1,108_T237-R1),6924_T209-R1)),10015_T160-R1);
((((6924_T209-R1,9654_T188-R1),108_T237-R1),((1925_T266-R1,7373_T085-R1),(((9669_T203-R1,9721_T213-R1),(6906_T240-R1,(7328_T216-R1,9100_T255-R1))),((7413_T198-R1,9537_T210-R1),(9536_T156-R1,(9792_T276-R1,7396_T172-R1)))))),(9134_T204-R1,9610_T186-R1),10015_T160-R1);
((((6924_T209-R1,9654_T188-R1),108_T237-R1),((1925_T266-R1,7373_T085-R1),(((9669_T203-R1,9721_T213-R1),(6906_T240-R1,(7328_T216-R1,9100_T255-R1))),((7413_T198-R1,9537_T210-R1),(9536_T156-R1,(9792_T276-R1,7396_T172-R1)))))),(9134_T204-R1,9610_T186-R1),10015_T160-R1);
(((6924_T209-R1,108_T237-R1),(9654_T188-R1,((1925_T266-R1,7373_T085-R1),(((9669_T203-R1,9721_T213-R1),(6906_T240-R1,(7328_T216-R1,9100_T255-R1))),((7413_T198-R1,9537_T210-R1),(9792_T276-R1,(7396_T172-R1,9536_T156-R1))))))),(9134_T204-R1,9610_T186-R1),10015_T160-R1);
(((6924_T209-R1,108_T237-R1),(9654_T188-R1,((1925_T266-R1,7373_T085-R1),(((9669_T203-R1,9721_T213-R1),(6906_T240-R1,(7328_T216-R1,9100_T255-R1))),((7413_T198-R1,9537_T210-R1),(9792_T276-R1,(7396_T172-R1,9536_T156-R1))))))),(9134_T204-R1,9610_T186-R1),10015_T160-R1);
(((6924_T209-R1,108_T237-R1),(9654_T188-R1,((1925_T266-R1,7373_T085-R1),(((9669_T203-R1,9721_T213-R1),(6906_T240-R1,(7328_T216-R1,9100_T255-R1))),((7413_T198-R1,9537_T210-R1),(9792_T276-R1,(7396_T172-R1,9536_T156-R1))))))),(9134_T204-R1,9610_T186-R1),10015_T160-R1);
((((9134_T204-R1,9610_T186-R1),6924_T209-R1),108_T237-R1),(9654_T188-R1,((1925_T266-R1,7373_T085-R1),(((9669_T203-R1,9721_T213-R1),(6906_T240-R1,(7328_T216-R1,9100_T255-R1))),(9536_T156-R1,(((7413_T198-R1,7396_T172-R1),9792_T276-R1),9537_T210-R1))))),10015_T160-R1);
(9134_T204-R1,(9610_T186-R1,(((108_T237-R1,6924_T209-R1),9654_T188-R1),((1925_T266-R1,7373_T085-R1),(((9669_T203-R1,9721_T213-R1),(6906_T240-R1,(7328_T216-R1,9100_T255-R1))),(9537_T210-R1,(7413_T198-R1,((9536_T156-R1,7396_T172-R1),9792_T276-R1))))))),10015_T160-R1);
(9134_T204-R1,(9610_T186-R1,((1925_T266-R1,7373_T085-R1),(((9654_T188-R1,((9669_T203-R1,9721_T213-R1),(7328_T216-R1,(9100_T255-R1,6906_T240-R1)))),(((9536_T156-R1,7396_T172-R1),9792_T276-R1),(9537_T210-R1,7413_T198-R1))),(108_T237-R1,6924_T209-R1)))),10015_T160-R1);
(((108_T237-R1,6924_T209-R1),(9654_T188-R1,((1925_T266-R1,7373_T085-R1),((((9536_T156-R1,7396_T172-R1),9792_T276-R1),(9537_T210-R1,7413_T198-R1)),(9721_T213-R1,(9669_T203-R1,(6906_T240-R1,(7328_T216-R1,9100_T255-R1)))))))),(9134_T204-R1,9610_T186-R1),10015_T160-R1);
(9610_T186-R1,(9134_T204-R1,(108_T237-R1,(9654_T188-R1,(6924_T209-R1,((1925_T266-R1,7373_T085-R1),(((9792_T276-R1,(7396_T172-R1,9536_T156-R1)),(7413_T198-R1,9537_T210-R1)),((9721_T213-R1,9669_T203-R1),(6906_T240-R1,(9100_T255-R1,7328_T216-R1))))))))),10015_T160-R1);
(9610_T186-R1,(9134_T204-R1,(108_T237-R1,(9654_T188-R1,(6924_T209-R1,((1925_T266-R1,7373_T085-R1),(((9792_T276-R1,(7396_T172-R1,9536_T156-R1)),(7413_T198-R1,9537_T210-R1)),((9721_T213-R1,9669_T203-R1),(6906_T240-R1,(9100_T255-R1,7328_T216-R1))))))))),10015_T160-R1);
(9610_T186-R1,(9134_T204-R1,(108_T237-R1,(9654_T188-R1,(6924_T209-R1,((1925_T266-R1,7373_T085-R1),(((9792_T276-R1,(7396_T172-R1,9536_T156-R1)),(7413_T198-R1,9537_T210-R1)),((9721_T213-R1,9669_T203-R1),(6906_T240-R1,(9100_T255-R1,7328_T216-R1))))))))),10015_T160-R1);
(9610_T186-R1,(9134_T204-R1,(108_T237-R1,(9654_T188-R1,(6924_T209-R1,((1925_T266-R1,7373_T085-R1),(((9792_T276-R1,(7396_T172-R1,9536_T156-R1)),(7413_T198-R1,9537_T210-R1)),((9721_T213-R1,9669_T203-R1),(6906_T240-R1,(9100_T255-R1,7328_T216-R1))))))))),10015_T160-R1);
(9610_T186-R1,(9134_T204-R1,(108_T237-R1,(9654_T188-R1,(6924_T209-R1,((1925_T266-R1,7373_T085-R1),(((9792_T276-R1,(7396_T172-R1,9536_T156-R1)),(7413_T198-R1,9537_T210-R1)),((9721_T213-R1,9669_T203-R1),(6906_T240-R1,(9100_T255-R1,7328_T216-R1))))))))),10015_T160-R1);
(9610_T186-R1,(9134_T204-R1,(108_T237-R1,(9654_T188-R1,(6924_T209-R1,((1925_T266-R1,7373_T085-R1),(((9792_T276-R1,(7396_T172-R1,9536_T156-R1)),(7413_T198-R1,9537_T210-R1)),((9721_T213-R1,9669_T203-R1),(6906_T240-R1,(9100_T255-R1,7328_T216-R1))))))))),10015_T160-R1);
(9610_T186-R1,(9134_T204-R1,(((1925_T266-R1,7373_T085-R1),((9792_T276-R1,(9537_T210-R1,((7413_T198-R1,7396_T172-R1),9536_T156-R1))),((9721_T213-R1,9669_T203-R1),(6906_T240-R1,(9100_T255-R1,7328_T216-R1))))),((108_T237-R1,9654_T188-R1),6924_T209-R1))),10015_T160-R1);
(((9654_T188-R1,((1925_T266-R1,7373_T085-R1),((((7396_T172-R1,9536_T156-R1),(9792_T276-R1,9537_T210-R1)),7413_T198-R1),(9721_T213-R1,(9669_T203-R1,(6906_T240-R1,(9100_T255-R1,7328_T216-R1))))))),(108_T237-R1,6924_T209-R1)),(9610_T186-R1,9134_T204-R1),10015_T160-R1);
(9610_T186-R1,(9134_T204-R1,((9654_T188-R1,((1925_T266-R1,7373_T085-R1),((((9537_T210-R1,9792_T276-R1),9536_T156-R1),(7413_T198-R1,7396_T172-R1)),(9721_T213-R1,(9669_T203-R1,(6906_T240-R1,(9100_T255-R1,7328_T216-R1))))))),(108_T237-R1,6924_T209-R1))),10015_T160-R1);
(9134_T204-R1,(((9654_T188-R1,((1925_T266-R1,7373_T085-R1),(((9537_T210-R1,7413_T198-R1),(9792_T276-R1,(9536_T156-R1,7396_T172-R1))),(9721_T213-R1,(9669_T203-R1,(6906_T240-R1,(9100_T255-R1,7328_T216-R1))))))),(108_T237-R1,6924_T209-R1)),9610_T186-R1),10015_T160-R1);
((((((((9669_T203-R1,9721_T213-R1),(6906_T240-R1,(9100_T255-R1,7328_T216-R1))),((9792_T276-R1,(7396_T172-R1,9536_T156-R1)),(9537_T210-R1,7413_T198-R1))),(7373_T085-R1,1925_T266-R1)),9654_T188-R1),(108_T237-R1,6924_T209-R1)),9134_T204-R1),9610_T186-R1,10015_T160-R1);
((((((((9669_T203-R1,9721_T213-R1),(6906_T240-R1,(9100_T255-R1,7328_T216-R1))),((9792_T276-R1,(7396_T172-R1,9536_T156-R1)),(9537_T210-R1,7413_T198-R1))),(7373_T085-R1,1925_T266-R1)),9654_T188-R1),(108_T237-R1,6924_T209-R1)),9134_T204-R1),9610_T186-R1,10015_T160-R1);
((((((((9669_T203-R1,9721_T213-R1),(6906_T240-R1,(9100_T255-R1,7328_T216-R1))),((9792_T276-R1,(7396_T172-R1,9536_T156-R1)),(9537_T210-R1,7413_T198-R1))),(7373_T085-R1,1925_T266-R1)),9654_T188-R1),(108_T237-R1,6924_T209-R1)),9134_T204-R1),9610_T186-R1,10015_T160-R1);
((((((((9669_T203-R1,9721_T213-R1),(6906_T240-R1,(9100_T255-R1,7328_T216-R1))),((9792_T276-R1,(7396_T172-R1,9536_T156-R1)),(9537_T210-R1,7413_T198-R1))),(7373_T085-R1,1925_T266-R1)),9654_T188-R1),(108_T237-R1,6924_T209-R1)),9134_T204-R1),9610_T186-R1,10015_T160-R1);
(((((108_T237-R1,6924_T209-R1),(((9792_T276-R1,(7396_T172-R1,9536_T156-R1)),(9537_T210-R1,7413_T198-R1)),(9654_T188-R1,((9669_T203-R1,9721_T213-R1),(6906_T240-R1,(9100_T255-R1,7328_T216-R1)))))),(7373_T085-R1,1925_T266-R1)),9134_T204-R1),9610_T186-R1,10015_T160-R1);
(((9654_T188-R1,(108_T237-R1,6924_T209-R1)),((((9537_T210-R1,7413_T198-R1),(9792_T276-R1,(7396_T172-R1,9536_T156-R1))),(9721_T213-R1,((6906_T240-R1,(9100_T255-R1,7328_T216-R1)),9669_T203-R1))),(7373_T085-R1,1925_T266-R1))),(9134_T204-R1,9610_T186-R1),10015_T160-R1);
(((9654_T188-R1,(108_T237-R1,6924_T209-R1)),((((9537_T210-R1,7413_T198-R1),(9792_T276-R1,(7396_T172-R1,9536_T156-R1))),(9721_T213-R1,((6906_T240-R1,(9100_T255-R1,7328_T216-R1)),9669_T203-R1))),(7373_T085-R1,1925_T266-R1))),(9134_T204-R1,9610_T186-R1),10015_T160-R1);
(((9654_T188-R1,(108_T237-R1,6924_T209-R1)),((((9537_T210-R1,7413_T198-R1),(9792_T276-R1,(7396_T172-R1,9536_T156-R1))),(9721_T213-R1,((6906_T240-R1,(9100_T255-R1,7328_T216-R1)),9669_T203-R1))),(7373_T085-R1,1925_T266-R1))),(9134_T204-R1,9610_T186-R1),10015_T160-R1);
(((9654_T188-R1,(108_T237-R1,6924_T209-R1)),((((9537_T210-R1,7413_T198-R1),(9792_T276-R1,(7396_T172-R1,9536_T156-R1))),(9721_T213-R1,((6906_T240-R1,(9100_T255-R1,7328_T216-R1)),9669_T203-R1))),(7373_T085-R1,1925_T266-R1))),(9134_T204-R1,9610_T186-R1),10015_T160-R1);
(((9654_T188-R1,(108_T237-R1,6924_T209-R1)),((((9537_T210-R1,7413_T198-R1),(9792_T276-R1,(7396_T172-R1,9536_T156-R1))),(9721_T213-R1,((6906_T240-R1,(9100_T255-R1,7328_T216-R1)),9669_T203-R1))),(7373_T085-R1,1925_T266-R1))),(9134_T204-R1,9610_T186-R1),10015_T160-R1);
((9610_T186-R1,9134_T204-R1),(((7373_T085-R1,1925_T266-R1),(((9721_T213-R1,9669_T203-R1),(6906_T240-R1,(9100_T255-R1,7328_T216-R1))),((9792_T276-R1,(7396_T172-R1,9536_T156-R1)),(7413_T198-R1,9537_T210-R1)))),((108_T237-R1,6924_T209-R1),9654_T188-R1)),10015_T160-R1);
((9610_T186-R1,9134_T204-R1),(((7373_T085-R1,1925_T266-R1),(((9721_T213-R1,9669_T203-R1),(6906_T240-R1,(9100_T255-R1,7328_T216-R1))),((9792_T276-R1,(7396_T172-R1,9536_T156-R1)),(7413_T198-R1,9537_T210-R1)))),((108_T237-R1,6924_T209-R1),9654_T188-R1)),10015_T160-R1);
((9610_T186-R1,9134_T204-R1),(((7373_T085-R1,1925_T266-R1),(((9721_T213-R1,9669_T203-R1),(6906_T240-R1,(9100_T255-R1,7328_T216-R1))),((9792_T276-R1,(7396_T172-R1,9536_T156-R1)),(7413_T198-R1,9537_T210-R1)))),((108_T237-R1,6924_T209-R1),9654_T188-R1)),10015_T160-R1);
((9610_T186-R1,9134_T204-R1),((9654_T188-R1,((9721_T213-R1,9669_T203-R1),(6906_T240-R1,(9100_T255-R1,7328_T216-R1)))),((108_T237-R1,6924_T209-R1),((7373_T085-R1,1925_T266-R1),((9792_T276-R1,(7396_T172-R1,9536_T156-R1)),(7413_T198-R1,9537_T210-R1))))),10015_T160-R1);
(((9610_T186-R1,9134_T204-R1),9654_T188-R1),(((7373_T085-R1,1925_T266-R1),(((9721_T213-R1,9669_T203-R1),(9100_T255-R1,(7328_T216-R1,6906_T240-R1))),((9792_T276-R1,(7396_T172-R1,9536_T156-R1)),(7413_T198-R1,9537_T210-R1)))),(108_T237-R1,6924_T209-R1)),10015_T160-R1);
(((9610_T186-R1,9134_T204-R1),9654_T188-R1),(((7373_T085-R1,1925_T266-R1),(((9721_T213-R1,9669_T203-R1),(9100_T255-R1,(7328_T216-R1,6906_T240-R1))),((9792_T276-R1,(7396_T172-R1,9536_T156-R1)),(7413_T198-R1,9537_T210-R1)))),(108_T237-R1,6924_T209-R1)),10015_T160-R1);
(((((9721_T213-R1,9669_T203-R1),(6906_T240-R1,(9100_T255-R1,7328_T216-R1))),9654_T188-R1),((((7373_T085-R1,1925_T266-R1),(9792_T276-R1,(9537_T210-R1,((7396_T172-R1,9536_T156-R1),7413_T198-R1)))),108_T237-R1),6924_T209-R1)),(9610_T186-R1,9134_T204-R1),10015_T160-R1);
(9610_T186-R1,(9134_T204-R1,(108_T237-R1,((9654_T188-R1,((7373_T085-R1,1925_T266-R1),(((9721_T213-R1,9669_T203-R1),(6906_T240-R1,(9100_T255-R1,7328_T216-R1))),(9537_T210-R1,((9792_T276-R1,(7396_T172-R1,9536_T156-R1)),7413_T198-R1))))),6924_T209-R1))),10015_T160-R1);
(9610_T186-R1,(9134_T204-R1,(108_T237-R1,((9654_T188-R1,((7373_T085-R1,1925_T266-R1),(((9721_T213-R1,9669_T203-R1),(6906_T240-R1,(9100_T255-R1,7328_T216-R1))),(9537_T210-R1,((9792_T276-R1,(7396_T172-R1,9536_T156-R1)),7413_T198-R1))))),6924_T209-R1))),10015_T160-R1);
(9610_T186-R1,(9134_T204-R1,(108_T237-R1,((9654_T188-R1,((7373_T085-R1,1925_T266-R1),(((9721_T213-R1,9669_T203-R1),(6906_T240-R1,(9100_T255-R1,7328_T216-R1))),(9537_T210-R1,((9792_T276-R1,(7396_T172-R1,9536_T156-R1)),7413_T198-R1))))),6924_T209-R1))),10015_T160-R1);
