

IMPORTANT WARNING: Sequences 1925_T177-R1 and 6939_T100-R1 are exactly identical


IMPORTANT WARNING: Sequences 1925_T177-R1 and 7067_T093-R1 are exactly identical


IMPORTANT WARNING: Sequences 1925_T177-R1 and 9536_T038-R1 are exactly identical


IMPORTANT WARNING: Sequences 9764_T134-R1 and 7308_T056-R1 are exactly identical


IMPORTANT WARNING: Sequences 9871_T103-R1 and 9542_T112-R1 are exactly identical


IMPORTANT WARNING: Sequences 6899_T141-R1 and 6906_T184-R1 are exactly identical


IMPORTANT WARNING: Sequences 6899_T141-R1 and 7058_T046-R1 are exactly identical


IMPORTANT WARNING: Sequences 6899_T141-R1 and 7396_T122-R1 are exactly identical


IMPORTANT WARNING: Sequences 6899_T141-R1 and 7288_T140-R1 are exactly identical


IMPORTANT WARNING: Sequences 6899_T141-R1 and 9784_T154-R1 are exactly identical


IMPORTANT WARNING: Sequences 6899_T141-R1 and 7373_T061-R1 are exactly identical


IMPORTANT WARNING: Sequences 6899_T141-R1 and 7111_T121-R1 are exactly identical


IMPORTANT WARNING: Sequences 6899_T141-R1 and 6981_T177-R1 are exactly identical


IMPORTANT WARNING: Sequences 9947_T056-R1 and 9549_T077-R1 are exactly identical


IMPORTANT WARNING: Sequences 9549_T078-R1 and 9947_T055-R1 are exactly identical


IMPORTANT WARNING: Sequences 6909_T133-R1 and 5784_T415-R1 are exactly identical


IMPORTANT WARNING: Sequences 6909_T133-R1 and 9879_T168-R1 are exactly identical


IMPORTANT WARNING: Sequences 6909_T133-R1 and 6924_T200-R1 are exactly identical


IMPORTANT WARNING: Sequences 6899_T140-R1 and 7373_T060-R1 are exactly identical


IMPORTANT WARNING: Sequences 6899_T140-R1 and 7111_T120-R1 are exactly identical


IMPORTANT WARNING: Sequences 7273_T134-R1 and 9543_T105-R1 are exactly identical


IMPORTANT WARNING: Sequences 7273_T134-R1 and 9721_T145-R1 are exactly identical


IMPORTANT WARNING: Sequences 9542_T111-R1 and 9871_T104-R1 are exactly identical


IMPORTANT WARNING: Sequences 6909_T134-R1 and ATHALIANA_AT1G27180_1 are exactly identical


IMPORTANT WARNING: Sequences 9537_T334-R1 and 7308_T055-R1 are exactly identical


IMPORTANT WARNING: Sequences 7413_T101-R1 and 9580_T143-R1 are exactly identical


IMPORTANT WARNING: Sequences 7413_T101-R1 and 9837_T140-R1 are exactly identical


IMPORTANT WARNING: Sequences 7413_T101-R1 and 7417_T101-R1 are exactly identical


IMPORTANT WARNING: Sequences 9557_T167-R1 and 10015_T127-R1 are exactly identical


IMPORTANT WARNING: Sequences 6981_T178-R1 and 7396_T123-R1 are exactly identical


IMPORTANT WARNING: Sequences 9545_T105-R1 and 9600_T144-R1 are exactly identical


IMPORTANT WARNING: Sequences 9597_T120-R1 and 9879_T169-R1 are exactly identical


IMPORTANT WARNING: Sequences 9869_T057-R1 and 9533_T201-R1 are exactly identical

IMPORTANT WARNING
Found 33 sequences that are exactly identical to other sequences in the alignment.
Normally they should be excluded from the analysis.

Just in case you might need it, an alignment file with 
sequence duplicates removed is printed to file ../../RAxML_tree_pbNB-ARC/Initial_Clades/Int12855_119.afa.reduced


This is RAxML version 8.2.12 released by Alexandros Stamatakis on May 2018.

With greatly appreciated code contributions by:
Andre Aberer      (HITS)
Simon Berger      (HITS)
Alexey Kozlov     (HITS)
Kassian Kobert    (HITS)
David Dao         (KIT and HITS)
Sarah Lutteropp   (KIT and HITS)
Nick Pattengale   (Sandia)
Wayne Pfeiffer    (SDSC)
Akifumi S. Tanabe (NRIFS)
Charlie Taylor    (UF)


Alignment has 976 distinct alignment patterns

Proportion of gaps and completely undetermined characters in this alignment: 14.84%

RAxML rapid bootstrapping and subsequent ML search

Using 1 distinct models/data partitions with joint branch length optimization



Executing 100 rapid bootstrap inferences and thereafter a thorough ML search 

All free model parameters will be estimated by RAxML
ML estimate of 25 per site rate categories

Likelihood of final tree will be evaluated and optimized under GAMMA

GAMMA Model parameters will be estimated up to an accuracy of 0.1000000000 Log Likelihood units

Partition: 0
Alignment Patterns: 976
Name: No Name Provided
DataType: AA
Substitution Matrix: JTT
Using fixed base frequencies




RAxML was called as follows:

/Users/prigozhin/Installers/standard-RAxML/raxmlHPC-PTHREADS-AVX -T 2 -n Int12855_119.Raxml.out -f a -x 12345 -p 12345 -# 100 -m PROTCATJTT -s ../../RAxML_tree_pbNB-ARC/Initial_Clades/Int12855_119.afa 



Time for BS model parameter optimization 1.489932
Bootstrap[0]: Time 9.384570 seconds, bootstrap likelihood -10242.537896, best rearrangement setting 13
Bootstrap[1]: Time 6.571088 seconds, bootstrap likelihood -10168.479443, best rearrangement setting 13
Bootstrap[2]: Time 7.296383 seconds, bootstrap likelihood -10467.809045, best rearrangement setting 12
Bootstrap[3]: Time 6.965649 seconds, bootstrap likelihood -9968.321781, best rearrangement setting 15
Bootstrap[4]: Time 7.696872 seconds, bootstrap likelihood -10397.505155, best rearrangement setting 10
Bootstrap[5]: Time 6.992345 seconds, bootstrap likelihood -9924.779326, best rearrangement setting 10
Bootstrap[6]: Time 6.816816 seconds, bootstrap likelihood -10083.750345, best rearrangement setting 6
Bootstrap[7]: Time 7.852952 seconds, bootstrap likelihood -10358.378926, best rearrangement setting 14
Bootstrap[8]: Time 7.256260 seconds, bootstrap likelihood -10064.416000, best rearrangement setting 5
Bootstrap[9]: Time 7.226935 seconds, bootstrap likelihood -10130.639242, best rearrangement setting 7
Bootstrap[10]: Time 7.118179 seconds, bootstrap likelihood -10181.505759, best rearrangement setting 7
Bootstrap[11]: Time 6.007931 seconds, bootstrap likelihood -9611.967947, best rearrangement setting 5
Bootstrap[12]: Time 7.299569 seconds, bootstrap likelihood -10122.273700, best rearrangement setting 8
Bootstrap[13]: Time 7.561704 seconds, bootstrap likelihood -10108.493584, best rearrangement setting 7
Bootstrap[14]: Time 6.215455 seconds, bootstrap likelihood -10032.555191, best rearrangement setting 12
Bootstrap[15]: Time 7.798130 seconds, bootstrap likelihood -10029.896216, best rearrangement setting 15
Bootstrap[16]: Time 7.497444 seconds, bootstrap likelihood -10242.618961, best rearrangement setting 12
Bootstrap[17]: Time 8.794884 seconds, bootstrap likelihood -10043.761764, best rearrangement setting 12
Bootstrap[18]: Time 6.811630 seconds, bootstrap likelihood -9856.444486, best rearrangement setting 5
Bootstrap[19]: Time 7.056910 seconds, bootstrap likelihood -10182.845809, best rearrangement setting 8
Bootstrap[20]: Time 2.897837 seconds, bootstrap likelihood -9997.150340, best rearrangement setting 10
Bootstrap[21]: Time 6.361646 seconds, bootstrap likelihood -10341.244867, best rearrangement setting 6
Bootstrap[22]: Time 6.084428 seconds, bootstrap likelihood -10098.327858, best rearrangement setting 5
Bootstrap[23]: Time 7.720655 seconds, bootstrap likelihood -10378.155355, best rearrangement setting 7
Bootstrap[24]: Time 8.863093 seconds, bootstrap likelihood -10269.896367, best rearrangement setting 8
Bootstrap[25]: Time 6.995207 seconds, bootstrap likelihood -10232.473602, best rearrangement setting 6
Bootstrap[26]: Time 8.639954 seconds, bootstrap likelihood -9443.208004, best rearrangement setting 12
Bootstrap[27]: Time 7.993899 seconds, bootstrap likelihood -9968.493544, best rearrangement setting 10
Bootstrap[28]: Time 7.623082 seconds, bootstrap likelihood -9785.006158, best rearrangement setting 11
Bootstrap[29]: Time 8.446420 seconds, bootstrap likelihood -10106.357101, best rearrangement setting 12
Bootstrap[30]: Time 6.727655 seconds, bootstrap likelihood -10203.709808, best rearrangement setting 15
Bootstrap[31]: Time 8.106049 seconds, bootstrap likelihood -10042.697303, best rearrangement setting 15
Bootstrap[32]: Time 6.797166 seconds, bootstrap likelihood -10552.189248, best rearrangement setting 6
Bootstrap[33]: Time 9.672609 seconds, bootstrap likelihood -10130.662831, best rearrangement setting 15
Bootstrap[34]: Time 7.501237 seconds, bootstrap likelihood -10299.121872, best rearrangement setting 11
Bootstrap[35]: Time 6.577200 seconds, bootstrap likelihood -10154.022574, best rearrangement setting 8
Bootstrap[36]: Time 8.215979 seconds, bootstrap likelihood -9950.634557, best rearrangement setting 9
Bootstrap[37]: Time 9.656100 seconds, bootstrap likelihood -9837.174473, best rearrangement setting 11
Bootstrap[38]: Time 8.270606 seconds, bootstrap likelihood -10528.271227, best rearrangement setting 8
Bootstrap[39]: Time 6.741021 seconds, bootstrap likelihood -10455.254663, best rearrangement setting 13
Bootstrap[40]: Time 8.186083 seconds, bootstrap likelihood -10035.242801, best rearrangement setting 13
Bootstrap[41]: Time 8.654951 seconds, bootstrap likelihood -10075.425909, best rearrangement setting 10
Bootstrap[42]: Time 5.994154 seconds, bootstrap likelihood -10189.180987, best rearrangement setting 5
Bootstrap[43]: Time 8.288596 seconds, bootstrap likelihood -9829.818360, best rearrangement setting 14
Bootstrap[44]: Time 7.748729 seconds, bootstrap likelihood -10523.299517, best rearrangement setting 10
Bootstrap[45]: Time 8.492544 seconds, bootstrap likelihood -9904.988027, best rearrangement setting 15
Bootstrap[46]: Time 10.324593 seconds, bootstrap likelihood -10092.659413, best rearrangement setting 14
Bootstrap[47]: Time 7.682245 seconds, bootstrap likelihood -10274.499538, best rearrangement setting 8
Bootstrap[48]: Time 6.728367 seconds, bootstrap likelihood -9884.122652, best rearrangement setting 6
Bootstrap[49]: Time 7.199774 seconds, bootstrap likelihood -10292.863388, best rearrangement setting 7
Bootstrap[50]: Time 6.733250 seconds, bootstrap likelihood -10280.649957, best rearrangement setting 7
Bootstrap[51]: Time 8.726706 seconds, bootstrap likelihood -9863.481395, best rearrangement setting 11
Bootstrap[52]: Time 7.750919 seconds, bootstrap likelihood -10052.489778, best rearrangement setting 12
Bootstrap[53]: Time 7.679115 seconds, bootstrap likelihood -10263.836145, best rearrangement setting 8
Bootstrap[54]: Time 9.364680 seconds, bootstrap likelihood -10134.535330, best rearrangement setting 9
Bootstrap[55]: Time 8.426119 seconds, bootstrap likelihood -10163.942149, best rearrangement setting 11
Bootstrap[56]: Time 5.817431 seconds, bootstrap likelihood -10408.564866, best rearrangement setting 5
Bootstrap[57]: Time 7.172799 seconds, bootstrap likelihood -10236.330582, best rearrangement setting 7
Bootstrap[58]: Time 8.198121 seconds, bootstrap likelihood -10144.203222, best rearrangement setting 10
Bootstrap[59]: Time 8.956170 seconds, bootstrap likelihood -10150.137606, best rearrangement setting 9
Bootstrap[60]: Time 6.861373 seconds, bootstrap likelihood -10622.857574, best rearrangement setting 7
Bootstrap[61]: Time 6.851073 seconds, bootstrap likelihood -9845.569087, best rearrangement setting 5
Bootstrap[62]: Time 7.736934 seconds, bootstrap likelihood -10463.189530, best rearrangement setting 11
Bootstrap[63]: Time 8.674874 seconds, bootstrap likelihood -9904.057299, best rearrangement setting 12
Bootstrap[64]: Time 7.020213 seconds, bootstrap likelihood -10482.418527, best rearrangement setting 7
Bootstrap[65]: Time 6.634660 seconds, bootstrap likelihood -9982.092215, best rearrangement setting 5
Bootstrap[66]: Time 6.275288 seconds, bootstrap likelihood -10345.487221, best rearrangement setting 5
Bootstrap[67]: Time 8.344413 seconds, bootstrap likelihood -10309.310439, best rearrangement setting 15
Bootstrap[68]: Time 6.487094 seconds, bootstrap likelihood -9838.566294, best rearrangement setting 11
Bootstrap[69]: Time 6.426545 seconds, bootstrap likelihood -10212.711520, best rearrangement setting 5
Bootstrap[70]: Time 7.323660 seconds, bootstrap likelihood -9827.773594, best rearrangement setting 8
Bootstrap[71]: Time 9.280757 seconds, bootstrap likelihood -10137.222068, best rearrangement setting 10
Bootstrap[72]: Time 8.392065 seconds, bootstrap likelihood -9980.247360, best rearrangement setting 11
Bootstrap[73]: Time 7.669583 seconds, bootstrap likelihood -10095.373128, best rearrangement setting 9
Bootstrap[74]: Time 5.904312 seconds, bootstrap likelihood -10360.085506, best rearrangement setting 5
Bootstrap[75]: Time 6.877696 seconds, bootstrap likelihood -10328.530042, best rearrangement setting 8
Bootstrap[76]: Time 7.633106 seconds, bootstrap likelihood -9785.330892, best rearrangement setting 9
Bootstrap[77]: Time 7.732763 seconds, bootstrap likelihood -10034.888370, best rearrangement setting 11
Bootstrap[78]: Time 7.648645 seconds, bootstrap likelihood -10070.226394, best rearrangement setting 15
Bootstrap[79]: Time 7.592582 seconds, bootstrap likelihood -9926.378394, best rearrangement setting 9
Bootstrap[80]: Time 9.833284 seconds, bootstrap likelihood -10177.148139, best rearrangement setting 15
Bootstrap[81]: Time 7.094516 seconds, bootstrap likelihood -10096.038817, best rearrangement setting 7
Bootstrap[82]: Time 7.022660 seconds, bootstrap likelihood -10509.435874, best rearrangement setting 6
Bootstrap[83]: Time 7.013483 seconds, bootstrap likelihood -9994.122140, best rearrangement setting 10
Bootstrap[84]: Time 8.334075 seconds, bootstrap likelihood -10060.064252, best rearrangement setting 11
Bootstrap[85]: Time 8.119220 seconds, bootstrap likelihood -10289.544588, best rearrangement setting 8
Bootstrap[86]: Time 9.959421 seconds, bootstrap likelihood -9909.669018, best rearrangement setting 7
Bootstrap[87]: Time 7.208363 seconds, bootstrap likelihood -10231.515122, best rearrangement setting 7
Bootstrap[88]: Time 6.658592 seconds, bootstrap likelihood -10423.544966, best rearrangement setting 12
Bootstrap[89]: Time 8.593724 seconds, bootstrap likelihood -10034.856391, best rearrangement setting 10
Bootstrap[90]: Time 7.944665 seconds, bootstrap likelihood -9985.668002, best rearrangement setting 8
Bootstrap[91]: Time 8.725206 seconds, bootstrap likelihood -10139.314013, best rearrangement setting 12
Bootstrap[92]: Time 8.543445 seconds, bootstrap likelihood -10410.380015, best rearrangement setting 13
Bootstrap[93]: Time 8.493904 seconds, bootstrap likelihood -10129.220202, best rearrangement setting 15
Bootstrap[94]: Time 6.780161 seconds, bootstrap likelihood -9562.190457, best rearrangement setting 5
Bootstrap[95]: Time 7.162725 seconds, bootstrap likelihood -9830.603526, best rearrangement setting 5
Bootstrap[96]: Time 9.157996 seconds, bootstrap likelihood -10103.198822, best rearrangement setting 13
Bootstrap[97]: Time 8.121817 seconds, bootstrap likelihood -9888.979916, best rearrangement setting 11
Bootstrap[98]: Time 7.141395 seconds, bootstrap likelihood -10067.360520, best rearrangement setting 6
Bootstrap[99]: Time 8.463853 seconds, bootstrap likelihood -10095.098528, best rearrangement setting 14


Overall Time for 100 Rapid Bootstraps 762.135915 seconds
Average Time per Rapid Bootstrap 7.621359 seconds

Starting ML Search ...

Fast ML optimization finished

Fast ML search Time: 601.312525 seconds

Slow ML Search 0 Likelihood: -11186.836769
Slow ML Search 1 Likelihood: -11186.834678
Slow ML Search 2 Likelihood: -11186.834569
Slow ML Search 3 Likelihood: -11186.891083
Slow ML Search 4 Likelihood: -11186.834425
Slow ML Search 5 Likelihood: -11190.194158
Slow ML Search 6 Likelihood: -11190.195306
Slow ML Search 7 Likelihood: -11188.111086
Slow ML Search 8 Likelihood: -11188.114816
Slow ML Search 9 Likelihood: -11188.159937
Slow ML optimization finished

Slow ML search Time: 287.706558 seconds
Thorough ML search Time: 82.923543 seconds

Final ML Optimization Likelihood: -11186.833322

Model Information:

Model Parameters of Partition 0, Name: No Name Provided, Type of Data: AA
alpha: 1.189431
Tree-Length: 0.732716
rate A <-> R: 0.603538
rate A <-> N: 0.561915
rate A <-> D: 0.842872
rate A <-> C: 0.582726
rate A <-> Q: 0.593132
rate A <-> E: 1.092612
rate A <-> G: 1.862643
rate A <-> H: 0.280957
rate A <-> I: 0.374610
rate A <-> L: 0.312175
rate A <-> K: 0.364204
rate A <-> M: 0.561915
rate A <-> F: 0.156087
rate A <-> P: 2.018730
rate A <-> S: 3.933403
rate A <-> T: 4.942768
rate A <-> W: 0.093652
rate A <-> Y: 0.114464
rate A <-> V: 3.100937
rate R <-> N: 0.468262
rate R <-> D: 0.166493
rate R <-> C: 1.175858
rate R <-> Q: 3.225806
rate R <-> E: 0.301769
rate R <-> G: 1.425598
rate R <-> H: 3.413111
rate R <-> I: 0.228928
rate R <-> L: 0.395421
rate R <-> K: 6.722164
rate R <-> M: 0.457856
rate R <-> F: 0.052029
rate R <-> P: 0.770031
rate R <-> S: 1.050989
rate R <-> T: 0.665973
rate R <-> W: 1.311134
rate R <-> Y: 0.208117
rate R <-> V: 0.176899
rate N <-> D: 5.494277
rate N <-> C: 0.353798
rate N <-> Q: 0.894901
rate N <-> E: 0.603538
rate N <-> G: 0.842872
rate N <-> H: 4.068678
rate N <-> I: 0.489074
rate N <-> L: 0.124870
rate N <-> K: 2.736733
rate N <-> M: 0.312175
rate N <-> F: 0.104058
rate N <-> P: 0.156087
rate N <-> S: 5.234131
rate N <-> T: 2.414152
rate N <-> W: 0.083247
rate N <-> Y: 0.728408
rate N <-> V: 0.166493
rate D <-> C: 0.104058
rate D <-> Q: 0.509886
rate D <-> E: 7.981270
rate D <-> G: 1.352758
rate D <-> H: 1.165453
rate D <-> I: 0.114464
rate D <-> L: 0.072841
rate D <-> K: 0.270552
rate D <-> M: 0.156087
rate D <-> F: 0.041623
rate D <-> P: 0.156087
rate D <-> S: 0.613944
rate D <-> T: 0.395421
rate D <-> W: 0.041623
rate D <-> Y: 0.478668
rate D <-> V: 0.322581
rate C <-> Q: 0.093652
rate C <-> E: 0.052029
rate C <-> G: 0.613944
rate C <-> H: 0.718002
rate C <-> I: 0.176899
rate C <-> L: 0.239334
rate C <-> K: 0.072841
rate C <-> M: 0.322581
rate C <-> F: 0.811655
rate C <-> P: 0.145682
rate C <-> S: 2.320499
rate C <-> T: 0.437045
rate C <-> W: 1.196670
rate C <-> Y: 2.174818
rate C <-> V: 0.645161
rate Q <-> E: 3.361082
rate Q <-> G: 0.270552
rate Q <-> H: 6.212279
rate Q <-> I: 0.093652
rate Q <-> L: 0.749220
rate Q <-> K: 3.038502
rate Q <-> M: 0.447451
rate Q <-> F: 0.041623
rate Q <-> P: 1.706556
rate Q <-> S: 0.551509
rate Q <-> T: 0.530697
rate Q <-> W: 0.187305
rate Q <-> Y: 0.249740
rate Q <-> V: 0.208117
rate E <-> G: 1.238293
rate E <-> H: 0.270552
rate E <-> I: 0.124870
rate E <-> L: 0.093652
rate E <-> K: 1.883455
rate E <-> M: 0.187305
rate E <-> F: 0.052029
rate E <-> P: 0.187305
rate E <-> S: 0.312175
rate E <-> T: 0.332986
rate E <-> W: 0.104058
rate E <-> Y: 0.072841
rate E <-> V: 0.468262
rate G <-> H: 0.239334
rate G <-> I: 0.062435
rate G <-> L: 0.062435
rate G <-> K: 0.280957
rate G <-> M: 0.145682
rate G <-> F: 0.052029
rate G <-> P: 0.249740
rate G <-> S: 2.091571
rate G <-> T: 0.343392
rate G <-> W: 0.572320
rate G <-> Y: 0.083247
rate G <-> V: 0.489074
rate H <-> I: 0.166493
rate H <-> L: 0.582726
rate H <-> K: 0.468262
rate H <-> M: 0.343392
rate H <-> F: 0.416233
rate H <-> P: 1.196670
rate H <-> S: 0.759625
rate H <-> T: 0.478668
rate H <-> W: 0.083247
rate H <-> Y: 5.962539
rate H <-> V: 0.114464
rate I <-> L: 2.382934
rate I <-> K: 0.218522
rate I <-> M: 4.984391
rate I <-> F: 0.926119
rate I <-> P: 0.104058
rate I <-> S: 0.416233
rate I <-> T: 2.549428
rate I <-> W: 0.093652
rate I <-> Y: 0.332986
rate I <-> V: 10.000000
rate L <-> K: 0.145682
rate L <-> M: 4.037461
rate L <-> F: 2.580645
rate L <-> P: 1.061394
rate L <-> S: 0.613944
rate L <-> T: 0.260146
rate L <-> W: 0.541103
rate L <-> Y: 0.249740
rate L <-> V: 1.873049
rate K <-> M: 0.676379
rate K <-> F: 0.041623
rate K <-> P: 0.218522
rate K <-> S: 0.489074
rate K <-> T: 1.071800
rate K <-> W: 0.104058
rate K <-> Y: 0.083247
rate K <-> V: 0.145682
rate M <-> F: 0.447451
rate M <-> P: 0.166493
rate M <-> S: 0.301769
rate M <-> T: 2.351717
rate M <-> W: 0.249740
rate M <-> Y: 0.187305
rate M <-> V: 3.361082
rate F <-> P: 0.176899
rate F <-> S: 0.957336
rate F <-> T: 0.124870
rate F <-> W: 0.551509
rate F <-> Y: 5.577523
rate F <-> V: 0.645161
rate P <-> S: 2.965661
rate P <-> T: 1.227888
rate P <-> W: 0.062435
rate P <-> Y: 0.104058
rate P <-> V: 0.239334
rate S <-> T: 4.963580
rate S <-> W: 0.364204
rate S <-> Y: 0.655567
rate S <-> V: 0.395421
rate T <-> W: 0.124870
rate T <-> Y: 0.218522
rate T <-> V: 1.165453
rate W <-> Y: 0.738814
rate W <-> V: 0.260146
rate Y <-> V: 0.166493

freq pi(A): 0.076748
freq pi(R): 0.051691
freq pi(N): 0.042645
freq pi(D): 0.051544
freq pi(C): 0.019803
freq pi(Q): 0.040752
freq pi(E): 0.061830
freq pi(G): 0.073152
freq pi(H): 0.022944
freq pi(I): 0.053761
freq pi(L): 0.091904
freq pi(K): 0.058676
freq pi(M): 0.023826
freq pi(F): 0.040126
freq pi(P): 0.050901
freq pi(S): 0.068765
freq pi(T): 0.058565
freq pi(W): 0.014261
freq pi(Y): 0.032102
freq pi(V): 0.066004


ML search took 971.970716 secs or 0.269992 hours

Combined Bootstrap and ML search took 1734.106840 secs or 0.481696 hours

Drawing Bootstrap Support Values on best-scoring ML tree ...



Found 1 tree in File /Users/prigozhin/Dropbox/NLRomes/Atha_SnkMk_NLRome/RAxML_tree_pbNB-ARC/Initial_Clades/RAxML_bestTree.Int12855_119.Raxml.out



Found 1 tree in File /Users/prigozhin/Dropbox/NLRomes/Atha_SnkMk_NLRome/RAxML_tree_pbNB-ARC/Initial_Clades/RAxML_bestTree.Int12855_119.Raxml.out

Program execution info written to /Users/prigozhin/Dropbox/NLRomes/Atha_SnkMk_NLRome/RAxML_tree_pbNB-ARC/Initial_Clades/RAxML_info.Int12855_119.Raxml.out
All 100 bootstrapped trees written to: /Users/prigozhin/Dropbox/NLRomes/Atha_SnkMk_NLRome/RAxML_tree_pbNB-ARC/Initial_Clades/RAxML_bootstrap.Int12855_119.Raxml.out

Best-scoring ML tree written to: /Users/prigozhin/Dropbox/NLRomes/Atha_SnkMk_NLRome/RAxML_tree_pbNB-ARC/Initial_Clades/RAxML_bestTree.Int12855_119.Raxml.out

Best-scoring ML tree with support values written to: /Users/prigozhin/Dropbox/NLRomes/Atha_SnkMk_NLRome/RAxML_tree_pbNB-ARC/Initial_Clades/RAxML_bipartitions.Int12855_119.Raxml.out

Best-scoring ML tree with support values as branch labels written to: /Users/prigozhin/Dropbox/NLRomes/Atha_SnkMk_NLRome/RAxML_tree_pbNB-ARC/Initial_Clades/RAxML_bipartitionsBranchLabels.Int12855_119.Raxml.out

Overall execution time for full ML analysis: 1734.131285 secs or 0.481703 hours or 0.020071 days

