

This is RAxML version 8.2.12 released by Alexandros Stamatakis on May 2018.

With greatly appreciated code contributions by:
Andre Aberer      (HITS)
Simon Berger      (HITS)
Alexey Kozlov     (HITS)
Kassian Kobert    (HITS)
David Dao         (KIT and HITS)
Sarah Lutteropp   (KIT and HITS)
Nick Pattengale   (Sandia)
Wayne Pfeiffer    (SDSC)
Akifumi S. Tanabe (NRIFS)
Charlie Taylor    (UF)


Alignment has 584 distinct alignment patterns

Proportion of gaps and completely undetermined characters in this alignment: 15.72%

RAxML rapid bootstrapping and subsequent ML search

Using 1 distinct models/data partitions with joint branch length optimization



Executing 100 rapid bootstrap inferences and thereafter a thorough ML search 

All free model parameters will be estimated by RAxML
ML estimate of 25 per site rate categories

Likelihood of final tree will be evaluated and optimized under GAMMA

GAMMA Model parameters will be estimated up to an accuracy of 0.1000000000 Log Likelihood units

Partition: 0
Alignment Patterns: 584
Name: No Name Provided
DataType: AA
Substitution Matrix: JTT
Using fixed base frequencies




RAxML was called as follows:

/Users/prigozhin/Installers/standard-RAxML/raxmlHPC-PTHREADS-AVX -T 2 -n Int11614_14.Raxml.out -f a -x 12345 -p 12345 -# 100 -m PROTCATJTT -s ../../RAxML_tree_pbNB-ARC/Initial_Clades/Int11614_14.afa 



Time for BS model parameter optimization 0.456409
Bootstrap[0]: Time 0.942300 seconds, bootstrap likelihood -6992.987430, best rearrangement setting 13
Bootstrap[1]: Time 0.508883 seconds, bootstrap likelihood -7233.307083, best rearrangement setting 13
Bootstrap[2]: Time 0.581282 seconds, bootstrap likelihood -7079.149197, best rearrangement setting 12
Bootstrap[3]: Time 0.623668 seconds, bootstrap likelihood -7087.809801, best rearrangement setting 15
Bootstrap[4]: Time 0.571619 seconds, bootstrap likelihood -7049.713161, best rearrangement setting 10
Bootstrap[5]: Time 0.464679 seconds, bootstrap likelihood -7106.239267, best rearrangement setting 10
Bootstrap[6]: Time 0.421979 seconds, bootstrap likelihood -7163.319625, best rearrangement setting 6
Bootstrap[7]: Time 0.441840 seconds, bootstrap likelihood -7221.391704, best rearrangement setting 14
Bootstrap[8]: Time 0.397527 seconds, bootstrap likelihood -7123.048023, best rearrangement setting 5
Bootstrap[9]: Time 0.685281 seconds, bootstrap likelihood -7207.154549, best rearrangement setting 7
Bootstrap[10]: Time 0.427253 seconds, bootstrap likelihood -7176.243436, best rearrangement setting 7
Bootstrap[11]: Time 0.153162 seconds, bootstrap likelihood -7027.364969, best rearrangement setting 5
Bootstrap[12]: Time 0.367767 seconds, bootstrap likelihood -7174.645769, best rearrangement setting 8
Bootstrap[13]: Time 0.402792 seconds, bootstrap likelihood -7043.103745, best rearrangement setting 7
Bootstrap[14]: Time 0.489622 seconds, bootstrap likelihood -7246.479540, best rearrangement setting 12
Bootstrap[15]: Time 0.293284 seconds, bootstrap likelihood -7025.761459, best rearrangement setting 15
Bootstrap[16]: Time 0.517068 seconds, bootstrap likelihood -7046.839243, best rearrangement setting 12
Bootstrap[17]: Time 0.587583 seconds, bootstrap likelihood -7105.597394, best rearrangement setting 12
Bootstrap[18]: Time 0.342337 seconds, bootstrap likelihood -7065.359241, best rearrangement setting 5
Bootstrap[19]: Time 0.403873 seconds, bootstrap likelihood -7071.181090, best rearrangement setting 8
Bootstrap[20]: Time 0.347936 seconds, bootstrap likelihood -7138.137541, best rearrangement setting 10
Bootstrap[21]: Time 0.382333 seconds, bootstrap likelihood -7121.586864, best rearrangement setting 6
Bootstrap[22]: Time 0.485177 seconds, bootstrap likelihood -6922.911620, best rearrangement setting 5
Bootstrap[23]: Time 0.388017 seconds, bootstrap likelihood -7120.379475, best rearrangement setting 7
Bootstrap[24]: Time 0.476252 seconds, bootstrap likelihood -7187.941094, best rearrangement setting 8
Bootstrap[25]: Time 0.478412 seconds, bootstrap likelihood -6941.271041, best rearrangement setting 6
Bootstrap[26]: Time 0.579769 seconds, bootstrap likelihood -7169.191234, best rearrangement setting 12
Bootstrap[27]: Time 0.210784 seconds, bootstrap likelihood -7032.902879, best rearrangement setting 10
Bootstrap[28]: Time 0.167457 seconds, bootstrap likelihood -7138.664500, best rearrangement setting 11
Bootstrap[29]: Time 0.460983 seconds, bootstrap likelihood -7127.813600, best rearrangement setting 12
Bootstrap[30]: Time 0.420692 seconds, bootstrap likelihood -7181.238580, best rearrangement setting 15
Bootstrap[31]: Time 0.349935 seconds, bootstrap likelihood -7226.262526, best rearrangement setting 15
Bootstrap[32]: Time 0.663757 seconds, bootstrap likelihood -7016.898830, best rearrangement setting 6
Bootstrap[33]: Time 0.505968 seconds, bootstrap likelihood -7194.821709, best rearrangement setting 15
Bootstrap[34]: Time 0.558812 seconds, bootstrap likelihood -7176.925471, best rearrangement setting 11
Bootstrap[35]: Time 0.157853 seconds, bootstrap likelihood -7244.606011, best rearrangement setting 8
Bootstrap[36]: Time 0.466920 seconds, bootstrap likelihood -7109.877463, best rearrangement setting 9
Bootstrap[37]: Time 0.583347 seconds, bootstrap likelihood -7134.032658, best rearrangement setting 11
Bootstrap[38]: Time 0.587399 seconds, bootstrap likelihood -7123.359404, best rearrangement setting 8
Bootstrap[39]: Time 0.370779 seconds, bootstrap likelihood -7073.845053, best rearrangement setting 13
Bootstrap[40]: Time 0.427130 seconds, bootstrap likelihood -7187.963895, best rearrangement setting 13
Bootstrap[41]: Time 0.406373 seconds, bootstrap likelihood -7044.256076, best rearrangement setting 10
Bootstrap[42]: Time 0.526731 seconds, bootstrap likelihood -7160.363991, best rearrangement setting 5
Bootstrap[43]: Time 0.160770 seconds, bootstrap likelihood -7261.152034, best rearrangement setting 14
Bootstrap[44]: Time 0.174825 seconds, bootstrap likelihood -7150.989278, best rearrangement setting 10
Bootstrap[45]: Time 0.340389 seconds, bootstrap likelihood -7105.933723, best rearrangement setting 15
Bootstrap[46]: Time 0.480691 seconds, bootstrap likelihood -7016.330816, best rearrangement setting 14
Bootstrap[47]: Time 0.519260 seconds, bootstrap likelihood -7120.051420, best rearrangement setting 8
Bootstrap[48]: Time 0.388509 seconds, bootstrap likelihood -7113.293041, best rearrangement setting 6
Bootstrap[49]: Time 0.168967 seconds, bootstrap likelihood -7079.903635, best rearrangement setting 7
Bootstrap[50]: Time 0.668398 seconds, bootstrap likelihood -7247.908033, best rearrangement setting 7
Bootstrap[51]: Time 0.652277 seconds, bootstrap likelihood -7113.551043, best rearrangement setting 11
Bootstrap[52]: Time 0.165017 seconds, bootstrap likelihood -7089.754530, best rearrangement setting 12
Bootstrap[53]: Time 0.518016 seconds, bootstrap likelihood -7096.188802, best rearrangement setting 8
Bootstrap[54]: Time 0.512240 seconds, bootstrap likelihood -7074.191673, best rearrangement setting 9
Bootstrap[55]: Time 0.646614 seconds, bootstrap likelihood -7123.683191, best rearrangement setting 11
Bootstrap[56]: Time 0.201151 seconds, bootstrap likelihood -7173.195678, best rearrangement setting 5
Bootstrap[57]: Time 0.373573 seconds, bootstrap likelihood -7081.719180, best rearrangement setting 7
Bootstrap[58]: Time 0.341408 seconds, bootstrap likelihood -7136.307268, best rearrangement setting 10
Bootstrap[59]: Time 0.402623 seconds, bootstrap likelihood -7125.473148, best rearrangement setting 9
Bootstrap[60]: Time 0.409762 seconds, bootstrap likelihood -7237.707797, best rearrangement setting 7
Bootstrap[61]: Time 0.365813 seconds, bootstrap likelihood -7165.822815, best rearrangement setting 5
Bootstrap[62]: Time 0.679060 seconds, bootstrap likelihood -7087.168059, best rearrangement setting 11
Bootstrap[63]: Time 0.620614 seconds, bootstrap likelihood -7163.373988, best rearrangement setting 12
Bootstrap[64]: Time 0.386635 seconds, bootstrap likelihood -7112.310052, best rearrangement setting 7
Bootstrap[65]: Time 0.179202 seconds, bootstrap likelihood -7365.393991, best rearrangement setting 5
Bootstrap[66]: Time 0.435274 seconds, bootstrap likelihood -7156.646862, best rearrangement setting 5
Bootstrap[67]: Time 0.482623 seconds, bootstrap likelihood -7179.045799, best rearrangement setting 15
Bootstrap[68]: Time 0.359964 seconds, bootstrap likelihood -7045.654339, best rearrangement setting 11
Bootstrap[69]: Time 0.689133 seconds, bootstrap likelihood -7229.254775, best rearrangement setting 5
Bootstrap[70]: Time 0.399074 seconds, bootstrap likelihood -6957.981482, best rearrangement setting 8
Bootstrap[71]: Time 0.647968 seconds, bootstrap likelihood -7090.544747, best rearrangement setting 10
Bootstrap[72]: Time 0.389085 seconds, bootstrap likelihood -7114.388640, best rearrangement setting 11
Bootstrap[73]: Time 0.593918 seconds, bootstrap likelihood -7013.086977, best rearrangement setting 9
Bootstrap[74]: Time 0.637148 seconds, bootstrap likelihood -7105.447394, best rearrangement setting 5
Bootstrap[75]: Time 0.535379 seconds, bootstrap likelihood -7218.778795, best rearrangement setting 8
Bootstrap[76]: Time 0.388921 seconds, bootstrap likelihood -7201.289129, best rearrangement setting 9
Bootstrap[77]: Time 0.358591 seconds, bootstrap likelihood -7027.406380, best rearrangement setting 11
Bootstrap[78]: Time 0.443736 seconds, bootstrap likelihood -7118.792634, best rearrangement setting 15
Bootstrap[79]: Time 0.565299 seconds, bootstrap likelihood -7008.201220, best rearrangement setting 9
Bootstrap[80]: Time 0.676950 seconds, bootstrap likelihood -7115.580514, best rearrangement setting 15
Bootstrap[81]: Time 0.404473 seconds, bootstrap likelihood -7038.051179, best rearrangement setting 7
Bootstrap[82]: Time 0.434156 seconds, bootstrap likelihood -7251.926443, best rearrangement setting 6
Bootstrap[83]: Time 0.642069 seconds, bootstrap likelihood -7072.243727, best rearrangement setting 10
Bootstrap[84]: Time 0.601242 seconds, bootstrap likelihood -7142.683083, best rearrangement setting 11
Bootstrap[85]: Time 0.515986 seconds, bootstrap likelihood -7113.878129, best rearrangement setting 8
Bootstrap[86]: Time 0.560499 seconds, bootstrap likelihood -7130.448399, best rearrangement setting 7
Bootstrap[87]: Time 0.543281 seconds, bootstrap likelihood -7130.405740, best rearrangement setting 7
Bootstrap[88]: Time 0.454361 seconds, bootstrap likelihood -7011.382679, best rearrangement setting 12
Bootstrap[89]: Time 0.324138 seconds, bootstrap likelihood -7056.261009, best rearrangement setting 10
Bootstrap[90]: Time 0.432424 seconds, bootstrap likelihood -7271.836143, best rearrangement setting 8
Bootstrap[91]: Time 0.419994 seconds, bootstrap likelihood -7043.324591, best rearrangement setting 12
Bootstrap[92]: Time 0.467730 seconds, bootstrap likelihood -7267.920762, best rearrangement setting 13
Bootstrap[93]: Time 0.177517 seconds, bootstrap likelihood -7147.536392, best rearrangement setting 15
Bootstrap[94]: Time 0.277835 seconds, bootstrap likelihood -7134.475813, best rearrangement setting 5
Bootstrap[95]: Time 0.395827 seconds, bootstrap likelihood -7166.832594, best rearrangement setting 5
Bootstrap[96]: Time 0.333816 seconds, bootstrap likelihood -7124.624261, best rearrangement setting 13
Bootstrap[97]: Time 0.404622 seconds, bootstrap likelihood -7085.140759, best rearrangement setting 11
Bootstrap[98]: Time 0.535923 seconds, bootstrap likelihood -7175.580953, best rearrangement setting 6
Bootstrap[99]: Time 0.349228 seconds, bootstrap likelihood -7135.702959, best rearrangement setting 14


Overall Time for 100 Rapid Bootstraps 44.895427 seconds
Average Time per Rapid Bootstrap 0.448954 seconds

Starting ML Search ...

Fast ML optimization finished

Fast ML search Time: 19.030148 seconds

Slow ML Search 0 Likelihood: -8023.460146
Slow ML Search 1 Likelihood: -8023.289851
Slow ML Search 2 Likelihood: -8023.085331
Slow ML Search 3 Likelihood: -8023.085331
Slow ML Search 4 Likelihood: -8023.085331
Slow ML Search 5 Likelihood: -8023.085331
Slow ML Search 6 Likelihood: -8023.085331
Slow ML Search 7 Likelihood: -8023.085408
Slow ML Search 8 Likelihood: -8023.085331
Slow ML Search 9 Likelihood: -8023.085331
Slow ML optimization finished

Slow ML search Time: 9.557537 seconds
Thorough ML search Time: 2.156073 seconds

Final ML Optimization Likelihood: -8019.615451

Model Information:

Model Parameters of Partition 0, Name: No Name Provided, Type of Data: AA
alpha: 0.423899
Tree-Length: 1.740671
rate A <-> R: 0.603538
rate A <-> N: 0.561915
rate A <-> D: 0.842872
rate A <-> C: 0.582726
rate A <-> Q: 0.593132
rate A <-> E: 1.092612
rate A <-> G: 1.862643
rate A <-> H: 0.280957
rate A <-> I: 0.374610
rate A <-> L: 0.312175
rate A <-> K: 0.364204
rate A <-> M: 0.561915
rate A <-> F: 0.156087
rate A <-> P: 2.018730
rate A <-> S: 3.933403
rate A <-> T: 4.942768
rate A <-> W: 0.093652
rate A <-> Y: 0.114464
rate A <-> V: 3.100937
rate R <-> N: 0.468262
rate R <-> D: 0.166493
rate R <-> C: 1.175858
rate R <-> Q: 3.225806
rate R <-> E: 0.301769
rate R <-> G: 1.425598
rate R <-> H: 3.413111
rate R <-> I: 0.228928
rate R <-> L: 0.395421
rate R <-> K: 6.722164
rate R <-> M: 0.457856
rate R <-> F: 0.052029
rate R <-> P: 0.770031
rate R <-> S: 1.050989
rate R <-> T: 0.665973
rate R <-> W: 1.311134
rate R <-> Y: 0.208117
rate R <-> V: 0.176899
rate N <-> D: 5.494277
rate N <-> C: 0.353798
rate N <-> Q: 0.894901
rate N <-> E: 0.603538
rate N <-> G: 0.842872
rate N <-> H: 4.068678
rate N <-> I: 0.489074
rate N <-> L: 0.124870
rate N <-> K: 2.736733
rate N <-> M: 0.312175
rate N <-> F: 0.104058
rate N <-> P: 0.156087
rate N <-> S: 5.234131
rate N <-> T: 2.414152
rate N <-> W: 0.083247
rate N <-> Y: 0.728408
rate N <-> V: 0.166493
rate D <-> C: 0.104058
rate D <-> Q: 0.509886
rate D <-> E: 7.981270
rate D <-> G: 1.352758
rate D <-> H: 1.165453
rate D <-> I: 0.114464
rate D <-> L: 0.072841
rate D <-> K: 0.270552
rate D <-> M: 0.156087
rate D <-> F: 0.041623
rate D <-> P: 0.156087
rate D <-> S: 0.613944
rate D <-> T: 0.395421
rate D <-> W: 0.041623
rate D <-> Y: 0.478668
rate D <-> V: 0.322581
rate C <-> Q: 0.093652
rate C <-> E: 0.052029
rate C <-> G: 0.613944
rate C <-> H: 0.718002
rate C <-> I: 0.176899
rate C <-> L: 0.239334
rate C <-> K: 0.072841
rate C <-> M: 0.322581
rate C <-> F: 0.811655
rate C <-> P: 0.145682
rate C <-> S: 2.320499
rate C <-> T: 0.437045
rate C <-> W: 1.196670
rate C <-> Y: 2.174818
rate C <-> V: 0.645161
rate Q <-> E: 3.361082
rate Q <-> G: 0.270552
rate Q <-> H: 6.212279
rate Q <-> I: 0.093652
rate Q <-> L: 0.749220
rate Q <-> K: 3.038502
rate Q <-> M: 0.447451
rate Q <-> F: 0.041623
rate Q <-> P: 1.706556
rate Q <-> S: 0.551509
rate Q <-> T: 0.530697
rate Q <-> W: 0.187305
rate Q <-> Y: 0.249740
rate Q <-> V: 0.208117
rate E <-> G: 1.238293
rate E <-> H: 0.270552
rate E <-> I: 0.124870
rate E <-> L: 0.093652
rate E <-> K: 1.883455
rate E <-> M: 0.187305
rate E <-> F: 0.052029
rate E <-> P: 0.187305
rate E <-> S: 0.312175
rate E <-> T: 0.332986
rate E <-> W: 0.104058
rate E <-> Y: 0.072841
rate E <-> V: 0.468262
rate G <-> H: 0.239334
rate G <-> I: 0.062435
rate G <-> L: 0.062435
rate G <-> K: 0.280957
rate G <-> M: 0.145682
rate G <-> F: 0.052029
rate G <-> P: 0.249740
rate G <-> S: 2.091571
rate G <-> T: 0.343392
rate G <-> W: 0.572320
rate G <-> Y: 0.083247
rate G <-> V: 0.489074
rate H <-> I: 0.166493
rate H <-> L: 0.582726
rate H <-> K: 0.468262
rate H <-> M: 0.343392
rate H <-> F: 0.416233
rate H <-> P: 1.196670
rate H <-> S: 0.759625
rate H <-> T: 0.478668
rate H <-> W: 0.083247
rate H <-> Y: 5.962539
rate H <-> V: 0.114464
rate I <-> L: 2.382934
rate I <-> K: 0.218522
rate I <-> M: 4.984391
rate I <-> F: 0.926119
rate I <-> P: 0.104058
rate I <-> S: 0.416233
rate I <-> T: 2.549428
rate I <-> W: 0.093652
rate I <-> Y: 0.332986
rate I <-> V: 10.000000
rate L <-> K: 0.145682
rate L <-> M: 4.037461
rate L <-> F: 2.580645
rate L <-> P: 1.061394
rate L <-> S: 0.613944
rate L <-> T: 0.260146
rate L <-> W: 0.541103
rate L <-> Y: 0.249740
rate L <-> V: 1.873049
rate K <-> M: 0.676379
rate K <-> F: 0.041623
rate K <-> P: 0.218522
rate K <-> S: 0.489074
rate K <-> T: 1.071800
rate K <-> W: 0.104058
rate K <-> Y: 0.083247
rate K <-> V: 0.145682
rate M <-> F: 0.447451
rate M <-> P: 0.166493
rate M <-> S: 0.301769
rate M <-> T: 2.351717
rate M <-> W: 0.249740
rate M <-> Y: 0.187305
rate M <-> V: 3.361082
rate F <-> P: 0.176899
rate F <-> S: 0.957336
rate F <-> T: 0.124870
rate F <-> W: 0.551509
rate F <-> Y: 5.577523
rate F <-> V: 0.645161
rate P <-> S: 2.965661
rate P <-> T: 1.227888
rate P <-> W: 0.062435
rate P <-> Y: 0.104058
rate P <-> V: 0.239334
rate S <-> T: 4.963580
rate S <-> W: 0.364204
rate S <-> Y: 0.655567
rate S <-> V: 0.395421
rate T <-> W: 0.124870
rate T <-> Y: 0.218522
rate T <-> V: 1.165453
rate W <-> Y: 0.738814
rate W <-> V: 0.260146
rate Y <-> V: 0.166493

freq pi(A): 0.076748
freq pi(R): 0.051691
freq pi(N): 0.042645
freq pi(D): 0.051544
freq pi(C): 0.019803
freq pi(Q): 0.040752
freq pi(E): 0.061830
freq pi(G): 0.073152
freq pi(H): 0.022944
freq pi(I): 0.053761
freq pi(L): 0.091904
freq pi(K): 0.058676
freq pi(M): 0.023826
freq pi(F): 0.040126
freq pi(P): 0.050901
freq pi(S): 0.068765
freq pi(T): 0.058565
freq pi(W): 0.014261
freq pi(Y): 0.032102
freq pi(V): 0.066004


ML search took 30.782844 secs or 0.008551 hours

Combined Bootstrap and ML search took 75.678453 secs or 0.021022 hours

Drawing Bootstrap Support Values on best-scoring ML tree ...



Found 1 tree in File /Users/prigozhin/Dropbox/NLRomes/Atha_SnkMk_NLRome/RAxML_tree_pbNB-ARC/Initial_Clades/RAxML_bestTree.Int11614_14.Raxml.out



Found 1 tree in File /Users/prigozhin/Dropbox/NLRomes/Atha_SnkMk_NLRome/RAxML_tree_pbNB-ARC/Initial_Clades/RAxML_bestTree.Int11614_14.Raxml.out

Program execution info written to /Users/prigozhin/Dropbox/NLRomes/Atha_SnkMk_NLRome/RAxML_tree_pbNB-ARC/Initial_Clades/RAxML_info.Int11614_14.Raxml.out
All 100 bootstrapped trees written to: /Users/prigozhin/Dropbox/NLRomes/Atha_SnkMk_NLRome/RAxML_tree_pbNB-ARC/Initial_Clades/RAxML_bootstrap.Int11614_14.Raxml.out

Best-scoring ML tree written to: /Users/prigozhin/Dropbox/NLRomes/Atha_SnkMk_NLRome/RAxML_tree_pbNB-ARC/Initial_Clades/RAxML_bestTree.Int11614_14.Raxml.out

Best-scoring ML tree with support values written to: /Users/prigozhin/Dropbox/NLRomes/Atha_SnkMk_NLRome/RAxML_tree_pbNB-ARC/Initial_Clades/RAxML_bipartitions.Int11614_14.Raxml.out

Best-scoring ML tree with support values as branch labels written to: /Users/prigozhin/Dropbox/NLRomes/Atha_SnkMk_NLRome/RAxML_tree_pbNB-ARC/Initial_Clades/RAxML_bipartitionsBranchLabels.Int11614_14.Raxml.out

Overall execution time for full ML analysis: 75.682361 secs or 0.021023 hours or 0.000876 days

