

IMPORTANT WARNING: Sequences 6906_T141-R1 and 7396_T087-R1 are exactly identical


IMPORTANT WARNING: Sequences 6906_T141-R1 and 9792_T158-R1 are exactly identical


IMPORTANT WARNING: Sequences 6906_T141-R1 and 7167_T092-R1 are exactly identical


IMPORTANT WARNING: Sequences 6906_T141-R1 and 7415_T118-R1 are exactly identical


IMPORTANT WARNING: Sequences 9871_T094-R1 and 9947_T066-R1 are exactly identical


IMPORTANT WARNING: Sequences 108_T254-R1 and 7416_T105-R1 are exactly identical


IMPORTANT WARNING: Sequences 108_T254-R1 and 1925_T255-R1 are exactly identical


IMPORTANT WARNING: Sequences 108_T254-R1 and 7308_T161-R1 are exactly identical


IMPORTANT WARNING: Sequences 108_T254-R1 and 5784_T082-R1 are exactly identical


IMPORTANT WARNING: Sequences 108_T254-R1 and 6899_T099-R1 are exactly identical


IMPORTANT WARNING: Sequences 108_T254-R1 and 9518_T106-R1 are exactly identical


IMPORTANT WARNING: Sequences 108_T254-R1 and 9557_T159-R1 are exactly identical


IMPORTANT WARNING: Sequences 108_T254-R1 and 6939_T121-R1 are exactly identical


IMPORTANT WARNING: Sequences 108_T254-R1 and 7288_T136-R1 are exactly identical


IMPORTANT WARNING: Sequences 108_T254-R1 and 9597_T125-R1 are exactly identical


IMPORTANT WARNING: Sequences 108_T254-R1 and 9764_T200-R1 are exactly identical


IMPORTANT WARNING: Sequences 9654_T148-R1 and 6909_T149-R1 are exactly identical


IMPORTANT WARNING: Sequences 9784_T099-R1 and 7413_T125-R1 are exactly identical


IMPORTANT WARNING: Sequences 9134_T138-R1 and 9550_T153-R1 are exactly identical

IMPORTANT WARNING
Found 19 sequences that are exactly identical to other sequences in the alignment.
Normally they should be excluded from the analysis.

Just in case you might need it, an alignment file with 
sequence duplicates removed is printed to file ../../RAxML_tree_pbNB-ARC/Initial_Clades/Int13455_56.afa.reduced


This is RAxML version 8.2.12 released by Alexandros Stamatakis on May 2018.

With greatly appreciated code contributions by:
Andre Aberer      (HITS)
Simon Berger      (HITS)
Alexey Kozlov     (HITS)
Kassian Kobert    (HITS)
David Dao         (KIT and HITS)
Sarah Lutteropp   (KIT and HITS)
Nick Pattengale   (Sandia)
Wayne Pfeiffer    (SDSC)
Akifumi S. Tanabe (NRIFS)
Charlie Taylor    (UF)


Alignment has 324 distinct alignment patterns

Proportion of gaps and completely undetermined characters in this alignment: 8.08%

RAxML rapid bootstrapping and subsequent ML search

Using 1 distinct models/data partitions with joint branch length optimization



Executing 100 rapid bootstrap inferences and thereafter a thorough ML search 

All free model parameters will be estimated by RAxML
ML estimate of 25 per site rate categories

Likelihood of final tree will be evaluated and optimized under GAMMA

GAMMA Model parameters will be estimated up to an accuracy of 0.1000000000 Log Likelihood units

Partition: 0
Alignment Patterns: 324
Name: No Name Provided
DataType: AA
Substitution Matrix: JTT
Using fixed base frequencies




RAxML was called as follows:

/Users/prigozhin/Installers/standard-RAxML/raxmlHPC-PTHREADS-AVX -T 2 -n Int13455_56.Raxml.out -f a -x 12345 -p 12345 -# 100 -m PROTCATJTT -s ../../RAxML_tree_pbNB-ARC/Initial_Clades/Int13455_56.afa 



Time for BS model parameter optimization 0.384554
Bootstrap[0]: Time 2.285557 seconds, bootstrap likelihood -4602.519698, best rearrangement setting 13
Bootstrap[1]: Time 2.152157 seconds, bootstrap likelihood -4533.580350, best rearrangement setting 13
Bootstrap[2]: Time 1.788049 seconds, bootstrap likelihood -4798.657090, best rearrangement setting 12
Bootstrap[3]: Time 1.849364 seconds, bootstrap likelihood -4666.810154, best rearrangement setting 15
Bootstrap[4]: Time 1.581508 seconds, bootstrap likelihood -4677.994259, best rearrangement setting 10
Bootstrap[5]: Time 1.479341 seconds, bootstrap likelihood -4793.837321, best rearrangement setting 10
Bootstrap[6]: Time 1.532295 seconds, bootstrap likelihood -4533.825151, best rearrangement setting 6
Bootstrap[7]: Time 1.625028 seconds, bootstrap likelihood -4693.385238, best rearrangement setting 14
Bootstrap[8]: Time 1.445823 seconds, bootstrap likelihood -4753.857981, best rearrangement setting 5
Bootstrap[9]: Time 1.606846 seconds, bootstrap likelihood -4742.171475, best rearrangement setting 7
Bootstrap[10]: Time 1.659248 seconds, bootstrap likelihood -4565.166213, best rearrangement setting 7
Bootstrap[11]: Time 1.280673 seconds, bootstrap likelihood -4555.489300, best rearrangement setting 5
Bootstrap[12]: Time 1.486126 seconds, bootstrap likelihood -4656.985766, best rearrangement setting 8
Bootstrap[13]: Time 1.656723 seconds, bootstrap likelihood -4634.632045, best rearrangement setting 7
Bootstrap[14]: Time 1.740918 seconds, bootstrap likelihood -4575.786518, best rearrangement setting 12
Bootstrap[15]: Time 1.751450 seconds, bootstrap likelihood -4565.442282, best rearrangement setting 15
Bootstrap[16]: Time 1.636619 seconds, bootstrap likelihood -4683.310047, best rearrangement setting 12
Bootstrap[17]: Time 1.824652 seconds, bootstrap likelihood -4602.881414, best rearrangement setting 12
Bootstrap[18]: Time 1.475291 seconds, bootstrap likelihood -4830.108635, best rearrangement setting 5
Bootstrap[19]: Time 1.758843 seconds, bootstrap likelihood -4566.999122, best rearrangement setting 8
Bootstrap[20]: Time 1.560112 seconds, bootstrap likelihood -4663.706425, best rearrangement setting 10
Bootstrap[21]: Time 0.671532 seconds, bootstrap likelihood -4684.716164, best rearrangement setting 6
Bootstrap[22]: Time 1.668849 seconds, bootstrap likelihood -4809.480965, best rearrangement setting 5
Bootstrap[23]: Time 1.472553 seconds, bootstrap likelihood -4752.630311, best rearrangement setting 7
Bootstrap[24]: Time 1.818356 seconds, bootstrap likelihood -4649.790970, best rearrangement setting 8
Bootstrap[25]: Time 1.523261 seconds, bootstrap likelihood -4635.811354, best rearrangement setting 6
Bootstrap[26]: Time 2.591093 seconds, bootstrap likelihood -4524.296407, best rearrangement setting 12
Bootstrap[27]: Time 2.049222 seconds, bootstrap likelihood -4652.273538, best rearrangement setting 10
Bootstrap[28]: Time 1.698178 seconds, bootstrap likelihood -4730.138701, best rearrangement setting 11
Bootstrap[29]: Time 1.736878 seconds, bootstrap likelihood -4690.695350, best rearrangement setting 12
Bootstrap[30]: Time 1.690016 seconds, bootstrap likelihood -4738.214284, best rearrangement setting 15
Bootstrap[31]: Time 2.925477 seconds, bootstrap likelihood -4713.270404, best rearrangement setting 15
Bootstrap[32]: Time 1.366875 seconds, bootstrap likelihood -4636.066668, best rearrangement setting 6
Bootstrap[33]: Time 1.807795 seconds, bootstrap likelihood -4479.058767, best rearrangement setting 15
Bootstrap[34]: Time 1.672604 seconds, bootstrap likelihood -4647.948842, best rearrangement setting 11
Bootstrap[35]: Time 1.654868 seconds, bootstrap likelihood -4735.207664, best rearrangement setting 8
Bootstrap[36]: Time 1.731035 seconds, bootstrap likelihood -4541.908972, best rearrangement setting 9
Bootstrap[37]: Time 1.651122 seconds, bootstrap likelihood -4659.646894, best rearrangement setting 11
Bootstrap[38]: Time 1.512344 seconds, bootstrap likelihood -4610.834947, best rearrangement setting 8
Bootstrap[39]: Time 1.774842 seconds, bootstrap likelihood -4652.320024, best rearrangement setting 13
Bootstrap[40]: Time 1.675586 seconds, bootstrap likelihood -4713.426995, best rearrangement setting 13
Bootstrap[41]: Time 1.652739 seconds, bootstrap likelihood -4730.144760, best rearrangement setting 10
Bootstrap[42]: Time 1.399489 seconds, bootstrap likelihood -4536.738969, best rearrangement setting 5
Bootstrap[43]: Time 2.242821 seconds, bootstrap likelihood -4641.627093, best rearrangement setting 14
Bootstrap[44]: Time 1.610044 seconds, bootstrap likelihood -4651.417014, best rearrangement setting 10
Bootstrap[45]: Time 1.613839 seconds, bootstrap likelihood -4648.731002, best rearrangement setting 15
Bootstrap[46]: Time 1.847387 seconds, bootstrap likelihood -4576.158984, best rearrangement setting 14
Bootstrap[47]: Time 1.551197 seconds, bootstrap likelihood -4594.631212, best rearrangement setting 8
Bootstrap[48]: Time 1.831345 seconds, bootstrap likelihood -4432.679711, best rearrangement setting 6
Bootstrap[49]: Time 1.673434 seconds, bootstrap likelihood -4624.624293, best rearrangement setting 7
Bootstrap[50]: Time 1.852812 seconds, bootstrap likelihood -4693.590066, best rearrangement setting 7
Bootstrap[51]: Time 1.744129 seconds, bootstrap likelihood -4703.213938, best rearrangement setting 11
Bootstrap[52]: Time 1.705603 seconds, bootstrap likelihood -4743.027400, best rearrangement setting 12
Bootstrap[53]: Time 1.890491 seconds, bootstrap likelihood -4596.702692, best rearrangement setting 8
Bootstrap[54]: Time 2.055196 seconds, bootstrap likelihood -4597.176713, best rearrangement setting 9
Bootstrap[55]: Time 1.771894 seconds, bootstrap likelihood -4652.839713, best rearrangement setting 11
Bootstrap[56]: Time 1.528460 seconds, bootstrap likelihood -4655.820366, best rearrangement setting 5
Bootstrap[57]: Time 1.468829 seconds, bootstrap likelihood -4556.271319, best rearrangement setting 7
Bootstrap[58]: Time 2.020541 seconds, bootstrap likelihood -4589.809115, best rearrangement setting 10
Bootstrap[59]: Time 1.968497 seconds, bootstrap likelihood -4579.812265, best rearrangement setting 9
Bootstrap[60]: Time 2.404235 seconds, bootstrap likelihood -4657.607407, best rearrangement setting 7
Bootstrap[61]: Time 1.393467 seconds, bootstrap likelihood -4677.165240, best rearrangement setting 5
Bootstrap[62]: Time 1.929438 seconds, bootstrap likelihood -4641.219672, best rearrangement setting 11
Bootstrap[63]: Time 2.579391 seconds, bootstrap likelihood -4655.089366, best rearrangement setting 12
Bootstrap[64]: Time 1.750206 seconds, bootstrap likelihood -4643.988426, best rearrangement setting 7
Bootstrap[65]: Time 1.161655 seconds, bootstrap likelihood -4679.401005, best rearrangement setting 5
Bootstrap[66]: Time 1.319183 seconds, bootstrap likelihood -4647.364358, best rearrangement setting 5
Bootstrap[67]: Time 1.779767 seconds, bootstrap likelihood -4724.201899, best rearrangement setting 15
Bootstrap[68]: Time 1.989623 seconds, bootstrap likelihood -4638.651005, best rearrangement setting 11
Bootstrap[69]: Time 1.335359 seconds, bootstrap likelihood -4641.602214, best rearrangement setting 5
Bootstrap[70]: Time 1.418967 seconds, bootstrap likelihood -4672.431118, best rearrangement setting 8
Bootstrap[71]: Time 1.624358 seconds, bootstrap likelihood -4563.640827, best rearrangement setting 10
Bootstrap[72]: Time 1.824450 seconds, bootstrap likelihood -4434.513904, best rearrangement setting 11
Bootstrap[73]: Time 1.803353 seconds, bootstrap likelihood -4701.799993, best rearrangement setting 9
Bootstrap[74]: Time 1.290539 seconds, bootstrap likelihood -4596.493096, best rearrangement setting 5
Bootstrap[75]: Time 1.583121 seconds, bootstrap likelihood -4541.614259, best rearrangement setting 8
Bootstrap[76]: Time 1.691345 seconds, bootstrap likelihood -4661.924586, best rearrangement setting 9
Bootstrap[77]: Time 1.712707 seconds, bootstrap likelihood -4581.275718, best rearrangement setting 11
Bootstrap[78]: Time 1.669313 seconds, bootstrap likelihood -4795.699913, best rearrangement setting 15
Bootstrap[79]: Time 2.081661 seconds, bootstrap likelihood -4609.383563, best rearrangement setting 9
Bootstrap[80]: Time 1.804645 seconds, bootstrap likelihood -4542.158464, best rearrangement setting 15
Bootstrap[81]: Time 1.605666 seconds, bootstrap likelihood -4796.173546, best rearrangement setting 7
Bootstrap[82]: Time 1.388724 seconds, bootstrap likelihood -4673.491294, best rearrangement setting 6
Bootstrap[83]: Time 1.670908 seconds, bootstrap likelihood -4528.740662, best rearrangement setting 10
Bootstrap[84]: Time 1.879418 seconds, bootstrap likelihood -4535.684363, best rearrangement setting 11
Bootstrap[85]: Time 1.881450 seconds, bootstrap likelihood -4551.422231, best rearrangement setting 8
Bootstrap[86]: Time 1.428357 seconds, bootstrap likelihood -4650.693167, best rearrangement setting 7
Bootstrap[87]: Time 1.516626 seconds, bootstrap likelihood -4613.957490, best rearrangement setting 7
Bootstrap[88]: Time 1.645992 seconds, bootstrap likelihood -4678.892579, best rearrangement setting 12
Bootstrap[89]: Time 1.997648 seconds, bootstrap likelihood -4612.887719, best rearrangement setting 10
Bootstrap[90]: Time 1.948754 seconds, bootstrap likelihood -4492.567517, best rearrangement setting 8
Bootstrap[91]: Time 1.863520 seconds, bootstrap likelihood -4691.755440, best rearrangement setting 12
Bootstrap[92]: Time 1.659361 seconds, bootstrap likelihood -4676.116942, best rearrangement setting 13
Bootstrap[93]: Time 1.606890 seconds, bootstrap likelihood -4709.404616, best rearrangement setting 15
Bootstrap[94]: Time 1.321420 seconds, bootstrap likelihood -4682.695234, best rearrangement setting 5
Bootstrap[95]: Time 1.197182 seconds, bootstrap likelihood -4690.219126, best rearrangement setting 5
Bootstrap[96]: Time 2.138981 seconds, bootstrap likelihood -4730.903850, best rearrangement setting 13
Bootstrap[97]: Time 1.917508 seconds, bootstrap likelihood -4622.698712, best rearrangement setting 11
Bootstrap[98]: Time 1.360676 seconds, bootstrap likelihood -4702.817889, best rearrangement setting 6
Bootstrap[99]: Time 2.078567 seconds, bootstrap likelihood -4706.865151, best rearrangement setting 14


Overall Time for 100 Rapid Bootstraps 171.617846 seconds
Average Time per Rapid Bootstrap 1.716178 seconds

Starting ML Search ...

Fast ML optimization finished

Fast ML search Time: 83.888209 seconds

Slow ML Search 0 Likelihood: -5005.286527
Slow ML Search 1 Likelihood: -5005.286455
Slow ML Search 2 Likelihood: -5005.286509
Slow ML Search 3 Likelihood: -5005.286458
Slow ML Search 4 Likelihood: -5005.286524
Slow ML Search 5 Likelihood: -5004.867780
Slow ML Search 6 Likelihood: -5005.286512
Slow ML Search 7 Likelihood: -5005.286570
Slow ML Search 8 Likelihood: -5005.286483
Slow ML Search 9 Likelihood: -5005.286571
Slow ML optimization finished

Slow ML search Time: 35.795460 seconds
Thorough ML search Time: 7.857560 seconds

Final ML Optimization Likelihood: -5004.864896

Model Information:

Model Parameters of Partition 0, Name: No Name Provided, Type of Data: AA
alpha: 0.233386
Tree-Length: 0.127868
rate A <-> R: 0.603538
rate A <-> N: 0.561915
rate A <-> D: 0.842872
rate A <-> C: 0.582726
rate A <-> Q: 0.593132
rate A <-> E: 1.092612
rate A <-> G: 1.862643
rate A <-> H: 0.280957
rate A <-> I: 0.374610
rate A <-> L: 0.312175
rate A <-> K: 0.364204
rate A <-> M: 0.561915
rate A <-> F: 0.156087
rate A <-> P: 2.018730
rate A <-> S: 3.933403
rate A <-> T: 4.942768
rate A <-> W: 0.093652
rate A <-> Y: 0.114464
rate A <-> V: 3.100937
rate R <-> N: 0.468262
rate R <-> D: 0.166493
rate R <-> C: 1.175858
rate R <-> Q: 3.225806
rate R <-> E: 0.301769
rate R <-> G: 1.425598
rate R <-> H: 3.413111
rate R <-> I: 0.228928
rate R <-> L: 0.395421
rate R <-> K: 6.722164
rate R <-> M: 0.457856
rate R <-> F: 0.052029
rate R <-> P: 0.770031
rate R <-> S: 1.050989
rate R <-> T: 0.665973
rate R <-> W: 1.311134
rate R <-> Y: 0.208117
rate R <-> V: 0.176899
rate N <-> D: 5.494277
rate N <-> C: 0.353798
rate N <-> Q: 0.894901
rate N <-> E: 0.603538
rate N <-> G: 0.842872
rate N <-> H: 4.068678
rate N <-> I: 0.489074
rate N <-> L: 0.124870
rate N <-> K: 2.736733
rate N <-> M: 0.312175
rate N <-> F: 0.104058
rate N <-> P: 0.156087
rate N <-> S: 5.234131
rate N <-> T: 2.414152
rate N <-> W: 0.083247
rate N <-> Y: 0.728408
rate N <-> V: 0.166493
rate D <-> C: 0.104058
rate D <-> Q: 0.509886
rate D <-> E: 7.981270
rate D <-> G: 1.352758
rate D <-> H: 1.165453
rate D <-> I: 0.114464
rate D <-> L: 0.072841
rate D <-> K: 0.270552
rate D <-> M: 0.156087
rate D <-> F: 0.041623
rate D <-> P: 0.156087
rate D <-> S: 0.613944
rate D <-> T: 0.395421
rate D <-> W: 0.041623
rate D <-> Y: 0.478668
rate D <-> V: 0.322581
rate C <-> Q: 0.093652
rate C <-> E: 0.052029
rate C <-> G: 0.613944
rate C <-> H: 0.718002
rate C <-> I: 0.176899
rate C <-> L: 0.239334
rate C <-> K: 0.072841
rate C <-> M: 0.322581
rate C <-> F: 0.811655
rate C <-> P: 0.145682
rate C <-> S: 2.320499
rate C <-> T: 0.437045
rate C <-> W: 1.196670
rate C <-> Y: 2.174818
rate C <-> V: 0.645161
rate Q <-> E: 3.361082
rate Q <-> G: 0.270552
rate Q <-> H: 6.212279
rate Q <-> I: 0.093652
rate Q <-> L: 0.749220
rate Q <-> K: 3.038502
rate Q <-> M: 0.447451
rate Q <-> F: 0.041623
rate Q <-> P: 1.706556
rate Q <-> S: 0.551509
rate Q <-> T: 0.530697
rate Q <-> W: 0.187305
rate Q <-> Y: 0.249740
rate Q <-> V: 0.208117
rate E <-> G: 1.238293
rate E <-> H: 0.270552
rate E <-> I: 0.124870
rate E <-> L: 0.093652
rate E <-> K: 1.883455
rate E <-> M: 0.187305
rate E <-> F: 0.052029
rate E <-> P: 0.187305
rate E <-> S: 0.312175
rate E <-> T: 0.332986
rate E <-> W: 0.104058
rate E <-> Y: 0.072841
rate E <-> V: 0.468262
rate G <-> H: 0.239334
rate G <-> I: 0.062435
rate G <-> L: 0.062435
rate G <-> K: 0.280957
rate G <-> M: 0.145682
rate G <-> F: 0.052029
rate G <-> P: 0.249740
rate G <-> S: 2.091571
rate G <-> T: 0.343392
rate G <-> W: 0.572320
rate G <-> Y: 0.083247
rate G <-> V: 0.489074
rate H <-> I: 0.166493
rate H <-> L: 0.582726
rate H <-> K: 0.468262
rate H <-> M: 0.343392
rate H <-> F: 0.416233
rate H <-> P: 1.196670
rate H <-> S: 0.759625
rate H <-> T: 0.478668
rate H <-> W: 0.083247
rate H <-> Y: 5.962539
rate H <-> V: 0.114464
rate I <-> L: 2.382934
rate I <-> K: 0.218522
rate I <-> M: 4.984391
rate I <-> F: 0.926119
rate I <-> P: 0.104058
rate I <-> S: 0.416233
rate I <-> T: 2.549428
rate I <-> W: 0.093652
rate I <-> Y: 0.332986
rate I <-> V: 10.000000
rate L <-> K: 0.145682
rate L <-> M: 4.037461
rate L <-> F: 2.580645
rate L <-> P: 1.061394
rate L <-> S: 0.613944
rate L <-> T: 0.260146
rate L <-> W: 0.541103
rate L <-> Y: 0.249740
rate L <-> V: 1.873049
rate K <-> M: 0.676379
rate K <-> F: 0.041623
rate K <-> P: 0.218522
rate K <-> S: 0.489074
rate K <-> T: 1.071800
rate K <-> W: 0.104058
rate K <-> Y: 0.083247
rate K <-> V: 0.145682
rate M <-> F: 0.447451
rate M <-> P: 0.166493
rate M <-> S: 0.301769
rate M <-> T: 2.351717
rate M <-> W: 0.249740
rate M <-> Y: 0.187305
rate M <-> V: 3.361082
rate F <-> P: 0.176899
rate F <-> S: 0.957336
rate F <-> T: 0.124870
rate F <-> W: 0.551509
rate F <-> Y: 5.577523
rate F <-> V: 0.645161
rate P <-> S: 2.965661
rate P <-> T: 1.227888
rate P <-> W: 0.062435
rate P <-> Y: 0.104058
rate P <-> V: 0.239334
rate S <-> T: 4.963580
rate S <-> W: 0.364204
rate S <-> Y: 0.655567
rate S <-> V: 0.395421
rate T <-> W: 0.124870
rate T <-> Y: 0.218522
rate T <-> V: 1.165453
rate W <-> Y: 0.738814
rate W <-> V: 0.260146
rate Y <-> V: 0.166493

freq pi(A): 0.076748
freq pi(R): 0.051691
freq pi(N): 0.042645
freq pi(D): 0.051544
freq pi(C): 0.019803
freq pi(Q): 0.040752
freq pi(E): 0.061830
freq pi(G): 0.073152
freq pi(H): 0.022944
freq pi(I): 0.053761
freq pi(L): 0.091904
freq pi(K): 0.058676
freq pi(M): 0.023826
freq pi(F): 0.040126
freq pi(P): 0.050901
freq pi(S): 0.068765
freq pi(T): 0.058565
freq pi(W): 0.014261
freq pi(Y): 0.032102
freq pi(V): 0.066004


ML search took 127.566516 secs or 0.035435 hours

Combined Bootstrap and ML search took 299.184548 secs or 0.083107 hours

Drawing Bootstrap Support Values on best-scoring ML tree ...



Found 1 tree in File /Users/prigozhin/Dropbox/NLRomes/Atha_SnkMk_NLRome/RAxML_tree_pbNB-ARC/Initial_Clades/RAxML_bestTree.Int13455_56.Raxml.out



Found 1 tree in File /Users/prigozhin/Dropbox/NLRomes/Atha_SnkMk_NLRome/RAxML_tree_pbNB-ARC/Initial_Clades/RAxML_bestTree.Int13455_56.Raxml.out

Program execution info written to /Users/prigozhin/Dropbox/NLRomes/Atha_SnkMk_NLRome/RAxML_tree_pbNB-ARC/Initial_Clades/RAxML_info.Int13455_56.Raxml.out
All 100 bootstrapped trees written to: /Users/prigozhin/Dropbox/NLRomes/Atha_SnkMk_NLRome/RAxML_tree_pbNB-ARC/Initial_Clades/RAxML_bootstrap.Int13455_56.Raxml.out

Best-scoring ML tree written to: /Users/prigozhin/Dropbox/NLRomes/Atha_SnkMk_NLRome/RAxML_tree_pbNB-ARC/Initial_Clades/RAxML_bestTree.Int13455_56.Raxml.out

Best-scoring ML tree with support values written to: /Users/prigozhin/Dropbox/NLRomes/Atha_SnkMk_NLRome/RAxML_tree_pbNB-ARC/Initial_Clades/RAxML_bipartitions.Int13455_56.Raxml.out

Best-scoring ML tree with support values as branch labels written to: /Users/prigozhin/Dropbox/NLRomes/Atha_SnkMk_NLRome/RAxML_tree_pbNB-ARC/Initial_Clades/RAxML_bipartitionsBranchLabels.Int13455_56.Raxml.out

Overall execution time for full ML analysis: 299.195908 secs or 0.083110 hours or 0.003463 days

