

IMPORTANT WARNING: Sequences GWHPACEQ075009 and GWHPACDY082471 are exactly identical


IMPORTANT WARNING: Sequences GWHPACEQ075009 and GWHPACEJ082425 are exactly identical


IMPORTANT WARNING: Sequences GWHPACEQ075009 and GWHPACEI083089 are exactly identical


IMPORTANT WARNING: Sequences GWHPACEQ075009 and GWHPACER074102 are exactly identical


IMPORTANT WARNING: Sequences GWHPACEQ075009 and GLYMA_20G020200_1 are exactly identical


IMPORTANT WARNING: Sequences GWHPACEQ075009 and GWHPACET081251 are exactly identical


IMPORTANT WARNING: Sequences GWHPACEQ075009 and GWHPACES080353 are exactly identical


IMPORTANT WARNING: Sequences GWHPACEQ075009 and GLYMA_ZH13_20G019300_1_P are exactly identical


IMPORTANT WARNING: Sequences GWHPACEQ075009 and GWHPACEU080805 are exactly identical


IMPORTANT WARNING: Sequences GWHPACEQ075009 and GWHPACEA080574 are exactly identical


IMPORTANT WARNING: Sequences GWHPACEQ075009 and GWHPACEM080141 are exactly identical


IMPORTANT WARNING: Sequences GWHPACEQ075009 and GWHPACEV073412 are exactly identical


IMPORTANT WARNING: Sequences GWHPACEQ075009 and GWHPACED076572 are exactly identical


IMPORTANT WARNING: Sequences GWHPACDZ078611 and GWHPACEG079209 are exactly identical


IMPORTANT WARNING: Sequences GWHPACDZ078611 and W05_GLYSO_20G052883_1_P are exactly identical


IMPORTANT WARNING: Sequences GWHPACDZ078611 and GWHPACEC075339 are exactly identical


IMPORTANT WARNING: Sequences GWHPACDZ078611 and GWHPACEE080027 are exactly identical

IMPORTANT WARNING
Found 17 sequences that are exactly identical to other sequences in the alignment.
Normally they should be excluded from the analysis.

Just in case you might need it, an alignment file with 
sequence duplicates removed is printed to file ../../RAxML_tree_pbNB-ARC/Initial_Clades/Int10894_22.afa.reduced


This is RAxML version 8.2.12 released by Alexandros Stamatakis on May 2018.

With greatly appreciated code contributions by:
Andre Aberer      (HITS)
Simon Berger      (HITS)
Alexey Kozlov     (HITS)
Kassian Kobert    (HITS)
David Dao         (KIT and HITS)
Sarah Lutteropp   (KIT and HITS)
Nick Pattengale   (Sandia)
Wayne Pfeiffer    (SDSC)
Akifumi S. Tanabe (NRIFS)
Charlie Taylor    (UF)


Alignment has 122 distinct alignment patterns

Proportion of gaps and completely undetermined characters in this alignment: 3.15%

RAxML rapid bootstrapping and subsequent ML search

Using 1 distinct models/data partitions with joint branch length optimization



Executing 100 rapid bootstrap inferences and thereafter a thorough ML search 

All free model parameters will be estimated by RAxML
ML estimate of 25 per site rate categories

Likelihood of final tree will be evaluated and optimized under GAMMA

GAMMA Model parameters will be estimated up to an accuracy of 0.1000000000 Log Likelihood units

Partition: 0
Alignment Patterns: 122
Name: No Name Provided
DataType: AA
Substitution Matrix: JTT
Using fixed base frequencies




RAxML was called as follows:

/Users/prigozhin/Installers/standard-RAxML/raxmlHPC-PTHREADS-AVX -T 2 -n Int10894_22.Raxml.out -f a -x 12345 -p 12345 -# 100 -m PROTCATJTT -s ../../RAxML_tree_pbNB-ARC/Initial_Clades/Int10894_22.afa 



Time for BS model parameter optimization 0.408213
Bootstrap[0]: Time 0.637760 seconds, bootstrap likelihood -3953.593641, best rearrangement setting 13
Bootstrap[1]: Time 0.263540 seconds, bootstrap likelihood -4006.846013, best rearrangement setting 13
Bootstrap[2]: Time 0.211032 seconds, bootstrap likelihood -4000.232552, best rearrangement setting 12
Bootstrap[3]: Time 0.218405 seconds, bootstrap likelihood -4001.086663, best rearrangement setting 15
Bootstrap[4]: Time 0.220231 seconds, bootstrap likelihood -3962.818176, best rearrangement setting 10
Bootstrap[5]: Time 0.205247 seconds, bootstrap likelihood -4017.478772, best rearrangement setting 10
Bootstrap[6]: Time 0.172743 seconds, bootstrap likelihood -3968.994823, best rearrangement setting 6
Bootstrap[7]: Time 0.234306 seconds, bootstrap likelihood -4010.196272, best rearrangement setting 14
Bootstrap[8]: Time 0.160062 seconds, bootstrap likelihood -4017.885421, best rearrangement setting 5
Bootstrap[9]: Time 0.178445 seconds, bootstrap likelihood -3974.830959, best rearrangement setting 7
Bootstrap[10]: Time 0.192636 seconds, bootstrap likelihood -4003.503171, best rearrangement setting 7
Bootstrap[11]: Time 0.174598 seconds, bootstrap likelihood -3993.902038, best rearrangement setting 5
Bootstrap[12]: Time 0.218297 seconds, bootstrap likelihood -4023.612182, best rearrangement setting 8
Bootstrap[13]: Time 0.201633 seconds, bootstrap likelihood -3933.705883, best rearrangement setting 7
Bootstrap[14]: Time 0.246346 seconds, bootstrap likelihood -4006.770137, best rearrangement setting 12
Bootstrap[15]: Time 0.212205 seconds, bootstrap likelihood -3947.463264, best rearrangement setting 15
Bootstrap[16]: Time 0.222621 seconds, bootstrap likelihood -4019.257152, best rearrangement setting 12
Bootstrap[17]: Time 0.224182 seconds, bootstrap likelihood -3973.275647, best rearrangement setting 12
Bootstrap[18]: Time 0.151325 seconds, bootstrap likelihood -4016.983825, best rearrangement setting 5
Bootstrap[19]: Time 0.193437 seconds, bootstrap likelihood -3965.325322, best rearrangement setting 8
Bootstrap[20]: Time 0.219516 seconds, bootstrap likelihood -3991.702857, best rearrangement setting 10
Bootstrap[21]: Time 0.185509 seconds, bootstrap likelihood -4011.550003, best rearrangement setting 6
Bootstrap[22]: Time 0.151500 seconds, bootstrap likelihood -3973.140663, best rearrangement setting 5
Bootstrap[23]: Time 0.185938 seconds, bootstrap likelihood -3989.834441, best rearrangement setting 7
Bootstrap[24]: Time 0.199988 seconds, bootstrap likelihood -3974.764671, best rearrangement setting 8
Bootstrap[25]: Time 0.183528 seconds, bootstrap likelihood -3981.550731, best rearrangement setting 6
Bootstrap[26]: Time 0.238673 seconds, bootstrap likelihood -3970.881112, best rearrangement setting 12
Bootstrap[27]: Time 0.209746 seconds, bootstrap likelihood -3996.858597, best rearrangement setting 10
Bootstrap[28]: Time 0.239130 seconds, bootstrap likelihood -3965.333183, best rearrangement setting 11
Bootstrap[29]: Time 0.223004 seconds, bootstrap likelihood -4028.783994, best rearrangement setting 12
Bootstrap[30]: Time 0.230092 seconds, bootstrap likelihood -3974.431822, best rearrangement setting 15
Bootstrap[31]: Time 0.223500 seconds, bootstrap likelihood -4014.447258, best rearrangement setting 15
Bootstrap[32]: Time 0.177964 seconds, bootstrap likelihood -3994.233074, best rearrangement setting 6
Bootstrap[33]: Time 0.255255 seconds, bootstrap likelihood -3980.152163, best rearrangement setting 15
Bootstrap[34]: Time 0.212340 seconds, bootstrap likelihood -4053.074616, best rearrangement setting 11
Bootstrap[35]: Time 0.199495 seconds, bootstrap likelihood -4010.060107, best rearrangement setting 8
Bootstrap[36]: Time 0.210942 seconds, bootstrap likelihood -3999.337795, best rearrangement setting 9
Bootstrap[37]: Time 0.212879 seconds, bootstrap likelihood -3978.215975, best rearrangement setting 11
Bootstrap[38]: Time 0.186329 seconds, bootstrap likelihood -3996.561180, best rearrangement setting 8
Bootstrap[39]: Time 0.227133 seconds, bootstrap likelihood -3943.612663, best rearrangement setting 13
Bootstrap[40]: Time 0.212896 seconds, bootstrap likelihood -3981.455406, best rearrangement setting 13
Bootstrap[41]: Time 0.213227 seconds, bootstrap likelihood -3968.329064, best rearrangement setting 10
Bootstrap[42]: Time 0.164682 seconds, bootstrap likelihood -3951.095622, best rearrangement setting 5
Bootstrap[43]: Time 0.220649 seconds, bootstrap likelihood -4001.031420, best rearrangement setting 14
Bootstrap[44]: Time 0.199531 seconds, bootstrap likelihood -3962.930703, best rearrangement setting 10
Bootstrap[45]: Time 0.215603 seconds, bootstrap likelihood -3944.893341, best rearrangement setting 15
Bootstrap[46]: Time 0.232515 seconds, bootstrap likelihood -3966.499308, best rearrangement setting 14
Bootstrap[47]: Time 0.204408 seconds, bootstrap likelihood -3936.874306, best rearrangement setting 8
Bootstrap[48]: Time 0.176279 seconds, bootstrap likelihood -3976.549003, best rearrangement setting 6
Bootstrap[49]: Time 0.195030 seconds, bootstrap likelihood -3954.377335, best rearrangement setting 7
Bootstrap[50]: Time 0.198476 seconds, bootstrap likelihood -3976.558183, best rearrangement setting 7
Bootstrap[51]: Time 0.210600 seconds, bootstrap likelihood -4004.293711, best rearrangement setting 11
Bootstrap[52]: Time 0.231007 seconds, bootstrap likelihood -4008.396357, best rearrangement setting 12
Bootstrap[53]: Time 0.189447 seconds, bootstrap likelihood -4002.566139, best rearrangement setting 8
Bootstrap[54]: Time 0.203265 seconds, bootstrap likelihood -3998.140763, best rearrangement setting 9
Bootstrap[55]: Time 0.217782 seconds, bootstrap likelihood -3989.404312, best rearrangement setting 11
Bootstrap[56]: Time 0.153681 seconds, bootstrap likelihood -4017.554466, best rearrangement setting 5
Bootstrap[57]: Time 0.174066 seconds, bootstrap likelihood -3952.781375, best rearrangement setting 7
Bootstrap[58]: Time 0.208901 seconds, bootstrap likelihood -4015.908425, best rearrangement setting 10
Bootstrap[59]: Time 0.209849 seconds, bootstrap likelihood -3999.424025, best rearrangement setting 9
Bootstrap[60]: Time 0.197700 seconds, bootstrap likelihood -3960.317855, best rearrangement setting 7
Bootstrap[61]: Time 0.149458 seconds, bootstrap likelihood -3993.512236, best rearrangement setting 5
Bootstrap[62]: Time 0.226361 seconds, bootstrap likelihood -3994.104213, best rearrangement setting 11
Bootstrap[63]: Time 0.225054 seconds, bootstrap likelihood -3982.374950, best rearrangement setting 12
Bootstrap[64]: Time 0.194624 seconds, bootstrap likelihood -3980.928866, best rearrangement setting 7
Bootstrap[65]: Time 0.150981 seconds, bootstrap likelihood -3963.254511, best rearrangement setting 5
Bootstrap[66]: Time 0.155361 seconds, bootstrap likelihood -3999.996502, best rearrangement setting 5
Bootstrap[67]: Time 0.219032 seconds, bootstrap likelihood -3971.590389, best rearrangement setting 15
Bootstrap[68]: Time 0.216341 seconds, bootstrap likelihood -3971.940995, best rearrangement setting 11
Bootstrap[69]: Time 0.154181 seconds, bootstrap likelihood -3973.001875, best rearrangement setting 5
Bootstrap[70]: Time 0.189627 seconds, bootstrap likelihood -3958.816845, best rearrangement setting 8
Bootstrap[71]: Time 0.211228 seconds, bootstrap likelihood -3972.082282, best rearrangement setting 10
Bootstrap[72]: Time 0.213520 seconds, bootstrap likelihood -3987.211255, best rearrangement setting 11
Bootstrap[73]: Time 0.201150 seconds, bootstrap likelihood -4034.522101, best rearrangement setting 9
Bootstrap[74]: Time 0.157992 seconds, bootstrap likelihood -3979.229631, best rearrangement setting 5
Bootstrap[75]: Time 0.203803 seconds, bootstrap likelihood -3928.387942, best rearrangement setting 8
Bootstrap[76]: Time 0.206039 seconds, bootstrap likelihood -4005.582035, best rearrangement setting 9
Bootstrap[77]: Time 0.214591 seconds, bootstrap likelihood -3979.502618, best rearrangement setting 11
Bootstrap[78]: Time 0.231960 seconds, bootstrap likelihood -3972.361426, best rearrangement setting 15
Bootstrap[79]: Time 0.201449 seconds, bootstrap likelihood -3926.554421, best rearrangement setting 9
Bootstrap[80]: Time 0.231743 seconds, bootstrap likelihood -3984.754393, best rearrangement setting 15
Bootstrap[81]: Time 0.186587 seconds, bootstrap likelihood -3995.085104, best rearrangement setting 7
Bootstrap[82]: Time 0.171221 seconds, bootstrap likelihood -3952.149238, best rearrangement setting 6
Bootstrap[83]: Time 0.210124 seconds, bootstrap likelihood -3993.430481, best rearrangement setting 10
Bootstrap[84]: Time 0.213573 seconds, bootstrap likelihood -4013.143686, best rearrangement setting 11
Bootstrap[85]: Time 0.215152 seconds, bootstrap likelihood -4009.571363, best rearrangement setting 8
Bootstrap[86]: Time 0.192396 seconds, bootstrap likelihood -3971.603056, best rearrangement setting 7
Bootstrap[87]: Time 0.181846 seconds, bootstrap likelihood -4008.769381, best rearrangement setting 7
Bootstrap[88]: Time 0.219322 seconds, bootstrap likelihood -3974.234321, best rearrangement setting 12
Bootstrap[89]: Time 0.227386 seconds, bootstrap likelihood -3952.522196, best rearrangement setting 10
Bootstrap[90]: Time 0.212968 seconds, bootstrap likelihood -4017.960646, best rearrangement setting 8
Bootstrap[91]: Time 0.215629 seconds, bootstrap likelihood -4015.030688, best rearrangement setting 12
Bootstrap[92]: Time 0.204810 seconds, bootstrap likelihood -3994.580419, best rearrangement setting 13
Bootstrap[93]: Time 0.314400 seconds, bootstrap likelihood -3929.343664, best rearrangement setting 15
Bootstrap[94]: Time 0.156855 seconds, bootstrap likelihood -4009.922594, best rearrangement setting 5
Bootstrap[95]: Time 0.155299 seconds, bootstrap likelihood -4006.507533, best rearrangement setting 5
Bootstrap[96]: Time 0.217952 seconds, bootstrap likelihood -3974.099806, best rearrangement setting 13
Bootstrap[97]: Time 0.251759 seconds, bootstrap likelihood -4007.127798, best rearrangement setting 11
Bootstrap[98]: Time 0.180236 seconds, bootstrap likelihood -3983.443678, best rearrangement setting 6
Bootstrap[99]: Time 0.227201 seconds, bootstrap likelihood -3966.499238, best rearrangement setting 14


Overall Time for 100 Rapid Bootstraps 20.899182 seconds
Average Time per Rapid Bootstrap 0.208992 seconds

Starting ML Search ...

Fast ML optimization finished

Fast ML search Time: 11.271746 seconds

Slow ML Search 0 Likelihood: -4103.482429
Slow ML Search 1 Likelihood: -4103.482429
Slow ML Search 2 Likelihood: -4103.482429
Slow ML Search 3 Likelihood: -4103.482429
Slow ML Search 4 Likelihood: -4103.482429
Slow ML Search 5 Likelihood: -4103.482429
Slow ML Search 6 Likelihood: -4103.482440
Slow ML Search 7 Likelihood: -4103.482440
Slow ML Search 8 Likelihood: -4103.482429
Slow ML Search 9 Likelihood: -4103.482429
Slow ML optimization finished

Slow ML search Time: 4.475875 seconds
Thorough ML search Time: 0.640080 seconds

Final ML Optimization Likelihood: -4103.482440

Model Information:

Model Parameters of Partition 0, Name: No Name Provided, Type of Data: AA
alpha: 0.020000
Tree-Length: 0.022246
rate A <-> R: 0.603538
rate A <-> N: 0.561915
rate A <-> D: 0.842872
rate A <-> C: 0.582726
rate A <-> Q: 0.593132
rate A <-> E: 1.092612
rate A <-> G: 1.862643
rate A <-> H: 0.280957
rate A <-> I: 0.374610
rate A <-> L: 0.312175
rate A <-> K: 0.364204
rate A <-> M: 0.561915
rate A <-> F: 0.156087
rate A <-> P: 2.018730
rate A <-> S: 3.933403
rate A <-> T: 4.942768
rate A <-> W: 0.093652
rate A <-> Y: 0.114464
rate A <-> V: 3.100937
rate R <-> N: 0.468262
rate R <-> D: 0.166493
rate R <-> C: 1.175858
rate R <-> Q: 3.225806
rate R <-> E: 0.301769
rate R <-> G: 1.425598
rate R <-> H: 3.413111
rate R <-> I: 0.228928
rate R <-> L: 0.395421
rate R <-> K: 6.722164
rate R <-> M: 0.457856
rate R <-> F: 0.052029
rate R <-> P: 0.770031
rate R <-> S: 1.050989
rate R <-> T: 0.665973
rate R <-> W: 1.311134
rate R <-> Y: 0.208117
rate R <-> V: 0.176899
rate N <-> D: 5.494277
rate N <-> C: 0.353798
rate N <-> Q: 0.894901
rate N <-> E: 0.603538
rate N <-> G: 0.842872
rate N <-> H: 4.068678
rate N <-> I: 0.489074
rate N <-> L: 0.124870
rate N <-> K: 2.736733
rate N <-> M: 0.312175
rate N <-> F: 0.104058
rate N <-> P: 0.156087
rate N <-> S: 5.234131
rate N <-> T: 2.414152
rate N <-> W: 0.083247
rate N <-> Y: 0.728408
rate N <-> V: 0.166493
rate D <-> C: 0.104058
rate D <-> Q: 0.509886
rate D <-> E: 7.981270
rate D <-> G: 1.352758
rate D <-> H: 1.165453
rate D <-> I: 0.114464
rate D <-> L: 0.072841
rate D <-> K: 0.270552
rate D <-> M: 0.156087
rate D <-> F: 0.041623
rate D <-> P: 0.156087
rate D <-> S: 0.613944
rate D <-> T: 0.395421
rate D <-> W: 0.041623
rate D <-> Y: 0.478668
rate D <-> V: 0.322581
rate C <-> Q: 0.093652
rate C <-> E: 0.052029
rate C <-> G: 0.613944
rate C <-> H: 0.718002
rate C <-> I: 0.176899
rate C <-> L: 0.239334
rate C <-> K: 0.072841
rate C <-> M: 0.322581
rate C <-> F: 0.811655
rate C <-> P: 0.145682
rate C <-> S: 2.320499
rate C <-> T: 0.437045
rate C <-> W: 1.196670
rate C <-> Y: 2.174818
rate C <-> V: 0.645161
rate Q <-> E: 3.361082
rate Q <-> G: 0.270552
rate Q <-> H: 6.212279
rate Q <-> I: 0.093652
rate Q <-> L: 0.749220
rate Q <-> K: 3.038502
rate Q <-> M: 0.447451
rate Q <-> F: 0.041623
rate Q <-> P: 1.706556
rate Q <-> S: 0.551509
rate Q <-> T: 0.530697
rate Q <-> W: 0.187305
rate Q <-> Y: 0.249740
rate Q <-> V: 0.208117
rate E <-> G: 1.238293
rate E <-> H: 0.270552
rate E <-> I: 0.124870
rate E <-> L: 0.093652
rate E <-> K: 1.883455
rate E <-> M: 0.187305
rate E <-> F: 0.052029
rate E <-> P: 0.187305
rate E <-> S: 0.312175
rate E <-> T: 0.332986
rate E <-> W: 0.104058
rate E <-> Y: 0.072841
rate E <-> V: 0.468262
rate G <-> H: 0.239334
rate G <-> I: 0.062435
rate G <-> L: 0.062435
rate G <-> K: 0.280957
rate G <-> M: 0.145682
rate G <-> F: 0.052029
rate G <-> P: 0.249740
rate G <-> S: 2.091571
rate G <-> T: 0.343392
rate G <-> W: 0.572320
rate G <-> Y: 0.083247
rate G <-> V: 0.489074
rate H <-> I: 0.166493
rate H <-> L: 0.582726
rate H <-> K: 0.468262
rate H <-> M: 0.343392
rate H <-> F: 0.416233
rate H <-> P: 1.196670
rate H <-> S: 0.759625
rate H <-> T: 0.478668
rate H <-> W: 0.083247
rate H <-> Y: 5.962539
rate H <-> V: 0.114464
rate I <-> L: 2.382934
rate I <-> K: 0.218522
rate I <-> M: 4.984391
rate I <-> F: 0.926119
rate I <-> P: 0.104058
rate I <-> S: 0.416233
rate I <-> T: 2.549428
rate I <-> W: 0.093652
rate I <-> Y: 0.332986
rate I <-> V: 10.000000
rate L <-> K: 0.145682
rate L <-> M: 4.037461
rate L <-> F: 2.580645
rate L <-> P: 1.061394
rate L <-> S: 0.613944
rate L <-> T: 0.260146
rate L <-> W: 0.541103
rate L <-> Y: 0.249740
rate L <-> V: 1.873049
rate K <-> M: 0.676379
rate K <-> F: 0.041623
rate K <-> P: 0.218522
rate K <-> S: 0.489074
rate K <-> T: 1.071800
rate K <-> W: 0.104058
rate K <-> Y: 0.083247
rate K <-> V: 0.145682
rate M <-> F: 0.447451
rate M <-> P: 0.166493
rate M <-> S: 0.301769
rate M <-> T: 2.351717
rate M <-> W: 0.249740
rate M <-> Y: 0.187305
rate M <-> V: 3.361082
rate F <-> P: 0.176899
rate F <-> S: 0.957336
rate F <-> T: 0.124870
rate F <-> W: 0.551509
rate F <-> Y: 5.577523
rate F <-> V: 0.645161
rate P <-> S: 2.965661
rate P <-> T: 1.227888
rate P <-> W: 0.062435
rate P <-> Y: 0.104058
rate P <-> V: 0.239334
rate S <-> T: 4.963580
rate S <-> W: 0.364204
rate S <-> Y: 0.655567
rate S <-> V: 0.395421
rate T <-> W: 0.124870
rate T <-> Y: 0.218522
rate T <-> V: 1.165453
rate W <-> Y: 0.738814
rate W <-> V: 0.260146
rate Y <-> V: 0.166493

freq pi(A): 0.076748
freq pi(R): 0.051691
freq pi(N): 0.042645
freq pi(D): 0.051544
freq pi(C): 0.019803
freq pi(Q): 0.040752
freq pi(E): 0.061830
freq pi(G): 0.073152
freq pi(H): 0.022944
freq pi(I): 0.053761
freq pi(L): 0.091904
freq pi(K): 0.058676
freq pi(M): 0.023826
freq pi(F): 0.040126
freq pi(P): 0.050901
freq pi(S): 0.068765
freq pi(T): 0.058565
freq pi(W): 0.014261
freq pi(Y): 0.032102
freq pi(V): 0.066004


ML search took 16.434919 secs or 0.004565 hours

Combined Bootstrap and ML search took 37.334290 secs or 0.010371 hours

Drawing Bootstrap Support Values on best-scoring ML tree ...



Found 1 tree in File /Users/prigozhin/Dropbox/NLRomes/Soy_NLRome/RAxML_tree_pbNB-ARC/Initial_Clades/RAxML_bestTree.Int10894_22.Raxml.out



Found 1 tree in File /Users/prigozhin/Dropbox/NLRomes/Soy_NLRome/RAxML_tree_pbNB-ARC/Initial_Clades/RAxML_bestTree.Int10894_22.Raxml.out

Program execution info written to /Users/prigozhin/Dropbox/NLRomes/Soy_NLRome/RAxML_tree_pbNB-ARC/Initial_Clades/RAxML_info.Int10894_22.Raxml.out
All 100 bootstrapped trees written to: /Users/prigozhin/Dropbox/NLRomes/Soy_NLRome/RAxML_tree_pbNB-ARC/Initial_Clades/RAxML_bootstrap.Int10894_22.Raxml.out

Best-scoring ML tree written to: /Users/prigozhin/Dropbox/NLRomes/Soy_NLRome/RAxML_tree_pbNB-ARC/Initial_Clades/RAxML_bestTree.Int10894_22.Raxml.out

Best-scoring ML tree with support values written to: /Users/prigozhin/Dropbox/NLRomes/Soy_NLRome/RAxML_tree_pbNB-ARC/Initial_Clades/RAxML_bipartitions.Int10894_22.Raxml.out

Best-scoring ML tree with support values as branch labels written to: /Users/prigozhin/Dropbox/NLRomes/Soy_NLRome/RAxML_tree_pbNB-ARC/Initial_Clades/RAxML_bipartitionsBranchLabels.Int10894_22.Raxml.out

Overall execution time for full ML analysis: 37.339418 secs or 0.010372 hours or 0.000432 days

