

IMPORTANT WARNING: Sequences GWHPACEG058498 and GWHPACEI061089 are exactly identical


IMPORTANT WARNING: Sequences GWHPACEG058498 and GWHPACEP055352 are exactly identical


IMPORTANT WARNING: Sequences GWHPACEG058498 and GWHPACEH058986 are exactly identical


IMPORTANT WARNING: Sequences GWHPACEG058498 and GWHPACEE058854 are exactly identical


IMPORTANT WARNING: Sequences GWHPACEG058498 and GWHPACEM058922 are exactly identical


IMPORTANT WARNING: Sequences GWHPACEG058498 and GWHPACEL055818 are exactly identical


IMPORTANT WARNING: Sequences GWHPACEG058498 and GWHPACEU059292 are exactly identical


IMPORTANT WARNING: Sequences GWHPACEG058498 and GWHPACEF055832 are exactly identical


IMPORTANT WARNING: Sequences GWHPACEG058498 and GLYMA_ZH13_14G132400_1_P are exactly identical


IMPORTANT WARNING: Sequences GWHPACEG058498 and GWHPACEW058690 are exactly identical


IMPORTANT WARNING: Sequences GWHPACEG058498 and GWHPACES059047 are exactly identical


IMPORTANT WARNING: Sequences GWHPACEG058498 and GWHPACER054169 are exactly identical


IMPORTANT WARNING: Sequences GWHPACEG058498 and GWHPACEV053486 are exactly identical


IMPORTANT WARNING: Sequences GWHPACEG058498 and GWHPACEN058218 are exactly identical


IMPORTANT WARNING: Sequences GWHPACEG058498 and GWHPACET059674 are exactly identical


IMPORTANT WARNING: Sequences GWHPACEG058498 and W05_GLYSO_14G038692_1_P are exactly identical


IMPORTANT WARNING: Sequences GWHPACEG058498 and GWHPACEC055345 are exactly identical


IMPORTANT WARNING: Sequences GWHPACEG058498 and GLYMA_14G151100_1 are exactly identical


IMPORTANT WARNING: Sequences GWHPACEG058498 and GWHPACEO059565 are exactly identical


IMPORTANT WARNING: Sequences GWHPACEG058498 and GWHPACEJ060853 are exactly identical


IMPORTANT WARNING: Sequences GWHPACEG058498 and GWHPACEA059265 are exactly identical


IMPORTANT WARNING: Sequences GWHPACEE031763 and GWHPACEB029494 are exactly identical


IMPORTANT WARNING: Sequences GWHPACEH032010 and GWHPACEI032940 are exactly identical


IMPORTANT WARNING: Sequences GWHPACEH032010 and GLYMA_ZH13_08G184200_1_P are exactly identical


IMPORTANT WARNING: Sequences GWHPACEG031754 and GWHPACEC030122 are exactly identical


IMPORTANT WARNING: Sequences GWHPACEG031754 and GWHPACEL030497 are exactly identical


IMPORTANT WARNING: Sequences GWHPACEG031754 and GWHPACEU032163 are exactly identical


IMPORTANT WARNING: Sequences GLYMA_07G123000_1 and GWHPACDY027529 are exactly identical


IMPORTANT WARNING: Sequences GLYMA_07G123000_1 and GLYMA_ZH13_07G115400_1_P are exactly identical


IMPORTANT WARNING: Sequences GLYMA_07G123000_1 and W05_GLYSO_07G017657_1_P are exactly identical

IMPORTANT WARNING
Found 30 sequences that are exactly identical to other sequences in the alignment.
Normally they should be excluded from the analysis.

Just in case you might need it, an alignment file with 
sequence duplicates removed is printed to file ../../RAxML_tree_pbNB-ARC/Initial_Clades/Int10841_54.afa.reduced


This is RAxML version 8.2.12 released by Alexandros Stamatakis on May 2018.

With greatly appreciated code contributions by:
Andre Aberer      (HITS)
Simon Berger      (HITS)
Alexey Kozlov     (HITS)
Kassian Kobert    (HITS)
David Dao         (KIT and HITS)
Sarah Lutteropp   (KIT and HITS)
Nick Pattengale   (Sandia)
Wayne Pfeiffer    (SDSC)
Akifumi S. Tanabe (NRIFS)
Charlie Taylor    (UF)


Alignment has 675 distinct alignment patterns

Proportion of gaps and completely undetermined characters in this alignment: 7.32%

RAxML rapid bootstrapping and subsequent ML search

Using 1 distinct models/data partitions with joint branch length optimization



Executing 100 rapid bootstrap inferences and thereafter a thorough ML search 

All free model parameters will be estimated by RAxML
ML estimate of 25 per site rate categories

Likelihood of final tree will be evaluated and optimized under GAMMA

GAMMA Model parameters will be estimated up to an accuracy of 0.1000000000 Log Likelihood units

Partition: 0
Alignment Patterns: 675
Name: No Name Provided
DataType: AA
Substitution Matrix: JTT
Using fixed base frequencies




RAxML was called as follows:

/Users/prigozhin/Installers/standard-RAxML/raxmlHPC-PTHREADS-AVX -T 2 -n Int10841_54.Raxml.out -f a -x 12345 -p 12345 -# 100 -m PROTCATJTT -s ../../RAxML_tree_pbNB-ARC/Initial_Clades/Int10841_54.afa 



Time for BS model parameter optimization 0.599840
Bootstrap[0]: Time 2.276646 seconds, bootstrap likelihood -5996.012406, best rearrangement setting 13
Bootstrap[1]: Time 3.598039 seconds, bootstrap likelihood -6407.849044, best rearrangement setting 13
Bootstrap[2]: Time 3.675282 seconds, bootstrap likelihood -6396.058194, best rearrangement setting 12
Bootstrap[3]: Time 3.904554 seconds, bootstrap likelihood -6424.328315, best rearrangement setting 15
Bootstrap[4]: Time 3.442033 seconds, bootstrap likelihood -6366.526062, best rearrangement setting 10
Bootstrap[5]: Time 1.548635 seconds, bootstrap likelihood -6390.893750, best rearrangement setting 10
Bootstrap[6]: Time 1.201349 seconds, bootstrap likelihood -6403.832856, best rearrangement setting 6
Bootstrap[7]: Time 1.730129 seconds, bootstrap likelihood -6182.227435, best rearrangement setting 14
Bootstrap[8]: Time 1.130252 seconds, bootstrap likelihood -6189.596611, best rearrangement setting 5
Bootstrap[9]: Time 1.253603 seconds, bootstrap likelihood -6481.391219, best rearrangement setting 7
Bootstrap[10]: Time 2.670704 seconds, bootstrap likelihood -6402.913956, best rearrangement setting 7
Bootstrap[11]: Time 2.071538 seconds, bootstrap likelihood -6221.844939, best rearrangement setting 5
Bootstrap[12]: Time 2.748278 seconds, bootstrap likelihood -6333.395204, best rearrangement setting 8
Bootstrap[13]: Time 2.516078 seconds, bootstrap likelihood -6167.593600, best rearrangement setting 7
Bootstrap[14]: Time 3.110479 seconds, bootstrap likelihood -6470.430689, best rearrangement setting 12
Bootstrap[15]: Time 1.715896 seconds, bootstrap likelihood -6275.087967, best rearrangement setting 15
Bootstrap[16]: Time 1.857944 seconds, bootstrap likelihood -6291.940356, best rearrangement setting 12
Bootstrap[17]: Time 3.387372 seconds, bootstrap likelihood -6299.668674, best rearrangement setting 12
Bootstrap[18]: Time 1.181219 seconds, bootstrap likelihood -6524.128482, best rearrangement setting 5
Bootstrap[19]: Time 1.439384 seconds, bootstrap likelihood -6294.090370, best rearrangement setting 8
Bootstrap[20]: Time 1.474954 seconds, bootstrap likelihood -6477.914073, best rearrangement setting 10
Bootstrap[21]: Time 2.453636 seconds, bootstrap likelihood -6071.151904, best rearrangement setting 6
Bootstrap[22]: Time 2.173045 seconds, bootstrap likelihood -6294.506607, best rearrangement setting 5
Bootstrap[23]: Time 2.606998 seconds, bootstrap likelihood -6258.044282, best rearrangement setting 7
Bootstrap[24]: Time 1.306219 seconds, bootstrap likelihood -6254.783530, best rearrangement setting 8
Bootstrap[25]: Time 1.137701 seconds, bootstrap likelihood -6362.023833, best rearrangement setting 6
Bootstrap[26]: Time 1.598967 seconds, bootstrap likelihood -6294.627494, best rearrangement setting 12
Bootstrap[27]: Time 1.551755 seconds, bootstrap likelihood -6304.634408, best rearrangement setting 10
Bootstrap[28]: Time 1.531640 seconds, bootstrap likelihood -6197.261397, best rearrangement setting 11
Bootstrap[29]: Time 1.467081 seconds, bootstrap likelihood -6409.398716, best rearrangement setting 12
Bootstrap[30]: Time 3.137228 seconds, bootstrap likelihood -6404.180895, best rearrangement setting 15
Bootstrap[31]: Time 3.163840 seconds, bootstrap likelihood -6269.895531, best rearrangement setting 15
Bootstrap[32]: Time 1.172005 seconds, bootstrap likelihood -6462.571578, best rearrangement setting 6
Bootstrap[33]: Time 1.550107 seconds, bootstrap likelihood -6297.746257, best rearrangement setting 15
Bootstrap[34]: Time 1.428596 seconds, bootstrap likelihood -6306.651313, best rearrangement setting 11
Bootstrap[35]: Time 1.163887 seconds, bootstrap likelihood -6266.424703, best rearrangement setting 8
Bootstrap[36]: Time 1.263599 seconds, bootstrap likelihood -6217.539615, best rearrangement setting 9
Bootstrap[37]: Time 1.364080 seconds, bootstrap likelihood -6354.233217, best rearrangement setting 11
Bootstrap[38]: Time 1.390557 seconds, bootstrap likelihood -6256.079236, best rearrangement setting 8
Bootstrap[39]: Time 1.453392 seconds, bootstrap likelihood -6401.706642, best rearrangement setting 13
Bootstrap[40]: Time 3.510297 seconds, bootstrap likelihood -6261.751488, best rearrangement setting 13
Bootstrap[41]: Time 3.092480 seconds, bootstrap likelihood -6385.205806, best rearrangement setting 10
Bootstrap[42]: Time 1.894947 seconds, bootstrap likelihood -6400.665419, best rearrangement setting 5
Bootstrap[43]: Time 1.503518 seconds, bootstrap likelihood -6287.728433, best rearrangement setting 14
Bootstrap[44]: Time 1.665025 seconds, bootstrap likelihood -6353.275047, best rearrangement setting 10
Bootstrap[45]: Time 3.311998 seconds, bootstrap likelihood -6333.759459, best rearrangement setting 15
Bootstrap[46]: Time 1.759370 seconds, bootstrap likelihood -6210.455678, best rearrangement setting 14
Bootstrap[47]: Time 2.741136 seconds, bootstrap likelihood -6457.228058, best rearrangement setting 8
Bootstrap[48]: Time 1.221863 seconds, bootstrap likelihood -6322.229419, best rearrangement setting 6
Bootstrap[49]: Time 1.305588 seconds, bootstrap likelihood -6405.376429, best rearrangement setting 7
Bootstrap[50]: Time 3.082939 seconds, bootstrap likelihood -6310.090823, best rearrangement setting 7
Bootstrap[51]: Time 3.386620 seconds, bootstrap likelihood -6435.549996, best rearrangement setting 11
Bootstrap[52]: Time 3.223147 seconds, bootstrap likelihood -6442.136881, best rearrangement setting 12
Bootstrap[53]: Time 2.779324 seconds, bootstrap likelihood -6211.163542, best rearrangement setting 8
Bootstrap[54]: Time 1.349839 seconds, bootstrap likelihood -6181.009424, best rearrangement setting 9
Bootstrap[55]: Time 1.455135 seconds, bootstrap likelihood -6440.309244, best rearrangement setting 11
Bootstrap[56]: Time 0.917297 seconds, bootstrap likelihood -6406.969328, best rearrangement setting 5
Bootstrap[57]: Time 1.174080 seconds, bootstrap likelihood -6332.166844, best rearrangement setting 7
Bootstrap[58]: Time 1.460621 seconds, bootstrap likelihood -6532.702115, best rearrangement setting 10
Bootstrap[59]: Time 1.342910 seconds, bootstrap likelihood -6374.843799, best rearrangement setting 9
Bootstrap[60]: Time 2.680299 seconds, bootstrap likelihood -6260.666883, best rearrangement setting 7
Bootstrap[61]: Time 1.031397 seconds, bootstrap likelihood -6453.089524, best rearrangement setting 5
Bootstrap[62]: Time 2.919252 seconds, bootstrap likelihood -6437.134310, best rearrangement setting 11
Bootstrap[63]: Time 3.203514 seconds, bootstrap likelihood -6399.309872, best rearrangement setting 12
Bootstrap[64]: Time 2.554817 seconds, bootstrap likelihood -6326.893007, best rearrangement setting 7
Bootstrap[65]: Time 1.015433 seconds, bootstrap likelihood -6397.014532, best rearrangement setting 5
Bootstrap[66]: Time 0.970024 seconds, bootstrap likelihood -6194.437320, best rearrangement setting 5
Bootstrap[67]: Time 3.558055 seconds, bootstrap likelihood -6526.635840, best rearrangement setting 15
Bootstrap[68]: Time 1.440413 seconds, bootstrap likelihood -6269.660812, best rearrangement setting 11
Bootstrap[69]: Time 1.075541 seconds, bootstrap likelihood -6372.880490, best rearrangement setting 5
Bootstrap[70]: Time 1.423183 seconds, bootstrap likelihood -6216.051863, best rearrangement setting 8
Bootstrap[71]: Time 1.387294 seconds, bootstrap likelihood -6421.042135, best rearrangement setting 10
Bootstrap[72]: Time 1.369641 seconds, bootstrap likelihood -6403.083032, best rearrangement setting 11
Bootstrap[73]: Time 1.193202 seconds, bootstrap likelihood -6194.213251, best rearrangement setting 9
Bootstrap[74]: Time 0.886102 seconds, bootstrap likelihood -6265.249955, best rearrangement setting 5
Bootstrap[75]: Time 1.418809 seconds, bootstrap likelihood -6206.993290, best rearrangement setting 8
Bootstrap[76]: Time 1.301080 seconds, bootstrap likelihood -6206.340963, best rearrangement setting 9
Bootstrap[77]: Time 1.344379 seconds, bootstrap likelihood -6251.048346, best rearrangement setting 11
Bootstrap[78]: Time 1.655040 seconds, bootstrap likelihood -6353.207313, best rearrangement setting 15
Bootstrap[79]: Time 1.381529 seconds, bootstrap likelihood -6399.350284, best rearrangement setting 9
Bootstrap[80]: Time 1.819167 seconds, bootstrap likelihood -6230.604629, best rearrangement setting 15
Bootstrap[81]: Time 1.181131 seconds, bootstrap likelihood -6112.919686, best rearrangement setting 7
Bootstrap[82]: Time 1.212171 seconds, bootstrap likelihood -6304.336328, best rearrangement setting 6
Bootstrap[83]: Time 2.850335 seconds, bootstrap likelihood -6347.347913, best rearrangement setting 10
Bootstrap[84]: Time 3.577664 seconds, bootstrap likelihood -6384.392669, best rearrangement setting 11
Bootstrap[85]: Time 2.871474 seconds, bootstrap likelihood -6240.226798, best rearrangement setting 8
Bootstrap[86]: Time 3.011790 seconds, bootstrap likelihood -6278.178093, best rearrangement setting 7
Bootstrap[87]: Time 3.315612 seconds, bootstrap likelihood -6410.699197, best rearrangement setting 7
Bootstrap[88]: Time 1.721807 seconds, bootstrap likelihood -6309.167962, best rearrangement setting 12
Bootstrap[89]: Time 1.576253 seconds, bootstrap likelihood -6246.537564, best rearrangement setting 10
Bootstrap[90]: Time 1.362184 seconds, bootstrap likelihood -6302.509861, best rearrangement setting 8
Bootstrap[91]: Time 3.023117 seconds, bootstrap likelihood -6308.400109, best rearrangement setting 12
Bootstrap[92]: Time 3.348834 seconds, bootstrap likelihood -6507.503391, best rearrangement setting 13
Bootstrap[93]: Time 3.463471 seconds, bootstrap likelihood -6212.425279, best rearrangement setting 15
Bootstrap[94]: Time 1.988090 seconds, bootstrap likelihood -6383.544923, best rearrangement setting 5
Bootstrap[95]: Time 0.987818 seconds, bootstrap likelihood -6371.025917, best rearrangement setting 5
Bootstrap[96]: Time 1.523320 seconds, bootstrap likelihood -6261.564252, best rearrangement setting 13
Bootstrap[97]: Time 1.573855 seconds, bootstrap likelihood -6431.307666, best rearrangement setting 11
Bootstrap[98]: Time 1.279162 seconds, bootstrap likelihood -6406.415178, best rearrangement setting 6
Bootstrap[99]: Time 1.523316 seconds, bootstrap likelihood -6270.928951, best rearrangement setting 14


Overall Time for 100 Rapid Bootstraps 200.107550 seconds
Average Time per Rapid Bootstrap 2.001075 seconds

Starting ML Search ...

Fast ML optimization finished

Fast ML search Time: 110.941784 seconds

Slow ML Search 0 Likelihood: -7027.579914
Slow ML Search 1 Likelihood: -7027.579914
Slow ML Search 2 Likelihood: -7027.579914
Slow ML Search 3 Likelihood: -7027.579914
Slow ML Search 4 Likelihood: -7027.579915
Slow ML Search 5 Likelihood: -7027.579923
Slow ML Search 6 Likelihood: -7027.579923
Slow ML Search 7 Likelihood: -7027.579911
Slow ML Search 8 Likelihood: -7027.579911
Slow ML Search 9 Likelihood: -7027.579915
Slow ML optimization finished

Slow ML search Time: 58.266339 seconds
Thorough ML search Time: 12.703574 seconds

Final ML Optimization Likelihood: -7027.579911

Model Information:

Model Parameters of Partition 0, Name: No Name Provided, Type of Data: AA
alpha: 1.286733
Tree-Length: 0.753471
rate A <-> R: 0.603538
rate A <-> N: 0.561915
rate A <-> D: 0.842872
rate A <-> C: 0.582726
rate A <-> Q: 0.593132
rate A <-> E: 1.092612
rate A <-> G: 1.862643
rate A <-> H: 0.280957
rate A <-> I: 0.374610
rate A <-> L: 0.312175
rate A <-> K: 0.364204
rate A <-> M: 0.561915
rate A <-> F: 0.156087
rate A <-> P: 2.018730
rate A <-> S: 3.933403
rate A <-> T: 4.942768
rate A <-> W: 0.093652
rate A <-> Y: 0.114464
rate A <-> V: 3.100937
rate R <-> N: 0.468262
rate R <-> D: 0.166493
rate R <-> C: 1.175858
rate R <-> Q: 3.225806
rate R <-> E: 0.301769
rate R <-> G: 1.425598
rate R <-> H: 3.413111
rate R <-> I: 0.228928
rate R <-> L: 0.395421
rate R <-> K: 6.722164
rate R <-> M: 0.457856
rate R <-> F: 0.052029
rate R <-> P: 0.770031
rate R <-> S: 1.050989
rate R <-> T: 0.665973
rate R <-> W: 1.311134
rate R <-> Y: 0.208117
rate R <-> V: 0.176899
rate N <-> D: 5.494277
rate N <-> C: 0.353798
rate N <-> Q: 0.894901
rate N <-> E: 0.603538
rate N <-> G: 0.842872
rate N <-> H: 4.068678
rate N <-> I: 0.489074
rate N <-> L: 0.124870
rate N <-> K: 2.736733
rate N <-> M: 0.312175
rate N <-> F: 0.104058
rate N <-> P: 0.156087
rate N <-> S: 5.234131
rate N <-> T: 2.414152
rate N <-> W: 0.083247
rate N <-> Y: 0.728408
rate N <-> V: 0.166493
rate D <-> C: 0.104058
rate D <-> Q: 0.509886
rate D <-> E: 7.981270
rate D <-> G: 1.352758
rate D <-> H: 1.165453
rate D <-> I: 0.114464
rate D <-> L: 0.072841
rate D <-> K: 0.270552
rate D <-> M: 0.156087
rate D <-> F: 0.041623
rate D <-> P: 0.156087
rate D <-> S: 0.613944
rate D <-> T: 0.395421
rate D <-> W: 0.041623
rate D <-> Y: 0.478668
rate D <-> V: 0.322581
rate C <-> Q: 0.093652
rate C <-> E: 0.052029
rate C <-> G: 0.613944
rate C <-> H: 0.718002
rate C <-> I: 0.176899
rate C <-> L: 0.239334
rate C <-> K: 0.072841
rate C <-> M: 0.322581
rate C <-> F: 0.811655
rate C <-> P: 0.145682
rate C <-> S: 2.320499
rate C <-> T: 0.437045
rate C <-> W: 1.196670
rate C <-> Y: 2.174818
rate C <-> V: 0.645161
rate Q <-> E: 3.361082
rate Q <-> G: 0.270552
rate Q <-> H: 6.212279
rate Q <-> I: 0.093652
rate Q <-> L: 0.749220
rate Q <-> K: 3.038502
rate Q <-> M: 0.447451
rate Q <-> F: 0.041623
rate Q <-> P: 1.706556
rate Q <-> S: 0.551509
rate Q <-> T: 0.530697
rate Q <-> W: 0.187305
rate Q <-> Y: 0.249740
rate Q <-> V: 0.208117
rate E <-> G: 1.238293
rate E <-> H: 0.270552
rate E <-> I: 0.124870
rate E <-> L: 0.093652
rate E <-> K: 1.883455
rate E <-> M: 0.187305
rate E <-> F: 0.052029
rate E <-> P: 0.187305
rate E <-> S: 0.312175
rate E <-> T: 0.332986
rate E <-> W: 0.104058
rate E <-> Y: 0.072841
rate E <-> V: 0.468262
rate G <-> H: 0.239334
rate G <-> I: 0.062435
rate G <-> L: 0.062435
rate G <-> K: 0.280957
rate G <-> M: 0.145682
rate G <-> F: 0.052029
rate G <-> P: 0.249740
rate G <-> S: 2.091571
rate G <-> T: 0.343392
rate G <-> W: 0.572320
rate G <-> Y: 0.083247
rate G <-> V: 0.489074
rate H <-> I: 0.166493
rate H <-> L: 0.582726
rate H <-> K: 0.468262
rate H <-> M: 0.343392
rate H <-> F: 0.416233
rate H <-> P: 1.196670
rate H <-> S: 0.759625
rate H <-> T: 0.478668
rate H <-> W: 0.083247
rate H <-> Y: 5.962539
rate H <-> V: 0.114464
rate I <-> L: 2.382934
rate I <-> K: 0.218522
rate I <-> M: 4.984391
rate I <-> F: 0.926119
rate I <-> P: 0.104058
rate I <-> S: 0.416233
rate I <-> T: 2.549428
rate I <-> W: 0.093652
rate I <-> Y: 0.332986
rate I <-> V: 10.000000
rate L <-> K: 0.145682
rate L <-> M: 4.037461
rate L <-> F: 2.580645
rate L <-> P: 1.061394
rate L <-> S: 0.613944
rate L <-> T: 0.260146
rate L <-> W: 0.541103
rate L <-> Y: 0.249740
rate L <-> V: 1.873049
rate K <-> M: 0.676379
rate K <-> F: 0.041623
rate K <-> P: 0.218522
rate K <-> S: 0.489074
rate K <-> T: 1.071800
rate K <-> W: 0.104058
rate K <-> Y: 0.083247
rate K <-> V: 0.145682
rate M <-> F: 0.447451
rate M <-> P: 0.166493
rate M <-> S: 0.301769
rate M <-> T: 2.351717
rate M <-> W: 0.249740
rate M <-> Y: 0.187305
rate M <-> V: 3.361082
rate F <-> P: 0.176899
rate F <-> S: 0.957336
rate F <-> T: 0.124870
rate F <-> W: 0.551509
rate F <-> Y: 5.577523
rate F <-> V: 0.645161
rate P <-> S: 2.965661
rate P <-> T: 1.227888
rate P <-> W: 0.062435
rate P <-> Y: 0.104058
rate P <-> V: 0.239334
rate S <-> T: 4.963580
rate S <-> W: 0.364204
rate S <-> Y: 0.655567
rate S <-> V: 0.395421
rate T <-> W: 0.124870
rate T <-> Y: 0.218522
rate T <-> V: 1.165453
rate W <-> Y: 0.738814
rate W <-> V: 0.260146
rate Y <-> V: 0.166493

freq pi(A): 0.076748
freq pi(R): 0.051691
freq pi(N): 0.042645
freq pi(D): 0.051544
freq pi(C): 0.019803
freq pi(Q): 0.040752
freq pi(E): 0.061830
freq pi(G): 0.073152
freq pi(H): 0.022944
freq pi(I): 0.053761
freq pi(L): 0.091904
freq pi(K): 0.058676
freq pi(M): 0.023826
freq pi(F): 0.040126
freq pi(P): 0.050901
freq pi(S): 0.068765
freq pi(T): 0.058565
freq pi(W): 0.014261
freq pi(Y): 0.032102
freq pi(V): 0.066004


ML search took 181.935765 secs or 0.050538 hours

Combined Bootstrap and ML search took 382.043871 secs or 0.106123 hours

Drawing Bootstrap Support Values on best-scoring ML tree ...



Found 1 tree in File /Users/prigozhin/Dropbox/NLRomes/Soy_NLRome/RAxML_tree_pbNB-ARC/Initial_Clades/RAxML_bestTree.Int10841_54.Raxml.out



Found 1 tree in File /Users/prigozhin/Dropbox/NLRomes/Soy_NLRome/RAxML_tree_pbNB-ARC/Initial_Clades/RAxML_bestTree.Int10841_54.Raxml.out

Program execution info written to /Users/prigozhin/Dropbox/NLRomes/Soy_NLRome/RAxML_tree_pbNB-ARC/Initial_Clades/RAxML_info.Int10841_54.Raxml.out
All 100 bootstrapped trees written to: /Users/prigozhin/Dropbox/NLRomes/Soy_NLRome/RAxML_tree_pbNB-ARC/Initial_Clades/RAxML_bootstrap.Int10841_54.Raxml.out

Best-scoring ML tree written to: /Users/prigozhin/Dropbox/NLRomes/Soy_NLRome/RAxML_tree_pbNB-ARC/Initial_Clades/RAxML_bestTree.Int10841_54.Raxml.out

Best-scoring ML tree with support values written to: /Users/prigozhin/Dropbox/NLRomes/Soy_NLRome/RAxML_tree_pbNB-ARC/Initial_Clades/RAxML_bipartitions.Int10841_54.Raxml.out

Best-scoring ML tree with support values as branch labels written to: /Users/prigozhin/Dropbox/NLRomes/Soy_NLRome/RAxML_tree_pbNB-ARC/Initial_Clades/RAxML_bipartitionsBranchLabels.Int10841_54.Raxml.out

Overall execution time for full ML analysis: 382.056188 secs or 0.106127 hours or 0.004422 days

