(W05_GLYSO_06G016310_1_P,(((GLYMA_06G310000_1,GLYMA_ZH13_06G281000_1_P),GWHPACDZ024107),GWHPACED023555),GWHPACEN024267);
(W05_GLYSO_06G016310_1_P,((GWHPACED023555,GLYMA_06G310000_1),(GLYMA_ZH13_06G281000_1_P,GWHPACDZ024107)),GWHPACEN024267);
((GWHPACDZ024107,(GWHPACED023555,GLYMA_06G310000_1)),(W05_GLYSO_06G016310_1_P,GLYMA_ZH13_06G281000_1_P),GWHPACEN024267);
((GWHPACDZ024107,(GWHPACED023555,GLYMA_06G310000_1)),(W05_GLYSO_06G016310_1_P,GLYMA_ZH13_06G281000_1_P),GWHPACEN024267);
((GLYMA_ZH13_06G281000_1_P,(GWHPACDZ024107,GLYMA_06G310000_1)),(GWHPACED023555,W05_GLYSO_06G016310_1_P),GWHPACEN024267);
((GWHPACDZ024107,(GWHPACED023555,GLYMA_06G310000_1)),(W05_GLYSO_06G016310_1_P,GLYMA_ZH13_06G281000_1_P),GWHPACEN024267);
((GWHPACDZ024107,(GWHPACED023555,GLYMA_06G310000_1)),(W05_GLYSO_06G016310_1_P,GLYMA_ZH13_06G281000_1_P),GWHPACEN024267);
((GWHPACDZ024107,(GWHPACED023555,GLYMA_06G310000_1)),(W05_GLYSO_06G016310_1_P,GLYMA_ZH13_06G281000_1_P),GWHPACEN024267);
((GWHPACDZ024107,(GWHPACED023555,GLYMA_06G310000_1)),(W05_GLYSO_06G016310_1_P,GLYMA_ZH13_06G281000_1_P),GWHPACEN024267);
((GWHPACDZ024107,(GWHPACED023555,GLYMA_06G310000_1)),(W05_GLYSO_06G016310_1_P,GLYMA_ZH13_06G281000_1_P),GWHPACEN024267);
(GWHPACDZ024107,((GWHPACED023555,GLYMA_06G310000_1),(W05_GLYSO_06G016310_1_P,GLYMA_ZH13_06G281000_1_P)),GWHPACEN024267);
(GWHPACDZ024107,((GWHPACED023555,GLYMA_06G310000_1),(W05_GLYSO_06G016310_1_P,GLYMA_ZH13_06G281000_1_P)),GWHPACEN024267);
(GWHPACDZ024107,((GWHPACED023555,GLYMA_06G310000_1),(W05_GLYSO_06G016310_1_P,GLYMA_ZH13_06G281000_1_P)),GWHPACEN024267);
(GWHPACDZ024107,((GWHPACED023555,GLYMA_06G310000_1),(W05_GLYSO_06G016310_1_P,GLYMA_ZH13_06G281000_1_P)),GWHPACEN024267);
(GWHPACDZ024107,((GWHPACED023555,GLYMA_06G310000_1),(W05_GLYSO_06G016310_1_P,GLYMA_ZH13_06G281000_1_P)),GWHPACEN024267);
(GWHPACDZ024107,((GWHPACED023555,GLYMA_06G310000_1),(W05_GLYSO_06G016310_1_P,GLYMA_ZH13_06G281000_1_P)),GWHPACEN024267);
(W05_GLYSO_06G016310_1_P,(((GLYMA_ZH13_06G281000_1_P,GLYMA_06G310000_1),GWHPACDZ024107),GWHPACED023555),GWHPACEN024267);
((GWHPACED023555,(GWHPACDZ024107,GLYMA_06G310000_1)),(W05_GLYSO_06G016310_1_P,GLYMA_ZH13_06G281000_1_P),GWHPACEN024267);
((GWHPACED023555,(GWHPACDZ024107,GLYMA_06G310000_1)),(W05_GLYSO_06G016310_1_P,GLYMA_ZH13_06G281000_1_P),GWHPACEN024267);
(W05_GLYSO_06G016310_1_P,(GLYMA_ZH13_06G281000_1_P,((GWHPACED023555,GLYMA_06G310000_1),GWHPACDZ024107)),GWHPACEN024267);
((GWHPACDZ024107,(W05_GLYSO_06G016310_1_P,GLYMA_ZH13_06G281000_1_P)),(GWHPACED023555,GLYMA_06G310000_1),GWHPACEN024267);
((GWHPACDZ024107,(W05_GLYSO_06G016310_1_P,GLYMA_ZH13_06G281000_1_P)),(GWHPACED023555,GLYMA_06G310000_1),GWHPACEN024267);
((GWHPACDZ024107,(W05_GLYSO_06G016310_1_P,GLYMA_ZH13_06G281000_1_P)),(GWHPACED023555,GLYMA_06G310000_1),GWHPACEN024267);
((GWHPACDZ024107,(W05_GLYSO_06G016310_1_P,GLYMA_ZH13_06G281000_1_P)),(GWHPACED023555,GLYMA_06G310000_1),GWHPACEN024267);
((GWHPACDZ024107,(W05_GLYSO_06G016310_1_P,GLYMA_ZH13_06G281000_1_P)),(GWHPACED023555,GLYMA_06G310000_1),GWHPACEN024267);
((GWHPACDZ024107,(W05_GLYSO_06G016310_1_P,GLYMA_ZH13_06G281000_1_P)),(GWHPACED023555,GLYMA_06G310000_1),GWHPACEN024267);
((GWHPACDZ024107,(W05_GLYSO_06G016310_1_P,GLYMA_ZH13_06G281000_1_P)),(GWHPACED023555,GLYMA_06G310000_1),GWHPACEN024267);
((GWHPACDZ024107,(W05_GLYSO_06G016310_1_P,GLYMA_ZH13_06G281000_1_P)),(GWHPACED023555,GLYMA_06G310000_1),GWHPACEN024267);
((GWHPACDZ024107,(W05_GLYSO_06G016310_1_P,GLYMA_ZH13_06G281000_1_P)),(GWHPACED023555,GLYMA_06G310000_1),GWHPACEN024267);
((GWHPACDZ024107,(W05_GLYSO_06G016310_1_P,GLYMA_ZH13_06G281000_1_P)),(GWHPACED023555,GLYMA_06G310000_1),GWHPACEN024267);
((GLYMA_06G310000_1,GWHPACED023555),((W05_GLYSO_06G016310_1_P,GLYMA_ZH13_06G281000_1_P),GWHPACDZ024107),GWHPACEN024267);
((GLYMA_06G310000_1,GWHPACED023555),((W05_GLYSO_06G016310_1_P,GLYMA_ZH13_06G281000_1_P),GWHPACDZ024107),GWHPACEN024267);
((GLYMA_06G310000_1,GWHPACED023555),((W05_GLYSO_06G016310_1_P,GLYMA_ZH13_06G281000_1_P),GWHPACDZ024107),GWHPACEN024267);
((GLYMA_06G310000_1,GWHPACED023555),((W05_GLYSO_06G016310_1_P,GLYMA_ZH13_06G281000_1_P),GWHPACDZ024107),GWHPACEN024267);
((GLYMA_06G310000_1,GWHPACED023555),((W05_GLYSO_06G016310_1_P,GLYMA_ZH13_06G281000_1_P),GWHPACDZ024107),GWHPACEN024267);
((GLYMA_06G310000_1,GWHPACED023555),((W05_GLYSO_06G016310_1_P,GLYMA_ZH13_06G281000_1_P),GWHPACDZ024107),GWHPACEN024267);
((GLYMA_06G310000_1,GWHPACED023555),((W05_GLYSO_06G016310_1_P,GLYMA_ZH13_06G281000_1_P),GWHPACDZ024107),GWHPACEN024267);
(W05_GLYSO_06G016310_1_P,(((GLYMA_ZH13_06G281000_1_P,GLYMA_06G310000_1),GWHPACDZ024107),GWHPACED023555),GWHPACEN024267);
(W05_GLYSO_06G016310_1_P,(GLYMA_ZH13_06G281000_1_P,(GWHPACED023555,(GWHPACDZ024107,GLYMA_06G310000_1))),GWHPACEN024267);
(W05_GLYSO_06G016310_1_P,(GLYMA_ZH13_06G281000_1_P,(GWHPACED023555,(GWHPACDZ024107,GLYMA_06G310000_1))),GWHPACEN024267);
(GLYMA_ZH13_06G281000_1_P,(W05_GLYSO_06G016310_1_P,(GWHPACDZ024107,(GLYMA_06G310000_1,GWHPACED023555))),GWHPACEN024267);
(GLYMA_ZH13_06G281000_1_P,(W05_GLYSO_06G016310_1_P,(GWHPACDZ024107,(GLYMA_06G310000_1,GWHPACED023555))),GWHPACEN024267);
(GLYMA_ZH13_06G281000_1_P,(W05_GLYSO_06G016310_1_P,(GWHPACDZ024107,(GLYMA_06G310000_1,GWHPACED023555))),GWHPACEN024267);
(GLYMA_ZH13_06G281000_1_P,(W05_GLYSO_06G016310_1_P,(GWHPACDZ024107,(GLYMA_06G310000_1,GWHPACED023555))),GWHPACEN024267);
(GLYMA_ZH13_06G281000_1_P,(W05_GLYSO_06G016310_1_P,(GWHPACDZ024107,(GLYMA_06G310000_1,GWHPACED023555))),GWHPACEN024267);
(GLYMA_ZH13_06G281000_1_P,(W05_GLYSO_06G016310_1_P,(GWHPACDZ024107,(GLYMA_06G310000_1,GWHPACED023555))),GWHPACEN024267);
(GLYMA_ZH13_06G281000_1_P,(W05_GLYSO_06G016310_1_P,(GWHPACDZ024107,(GLYMA_06G310000_1,GWHPACED023555))),GWHPACEN024267);
(GLYMA_ZH13_06G281000_1_P,(W05_GLYSO_06G016310_1_P,(GWHPACDZ024107,(GLYMA_06G310000_1,GWHPACED023555))),GWHPACEN024267);
((GWHPACED023555,W05_GLYSO_06G016310_1_P),(GLYMA_ZH13_06G281000_1_P,(GWHPACDZ024107,GLYMA_06G310000_1)),GWHPACEN024267);
((GWHPACDZ024107,(GWHPACED023555,GLYMA_06G310000_1)),(W05_GLYSO_06G016310_1_P,GLYMA_ZH13_06G281000_1_P),GWHPACEN024267);
(GWHPACDZ024107,((W05_GLYSO_06G016310_1_P,GLYMA_ZH13_06G281000_1_P),(GWHPACED023555,GLYMA_06G310000_1)),GWHPACEN024267);
(GWHPACDZ024107,((W05_GLYSO_06G016310_1_P,GLYMA_ZH13_06G281000_1_P),(GWHPACED023555,GLYMA_06G310000_1)),GWHPACEN024267);
(GWHPACDZ024107,((W05_GLYSO_06G016310_1_P,GLYMA_ZH13_06G281000_1_P),(GWHPACED023555,GLYMA_06G310000_1)),GWHPACEN024267);
(GWHPACDZ024107,((W05_GLYSO_06G016310_1_P,GLYMA_ZH13_06G281000_1_P),(GWHPACED023555,GLYMA_06G310000_1)),GWHPACEN024267);
(GWHPACDZ024107,((W05_GLYSO_06G016310_1_P,GLYMA_ZH13_06G281000_1_P),(GWHPACED023555,GLYMA_06G310000_1)),GWHPACEN024267);
(GWHPACDZ024107,((W05_GLYSO_06G016310_1_P,GLYMA_ZH13_06G281000_1_P),(GWHPACED023555,GLYMA_06G310000_1)),GWHPACEN024267);
(GWHPACDZ024107,((W05_GLYSO_06G016310_1_P,GLYMA_ZH13_06G281000_1_P),(GWHPACED023555,GLYMA_06G310000_1)),GWHPACEN024267);
((((GLYMA_ZH13_06G281000_1_P,GLYMA_06G310000_1),GWHPACDZ024107),W05_GLYSO_06G016310_1_P),GWHPACED023555,GWHPACEN024267);
((W05_GLYSO_06G016310_1_P,GLYMA_ZH13_06G281000_1_P),(GWHPACDZ024107,(GWHPACED023555,GLYMA_06G310000_1)),GWHPACEN024267);
((W05_GLYSO_06G016310_1_P,GLYMA_ZH13_06G281000_1_P),(GWHPACDZ024107,(GWHPACED023555,GLYMA_06G310000_1)),GWHPACEN024267);
((W05_GLYSO_06G016310_1_P,((GWHPACED023555,GLYMA_06G310000_1),GWHPACDZ024107)),GLYMA_ZH13_06G281000_1_P,GWHPACEN024267);
((W05_GLYSO_06G016310_1_P,((GWHPACED023555,GLYMA_06G310000_1),GWHPACDZ024107)),GLYMA_ZH13_06G281000_1_P,GWHPACEN024267);
((W05_GLYSO_06G016310_1_P,((GWHPACED023555,GLYMA_06G310000_1),GWHPACDZ024107)),GLYMA_ZH13_06G281000_1_P,GWHPACEN024267);
((W05_GLYSO_06G016310_1_P,((GWHPACED023555,GLYMA_06G310000_1),GWHPACDZ024107)),GLYMA_ZH13_06G281000_1_P,GWHPACEN024267);
((GWHPACDZ024107,(GLYMA_ZH13_06G281000_1_P,GLYMA_06G310000_1)),(GWHPACED023555,W05_GLYSO_06G016310_1_P),GWHPACEN024267);
(((GLYMA_06G310000_1,GWHPACDZ024107),(GLYMA_ZH13_06G281000_1_P,W05_GLYSO_06G016310_1_P)),GWHPACED023555,GWHPACEN024267);
(W05_GLYSO_06G016310_1_P,(((GWHPACED023555,GLYMA_06G310000_1),GWHPACDZ024107),GLYMA_ZH13_06G281000_1_P),GWHPACEN024267);
(W05_GLYSO_06G016310_1_P,(((GWHPACED023555,GLYMA_06G310000_1),GWHPACDZ024107),GLYMA_ZH13_06G281000_1_P),GWHPACEN024267);
(W05_GLYSO_06G016310_1_P,(((GWHPACED023555,GLYMA_06G310000_1),GWHPACDZ024107),GLYMA_ZH13_06G281000_1_P),GWHPACEN024267);
(W05_GLYSO_06G016310_1_P,(((GWHPACED023555,GLYMA_06G310000_1),GWHPACDZ024107),GLYMA_ZH13_06G281000_1_P),GWHPACEN024267);
(GWHPACDZ024107,((GWHPACED023555,GLYMA_06G310000_1),(GLYMA_ZH13_06G281000_1_P,W05_GLYSO_06G016310_1_P)),GWHPACEN024267);
(GWHPACDZ024107,((GWHPACED023555,GLYMA_06G310000_1),(GLYMA_ZH13_06G281000_1_P,W05_GLYSO_06G016310_1_P)),GWHPACEN024267);
(GWHPACDZ024107,((GWHPACED023555,GLYMA_06G310000_1),(GLYMA_ZH13_06G281000_1_P,W05_GLYSO_06G016310_1_P)),GWHPACEN024267);
(GWHPACDZ024107,((GWHPACED023555,GLYMA_06G310000_1),(GLYMA_ZH13_06G281000_1_P,W05_GLYSO_06G016310_1_P)),GWHPACEN024267);
(GWHPACDZ024107,((GWHPACED023555,GLYMA_06G310000_1),(GLYMA_ZH13_06G281000_1_P,W05_GLYSO_06G016310_1_P)),GWHPACEN024267);
(GWHPACDZ024107,((GWHPACED023555,GLYMA_06G310000_1),(GLYMA_ZH13_06G281000_1_P,W05_GLYSO_06G016310_1_P)),GWHPACEN024267);
(GWHPACDZ024107,((GWHPACED023555,GLYMA_06G310000_1),(GLYMA_ZH13_06G281000_1_P,W05_GLYSO_06G016310_1_P)),GWHPACEN024267);
(GWHPACDZ024107,((GWHPACED023555,GLYMA_06G310000_1),(GLYMA_ZH13_06G281000_1_P,W05_GLYSO_06G016310_1_P)),GWHPACEN024267);
(GWHPACDZ024107,((GWHPACED023555,GLYMA_06G310000_1),(GLYMA_ZH13_06G281000_1_P,W05_GLYSO_06G016310_1_P)),GWHPACEN024267);
(GWHPACDZ024107,((GWHPACED023555,GLYMA_06G310000_1),(GLYMA_ZH13_06G281000_1_P,W05_GLYSO_06G016310_1_P)),GWHPACEN024267);
(W05_GLYSO_06G016310_1_P,(GLYMA_ZH13_06G281000_1_P,(GWHPACDZ024107,(GLYMA_06G310000_1,GWHPACED023555))),GWHPACEN024267);
(W05_GLYSO_06G016310_1_P,(GLYMA_ZH13_06G281000_1_P,(GWHPACDZ024107,(GLYMA_06G310000_1,GWHPACED023555))),GWHPACEN024267);
(W05_GLYSO_06G016310_1_P,(GLYMA_ZH13_06G281000_1_P,(GWHPACDZ024107,(GLYMA_06G310000_1,GWHPACED023555))),GWHPACEN024267);
(W05_GLYSO_06G016310_1_P,(GLYMA_ZH13_06G281000_1_P,(GWHPACDZ024107,(GLYMA_06G310000_1,GWHPACED023555))),GWHPACEN024267);
(W05_GLYSO_06G016310_1_P,(GLYMA_ZH13_06G281000_1_P,(GWHPACDZ024107,(GLYMA_06G310000_1,GWHPACED023555))),GWHPACEN024267);
(W05_GLYSO_06G016310_1_P,(GLYMA_ZH13_06G281000_1_P,(GWHPACDZ024107,(GLYMA_06G310000_1,GWHPACED023555))),GWHPACEN024267);
(W05_GLYSO_06G016310_1_P,((GWHPACDZ024107,(GLYMA_06G310000_1,GLYMA_ZH13_06G281000_1_P)),GWHPACED023555),GWHPACEN024267);
((GWHPACDZ024107,(GWHPACED023555,GLYMA_06G310000_1)),(GLYMA_ZH13_06G281000_1_P,W05_GLYSO_06G016310_1_P),GWHPACEN024267);
((GWHPACDZ024107,(GWHPACED023555,GLYMA_06G310000_1)),(GLYMA_ZH13_06G281000_1_P,W05_GLYSO_06G016310_1_P),GWHPACEN024267);
((GWHPACDZ024107,(GWHPACED023555,GLYMA_06G310000_1)),(GLYMA_ZH13_06G281000_1_P,W05_GLYSO_06G016310_1_P),GWHPACEN024267);
(W05_GLYSO_06G016310_1_P,(((GLYMA_ZH13_06G281000_1_P,GLYMA_06G310000_1),GWHPACDZ024107),GWHPACED023555),GWHPACEN024267);
(((GWHPACED023555,GLYMA_06G310000_1),GWHPACDZ024107),(GLYMA_ZH13_06G281000_1_P,W05_GLYSO_06G016310_1_P),GWHPACEN024267);
(((GWHPACED023555,GLYMA_06G310000_1),GWHPACDZ024107),(GLYMA_ZH13_06G281000_1_P,W05_GLYSO_06G016310_1_P),GWHPACEN024267);
(((GWHPACED023555,GLYMA_06G310000_1),GWHPACDZ024107),(GLYMA_ZH13_06G281000_1_P,W05_GLYSO_06G016310_1_P),GWHPACEN024267);
(((GWHPACED023555,GLYMA_06G310000_1),GWHPACDZ024107),(GLYMA_ZH13_06G281000_1_P,W05_GLYSO_06G016310_1_P),GWHPACEN024267);
(((GWHPACED023555,GLYMA_06G310000_1),GWHPACDZ024107),(GLYMA_ZH13_06G281000_1_P,W05_GLYSO_06G016310_1_P),GWHPACEN024267);
(((GWHPACED023555,GLYMA_06G310000_1),GWHPACDZ024107),(GLYMA_ZH13_06G281000_1_P,W05_GLYSO_06G016310_1_P),GWHPACEN024267);
(((GWHPACED023555,GLYMA_06G310000_1),GWHPACDZ024107),(GLYMA_ZH13_06G281000_1_P,W05_GLYSO_06G016310_1_P),GWHPACEN024267);
(((GWHPACED023555,GLYMA_06G310000_1),GWHPACDZ024107),(GLYMA_ZH13_06G281000_1_P,W05_GLYSO_06G016310_1_P),GWHPACEN024267);
(((GWHPACED023555,GLYMA_06G310000_1),GWHPACDZ024107),(GLYMA_ZH13_06G281000_1_P,W05_GLYSO_06G016310_1_P),GWHPACEN024267);
