(GWHPACEN065930,((GLYMA_ZH13_16G142600_1_P,((((GWHPACEP062834,GWHPACEX062440),(GWHPACDZ065497,(GWHPACEF063332,(GWHPACEG066223,GWHPACEW066598)))),(GWHPACEA067018,GWHPACEV060809)),(GWHPACEI069035,GWHPACEH066813))),W05_GLYSO_16G043873_1_P),GWHPACDY068545);
(GWHPACEN065930,((GLYMA_ZH13_16G142600_1_P,(((GWHPACDZ065497,(GWHPACEF063332,(GWHPACEG066223,GWHPACEW066598))),(((GWHPACEP062834,GWHPACEX062440),GWHPACEA067018),GWHPACEV060809)),(GWHPACEI069035,GWHPACEH066813))),W05_GLYSO_16G043873_1_P),GWHPACDY068545);
(GWHPACEN065930,((GLYMA_ZH13_16G142600_1_P,((((GWHPACEP062834,GWHPACEX062440),(GWHPACDZ065497,(GWHPACEF063332,(GWHPACEG066223,GWHPACEW066598)))),(GWHPACEA067018,GWHPACEV060809)),(GWHPACEI069035,GWHPACEH066813))),W05_GLYSO_16G043873_1_P),GWHPACDY068545);
(GWHPACEN065930,((GLYMA_ZH13_16G142600_1_P,(((GWHPACDZ065497,(GWHPACEF063332,(GWHPACEG066223,GWHPACEW066598))),(((GWHPACEP062834,GWHPACEX062440),GWHPACEA067018),GWHPACEV060809)),(GWHPACEI069035,GWHPACEH066813))),W05_GLYSO_16G043873_1_P),GWHPACDY068545);
(GWHPACEN065930,((GLYMA_ZH13_16G142600_1_P,((((GWHPACDZ065497,(GWHPACEF063332,(GWHPACEG066223,GWHPACEW066598))),(GWHPACEP062834,GWHPACEX062440)),(GWHPACEA067018,GWHPACEV060809)),(GWHPACEI069035,GWHPACEH066813))),W05_GLYSO_16G043873_1_P),GWHPACDY068545);
(GWHPACEN065930,((GLYMA_ZH13_16G142600_1_P,(((GWHPACDZ065497,(GWHPACEF063332,(GWHPACEG066223,GWHPACEW066598))),(((GWHPACEP062834,GWHPACEX062440),GWHPACEA067018),GWHPACEV060809)),(GWHPACEI069035,GWHPACEH066813))),W05_GLYSO_16G043873_1_P),GWHPACDY068545);
(GWHPACEN065930,((GLYMA_ZH13_16G142600_1_P,(((GWHPACDZ065497,(GWHPACEF063332,(GWHPACEG066223,GWHPACEW066598))),(((GWHPACEP062834,GWHPACEX062440),GWHPACEA067018),GWHPACEV060809)),(GWHPACEI069035,GWHPACEH066813))),W05_GLYSO_16G043873_1_P),GWHPACDY068545);
(GWHPACEN065930,((GLYMA_ZH13_16G142600_1_P,(((GWHPACEA067018,GWHPACEV060809),((GWHPACDZ065497,(GWHPACEF063332,(GWHPACEG066223,GWHPACEW066598))),(GWHPACEP062834,GWHPACEX062440))),(GWHPACEI069035,GWHPACEH066813))),W05_GLYSO_16G043873_1_P),GWHPACDY068545);
(GWHPACEN065930,((GLYMA_ZH13_16G142600_1_P,(((GWHPACEA067018,GWHPACEV060809),((GWHPACDZ065497,(GWHPACEF063332,(GWHPACEG066223,GWHPACEW066598))),(GWHPACEP062834,GWHPACEX062440))),(GWHPACEI069035,GWHPACEH066813))),W05_GLYSO_16G043873_1_P),GWHPACDY068545);
(GWHPACEN065930,((GLYMA_ZH13_16G142600_1_P,((GWHPACEA067018,(GWHPACEV060809,(GWHPACDZ065497,((GWHPACEF063332,(GWHPACEG066223,GWHPACEW066598)),(GWHPACEP062834,GWHPACEX062440))))),(GWHPACEI069035,GWHPACEH066813))),W05_GLYSO_16G043873_1_P),GWHPACDY068545);
(GWHPACEN065930,((GLYMA_ZH13_16G142600_1_P,(((GWHPACEV060809,GWHPACEA067018),((GWHPACEP062834,GWHPACEX062440),(GWHPACDZ065497,(GWHPACEF063332,(GWHPACEG066223,GWHPACEW066598))))),(GWHPACEI069035,GWHPACEH066813))),W05_GLYSO_16G043873_1_P),GWHPACDY068545);
(GWHPACEN065930,((GLYMA_ZH13_16G142600_1_P,(((GWHPACEV060809,GWHPACEA067018),((GWHPACEP062834,GWHPACEX062440),(GWHPACDZ065497,(GWHPACEF063332,(GWHPACEG066223,GWHPACEW066598))))),(GWHPACEI069035,GWHPACEH066813))),W05_GLYSO_16G043873_1_P),GWHPACDY068545);
(GWHPACEN065930,((GLYMA_ZH13_16G142600_1_P,(((GWHPACDZ065497,(GWHPACEF063332,(GWHPACEG066223,GWHPACEW066598))),((GWHPACEA067018,(GWHPACEP062834,GWHPACEX062440)),GWHPACEV060809)),(GWHPACEI069035,GWHPACEH066813))),W05_GLYSO_16G043873_1_P),GWHPACDY068545);
(GWHPACEN065930,((GLYMA_ZH13_16G142600_1_P,((((GWHPACEP062834,GWHPACEX062440),(GWHPACDZ065497,(GWHPACEF063332,(GWHPACEG066223,GWHPACEW066598)))),(GWHPACEA067018,GWHPACEV060809)),(GWHPACEI069035,GWHPACEH066813))),W05_GLYSO_16G043873_1_P),GWHPACDY068545);
(GWHPACEN065930,((GLYMA_ZH13_16G142600_1_P,((((GWHPACEP062834,GWHPACEX062440),(GWHPACDZ065497,(GWHPACEF063332,(GWHPACEG066223,GWHPACEW066598)))),(GWHPACEA067018,GWHPACEV060809)),(GWHPACEI069035,GWHPACEH066813))),W05_GLYSO_16G043873_1_P),GWHPACDY068545);
(GWHPACEN065930,((GLYMA_ZH13_16G142600_1_P,(((GWHPACDZ065497,(GWHPACEF063332,(GWHPACEG066223,GWHPACEW066598))),(((GWHPACEP062834,GWHPACEX062440),GWHPACEA067018),GWHPACEV060809)),(GWHPACEI069035,GWHPACEH066813))),W05_GLYSO_16G043873_1_P),GWHPACDY068545);
(GWHPACEN065930,((GLYMA_ZH13_16G142600_1_P,((GWHPACDZ065497,((GWHPACEF063332,(GWHPACEG066223,GWHPACEW066598)),(((GWHPACEP062834,GWHPACEX062440),GWHPACEA067018),GWHPACEV060809))),(GWHPACEI069035,GWHPACEH066813))),W05_GLYSO_16G043873_1_P),GWHPACDY068545);
(GWHPACEN065930,((GLYMA_ZH13_16G142600_1_P,(((GWHPACEA067018,GWHPACEV060809),(GWHPACDZ065497,((GWHPACEP062834,GWHPACEX062440),(GWHPACEF063332,(GWHPACEG066223,GWHPACEW066598))))),(GWHPACEI069035,GWHPACEH066813))),W05_GLYSO_16G043873_1_P),GWHPACDY068545);
(GWHPACEN065930,((GLYMA_ZH13_16G142600_1_P,(((GWHPACEA067018,GWHPACEV060809),((GWHPACEP062834,GWHPACEX062440),((GWHPACEF063332,(GWHPACEG066223,GWHPACEW066598)),GWHPACDZ065497))),(GWHPACEI069035,GWHPACEH066813))),W05_GLYSO_16G043873_1_P),GWHPACDY068545);
(GWHPACEN065930,((GLYMA_ZH13_16G142600_1_P,(((((GWHPACEP062834,GWHPACEX062440),GWHPACEA067018),GWHPACEV060809),((GWHPACEF063332,(GWHPACEG066223,GWHPACEW066598)),GWHPACDZ065497)),(GWHPACEI069035,GWHPACEH066813))),W05_GLYSO_16G043873_1_P),GWHPACDY068545);
(GWHPACEN065930,(((((GWHPACEA067018,GWHPACEV060809),((GWHPACEP062834,GWHPACEX062440),(GWHPACDZ065497,(GWHPACEF063332,(GWHPACEG066223,GWHPACEW066598))))),(GWHPACEI069035,GWHPACEH066813)),GLYMA_ZH13_16G142600_1_P),W05_GLYSO_16G043873_1_P),GWHPACDY068545);
(GWHPACEN065930,(((((((GWHPACEP062834,GWHPACEX062440),GWHPACEA067018),GWHPACEV060809),(GWHPACDZ065497,(GWHPACEF063332,(GWHPACEG066223,GWHPACEW066598)))),(GWHPACEI069035,GWHPACEH066813)),GLYMA_ZH13_16G142600_1_P),W05_GLYSO_16G043873_1_P),GWHPACDY068545);
(GWHPACEN065930,(((((((GWHPACEP062834,GWHPACEX062440),GWHPACEA067018),GWHPACEV060809),(GWHPACDZ065497,(GWHPACEF063332,(GWHPACEG066223,GWHPACEW066598)))),(GWHPACEI069035,GWHPACEH066813)),GLYMA_ZH13_16G142600_1_P),W05_GLYSO_16G043873_1_P),GWHPACDY068545);
(GWHPACEN065930,(((((GWHPACEA067018,GWHPACEV060809),((GWHPACEP062834,GWHPACEX062440),(GWHPACDZ065497,(GWHPACEF063332,(GWHPACEG066223,GWHPACEW066598))))),(GWHPACEI069035,GWHPACEH066813)),GLYMA_ZH13_16G142600_1_P),W05_GLYSO_16G043873_1_P),GWHPACDY068545);
(GWHPACEN065930,(((((((GWHPACEP062834,GWHPACEX062440),GWHPACEA067018),GWHPACEV060809),(GWHPACDZ065497,(GWHPACEF063332,(GWHPACEG066223,GWHPACEW066598)))),(GWHPACEI069035,GWHPACEH066813)),GLYMA_ZH13_16G142600_1_P),W05_GLYSO_16G043873_1_P),GWHPACDY068545);
(GWHPACEN065930,(((((((GWHPACEP062834,GWHPACEX062440),GWHPACEA067018),GWHPACEV060809),(GWHPACDZ065497,(GWHPACEF063332,(GWHPACEG066223,GWHPACEW066598)))),(GWHPACEI069035,GWHPACEH066813)),GLYMA_ZH13_16G142600_1_P),W05_GLYSO_16G043873_1_P),GWHPACDY068545);
(GWHPACEN065930,(((((GWHPACEA067018,GWHPACEV060809),((GWHPACEP062834,GWHPACEX062440),(GWHPACDZ065497,(GWHPACEF063332,(GWHPACEG066223,GWHPACEW066598))))),(GWHPACEI069035,GWHPACEH066813)),GLYMA_ZH13_16G142600_1_P),W05_GLYSO_16G043873_1_P),GWHPACDY068545);
(GWHPACEN065930,(((((GWHPACEA067018,GWHPACEV060809),((GWHPACEP062834,GWHPACEX062440),(GWHPACDZ065497,(GWHPACEF063332,(GWHPACEG066223,GWHPACEW066598))))),(GWHPACEI069035,GWHPACEH066813)),GLYMA_ZH13_16G142600_1_P),W05_GLYSO_16G043873_1_P),GWHPACDY068545);
(GWHPACEN065930,(((((((GWHPACEP062834,GWHPACEX062440),GWHPACEA067018),GWHPACEV060809),(GWHPACDZ065497,(GWHPACEF063332,(GWHPACEG066223,GWHPACEW066598)))),(GWHPACEI069035,GWHPACEH066813)),GLYMA_ZH13_16G142600_1_P),W05_GLYSO_16G043873_1_P),GWHPACDY068545);
(GWHPACEN065930,(((((((GWHPACEP062834,GWHPACEX062440),GWHPACEA067018),GWHPACEV060809),(GWHPACDZ065497,(GWHPACEF063332,(GWHPACEG066223,GWHPACEW066598)))),(GWHPACEI069035,GWHPACEH066813)),GLYMA_ZH13_16G142600_1_P),W05_GLYSO_16G043873_1_P),GWHPACDY068545);
(GWHPACEN065930,((GLYMA_ZH13_16G142600_1_P,((GWHPACEH066813,GWHPACEI069035),(((GWHPACEV060809,GWHPACEA067018),((GWHPACEX062440,GWHPACEP062834),((GWHPACEG066223,GWHPACEW066598),GWHPACEF063332))),GWHPACDZ065497))),W05_GLYSO_16G043873_1_P),GWHPACDY068545);
(GWHPACEN065930,((GLYMA_ZH13_16G142600_1_P,((GWHPACEH066813,GWHPACEI069035),(((GWHPACDZ065497,((GWHPACEG066223,GWHPACEW066598),GWHPACEF063332)),(GWHPACEX062440,GWHPACEP062834)),(GWHPACEV060809,GWHPACEA067018)))),W05_GLYSO_16G043873_1_P),GWHPACDY068545);
(GWHPACEN065930,((GLYMA_ZH13_16G142600_1_P,((GWHPACEH066813,GWHPACEI069035),((GWHPACDZ065497,((GWHPACEG066223,GWHPACEW066598),GWHPACEF063332)),(((GWHPACEX062440,GWHPACEP062834),GWHPACEA067018),GWHPACEV060809)))),W05_GLYSO_16G043873_1_P),GWHPACDY068545);
(GWHPACEN065930,((GLYMA_ZH13_16G142600_1_P,((GWHPACEH066813,GWHPACEI069035),(((GWHPACEX062440,GWHPACEP062834),(GWHPACDZ065497,((GWHPACEG066223,GWHPACEW066598),GWHPACEF063332))),(GWHPACEA067018,GWHPACEV060809)))),W05_GLYSO_16G043873_1_P),GWHPACDY068545);
(GWHPACEN065930,((GLYMA_ZH13_16G142600_1_P,((GWHPACEH066813,GWHPACEI069035),((GWHPACDZ065497,((GWHPACEG066223,GWHPACEW066598),GWHPACEF063332)),((GWHPACEA067018,(GWHPACEX062440,GWHPACEP062834)),GWHPACEV060809)))),W05_GLYSO_16G043873_1_P),GWHPACDY068545);
(GWHPACEN065930,((GLYMA_ZH13_16G142600_1_P,((GWHPACEH066813,GWHPACEI069035),(((GWHPACEX062440,GWHPACEP062834),(GWHPACDZ065497,((GWHPACEG066223,GWHPACEW066598),GWHPACEF063332))),(GWHPACEA067018,GWHPACEV060809)))),W05_GLYSO_16G043873_1_P),GWHPACDY068545);
(GWHPACEN065930,((GLYMA_ZH13_16G142600_1_P,((GWHPACEH066813,GWHPACEI069035),((GWHPACDZ065497,(((GWHPACEG066223,GWHPACEW066598),GWHPACEF063332),(GWHPACEX062440,GWHPACEP062834))),(GWHPACEA067018,GWHPACEV060809)))),W05_GLYSO_16G043873_1_P),GWHPACDY068545);
(GWHPACEN065930,((GLYMA_ZH13_16G142600_1_P,((GWHPACEH066813,GWHPACEI069035),((GWHPACDZ065497,((GWHPACEG066223,GWHPACEW066598),GWHPACEF063332)),(((GWHPACEX062440,GWHPACEP062834),GWHPACEA067018),GWHPACEV060809)))),W05_GLYSO_16G043873_1_P),GWHPACDY068545);
(GWHPACEN065930,((GLYMA_ZH13_16G142600_1_P,((GWHPACEH066813,GWHPACEI069035),((GWHPACDZ065497,((GWHPACEX062440,GWHPACEP062834),((GWHPACEG066223,GWHPACEW066598),GWHPACEF063332))),(GWHPACEA067018,GWHPACEV060809)))),W05_GLYSO_16G043873_1_P),GWHPACDY068545);
(GWHPACEN065930,((GLYMA_ZH13_16G142600_1_P,((GWHPACEH066813,GWHPACEI069035),(((GWHPACEX062440,GWHPACEP062834),(((GWHPACEG066223,GWHPACEW066598),GWHPACEF063332),GWHPACDZ065497)),(GWHPACEA067018,GWHPACEV060809)))),W05_GLYSO_16G043873_1_P),GWHPACDY068545);
(GWHPACEN065930,(W05_GLYSO_16G043873_1_P,(GLYMA_ZH13_16G142600_1_P,((GWHPACEI069035,GWHPACEH066813),((GWHPACEV060809,GWHPACEA067018),(((GWHPACEF063332,(GWHPACEW066598,GWHPACEG066223)),(GWHPACEP062834,GWHPACEX062440)),GWHPACDZ065497))))),GWHPACDY068545);
(GWHPACEN065930,(W05_GLYSO_16G043873_1_P,(GLYMA_ZH13_16G142600_1_P,((GWHPACEI069035,GWHPACEH066813),((GWHPACEV060809,((GWHPACEP062834,GWHPACEX062440),GWHPACEA067018)),(GWHPACDZ065497,(GWHPACEF063332,(GWHPACEW066598,GWHPACEG066223))))))),GWHPACDY068545);
(GWHPACEN065930,(W05_GLYSO_16G043873_1_P,(GLYMA_ZH13_16G142600_1_P,((GWHPACEI069035,GWHPACEH066813),((GWHPACEV060809,((GWHPACEP062834,GWHPACEX062440),GWHPACEA067018)),(GWHPACDZ065497,(GWHPACEF063332,(GWHPACEW066598,GWHPACEG066223))))))),GWHPACDY068545);
(GWHPACEN065930,(W05_GLYSO_16G043873_1_P,(GLYMA_ZH13_16G142600_1_P,((GWHPACEI069035,GWHPACEH066813),((GWHPACEA067018,GWHPACEV060809),((GWHPACEP062834,GWHPACEX062440),((GWHPACEF063332,(GWHPACEW066598,GWHPACEG066223)),GWHPACDZ065497)))))),GWHPACDY068545);
(GWHPACEN065930,(W05_GLYSO_16G043873_1_P,(GLYMA_ZH13_16G142600_1_P,((GWHPACEI069035,GWHPACEH066813),((GWHPACEA067018,GWHPACEV060809),(GWHPACDZ065497,((GWHPACEP062834,GWHPACEX062440),(GWHPACEF063332,(GWHPACEW066598,GWHPACEG066223)))))))),GWHPACDY068545);
(GWHPACEN065930,(W05_GLYSO_16G043873_1_P,(GLYMA_ZH13_16G142600_1_P,((GWHPACEI069035,GWHPACEH066813),((GWHPACEA067018,GWHPACEV060809),((GWHPACDZ065497,(GWHPACEF063332,(GWHPACEW066598,GWHPACEG066223))),(GWHPACEP062834,GWHPACEX062440)))))),GWHPACDY068545);
(GWHPACEN065930,(W05_GLYSO_16G043873_1_P,(GLYMA_ZH13_16G142600_1_P,((GWHPACEI069035,GWHPACEH066813),((GWHPACEA067018,GWHPACEV060809),((GWHPACDZ065497,(GWHPACEF063332,(GWHPACEW066598,GWHPACEG066223))),(GWHPACEP062834,GWHPACEX062440)))))),GWHPACDY068545);
(GWHPACEN065930,(W05_GLYSO_16G043873_1_P,(GLYMA_ZH13_16G142600_1_P,((GWHPACEI069035,GWHPACEH066813),(GWHPACDZ065497,((GWHPACEF063332,(GWHPACEW066598,GWHPACEG066223)),((GWHPACEP062834,GWHPACEX062440),(GWHPACEA067018,GWHPACEV060809))))))),GWHPACDY068545);
(GWHPACEN065930,(W05_GLYSO_16G043873_1_P,(GLYMA_ZH13_16G142600_1_P,((GWHPACEI069035,GWHPACEH066813),((GWHPACDZ065497,(GWHPACEF063332,(GWHPACEW066598,GWHPACEG066223))),(GWHPACEV060809,((GWHPACEP062834,GWHPACEX062440),GWHPACEA067018)))))),GWHPACDY068545);
(GWHPACEN065930,(W05_GLYSO_16G043873_1_P,(GLYMA_ZH13_16G142600_1_P,((GWHPACEI069035,GWHPACEH066813),((GWHPACDZ065497,((GWHPACEF063332,(GWHPACEW066598,GWHPACEG066223)),(GWHPACEP062834,GWHPACEX062440))),(GWHPACEA067018,GWHPACEV060809))))),GWHPACDY068545);
(GWHPACEN065930,((GLYMA_ZH13_16G142600_1_P,(((((GWHPACEP062834,GWHPACEX062440),GWHPACEA067018),GWHPACEV060809),((GWHPACEF063332,(GWHPACEW066598,GWHPACEG066223)),GWHPACDZ065497)),(GWHPACEH066813,GWHPACEI069035))),W05_GLYSO_16G043873_1_P),GWHPACDY068545);
(GWHPACEN065930,((GLYMA_ZH13_16G142600_1_P,((GWHPACDZ065497,((((GWHPACEP062834,GWHPACEX062440),GWHPACEA067018),GWHPACEV060809),(GWHPACEF063332,(GWHPACEW066598,GWHPACEG066223)))),(GWHPACEH066813,GWHPACEI069035))),W05_GLYSO_16G043873_1_P),GWHPACDY068545);
(GWHPACEN065930,((GLYMA_ZH13_16G142600_1_P,(((GWHPACEA067018,GWHPACEV060809),((GWHPACEP062834,GWHPACEX062440),((GWHPACEF063332,(GWHPACEW066598,GWHPACEG066223)),GWHPACDZ065497))),(GWHPACEH066813,GWHPACEI069035))),W05_GLYSO_16G043873_1_P),GWHPACDY068545);
(GWHPACEN065930,((GLYMA_ZH13_16G142600_1_P,((((GWHPACEF063332,(GWHPACEW066598,GWHPACEG066223)),GWHPACDZ065497),((GWHPACEA067018,(GWHPACEP062834,GWHPACEX062440)),GWHPACEV060809)),(GWHPACEH066813,GWHPACEI069035))),W05_GLYSO_16G043873_1_P),GWHPACDY068545);
(GWHPACEN065930,((GLYMA_ZH13_16G142600_1_P,(((((GWHPACEF063332,(GWHPACEW066598,GWHPACEG066223)),GWHPACDZ065497),(GWHPACEP062834,GWHPACEX062440)),(GWHPACEV060809,GWHPACEA067018)),(GWHPACEH066813,GWHPACEI069035))),W05_GLYSO_16G043873_1_P),GWHPACDY068545);
(GWHPACEN065930,((GLYMA_ZH13_16G142600_1_P,((GWHPACDZ065497,(((GWHPACEP062834,GWHPACEX062440),(GWHPACEV060809,GWHPACEA067018)),(GWHPACEF063332,(GWHPACEW066598,GWHPACEG066223)))),(GWHPACEH066813,GWHPACEI069035))),W05_GLYSO_16G043873_1_P),GWHPACDY068545);
(GWHPACEN065930,((GLYMA_ZH13_16G142600_1_P,(((GWHPACEV060809,GWHPACEA067018),(((GWHPACEF063332,(GWHPACEW066598,GWHPACEG066223)),GWHPACDZ065497),(GWHPACEP062834,GWHPACEX062440))),(GWHPACEH066813,GWHPACEI069035))),W05_GLYSO_16G043873_1_P),GWHPACDY068545);
(GWHPACEN065930,((GLYMA_ZH13_16G142600_1_P,(((GWHPACEV060809,GWHPACEA067018),(((GWHPACEF063332,(GWHPACEW066598,GWHPACEG066223)),GWHPACDZ065497),(GWHPACEP062834,GWHPACEX062440))),(GWHPACEH066813,GWHPACEI069035))),W05_GLYSO_16G043873_1_P),GWHPACDY068545);
(GWHPACEN065930,((GLYMA_ZH13_16G142600_1_P,(((GWHPACEV060809,((GWHPACEP062834,GWHPACEX062440),GWHPACEA067018)),((GWHPACEF063332,(GWHPACEW066598,GWHPACEG066223)),GWHPACDZ065497)),(GWHPACEH066813,GWHPACEI069035))),W05_GLYSO_16G043873_1_P),GWHPACDY068545);
(GWHPACEN065930,((GLYMA_ZH13_16G142600_1_P,(((GWHPACEV060809,((GWHPACEP062834,GWHPACEX062440),GWHPACEA067018)),((GWHPACEF063332,(GWHPACEW066598,GWHPACEG066223)),GWHPACDZ065497)),(GWHPACEH066813,GWHPACEI069035))),W05_GLYSO_16G043873_1_P),GWHPACDY068545);
(GWHPACEN065930,(((((GWHPACEV060809,GWHPACEA067018),((GWHPACEX062440,GWHPACEP062834),(GWHPACDZ065497,((GWHPACEG066223,GWHPACEW066598),GWHPACEF063332)))),(GWHPACEH066813,GWHPACEI069035)),GLYMA_ZH13_16G142600_1_P),W05_GLYSO_16G043873_1_P),GWHPACDY068545);
(GWHPACEN065930,(((((GWHPACEV060809,GWHPACEA067018),(GWHPACDZ065497,(((GWHPACEG066223,GWHPACEW066598),GWHPACEF063332),(GWHPACEX062440,GWHPACEP062834)))),(GWHPACEH066813,GWHPACEI069035)),GLYMA_ZH13_16G142600_1_P),W05_GLYSO_16G043873_1_P),GWHPACDY068545);
(GWHPACEN065930,(((((GWHPACEV060809,GWHPACEA067018),((GWHPACEX062440,GWHPACEP062834),(GWHPACDZ065497,((GWHPACEG066223,GWHPACEW066598),GWHPACEF063332)))),(GWHPACEH066813,GWHPACEI069035)),GLYMA_ZH13_16G142600_1_P),W05_GLYSO_16G043873_1_P),GWHPACDY068545);
(GWHPACEN065930,(((((GWHPACEV060809,GWHPACEA067018),((GWHPACEX062440,GWHPACEP062834),(GWHPACDZ065497,((GWHPACEG066223,GWHPACEW066598),GWHPACEF063332)))),(GWHPACEH066813,GWHPACEI069035)),GLYMA_ZH13_16G142600_1_P),W05_GLYSO_16G043873_1_P),GWHPACDY068545);
(GWHPACEN065930,(((((GWHPACEV060809,GWHPACEA067018),(((GWHPACEX062440,GWHPACEP062834),((GWHPACEG066223,GWHPACEW066598),GWHPACEF063332)),GWHPACDZ065497)),(GWHPACEH066813,GWHPACEI069035)),GLYMA_ZH13_16G142600_1_P),W05_GLYSO_16G043873_1_P),GWHPACDY068545);
(GWHPACEN065930,(((((GWHPACEV060809,GWHPACEA067018),(((GWHPACEX062440,GWHPACEP062834),((GWHPACEG066223,GWHPACEW066598),GWHPACEF063332)),GWHPACDZ065497)),(GWHPACEH066813,GWHPACEI069035)),GLYMA_ZH13_16G142600_1_P),W05_GLYSO_16G043873_1_P),GWHPACDY068545);
(GWHPACEN065930,(((((GWHPACEV060809,((GWHPACEX062440,GWHPACEP062834),GWHPACEA067018)),(((GWHPACEG066223,GWHPACEW066598),GWHPACEF063332),GWHPACDZ065497)),(GWHPACEH066813,GWHPACEI069035)),GLYMA_ZH13_16G142600_1_P),W05_GLYSO_16G043873_1_P),GWHPACDY068545);
(GWHPACEN065930,((((GWHPACDZ065497,((GWHPACEV060809,((GWHPACEX062440,GWHPACEP062834),GWHPACEA067018)),((GWHPACEG066223,GWHPACEW066598),GWHPACEF063332))),(GWHPACEH066813,GWHPACEI069035)),GLYMA_ZH13_16G142600_1_P),W05_GLYSO_16G043873_1_P),GWHPACDY068545);
(GWHPACEN065930,(((((GWHPACEV060809,((GWHPACEX062440,GWHPACEP062834),GWHPACEA067018)),(((GWHPACEG066223,GWHPACEW066598),GWHPACEF063332),GWHPACDZ065497)),(GWHPACEH066813,GWHPACEI069035)),GLYMA_ZH13_16G142600_1_P),W05_GLYSO_16G043873_1_P),GWHPACDY068545);
(GWHPACEN065930,(((((GWHPACEV060809,GWHPACEA067018),((GWHPACEX062440,GWHPACEP062834),(((GWHPACEG066223,GWHPACEW066598),GWHPACEF063332),GWHPACDZ065497))),(GWHPACEH066813,GWHPACEI069035)),GLYMA_ZH13_16G142600_1_P),W05_GLYSO_16G043873_1_P),GWHPACDY068545);
(GWHPACEN065930,(W05_GLYSO_16G043873_1_P,(GLYMA_ZH13_16G142600_1_P,((GWHPACEI069035,GWHPACEH066813),((GWHPACEV060809,GWHPACEA067018),((GWHPACEX062440,GWHPACEP062834),((GWHPACEF063332,(GWHPACEG066223,GWHPACEW066598)),GWHPACDZ065497)))))),GWHPACDY068545);
(GWHPACEN065930,(W05_GLYSO_16G043873_1_P,(GLYMA_ZH13_16G142600_1_P,((GWHPACEI069035,GWHPACEH066813),(((GWHPACEF063332,(GWHPACEG066223,GWHPACEW066598)),GWHPACDZ065497),((GWHPACEA067018,(GWHPACEX062440,GWHPACEP062834)),GWHPACEV060809))))),GWHPACDY068545);
(GWHPACEN065930,(W05_GLYSO_16G043873_1_P,(GLYMA_ZH13_16G142600_1_P,((GWHPACEI069035,GWHPACEH066813),(((GWHPACEX062440,GWHPACEP062834),((GWHPACEF063332,(GWHPACEG066223,GWHPACEW066598)),GWHPACDZ065497)),(GWHPACEA067018,GWHPACEV060809))))),GWHPACDY068545);
(GWHPACEN065930,(W05_GLYSO_16G043873_1_P,(GLYMA_ZH13_16G142600_1_P,((GWHPACEI069035,GWHPACEH066813),(((GWHPACEX062440,GWHPACEP062834),((GWHPACEF063332,(GWHPACEG066223,GWHPACEW066598)),GWHPACDZ065497)),(GWHPACEA067018,GWHPACEV060809))))),GWHPACDY068545);
(GWHPACEN065930,(W05_GLYSO_16G043873_1_P,(GLYMA_ZH13_16G142600_1_P,((GWHPACEI069035,GWHPACEH066813),(((GWHPACEX062440,GWHPACEP062834),((GWHPACEF063332,(GWHPACEG066223,GWHPACEW066598)),GWHPACDZ065497)),(GWHPACEA067018,GWHPACEV060809))))),GWHPACDY068545);
(GWHPACEN065930,(W05_GLYSO_16G043873_1_P,(GLYMA_ZH13_16G142600_1_P,((GWHPACEI069035,GWHPACEH066813),((GWHPACDZ065497,((GWHPACEX062440,GWHPACEP062834),(GWHPACEF063332,(GWHPACEG066223,GWHPACEW066598)))),(GWHPACEA067018,GWHPACEV060809))))),GWHPACDY068545);
(GWHPACEN065930,(W05_GLYSO_16G043873_1_P,(GLYMA_ZH13_16G142600_1_P,((GWHPACEI069035,GWHPACEH066813),((GWHPACDZ065497,(GWHPACEF063332,(GWHPACEG066223,GWHPACEW066598))),(((GWHPACEX062440,GWHPACEP062834),GWHPACEA067018),GWHPACEV060809))))),GWHPACDY068545);
(GWHPACEN065930,(W05_GLYSO_16G043873_1_P,(GLYMA_ZH13_16G142600_1_P,((GWHPACEI069035,GWHPACEH066813),(((GWHPACEX062440,GWHPACEP062834),(GWHPACDZ065497,(GWHPACEF063332,(GWHPACEG066223,GWHPACEW066598)))),(GWHPACEA067018,GWHPACEV060809))))),GWHPACDY068545);
(GWHPACEN065930,(W05_GLYSO_16G043873_1_P,(GLYMA_ZH13_16G142600_1_P,((GWHPACEI069035,GWHPACEH066813),(GWHPACDZ065497,((GWHPACEF063332,(GWHPACEG066223,GWHPACEW066598)),(GWHPACEV060809,((GWHPACEX062440,GWHPACEP062834),GWHPACEA067018))))))),GWHPACDY068545);
(GWHPACEN065930,(W05_GLYSO_16G043873_1_P,(GLYMA_ZH13_16G142600_1_P,((GWHPACEI069035,GWHPACEH066813),((GWHPACEV060809,((GWHPACEX062440,GWHPACEP062834),GWHPACEA067018)),(GWHPACDZ065497,(GWHPACEF063332,(GWHPACEG066223,GWHPACEW066598))))))),GWHPACDY068545);
(GWHPACEN065930,((GLYMA_ZH13_16G142600_1_P,(((((GWHPACEW066598,GWHPACEG066223),GWHPACEF063332),((GWHPACEV060809,GWHPACEA067018),(GWHPACEX062440,GWHPACEP062834))),GWHPACDZ065497),(GWHPACEI069035,GWHPACEH066813))),W05_GLYSO_16G043873_1_P),GWHPACDY068545);
(GWHPACEN065930,((GLYMA_ZH13_16G142600_1_P,(((GWHPACDZ065497,((GWHPACEW066598,GWHPACEG066223),GWHPACEF063332)),(GWHPACEV060809,(GWHPACEA067018,(GWHPACEX062440,GWHPACEP062834)))),(GWHPACEI069035,GWHPACEH066813))),W05_GLYSO_16G043873_1_P),GWHPACDY068545);
(GWHPACEN065930,((GLYMA_ZH13_16G142600_1_P,((((GWHPACEX062440,GWHPACEP062834),(GWHPACDZ065497,((GWHPACEW066598,GWHPACEG066223),GWHPACEF063332))),(GWHPACEV060809,GWHPACEA067018)),(GWHPACEI069035,GWHPACEH066813))),W05_GLYSO_16G043873_1_P),GWHPACDY068545);
(GWHPACEN065930,((GLYMA_ZH13_16G142600_1_P,(((GWHPACDZ065497,((GWHPACEW066598,GWHPACEG066223),GWHPACEF063332)),(GWHPACEV060809,((GWHPACEX062440,GWHPACEP062834),GWHPACEA067018))),(GWHPACEI069035,GWHPACEH066813))),W05_GLYSO_16G043873_1_P),GWHPACDY068545);
(GWHPACEN065930,((GLYMA_ZH13_16G142600_1_P,((((GWHPACEX062440,GWHPACEP062834),(GWHPACDZ065497,((GWHPACEW066598,GWHPACEG066223),GWHPACEF063332))),(GWHPACEV060809,GWHPACEA067018)),(GWHPACEI069035,GWHPACEH066813))),W05_GLYSO_16G043873_1_P),GWHPACDY068545);
(GWHPACEN065930,((GLYMA_ZH13_16G142600_1_P,(((GWHPACDZ065497,((GWHPACEW066598,GWHPACEG066223),GWHPACEF063332)),(GWHPACEV060809,((GWHPACEX062440,GWHPACEP062834),GWHPACEA067018))),(GWHPACEI069035,GWHPACEH066813))),W05_GLYSO_16G043873_1_P),GWHPACDY068545);
(GWHPACEN065930,((GLYMA_ZH13_16G142600_1_P,((((GWHPACDZ065497,((GWHPACEW066598,GWHPACEG066223),GWHPACEF063332)),(GWHPACEX062440,GWHPACEP062834)),(GWHPACEA067018,GWHPACEV060809)),(GWHPACEI069035,GWHPACEH066813))),W05_GLYSO_16G043873_1_P),GWHPACDY068545);
(GWHPACEN065930,((GLYMA_ZH13_16G142600_1_P,((((GWHPACDZ065497,((GWHPACEW066598,GWHPACEG066223),GWHPACEF063332)),(GWHPACEX062440,GWHPACEP062834)),(GWHPACEA067018,GWHPACEV060809)),(GWHPACEI069035,GWHPACEH066813))),W05_GLYSO_16G043873_1_P),GWHPACDY068545);
(GWHPACEN065930,((GLYMA_ZH13_16G142600_1_P,(((GWHPACDZ065497,((GWHPACEW066598,GWHPACEG066223),GWHPACEF063332)),(((GWHPACEX062440,GWHPACEP062834),GWHPACEA067018),GWHPACEV060809)),(GWHPACEI069035,GWHPACEH066813))),W05_GLYSO_16G043873_1_P),GWHPACDY068545);
(GWHPACEN065930,((GLYMA_ZH13_16G142600_1_P,((((GWHPACEX062440,GWHPACEP062834),(GWHPACDZ065497,((GWHPACEW066598,GWHPACEG066223),GWHPACEF063332))),(GWHPACEA067018,GWHPACEV060809)),(GWHPACEI069035,GWHPACEH066813))),W05_GLYSO_16G043873_1_P),GWHPACDY068545);
((W05_GLYSO_16G043873_1_P,((((GWHPACEA067018,GWHPACEV060809),((GWHPACEP062834,GWHPACEX062440),(GWHPACDZ065497,(GWHPACEF063332,(GWHPACEW066598,GWHPACEG066223))))),(GWHPACEH066813,GWHPACEI069035)),GLYMA_ZH13_16G142600_1_P)),GWHPACEN065930,GWHPACDY068545);
((W05_GLYSO_16G043873_1_P,((((GWHPACEA067018,GWHPACEV060809),(GWHPACDZ065497,((GWHPACEF063332,(GWHPACEW066598,GWHPACEG066223)),(GWHPACEP062834,GWHPACEX062440)))),(GWHPACEH066813,GWHPACEI069035)),GLYMA_ZH13_16G142600_1_P)),GWHPACEN065930,GWHPACDY068545);
((W05_GLYSO_16G043873_1_P,(((GWHPACEA067018,((GWHPACEV060809,(GWHPACDZ065497,(GWHPACEF063332,(GWHPACEW066598,GWHPACEG066223)))),(GWHPACEP062834,GWHPACEX062440))),(GWHPACEH066813,GWHPACEI069035)),GLYMA_ZH13_16G142600_1_P)),GWHPACEN065930,GWHPACDY068545);
((W05_GLYSO_16G043873_1_P,((((GWHPACDZ065497,((GWHPACEF063332,(GWHPACEW066598,GWHPACEG066223)),(GWHPACEP062834,GWHPACEX062440))),(GWHPACEV060809,GWHPACEA067018)),(GWHPACEH066813,GWHPACEI069035)),GLYMA_ZH13_16G142600_1_P)),GWHPACEN065930,GWHPACDY068545);
((W05_GLYSO_16G043873_1_P,((((GWHPACDZ065497,(GWHPACEF063332,(GWHPACEW066598,GWHPACEG066223))),(GWHPACEV060809,((GWHPACEP062834,GWHPACEX062440),GWHPACEA067018))),(GWHPACEH066813,GWHPACEI069035)),GLYMA_ZH13_16G142600_1_P)),GWHPACEN065930,GWHPACDY068545);
((W05_GLYSO_16G043873_1_P,((((GWHPACDZ065497,((GWHPACEP062834,GWHPACEX062440),(GWHPACEF063332,(GWHPACEW066598,GWHPACEG066223)))),(GWHPACEV060809,GWHPACEA067018)),(GWHPACEH066813,GWHPACEI069035)),GLYMA_ZH13_16G142600_1_P)),GWHPACEN065930,GWHPACDY068545);
((W05_GLYSO_16G043873_1_P,((((GWHPACDZ065497,((GWHPACEP062834,GWHPACEX062440),(GWHPACEF063332,(GWHPACEW066598,GWHPACEG066223)))),(GWHPACEV060809,GWHPACEA067018)),(GWHPACEH066813,GWHPACEI069035)),GLYMA_ZH13_16G142600_1_P)),GWHPACEN065930,GWHPACDY068545);
((W05_GLYSO_16G043873_1_P,(((((GWHPACEF063332,(GWHPACEW066598,GWHPACEG066223)),GWHPACDZ065497),(GWHPACEV060809,((GWHPACEP062834,GWHPACEX062440),GWHPACEA067018))),(GWHPACEH066813,GWHPACEI069035)),GLYMA_ZH13_16G142600_1_P)),GWHPACEN065930,GWHPACDY068545);
((W05_GLYSO_16G043873_1_P,(((GWHPACDZ065497,((GWHPACEV060809,((GWHPACEP062834,GWHPACEX062440),GWHPACEA067018)),(GWHPACEF063332,(GWHPACEW066598,GWHPACEG066223)))),(GWHPACEH066813,GWHPACEI069035)),GLYMA_ZH13_16G142600_1_P)),GWHPACEN065930,GWHPACDY068545);
((W05_GLYSO_16G043873_1_P,(((((GWHPACEP062834,GWHPACEX062440),(GWHPACEA067018,GWHPACEV060809)),((GWHPACEF063332,(GWHPACEW066598,GWHPACEG066223)),GWHPACDZ065497)),(GWHPACEH066813,GWHPACEI069035)),GLYMA_ZH13_16G142600_1_P)),GWHPACEN065930,GWHPACDY068545);
