(GWHPACES066447,(W05_GLYSO_16G043557_1_P,GLYMA_ZH13_16G113500_1_P),GWHPACEO066985);
(GWHPACES066447,(W05_GLYSO_16G043557_1_P,GLYMA_ZH13_16G113500_1_P),GWHPACEO066985);
(GWHPACES066447,(W05_GLYSO_16G043557_1_P,GLYMA_ZH13_16G113500_1_P),GWHPACEO066985);
(GWHPACES066447,(W05_GLYSO_16G043557_1_P,GLYMA_ZH13_16G113500_1_P),GWHPACEO066985);
(GWHPACES066447,(W05_GLYSO_16G043557_1_P,GLYMA_ZH13_16G113500_1_P),GWHPACEO066985);
(GWHPACES066447,(W05_GLYSO_16G043557_1_P,GLYMA_ZH13_16G113500_1_P),GWHPACEO066985);
(GWHPACES066447,(W05_GLYSO_16G043557_1_P,GLYMA_ZH13_16G113500_1_P),GWHPACEO066985);
(GWHPACES066447,(W05_GLYSO_16G043557_1_P,GLYMA_ZH13_16G113500_1_P),GWHPACEO066985);
(GWHPACES066447,(W05_GLYSO_16G043557_1_P,GLYMA_ZH13_16G113500_1_P),GWHPACEO066985);
(GWHPACES066447,(W05_GLYSO_16G043557_1_P,GLYMA_ZH13_16G113500_1_P),GWHPACEO066985);
(GWHPACES066447,(GLYMA_ZH13_16G113500_1_P,W05_GLYSO_16G043557_1_P),GWHPACEO066985);
(GWHPACES066447,(GLYMA_ZH13_16G113500_1_P,W05_GLYSO_16G043557_1_P),GWHPACEO066985);
(GWHPACES066447,(GLYMA_ZH13_16G113500_1_P,W05_GLYSO_16G043557_1_P),GWHPACEO066985);
(GWHPACES066447,(GLYMA_ZH13_16G113500_1_P,W05_GLYSO_16G043557_1_P),GWHPACEO066985);
(GWHPACES066447,(GLYMA_ZH13_16G113500_1_P,W05_GLYSO_16G043557_1_P),GWHPACEO066985);
(GWHPACES066447,(GLYMA_ZH13_16G113500_1_P,W05_GLYSO_16G043557_1_P),GWHPACEO066985);
(GWHPACES066447,(GLYMA_ZH13_16G113500_1_P,W05_GLYSO_16G043557_1_P),GWHPACEO066985);
(GWHPACES066447,(GLYMA_ZH13_16G113500_1_P,W05_GLYSO_16G043557_1_P),GWHPACEO066985);
(GWHPACES066447,(GLYMA_ZH13_16G113500_1_P,W05_GLYSO_16G043557_1_P),GWHPACEO066985);
(GWHPACES066447,(GLYMA_ZH13_16G113500_1_P,W05_GLYSO_16G043557_1_P),GWHPACEO066985);
(W05_GLYSO_16G043557_1_P,(GWHPACES066447,GLYMA_ZH13_16G113500_1_P),GWHPACEO066985);
(W05_GLYSO_16G043557_1_P,(GWHPACES066447,GLYMA_ZH13_16G113500_1_P),GWHPACEO066985);
(GWHPACES066447,(GLYMA_ZH13_16G113500_1_P,W05_GLYSO_16G043557_1_P),GWHPACEO066985);
(GWHPACES066447,(GLYMA_ZH13_16G113500_1_P,W05_GLYSO_16G043557_1_P),GWHPACEO066985);
(GWHPACES066447,(GLYMA_ZH13_16G113500_1_P,W05_GLYSO_16G043557_1_P),GWHPACEO066985);
(GWHPACES066447,(GLYMA_ZH13_16G113500_1_P,W05_GLYSO_16G043557_1_P),GWHPACEO066985);
(GWHPACES066447,(GLYMA_ZH13_16G113500_1_P,W05_GLYSO_16G043557_1_P),GWHPACEO066985);
(GWHPACES066447,(GLYMA_ZH13_16G113500_1_P,W05_GLYSO_16G043557_1_P),GWHPACEO066985);
(GWHPACES066447,(GLYMA_ZH13_16G113500_1_P,W05_GLYSO_16G043557_1_P),GWHPACEO066985);
(GWHPACES066447,(GLYMA_ZH13_16G113500_1_P,W05_GLYSO_16G043557_1_P),GWHPACEO066985);
(GLYMA_ZH13_16G113500_1_P,(W05_GLYSO_16G043557_1_P,GWHPACES066447),GWHPACEO066985);
(GLYMA_ZH13_16G113500_1_P,(W05_GLYSO_16G043557_1_P,GWHPACES066447),GWHPACEO066985);
(GWHPACES066447,(GLYMA_ZH13_16G113500_1_P,W05_GLYSO_16G043557_1_P),GWHPACEO066985);
(GWHPACES066447,(GLYMA_ZH13_16G113500_1_P,W05_GLYSO_16G043557_1_P),GWHPACEO066985);
(GWHPACES066447,(GLYMA_ZH13_16G113500_1_P,W05_GLYSO_16G043557_1_P),GWHPACEO066985);
(GWHPACES066447,(GLYMA_ZH13_16G113500_1_P,W05_GLYSO_16G043557_1_P),GWHPACEO066985);
(GWHPACES066447,(GLYMA_ZH13_16G113500_1_P,W05_GLYSO_16G043557_1_P),GWHPACEO066985);
(GWHPACES066447,(GLYMA_ZH13_16G113500_1_P,W05_GLYSO_16G043557_1_P),GWHPACEO066985);
(GWHPACES066447,(GLYMA_ZH13_16G113500_1_P,W05_GLYSO_16G043557_1_P),GWHPACEO066985);
(GWHPACES066447,(GLYMA_ZH13_16G113500_1_P,W05_GLYSO_16G043557_1_P),GWHPACEO066985);
(GWHPACES066447,(GLYMA_ZH13_16G113500_1_P,W05_GLYSO_16G043557_1_P),GWHPACEO066985);
(GWHPACES066447,(GLYMA_ZH13_16G113500_1_P,W05_GLYSO_16G043557_1_P),GWHPACEO066985);
(GWHPACES066447,(GLYMA_ZH13_16G113500_1_P,W05_GLYSO_16G043557_1_P),GWHPACEO066985);
(GWHPACES066447,(GLYMA_ZH13_16G113500_1_P,W05_GLYSO_16G043557_1_P),GWHPACEO066985);
(GWHPACES066447,(GLYMA_ZH13_16G113500_1_P,W05_GLYSO_16G043557_1_P),GWHPACEO066985);
(GWHPACES066447,(GLYMA_ZH13_16G113500_1_P,W05_GLYSO_16G043557_1_P),GWHPACEO066985);
(GWHPACES066447,(GLYMA_ZH13_16G113500_1_P,W05_GLYSO_16G043557_1_P),GWHPACEO066985);
(GWHPACES066447,(GLYMA_ZH13_16G113500_1_P,W05_GLYSO_16G043557_1_P),GWHPACEO066985);
(GWHPACES066447,(GLYMA_ZH13_16G113500_1_P,W05_GLYSO_16G043557_1_P),GWHPACEO066985);
(GWHPACES066447,(GLYMA_ZH13_16G113500_1_P,W05_GLYSO_16G043557_1_P),GWHPACEO066985);
(W05_GLYSO_16G043557_1_P,(GLYMA_ZH13_16G113500_1_P,GWHPACES066447),GWHPACEO066985);
(GWHPACES066447,(W05_GLYSO_16G043557_1_P,GLYMA_ZH13_16G113500_1_P),GWHPACEO066985);
(GWHPACES066447,(W05_GLYSO_16G043557_1_P,GLYMA_ZH13_16G113500_1_P),GWHPACEO066985);
(GWHPACES066447,(W05_GLYSO_16G043557_1_P,GLYMA_ZH13_16G113500_1_P),GWHPACEO066985);
(GWHPACES066447,(W05_GLYSO_16G043557_1_P,GLYMA_ZH13_16G113500_1_P),GWHPACEO066985);
(GWHPACES066447,(W05_GLYSO_16G043557_1_P,GLYMA_ZH13_16G113500_1_P),GWHPACEO066985);
(GWHPACES066447,(W05_GLYSO_16G043557_1_P,GLYMA_ZH13_16G113500_1_P),GWHPACEO066985);
(GWHPACES066447,(W05_GLYSO_16G043557_1_P,GLYMA_ZH13_16G113500_1_P),GWHPACEO066985);
(GWHPACES066447,(W05_GLYSO_16G043557_1_P,GLYMA_ZH13_16G113500_1_P),GWHPACEO066985);
(GWHPACES066447,(W05_GLYSO_16G043557_1_P,GLYMA_ZH13_16G113500_1_P),GWHPACEO066985);
(GWHPACES066447,(GLYMA_ZH13_16G113500_1_P,W05_GLYSO_16G043557_1_P),GWHPACEO066985);
(GWHPACES066447,(GLYMA_ZH13_16G113500_1_P,W05_GLYSO_16G043557_1_P),GWHPACEO066985);
(GWHPACES066447,(GLYMA_ZH13_16G113500_1_P,W05_GLYSO_16G043557_1_P),GWHPACEO066985);
(GWHPACES066447,(GLYMA_ZH13_16G113500_1_P,W05_GLYSO_16G043557_1_P),GWHPACEO066985);
(GWHPACES066447,(GLYMA_ZH13_16G113500_1_P,W05_GLYSO_16G043557_1_P),GWHPACEO066985);
(GWHPACES066447,(GLYMA_ZH13_16G113500_1_P,W05_GLYSO_16G043557_1_P),GWHPACEO066985);
(GWHPACES066447,(GLYMA_ZH13_16G113500_1_P,W05_GLYSO_16G043557_1_P),GWHPACEO066985);
(GWHPACES066447,(GLYMA_ZH13_16G113500_1_P,W05_GLYSO_16G043557_1_P),GWHPACEO066985);
(GWHPACES066447,(GLYMA_ZH13_16G113500_1_P,W05_GLYSO_16G043557_1_P),GWHPACEO066985);
(GWHPACES066447,(GLYMA_ZH13_16G113500_1_P,W05_GLYSO_16G043557_1_P),GWHPACEO066985);
((GLYMA_ZH13_16G113500_1_P,W05_GLYSO_16G043557_1_P),GWHPACES066447,GWHPACEO066985);
((GLYMA_ZH13_16G113500_1_P,W05_GLYSO_16G043557_1_P),GWHPACES066447,GWHPACEO066985);
((GLYMA_ZH13_16G113500_1_P,W05_GLYSO_16G043557_1_P),GWHPACES066447,GWHPACEO066985);
((GLYMA_ZH13_16G113500_1_P,W05_GLYSO_16G043557_1_P),GWHPACES066447,GWHPACEO066985);
((GLYMA_ZH13_16G113500_1_P,W05_GLYSO_16G043557_1_P),GWHPACES066447,GWHPACEO066985);
((GLYMA_ZH13_16G113500_1_P,W05_GLYSO_16G043557_1_P),GWHPACES066447,GWHPACEO066985);
((GLYMA_ZH13_16G113500_1_P,W05_GLYSO_16G043557_1_P),GWHPACES066447,GWHPACEO066985);
((GLYMA_ZH13_16G113500_1_P,W05_GLYSO_16G043557_1_P),GWHPACES066447,GWHPACEO066985);
((GLYMA_ZH13_16G113500_1_P,W05_GLYSO_16G043557_1_P),GWHPACES066447,GWHPACEO066985);
((GLYMA_ZH13_16G113500_1_P,W05_GLYSO_16G043557_1_P),GWHPACES066447,GWHPACEO066985);
(GWHPACES066447,(GLYMA_ZH13_16G113500_1_P,W05_GLYSO_16G043557_1_P),GWHPACEO066985);
(GWHPACES066447,(GLYMA_ZH13_16G113500_1_P,W05_GLYSO_16G043557_1_P),GWHPACEO066985);
(GWHPACES066447,(GLYMA_ZH13_16G113500_1_P,W05_GLYSO_16G043557_1_P),GWHPACEO066985);
(GWHPACES066447,(GLYMA_ZH13_16G113500_1_P,W05_GLYSO_16G043557_1_P),GWHPACEO066985);
(GWHPACES066447,(GLYMA_ZH13_16G113500_1_P,W05_GLYSO_16G043557_1_P),GWHPACEO066985);
(GWHPACES066447,(GLYMA_ZH13_16G113500_1_P,W05_GLYSO_16G043557_1_P),GWHPACEO066985);
(GWHPACES066447,(GLYMA_ZH13_16G113500_1_P,W05_GLYSO_16G043557_1_P),GWHPACEO066985);
(GWHPACES066447,(GLYMA_ZH13_16G113500_1_P,W05_GLYSO_16G043557_1_P),GWHPACEO066985);
(GWHPACES066447,(GLYMA_ZH13_16G113500_1_P,W05_GLYSO_16G043557_1_P),GWHPACEO066985);
(GWHPACES066447,(GLYMA_ZH13_16G113500_1_P,W05_GLYSO_16G043557_1_P),GWHPACEO066985);
(W05_GLYSO_16G043557_1_P,(GWHPACES066447,GLYMA_ZH13_16G113500_1_P),GWHPACEO066985);
(W05_GLYSO_16G043557_1_P,(GWHPACES066447,GLYMA_ZH13_16G113500_1_P),GWHPACEO066985);
(GWHPACES066447,(GLYMA_ZH13_16G113500_1_P,W05_GLYSO_16G043557_1_P),GWHPACEO066985);
(GWHPACES066447,(GLYMA_ZH13_16G113500_1_P,W05_GLYSO_16G043557_1_P),GWHPACEO066985);
(GWHPACES066447,(GLYMA_ZH13_16G113500_1_P,W05_GLYSO_16G043557_1_P),GWHPACEO066985);
(GWHPACES066447,(GLYMA_ZH13_16G113500_1_P,W05_GLYSO_16G043557_1_P),GWHPACEO066985);
(GWHPACES066447,(GLYMA_ZH13_16G113500_1_P,W05_GLYSO_16G043557_1_P),GWHPACEO066985);
(GWHPACES066447,(GLYMA_ZH13_16G113500_1_P,W05_GLYSO_16G043557_1_P),GWHPACEO066985);
(GWHPACES066447,(GLYMA_ZH13_16G113500_1_P,W05_GLYSO_16G043557_1_P),GWHPACEO066985);
(GWHPACES066447,(GLYMA_ZH13_16G113500_1_P,W05_GLYSO_16G043557_1_P),GWHPACEO066985);
