(GWHPACED037408,(GWHPACEV035910,(GWHPACEJ040521,(GWHPACEX036742,((W05_GLYSO_10G025931_1_P,GWHPACDZ038453),(GWHPACEI040573,(GWHPACDY040438,GWHPACEA039671)))))),GWHPACEU039573);
(GWHPACED037408,(GWHPACEV035910,(GWHPACEJ040521,(GWHPACEX036742,((W05_GLYSO_10G025931_1_P,GWHPACDZ038453),(GWHPACEI040573,(GWHPACDY040438,GWHPACEA039671)))))),GWHPACEU039573);
(GWHPACED037408,(GWHPACEV035910,(GWHPACEJ040521,(GWHPACEX036742,((W05_GLYSO_10G025931_1_P,GWHPACDZ038453),(GWHPACEI040573,(GWHPACDY040438,GWHPACEA039671)))))),GWHPACEU039573);
(GWHPACED037408,(GWHPACEV035910,(GWHPACEJ040521,(GWHPACEX036742,((W05_GLYSO_10G025931_1_P,GWHPACDZ038453),(GWHPACEI040573,(GWHPACDY040438,GWHPACEA039671)))))),GWHPACEU039573);
(GWHPACED037408,(GWHPACEV035910,(GWHPACEJ040521,(GWHPACEX036742,((W05_GLYSO_10G025931_1_P,GWHPACDZ038453),(GWHPACEI040573,(GWHPACDY040438,GWHPACEA039671)))))),GWHPACEU039573);
(GWHPACED037408,(GWHPACEV035910,(GWHPACEJ040521,(GWHPACEX036742,((W05_GLYSO_10G025931_1_P,GWHPACDZ038453),(GWHPACEI040573,(GWHPACDY040438,GWHPACEA039671)))))),GWHPACEU039573);
(GWHPACED037408,(GWHPACEV035910,(GWHPACEJ040521,(GWHPACEX036742,((W05_GLYSO_10G025931_1_P,GWHPACDZ038453),(GWHPACEI040573,(GWHPACDY040438,GWHPACEA039671)))))),GWHPACEU039573);
(GWHPACED037408,(GWHPACEV035910,(GWHPACEJ040521,(GWHPACEX036742,((W05_GLYSO_10G025931_1_P,GWHPACDZ038453),(GWHPACEI040573,(GWHPACDY040438,GWHPACEA039671)))))),GWHPACEU039573);
(GWHPACED037408,(GWHPACEV035910,(GWHPACEJ040521,(GWHPACEX036742,((W05_GLYSO_10G025931_1_P,GWHPACDZ038453),(GWHPACEI040573,(GWHPACDY040438,GWHPACEA039671)))))),GWHPACEU039573);
(GWHPACED037408,(GWHPACEV035910,(GWHPACEJ040521,(GWHPACEX036742,((W05_GLYSO_10G025931_1_P,GWHPACDZ038453),(GWHPACEI040573,(GWHPACDY040438,GWHPACEA039671)))))),GWHPACEU039573);
(GWHPACEV035910,((((((GWHPACDY040438,GWHPACEJ040521),GWHPACEA039671),GWHPACEI040573),GWHPACEX036742),(W05_GLYSO_10G025931_1_P,GWHPACDZ038453)),GWHPACED037408),GWHPACEU039573);
(GWHPACEV035910,((((((GWHPACDY040438,GWHPACEJ040521),GWHPACEA039671),GWHPACEI040573),GWHPACEX036742),(W05_GLYSO_10G025931_1_P,GWHPACDZ038453)),GWHPACED037408),GWHPACEU039573);
(GWHPACEV035910,((((((GWHPACDY040438,GWHPACEJ040521),GWHPACEA039671),GWHPACEI040573),GWHPACEX036742),(W05_GLYSO_10G025931_1_P,GWHPACDZ038453)),GWHPACED037408),GWHPACEU039573);
(GWHPACEV035910,((((((GWHPACDY040438,GWHPACEJ040521),GWHPACEA039671),GWHPACEI040573),GWHPACEX036742),(W05_GLYSO_10G025931_1_P,GWHPACDZ038453)),GWHPACED037408),GWHPACEU039573);
(GWHPACEV035910,((((((GWHPACDY040438,GWHPACEJ040521),GWHPACEA039671),GWHPACEI040573),GWHPACEX036742),(W05_GLYSO_10G025931_1_P,GWHPACDZ038453)),GWHPACED037408),GWHPACEU039573);
(GWHPACEV035910,((((((GWHPACDY040438,GWHPACEJ040521),GWHPACEA039671),GWHPACEI040573),GWHPACEX036742),(W05_GLYSO_10G025931_1_P,GWHPACDZ038453)),GWHPACED037408),GWHPACEU039573);
(GWHPACEV035910,((((((GWHPACDY040438,GWHPACEJ040521),GWHPACEA039671),GWHPACEI040573),GWHPACEX036742),(W05_GLYSO_10G025931_1_P,GWHPACDZ038453)),GWHPACED037408),GWHPACEU039573);
(GWHPACEV035910,((((((GWHPACDY040438,GWHPACEJ040521),GWHPACEA039671),GWHPACEI040573),GWHPACEX036742),(W05_GLYSO_10G025931_1_P,GWHPACDZ038453)),GWHPACED037408),GWHPACEU039573);
(GWHPACEV035910,((((((GWHPACDY040438,GWHPACEJ040521),GWHPACEA039671),GWHPACEI040573),GWHPACEX036742),(W05_GLYSO_10G025931_1_P,GWHPACDZ038453)),GWHPACED037408),GWHPACEU039573);
(GWHPACEV035910,((((((GWHPACDY040438,GWHPACEJ040521),GWHPACEA039671),GWHPACEI040573),GWHPACEX036742),(W05_GLYSO_10G025931_1_P,GWHPACDZ038453)),GWHPACED037408),GWHPACEU039573);
(GWHPACEV035910,((((((GWHPACDY040438,GWHPACEA039671),GWHPACEI040573),GWHPACEX036742),GWHPACEJ040521),(W05_GLYSO_10G025931_1_P,GWHPACDZ038453)),GWHPACED037408),GWHPACEU039573);
(GWHPACEV035910,((((((GWHPACDY040438,GWHPACEA039671),GWHPACEI040573),GWHPACEX036742),GWHPACEJ040521),(W05_GLYSO_10G025931_1_P,GWHPACDZ038453)),GWHPACED037408),GWHPACEU039573);
(GWHPACEV035910,((((((GWHPACDY040438,GWHPACEA039671),GWHPACEI040573),GWHPACEX036742),GWHPACEJ040521),(W05_GLYSO_10G025931_1_P,GWHPACDZ038453)),GWHPACED037408),GWHPACEU039573);
(GWHPACEV035910,((((((GWHPACDY040438,GWHPACEA039671),GWHPACEI040573),GWHPACEX036742),GWHPACEJ040521),(W05_GLYSO_10G025931_1_P,GWHPACDZ038453)),GWHPACED037408),GWHPACEU039573);
(GWHPACEV035910,((((((GWHPACDY040438,GWHPACEA039671),GWHPACEI040573),GWHPACEX036742),GWHPACEJ040521),(W05_GLYSO_10G025931_1_P,GWHPACDZ038453)),GWHPACED037408),GWHPACEU039573);
(GWHPACEV035910,((((((GWHPACDY040438,GWHPACEA039671),GWHPACEI040573),GWHPACEX036742),GWHPACEJ040521),(W05_GLYSO_10G025931_1_P,GWHPACDZ038453)),GWHPACED037408),GWHPACEU039573);
(GWHPACEV035910,((((((GWHPACDY040438,GWHPACEA039671),GWHPACEI040573),GWHPACEX036742),GWHPACEJ040521),(W05_GLYSO_10G025931_1_P,GWHPACDZ038453)),GWHPACED037408),GWHPACEU039573);
(GWHPACEV035910,((((((GWHPACDY040438,GWHPACEA039671),GWHPACEI040573),GWHPACEX036742),GWHPACEJ040521),(W05_GLYSO_10G025931_1_P,GWHPACDZ038453)),GWHPACED037408),GWHPACEU039573);
(GWHPACEV035910,((((((GWHPACDY040438,GWHPACEA039671),GWHPACEI040573),GWHPACEX036742),GWHPACEJ040521),(W05_GLYSO_10G025931_1_P,GWHPACDZ038453)),GWHPACED037408),GWHPACEU039573);
(GWHPACEV035910,((((((GWHPACDY040438,GWHPACEA039671),GWHPACEI040573),GWHPACEX036742),GWHPACEJ040521),(W05_GLYSO_10G025931_1_P,GWHPACDZ038453)),GWHPACED037408),GWHPACEU039573);
(GWHPACED037408,(GWHPACEV035910,(GWHPACEJ040521,(GWHPACEX036742,((GWHPACDZ038453,W05_GLYSO_10G025931_1_P),(GWHPACEA039671,(GWHPACDY040438,GWHPACEI040573)))))),GWHPACEU039573);
(GWHPACED037408,(GWHPACEV035910,(GWHPACEJ040521,(GWHPACEX036742,((GWHPACDZ038453,W05_GLYSO_10G025931_1_P),(GWHPACEA039671,(GWHPACDY040438,GWHPACEI040573)))))),GWHPACEU039573);
(GWHPACED037408,(GWHPACEV035910,(GWHPACEJ040521,(GWHPACEX036742,((GWHPACDZ038453,W05_GLYSO_10G025931_1_P),(GWHPACEA039671,(GWHPACDY040438,GWHPACEI040573)))))),GWHPACEU039573);
(GWHPACED037408,(GWHPACEV035910,(GWHPACEJ040521,(GWHPACEX036742,((GWHPACDZ038453,W05_GLYSO_10G025931_1_P),(GWHPACEA039671,(GWHPACDY040438,GWHPACEI040573)))))),GWHPACEU039573);
(GWHPACED037408,(GWHPACEV035910,(GWHPACEJ040521,(GWHPACEX036742,((GWHPACDZ038453,W05_GLYSO_10G025931_1_P),(GWHPACEA039671,(GWHPACDY040438,GWHPACEI040573)))))),GWHPACEU039573);
(GWHPACED037408,(GWHPACEV035910,(GWHPACEJ040521,(GWHPACEX036742,((GWHPACDZ038453,W05_GLYSO_10G025931_1_P),(GWHPACEA039671,(GWHPACDY040438,GWHPACEI040573)))))),GWHPACEU039573);
(GWHPACED037408,(GWHPACEV035910,(GWHPACEJ040521,(GWHPACEX036742,((GWHPACDZ038453,W05_GLYSO_10G025931_1_P),(GWHPACEA039671,(GWHPACDY040438,GWHPACEI040573)))))),GWHPACEU039573);
(GWHPACED037408,(GWHPACEV035910,(GWHPACEJ040521,(GWHPACEX036742,((GWHPACDZ038453,W05_GLYSO_10G025931_1_P),(GWHPACEA039671,(GWHPACDY040438,GWHPACEI040573)))))),GWHPACEU039573);
(GWHPACED037408,(GWHPACEV035910,(GWHPACEJ040521,(GWHPACEX036742,((GWHPACDZ038453,W05_GLYSO_10G025931_1_P),(GWHPACEA039671,(GWHPACDY040438,GWHPACEI040573)))))),GWHPACEU039573);
(GWHPACED037408,(GWHPACEV035910,(GWHPACEJ040521,(GWHPACEX036742,((GWHPACDZ038453,W05_GLYSO_10G025931_1_P),(GWHPACEA039671,(GWHPACDY040438,GWHPACEI040573)))))),GWHPACEU039573);
(((W05_GLYSO_10G025931_1_P,GWHPACDZ038453),(GWHPACDY040438,(GWHPACEI040573,(GWHPACEX036742,(GWHPACEA039671,GWHPACEJ040521))))),(GWHPACEV035910,GWHPACED037408),GWHPACEU039573);
(((W05_GLYSO_10G025931_1_P,GWHPACDZ038453),(GWHPACDY040438,(GWHPACEI040573,(GWHPACEX036742,(GWHPACEA039671,GWHPACEJ040521))))),(GWHPACEV035910,GWHPACED037408),GWHPACEU039573);
(((W05_GLYSO_10G025931_1_P,GWHPACDZ038453),(GWHPACDY040438,(GWHPACEI040573,(GWHPACEX036742,(GWHPACEA039671,GWHPACEJ040521))))),(GWHPACEV035910,GWHPACED037408),GWHPACEU039573);
(((W05_GLYSO_10G025931_1_P,GWHPACDZ038453),(GWHPACDY040438,(GWHPACEI040573,(GWHPACEX036742,(GWHPACEA039671,GWHPACEJ040521))))),(GWHPACEV035910,GWHPACED037408),GWHPACEU039573);
(((W05_GLYSO_10G025931_1_P,GWHPACDZ038453),(GWHPACDY040438,(GWHPACEI040573,(GWHPACEX036742,(GWHPACEA039671,GWHPACEJ040521))))),(GWHPACEV035910,GWHPACED037408),GWHPACEU039573);
(((W05_GLYSO_10G025931_1_P,GWHPACDZ038453),(GWHPACDY040438,(GWHPACEI040573,(GWHPACEX036742,(GWHPACEA039671,GWHPACEJ040521))))),(GWHPACEV035910,GWHPACED037408),GWHPACEU039573);
(((W05_GLYSO_10G025931_1_P,GWHPACDZ038453),(GWHPACDY040438,(GWHPACEI040573,(GWHPACEX036742,(GWHPACEA039671,GWHPACEJ040521))))),(GWHPACEV035910,GWHPACED037408),GWHPACEU039573);
(((W05_GLYSO_10G025931_1_P,GWHPACDZ038453),(GWHPACDY040438,(GWHPACEI040573,(GWHPACEX036742,(GWHPACEA039671,GWHPACEJ040521))))),(GWHPACEV035910,GWHPACED037408),GWHPACEU039573);
(((W05_GLYSO_10G025931_1_P,GWHPACDZ038453),(GWHPACDY040438,(GWHPACEI040573,(GWHPACEX036742,(GWHPACEA039671,GWHPACEJ040521))))),(GWHPACEV035910,GWHPACED037408),GWHPACEU039573);
(((W05_GLYSO_10G025931_1_P,GWHPACDZ038453),(GWHPACDY040438,(GWHPACEI040573,(GWHPACEX036742,(GWHPACEA039671,GWHPACEJ040521))))),(GWHPACEV035910,GWHPACED037408),GWHPACEU039573);
((((GWHPACEJ040521,GWHPACEA039671),(((GWHPACDY040438,GWHPACEI040573),GWHPACEX036742),(GWHPACDZ038453,W05_GLYSO_10G025931_1_P))),GWHPACED037408),GWHPACEV035910,GWHPACEU039573);
((((GWHPACEJ040521,GWHPACEA039671),(((GWHPACDY040438,GWHPACEI040573),GWHPACEX036742),(GWHPACDZ038453,W05_GLYSO_10G025931_1_P))),GWHPACED037408),GWHPACEV035910,GWHPACEU039573);
((((GWHPACEJ040521,GWHPACEA039671),(((GWHPACDY040438,GWHPACEI040573),GWHPACEX036742),(GWHPACDZ038453,W05_GLYSO_10G025931_1_P))),GWHPACED037408),GWHPACEV035910,GWHPACEU039573);
((((GWHPACEJ040521,GWHPACEA039671),(((GWHPACDY040438,GWHPACEI040573),GWHPACEX036742),(GWHPACDZ038453,W05_GLYSO_10G025931_1_P))),GWHPACED037408),GWHPACEV035910,GWHPACEU039573);
((((GWHPACEJ040521,GWHPACEA039671),(((GWHPACDY040438,GWHPACEI040573),GWHPACEX036742),(GWHPACDZ038453,W05_GLYSO_10G025931_1_P))),GWHPACED037408),GWHPACEV035910,GWHPACEU039573);
((((GWHPACEJ040521,GWHPACEA039671),(((GWHPACDY040438,GWHPACEI040573),GWHPACEX036742),(GWHPACDZ038453,W05_GLYSO_10G025931_1_P))),GWHPACED037408),GWHPACEV035910,GWHPACEU039573);
((((GWHPACEJ040521,GWHPACEA039671),(((GWHPACDY040438,GWHPACEI040573),GWHPACEX036742),(GWHPACDZ038453,W05_GLYSO_10G025931_1_P))),GWHPACED037408),GWHPACEV035910,GWHPACEU039573);
((((GWHPACEJ040521,GWHPACEA039671),(((GWHPACDY040438,GWHPACEI040573),GWHPACEX036742),(GWHPACDZ038453,W05_GLYSO_10G025931_1_P))),GWHPACED037408),GWHPACEV035910,GWHPACEU039573);
((((GWHPACEJ040521,GWHPACEA039671),(((GWHPACDY040438,GWHPACEI040573),GWHPACEX036742),(GWHPACDZ038453,W05_GLYSO_10G025931_1_P))),GWHPACED037408),GWHPACEV035910,GWHPACEU039573);
((((GWHPACEJ040521,GWHPACEA039671),(((GWHPACDY040438,GWHPACEI040573),GWHPACEX036742),(GWHPACDZ038453,W05_GLYSO_10G025931_1_P))),GWHPACED037408),GWHPACEV035910,GWHPACEU039573);
(GWHPACEV035910,((((((GWHPACDY040438,GWHPACEX036742),GWHPACEI040573),GWHPACEJ040521),GWHPACEA039671),(GWHPACDZ038453,W05_GLYSO_10G025931_1_P)),GWHPACED037408),GWHPACEU039573);
(GWHPACEV035910,((((((GWHPACDY040438,GWHPACEX036742),GWHPACEI040573),GWHPACEJ040521),GWHPACEA039671),(GWHPACDZ038453,W05_GLYSO_10G025931_1_P)),GWHPACED037408),GWHPACEU039573);
(GWHPACEV035910,((((((GWHPACDY040438,GWHPACEX036742),GWHPACEI040573),GWHPACEJ040521),GWHPACEA039671),(GWHPACDZ038453,W05_GLYSO_10G025931_1_P)),GWHPACED037408),GWHPACEU039573);
(GWHPACEV035910,((((((GWHPACDY040438,GWHPACEX036742),GWHPACEI040573),GWHPACEJ040521),GWHPACEA039671),(GWHPACDZ038453,W05_GLYSO_10G025931_1_P)),GWHPACED037408),GWHPACEU039573);
(GWHPACEV035910,((((((GWHPACDY040438,GWHPACEX036742),GWHPACEI040573),GWHPACEJ040521),GWHPACEA039671),(GWHPACDZ038453,W05_GLYSO_10G025931_1_P)),GWHPACED037408),GWHPACEU039573);
(GWHPACEV035910,((((((GWHPACDY040438,GWHPACEX036742),GWHPACEI040573),GWHPACEJ040521),GWHPACEA039671),(GWHPACDZ038453,W05_GLYSO_10G025931_1_P)),GWHPACED037408),GWHPACEU039573);
(GWHPACEV035910,((((((GWHPACDY040438,GWHPACEX036742),GWHPACEI040573),GWHPACEJ040521),GWHPACEA039671),(GWHPACDZ038453,W05_GLYSO_10G025931_1_P)),GWHPACED037408),GWHPACEU039573);
(GWHPACEV035910,((((((GWHPACDY040438,GWHPACEX036742),GWHPACEI040573),GWHPACEJ040521),GWHPACEA039671),(GWHPACDZ038453,W05_GLYSO_10G025931_1_P)),GWHPACED037408),GWHPACEU039573);
(GWHPACEV035910,((((((GWHPACDY040438,GWHPACEX036742),GWHPACEI040573),GWHPACEJ040521),GWHPACEA039671),(GWHPACDZ038453,W05_GLYSO_10G025931_1_P)),GWHPACED037408),GWHPACEU039573);
(GWHPACEV035910,((((((GWHPACDY040438,GWHPACEX036742),GWHPACEI040573),GWHPACEJ040521),GWHPACEA039671),(GWHPACDZ038453,W05_GLYSO_10G025931_1_P)),GWHPACED037408),GWHPACEU039573);
((GWHPACEV035910,(GWHPACEI040573,(GWHPACEX036742,(GWHPACEA039671,(GWHPACDY040438,(GWHPACEJ040521,(GWHPACDZ038453,W05_GLYSO_10G025931_1_P))))))),GWHPACED037408,GWHPACEU039573);
((GWHPACEV035910,(GWHPACEI040573,(GWHPACEX036742,(GWHPACEA039671,(GWHPACDY040438,(GWHPACEJ040521,(GWHPACDZ038453,W05_GLYSO_10G025931_1_P))))))),GWHPACED037408,GWHPACEU039573);
((GWHPACEV035910,(GWHPACEI040573,(GWHPACEX036742,(GWHPACEA039671,(GWHPACDY040438,(GWHPACEJ040521,(GWHPACDZ038453,W05_GLYSO_10G025931_1_P))))))),GWHPACED037408,GWHPACEU039573);
((GWHPACEV035910,(GWHPACEI040573,(GWHPACEX036742,(GWHPACEA039671,(GWHPACDY040438,(GWHPACEJ040521,(GWHPACDZ038453,W05_GLYSO_10G025931_1_P))))))),GWHPACED037408,GWHPACEU039573);
((GWHPACEV035910,(GWHPACEI040573,(GWHPACEX036742,(GWHPACEA039671,(GWHPACDY040438,(GWHPACEJ040521,(GWHPACDZ038453,W05_GLYSO_10G025931_1_P))))))),GWHPACED037408,GWHPACEU039573);
((GWHPACEV035910,(GWHPACEI040573,(GWHPACEX036742,(GWHPACEA039671,(GWHPACDY040438,(GWHPACEJ040521,(GWHPACDZ038453,W05_GLYSO_10G025931_1_P))))))),GWHPACED037408,GWHPACEU039573);
((GWHPACEV035910,(GWHPACEI040573,(GWHPACEX036742,(GWHPACEA039671,(GWHPACDY040438,(GWHPACEJ040521,(GWHPACDZ038453,W05_GLYSO_10G025931_1_P))))))),GWHPACED037408,GWHPACEU039573);
((GWHPACEV035910,(GWHPACEI040573,(GWHPACEX036742,(GWHPACEA039671,(GWHPACDY040438,(GWHPACEJ040521,(GWHPACDZ038453,W05_GLYSO_10G025931_1_P))))))),GWHPACED037408,GWHPACEU039573);
((GWHPACEV035910,(GWHPACEI040573,(GWHPACEX036742,(GWHPACEA039671,(GWHPACDY040438,(GWHPACEJ040521,(GWHPACDZ038453,W05_GLYSO_10G025931_1_P))))))),GWHPACED037408,GWHPACEU039573);
((GWHPACEV035910,(GWHPACEI040573,(GWHPACEX036742,(GWHPACEA039671,(GWHPACDY040438,(GWHPACEJ040521,(GWHPACDZ038453,W05_GLYSO_10G025931_1_P))))))),GWHPACED037408,GWHPACEU039573);
((GWHPACED037408,GWHPACEV035910),(((((GWHPACDY040438,GWHPACEX036742),GWHPACEJ040521),GWHPACEA039671),(GWHPACDZ038453,W05_GLYSO_10G025931_1_P)),GWHPACEI040573),GWHPACEU039573);
((GWHPACED037408,GWHPACEV035910),(((((GWHPACDY040438,GWHPACEX036742),GWHPACEJ040521),GWHPACEA039671),(GWHPACDZ038453,W05_GLYSO_10G025931_1_P)),GWHPACEI040573),GWHPACEU039573);
((GWHPACED037408,GWHPACEV035910),(((((GWHPACDY040438,GWHPACEX036742),GWHPACEJ040521),GWHPACEA039671),(GWHPACDZ038453,W05_GLYSO_10G025931_1_P)),GWHPACEI040573),GWHPACEU039573);
((GWHPACED037408,GWHPACEV035910),(((((GWHPACDY040438,GWHPACEX036742),GWHPACEJ040521),GWHPACEA039671),(GWHPACDZ038453,W05_GLYSO_10G025931_1_P)),GWHPACEI040573),GWHPACEU039573);
((GWHPACED037408,GWHPACEV035910),(((((GWHPACDY040438,GWHPACEX036742),GWHPACEJ040521),GWHPACEA039671),(GWHPACDZ038453,W05_GLYSO_10G025931_1_P)),GWHPACEI040573),GWHPACEU039573);
((GWHPACED037408,GWHPACEV035910),(((((GWHPACDY040438,GWHPACEX036742),GWHPACEJ040521),GWHPACEA039671),(GWHPACDZ038453,W05_GLYSO_10G025931_1_P)),GWHPACEI040573),GWHPACEU039573);
((GWHPACED037408,GWHPACEV035910),(((((GWHPACDY040438,GWHPACEX036742),GWHPACEJ040521),GWHPACEA039671),(GWHPACDZ038453,W05_GLYSO_10G025931_1_P)),GWHPACEI040573),GWHPACEU039573);
((GWHPACED037408,GWHPACEV035910),(((((GWHPACDY040438,GWHPACEX036742),GWHPACEJ040521),GWHPACEA039671),(GWHPACDZ038453,W05_GLYSO_10G025931_1_P)),GWHPACEI040573),GWHPACEU039573);
((GWHPACED037408,GWHPACEV035910),(((((GWHPACDY040438,GWHPACEX036742),GWHPACEJ040521),GWHPACEA039671),(GWHPACDZ038453,W05_GLYSO_10G025931_1_P)),GWHPACEI040573),GWHPACEU039573);
((GWHPACED037408,GWHPACEV035910),(((((GWHPACDY040438,GWHPACEX036742),GWHPACEJ040521),GWHPACEA039671),(GWHPACDZ038453,W05_GLYSO_10G025931_1_P)),GWHPACEI040573),GWHPACEU039573);
((GWHPACDY040438,(GWHPACEJ040521,((W05_GLYSO_10G025931_1_P,GWHPACDZ038453),(GWHPACEI040573,(GWHPACEA039671,GWHPACEX036742))))),(GWHPACEV035910,GWHPACED037408),GWHPACEU039573);
((GWHPACDY040438,(GWHPACEJ040521,((W05_GLYSO_10G025931_1_P,GWHPACDZ038453),(GWHPACEI040573,(GWHPACEA039671,GWHPACEX036742))))),(GWHPACEV035910,GWHPACED037408),GWHPACEU039573);
((GWHPACDY040438,(GWHPACEJ040521,((W05_GLYSO_10G025931_1_P,GWHPACDZ038453),(GWHPACEI040573,(GWHPACEA039671,GWHPACEX036742))))),(GWHPACEV035910,GWHPACED037408),GWHPACEU039573);
((GWHPACDY040438,(GWHPACEJ040521,((W05_GLYSO_10G025931_1_P,GWHPACDZ038453),(GWHPACEI040573,(GWHPACEA039671,GWHPACEX036742))))),(GWHPACEV035910,GWHPACED037408),GWHPACEU039573);
((GWHPACDY040438,(GWHPACEJ040521,((W05_GLYSO_10G025931_1_P,GWHPACDZ038453),(GWHPACEI040573,(GWHPACEA039671,GWHPACEX036742))))),(GWHPACEV035910,GWHPACED037408),GWHPACEU039573);
((GWHPACDY040438,(GWHPACEJ040521,((W05_GLYSO_10G025931_1_P,GWHPACDZ038453),(GWHPACEI040573,(GWHPACEA039671,GWHPACEX036742))))),(GWHPACEV035910,GWHPACED037408),GWHPACEU039573);
((GWHPACDY040438,(GWHPACEJ040521,((W05_GLYSO_10G025931_1_P,GWHPACDZ038453),(GWHPACEI040573,(GWHPACEA039671,GWHPACEX036742))))),(GWHPACEV035910,GWHPACED037408),GWHPACEU039573);
((GWHPACDY040438,(GWHPACEJ040521,((W05_GLYSO_10G025931_1_P,GWHPACDZ038453),(GWHPACEI040573,(GWHPACEA039671,GWHPACEX036742))))),(GWHPACEV035910,GWHPACED037408),GWHPACEU039573);
((GWHPACDY040438,(GWHPACEJ040521,((W05_GLYSO_10G025931_1_P,GWHPACDZ038453),(GWHPACEI040573,(GWHPACEA039671,GWHPACEX036742))))),(GWHPACEV035910,GWHPACED037408),GWHPACEU039573);
((GWHPACDY040438,(GWHPACEJ040521,((W05_GLYSO_10G025931_1_P,GWHPACDZ038453),(GWHPACEI040573,(GWHPACEA039671,GWHPACEX036742))))),(GWHPACEV035910,GWHPACED037408),GWHPACEU039573);
