(GWHPACEQ062090,((GLYMA_16G135200_1,GLYMA_ZH13_16G120300_1_P),(GWHPACEI068693,(GWHPACET067191,GWHPACEM066204))),GWHPACEV060486);
(GWHPACEQ062090,((GLYMA_16G135200_1,GLYMA_ZH13_16G120300_1_P),(GWHPACEI068693,(GWHPACET067191,GWHPACEM066204))),GWHPACEV060486);
(GWHPACEQ062090,((GLYMA_16G135200_1,GLYMA_ZH13_16G120300_1_P),(GWHPACEI068693,(GWHPACET067191,GWHPACEM066204))),GWHPACEV060486);
(GWHPACEQ062090,((GLYMA_16G135200_1,GLYMA_ZH13_16G120300_1_P),(GWHPACEI068693,(GWHPACET067191,GWHPACEM066204))),GWHPACEV060486);
(GWHPACEQ062090,((GLYMA_16G135200_1,GLYMA_ZH13_16G120300_1_P),(GWHPACEI068693,(GWHPACET067191,GWHPACEM066204))),GWHPACEV060486);
(GWHPACEQ062090,((GLYMA_16G135200_1,GLYMA_ZH13_16G120300_1_P),(GWHPACEI068693,(GWHPACET067191,GWHPACEM066204))),GWHPACEV060486);
(GWHPACEQ062090,((GLYMA_16G135200_1,GLYMA_ZH13_16G120300_1_P),(GWHPACEI068693,(GWHPACET067191,GWHPACEM066204))),GWHPACEV060486);
(GWHPACEQ062090,((GLYMA_16G135200_1,GLYMA_ZH13_16G120300_1_P),(GWHPACEI068693,(GWHPACET067191,GWHPACEM066204))),GWHPACEV060486);
(GWHPACEQ062090,((GLYMA_16G135200_1,GLYMA_ZH13_16G120300_1_P),(GWHPACEI068693,(GWHPACET067191,GWHPACEM066204))),GWHPACEV060486);
(GWHPACEQ062090,((GLYMA_16G135200_1,GLYMA_ZH13_16G120300_1_P),(GWHPACEI068693,(GWHPACET067191,GWHPACEM066204))),GWHPACEV060486);
((GWHPACEM066204,(GWHPACEQ062090,((GLYMA_ZH13_16G120300_1_P,GLYMA_16G135200_1),GWHPACEI068693))),GWHPACET067191,GWHPACEV060486);
((GWHPACEM066204,(GWHPACEQ062090,((GLYMA_ZH13_16G120300_1_P,GLYMA_16G135200_1),GWHPACEI068693))),GWHPACET067191,GWHPACEV060486);
((GWHPACEM066204,(GWHPACEQ062090,((GLYMA_ZH13_16G120300_1_P,GLYMA_16G135200_1),GWHPACEI068693))),GWHPACET067191,GWHPACEV060486);
((GWHPACEM066204,(GWHPACEQ062090,((GLYMA_ZH13_16G120300_1_P,GLYMA_16G135200_1),GWHPACEI068693))),GWHPACET067191,GWHPACEV060486);
((GWHPACEM066204,(GWHPACEQ062090,((GLYMA_ZH13_16G120300_1_P,GLYMA_16G135200_1),GWHPACEI068693))),GWHPACET067191,GWHPACEV060486);
((GWHPACEM066204,(GWHPACEQ062090,((GLYMA_ZH13_16G120300_1_P,GLYMA_16G135200_1),GWHPACEI068693))),GWHPACET067191,GWHPACEV060486);
((GWHPACEM066204,(GWHPACEQ062090,((GLYMA_ZH13_16G120300_1_P,GLYMA_16G135200_1),GWHPACEI068693))),GWHPACET067191,GWHPACEV060486);
((GWHPACEM066204,(GWHPACEQ062090,((GLYMA_ZH13_16G120300_1_P,GLYMA_16G135200_1),GWHPACEI068693))),GWHPACET067191,GWHPACEV060486);
((GWHPACEM066204,(GWHPACEQ062090,((GLYMA_ZH13_16G120300_1_P,GLYMA_16G135200_1),GWHPACEI068693))),GWHPACET067191,GWHPACEV060486);
((GWHPACEM066204,(GWHPACEQ062090,((GLYMA_ZH13_16G120300_1_P,GLYMA_16G135200_1),GWHPACEI068693))),GWHPACET067191,GWHPACEV060486);
(((GLYMA_16G135200_1,GLYMA_ZH13_16G120300_1_P),(GWHPACEI068693,GWHPACEM066204)),(GWHPACEQ062090,GWHPACET067191),GWHPACEV060486);
(((GLYMA_16G135200_1,GLYMA_ZH13_16G120300_1_P),(GWHPACEI068693,GWHPACEM066204)),(GWHPACEQ062090,GWHPACET067191),GWHPACEV060486);
(((GLYMA_16G135200_1,GLYMA_ZH13_16G120300_1_P),(GWHPACEI068693,GWHPACEM066204)),(GWHPACEQ062090,GWHPACET067191),GWHPACEV060486);
(((GLYMA_16G135200_1,GLYMA_ZH13_16G120300_1_P),(GWHPACEI068693,GWHPACEM066204)),(GWHPACEQ062090,GWHPACET067191),GWHPACEV060486);
(((GLYMA_16G135200_1,GLYMA_ZH13_16G120300_1_P),(GWHPACEI068693,GWHPACEM066204)),(GWHPACEQ062090,GWHPACET067191),GWHPACEV060486);
(((GLYMA_16G135200_1,GLYMA_ZH13_16G120300_1_P),(GWHPACEI068693,GWHPACEM066204)),(GWHPACEQ062090,GWHPACET067191),GWHPACEV060486);
(((GLYMA_16G135200_1,GLYMA_ZH13_16G120300_1_P),(GWHPACEI068693,GWHPACEM066204)),(GWHPACEQ062090,GWHPACET067191),GWHPACEV060486);
(((GLYMA_16G135200_1,GLYMA_ZH13_16G120300_1_P),(GWHPACEI068693,GWHPACEM066204)),(GWHPACEQ062090,GWHPACET067191),GWHPACEV060486);
(((GLYMA_16G135200_1,GLYMA_ZH13_16G120300_1_P),(GWHPACEI068693,GWHPACEM066204)),(GWHPACEQ062090,GWHPACET067191),GWHPACEV060486);
(((GLYMA_16G135200_1,GLYMA_ZH13_16G120300_1_P),(GWHPACEI068693,GWHPACEM066204)),(GWHPACEQ062090,GWHPACET067191),GWHPACEV060486);
(GWHPACEM066204,(GWHPACEI068693,(GWHPACEQ062090,(GWHPACET067191,(GLYMA_ZH13_16G120300_1_P,GLYMA_16G135200_1)))),GWHPACEV060486);
(GWHPACEM066204,(GWHPACEI068693,(GWHPACEQ062090,(GWHPACET067191,(GLYMA_ZH13_16G120300_1_P,GLYMA_16G135200_1)))),GWHPACEV060486);
(GWHPACEM066204,(GWHPACEI068693,(GWHPACEQ062090,(GWHPACET067191,(GLYMA_ZH13_16G120300_1_P,GLYMA_16G135200_1)))),GWHPACEV060486);
(GWHPACEM066204,(GWHPACEI068693,(GWHPACEQ062090,(GWHPACET067191,(GLYMA_ZH13_16G120300_1_P,GLYMA_16G135200_1)))),GWHPACEV060486);
(GWHPACEM066204,(GWHPACEI068693,(GWHPACEQ062090,(GWHPACET067191,(GLYMA_ZH13_16G120300_1_P,GLYMA_16G135200_1)))),GWHPACEV060486);
(GWHPACEM066204,(GWHPACEI068693,(GWHPACEQ062090,(GWHPACET067191,(GLYMA_ZH13_16G120300_1_P,GLYMA_16G135200_1)))),GWHPACEV060486);
(GWHPACEM066204,(GWHPACEI068693,(GWHPACEQ062090,(GWHPACET067191,(GLYMA_ZH13_16G120300_1_P,GLYMA_16G135200_1)))),GWHPACEV060486);
(GWHPACEM066204,(GWHPACEI068693,(GWHPACEQ062090,(GWHPACET067191,(GLYMA_ZH13_16G120300_1_P,GLYMA_16G135200_1)))),GWHPACEV060486);
(GWHPACEM066204,(GWHPACEI068693,(GWHPACEQ062090,(GWHPACET067191,(GLYMA_ZH13_16G120300_1_P,GLYMA_16G135200_1)))),GWHPACEV060486);
(GWHPACEM066204,(GWHPACEI068693,(GWHPACEQ062090,(GWHPACET067191,(GLYMA_ZH13_16G120300_1_P,GLYMA_16G135200_1)))),GWHPACEV060486);
(((GLYMA_16G135200_1,GLYMA_ZH13_16G120300_1_P),(GWHPACEM066204,GWHPACEI068693)),(GWHPACEQ062090,GWHPACET067191),GWHPACEV060486);
(((GLYMA_16G135200_1,GLYMA_ZH13_16G120300_1_P),(GWHPACEM066204,GWHPACEI068693)),(GWHPACEQ062090,GWHPACET067191),GWHPACEV060486);
(((GLYMA_16G135200_1,GLYMA_ZH13_16G120300_1_P),(GWHPACEM066204,GWHPACEI068693)),(GWHPACEQ062090,GWHPACET067191),GWHPACEV060486);
(((GLYMA_16G135200_1,GLYMA_ZH13_16G120300_1_P),(GWHPACEM066204,GWHPACEI068693)),(GWHPACEQ062090,GWHPACET067191),GWHPACEV060486);
(((GLYMA_16G135200_1,GLYMA_ZH13_16G120300_1_P),(GWHPACEM066204,GWHPACEI068693)),(GWHPACEQ062090,GWHPACET067191),GWHPACEV060486);
(((GLYMA_16G135200_1,GLYMA_ZH13_16G120300_1_P),(GWHPACEM066204,GWHPACEI068693)),(GWHPACEQ062090,GWHPACET067191),GWHPACEV060486);
(((GLYMA_16G135200_1,GLYMA_ZH13_16G120300_1_P),(GWHPACEM066204,GWHPACEI068693)),(GWHPACEQ062090,GWHPACET067191),GWHPACEV060486);
(((GLYMA_16G135200_1,GLYMA_ZH13_16G120300_1_P),(GWHPACEM066204,GWHPACEI068693)),(GWHPACEQ062090,GWHPACET067191),GWHPACEV060486);
(((GLYMA_16G135200_1,GLYMA_ZH13_16G120300_1_P),(GWHPACEM066204,GWHPACEI068693)),(GWHPACEQ062090,GWHPACET067191),GWHPACEV060486);
(((GLYMA_16G135200_1,GLYMA_ZH13_16G120300_1_P),(GWHPACEM066204,GWHPACEI068693)),(GWHPACEQ062090,GWHPACET067191),GWHPACEV060486);
((GWHPACET067191,(GWHPACEI068693,(GWHPACEQ062090,GWHPACEM066204))),(GLYMA_ZH13_16G120300_1_P,GLYMA_16G135200_1),GWHPACEV060486);
((GWHPACET067191,(GWHPACEI068693,(GWHPACEQ062090,GWHPACEM066204))),(GLYMA_ZH13_16G120300_1_P,GLYMA_16G135200_1),GWHPACEV060486);
((GWHPACET067191,(GWHPACEI068693,(GWHPACEQ062090,GWHPACEM066204))),(GLYMA_ZH13_16G120300_1_P,GLYMA_16G135200_1),GWHPACEV060486);
((GWHPACET067191,(GWHPACEI068693,(GWHPACEQ062090,GWHPACEM066204))),(GLYMA_ZH13_16G120300_1_P,GLYMA_16G135200_1),GWHPACEV060486);
((GWHPACET067191,(GWHPACEI068693,(GWHPACEQ062090,GWHPACEM066204))),(GLYMA_ZH13_16G120300_1_P,GLYMA_16G135200_1),GWHPACEV060486);
((GWHPACET067191,(GWHPACEI068693,(GWHPACEQ062090,GWHPACEM066204))),(GLYMA_ZH13_16G120300_1_P,GLYMA_16G135200_1),GWHPACEV060486);
((GWHPACET067191,(GWHPACEI068693,(GWHPACEQ062090,GWHPACEM066204))),(GLYMA_ZH13_16G120300_1_P,GLYMA_16G135200_1),GWHPACEV060486);
((GWHPACET067191,(GWHPACEI068693,(GWHPACEQ062090,GWHPACEM066204))),(GLYMA_ZH13_16G120300_1_P,GLYMA_16G135200_1),GWHPACEV060486);
((GWHPACET067191,(GWHPACEI068693,(GWHPACEQ062090,GWHPACEM066204))),(GLYMA_ZH13_16G120300_1_P,GLYMA_16G135200_1),GWHPACEV060486);
((GWHPACET067191,(GWHPACEI068693,(GWHPACEQ062090,GWHPACEM066204))),(GLYMA_ZH13_16G120300_1_P,GLYMA_16G135200_1),GWHPACEV060486);
(GWHPACEM066204,((GLYMA_ZH13_16G120300_1_P,GLYMA_16G135200_1),(GWHPACET067191,(GWHPACEI068693,GWHPACEQ062090))),GWHPACEV060486);
(GWHPACEM066204,((GLYMA_ZH13_16G120300_1_P,GLYMA_16G135200_1),(GWHPACET067191,(GWHPACEI068693,GWHPACEQ062090))),GWHPACEV060486);
(GWHPACEM066204,((GLYMA_ZH13_16G120300_1_P,GLYMA_16G135200_1),(GWHPACET067191,(GWHPACEI068693,GWHPACEQ062090))),GWHPACEV060486);
(GWHPACEM066204,((GLYMA_ZH13_16G120300_1_P,GLYMA_16G135200_1),(GWHPACET067191,(GWHPACEI068693,GWHPACEQ062090))),GWHPACEV060486);
(GWHPACEM066204,((GLYMA_ZH13_16G120300_1_P,GLYMA_16G135200_1),(GWHPACET067191,(GWHPACEI068693,GWHPACEQ062090))),GWHPACEV060486);
(GWHPACEM066204,((GLYMA_ZH13_16G120300_1_P,GLYMA_16G135200_1),(GWHPACET067191,(GWHPACEI068693,GWHPACEQ062090))),GWHPACEV060486);
(GWHPACEM066204,((GLYMA_ZH13_16G120300_1_P,GLYMA_16G135200_1),(GWHPACET067191,(GWHPACEI068693,GWHPACEQ062090))),GWHPACEV060486);
(GWHPACEM066204,((GLYMA_ZH13_16G120300_1_P,GLYMA_16G135200_1),(GWHPACET067191,(GWHPACEI068693,GWHPACEQ062090))),GWHPACEV060486);
(GWHPACEM066204,((GLYMA_ZH13_16G120300_1_P,GLYMA_16G135200_1),(GWHPACET067191,(GWHPACEI068693,GWHPACEQ062090))),GWHPACEV060486);
(GWHPACEM066204,((GLYMA_ZH13_16G120300_1_P,GLYMA_16G135200_1),(GWHPACET067191,(GWHPACEI068693,GWHPACEQ062090))),GWHPACEV060486);
((GWHPACEM066204,((GLYMA_16G135200_1,GLYMA_ZH13_16G120300_1_P),GWHPACEQ062090)),(GWHPACET067191,GWHPACEI068693),GWHPACEV060486);
((GWHPACEM066204,((GLYMA_16G135200_1,GLYMA_ZH13_16G120300_1_P),GWHPACEQ062090)),(GWHPACET067191,GWHPACEI068693),GWHPACEV060486);
((GWHPACEM066204,((GLYMA_16G135200_1,GLYMA_ZH13_16G120300_1_P),GWHPACEQ062090)),(GWHPACET067191,GWHPACEI068693),GWHPACEV060486);
((GWHPACEM066204,((GLYMA_16G135200_1,GLYMA_ZH13_16G120300_1_P),GWHPACEQ062090)),(GWHPACET067191,GWHPACEI068693),GWHPACEV060486);
((GWHPACEM066204,((GLYMA_16G135200_1,GLYMA_ZH13_16G120300_1_P),GWHPACEQ062090)),(GWHPACET067191,GWHPACEI068693),GWHPACEV060486);
((GWHPACEM066204,((GLYMA_16G135200_1,GLYMA_ZH13_16G120300_1_P),GWHPACEQ062090)),(GWHPACET067191,GWHPACEI068693),GWHPACEV060486);
((GWHPACEM066204,((GLYMA_16G135200_1,GLYMA_ZH13_16G120300_1_P),GWHPACEQ062090)),(GWHPACET067191,GWHPACEI068693),GWHPACEV060486);
((GWHPACEM066204,((GLYMA_16G135200_1,GLYMA_ZH13_16G120300_1_P),GWHPACEQ062090)),(GWHPACET067191,GWHPACEI068693),GWHPACEV060486);
((GWHPACEM066204,((GLYMA_16G135200_1,GLYMA_ZH13_16G120300_1_P),GWHPACEQ062090)),(GWHPACET067191,GWHPACEI068693),GWHPACEV060486);
((GWHPACEM066204,((GLYMA_16G135200_1,GLYMA_ZH13_16G120300_1_P),GWHPACEQ062090)),(GWHPACET067191,GWHPACEI068693),GWHPACEV060486);
(GWHPACEI068693,(GWHPACEM066204,(GWHPACET067191,((GLYMA_16G135200_1,GLYMA_ZH13_16G120300_1_P),GWHPACEQ062090))),GWHPACEV060486);
(GWHPACEI068693,(GWHPACEM066204,(GWHPACET067191,((GLYMA_16G135200_1,GLYMA_ZH13_16G120300_1_P),GWHPACEQ062090))),GWHPACEV060486);
(GWHPACEI068693,(GWHPACEM066204,(GWHPACET067191,((GLYMA_16G135200_1,GLYMA_ZH13_16G120300_1_P),GWHPACEQ062090))),GWHPACEV060486);
(GWHPACEI068693,(GWHPACEM066204,(GWHPACET067191,((GLYMA_16G135200_1,GLYMA_ZH13_16G120300_1_P),GWHPACEQ062090))),GWHPACEV060486);
(GWHPACEI068693,(GWHPACEM066204,(GWHPACET067191,((GLYMA_16G135200_1,GLYMA_ZH13_16G120300_1_P),GWHPACEQ062090))),GWHPACEV060486);
(GWHPACEI068693,(GWHPACEM066204,(GWHPACET067191,((GLYMA_16G135200_1,GLYMA_ZH13_16G120300_1_P),GWHPACEQ062090))),GWHPACEV060486);
(GWHPACEI068693,(GWHPACEM066204,(GWHPACET067191,((GLYMA_16G135200_1,GLYMA_ZH13_16G120300_1_P),GWHPACEQ062090))),GWHPACEV060486);
(GWHPACEI068693,(GWHPACEM066204,(GWHPACET067191,((GLYMA_16G135200_1,GLYMA_ZH13_16G120300_1_P),GWHPACEQ062090))),GWHPACEV060486);
(GWHPACEI068693,(GWHPACEM066204,(GWHPACET067191,((GLYMA_16G135200_1,GLYMA_ZH13_16G120300_1_P),GWHPACEQ062090))),GWHPACEV060486);
(GWHPACEI068693,(GWHPACEM066204,(GWHPACET067191,((GLYMA_16G135200_1,GLYMA_ZH13_16G120300_1_P),GWHPACEQ062090))),GWHPACEV060486);
((GWHPACEI068693,(GWHPACEQ062090,(GLYMA_16G135200_1,GLYMA_ZH13_16G120300_1_P))),(GWHPACET067191,GWHPACEM066204),GWHPACEV060486);
((GWHPACEI068693,(GWHPACEQ062090,(GLYMA_16G135200_1,GLYMA_ZH13_16G120300_1_P))),(GWHPACET067191,GWHPACEM066204),GWHPACEV060486);
((GWHPACEI068693,(GWHPACEQ062090,(GLYMA_16G135200_1,GLYMA_ZH13_16G120300_1_P))),(GWHPACET067191,GWHPACEM066204),GWHPACEV060486);
((GWHPACEI068693,(GWHPACEQ062090,(GLYMA_16G135200_1,GLYMA_ZH13_16G120300_1_P))),(GWHPACET067191,GWHPACEM066204),GWHPACEV060486);
((GWHPACEI068693,(GWHPACEQ062090,(GLYMA_16G135200_1,GLYMA_ZH13_16G120300_1_P))),(GWHPACET067191,GWHPACEM066204),GWHPACEV060486);
((GWHPACEI068693,(GWHPACEQ062090,(GLYMA_16G135200_1,GLYMA_ZH13_16G120300_1_P))),(GWHPACET067191,GWHPACEM066204),GWHPACEV060486);
((GWHPACEI068693,(GWHPACEQ062090,(GLYMA_16G135200_1,GLYMA_ZH13_16G120300_1_P))),(GWHPACET067191,GWHPACEM066204),GWHPACEV060486);
((GWHPACEI068693,(GWHPACEQ062090,(GLYMA_16G135200_1,GLYMA_ZH13_16G120300_1_P))),(GWHPACET067191,GWHPACEM066204),GWHPACEV060486);
((GWHPACEI068693,(GWHPACEQ062090,(GLYMA_16G135200_1,GLYMA_ZH13_16G120300_1_P))),(GWHPACET067191,GWHPACEM066204),GWHPACEV060486);
((GWHPACEI068693,(GWHPACEQ062090,(GLYMA_16G135200_1,GLYMA_ZH13_16G120300_1_P))),(GWHPACET067191,GWHPACEM066204),GWHPACEV060486);
