

IMPORTANT WARNING: Sequences GWHPACEJ024899 and GWHPACEH024149 are exactly identical


IMPORTANT WARNING: Sequences GWHPACEJ024899 and GWHPACEE024079 are exactly identical


IMPORTANT WARNING: Sequences W05_GLYSO_06G015913_1_P and GWHPACEF022448 are exactly identical


IMPORTANT WARNING: Sequences W05_GLYSO_06G015913_1_P and GWHPACEK021868 are exactly identical


IMPORTANT WARNING: Sequences W05_GLYSO_06G015913_1_P and GWHPACED023129 are exactly identical


IMPORTANT WARNING: Sequences W05_GLYSO_06G015913_1_P and GWHPACEU024234 are exactly identical


IMPORTANT WARNING: Sequences W05_GLYSO_06G015913_1_P and GLYMA_06G267300_1 are exactly identical


IMPORTANT WARNING: Sequences W05_GLYSO_06G015913_1_P and GWHPACET024478 are exactly identical


IMPORTANT WARNING: Sequences W05_GLYSO_06G015913_1_P and GWHPACEV022446 are exactly identical


IMPORTANT WARNING: Sequences W05_GLYSO_06G015913_1_P and GWHPACER022371 are exactly identical


IMPORTANT WARNING: Sequences W05_GLYSO_06G015913_1_P and GWHPACEI024915 are exactly identical


IMPORTANT WARNING: Sequences W05_GLYSO_06G015913_1_P and GWHPACEW024002 are exactly identical


IMPORTANT WARNING: Sequences W05_GLYSO_06G015913_1_P and GWHPACEX022759 are exactly identical


IMPORTANT WARNING: Sequences GWHPACEA024574 and GWHPACEL023138 are exactly identical


IMPORTANT WARNING: Sequences GWHPACEA024574 and GWHPACEG024030 are exactly identical


IMPORTANT WARNING: Sequences GWHPACEU084555 and GLYMA_ZH13_06G246900_1_P are exactly identical

IMPORTANT WARNING
Found 16 sequences that are exactly identical to other sequences in the alignment.
Normally they should be excluded from the analysis.

Just in case you might need it, an alignment file with 
sequence duplicates removed is printed to file ../../RAxML_tree_pbNB-ARC/Clade_Refinement_2/Int11890_361_405_L_52_69_R_23.afa.reduced


This is RAxML version 8.2.12 released by Alexandros Stamatakis on May 2018.

With greatly appreciated code contributions by:
Andre Aberer      (HITS)
Simon Berger      (HITS)
Alexey Kozlov     (HITS)
Kassian Kobert    (HITS)
David Dao         (KIT and HITS)
Sarah Lutteropp   (KIT and HITS)
Nick Pattengale   (Sandia)
Wayne Pfeiffer    (SDSC)
Akifumi S. Tanabe (NRIFS)
Charlie Taylor    (UF)


Alignment has 85 distinct alignment patterns

Proportion of gaps and completely undetermined characters in this alignment: 2.47%

RAxML rapid bootstrapping and subsequent ML search

Using 1 distinct models/data partitions with joint branch length optimization



Executing 100 rapid bootstrap inferences and thereafter a thorough ML search 

All free model parameters will be estimated by RAxML
ML estimate of 25 per site rate categories

Likelihood of final tree will be evaluated and optimized under GAMMA

GAMMA Model parameters will be estimated up to an accuracy of 0.1000000000 Log Likelihood units

Partition: 0
Alignment Patterns: 85
Name: No Name Provided
DataType: AA
Substitution Matrix: JTT
Using fixed base frequencies




RAxML was called as follows:

/Users/prigozhin/Installers/standard-RAxML/raxmlHPC-PTHREADS-AVX -T 4 -n Int11890_361_405_L_52_69_R_23.Raxml.out -f a -x 12345 -p 12345 -# 100 -m PROTCATJTT -s ../../RAxML_tree_pbNB-ARC/Clade_Refinement_2/Int11890_361_405_L_52_69_R_23.afa 



Time for BS model parameter optimization 0.173891
Bootstrap[0]: Time 0.493378 seconds, bootstrap likelihood -1892.595320, best rearrangement setting 13
Bootstrap[1]: Time 0.313241 seconds, bootstrap likelihood -1934.949048, best rearrangement setting 13
Bootstrap[2]: Time 0.301709 seconds, bootstrap likelihood -1916.436805, best rearrangement setting 12
Bootstrap[3]: Time 0.355357 seconds, bootstrap likelihood -1941.222061, best rearrangement setting 15
Bootstrap[4]: Time 0.307359 seconds, bootstrap likelihood -1932.987420, best rearrangement setting 10
Bootstrap[5]: Time 0.316905 seconds, bootstrap likelihood -1918.417778, best rearrangement setting 10
Bootstrap[6]: Time 0.263229 seconds, bootstrap likelihood -1913.774312, best rearrangement setting 6
Bootstrap[7]: Time 0.312632 seconds, bootstrap likelihood -1964.348224, best rearrangement setting 14
Bootstrap[8]: Time 0.202687 seconds, bootstrap likelihood -1910.028345, best rearrangement setting 5
Bootstrap[9]: Time 0.230765 seconds, bootstrap likelihood -1894.516222, best rearrangement setting 7
Bootstrap[10]: Time 0.272397 seconds, bootstrap likelihood -1907.239165, best rearrangement setting 7
Bootstrap[11]: Time 0.204299 seconds, bootstrap likelihood -1924.214331, best rearrangement setting 5
Bootstrap[12]: Time 0.275860 seconds, bootstrap likelihood -1913.820071, best rearrangement setting 8
Bootstrap[13]: Time 0.258763 seconds, bootstrap likelihood -1941.986264, best rearrangement setting 7
Bootstrap[14]: Time 0.322650 seconds, bootstrap likelihood -1960.927223, best rearrangement setting 12
Bootstrap[15]: Time 0.302630 seconds, bootstrap likelihood -1903.415436, best rearrangement setting 15
Bootstrap[16]: Time 0.291143 seconds, bootstrap likelihood -1934.602097, best rearrangement setting 12
Bootstrap[17]: Time 0.327444 seconds, bootstrap likelihood -1912.721642, best rearrangement setting 12
Bootstrap[18]: Time 0.236714 seconds, bootstrap likelihood -1939.735031, best rearrangement setting 5
Bootstrap[19]: Time 0.332498 seconds, bootstrap likelihood -1910.088835, best rearrangement setting 8
Bootstrap[20]: Time 0.365291 seconds, bootstrap likelihood -1941.922887, best rearrangement setting 10
Bootstrap[21]: Time 0.304496 seconds, bootstrap likelihood -1964.145369, best rearrangement setting 6
Bootstrap[22]: Time 0.280919 seconds, bootstrap likelihood -1896.450161, best rearrangement setting 5
Bootstrap[23]: Time 0.254936 seconds, bootstrap likelihood -1902.240624, best rearrangement setting 7
Bootstrap[24]: Time 0.319185 seconds, bootstrap likelihood -1905.212257, best rearrangement setting 8
Bootstrap[25]: Time 0.282953 seconds, bootstrap likelihood -1924.532897, best rearrangement setting 6
Bootstrap[26]: Time 0.308932 seconds, bootstrap likelihood -1949.711039, best rearrangement setting 12
Bootstrap[27]: Time 0.320800 seconds, bootstrap likelihood -1915.445156, best rearrangement setting 10
Bootstrap[28]: Time 0.321865 seconds, bootstrap likelihood -1931.723061, best rearrangement setting 11
Bootstrap[29]: Time 0.311230 seconds, bootstrap likelihood -1936.172111, best rearrangement setting 12
Bootstrap[30]: Time 0.315239 seconds, bootstrap likelihood -1957.523086, best rearrangement setting 15
Bootstrap[31]: Time 0.317739 seconds, bootstrap likelihood -1935.171789, best rearrangement setting 15
Bootstrap[32]: Time 0.393183 seconds, bootstrap likelihood -1929.848074, best rearrangement setting 6
Bootstrap[33]: Time 0.381110 seconds, bootstrap likelihood -1904.028141, best rearrangement setting 15
Bootstrap[34]: Time 0.310202 seconds, bootstrap likelihood -1964.251393, best rearrangement setting 11
Bootstrap[35]: Time 0.269460 seconds, bootstrap likelihood -1934.717702, best rearrangement setting 8
Bootstrap[36]: Time 0.301420 seconds, bootstrap likelihood -1952.674141, best rearrangement setting 9
Bootstrap[37]: Time 0.325746 seconds, bootstrap likelihood -1951.297752, best rearrangement setting 11
Bootstrap[38]: Time 0.281281 seconds, bootstrap likelihood -1915.935263, best rearrangement setting 8
Bootstrap[39]: Time 0.301128 seconds, bootstrap likelihood -1929.363213, best rearrangement setting 13
Bootstrap[40]: Time 0.317988 seconds, bootstrap likelihood -1929.071676, best rearrangement setting 13
Bootstrap[41]: Time 0.309893 seconds, bootstrap likelihood -1968.538176, best rearrangement setting 10
Bootstrap[42]: Time 0.210758 seconds, bootstrap likelihood -1907.351459, best rearrangement setting 5
Bootstrap[43]: Time 0.418808 seconds, bootstrap likelihood -1924.843889, best rearrangement setting 14
Bootstrap[44]: Time 0.345259 seconds, bootstrap likelihood -1907.458886, best rearrangement setting 10
Bootstrap[45]: Time 0.333243 seconds, bootstrap likelihood -1953.982841, best rearrangement setting 15
Bootstrap[46]: Time 0.315667 seconds, bootstrap likelihood -1904.682197, best rearrangement setting 14
Bootstrap[47]: Time 0.271530 seconds, bootstrap likelihood -1899.347305, best rearrangement setting 8
Bootstrap[48]: Time 0.253673 seconds, bootstrap likelihood -1925.258535, best rearrangement setting 6
Bootstrap[49]: Time 0.262731 seconds, bootstrap likelihood -1947.246587, best rearrangement setting 7
Bootstrap[50]: Time 0.255130 seconds, bootstrap likelihood -1986.449315, best rearrangement setting 7
Bootstrap[51]: Time 0.317503 seconds, bootstrap likelihood -1901.154969, best rearrangement setting 11
Bootstrap[52]: Time 0.314902 seconds, bootstrap likelihood -1934.472787, best rearrangement setting 12
Bootstrap[53]: Time 0.299895 seconds, bootstrap likelihood -1926.880452, best rearrangement setting 8
Bootstrap[54]: Time 0.336195 seconds, bootstrap likelihood -1930.891502, best rearrangement setting 9
Bootstrap[55]: Time 0.315185 seconds, bootstrap likelihood -1891.582397, best rearrangement setting 11
Bootstrap[56]: Time 0.224114 seconds, bootstrap likelihood -1969.092455, best rearrangement setting 5
Bootstrap[57]: Time 0.247307 seconds, bootstrap likelihood -1951.486431, best rearrangement setting 7
Bootstrap[58]: Time 0.274648 seconds, bootstrap likelihood -1919.823248, best rearrangement setting 10
Bootstrap[59]: Time 0.287450 seconds, bootstrap likelihood -1926.407251, best rearrangement setting 9
Bootstrap[60]: Time 0.271451 seconds, bootstrap likelihood -1918.340079, best rearrangement setting 7
Bootstrap[61]: Time 0.218300 seconds, bootstrap likelihood -1941.726681, best rearrangement setting 5
Bootstrap[62]: Time 0.262502 seconds, bootstrap likelihood -1915.643422, best rearrangement setting 11
Bootstrap[63]: Time 0.308500 seconds, bootstrap likelihood -1991.604094, best rearrangement setting 12
Bootstrap[64]: Time 0.261432 seconds, bootstrap likelihood -1917.721988, best rearrangement setting 7
Bootstrap[65]: Time 0.203472 seconds, bootstrap likelihood -1944.661560, best rearrangement setting 5
Bootstrap[66]: Time 0.189397 seconds, bootstrap likelihood -1901.725693, best rearrangement setting 5
Bootstrap[67]: Time 0.299359 seconds, bootstrap likelihood -1956.399525, best rearrangement setting 15
Bootstrap[68]: Time 0.310644 seconds, bootstrap likelihood -1912.049011, best rearrangement setting 11
Bootstrap[69]: Time 0.198679 seconds, bootstrap likelihood -1942.878098, best rearrangement setting 5
Bootstrap[70]: Time 0.326773 seconds, bootstrap likelihood -1922.402383, best rearrangement setting 8
Bootstrap[71]: Time 0.360881 seconds, bootstrap likelihood -1912.254105, best rearrangement setting 10
Bootstrap[72]: Time 0.305625 seconds, bootstrap likelihood -1924.283125, best rearrangement setting 11
Bootstrap[73]: Time 0.270473 seconds, bootstrap likelihood -1913.394986, best rearrangement setting 9
Bootstrap[74]: Time 0.210162 seconds, bootstrap likelihood -1935.398630, best rearrangement setting 5
Bootstrap[75]: Time 0.285004 seconds, bootstrap likelihood -1906.718709, best rearrangement setting 8
Bootstrap[76]: Time 0.280582 seconds, bootstrap likelihood -1954.911843, best rearrangement setting 9
Bootstrap[77]: Time 0.314783 seconds, bootstrap likelihood -1931.691647, best rearrangement setting 11
Bootstrap[78]: Time 0.346455 seconds, bootstrap likelihood -1878.341162, best rearrangement setting 15
Bootstrap[79]: Time 0.347175 seconds, bootstrap likelihood -1924.485351, best rearrangement setting 9
Bootstrap[80]: Time 0.320569 seconds, bootstrap likelihood -1875.779099, best rearrangement setting 15
Bootstrap[81]: Time 0.263724 seconds, bootstrap likelihood -1935.028910, best rearrangement setting 7
Bootstrap[82]: Time 0.250001 seconds, bootstrap likelihood -1939.197968, best rearrangement setting 6
Bootstrap[83]: Time 0.308103 seconds, bootstrap likelihood -1940.963177, best rearrangement setting 10
Bootstrap[84]: Time 0.317073 seconds, bootstrap likelihood -1927.847546, best rearrangement setting 11
Bootstrap[85]: Time 0.290692 seconds, bootstrap likelihood -1930.551708, best rearrangement setting 8
Bootstrap[86]: Time 0.267670 seconds, bootstrap likelihood -1927.750483, best rearrangement setting 7
Bootstrap[87]: Time 0.256352 seconds, bootstrap likelihood -1938.708769, best rearrangement setting 7
Bootstrap[88]: Time 0.333130 seconds, bootstrap likelihood -1917.684395, best rearrangement setting 12
Bootstrap[89]: Time 0.289082 seconds, bootstrap likelihood -1917.063472, best rearrangement setting 10
Bootstrap[90]: Time 0.264268 seconds, bootstrap likelihood -1904.927129, best rearrangement setting 8
Bootstrap[91]: Time 0.292037 seconds, bootstrap likelihood -1898.341617, best rearrangement setting 12
Bootstrap[92]: Time 0.335440 seconds, bootstrap likelihood -1927.178495, best rearrangement setting 13
Bootstrap[93]: Time 0.357681 seconds, bootstrap likelihood -1943.044646, best rearrangement setting 15
Bootstrap[94]: Time 0.230848 seconds, bootstrap likelihood -1920.795198, best rearrangement setting 5
Bootstrap[95]: Time 0.238005 seconds, bootstrap likelihood -1932.777948, best rearrangement setting 5
Bootstrap[96]: Time 0.420635 seconds, bootstrap likelihood -1898.163106, best rearrangement setting 13
Bootstrap[97]: Time 0.318291 seconds, bootstrap likelihood -1932.228313, best rearrangement setting 11
Bootstrap[98]: Time 0.220953 seconds, bootstrap likelihood -1936.357794, best rearrangement setting 6
Bootstrap[99]: Time 0.311776 seconds, bootstrap likelihood -1904.209554, best rearrangement setting 14


Overall Time for 100 Rapid Bootstraps 29.580437 seconds
Average Time per Rapid Bootstrap 0.295804 seconds

Starting ML Search ...

Fast ML optimization finished

Fast ML search Time: 13.510175 seconds

Slow ML Search 0 Likelihood: -2008.421479
Slow ML Search 1 Likelihood: -2008.421479
Slow ML Search 2 Likelihood: -2008.421479
Slow ML Search 3 Likelihood: -2008.421479
Slow ML Search 4 Likelihood: -2008.421479
Slow ML Search 5 Likelihood: -2008.421479
Slow ML Search 6 Likelihood: -2008.421479
Slow ML Search 7 Likelihood: -2008.421479
Slow ML Search 8 Likelihood: -2008.422959
Slow ML Search 9 Likelihood: -2008.422959
Slow ML optimization finished

Slow ML search Time: 5.856797 seconds
Thorough ML search Time: 0.566345 seconds

Final ML Optimization Likelihood: -2008.421457

Model Information:

Model Parameters of Partition 0, Name: No Name Provided, Type of Data: AA
alpha: 2.369652
Tree-Length: 0.033788
rate A <-> R: 0.603538
rate A <-> N: 0.561915
rate A <-> D: 0.842872
rate A <-> C: 0.582726
rate A <-> Q: 0.593132
rate A <-> E: 1.092612
rate A <-> G: 1.862643
rate A <-> H: 0.280957
rate A <-> I: 0.374610
rate A <-> L: 0.312175
rate A <-> K: 0.364204
rate A <-> M: 0.561915
rate A <-> F: 0.156087
rate A <-> P: 2.018730
rate A <-> S: 3.933403
rate A <-> T: 4.942768
rate A <-> W: 0.093652
rate A <-> Y: 0.114464
rate A <-> V: 3.100937
rate R <-> N: 0.468262
rate R <-> D: 0.166493
rate R <-> C: 1.175858
rate R <-> Q: 3.225806
rate R <-> E: 0.301769
rate R <-> G: 1.425598
rate R <-> H: 3.413111
rate R <-> I: 0.228928
rate R <-> L: 0.395421
rate R <-> K: 6.722164
rate R <-> M: 0.457856
rate R <-> F: 0.052029
rate R <-> P: 0.770031
rate R <-> S: 1.050989
rate R <-> T: 0.665973
rate R <-> W: 1.311134
rate R <-> Y: 0.208117
rate R <-> V: 0.176899
rate N <-> D: 5.494277
rate N <-> C: 0.353798
rate N <-> Q: 0.894901
rate N <-> E: 0.603538
rate N <-> G: 0.842872
rate N <-> H: 4.068678
rate N <-> I: 0.489074
rate N <-> L: 0.124870
rate N <-> K: 2.736733
rate N <-> M: 0.312175
rate N <-> F: 0.104058
rate N <-> P: 0.156087
rate N <-> S: 5.234131
rate N <-> T: 2.414152
rate N <-> W: 0.083247
rate N <-> Y: 0.728408
rate N <-> V: 0.166493
rate D <-> C: 0.104058
rate D <-> Q: 0.509886
rate D <-> E: 7.981270
rate D <-> G: 1.352758
rate D <-> H: 1.165453
rate D <-> I: 0.114464
rate D <-> L: 0.072841
rate D <-> K: 0.270552
rate D <-> M: 0.156087
rate D <-> F: 0.041623
rate D <-> P: 0.156087
rate D <-> S: 0.613944
rate D <-> T: 0.395421
rate D <-> W: 0.041623
rate D <-> Y: 0.478668
rate D <-> V: 0.322581
rate C <-> Q: 0.093652
rate C <-> E: 0.052029
rate C <-> G: 0.613944
rate C <-> H: 0.718002
rate C <-> I: 0.176899
rate C <-> L: 0.239334
rate C <-> K: 0.072841
rate C <-> M: 0.322581
rate C <-> F: 0.811655
rate C <-> P: 0.145682
rate C <-> S: 2.320499
rate C <-> T: 0.437045
rate C <-> W: 1.196670
rate C <-> Y: 2.174818
rate C <-> V: 0.645161
rate Q <-> E: 3.361082
rate Q <-> G: 0.270552
rate Q <-> H: 6.212279
rate Q <-> I: 0.093652
rate Q <-> L: 0.749220
rate Q <-> K: 3.038502
rate Q <-> M: 0.447451
rate Q <-> F: 0.041623
rate Q <-> P: 1.706556
rate Q <-> S: 0.551509
rate Q <-> T: 0.530697
rate Q <-> W: 0.187305
rate Q <-> Y: 0.249740
rate Q <-> V: 0.208117
rate E <-> G: 1.238293
rate E <-> H: 0.270552
rate E <-> I: 0.124870
rate E <-> L: 0.093652
rate E <-> K: 1.883455
rate E <-> M: 0.187305
rate E <-> F: 0.052029
rate E <-> P: 0.187305
rate E <-> S: 0.312175
rate E <-> T: 0.332986
rate E <-> W: 0.104058
rate E <-> Y: 0.072841
rate E <-> V: 0.468262
rate G <-> H: 0.239334
rate G <-> I: 0.062435
rate G <-> L: 0.062435
rate G <-> K: 0.280957
rate G <-> M: 0.145682
rate G <-> F: 0.052029
rate G <-> P: 0.249740
rate G <-> S: 2.091571
rate G <-> T: 0.343392
rate G <-> W: 0.572320
rate G <-> Y: 0.083247
rate G <-> V: 0.489074
rate H <-> I: 0.166493
rate H <-> L: 0.582726
rate H <-> K: 0.468262
rate H <-> M: 0.343392
rate H <-> F: 0.416233
rate H <-> P: 1.196670
rate H <-> S: 0.759625
rate H <-> T: 0.478668
rate H <-> W: 0.083247
rate H <-> Y: 5.962539
rate H <-> V: 0.114464
rate I <-> L: 2.382934
rate I <-> K: 0.218522
rate I <-> M: 4.984391
rate I <-> F: 0.926119
rate I <-> P: 0.104058
rate I <-> S: 0.416233
rate I <-> T: 2.549428
rate I <-> W: 0.093652
rate I <-> Y: 0.332986
rate I <-> V: 10.000000
rate L <-> K: 0.145682
rate L <-> M: 4.037461
rate L <-> F: 2.580645
rate L <-> P: 1.061394
rate L <-> S: 0.613944
rate L <-> T: 0.260146
rate L <-> W: 0.541103
rate L <-> Y: 0.249740
rate L <-> V: 1.873049
rate K <-> M: 0.676379
rate K <-> F: 0.041623
rate K <-> P: 0.218522
rate K <-> S: 0.489074
rate K <-> T: 1.071800
rate K <-> W: 0.104058
rate K <-> Y: 0.083247
rate K <-> V: 0.145682
rate M <-> F: 0.447451
rate M <-> P: 0.166493
rate M <-> S: 0.301769
rate M <-> T: 2.351717
rate M <-> W: 0.249740
rate M <-> Y: 0.187305
rate M <-> V: 3.361082
rate F <-> P: 0.176899
rate F <-> S: 0.957336
rate F <-> T: 0.124870
rate F <-> W: 0.551509
rate F <-> Y: 5.577523
rate F <-> V: 0.645161
rate P <-> S: 2.965661
rate P <-> T: 1.227888
rate P <-> W: 0.062435
rate P <-> Y: 0.104058
rate P <-> V: 0.239334
rate S <-> T: 4.963580
rate S <-> W: 0.364204
rate S <-> Y: 0.655567
rate S <-> V: 0.395421
rate T <-> W: 0.124870
rate T <-> Y: 0.218522
rate T <-> V: 1.165453
rate W <-> Y: 0.738814
rate W <-> V: 0.260146
rate Y <-> V: 0.166493

freq pi(A): 0.076748
freq pi(R): 0.051691
freq pi(N): 0.042645
freq pi(D): 0.051544
freq pi(C): 0.019803
freq pi(Q): 0.040752
freq pi(E): 0.061830
freq pi(G): 0.073152
freq pi(H): 0.022944
freq pi(I): 0.053761
freq pi(L): 0.091904
freq pi(K): 0.058676
freq pi(M): 0.023826
freq pi(F): 0.040126
freq pi(P): 0.050901
freq pi(S): 0.068765
freq pi(T): 0.058565
freq pi(W): 0.014261
freq pi(Y): 0.032102
freq pi(V): 0.066004


ML search took 19.977320 secs or 0.005549 hours

Combined Bootstrap and ML search took 49.557901 secs or 0.013766 hours

Drawing Bootstrap Support Values on best-scoring ML tree ...



Found 1 tree in File /Users/prigozhin/Dropbox/NLRomes/Soy_NLRome/RAxML_tree_pbNB-ARC/Clade_Refinement_2/RAxML_bestTree.Int11890_361_405_L_52_69_R_23.Raxml.out



Found 1 tree in File /Users/prigozhin/Dropbox/NLRomes/Soy_NLRome/RAxML_tree_pbNB-ARC/Clade_Refinement_2/RAxML_bestTree.Int11890_361_405_L_52_69_R_23.Raxml.out

Program execution info written to /Users/prigozhin/Dropbox/NLRomes/Soy_NLRome/RAxML_tree_pbNB-ARC/Clade_Refinement_2/RAxML_info.Int11890_361_405_L_52_69_R_23.Raxml.out
All 100 bootstrapped trees written to: /Users/prigozhin/Dropbox/NLRomes/Soy_NLRome/RAxML_tree_pbNB-ARC/Clade_Refinement_2/RAxML_bootstrap.Int11890_361_405_L_52_69_R_23.Raxml.out

Best-scoring ML tree written to: /Users/prigozhin/Dropbox/NLRomes/Soy_NLRome/RAxML_tree_pbNB-ARC/Clade_Refinement_2/RAxML_bestTree.Int11890_361_405_L_52_69_R_23.Raxml.out

Best-scoring ML tree with support values written to: /Users/prigozhin/Dropbox/NLRomes/Soy_NLRome/RAxML_tree_pbNB-ARC/Clade_Refinement_2/RAxML_bipartitions.Int11890_361_405_L_52_69_R_23.Raxml.out

Best-scoring ML tree with support values as branch labels written to: /Users/prigozhin/Dropbox/NLRomes/Soy_NLRome/RAxML_tree_pbNB-ARC/Clade_Refinement_2/RAxML_bipartitionsBranchLabels.Int11890_361_405_L_52_69_R_23.Raxml.out

Overall execution time for full ML analysis: 49.565872 secs or 0.013768 hours or 0.000574 days

