((GLYMA_ZH13_06G246700_1_P,(GWHPACES024985,(GWHPACEJ024892,GWHPACEH024144))),GWHPACEO024198,GWHPACDZ023663);
((GLYMA_ZH13_06G246700_1_P,(GWHPACES024985,(GWHPACEJ024892,GWHPACEH024144))),GWHPACEO024198,GWHPACDZ023663);
((GLYMA_ZH13_06G246700_1_P,(GWHPACES024985,(GWHPACEJ024892,GWHPACEH024144))),GWHPACEO024198,GWHPACDZ023663);
((GLYMA_ZH13_06G246700_1_P,(GWHPACES024985,(GWHPACEJ024892,GWHPACEH024144))),GWHPACEO024198,GWHPACDZ023663);
((GLYMA_ZH13_06G246700_1_P,(GWHPACES024985,(GWHPACEJ024892,GWHPACEH024144))),GWHPACEO024198,GWHPACDZ023663);
((GLYMA_ZH13_06G246700_1_P,(GWHPACES024985,(GWHPACEJ024892,GWHPACEH024144))),GWHPACEO024198,GWHPACDZ023663);
((GLYMA_ZH13_06G246700_1_P,(GWHPACES024985,(GWHPACEJ024892,GWHPACEH024144))),GWHPACEO024198,GWHPACDZ023663);
((GLYMA_ZH13_06G246700_1_P,(GWHPACES024985,(GWHPACEJ024892,GWHPACEH024144))),GWHPACEO024198,GWHPACDZ023663);
((GLYMA_ZH13_06G246700_1_P,(GWHPACES024985,(GWHPACEJ024892,GWHPACEH024144))),GWHPACEO024198,GWHPACDZ023663);
((GLYMA_ZH13_06G246700_1_P,(GWHPACES024985,(GWHPACEJ024892,GWHPACEH024144))),GWHPACEO024198,GWHPACDZ023663);
(GWHPACEO024198,(GWHPACEH024144,(GWHPACES024985,(GWHPACEJ024892,GLYMA_ZH13_06G246700_1_P))),GWHPACDZ023663);
(GWHPACEO024198,(GWHPACEH024144,(GWHPACES024985,(GWHPACEJ024892,GLYMA_ZH13_06G246700_1_P))),GWHPACDZ023663);
(GWHPACEO024198,(GWHPACEH024144,(GWHPACES024985,(GWHPACEJ024892,GLYMA_ZH13_06G246700_1_P))),GWHPACDZ023663);
(GWHPACEO024198,(GWHPACEH024144,(GWHPACES024985,(GWHPACEJ024892,GLYMA_ZH13_06G246700_1_P))),GWHPACDZ023663);
(GWHPACEO024198,(GWHPACEH024144,(GWHPACES024985,(GWHPACEJ024892,GLYMA_ZH13_06G246700_1_P))),GWHPACDZ023663);
(GWHPACEO024198,(GWHPACEH024144,(GWHPACES024985,(GWHPACEJ024892,GLYMA_ZH13_06G246700_1_P))),GWHPACDZ023663);
(GWHPACEO024198,(GWHPACEH024144,(GWHPACES024985,(GWHPACEJ024892,GLYMA_ZH13_06G246700_1_P))),GWHPACDZ023663);
(GWHPACEO024198,(GWHPACEH024144,(GWHPACES024985,(GWHPACEJ024892,GLYMA_ZH13_06G246700_1_P))),GWHPACDZ023663);
(GWHPACEO024198,(GWHPACEH024144,(GWHPACES024985,(GWHPACEJ024892,GLYMA_ZH13_06G246700_1_P))),GWHPACDZ023663);
(GWHPACEO024198,(GWHPACEH024144,(GWHPACES024985,(GWHPACEJ024892,GLYMA_ZH13_06G246700_1_P))),GWHPACDZ023663);
(GWHPACEO024198,(GLYMA_ZH13_06G246700_1_P,((GWHPACEH024144,GWHPACES024985),GWHPACEJ024892)),GWHPACDZ023663);
(GWHPACEO024198,(GLYMA_ZH13_06G246700_1_P,((GWHPACEH024144,GWHPACES024985),GWHPACEJ024892)),GWHPACDZ023663);
(GWHPACEO024198,(GLYMA_ZH13_06G246700_1_P,((GWHPACEH024144,GWHPACES024985),GWHPACEJ024892)),GWHPACDZ023663);
(GWHPACEO024198,(GLYMA_ZH13_06G246700_1_P,((GWHPACEH024144,GWHPACES024985),GWHPACEJ024892)),GWHPACDZ023663);
(GWHPACEO024198,(GLYMA_ZH13_06G246700_1_P,((GWHPACEH024144,GWHPACES024985),GWHPACEJ024892)),GWHPACDZ023663);
(GWHPACEO024198,(GLYMA_ZH13_06G246700_1_P,((GWHPACEH024144,GWHPACES024985),GWHPACEJ024892)),GWHPACDZ023663);
(GWHPACEO024198,(GLYMA_ZH13_06G246700_1_P,((GWHPACEH024144,GWHPACES024985),GWHPACEJ024892)),GWHPACDZ023663);
(GWHPACEO024198,(GLYMA_ZH13_06G246700_1_P,((GWHPACEH024144,GWHPACES024985),GWHPACEJ024892)),GWHPACDZ023663);
(GWHPACEO024198,(GLYMA_ZH13_06G246700_1_P,((GWHPACEH024144,GWHPACES024985),GWHPACEJ024892)),GWHPACDZ023663);
(GWHPACEO024198,(GLYMA_ZH13_06G246700_1_P,((GWHPACEH024144,GWHPACES024985),GWHPACEJ024892)),GWHPACDZ023663);
(GWHPACEO024198,(GWHPACEJ024892,(GWHPACEH024144,(GLYMA_ZH13_06G246700_1_P,GWHPACES024985))),GWHPACDZ023663);
(GWHPACEO024198,(GWHPACEJ024892,(GWHPACEH024144,(GLYMA_ZH13_06G246700_1_P,GWHPACES024985))),GWHPACDZ023663);
(GWHPACEO024198,(GWHPACEJ024892,(GWHPACEH024144,(GLYMA_ZH13_06G246700_1_P,GWHPACES024985))),GWHPACDZ023663);
(GWHPACEO024198,(GWHPACEJ024892,(GWHPACEH024144,(GLYMA_ZH13_06G246700_1_P,GWHPACES024985))),GWHPACDZ023663);
(GWHPACEO024198,(GWHPACEJ024892,(GWHPACEH024144,(GLYMA_ZH13_06G246700_1_P,GWHPACES024985))),GWHPACDZ023663);
(GWHPACEO024198,(GWHPACEJ024892,(GWHPACEH024144,(GLYMA_ZH13_06G246700_1_P,GWHPACES024985))),GWHPACDZ023663);
(GWHPACEO024198,(GWHPACEJ024892,(GWHPACEH024144,(GLYMA_ZH13_06G246700_1_P,GWHPACES024985))),GWHPACDZ023663);
(GWHPACEO024198,(GWHPACEJ024892,(GWHPACEH024144,(GLYMA_ZH13_06G246700_1_P,GWHPACES024985))),GWHPACDZ023663);
(GWHPACEO024198,(GWHPACEJ024892,(GWHPACEH024144,(GLYMA_ZH13_06G246700_1_P,GWHPACES024985))),GWHPACDZ023663);
(GWHPACEO024198,(GWHPACEJ024892,(GWHPACEH024144,(GLYMA_ZH13_06G246700_1_P,GWHPACES024985))),GWHPACDZ023663);
(GWHPACEO024198,(GWHPACES024985,(GWHPACEJ024892,(GLYMA_ZH13_06G246700_1_P,GWHPACEH024144))),GWHPACDZ023663);
(GWHPACEO024198,(GWHPACES024985,(GWHPACEJ024892,(GLYMA_ZH13_06G246700_1_P,GWHPACEH024144))),GWHPACDZ023663);
(GWHPACEO024198,(GWHPACES024985,(GWHPACEJ024892,(GLYMA_ZH13_06G246700_1_P,GWHPACEH024144))),GWHPACDZ023663);
(GWHPACEO024198,(GWHPACES024985,(GWHPACEJ024892,(GLYMA_ZH13_06G246700_1_P,GWHPACEH024144))),GWHPACDZ023663);
(GWHPACEO024198,(GWHPACES024985,(GWHPACEJ024892,(GLYMA_ZH13_06G246700_1_P,GWHPACEH024144))),GWHPACDZ023663);
(GWHPACEO024198,(GWHPACES024985,(GWHPACEJ024892,(GLYMA_ZH13_06G246700_1_P,GWHPACEH024144))),GWHPACDZ023663);
(GWHPACEO024198,(GWHPACES024985,(GWHPACEJ024892,(GLYMA_ZH13_06G246700_1_P,GWHPACEH024144))),GWHPACDZ023663);
(GWHPACEO024198,(GWHPACES024985,(GWHPACEJ024892,(GLYMA_ZH13_06G246700_1_P,GWHPACEH024144))),GWHPACDZ023663);
(GWHPACEO024198,(GWHPACES024985,(GWHPACEJ024892,(GLYMA_ZH13_06G246700_1_P,GWHPACEH024144))),GWHPACDZ023663);
(GWHPACEO024198,(GWHPACES024985,(GWHPACEJ024892,(GLYMA_ZH13_06G246700_1_P,GWHPACEH024144))),GWHPACDZ023663);
(GWHPACEO024198,(GWHPACES024985,(GWHPACEH024144,(GLYMA_ZH13_06G246700_1_P,GWHPACEJ024892))),GWHPACDZ023663);
(GWHPACEO024198,(GWHPACES024985,(GWHPACEH024144,(GLYMA_ZH13_06G246700_1_P,GWHPACEJ024892))),GWHPACDZ023663);
(GWHPACEO024198,(GWHPACES024985,(GWHPACEH024144,(GLYMA_ZH13_06G246700_1_P,GWHPACEJ024892))),GWHPACDZ023663);
(GWHPACEO024198,(GWHPACES024985,(GWHPACEH024144,(GLYMA_ZH13_06G246700_1_P,GWHPACEJ024892))),GWHPACDZ023663);
(GWHPACEO024198,(GWHPACES024985,(GWHPACEH024144,(GLYMA_ZH13_06G246700_1_P,GWHPACEJ024892))),GWHPACDZ023663);
(GWHPACEO024198,(GWHPACES024985,(GWHPACEH024144,(GLYMA_ZH13_06G246700_1_P,GWHPACEJ024892))),GWHPACDZ023663);
(GWHPACEO024198,(GWHPACES024985,(GWHPACEH024144,(GLYMA_ZH13_06G246700_1_P,GWHPACEJ024892))),GWHPACDZ023663);
(GWHPACEO024198,(GWHPACES024985,(GWHPACEH024144,(GLYMA_ZH13_06G246700_1_P,GWHPACEJ024892))),GWHPACDZ023663);
(GWHPACEO024198,(GWHPACES024985,(GWHPACEH024144,(GLYMA_ZH13_06G246700_1_P,GWHPACEJ024892))),GWHPACDZ023663);
(GWHPACEO024198,(GWHPACES024985,(GWHPACEH024144,(GLYMA_ZH13_06G246700_1_P,GWHPACEJ024892))),GWHPACDZ023663);
(GWHPACEO024198,(GWHPACES024985,((GLYMA_ZH13_06G246700_1_P,GWHPACEH024144),GWHPACEJ024892)),GWHPACDZ023663);
(GWHPACEO024198,(GWHPACES024985,((GLYMA_ZH13_06G246700_1_P,GWHPACEH024144),GWHPACEJ024892)),GWHPACDZ023663);
(GWHPACEO024198,(GWHPACES024985,((GLYMA_ZH13_06G246700_1_P,GWHPACEH024144),GWHPACEJ024892)),GWHPACDZ023663);
(GWHPACEO024198,(GWHPACES024985,((GLYMA_ZH13_06G246700_1_P,GWHPACEH024144),GWHPACEJ024892)),GWHPACDZ023663);
(GWHPACEO024198,(GWHPACES024985,((GLYMA_ZH13_06G246700_1_P,GWHPACEH024144),GWHPACEJ024892)),GWHPACDZ023663);
(GWHPACEO024198,(GWHPACES024985,((GLYMA_ZH13_06G246700_1_P,GWHPACEH024144),GWHPACEJ024892)),GWHPACDZ023663);
(GWHPACEO024198,(GWHPACES024985,((GLYMA_ZH13_06G246700_1_P,GWHPACEH024144),GWHPACEJ024892)),GWHPACDZ023663);
(GWHPACEO024198,(GWHPACES024985,((GLYMA_ZH13_06G246700_1_P,GWHPACEH024144),GWHPACEJ024892)),GWHPACDZ023663);
(GWHPACEO024198,(GWHPACES024985,((GLYMA_ZH13_06G246700_1_P,GWHPACEH024144),GWHPACEJ024892)),GWHPACDZ023663);
(GWHPACEO024198,(GWHPACES024985,((GLYMA_ZH13_06G246700_1_P,GWHPACEH024144),GWHPACEJ024892)),GWHPACDZ023663);
((GLYMA_ZH13_06G246700_1_P,(GWHPACES024985,(GWHPACEH024144,GWHPACEJ024892))),GWHPACEO024198,GWHPACDZ023663);
((GLYMA_ZH13_06G246700_1_P,(GWHPACES024985,(GWHPACEH024144,GWHPACEJ024892))),GWHPACEO024198,GWHPACDZ023663);
((GLYMA_ZH13_06G246700_1_P,(GWHPACES024985,(GWHPACEH024144,GWHPACEJ024892))),GWHPACEO024198,GWHPACDZ023663);
((GLYMA_ZH13_06G246700_1_P,(GWHPACES024985,(GWHPACEH024144,GWHPACEJ024892))),GWHPACEO024198,GWHPACDZ023663);
((GLYMA_ZH13_06G246700_1_P,(GWHPACES024985,(GWHPACEH024144,GWHPACEJ024892))),GWHPACEO024198,GWHPACDZ023663);
((GLYMA_ZH13_06G246700_1_P,(GWHPACES024985,(GWHPACEH024144,GWHPACEJ024892))),GWHPACEO024198,GWHPACDZ023663);
((GLYMA_ZH13_06G246700_1_P,(GWHPACES024985,(GWHPACEH024144,GWHPACEJ024892))),GWHPACEO024198,GWHPACDZ023663);
((GLYMA_ZH13_06G246700_1_P,(GWHPACES024985,(GWHPACEH024144,GWHPACEJ024892))),GWHPACEO024198,GWHPACDZ023663);
((GLYMA_ZH13_06G246700_1_P,(GWHPACES024985,(GWHPACEH024144,GWHPACEJ024892))),GWHPACEO024198,GWHPACDZ023663);
((GLYMA_ZH13_06G246700_1_P,(GWHPACES024985,(GWHPACEH024144,GWHPACEJ024892))),GWHPACEO024198,GWHPACDZ023663);
(GWHPACEO024198,(GWHPACES024985,(GWHPACEJ024892,(GLYMA_ZH13_06G246700_1_P,GWHPACEH024144))),GWHPACDZ023663);
(GWHPACEO024198,(GWHPACES024985,(GWHPACEJ024892,(GLYMA_ZH13_06G246700_1_P,GWHPACEH024144))),GWHPACDZ023663);
(GWHPACEO024198,(GWHPACES024985,(GWHPACEJ024892,(GLYMA_ZH13_06G246700_1_P,GWHPACEH024144))),GWHPACDZ023663);
(GWHPACEO024198,(GWHPACES024985,(GWHPACEJ024892,(GLYMA_ZH13_06G246700_1_P,GWHPACEH024144))),GWHPACDZ023663);
(GWHPACEO024198,(GWHPACES024985,(GWHPACEJ024892,(GLYMA_ZH13_06G246700_1_P,GWHPACEH024144))),GWHPACDZ023663);
(GWHPACEO024198,(GWHPACES024985,(GWHPACEJ024892,(GLYMA_ZH13_06G246700_1_P,GWHPACEH024144))),GWHPACDZ023663);
(GWHPACEO024198,(GWHPACES024985,(GWHPACEJ024892,(GLYMA_ZH13_06G246700_1_P,GWHPACEH024144))),GWHPACDZ023663);
(GWHPACEO024198,(GWHPACES024985,(GWHPACEJ024892,(GLYMA_ZH13_06G246700_1_P,GWHPACEH024144))),GWHPACDZ023663);
(GWHPACEO024198,(GWHPACES024985,(GWHPACEJ024892,(GLYMA_ZH13_06G246700_1_P,GWHPACEH024144))),GWHPACDZ023663);
(GWHPACEO024198,(GWHPACES024985,(GWHPACEJ024892,(GLYMA_ZH13_06G246700_1_P,GWHPACEH024144))),GWHPACDZ023663);
(GWHPACEO024198,(GWHPACEJ024892,(GWHPACEH024144,(GLYMA_ZH13_06G246700_1_P,GWHPACES024985))),GWHPACDZ023663);
(GWHPACEO024198,(GWHPACEJ024892,(GWHPACEH024144,(GLYMA_ZH13_06G246700_1_P,GWHPACES024985))),GWHPACDZ023663);
(GWHPACEO024198,(GWHPACEJ024892,(GWHPACEH024144,(GLYMA_ZH13_06G246700_1_P,GWHPACES024985))),GWHPACDZ023663);
(GWHPACEO024198,(GWHPACEJ024892,(GWHPACEH024144,(GLYMA_ZH13_06G246700_1_P,GWHPACES024985))),GWHPACDZ023663);
(GWHPACEO024198,(GWHPACEJ024892,(GWHPACEH024144,(GLYMA_ZH13_06G246700_1_P,GWHPACES024985))),GWHPACDZ023663);
(GWHPACEO024198,(GWHPACEJ024892,(GWHPACEH024144,(GLYMA_ZH13_06G246700_1_P,GWHPACES024985))),GWHPACDZ023663);
(GWHPACEO024198,(GWHPACEJ024892,(GWHPACEH024144,(GLYMA_ZH13_06G246700_1_P,GWHPACES024985))),GWHPACDZ023663);
(GWHPACEO024198,(GWHPACEJ024892,(GWHPACEH024144,(GLYMA_ZH13_06G246700_1_P,GWHPACES024985))),GWHPACDZ023663);
(GWHPACEO024198,(GWHPACEJ024892,(GWHPACEH024144,(GLYMA_ZH13_06G246700_1_P,GWHPACES024985))),GWHPACDZ023663);
(GWHPACEO024198,(GWHPACEJ024892,(GWHPACEH024144,(GLYMA_ZH13_06G246700_1_P,GWHPACES024985))),GWHPACDZ023663);
