(((GLYMA_19G055000_1,(GWHPACEF072978,GWHPACEA077088)),(GWHPACEO077706,(GWHPACEM076717,(W05_GLYSO_19G050600_1_P,((GWHPACER070884,GWHPACEI079569),(GWHPACDY078987,GWHPACEW076823)))))),(GLYMA_ZH13_19G049700_1_P,GWHPACEP072447),GWHPACEE076630);
(((GLYMA_19G055000_1,(GWHPACEF072978,GWHPACEA077088)),(GWHPACEO077706,(GWHPACEM076717,(W05_GLYSO_19G050600_1_P,((GWHPACER070884,GWHPACEI079569),(GWHPACDY078987,GWHPACEW076823)))))),(GLYMA_ZH13_19G049700_1_P,GWHPACEP072447),GWHPACEE076630);
(((GLYMA_19G055000_1,(GWHPACEF072978,GWHPACEA077088)),(GWHPACEO077706,(GWHPACEM076717,(W05_GLYSO_19G050600_1_P,((GWHPACER070884,GWHPACEI079569),(GWHPACDY078987,GWHPACEW076823)))))),(GLYMA_ZH13_19G049700_1_P,GWHPACEP072447),GWHPACEE076630);
(((GLYMA_19G055000_1,(GWHPACEF072978,GWHPACEA077088)),(GWHPACEO077706,(GWHPACEM076717,(W05_GLYSO_19G050600_1_P,((GWHPACER070884,GWHPACEI079569),(GWHPACDY078987,GWHPACEW076823)))))),(GLYMA_ZH13_19G049700_1_P,GWHPACEP072447),GWHPACEE076630);
(((GLYMA_19G055000_1,(GWHPACEF072978,GWHPACEA077088)),(GWHPACEO077706,(GWHPACEM076717,(W05_GLYSO_19G050600_1_P,((GWHPACER070884,GWHPACEI079569),(GWHPACDY078987,GWHPACEW076823)))))),(GLYMA_ZH13_19G049700_1_P,GWHPACEP072447),GWHPACEE076630);
(((GLYMA_19G055000_1,(GWHPACEF072978,GWHPACEA077088)),(GWHPACEO077706,(GWHPACEM076717,(W05_GLYSO_19G050600_1_P,((GWHPACER070884,GWHPACEI079569),(GWHPACDY078987,GWHPACEW076823)))))),(GLYMA_ZH13_19G049700_1_P,GWHPACEP072447),GWHPACEE076630);
(((GLYMA_19G055000_1,(GWHPACEF072978,GWHPACEA077088)),(GWHPACEO077706,(GWHPACEM076717,(W05_GLYSO_19G050600_1_P,((GWHPACER070884,GWHPACEI079569),(GWHPACDY078987,GWHPACEW076823)))))),(GLYMA_ZH13_19G049700_1_P,GWHPACEP072447),GWHPACEE076630);
(((GLYMA_19G055000_1,(GWHPACEF072978,GWHPACEA077088)),(GWHPACEO077706,(GWHPACEM076717,(W05_GLYSO_19G050600_1_P,((GWHPACER070884,GWHPACEI079569),(GWHPACDY078987,GWHPACEW076823)))))),(GLYMA_ZH13_19G049700_1_P,GWHPACEP072447),GWHPACEE076630);
(((GLYMA_19G055000_1,(GWHPACEF072978,GWHPACEA077088)),(GWHPACEO077706,(GWHPACEM076717,(W05_GLYSO_19G050600_1_P,((GWHPACER070884,GWHPACEI079569),(GWHPACDY078987,GWHPACEW076823)))))),(GLYMA_ZH13_19G049700_1_P,GWHPACEP072447),GWHPACEE076630);
(((GLYMA_19G055000_1,(GWHPACEF072978,GWHPACEA077088)),(GWHPACEO077706,(GWHPACEM076717,(W05_GLYSO_19G050600_1_P,((GWHPACER070884,GWHPACEI079569),(GWHPACDY078987,GWHPACEW076823)))))),(GLYMA_ZH13_19G049700_1_P,GWHPACEP072447),GWHPACEE076630);
(GWHPACEP072447,(((GWHPACEA077088,(GLYMA_19G055000_1,GWHPACEF072978)),GLYMA_ZH13_19G049700_1_P),((W05_GLYSO_19G050600_1_P,((GWHPACEM076717,GWHPACEW076823),((GWHPACER070884,GWHPACEI079569),GWHPACDY078987))),GWHPACEO077706)),GWHPACEE076630);
(GWHPACEP072447,(((GWHPACEA077088,(GLYMA_19G055000_1,GWHPACEF072978)),GLYMA_ZH13_19G049700_1_P),((W05_GLYSO_19G050600_1_P,((GWHPACEM076717,GWHPACEW076823),((GWHPACER070884,GWHPACEI079569),GWHPACDY078987))),GWHPACEO077706)),GWHPACEE076630);
(GWHPACEP072447,(((GWHPACEA077088,(GLYMA_19G055000_1,GWHPACEF072978)),GLYMA_ZH13_19G049700_1_P),((W05_GLYSO_19G050600_1_P,((GWHPACEM076717,GWHPACEW076823),((GWHPACER070884,GWHPACEI079569),GWHPACDY078987))),GWHPACEO077706)),GWHPACEE076630);
(GWHPACEP072447,(((GWHPACEA077088,(GLYMA_19G055000_1,GWHPACEF072978)),GLYMA_ZH13_19G049700_1_P),((W05_GLYSO_19G050600_1_P,((GWHPACEM076717,GWHPACEW076823),((GWHPACER070884,GWHPACEI079569),GWHPACDY078987))),GWHPACEO077706)),GWHPACEE076630);
(GWHPACEP072447,(((GWHPACEA077088,(GLYMA_19G055000_1,GWHPACEF072978)),GLYMA_ZH13_19G049700_1_P),((W05_GLYSO_19G050600_1_P,((GWHPACEM076717,GWHPACEW076823),((GWHPACER070884,GWHPACEI079569),GWHPACDY078987))),GWHPACEO077706)),GWHPACEE076630);
(GWHPACEP072447,(((GWHPACEA077088,(GLYMA_19G055000_1,GWHPACEF072978)),GLYMA_ZH13_19G049700_1_P),((W05_GLYSO_19G050600_1_P,((GWHPACEM076717,GWHPACEW076823),((GWHPACER070884,GWHPACEI079569),GWHPACDY078987))),GWHPACEO077706)),GWHPACEE076630);
(GWHPACEP072447,(((GWHPACEA077088,(GLYMA_19G055000_1,GWHPACEF072978)),GLYMA_ZH13_19G049700_1_P),((W05_GLYSO_19G050600_1_P,((GWHPACEM076717,GWHPACEW076823),((GWHPACER070884,GWHPACEI079569),GWHPACDY078987))),GWHPACEO077706)),GWHPACEE076630);
(GWHPACEP072447,(((GWHPACEA077088,(GLYMA_19G055000_1,GWHPACEF072978)),GLYMA_ZH13_19G049700_1_P),((W05_GLYSO_19G050600_1_P,((GWHPACEM076717,GWHPACEW076823),((GWHPACER070884,GWHPACEI079569),GWHPACDY078987))),GWHPACEO077706)),GWHPACEE076630);
(GWHPACEP072447,(((GWHPACEA077088,(GLYMA_19G055000_1,GWHPACEF072978)),GLYMA_ZH13_19G049700_1_P),((W05_GLYSO_19G050600_1_P,((GWHPACEM076717,GWHPACEW076823),((GWHPACER070884,GWHPACEI079569),GWHPACDY078987))),GWHPACEO077706)),GWHPACEE076630);
(GWHPACEP072447,(((GWHPACEA077088,(GLYMA_19G055000_1,GWHPACEF072978)),GLYMA_ZH13_19G049700_1_P),((W05_GLYSO_19G050600_1_P,((GWHPACEM076717,GWHPACEW076823),((GWHPACER070884,GWHPACEI079569),GWHPACDY078987))),GWHPACEO077706)),GWHPACEE076630);
(GLYMA_ZH13_19G049700_1_P,(GWHPACEP072447,((GLYMA_19G055000_1,(GWHPACEF072978,GWHPACEA077088)),(GWHPACEO077706,(GWHPACEW076823,(GWHPACEM076717,(W05_GLYSO_19G050600_1_P,(GWHPACDY078987,(GWHPACEI079569,GWHPACER070884)))))))),GWHPACEE076630);
(GLYMA_ZH13_19G049700_1_P,(GWHPACEP072447,((GLYMA_19G055000_1,(GWHPACEF072978,GWHPACEA077088)),(GWHPACEO077706,(GWHPACEW076823,(GWHPACEM076717,(W05_GLYSO_19G050600_1_P,(GWHPACDY078987,(GWHPACEI079569,GWHPACER070884)))))))),GWHPACEE076630);
(GLYMA_ZH13_19G049700_1_P,(GWHPACEP072447,((GLYMA_19G055000_1,(GWHPACEF072978,GWHPACEA077088)),(GWHPACEO077706,(GWHPACEW076823,(GWHPACEM076717,(W05_GLYSO_19G050600_1_P,(GWHPACDY078987,(GWHPACEI079569,GWHPACER070884)))))))),GWHPACEE076630);
(GLYMA_ZH13_19G049700_1_P,(GWHPACEP072447,((GLYMA_19G055000_1,(GWHPACEF072978,GWHPACEA077088)),(GWHPACEO077706,(GWHPACEW076823,(GWHPACEM076717,(W05_GLYSO_19G050600_1_P,(GWHPACDY078987,(GWHPACEI079569,GWHPACER070884)))))))),GWHPACEE076630);
(GLYMA_ZH13_19G049700_1_P,(GWHPACEP072447,((GLYMA_19G055000_1,(GWHPACEF072978,GWHPACEA077088)),(GWHPACEO077706,(GWHPACEW076823,(GWHPACEM076717,(W05_GLYSO_19G050600_1_P,(GWHPACDY078987,(GWHPACEI079569,GWHPACER070884)))))))),GWHPACEE076630);
(GLYMA_ZH13_19G049700_1_P,(GWHPACEP072447,((GLYMA_19G055000_1,(GWHPACEF072978,GWHPACEA077088)),(GWHPACEO077706,(GWHPACEW076823,(GWHPACEM076717,(W05_GLYSO_19G050600_1_P,(GWHPACDY078987,(GWHPACEI079569,GWHPACER070884)))))))),GWHPACEE076630);
(GLYMA_ZH13_19G049700_1_P,(GWHPACEP072447,((GLYMA_19G055000_1,(GWHPACEF072978,GWHPACEA077088)),(GWHPACEO077706,(GWHPACEW076823,(GWHPACEM076717,(W05_GLYSO_19G050600_1_P,(GWHPACDY078987,(GWHPACEI079569,GWHPACER070884)))))))),GWHPACEE076630);
(GLYMA_ZH13_19G049700_1_P,(GWHPACEP072447,((GLYMA_19G055000_1,(GWHPACEF072978,GWHPACEA077088)),(GWHPACEO077706,(GWHPACEW076823,(GWHPACEM076717,(W05_GLYSO_19G050600_1_P,(GWHPACDY078987,(GWHPACEI079569,GWHPACER070884)))))))),GWHPACEE076630);
(GLYMA_ZH13_19G049700_1_P,(GWHPACEP072447,((GLYMA_19G055000_1,(GWHPACEF072978,GWHPACEA077088)),(GWHPACEO077706,(GWHPACEW076823,(GWHPACEM076717,(W05_GLYSO_19G050600_1_P,(GWHPACDY078987,(GWHPACEI079569,GWHPACER070884)))))))),GWHPACEE076630);
(GLYMA_ZH13_19G049700_1_P,(GWHPACEP072447,((GLYMA_19G055000_1,(GWHPACEF072978,GWHPACEA077088)),(GWHPACEO077706,(GWHPACEW076823,(GWHPACEM076717,(W05_GLYSO_19G050600_1_P,(GWHPACDY078987,(GWHPACEI079569,GWHPACER070884)))))))),GWHPACEE076630);
(GWHPACEP072447,(((W05_GLYSO_19G050600_1_P,((GWHPACEI079569,GWHPACER070884),(GWHPACDY078987,(GWHPACEM076717,GWHPACEW076823)))),GWHPACEO077706),(GLYMA_ZH13_19G049700_1_P,((GWHPACEF072978,GWHPACEA077088),GLYMA_19G055000_1))),GWHPACEE076630);
(GWHPACEP072447,(((W05_GLYSO_19G050600_1_P,((GWHPACEI079569,GWHPACER070884),(GWHPACDY078987,(GWHPACEM076717,GWHPACEW076823)))),GWHPACEO077706),(GLYMA_ZH13_19G049700_1_P,((GWHPACEF072978,GWHPACEA077088),GLYMA_19G055000_1))),GWHPACEE076630);
(GWHPACEP072447,(((W05_GLYSO_19G050600_1_P,((GWHPACEI079569,GWHPACER070884),(GWHPACDY078987,(GWHPACEM076717,GWHPACEW076823)))),GWHPACEO077706),(GLYMA_ZH13_19G049700_1_P,((GWHPACEF072978,GWHPACEA077088),GLYMA_19G055000_1))),GWHPACEE076630);
(GWHPACEP072447,(((W05_GLYSO_19G050600_1_P,((GWHPACEI079569,GWHPACER070884),(GWHPACDY078987,(GWHPACEM076717,GWHPACEW076823)))),GWHPACEO077706),(GLYMA_ZH13_19G049700_1_P,((GWHPACEF072978,GWHPACEA077088),GLYMA_19G055000_1))),GWHPACEE076630);
(GWHPACEP072447,(((W05_GLYSO_19G050600_1_P,((GWHPACEI079569,GWHPACER070884),(GWHPACDY078987,(GWHPACEM076717,GWHPACEW076823)))),GWHPACEO077706),(GLYMA_ZH13_19G049700_1_P,((GWHPACEF072978,GWHPACEA077088),GLYMA_19G055000_1))),GWHPACEE076630);
(GWHPACEP072447,(((W05_GLYSO_19G050600_1_P,((GWHPACEI079569,GWHPACER070884),(GWHPACDY078987,(GWHPACEM076717,GWHPACEW076823)))),GWHPACEO077706),(GLYMA_ZH13_19G049700_1_P,((GWHPACEF072978,GWHPACEA077088),GLYMA_19G055000_1))),GWHPACEE076630);
(GWHPACEP072447,(((W05_GLYSO_19G050600_1_P,((GWHPACEI079569,GWHPACER070884),(GWHPACDY078987,(GWHPACEM076717,GWHPACEW076823)))),GWHPACEO077706),(GLYMA_ZH13_19G049700_1_P,((GWHPACEF072978,GWHPACEA077088),GLYMA_19G055000_1))),GWHPACEE076630);
(GWHPACEP072447,(((W05_GLYSO_19G050600_1_P,((GWHPACEI079569,GWHPACER070884),(GWHPACDY078987,(GWHPACEM076717,GWHPACEW076823)))),GWHPACEO077706),(GLYMA_ZH13_19G049700_1_P,((GWHPACEF072978,GWHPACEA077088),GLYMA_19G055000_1))),GWHPACEE076630);
(GWHPACEP072447,(((W05_GLYSO_19G050600_1_P,((GWHPACEI079569,GWHPACER070884),(GWHPACDY078987,(GWHPACEM076717,GWHPACEW076823)))),GWHPACEO077706),(GLYMA_ZH13_19G049700_1_P,((GWHPACEF072978,GWHPACEA077088),GLYMA_19G055000_1))),GWHPACEE076630);
(GWHPACEP072447,(((W05_GLYSO_19G050600_1_P,((GWHPACEI079569,GWHPACER070884),(GWHPACDY078987,(GWHPACEM076717,GWHPACEW076823)))),GWHPACEO077706),(GLYMA_ZH13_19G049700_1_P,((GWHPACEF072978,GWHPACEA077088),GLYMA_19G055000_1))),GWHPACEE076630);
((GWHPACEP072447,GLYMA_ZH13_19G049700_1_P),((GWHPACEO077706,((GWHPACER070884,GWHPACEI079569),(((GWHPACEW076823,GWHPACEM076717),GWHPACDY078987),W05_GLYSO_19G050600_1_P))),(GWHPACEA077088,(GLYMA_19G055000_1,GWHPACEF072978))),GWHPACEE076630);
((GWHPACEP072447,GLYMA_ZH13_19G049700_1_P),((GWHPACEO077706,((GWHPACER070884,GWHPACEI079569),(((GWHPACEW076823,GWHPACEM076717),GWHPACDY078987),W05_GLYSO_19G050600_1_P))),(GWHPACEA077088,(GLYMA_19G055000_1,GWHPACEF072978))),GWHPACEE076630);
((GWHPACEP072447,GLYMA_ZH13_19G049700_1_P),((GWHPACEO077706,((GWHPACER070884,GWHPACEI079569),(((GWHPACEW076823,GWHPACEM076717),GWHPACDY078987),W05_GLYSO_19G050600_1_P))),(GWHPACEA077088,(GLYMA_19G055000_1,GWHPACEF072978))),GWHPACEE076630);
((GWHPACEP072447,GLYMA_ZH13_19G049700_1_P),((GWHPACEO077706,((GWHPACER070884,GWHPACEI079569),(((GWHPACEW076823,GWHPACEM076717),GWHPACDY078987),W05_GLYSO_19G050600_1_P))),(GWHPACEA077088,(GLYMA_19G055000_1,GWHPACEF072978))),GWHPACEE076630);
((GWHPACEP072447,GLYMA_ZH13_19G049700_1_P),((GWHPACEO077706,((GWHPACER070884,GWHPACEI079569),(((GWHPACEW076823,GWHPACEM076717),GWHPACDY078987),W05_GLYSO_19G050600_1_P))),(GWHPACEA077088,(GLYMA_19G055000_1,GWHPACEF072978))),GWHPACEE076630);
((GWHPACEP072447,GLYMA_ZH13_19G049700_1_P),((GWHPACEO077706,((GWHPACER070884,GWHPACEI079569),(((GWHPACEW076823,GWHPACEM076717),GWHPACDY078987),W05_GLYSO_19G050600_1_P))),(GWHPACEA077088,(GLYMA_19G055000_1,GWHPACEF072978))),GWHPACEE076630);
((GWHPACEP072447,GLYMA_ZH13_19G049700_1_P),((GWHPACEO077706,((GWHPACER070884,GWHPACEI079569),(((GWHPACEW076823,GWHPACEM076717),GWHPACDY078987),W05_GLYSO_19G050600_1_P))),(GWHPACEA077088,(GLYMA_19G055000_1,GWHPACEF072978))),GWHPACEE076630);
((GWHPACEP072447,GLYMA_ZH13_19G049700_1_P),((GWHPACEO077706,((GWHPACER070884,GWHPACEI079569),(((GWHPACEW076823,GWHPACEM076717),GWHPACDY078987),W05_GLYSO_19G050600_1_P))),(GWHPACEA077088,(GLYMA_19G055000_1,GWHPACEF072978))),GWHPACEE076630);
((GWHPACEP072447,GLYMA_ZH13_19G049700_1_P),((GWHPACEO077706,((GWHPACER070884,GWHPACEI079569),(((GWHPACEW076823,GWHPACEM076717),GWHPACDY078987),W05_GLYSO_19G050600_1_P))),(GWHPACEA077088,(GLYMA_19G055000_1,GWHPACEF072978))),GWHPACEE076630);
((GWHPACEP072447,GLYMA_ZH13_19G049700_1_P),((GWHPACEO077706,((GWHPACER070884,GWHPACEI079569),(((GWHPACEW076823,GWHPACEM076717),GWHPACDY078987),W05_GLYSO_19G050600_1_P))),(GWHPACEA077088,(GLYMA_19G055000_1,GWHPACEF072978))),GWHPACEE076630);
(GWHPACEP072447,((GLYMA_19G055000_1,(GWHPACEF072978,GWHPACEA077088)),((GWHPACEM076717,(W05_GLYSO_19G050600_1_P,(GWHPACDY078987,(GWHPACEW076823,(GWHPACER070884,GWHPACEI079569))))),(GLYMA_ZH13_19G049700_1_P,GWHPACEO077706))),GWHPACEE076630);
(GWHPACEP072447,((GLYMA_19G055000_1,(GWHPACEF072978,GWHPACEA077088)),((GWHPACEM076717,(W05_GLYSO_19G050600_1_P,(GWHPACDY078987,(GWHPACEW076823,(GWHPACER070884,GWHPACEI079569))))),(GLYMA_ZH13_19G049700_1_P,GWHPACEO077706))),GWHPACEE076630);
(GWHPACEP072447,((GLYMA_19G055000_1,(GWHPACEF072978,GWHPACEA077088)),((GWHPACEM076717,(W05_GLYSO_19G050600_1_P,(GWHPACDY078987,(GWHPACEW076823,(GWHPACER070884,GWHPACEI079569))))),(GLYMA_ZH13_19G049700_1_P,GWHPACEO077706))),GWHPACEE076630);
(GWHPACEP072447,((GLYMA_19G055000_1,(GWHPACEF072978,GWHPACEA077088)),((GWHPACEM076717,(W05_GLYSO_19G050600_1_P,(GWHPACDY078987,(GWHPACEW076823,(GWHPACER070884,GWHPACEI079569))))),(GLYMA_ZH13_19G049700_1_P,GWHPACEO077706))),GWHPACEE076630);
(GWHPACEP072447,((GLYMA_19G055000_1,(GWHPACEF072978,GWHPACEA077088)),((GWHPACEM076717,(W05_GLYSO_19G050600_1_P,(GWHPACDY078987,(GWHPACEW076823,(GWHPACER070884,GWHPACEI079569))))),(GLYMA_ZH13_19G049700_1_P,GWHPACEO077706))),GWHPACEE076630);
(GWHPACEP072447,((GLYMA_19G055000_1,(GWHPACEF072978,GWHPACEA077088)),((GWHPACEM076717,(W05_GLYSO_19G050600_1_P,(GWHPACDY078987,(GWHPACEW076823,(GWHPACER070884,GWHPACEI079569))))),(GLYMA_ZH13_19G049700_1_P,GWHPACEO077706))),GWHPACEE076630);
(GWHPACEP072447,((GLYMA_19G055000_1,(GWHPACEF072978,GWHPACEA077088)),((GWHPACEM076717,(W05_GLYSO_19G050600_1_P,(GWHPACDY078987,(GWHPACEW076823,(GWHPACER070884,GWHPACEI079569))))),(GLYMA_ZH13_19G049700_1_P,GWHPACEO077706))),GWHPACEE076630);
(GWHPACEP072447,((GLYMA_19G055000_1,(GWHPACEF072978,GWHPACEA077088)),((GWHPACEM076717,(W05_GLYSO_19G050600_1_P,(GWHPACDY078987,(GWHPACEW076823,(GWHPACER070884,GWHPACEI079569))))),(GLYMA_ZH13_19G049700_1_P,GWHPACEO077706))),GWHPACEE076630);
(GWHPACEP072447,((GLYMA_19G055000_1,(GWHPACEF072978,GWHPACEA077088)),((GWHPACEM076717,(W05_GLYSO_19G050600_1_P,(GWHPACDY078987,(GWHPACEW076823,(GWHPACER070884,GWHPACEI079569))))),(GLYMA_ZH13_19G049700_1_P,GWHPACEO077706))),GWHPACEE076630);
(GWHPACEP072447,((GLYMA_19G055000_1,(GWHPACEF072978,GWHPACEA077088)),((GWHPACEM076717,(W05_GLYSO_19G050600_1_P,(GWHPACDY078987,(GWHPACEW076823,(GWHPACER070884,GWHPACEI079569))))),(GLYMA_ZH13_19G049700_1_P,GWHPACEO077706))),GWHPACEE076630);
(((GWHPACEM076717,(GWHPACEW076823,(GWHPACDY078987,((GWHPACER070884,GWHPACEI079569),W05_GLYSO_19G050600_1_P)))),(GWHPACEO077706,(GWHPACEF072978,(GWHPACEA077088,GLYMA_19G055000_1)))),(GWHPACEP072447,GLYMA_ZH13_19G049700_1_P),GWHPACEE076630);
(((GWHPACEM076717,(GWHPACEW076823,(GWHPACDY078987,((GWHPACER070884,GWHPACEI079569),W05_GLYSO_19G050600_1_P)))),(GWHPACEO077706,(GWHPACEF072978,(GWHPACEA077088,GLYMA_19G055000_1)))),(GWHPACEP072447,GLYMA_ZH13_19G049700_1_P),GWHPACEE076630);
(((GWHPACEM076717,(GWHPACEW076823,(GWHPACDY078987,((GWHPACER070884,GWHPACEI079569),W05_GLYSO_19G050600_1_P)))),(GWHPACEO077706,(GWHPACEF072978,(GWHPACEA077088,GLYMA_19G055000_1)))),(GWHPACEP072447,GLYMA_ZH13_19G049700_1_P),GWHPACEE076630);
(((GWHPACEM076717,(GWHPACEW076823,(GWHPACDY078987,((GWHPACER070884,GWHPACEI079569),W05_GLYSO_19G050600_1_P)))),(GWHPACEO077706,(GWHPACEF072978,(GWHPACEA077088,GLYMA_19G055000_1)))),(GWHPACEP072447,GLYMA_ZH13_19G049700_1_P),GWHPACEE076630);
(((GWHPACEM076717,(GWHPACEW076823,(GWHPACDY078987,((GWHPACER070884,GWHPACEI079569),W05_GLYSO_19G050600_1_P)))),(GWHPACEO077706,(GWHPACEF072978,(GWHPACEA077088,GLYMA_19G055000_1)))),(GWHPACEP072447,GLYMA_ZH13_19G049700_1_P),GWHPACEE076630);
(((GWHPACEM076717,(GWHPACEW076823,(GWHPACDY078987,((GWHPACER070884,GWHPACEI079569),W05_GLYSO_19G050600_1_P)))),(GWHPACEO077706,(GWHPACEF072978,(GWHPACEA077088,GLYMA_19G055000_1)))),(GWHPACEP072447,GLYMA_ZH13_19G049700_1_P),GWHPACEE076630);
(((GWHPACEO077706,((GWHPACER070884,GWHPACEI079569),(GWHPACDY078987,(GWHPACEM076717,(GWHPACEW076823,W05_GLYSO_19G050600_1_P))))),(GLYMA_ZH13_19G049700_1_P,(GWHPACEA077088,(GLYMA_19G055000_1,GWHPACEF072978)))),GWHPACEP072447,GWHPACEE076630);
(((GWHPACEO077706,((GWHPACER070884,GWHPACEI079569),(GWHPACDY078987,(GWHPACEM076717,(GWHPACEW076823,W05_GLYSO_19G050600_1_P))))),(GLYMA_ZH13_19G049700_1_P,(GWHPACEA077088,(GLYMA_19G055000_1,GWHPACEF072978)))),GWHPACEP072447,GWHPACEE076630);
(((GWHPACEO077706,((GWHPACER070884,GWHPACEI079569),(GWHPACDY078987,(GWHPACEM076717,(GWHPACEW076823,W05_GLYSO_19G050600_1_P))))),(GLYMA_ZH13_19G049700_1_P,(GWHPACEA077088,(GLYMA_19G055000_1,GWHPACEF072978)))),GWHPACEP072447,GWHPACEE076630);
(((GWHPACEO077706,((GWHPACER070884,GWHPACEI079569),(GWHPACDY078987,(GWHPACEM076717,(GWHPACEW076823,W05_GLYSO_19G050600_1_P))))),(GLYMA_ZH13_19G049700_1_P,(GWHPACEA077088,(GLYMA_19G055000_1,GWHPACEF072978)))),GWHPACEP072447,GWHPACEE076630);
(((((GWHPACDY078987,(GWHPACEW076823,GWHPACEM076717)),(GWHPACEI079569,GWHPACER070884)),W05_GLYSO_19G050600_1_P),GLYMA_ZH13_19G049700_1_P),((GWHPACEO077706,(GWHPACEA077088,(GLYMA_19G055000_1,GWHPACEF072978))),GWHPACEP072447),GWHPACEE076630);
(((((GWHPACDY078987,(GWHPACEW076823,GWHPACEM076717)),(GWHPACEI079569,GWHPACER070884)),W05_GLYSO_19G050600_1_P),GLYMA_ZH13_19G049700_1_P),((GWHPACEO077706,(GWHPACEA077088,(GLYMA_19G055000_1,GWHPACEF072978))),GWHPACEP072447),GWHPACEE076630);
(((((GWHPACDY078987,(GWHPACEW076823,GWHPACEM076717)),(GWHPACEI079569,GWHPACER070884)),W05_GLYSO_19G050600_1_P),GLYMA_ZH13_19G049700_1_P),((GWHPACEO077706,(GWHPACEA077088,(GLYMA_19G055000_1,GWHPACEF072978))),GWHPACEP072447),GWHPACEE076630);
(((((GWHPACDY078987,(GWHPACEW076823,GWHPACEM076717)),(GWHPACEI079569,GWHPACER070884)),W05_GLYSO_19G050600_1_P),GLYMA_ZH13_19G049700_1_P),((GWHPACEO077706,(GWHPACEA077088,(GLYMA_19G055000_1,GWHPACEF072978))),GWHPACEP072447),GWHPACEE076630);
(((((GWHPACDY078987,(GWHPACEW076823,GWHPACEM076717)),(GWHPACEI079569,GWHPACER070884)),W05_GLYSO_19G050600_1_P),GLYMA_ZH13_19G049700_1_P),((GWHPACEO077706,(GWHPACEA077088,(GLYMA_19G055000_1,GWHPACEF072978))),GWHPACEP072447),GWHPACEE076630);
(((((GWHPACDY078987,(GWHPACEW076823,GWHPACEM076717)),(GWHPACEI079569,GWHPACER070884)),W05_GLYSO_19G050600_1_P),GLYMA_ZH13_19G049700_1_P),((GWHPACEO077706,(GWHPACEA077088,(GLYMA_19G055000_1,GWHPACEF072978))),GWHPACEP072447),GWHPACEE076630);
(((((GWHPACDY078987,(GWHPACEW076823,GWHPACEM076717)),(GWHPACEI079569,GWHPACER070884)),W05_GLYSO_19G050600_1_P),GLYMA_ZH13_19G049700_1_P),((GWHPACEO077706,(GWHPACEA077088,(GLYMA_19G055000_1,GWHPACEF072978))),GWHPACEP072447),GWHPACEE076630);
(((((GWHPACDY078987,(GWHPACEW076823,GWHPACEM076717)),(GWHPACEI079569,GWHPACER070884)),W05_GLYSO_19G050600_1_P),GLYMA_ZH13_19G049700_1_P),((GWHPACEO077706,(GWHPACEA077088,(GLYMA_19G055000_1,GWHPACEF072978))),GWHPACEP072447),GWHPACEE076630);
(((GWHPACEO077706,((((GWHPACEW076823,GWHPACEM076717),GWHPACDY078987),W05_GLYSO_19G050600_1_P),(GWHPACEI079569,GWHPACER070884))),(GWHPACEA077088,(GLYMA_19G055000_1,GWHPACEF072978))),(GWHPACEP072447,GLYMA_ZH13_19G049700_1_P),GWHPACEE076630);
(((GWHPACEO077706,((((GWHPACEW076823,GWHPACEM076717),GWHPACDY078987),W05_GLYSO_19G050600_1_P),(GWHPACEI079569,GWHPACER070884))),(GWHPACEA077088,(GLYMA_19G055000_1,GWHPACEF072978))),(GWHPACEP072447,GLYMA_ZH13_19G049700_1_P),GWHPACEE076630);
(GWHPACEP072447,(((((GWHPACEI079569,GWHPACER070884),(W05_GLYSO_19G050600_1_P,(GWHPACEM076717,GWHPACEW076823))),GWHPACDY078987),GWHPACEO077706),((GWHPACEA077088,(GWHPACEF072978,GLYMA_19G055000_1)),GLYMA_ZH13_19G049700_1_P)),GWHPACEE076630);
(GWHPACEP072447,(((((GWHPACEI079569,GWHPACER070884),(W05_GLYSO_19G050600_1_P,(GWHPACEM076717,GWHPACEW076823))),GWHPACDY078987),GWHPACEO077706),((GWHPACEA077088,(GWHPACEF072978,GLYMA_19G055000_1)),GLYMA_ZH13_19G049700_1_P)),GWHPACEE076630);
(GWHPACEP072447,(((((GWHPACEI079569,GWHPACER070884),(W05_GLYSO_19G050600_1_P,(GWHPACEM076717,GWHPACEW076823))),GWHPACDY078987),GWHPACEO077706),((GWHPACEA077088,(GWHPACEF072978,GLYMA_19G055000_1)),GLYMA_ZH13_19G049700_1_P)),GWHPACEE076630);
(GWHPACEP072447,(((((GWHPACEI079569,GWHPACER070884),(W05_GLYSO_19G050600_1_P,(GWHPACEM076717,GWHPACEW076823))),GWHPACDY078987),GWHPACEO077706),((GWHPACEA077088,(GWHPACEF072978,GLYMA_19G055000_1)),GLYMA_ZH13_19G049700_1_P)),GWHPACEE076630);
(GWHPACEP072447,(((((GWHPACEI079569,GWHPACER070884),(W05_GLYSO_19G050600_1_P,(GWHPACEM076717,GWHPACEW076823))),GWHPACDY078987),GWHPACEO077706),((GWHPACEA077088,(GWHPACEF072978,GLYMA_19G055000_1)),GLYMA_ZH13_19G049700_1_P)),GWHPACEE076630);
(GWHPACEP072447,(((((GWHPACEI079569,GWHPACER070884),(W05_GLYSO_19G050600_1_P,(GWHPACEM076717,GWHPACEW076823))),GWHPACDY078987),GWHPACEO077706),((GWHPACEA077088,(GWHPACEF072978,GLYMA_19G055000_1)),GLYMA_ZH13_19G049700_1_P)),GWHPACEE076630);
(GWHPACEP072447,(((((GWHPACEI079569,GWHPACER070884),(W05_GLYSO_19G050600_1_P,(GWHPACEM076717,GWHPACEW076823))),GWHPACDY078987),GWHPACEO077706),((GWHPACEA077088,(GWHPACEF072978,GLYMA_19G055000_1)),GLYMA_ZH13_19G049700_1_P)),GWHPACEE076630);
(GWHPACEP072447,(((((GWHPACEI079569,GWHPACER070884),(W05_GLYSO_19G050600_1_P,(GWHPACEM076717,GWHPACEW076823))),GWHPACDY078987),GWHPACEO077706),((GWHPACEA077088,(GWHPACEF072978,GLYMA_19G055000_1)),GLYMA_ZH13_19G049700_1_P)),GWHPACEE076630);
(GWHPACEP072447,(((((GWHPACEI079569,GWHPACER070884),(W05_GLYSO_19G050600_1_P,(GWHPACEM076717,GWHPACEW076823))),GWHPACDY078987),GWHPACEO077706),((GWHPACEA077088,(GWHPACEF072978,GLYMA_19G055000_1)),GLYMA_ZH13_19G049700_1_P)),GWHPACEE076630);
(GWHPACEP072447,(((((GWHPACEI079569,GWHPACER070884),(W05_GLYSO_19G050600_1_P,(GWHPACEM076717,GWHPACEW076823))),GWHPACDY078987),GWHPACEO077706),((GWHPACEA077088,(GWHPACEF072978,GLYMA_19G055000_1)),GLYMA_ZH13_19G049700_1_P)),GWHPACEE076630);
(GWHPACEP072447,(((GWHPACEA077088,(GLYMA_19G055000_1,GWHPACEF072978)),GLYMA_ZH13_19G049700_1_P),(((GWHPACDY078987,((GWHPACEM076717,(GWHPACER070884,GWHPACEI079569)),GWHPACEW076823)),W05_GLYSO_19G050600_1_P),GWHPACEO077706)),GWHPACEE076630);
(GWHPACEP072447,(((GWHPACEA077088,(GLYMA_19G055000_1,GWHPACEF072978)),GLYMA_ZH13_19G049700_1_P),(((GWHPACDY078987,((GWHPACEM076717,(GWHPACER070884,GWHPACEI079569)),GWHPACEW076823)),W05_GLYSO_19G050600_1_P),GWHPACEO077706)),GWHPACEE076630);
(GWHPACEP072447,(((GWHPACEA077088,(GLYMA_19G055000_1,GWHPACEF072978)),GLYMA_ZH13_19G049700_1_P),(((GWHPACDY078987,((GWHPACEM076717,(GWHPACER070884,GWHPACEI079569)),GWHPACEW076823)),W05_GLYSO_19G050600_1_P),GWHPACEO077706)),GWHPACEE076630);
(GWHPACEP072447,(((GWHPACEA077088,(GLYMA_19G055000_1,GWHPACEF072978)),GLYMA_ZH13_19G049700_1_P),(((GWHPACDY078987,((GWHPACEM076717,(GWHPACER070884,GWHPACEI079569)),GWHPACEW076823)),W05_GLYSO_19G050600_1_P),GWHPACEO077706)),GWHPACEE076630);
(GWHPACEP072447,(((GWHPACEA077088,(GLYMA_19G055000_1,GWHPACEF072978)),GLYMA_ZH13_19G049700_1_P),(((GWHPACDY078987,((GWHPACEM076717,(GWHPACER070884,GWHPACEI079569)),GWHPACEW076823)),W05_GLYSO_19G050600_1_P),GWHPACEO077706)),GWHPACEE076630);
(GWHPACEP072447,(((GWHPACEA077088,(GLYMA_19G055000_1,GWHPACEF072978)),GLYMA_ZH13_19G049700_1_P),(((GWHPACDY078987,((GWHPACEM076717,(GWHPACER070884,GWHPACEI079569)),GWHPACEW076823)),W05_GLYSO_19G050600_1_P),GWHPACEO077706)),GWHPACEE076630);
(GWHPACEP072447,(((GWHPACEA077088,(GLYMA_19G055000_1,GWHPACEF072978)),GLYMA_ZH13_19G049700_1_P),(((GWHPACDY078987,((GWHPACEM076717,(GWHPACER070884,GWHPACEI079569)),GWHPACEW076823)),W05_GLYSO_19G050600_1_P),GWHPACEO077706)),GWHPACEE076630);
(GWHPACEP072447,(((GWHPACEA077088,(GLYMA_19G055000_1,GWHPACEF072978)),GLYMA_ZH13_19G049700_1_P),(((GWHPACDY078987,((GWHPACEM076717,(GWHPACER070884,GWHPACEI079569)),GWHPACEW076823)),W05_GLYSO_19G050600_1_P),GWHPACEO077706)),GWHPACEE076630);
(GWHPACEP072447,(((GWHPACEA077088,(GLYMA_19G055000_1,GWHPACEF072978)),GLYMA_ZH13_19G049700_1_P),(((GWHPACDY078987,((GWHPACEM076717,(GWHPACER070884,GWHPACEI079569)),GWHPACEW076823)),W05_GLYSO_19G050600_1_P),GWHPACEO077706)),GWHPACEE076630);
(GWHPACEP072447,(((GWHPACEA077088,(GLYMA_19G055000_1,GWHPACEF072978)),GLYMA_ZH13_19G049700_1_P),(((GWHPACDY078987,((GWHPACEM076717,(GWHPACER070884,GWHPACEI079569)),GWHPACEW076823)),W05_GLYSO_19G050600_1_P),GWHPACEO077706)),GWHPACEE076630);
