

This is RAxML version 8.2.12 released by Alexandros Stamatakis on May 2018.

With greatly appreciated code contributions by:
Andre Aberer      (HITS)
Simon Berger      (HITS)
Alexey Kozlov     (HITS)
Kassian Kobert    (HITS)
David Dao         (KIT and HITS)
Sarah Lutteropp   (KIT and HITS)
Nick Pattengale   (Sandia)
Wayne Pfeiffer    (SDSC)
Akifumi S. Tanabe (NRIFS)
Charlie Taylor    (UF)


Alignment has 298 distinct alignment patterns

Proportion of gaps and completely undetermined characters in this alignment: 17.85%

RAxML rapid bootstrapping and subsequent ML search

Using 1 distinct models/data partitions with joint branch length optimization



Executing 100 rapid bootstrap inferences and thereafter a thorough ML search 

All free model parameters will be estimated by RAxML
ML estimate of 25 per site rate categories

Likelihood of final tree will be evaluated and optimized under GAMMA

GAMMA Model parameters will be estimated up to an accuracy of 0.1000000000 Log Likelihood units

Partition: 0
Alignment Patterns: 298
Name: No Name Provided
DataType: AA
Substitution Matrix: JTT
Using fixed base frequencies




RAxML was called as follows:

/Users/prigozhin/Installers/standard-RAxML/raxmlHPC-PTHREADS-AVX -T 4 -n Int11890_361_599_R_29_37_L_8.Raxml.out -f a -x 12345 -p 12345 -# 100 -m PROTCATJTT -s ../../RAxML_tree_pbNB-ARC/Clade_Refinement_2/Int11890_361_599_R_29_37_L_8.afa 



Time for BS model parameter optimization 0.124723
Bootstrap[0]: Time 0.178888 seconds, bootstrap likelihood -5379.198181, best rearrangement setting 13
Bootstrap[1]: Time 0.044656 seconds, bootstrap likelihood -5187.171692, best rearrangement setting 13
Bootstrap[2]: Time 0.048536 seconds, bootstrap likelihood -5287.848690, best rearrangement setting 12
Bootstrap[3]: Time 0.048573 seconds, bootstrap likelihood -5181.600822, best rearrangement setting 15
Bootstrap[4]: Time 0.051149 seconds, bootstrap likelihood -5274.692384, best rearrangement setting 10
Bootstrap[5]: Time 0.051610 seconds, bootstrap likelihood -5259.428734, best rearrangement setting 10
Bootstrap[6]: Time 0.048238 seconds, bootstrap likelihood -5275.191441, best rearrangement setting 6
Bootstrap[7]: Time 0.049486 seconds, bootstrap likelihood -5190.837184, best rearrangement setting 14
Bootstrap[8]: Time 0.057004 seconds, bootstrap likelihood -5208.163595, best rearrangement setting 5
Bootstrap[9]: Time 0.072094 seconds, bootstrap likelihood -5178.065032, best rearrangement setting 7
Bootstrap[10]: Time 0.152882 seconds, bootstrap likelihood -5215.663694, best rearrangement setting 7
Bootstrap[11]: Time 0.113816 seconds, bootstrap likelihood -5158.090133, best rearrangement setting 5
Bootstrap[12]: Time 0.106570 seconds, bootstrap likelihood -5181.097120, best rearrangement setting 8
Bootstrap[13]: Time 0.079945 seconds, bootstrap likelihood -5155.873579, best rearrangement setting 7
Bootstrap[14]: Time 0.076783 seconds, bootstrap likelihood -5311.358114, best rearrangement setting 12
Bootstrap[15]: Time 0.090697 seconds, bootstrap likelihood -5217.540363, best rearrangement setting 15
Bootstrap[16]: Time 0.065647 seconds, bootstrap likelihood -5218.762752, best rearrangement setting 12
Bootstrap[17]: Time 0.072752 seconds, bootstrap likelihood -5195.078447, best rearrangement setting 12
Bootstrap[18]: Time 0.088641 seconds, bootstrap likelihood -5296.568972, best rearrangement setting 5
Bootstrap[19]: Time 0.062359 seconds, bootstrap likelihood -5171.310691, best rearrangement setting 8
Bootstrap[20]: Time 0.154895 seconds, bootstrap likelihood -5205.494631, best rearrangement setting 10
Bootstrap[21]: Time 0.064319 seconds, bootstrap likelihood -5115.704147, best rearrangement setting 6
Bootstrap[22]: Time 0.069335 seconds, bootstrap likelihood -5203.373299, best rearrangement setting 5
Bootstrap[23]: Time 0.073371 seconds, bootstrap likelihood -5152.679155, best rearrangement setting 7
Bootstrap[24]: Time 0.069072 seconds, bootstrap likelihood -5222.953408, best rearrangement setting 8
Bootstrap[25]: Time 0.067430 seconds, bootstrap likelihood -5175.665289, best rearrangement setting 6
Bootstrap[26]: Time 0.071927 seconds, bootstrap likelihood -5155.978320, best rearrangement setting 12
Bootstrap[27]: Time 0.063697 seconds, bootstrap likelihood -5127.079248, best rearrangement setting 10
Bootstrap[28]: Time 0.071246 seconds, bootstrap likelihood -5227.513002, best rearrangement setting 11
Bootstrap[29]: Time 0.060058 seconds, bootstrap likelihood -5203.217157, best rearrangement setting 12
Bootstrap[30]: Time 0.071626 seconds, bootstrap likelihood -5199.389711, best rearrangement setting 15
Bootstrap[31]: Time 0.068217 seconds, bootstrap likelihood -5197.430942, best rearrangement setting 15
Bootstrap[32]: Time 0.072446 seconds, bootstrap likelihood -5193.942936, best rearrangement setting 6
Bootstrap[33]: Time 0.078069 seconds, bootstrap likelihood -5260.163973, best rearrangement setting 15
Bootstrap[34]: Time 0.060729 seconds, bootstrap likelihood -5183.969410, best rearrangement setting 11
Bootstrap[35]: Time 0.072950 seconds, bootstrap likelihood -5240.066786, best rearrangement setting 8
Bootstrap[36]: Time 0.067900 seconds, bootstrap likelihood -5221.140529, best rearrangement setting 9
Bootstrap[37]: Time 0.083726 seconds, bootstrap likelihood -5193.610247, best rearrangement setting 11
Bootstrap[38]: Time 0.060684 seconds, bootstrap likelihood -5129.733586, best rearrangement setting 8
Bootstrap[39]: Time 0.068326 seconds, bootstrap likelihood -5232.555947, best rearrangement setting 13
Bootstrap[40]: Time 0.129803 seconds, bootstrap likelihood -5163.206842, best rearrangement setting 13
Bootstrap[41]: Time 0.073639 seconds, bootstrap likelihood -5165.215398, best rearrangement setting 10
Bootstrap[42]: Time 0.065086 seconds, bootstrap likelihood -5158.216426, best rearrangement setting 5
Bootstrap[43]: Time 0.071134 seconds, bootstrap likelihood -5259.684596, best rearrangement setting 14
Bootstrap[44]: Time 0.056579 seconds, bootstrap likelihood -5248.908482, best rearrangement setting 10
Bootstrap[45]: Time 0.084429 seconds, bootstrap likelihood -5181.673058, best rearrangement setting 15
Bootstrap[46]: Time 0.061845 seconds, bootstrap likelihood -5164.344111, best rearrangement setting 14
Bootstrap[47]: Time 0.072271 seconds, bootstrap likelihood -5204.750508, best rearrangement setting 8
Bootstrap[48]: Time 0.066133 seconds, bootstrap likelihood -5350.713189, best rearrangement setting 6
Bootstrap[49]: Time 0.073308 seconds, bootstrap likelihood -5260.343023, best rearrangement setting 7
Bootstrap[50]: Time 0.132198 seconds, bootstrap likelihood -5282.118058, best rearrangement setting 7
Bootstrap[51]: Time 0.072987 seconds, bootstrap likelihood -5358.754552, best rearrangement setting 11
Bootstrap[52]: Time 0.072670 seconds, bootstrap likelihood -5257.106088, best rearrangement setting 12
Bootstrap[53]: Time 0.068794 seconds, bootstrap likelihood -5233.922384, best rearrangement setting 8
Bootstrap[54]: Time 0.062506 seconds, bootstrap likelihood -5179.180147, best rearrangement setting 9
Bootstrap[55]: Time 0.071374 seconds, bootstrap likelihood -5209.216513, best rearrangement setting 11
Bootstrap[56]: Time 0.070780 seconds, bootstrap likelihood -5166.507026, best rearrangement setting 5
Bootstrap[57]: Time 0.067537 seconds, bootstrap likelihood -5207.806558, best rearrangement setting 7
Bootstrap[58]: Time 0.062455 seconds, bootstrap likelihood -5168.750663, best rearrangement setting 10
Bootstrap[59]: Time 0.080345 seconds, bootstrap likelihood -5169.408689, best rearrangement setting 9
Bootstrap[60]: Time 0.077034 seconds, bootstrap likelihood -5192.920166, best rearrangement setting 7
Bootstrap[61]: Time 0.066971 seconds, bootstrap likelihood -5230.906232, best rearrangement setting 5
Bootstrap[62]: Time 0.059883 seconds, bootstrap likelihood -5164.445059, best rearrangement setting 11
Bootstrap[63]: Time 0.061614 seconds, bootstrap likelihood -5159.400301, best rearrangement setting 12
Bootstrap[64]: Time 0.073248 seconds, bootstrap likelihood -5231.434167, best rearrangement setting 7
Bootstrap[65]: Time 0.071558 seconds, bootstrap likelihood -5222.331732, best rearrangement setting 5
Bootstrap[66]: Time 0.064547 seconds, bootstrap likelihood -5162.712573, best rearrangement setting 5
Bootstrap[67]: Time 0.057591 seconds, bootstrap likelihood -5182.291479, best rearrangement setting 15
Bootstrap[68]: Time 0.068207 seconds, bootstrap likelihood -5213.826517, best rearrangement setting 11
Bootstrap[69]: Time 0.057420 seconds, bootstrap likelihood -5271.397260, best rearrangement setting 5
Bootstrap[70]: Time 0.184984 seconds, bootstrap likelihood -5226.757243, best rearrangement setting 8
Bootstrap[71]: Time 0.059850 seconds, bootstrap likelihood -5170.961080, best rearrangement setting 10
Bootstrap[72]: Time 0.097297 seconds, bootstrap likelihood -5248.183522, best rearrangement setting 11
Bootstrap[73]: Time 0.066885 seconds, bootstrap likelihood -5276.239009, best rearrangement setting 9
Bootstrap[74]: Time 0.082712 seconds, bootstrap likelihood -5191.606110, best rearrangement setting 5
Bootstrap[75]: Time 0.066440 seconds, bootstrap likelihood -5311.721080, best rearrangement setting 8
Bootstrap[76]: Time 0.064620 seconds, bootstrap likelihood -5233.082842, best rearrangement setting 9
Bootstrap[77]: Time 0.059343 seconds, bootstrap likelihood -5123.667050, best rearrangement setting 11
Bootstrap[78]: Time 0.057285 seconds, bootstrap likelihood -5251.648121, best rearrangement setting 15
Bootstrap[79]: Time 0.061541 seconds, bootstrap likelihood -5227.164443, best rearrangement setting 9
Bootstrap[80]: Time 0.056554 seconds, bootstrap likelihood -5335.284927, best rearrangement setting 15
Bootstrap[81]: Time 0.054687 seconds, bootstrap likelihood -5181.556222, best rearrangement setting 7
Bootstrap[82]: Time 0.054579 seconds, bootstrap likelihood -5253.955202, best rearrangement setting 6
Bootstrap[83]: Time 0.053527 seconds, bootstrap likelihood -5307.276371, best rearrangement setting 10
Bootstrap[84]: Time 0.058214 seconds, bootstrap likelihood -5254.884459, best rearrangement setting 11
Bootstrap[85]: Time 0.054167 seconds, bootstrap likelihood -5192.343502, best rearrangement setting 8
Bootstrap[86]: Time 0.060082 seconds, bootstrap likelihood -5280.938704, best rearrangement setting 7
Bootstrap[87]: Time 0.060080 seconds, bootstrap likelihood -5208.741012, best rearrangement setting 7
Bootstrap[88]: Time 0.061216 seconds, bootstrap likelihood -5244.412007, best rearrangement setting 12
Bootstrap[89]: Time 0.062097 seconds, bootstrap likelihood -5279.886192, best rearrangement setting 10
Bootstrap[90]: Time 0.111140 seconds, bootstrap likelihood -5187.932668, best rearrangement setting 8
Bootstrap[91]: Time 0.057954 seconds, bootstrap likelihood -5265.733214, best rearrangement setting 12
Bootstrap[92]: Time 0.052819 seconds, bootstrap likelihood -5180.138717, best rearrangement setting 13
Bootstrap[93]: Time 0.059467 seconds, bootstrap likelihood -5131.836042, best rearrangement setting 15
Bootstrap[94]: Time 0.064302 seconds, bootstrap likelihood -5249.647881, best rearrangement setting 5
Bootstrap[95]: Time 0.066085 seconds, bootstrap likelihood -5273.852073, best rearrangement setting 5
Bootstrap[96]: Time 0.052570 seconds, bootstrap likelihood -5219.693852, best rearrangement setting 13
Bootstrap[97]: Time 0.054593 seconds, bootstrap likelihood -5264.687305, best rearrangement setting 11
Bootstrap[98]: Time 0.054125 seconds, bootstrap likelihood -5290.869178, best rearrangement setting 6
Bootstrap[99]: Time 0.064409 seconds, bootstrap likelihood -5225.552517, best rearrangement setting 14


Overall Time for 100 Rapid Bootstraps 7.237849 seconds
Average Time per Rapid Bootstrap 0.072378 seconds

Starting ML Search ...

Fast ML optimization finished

Fast ML search Time: 2.941375 seconds

Slow ML Search 0 Likelihood: -5692.611982
Slow ML Search 1 Likelihood: -5692.611982
Slow ML Search 2 Likelihood: -5692.611982
Slow ML Search 3 Likelihood: -5692.611982
Slow ML Search 4 Likelihood: -5692.611982
Slow ML Search 5 Likelihood: -5692.611982
Slow ML Search 6 Likelihood: -5692.611982
Slow ML Search 7 Likelihood: -5692.611982
Slow ML Search 8 Likelihood: -5692.611982
Slow ML Search 9 Likelihood: -5692.611982
Slow ML optimization finished

Slow ML search Time: 1.147986 seconds
Thorough ML search Time: 0.234091 seconds

Final ML Optimization Likelihood: -5692.611935

Model Information:

Model Parameters of Partition 0, Name: No Name Provided, Type of Data: AA
alpha: 6.630955
Tree-Length: 0.145260
rate A <-> R: 0.603538
rate A <-> N: 0.561915
rate A <-> D: 0.842872
rate A <-> C: 0.582726
rate A <-> Q: 0.593132
rate A <-> E: 1.092612
rate A <-> G: 1.862643
rate A <-> H: 0.280957
rate A <-> I: 0.374610
rate A <-> L: 0.312175
rate A <-> K: 0.364204
rate A <-> M: 0.561915
rate A <-> F: 0.156087
rate A <-> P: 2.018730
rate A <-> S: 3.933403
rate A <-> T: 4.942768
rate A <-> W: 0.093652
rate A <-> Y: 0.114464
rate A <-> V: 3.100937
rate R <-> N: 0.468262
rate R <-> D: 0.166493
rate R <-> C: 1.175858
rate R <-> Q: 3.225806
rate R <-> E: 0.301769
rate R <-> G: 1.425598
rate R <-> H: 3.413111
rate R <-> I: 0.228928
rate R <-> L: 0.395421
rate R <-> K: 6.722164
rate R <-> M: 0.457856
rate R <-> F: 0.052029
rate R <-> P: 0.770031
rate R <-> S: 1.050989
rate R <-> T: 0.665973
rate R <-> W: 1.311134
rate R <-> Y: 0.208117
rate R <-> V: 0.176899
rate N <-> D: 5.494277
rate N <-> C: 0.353798
rate N <-> Q: 0.894901
rate N <-> E: 0.603538
rate N <-> G: 0.842872
rate N <-> H: 4.068678
rate N <-> I: 0.489074
rate N <-> L: 0.124870
rate N <-> K: 2.736733
rate N <-> M: 0.312175
rate N <-> F: 0.104058
rate N <-> P: 0.156087
rate N <-> S: 5.234131
rate N <-> T: 2.414152
rate N <-> W: 0.083247
rate N <-> Y: 0.728408
rate N <-> V: 0.166493
rate D <-> C: 0.104058
rate D <-> Q: 0.509886
rate D <-> E: 7.981270
rate D <-> G: 1.352758
rate D <-> H: 1.165453
rate D <-> I: 0.114464
rate D <-> L: 0.072841
rate D <-> K: 0.270552
rate D <-> M: 0.156087
rate D <-> F: 0.041623
rate D <-> P: 0.156087
rate D <-> S: 0.613944
rate D <-> T: 0.395421
rate D <-> W: 0.041623
rate D <-> Y: 0.478668
rate D <-> V: 0.322581
rate C <-> Q: 0.093652
rate C <-> E: 0.052029
rate C <-> G: 0.613944
rate C <-> H: 0.718002
rate C <-> I: 0.176899
rate C <-> L: 0.239334
rate C <-> K: 0.072841
rate C <-> M: 0.322581
rate C <-> F: 0.811655
rate C <-> P: 0.145682
rate C <-> S: 2.320499
rate C <-> T: 0.437045
rate C <-> W: 1.196670
rate C <-> Y: 2.174818
rate C <-> V: 0.645161
rate Q <-> E: 3.361082
rate Q <-> G: 0.270552
rate Q <-> H: 6.212279
rate Q <-> I: 0.093652
rate Q <-> L: 0.749220
rate Q <-> K: 3.038502
rate Q <-> M: 0.447451
rate Q <-> F: 0.041623
rate Q <-> P: 1.706556
rate Q <-> S: 0.551509
rate Q <-> T: 0.530697
rate Q <-> W: 0.187305
rate Q <-> Y: 0.249740
rate Q <-> V: 0.208117
rate E <-> G: 1.238293
rate E <-> H: 0.270552
rate E <-> I: 0.124870
rate E <-> L: 0.093652
rate E <-> K: 1.883455
rate E <-> M: 0.187305
rate E <-> F: 0.052029
rate E <-> P: 0.187305
rate E <-> S: 0.312175
rate E <-> T: 0.332986
rate E <-> W: 0.104058
rate E <-> Y: 0.072841
rate E <-> V: 0.468262
rate G <-> H: 0.239334
rate G <-> I: 0.062435
rate G <-> L: 0.062435
rate G <-> K: 0.280957
rate G <-> M: 0.145682
rate G <-> F: 0.052029
rate G <-> P: 0.249740
rate G <-> S: 2.091571
rate G <-> T: 0.343392
rate G <-> W: 0.572320
rate G <-> Y: 0.083247
rate G <-> V: 0.489074
rate H <-> I: 0.166493
rate H <-> L: 0.582726
rate H <-> K: 0.468262
rate H <-> M: 0.343392
rate H <-> F: 0.416233
rate H <-> P: 1.196670
rate H <-> S: 0.759625
rate H <-> T: 0.478668
rate H <-> W: 0.083247
rate H <-> Y: 5.962539
rate H <-> V: 0.114464
rate I <-> L: 2.382934
rate I <-> K: 0.218522
rate I <-> M: 4.984391
rate I <-> F: 0.926119
rate I <-> P: 0.104058
rate I <-> S: 0.416233
rate I <-> T: 2.549428
rate I <-> W: 0.093652
rate I <-> Y: 0.332986
rate I <-> V: 10.000000
rate L <-> K: 0.145682
rate L <-> M: 4.037461
rate L <-> F: 2.580645
rate L <-> P: 1.061394
rate L <-> S: 0.613944
rate L <-> T: 0.260146
rate L <-> W: 0.541103
rate L <-> Y: 0.249740
rate L <-> V: 1.873049
rate K <-> M: 0.676379
rate K <-> F: 0.041623
rate K <-> P: 0.218522
rate K <-> S: 0.489074
rate K <-> T: 1.071800
rate K <-> W: 0.104058
rate K <-> Y: 0.083247
rate K <-> V: 0.145682
rate M <-> F: 0.447451
rate M <-> P: 0.166493
rate M <-> S: 0.301769
rate M <-> T: 2.351717
rate M <-> W: 0.249740
rate M <-> Y: 0.187305
rate M <-> V: 3.361082
rate F <-> P: 0.176899
rate F <-> S: 0.957336
rate F <-> T: 0.124870
rate F <-> W: 0.551509
rate F <-> Y: 5.577523
rate F <-> V: 0.645161
rate P <-> S: 2.965661
rate P <-> T: 1.227888
rate P <-> W: 0.062435
rate P <-> Y: 0.104058
rate P <-> V: 0.239334
rate S <-> T: 4.963580
rate S <-> W: 0.364204
rate S <-> Y: 0.655567
rate S <-> V: 0.395421
rate T <-> W: 0.124870
rate T <-> Y: 0.218522
rate T <-> V: 1.165453
rate W <-> Y: 0.738814
rate W <-> V: 0.260146
rate Y <-> V: 0.166493

freq pi(A): 0.076748
freq pi(R): 0.051691
freq pi(N): 0.042645
freq pi(D): 0.051544
freq pi(C): 0.019803
freq pi(Q): 0.040752
freq pi(E): 0.061830
freq pi(G): 0.073152
freq pi(H): 0.022944
freq pi(I): 0.053761
freq pi(L): 0.091904
freq pi(K): 0.058676
freq pi(M): 0.023826
freq pi(F): 0.040126
freq pi(P): 0.050901
freq pi(S): 0.068765
freq pi(T): 0.058565
freq pi(W): 0.014261
freq pi(Y): 0.032102
freq pi(V): 0.066004


ML search took 4.349169 secs or 0.001208 hours

Combined Bootstrap and ML search took 11.587538 secs or 0.003219 hours

Drawing Bootstrap Support Values on best-scoring ML tree ...



Found 1 tree in File /Users/prigozhin/Dropbox/NLRomes/Soy_NLRome/RAxML_tree_pbNB-ARC/Clade_Refinement_2/RAxML_bestTree.Int11890_361_599_R_29_37_L_8.Raxml.out



Found 1 tree in File /Users/prigozhin/Dropbox/NLRomes/Soy_NLRome/RAxML_tree_pbNB-ARC/Clade_Refinement_2/RAxML_bestTree.Int11890_361_599_R_29_37_L_8.Raxml.out

Program execution info written to /Users/prigozhin/Dropbox/NLRomes/Soy_NLRome/RAxML_tree_pbNB-ARC/Clade_Refinement_2/RAxML_info.Int11890_361_599_R_29_37_L_8.Raxml.out
All 100 bootstrapped trees written to: /Users/prigozhin/Dropbox/NLRomes/Soy_NLRome/RAxML_tree_pbNB-ARC/Clade_Refinement_2/RAxML_bootstrap.Int11890_361_599_R_29_37_L_8.Raxml.out

Best-scoring ML tree written to: /Users/prigozhin/Dropbox/NLRomes/Soy_NLRome/RAxML_tree_pbNB-ARC/Clade_Refinement_2/RAxML_bestTree.Int11890_361_599_R_29_37_L_8.Raxml.out

Best-scoring ML tree with support values written to: /Users/prigozhin/Dropbox/NLRomes/Soy_NLRome/RAxML_tree_pbNB-ARC/Clade_Refinement_2/RAxML_bipartitions.Int11890_361_599_R_29_37_L_8.Raxml.out

Best-scoring ML tree with support values as branch labels written to: /Users/prigozhin/Dropbox/NLRomes/Soy_NLRome/RAxML_tree_pbNB-ARC/Clade_Refinement_2/RAxML_bipartitionsBranchLabels.Int11890_361_599_R_29_37_L_8.Raxml.out

Overall execution time for full ML analysis: 11.590943 secs or 0.003220 hours or 0.000134 days

