((GLYMA_16G214100_1,GLYMA_ZH13_16G189900_1_P),(GWHPACEI069721,(GWHPACEU067849,GWHPACEH067538)),W05_GLYSO_16G044381_1_P);
((GLYMA_16G214100_1,GLYMA_ZH13_16G189900_1_P),(GWHPACEI069721,(GWHPACEU067849,GWHPACEH067538)),W05_GLYSO_16G044381_1_P);
((GLYMA_16G214100_1,GLYMA_ZH13_16G189900_1_P),(GWHPACEI069721,(GWHPACEU067849,GWHPACEH067538)),W05_GLYSO_16G044381_1_P);
((GLYMA_16G214100_1,GLYMA_ZH13_16G189900_1_P),(GWHPACEI069721,(GWHPACEU067849,GWHPACEH067538)),W05_GLYSO_16G044381_1_P);
((GLYMA_16G214100_1,GLYMA_ZH13_16G189900_1_P),(GWHPACEI069721,(GWHPACEU067849,GWHPACEH067538)),W05_GLYSO_16G044381_1_P);
((GLYMA_16G214100_1,GLYMA_ZH13_16G189900_1_P),(GWHPACEI069721,(GWHPACEU067849,GWHPACEH067538)),W05_GLYSO_16G044381_1_P);
((GLYMA_16G214100_1,GLYMA_ZH13_16G189900_1_P),(GWHPACEI069721,(GWHPACEU067849,GWHPACEH067538)),W05_GLYSO_16G044381_1_P);
((GLYMA_16G214100_1,GLYMA_ZH13_16G189900_1_P),(GWHPACEI069721,(GWHPACEU067849,GWHPACEH067538)),W05_GLYSO_16G044381_1_P);
((GLYMA_16G214100_1,GLYMA_ZH13_16G189900_1_P),(GWHPACEI069721,(GWHPACEU067849,GWHPACEH067538)),W05_GLYSO_16G044381_1_P);
((GLYMA_16G214100_1,GLYMA_ZH13_16G189900_1_P),(GWHPACEI069721,(GWHPACEU067849,GWHPACEH067538)),W05_GLYSO_16G044381_1_P);
((((GWHPACEU067849,GLYMA_16G214100_1),GWHPACEH067538),GWHPACEI069721),GLYMA_ZH13_16G189900_1_P,W05_GLYSO_16G044381_1_P);
(((GWHPACEU067849,(GWHPACEH067538,GWHPACEI069721)),GLYMA_16G214100_1),GLYMA_ZH13_16G189900_1_P,W05_GLYSO_16G044381_1_P);
(((GWHPACEU067849,(GWHPACEH067538,GWHPACEI069721)),GLYMA_16G214100_1),GLYMA_ZH13_16G189900_1_P,W05_GLYSO_16G044381_1_P);
(((GWHPACEH067538,GWHPACEI069721),(GLYMA_16G214100_1,GWHPACEU067849)),GLYMA_ZH13_16G189900_1_P,W05_GLYSO_16G044381_1_P);
(((GWHPACEU067849,(GWHPACEH067538,GWHPACEI069721)),GLYMA_16G214100_1),GLYMA_ZH13_16G189900_1_P,W05_GLYSO_16G044381_1_P);
(((GWHPACEH067538,GWHPACEI069721),(GLYMA_16G214100_1,GWHPACEU067849)),GLYMA_ZH13_16G189900_1_P,W05_GLYSO_16G044381_1_P);
(((GWHPACEU067849,(GWHPACEH067538,GWHPACEI069721)),GLYMA_16G214100_1),GLYMA_ZH13_16G189900_1_P,W05_GLYSO_16G044381_1_P);
(((GWHPACEU067849,(GWHPACEH067538,GWHPACEI069721)),GLYMA_16G214100_1),GLYMA_ZH13_16G189900_1_P,W05_GLYSO_16G044381_1_P);
(((GWHPACEU067849,(GWHPACEH067538,GWHPACEI069721)),GLYMA_16G214100_1),GLYMA_ZH13_16G189900_1_P,W05_GLYSO_16G044381_1_P);
(((GWHPACEH067538,GWHPACEI069721),(GLYMA_16G214100_1,GWHPACEU067849)),GLYMA_ZH13_16G189900_1_P,W05_GLYSO_16G044381_1_P);
((GLYMA_ZH13_16G189900_1_P,GLYMA_16G214100_1),(GWHPACEU067849,(GWHPACEI069721,GWHPACEH067538)),W05_GLYSO_16G044381_1_P);
((GLYMA_ZH13_16G189900_1_P,GLYMA_16G214100_1),(GWHPACEU067849,(GWHPACEI069721,GWHPACEH067538)),W05_GLYSO_16G044381_1_P);
((GLYMA_ZH13_16G189900_1_P,GLYMA_16G214100_1),(GWHPACEU067849,(GWHPACEI069721,GWHPACEH067538)),W05_GLYSO_16G044381_1_P);
((GLYMA_ZH13_16G189900_1_P,GLYMA_16G214100_1),(GWHPACEU067849,(GWHPACEI069721,GWHPACEH067538)),W05_GLYSO_16G044381_1_P);
(GLYMA_ZH13_16G189900_1_P,(GWHPACEI069721,(GWHPACEH067538,(GLYMA_16G214100_1,GWHPACEU067849))),W05_GLYSO_16G044381_1_P);
((GLYMA_ZH13_16G189900_1_P,GLYMA_16G214100_1),(GWHPACEU067849,(GWHPACEI069721,GWHPACEH067538)),W05_GLYSO_16G044381_1_P);
((GLYMA_ZH13_16G189900_1_P,GLYMA_16G214100_1),(GWHPACEU067849,(GWHPACEI069721,GWHPACEH067538)),W05_GLYSO_16G044381_1_P);
(GLYMA_ZH13_16G189900_1_P,(((GWHPACEU067849,GLYMA_16G214100_1),GWHPACEI069721),GWHPACEH067538),W05_GLYSO_16G044381_1_P);
(GLYMA_ZH13_16G189900_1_P,((GWHPACEU067849,(GWHPACEI069721,GWHPACEH067538)),GLYMA_16G214100_1),W05_GLYSO_16G044381_1_P);
(GLYMA_ZH13_16G189900_1_P,((GWHPACEU067849,(GWHPACEI069721,GWHPACEH067538)),GLYMA_16G214100_1),W05_GLYSO_16G044381_1_P);
((GWHPACEU067849,(GWHPACEI069721,GWHPACEH067538)),(GLYMA_16G214100_1,GLYMA_ZH13_16G189900_1_P),W05_GLYSO_16G044381_1_P);
((GWHPACEU067849,(GWHPACEI069721,GWHPACEH067538)),(GLYMA_16G214100_1,GLYMA_ZH13_16G189900_1_P),W05_GLYSO_16G044381_1_P);
((GWHPACEU067849,(GWHPACEI069721,GWHPACEH067538)),(GLYMA_16G214100_1,GLYMA_ZH13_16G189900_1_P),W05_GLYSO_16G044381_1_P);
((GWHPACEU067849,(GWHPACEI069721,GWHPACEH067538)),(GLYMA_16G214100_1,GLYMA_ZH13_16G189900_1_P),W05_GLYSO_16G044381_1_P);
((((GWHPACEU067849,GLYMA_16G214100_1),GWHPACEI069721),GWHPACEH067538),GLYMA_ZH13_16G189900_1_P,W05_GLYSO_16G044381_1_P);
((((GWHPACEU067849,GLYMA_16G214100_1),GWHPACEI069721),GWHPACEH067538),GLYMA_ZH13_16G189900_1_P,W05_GLYSO_16G044381_1_P);
(((GWHPACEU067849,(GWHPACEI069721,GWHPACEH067538)),GLYMA_16G214100_1),GLYMA_ZH13_16G189900_1_P,W05_GLYSO_16G044381_1_P);
(((GWHPACEU067849,(GWHPACEI069721,GWHPACEH067538)),GLYMA_16G214100_1),GLYMA_ZH13_16G189900_1_P,W05_GLYSO_16G044381_1_P);
(((GWHPACEU067849,(GWHPACEI069721,GWHPACEH067538)),GLYMA_16G214100_1),GLYMA_ZH13_16G189900_1_P,W05_GLYSO_16G044381_1_P);
(((GWHPACEU067849,(GWHPACEI069721,GWHPACEH067538)),GLYMA_16G214100_1),GLYMA_ZH13_16G189900_1_P,W05_GLYSO_16G044381_1_P);
((GLYMA_ZH13_16G189900_1_P,GLYMA_16G214100_1),(GWHPACEI069721,(GWHPACEH067538,GWHPACEU067849)),W05_GLYSO_16G044381_1_P);
((GLYMA_ZH13_16G189900_1_P,GLYMA_16G214100_1),(GWHPACEI069721,(GWHPACEH067538,GWHPACEU067849)),W05_GLYSO_16G044381_1_P);
((GLYMA_ZH13_16G189900_1_P,GLYMA_16G214100_1),(GWHPACEI069721,(GWHPACEH067538,GWHPACEU067849)),W05_GLYSO_16G044381_1_P);
((GLYMA_ZH13_16G189900_1_P,GLYMA_16G214100_1),(GWHPACEI069721,(GWHPACEH067538,GWHPACEU067849)),W05_GLYSO_16G044381_1_P);
((GLYMA_ZH13_16G189900_1_P,GLYMA_16G214100_1),(GWHPACEI069721,(GWHPACEH067538,GWHPACEU067849)),W05_GLYSO_16G044381_1_P);
((GLYMA_ZH13_16G189900_1_P,GLYMA_16G214100_1),(GWHPACEI069721,(GWHPACEH067538,GWHPACEU067849)),W05_GLYSO_16G044381_1_P);
((GLYMA_ZH13_16G189900_1_P,GLYMA_16G214100_1),(GWHPACEI069721,(GWHPACEH067538,GWHPACEU067849)),W05_GLYSO_16G044381_1_P);
((GLYMA_ZH13_16G189900_1_P,GLYMA_16G214100_1),(GWHPACEI069721,(GWHPACEH067538,GWHPACEU067849)),W05_GLYSO_16G044381_1_P);
((GLYMA_ZH13_16G189900_1_P,GLYMA_16G214100_1),(GWHPACEI069721,(GWHPACEH067538,GWHPACEU067849)),W05_GLYSO_16G044381_1_P);
((GLYMA_ZH13_16G189900_1_P,GLYMA_16G214100_1),(GWHPACEI069721,(GWHPACEH067538,GWHPACEU067849)),W05_GLYSO_16G044381_1_P);
(GLYMA_ZH13_16G189900_1_P,(((GWHPACEU067849,GLYMA_16G214100_1),GWHPACEH067538),GWHPACEI069721),W05_GLYSO_16G044381_1_P);
(GLYMA_ZH13_16G189900_1_P,(((GWHPACEU067849,GLYMA_16G214100_1),GWHPACEH067538),GWHPACEI069721),W05_GLYSO_16G044381_1_P);
(GLYMA_ZH13_16G189900_1_P,(((GWHPACEU067849,GLYMA_16G214100_1),GWHPACEH067538),GWHPACEI069721),W05_GLYSO_16G044381_1_P);
(GLYMA_ZH13_16G189900_1_P,((GWHPACEU067849,(GWHPACEH067538,GWHPACEI069721)),GLYMA_16G214100_1),W05_GLYSO_16G044381_1_P);
(GLYMA_ZH13_16G189900_1_P,((GWHPACEU067849,(GWHPACEH067538,GWHPACEI069721)),GLYMA_16G214100_1),W05_GLYSO_16G044381_1_P);
(GLYMA_ZH13_16G189900_1_P,((GWHPACEU067849,(GWHPACEH067538,GWHPACEI069721)),GLYMA_16G214100_1),W05_GLYSO_16G044381_1_P);
(GLYMA_ZH13_16G189900_1_P,((GWHPACEU067849,(GWHPACEH067538,GWHPACEI069721)),GLYMA_16G214100_1),W05_GLYSO_16G044381_1_P);
(GLYMA_ZH13_16G189900_1_P,((GWHPACEU067849,(GWHPACEH067538,GWHPACEI069721)),GLYMA_16G214100_1),W05_GLYSO_16G044381_1_P);
(GLYMA_ZH13_16G189900_1_P,((GWHPACEU067849,(GWHPACEH067538,GWHPACEI069721)),GLYMA_16G214100_1),W05_GLYSO_16G044381_1_P);
(GLYMA_ZH13_16G189900_1_P,((GWHPACEU067849,(GWHPACEH067538,GWHPACEI069721)),GLYMA_16G214100_1),W05_GLYSO_16G044381_1_P);
(GLYMA_ZH13_16G189900_1_P,(GLYMA_16G214100_1,(GWHPACEU067849,(GWHPACEI069721,GWHPACEH067538))),W05_GLYSO_16G044381_1_P);
(GLYMA_ZH13_16G189900_1_P,((GWHPACEI069721,GWHPACEH067538),(GLYMA_16G214100_1,GWHPACEU067849)),W05_GLYSO_16G044381_1_P);
(GLYMA_ZH13_16G189900_1_P,((GWHPACEU067849,(GWHPACEI069721,GWHPACEH067538)),GLYMA_16G214100_1),W05_GLYSO_16G044381_1_P);
(GLYMA_ZH13_16G189900_1_P,((GWHPACEU067849,(GWHPACEI069721,GWHPACEH067538)),GLYMA_16G214100_1),W05_GLYSO_16G044381_1_P);
(GLYMA_ZH13_16G189900_1_P,((GWHPACEI069721,GWHPACEH067538),(GLYMA_16G214100_1,GWHPACEU067849)),W05_GLYSO_16G044381_1_P);
(GLYMA_ZH13_16G189900_1_P,(GLYMA_16G214100_1,(GWHPACEU067849,(GWHPACEI069721,GWHPACEH067538))),W05_GLYSO_16G044381_1_P);
(GLYMA_ZH13_16G189900_1_P,(GLYMA_16G214100_1,(GWHPACEU067849,(GWHPACEI069721,GWHPACEH067538))),W05_GLYSO_16G044381_1_P);
(GLYMA_ZH13_16G189900_1_P,(GLYMA_16G214100_1,(GWHPACEU067849,(GWHPACEI069721,GWHPACEH067538))),W05_GLYSO_16G044381_1_P);
(GLYMA_ZH13_16G189900_1_P,(GLYMA_16G214100_1,(GWHPACEU067849,(GWHPACEI069721,GWHPACEH067538))),W05_GLYSO_16G044381_1_P);
(GLYMA_ZH13_16G189900_1_P,((GWHPACEI069721,GWHPACEH067538),(GLYMA_16G214100_1,GWHPACEU067849)),W05_GLYSO_16G044381_1_P);
(GLYMA_16G214100_1,(GLYMA_ZH13_16G189900_1_P,(GWHPACEU067849,(GWHPACEI069721,GWHPACEH067538))),W05_GLYSO_16G044381_1_P);
(GLYMA_ZH13_16G189900_1_P,(((GWHPACEU067849,GLYMA_16G214100_1),GWHPACEI069721),GWHPACEH067538),W05_GLYSO_16G044381_1_P);
(GLYMA_ZH13_16G189900_1_P,((GWHPACEU067849,(GWHPACEI069721,GWHPACEH067538)),GLYMA_16G214100_1),W05_GLYSO_16G044381_1_P);
(GLYMA_ZH13_16G189900_1_P,((GWHPACEU067849,(GWHPACEI069721,GWHPACEH067538)),GLYMA_16G214100_1),W05_GLYSO_16G044381_1_P);
(GLYMA_ZH13_16G189900_1_P,((GWHPACEI069721,GWHPACEH067538),(GLYMA_16G214100_1,GWHPACEU067849)),W05_GLYSO_16G044381_1_P);
(GLYMA_ZH13_16G189900_1_P,((GWHPACEU067849,(GWHPACEI069721,GWHPACEH067538)),GLYMA_16G214100_1),W05_GLYSO_16G044381_1_P);
(GLYMA_ZH13_16G189900_1_P,((GWHPACEI069721,GWHPACEH067538),(GLYMA_16G214100_1,GWHPACEU067849)),W05_GLYSO_16G044381_1_P);
(GLYMA_ZH13_16G189900_1_P,((GWHPACEU067849,(GWHPACEI069721,GWHPACEH067538)),GLYMA_16G214100_1),W05_GLYSO_16G044381_1_P);
(GLYMA_ZH13_16G189900_1_P,((GWHPACEU067849,(GWHPACEI069721,GWHPACEH067538)),GLYMA_16G214100_1),W05_GLYSO_16G044381_1_P);
(GLYMA_ZH13_16G189900_1_P,((GWHPACEU067849,(GWHPACEI069721,GWHPACEH067538)),GLYMA_16G214100_1),W05_GLYSO_16G044381_1_P);
((GLYMA_16G214100_1,GLYMA_ZH13_16G189900_1_P),(GWHPACEI069721,(GWHPACEH067538,GWHPACEU067849)),W05_GLYSO_16G044381_1_P);
((GLYMA_16G214100_1,GLYMA_ZH13_16G189900_1_P),(GWHPACEI069721,(GWHPACEH067538,GWHPACEU067849)),W05_GLYSO_16G044381_1_P);
((GLYMA_16G214100_1,GLYMA_ZH13_16G189900_1_P),(GWHPACEI069721,(GWHPACEH067538,GWHPACEU067849)),W05_GLYSO_16G044381_1_P);
((GLYMA_16G214100_1,GLYMA_ZH13_16G189900_1_P),(GWHPACEI069721,(GWHPACEH067538,GWHPACEU067849)),W05_GLYSO_16G044381_1_P);
((GLYMA_16G214100_1,GLYMA_ZH13_16G189900_1_P),(GWHPACEI069721,(GWHPACEH067538,GWHPACEU067849)),W05_GLYSO_16G044381_1_P);
((GLYMA_16G214100_1,GLYMA_ZH13_16G189900_1_P),(GWHPACEI069721,(GWHPACEH067538,GWHPACEU067849)),W05_GLYSO_16G044381_1_P);
((GLYMA_16G214100_1,GLYMA_ZH13_16G189900_1_P),(GWHPACEI069721,(GWHPACEH067538,GWHPACEU067849)),W05_GLYSO_16G044381_1_P);
((GLYMA_16G214100_1,GLYMA_ZH13_16G189900_1_P),(GWHPACEI069721,(GWHPACEH067538,GWHPACEU067849)),W05_GLYSO_16G044381_1_P);
((GLYMA_16G214100_1,GLYMA_ZH13_16G189900_1_P),(GWHPACEI069721,(GWHPACEH067538,GWHPACEU067849)),W05_GLYSO_16G044381_1_P);
((GLYMA_16G214100_1,GLYMA_ZH13_16G189900_1_P),(GWHPACEI069721,(GWHPACEH067538,GWHPACEU067849)),W05_GLYSO_16G044381_1_P);
(GLYMA_ZH13_16G189900_1_P,((GWHPACEU067849,(GWHPACEI069721,GWHPACEH067538)),GLYMA_16G214100_1),W05_GLYSO_16G044381_1_P);
(GLYMA_ZH13_16G189900_1_P,(GWHPACEI069721,(GWHPACEH067538,(GLYMA_16G214100_1,GWHPACEU067849))),W05_GLYSO_16G044381_1_P);
(GLYMA_ZH13_16G189900_1_P,((GWHPACEU067849,(GWHPACEI069721,GWHPACEH067538)),GLYMA_16G214100_1),W05_GLYSO_16G044381_1_P);
(GLYMA_ZH13_16G189900_1_P,((GWHPACEI069721,GWHPACEH067538),(GLYMA_16G214100_1,GWHPACEU067849)),W05_GLYSO_16G044381_1_P);
(GLYMA_ZH13_16G189900_1_P,((GWHPACEU067849,(GWHPACEI069721,GWHPACEH067538)),GLYMA_16G214100_1),W05_GLYSO_16G044381_1_P);
(GLYMA_ZH13_16G189900_1_P,((GWHPACEU067849,(GWHPACEI069721,GWHPACEH067538)),GLYMA_16G214100_1),W05_GLYSO_16G044381_1_P);
(GLYMA_ZH13_16G189900_1_P,((GWHPACEI069721,GWHPACEH067538),(GLYMA_16G214100_1,GWHPACEU067849)),W05_GLYSO_16G044381_1_P);
(GLYMA_ZH13_16G189900_1_P,((GWHPACEU067849,(GWHPACEI069721,GWHPACEH067538)),GLYMA_16G214100_1),W05_GLYSO_16G044381_1_P);
(GLYMA_ZH13_16G189900_1_P,((GWHPACEI069721,GWHPACEH067538),(GLYMA_16G214100_1,GWHPACEU067849)),W05_GLYSO_16G044381_1_P);
(GLYMA_ZH13_16G189900_1_P,((GWHPACEI069721,GWHPACEH067538),(GLYMA_16G214100_1,GWHPACEU067849)),W05_GLYSO_16G044381_1_P);
