(GLYMA_06G260100_1,(GWHPACEJ024765,(GWHPACEU024138,(GWHPACED023023,(GWHPACEA024451,(GWHPACEG023915,(GWHPACEE023945,(GWHPACEK021769,(GWHPACET024388,(GWHPACEW023879,(GWHPACEB022454,(GWHPACEV022334,GWHPACEX022668))))))))))),GLYMA_ZH13_06G239900_1_P);
(GLYMA_06G260100_1,(GWHPACEJ024765,(GWHPACEU024138,(GWHPACED023023,(GWHPACEA024451,(GWHPACEG023915,(GWHPACEE023945,(GWHPACEK021769,(GWHPACET024388,(GWHPACEW023879,(GWHPACEB022454,(GWHPACEV022334,GWHPACEX022668))))))))))),GLYMA_ZH13_06G239900_1_P);
(GLYMA_06G260100_1,(GWHPACEJ024765,(GWHPACEU024138,(GWHPACED023023,(GWHPACEA024451,(GWHPACEG023915,(GWHPACEE023945,(GWHPACEK021769,(GWHPACET024388,(GWHPACEW023879,(GWHPACEB022454,(GWHPACEV022334,GWHPACEX022668))))))))))),GLYMA_ZH13_06G239900_1_P);
(GLYMA_06G260100_1,(GWHPACEJ024765,(GWHPACEU024138,(GWHPACED023023,(GWHPACEA024451,(GWHPACEG023915,(GWHPACEE023945,(GWHPACEK021769,(GWHPACET024388,(GWHPACEW023879,(GWHPACEB022454,(GWHPACEV022334,GWHPACEX022668))))))))))),GLYMA_ZH13_06G239900_1_P);
(GLYMA_06G260100_1,(GWHPACEJ024765,(GWHPACEU024138,(GWHPACED023023,(GWHPACEA024451,(GWHPACEG023915,(GWHPACEE023945,(GWHPACEK021769,(GWHPACET024388,(GWHPACEW023879,(GWHPACEB022454,(GWHPACEV022334,GWHPACEX022668))))))))))),GLYMA_ZH13_06G239900_1_P);
(GLYMA_06G260100_1,(GWHPACEJ024765,(GWHPACEU024138,(GWHPACED023023,(GWHPACEA024451,(GWHPACEG023915,(GWHPACEE023945,(GWHPACEK021769,(GWHPACET024388,(GWHPACEW023879,(GWHPACEB022454,(GWHPACEV022334,GWHPACEX022668))))))))))),GLYMA_ZH13_06G239900_1_P);
(GLYMA_06G260100_1,(GWHPACEJ024765,(GWHPACEU024138,(GWHPACED023023,(GWHPACEA024451,(GWHPACEG023915,(GWHPACEE023945,(GWHPACEK021769,(GWHPACET024388,(GWHPACEW023879,(GWHPACEB022454,(GWHPACEV022334,GWHPACEX022668))))))))))),GLYMA_ZH13_06G239900_1_P);
(GLYMA_06G260100_1,(GWHPACEJ024765,(GWHPACEU024138,(GWHPACED023023,(GWHPACEA024451,(GWHPACEG023915,(GWHPACEE023945,(GWHPACEK021769,(GWHPACET024388,(GWHPACEW023879,(GWHPACEB022454,(GWHPACEV022334,GWHPACEX022668))))))))))),GLYMA_ZH13_06G239900_1_P);
(GLYMA_06G260100_1,(GWHPACEJ024765,(GWHPACEU024138,(GWHPACED023023,(GWHPACEA024451,(GWHPACEG023915,(GWHPACEE023945,(GWHPACEK021769,(GWHPACET024388,(GWHPACEW023879,(GWHPACEB022454,(GWHPACEV022334,GWHPACEX022668))))))))))),GLYMA_ZH13_06G239900_1_P);
(GLYMA_06G260100_1,(GWHPACEJ024765,(GWHPACEU024138,(GWHPACED023023,(GWHPACEA024451,(GWHPACEG023915,(GWHPACEE023945,(GWHPACEK021769,(GWHPACET024388,(GWHPACEW023879,(GWHPACEB022454,(GWHPACEV022334,GWHPACEX022668))))))))))),GLYMA_ZH13_06G239900_1_P);
((((GWHPACEK021769,(GWHPACET024388,(GWHPACEG023915,(GWHPACEB022454,GWHPACEX022668)))),(((((GWHPACEW023879,GWHPACED023023),GWHPACEV022334),GWHPACEU024138),GWHPACEE023945),GWHPACEA024451)),GLYMA_06G260100_1),GWHPACEJ024765,GLYMA_ZH13_06G239900_1_P);
((((GWHPACEK021769,(GWHPACET024388,(GWHPACEG023915,(GWHPACEB022454,GWHPACEX022668)))),(((((GWHPACEW023879,GWHPACED023023),GWHPACEV022334),GWHPACEU024138),GWHPACEE023945),GWHPACEA024451)),GLYMA_06G260100_1),GWHPACEJ024765,GLYMA_ZH13_06G239900_1_P);
((((GWHPACEK021769,(GWHPACET024388,(GWHPACEG023915,(GWHPACEB022454,GWHPACEX022668)))),(((((GWHPACEW023879,GWHPACED023023),GWHPACEV022334),GWHPACEU024138),GWHPACEE023945),GWHPACEA024451)),GLYMA_06G260100_1),GWHPACEJ024765,GLYMA_ZH13_06G239900_1_P);
((((GWHPACEK021769,(GWHPACET024388,(GWHPACEG023915,(GWHPACEB022454,GWHPACEX022668)))),(((((GWHPACEW023879,GWHPACED023023),GWHPACEV022334),GWHPACEU024138),GWHPACEE023945),GWHPACEA024451)),GLYMA_06G260100_1),GWHPACEJ024765,GLYMA_ZH13_06G239900_1_P);
((((GWHPACEK021769,(GWHPACET024388,(GWHPACEG023915,(GWHPACEB022454,GWHPACEX022668)))),(((((GWHPACEW023879,GWHPACED023023),GWHPACEV022334),GWHPACEU024138),GWHPACEE023945),GWHPACEA024451)),GLYMA_06G260100_1),GWHPACEJ024765,GLYMA_ZH13_06G239900_1_P);
((((GWHPACEK021769,(GWHPACET024388,(GWHPACEG023915,(GWHPACEB022454,GWHPACEX022668)))),(((((GWHPACEW023879,GWHPACED023023),GWHPACEV022334),GWHPACEU024138),GWHPACEE023945),GWHPACEA024451)),GLYMA_06G260100_1),GWHPACEJ024765,GLYMA_ZH13_06G239900_1_P);
((((GWHPACEK021769,(GWHPACET024388,(GWHPACEG023915,(GWHPACEB022454,GWHPACEX022668)))),(((((GWHPACEW023879,GWHPACED023023),GWHPACEV022334),GWHPACEU024138),GWHPACEE023945),GWHPACEA024451)),GLYMA_06G260100_1),GWHPACEJ024765,GLYMA_ZH13_06G239900_1_P);
((((GWHPACEK021769,(GWHPACET024388,(GWHPACEG023915,(GWHPACEB022454,GWHPACEX022668)))),(((((GWHPACEW023879,GWHPACED023023),GWHPACEV022334),GWHPACEU024138),GWHPACEE023945),GWHPACEA024451)),GLYMA_06G260100_1),GWHPACEJ024765,GLYMA_ZH13_06G239900_1_P);
((((GWHPACEK021769,(GWHPACET024388,(GWHPACEG023915,(GWHPACEB022454,GWHPACEX022668)))),(((((GWHPACEW023879,GWHPACED023023),GWHPACEV022334),GWHPACEU024138),GWHPACEE023945),GWHPACEA024451)),GLYMA_06G260100_1),GWHPACEJ024765,GLYMA_ZH13_06G239900_1_P);
((((GWHPACEK021769,(GWHPACET024388,(GWHPACEG023915,(GWHPACEB022454,GWHPACEX022668)))),(((((GWHPACEW023879,GWHPACED023023),GWHPACEV022334),GWHPACEU024138),GWHPACEE023945),GWHPACEA024451)),GLYMA_06G260100_1),GWHPACEJ024765,GLYMA_ZH13_06G239900_1_P);
((GLYMA_06G260100_1,(GWHPACEK021769,(GWHPACEA024451,(GWHPACED023023,(GWHPACEU024138,(GWHPACEW023879,(GWHPACEV022334,(GWHPACEE023945,(GWHPACET024388,(GWHPACEG023915,(GWHPACEX022668,GWHPACEB022454))))))))))),GWHPACEJ024765,GLYMA_ZH13_06G239900_1_P);
((GLYMA_06G260100_1,(GWHPACEK021769,(GWHPACEA024451,(GWHPACED023023,(GWHPACEU024138,(GWHPACEW023879,(GWHPACEV022334,(GWHPACEE023945,(GWHPACET024388,(GWHPACEG023915,(GWHPACEX022668,GWHPACEB022454))))))))))),GWHPACEJ024765,GLYMA_ZH13_06G239900_1_P);
((GLYMA_06G260100_1,(GWHPACEK021769,(GWHPACEA024451,(GWHPACED023023,(GWHPACEU024138,(GWHPACEW023879,(GWHPACEV022334,(GWHPACEE023945,(GWHPACET024388,(GWHPACEG023915,(GWHPACEX022668,GWHPACEB022454))))))))))),GWHPACEJ024765,GLYMA_ZH13_06G239900_1_P);
((GLYMA_06G260100_1,(GWHPACEK021769,(GWHPACEA024451,(GWHPACED023023,(GWHPACEU024138,(GWHPACEW023879,(GWHPACEV022334,(GWHPACEE023945,(GWHPACET024388,(GWHPACEG023915,(GWHPACEX022668,GWHPACEB022454))))))))))),GWHPACEJ024765,GLYMA_ZH13_06G239900_1_P);
((GLYMA_06G260100_1,(GWHPACEK021769,(GWHPACEA024451,(GWHPACED023023,(GWHPACEU024138,(GWHPACEW023879,(GWHPACEV022334,(GWHPACEE023945,(GWHPACET024388,(GWHPACEG023915,(GWHPACEX022668,GWHPACEB022454))))))))))),GWHPACEJ024765,GLYMA_ZH13_06G239900_1_P);
((GLYMA_06G260100_1,(GWHPACEK021769,(GWHPACEA024451,(GWHPACED023023,(GWHPACEU024138,(GWHPACEW023879,(GWHPACEV022334,(GWHPACEE023945,(GWHPACET024388,(GWHPACEG023915,(GWHPACEX022668,GWHPACEB022454))))))))))),GWHPACEJ024765,GLYMA_ZH13_06G239900_1_P);
((GLYMA_06G260100_1,(GWHPACEK021769,(GWHPACEA024451,(GWHPACED023023,(GWHPACEU024138,(GWHPACEW023879,(GWHPACEV022334,(GWHPACEE023945,(GWHPACET024388,(GWHPACEG023915,(GWHPACEX022668,GWHPACEB022454))))))))))),GWHPACEJ024765,GLYMA_ZH13_06G239900_1_P);
((GLYMA_06G260100_1,(GWHPACEK021769,(GWHPACEA024451,(GWHPACED023023,(GWHPACEU024138,(GWHPACEW023879,(GWHPACEV022334,(GWHPACEE023945,(GWHPACET024388,(GWHPACEG023915,(GWHPACEX022668,GWHPACEB022454))))))))))),GWHPACEJ024765,GLYMA_ZH13_06G239900_1_P);
((GLYMA_06G260100_1,(GWHPACEK021769,(GWHPACEA024451,(GWHPACED023023,(GWHPACEU024138,(GWHPACEW023879,(GWHPACEV022334,(GWHPACEE023945,(GWHPACET024388,(GWHPACEG023915,(GWHPACEX022668,GWHPACEB022454))))))))))),GWHPACEJ024765,GLYMA_ZH13_06G239900_1_P);
((GLYMA_06G260100_1,(GWHPACEK021769,(GWHPACEA024451,(GWHPACED023023,(GWHPACEU024138,(GWHPACEW023879,(GWHPACEV022334,(GWHPACEE023945,(GWHPACET024388,(GWHPACEG023915,(GWHPACEX022668,GWHPACEB022454))))))))))),GWHPACEJ024765,GLYMA_ZH13_06G239900_1_P);
((GWHPACEB022454,(GLYMA_06G260100_1,GWHPACEJ024765)),(((((((((GWHPACEV022334,GWHPACEE023945),GWHPACEX022668),GWHPACEU024138),GWHPACET024388),GWHPACEW023879),GWHPACEA024451),GWHPACEK021769),GWHPACEG023915),GWHPACED023023),GLYMA_ZH13_06G239900_1_P);
((GWHPACEB022454,(GLYMA_06G260100_1,GWHPACEJ024765)),(((((((((GWHPACEV022334,GWHPACEE023945),GWHPACEX022668),GWHPACEU024138),GWHPACET024388),GWHPACEW023879),GWHPACEA024451),GWHPACEK021769),GWHPACEG023915),GWHPACED023023),GLYMA_ZH13_06G239900_1_P);
((GWHPACEB022454,(GLYMA_06G260100_1,GWHPACEJ024765)),(((((((((GWHPACEV022334,GWHPACEE023945),GWHPACEX022668),GWHPACEU024138),GWHPACET024388),GWHPACEW023879),GWHPACEA024451),GWHPACEK021769),GWHPACEG023915),GWHPACED023023),GLYMA_ZH13_06G239900_1_P);
((GWHPACEB022454,(GLYMA_06G260100_1,GWHPACEJ024765)),(((((((((GWHPACEV022334,GWHPACEE023945),GWHPACEX022668),GWHPACEU024138),GWHPACET024388),GWHPACEW023879),GWHPACEA024451),GWHPACEK021769),GWHPACEG023915),GWHPACED023023),GLYMA_ZH13_06G239900_1_P);
((GWHPACEB022454,(GLYMA_06G260100_1,GWHPACEJ024765)),(((((((((GWHPACEV022334,GWHPACEE023945),GWHPACEX022668),GWHPACEU024138),GWHPACET024388),GWHPACEW023879),GWHPACEA024451),GWHPACEK021769),GWHPACEG023915),GWHPACED023023),GLYMA_ZH13_06G239900_1_P);
((GWHPACEB022454,(GLYMA_06G260100_1,GWHPACEJ024765)),(((((((((GWHPACEV022334,GWHPACEE023945),GWHPACEX022668),GWHPACEU024138),GWHPACET024388),GWHPACEW023879),GWHPACEA024451),GWHPACEK021769),GWHPACEG023915),GWHPACED023023),GLYMA_ZH13_06G239900_1_P);
((GWHPACEB022454,(GLYMA_06G260100_1,GWHPACEJ024765)),(((((((((GWHPACEV022334,GWHPACEE023945),GWHPACEX022668),GWHPACEU024138),GWHPACET024388),GWHPACEW023879),GWHPACEA024451),GWHPACEK021769),GWHPACEG023915),GWHPACED023023),GLYMA_ZH13_06G239900_1_P);
((GWHPACEB022454,(GLYMA_06G260100_1,GWHPACEJ024765)),(((((((((GWHPACEV022334,GWHPACEE023945),GWHPACEX022668),GWHPACEU024138),GWHPACET024388),GWHPACEW023879),GWHPACEA024451),GWHPACEK021769),GWHPACEG023915),GWHPACED023023),GLYMA_ZH13_06G239900_1_P);
((GWHPACEB022454,(GLYMA_06G260100_1,GWHPACEJ024765)),(((((((((GWHPACEV022334,GWHPACEE023945),GWHPACEX022668),GWHPACEU024138),GWHPACET024388),GWHPACEW023879),GWHPACEA024451),GWHPACEK021769),GWHPACEG023915),GWHPACED023023),GLYMA_ZH13_06G239900_1_P);
((GWHPACEB022454,(GLYMA_06G260100_1,GWHPACEJ024765)),(((((((((GWHPACEV022334,GWHPACEE023945),GWHPACEX022668),GWHPACEU024138),GWHPACET024388),GWHPACEW023879),GWHPACEA024451),GWHPACEK021769),GWHPACEG023915),GWHPACED023023),GLYMA_ZH13_06G239900_1_P);
(GWHPACEB022454,(GWHPACEJ024765,(GLYMA_06G260100_1,(GWHPACED023023,(GWHPACEV022334,(GWHPACET024388,(GWHPACEW023879,(GWHPACEX022668,(GWHPACEA024451,(GWHPACEU024138,(GWHPACEG023915,(GWHPACEE023945,GWHPACEK021769))))))))))),GLYMA_ZH13_06G239900_1_P);
(GWHPACEB022454,(GWHPACEJ024765,(GLYMA_06G260100_1,(GWHPACED023023,(GWHPACEV022334,(GWHPACET024388,(GWHPACEW023879,(GWHPACEX022668,(GWHPACEA024451,(GWHPACEU024138,(GWHPACEG023915,(GWHPACEE023945,GWHPACEK021769))))))))))),GLYMA_ZH13_06G239900_1_P);
(GWHPACEB022454,(GWHPACEJ024765,(GLYMA_06G260100_1,(GWHPACED023023,(GWHPACEV022334,(GWHPACET024388,(GWHPACEW023879,(GWHPACEX022668,(GWHPACEA024451,(GWHPACEU024138,(GWHPACEG023915,(GWHPACEE023945,GWHPACEK021769))))))))))),GLYMA_ZH13_06G239900_1_P);
(GWHPACEB022454,(GWHPACEJ024765,(GLYMA_06G260100_1,(GWHPACED023023,(GWHPACEV022334,(GWHPACET024388,(GWHPACEW023879,(GWHPACEX022668,(GWHPACEA024451,(GWHPACEU024138,(GWHPACEG023915,(GWHPACEE023945,GWHPACEK021769))))))))))),GLYMA_ZH13_06G239900_1_P);
(GWHPACEB022454,(GWHPACEJ024765,(GLYMA_06G260100_1,(GWHPACED023023,(GWHPACEV022334,(GWHPACET024388,(GWHPACEW023879,(GWHPACEX022668,(GWHPACEA024451,(GWHPACEU024138,(GWHPACEG023915,(GWHPACEE023945,GWHPACEK021769))))))))))),GLYMA_ZH13_06G239900_1_P);
(GWHPACEB022454,(GWHPACEJ024765,(GLYMA_06G260100_1,(GWHPACED023023,(GWHPACEV022334,(GWHPACET024388,(GWHPACEW023879,(GWHPACEX022668,(GWHPACEA024451,(GWHPACEU024138,(GWHPACEG023915,(GWHPACEE023945,GWHPACEK021769))))))))))),GLYMA_ZH13_06G239900_1_P);
(GWHPACEB022454,(GWHPACEJ024765,(GLYMA_06G260100_1,(GWHPACED023023,(GWHPACEV022334,(GWHPACET024388,(GWHPACEW023879,(GWHPACEX022668,(GWHPACEA024451,(GWHPACEU024138,(GWHPACEG023915,(GWHPACEE023945,GWHPACEK021769))))))))))),GLYMA_ZH13_06G239900_1_P);
(GWHPACEB022454,(GWHPACEJ024765,(GLYMA_06G260100_1,(GWHPACED023023,(GWHPACEV022334,(GWHPACET024388,(GWHPACEW023879,(GWHPACEX022668,(GWHPACEA024451,(GWHPACEU024138,(GWHPACEG023915,(GWHPACEE023945,GWHPACEK021769))))))))))),GLYMA_ZH13_06G239900_1_P);
(GWHPACEB022454,(GWHPACEJ024765,(GLYMA_06G260100_1,(GWHPACED023023,(GWHPACEV022334,(GWHPACET024388,(GWHPACEW023879,(GWHPACEX022668,(GWHPACEA024451,(GWHPACEU024138,(GWHPACEG023915,(GWHPACEE023945,GWHPACEK021769))))))))))),GLYMA_ZH13_06G239900_1_P);
(GWHPACEB022454,(GWHPACEJ024765,(GLYMA_06G260100_1,(GWHPACED023023,(GWHPACEV022334,(GWHPACET024388,(GWHPACEW023879,(GWHPACEX022668,(GWHPACEA024451,(GWHPACEU024138,(GWHPACEG023915,(GWHPACEE023945,GWHPACEK021769))))))))))),GLYMA_ZH13_06G239900_1_P);
(GWHPACEJ024765,(((((((((((GWHPACET024388,GWHPACEX022668),GWHPACED023023),GWHPACEU024138),GWHPACEG023915),GWHPACEA024451),GWHPACEB022454),GWHPACEW023879),GWHPACEE023945),GWHPACEV022334),GWHPACEK021769),GLYMA_06G260100_1),GLYMA_ZH13_06G239900_1_P);
(GWHPACEJ024765,(((((((((((GWHPACET024388,GWHPACEX022668),GWHPACED023023),GWHPACEU024138),GWHPACEG023915),GWHPACEA024451),GWHPACEB022454),GWHPACEW023879),GWHPACEE023945),GWHPACEV022334),GWHPACEK021769),GLYMA_06G260100_1),GLYMA_ZH13_06G239900_1_P);
(GWHPACEJ024765,(((((((((((GWHPACET024388,GWHPACEX022668),GWHPACED023023),GWHPACEU024138),GWHPACEG023915),GWHPACEA024451),GWHPACEB022454),GWHPACEW023879),GWHPACEE023945),GWHPACEV022334),GWHPACEK021769),GLYMA_06G260100_1),GLYMA_ZH13_06G239900_1_P);
(GWHPACEJ024765,(((((((((((GWHPACET024388,GWHPACEX022668),GWHPACED023023),GWHPACEU024138),GWHPACEG023915),GWHPACEA024451),GWHPACEB022454),GWHPACEW023879),GWHPACEE023945),GWHPACEV022334),GWHPACEK021769),GLYMA_06G260100_1),GLYMA_ZH13_06G239900_1_P);
(GWHPACEJ024765,(((((((((((GWHPACET024388,GWHPACEX022668),GWHPACED023023),GWHPACEU024138),GWHPACEG023915),GWHPACEA024451),GWHPACEB022454),GWHPACEW023879),GWHPACEE023945),GWHPACEV022334),GWHPACEK021769),GLYMA_06G260100_1),GLYMA_ZH13_06G239900_1_P);
(GWHPACEJ024765,(((((((((((GWHPACET024388,GWHPACEX022668),GWHPACED023023),GWHPACEU024138),GWHPACEG023915),GWHPACEA024451),GWHPACEB022454),GWHPACEW023879),GWHPACEE023945),GWHPACEV022334),GWHPACEK021769),GLYMA_06G260100_1),GLYMA_ZH13_06G239900_1_P);
(GWHPACEJ024765,(((((((((((GWHPACET024388,GWHPACEX022668),GWHPACED023023),GWHPACEU024138),GWHPACEG023915),GWHPACEA024451),GWHPACEB022454),GWHPACEW023879),GWHPACEE023945),GWHPACEV022334),GWHPACEK021769),GLYMA_06G260100_1),GLYMA_ZH13_06G239900_1_P);
(GWHPACEJ024765,(((((((((((GWHPACET024388,GWHPACEX022668),GWHPACED023023),GWHPACEU024138),GWHPACEG023915),GWHPACEA024451),GWHPACEB022454),GWHPACEW023879),GWHPACEE023945),GWHPACEV022334),GWHPACEK021769),GLYMA_06G260100_1),GLYMA_ZH13_06G239900_1_P);
(GWHPACEJ024765,(((((((((((GWHPACET024388,GWHPACEX022668),GWHPACED023023),GWHPACEU024138),GWHPACEG023915),GWHPACEA024451),GWHPACEB022454),GWHPACEW023879),GWHPACEE023945),GWHPACEV022334),GWHPACEK021769),GLYMA_06G260100_1),GLYMA_ZH13_06G239900_1_P);
(GWHPACEJ024765,(((((((((((GWHPACET024388,GWHPACEX022668),GWHPACED023023),GWHPACEU024138),GWHPACEG023915),GWHPACEA024451),GWHPACEB022454),GWHPACEW023879),GWHPACEE023945),GWHPACEV022334),GWHPACEK021769),GLYMA_06G260100_1),GLYMA_ZH13_06G239900_1_P);
(GWHPACEJ024765,((GWHPACET024388,(((((((((GWHPACEV022334,GWHPACEU024138),GWHPACEE023945),GWHPACEK021769),GWHPACEG023915),GWHPACEB022454),GWHPACED023023),GWHPACEW023879),GWHPACEX022668),GWHPACEA024451)),GLYMA_06G260100_1),GLYMA_ZH13_06G239900_1_P);
(GWHPACEJ024765,((GWHPACET024388,(((((((((GWHPACEV022334,GWHPACEU024138),GWHPACEE023945),GWHPACEK021769),GWHPACEG023915),GWHPACEB022454),GWHPACED023023),GWHPACEW023879),GWHPACEX022668),GWHPACEA024451)),GLYMA_06G260100_1),GLYMA_ZH13_06G239900_1_P);
(GWHPACEJ024765,((GWHPACET024388,(((((((((GWHPACEV022334,GWHPACEU024138),GWHPACEE023945),GWHPACEK021769),GWHPACEG023915),GWHPACEB022454),GWHPACED023023),GWHPACEW023879),GWHPACEX022668),GWHPACEA024451)),GLYMA_06G260100_1),GLYMA_ZH13_06G239900_1_P);
(GWHPACEJ024765,((GWHPACET024388,(((((((((GWHPACEV022334,GWHPACEU024138),GWHPACEE023945),GWHPACEK021769),GWHPACEG023915),GWHPACEB022454),GWHPACED023023),GWHPACEW023879),GWHPACEX022668),GWHPACEA024451)),GLYMA_06G260100_1),GLYMA_ZH13_06G239900_1_P);
(GWHPACEJ024765,((GWHPACET024388,(((((((((GWHPACEV022334,GWHPACEU024138),GWHPACEE023945),GWHPACEK021769),GWHPACEG023915),GWHPACEB022454),GWHPACED023023),GWHPACEW023879),GWHPACEX022668),GWHPACEA024451)),GLYMA_06G260100_1),GLYMA_ZH13_06G239900_1_P);
(GWHPACEJ024765,((GWHPACET024388,(((((((((GWHPACEV022334,GWHPACEU024138),GWHPACEE023945),GWHPACEK021769),GWHPACEG023915),GWHPACEB022454),GWHPACED023023),GWHPACEW023879),GWHPACEX022668),GWHPACEA024451)),GLYMA_06G260100_1),GLYMA_ZH13_06G239900_1_P);
(GWHPACEJ024765,((GWHPACET024388,(((((((((GWHPACEV022334,GWHPACEU024138),GWHPACEE023945),GWHPACEK021769),GWHPACEG023915),GWHPACEB022454),GWHPACED023023),GWHPACEW023879),GWHPACEX022668),GWHPACEA024451)),GLYMA_06G260100_1),GLYMA_ZH13_06G239900_1_P);
(GWHPACEJ024765,((GWHPACET024388,(((((((((GWHPACEV022334,GWHPACEU024138),GWHPACEE023945),GWHPACEK021769),GWHPACEG023915),GWHPACEB022454),GWHPACED023023),GWHPACEW023879),GWHPACEX022668),GWHPACEA024451)),GLYMA_06G260100_1),GLYMA_ZH13_06G239900_1_P);
(GWHPACEJ024765,((GWHPACET024388,(((((((((GWHPACEV022334,GWHPACEU024138),GWHPACEE023945),GWHPACEK021769),GWHPACEG023915),GWHPACEB022454),GWHPACED023023),GWHPACEW023879),GWHPACEX022668),GWHPACEA024451)),GLYMA_06G260100_1),GLYMA_ZH13_06G239900_1_P);
(GWHPACEJ024765,((GWHPACET024388,(((((((((GWHPACEV022334,GWHPACEU024138),GWHPACEE023945),GWHPACEK021769),GWHPACEG023915),GWHPACEB022454),GWHPACED023023),GWHPACEW023879),GWHPACEX022668),GWHPACEA024451)),GLYMA_06G260100_1),GLYMA_ZH13_06G239900_1_P);
(GWHPACEJ024765,(((GWHPACED023023,GWHPACEX022668),((((((((GWHPACEV022334,GWHPACEW023879),GWHPACEG023915),GWHPACET024388),GWHPACEA024451),GWHPACEE023945),GWHPACEB022454),GWHPACEK021769),GWHPACEU024138)),GLYMA_06G260100_1),GLYMA_ZH13_06G239900_1_P);
(GWHPACEJ024765,(((GWHPACED023023,GWHPACEX022668),((((((((GWHPACEV022334,GWHPACEW023879),GWHPACEG023915),GWHPACET024388),GWHPACEA024451),GWHPACEE023945),GWHPACEB022454),GWHPACEK021769),GWHPACEU024138)),GLYMA_06G260100_1),GLYMA_ZH13_06G239900_1_P);
(GWHPACEJ024765,(((GWHPACED023023,GWHPACEX022668),((((((((GWHPACEV022334,GWHPACEW023879),GWHPACEG023915),GWHPACET024388),GWHPACEA024451),GWHPACEE023945),GWHPACEB022454),GWHPACEK021769),GWHPACEU024138)),GLYMA_06G260100_1),GLYMA_ZH13_06G239900_1_P);
(GWHPACEJ024765,(((GWHPACED023023,GWHPACEX022668),((((((((GWHPACEV022334,GWHPACEW023879),GWHPACEG023915),GWHPACET024388),GWHPACEA024451),GWHPACEE023945),GWHPACEB022454),GWHPACEK021769),GWHPACEU024138)),GLYMA_06G260100_1),GLYMA_ZH13_06G239900_1_P);
(GWHPACEJ024765,(((GWHPACED023023,GWHPACEX022668),((((((((GWHPACEV022334,GWHPACEW023879),GWHPACEG023915),GWHPACET024388),GWHPACEA024451),GWHPACEE023945),GWHPACEB022454),GWHPACEK021769),GWHPACEU024138)),GLYMA_06G260100_1),GLYMA_ZH13_06G239900_1_P);
(GWHPACEJ024765,(((GWHPACED023023,GWHPACEX022668),((((((((GWHPACEV022334,GWHPACEW023879),GWHPACEG023915),GWHPACET024388),GWHPACEA024451),GWHPACEE023945),GWHPACEB022454),GWHPACEK021769),GWHPACEU024138)),GLYMA_06G260100_1),GLYMA_ZH13_06G239900_1_P);
(GWHPACEJ024765,(((GWHPACED023023,GWHPACEX022668),((((((((GWHPACEV022334,GWHPACEW023879),GWHPACEG023915),GWHPACET024388),GWHPACEA024451),GWHPACEE023945),GWHPACEB022454),GWHPACEK021769),GWHPACEU024138)),GLYMA_06G260100_1),GLYMA_ZH13_06G239900_1_P);
(GWHPACEJ024765,(((GWHPACED023023,GWHPACEX022668),((((((((GWHPACEV022334,GWHPACEW023879),GWHPACEG023915),GWHPACET024388),GWHPACEA024451),GWHPACEE023945),GWHPACEB022454),GWHPACEK021769),GWHPACEU024138)),GLYMA_06G260100_1),GLYMA_ZH13_06G239900_1_P);
(GWHPACEJ024765,(((GWHPACED023023,GWHPACEX022668),((((((((GWHPACEV022334,GWHPACEW023879),GWHPACEG023915),GWHPACET024388),GWHPACEA024451),GWHPACEE023945),GWHPACEB022454),GWHPACEK021769),GWHPACEU024138)),GLYMA_06G260100_1),GLYMA_ZH13_06G239900_1_P);
(GWHPACEJ024765,(((GWHPACED023023,GWHPACEX022668),((((((((GWHPACEV022334,GWHPACEW023879),GWHPACEG023915),GWHPACET024388),GWHPACEA024451),GWHPACEE023945),GWHPACEB022454),GWHPACEK021769),GWHPACEU024138)),GLYMA_06G260100_1),GLYMA_ZH13_06G239900_1_P);
(GLYMA_06G260100_1,(((((((((((GWHPACEV022334,GWHPACEG023915),GWHPACEU024138),GWHPACEX022668),GWHPACED023023),GWHPACEB022454),GWHPACET024388),GWHPACEK021769),GWHPACEW023879),GWHPACEA024451),GWHPACEE023945),GWHPACEJ024765),GLYMA_ZH13_06G239900_1_P);
(GLYMA_06G260100_1,(((((((((((GWHPACEV022334,GWHPACEG023915),GWHPACEU024138),GWHPACEX022668),GWHPACED023023),GWHPACEB022454),GWHPACET024388),GWHPACEK021769),GWHPACEW023879),GWHPACEA024451),GWHPACEE023945),GWHPACEJ024765),GLYMA_ZH13_06G239900_1_P);
(GLYMA_06G260100_1,(((((((((((GWHPACEV022334,GWHPACEG023915),GWHPACEU024138),GWHPACEX022668),GWHPACED023023),GWHPACEB022454),GWHPACET024388),GWHPACEK021769),GWHPACEW023879),GWHPACEA024451),GWHPACEE023945),GWHPACEJ024765),GLYMA_ZH13_06G239900_1_P);
(GLYMA_06G260100_1,(((((((((((GWHPACEV022334,GWHPACEG023915),GWHPACEU024138),GWHPACEX022668),GWHPACED023023),GWHPACEB022454),GWHPACET024388),GWHPACEK021769),GWHPACEW023879),GWHPACEA024451),GWHPACEE023945),GWHPACEJ024765),GLYMA_ZH13_06G239900_1_P);
(GLYMA_06G260100_1,(((((((((((GWHPACEV022334,GWHPACEG023915),GWHPACEU024138),GWHPACEX022668),GWHPACED023023),GWHPACEB022454),GWHPACET024388),GWHPACEK021769),GWHPACEW023879),GWHPACEA024451),GWHPACEE023945),GWHPACEJ024765),GLYMA_ZH13_06G239900_1_P);
(GLYMA_06G260100_1,(((((((((((GWHPACEV022334,GWHPACEG023915),GWHPACEU024138),GWHPACEX022668),GWHPACED023023),GWHPACEB022454),GWHPACET024388),GWHPACEK021769),GWHPACEW023879),GWHPACEA024451),GWHPACEE023945),GWHPACEJ024765),GLYMA_ZH13_06G239900_1_P);
(GLYMA_06G260100_1,(((((((((((GWHPACEV022334,GWHPACEG023915),GWHPACEU024138),GWHPACEX022668),GWHPACED023023),GWHPACEB022454),GWHPACET024388),GWHPACEK021769),GWHPACEW023879),GWHPACEA024451),GWHPACEE023945),GWHPACEJ024765),GLYMA_ZH13_06G239900_1_P);
(GLYMA_06G260100_1,(((((((((((GWHPACEV022334,GWHPACEG023915),GWHPACEU024138),GWHPACEX022668),GWHPACED023023),GWHPACEB022454),GWHPACET024388),GWHPACEK021769),GWHPACEW023879),GWHPACEA024451),GWHPACEE023945),GWHPACEJ024765),GLYMA_ZH13_06G239900_1_P);
(GLYMA_06G260100_1,(((((((((((GWHPACEV022334,GWHPACEG023915),GWHPACEU024138),GWHPACEX022668),GWHPACED023023),GWHPACEB022454),GWHPACET024388),GWHPACEK021769),GWHPACEW023879),GWHPACEA024451),GWHPACEE023945),GWHPACEJ024765),GLYMA_ZH13_06G239900_1_P);
(GLYMA_06G260100_1,(((((((((((GWHPACEV022334,GWHPACEG023915),GWHPACEU024138),GWHPACEX022668),GWHPACED023023),GWHPACEB022454),GWHPACET024388),GWHPACEK021769),GWHPACEW023879),GWHPACEA024451),GWHPACEE023945),GWHPACEJ024765),GLYMA_ZH13_06G239900_1_P);
(GWHPACEJ024765,((GWHPACEW023879,(((((((((GWHPACEU024138,GWHPACEX022668),GWHPACEB022454),GWHPACET024388),GWHPACEK021769),GWHPACEA024451),GWHPACEV022334),GWHPACED023023),GWHPACEG023915),GWHPACEE023945)),GLYMA_06G260100_1),GLYMA_ZH13_06G239900_1_P);
(GWHPACEJ024765,((GWHPACEW023879,(((((((((GWHPACEU024138,GWHPACEX022668),GWHPACEB022454),GWHPACET024388),GWHPACEK021769),GWHPACEA024451),GWHPACEV022334),GWHPACED023023),GWHPACEG023915),GWHPACEE023945)),GLYMA_06G260100_1),GLYMA_ZH13_06G239900_1_P);
(GWHPACEJ024765,((GWHPACEW023879,(((((((((GWHPACEU024138,GWHPACEX022668),GWHPACEB022454),GWHPACET024388),GWHPACEK021769),GWHPACEA024451),GWHPACEV022334),GWHPACED023023),GWHPACEG023915),GWHPACEE023945)),GLYMA_06G260100_1),GLYMA_ZH13_06G239900_1_P);
(GWHPACEJ024765,((GWHPACEW023879,(((((((((GWHPACEU024138,GWHPACEX022668),GWHPACEB022454),GWHPACET024388),GWHPACEK021769),GWHPACEA024451),GWHPACEV022334),GWHPACED023023),GWHPACEG023915),GWHPACEE023945)),GLYMA_06G260100_1),GLYMA_ZH13_06G239900_1_P);
(GWHPACEJ024765,((GWHPACEW023879,(((((((((GWHPACEU024138,GWHPACEX022668),GWHPACEB022454),GWHPACET024388),GWHPACEK021769),GWHPACEA024451),GWHPACEV022334),GWHPACED023023),GWHPACEG023915),GWHPACEE023945)),GLYMA_06G260100_1),GLYMA_ZH13_06G239900_1_P);
(GWHPACEJ024765,((GWHPACEW023879,(((((((((GWHPACEU024138,GWHPACEX022668),GWHPACEB022454),GWHPACET024388),GWHPACEK021769),GWHPACEA024451),GWHPACEV022334),GWHPACED023023),GWHPACEG023915),GWHPACEE023945)),GLYMA_06G260100_1),GLYMA_ZH13_06G239900_1_P);
(GWHPACEJ024765,((GWHPACEW023879,(((((((((GWHPACEU024138,GWHPACEX022668),GWHPACEB022454),GWHPACET024388),GWHPACEK021769),GWHPACEA024451),GWHPACEV022334),GWHPACED023023),GWHPACEG023915),GWHPACEE023945)),GLYMA_06G260100_1),GLYMA_ZH13_06G239900_1_P);
(GWHPACEJ024765,((GWHPACEW023879,(((((((((GWHPACEU024138,GWHPACEX022668),GWHPACEB022454),GWHPACET024388),GWHPACEK021769),GWHPACEA024451),GWHPACEV022334),GWHPACED023023),GWHPACEG023915),GWHPACEE023945)),GLYMA_06G260100_1),GLYMA_ZH13_06G239900_1_P);
(GWHPACEJ024765,((GWHPACEW023879,(((((((((GWHPACEU024138,GWHPACEX022668),GWHPACEB022454),GWHPACET024388),GWHPACEK021769),GWHPACEA024451),GWHPACEV022334),GWHPACED023023),GWHPACEG023915),GWHPACEE023945)),GLYMA_06G260100_1),GLYMA_ZH13_06G239900_1_P);
(GWHPACEJ024765,((GWHPACEW023879,(((((((((GWHPACEU024138,GWHPACEX022668),GWHPACEB022454),GWHPACET024388),GWHPACEK021769),GWHPACEA024451),GWHPACEV022334),GWHPACED023023),GWHPACEG023915),GWHPACEE023945)),GLYMA_06G260100_1),GLYMA_ZH13_06G239900_1_P);
