(GWHPACEJ069370,(((GWHPACEB061412,(GWHPACEN066590,GWHPACEK060224)),((GWHPACDY068100,W05_GLYSO_16G043559_1_P),GLYMA_16G212300_1)),((GLYMA_ZH13_16G188500_1_P,W05_GLYSO_16G044365_1_P),(GWHPACEQ062953,(GWHPACEG066834,(GWHPACEC063184,GWHPACEA067649))))),GWHPACEW067296);
(GWHPACEJ069370,(((GWHPACEB061412,(GWHPACEN066590,GWHPACEK060224)),((GWHPACDY068100,W05_GLYSO_16G043559_1_P),GLYMA_16G212300_1)),((GLYMA_ZH13_16G188500_1_P,W05_GLYSO_16G044365_1_P),(GWHPACEQ062953,(GWHPACEG066834,(GWHPACEC063184,GWHPACEA067649))))),GWHPACEW067296);
(GWHPACEJ069370,(((GWHPACDY068100,W05_GLYSO_16G043559_1_P),GLYMA_16G212300_1),((GLYMA_ZH13_16G188500_1_P,W05_GLYSO_16G044365_1_P),((GWHPACEG066834,(((GWHPACEK060224,(GWHPACEB061412,GWHPACEN066590)),GWHPACEQ062953),GWHPACEA067649)),GWHPACEC063184))),GWHPACEW067296);
(GWHPACEJ069370,((W05_GLYSO_16G044365_1_P,(((GWHPACEK060224,(GLYMA_16G212300_1,(GWHPACEB061412,GWHPACEN066590))),((GWHPACEQ062953,GWHPACEG066834),(GWHPACEC063184,GWHPACEA067649))),GLYMA_ZH13_16G188500_1_P)),(GWHPACDY068100,W05_GLYSO_16G043559_1_P)),GWHPACEW067296);
(GWHPACEJ069370,(GLYMA_ZH13_16G188500_1_P,(W05_GLYSO_16G044365_1_P,((GWHPACEA067649,(((GWHPACEK060224,(((GWHPACDY068100,W05_GLYSO_16G043559_1_P),GLYMA_16G212300_1),(GWHPACEB061412,GWHPACEN066590))),GWHPACEQ062953),GWHPACEG066834)),GWHPACEC063184))),GWHPACEW067296);
(GWHPACEJ069370,(GLYMA_ZH13_16G188500_1_P,(W05_GLYSO_16G044365_1_P,((GWHPACEA067649,(((GWHPACEK060224,(((GWHPACDY068100,W05_GLYSO_16G043559_1_P),GLYMA_16G212300_1),(GWHPACEB061412,GWHPACEN066590))),GWHPACEQ062953),GWHPACEG066834)),GWHPACEC063184))),GWHPACEW067296);
(GWHPACEJ069370,(GLYMA_ZH13_16G188500_1_P,(W05_GLYSO_16G044365_1_P,((GWHPACEA067649,(((GWHPACEK060224,(((GWHPACDY068100,W05_GLYSO_16G043559_1_P),GLYMA_16G212300_1),(GWHPACEB061412,GWHPACEN066590))),GWHPACEQ062953),GWHPACEG066834)),GWHPACEC063184))),GWHPACEW067296);
(GWHPACEJ069370,(GLYMA_ZH13_16G188500_1_P,(W05_GLYSO_16G044365_1_P,((GWHPACEA067649,(((GWHPACEK060224,(((GWHPACDY068100,W05_GLYSO_16G043559_1_P),GLYMA_16G212300_1),(GWHPACEB061412,GWHPACEN066590))),GWHPACEQ062953),GWHPACEG066834)),GWHPACEC063184))),GWHPACEW067296);
(GWHPACEJ069370,((((GWHPACEK060224,GWHPACEB061412),GWHPACEN066590),((GWHPACEQ062953,GWHPACEG066834),(GWHPACEA067649,GWHPACEC063184))),((((GWHPACDY068100,W05_GLYSO_16G043559_1_P),GLYMA_16G212300_1),GLYMA_ZH13_16G188500_1_P),W05_GLYSO_16G044365_1_P)),GWHPACEW067296);
(GWHPACEJ069370,(((GWHPACEK060224,(GWHPACEB061412,GWHPACEN066590)),((GWHPACEQ062953,GWHPACEG066834),(GWHPACEA067649,GWHPACEC063184))),(((GWHPACDY068100,W05_GLYSO_16G043559_1_P),GLYMA_16G212300_1),(GLYMA_ZH13_16G188500_1_P,W05_GLYSO_16G044365_1_P))),GWHPACEW067296);
(GWHPACEJ069370,(((GWHPACEC063184,((GWHPACEG066834,GWHPACEQ062953),GWHPACEA067649)),(GLYMA_ZH13_16G188500_1_P,W05_GLYSO_16G044365_1_P)),((GWHPACEB061412,(GWHPACEK060224,GWHPACEN066590)),((GWHPACDY068100,W05_GLYSO_16G043559_1_P),GLYMA_16G212300_1))),GWHPACEW067296);
(GLYMA_ZH13_16G188500_1_P,((W05_GLYSO_16G044365_1_P,(GWHPACEJ069370,(((GWHPACEC063184,GWHPACEA067649),((GWHPACEB061412,(GWHPACEK060224,GWHPACEN066590)),GWHPACEG066834)),GWHPACEQ062953))),((GWHPACDY068100,W05_GLYSO_16G043559_1_P),GLYMA_16G212300_1)),GWHPACEW067296);
((GWHPACEJ069370,(((GWHPACDY068100,W05_GLYSO_16G043559_1_P),GLYMA_16G212300_1),(GLYMA_ZH13_16G188500_1_P,W05_GLYSO_16G044365_1_P))),(GWHPACEC063184,((GWHPACEA067649,(GWHPACEQ062953,(GWHPACEK060224,(GWHPACEN066590,GWHPACEB061412)))),GWHPACEG066834)),GWHPACEW067296);
(GWHPACEJ069370,((((GWHPACEA067649,GWHPACEC063184),((GWHPACEK060224,(GWHPACEN066590,GWHPACEB061412)),GWHPACEG066834)),GWHPACEQ062953),((((GWHPACDY068100,W05_GLYSO_16G043559_1_P),GLYMA_16G212300_1),GLYMA_ZH13_16G188500_1_P),W05_GLYSO_16G044365_1_P)),GWHPACEW067296);
(GWHPACEJ069370,((GWHPACEC063184,((GWHPACEA067649,(GWHPACEQ062953,(GWHPACEK060224,(GWHPACEN066590,GWHPACEB061412)))),GWHPACEG066834)),(((GWHPACDY068100,W05_GLYSO_16G043559_1_P),GLYMA_16G212300_1),(GLYMA_ZH13_16G188500_1_P,W05_GLYSO_16G044365_1_P))),GWHPACEW067296);
(GWHPACEJ069370,(((GWHPACDY068100,W05_GLYSO_16G043559_1_P),GLYMA_16G212300_1),(W05_GLYSO_16G044365_1_P,(GLYMA_ZH13_16G188500_1_P,(((GWHPACEK060224,(GWHPACEN066590,GWHPACEB061412)),(GWHPACEG066834,GWHPACEQ062953)),(GWHPACEC063184,GWHPACEA067649))))),GWHPACEW067296);
(GWHPACEJ069370,(((GWHPACDY068100,W05_GLYSO_16G043559_1_P),GLYMA_16G212300_1),(((GWHPACEQ062953,(GWHPACEA067649,(GWHPACEG066834,(GWHPACEK060224,(GWHPACEN066590,GWHPACEB061412))))),GWHPACEC063184),(W05_GLYSO_16G044365_1_P,GLYMA_ZH13_16G188500_1_P))),GWHPACEW067296);
(GWHPACEJ069370,(((GWHPACDY068100,W05_GLYSO_16G043559_1_P),GLYMA_16G212300_1),(((GWHPACEG066834,((GWHPACEK060224,(GWHPACEN066590,GWHPACEB061412)),GWHPACEQ062953)),(GWHPACEC063184,GWHPACEA067649)),(W05_GLYSO_16G044365_1_P,GLYMA_ZH13_16G188500_1_P))),GWHPACEW067296);
(GWHPACEJ069370,(((GWHPACDY068100,W05_GLYSO_16G043559_1_P),GLYMA_16G212300_1),(((GWHPACEG066834,((GWHPACEK060224,(GWHPACEN066590,GWHPACEB061412)),GWHPACEQ062953)),(GWHPACEC063184,GWHPACEA067649)),(W05_GLYSO_16G044365_1_P,GLYMA_ZH13_16G188500_1_P))),GWHPACEW067296);
(GWHPACEJ069370,(((GWHPACDY068100,W05_GLYSO_16G043559_1_P),GLYMA_16G212300_1),(((GWHPACEG066834,((GWHPACEK060224,(GWHPACEN066590,GWHPACEB061412)),GWHPACEQ062953)),(GWHPACEC063184,GWHPACEA067649)),(W05_GLYSO_16G044365_1_P,GLYMA_ZH13_16G188500_1_P))),GWHPACEW067296);
(GWHPACEJ069370,(((W05_GLYSO_16G044365_1_P,GLYMA_ZH13_16G188500_1_P),(((((GWHPACEN066590,GWHPACEB061412),GLYMA_16G212300_1),GWHPACEK060224),((GWHPACEQ062953,GWHPACEG066834),GWHPACEA067649)),GWHPACEC063184)),(W05_GLYSO_16G043559_1_P,GWHPACDY068100)),GWHPACEW067296);
(GWHPACEJ069370,((GLYMA_ZH13_16G188500_1_P,(((GWHPACEA067649,((((GWHPACEN066590,GWHPACEB061412),GLYMA_16G212300_1),GWHPACEK060224),(GWHPACEG066834,GWHPACEQ062953))),GWHPACEC063184),W05_GLYSO_16G044365_1_P)),(W05_GLYSO_16G043559_1_P,GWHPACDY068100)),GWHPACEW067296);
(GWHPACEJ069370,((GLYMA_ZH13_16G188500_1_P,(((GWHPACEA067649,((((GWHPACEN066590,GWHPACEB061412),GLYMA_16G212300_1),GWHPACEK060224),(GWHPACEG066834,GWHPACEQ062953))),GWHPACEC063184),W05_GLYSO_16G044365_1_P)),(W05_GLYSO_16G043559_1_P,GWHPACDY068100)),GWHPACEW067296);
(GWHPACEJ069370,((GLYMA_ZH13_16G188500_1_P,(((GWHPACEA067649,((((GWHPACEN066590,GWHPACEB061412),GLYMA_16G212300_1),GWHPACEK060224),(GWHPACEG066834,GWHPACEQ062953))),GWHPACEC063184),W05_GLYSO_16G044365_1_P)),(W05_GLYSO_16G043559_1_P,GWHPACDY068100)),GWHPACEW067296);
(GWHPACEJ069370,(((((((GWHPACEN066590,GWHPACEB061412),GLYMA_16G212300_1),GWHPACEK060224),(GWHPACEG066834,GWHPACEQ062953)),(GWHPACEC063184,GWHPACEA067649)),W05_GLYSO_16G044365_1_P),((W05_GLYSO_16G043559_1_P,GWHPACDY068100),GLYMA_ZH13_16G188500_1_P)),GWHPACEW067296);
(GWHPACEJ069370,(GLYMA_ZH13_16G188500_1_P,(W05_GLYSO_16G044365_1_P,(GWHPACEC063184,(GWHPACEA067649,((((W05_GLYSO_16G043559_1_P,GWHPACDY068100),((GWHPACEN066590,GWHPACEB061412),GLYMA_16G212300_1)),GWHPACEK060224),(GWHPACEG066834,GWHPACEQ062953)))))),GWHPACEW067296);
(GWHPACEJ069370,(GLYMA_ZH13_16G188500_1_P,(W05_GLYSO_16G044365_1_P,(GWHPACEC063184,(GWHPACEA067649,((((GWHPACEN066590,GWHPACEB061412),(GLYMA_16G212300_1,(W05_GLYSO_16G043559_1_P,GWHPACDY068100))),GWHPACEK060224),(GWHPACEG066834,GWHPACEQ062953)))))),GWHPACEW067296);
(GWHPACEJ069370,(GLYMA_ZH13_16G188500_1_P,(W05_GLYSO_16G044365_1_P,(GWHPACEC063184,(GWHPACEA067649,((((GWHPACEN066590,GWHPACEB061412),(GLYMA_16G212300_1,(W05_GLYSO_16G043559_1_P,GWHPACDY068100))),GWHPACEK060224),(GWHPACEG066834,GWHPACEQ062953)))))),GWHPACEW067296);
(GWHPACEJ069370,(GLYMA_ZH13_16G188500_1_P,(W05_GLYSO_16G044365_1_P,(GWHPACEC063184,(GWHPACEA067649,((((GWHPACEN066590,GWHPACEB061412),(GLYMA_16G212300_1,(W05_GLYSO_16G043559_1_P,GWHPACDY068100))),GWHPACEK060224),(GWHPACEG066834,GWHPACEQ062953)))))),GWHPACEW067296);
(GWHPACEJ069370,(GLYMA_ZH13_16G188500_1_P,(W05_GLYSO_16G044365_1_P,(GWHPACEC063184,(GWHPACEA067649,((((GWHPACEN066590,GWHPACEB061412),(GLYMA_16G212300_1,(W05_GLYSO_16G043559_1_P,GWHPACDY068100))),GWHPACEK060224),(GWHPACEG066834,GWHPACEQ062953)))))),GWHPACEW067296);
(GWHPACEJ069370,(W05_GLYSO_16G044365_1_P,((GWHPACEC063184,(((GWHPACEK060224,((GLYMA_16G212300_1,(GWHPACDY068100,W05_GLYSO_16G043559_1_P)),(GWHPACEB061412,GWHPACEN066590))),(GWHPACEG066834,GWHPACEQ062953)),GWHPACEA067649)),GLYMA_ZH13_16G188500_1_P)),GWHPACEW067296);
(GWHPACEJ069370,(W05_GLYSO_16G044365_1_P,((GWHPACEC063184,(((GWHPACEK060224,((GLYMA_16G212300_1,(GWHPACDY068100,W05_GLYSO_16G043559_1_P)),(GWHPACEB061412,GWHPACEN066590))),(GWHPACEG066834,GWHPACEQ062953)),GWHPACEA067649)),GLYMA_ZH13_16G188500_1_P)),GWHPACEW067296);
(GWHPACEJ069370,(W05_GLYSO_16G044365_1_P,((GWHPACEC063184,(((GWHPACEK060224,((GLYMA_16G212300_1,(GWHPACDY068100,W05_GLYSO_16G043559_1_P)),(GWHPACEB061412,GWHPACEN066590))),(GWHPACEG066834,GWHPACEQ062953)),GWHPACEA067649)),GLYMA_ZH13_16G188500_1_P)),GWHPACEW067296);
(GWHPACEJ069370,(W05_GLYSO_16G044365_1_P,((GWHPACEC063184,(((GWHPACEK060224,((GLYMA_16G212300_1,(GWHPACDY068100,W05_GLYSO_16G043559_1_P)),(GWHPACEB061412,GWHPACEN066590))),(GWHPACEG066834,GWHPACEQ062953)),GWHPACEA067649)),GLYMA_ZH13_16G188500_1_P)),GWHPACEW067296);
(GWHPACEJ069370,(W05_GLYSO_16G044365_1_P,((GWHPACEC063184,(((GWHPACEK060224,((GLYMA_16G212300_1,(GWHPACDY068100,W05_GLYSO_16G043559_1_P)),(GWHPACEB061412,GWHPACEN066590))),(GWHPACEG066834,GWHPACEQ062953)),GWHPACEA067649)),GLYMA_ZH13_16G188500_1_P)),GWHPACEW067296);
(W05_GLYSO_16G044365_1_P,((((GWHPACEK060224,(GWHPACEB061412,GWHPACEN066590)),((GWHPACEC063184,(GWHPACEG066834,GWHPACEA067649)),GWHPACEQ062953)),(GLYMA_16G212300_1,(GWHPACDY068100,W05_GLYSO_16G043559_1_P))),(GWHPACEJ069370,GLYMA_ZH13_16G188500_1_P)),GWHPACEW067296);
((GWHPACEJ069370,(GLYMA_16G212300_1,(GWHPACDY068100,W05_GLYSO_16G043559_1_P))),((W05_GLYSO_16G044365_1_P,((GWHPACEC063184,GWHPACEA067649),((GWHPACEK060224,(GWHPACEB061412,GWHPACEN066590)),(GWHPACEG066834,GWHPACEQ062953)))),GLYMA_ZH13_16G188500_1_P),GWHPACEW067296);
(((((GWHPACEK060224,(GWHPACEB061412,GWHPACEN066590)),((GWHPACEC063184,GWHPACEA067649),(GWHPACEG066834,GWHPACEQ062953))),GWHPACEJ069370),(GLYMA_16G212300_1,(GWHPACDY068100,W05_GLYSO_16G043559_1_P))),(GLYMA_ZH13_16G188500_1_P,W05_GLYSO_16G044365_1_P),GWHPACEW067296);
(((((GWHPACEK060224,(GWHPACEB061412,GWHPACEN066590)),((GWHPACEC063184,GWHPACEA067649),(GWHPACEG066834,GWHPACEQ062953))),GWHPACEJ069370),(GLYMA_16G212300_1,(GWHPACDY068100,W05_GLYSO_16G043559_1_P))),(GLYMA_ZH13_16G188500_1_P,W05_GLYSO_16G044365_1_P),GWHPACEW067296);
(GWHPACEJ069370,(((GLYMA_16G212300_1,(GWHPACDY068100,W05_GLYSO_16G043559_1_P)),(GLYMA_ZH13_16G188500_1_P,W05_GLYSO_16G044365_1_P)),((GWHPACEQ062953,((GWHPACEK060224,(GWHPACEB061412,GWHPACEN066590)),(GWHPACEC063184,GWHPACEA067649))),GWHPACEG066834)),GWHPACEW067296);
(GWHPACEJ069370,((W05_GLYSO_16G044365_1_P,GLYMA_ZH13_16G188500_1_P),(GWHPACEG066834,((GWHPACEC063184,GWHPACEA067649),((((GLYMA_16G212300_1,(W05_GLYSO_16G043559_1_P,GWHPACDY068100)),(GWHPACEB061412,GWHPACEN066590)),GWHPACEK060224),GWHPACEQ062953)))),GWHPACEW067296);
(GWHPACEJ069370,((W05_GLYSO_16G044365_1_P,GLYMA_ZH13_16G188500_1_P),(GWHPACEG066834,((GWHPACEC063184,GWHPACEA067649),((((GLYMA_16G212300_1,(W05_GLYSO_16G043559_1_P,GWHPACDY068100)),(GWHPACEB061412,GWHPACEN066590)),GWHPACEK060224),GWHPACEQ062953)))),GWHPACEW067296);
(GWHPACEJ069370,((W05_GLYSO_16G044365_1_P,GLYMA_ZH13_16G188500_1_P),(GWHPACEG066834,((GWHPACEC063184,GWHPACEA067649),((((GLYMA_16G212300_1,(W05_GLYSO_16G043559_1_P,GWHPACDY068100)),(GWHPACEB061412,GWHPACEN066590)),GWHPACEK060224),GWHPACEQ062953)))),GWHPACEW067296);
(GWHPACEJ069370,((W05_GLYSO_16G044365_1_P,GLYMA_ZH13_16G188500_1_P),(GWHPACEG066834,((GWHPACEC063184,GWHPACEA067649),((((GLYMA_16G212300_1,(W05_GLYSO_16G043559_1_P,GWHPACDY068100)),(GWHPACEB061412,GWHPACEN066590)),GWHPACEK060224),GWHPACEQ062953)))),GWHPACEW067296);
(GWHPACEJ069370,((W05_GLYSO_16G044365_1_P,GLYMA_ZH13_16G188500_1_P),(GWHPACEG066834,((GWHPACEC063184,GWHPACEA067649),((((GLYMA_16G212300_1,(W05_GLYSO_16G043559_1_P,GWHPACDY068100)),(GWHPACEB061412,GWHPACEN066590)),GWHPACEK060224),GWHPACEQ062953)))),GWHPACEW067296);
(GWHPACEJ069370,((W05_GLYSO_16G044365_1_P,GLYMA_ZH13_16G188500_1_P),((((GWHPACEB061412,GWHPACEN066590),GWHPACEK060224),(GWHPACEG066834,((GWHPACEC063184,GWHPACEA067649),GWHPACEQ062953))),(GLYMA_16G212300_1,(W05_GLYSO_16G043559_1_P,GWHPACDY068100)))),GWHPACEW067296);
(GWHPACEJ069370,((W05_GLYSO_16G044365_1_P,GLYMA_ZH13_16G188500_1_P),((((((W05_GLYSO_16G043559_1_P,GWHPACDY068100),GLYMA_16G212300_1),(GWHPACEB061412,GWHPACEN066590)),GWHPACEK060224),(GWHPACEG066834,(GWHPACEQ062953,GWHPACEA067649))),GWHPACEC063184)),GWHPACEW067296);
(GWHPACEJ069370,((W05_GLYSO_16G044365_1_P,GLYMA_ZH13_16G188500_1_P),((((((W05_GLYSO_16G043559_1_P,GWHPACDY068100),GLYMA_16G212300_1),(GWHPACEB061412,GWHPACEN066590)),GWHPACEK060224),(GWHPACEG066834,(GWHPACEQ062953,GWHPACEA067649))),GWHPACEC063184)),GWHPACEW067296);
(GWHPACEJ069370,(GLYMA_ZH13_16G188500_1_P,(((GWHPACEC063184,GWHPACEA067649),(((((W05_GLYSO_16G043559_1_P,GWHPACDY068100),GLYMA_16G212300_1),(GWHPACEB061412,GWHPACEN066590)),GWHPACEK060224),(GWHPACEG066834,GWHPACEQ062953))),W05_GLYSO_16G044365_1_P)),GWHPACEW067296);
(GWHPACEJ069370,(((GWHPACEC063184,(((GWHPACEG066834,GWHPACEQ062953),((((W05_GLYSO_16G043559_1_P,GWHPACDY068100),GLYMA_16G212300_1),(GWHPACEB061412,GWHPACEN066590)),GWHPACEK060224)),GWHPACEA067649)),W05_GLYSO_16G044365_1_P),GLYMA_ZH13_16G188500_1_P),GWHPACEW067296);
(((GWHPACEG066834,(GWHPACEQ062953,(((GWHPACEN066590,(((GLYMA_16G212300_1,(GWHPACDY068100,W05_GLYSO_16G043559_1_P)),GLYMA_ZH13_16G188500_1_P),GWHPACEB061412)),GWHPACEK060224),(GWHPACEA067649,GWHPACEC063184)))),GWHPACEJ069370),W05_GLYSO_16G044365_1_P,GWHPACEW067296);
(((GWHPACEG066834,(GWHPACEQ062953,(((GWHPACEN066590,(((GLYMA_16G212300_1,(GWHPACDY068100,W05_GLYSO_16G043559_1_P)),GLYMA_ZH13_16G188500_1_P),GWHPACEB061412)),GWHPACEK060224),(GWHPACEA067649,GWHPACEC063184)))),GWHPACEJ069370),W05_GLYSO_16G044365_1_P,GWHPACEW067296);
((GWHPACEG066834,((GWHPACEA067649,GWHPACEQ062953),(GWHPACEC063184,((((GWHPACDY068100,W05_GLYSO_16G043559_1_P),(GLYMA_ZH13_16G188500_1_P,GLYMA_16G212300_1)),(GWHPACEB061412,GWHPACEN066590)),GWHPACEK060224)))),(GWHPACEJ069370,W05_GLYSO_16G044365_1_P),GWHPACEW067296);
((GWHPACEJ069370,(((GWHPACDY068100,W05_GLYSO_16G043559_1_P),GLYMA_16G212300_1),(GLYMA_ZH13_16G188500_1_P,W05_GLYSO_16G044365_1_P))),(GWHPACEQ062953,((((GWHPACEB061412,GWHPACEN066590),GWHPACEK060224),(GWHPACEA067649,GWHPACEC063184)),GWHPACEG066834)),GWHPACEW067296);
((GWHPACEJ069370,(((GWHPACDY068100,W05_GLYSO_16G043559_1_P),GLYMA_16G212300_1),(GLYMA_ZH13_16G188500_1_P,W05_GLYSO_16G044365_1_P))),(GWHPACEQ062953,((((GWHPACEB061412,GWHPACEN066590),GWHPACEK060224),(GWHPACEA067649,GWHPACEC063184)),GWHPACEG066834)),GWHPACEW067296);
((((GWHPACEQ062953,((GWHPACEC063184,((GWHPACEB061412,GWHPACEN066590),GWHPACEK060224)),GWHPACEA067649)),GWHPACEG066834),GWHPACEJ069370),(((GWHPACDY068100,W05_GLYSO_16G043559_1_P),GLYMA_16G212300_1),(GLYMA_ZH13_16G188500_1_P,W05_GLYSO_16G044365_1_P)),GWHPACEW067296);
((((((GWHPACDY068100,W05_GLYSO_16G043559_1_P),GLYMA_16G212300_1),((GWHPACEB061412,GWHPACEN066590),GWHPACEK060224)),((GWHPACEA067649,GWHPACEC063184),(GWHPACEG066834,GWHPACEQ062953))),GWHPACEJ069370),(GLYMA_ZH13_16G188500_1_P,W05_GLYSO_16G044365_1_P),GWHPACEW067296);
(GWHPACEJ069370,(W05_GLYSO_16G044365_1_P,(((GLYMA_ZH13_16G188500_1_P,(GWHPACDY068100,W05_GLYSO_16G043559_1_P)),GLYMA_16G212300_1),((GWHPACEG066834,(((GWHPACEB061412,GWHPACEN066590),GWHPACEK060224),GWHPACEQ062953)),(GWHPACEA067649,GWHPACEC063184)))),GWHPACEW067296);
(((GLYMA_ZH13_16G188500_1_P,W05_GLYSO_16G044365_1_P),(((((GWHPACDY068100,W05_GLYSO_16G043559_1_P),GLYMA_16G212300_1),(GWHPACEB061412,GWHPACEN066590)),GWHPACEK060224),(GWHPACEQ062953,((GWHPACEA067649,GWHPACEC063184),GWHPACEG066834)))),GWHPACEJ069370,GWHPACEW067296);
(((GLYMA_ZH13_16G188500_1_P,W05_GLYSO_16G044365_1_P),((((((GWHPACDY068100,W05_GLYSO_16G043559_1_P),GLYMA_16G212300_1),(GWHPACEB061412,GWHPACEN066590)),GWHPACEK060224),(GWHPACEQ062953,(GWHPACEA067649,GWHPACEC063184))),GWHPACEG066834)),GWHPACEJ069370,GWHPACEW067296);
((((GWHPACEQ062953,((GWHPACEC063184,GWHPACEA067649),(GWHPACEK060224,(GWHPACEB061412,(GWHPACEN066590,((GWHPACDY068100,W05_GLYSO_16G043559_1_P),GLYMA_16G212300_1)))))),GWHPACEG066834),GWHPACEJ069370),(GLYMA_ZH13_16G188500_1_P,W05_GLYSO_16G044365_1_P),GWHPACEW067296);
((((GWHPACEQ062953,((GWHPACEC063184,GWHPACEA067649),(GWHPACEK060224,(GWHPACEB061412,(GWHPACEN066590,((GWHPACDY068100,W05_GLYSO_16G043559_1_P),GLYMA_16G212300_1)))))),GWHPACEG066834),GWHPACEJ069370),(GLYMA_ZH13_16G188500_1_P,W05_GLYSO_16G044365_1_P),GWHPACEW067296);
((((GWHPACEQ062953,((GWHPACEC063184,GWHPACEA067649),(GWHPACEK060224,(GWHPACEB061412,(GWHPACEN066590,((GWHPACDY068100,W05_GLYSO_16G043559_1_P),GLYMA_16G212300_1)))))),GWHPACEG066834),GWHPACEJ069370),(GLYMA_ZH13_16G188500_1_P,W05_GLYSO_16G044365_1_P),GWHPACEW067296);
((((GWHPACEQ062953,((GWHPACEC063184,GWHPACEA067649),(GWHPACEK060224,(GWHPACEB061412,(GWHPACEN066590,((GWHPACDY068100,W05_GLYSO_16G043559_1_P),GLYMA_16G212300_1)))))),GWHPACEG066834),GWHPACEJ069370),(GLYMA_ZH13_16G188500_1_P,W05_GLYSO_16G044365_1_P),GWHPACEW067296);
(((((GWHPACEG066834,(GWHPACEQ062953,(GWHPACEC063184,GWHPACEA067649))),(GWHPACEK060224,(GWHPACEB061412,GWHPACEN066590))),((GWHPACDY068100,W05_GLYSO_16G043559_1_P),GLYMA_16G212300_1)),GWHPACEJ069370),(GLYMA_ZH13_16G188500_1_P,W05_GLYSO_16G044365_1_P),GWHPACEW067296);
(((((GWHPACEG066834,(GWHPACEQ062953,(GWHPACEC063184,GWHPACEA067649))),(GWHPACEK060224,(GWHPACEB061412,GWHPACEN066590))),((GWHPACDY068100,W05_GLYSO_16G043559_1_P),GLYMA_16G212300_1)),GWHPACEJ069370),(GLYMA_ZH13_16G188500_1_P,W05_GLYSO_16G044365_1_P),GWHPACEW067296);
((((GWHPACEK060224,(((GWHPACDY068100,W05_GLYSO_16G043559_1_P),GLYMA_16G212300_1),(GWHPACEB061412,GWHPACEN066590))),((GWHPACEG066834,(GWHPACEC063184,GWHPACEA067649)),GWHPACEQ062953)),(GLYMA_ZH13_16G188500_1_P,W05_GLYSO_16G044365_1_P)),GWHPACEJ069370,GWHPACEW067296);
((((GWHPACEK060224,(((GWHPACDY068100,W05_GLYSO_16G043559_1_P),GLYMA_16G212300_1),(GWHPACEB061412,GWHPACEN066590))),((GWHPACEG066834,(GWHPACEC063184,GWHPACEA067649)),GWHPACEQ062953)),(GLYMA_ZH13_16G188500_1_P,W05_GLYSO_16G044365_1_P)),GWHPACEJ069370,GWHPACEW067296);
(((((GWHPACEK060224,(GWHPACEB061412,GWHPACEN066590)),((GWHPACEG066834,(GWHPACEC063184,GWHPACEA067649)),GWHPACEQ062953)),((GWHPACDY068100,W05_GLYSO_16G043559_1_P),GLYMA_16G212300_1)),(GLYMA_ZH13_16G188500_1_P,W05_GLYSO_16G044365_1_P)),GWHPACEJ069370,GWHPACEW067296);
(((((GWHPACEC063184,GWHPACEA067649),(GWHPACEQ062953,GWHPACEG066834)),(GWHPACEK060224,(((GWHPACDY068100,W05_GLYSO_16G043559_1_P),GLYMA_16G212300_1),(GWHPACEB061412,GWHPACEN066590)))),(GLYMA_ZH13_16G188500_1_P,W05_GLYSO_16G044365_1_P)),GWHPACEJ069370,GWHPACEW067296);
((GLYMA_ZH13_16G188500_1_P,W05_GLYSO_16G044365_1_P),(((GWHPACEQ062953,((GWHPACEK060224,((GLYMA_16G212300_1,(W05_GLYSO_16G043559_1_P,GWHPACDY068100)),(GWHPACEN066590,GWHPACEB061412))),(GWHPACEC063184,GWHPACEA067649))),GWHPACEG066834),GWHPACEJ069370),GWHPACEW067296);
((GLYMA_ZH13_16G188500_1_P,W05_GLYSO_16G044365_1_P),((((GWHPACEK060224,(GWHPACEN066590,GWHPACEB061412)),(GWHPACEC063184,(GWHPACEQ062953,(GWHPACEG066834,GWHPACEA067649)))),(GLYMA_16G212300_1,(W05_GLYSO_16G043559_1_P,GWHPACDY068100))),GWHPACEJ069370),GWHPACEW067296);
((((GWHPACEC063184,GWHPACEA067649),(GWHPACEG066834,(GWHPACEQ062953,(GWHPACEK060224,(((W05_GLYSO_16G043559_1_P,GWHPACDY068100),GLYMA_16G212300_1),(GWHPACEN066590,GWHPACEB061412)))))),(GLYMA_ZH13_16G188500_1_P,W05_GLYSO_16G044365_1_P)),GWHPACEJ069370,GWHPACEW067296);
((((GWHPACEC063184,GWHPACEA067649),(GWHPACEG066834,(GWHPACEQ062953,(GWHPACEK060224,(((W05_GLYSO_16G043559_1_P,GWHPACDY068100),GLYMA_16G212300_1),(GWHPACEN066590,GWHPACEB061412)))))),(GLYMA_ZH13_16G188500_1_P,W05_GLYSO_16G044365_1_P)),GWHPACEJ069370,GWHPACEW067296);
(((GWHPACEC063184,(GWHPACEA067649,((GWHPACEK060224,(((W05_GLYSO_16G043559_1_P,GWHPACDY068100),GLYMA_16G212300_1),(GWHPACEN066590,GWHPACEB061412))),(GWHPACEG066834,GWHPACEQ062953)))),(GLYMA_ZH13_16G188500_1_P,W05_GLYSO_16G044365_1_P)),GWHPACEJ069370,GWHPACEW067296);
(((GWHPACEC063184,(GWHPACEA067649,((GWHPACEK060224,(((W05_GLYSO_16G043559_1_P,GWHPACDY068100),GLYMA_16G212300_1),(GWHPACEN066590,GWHPACEB061412))),(GWHPACEG066834,GWHPACEQ062953)))),(GLYMA_ZH13_16G188500_1_P,W05_GLYSO_16G044365_1_P)),GWHPACEJ069370,GWHPACEW067296);
(((GWHPACEC063184,(GWHPACEA067649,((GWHPACEK060224,(((W05_GLYSO_16G043559_1_P,GWHPACDY068100),GLYMA_16G212300_1),(GWHPACEN066590,GWHPACEB061412))),(GWHPACEG066834,GWHPACEQ062953)))),(GLYMA_ZH13_16G188500_1_P,W05_GLYSO_16G044365_1_P)),GWHPACEJ069370,GWHPACEW067296);
(((GWHPACEC063184,(GWHPACEA067649,((GWHPACEK060224,(((W05_GLYSO_16G043559_1_P,GWHPACDY068100),GLYMA_16G212300_1),(GWHPACEN066590,GWHPACEB061412))),(GWHPACEG066834,GWHPACEQ062953)))),(GLYMA_ZH13_16G188500_1_P,W05_GLYSO_16G044365_1_P)),GWHPACEJ069370,GWHPACEW067296);
(((GWHPACEC063184,(GWHPACEA067649,((GWHPACEK060224,(((W05_GLYSO_16G043559_1_P,GWHPACDY068100),GLYMA_16G212300_1),(GWHPACEN066590,GWHPACEB061412))),(GWHPACEG066834,GWHPACEQ062953)))),(GLYMA_ZH13_16G188500_1_P,W05_GLYSO_16G044365_1_P)),GWHPACEJ069370,GWHPACEW067296);
(((GWHPACEC063184,(GWHPACEA067649,((GWHPACEK060224,(((W05_GLYSO_16G043559_1_P,GWHPACDY068100),GLYMA_16G212300_1),(GWHPACEN066590,GWHPACEB061412))),(GWHPACEG066834,GWHPACEQ062953)))),(GLYMA_ZH13_16G188500_1_P,W05_GLYSO_16G044365_1_P)),GWHPACEJ069370,GWHPACEW067296);
((W05_GLYSO_16G044365_1_P,((GWHPACEC063184,(((GWHPACEG066834,GWHPACEQ062953),((GWHPACEN066590,(GWHPACEB061412,(GLYMA_16G212300_1,(GWHPACDY068100,W05_GLYSO_16G043559_1_P)))),GWHPACEK060224)),GWHPACEA067649)),GLYMA_ZH13_16G188500_1_P)),GWHPACEJ069370,GWHPACEW067296);
((W05_GLYSO_16G044365_1_P,((GWHPACEC063184,(((GWHPACEG066834,GWHPACEQ062953),((GWHPACEN066590,(GWHPACEB061412,(GLYMA_16G212300_1,(GWHPACDY068100,W05_GLYSO_16G043559_1_P)))),GWHPACEK060224)),GWHPACEA067649)),GLYMA_ZH13_16G188500_1_P)),GWHPACEJ069370,GWHPACEW067296);
((W05_GLYSO_16G044365_1_P,((GWHPACEC063184,(((GWHPACEG066834,GWHPACEQ062953),((GWHPACEN066590,(GWHPACEB061412,(GLYMA_16G212300_1,(GWHPACDY068100,W05_GLYSO_16G043559_1_P)))),GWHPACEK060224)),GWHPACEA067649)),GLYMA_ZH13_16G188500_1_P)),GWHPACEJ069370,GWHPACEW067296);
((W05_GLYSO_16G044365_1_P,((GWHPACEC063184,(((GWHPACEG066834,GWHPACEQ062953),((GWHPACEN066590,(GWHPACEB061412,(GLYMA_16G212300_1,(GWHPACDY068100,W05_GLYSO_16G043559_1_P)))),GWHPACEK060224)),GWHPACEA067649)),GLYMA_ZH13_16G188500_1_P)),GWHPACEJ069370,GWHPACEW067296);
((W05_GLYSO_16G044365_1_P,((GWHPACEC063184,(((GWHPACEG066834,GWHPACEQ062953),((GWHPACEN066590,(GWHPACEB061412,(GLYMA_16G212300_1,(GWHPACDY068100,W05_GLYSO_16G043559_1_P)))),GWHPACEK060224)),GWHPACEA067649)),GLYMA_ZH13_16G188500_1_P)),GWHPACEJ069370,GWHPACEW067296);
((W05_GLYSO_16G044365_1_P,((GWHPACEC063184,(((GWHPACEG066834,GWHPACEQ062953),((GWHPACEN066590,(GWHPACEB061412,(GLYMA_16G212300_1,(GWHPACDY068100,W05_GLYSO_16G043559_1_P)))),GWHPACEK060224)),GWHPACEA067649)),GLYMA_ZH13_16G188500_1_P)),GWHPACEJ069370,GWHPACEW067296);
((W05_GLYSO_16G044365_1_P,((GWHPACEC063184,(((GWHPACEG066834,GWHPACEQ062953),((GWHPACEN066590,(GWHPACEB061412,(GLYMA_16G212300_1,(GWHPACDY068100,W05_GLYSO_16G043559_1_P)))),GWHPACEK060224)),GWHPACEA067649)),GLYMA_ZH13_16G188500_1_P)),GWHPACEJ069370,GWHPACEW067296);
((W05_GLYSO_16G044365_1_P,((GWHPACEC063184,(((GWHPACEG066834,GWHPACEQ062953),((GWHPACEN066590,(GWHPACEB061412,(GLYMA_16G212300_1,(GWHPACDY068100,W05_GLYSO_16G043559_1_P)))),GWHPACEK060224)),GWHPACEA067649)),GLYMA_ZH13_16G188500_1_P)),GWHPACEJ069370,GWHPACEW067296);
((W05_GLYSO_16G044365_1_P,((GWHPACEC063184,(((GWHPACEG066834,GWHPACEQ062953),((GWHPACEN066590,(GWHPACEB061412,(GLYMA_16G212300_1,(GWHPACDY068100,W05_GLYSO_16G043559_1_P)))),GWHPACEK060224)),GWHPACEA067649)),GLYMA_ZH13_16G188500_1_P)),GWHPACEJ069370,GWHPACEW067296);
((W05_GLYSO_16G044365_1_P,((GWHPACEC063184,(((GWHPACEG066834,GWHPACEQ062953),((GWHPACEN066590,(GWHPACEB061412,(GLYMA_16G212300_1,(GWHPACDY068100,W05_GLYSO_16G043559_1_P)))),GWHPACEK060224)),GWHPACEA067649)),GLYMA_ZH13_16G188500_1_P)),GWHPACEJ069370,GWHPACEW067296);
((W05_GLYSO_16G044365_1_P,((GWHPACEC063184,(GWHPACEA067649,(GWHPACEQ062953,(GWHPACEG066834,(GWHPACEK060224,(((GWHPACDY068100,W05_GLYSO_16G043559_1_P),GLYMA_16G212300_1),(GWHPACEB061412,GWHPACEN066590))))))),GLYMA_ZH13_16G188500_1_P)),GWHPACEJ069370,GWHPACEW067296);
((W05_GLYSO_16G044365_1_P,((GWHPACEC063184,(GWHPACEA067649,(GWHPACEQ062953,(GWHPACEG066834,(GWHPACEK060224,(((GWHPACDY068100,W05_GLYSO_16G043559_1_P),GLYMA_16G212300_1),(GWHPACEB061412,GWHPACEN066590))))))),GLYMA_ZH13_16G188500_1_P)),GWHPACEJ069370,GWHPACEW067296);
((W05_GLYSO_16G044365_1_P,((GWHPACEC063184,(GWHPACEA067649,(GWHPACEQ062953,(GWHPACEG066834,(GWHPACEK060224,(((GWHPACDY068100,W05_GLYSO_16G043559_1_P),GLYMA_16G212300_1),(GWHPACEB061412,GWHPACEN066590))))))),GLYMA_ZH13_16G188500_1_P)),GWHPACEJ069370,GWHPACEW067296);
((W05_GLYSO_16G044365_1_P,((GWHPACEC063184,(GWHPACEA067649,(GWHPACEQ062953,(GWHPACEG066834,(GWHPACEK060224,(((GWHPACDY068100,W05_GLYSO_16G043559_1_P),GLYMA_16G212300_1),(GWHPACEB061412,GWHPACEN066590))))))),GLYMA_ZH13_16G188500_1_P)),GWHPACEJ069370,GWHPACEW067296);
((W05_GLYSO_16G044365_1_P,((GWHPACEC063184,(GWHPACEA067649,(GWHPACEQ062953,(GWHPACEG066834,(GWHPACEK060224,(((GWHPACDY068100,W05_GLYSO_16G043559_1_P),GLYMA_16G212300_1),(GWHPACEB061412,GWHPACEN066590))))))),GLYMA_ZH13_16G188500_1_P)),GWHPACEJ069370,GWHPACEW067296);
((W05_GLYSO_16G044365_1_P,((GWHPACEC063184,(GWHPACEA067649,(GWHPACEQ062953,(GWHPACEG066834,(GWHPACEK060224,(((GWHPACDY068100,W05_GLYSO_16G043559_1_P),GLYMA_16G212300_1),(GWHPACEB061412,GWHPACEN066590))))))),GLYMA_ZH13_16G188500_1_P)),GWHPACEJ069370,GWHPACEW067296);
((W05_GLYSO_16G044365_1_P,((GWHPACEC063184,(GWHPACEA067649,(GWHPACEQ062953,(GWHPACEG066834,(GWHPACEK060224,(((GWHPACDY068100,W05_GLYSO_16G043559_1_P),GLYMA_16G212300_1),(GWHPACEB061412,GWHPACEN066590))))))),GLYMA_ZH13_16G188500_1_P)),GWHPACEJ069370,GWHPACEW067296);
((W05_GLYSO_16G044365_1_P,((GWHPACEC063184,(GWHPACEA067649,(GWHPACEQ062953,(GWHPACEG066834,(GWHPACEK060224,(((GWHPACDY068100,W05_GLYSO_16G043559_1_P),GLYMA_16G212300_1),(GWHPACEB061412,GWHPACEN066590))))))),GLYMA_ZH13_16G188500_1_P)),GWHPACEJ069370,GWHPACEW067296);
((W05_GLYSO_16G044365_1_P,((GWHPACEC063184,(GWHPACEA067649,(GWHPACEQ062953,(GWHPACEG066834,(GWHPACEK060224,(((GWHPACDY068100,W05_GLYSO_16G043559_1_P),GLYMA_16G212300_1),(GWHPACEB061412,GWHPACEN066590))))))),GLYMA_ZH13_16G188500_1_P)),GWHPACEJ069370,GWHPACEW067296);
((W05_GLYSO_16G044365_1_P,((GWHPACEC063184,(GWHPACEA067649,(GWHPACEQ062953,(GWHPACEG066834,(GWHPACEK060224,(((GWHPACDY068100,W05_GLYSO_16G043559_1_P),GLYMA_16G212300_1),(GWHPACEB061412,GWHPACEN066590))))))),GLYMA_ZH13_16G188500_1_P)),GWHPACEJ069370,GWHPACEW067296);
