(GWHPACDY024545,(GWHPACEH024011,(GWHPACEP022660,(GWHPACEE023938,(GWHPACEO024062,(GWHPACEG023905,(GWHPACED023017,(GLYMA_ZH13_06G239200_1_P,(GWHPACEB022446,(GWHPACEI024784,(GWHPACEJ024758,(GWHPACEN023705,GWHPACES024164))))))))))),W05_GLYSO_06G015834_1_P);
(GWHPACDY024545,(GWHPACEH024011,(GWHPACEP022660,(GWHPACEE023938,(GWHPACEO024062,(GWHPACEG023905,(GWHPACED023017,(GLYMA_ZH13_06G239200_1_P,(GWHPACEB022446,(GWHPACEI024784,(GWHPACEJ024758,(GWHPACEN023705,GWHPACES024164))))))))))),W05_GLYSO_06G015834_1_P);
(GWHPACDY024545,(GWHPACEH024011,(GWHPACEP022660,(GWHPACEE023938,(GWHPACEO024062,(GWHPACEG023905,(GWHPACED023017,(GLYMA_ZH13_06G239200_1_P,(GWHPACEB022446,(GWHPACEI024784,(GWHPACEJ024758,(GWHPACEN023705,GWHPACES024164))))))))))),W05_GLYSO_06G015834_1_P);
(GWHPACDY024545,(GWHPACEH024011,(GWHPACEP022660,(GWHPACEE023938,(GWHPACEO024062,(GWHPACEG023905,(GWHPACED023017,(GLYMA_ZH13_06G239200_1_P,(GWHPACEB022446,(GWHPACEI024784,(GWHPACEJ024758,(GWHPACEN023705,GWHPACES024164))))))))))),W05_GLYSO_06G015834_1_P);
(GWHPACDY024545,(GWHPACEH024011,(GWHPACEP022660,(GWHPACEE023938,(GWHPACEO024062,(GWHPACEG023905,(GWHPACED023017,(GLYMA_ZH13_06G239200_1_P,(GWHPACEB022446,(GWHPACEI024784,(GWHPACEJ024758,(GWHPACEN023705,GWHPACES024164))))))))))),W05_GLYSO_06G015834_1_P);
(GWHPACDY024545,(GWHPACEH024011,(GWHPACEP022660,(GWHPACEE023938,(GWHPACEO024062,(GWHPACEG023905,(GWHPACED023017,(GLYMA_ZH13_06G239200_1_P,(GWHPACEB022446,(GWHPACEI024784,(GWHPACEJ024758,(GWHPACEN023705,GWHPACES024164))))))))))),W05_GLYSO_06G015834_1_P);
(GWHPACDY024545,(GWHPACEH024011,(GWHPACEP022660,(GWHPACEE023938,(GWHPACEO024062,(GWHPACEG023905,(GWHPACED023017,(GLYMA_ZH13_06G239200_1_P,(GWHPACEB022446,(GWHPACEI024784,(GWHPACEJ024758,(GWHPACEN023705,GWHPACES024164))))))))))),W05_GLYSO_06G015834_1_P);
(GWHPACDY024545,(GWHPACEH024011,(GWHPACEP022660,(GWHPACEE023938,(GWHPACEO024062,(GWHPACEG023905,(GWHPACED023017,(GLYMA_ZH13_06G239200_1_P,(GWHPACEB022446,(GWHPACEI024784,(GWHPACEJ024758,(GWHPACEN023705,GWHPACES024164))))))))))),W05_GLYSO_06G015834_1_P);
(GWHPACDY024545,(GWHPACEH024011,(GWHPACEP022660,(GWHPACEE023938,(GWHPACEO024062,(GWHPACEG023905,(GWHPACED023017,(GLYMA_ZH13_06G239200_1_P,(GWHPACEB022446,(GWHPACEI024784,(GWHPACEJ024758,(GWHPACEN023705,GWHPACES024164))))))))))),W05_GLYSO_06G015834_1_P);
(GWHPACDY024545,(GWHPACEH024011,(GWHPACEP022660,(GWHPACEE023938,(GWHPACEO024062,(GWHPACEG023905,(GWHPACED023017,(GLYMA_ZH13_06G239200_1_P,(GWHPACEB022446,(GWHPACEI024784,(GWHPACEJ024758,(GWHPACEN023705,GWHPACES024164))))))))))),W05_GLYSO_06G015834_1_P);
(((GWHPACEB022446,(GWHPACEI024784,(GWHPACEG023905,(GWHPACEN023705,GWHPACES024164)))),((((((GWHPACEJ024758,GWHPACEP022660),GWHPACEH024011),GWHPACEE023938),GLYMA_ZH13_06G239200_1_P),GWHPACED023017),GWHPACEO024062)),GWHPACDY024545,W05_GLYSO_06G015834_1_P);
(((GWHPACEB022446,(GWHPACEI024784,(GWHPACEG023905,(GWHPACEN023705,GWHPACES024164)))),((((((GWHPACEJ024758,GWHPACEP022660),GWHPACEH024011),GWHPACEE023938),GLYMA_ZH13_06G239200_1_P),GWHPACED023017),GWHPACEO024062)),GWHPACDY024545,W05_GLYSO_06G015834_1_P);
(((GWHPACEB022446,(GWHPACEI024784,(GWHPACEG023905,(GWHPACEN023705,GWHPACES024164)))),((((((GWHPACEJ024758,GWHPACEP022660),GWHPACEH024011),GWHPACEE023938),GLYMA_ZH13_06G239200_1_P),GWHPACED023017),GWHPACEO024062)),GWHPACDY024545,W05_GLYSO_06G015834_1_P);
(((GWHPACEB022446,(GWHPACEI024784,(GWHPACEG023905,(GWHPACEN023705,GWHPACES024164)))),((((((GWHPACEJ024758,GWHPACEP022660),GWHPACEH024011),GWHPACEE023938),GLYMA_ZH13_06G239200_1_P),GWHPACED023017),GWHPACEO024062)),GWHPACDY024545,W05_GLYSO_06G015834_1_P);
(((GWHPACEB022446,(GWHPACEI024784,(GWHPACEG023905,(GWHPACEN023705,GWHPACES024164)))),((((((GWHPACEJ024758,GWHPACEP022660),GWHPACEH024011),GWHPACEE023938),GLYMA_ZH13_06G239200_1_P),GWHPACED023017),GWHPACEO024062)),GWHPACDY024545,W05_GLYSO_06G015834_1_P);
(((GWHPACEB022446,(GWHPACEI024784,(GWHPACEG023905,(GWHPACEN023705,GWHPACES024164)))),((((((GWHPACEJ024758,GWHPACEP022660),GWHPACEH024011),GWHPACEE023938),GLYMA_ZH13_06G239200_1_P),GWHPACED023017),GWHPACEO024062)),GWHPACDY024545,W05_GLYSO_06G015834_1_P);
(((GWHPACEB022446,(GWHPACEI024784,(GWHPACEG023905,(GWHPACEN023705,GWHPACES024164)))),((((((GWHPACEJ024758,GWHPACEP022660),GWHPACEH024011),GWHPACEE023938),GLYMA_ZH13_06G239200_1_P),GWHPACED023017),GWHPACEO024062)),GWHPACDY024545,W05_GLYSO_06G015834_1_P);
(((GWHPACEB022446,(GWHPACEI024784,(GWHPACEG023905,(GWHPACEN023705,GWHPACES024164)))),((((((GWHPACEJ024758,GWHPACEP022660),GWHPACEH024011),GWHPACEE023938),GLYMA_ZH13_06G239200_1_P),GWHPACED023017),GWHPACEO024062)),GWHPACDY024545,W05_GLYSO_06G015834_1_P);
(((GWHPACEB022446,(GWHPACEI024784,(GWHPACEG023905,(GWHPACEN023705,GWHPACES024164)))),((((((GWHPACEJ024758,GWHPACEP022660),GWHPACEH024011),GWHPACEE023938),GLYMA_ZH13_06G239200_1_P),GWHPACED023017),GWHPACEO024062)),GWHPACDY024545,W05_GLYSO_06G015834_1_P);
(((GWHPACEB022446,(GWHPACEI024784,(GWHPACEG023905,(GWHPACEN023705,GWHPACES024164)))),((((((GWHPACEJ024758,GWHPACEP022660),GWHPACEH024011),GWHPACEE023938),GLYMA_ZH13_06G239200_1_P),GWHPACED023017),GWHPACEO024062)),GWHPACDY024545,W05_GLYSO_06G015834_1_P);
(GWHPACDY024545,((GLYMA_ZH13_06G239200_1_P,(GWHPACEI024784,(GWHPACEG023905,(GWHPACES024164,GWHPACEN023705)))),((((((GWHPACED023017,GWHPACEB022446),GWHPACEO024062),GWHPACEE023938),GWHPACEP022660),GWHPACEH024011),GWHPACEJ024758)),W05_GLYSO_06G015834_1_P);
(GWHPACDY024545,((GLYMA_ZH13_06G239200_1_P,(GWHPACEI024784,(GWHPACEG023905,(GWHPACES024164,GWHPACEN023705)))),((((((GWHPACED023017,GWHPACEB022446),GWHPACEO024062),GWHPACEE023938),GWHPACEP022660),GWHPACEH024011),GWHPACEJ024758)),W05_GLYSO_06G015834_1_P);
(GWHPACDY024545,((GLYMA_ZH13_06G239200_1_P,(GWHPACEI024784,(GWHPACEG023905,(GWHPACES024164,GWHPACEN023705)))),((((((GWHPACED023017,GWHPACEB022446),GWHPACEO024062),GWHPACEE023938),GWHPACEP022660),GWHPACEH024011),GWHPACEJ024758)),W05_GLYSO_06G015834_1_P);
(GWHPACDY024545,((GLYMA_ZH13_06G239200_1_P,(GWHPACEI024784,(GWHPACEG023905,(GWHPACES024164,GWHPACEN023705)))),((((((GWHPACED023017,GWHPACEB022446),GWHPACEO024062),GWHPACEE023938),GWHPACEP022660),GWHPACEH024011),GWHPACEJ024758)),W05_GLYSO_06G015834_1_P);
(GWHPACDY024545,((GLYMA_ZH13_06G239200_1_P,(GWHPACEI024784,(GWHPACEG023905,(GWHPACES024164,GWHPACEN023705)))),((((((GWHPACED023017,GWHPACEB022446),GWHPACEO024062),GWHPACEE023938),GWHPACEP022660),GWHPACEH024011),GWHPACEJ024758)),W05_GLYSO_06G015834_1_P);
(GWHPACDY024545,((GLYMA_ZH13_06G239200_1_P,(GWHPACEI024784,(GWHPACEG023905,(GWHPACES024164,GWHPACEN023705)))),((((((GWHPACED023017,GWHPACEB022446),GWHPACEO024062),GWHPACEE023938),GWHPACEP022660),GWHPACEH024011),GWHPACEJ024758)),W05_GLYSO_06G015834_1_P);
(GWHPACDY024545,((GLYMA_ZH13_06G239200_1_P,(GWHPACEI024784,(GWHPACEG023905,(GWHPACES024164,GWHPACEN023705)))),((((((GWHPACED023017,GWHPACEB022446),GWHPACEO024062),GWHPACEE023938),GWHPACEP022660),GWHPACEH024011),GWHPACEJ024758)),W05_GLYSO_06G015834_1_P);
(GWHPACDY024545,((GLYMA_ZH13_06G239200_1_P,(GWHPACEI024784,(GWHPACEG023905,(GWHPACES024164,GWHPACEN023705)))),((((((GWHPACED023017,GWHPACEB022446),GWHPACEO024062),GWHPACEE023938),GWHPACEP022660),GWHPACEH024011),GWHPACEJ024758)),W05_GLYSO_06G015834_1_P);
(GWHPACDY024545,((GLYMA_ZH13_06G239200_1_P,(GWHPACEI024784,(GWHPACEG023905,(GWHPACES024164,GWHPACEN023705)))),((((((GWHPACED023017,GWHPACEB022446),GWHPACEO024062),GWHPACEE023938),GWHPACEP022660),GWHPACEH024011),GWHPACEJ024758)),W05_GLYSO_06G015834_1_P);
(GWHPACDY024545,((GLYMA_ZH13_06G239200_1_P,(GWHPACEI024784,(GWHPACEG023905,(GWHPACES024164,GWHPACEN023705)))),((((((GWHPACED023017,GWHPACEB022446),GWHPACEO024062),GWHPACEE023938),GWHPACEP022660),GWHPACEH024011),GWHPACEJ024758)),W05_GLYSO_06G015834_1_P);
((GLYMA_ZH13_06G239200_1_P,(GWHPACES024164,(GWHPACEH024011,(GWHPACEI024784,(GWHPACEJ024758,(GWHPACEO024062,(GWHPACEB022446,(GWHPACEG023905,(GWHPACEP022660,(GWHPACEN023705,(GWHPACEE023938,GWHPACED023017))))))))))),GWHPACDY024545,W05_GLYSO_06G015834_1_P);
((GLYMA_ZH13_06G239200_1_P,(GWHPACES024164,(GWHPACEH024011,(GWHPACEI024784,(GWHPACEJ024758,(GWHPACEO024062,(GWHPACEB022446,(GWHPACEG023905,(GWHPACEP022660,(GWHPACEN023705,(GWHPACEE023938,GWHPACED023017))))))))))),GWHPACDY024545,W05_GLYSO_06G015834_1_P);
((GLYMA_ZH13_06G239200_1_P,(GWHPACES024164,(GWHPACEH024011,(GWHPACEI024784,(GWHPACEJ024758,(GWHPACEO024062,(GWHPACEB022446,(GWHPACEG023905,(GWHPACEP022660,(GWHPACEN023705,(GWHPACEE023938,GWHPACED023017))))))))))),GWHPACDY024545,W05_GLYSO_06G015834_1_P);
((GLYMA_ZH13_06G239200_1_P,(GWHPACES024164,(GWHPACEH024011,(GWHPACEI024784,(GWHPACEJ024758,(GWHPACEO024062,(GWHPACEB022446,(GWHPACEG023905,(GWHPACEP022660,(GWHPACEN023705,(GWHPACEE023938,GWHPACED023017))))))))))),GWHPACDY024545,W05_GLYSO_06G015834_1_P);
((GLYMA_ZH13_06G239200_1_P,(GWHPACES024164,(GWHPACEH024011,(GWHPACEI024784,(GWHPACEJ024758,(GWHPACEO024062,(GWHPACEB022446,(GWHPACEG023905,(GWHPACEP022660,(GWHPACEN023705,(GWHPACEE023938,GWHPACED023017))))))))))),GWHPACDY024545,W05_GLYSO_06G015834_1_P);
((GLYMA_ZH13_06G239200_1_P,(GWHPACES024164,(GWHPACEH024011,(GWHPACEI024784,(GWHPACEJ024758,(GWHPACEO024062,(GWHPACEB022446,(GWHPACEG023905,(GWHPACEP022660,(GWHPACEN023705,(GWHPACEE023938,GWHPACED023017))))))))))),GWHPACDY024545,W05_GLYSO_06G015834_1_P);
((GLYMA_ZH13_06G239200_1_P,(GWHPACES024164,(GWHPACEH024011,(GWHPACEI024784,(GWHPACEJ024758,(GWHPACEO024062,(GWHPACEB022446,(GWHPACEG023905,(GWHPACEP022660,(GWHPACEN023705,(GWHPACEE023938,GWHPACED023017))))))))))),GWHPACDY024545,W05_GLYSO_06G015834_1_P);
((GLYMA_ZH13_06G239200_1_P,(GWHPACES024164,(GWHPACEH024011,(GWHPACEI024784,(GWHPACEJ024758,(GWHPACEO024062,(GWHPACEB022446,(GWHPACEG023905,(GWHPACEP022660,(GWHPACEN023705,(GWHPACEE023938,GWHPACED023017))))))))))),GWHPACDY024545,W05_GLYSO_06G015834_1_P);
((GLYMA_ZH13_06G239200_1_P,(GWHPACES024164,(GWHPACEH024011,(GWHPACEI024784,(GWHPACEJ024758,(GWHPACEO024062,(GWHPACEB022446,(GWHPACEG023905,(GWHPACEP022660,(GWHPACEN023705,(GWHPACEE023938,GWHPACED023017))))))))))),GWHPACDY024545,W05_GLYSO_06G015834_1_P);
((GLYMA_ZH13_06G239200_1_P,(GWHPACES024164,(GWHPACEH024011,(GWHPACEI024784,(GWHPACEJ024758,(GWHPACEO024062,(GWHPACEB022446,(GWHPACEG023905,(GWHPACEP022660,(GWHPACEN023705,(GWHPACEE023938,GWHPACED023017))))))))))),GWHPACDY024545,W05_GLYSO_06G015834_1_P);
(GWHPACDY024545,(GWHPACEP022660,(GWHPACEN023705,(GWHPACEI024784,(GWHPACED023017,(GWHPACEJ024758,(GWHPACEE023938,(GWHPACES024164,(GWHPACEO024062,(GWHPACEH024011,(GWHPACEG023905,(GLYMA_ZH13_06G239200_1_P,GWHPACEB022446))))))))))),W05_GLYSO_06G015834_1_P);
(GWHPACDY024545,(GWHPACEP022660,(GWHPACEN023705,(GWHPACEI024784,(GWHPACED023017,(GWHPACEJ024758,(GWHPACEE023938,(GWHPACES024164,(GWHPACEO024062,(GWHPACEH024011,(GWHPACEG023905,(GLYMA_ZH13_06G239200_1_P,GWHPACEB022446))))))))))),W05_GLYSO_06G015834_1_P);
(GWHPACDY024545,(GWHPACEP022660,(GWHPACEN023705,(GWHPACEI024784,(GWHPACED023017,(GWHPACEJ024758,(GWHPACEE023938,(GWHPACES024164,(GWHPACEO024062,(GWHPACEH024011,(GWHPACEG023905,(GLYMA_ZH13_06G239200_1_P,GWHPACEB022446))))))))))),W05_GLYSO_06G015834_1_P);
(GWHPACDY024545,(GWHPACEP022660,(GWHPACEN023705,(GWHPACEI024784,(GWHPACED023017,(GWHPACEJ024758,(GWHPACEE023938,(GWHPACES024164,(GWHPACEO024062,(GWHPACEH024011,(GWHPACEG023905,(GLYMA_ZH13_06G239200_1_P,GWHPACEB022446))))))))))),W05_GLYSO_06G015834_1_P);
(GWHPACDY024545,(GWHPACEP022660,(GWHPACEN023705,(GWHPACEI024784,(GWHPACED023017,(GWHPACEJ024758,(GWHPACEE023938,(GWHPACES024164,(GWHPACEO024062,(GWHPACEH024011,(GWHPACEG023905,(GLYMA_ZH13_06G239200_1_P,GWHPACEB022446))))))))))),W05_GLYSO_06G015834_1_P);
(GWHPACDY024545,(GWHPACEP022660,(GWHPACEN023705,(GWHPACEI024784,(GWHPACED023017,(GWHPACEJ024758,(GWHPACEE023938,(GWHPACES024164,(GWHPACEO024062,(GWHPACEH024011,(GWHPACEG023905,(GLYMA_ZH13_06G239200_1_P,GWHPACEB022446))))))))))),W05_GLYSO_06G015834_1_P);
(GWHPACDY024545,(GWHPACEP022660,(GWHPACEN023705,(GWHPACEI024784,(GWHPACED023017,(GWHPACEJ024758,(GWHPACEE023938,(GWHPACES024164,(GWHPACEO024062,(GWHPACEH024011,(GWHPACEG023905,(GLYMA_ZH13_06G239200_1_P,GWHPACEB022446))))))))))),W05_GLYSO_06G015834_1_P);
(GWHPACDY024545,(GWHPACEP022660,(GWHPACEN023705,(GWHPACEI024784,(GWHPACED023017,(GWHPACEJ024758,(GWHPACEE023938,(GWHPACES024164,(GWHPACEO024062,(GWHPACEH024011,(GWHPACEG023905,(GLYMA_ZH13_06G239200_1_P,GWHPACEB022446))))))))))),W05_GLYSO_06G015834_1_P);
(GWHPACDY024545,(GWHPACEP022660,(GWHPACEN023705,(GWHPACEI024784,(GWHPACED023017,(GWHPACEJ024758,(GWHPACEE023938,(GWHPACES024164,(GWHPACEO024062,(GWHPACEH024011,(GWHPACEG023905,(GLYMA_ZH13_06G239200_1_P,GWHPACEB022446))))))))))),W05_GLYSO_06G015834_1_P);
(GWHPACDY024545,(GWHPACEP022660,(GWHPACEN023705,(GWHPACEI024784,(GWHPACED023017,(GWHPACEJ024758,(GWHPACEE023938,(GWHPACES024164,(GWHPACEO024062,(GWHPACEH024011,(GWHPACEG023905,(GLYMA_ZH13_06G239200_1_P,GWHPACEB022446))))))))))),W05_GLYSO_06G015834_1_P);
(GWHPACDY024545,((GWHPACEB022446,GWHPACED023017),(((((((((GWHPACEI024784,GWHPACES024164),GWHPACEP022660),GWHPACEH024011),GWHPACEG023905),GWHPACEO024062),GWHPACEN023705),GWHPACEE023938),GWHPACEJ024758),GLYMA_ZH13_06G239200_1_P)),W05_GLYSO_06G015834_1_P);
(GWHPACDY024545,((GWHPACEB022446,GWHPACED023017),(((((((((GWHPACEI024784,GWHPACES024164),GWHPACEP022660),GWHPACEH024011),GWHPACEG023905),GWHPACEO024062),GWHPACEN023705),GWHPACEE023938),GWHPACEJ024758),GLYMA_ZH13_06G239200_1_P)),W05_GLYSO_06G015834_1_P);
(GWHPACDY024545,((GWHPACEB022446,GWHPACED023017),(((((((((GWHPACEI024784,GWHPACES024164),GWHPACEP022660),GWHPACEH024011),GWHPACEG023905),GWHPACEO024062),GWHPACEN023705),GWHPACEE023938),GWHPACEJ024758),GLYMA_ZH13_06G239200_1_P)),W05_GLYSO_06G015834_1_P);
(GWHPACDY024545,((GWHPACEB022446,GWHPACED023017),(((((((((GWHPACEI024784,GWHPACES024164),GWHPACEP022660),GWHPACEH024011),GWHPACEG023905),GWHPACEO024062),GWHPACEN023705),GWHPACEE023938),GWHPACEJ024758),GLYMA_ZH13_06G239200_1_P)),W05_GLYSO_06G015834_1_P);
(GWHPACDY024545,((GWHPACEB022446,GWHPACED023017),(((((((((GWHPACEI024784,GWHPACES024164),GWHPACEP022660),GWHPACEH024011),GWHPACEG023905),GWHPACEO024062),GWHPACEN023705),GWHPACEE023938),GWHPACEJ024758),GLYMA_ZH13_06G239200_1_P)),W05_GLYSO_06G015834_1_P);
(GWHPACDY024545,((GWHPACEB022446,GWHPACED023017),(((((((((GWHPACEI024784,GWHPACES024164),GWHPACEP022660),GWHPACEH024011),GWHPACEG023905),GWHPACEO024062),GWHPACEN023705),GWHPACEE023938),GWHPACEJ024758),GLYMA_ZH13_06G239200_1_P)),W05_GLYSO_06G015834_1_P);
(GWHPACDY024545,((GWHPACEB022446,GWHPACED023017),(((((((((GWHPACEI024784,GWHPACES024164),GWHPACEP022660),GWHPACEH024011),GWHPACEG023905),GWHPACEO024062),GWHPACEN023705),GWHPACEE023938),GWHPACEJ024758),GLYMA_ZH13_06G239200_1_P)),W05_GLYSO_06G015834_1_P);
(GWHPACDY024545,((GWHPACEB022446,GWHPACED023017),(((((((((GWHPACEI024784,GWHPACES024164),GWHPACEP022660),GWHPACEH024011),GWHPACEG023905),GWHPACEO024062),GWHPACEN023705),GWHPACEE023938),GWHPACEJ024758),GLYMA_ZH13_06G239200_1_P)),W05_GLYSO_06G015834_1_P);
(GWHPACDY024545,((GWHPACEB022446,GWHPACED023017),(((((((((GWHPACEI024784,GWHPACES024164),GWHPACEP022660),GWHPACEH024011),GWHPACEG023905),GWHPACEO024062),GWHPACEN023705),GWHPACEE023938),GWHPACEJ024758),GLYMA_ZH13_06G239200_1_P)),W05_GLYSO_06G015834_1_P);
(GWHPACDY024545,((GWHPACEB022446,GWHPACED023017),(((((((((GWHPACEI024784,GWHPACES024164),GWHPACEP022660),GWHPACEH024011),GWHPACEG023905),GWHPACEO024062),GWHPACEN023705),GWHPACEE023938),GWHPACEJ024758),GLYMA_ZH13_06G239200_1_P)),W05_GLYSO_06G015834_1_P);
((GWHPACEH024011,(GLYMA_ZH13_06G239200_1_P,(GWHPACEB022446,(GWHPACEG023905,(GWHPACEN023705,(GWHPACEP022660,(GWHPACEE023938,(GWHPACEJ024758,(GWHPACES024164,(GWHPACEO024062,(GWHPACED023017,GWHPACEI024784))))))))))),GWHPACDY024545,W05_GLYSO_06G015834_1_P);
((GWHPACEH024011,(GLYMA_ZH13_06G239200_1_P,(GWHPACEB022446,(GWHPACEG023905,(GWHPACEN023705,(GWHPACEP022660,(GWHPACEE023938,(GWHPACEJ024758,(GWHPACES024164,(GWHPACEO024062,(GWHPACED023017,GWHPACEI024784))))))))))),GWHPACDY024545,W05_GLYSO_06G015834_1_P);
((GWHPACEH024011,(GLYMA_ZH13_06G239200_1_P,(GWHPACEB022446,(GWHPACEG023905,(GWHPACEN023705,(GWHPACEP022660,(GWHPACEE023938,(GWHPACEJ024758,(GWHPACES024164,(GWHPACEO024062,(GWHPACED023017,GWHPACEI024784))))))))))),GWHPACDY024545,W05_GLYSO_06G015834_1_P);
((GWHPACEH024011,(GLYMA_ZH13_06G239200_1_P,(GWHPACEB022446,(GWHPACEG023905,(GWHPACEN023705,(GWHPACEP022660,(GWHPACEE023938,(GWHPACEJ024758,(GWHPACES024164,(GWHPACEO024062,(GWHPACED023017,GWHPACEI024784))))))))))),GWHPACDY024545,W05_GLYSO_06G015834_1_P);
((GWHPACEH024011,(GLYMA_ZH13_06G239200_1_P,(GWHPACEB022446,(GWHPACEG023905,(GWHPACEN023705,(GWHPACEP022660,(GWHPACEE023938,(GWHPACEJ024758,(GWHPACES024164,(GWHPACEO024062,(GWHPACED023017,GWHPACEI024784))))))))))),GWHPACDY024545,W05_GLYSO_06G015834_1_P);
((GWHPACEH024011,(GLYMA_ZH13_06G239200_1_P,(GWHPACEB022446,(GWHPACEG023905,(GWHPACEN023705,(GWHPACEP022660,(GWHPACEE023938,(GWHPACEJ024758,(GWHPACES024164,(GWHPACEO024062,(GWHPACED023017,GWHPACEI024784))))))))))),GWHPACDY024545,W05_GLYSO_06G015834_1_P);
((GWHPACEH024011,(GLYMA_ZH13_06G239200_1_P,(GWHPACEB022446,(GWHPACEG023905,(GWHPACEN023705,(GWHPACEP022660,(GWHPACEE023938,(GWHPACEJ024758,(GWHPACES024164,(GWHPACEO024062,(GWHPACED023017,GWHPACEI024784))))))))))),GWHPACDY024545,W05_GLYSO_06G015834_1_P);
((GWHPACEH024011,(GLYMA_ZH13_06G239200_1_P,(GWHPACEB022446,(GWHPACEG023905,(GWHPACEN023705,(GWHPACEP022660,(GWHPACEE023938,(GWHPACEJ024758,(GWHPACES024164,(GWHPACEO024062,(GWHPACED023017,GWHPACEI024784))))))))))),GWHPACDY024545,W05_GLYSO_06G015834_1_P);
((GWHPACEH024011,(GLYMA_ZH13_06G239200_1_P,(GWHPACEB022446,(GWHPACEG023905,(GWHPACEN023705,(GWHPACEP022660,(GWHPACEE023938,(GWHPACEJ024758,(GWHPACES024164,(GWHPACEO024062,(GWHPACED023017,GWHPACEI024784))))))))))),GWHPACDY024545,W05_GLYSO_06G015834_1_P);
((GWHPACEH024011,(GLYMA_ZH13_06G239200_1_P,(GWHPACEB022446,(GWHPACEG023905,(GWHPACEN023705,(GWHPACEP022660,(GWHPACEE023938,(GWHPACEJ024758,(GWHPACES024164,(GWHPACEO024062,(GWHPACED023017,GWHPACEI024784))))))))))),GWHPACDY024545,W05_GLYSO_06G015834_1_P);
((GWHPACEE023938,(GWHPACEJ024758,(GWHPACEG023905,(GWHPACEI024784,(GWHPACEO024062,(GLYMA_ZH13_06G239200_1_P,(GWHPACEN023705,(GWHPACEB022446,(GWHPACEH024011,(GWHPACED023017,(GWHPACEP022660,GWHPACES024164))))))))))),GWHPACDY024545,W05_GLYSO_06G015834_1_P);
((GWHPACEE023938,(GWHPACEJ024758,(GWHPACEG023905,(GWHPACEI024784,(GWHPACEO024062,(GLYMA_ZH13_06G239200_1_P,(GWHPACEN023705,(GWHPACEB022446,(GWHPACEH024011,(GWHPACED023017,(GWHPACEP022660,GWHPACES024164))))))))))),GWHPACDY024545,W05_GLYSO_06G015834_1_P);
((GWHPACEE023938,(GWHPACEJ024758,(GWHPACEG023905,(GWHPACEI024784,(GWHPACEO024062,(GLYMA_ZH13_06G239200_1_P,(GWHPACEN023705,(GWHPACEB022446,(GWHPACEH024011,(GWHPACED023017,(GWHPACEP022660,GWHPACES024164))))))))))),GWHPACDY024545,W05_GLYSO_06G015834_1_P);
((GWHPACEE023938,(GWHPACEJ024758,(GWHPACEG023905,(GWHPACEI024784,(GWHPACEO024062,(GLYMA_ZH13_06G239200_1_P,(GWHPACEN023705,(GWHPACEB022446,(GWHPACEH024011,(GWHPACED023017,(GWHPACEP022660,GWHPACES024164))))))))))),GWHPACDY024545,W05_GLYSO_06G015834_1_P);
((GWHPACEE023938,(GWHPACEJ024758,(GWHPACEG023905,(GWHPACEI024784,(GWHPACEO024062,(GLYMA_ZH13_06G239200_1_P,(GWHPACEN023705,(GWHPACEB022446,(GWHPACEH024011,(GWHPACED023017,(GWHPACEP022660,GWHPACES024164))))))))))),GWHPACDY024545,W05_GLYSO_06G015834_1_P);
((GWHPACEE023938,(GWHPACEJ024758,(GWHPACEG023905,(GWHPACEI024784,(GWHPACEO024062,(GLYMA_ZH13_06G239200_1_P,(GWHPACEN023705,(GWHPACEB022446,(GWHPACEH024011,(GWHPACED023017,(GWHPACEP022660,GWHPACES024164))))))))))),GWHPACDY024545,W05_GLYSO_06G015834_1_P);
((GWHPACEE023938,(GWHPACEJ024758,(GWHPACEG023905,(GWHPACEI024784,(GWHPACEO024062,(GLYMA_ZH13_06G239200_1_P,(GWHPACEN023705,(GWHPACEB022446,(GWHPACEH024011,(GWHPACED023017,(GWHPACEP022660,GWHPACES024164))))))))))),GWHPACDY024545,W05_GLYSO_06G015834_1_P);
((GWHPACEE023938,(GWHPACEJ024758,(GWHPACEG023905,(GWHPACEI024784,(GWHPACEO024062,(GLYMA_ZH13_06G239200_1_P,(GWHPACEN023705,(GWHPACEB022446,(GWHPACEH024011,(GWHPACED023017,(GWHPACEP022660,GWHPACES024164))))))))))),GWHPACDY024545,W05_GLYSO_06G015834_1_P);
((GWHPACEE023938,(GWHPACEJ024758,(GWHPACEG023905,(GWHPACEI024784,(GWHPACEO024062,(GLYMA_ZH13_06G239200_1_P,(GWHPACEN023705,(GWHPACEB022446,(GWHPACEH024011,(GWHPACED023017,(GWHPACEP022660,GWHPACES024164))))))))))),GWHPACDY024545,W05_GLYSO_06G015834_1_P);
((GWHPACEE023938,(GWHPACEJ024758,(GWHPACEG023905,(GWHPACEI024784,(GWHPACEO024062,(GLYMA_ZH13_06G239200_1_P,(GWHPACEN023705,(GWHPACEB022446,(GWHPACEH024011,(GWHPACED023017,(GWHPACEP022660,GWHPACES024164))))))))))),GWHPACDY024545,W05_GLYSO_06G015834_1_P);
((GWHPACED023017,(GWHPACEG023905,(GWHPACEH024011,(GWHPACES024164,(GWHPACEP022660,(GWHPACEN023705,(GWHPACEI024784,(GWHPACEB022446,(GWHPACEJ024758,(GWHPACEO024062,(GLYMA_ZH13_06G239200_1_P,GWHPACEE023938))))))))))),GWHPACDY024545,W05_GLYSO_06G015834_1_P);
((GWHPACED023017,(GWHPACEG023905,(GWHPACEH024011,(GWHPACES024164,(GWHPACEP022660,(GWHPACEN023705,(GWHPACEI024784,(GWHPACEB022446,(GWHPACEJ024758,(GWHPACEO024062,(GLYMA_ZH13_06G239200_1_P,GWHPACEE023938))))))))))),GWHPACDY024545,W05_GLYSO_06G015834_1_P);
((GWHPACED023017,(GWHPACEG023905,(GWHPACEH024011,(GWHPACES024164,(GWHPACEP022660,(GWHPACEN023705,(GWHPACEI024784,(GWHPACEB022446,(GWHPACEJ024758,(GWHPACEO024062,(GLYMA_ZH13_06G239200_1_P,GWHPACEE023938))))))))))),GWHPACDY024545,W05_GLYSO_06G015834_1_P);
((GWHPACED023017,(GWHPACEG023905,(GWHPACEH024011,(GWHPACES024164,(GWHPACEP022660,(GWHPACEN023705,(GWHPACEI024784,(GWHPACEB022446,(GWHPACEJ024758,(GWHPACEO024062,(GLYMA_ZH13_06G239200_1_P,GWHPACEE023938))))))))))),GWHPACDY024545,W05_GLYSO_06G015834_1_P);
((GWHPACED023017,(GWHPACEG023905,(GWHPACEH024011,(GWHPACES024164,(GWHPACEP022660,(GWHPACEN023705,(GWHPACEI024784,(GWHPACEB022446,(GWHPACEJ024758,(GWHPACEO024062,(GLYMA_ZH13_06G239200_1_P,GWHPACEE023938))))))))))),GWHPACDY024545,W05_GLYSO_06G015834_1_P);
((GWHPACED023017,(GWHPACEG023905,(GWHPACEH024011,(GWHPACES024164,(GWHPACEP022660,(GWHPACEN023705,(GWHPACEI024784,(GWHPACEB022446,(GWHPACEJ024758,(GWHPACEO024062,(GLYMA_ZH13_06G239200_1_P,GWHPACEE023938))))))))))),GWHPACDY024545,W05_GLYSO_06G015834_1_P);
((GWHPACED023017,(GWHPACEG023905,(GWHPACEH024011,(GWHPACES024164,(GWHPACEP022660,(GWHPACEN023705,(GWHPACEI024784,(GWHPACEB022446,(GWHPACEJ024758,(GWHPACEO024062,(GLYMA_ZH13_06G239200_1_P,GWHPACEE023938))))))))))),GWHPACDY024545,W05_GLYSO_06G015834_1_P);
((GWHPACED023017,(GWHPACEG023905,(GWHPACEH024011,(GWHPACES024164,(GWHPACEP022660,(GWHPACEN023705,(GWHPACEI024784,(GWHPACEB022446,(GWHPACEJ024758,(GWHPACEO024062,(GLYMA_ZH13_06G239200_1_P,GWHPACEE023938))))))))))),GWHPACDY024545,W05_GLYSO_06G015834_1_P);
((GWHPACED023017,(GWHPACEG023905,(GWHPACEH024011,(GWHPACES024164,(GWHPACEP022660,(GWHPACEN023705,(GWHPACEI024784,(GWHPACEB022446,(GWHPACEJ024758,(GWHPACEO024062,(GLYMA_ZH13_06G239200_1_P,GWHPACEE023938))))))))))),GWHPACDY024545,W05_GLYSO_06G015834_1_P);
((GWHPACED023017,(GWHPACEG023905,(GWHPACEH024011,(GWHPACES024164,(GWHPACEP022660,(GWHPACEN023705,(GWHPACEI024784,(GWHPACEB022446,(GWHPACEJ024758,(GWHPACEO024062,(GLYMA_ZH13_06G239200_1_P,GWHPACEE023938))))))))))),GWHPACDY024545,W05_GLYSO_06G015834_1_P);
(((GLYMA_ZH13_06G239200_1_P,(GWHPACED023017,GWHPACEJ024758)),((((((((GWHPACEH024011,GWHPACES024164),GWHPACEN023705),GWHPACEE023938),GWHPACEI024784),GWHPACEB022446),GWHPACEO024062),GWHPACEP022660),GWHPACEG023905)),GWHPACDY024545,W05_GLYSO_06G015834_1_P);
(((GLYMA_ZH13_06G239200_1_P,(GWHPACED023017,GWHPACEJ024758)),((((((((GWHPACEH024011,GWHPACES024164),GWHPACEN023705),GWHPACEE023938),GWHPACEI024784),GWHPACEB022446),GWHPACEO024062),GWHPACEP022660),GWHPACEG023905)),GWHPACDY024545,W05_GLYSO_06G015834_1_P);
(((GLYMA_ZH13_06G239200_1_P,(GWHPACED023017,GWHPACEJ024758)),((((((((GWHPACEH024011,GWHPACES024164),GWHPACEN023705),GWHPACEE023938),GWHPACEI024784),GWHPACEB022446),GWHPACEO024062),GWHPACEP022660),GWHPACEG023905)),GWHPACDY024545,W05_GLYSO_06G015834_1_P);
(((GLYMA_ZH13_06G239200_1_P,(GWHPACED023017,GWHPACEJ024758)),((((((((GWHPACEH024011,GWHPACES024164),GWHPACEN023705),GWHPACEE023938),GWHPACEI024784),GWHPACEB022446),GWHPACEO024062),GWHPACEP022660),GWHPACEG023905)),GWHPACDY024545,W05_GLYSO_06G015834_1_P);
(((GLYMA_ZH13_06G239200_1_P,(GWHPACED023017,GWHPACEJ024758)),((((((((GWHPACEH024011,GWHPACES024164),GWHPACEN023705),GWHPACEE023938),GWHPACEI024784),GWHPACEB022446),GWHPACEO024062),GWHPACEP022660),GWHPACEG023905)),GWHPACDY024545,W05_GLYSO_06G015834_1_P);
(((GLYMA_ZH13_06G239200_1_P,(GWHPACED023017,GWHPACEJ024758)),((((((((GWHPACEH024011,GWHPACES024164),GWHPACEN023705),GWHPACEE023938),GWHPACEI024784),GWHPACEB022446),GWHPACEO024062),GWHPACEP022660),GWHPACEG023905)),GWHPACDY024545,W05_GLYSO_06G015834_1_P);
(((GLYMA_ZH13_06G239200_1_P,(GWHPACED023017,GWHPACEJ024758)),((((((((GWHPACEH024011,GWHPACES024164),GWHPACEN023705),GWHPACEE023938),GWHPACEI024784),GWHPACEB022446),GWHPACEO024062),GWHPACEP022660),GWHPACEG023905)),GWHPACDY024545,W05_GLYSO_06G015834_1_P);
(((GLYMA_ZH13_06G239200_1_P,(GWHPACED023017,GWHPACEJ024758)),((((((((GWHPACEH024011,GWHPACES024164),GWHPACEN023705),GWHPACEE023938),GWHPACEI024784),GWHPACEB022446),GWHPACEO024062),GWHPACEP022660),GWHPACEG023905)),GWHPACDY024545,W05_GLYSO_06G015834_1_P);
(((GLYMA_ZH13_06G239200_1_P,(GWHPACED023017,GWHPACEJ024758)),((((((((GWHPACEH024011,GWHPACES024164),GWHPACEN023705),GWHPACEE023938),GWHPACEI024784),GWHPACEB022446),GWHPACEO024062),GWHPACEP022660),GWHPACEG023905)),GWHPACDY024545,W05_GLYSO_06G015834_1_P);
(((GLYMA_ZH13_06G239200_1_P,(GWHPACED023017,GWHPACEJ024758)),((((((((GWHPACEH024011,GWHPACES024164),GWHPACEN023705),GWHPACEE023938),GWHPACEI024784),GWHPACEB022446),GWHPACEO024062),GWHPACEP022660),GWHPACEG023905)),GWHPACDY024545,W05_GLYSO_06G015834_1_P);
