(GWHPACEJ024751,(GLYMA_ZH13_06G238800_1_P,(GWHPACEO024057,(GWHPACEH024006,(GWHPACER022254,(GWHPACEP022655,(GWHPACEN023698,GWHPACEB022440)))))),GWHPACEI024779);
(GWHPACEJ024751,(GLYMA_ZH13_06G238800_1_P,(GWHPACEO024057,(GWHPACEH024006,(GWHPACER022254,(GWHPACEP022655,(GWHPACEN023698,GWHPACEB022440)))))),GWHPACEI024779);
(GWHPACEJ024751,(GLYMA_ZH13_06G238800_1_P,(GWHPACEO024057,(GWHPACEH024006,(GWHPACER022254,(GWHPACEP022655,(GWHPACEN023698,GWHPACEB022440)))))),GWHPACEI024779);
(GWHPACEJ024751,(GLYMA_ZH13_06G238800_1_P,(GWHPACEO024057,(GWHPACEH024006,(GWHPACER022254,(GWHPACEP022655,(GWHPACEN023698,GWHPACEB022440)))))),GWHPACEI024779);
(GWHPACEJ024751,(GLYMA_ZH13_06G238800_1_P,(GWHPACEO024057,(GWHPACEH024006,(GWHPACER022254,(GWHPACEP022655,(GWHPACEN023698,GWHPACEB022440)))))),GWHPACEI024779);
(GWHPACEJ024751,(GLYMA_ZH13_06G238800_1_P,(GWHPACEO024057,(GWHPACEH024006,(GWHPACER022254,(GWHPACEP022655,(GWHPACEN023698,GWHPACEB022440)))))),GWHPACEI024779);
(GWHPACEJ024751,(GLYMA_ZH13_06G238800_1_P,(GWHPACEO024057,(GWHPACEH024006,(GWHPACER022254,(GWHPACEP022655,(GWHPACEN023698,GWHPACEB022440)))))),GWHPACEI024779);
(GWHPACEJ024751,(GLYMA_ZH13_06G238800_1_P,(GWHPACEO024057,(GWHPACEH024006,(GWHPACER022254,(GWHPACEP022655,(GWHPACEN023698,GWHPACEB022440)))))),GWHPACEI024779);
(GWHPACEJ024751,(GLYMA_ZH13_06G238800_1_P,(GWHPACEO024057,(GWHPACEH024006,(GWHPACER022254,(GWHPACEP022655,(GWHPACEN023698,GWHPACEB022440)))))),GWHPACEI024779);
(GWHPACEJ024751,(GLYMA_ZH13_06G238800_1_P,(GWHPACEO024057,(GWHPACEH024006,(GWHPACER022254,(GWHPACEP022655,(GWHPACEN023698,GWHPACEB022440)))))),GWHPACEI024779);
(GLYMA_ZH13_06G238800_1_P,(GWHPACEB022440,(GWHPACEP022655,(GWHPACEN023698,(GWHPACEH024006,(GWHPACEO024057,(GWHPACER022254,GWHPACEJ024751)))))),GWHPACEI024779);
(GLYMA_ZH13_06G238800_1_P,(GWHPACEB022440,(GWHPACEP022655,(GWHPACEN023698,(GWHPACEH024006,(GWHPACEO024057,(GWHPACER022254,GWHPACEJ024751)))))),GWHPACEI024779);
(GLYMA_ZH13_06G238800_1_P,(GWHPACEB022440,(GWHPACEP022655,(GWHPACEN023698,(GWHPACEH024006,(GWHPACEO024057,(GWHPACER022254,GWHPACEJ024751)))))),GWHPACEI024779);
(GLYMA_ZH13_06G238800_1_P,(GWHPACEB022440,(GWHPACEP022655,(GWHPACEN023698,(GWHPACEH024006,(GWHPACEO024057,(GWHPACER022254,GWHPACEJ024751)))))),GWHPACEI024779);
(GLYMA_ZH13_06G238800_1_P,(GWHPACEB022440,(GWHPACEP022655,(GWHPACEN023698,(GWHPACEH024006,(GWHPACEO024057,(GWHPACER022254,GWHPACEJ024751)))))),GWHPACEI024779);
(GLYMA_ZH13_06G238800_1_P,(GWHPACEB022440,(GWHPACEP022655,(GWHPACEN023698,(GWHPACEH024006,(GWHPACEO024057,(GWHPACER022254,GWHPACEJ024751)))))),GWHPACEI024779);
(GLYMA_ZH13_06G238800_1_P,(GWHPACEB022440,(GWHPACEP022655,(GWHPACEN023698,(GWHPACEH024006,(GWHPACEO024057,(GWHPACER022254,GWHPACEJ024751)))))),GWHPACEI024779);
(GLYMA_ZH13_06G238800_1_P,(GWHPACEB022440,(GWHPACEP022655,(GWHPACEN023698,(GWHPACEH024006,(GWHPACEO024057,(GWHPACER022254,GWHPACEJ024751)))))),GWHPACEI024779);
(GLYMA_ZH13_06G238800_1_P,(GWHPACEB022440,(GWHPACEP022655,(GWHPACEN023698,(GWHPACEH024006,(GWHPACEO024057,(GWHPACER022254,GWHPACEJ024751)))))),GWHPACEI024779);
(GLYMA_ZH13_06G238800_1_P,(GWHPACEB022440,(GWHPACEP022655,(GWHPACEN023698,(GWHPACEH024006,(GWHPACEO024057,(GWHPACER022254,GWHPACEJ024751)))))),GWHPACEI024779);
(GWHPACEP022655,(GWHPACEN023698,(GWHPACEJ024751,(GWHPACEB022440,(GWHPACEH024006,(GWHPACER022254,(GLYMA_ZH13_06G238800_1_P,GWHPACEO024057)))))),GWHPACEI024779);
(GWHPACEP022655,(GWHPACEN023698,(GWHPACEJ024751,(GWHPACEB022440,(GWHPACEH024006,(GWHPACER022254,(GLYMA_ZH13_06G238800_1_P,GWHPACEO024057)))))),GWHPACEI024779);
(GWHPACEP022655,(GWHPACEN023698,(GWHPACEJ024751,(GWHPACEB022440,(GWHPACEH024006,(GWHPACER022254,(GLYMA_ZH13_06G238800_1_P,GWHPACEO024057)))))),GWHPACEI024779);
(GWHPACEP022655,(GWHPACEN023698,(GWHPACEJ024751,(GWHPACEB022440,(GWHPACEH024006,(GWHPACER022254,(GLYMA_ZH13_06G238800_1_P,GWHPACEO024057)))))),GWHPACEI024779);
(GWHPACEP022655,(GWHPACEN023698,(GWHPACEJ024751,(GWHPACEB022440,(GWHPACEH024006,(GWHPACER022254,(GLYMA_ZH13_06G238800_1_P,GWHPACEO024057)))))),GWHPACEI024779);
(GWHPACEP022655,(GWHPACEN023698,(GWHPACEJ024751,(GWHPACEB022440,(GWHPACEH024006,(GWHPACER022254,(GLYMA_ZH13_06G238800_1_P,GWHPACEO024057)))))),GWHPACEI024779);
(GWHPACEP022655,(GWHPACEN023698,(GWHPACEJ024751,(GWHPACEB022440,(GWHPACEH024006,(GWHPACER022254,(GLYMA_ZH13_06G238800_1_P,GWHPACEO024057)))))),GWHPACEI024779);
(GWHPACEP022655,(GWHPACEN023698,(GWHPACEJ024751,(GWHPACEB022440,(GWHPACEH024006,(GWHPACER022254,(GLYMA_ZH13_06G238800_1_P,GWHPACEO024057)))))),GWHPACEI024779);
(GWHPACEP022655,(GWHPACEN023698,(GWHPACEJ024751,(GWHPACEB022440,(GWHPACEH024006,(GWHPACER022254,(GLYMA_ZH13_06G238800_1_P,GWHPACEO024057)))))),GWHPACEI024779);
(GWHPACEP022655,(GWHPACEN023698,(GWHPACEJ024751,(GWHPACEB022440,(GWHPACEH024006,(GWHPACER022254,(GLYMA_ZH13_06G238800_1_P,GWHPACEO024057)))))),GWHPACEI024779);
((GWHPACEO024057,(GLYMA_ZH13_06G238800_1_P,(GWHPACEP022655,(GWHPACEB022440,GWHPACEN023698)))),((GWHPACEH024006,GWHPACEJ024751),GWHPACER022254),GWHPACEI024779);
((GWHPACEO024057,(GLYMA_ZH13_06G238800_1_P,(GWHPACEP022655,(GWHPACEB022440,GWHPACEN023698)))),((GWHPACEH024006,GWHPACEJ024751),GWHPACER022254),GWHPACEI024779);
((GWHPACEO024057,(GLYMA_ZH13_06G238800_1_P,(GWHPACEP022655,(GWHPACEB022440,GWHPACEN023698)))),((GWHPACEH024006,GWHPACEJ024751),GWHPACER022254),GWHPACEI024779);
((GWHPACEO024057,(GLYMA_ZH13_06G238800_1_P,(GWHPACEP022655,(GWHPACEB022440,GWHPACEN023698)))),((GWHPACEH024006,GWHPACEJ024751),GWHPACER022254),GWHPACEI024779);
((GWHPACEO024057,(GLYMA_ZH13_06G238800_1_P,(GWHPACEP022655,(GWHPACEB022440,GWHPACEN023698)))),((GWHPACEH024006,GWHPACEJ024751),GWHPACER022254),GWHPACEI024779);
((GWHPACEO024057,(GLYMA_ZH13_06G238800_1_P,(GWHPACEP022655,(GWHPACEB022440,GWHPACEN023698)))),((GWHPACEH024006,GWHPACEJ024751),GWHPACER022254),GWHPACEI024779);
((GWHPACEO024057,(GLYMA_ZH13_06G238800_1_P,(GWHPACEP022655,(GWHPACEB022440,GWHPACEN023698)))),((GWHPACEH024006,GWHPACEJ024751),GWHPACER022254),GWHPACEI024779);
((GWHPACEO024057,(GLYMA_ZH13_06G238800_1_P,(GWHPACEP022655,(GWHPACEB022440,GWHPACEN023698)))),((GWHPACEH024006,GWHPACEJ024751),GWHPACER022254),GWHPACEI024779);
((GWHPACEO024057,(GLYMA_ZH13_06G238800_1_P,(GWHPACEP022655,(GWHPACEB022440,GWHPACEN023698)))),((GWHPACEH024006,GWHPACEJ024751),GWHPACER022254),GWHPACEI024779);
((GWHPACEO024057,(GLYMA_ZH13_06G238800_1_P,(GWHPACEP022655,(GWHPACEB022440,GWHPACEN023698)))),((GWHPACEH024006,GWHPACEJ024751),GWHPACER022254),GWHPACEI024779);
((GWHPACEN023698,(GWHPACEO024057,GWHPACEH024006)),((((GLYMA_ZH13_06G238800_1_P,GWHPACEJ024751),GWHPACEP022655),GWHPACER022254),GWHPACEB022440),GWHPACEI024779);
((GWHPACEN023698,(GWHPACEO024057,GWHPACEH024006)),((((GLYMA_ZH13_06G238800_1_P,GWHPACEJ024751),GWHPACEP022655),GWHPACER022254),GWHPACEB022440),GWHPACEI024779);
((GWHPACEN023698,(GWHPACEO024057,GWHPACEH024006)),((((GLYMA_ZH13_06G238800_1_P,GWHPACEJ024751),GWHPACEP022655),GWHPACER022254),GWHPACEB022440),GWHPACEI024779);
((GWHPACEN023698,(GWHPACEO024057,GWHPACEH024006)),((((GLYMA_ZH13_06G238800_1_P,GWHPACEJ024751),GWHPACEP022655),GWHPACER022254),GWHPACEB022440),GWHPACEI024779);
((GWHPACEN023698,(GWHPACEO024057,GWHPACEH024006)),((((GLYMA_ZH13_06G238800_1_P,GWHPACEJ024751),GWHPACEP022655),GWHPACER022254),GWHPACEB022440),GWHPACEI024779);
((GWHPACEN023698,(GWHPACEO024057,GWHPACEH024006)),((((GLYMA_ZH13_06G238800_1_P,GWHPACEJ024751),GWHPACEP022655),GWHPACER022254),GWHPACEB022440),GWHPACEI024779);
((GWHPACEN023698,(GWHPACEO024057,GWHPACEH024006)),((((GLYMA_ZH13_06G238800_1_P,GWHPACEJ024751),GWHPACEP022655),GWHPACER022254),GWHPACEB022440),GWHPACEI024779);
((GWHPACEN023698,(GWHPACEO024057,GWHPACEH024006)),((((GLYMA_ZH13_06G238800_1_P,GWHPACEJ024751),GWHPACEP022655),GWHPACER022254),GWHPACEB022440),GWHPACEI024779);
((GWHPACEN023698,(GWHPACEO024057,GWHPACEH024006)),((((GLYMA_ZH13_06G238800_1_P,GWHPACEJ024751),GWHPACEP022655),GWHPACER022254),GWHPACEB022440),GWHPACEI024779);
((GWHPACEN023698,(GWHPACEO024057,GWHPACEH024006)),((((GLYMA_ZH13_06G238800_1_P,GWHPACEJ024751),GWHPACEP022655),GWHPACER022254),GWHPACEB022440),GWHPACEI024779);
((GWHPACER022254,(GWHPACEJ024751,(GWHPACEO024057,(GLYMA_ZH13_06G238800_1_P,(GWHPACEP022655,GWHPACEN023698))))),(GWHPACEH024006,GWHPACEB022440),GWHPACEI024779);
((GWHPACER022254,(GWHPACEJ024751,(GWHPACEO024057,(GLYMA_ZH13_06G238800_1_P,(GWHPACEP022655,GWHPACEN023698))))),(GWHPACEH024006,GWHPACEB022440),GWHPACEI024779);
((GWHPACER022254,(GWHPACEJ024751,(GWHPACEO024057,(GLYMA_ZH13_06G238800_1_P,(GWHPACEP022655,GWHPACEN023698))))),(GWHPACEH024006,GWHPACEB022440),GWHPACEI024779);
((GWHPACER022254,(GWHPACEJ024751,(GWHPACEO024057,(GLYMA_ZH13_06G238800_1_P,(GWHPACEP022655,GWHPACEN023698))))),(GWHPACEH024006,GWHPACEB022440),GWHPACEI024779);
((GWHPACER022254,(GWHPACEJ024751,(GWHPACEO024057,(GLYMA_ZH13_06G238800_1_P,(GWHPACEP022655,GWHPACEN023698))))),(GWHPACEH024006,GWHPACEB022440),GWHPACEI024779);
((GWHPACER022254,(GWHPACEJ024751,(GWHPACEO024057,(GLYMA_ZH13_06G238800_1_P,(GWHPACEP022655,GWHPACEN023698))))),(GWHPACEH024006,GWHPACEB022440),GWHPACEI024779);
((GWHPACER022254,(GWHPACEJ024751,(GWHPACEO024057,(GLYMA_ZH13_06G238800_1_P,(GWHPACEP022655,GWHPACEN023698))))),(GWHPACEH024006,GWHPACEB022440),GWHPACEI024779);
((GWHPACER022254,(GWHPACEJ024751,(GWHPACEO024057,(GLYMA_ZH13_06G238800_1_P,(GWHPACEP022655,GWHPACEN023698))))),(GWHPACEH024006,GWHPACEB022440),GWHPACEI024779);
((GWHPACER022254,(GWHPACEJ024751,(GWHPACEO024057,(GLYMA_ZH13_06G238800_1_P,(GWHPACEP022655,GWHPACEN023698))))),(GWHPACEH024006,GWHPACEB022440),GWHPACEI024779);
((GWHPACER022254,(GWHPACEJ024751,(GWHPACEO024057,(GLYMA_ZH13_06G238800_1_P,(GWHPACEP022655,GWHPACEN023698))))),(GWHPACEH024006,GWHPACEB022440),GWHPACEI024779);
((GWHPACEB022440,(GWHPACEH024006,(GLYMA_ZH13_06G238800_1_P,GWHPACEO024057))),(((GWHPACEJ024751,GWHPACEP022655),GWHPACEN023698),GWHPACER022254),GWHPACEI024779);
((GWHPACEB022440,(GWHPACEH024006,(GLYMA_ZH13_06G238800_1_P,GWHPACEO024057))),(((GWHPACEJ024751,GWHPACEP022655),GWHPACEN023698),GWHPACER022254),GWHPACEI024779);
((GWHPACEB022440,(GWHPACEH024006,(GLYMA_ZH13_06G238800_1_P,GWHPACEO024057))),(((GWHPACEJ024751,GWHPACEP022655),GWHPACEN023698),GWHPACER022254),GWHPACEI024779);
((GWHPACEB022440,(GWHPACEH024006,(GLYMA_ZH13_06G238800_1_P,GWHPACEO024057))),(((GWHPACEJ024751,GWHPACEP022655),GWHPACEN023698),GWHPACER022254),GWHPACEI024779);
((GWHPACEB022440,(GWHPACEH024006,(GLYMA_ZH13_06G238800_1_P,GWHPACEO024057))),(((GWHPACEJ024751,GWHPACEP022655),GWHPACEN023698),GWHPACER022254),GWHPACEI024779);
((GWHPACEB022440,(GWHPACEH024006,(GLYMA_ZH13_06G238800_1_P,GWHPACEO024057))),(((GWHPACEJ024751,GWHPACEP022655),GWHPACEN023698),GWHPACER022254),GWHPACEI024779);
((GWHPACEB022440,(GWHPACEH024006,(GLYMA_ZH13_06G238800_1_P,GWHPACEO024057))),(((GWHPACEJ024751,GWHPACEP022655),GWHPACEN023698),GWHPACER022254),GWHPACEI024779);
((GWHPACEB022440,(GWHPACEH024006,(GLYMA_ZH13_06G238800_1_P,GWHPACEO024057))),(((GWHPACEJ024751,GWHPACEP022655),GWHPACEN023698),GWHPACER022254),GWHPACEI024779);
((GWHPACEB022440,(GWHPACEH024006,(GLYMA_ZH13_06G238800_1_P,GWHPACEO024057))),(((GWHPACEJ024751,GWHPACEP022655),GWHPACEN023698),GWHPACER022254),GWHPACEI024779);
((GWHPACEB022440,(GWHPACEH024006,(GLYMA_ZH13_06G238800_1_P,GWHPACEO024057))),(((GWHPACEJ024751,GWHPACEP022655),GWHPACEN023698),GWHPACER022254),GWHPACEI024779);
((GWHPACEN023698,(GWHPACEP022655,(GLYMA_ZH13_06G238800_1_P,(GWHPACEB022440,GWHPACEJ024751)))),((GWHPACER022254,GWHPACEH024006),GWHPACEO024057),GWHPACEI024779);
((GWHPACEN023698,(GWHPACEP022655,(GLYMA_ZH13_06G238800_1_P,(GWHPACEB022440,GWHPACEJ024751)))),((GWHPACER022254,GWHPACEH024006),GWHPACEO024057),GWHPACEI024779);
((GWHPACEN023698,(GWHPACEP022655,(GLYMA_ZH13_06G238800_1_P,(GWHPACEB022440,GWHPACEJ024751)))),((GWHPACER022254,GWHPACEH024006),GWHPACEO024057),GWHPACEI024779);
((GWHPACEN023698,(GWHPACEP022655,(GLYMA_ZH13_06G238800_1_P,(GWHPACEB022440,GWHPACEJ024751)))),((GWHPACER022254,GWHPACEH024006),GWHPACEO024057),GWHPACEI024779);
((GWHPACEN023698,(GWHPACEP022655,(GLYMA_ZH13_06G238800_1_P,(GWHPACEB022440,GWHPACEJ024751)))),((GWHPACER022254,GWHPACEH024006),GWHPACEO024057),GWHPACEI024779);
((GWHPACEN023698,(GWHPACEP022655,(GLYMA_ZH13_06G238800_1_P,(GWHPACEB022440,GWHPACEJ024751)))),((GWHPACER022254,GWHPACEH024006),GWHPACEO024057),GWHPACEI024779);
((GWHPACEN023698,(GWHPACEP022655,(GLYMA_ZH13_06G238800_1_P,(GWHPACEB022440,GWHPACEJ024751)))),((GWHPACER022254,GWHPACEH024006),GWHPACEO024057),GWHPACEI024779);
((GWHPACEN023698,(GWHPACEP022655,(GLYMA_ZH13_06G238800_1_P,(GWHPACEB022440,GWHPACEJ024751)))),((GWHPACER022254,GWHPACEH024006),GWHPACEO024057),GWHPACEI024779);
((GWHPACEN023698,(GWHPACEP022655,(GLYMA_ZH13_06G238800_1_P,(GWHPACEB022440,GWHPACEJ024751)))),((GWHPACER022254,GWHPACEH024006),GWHPACEO024057),GWHPACEI024779);
((GWHPACEN023698,(GWHPACEP022655,(GLYMA_ZH13_06G238800_1_P,(GWHPACEB022440,GWHPACEJ024751)))),((GWHPACER022254,GWHPACEH024006),GWHPACEO024057),GWHPACEI024779);
(GLYMA_ZH13_06G238800_1_P,(GWHPACEO024057,(GWHPACEP022655,(GWHPACEN023698,(GWHPACEB022440,(GWHPACER022254,(GWHPACEJ024751,GWHPACEH024006)))))),GWHPACEI024779);
(GLYMA_ZH13_06G238800_1_P,(GWHPACEO024057,(GWHPACEP022655,(GWHPACEN023698,(GWHPACEB022440,(GWHPACER022254,(GWHPACEJ024751,GWHPACEH024006)))))),GWHPACEI024779);
(GLYMA_ZH13_06G238800_1_P,(GWHPACEO024057,(GWHPACEP022655,(GWHPACEN023698,(GWHPACEB022440,(GWHPACER022254,(GWHPACEJ024751,GWHPACEH024006)))))),GWHPACEI024779);
(GLYMA_ZH13_06G238800_1_P,(GWHPACEO024057,(GWHPACEP022655,(GWHPACEN023698,(GWHPACEB022440,(GWHPACER022254,(GWHPACEJ024751,GWHPACEH024006)))))),GWHPACEI024779);
(GLYMA_ZH13_06G238800_1_P,(GWHPACEO024057,(GWHPACEP022655,(GWHPACEN023698,(GWHPACEB022440,(GWHPACER022254,(GWHPACEJ024751,GWHPACEH024006)))))),GWHPACEI024779);
(GLYMA_ZH13_06G238800_1_P,(GWHPACEO024057,(GWHPACEP022655,(GWHPACEN023698,(GWHPACEB022440,(GWHPACER022254,(GWHPACEJ024751,GWHPACEH024006)))))),GWHPACEI024779);
(GLYMA_ZH13_06G238800_1_P,(GWHPACEO024057,(GWHPACEP022655,(GWHPACEN023698,(GWHPACEB022440,(GWHPACER022254,(GWHPACEJ024751,GWHPACEH024006)))))),GWHPACEI024779);
(GLYMA_ZH13_06G238800_1_P,(GWHPACEO024057,(GWHPACEP022655,(GWHPACEN023698,(GWHPACEB022440,(GWHPACER022254,(GWHPACEJ024751,GWHPACEH024006)))))),GWHPACEI024779);
(GLYMA_ZH13_06G238800_1_P,(GWHPACEO024057,(GWHPACEP022655,(GWHPACEN023698,(GWHPACEB022440,(GWHPACER022254,(GWHPACEJ024751,GWHPACEH024006)))))),GWHPACEI024779);
(GLYMA_ZH13_06G238800_1_P,(GWHPACEO024057,(GWHPACEP022655,(GWHPACEN023698,(GWHPACEB022440,(GWHPACER022254,(GWHPACEJ024751,GWHPACEH024006)))))),GWHPACEI024779);
(GWHPACEN023698,(GWHPACEP022655,(GLYMA_ZH13_06G238800_1_P,(GWHPACEH024006,(GWHPACEJ024751,(GWHPACEB022440,(GWHPACEO024057,GWHPACER022254)))))),GWHPACEI024779);
(GWHPACEN023698,(GWHPACEP022655,(GLYMA_ZH13_06G238800_1_P,(GWHPACEH024006,(GWHPACEJ024751,(GWHPACEB022440,(GWHPACEO024057,GWHPACER022254)))))),GWHPACEI024779);
(GWHPACEN023698,(GWHPACEP022655,(GLYMA_ZH13_06G238800_1_P,(GWHPACEH024006,(GWHPACEJ024751,(GWHPACEB022440,(GWHPACEO024057,GWHPACER022254)))))),GWHPACEI024779);
(GWHPACEN023698,(GWHPACEP022655,(GLYMA_ZH13_06G238800_1_P,(GWHPACEH024006,(GWHPACEJ024751,(GWHPACEB022440,(GWHPACEO024057,GWHPACER022254)))))),GWHPACEI024779);
(GWHPACEN023698,(GWHPACEP022655,(GLYMA_ZH13_06G238800_1_P,(GWHPACEH024006,(GWHPACEJ024751,(GWHPACEB022440,(GWHPACEO024057,GWHPACER022254)))))),GWHPACEI024779);
(GWHPACEN023698,(GWHPACEP022655,(GLYMA_ZH13_06G238800_1_P,(GWHPACEH024006,(GWHPACEJ024751,(GWHPACEB022440,(GWHPACEO024057,GWHPACER022254)))))),GWHPACEI024779);
(GWHPACEN023698,(GWHPACEP022655,(GLYMA_ZH13_06G238800_1_P,(GWHPACEH024006,(GWHPACEJ024751,(GWHPACEB022440,(GWHPACEO024057,GWHPACER022254)))))),GWHPACEI024779);
(GWHPACEN023698,(GWHPACEP022655,(GLYMA_ZH13_06G238800_1_P,(GWHPACEH024006,(GWHPACEJ024751,(GWHPACEB022440,(GWHPACEO024057,GWHPACER022254)))))),GWHPACEI024779);
(GWHPACEN023698,(GWHPACEP022655,(GLYMA_ZH13_06G238800_1_P,(GWHPACEH024006,(GWHPACEJ024751,(GWHPACEB022440,(GWHPACEO024057,GWHPACER022254)))))),GWHPACEI024779);
(GWHPACEN023698,(GWHPACEP022655,(GLYMA_ZH13_06G238800_1_P,(GWHPACEH024006,(GWHPACEJ024751,(GWHPACEB022440,(GWHPACEO024057,GWHPACER022254)))))),GWHPACEI024779);
