((GWHPACDZ065184,(GWHPACED063516,GWHPACDY068224)),(GWHPACEX062137,(GLYMA_ZH13_16G121300_1_P,(GWHPACEJ087879,(GWHPACEG065912,(GWHPACEI068710,GWHPACEV060497))))),GWHPACEK059376);
((GWHPACDZ065184,(GWHPACED063516,GWHPACDY068224)),(GWHPACEX062137,(GLYMA_ZH13_16G121300_1_P,(GWHPACEJ087879,(GWHPACEG065912,(GWHPACEI068710,GWHPACEV060497))))),GWHPACEK059376);
((GWHPACDZ065184,(GWHPACED063516,GWHPACDY068224)),(GWHPACEX062137,(GLYMA_ZH13_16G121300_1_P,(GWHPACEJ087879,(GWHPACEG065912,(GWHPACEI068710,GWHPACEV060497))))),GWHPACEK059376);
((GWHPACDZ065184,(GWHPACED063516,GWHPACDY068224)),(GWHPACEX062137,(GLYMA_ZH13_16G121300_1_P,(GWHPACEJ087879,(GWHPACEG065912,(GWHPACEI068710,GWHPACEV060497))))),GWHPACEK059376);
((GWHPACDZ065184,(GWHPACED063516,GWHPACDY068224)),(GWHPACEX062137,(GLYMA_ZH13_16G121300_1_P,(GWHPACEJ087879,(GWHPACEG065912,(GWHPACEI068710,GWHPACEV060497))))),GWHPACEK059376);
((GWHPACDZ065184,(GWHPACED063516,GWHPACDY068224)),(GWHPACEX062137,(GLYMA_ZH13_16G121300_1_P,(GWHPACEJ087879,(GWHPACEG065912,(GWHPACEI068710,GWHPACEV060497))))),GWHPACEK059376);
((GWHPACDZ065184,(GWHPACED063516,GWHPACDY068224)),(GWHPACEX062137,(GLYMA_ZH13_16G121300_1_P,(GWHPACEJ087879,(GWHPACEG065912,(GWHPACEI068710,GWHPACEV060497))))),GWHPACEK059376);
((GWHPACDZ065184,(GWHPACED063516,GWHPACDY068224)),(GWHPACEX062137,(GLYMA_ZH13_16G121300_1_P,(GWHPACEJ087879,(GWHPACEG065912,(GWHPACEI068710,GWHPACEV060497))))),GWHPACEK059376);
((GWHPACDZ065184,(GWHPACED063516,GWHPACDY068224)),(GWHPACEX062137,(GLYMA_ZH13_16G121300_1_P,(GWHPACEJ087879,(GWHPACEG065912,(GWHPACEI068710,GWHPACEV060497))))),GWHPACEK059376);
((GWHPACDZ065184,(GWHPACED063516,GWHPACDY068224)),(GWHPACEX062137,(GLYMA_ZH13_16G121300_1_P,(GWHPACEJ087879,(GWHPACEG065912,(GWHPACEI068710,GWHPACEV060497))))),GWHPACEK059376);
((GWHPACEV060497,(GLYMA_ZH13_16G121300_1_P,(GWHPACEX062137,(GWHPACEI068710,(GWHPACEJ087879,GWHPACEG065912))))),((GWHPACDY068224,GWHPACED063516),GWHPACDZ065184),GWHPACEK059376);
((GWHPACEV060497,(GLYMA_ZH13_16G121300_1_P,(GWHPACEX062137,(GWHPACEI068710,(GWHPACEJ087879,GWHPACEG065912))))),((GWHPACDY068224,GWHPACED063516),GWHPACDZ065184),GWHPACEK059376);
((GWHPACEV060497,(GLYMA_ZH13_16G121300_1_P,(GWHPACEX062137,(GWHPACEI068710,(GWHPACEJ087879,GWHPACEG065912))))),((GWHPACDY068224,GWHPACED063516),GWHPACDZ065184),GWHPACEK059376);
((GWHPACEV060497,(GLYMA_ZH13_16G121300_1_P,(GWHPACEX062137,(GWHPACEI068710,(GWHPACEJ087879,GWHPACEG065912))))),((GWHPACDY068224,GWHPACED063516),GWHPACDZ065184),GWHPACEK059376);
((GWHPACEV060497,(GLYMA_ZH13_16G121300_1_P,(GWHPACEX062137,(GWHPACEI068710,(GWHPACEJ087879,GWHPACEG065912))))),((GWHPACDY068224,GWHPACED063516),GWHPACDZ065184),GWHPACEK059376);
((GWHPACEV060497,(GLYMA_ZH13_16G121300_1_P,(GWHPACEX062137,(GWHPACEI068710,(GWHPACEJ087879,GWHPACEG065912))))),((GWHPACDY068224,GWHPACED063516),GWHPACDZ065184),GWHPACEK059376);
((GWHPACEV060497,(GLYMA_ZH13_16G121300_1_P,(GWHPACEX062137,(GWHPACEI068710,(GWHPACEJ087879,GWHPACEG065912))))),((GWHPACDY068224,GWHPACED063516),GWHPACDZ065184),GWHPACEK059376);
((GWHPACEV060497,(GLYMA_ZH13_16G121300_1_P,(GWHPACEX062137,(GWHPACEI068710,(GWHPACEJ087879,GWHPACEG065912))))),((GWHPACDY068224,GWHPACED063516),GWHPACDZ065184),GWHPACEK059376);
((GWHPACEV060497,(GLYMA_ZH13_16G121300_1_P,(GWHPACEX062137,(GWHPACEI068710,(GWHPACEJ087879,GWHPACEG065912))))),((GWHPACDY068224,GWHPACED063516),GWHPACDZ065184),GWHPACEK059376);
((GWHPACEV060497,(GLYMA_ZH13_16G121300_1_P,(GWHPACEX062137,(GWHPACEI068710,(GWHPACEJ087879,GWHPACEG065912))))),((GWHPACDY068224,GWHPACED063516),GWHPACDZ065184),GWHPACEK059376);
((GWHPACEV060497,(GWHPACEI068710,(GLYMA_ZH13_16G121300_1_P,(GWHPACEX062137,(GWHPACEJ087879,GWHPACEG065912))))),((GWHPACDY068224,GWHPACED063516),GWHPACDZ065184),GWHPACEK059376);
((GWHPACEV060497,(GWHPACEI068710,(GLYMA_ZH13_16G121300_1_P,(GWHPACEX062137,(GWHPACEJ087879,GWHPACEG065912))))),((GWHPACDY068224,GWHPACED063516),GWHPACDZ065184),GWHPACEK059376);
((GWHPACEV060497,(GWHPACEI068710,(GLYMA_ZH13_16G121300_1_P,(GWHPACEX062137,(GWHPACEJ087879,GWHPACEG065912))))),((GWHPACDY068224,GWHPACED063516),GWHPACDZ065184),GWHPACEK059376);
((GWHPACEV060497,(GWHPACEI068710,(GLYMA_ZH13_16G121300_1_P,(GWHPACEX062137,(GWHPACEJ087879,GWHPACEG065912))))),((GWHPACDY068224,GWHPACED063516),GWHPACDZ065184),GWHPACEK059376);
((GWHPACEV060497,(GWHPACEI068710,(GLYMA_ZH13_16G121300_1_P,(GWHPACEX062137,(GWHPACEJ087879,GWHPACEG065912))))),((GWHPACDY068224,GWHPACED063516),GWHPACDZ065184),GWHPACEK059376);
((GWHPACEV060497,(GWHPACEI068710,(GLYMA_ZH13_16G121300_1_P,(GWHPACEX062137,(GWHPACEJ087879,GWHPACEG065912))))),((GWHPACDY068224,GWHPACED063516),GWHPACDZ065184),GWHPACEK059376);
((GWHPACEV060497,(GWHPACEI068710,(GLYMA_ZH13_16G121300_1_P,(GWHPACEX062137,(GWHPACEJ087879,GWHPACEG065912))))),((GWHPACDY068224,GWHPACED063516),GWHPACDZ065184),GWHPACEK059376);
((GWHPACEV060497,(GWHPACEI068710,(GLYMA_ZH13_16G121300_1_P,(GWHPACEX062137,(GWHPACEJ087879,GWHPACEG065912))))),((GWHPACDY068224,GWHPACED063516),GWHPACDZ065184),GWHPACEK059376);
((GWHPACEV060497,(GWHPACEI068710,(GLYMA_ZH13_16G121300_1_P,(GWHPACEX062137,(GWHPACEJ087879,GWHPACEG065912))))),((GWHPACDY068224,GWHPACED063516),GWHPACDZ065184),GWHPACEK059376);
((GWHPACEV060497,(GWHPACEI068710,(GLYMA_ZH13_16G121300_1_P,(GWHPACEX062137,(GWHPACEJ087879,GWHPACEG065912))))),((GWHPACDY068224,GWHPACED063516),GWHPACDZ065184),GWHPACEK059376);
((GWHPACDZ065184,(GWHPACED063516,GWHPACDY068224)),(GWHPACEX062137,(GWHPACEJ087879,(GLYMA_ZH13_16G121300_1_P,(GWHPACEV060497,(GWHPACEG065912,GWHPACEI068710))))),GWHPACEK059376);
((GWHPACDZ065184,(GWHPACED063516,GWHPACDY068224)),(GWHPACEX062137,(GWHPACEJ087879,(GLYMA_ZH13_16G121300_1_P,(GWHPACEV060497,(GWHPACEG065912,GWHPACEI068710))))),GWHPACEK059376);
((GWHPACDZ065184,(GWHPACED063516,GWHPACDY068224)),(GWHPACEX062137,(GWHPACEJ087879,(GLYMA_ZH13_16G121300_1_P,(GWHPACEV060497,(GWHPACEG065912,GWHPACEI068710))))),GWHPACEK059376);
((GWHPACDZ065184,(GWHPACED063516,GWHPACDY068224)),(GWHPACEX062137,(GWHPACEJ087879,(GLYMA_ZH13_16G121300_1_P,(GWHPACEV060497,(GWHPACEG065912,GWHPACEI068710))))),GWHPACEK059376);
((GWHPACDZ065184,(GWHPACED063516,GWHPACDY068224)),(GWHPACEX062137,(GWHPACEJ087879,(GLYMA_ZH13_16G121300_1_P,(GWHPACEV060497,(GWHPACEG065912,GWHPACEI068710))))),GWHPACEK059376);
((GWHPACDZ065184,(GWHPACED063516,GWHPACDY068224)),(GWHPACEX062137,(GWHPACEJ087879,(GLYMA_ZH13_16G121300_1_P,(GWHPACEV060497,(GWHPACEG065912,GWHPACEI068710))))),GWHPACEK059376);
((GWHPACDZ065184,(GWHPACED063516,GWHPACDY068224)),(GWHPACEX062137,(GWHPACEJ087879,(GLYMA_ZH13_16G121300_1_P,(GWHPACEV060497,(GWHPACEG065912,GWHPACEI068710))))),GWHPACEK059376);
((GWHPACDZ065184,(GWHPACED063516,GWHPACDY068224)),(GWHPACEX062137,(GWHPACEJ087879,(GLYMA_ZH13_16G121300_1_P,(GWHPACEV060497,(GWHPACEG065912,GWHPACEI068710))))),GWHPACEK059376);
((GWHPACDZ065184,(GWHPACED063516,GWHPACDY068224)),(GWHPACEX062137,(GWHPACEJ087879,(GLYMA_ZH13_16G121300_1_P,(GWHPACEV060497,(GWHPACEG065912,GWHPACEI068710))))),GWHPACEK059376);
((GWHPACDZ065184,(GWHPACED063516,GWHPACDY068224)),(GWHPACEX062137,(GWHPACEJ087879,(GLYMA_ZH13_16G121300_1_P,(GWHPACEV060497,(GWHPACEG065912,GWHPACEI068710))))),GWHPACEK059376);
((GWHPACDZ065184,(GWHPACDY068224,GWHPACED063516)),(((((GWHPACEG065912,GLYMA_ZH13_16G121300_1_P),GWHPACEJ087879),GWHPACEX062137),GWHPACEI068710),GWHPACEV060497),GWHPACEK059376);
((GWHPACDZ065184,(GWHPACDY068224,GWHPACED063516)),(((((GWHPACEG065912,GLYMA_ZH13_16G121300_1_P),GWHPACEJ087879),GWHPACEX062137),GWHPACEI068710),GWHPACEV060497),GWHPACEK059376);
((GWHPACDZ065184,(GWHPACDY068224,GWHPACED063516)),(((((GWHPACEG065912,GLYMA_ZH13_16G121300_1_P),GWHPACEJ087879),GWHPACEX062137),GWHPACEI068710),GWHPACEV060497),GWHPACEK059376);
((GWHPACDZ065184,(GWHPACDY068224,GWHPACED063516)),(((((GWHPACEG065912,GLYMA_ZH13_16G121300_1_P),GWHPACEJ087879),GWHPACEX062137),GWHPACEI068710),GWHPACEV060497),GWHPACEK059376);
((GWHPACDZ065184,(GWHPACDY068224,GWHPACED063516)),(((((GWHPACEG065912,GLYMA_ZH13_16G121300_1_P),GWHPACEJ087879),GWHPACEX062137),GWHPACEI068710),GWHPACEV060497),GWHPACEK059376);
((GWHPACDZ065184,(GWHPACDY068224,GWHPACED063516)),(((((GWHPACEG065912,GLYMA_ZH13_16G121300_1_P),GWHPACEJ087879),GWHPACEX062137),GWHPACEI068710),GWHPACEV060497),GWHPACEK059376);
((GWHPACDZ065184,(GWHPACDY068224,GWHPACED063516)),(((((GWHPACEG065912,GLYMA_ZH13_16G121300_1_P),GWHPACEJ087879),GWHPACEX062137),GWHPACEI068710),GWHPACEV060497),GWHPACEK059376);
((GWHPACDZ065184,(GWHPACDY068224,GWHPACED063516)),(((((GWHPACEG065912,GLYMA_ZH13_16G121300_1_P),GWHPACEJ087879),GWHPACEX062137),GWHPACEI068710),GWHPACEV060497),GWHPACEK059376);
((GWHPACDZ065184,(GWHPACDY068224,GWHPACED063516)),(((((GWHPACEG065912,GLYMA_ZH13_16G121300_1_P),GWHPACEJ087879),GWHPACEX062137),GWHPACEI068710),GWHPACEV060497),GWHPACEK059376);
((GWHPACDZ065184,(GWHPACDY068224,GWHPACED063516)),(((((GWHPACEG065912,GLYMA_ZH13_16G121300_1_P),GWHPACEJ087879),GWHPACEX062137),GWHPACEI068710),GWHPACEV060497),GWHPACEK059376);
((GWHPACEI068710,(GWHPACEX062137,(GWHPACEJ087879,(GWHPACEG065912,(GLYMA_ZH13_16G121300_1_P,GWHPACEV060497))))),((GWHPACDY068224,GWHPACED063516),GWHPACDZ065184),GWHPACEK059376);
((GWHPACEI068710,(GWHPACEX062137,(GWHPACEJ087879,(GWHPACEG065912,(GLYMA_ZH13_16G121300_1_P,GWHPACEV060497))))),((GWHPACDY068224,GWHPACED063516),GWHPACDZ065184),GWHPACEK059376);
((GWHPACEI068710,(GWHPACEX062137,(GWHPACEJ087879,(GWHPACEG065912,(GLYMA_ZH13_16G121300_1_P,GWHPACEV060497))))),((GWHPACDY068224,GWHPACED063516),GWHPACDZ065184),GWHPACEK059376);
((GWHPACEI068710,(GWHPACEX062137,(GWHPACEJ087879,(GWHPACEG065912,(GLYMA_ZH13_16G121300_1_P,GWHPACEV060497))))),((GWHPACDY068224,GWHPACED063516),GWHPACDZ065184),GWHPACEK059376);
((GWHPACEI068710,(GWHPACEX062137,(GWHPACEJ087879,(GWHPACEG065912,(GLYMA_ZH13_16G121300_1_P,GWHPACEV060497))))),((GWHPACDY068224,GWHPACED063516),GWHPACDZ065184),GWHPACEK059376);
((GWHPACEI068710,(GWHPACEX062137,(GWHPACEJ087879,(GWHPACEG065912,(GLYMA_ZH13_16G121300_1_P,GWHPACEV060497))))),((GWHPACDY068224,GWHPACED063516),GWHPACDZ065184),GWHPACEK059376);
((GWHPACEI068710,(GWHPACEX062137,(GWHPACEJ087879,(GWHPACEG065912,(GLYMA_ZH13_16G121300_1_P,GWHPACEV060497))))),((GWHPACDY068224,GWHPACED063516),GWHPACDZ065184),GWHPACEK059376);
((GWHPACEI068710,(GWHPACEX062137,(GWHPACEJ087879,(GWHPACEG065912,(GLYMA_ZH13_16G121300_1_P,GWHPACEV060497))))),((GWHPACDY068224,GWHPACED063516),GWHPACDZ065184),GWHPACEK059376);
((GWHPACEI068710,(GWHPACEX062137,(GWHPACEJ087879,(GWHPACEG065912,(GLYMA_ZH13_16G121300_1_P,GWHPACEV060497))))),((GWHPACDY068224,GWHPACED063516),GWHPACDZ065184),GWHPACEK059376);
((GWHPACEI068710,(GWHPACEX062137,(GWHPACEJ087879,(GWHPACEG065912,(GLYMA_ZH13_16G121300_1_P,GWHPACEV060497))))),((GWHPACDY068224,GWHPACED063516),GWHPACDZ065184),GWHPACEK059376);
((GWHPACEX062137,(GWHPACEI068710,(GWHPACEJ087879,(GWHPACEV060497,(GLYMA_ZH13_16G121300_1_P,GWHPACEG065912))))),((GWHPACDY068224,GWHPACED063516),GWHPACDZ065184),GWHPACEK059376);
((GWHPACEX062137,(GWHPACEI068710,(GWHPACEJ087879,(GWHPACEV060497,(GLYMA_ZH13_16G121300_1_P,GWHPACEG065912))))),((GWHPACDY068224,GWHPACED063516),GWHPACDZ065184),GWHPACEK059376);
((GWHPACEX062137,(GWHPACEI068710,(GWHPACEJ087879,(GWHPACEV060497,(GLYMA_ZH13_16G121300_1_P,GWHPACEG065912))))),((GWHPACDY068224,GWHPACED063516),GWHPACDZ065184),GWHPACEK059376);
((GWHPACEX062137,(GWHPACEI068710,(GWHPACEJ087879,(GWHPACEV060497,(GLYMA_ZH13_16G121300_1_P,GWHPACEG065912))))),((GWHPACDY068224,GWHPACED063516),GWHPACDZ065184),GWHPACEK059376);
((GWHPACEX062137,(GWHPACEI068710,(GWHPACEJ087879,(GWHPACEV060497,(GLYMA_ZH13_16G121300_1_P,GWHPACEG065912))))),((GWHPACDY068224,GWHPACED063516),GWHPACDZ065184),GWHPACEK059376);
((GWHPACEX062137,(GWHPACEI068710,(GWHPACEJ087879,(GWHPACEV060497,(GLYMA_ZH13_16G121300_1_P,GWHPACEG065912))))),((GWHPACDY068224,GWHPACED063516),GWHPACDZ065184),GWHPACEK059376);
((GWHPACEX062137,(GWHPACEI068710,(GWHPACEJ087879,(GWHPACEV060497,(GLYMA_ZH13_16G121300_1_P,GWHPACEG065912))))),((GWHPACDY068224,GWHPACED063516),GWHPACDZ065184),GWHPACEK059376);
((GWHPACEX062137,(GWHPACEI068710,(GWHPACEJ087879,(GWHPACEV060497,(GLYMA_ZH13_16G121300_1_P,GWHPACEG065912))))),((GWHPACDY068224,GWHPACED063516),GWHPACDZ065184),GWHPACEK059376);
((GWHPACEX062137,(GWHPACEI068710,(GWHPACEJ087879,(GWHPACEV060497,(GLYMA_ZH13_16G121300_1_P,GWHPACEG065912))))),((GWHPACDY068224,GWHPACED063516),GWHPACDZ065184),GWHPACEK059376);
((GWHPACEX062137,(GWHPACEI068710,(GWHPACEJ087879,(GWHPACEV060497,(GLYMA_ZH13_16G121300_1_P,GWHPACEG065912))))),((GWHPACDY068224,GWHPACED063516),GWHPACDZ065184),GWHPACEK059376);
((GWHPACDZ065184,(GWHPACDY068224,GWHPACED063516)),(GLYMA_ZH13_16G121300_1_P,((((GWHPACEX062137,GWHPACEI068710),GWHPACEV060497),GWHPACEG065912),GWHPACEJ087879)),GWHPACEK059376);
((GWHPACDZ065184,(GWHPACDY068224,GWHPACED063516)),(GLYMA_ZH13_16G121300_1_P,((((GWHPACEX062137,GWHPACEI068710),GWHPACEV060497),GWHPACEG065912),GWHPACEJ087879)),GWHPACEK059376);
((GWHPACDZ065184,(GWHPACDY068224,GWHPACED063516)),(GLYMA_ZH13_16G121300_1_P,((((GWHPACEX062137,GWHPACEI068710),GWHPACEV060497),GWHPACEG065912),GWHPACEJ087879)),GWHPACEK059376);
((GWHPACDZ065184,(GWHPACDY068224,GWHPACED063516)),(GLYMA_ZH13_16G121300_1_P,((((GWHPACEX062137,GWHPACEI068710),GWHPACEV060497),GWHPACEG065912),GWHPACEJ087879)),GWHPACEK059376);
((GWHPACDZ065184,(GWHPACDY068224,GWHPACED063516)),(GLYMA_ZH13_16G121300_1_P,((((GWHPACEX062137,GWHPACEI068710),GWHPACEV060497),GWHPACEG065912),GWHPACEJ087879)),GWHPACEK059376);
((GWHPACDZ065184,(GWHPACDY068224,GWHPACED063516)),(GLYMA_ZH13_16G121300_1_P,((((GWHPACEX062137,GWHPACEI068710),GWHPACEV060497),GWHPACEG065912),GWHPACEJ087879)),GWHPACEK059376);
((GWHPACDZ065184,(GWHPACDY068224,GWHPACED063516)),(GLYMA_ZH13_16G121300_1_P,((((GWHPACEX062137,GWHPACEI068710),GWHPACEV060497),GWHPACEG065912),GWHPACEJ087879)),GWHPACEK059376);
((GWHPACDZ065184,(GWHPACDY068224,GWHPACED063516)),(GLYMA_ZH13_16G121300_1_P,((((GWHPACEX062137,GWHPACEI068710),GWHPACEV060497),GWHPACEG065912),GWHPACEJ087879)),GWHPACEK059376);
((GWHPACDZ065184,(GWHPACDY068224,GWHPACED063516)),(GLYMA_ZH13_16G121300_1_P,((((GWHPACEX062137,GWHPACEI068710),GWHPACEV060497),GWHPACEG065912),GWHPACEJ087879)),GWHPACEK059376);
((GWHPACDZ065184,(GWHPACDY068224,GWHPACED063516)),(GLYMA_ZH13_16G121300_1_P,((((GWHPACEX062137,GWHPACEI068710),GWHPACEV060497),GWHPACEG065912),GWHPACEJ087879)),GWHPACEK059376);
((GWHPACEJ087879,(GWHPACEX062137,(GWHPACEV060497,(GLYMA_ZH13_16G121300_1_P,(GWHPACEI068710,GWHPACEG065912))))),((GWHPACDY068224,GWHPACED063516),GWHPACDZ065184),GWHPACEK059376);
((GWHPACEJ087879,(GWHPACEX062137,(GWHPACEV060497,(GLYMA_ZH13_16G121300_1_P,(GWHPACEI068710,GWHPACEG065912))))),((GWHPACDY068224,GWHPACED063516),GWHPACDZ065184),GWHPACEK059376);
((GWHPACEJ087879,(GWHPACEX062137,(GWHPACEV060497,(GLYMA_ZH13_16G121300_1_P,(GWHPACEI068710,GWHPACEG065912))))),((GWHPACDY068224,GWHPACED063516),GWHPACDZ065184),GWHPACEK059376);
((GWHPACEJ087879,(GWHPACEX062137,(GWHPACEV060497,(GLYMA_ZH13_16G121300_1_P,(GWHPACEI068710,GWHPACEG065912))))),((GWHPACDY068224,GWHPACED063516),GWHPACDZ065184),GWHPACEK059376);
((GWHPACEJ087879,(GWHPACEX062137,(GWHPACEV060497,(GLYMA_ZH13_16G121300_1_P,(GWHPACEI068710,GWHPACEG065912))))),((GWHPACDY068224,GWHPACED063516),GWHPACDZ065184),GWHPACEK059376);
((GWHPACEJ087879,(GWHPACEX062137,(GWHPACEV060497,(GLYMA_ZH13_16G121300_1_P,(GWHPACEI068710,GWHPACEG065912))))),((GWHPACDY068224,GWHPACED063516),GWHPACDZ065184),GWHPACEK059376);
((GWHPACEJ087879,(GWHPACEX062137,(GWHPACEV060497,(GLYMA_ZH13_16G121300_1_P,(GWHPACEI068710,GWHPACEG065912))))),((GWHPACDY068224,GWHPACED063516),GWHPACDZ065184),GWHPACEK059376);
((GWHPACEJ087879,(GWHPACEX062137,(GWHPACEV060497,(GLYMA_ZH13_16G121300_1_P,(GWHPACEI068710,GWHPACEG065912))))),((GWHPACDY068224,GWHPACED063516),GWHPACDZ065184),GWHPACEK059376);
((GWHPACEJ087879,(GWHPACEX062137,(GWHPACEV060497,(GLYMA_ZH13_16G121300_1_P,(GWHPACEI068710,GWHPACEG065912))))),((GWHPACDY068224,GWHPACED063516),GWHPACDZ065184),GWHPACEK059376);
((GWHPACEJ087879,(GWHPACEX062137,(GWHPACEV060497,(GLYMA_ZH13_16G121300_1_P,(GWHPACEI068710,GWHPACEG065912))))),((GWHPACDY068224,GWHPACED063516),GWHPACDZ065184),GWHPACEK059376);
(((GWHPACDY068224,GWHPACED063516),GWHPACDZ065184),(((((GWHPACEG065912,GWHPACEX062137),GLYMA_ZH13_16G121300_1_P),GWHPACEJ087879),GWHPACEI068710),GWHPACEV060497),GWHPACEK059376);
(((GWHPACDY068224,GWHPACED063516),GWHPACDZ065184),(((((GWHPACEG065912,GWHPACEX062137),GLYMA_ZH13_16G121300_1_P),GWHPACEJ087879),GWHPACEI068710),GWHPACEV060497),GWHPACEK059376);
(((GWHPACDY068224,GWHPACED063516),GWHPACDZ065184),(((((GWHPACEG065912,GWHPACEX062137),GLYMA_ZH13_16G121300_1_P),GWHPACEJ087879),GWHPACEI068710),GWHPACEV060497),GWHPACEK059376);
(((GWHPACDY068224,GWHPACED063516),GWHPACDZ065184),(((((GWHPACEG065912,GWHPACEX062137),GLYMA_ZH13_16G121300_1_P),GWHPACEJ087879),GWHPACEI068710),GWHPACEV060497),GWHPACEK059376);
(((GWHPACDY068224,GWHPACED063516),GWHPACDZ065184),(((((GWHPACEG065912,GWHPACEX062137),GLYMA_ZH13_16G121300_1_P),GWHPACEJ087879),GWHPACEI068710),GWHPACEV060497),GWHPACEK059376);
(((GWHPACDY068224,GWHPACED063516),GWHPACDZ065184),(((((GWHPACEG065912,GWHPACEX062137),GLYMA_ZH13_16G121300_1_P),GWHPACEJ087879),GWHPACEI068710),GWHPACEV060497),GWHPACEK059376);
(((GWHPACDY068224,GWHPACED063516),GWHPACDZ065184),(((((GWHPACEG065912,GWHPACEX062137),GLYMA_ZH13_16G121300_1_P),GWHPACEJ087879),GWHPACEI068710),GWHPACEV060497),GWHPACEK059376);
(((GWHPACDY068224,GWHPACED063516),GWHPACDZ065184),(((((GWHPACEG065912,GWHPACEX062137),GLYMA_ZH13_16G121300_1_P),GWHPACEJ087879),GWHPACEI068710),GWHPACEV060497),GWHPACEK059376);
(((GWHPACDY068224,GWHPACED063516),GWHPACDZ065184),(((((GWHPACEG065912,GWHPACEX062137),GLYMA_ZH13_16G121300_1_P),GWHPACEJ087879),GWHPACEI068710),GWHPACEV060497),GWHPACEK059376);
(((GWHPACDY068224,GWHPACED063516),GWHPACDZ065184),(((((GWHPACEG065912,GWHPACEX062137),GLYMA_ZH13_16G121300_1_P),GWHPACEJ087879),GWHPACEI068710),GWHPACEV060497),GWHPACEK059376);
