

IMPORTANT WARNING: Sequences GWHPACEE023940 and GWHPACEI024787 are exactly identical


IMPORTANT WARNING: Sequences GWHPACEE023940 and GWHPACEH024014 are exactly identical


IMPORTANT WARNING: Sequences GWHPACEE023940 and GWHPACEJ024760 are exactly identical


IMPORTANT WARNING: Sequences W05_GLYSO_06G015836_1_P and GWHPACEU024128 are exactly identical


IMPORTANT WARNING: Sequences W05_GLYSO_06G015836_1_P and GLYMA_06G259400_1 are exactly identical


IMPORTANT WARNING: Sequences W05_GLYSO_06G015836_1_P and GWHPACET024382 are exactly identical


IMPORTANT WARNING: Sequences W05_GLYSO_06G015836_1_P and GWHPACEA024443 are exactly identical

IMPORTANT WARNING
Found 7 sequences that are exactly identical to other sequences in the alignment.
Normally they should be excluded from the analysis.

Just in case you might need it, an alignment file with 
sequence duplicates removed is printed to file ../../RAxML_tree_pbNB-ARC/Clade_Refinement_2/Int11409_395_471_R_144_170_R_11.afa.reduced


This is RAxML version 8.2.12 released by Alexandros Stamatakis on May 2018.

With greatly appreciated code contributions by:
Andre Aberer      (HITS)
Simon Berger      (HITS)
Alexey Kozlov     (HITS)
Kassian Kobert    (HITS)
David Dao         (KIT and HITS)
Sarah Lutteropp   (KIT and HITS)
Nick Pattengale   (Sandia)
Wayne Pfeiffer    (SDSC)
Akifumi S. Tanabe (NRIFS)
Charlie Taylor    (UF)


Alignment has 118 distinct alignment patterns

Proportion of gaps and completely undetermined characters in this alignment: 0.38%

RAxML rapid bootstrapping and subsequent ML search

Using 1 distinct models/data partitions with joint branch length optimization



Executing 100 rapid bootstrap inferences and thereafter a thorough ML search 

All free model parameters will be estimated by RAxML
ML estimate of 25 per site rate categories

Likelihood of final tree will be evaluated and optimized under GAMMA

GAMMA Model parameters will be estimated up to an accuracy of 0.1000000000 Log Likelihood units

Partition: 0
Alignment Patterns: 118
Name: No Name Provided
DataType: AA
Substitution Matrix: JTT
Using fixed base frequencies




RAxML was called as follows:

/Users/prigozhin/Installers/standard-RAxML/raxmlHPC-PTHREADS-AVX -T 4 -n Int11409_395_471_R_144_170_R_11.Raxml.out -f a -x 12345 -p 12345 -# 100 -m PROTCATJTT -s ../../RAxML_tree_pbNB-ARC/Clade_Refinement_2/Int11409_395_471_R_144_170_R_11.afa 



Time for BS model parameter optimization 0.331485
Bootstrap[0]: Time 0.395724 seconds, bootstrap likelihood -3567.007027, best rearrangement setting 13
Bootstrap[1]: Time 0.061008 seconds, bootstrap likelihood -3544.463185, best rearrangement setting 13
Bootstrap[2]: Time 0.061730 seconds, bootstrap likelihood -3537.654606, best rearrangement setting 12
Bootstrap[3]: Time 0.066958 seconds, bootstrap likelihood -3595.839040, best rearrangement setting 15
Bootstrap[4]: Time 0.078182 seconds, bootstrap likelihood -3605.352970, best rearrangement setting 10
Bootstrap[5]: Time 0.065204 seconds, bootstrap likelihood -3491.152865, best rearrangement setting 10
Bootstrap[6]: Time 0.071658 seconds, bootstrap likelihood -3632.799905, best rearrangement setting 6
Bootstrap[7]: Time 0.070264 seconds, bootstrap likelihood -3581.554337, best rearrangement setting 14
Bootstrap[8]: Time 0.065649 seconds, bootstrap likelihood -3620.023755, best rearrangement setting 5
Bootstrap[9]: Time 0.068596 seconds, bootstrap likelihood -3601.962329, best rearrangement setting 7
Bootstrap[10]: Time 0.063408 seconds, bootstrap likelihood -3508.527704, best rearrangement setting 7
Bootstrap[11]: Time 0.066825 seconds, bootstrap likelihood -3568.387162, best rearrangement setting 5
Bootstrap[12]: Time 0.070049 seconds, bootstrap likelihood -3554.015958, best rearrangement setting 8
Bootstrap[13]: Time 0.068101 seconds, bootstrap likelihood -3510.467894, best rearrangement setting 7
Bootstrap[14]: Time 0.074751 seconds, bootstrap likelihood -3603.847228, best rearrangement setting 12
Bootstrap[15]: Time 0.069529 seconds, bootstrap likelihood -3587.627948, best rearrangement setting 15
Bootstrap[16]: Time 0.074064 seconds, bootstrap likelihood -3576.446575, best rearrangement setting 12
Bootstrap[17]: Time 0.091637 seconds, bootstrap likelihood -3541.983862, best rearrangement setting 12
Bootstrap[18]: Time 0.061897 seconds, bootstrap likelihood -3515.170447, best rearrangement setting 5
Bootstrap[19]: Time 0.065455 seconds, bootstrap likelihood -3609.988487, best rearrangement setting 8
Bootstrap[20]: Time 0.069519 seconds, bootstrap likelihood -3605.298781, best rearrangement setting 10
Bootstrap[21]: Time 0.065621 seconds, bootstrap likelihood -3586.165071, best rearrangement setting 6
Bootstrap[22]: Time 0.071005 seconds, bootstrap likelihood -3608.889451, best rearrangement setting 5
Bootstrap[23]: Time 0.075533 seconds, bootstrap likelihood -3575.668438, best rearrangement setting 7
Bootstrap[24]: Time 0.077258 seconds, bootstrap likelihood -3552.514479, best rearrangement setting 8
Bootstrap[25]: Time 0.064181 seconds, bootstrap likelihood -3606.059243, best rearrangement setting 6
Bootstrap[26]: Time 0.069530 seconds, bootstrap likelihood -3579.506374, best rearrangement setting 12
Bootstrap[27]: Time 0.067835 seconds, bootstrap likelihood -3542.111567, best rearrangement setting 10
Bootstrap[28]: Time 0.071772 seconds, bootstrap likelihood -3558.501546, best rearrangement setting 11
Bootstrap[29]: Time 0.071998 seconds, bootstrap likelihood -3572.972405, best rearrangement setting 12
Bootstrap[30]: Time 0.075976 seconds, bootstrap likelihood -3585.662146, best rearrangement setting 15
Bootstrap[31]: Time 0.084742 seconds, bootstrap likelihood -3543.153859, best rearrangement setting 15
Bootstrap[32]: Time 0.090257 seconds, bootstrap likelihood -3568.200842, best rearrangement setting 6
Bootstrap[33]: Time 0.073188 seconds, bootstrap likelihood -3642.209738, best rearrangement setting 15
Bootstrap[34]: Time 0.074396 seconds, bootstrap likelihood -3524.334138, best rearrangement setting 11
Bootstrap[35]: Time 0.072946 seconds, bootstrap likelihood -3628.221449, best rearrangement setting 8
Bootstrap[36]: Time 0.074053 seconds, bootstrap likelihood -3604.614465, best rearrangement setting 9
Bootstrap[37]: Time 0.077003 seconds, bootstrap likelihood -3509.118245, best rearrangement setting 11
Bootstrap[38]: Time 0.065345 seconds, bootstrap likelihood -3537.059229, best rearrangement setting 8
Bootstrap[39]: Time 0.068494 seconds, bootstrap likelihood -3568.623751, best rearrangement setting 13
Bootstrap[40]: Time 0.066616 seconds, bootstrap likelihood -3613.172334, best rearrangement setting 13
Bootstrap[41]: Time 0.065948 seconds, bootstrap likelihood -3595.139982, best rearrangement setting 10
Bootstrap[42]: Time 0.072345 seconds, bootstrap likelihood -3566.457917, best rearrangement setting 5
Bootstrap[43]: Time 0.074275 seconds, bootstrap likelihood -3642.803614, best rearrangement setting 14
Bootstrap[44]: Time 0.076008 seconds, bootstrap likelihood -3600.292179, best rearrangement setting 10
Bootstrap[45]: Time 0.082089 seconds, bootstrap likelihood -3567.628955, best rearrangement setting 15
Bootstrap[46]: Time 0.091283 seconds, bootstrap likelihood -3533.328986, best rearrangement setting 14
Bootstrap[47]: Time 0.082477 seconds, bootstrap likelihood -3556.776885, best rearrangement setting 8
Bootstrap[48]: Time 0.078731 seconds, bootstrap likelihood -3636.485686, best rearrangement setting 6
Bootstrap[49]: Time 0.079628 seconds, bootstrap likelihood -3604.836894, best rearrangement setting 7
Bootstrap[50]: Time 0.082997 seconds, bootstrap likelihood -3584.391097, best rearrangement setting 7
Bootstrap[51]: Time 0.083876 seconds, bootstrap likelihood -3609.757838, best rearrangement setting 11
Bootstrap[52]: Time 0.076493 seconds, bootstrap likelihood -3582.834470, best rearrangement setting 12
Bootstrap[53]: Time 0.073747 seconds, bootstrap likelihood -3580.860612, best rearrangement setting 8
Bootstrap[54]: Time 0.072896 seconds, bootstrap likelihood -3564.520911, best rearrangement setting 9
Bootstrap[55]: Time 0.073408 seconds, bootstrap likelihood -3569.187841, best rearrangement setting 11
Bootstrap[56]: Time 0.071390 seconds, bootstrap likelihood -3538.957190, best rearrangement setting 5
Bootstrap[57]: Time 0.090706 seconds, bootstrap likelihood -3557.061945, best rearrangement setting 7
Bootstrap[58]: Time 0.087291 seconds, bootstrap likelihood -3580.419422, best rearrangement setting 10
Bootstrap[59]: Time 0.084590 seconds, bootstrap likelihood -3595.298157, best rearrangement setting 9
Bootstrap[60]: Time 0.107331 seconds, bootstrap likelihood -3576.615657, best rearrangement setting 7
Bootstrap[61]: Time 0.111789 seconds, bootstrap likelihood -3610.660704, best rearrangement setting 5
Bootstrap[62]: Time 0.111749 seconds, bootstrap likelihood -3585.553279, best rearrangement setting 11
Bootstrap[63]: Time 0.074089 seconds, bootstrap likelihood -3529.531871, best rearrangement setting 12
Bootstrap[64]: Time 0.095157 seconds, bootstrap likelihood -3610.942324, best rearrangement setting 7
Bootstrap[65]: Time 0.080964 seconds, bootstrap likelihood -3546.360803, best rearrangement setting 5
Bootstrap[66]: Time 0.087180 seconds, bootstrap likelihood -3629.893513, best rearrangement setting 5
Bootstrap[67]: Time 0.074306 seconds, bootstrap likelihood -3625.920696, best rearrangement setting 15
Bootstrap[68]: Time 0.078080 seconds, bootstrap likelihood -3585.429973, best rearrangement setting 11
Bootstrap[69]: Time 0.076593 seconds, bootstrap likelihood -3536.208946, best rearrangement setting 5
Bootstrap[70]: Time 0.076768 seconds, bootstrap likelihood -3584.729666, best rearrangement setting 8
Bootstrap[71]: Time 0.085700 seconds, bootstrap likelihood -3602.479423, best rearrangement setting 10
Bootstrap[72]: Time 0.072229 seconds, bootstrap likelihood -3596.229997, best rearrangement setting 11
Bootstrap[73]: Time 0.083201 seconds, bootstrap likelihood -3547.677739, best rearrangement setting 9
Bootstrap[74]: Time 0.071229 seconds, bootstrap likelihood -3624.850643, best rearrangement setting 5
Bootstrap[75]: Time 0.081144 seconds, bootstrap likelihood -3536.942116, best rearrangement setting 8
Bootstrap[76]: Time 0.072873 seconds, bootstrap likelihood -3559.784227, best rearrangement setting 9
Bootstrap[77]: Time 0.066641 seconds, bootstrap likelihood -3564.878361, best rearrangement setting 11
Bootstrap[78]: Time 0.078928 seconds, bootstrap likelihood -3544.622982, best rearrangement setting 15
Bootstrap[79]: Time 0.077941 seconds, bootstrap likelihood -3601.234545, best rearrangement setting 9
Bootstrap[80]: Time 0.077103 seconds, bootstrap likelihood -3532.454157, best rearrangement setting 15
Bootstrap[81]: Time 0.085522 seconds, bootstrap likelihood -3584.485427, best rearrangement setting 7
Bootstrap[82]: Time 0.078250 seconds, bootstrap likelihood -3635.901389, best rearrangement setting 6
Bootstrap[83]: Time 0.071023 seconds, bootstrap likelihood -3571.677274, best rearrangement setting 10
Bootstrap[84]: Time 0.068598 seconds, bootstrap likelihood -3630.007737, best rearrangement setting 11
Bootstrap[85]: Time 0.071629 seconds, bootstrap likelihood -3631.136316, best rearrangement setting 8
Bootstrap[86]: Time 0.075746 seconds, bootstrap likelihood -3465.457407, best rearrangement setting 7
Bootstrap[87]: Time 0.070674 seconds, bootstrap likelihood -3553.592728, best rearrangement setting 7
Bootstrap[88]: Time 0.074104 seconds, bootstrap likelihood -3568.798350, best rearrangement setting 12
Bootstrap[89]: Time 0.068045 seconds, bootstrap likelihood -3554.135889, best rearrangement setting 10
Bootstrap[90]: Time 0.069602 seconds, bootstrap likelihood -3538.196523, best rearrangement setting 8
Bootstrap[91]: Time 0.064194 seconds, bootstrap likelihood -3533.366986, best rearrangement setting 12
Bootstrap[92]: Time 0.064909 seconds, bootstrap likelihood -3656.420976, best rearrangement setting 13
Bootstrap[93]: Time 0.075036 seconds, bootstrap likelihood -3538.142274, best rearrangement setting 15
Bootstrap[94]: Time 0.063620 seconds, bootstrap likelihood -3526.595588, best rearrangement setting 5
Bootstrap[95]: Time 0.074465 seconds, bootstrap likelihood -3549.335075, best rearrangement setting 5
Bootstrap[96]: Time 0.084704 seconds, bootstrap likelihood -3584.889716, best rearrangement setting 13
Bootstrap[97]: Time 0.075511 seconds, bootstrap likelihood -3513.883702, best rearrangement setting 11
Bootstrap[98]: Time 0.075823 seconds, bootstrap likelihood -3617.385110, best rearrangement setting 6
Bootstrap[99]: Time 0.070951 seconds, bootstrap likelihood -3559.447395, best rearrangement setting 14


Overall Time for 100 Rapid Bootstraps 7.881108 seconds
Average Time per Rapid Bootstrap 0.078811 seconds

Starting ML Search ...

Fast ML optimization finished

Fast ML search Time: 3.679742 seconds

Slow ML Search 0 Likelihood: -3872.707190
Slow ML Search 1 Likelihood: -3872.707190
Slow ML Search 2 Likelihood: -3872.707190
Slow ML Search 3 Likelihood: -3872.707190
Slow ML Search 4 Likelihood: -3872.707190
Slow ML Search 5 Likelihood: -3872.707190
Slow ML Search 6 Likelihood: -3872.707190
Slow ML Search 7 Likelihood: -3872.707190
Slow ML Search 8 Likelihood: -3872.707190
Slow ML Search 9 Likelihood: -3872.707190
Slow ML optimization finished

Slow ML search Time: 1.595131 seconds
Thorough ML search Time: 0.163889 seconds

Final ML Optimization Likelihood: -3872.707190

Model Information:

Model Parameters of Partition 0, Name: No Name Provided, Type of Data: AA
alpha: 0.020000
Tree-Length: 0.134407
rate A <-> R: 0.603538
rate A <-> N: 0.561915
rate A <-> D: 0.842872
rate A <-> C: 0.582726
rate A <-> Q: 0.593132
rate A <-> E: 1.092612
rate A <-> G: 1.862643
rate A <-> H: 0.280957
rate A <-> I: 0.374610
rate A <-> L: 0.312175
rate A <-> K: 0.364204
rate A <-> M: 0.561915
rate A <-> F: 0.156087
rate A <-> P: 2.018730
rate A <-> S: 3.933403
rate A <-> T: 4.942768
rate A <-> W: 0.093652
rate A <-> Y: 0.114464
rate A <-> V: 3.100937
rate R <-> N: 0.468262
rate R <-> D: 0.166493
rate R <-> C: 1.175858
rate R <-> Q: 3.225806
rate R <-> E: 0.301769
rate R <-> G: 1.425598
rate R <-> H: 3.413111
rate R <-> I: 0.228928
rate R <-> L: 0.395421
rate R <-> K: 6.722164
rate R <-> M: 0.457856
rate R <-> F: 0.052029
rate R <-> P: 0.770031
rate R <-> S: 1.050989
rate R <-> T: 0.665973
rate R <-> W: 1.311134
rate R <-> Y: 0.208117
rate R <-> V: 0.176899
rate N <-> D: 5.494277
rate N <-> C: 0.353798
rate N <-> Q: 0.894901
rate N <-> E: 0.603538
rate N <-> G: 0.842872
rate N <-> H: 4.068678
rate N <-> I: 0.489074
rate N <-> L: 0.124870
rate N <-> K: 2.736733
rate N <-> M: 0.312175
rate N <-> F: 0.104058
rate N <-> P: 0.156087
rate N <-> S: 5.234131
rate N <-> T: 2.414152
rate N <-> W: 0.083247
rate N <-> Y: 0.728408
rate N <-> V: 0.166493
rate D <-> C: 0.104058
rate D <-> Q: 0.509886
rate D <-> E: 7.981270
rate D <-> G: 1.352758
rate D <-> H: 1.165453
rate D <-> I: 0.114464
rate D <-> L: 0.072841
rate D <-> K: 0.270552
rate D <-> M: 0.156087
rate D <-> F: 0.041623
rate D <-> P: 0.156087
rate D <-> S: 0.613944
rate D <-> T: 0.395421
rate D <-> W: 0.041623
rate D <-> Y: 0.478668
rate D <-> V: 0.322581
rate C <-> Q: 0.093652
rate C <-> E: 0.052029
rate C <-> G: 0.613944
rate C <-> H: 0.718002
rate C <-> I: 0.176899
rate C <-> L: 0.239334
rate C <-> K: 0.072841
rate C <-> M: 0.322581
rate C <-> F: 0.811655
rate C <-> P: 0.145682
rate C <-> S: 2.320499
rate C <-> T: 0.437045
rate C <-> W: 1.196670
rate C <-> Y: 2.174818
rate C <-> V: 0.645161
rate Q <-> E: 3.361082
rate Q <-> G: 0.270552
rate Q <-> H: 6.212279
rate Q <-> I: 0.093652
rate Q <-> L: 0.749220
rate Q <-> K: 3.038502
rate Q <-> M: 0.447451
rate Q <-> F: 0.041623
rate Q <-> P: 1.706556
rate Q <-> S: 0.551509
rate Q <-> T: 0.530697
rate Q <-> W: 0.187305
rate Q <-> Y: 0.249740
rate Q <-> V: 0.208117
rate E <-> G: 1.238293
rate E <-> H: 0.270552
rate E <-> I: 0.124870
rate E <-> L: 0.093652
rate E <-> K: 1.883455
rate E <-> M: 0.187305
rate E <-> F: 0.052029
rate E <-> P: 0.187305
rate E <-> S: 0.312175
rate E <-> T: 0.332986
rate E <-> W: 0.104058
rate E <-> Y: 0.072841
rate E <-> V: 0.468262
rate G <-> H: 0.239334
rate G <-> I: 0.062435
rate G <-> L: 0.062435
rate G <-> K: 0.280957
rate G <-> M: 0.145682
rate G <-> F: 0.052029
rate G <-> P: 0.249740
rate G <-> S: 2.091571
rate G <-> T: 0.343392
rate G <-> W: 0.572320
rate G <-> Y: 0.083247
rate G <-> V: 0.489074
rate H <-> I: 0.166493
rate H <-> L: 0.582726
rate H <-> K: 0.468262
rate H <-> M: 0.343392
rate H <-> F: 0.416233
rate H <-> P: 1.196670
rate H <-> S: 0.759625
rate H <-> T: 0.478668
rate H <-> W: 0.083247
rate H <-> Y: 5.962539
rate H <-> V: 0.114464
rate I <-> L: 2.382934
rate I <-> K: 0.218522
rate I <-> M: 4.984391
rate I <-> F: 0.926119
rate I <-> P: 0.104058
rate I <-> S: 0.416233
rate I <-> T: 2.549428
rate I <-> W: 0.093652
rate I <-> Y: 0.332986
rate I <-> V: 10.000000
rate L <-> K: 0.145682
rate L <-> M: 4.037461
rate L <-> F: 2.580645
rate L <-> P: 1.061394
rate L <-> S: 0.613944
rate L <-> T: 0.260146
rate L <-> W: 0.541103
rate L <-> Y: 0.249740
rate L <-> V: 1.873049
rate K <-> M: 0.676379
rate K <-> F: 0.041623
rate K <-> P: 0.218522
rate K <-> S: 0.489074
rate K <-> T: 1.071800
rate K <-> W: 0.104058
rate K <-> Y: 0.083247
rate K <-> V: 0.145682
rate M <-> F: 0.447451
rate M <-> P: 0.166493
rate M <-> S: 0.301769
rate M <-> T: 2.351717
rate M <-> W: 0.249740
rate M <-> Y: 0.187305
rate M <-> V: 3.361082
rate F <-> P: 0.176899
rate F <-> S: 0.957336
rate F <-> T: 0.124870
rate F <-> W: 0.551509
rate F <-> Y: 5.577523
rate F <-> V: 0.645161
rate P <-> S: 2.965661
rate P <-> T: 1.227888
rate P <-> W: 0.062435
rate P <-> Y: 0.104058
rate P <-> V: 0.239334
rate S <-> T: 4.963580
rate S <-> W: 0.364204
rate S <-> Y: 0.655567
rate S <-> V: 0.395421
rate T <-> W: 0.124870
rate T <-> Y: 0.218522
rate T <-> V: 1.165453
rate W <-> Y: 0.738814
rate W <-> V: 0.260146
rate Y <-> V: 0.166493

freq pi(A): 0.076748
freq pi(R): 0.051691
freq pi(N): 0.042645
freq pi(D): 0.051544
freq pi(C): 0.019803
freq pi(Q): 0.040752
freq pi(E): 0.061830
freq pi(G): 0.073152
freq pi(H): 0.022944
freq pi(I): 0.053761
freq pi(L): 0.091904
freq pi(K): 0.058676
freq pi(M): 0.023826
freq pi(F): 0.040126
freq pi(P): 0.050901
freq pi(S): 0.068765
freq pi(T): 0.058565
freq pi(W): 0.014261
freq pi(Y): 0.032102
freq pi(V): 0.066004


ML search took 5.458291 secs or 0.001516 hours

Combined Bootstrap and ML search took 13.339560 secs or 0.003705 hours

Drawing Bootstrap Support Values on best-scoring ML tree ...



Found 1 tree in File /Users/prigozhin/Dropbox/NLRomes/Soy_NLRome/RAxML_tree_pbNB-ARC/Clade_Refinement_2/RAxML_bestTree.Int11409_395_471_R_144_170_R_11.Raxml.out



Found 1 tree in File /Users/prigozhin/Dropbox/NLRomes/Soy_NLRome/RAxML_tree_pbNB-ARC/Clade_Refinement_2/RAxML_bestTree.Int11409_395_471_R_144_170_R_11.Raxml.out

Program execution info written to /Users/prigozhin/Dropbox/NLRomes/Soy_NLRome/RAxML_tree_pbNB-ARC/Clade_Refinement_2/RAxML_info.Int11409_395_471_R_144_170_R_11.Raxml.out
All 100 bootstrapped trees written to: /Users/prigozhin/Dropbox/NLRomes/Soy_NLRome/RAxML_tree_pbNB-ARC/Clade_Refinement_2/RAxML_bootstrap.Int11409_395_471_R_144_170_R_11.Raxml.out

Best-scoring ML tree written to: /Users/prigozhin/Dropbox/NLRomes/Soy_NLRome/RAxML_tree_pbNB-ARC/Clade_Refinement_2/RAxML_bestTree.Int11409_395_471_R_144_170_R_11.Raxml.out

Best-scoring ML tree with support values written to: /Users/prigozhin/Dropbox/NLRomes/Soy_NLRome/RAxML_tree_pbNB-ARC/Clade_Refinement_2/RAxML_bipartitions.Int11409_395_471_R_144_170_R_11.Raxml.out

Best-scoring ML tree with support values as branch labels written to: /Users/prigozhin/Dropbox/NLRomes/Soy_NLRome/RAxML_tree_pbNB-ARC/Clade_Refinement_2/RAxML_bipartitionsBranchLabels.Int11409_395_471_R_144_170_R_11.Raxml.out

Overall execution time for full ML analysis: 13.343624 secs or 0.003707 hours or 0.000154 days

