

IMPORTANT WARNING: Sequences 9580_T441-R1 and 9597_T388_1-R1 are exactly identical


IMPORTANT WARNING: Sequences 9332_T411-R1 and 7328_T245-R1 are exactly identical

IMPORTANT WARNING
Found 2 sequences that are exactly identical to other sequences in the alignment.
Normally they should be excluded from the analysis.

Just in case you might need it, an alignment file with 
sequence duplicates removed is printed to file ../../RAxML_tree_pbNB-ARC/Clade_Refinement_2/Int11247_267_326_R_108_147_R_52.afa.reduced


This is RAxML version 8.2.12 released by Alexandros Stamatakis on May 2018.

With greatly appreciated code contributions by:
Andre Aberer      (HITS)
Simon Berger      (HITS)
Alexey Kozlov     (HITS)
Kassian Kobert    (HITS)
David Dao         (KIT and HITS)
Sarah Lutteropp   (KIT and HITS)
Nick Pattengale   (Sandia)
Wayne Pfeiffer    (SDSC)
Akifumi S. Tanabe (NRIFS)
Charlie Taylor    (UF)


Alignment has 1117 distinct alignment patterns

Proportion of gaps and completely undetermined characters in this alignment: 39.25%

RAxML rapid bootstrapping and subsequent ML search

Using 1 distinct models/data partitions with joint branch length optimization



Executing 100 rapid bootstrap inferences and thereafter a thorough ML search 

All free model parameters will be estimated by RAxML
ML estimate of 25 per site rate categories

Likelihood of final tree will be evaluated and optimized under GAMMA

GAMMA Model parameters will be estimated up to an accuracy of 0.1000000000 Log Likelihood units

Partition: 0
Alignment Patterns: 1117
Name: No Name Provided
DataType: AA
Substitution Matrix: JTT
Using fixed base frequencies




RAxML was called as follows:

/Users/prigozhin/Installers/Git/standard-RAxML/raxmlHPC-PTHREADS-SSE3 -T 4 -n Int11247_267_326_R_108_147_R_52.Raxml.out -f a -x 12345 -p 12345 -# 100 -m PROTCATJTT -s ../../RAxML_tree_pbNB-ARC/Clade_Refinement_2/Int11247_267_326_R_108_147_R_52.afa 



Time for BS model parameter optimization 1.738401
Bootstrap[0]: Time 12.190450 seconds, bootstrap likelihood -11581.856095, best rearrangement setting 13
Bootstrap[1]: Time 8.025382 seconds, bootstrap likelihood -11958.027549, best rearrangement setting 13
Bootstrap[2]: Time 12.643196 seconds, bootstrap likelihood -11756.851735, best rearrangement setting 12
Bootstrap[3]: Time 8.437943 seconds, bootstrap likelihood -11583.264284, best rearrangement setting 15
Bootstrap[4]: Time 8.974601 seconds, bootstrap likelihood -11661.452621, best rearrangement setting 10
Bootstrap[5]: Time 10.347295 seconds, bootstrap likelihood -11656.372362, best rearrangement setting 10
Bootstrap[6]: Time 9.643291 seconds, bootstrap likelihood -11179.668305, best rearrangement setting 6
Bootstrap[7]: Time 10.438912 seconds, bootstrap likelihood -11882.854628, best rearrangement setting 14
Bootstrap[8]: Time 8.123758 seconds, bootstrap likelihood -11876.152369, best rearrangement setting 5
Bootstrap[9]: Time 10.790286 seconds, bootstrap likelihood -11670.737344, best rearrangement setting 7
Bootstrap[10]: Time 10.706385 seconds, bootstrap likelihood -11743.418113, best rearrangement setting 7
Bootstrap[11]: Time 11.559798 seconds, bootstrap likelihood -11831.782083, best rearrangement setting 5
Bootstrap[12]: Time 8.797222 seconds, bootstrap likelihood -12064.925471, best rearrangement setting 8
Bootstrap[13]: Time 10.102265 seconds, bootstrap likelihood -11354.144160, best rearrangement setting 7
Bootstrap[14]: Time 11.757224 seconds, bootstrap likelihood -11610.719104, best rearrangement setting 12
Bootstrap[15]: Time 9.173038 seconds, bootstrap likelihood -11901.667003, best rearrangement setting 15
Bootstrap[16]: Time 8.687300 seconds, bootstrap likelihood -11522.378251, best rearrangement setting 12
Bootstrap[17]: Time 8.888789 seconds, bootstrap likelihood -11281.981334, best rearrangement setting 12
Bootstrap[18]: Time 8.601594 seconds, bootstrap likelihood -11434.017124, best rearrangement setting 5
Bootstrap[19]: Time 9.111419 seconds, bootstrap likelihood -11634.159923, best rearrangement setting 8
Bootstrap[20]: Time 9.466143 seconds, bootstrap likelihood -11319.119408, best rearrangement setting 10
Bootstrap[21]: Time 9.821481 seconds, bootstrap likelihood -11712.452152, best rearrangement setting 6
Bootstrap[22]: Time 9.405441 seconds, bootstrap likelihood -11339.442458, best rearrangement setting 5
Bootstrap[23]: Time 9.044789 seconds, bootstrap likelihood -11706.712075, best rearrangement setting 7
Bootstrap[24]: Time 9.691501 seconds, bootstrap likelihood -11945.531562, best rearrangement setting 8
Bootstrap[25]: Time 8.684474 seconds, bootstrap likelihood -11404.907557, best rearrangement setting 6
Bootstrap[26]: Time 9.976694 seconds, bootstrap likelihood -11834.729203, best rearrangement setting 12
Bootstrap[27]: Time 11.299833 seconds, bootstrap likelihood -11353.830147, best rearrangement setting 10
Bootstrap[28]: Time 10.435511 seconds, bootstrap likelihood -11319.890283, best rearrangement setting 11
Bootstrap[29]: Time 10.333388 seconds, bootstrap likelihood -11315.700018, best rearrangement setting 12
Bootstrap[30]: Time 11.901519 seconds, bootstrap likelihood -11886.747187, best rearrangement setting 15
Bootstrap[31]: Time 9.570591 seconds, bootstrap likelihood -11789.050965, best rearrangement setting 15
Bootstrap[32]: Time 9.859428 seconds, bootstrap likelihood -11693.315025, best rearrangement setting 6
Bootstrap[33]: Time 9.538887 seconds, bootstrap likelihood -11811.561684, best rearrangement setting 15
Bootstrap[34]: Time 9.266858 seconds, bootstrap likelihood -11019.652957, best rearrangement setting 11
Bootstrap[35]: Time 9.731849 seconds, bootstrap likelihood -11773.252705, best rearrangement setting 8
Bootstrap[36]: Time 10.005377 seconds, bootstrap likelihood -12107.617639, best rearrangement setting 9
Bootstrap[37]: Time 8.532020 seconds, bootstrap likelihood -11369.551150, best rearrangement setting 11
Bootstrap[38]: Time 10.312550 seconds, bootstrap likelihood -11376.080465, best rearrangement setting 8
Bootstrap[39]: Time 11.958091 seconds, bootstrap likelihood -11790.931631, best rearrangement setting 13
Bootstrap[40]: Time 9.362112 seconds, bootstrap likelihood -11468.513515, best rearrangement setting 13
Bootstrap[41]: Time 8.619269 seconds, bootstrap likelihood -11388.370118, best rearrangement setting 10
Bootstrap[42]: Time 7.686344 seconds, bootstrap likelihood -11771.410089, best rearrangement setting 5
Bootstrap[43]: Time 9.234268 seconds, bootstrap likelihood -11702.962798, best rearrangement setting 14
Bootstrap[44]: Time 8.949118 seconds, bootstrap likelihood -11730.387375, best rearrangement setting 10
Bootstrap[45]: Time 10.085539 seconds, bootstrap likelihood -11825.278407, best rearrangement setting 15
Bootstrap[46]: Time 10.178632 seconds, bootstrap likelihood -11158.756949, best rearrangement setting 14
Bootstrap[47]: Time 9.862138 seconds, bootstrap likelihood -11931.678661, best rearrangement setting 8
Bootstrap[48]: Time 10.068958 seconds, bootstrap likelihood -11295.834035, best rearrangement setting 6
Bootstrap[49]: Time 10.110718 seconds, bootstrap likelihood -11467.135437, best rearrangement setting 7
Bootstrap[50]: Time 8.104990 seconds, bootstrap likelihood -11671.177170, best rearrangement setting 7
Bootstrap[51]: Time 9.824628 seconds, bootstrap likelihood -11780.775326, best rearrangement setting 11
Bootstrap[52]: Time 10.859875 seconds, bootstrap likelihood -11551.322899, best rearrangement setting 12
Bootstrap[53]: Time 9.428165 seconds, bootstrap likelihood -11579.640260, best rearrangement setting 8
Bootstrap[54]: Time 8.888431 seconds, bootstrap likelihood -11465.276213, best rearrangement setting 9
Bootstrap[55]: Time 9.563926 seconds, bootstrap likelihood -11602.713008, best rearrangement setting 11
Bootstrap[56]: Time 7.720953 seconds, bootstrap likelihood -11625.182613, best rearrangement setting 5
Bootstrap[57]: Time 10.629713 seconds, bootstrap likelihood -11267.021861, best rearrangement setting 7
Bootstrap[58]: Time 9.568780 seconds, bootstrap likelihood -11875.850719, best rearrangement setting 10
Bootstrap[59]: Time 8.119190 seconds, bootstrap likelihood -11489.042595, best rearrangement setting 9
Bootstrap[60]: Time 9.715223 seconds, bootstrap likelihood -12399.457008, best rearrangement setting 7
Bootstrap[61]: Time 8.405167 seconds, bootstrap likelihood -12058.473356, best rearrangement setting 5
Bootstrap[62]: Time 9.187044 seconds, bootstrap likelihood -11481.686742, best rearrangement setting 11
Bootstrap[63]: Time 8.732938 seconds, bootstrap likelihood -11630.087064, best rearrangement setting 12
Bootstrap[64]: Time 9.554471 seconds, bootstrap likelihood -11775.392316, best rearrangement setting 7
Bootstrap[65]: Time 7.658737 seconds, bootstrap likelihood -11947.394172, best rearrangement setting 5
Bootstrap[66]: Time 8.527277 seconds, bootstrap likelihood -11568.665387, best rearrangement setting 5
Bootstrap[67]: Time 10.931892 seconds, bootstrap likelihood -11622.505807, best rearrangement setting 15
Bootstrap[68]: Time 9.967613 seconds, bootstrap likelihood -11661.041335, best rearrangement setting 11
Bootstrap[69]: Time 9.704520 seconds, bootstrap likelihood -11867.103603, best rearrangement setting 5
Bootstrap[70]: Time 9.604807 seconds, bootstrap likelihood -11710.528912, best rearrangement setting 8
Bootstrap[71]: Time 9.517271 seconds, bootstrap likelihood -11668.639060, best rearrangement setting 10
Bootstrap[72]: Time 8.915673 seconds, bootstrap likelihood -11835.850040, best rearrangement setting 11
Bootstrap[73]: Time 8.696063 seconds, bootstrap likelihood -11733.741199, best rearrangement setting 9
Bootstrap[74]: Time 9.489334 seconds, bootstrap likelihood -11702.345510, best rearrangement setting 5
Bootstrap[75]: Time 8.765043 seconds, bootstrap likelihood -11582.612560, best rearrangement setting 8
Bootstrap[76]: Time 10.413511 seconds, bootstrap likelihood -11580.150422, best rearrangement setting 9
Bootstrap[77]: Time 16.812920 seconds, bootstrap likelihood -11458.700683, best rearrangement setting 11
Bootstrap[78]: Time 8.182070 seconds, bootstrap likelihood -11496.381698, best rearrangement setting 15
Bootstrap[79]: Time 10.972649 seconds, bootstrap likelihood -11723.767457, best rearrangement setting 9
Bootstrap[80]: Time 9.223662 seconds, bootstrap likelihood -11456.699462, best rearrangement setting 15
Bootstrap[81]: Time 9.867762 seconds, bootstrap likelihood -11668.316973, best rearrangement setting 7
Bootstrap[82]: Time 10.064816 seconds, bootstrap likelihood -11538.473297, best rearrangement setting 6
Bootstrap[83]: Time 8.310284 seconds, bootstrap likelihood -11635.121734, best rearrangement setting 10
Bootstrap[84]: Time 8.496484 seconds, bootstrap likelihood -11781.888540, best rearrangement setting 11
Bootstrap[85]: Time 8.357654 seconds, bootstrap likelihood -11403.119547, best rearrangement setting 8
Bootstrap[86]: Time 10.582724 seconds, bootstrap likelihood -11243.559504, best rearrangement setting 7
Bootstrap[87]: Time 10.950594 seconds, bootstrap likelihood -11499.239065, best rearrangement setting 7
Bootstrap[88]: Time 10.339989 seconds, bootstrap likelihood -12183.574179, best rearrangement setting 12
Bootstrap[89]: Time 8.587841 seconds, bootstrap likelihood -11689.164045, best rearrangement setting 10
Bootstrap[90]: Time 9.031109 seconds, bootstrap likelihood -11538.501385, best rearrangement setting 8
Bootstrap[91]: Time 9.018827 seconds, bootstrap likelihood -11337.371471, best rearrangement setting 12
Bootstrap[92]: Time 9.351465 seconds, bootstrap likelihood -11770.749951, best rearrangement setting 13
Bootstrap[93]: Time 9.383134 seconds, bootstrap likelihood -11797.635612, best rearrangement setting 15
Bootstrap[94]: Time 10.764229 seconds, bootstrap likelihood -11519.797379, best rearrangement setting 5
Bootstrap[95]: Time 11.632504 seconds, bootstrap likelihood -11764.313337, best rearrangement setting 5
Bootstrap[96]: Time 8.617337 seconds, bootstrap likelihood -11766.088630, best rearrangement setting 13
Bootstrap[97]: Time 10.251467 seconds, bootstrap likelihood -11466.383414, best rearrangement setting 11
Bootstrap[98]: Time 9.482993 seconds, bootstrap likelihood -11722.798954, best rearrangement setting 6
Bootstrap[99]: Time 10.543608 seconds, bootstrap likelihood -11970.445430, best rearrangement setting 14


Overall Time for 100 Rapid Bootstraps 969.518314 seconds
Average Time per Rapid Bootstrap 9.695183 seconds

Starting ML Search ...

Fast ML optimization finished

Fast ML search Time: 570.983838 seconds

Slow ML Search 0 Likelihood: -12611.809238
Slow ML Search 1 Likelihood: -12611.809549
Slow ML Search 2 Likelihood: -12613.753650
Slow ML Search 3 Likelihood: -12613.753755
Slow ML Search 4 Likelihood: -12611.808498
Slow ML Search 5 Likelihood: -12611.808476
Slow ML Search 6 Likelihood: -12613.754458
Slow ML Search 7 Likelihood: -12613.754457
Slow ML Search 8 Likelihood: -12613.754554
Slow ML Search 9 Likelihood: -12611.809274
Slow ML optimization finished

Slow ML search Time: 271.052650 seconds
Thorough ML search Time: 91.751381 seconds

Final ML Optimization Likelihood: -12611.808352

Model Information:

Model Parameters of Partition 0, Name: No Name Provided, Type of Data: AA
alpha: 1.139582
Tree-Length: 1.024255
rate A <-> R: 0.603538
rate A <-> N: 0.561915
rate A <-> D: 0.842872
rate A <-> C: 0.582726
rate A <-> Q: 0.593132
rate A <-> E: 1.092612
rate A <-> G: 1.862643
rate A <-> H: 0.280957
rate A <-> I: 0.374610
rate A <-> L: 0.312175
rate A <-> K: 0.364204
rate A <-> M: 0.561915
rate A <-> F: 0.156087
rate A <-> P: 2.018730
rate A <-> S: 3.933403
rate A <-> T: 4.942768
rate A <-> W: 0.093652
rate A <-> Y: 0.114464
rate A <-> V: 3.100937
rate R <-> N: 0.468262
rate R <-> D: 0.166493
rate R <-> C: 1.175858
rate R <-> Q: 3.225806
rate R <-> E: 0.301769
rate R <-> G: 1.425598
rate R <-> H: 3.413111
rate R <-> I: 0.228928
rate R <-> L: 0.395421
rate R <-> K: 6.722164
rate R <-> M: 0.457856
rate R <-> F: 0.052029
rate R <-> P: 0.770031
rate R <-> S: 1.050989
rate R <-> T: 0.665973
rate R <-> W: 1.311134
rate R <-> Y: 0.208117
rate R <-> V: 0.176899
rate N <-> D: 5.494277
rate N <-> C: 0.353798
rate N <-> Q: 0.894901
rate N <-> E: 0.603538
rate N <-> G: 0.842872
rate N <-> H: 4.068678
rate N <-> I: 0.489074
rate N <-> L: 0.124870
rate N <-> K: 2.736733
rate N <-> M: 0.312175
rate N <-> F: 0.104058
rate N <-> P: 0.156087
rate N <-> S: 5.234131
rate N <-> T: 2.414152
rate N <-> W: 0.083247
rate N <-> Y: 0.728408
rate N <-> V: 0.166493
rate D <-> C: 0.104058
rate D <-> Q: 0.509886
rate D <-> E: 7.981270
rate D <-> G: 1.352758
rate D <-> H: 1.165453
rate D <-> I: 0.114464
rate D <-> L: 0.072841
rate D <-> K: 0.270552
rate D <-> M: 0.156087
rate D <-> F: 0.041623
rate D <-> P: 0.156087
rate D <-> S: 0.613944
rate D <-> T: 0.395421
rate D <-> W: 0.041623
rate D <-> Y: 0.478668
rate D <-> V: 0.322581
rate C <-> Q: 0.093652
rate C <-> E: 0.052029
rate C <-> G: 0.613944
rate C <-> H: 0.718002
rate C <-> I: 0.176899
rate C <-> L: 0.239334
rate C <-> K: 0.072841
rate C <-> M: 0.322581
rate C <-> F: 0.811655
rate C <-> P: 0.145682
rate C <-> S: 2.320499
rate C <-> T: 0.437045
rate C <-> W: 1.196670
rate C <-> Y: 2.174818
rate C <-> V: 0.645161
rate Q <-> E: 3.361082
rate Q <-> G: 0.270552
rate Q <-> H: 6.212279
rate Q <-> I: 0.093652
rate Q <-> L: 0.749220
rate Q <-> K: 3.038502
rate Q <-> M: 0.447451
rate Q <-> F: 0.041623
rate Q <-> P: 1.706556
rate Q <-> S: 0.551509
rate Q <-> T: 0.530697
rate Q <-> W: 0.187305
rate Q <-> Y: 0.249740
rate Q <-> V: 0.208117
rate E <-> G: 1.238293
rate E <-> H: 0.270552
rate E <-> I: 0.124870
rate E <-> L: 0.093652
rate E <-> K: 1.883455
rate E <-> M: 0.187305
rate E <-> F: 0.052029
rate E <-> P: 0.187305
rate E <-> S: 0.312175
rate E <-> T: 0.332986
rate E <-> W: 0.104058
rate E <-> Y: 0.072841
rate E <-> V: 0.468262
rate G <-> H: 0.239334
rate G <-> I: 0.062435
rate G <-> L: 0.062435
rate G <-> K: 0.280957
rate G <-> M: 0.145682
rate G <-> F: 0.052029
rate G <-> P: 0.249740
rate G <-> S: 2.091571
rate G <-> T: 0.343392
rate G <-> W: 0.572320
rate G <-> Y: 0.083247
rate G <-> V: 0.489074
rate H <-> I: 0.166493
rate H <-> L: 0.582726
rate H <-> K: 0.468262
rate H <-> M: 0.343392
rate H <-> F: 0.416233
rate H <-> P: 1.196670
rate H <-> S: 0.759625
rate H <-> T: 0.478668
rate H <-> W: 0.083247
rate H <-> Y: 5.962539
rate H <-> V: 0.114464
rate I <-> L: 2.382934
rate I <-> K: 0.218522
rate I <-> M: 4.984391
rate I <-> F: 0.926119
rate I <-> P: 0.104058
rate I <-> S: 0.416233
rate I <-> T: 2.549428
rate I <-> W: 0.093652
rate I <-> Y: 0.332986
rate I <-> V: 10.000000
rate L <-> K: 0.145682
rate L <-> M: 4.037461
rate L <-> F: 2.580645
rate L <-> P: 1.061394
rate L <-> S: 0.613944
rate L <-> T: 0.260146
rate L <-> W: 0.541103
rate L <-> Y: 0.249740
rate L <-> V: 1.873049
rate K <-> M: 0.676379
rate K <-> F: 0.041623
rate K <-> P: 0.218522
rate K <-> S: 0.489074
rate K <-> T: 1.071800
rate K <-> W: 0.104058
rate K <-> Y: 0.083247
rate K <-> V: 0.145682
rate M <-> F: 0.447451
rate M <-> P: 0.166493
rate M <-> S: 0.301769
rate M <-> T: 2.351717
rate M <-> W: 0.249740
rate M <-> Y: 0.187305
rate M <-> V: 3.361082
rate F <-> P: 0.176899
rate F <-> S: 0.957336
rate F <-> T: 0.124870
rate F <-> W: 0.551509
rate F <-> Y: 5.577523
rate F <-> V: 0.645161
rate P <-> S: 2.965661
rate P <-> T: 1.227888
rate P <-> W: 0.062435
rate P <-> Y: 0.104058
rate P <-> V: 0.239334
rate S <-> T: 4.963580
rate S <-> W: 0.364204
rate S <-> Y: 0.655567
rate S <-> V: 0.395421
rate T <-> W: 0.124870
rate T <-> Y: 0.218522
rate T <-> V: 1.165453
rate W <-> Y: 0.738814
rate W <-> V: 0.260146
rate Y <-> V: 0.166493

freq pi(A): 0.076748
freq pi(R): 0.051691
freq pi(N): 0.042645
freq pi(D): 0.051544
freq pi(C): 0.019803
freq pi(Q): 0.040752
freq pi(E): 0.061830
freq pi(G): 0.073152
freq pi(H): 0.022944
freq pi(I): 0.053761
freq pi(L): 0.091904
freq pi(K): 0.058676
freq pi(M): 0.023826
freq pi(F): 0.040126
freq pi(P): 0.050901
freq pi(S): 0.068765
freq pi(T): 0.058565
freq pi(W): 0.014261
freq pi(Y): 0.032102
freq pi(V): 0.066004


ML search took 933.888141 secs or 0.259413 hours

Combined Bootstrap and ML search took 1903.406839 secs or 0.528724 hours

Drawing Bootstrap Support Values on best-scoring ML tree ...



Found 1 tree in File /Users/prigozhin/Dropbox/NLRomes/Atha_SnkMk_NLRome/RAxML_tree_pbNB-ARC/Clade_Refinement_2/RAxML_bestTree.Int11247_267_326_R_108_147_R_52.Raxml.out



Found 1 tree in File /Users/prigozhin/Dropbox/NLRomes/Atha_SnkMk_NLRome/RAxML_tree_pbNB-ARC/Clade_Refinement_2/RAxML_bestTree.Int11247_267_326_R_108_147_R_52.Raxml.out

Program execution info written to /Users/prigozhin/Dropbox/NLRomes/Atha_SnkMk_NLRome/RAxML_tree_pbNB-ARC/Clade_Refinement_2/RAxML_info.Int11247_267_326_R_108_147_R_52.Raxml.out
All 100 bootstrapped trees written to: /Users/prigozhin/Dropbox/NLRomes/Atha_SnkMk_NLRome/RAxML_tree_pbNB-ARC/Clade_Refinement_2/RAxML_bootstrap.Int11247_267_326_R_108_147_R_52.Raxml.out

Best-scoring ML tree written to: /Users/prigozhin/Dropbox/NLRomes/Atha_SnkMk_NLRome/RAxML_tree_pbNB-ARC/Clade_Refinement_2/RAxML_bestTree.Int11247_267_326_R_108_147_R_52.Raxml.out

Best-scoring ML tree with support values written to: /Users/prigozhin/Dropbox/NLRomes/Atha_SnkMk_NLRome/RAxML_tree_pbNB-ARC/Clade_Refinement_2/RAxML_bipartitions.Int11247_267_326_R_108_147_R_52.Raxml.out

Best-scoring ML tree with support values as branch labels written to: /Users/prigozhin/Dropbox/NLRomes/Atha_SnkMk_NLRome/RAxML_tree_pbNB-ARC/Clade_Refinement_2/RAxML_bipartitionsBranchLabels.Int11247_267_326_R_108_147_R_52.Raxml.out

Overall execution time for full ML analysis: 1903.442912 secs or 0.528734 hours or 0.022031 days

