(9721_T128-R1,((9100_T272-R1,(((1925_T339-R1,108_T522-R1),9610_T267-R1),((9762_T270-R1,(9550_T127-R1,(5784_T152-R1,(6924_T234-R1,9549_T178-R1)))),(9536_T280-R1,9557_T229-R1)))),(7328_T615-R1,9537_T239-R1)),9597_T304-R1);
(9721_T128-R1,((9100_T272-R1,(((1925_T339-R1,108_T522-R1),9610_T267-R1),((9762_T270-R1,(9550_T127-R1,(5784_T152-R1,(6924_T234-R1,9549_T178-R1)))),(9536_T280-R1,9557_T229-R1)))),(7328_T615-R1,9537_T239-R1)),9597_T304-R1);
(9721_T128-R1,((9100_T272-R1,(((1925_T339-R1,108_T522-R1),9610_T267-R1),((9762_T270-R1,(9550_T127-R1,(5784_T152-R1,(6924_T234-R1,9549_T178-R1)))),(9536_T280-R1,9557_T229-R1)))),(7328_T615-R1,9537_T239-R1)),9597_T304-R1);
(9721_T128-R1,((9100_T272-R1,(((1925_T339-R1,108_T522-R1),9610_T267-R1),((9762_T270-R1,(9550_T127-R1,(5784_T152-R1,(6924_T234-R1,9549_T178-R1)))),(9536_T280-R1,9557_T229-R1)))),(7328_T615-R1,9537_T239-R1)),9597_T304-R1);
(9721_T128-R1,((9100_T272-R1,(((1925_T339-R1,108_T522-R1),9610_T267-R1),((9762_T270-R1,(9550_T127-R1,(5784_T152-R1,(6924_T234-R1,9549_T178-R1)))),(9536_T280-R1,9557_T229-R1)))),(7328_T615-R1,9537_T239-R1)),9597_T304-R1);
(9721_T128-R1,((9100_T272-R1,(((1925_T339-R1,108_T522-R1),9610_T267-R1),((9762_T270-R1,(9550_T127-R1,(5784_T152-R1,(6924_T234-R1,9549_T178-R1)))),(9536_T280-R1,9557_T229-R1)))),(7328_T615-R1,9537_T239-R1)),9597_T304-R1);
(9721_T128-R1,((9100_T272-R1,(((1925_T339-R1,108_T522-R1),9610_T267-R1),((9762_T270-R1,(9550_T127-R1,(5784_T152-R1,(6924_T234-R1,9549_T178-R1)))),(9536_T280-R1,9557_T229-R1)))),(7328_T615-R1,9537_T239-R1)),9597_T304-R1);
(9721_T128-R1,((9100_T272-R1,(((1925_T339-R1,108_T522-R1),9610_T267-R1),((9762_T270-R1,(9550_T127-R1,(5784_T152-R1,(6924_T234-R1,9549_T178-R1)))),(9536_T280-R1,9557_T229-R1)))),(7328_T615-R1,9537_T239-R1)),9597_T304-R1);
(9721_T128-R1,((9100_T272-R1,(((1925_T339-R1,108_T522-R1),9610_T267-R1),((9762_T270-R1,(9550_T127-R1,(5784_T152-R1,(6924_T234-R1,9549_T178-R1)))),(9536_T280-R1,9557_T229-R1)))),(7328_T615-R1,9537_T239-R1)),9597_T304-R1);
(9721_T128-R1,((9100_T272-R1,(((1925_T339-R1,108_T522-R1),9610_T267-R1),((9762_T270-R1,(9550_T127-R1,(5784_T152-R1,(6924_T234-R1,9549_T178-R1)))),(9536_T280-R1,9557_T229-R1)))),(7328_T615-R1,9537_T239-R1)),9597_T304-R1);
((9721_T128-R1,(9100_T272-R1,(((108_T522-R1,1925_T339-R1),9610_T267-R1),((9536_T280-R1,9557_T229-R1),(9762_T270-R1,(5784_T152-R1,(9550_T127-R1,(9549_T178-R1,6924_T234-R1)))))))),(7328_T615-R1,9537_T239-R1),9597_T304-R1);
((9721_T128-R1,(9100_T272-R1,(((108_T522-R1,1925_T339-R1),9610_T267-R1),((9536_T280-R1,9557_T229-R1),(9762_T270-R1,(5784_T152-R1,(9550_T127-R1,(9549_T178-R1,6924_T234-R1)))))))),(7328_T615-R1,9537_T239-R1),9597_T304-R1);
((9721_T128-R1,(9100_T272-R1,(((108_T522-R1,1925_T339-R1),9610_T267-R1),((9536_T280-R1,9557_T229-R1),(9762_T270-R1,(5784_T152-R1,(9550_T127-R1,(9549_T178-R1,6924_T234-R1)))))))),(7328_T615-R1,9537_T239-R1),9597_T304-R1);
((9721_T128-R1,(9100_T272-R1,(((108_T522-R1,1925_T339-R1),9610_T267-R1),((9536_T280-R1,9557_T229-R1),(9762_T270-R1,(5784_T152-R1,(9550_T127-R1,(9549_T178-R1,6924_T234-R1)))))))),(7328_T615-R1,9537_T239-R1),9597_T304-R1);
((9721_T128-R1,(9100_T272-R1,(((108_T522-R1,1925_T339-R1),9610_T267-R1),((9536_T280-R1,9557_T229-R1),(9762_T270-R1,(5784_T152-R1,(9550_T127-R1,(9549_T178-R1,6924_T234-R1)))))))),(7328_T615-R1,9537_T239-R1),9597_T304-R1);
((9721_T128-R1,(9100_T272-R1,(((108_T522-R1,1925_T339-R1),9610_T267-R1),((9536_T280-R1,9557_T229-R1),(9762_T270-R1,(5784_T152-R1,(9550_T127-R1,(9549_T178-R1,6924_T234-R1)))))))),(7328_T615-R1,9537_T239-R1),9597_T304-R1);
((9721_T128-R1,(9100_T272-R1,(((108_T522-R1,1925_T339-R1),9610_T267-R1),((9536_T280-R1,9557_T229-R1),(9762_T270-R1,(5784_T152-R1,(9550_T127-R1,(9549_T178-R1,6924_T234-R1)))))))),(7328_T615-R1,9537_T239-R1),9597_T304-R1);
((9721_T128-R1,(9100_T272-R1,(((108_T522-R1,1925_T339-R1),9610_T267-R1),((9536_T280-R1,9557_T229-R1),(9762_T270-R1,(5784_T152-R1,(9550_T127-R1,(9549_T178-R1,6924_T234-R1)))))))),(7328_T615-R1,9537_T239-R1),9597_T304-R1);
((9721_T128-R1,(9100_T272-R1,(((108_T522-R1,1925_T339-R1),9610_T267-R1),((9536_T280-R1,9557_T229-R1),(9762_T270-R1,(5784_T152-R1,(9550_T127-R1,(9549_T178-R1,6924_T234-R1)))))))),(7328_T615-R1,9537_T239-R1),9597_T304-R1);
((9721_T128-R1,(9100_T272-R1,(((108_T522-R1,1925_T339-R1),9610_T267-R1),((9536_T280-R1,9557_T229-R1),(9762_T270-R1,(5784_T152-R1,(9550_T127-R1,(9549_T178-R1,6924_T234-R1)))))))),(7328_T615-R1,9537_T239-R1),9597_T304-R1);
(9721_T128-R1,((7328_T615-R1,9537_T239-R1),((9762_T270-R1,(5784_T152-R1,(9550_T127-R1,(9549_T178-R1,6924_T234-R1)))),(9100_T272-R1,(((1925_T339-R1,108_T522-R1),9610_T267-R1),(9536_T280-R1,9557_T229-R1))))),9597_T304-R1);
(9721_T128-R1,((7328_T615-R1,9537_T239-R1),((9762_T270-R1,(5784_T152-R1,(9550_T127-R1,(9549_T178-R1,6924_T234-R1)))),(9100_T272-R1,(((1925_T339-R1,108_T522-R1),9610_T267-R1),(9536_T280-R1,9557_T229-R1))))),9597_T304-R1);
(9721_T128-R1,((7328_T615-R1,9537_T239-R1),((9762_T270-R1,(5784_T152-R1,(9550_T127-R1,(9549_T178-R1,6924_T234-R1)))),(9100_T272-R1,(((1925_T339-R1,108_T522-R1),9610_T267-R1),(9536_T280-R1,9557_T229-R1))))),9597_T304-R1);
(9721_T128-R1,((7328_T615-R1,9537_T239-R1),((9762_T270-R1,(5784_T152-R1,(9550_T127-R1,(9549_T178-R1,6924_T234-R1)))),(9100_T272-R1,(((1925_T339-R1,108_T522-R1),9610_T267-R1),(9536_T280-R1,9557_T229-R1))))),9597_T304-R1);
(9721_T128-R1,((7328_T615-R1,9537_T239-R1),((9762_T270-R1,(5784_T152-R1,(9550_T127-R1,(9549_T178-R1,6924_T234-R1)))),(9100_T272-R1,(((1925_T339-R1,108_T522-R1),9610_T267-R1),(9536_T280-R1,9557_T229-R1))))),9597_T304-R1);
(9721_T128-R1,((7328_T615-R1,9537_T239-R1),((9762_T270-R1,(5784_T152-R1,(9550_T127-R1,(9549_T178-R1,6924_T234-R1)))),(9100_T272-R1,(((1925_T339-R1,108_T522-R1),9610_T267-R1),(9536_T280-R1,9557_T229-R1))))),9597_T304-R1);
(9721_T128-R1,((7328_T615-R1,9537_T239-R1),((9762_T270-R1,(5784_T152-R1,(9550_T127-R1,(9549_T178-R1,6924_T234-R1)))),(9100_T272-R1,(((1925_T339-R1,108_T522-R1),9610_T267-R1),(9536_T280-R1,9557_T229-R1))))),9597_T304-R1);
(9721_T128-R1,((7328_T615-R1,9537_T239-R1),((9762_T270-R1,(5784_T152-R1,(9550_T127-R1,(9549_T178-R1,6924_T234-R1)))),(9100_T272-R1,(((1925_T339-R1,108_T522-R1),9610_T267-R1),(9536_T280-R1,9557_T229-R1))))),9597_T304-R1);
(9721_T128-R1,((7328_T615-R1,9537_T239-R1),((9762_T270-R1,(5784_T152-R1,(9550_T127-R1,(9549_T178-R1,6924_T234-R1)))),(9100_T272-R1,(((1925_T339-R1,108_T522-R1),9610_T267-R1),(9536_T280-R1,9557_T229-R1))))),9597_T304-R1);
(9721_T128-R1,((7328_T615-R1,9537_T239-R1),((9762_T270-R1,(5784_T152-R1,(9550_T127-R1,(9549_T178-R1,6924_T234-R1)))),(9100_T272-R1,(((1925_T339-R1,108_T522-R1),9610_T267-R1),(9536_T280-R1,9557_T229-R1))))),9597_T304-R1);
((9721_T128-R1,(9537_T239-R1,7328_T615-R1)),(((9610_T267-R1,(108_T522-R1,1925_T339-R1)),(9536_T280-R1,9557_T229-R1)),(((5784_T152-R1,((9550_T127-R1,9549_T178-R1),6924_T234-R1)),9762_T270-R1),9100_T272-R1)),9597_T304-R1);
((9721_T128-R1,(9537_T239-R1,7328_T615-R1)),(((9610_T267-R1,(108_T522-R1,1925_T339-R1)),(9536_T280-R1,9557_T229-R1)),(((5784_T152-R1,((9550_T127-R1,9549_T178-R1),6924_T234-R1)),9762_T270-R1),9100_T272-R1)),9597_T304-R1);
((9721_T128-R1,(9537_T239-R1,7328_T615-R1)),(((9610_T267-R1,(108_T522-R1,1925_T339-R1)),(9536_T280-R1,9557_T229-R1)),(((5784_T152-R1,((9550_T127-R1,9549_T178-R1),6924_T234-R1)),9762_T270-R1),9100_T272-R1)),9597_T304-R1);
((9721_T128-R1,(9537_T239-R1,7328_T615-R1)),(((9610_T267-R1,(108_T522-R1,1925_T339-R1)),(9536_T280-R1,9557_T229-R1)),(((5784_T152-R1,((9550_T127-R1,9549_T178-R1),6924_T234-R1)),9762_T270-R1),9100_T272-R1)),9597_T304-R1);
((9721_T128-R1,(9537_T239-R1,7328_T615-R1)),(((9610_T267-R1,(108_T522-R1,1925_T339-R1)),(9536_T280-R1,9557_T229-R1)),(((5784_T152-R1,((9550_T127-R1,9549_T178-R1),6924_T234-R1)),9762_T270-R1),9100_T272-R1)),9597_T304-R1);
((9721_T128-R1,(9537_T239-R1,7328_T615-R1)),(((9610_T267-R1,(108_T522-R1,1925_T339-R1)),(9536_T280-R1,9557_T229-R1)),(((5784_T152-R1,((9550_T127-R1,9549_T178-R1),6924_T234-R1)),9762_T270-R1),9100_T272-R1)),9597_T304-R1);
((9721_T128-R1,(9537_T239-R1,7328_T615-R1)),(((9610_T267-R1,(108_T522-R1,1925_T339-R1)),(9536_T280-R1,9557_T229-R1)),(((5784_T152-R1,((9550_T127-R1,9549_T178-R1),6924_T234-R1)),9762_T270-R1),9100_T272-R1)),9597_T304-R1);
((9721_T128-R1,(9537_T239-R1,7328_T615-R1)),(((9610_T267-R1,(108_T522-R1,1925_T339-R1)),(9536_T280-R1,9557_T229-R1)),(((5784_T152-R1,((9550_T127-R1,9549_T178-R1),6924_T234-R1)),9762_T270-R1),9100_T272-R1)),9597_T304-R1);
((9721_T128-R1,(9537_T239-R1,7328_T615-R1)),(((9610_T267-R1,(108_T522-R1,1925_T339-R1)),(9536_T280-R1,9557_T229-R1)),(((5784_T152-R1,((9550_T127-R1,9549_T178-R1),6924_T234-R1)),9762_T270-R1),9100_T272-R1)),9597_T304-R1);
((9721_T128-R1,(9537_T239-R1,7328_T615-R1)),(((9610_T267-R1,(108_T522-R1,1925_T339-R1)),(9536_T280-R1,9557_T229-R1)),(((5784_T152-R1,((9550_T127-R1,9549_T178-R1),6924_T234-R1)),9762_T270-R1),9100_T272-R1)),9597_T304-R1);
((7328_T615-R1,9537_T239-R1),(((9762_T270-R1,(6924_T234-R1,(5784_T152-R1,(9550_T127-R1,9549_T178-R1)))),(((9610_T267-R1,(1925_T339-R1,108_T522-R1)),9100_T272-R1),(9557_T229-R1,9536_T280-R1))),9721_T128-R1),9597_T304-R1);
((7328_T615-R1,9537_T239-R1),(((9762_T270-R1,(6924_T234-R1,(5784_T152-R1,(9550_T127-R1,9549_T178-R1)))),(((9610_T267-R1,(1925_T339-R1,108_T522-R1)),9100_T272-R1),(9557_T229-R1,9536_T280-R1))),9721_T128-R1),9597_T304-R1);
((7328_T615-R1,9537_T239-R1),(((9762_T270-R1,(6924_T234-R1,(5784_T152-R1,(9550_T127-R1,9549_T178-R1)))),(((9610_T267-R1,(1925_T339-R1,108_T522-R1)),9100_T272-R1),(9557_T229-R1,9536_T280-R1))),9721_T128-R1),9597_T304-R1);
((7328_T615-R1,9537_T239-R1),(((9762_T270-R1,(6924_T234-R1,(5784_T152-R1,(9550_T127-R1,9549_T178-R1)))),(((9610_T267-R1,(1925_T339-R1,108_T522-R1)),9100_T272-R1),(9557_T229-R1,9536_T280-R1))),9721_T128-R1),9597_T304-R1);
((7328_T615-R1,9537_T239-R1),(((9762_T270-R1,(6924_T234-R1,(5784_T152-R1,(9550_T127-R1,9549_T178-R1)))),(((9610_T267-R1,(1925_T339-R1,108_T522-R1)),9100_T272-R1),(9557_T229-R1,9536_T280-R1))),9721_T128-R1),9597_T304-R1);
((7328_T615-R1,9537_T239-R1),(((9762_T270-R1,(6924_T234-R1,(5784_T152-R1,(9550_T127-R1,9549_T178-R1)))),(((9610_T267-R1,(1925_T339-R1,108_T522-R1)),9100_T272-R1),(9557_T229-R1,9536_T280-R1))),9721_T128-R1),9597_T304-R1);
((7328_T615-R1,9537_T239-R1),(((9762_T270-R1,(6924_T234-R1,(5784_T152-R1,(9550_T127-R1,9549_T178-R1)))),(((9610_T267-R1,(1925_T339-R1,108_T522-R1)),9100_T272-R1),(9557_T229-R1,9536_T280-R1))),9721_T128-R1),9597_T304-R1);
((7328_T615-R1,9537_T239-R1),(((9762_T270-R1,(6924_T234-R1,(5784_T152-R1,(9550_T127-R1,9549_T178-R1)))),(((9610_T267-R1,(1925_T339-R1,108_T522-R1)),9100_T272-R1),(9557_T229-R1,9536_T280-R1))),9721_T128-R1),9597_T304-R1);
((7328_T615-R1,9537_T239-R1),(((9762_T270-R1,(6924_T234-R1,(5784_T152-R1,(9550_T127-R1,9549_T178-R1)))),(((9610_T267-R1,(1925_T339-R1,108_T522-R1)),9100_T272-R1),(9557_T229-R1,9536_T280-R1))),9721_T128-R1),9597_T304-R1);
((7328_T615-R1,9537_T239-R1),(((9762_T270-R1,(6924_T234-R1,(5784_T152-R1,(9550_T127-R1,9549_T178-R1)))),(((9610_T267-R1,(1925_T339-R1,108_T522-R1)),9100_T272-R1),(9557_T229-R1,9536_T280-R1))),9721_T128-R1),9597_T304-R1);
(((9537_T239-R1,7328_T615-R1),9721_T128-R1),((9762_T270-R1,(6924_T234-R1,(5784_T152-R1,(9550_T127-R1,9549_T178-R1)))),(((9536_T280-R1,9557_T229-R1),9100_T272-R1),(9610_T267-R1,(1925_T339-R1,108_T522-R1)))),9597_T304-R1);
(9536_T280-R1,((9610_T267-R1,9557_T229-R1),(((((1925_T339-R1,108_T522-R1),9537_T239-R1),7328_T615-R1),9721_T128-R1),(9100_T272-R1,(9762_T270-R1,((5784_T152-R1,(9550_T127-R1,6924_T234-R1)),9549_T178-R1))))),9597_T304-R1);
(((9536_T280-R1,9557_T229-R1),(9762_T270-R1,(((6924_T234-R1,5784_T152-R1),9550_T127-R1),9549_T178-R1))),((9100_T272-R1,9721_T128-R1),((9537_T239-R1,7328_T615-R1),((1925_T339-R1,108_T522-R1),9610_T267-R1))),9597_T304-R1);
(9721_T128-R1,((9537_T239-R1,7328_T615-R1),(((((9762_T270-R1,((6924_T234-R1,5784_T152-R1),9550_T127-R1)),9549_T178-R1),((1925_T339-R1,108_T522-R1),9610_T267-R1)),9100_T272-R1),(9536_T280-R1,9557_T229-R1))),9597_T304-R1);
(9721_T128-R1,((9537_T239-R1,7328_T615-R1),((((9549_T178-R1,((5784_T152-R1,6924_T234-R1),9550_T127-R1)),9762_T270-R1),(9536_T280-R1,9557_T229-R1)),(((1925_T339-R1,108_T522-R1),9610_T267-R1),9100_T272-R1))),9597_T304-R1);
(9721_T128-R1,((9537_T239-R1,7328_T615-R1),((((9549_T178-R1,((5784_T152-R1,6924_T234-R1),9550_T127-R1)),9762_T270-R1),(9536_T280-R1,9557_T229-R1)),(((1925_T339-R1,108_T522-R1),9610_T267-R1),9100_T272-R1))),9597_T304-R1);
(9721_T128-R1,((9537_T239-R1,7328_T615-R1),((((9549_T178-R1,((5784_T152-R1,6924_T234-R1),9550_T127-R1)),9762_T270-R1),(9536_T280-R1,9557_T229-R1)),(((1925_T339-R1,108_T522-R1),9610_T267-R1),9100_T272-R1))),9597_T304-R1);
(9721_T128-R1,((9537_T239-R1,7328_T615-R1),((((9549_T178-R1,((5784_T152-R1,6924_T234-R1),9550_T127-R1)),9762_T270-R1),(9536_T280-R1,9557_T229-R1)),(((1925_T339-R1,108_T522-R1),9610_T267-R1),9100_T272-R1))),9597_T304-R1);
(9721_T128-R1,((9537_T239-R1,7328_T615-R1),((((9549_T178-R1,((5784_T152-R1,6924_T234-R1),9550_T127-R1)),9762_T270-R1),(9536_T280-R1,9557_T229-R1)),(((1925_T339-R1,108_T522-R1),9610_T267-R1),9100_T272-R1))),9597_T304-R1);
(9721_T128-R1,((9537_T239-R1,7328_T615-R1),((((9549_T178-R1,((5784_T152-R1,6924_T234-R1),9550_T127-R1)),9762_T270-R1),(9536_T280-R1,9557_T229-R1)),(((1925_T339-R1,108_T522-R1),9610_T267-R1),9100_T272-R1))),9597_T304-R1);
((7328_T615-R1,9537_T239-R1),(((9610_T267-R1,(108_T522-R1,1925_T339-R1)),(((9536_T280-R1,9557_T229-R1),9100_T272-R1),(9762_T270-R1,(9549_T178-R1,(9550_T127-R1,(5784_T152-R1,6924_T234-R1)))))),9721_T128-R1),9597_T304-R1);
((7328_T615-R1,9537_T239-R1),(((9610_T267-R1,(108_T522-R1,1925_T339-R1)),(((9536_T280-R1,9557_T229-R1),9100_T272-R1),(9762_T270-R1,(9549_T178-R1,(9550_T127-R1,(5784_T152-R1,6924_T234-R1)))))),9721_T128-R1),9597_T304-R1);
((7328_T615-R1,9537_T239-R1),(((9610_T267-R1,(108_T522-R1,1925_T339-R1)),(((9536_T280-R1,9557_T229-R1),9100_T272-R1),(9762_T270-R1,(9549_T178-R1,(9550_T127-R1,(5784_T152-R1,6924_T234-R1)))))),9721_T128-R1),9597_T304-R1);
((7328_T615-R1,9537_T239-R1),(((9610_T267-R1,(108_T522-R1,1925_T339-R1)),(((9536_T280-R1,9557_T229-R1),9100_T272-R1),(9762_T270-R1,(9549_T178-R1,(9550_T127-R1,(5784_T152-R1,6924_T234-R1)))))),9721_T128-R1),9597_T304-R1);
((7328_T615-R1,9537_T239-R1),(((9610_T267-R1,(108_T522-R1,1925_T339-R1)),(((9536_T280-R1,9557_T229-R1),9100_T272-R1),(9762_T270-R1,(9549_T178-R1,(9550_T127-R1,(5784_T152-R1,6924_T234-R1)))))),9721_T128-R1),9597_T304-R1);
((7328_T615-R1,9537_T239-R1),(((9610_T267-R1,(108_T522-R1,1925_T339-R1)),(((9536_T280-R1,9557_T229-R1),9100_T272-R1),(9762_T270-R1,(9549_T178-R1,(9550_T127-R1,(5784_T152-R1,6924_T234-R1)))))),9721_T128-R1),9597_T304-R1);
((7328_T615-R1,9537_T239-R1),(((9610_T267-R1,(108_T522-R1,1925_T339-R1)),(((9536_T280-R1,9557_T229-R1),9100_T272-R1),(9762_T270-R1,(9549_T178-R1,(9550_T127-R1,(5784_T152-R1,6924_T234-R1)))))),9721_T128-R1),9597_T304-R1);
((7328_T615-R1,9537_T239-R1),(((9610_T267-R1,(108_T522-R1,1925_T339-R1)),(((9536_T280-R1,9557_T229-R1),9100_T272-R1),(9762_T270-R1,(9549_T178-R1,(9550_T127-R1,(5784_T152-R1,6924_T234-R1)))))),9721_T128-R1),9597_T304-R1);
((7328_T615-R1,9537_T239-R1),(((9610_T267-R1,(108_T522-R1,1925_T339-R1)),(((9536_T280-R1,9557_T229-R1),9100_T272-R1),(9762_T270-R1,(9549_T178-R1,(9550_T127-R1,(5784_T152-R1,6924_T234-R1)))))),9721_T128-R1),9597_T304-R1);
((7328_T615-R1,9537_T239-R1),(((9610_T267-R1,(108_T522-R1,1925_T339-R1)),(((9536_T280-R1,9557_T229-R1),9100_T272-R1),(9762_T270-R1,(9549_T178-R1,(9550_T127-R1,(5784_T152-R1,6924_T234-R1)))))),9721_T128-R1),9597_T304-R1);
((9721_T128-R1,(7328_T615-R1,9537_T239-R1)),((((9610_T267-R1,(1925_T339-R1,108_T522-R1)),9100_T272-R1),(9536_T280-R1,9557_T229-R1)),(9762_T270-R1,(9550_T127-R1,(6924_T234-R1,(9549_T178-R1,5784_T152-R1))))),9597_T304-R1);
((9721_T128-R1,(7328_T615-R1,9537_T239-R1)),((((9610_T267-R1,(1925_T339-R1,108_T522-R1)),9100_T272-R1),(9536_T280-R1,9557_T229-R1)),(9762_T270-R1,(9550_T127-R1,(6924_T234-R1,(9549_T178-R1,5784_T152-R1))))),9597_T304-R1);
((9721_T128-R1,(7328_T615-R1,9537_T239-R1)),((((9610_T267-R1,(1925_T339-R1,108_T522-R1)),9100_T272-R1),(9536_T280-R1,9557_T229-R1)),(9762_T270-R1,(9550_T127-R1,(6924_T234-R1,(9549_T178-R1,5784_T152-R1))))),9597_T304-R1);
((9721_T128-R1,(7328_T615-R1,9537_T239-R1)),((((9610_T267-R1,(1925_T339-R1,108_T522-R1)),9100_T272-R1),(9536_T280-R1,9557_T229-R1)),(9762_T270-R1,(9550_T127-R1,(6924_T234-R1,(9549_T178-R1,5784_T152-R1))))),9597_T304-R1);
((9721_T128-R1,(7328_T615-R1,9537_T239-R1)),((((9610_T267-R1,(1925_T339-R1,108_T522-R1)),9100_T272-R1),(9536_T280-R1,9557_T229-R1)),(9762_T270-R1,(9550_T127-R1,(6924_T234-R1,(9549_T178-R1,5784_T152-R1))))),9597_T304-R1);
((9721_T128-R1,(7328_T615-R1,9537_T239-R1)),((((9610_T267-R1,(1925_T339-R1,108_T522-R1)),9100_T272-R1),(9536_T280-R1,9557_T229-R1)),(9762_T270-R1,(9550_T127-R1,(6924_T234-R1,(9549_T178-R1,5784_T152-R1))))),9597_T304-R1);
((9721_T128-R1,(7328_T615-R1,9537_T239-R1)),((((9610_T267-R1,(1925_T339-R1,108_T522-R1)),9100_T272-R1),(9536_T280-R1,9557_T229-R1)),(9762_T270-R1,(9550_T127-R1,(6924_T234-R1,(9549_T178-R1,5784_T152-R1))))),9597_T304-R1);
((9721_T128-R1,(7328_T615-R1,9537_T239-R1)),((((9610_T267-R1,(1925_T339-R1,108_T522-R1)),9100_T272-R1),(9536_T280-R1,9557_T229-R1)),(9762_T270-R1,(9550_T127-R1,(6924_T234-R1,(9549_T178-R1,5784_T152-R1))))),9597_T304-R1);
((9721_T128-R1,(7328_T615-R1,9537_T239-R1)),((((9610_T267-R1,(1925_T339-R1,108_T522-R1)),9100_T272-R1),(9536_T280-R1,9557_T229-R1)),(9762_T270-R1,(9550_T127-R1,(6924_T234-R1,(9549_T178-R1,5784_T152-R1))))),9597_T304-R1);
((9721_T128-R1,(7328_T615-R1,9537_T239-R1)),((((9610_T267-R1,(1925_T339-R1,108_T522-R1)),9100_T272-R1),(9536_T280-R1,9557_T229-R1)),(9762_T270-R1,(9550_T127-R1,(6924_T234-R1,(9549_T178-R1,5784_T152-R1))))),9597_T304-R1);
((9537_T239-R1,7328_T615-R1),(((9762_T270-R1,(9549_T178-R1,(5784_T152-R1,(9550_T127-R1,6924_T234-R1)))),(((9536_T280-R1,9557_T229-R1),9100_T272-R1),((1925_T339-R1,108_T522-R1),9610_T267-R1))),9721_T128-R1),9597_T304-R1);
((9537_T239-R1,7328_T615-R1),(((9762_T270-R1,(9549_T178-R1,(5784_T152-R1,(9550_T127-R1,6924_T234-R1)))),(((9536_T280-R1,9557_T229-R1),9100_T272-R1),((1925_T339-R1,108_T522-R1),9610_T267-R1))),9721_T128-R1),9597_T304-R1);
((9537_T239-R1,7328_T615-R1),(((9762_T270-R1,(9549_T178-R1,(5784_T152-R1,(9550_T127-R1,6924_T234-R1)))),(((9536_T280-R1,9557_T229-R1),9100_T272-R1),((1925_T339-R1,108_T522-R1),9610_T267-R1))),9721_T128-R1),9597_T304-R1);
((9537_T239-R1,7328_T615-R1),(((9762_T270-R1,(9549_T178-R1,(5784_T152-R1,(9550_T127-R1,6924_T234-R1)))),(((9536_T280-R1,9557_T229-R1),9100_T272-R1),((1925_T339-R1,108_T522-R1),9610_T267-R1))),9721_T128-R1),9597_T304-R1);
((9537_T239-R1,7328_T615-R1),(((9762_T270-R1,(9549_T178-R1,(5784_T152-R1,(9550_T127-R1,6924_T234-R1)))),(((9536_T280-R1,9557_T229-R1),9100_T272-R1),((1925_T339-R1,108_T522-R1),9610_T267-R1))),9721_T128-R1),9597_T304-R1);
((9537_T239-R1,7328_T615-R1),(((9762_T270-R1,(9549_T178-R1,(5784_T152-R1,(9550_T127-R1,6924_T234-R1)))),(((9536_T280-R1,9557_T229-R1),9100_T272-R1),((1925_T339-R1,108_T522-R1),9610_T267-R1))),9721_T128-R1),9597_T304-R1);
((9537_T239-R1,7328_T615-R1),(((9762_T270-R1,(9549_T178-R1,(5784_T152-R1,(9550_T127-R1,6924_T234-R1)))),(((9536_T280-R1,9557_T229-R1),9100_T272-R1),((1925_T339-R1,108_T522-R1),9610_T267-R1))),9721_T128-R1),9597_T304-R1);
((9537_T239-R1,7328_T615-R1),(((9762_T270-R1,(9549_T178-R1,(5784_T152-R1,(9550_T127-R1,6924_T234-R1)))),(((9536_T280-R1,9557_T229-R1),9100_T272-R1),((1925_T339-R1,108_T522-R1),9610_T267-R1))),9721_T128-R1),9597_T304-R1);
((9537_T239-R1,7328_T615-R1),(((9762_T270-R1,(9549_T178-R1,(5784_T152-R1,(9550_T127-R1,6924_T234-R1)))),(((9536_T280-R1,9557_T229-R1),9100_T272-R1),((1925_T339-R1,108_T522-R1),9610_T267-R1))),9721_T128-R1),9597_T304-R1);
((9537_T239-R1,7328_T615-R1),(((9762_T270-R1,(9549_T178-R1,(5784_T152-R1,(9550_T127-R1,6924_T234-R1)))),(((9536_T280-R1,9557_T229-R1),9100_T272-R1),((1925_T339-R1,108_T522-R1),9610_T267-R1))),9721_T128-R1),9597_T304-R1);
((7328_T615-R1,9537_T239-R1),(((((9536_T280-R1,9557_T229-R1),9100_T272-R1),(9762_T270-R1,(6924_T234-R1,(9550_T127-R1,(5784_T152-R1,9549_T178-R1))))),(9610_T267-R1,(108_T522-R1,1925_T339-R1))),9721_T128-R1),9597_T304-R1);
((7328_T615-R1,9537_T239-R1),(((((9536_T280-R1,9557_T229-R1),9100_T272-R1),(9762_T270-R1,(6924_T234-R1,(9550_T127-R1,(5784_T152-R1,9549_T178-R1))))),(9610_T267-R1,(108_T522-R1,1925_T339-R1))),9721_T128-R1),9597_T304-R1);
((7328_T615-R1,9537_T239-R1),(((((9536_T280-R1,9557_T229-R1),9100_T272-R1),(9762_T270-R1,(6924_T234-R1,(9550_T127-R1,(5784_T152-R1,9549_T178-R1))))),(9610_T267-R1,(108_T522-R1,1925_T339-R1))),9721_T128-R1),9597_T304-R1);
((7328_T615-R1,9537_T239-R1),(((((9536_T280-R1,9557_T229-R1),9100_T272-R1),(9762_T270-R1,(6924_T234-R1,(9550_T127-R1,(5784_T152-R1,9549_T178-R1))))),(9610_T267-R1,(108_T522-R1,1925_T339-R1))),9721_T128-R1),9597_T304-R1);
((7328_T615-R1,9537_T239-R1),(((((9536_T280-R1,9557_T229-R1),9100_T272-R1),(9762_T270-R1,(6924_T234-R1,(9550_T127-R1,(5784_T152-R1,9549_T178-R1))))),(9610_T267-R1,(108_T522-R1,1925_T339-R1))),9721_T128-R1),9597_T304-R1);
((7328_T615-R1,9537_T239-R1),(((((9536_T280-R1,9557_T229-R1),9100_T272-R1),(9762_T270-R1,(6924_T234-R1,(9550_T127-R1,(5784_T152-R1,9549_T178-R1))))),(9610_T267-R1,(108_T522-R1,1925_T339-R1))),9721_T128-R1),9597_T304-R1);
((7328_T615-R1,9537_T239-R1),(((((9536_T280-R1,9557_T229-R1),9100_T272-R1),(9762_T270-R1,(6924_T234-R1,(9550_T127-R1,(5784_T152-R1,9549_T178-R1))))),(9610_T267-R1,(108_T522-R1,1925_T339-R1))),9721_T128-R1),9597_T304-R1);
((7328_T615-R1,9537_T239-R1),(((((9536_T280-R1,9557_T229-R1),9100_T272-R1),(9762_T270-R1,(6924_T234-R1,(9550_T127-R1,(5784_T152-R1,9549_T178-R1))))),(9610_T267-R1,(108_T522-R1,1925_T339-R1))),9721_T128-R1),9597_T304-R1);
((7328_T615-R1,9537_T239-R1),(((((9536_T280-R1,9557_T229-R1),9100_T272-R1),(9762_T270-R1,(6924_T234-R1,(9550_T127-R1,(5784_T152-R1,9549_T178-R1))))),(9610_T267-R1,(108_T522-R1,1925_T339-R1))),9721_T128-R1),9597_T304-R1);
((7328_T615-R1,9537_T239-R1),(((((9536_T280-R1,9557_T229-R1),9100_T272-R1),(9762_T270-R1,(6924_T234-R1,(9550_T127-R1,(5784_T152-R1,9549_T178-R1))))),(9610_T267-R1,(108_T522-R1,1925_T339-R1))),9721_T128-R1),9597_T304-R1);
