

IMPORTANT WARNING: Sequences 9550_T127-R1 and 6924_T234-R1 are exactly identical


IMPORTANT WARNING: Sequences 9550_T127-R1 and 5784_T152-R1 are exactly identical

IMPORTANT WARNING
Found 2 sequences that are exactly identical to other sequences in the alignment.
Normally they should be excluded from the analysis.

Just in case you might need it, an alignment file with 
sequence duplicates removed is printed to file ../../RAxML_tree_pbNB-ARC/Clade_Refinement_2/Int12194_239_292_L_69_77_L_15.afa.reduced


This is RAxML version 8.2.12 released by Alexandros Stamatakis on May 2018.

With greatly appreciated code contributions by:
Andre Aberer      (HITS)
Simon Berger      (HITS)
Alexey Kozlov     (HITS)
Kassian Kobert    (HITS)
David Dao         (KIT and HITS)
Sarah Lutteropp   (KIT and HITS)
Nick Pattengale   (Sandia)
Wayne Pfeiffer    (SDSC)
Akifumi S. Tanabe (NRIFS)
Charlie Taylor    (UF)


Alignment has 190 distinct alignment patterns

Proportion of gaps and completely undetermined characters in this alignment: 4.15%

RAxML rapid bootstrapping and subsequent ML search

Using 1 distinct models/data partitions with joint branch length optimization



Executing 100 rapid bootstrap inferences and thereafter a thorough ML search 

All free model parameters will be estimated by RAxML
ML estimate of 25 per site rate categories

Likelihood of final tree will be evaluated and optimized under GAMMA

GAMMA Model parameters will be estimated up to an accuracy of 0.1000000000 Log Likelihood units

Partition: 0
Alignment Patterns: 190
Name: No Name Provided
DataType: AA
Substitution Matrix: JTT
Using fixed base frequencies




RAxML was called as follows:

/Users/prigozhin/Installers/Git/standard-RAxML/raxmlHPC-PTHREADS-SSE3 -T 4 -n Int12194_239_292_L_69_77_L_15.Raxml.out -f a -x 12345 -p 12345 -# 100 -m PROTCATJTT -s ../../RAxML_tree_pbNB-ARC/Clade_Refinement_2/Int12194_239_292_L_69_77_L_15.afa 



Time for BS model parameter optimization 0.243760
Bootstrap[0]: Time 1.235995 seconds, bootstrap likelihood -3535.869713, best rearrangement setting 13
Bootstrap[1]: Time 0.500703 seconds, bootstrap likelihood -3610.166877, best rearrangement setting 13
Bootstrap[2]: Time 0.343421 seconds, bootstrap likelihood -3635.455539, best rearrangement setting 12
Bootstrap[3]: Time 0.348176 seconds, bootstrap likelihood -3644.824787, best rearrangement setting 15
Bootstrap[4]: Time 0.483947 seconds, bootstrap likelihood -3536.318597, best rearrangement setting 10
Bootstrap[5]: Time 0.431565 seconds, bootstrap likelihood -3607.939518, best rearrangement setting 10
Bootstrap[6]: Time 0.526368 seconds, bootstrap likelihood -3594.178051, best rearrangement setting 6
Bootstrap[7]: Time 0.244543 seconds, bootstrap likelihood -3648.973929, best rearrangement setting 14
Bootstrap[8]: Time 0.598421 seconds, bootstrap likelihood -3598.575046, best rearrangement setting 5
Bootstrap[9]: Time 0.426112 seconds, bootstrap likelihood -3641.234021, best rearrangement setting 7
Bootstrap[10]: Time 0.249876 seconds, bootstrap likelihood -3602.274599, best rearrangement setting 7
Bootstrap[11]: Time 0.240160 seconds, bootstrap likelihood -3664.240226, best rearrangement setting 5
Bootstrap[12]: Time 0.267720 seconds, bootstrap likelihood -3649.144195, best rearrangement setting 8
Bootstrap[13]: Time 0.276056 seconds, bootstrap likelihood -3540.150145, best rearrangement setting 7
Bootstrap[14]: Time 0.266594 seconds, bootstrap likelihood -3578.898808, best rearrangement setting 12
Bootstrap[15]: Time 0.400399 seconds, bootstrap likelihood -3597.048543, best rearrangement setting 15
Bootstrap[16]: Time 0.206871 seconds, bootstrap likelihood -3540.195093, best rearrangement setting 12
Bootstrap[17]: Time 0.460164 seconds, bootstrap likelihood -3571.855119, best rearrangement setting 12
Bootstrap[18]: Time 0.311779 seconds, bootstrap likelihood -3577.098356, best rearrangement setting 5
Bootstrap[19]: Time 0.206345 seconds, bootstrap likelihood -3684.447421, best rearrangement setting 8
Bootstrap[20]: Time 0.432402 seconds, bootstrap likelihood -3651.722009, best rearrangement setting 10
Bootstrap[21]: Time 0.472639 seconds, bootstrap likelihood -3692.804297, best rearrangement setting 6
Bootstrap[22]: Time 0.287849 seconds, bootstrap likelihood -3621.301445, best rearrangement setting 5
Bootstrap[23]: Time 0.379942 seconds, bootstrap likelihood -3554.941534, best rearrangement setting 7
Bootstrap[24]: Time 0.326921 seconds, bootstrap likelihood -3595.874060, best rearrangement setting 8
Bootstrap[25]: Time 0.229242 seconds, bootstrap likelihood -3587.835288, best rearrangement setting 6
Bootstrap[26]: Time 0.268139 seconds, bootstrap likelihood -3666.215671, best rearrangement setting 12
Bootstrap[27]: Time 0.355249 seconds, bootstrap likelihood -3618.539587, best rearrangement setting 10
Bootstrap[28]: Time 0.502185 seconds, bootstrap likelihood -3590.451898, best rearrangement setting 11
Bootstrap[29]: Time 0.304106 seconds, bootstrap likelihood -3516.801341, best rearrangement setting 12
Bootstrap[30]: Time 0.451384 seconds, bootstrap likelihood -3541.500879, best rearrangement setting 15
Bootstrap[31]: Time 0.319035 seconds, bootstrap likelihood -3631.429169, best rearrangement setting 15
Bootstrap[32]: Time 0.268211 seconds, bootstrap likelihood -3565.359000, best rearrangement setting 6
Bootstrap[33]: Time 0.469353 seconds, bootstrap likelihood -3567.949965, best rearrangement setting 15
Bootstrap[34]: Time 0.264514 seconds, bootstrap likelihood -3580.631748, best rearrangement setting 11
Bootstrap[35]: Time 0.323247 seconds, bootstrap likelihood -3666.349317, best rearrangement setting 8
Bootstrap[36]: Time 0.399109 seconds, bootstrap likelihood -3559.450485, best rearrangement setting 9
Bootstrap[37]: Time 0.380435 seconds, bootstrap likelihood -3532.802744, best rearrangement setting 11
Bootstrap[38]: Time 0.371615 seconds, bootstrap likelihood -3563.732266, best rearrangement setting 8
Bootstrap[39]: Time 0.372316 seconds, bootstrap likelihood -3582.137384, best rearrangement setting 13
Bootstrap[40]: Time 0.235848 seconds, bootstrap likelihood -3584.705864, best rearrangement setting 13
Bootstrap[41]: Time 0.253180 seconds, bootstrap likelihood -3651.951120, best rearrangement setting 10
Bootstrap[42]: Time 0.292411 seconds, bootstrap likelihood -3581.418206, best rearrangement setting 5
Bootstrap[43]: Time 0.287915 seconds, bootstrap likelihood -3647.645451, best rearrangement setting 14
Bootstrap[44]: Time 0.288920 seconds, bootstrap likelihood -3582.983568, best rearrangement setting 10
Bootstrap[45]: Time 0.297491 seconds, bootstrap likelihood -3577.026610, best rearrangement setting 15
Bootstrap[46]: Time 0.241640 seconds, bootstrap likelihood -3551.057460, best rearrangement setting 14
Bootstrap[47]: Time 0.308566 seconds, bootstrap likelihood -3577.710823, best rearrangement setting 8
Bootstrap[48]: Time 0.489270 seconds, bootstrap likelihood -3598.032087, best rearrangement setting 6
Bootstrap[49]: Time 0.244437 seconds, bootstrap likelihood -3620.013883, best rearrangement setting 7
Bootstrap[50]: Time 0.312919 seconds, bootstrap likelihood -3501.846875, best rearrangement setting 7
Bootstrap[51]: Time 0.551967 seconds, bootstrap likelihood -3565.917370, best rearrangement setting 11
Bootstrap[52]: Time 0.570146 seconds, bootstrap likelihood -3578.997405, best rearrangement setting 12
Bootstrap[53]: Time 0.611756 seconds, bootstrap likelihood -3654.909768, best rearrangement setting 8
Bootstrap[54]: Time 0.526596 seconds, bootstrap likelihood -3551.704426, best rearrangement setting 9
Bootstrap[55]: Time 0.300477 seconds, bootstrap likelihood -3548.648958, best rearrangement setting 11
Bootstrap[56]: Time 0.379603 seconds, bootstrap likelihood -3572.343588, best rearrangement setting 5
Bootstrap[57]: Time 0.233711 seconds, bootstrap likelihood -3573.036629, best rearrangement setting 7
Bootstrap[58]: Time 0.320365 seconds, bootstrap likelihood -3596.527518, best rearrangement setting 10
Bootstrap[59]: Time 0.245948 seconds, bootstrap likelihood -3634.589199, best rearrangement setting 9
Bootstrap[60]: Time 0.271333 seconds, bootstrap likelihood -3579.166628, best rearrangement setting 7
Bootstrap[61]: Time 0.354963 seconds, bootstrap likelihood -3598.382492, best rearrangement setting 5
Bootstrap[62]: Time 0.296622 seconds, bootstrap likelihood -3593.159953, best rearrangement setting 11
Bootstrap[63]: Time 0.286289 seconds, bootstrap likelihood -3546.708207, best rearrangement setting 12
Bootstrap[64]: Time 0.246686 seconds, bootstrap likelihood -3664.124081, best rearrangement setting 7
Bootstrap[65]: Time 0.249025 seconds, bootstrap likelihood -3555.607699, best rearrangement setting 5
Bootstrap[66]: Time 0.244810 seconds, bootstrap likelihood -3582.621047, best rearrangement setting 5
Bootstrap[67]: Time 0.223103 seconds, bootstrap likelihood -3628.323508, best rearrangement setting 15
Bootstrap[68]: Time 0.388616 seconds, bootstrap likelihood -3614.404182, best rearrangement setting 11
Bootstrap[69]: Time 0.291230 seconds, bootstrap likelihood -3681.062741, best rearrangement setting 5
Bootstrap[70]: Time 0.324594 seconds, bootstrap likelihood -3623.770046, best rearrangement setting 8
Bootstrap[71]: Time 0.447993 seconds, bootstrap likelihood -3564.734073, best rearrangement setting 10
Bootstrap[72]: Time 0.258154 seconds, bootstrap likelihood -3577.218940, best rearrangement setting 11
Bootstrap[73]: Time 0.260598 seconds, bootstrap likelihood -3664.587883, best rearrangement setting 9
Bootstrap[74]: Time 0.231613 seconds, bootstrap likelihood -3551.675874, best rearrangement setting 5
Bootstrap[75]: Time 0.306957 seconds, bootstrap likelihood -3553.380885, best rearrangement setting 8
Bootstrap[76]: Time 0.382025 seconds, bootstrap likelihood -3556.980236, best rearrangement setting 9
Bootstrap[77]: Time 0.247799 seconds, bootstrap likelihood -3687.483422, best rearrangement setting 11
Bootstrap[78]: Time 0.299772 seconds, bootstrap likelihood -3544.533997, best rearrangement setting 15
Bootstrap[79]: Time 0.231148 seconds, bootstrap likelihood -3523.558505, best rearrangement setting 9
Bootstrap[80]: Time 0.250473 seconds, bootstrap likelihood -3593.554815, best rearrangement setting 15
Bootstrap[81]: Time 0.392100 seconds, bootstrap likelihood -3617.271799, best rearrangement setting 7
Bootstrap[82]: Time 0.502893 seconds, bootstrap likelihood -3648.069648, best rearrangement setting 6
Bootstrap[83]: Time 0.273687 seconds, bootstrap likelihood -3605.338847, best rearrangement setting 10
Bootstrap[84]: Time 0.217688 seconds, bootstrap likelihood -3581.185338, best rearrangement setting 11
Bootstrap[85]: Time 0.344069 seconds, bootstrap likelihood -3591.229548, best rearrangement setting 8
Bootstrap[86]: Time 0.217612 seconds, bootstrap likelihood -3623.678156, best rearrangement setting 7
Bootstrap[87]: Time 0.247180 seconds, bootstrap likelihood -3570.634484, best rearrangement setting 7
Bootstrap[88]: Time 0.361499 seconds, bootstrap likelihood -3595.627184, best rearrangement setting 12
Bootstrap[89]: Time 0.230844 seconds, bootstrap likelihood -3627.023154, best rearrangement setting 10
Bootstrap[90]: Time 0.329651 seconds, bootstrap likelihood -3564.782353, best rearrangement setting 8
Bootstrap[91]: Time 0.356183 seconds, bootstrap likelihood -3630.854078, best rearrangement setting 12
Bootstrap[92]: Time 0.345439 seconds, bootstrap likelihood -3519.205563, best rearrangement setting 13
Bootstrap[93]: Time 0.281010 seconds, bootstrap likelihood -3572.955536, best rearrangement setting 15
Bootstrap[94]: Time 0.227886 seconds, bootstrap likelihood -3581.721027, best rearrangement setting 5
Bootstrap[95]: Time 0.264852 seconds, bootstrap likelihood -3590.111637, best rearrangement setting 5
Bootstrap[96]: Time 0.242978 seconds, bootstrap likelihood -3514.288611, best rearrangement setting 13
Bootstrap[97]: Time 0.225092 seconds, bootstrap likelihood -3619.761273, best rearrangement setting 11
Bootstrap[98]: Time 0.238066 seconds, bootstrap likelihood -3574.260417, best rearrangement setting 6
Bootstrap[99]: Time 0.305253 seconds, bootstrap likelihood -3606.992670, best rearrangement setting 14


Overall Time for 100 Rapid Bootstraps 33.942148 seconds
Average Time per Rapid Bootstrap 0.339421 seconds

Starting ML Search ...

Fast ML optimization finished

Fast ML search Time: 18.238405 seconds

Slow ML Search 0 Likelihood: -3840.618184
Slow ML Search 1 Likelihood: -3840.618184
Slow ML Search 2 Likelihood: -3840.618184
Slow ML Search 3 Likelihood: -3840.618185
Slow ML Search 4 Likelihood: -3840.618185
Slow ML Search 5 Likelihood: -3840.618160
Slow ML Search 6 Likelihood: -3840.618160
Slow ML Search 7 Likelihood: -3840.618161
Slow ML Search 8 Likelihood: -3840.618161
Slow ML Search 9 Likelihood: -3840.618161
Slow ML optimization finished

Slow ML search Time: 8.455953 seconds
Thorough ML search Time: 1.423995 seconds

Final ML Optimization Likelihood: -3840.618159

Model Information:

Model Parameters of Partition 0, Name: No Name Provided, Type of Data: AA
alpha: 0.120225
Tree-Length: 0.080446
rate A <-> R: 0.603538
rate A <-> N: 0.561915
rate A <-> D: 0.842872
rate A <-> C: 0.582726
rate A <-> Q: 0.593132
rate A <-> E: 1.092612
rate A <-> G: 1.862643
rate A <-> H: 0.280957
rate A <-> I: 0.374610
rate A <-> L: 0.312175
rate A <-> K: 0.364204
rate A <-> M: 0.561915
rate A <-> F: 0.156087
rate A <-> P: 2.018730
rate A <-> S: 3.933403
rate A <-> T: 4.942768
rate A <-> W: 0.093652
rate A <-> Y: 0.114464
rate A <-> V: 3.100937
rate R <-> N: 0.468262
rate R <-> D: 0.166493
rate R <-> C: 1.175858
rate R <-> Q: 3.225806
rate R <-> E: 0.301769
rate R <-> G: 1.425598
rate R <-> H: 3.413111
rate R <-> I: 0.228928
rate R <-> L: 0.395421
rate R <-> K: 6.722164
rate R <-> M: 0.457856
rate R <-> F: 0.052029
rate R <-> P: 0.770031
rate R <-> S: 1.050989
rate R <-> T: 0.665973
rate R <-> W: 1.311134
rate R <-> Y: 0.208117
rate R <-> V: 0.176899
rate N <-> D: 5.494277
rate N <-> C: 0.353798
rate N <-> Q: 0.894901
rate N <-> E: 0.603538
rate N <-> G: 0.842872
rate N <-> H: 4.068678
rate N <-> I: 0.489074
rate N <-> L: 0.124870
rate N <-> K: 2.736733
rate N <-> M: 0.312175
rate N <-> F: 0.104058
rate N <-> P: 0.156087
rate N <-> S: 5.234131
rate N <-> T: 2.414152
rate N <-> W: 0.083247
rate N <-> Y: 0.728408
rate N <-> V: 0.166493
rate D <-> C: 0.104058
rate D <-> Q: 0.509886
rate D <-> E: 7.981270
rate D <-> G: 1.352758
rate D <-> H: 1.165453
rate D <-> I: 0.114464
rate D <-> L: 0.072841
rate D <-> K: 0.270552
rate D <-> M: 0.156087
rate D <-> F: 0.041623
rate D <-> P: 0.156087
rate D <-> S: 0.613944
rate D <-> T: 0.395421
rate D <-> W: 0.041623
rate D <-> Y: 0.478668
rate D <-> V: 0.322581
rate C <-> Q: 0.093652
rate C <-> E: 0.052029
rate C <-> G: 0.613944
rate C <-> H: 0.718002
rate C <-> I: 0.176899
rate C <-> L: 0.239334
rate C <-> K: 0.072841
rate C <-> M: 0.322581
rate C <-> F: 0.811655
rate C <-> P: 0.145682
rate C <-> S: 2.320499
rate C <-> T: 0.437045
rate C <-> W: 1.196670
rate C <-> Y: 2.174818
rate C <-> V: 0.645161
rate Q <-> E: 3.361082
rate Q <-> G: 0.270552
rate Q <-> H: 6.212279
rate Q <-> I: 0.093652
rate Q <-> L: 0.749220
rate Q <-> K: 3.038502
rate Q <-> M: 0.447451
rate Q <-> F: 0.041623
rate Q <-> P: 1.706556
rate Q <-> S: 0.551509
rate Q <-> T: 0.530697
rate Q <-> W: 0.187305
rate Q <-> Y: 0.249740
rate Q <-> V: 0.208117
rate E <-> G: 1.238293
rate E <-> H: 0.270552
rate E <-> I: 0.124870
rate E <-> L: 0.093652
rate E <-> K: 1.883455
rate E <-> M: 0.187305
rate E <-> F: 0.052029
rate E <-> P: 0.187305
rate E <-> S: 0.312175
rate E <-> T: 0.332986
rate E <-> W: 0.104058
rate E <-> Y: 0.072841
rate E <-> V: 0.468262
rate G <-> H: 0.239334
rate G <-> I: 0.062435
rate G <-> L: 0.062435
rate G <-> K: 0.280957
rate G <-> M: 0.145682
rate G <-> F: 0.052029
rate G <-> P: 0.249740
rate G <-> S: 2.091571
rate G <-> T: 0.343392
rate G <-> W: 0.572320
rate G <-> Y: 0.083247
rate G <-> V: 0.489074
rate H <-> I: 0.166493
rate H <-> L: 0.582726
rate H <-> K: 0.468262
rate H <-> M: 0.343392
rate H <-> F: 0.416233
rate H <-> P: 1.196670
rate H <-> S: 0.759625
rate H <-> T: 0.478668
rate H <-> W: 0.083247
rate H <-> Y: 5.962539
rate H <-> V: 0.114464
rate I <-> L: 2.382934
rate I <-> K: 0.218522
rate I <-> M: 4.984391
rate I <-> F: 0.926119
rate I <-> P: 0.104058
rate I <-> S: 0.416233
rate I <-> T: 2.549428
rate I <-> W: 0.093652
rate I <-> Y: 0.332986
rate I <-> V: 10.000000
rate L <-> K: 0.145682
rate L <-> M: 4.037461
rate L <-> F: 2.580645
rate L <-> P: 1.061394
rate L <-> S: 0.613944
rate L <-> T: 0.260146
rate L <-> W: 0.541103
rate L <-> Y: 0.249740
rate L <-> V: 1.873049
rate K <-> M: 0.676379
rate K <-> F: 0.041623
rate K <-> P: 0.218522
rate K <-> S: 0.489074
rate K <-> T: 1.071800
rate K <-> W: 0.104058
rate K <-> Y: 0.083247
rate K <-> V: 0.145682
rate M <-> F: 0.447451
rate M <-> P: 0.166493
rate M <-> S: 0.301769
rate M <-> T: 2.351717
rate M <-> W: 0.249740
rate M <-> Y: 0.187305
rate M <-> V: 3.361082
rate F <-> P: 0.176899
rate F <-> S: 0.957336
rate F <-> T: 0.124870
rate F <-> W: 0.551509
rate F <-> Y: 5.577523
rate F <-> V: 0.645161
rate P <-> S: 2.965661
rate P <-> T: 1.227888
rate P <-> W: 0.062435
rate P <-> Y: 0.104058
rate P <-> V: 0.239334
rate S <-> T: 4.963580
rate S <-> W: 0.364204
rate S <-> Y: 0.655567
rate S <-> V: 0.395421
rate T <-> W: 0.124870
rate T <-> Y: 0.218522
rate T <-> V: 1.165453
rate W <-> Y: 0.738814
rate W <-> V: 0.260146
rate Y <-> V: 0.166493

freq pi(A): 0.076748
freq pi(R): 0.051691
freq pi(N): 0.042645
freq pi(D): 0.051544
freq pi(C): 0.019803
freq pi(Q): 0.040752
freq pi(E): 0.061830
freq pi(G): 0.073152
freq pi(H): 0.022944
freq pi(I): 0.053761
freq pi(L): 0.091904
freq pi(K): 0.058676
freq pi(M): 0.023826
freq pi(F): 0.040126
freq pi(P): 0.050901
freq pi(S): 0.068765
freq pi(T): 0.058565
freq pi(W): 0.014261
freq pi(Y): 0.032102
freq pi(V): 0.066004


ML search took 28.171392 secs or 0.007825 hours

Combined Bootstrap and ML search took 62.114058 secs or 0.017254 hours

Drawing Bootstrap Support Values on best-scoring ML tree ...



Found 1 tree in File /Users/prigozhin/Dropbox/NLRomes/Atha_SnkMk_NLRome/RAxML_tree_pbNB-ARC/Clade_Refinement_2/RAxML_bestTree.Int12194_239_292_L_69_77_L_15.Raxml.out



Found 1 tree in File /Users/prigozhin/Dropbox/NLRomes/Atha_SnkMk_NLRome/RAxML_tree_pbNB-ARC/Clade_Refinement_2/RAxML_bestTree.Int12194_239_292_L_69_77_L_15.Raxml.out

Program execution info written to /Users/prigozhin/Dropbox/NLRomes/Atha_SnkMk_NLRome/RAxML_tree_pbNB-ARC/Clade_Refinement_2/RAxML_info.Int12194_239_292_L_69_77_L_15.Raxml.out
All 100 bootstrapped trees written to: /Users/prigozhin/Dropbox/NLRomes/Atha_SnkMk_NLRome/RAxML_tree_pbNB-ARC/Clade_Refinement_2/RAxML_bootstrap.Int12194_239_292_L_69_77_L_15.Raxml.out

Best-scoring ML tree written to: /Users/prigozhin/Dropbox/NLRomes/Atha_SnkMk_NLRome/RAxML_tree_pbNB-ARC/Clade_Refinement_2/RAxML_bestTree.Int12194_239_292_L_69_77_L_15.Raxml.out

Best-scoring ML tree with support values written to: /Users/prigozhin/Dropbox/NLRomes/Atha_SnkMk_NLRome/RAxML_tree_pbNB-ARC/Clade_Refinement_2/RAxML_bipartitions.Int12194_239_292_L_69_77_L_15.Raxml.out

Best-scoring ML tree with support values as branch labels written to: /Users/prigozhin/Dropbox/NLRomes/Atha_SnkMk_NLRome/RAxML_tree_pbNB-ARC/Clade_Refinement_2/RAxML_bipartitionsBranchLabels.Int12194_239_292_L_69_77_L_15.Raxml.out

Overall execution time for full ML analysis: 62.124281 secs or 0.017257 hours or 0.000719 days

