

IMPORTANT WARNING: Sequences ZM00029AB423050_P001 and ZM00033AB429040_P001 are exactly identical

IMPORTANT WARNING
Found 1 sequence that is exactly identical to other sequences in the alignment.
Normally they should be excluded from the analysis.

Just in case you might need it, an alignment file with 
sequence duplicates removed is printed to file ../../RAxML_tree_pbNB-ARC/Clade_Refinement_3/Int6329_131_253_L_122_209_L_80_142_R_18.afa.reduced


This is RAxML version 8.2.12 released by Alexandros Stamatakis on May 2018.

With greatly appreciated code contributions by:
Andre Aberer      (HITS)
Simon Berger      (HITS)
Alexey Kozlov     (HITS)
Kassian Kobert    (HITS)
David Dao         (KIT and HITS)
Sarah Lutteropp   (KIT and HITS)
Nick Pattengale   (Sandia)
Wayne Pfeiffer    (SDSC)
Akifumi S. Tanabe (NRIFS)
Charlie Taylor    (UF)


Alignment has 647 distinct alignment patterns

Proportion of gaps and completely undetermined characters in this alignment: 23.15%

RAxML rapid bootstrapping and subsequent ML search

Using 1 distinct models/data partitions with joint branch length optimization



Executing 100 rapid bootstrap inferences and thereafter a thorough ML search 

All free model parameters will be estimated by RAxML
ML estimate of 25 per site rate categories

Likelihood of final tree will be evaluated and optimized under GAMMA

GAMMA Model parameters will be estimated up to an accuracy of 0.1000000000 Log Likelihood units

Partition: 0
Alignment Patterns: 647
Name: No Name Provided
DataType: AA
Substitution Matrix: JTT
Using fixed base frequencies




RAxML was called as follows:

/Users/prigozhin/Installers/standard-RAxML/raxmlHPC-PTHREADS-AVX -T 2 -n Int6329_131_253_L_122_209_L_80_142_R_18.Raxml.out -f a -x 12345 -p 12345 -# 100 -m PROTCATJTT -s ../../RAxML_tree_pbNB-ARC/Clade_Refinement_3/Int6329_131_253_L_122_209_L_80_142_R_18.afa 



Time for BS model parameter optimization 0.235724
Bootstrap[0]: Time 0.859391 seconds, bootstrap likelihood -7486.800669, best rearrangement setting 13
Bootstrap[1]: Time 0.821665 seconds, bootstrap likelihood -7880.706474, best rearrangement setting 13
Bootstrap[2]: Time 0.595525 seconds, bootstrap likelihood -7810.446394, best rearrangement setting 12
Bootstrap[3]: Time 0.549156 seconds, bootstrap likelihood -7818.490887, best rearrangement setting 15
Bootstrap[4]: Time 0.873631 seconds, bootstrap likelihood -7808.980410, best rearrangement setting 10
Bootstrap[5]: Time 0.601098 seconds, bootstrap likelihood -7867.235864, best rearrangement setting 10
Bootstrap[6]: Time 0.914167 seconds, bootstrap likelihood -7819.110178, best rearrangement setting 6
Bootstrap[7]: Time 0.549620 seconds, bootstrap likelihood -7812.946952, best rearrangement setting 14
Bootstrap[8]: Time 0.503930 seconds, bootstrap likelihood -7605.404017, best rearrangement setting 5
Bootstrap[9]: Time 0.635025 seconds, bootstrap likelihood -7817.642792, best rearrangement setting 7
Bootstrap[10]: Time 0.626135 seconds, bootstrap likelihood -7619.887750, best rearrangement setting 7
Bootstrap[11]: Time 0.777020 seconds, bootstrap likelihood -7992.510006, best rearrangement setting 5
Bootstrap[12]: Time 0.708328 seconds, bootstrap likelihood -7738.880157, best rearrangement setting 8
Bootstrap[13]: Time 0.623803 seconds, bootstrap likelihood -7703.387440, best rearrangement setting 7
Bootstrap[14]: Time 0.920485 seconds, bootstrap likelihood -7962.886576, best rearrangement setting 12
Bootstrap[15]: Time 0.682106 seconds, bootstrap likelihood -7848.205323, best rearrangement setting 15
Bootstrap[16]: Time 0.595862 seconds, bootstrap likelihood -8017.717863, best rearrangement setting 12
Bootstrap[17]: Time 0.692798 seconds, bootstrap likelihood -8070.124005, best rearrangement setting 12
Bootstrap[18]: Time 0.595751 seconds, bootstrap likelihood -8033.728118, best rearrangement setting 5
Bootstrap[19]: Time 0.928820 seconds, bootstrap likelihood -8053.343571, best rearrangement setting 8
Bootstrap[20]: Time 0.754232 seconds, bootstrap likelihood -8001.092247, best rearrangement setting 10
Bootstrap[21]: Time 0.817988 seconds, bootstrap likelihood -8053.336910, best rearrangement setting 6
Bootstrap[22]: Time 0.578886 seconds, bootstrap likelihood -7967.905540, best rearrangement setting 5
Bootstrap[23]: Time 0.802421 seconds, bootstrap likelihood -7722.379081, best rearrangement setting 7
Bootstrap[24]: Time 0.556549 seconds, bootstrap likelihood -7935.233572, best rearrangement setting 8
Bootstrap[25]: Time 0.632017 seconds, bootstrap likelihood -7450.054538, best rearrangement setting 6
Bootstrap[26]: Time 0.633431 seconds, bootstrap likelihood -7844.614496, best rearrangement setting 12
Bootstrap[27]: Time 0.569252 seconds, bootstrap likelihood -8061.816542, best rearrangement setting 10
Bootstrap[28]: Time 0.591395 seconds, bootstrap likelihood -7591.950062, best rearrangement setting 11
Bootstrap[29]: Time 0.999409 seconds, bootstrap likelihood -7683.904129, best rearrangement setting 12
Bootstrap[30]: Time 0.630028 seconds, bootstrap likelihood -7907.814276, best rearrangement setting 15
Bootstrap[31]: Time 0.906217 seconds, bootstrap likelihood -7832.977703, best rearrangement setting 15
Bootstrap[32]: Time 0.966820 seconds, bootstrap likelihood -7932.465359, best rearrangement setting 6
Bootstrap[33]: Time 0.840047 seconds, bootstrap likelihood -8036.395648, best rearrangement setting 15
Bootstrap[34]: Time 0.673964 seconds, bootstrap likelihood -8128.334246, best rearrangement setting 11
Bootstrap[35]: Time 0.699571 seconds, bootstrap likelihood -7556.031945, best rearrangement setting 8
Bootstrap[36]: Time 0.657553 seconds, bootstrap likelihood -7942.505903, best rearrangement setting 9
Bootstrap[37]: Time 0.613214 seconds, bootstrap likelihood -7763.942779, best rearrangement setting 11
Bootstrap[38]: Time 0.613933 seconds, bootstrap likelihood -7763.976062, best rearrangement setting 8
Bootstrap[39]: Time 0.668314 seconds, bootstrap likelihood -7927.809513, best rearrangement setting 13
Bootstrap[40]: Time 0.730683 seconds, bootstrap likelihood -7925.470864, best rearrangement setting 13
Bootstrap[41]: Time 0.597248 seconds, bootstrap likelihood -7921.703914, best rearrangement setting 10
Bootstrap[42]: Time 0.595477 seconds, bootstrap likelihood -7843.555034, best rearrangement setting 5
Bootstrap[43]: Time 0.557742 seconds, bootstrap likelihood -7707.570625, best rearrangement setting 14
Bootstrap[44]: Time 0.228095 seconds, bootstrap likelihood -7782.115182, best rearrangement setting 10
Bootstrap[45]: Time 0.676642 seconds, bootstrap likelihood -7873.658332, best rearrangement setting 15
Bootstrap[46]: Time 0.718341 seconds, bootstrap likelihood -8098.053115, best rearrangement setting 14
Bootstrap[47]: Time 0.635033 seconds, bootstrap likelihood -7511.017551, best rearrangement setting 8
Bootstrap[48]: Time 0.538371 seconds, bootstrap likelihood -7678.592872, best rearrangement setting 6
Bootstrap[49]: Time 0.581999 seconds, bootstrap likelihood -8027.849474, best rearrangement setting 7
Bootstrap[50]: Time 0.581992 seconds, bootstrap likelihood -7885.517511, best rearrangement setting 7
Bootstrap[51]: Time 0.859410 seconds, bootstrap likelihood -7696.973940, best rearrangement setting 11
Bootstrap[52]: Time 0.611139 seconds, bootstrap likelihood -7729.508340, best rearrangement setting 12
Bootstrap[53]: Time 0.546207 seconds, bootstrap likelihood -7741.892461, best rearrangement setting 8
Bootstrap[54]: Time 0.563784 seconds, bootstrap likelihood -7916.398290, best rearrangement setting 9
Bootstrap[55]: Time 0.275794 seconds, bootstrap likelihood -7891.332031, best rearrangement setting 11
Bootstrap[56]: Time 0.908041 seconds, bootstrap likelihood -7955.988040, best rearrangement setting 5
Bootstrap[57]: Time 0.578183 seconds, bootstrap likelihood -7718.958965, best rearrangement setting 7
Bootstrap[58]: Time 0.881246 seconds, bootstrap likelihood -8033.077867, best rearrangement setting 10
Bootstrap[59]: Time 0.623477 seconds, bootstrap likelihood -8061.931287, best rearrangement setting 9
Bootstrap[60]: Time 0.582371 seconds, bootstrap likelihood -8107.981700, best rearrangement setting 7
Bootstrap[61]: Time 0.536235 seconds, bootstrap likelihood -7623.273076, best rearrangement setting 5
Bootstrap[62]: Time 0.710127 seconds, bootstrap likelihood -7752.764550, best rearrangement setting 11
Bootstrap[63]: Time 0.631799 seconds, bootstrap likelihood -8187.989882, best rearrangement setting 12
Bootstrap[64]: Time 0.962153 seconds, bootstrap likelihood -7924.820662, best rearrangement setting 7
Bootstrap[65]: Time 0.864267 seconds, bootstrap likelihood -7721.052773, best rearrangement setting 5
Bootstrap[66]: Time 0.636906 seconds, bootstrap likelihood -8250.466611, best rearrangement setting 5
Bootstrap[67]: Time 0.941052 seconds, bootstrap likelihood -7741.109877, best rearrangement setting 15
Bootstrap[68]: Time 0.596773 seconds, bootstrap likelihood -7677.444690, best rearrangement setting 11
Bootstrap[69]: Time 0.548154 seconds, bootstrap likelihood -7997.709271, best rearrangement setting 5
Bootstrap[70]: Time 0.667222 seconds, bootstrap likelihood -7764.069551, best rearrangement setting 8
Bootstrap[71]: Time 0.566755 seconds, bootstrap likelihood -7574.296509, best rearrangement setting 10
Bootstrap[72]: Time 0.615016 seconds, bootstrap likelihood -7769.058311, best rearrangement setting 11
Bootstrap[73]: Time 0.590411 seconds, bootstrap likelihood -7978.339196, best rearrangement setting 9
Bootstrap[74]: Time 0.678812 seconds, bootstrap likelihood -7978.220962, best rearrangement setting 5
Bootstrap[75]: Time 0.622226 seconds, bootstrap likelihood -8021.451021, best rearrangement setting 8
Bootstrap[76]: Time 0.562940 seconds, bootstrap likelihood -8106.327172, best rearrangement setting 9
Bootstrap[77]: Time 0.831875 seconds, bootstrap likelihood -7595.612616, best rearrangement setting 11
Bootstrap[78]: Time 0.566433 seconds, bootstrap likelihood -7920.085020, best rearrangement setting 15
Bootstrap[79]: Time 0.239325 seconds, bootstrap likelihood -8002.393064, best rearrangement setting 9
Bootstrap[80]: Time 0.605648 seconds, bootstrap likelihood -7932.252790, best rearrangement setting 15
Bootstrap[81]: Time 0.703544 seconds, bootstrap likelihood -7720.330972, best rearrangement setting 7
Bootstrap[82]: Time 0.603857 seconds, bootstrap likelihood -8176.589525, best rearrangement setting 6
Bootstrap[83]: Time 0.631771 seconds, bootstrap likelihood -7834.361467, best rearrangement setting 10
Bootstrap[84]: Time 0.671784 seconds, bootstrap likelihood -7855.593558, best rearrangement setting 11
Bootstrap[85]: Time 0.953388 seconds, bootstrap likelihood -7718.124844, best rearrangement setting 8
Bootstrap[86]: Time 0.629575 seconds, bootstrap likelihood -7822.180609, best rearrangement setting 7
Bootstrap[87]: Time 0.606723 seconds, bootstrap likelihood -7741.593302, best rearrangement setting 7
Bootstrap[88]: Time 0.802368 seconds, bootstrap likelihood -7808.856463, best rearrangement setting 12
Bootstrap[89]: Time 0.780702 seconds, bootstrap likelihood -7932.748618, best rearrangement setting 10
Bootstrap[90]: Time 0.713344 seconds, bootstrap likelihood -7843.151929, best rearrangement setting 8
Bootstrap[91]: Time 0.618443 seconds, bootstrap likelihood -8002.729130, best rearrangement setting 12
Bootstrap[92]: Time 0.602349 seconds, bootstrap likelihood -7750.043197, best rearrangement setting 13
Bootstrap[93]: Time 0.754125 seconds, bootstrap likelihood -8158.507093, best rearrangement setting 15
Bootstrap[94]: Time 0.583503 seconds, bootstrap likelihood -7855.703668, best rearrangement setting 5
Bootstrap[95]: Time 0.657467 seconds, bootstrap likelihood -7932.562137, best rearrangement setting 5
Bootstrap[96]: Time 0.609665 seconds, bootstrap likelihood -7896.639753, best rearrangement setting 13
Bootstrap[97]: Time 0.651502 seconds, bootstrap likelihood -7649.820178, best rearrangement setting 11
Bootstrap[98]: Time 0.593204 seconds, bootstrap likelihood -7937.835307, best rearrangement setting 6
Bootstrap[99]: Time 0.621914 seconds, bootstrap likelihood -7908.341740, best rearrangement setting 14


Overall Time for 100 Rapid Bootstraps 66.922817 seconds
Average Time per Rapid Bootstrap 0.669228 seconds

Starting ML Search ...

Fast ML optimization finished

Fast ML search Time: 29.920802 seconds

Slow ML Search 0 Likelihood: -8855.675426
Slow ML Search 1 Likelihood: -8855.675426
Slow ML Search 2 Likelihood: -8855.675426
Slow ML Search 3 Likelihood: -8855.675426
Slow ML Search 4 Likelihood: -8855.675426
Slow ML Search 5 Likelihood: -8855.675426
Slow ML Search 6 Likelihood: -8855.675426
Slow ML Search 7 Likelihood: -8855.675426
Slow ML Search 8 Likelihood: -8855.675481
Slow ML Search 9 Likelihood: -8855.675481
Slow ML optimization finished

Slow ML search Time: 13.439191 seconds
Thorough ML search Time: 3.230606 seconds

Final ML Optimization Likelihood: -8855.675426

Model Information:

Model Parameters of Partition 0, Name: No Name Provided, Type of Data: AA
alpha: 0.326554
Tree-Length: 0.739149
rate A <-> R: 0.603538
rate A <-> N: 0.561915
rate A <-> D: 0.842872
rate A <-> C: 0.582726
rate A <-> Q: 0.593132
rate A <-> E: 1.092612
rate A <-> G: 1.862643
rate A <-> H: 0.280957
rate A <-> I: 0.374610
rate A <-> L: 0.312175
rate A <-> K: 0.364204
rate A <-> M: 0.561915
rate A <-> F: 0.156087
rate A <-> P: 2.018730
rate A <-> S: 3.933403
rate A <-> T: 4.942768
rate A <-> W: 0.093652
rate A <-> Y: 0.114464
rate A <-> V: 3.100937
rate R <-> N: 0.468262
rate R <-> D: 0.166493
rate R <-> C: 1.175858
rate R <-> Q: 3.225806
rate R <-> E: 0.301769
rate R <-> G: 1.425598
rate R <-> H: 3.413111
rate R <-> I: 0.228928
rate R <-> L: 0.395421
rate R <-> K: 6.722164
rate R <-> M: 0.457856
rate R <-> F: 0.052029
rate R <-> P: 0.770031
rate R <-> S: 1.050989
rate R <-> T: 0.665973
rate R <-> W: 1.311134
rate R <-> Y: 0.208117
rate R <-> V: 0.176899
rate N <-> D: 5.494277
rate N <-> C: 0.353798
rate N <-> Q: 0.894901
rate N <-> E: 0.603538
rate N <-> G: 0.842872
rate N <-> H: 4.068678
rate N <-> I: 0.489074
rate N <-> L: 0.124870
rate N <-> K: 2.736733
rate N <-> M: 0.312175
rate N <-> F: 0.104058
rate N <-> P: 0.156087
rate N <-> S: 5.234131
rate N <-> T: 2.414152
rate N <-> W: 0.083247
rate N <-> Y: 0.728408
rate N <-> V: 0.166493
rate D <-> C: 0.104058
rate D <-> Q: 0.509886
rate D <-> E: 7.981270
rate D <-> G: 1.352758
rate D <-> H: 1.165453
rate D <-> I: 0.114464
rate D <-> L: 0.072841
rate D <-> K: 0.270552
rate D <-> M: 0.156087
rate D <-> F: 0.041623
rate D <-> P: 0.156087
rate D <-> S: 0.613944
rate D <-> T: 0.395421
rate D <-> W: 0.041623
rate D <-> Y: 0.478668
rate D <-> V: 0.322581
rate C <-> Q: 0.093652
rate C <-> E: 0.052029
rate C <-> G: 0.613944
rate C <-> H: 0.718002
rate C <-> I: 0.176899
rate C <-> L: 0.239334
rate C <-> K: 0.072841
rate C <-> M: 0.322581
rate C <-> F: 0.811655
rate C <-> P: 0.145682
rate C <-> S: 2.320499
rate C <-> T: 0.437045
rate C <-> W: 1.196670
rate C <-> Y: 2.174818
rate C <-> V: 0.645161
rate Q <-> E: 3.361082
rate Q <-> G: 0.270552
rate Q <-> H: 6.212279
rate Q <-> I: 0.093652
rate Q <-> L: 0.749220
rate Q <-> K: 3.038502
rate Q <-> M: 0.447451
rate Q <-> F: 0.041623
rate Q <-> P: 1.706556
rate Q <-> S: 0.551509
rate Q <-> T: 0.530697
rate Q <-> W: 0.187305
rate Q <-> Y: 0.249740
rate Q <-> V: 0.208117
rate E <-> G: 1.238293
rate E <-> H: 0.270552
rate E <-> I: 0.124870
rate E <-> L: 0.093652
rate E <-> K: 1.883455
rate E <-> M: 0.187305
rate E <-> F: 0.052029
rate E <-> P: 0.187305
rate E <-> S: 0.312175
rate E <-> T: 0.332986
rate E <-> W: 0.104058
rate E <-> Y: 0.072841
rate E <-> V: 0.468262
rate G <-> H: 0.239334
rate G <-> I: 0.062435
rate G <-> L: 0.062435
rate G <-> K: 0.280957
rate G <-> M: 0.145682
rate G <-> F: 0.052029
rate G <-> P: 0.249740
rate G <-> S: 2.091571
rate G <-> T: 0.343392
rate G <-> W: 0.572320
rate G <-> Y: 0.083247
rate G <-> V: 0.489074
rate H <-> I: 0.166493
rate H <-> L: 0.582726
rate H <-> K: 0.468262
rate H <-> M: 0.343392
rate H <-> F: 0.416233
rate H <-> P: 1.196670
rate H <-> S: 0.759625
rate H <-> T: 0.478668
rate H <-> W: 0.083247
rate H <-> Y: 5.962539
rate H <-> V: 0.114464
rate I <-> L: 2.382934
rate I <-> K: 0.218522
rate I <-> M: 4.984391
rate I <-> F: 0.926119
rate I <-> P: 0.104058
rate I <-> S: 0.416233
rate I <-> T: 2.549428
rate I <-> W: 0.093652
rate I <-> Y: 0.332986
rate I <-> V: 10.000000
rate L <-> K: 0.145682
rate L <-> M: 4.037461
rate L <-> F: 2.580645
rate L <-> P: 1.061394
rate L <-> S: 0.613944
rate L <-> T: 0.260146
rate L <-> W: 0.541103
rate L <-> Y: 0.249740
rate L <-> V: 1.873049
rate K <-> M: 0.676379
rate K <-> F: 0.041623
rate K <-> P: 0.218522
rate K <-> S: 0.489074
rate K <-> T: 1.071800
rate K <-> W: 0.104058
rate K <-> Y: 0.083247
rate K <-> V: 0.145682
rate M <-> F: 0.447451
rate M <-> P: 0.166493
rate M <-> S: 0.301769
rate M <-> T: 2.351717
rate M <-> W: 0.249740
rate M <-> Y: 0.187305
rate M <-> V: 3.361082
rate F <-> P: 0.176899
rate F <-> S: 0.957336
rate F <-> T: 0.124870
rate F <-> W: 0.551509
rate F <-> Y: 5.577523
rate F <-> V: 0.645161
rate P <-> S: 2.965661
rate P <-> T: 1.227888
rate P <-> W: 0.062435
rate P <-> Y: 0.104058
rate P <-> V: 0.239334
rate S <-> T: 4.963580
rate S <-> W: 0.364204
rate S <-> Y: 0.655567
rate S <-> V: 0.395421
rate T <-> W: 0.124870
rate T <-> Y: 0.218522
rate T <-> V: 1.165453
rate W <-> Y: 0.738814
rate W <-> V: 0.260146
rate Y <-> V: 0.166493

freq pi(A): 0.076748
freq pi(R): 0.051691
freq pi(N): 0.042645
freq pi(D): 0.051544
freq pi(C): 0.019803
freq pi(Q): 0.040752
freq pi(E): 0.061830
freq pi(G): 0.073152
freq pi(H): 0.022944
freq pi(I): 0.053761
freq pi(L): 0.091904
freq pi(K): 0.058676
freq pi(M): 0.023826
freq pi(F): 0.040126
freq pi(P): 0.050901
freq pi(S): 0.068765
freq pi(T): 0.058565
freq pi(W): 0.014261
freq pi(Y): 0.032102
freq pi(V): 0.066004


ML search took 46.617833 secs or 0.012949 hours

Combined Bootstrap and ML search took 113.540870 secs or 0.031539 hours

Drawing Bootstrap Support Values on best-scoring ML tree ...



Found 1 tree in File /Users/prigozhin/Dropbox/NLRomes/Maize_NLRome/RAxML_tree_pbNB-ARC/Clade_Refinement_3/RAxML_bestTree.Int6329_131_253_L_122_209_L_80_142_R_18.Raxml.out



Found 1 tree in File /Users/prigozhin/Dropbox/NLRomes/Maize_NLRome/RAxML_tree_pbNB-ARC/Clade_Refinement_3/RAxML_bestTree.Int6329_131_253_L_122_209_L_80_142_R_18.Raxml.out

Program execution info written to /Users/prigozhin/Dropbox/NLRomes/Maize_NLRome/RAxML_tree_pbNB-ARC/Clade_Refinement_3/RAxML_info.Int6329_131_253_L_122_209_L_80_142_R_18.Raxml.out
All 100 bootstrapped trees written to: /Users/prigozhin/Dropbox/NLRomes/Maize_NLRome/RAxML_tree_pbNB-ARC/Clade_Refinement_3/RAxML_bootstrap.Int6329_131_253_L_122_209_L_80_142_R_18.Raxml.out

Best-scoring ML tree written to: /Users/prigozhin/Dropbox/NLRomes/Maize_NLRome/RAxML_tree_pbNB-ARC/Clade_Refinement_3/RAxML_bestTree.Int6329_131_253_L_122_209_L_80_142_R_18.Raxml.out

Best-scoring ML tree with support values written to: /Users/prigozhin/Dropbox/NLRomes/Maize_NLRome/RAxML_tree_pbNB-ARC/Clade_Refinement_3/RAxML_bipartitions.Int6329_131_253_L_122_209_L_80_142_R_18.Raxml.out

Best-scoring ML tree with support values as branch labels written to: /Users/prigozhin/Dropbox/NLRomes/Maize_NLRome/RAxML_tree_pbNB-ARC/Clade_Refinement_3/RAxML_bipartitionsBranchLabels.Int6329_131_253_L_122_209_L_80_142_R_18.Raxml.out

Overall execution time for full ML analysis: 113.545666 secs or 0.031540 hours or 0.001314 days

