

IMPORTANT WARNING: Sequences GWHPACET073854 and GWHPACEO073722 are exactly identical


IMPORTANT WARNING: Sequences GWHPACET073854 and GWHPACEQ068209 are exactly identical


IMPORTANT WARNING: Sequences GWHPACET073854 and GWHPACEV066421 are exactly identical


IMPORTANT WARNING: Sequences GWHPACET073854 and GWHPACEJ074974 are exactly identical


IMPORTANT WARNING: Sequences GWHPACET073854 and GWHPACEI075371 are exactly identical


IMPORTANT WARNING: Sequences GWHPACET073854 and GWHPACEA073190 are exactly identical


IMPORTANT WARNING: Sequences GWHPACET073854 and GWHPACEK065349 are exactly identical


IMPORTANT WARNING: Sequences GWHPACET073854 and GWHPACEE072758 are exactly identical


IMPORTANT WARNING: Sequences GWHPACET073854 and GLYMA_18G093400_1 are exactly identical


IMPORTANT WARNING: Sequences GWHPACET073854 and GWHPACEN072090 are exactly identical


IMPORTANT WARNING: Sequences GWHPACET073854 and GWHPACEC068354 are exactly identical


IMPORTANT WARNING: Sequences GWHPACET073854 and GWHPACEL069277 are exactly identical


IMPORTANT WARNING: Sequences GWHPACET073854 and GWHPACEW072785 are exactly identical


IMPORTANT WARNING: Sequences GWHPACET073854 and GWHPACEX068253 are exactly identical


IMPORTANT WARNING: Sequences GWHPACET073854 and GWHPACEH072953 are exactly identical


IMPORTANT WARNING: Sequences GWHPACET073854 and GWHPACEM072765 are exactly identical


IMPORTANT WARNING: Sequences GWHPACDZ071484 and GWHPACES073067 are exactly identical


IMPORTANT WARNING: Sequences GWHPACDZ071484 and GWHPACER067154 are exactly identical

IMPORTANT WARNING
Found 18 sequences that are exactly identical to other sequences in the alignment.
Normally they should be excluded from the analysis.

Just in case you might need it, an alignment file with 
sequence duplicates removed is printed to file ../../RAxML_tree_pbNB-ARC/Clade_Refinement_1/Int12963_295_406_R_28.afa.reduced


This is RAxML version 8.2.12 released by Alexandros Stamatakis on May 2018.

With greatly appreciated code contributions by:
Andre Aberer      (HITS)
Simon Berger      (HITS)
Alexey Kozlov     (HITS)
Kassian Kobert    (HITS)
David Dao         (KIT and HITS)
Sarah Lutteropp   (KIT and HITS)
Nick Pattengale   (Sandia)
Wayne Pfeiffer    (SDSC)
Akifumi S. Tanabe (NRIFS)
Charlie Taylor    (UF)


Alignment has 302 distinct alignment patterns

Proportion of gaps and completely undetermined characters in this alignment: 65.85%

RAxML rapid bootstrapping and subsequent ML search

Using 1 distinct models/data partitions with joint branch length optimization



Executing 100 rapid bootstrap inferences and thereafter a thorough ML search 

All free model parameters will be estimated by RAxML
ML estimate of 25 per site rate categories

Likelihood of final tree will be evaluated and optimized under GAMMA

GAMMA Model parameters will be estimated up to an accuracy of 0.1000000000 Log Likelihood units

Partition: 0
Alignment Patterns: 302
Name: No Name Provided
DataType: AA
Substitution Matrix: JTT
Using fixed base frequencies




RAxML was called as follows:

/Users/prigozhin/Installers/standard-RAxML/raxmlHPC-PTHREADS-AVX -T 4 -n Int12963_295_406_R_28.Raxml.out -f a -x 12345 -p 12345 -# 100 -m PROTCATJTT -s ../../RAxML_tree_pbNB-ARC/Clade_Refinement_1/Int12963_295_406_R_28.afa 



Time for BS model parameter optimization 0.596757
Bootstrap[0]: Time 2.194465 seconds, bootstrap likelihood -10659.268611, best rearrangement setting 13
Bootstrap[1]: Time 0.860210 seconds, bootstrap likelihood -10648.308510, best rearrangement setting 13
Bootstrap[2]: Time 0.799350 seconds, bootstrap likelihood -10784.625631, best rearrangement setting 12
Bootstrap[3]: Time 0.876874 seconds, bootstrap likelihood -10823.507036, best rearrangement setting 15
Bootstrap[4]: Time 0.657681 seconds, bootstrap likelihood -10579.231719, best rearrangement setting 10
Bootstrap[5]: Time 0.655243 seconds, bootstrap likelihood -10775.060849, best rearrangement setting 10
Bootstrap[6]: Time 0.461821 seconds, bootstrap likelihood -10682.728206, best rearrangement setting 6
Bootstrap[7]: Time 0.797174 seconds, bootstrap likelihood -10723.191436, best rearrangement setting 14
Bootstrap[8]: Time 0.495624 seconds, bootstrap likelihood -10771.480081, best rearrangement setting 5
Bootstrap[9]: Time 0.520218 seconds, bootstrap likelihood -10758.272154, best rearrangement setting 7
Bootstrap[10]: Time 1.159848 seconds, bootstrap likelihood -10743.304507, best rearrangement setting 7
Bootstrap[11]: Time 0.438681 seconds, bootstrap likelihood -10756.130291, best rearrangement setting 5
Bootstrap[12]: Time 0.611629 seconds, bootstrap likelihood -10787.629246, best rearrangement setting 8
Bootstrap[13]: Time 0.589027 seconds, bootstrap likelihood -10606.800039, best rearrangement setting 7
Bootstrap[14]: Time 0.713380 seconds, bootstrap likelihood -10788.134742, best rearrangement setting 12
Bootstrap[15]: Time 0.826560 seconds, bootstrap likelihood -10710.293552, best rearrangement setting 15
Bootstrap[16]: Time 0.708299 seconds, bootstrap likelihood -10705.540964, best rearrangement setting 12
Bootstrap[17]: Time 0.801892 seconds, bootstrap likelihood -10755.069014, best rearrangement setting 12
Bootstrap[18]: Time 0.417513 seconds, bootstrap likelihood -10754.072200, best rearrangement setting 5
Bootstrap[19]: Time 0.592000 seconds, bootstrap likelihood -10680.422627, best rearrangement setting 8
Bootstrap[20]: Time 1.356362 seconds, bootstrap likelihood -10714.027469, best rearrangement setting 10
Bootstrap[21]: Time 0.577136 seconds, bootstrap likelihood -10843.374499, best rearrangement setting 6
Bootstrap[22]: Time 0.439970 seconds, bootstrap likelihood -10734.331487, best rearrangement setting 5
Bootstrap[23]: Time 0.508335 seconds, bootstrap likelihood -10696.741498, best rearrangement setting 7
Bootstrap[24]: Time 0.556295 seconds, bootstrap likelihood -10789.940578, best rearrangement setting 8
Bootstrap[25]: Time 0.534367 seconds, bootstrap likelihood -10563.395244, best rearrangement setting 6
Bootstrap[26]: Time 0.733624 seconds, bootstrap likelihood -10698.992141, best rearrangement setting 12
Bootstrap[27]: Time 0.656931 seconds, bootstrap likelihood -10683.715082, best rearrangement setting 10
Bootstrap[28]: Time 0.745487 seconds, bootstrap likelihood -10815.911701, best rearrangement setting 11
Bootstrap[29]: Time 0.779170 seconds, bootstrap likelihood -10679.341706, best rearrangement setting 12
Bootstrap[30]: Time 1.635940 seconds, bootstrap likelihood -10687.883314, best rearrangement setting 15
Bootstrap[31]: Time 0.954793 seconds, bootstrap likelihood -10731.657703, best rearrangement setting 15
Bootstrap[32]: Time 0.599017 seconds, bootstrap likelihood -10690.073371, best rearrangement setting 6
Bootstrap[33]: Time 0.979878 seconds, bootstrap likelihood -10705.329257, best rearrangement setting 15
Bootstrap[34]: Time 0.849161 seconds, bootstrap likelihood -10717.596905, best rearrangement setting 11
Bootstrap[35]: Time 0.787205 seconds, bootstrap likelihood -10723.660318, best rearrangement setting 8
Bootstrap[36]: Time 0.776563 seconds, bootstrap likelihood -10709.147292, best rearrangement setting 9
Bootstrap[37]: Time 0.869085 seconds, bootstrap likelihood -10759.573056, best rearrangement setting 11
Bootstrap[38]: Time 0.777719 seconds, bootstrap likelihood -10811.693102, best rearrangement setting 8
Bootstrap[39]: Time 0.854999 seconds, bootstrap likelihood -10723.479597, best rearrangement setting 13
Bootstrap[40]: Time 1.695666 seconds, bootstrap likelihood -10651.630439, best rearrangement setting 13
Bootstrap[41]: Time 0.828692 seconds, bootstrap likelihood -10697.797362, best rearrangement setting 10
Bootstrap[42]: Time 0.617686 seconds, bootstrap likelihood -10835.104228, best rearrangement setting 5
Bootstrap[43]: Time 0.927533 seconds, bootstrap likelihood -10680.435914, best rearrangement setting 14
Bootstrap[44]: Time 0.869639 seconds, bootstrap likelihood -10738.478896, best rearrangement setting 10
Bootstrap[45]: Time 0.879955 seconds, bootstrap likelihood -10699.123826, best rearrangement setting 15
Bootstrap[46]: Time 0.810113 seconds, bootstrap likelihood -10826.977549, best rearrangement setting 14
Bootstrap[47]: Time 0.726769 seconds, bootstrap likelihood -10662.624628, best rearrangement setting 8
Bootstrap[48]: Time 0.713778 seconds, bootstrap likelihood -10762.846986, best rearrangement setting 6
Bootstrap[49]: Time 0.801619 seconds, bootstrap likelihood -10704.103450, best rearrangement setting 7
Bootstrap[50]: Time 1.174460 seconds, bootstrap likelihood -10666.988394, best rearrangement setting 7
Bootstrap[51]: Time 0.753666 seconds, bootstrap likelihood -10670.910317, best rearrangement setting 11
Bootstrap[52]: Time 0.805321 seconds, bootstrap likelihood -10638.432343, best rearrangement setting 12
Bootstrap[53]: Time 0.585320 seconds, bootstrap likelihood -10742.507801, best rearrangement setting 8
Bootstrap[54]: Time 0.657688 seconds, bootstrap likelihood -10774.842028, best rearrangement setting 9
Bootstrap[55]: Time 0.707260 seconds, bootstrap likelihood -10830.427402, best rearrangement setting 11
Bootstrap[56]: Time 0.455746 seconds, bootstrap likelihood -10642.361590, best rearrangement setting 5
Bootstrap[57]: Time 0.517042 seconds, bootstrap likelihood -10661.181568, best rearrangement setting 7
Bootstrap[58]: Time 0.732648 seconds, bootstrap likelihood -10698.995794, best rearrangement setting 10
Bootstrap[59]: Time 0.651251 seconds, bootstrap likelihood -10864.758160, best rearrangement setting 9
Bootstrap[60]: Time 1.169660 seconds, bootstrap likelihood -10598.857903, best rearrangement setting 7
Bootstrap[61]: Time 0.397440 seconds, bootstrap likelihood -10789.423706, best rearrangement setting 5
Bootstrap[62]: Time 0.757478 seconds, bootstrap likelihood -10720.893268, best rearrangement setting 11
Bootstrap[63]: Time 0.976916 seconds, bootstrap likelihood -10673.154498, best rearrangement setting 12
Bootstrap[64]: Time 0.547521 seconds, bootstrap likelihood -10713.442686, best rearrangement setting 7
Bootstrap[65]: Time 0.560001 seconds, bootstrap likelihood -10731.433411, best rearrangement setting 5
Bootstrap[66]: Time 0.445983 seconds, bootstrap likelihood -10755.271218, best rearrangement setting 5
Bootstrap[67]: Time 0.778919 seconds, bootstrap likelihood -10759.660532, best rearrangement setting 15
Bootstrap[68]: Time 0.789406 seconds, bootstrap likelihood -10825.094512, best rearrangement setting 11
Bootstrap[69]: Time 0.462426 seconds, bootstrap likelihood -10592.203684, best rearrangement setting 5
Bootstrap[70]: Time 1.223705 seconds, bootstrap likelihood -10782.767155, best rearrangement setting 8
Bootstrap[71]: Time 0.833316 seconds, bootstrap likelihood -10777.431910, best rearrangement setting 10
Bootstrap[72]: Time 0.782361 seconds, bootstrap likelihood -10769.722483, best rearrangement setting 11
Bootstrap[73]: Time 0.691778 seconds, bootstrap likelihood -10812.845263, best rearrangement setting 9
Bootstrap[74]: Time 0.622105 seconds, bootstrap likelihood -10781.350954, best rearrangement setting 5
Bootstrap[75]: Time 0.769209 seconds, bootstrap likelihood -10688.468615, best rearrangement setting 8
Bootstrap[76]: Time 0.907678 seconds, bootstrap likelihood -10793.781203, best rearrangement setting 9
Bootstrap[77]: Time 0.898969 seconds, bootstrap likelihood -10653.452984, best rearrangement setting 11
Bootstrap[78]: Time 1.008890 seconds, bootstrap likelihood -10707.777318, best rearrangement setting 15
Bootstrap[79]: Time 0.658804 seconds, bootstrap likelihood -10715.916905, best rearrangement setting 9
Bootstrap[80]: Time 1.849555 seconds, bootstrap likelihood -10627.759873, best rearrangement setting 15
Bootstrap[81]: Time 0.669519 seconds, bootstrap likelihood -10738.844229, best rearrangement setting 7
Bootstrap[82]: Time 0.611364 seconds, bootstrap likelihood -10747.573205, best rearrangement setting 6
Bootstrap[83]: Time 0.902255 seconds, bootstrap likelihood -10759.117334, best rearrangement setting 10
Bootstrap[84]: Time 0.730837 seconds, bootstrap likelihood -10637.826847, best rearrangement setting 11
Bootstrap[85]: Time 0.640312 seconds, bootstrap likelihood -10633.376471, best rearrangement setting 8
Bootstrap[86]: Time 0.692547 seconds, bootstrap likelihood -10727.273917, best rearrangement setting 7
Bootstrap[87]: Time 0.645762 seconds, bootstrap likelihood -10796.820636, best rearrangement setting 7
Bootstrap[88]: Time 0.829851 seconds, bootstrap likelihood -10659.480882, best rearrangement setting 12
Bootstrap[89]: Time 0.787073 seconds, bootstrap likelihood -10667.569582, best rearrangement setting 10
Bootstrap[90]: Time 0.555312 seconds, bootstrap likelihood -10578.770498, best rearrangement setting 8
Bootstrap[91]: Time 1.441088 seconds, bootstrap likelihood -10593.533842, best rearrangement setting 12
Bootstrap[92]: Time 0.895317 seconds, bootstrap likelihood -10794.660469, best rearrangement setting 13
Bootstrap[93]: Time 1.000235 seconds, bootstrap likelihood -10715.339122, best rearrangement setting 15
Bootstrap[94]: Time 0.493350 seconds, bootstrap likelihood -10800.671395, best rearrangement setting 5
Bootstrap[95]: Time 0.432875 seconds, bootstrap likelihood -10714.488980, best rearrangement setting 5
Bootstrap[96]: Time 0.783669 seconds, bootstrap likelihood -10652.013002, best rearrangement setting 13
Bootstrap[97]: Time 0.787804 seconds, bootstrap likelihood -10735.369428, best rearrangement setting 11
Bootstrap[98]: Time 0.558444 seconds, bootstrap likelihood -10763.141488, best rearrangement setting 6
Bootstrap[99]: Time 1.066286 seconds, bootstrap likelihood -10747.281215, best rearrangement setting 14


Overall Time for 100 Rapid Bootstraps 78.763177 seconds
Average Time per Rapid Bootstrap 0.787632 seconds

Starting ML Search ...

Fast ML optimization finished

Fast ML search Time: 29.736979 seconds

Slow ML Search 0 Likelihood: -11179.700461
Slow ML Search 1 Likelihood: -11179.700461
Slow ML Search 2 Likelihood: -11179.700461
Slow ML Search 3 Likelihood: -11179.700461
Slow ML Search 4 Likelihood: -11179.700461
Slow ML Search 5 Likelihood: -11179.700461
Slow ML Search 6 Likelihood: -11179.700461
Slow ML Search 7 Likelihood: -11179.700461
Slow ML Search 8 Likelihood: -11179.700461
Slow ML Search 9 Likelihood: -11179.700461
Slow ML optimization finished

Slow ML search Time: 21.221944 seconds
Thorough ML search Time: 1.930780 seconds

Final ML Optimization Likelihood: -11179.700328

Model Information:

Model Parameters of Partition 0, Name: No Name Provided, Type of Data: AA
alpha: 0.020000
Tree-Length: 0.150601
rate A <-> R: 0.603538
rate A <-> N: 0.561915
rate A <-> D: 0.842872
rate A <-> C: 0.582726
rate A <-> Q: 0.593132
rate A <-> E: 1.092612
rate A <-> G: 1.862643
rate A <-> H: 0.280957
rate A <-> I: 0.374610
rate A <-> L: 0.312175
rate A <-> K: 0.364204
rate A <-> M: 0.561915
rate A <-> F: 0.156087
rate A <-> P: 2.018730
rate A <-> S: 3.933403
rate A <-> T: 4.942768
rate A <-> W: 0.093652
rate A <-> Y: 0.114464
rate A <-> V: 3.100937
rate R <-> N: 0.468262
rate R <-> D: 0.166493
rate R <-> C: 1.175858
rate R <-> Q: 3.225806
rate R <-> E: 0.301769
rate R <-> G: 1.425598
rate R <-> H: 3.413111
rate R <-> I: 0.228928
rate R <-> L: 0.395421
rate R <-> K: 6.722164
rate R <-> M: 0.457856
rate R <-> F: 0.052029
rate R <-> P: 0.770031
rate R <-> S: 1.050989
rate R <-> T: 0.665973
rate R <-> W: 1.311134
rate R <-> Y: 0.208117
rate R <-> V: 0.176899
rate N <-> D: 5.494277
rate N <-> C: 0.353798
rate N <-> Q: 0.894901
rate N <-> E: 0.603538
rate N <-> G: 0.842872
rate N <-> H: 4.068678
rate N <-> I: 0.489074
rate N <-> L: 0.124870
rate N <-> K: 2.736733
rate N <-> M: 0.312175
rate N <-> F: 0.104058
rate N <-> P: 0.156087
rate N <-> S: 5.234131
rate N <-> T: 2.414152
rate N <-> W: 0.083247
rate N <-> Y: 0.728408
rate N <-> V: 0.166493
rate D <-> C: 0.104058
rate D <-> Q: 0.509886
rate D <-> E: 7.981270
rate D <-> G: 1.352758
rate D <-> H: 1.165453
rate D <-> I: 0.114464
rate D <-> L: 0.072841
rate D <-> K: 0.270552
rate D <-> M: 0.156087
rate D <-> F: 0.041623
rate D <-> P: 0.156087
rate D <-> S: 0.613944
rate D <-> T: 0.395421
rate D <-> W: 0.041623
rate D <-> Y: 0.478668
rate D <-> V: 0.322581
rate C <-> Q: 0.093652
rate C <-> E: 0.052029
rate C <-> G: 0.613944
rate C <-> H: 0.718002
rate C <-> I: 0.176899
rate C <-> L: 0.239334
rate C <-> K: 0.072841
rate C <-> M: 0.322581
rate C <-> F: 0.811655
rate C <-> P: 0.145682
rate C <-> S: 2.320499
rate C <-> T: 0.437045
rate C <-> W: 1.196670
rate C <-> Y: 2.174818
rate C <-> V: 0.645161
rate Q <-> E: 3.361082
rate Q <-> G: 0.270552
rate Q <-> H: 6.212279
rate Q <-> I: 0.093652
rate Q <-> L: 0.749220
rate Q <-> K: 3.038502
rate Q <-> M: 0.447451
rate Q <-> F: 0.041623
rate Q <-> P: 1.706556
rate Q <-> S: 0.551509
rate Q <-> T: 0.530697
rate Q <-> W: 0.187305
rate Q <-> Y: 0.249740
rate Q <-> V: 0.208117
rate E <-> G: 1.238293
rate E <-> H: 0.270552
rate E <-> I: 0.124870
rate E <-> L: 0.093652
rate E <-> K: 1.883455
rate E <-> M: 0.187305
rate E <-> F: 0.052029
rate E <-> P: 0.187305
rate E <-> S: 0.312175
rate E <-> T: 0.332986
rate E <-> W: 0.104058
rate E <-> Y: 0.072841
rate E <-> V: 0.468262
rate G <-> H: 0.239334
rate G <-> I: 0.062435
rate G <-> L: 0.062435
rate G <-> K: 0.280957
rate G <-> M: 0.145682
rate G <-> F: 0.052029
rate G <-> P: 0.249740
rate G <-> S: 2.091571
rate G <-> T: 0.343392
rate G <-> W: 0.572320
rate G <-> Y: 0.083247
rate G <-> V: 0.489074
rate H <-> I: 0.166493
rate H <-> L: 0.582726
rate H <-> K: 0.468262
rate H <-> M: 0.343392
rate H <-> F: 0.416233
rate H <-> P: 1.196670
rate H <-> S: 0.759625
rate H <-> T: 0.478668
rate H <-> W: 0.083247
rate H <-> Y: 5.962539
rate H <-> V: 0.114464
rate I <-> L: 2.382934
rate I <-> K: 0.218522
rate I <-> M: 4.984391
rate I <-> F: 0.926119
rate I <-> P: 0.104058
rate I <-> S: 0.416233
rate I <-> T: 2.549428
rate I <-> W: 0.093652
rate I <-> Y: 0.332986
rate I <-> V: 10.000000
rate L <-> K: 0.145682
rate L <-> M: 4.037461
rate L <-> F: 2.580645
rate L <-> P: 1.061394
rate L <-> S: 0.613944
rate L <-> T: 0.260146
rate L <-> W: 0.541103
rate L <-> Y: 0.249740
rate L <-> V: 1.873049
rate K <-> M: 0.676379
rate K <-> F: 0.041623
rate K <-> P: 0.218522
rate K <-> S: 0.489074
rate K <-> T: 1.071800
rate K <-> W: 0.104058
rate K <-> Y: 0.083247
rate K <-> V: 0.145682
rate M <-> F: 0.447451
rate M <-> P: 0.166493
rate M <-> S: 0.301769
rate M <-> T: 2.351717
rate M <-> W: 0.249740
rate M <-> Y: 0.187305
rate M <-> V: 3.361082
rate F <-> P: 0.176899
rate F <-> S: 0.957336
rate F <-> T: 0.124870
rate F <-> W: 0.551509
rate F <-> Y: 5.577523
rate F <-> V: 0.645161
rate P <-> S: 2.965661
rate P <-> T: 1.227888
rate P <-> W: 0.062435
rate P <-> Y: 0.104058
rate P <-> V: 0.239334
rate S <-> T: 4.963580
rate S <-> W: 0.364204
rate S <-> Y: 0.655567
rate S <-> V: 0.395421
rate T <-> W: 0.124870
rate T <-> Y: 0.218522
rate T <-> V: 1.165453
rate W <-> Y: 0.738814
rate W <-> V: 0.260146
rate Y <-> V: 0.166493

freq pi(A): 0.076748
freq pi(R): 0.051691
freq pi(N): 0.042645
freq pi(D): 0.051544
freq pi(C): 0.019803
freq pi(Q): 0.040752
freq pi(E): 0.061830
freq pi(G): 0.073152
freq pi(H): 0.022944
freq pi(I): 0.053761
freq pi(L): 0.091904
freq pi(K): 0.058676
freq pi(M): 0.023826
freq pi(F): 0.040126
freq pi(P): 0.050901
freq pi(S): 0.068765
freq pi(T): 0.058565
freq pi(W): 0.014261
freq pi(Y): 0.032102
freq pi(V): 0.066004


ML search took 52.914636 secs or 0.014699 hours

Combined Bootstrap and ML search took 131.677980 secs or 0.036577 hours

Drawing Bootstrap Support Values on best-scoring ML tree ...



Found 1 tree in File /Users/prigozhin/Dropbox/NLRomes/Soy_NLRome/RAxML_tree_pbNB-ARC/Clade_Refinement_1/RAxML_bestTree.Int12963_295_406_R_28.Raxml.out



Found 1 tree in File /Users/prigozhin/Dropbox/NLRomes/Soy_NLRome/RAxML_tree_pbNB-ARC/Clade_Refinement_1/RAxML_bestTree.Int12963_295_406_R_28.Raxml.out

Program execution info written to /Users/prigozhin/Dropbox/NLRomes/Soy_NLRome/RAxML_tree_pbNB-ARC/Clade_Refinement_1/RAxML_info.Int12963_295_406_R_28.Raxml.out
All 100 bootstrapped trees written to: /Users/prigozhin/Dropbox/NLRomes/Soy_NLRome/RAxML_tree_pbNB-ARC/Clade_Refinement_1/RAxML_bootstrap.Int12963_295_406_R_28.Raxml.out

Best-scoring ML tree written to: /Users/prigozhin/Dropbox/NLRomes/Soy_NLRome/RAxML_tree_pbNB-ARC/Clade_Refinement_1/RAxML_bestTree.Int12963_295_406_R_28.Raxml.out

Best-scoring ML tree with support values written to: /Users/prigozhin/Dropbox/NLRomes/Soy_NLRome/RAxML_tree_pbNB-ARC/Clade_Refinement_1/RAxML_bipartitions.Int12963_295_406_R_28.Raxml.out

Best-scoring ML tree with support values as branch labels written to: /Users/prigozhin/Dropbox/NLRomes/Soy_NLRome/RAxML_tree_pbNB-ARC/Clade_Refinement_1/RAxML_bipartitionsBranchLabels.Int12963_295_406_R_28.Raxml.out

Overall execution time for full ML analysis: 131.687332 secs or 0.036580 hours or 0.001524 days

