

IMPORTANT WARNING: Sequences GWHPACEI001706 and GWHPACEJ001717 are exactly identical


IMPORTANT WARNING: Sequences GWHPACEI001706 and GWHPACEF001712 are exactly identical


IMPORTANT WARNING: Sequences GWHPACEI001706 and GWHPACDY001698 are exactly identical


IMPORTANT WARNING: Sequences GWHPACEI001706 and GWHPACES001700 are exactly identical


IMPORTANT WARNING: Sequences GWHPACEI001706 and GWHPACET001709 are exactly identical


IMPORTANT WARNING: Sequences GWHPACEI001706 and GWHPACEC001690 are exactly identical


IMPORTANT WARNING: Sequences GWHPACEI001706 and W05_GLYSO_01G001163_1_P are exactly identical


IMPORTANT WARNING: Sequences GWHPACEI001706 and GWHPACDZ001674 are exactly identical


IMPORTANT WARNING: Sequences GWHPACEI001706 and GWHPACED001715 are exactly identical


IMPORTANT WARNING: Sequences GWHPACEI001706 and GWHPACEX001691 are exactly identical


IMPORTANT WARNING: Sequences GWHPACEI001706 and GWHPACEP001657 are exactly identical


IMPORTANT WARNING: Sequences GWHPACEI001706 and GWHPACEV001602 are exactly identical


IMPORTANT WARNING: Sequences GWHPACEG001684 and GWHPACEW001710 are exactly identical


IMPORTANT WARNING: Sequences GWHPACEG001684 and GLYMA_01G112200_1 are exactly identical


IMPORTANT WARNING: Sequences GWHPACEG001684 and GWHPACEN001632 are exactly identical

IMPORTANT WARNING
Found 15 sequences that are exactly identical to other sequences in the alignment.
Normally they should be excluded from the analysis.

Just in case you might need it, an alignment file with 
sequence duplicates removed is printed to file ../../RAxML_tree_pbNB-ARC/Clade_Refinement_1/Int11293_117_211_R_21.afa.reduced


This is RAxML version 8.2.12 released by Alexandros Stamatakis on May 2018.

With greatly appreciated code contributions by:
Andre Aberer      (HITS)
Simon Berger      (HITS)
Alexey Kozlov     (HITS)
Kassian Kobert    (HITS)
David Dao         (KIT and HITS)
Sarah Lutteropp   (KIT and HITS)
Nick Pattengale   (Sandia)
Wayne Pfeiffer    (SDSC)
Akifumi S. Tanabe (NRIFS)
Charlie Taylor    (UF)


Alignment has 106 distinct alignment patterns

Proportion of gaps and completely undetermined characters in this alignment: 7.21%

RAxML rapid bootstrapping and subsequent ML search

Using 1 distinct models/data partitions with joint branch length optimization



Executing 100 rapid bootstrap inferences and thereafter a thorough ML search 

All free model parameters will be estimated by RAxML
ML estimate of 25 per site rate categories

Likelihood of final tree will be evaluated and optimized under GAMMA

GAMMA Model parameters will be estimated up to an accuracy of 0.1000000000 Log Likelihood units

Partition: 0
Alignment Patterns: 106
Name: No Name Provided
DataType: AA
Substitution Matrix: JTT
Using fixed base frequencies




RAxML was called as follows:

/Users/prigozhin/Installers/standard-RAxML/raxmlHPC-PTHREADS-AVX -T 4 -n Int11293_117_211_R_21.Raxml.out -f a -x 12345 -p 12345 -# 100 -m PROTCATJTT -s ../../RAxML_tree_pbNB-ARC/Clade_Refinement_1/Int11293_117_211_R_21.afa 



Time for BS model parameter optimization 0.643151
Bootstrap[0]: Time 0.910130 seconds, bootstrap likelihood -3830.856007, best rearrangement setting 13
Bootstrap[1]: Time 0.333374 seconds, bootstrap likelihood -3852.018538, best rearrangement setting 13
Bootstrap[2]: Time 0.253556 seconds, bootstrap likelihood -3865.624892, best rearrangement setting 12
Bootstrap[3]: Time 0.394003 seconds, bootstrap likelihood -3840.430341, best rearrangement setting 15
Bootstrap[4]: Time 0.326796 seconds, bootstrap likelihood -3826.296942, best rearrangement setting 10
Bootstrap[5]: Time 0.270518 seconds, bootstrap likelihood -3911.387842, best rearrangement setting 10
Bootstrap[6]: Time 0.202507 seconds, bootstrap likelihood -3840.996905, best rearrangement setting 6
Bootstrap[7]: Time 0.302599 seconds, bootstrap likelihood -3848.107541, best rearrangement setting 14
Bootstrap[8]: Time 0.187953 seconds, bootstrap likelihood -3858.441563, best rearrangement setting 5
Bootstrap[9]: Time 0.244714 seconds, bootstrap likelihood -3849.778254, best rearrangement setting 7
Bootstrap[10]: Time 0.232524 seconds, bootstrap likelihood -3820.484810, best rearrangement setting 7
Bootstrap[11]: Time 0.150122 seconds, bootstrap likelihood -3848.863432, best rearrangement setting 5
Bootstrap[12]: Time 0.302680 seconds, bootstrap likelihood -3819.563657, best rearrangement setting 8
Bootstrap[13]: Time 0.203359 seconds, bootstrap likelihood -3850.515571, best rearrangement setting 7
Bootstrap[14]: Time 0.279897 seconds, bootstrap likelihood -3845.527494, best rearrangement setting 12
Bootstrap[15]: Time 0.339940 seconds, bootstrap likelihood -3867.719318, best rearrangement setting 15
Bootstrap[16]: Time 0.344310 seconds, bootstrap likelihood -3822.716538, best rearrangement setting 12
Bootstrap[17]: Time 0.317687 seconds, bootstrap likelihood -3849.926057, best rearrangement setting 12
Bootstrap[18]: Time 0.177677 seconds, bootstrap likelihood -3862.413299, best rearrangement setting 5
Bootstrap[19]: Time 0.264431 seconds, bootstrap likelihood -3853.357340, best rearrangement setting 8
Bootstrap[20]: Time 0.293195 seconds, bootstrap likelihood -3819.452690, best rearrangement setting 10
Bootstrap[21]: Time 0.196729 seconds, bootstrap likelihood -3841.290345, best rearrangement setting 6
Bootstrap[22]: Time 0.176699 seconds, bootstrap likelihood -3867.796605, best rearrangement setting 5
Bootstrap[23]: Time 0.271927 seconds, bootstrap likelihood -3863.267511, best rearrangement setting 7
Bootstrap[24]: Time 0.297578 seconds, bootstrap likelihood -3843.499545, best rearrangement setting 8
Bootstrap[25]: Time 0.184771 seconds, bootstrap likelihood -3829.981734, best rearrangement setting 6
Bootstrap[26]: Time 0.272564 seconds, bootstrap likelihood -3882.957268, best rearrangement setting 12
Bootstrap[27]: Time 0.304925 seconds, bootstrap likelihood -3868.610193, best rearrangement setting 10
Bootstrap[28]: Time 0.260681 seconds, bootstrap likelihood -3848.986363, best rearrangement setting 11
Bootstrap[29]: Time 0.322497 seconds, bootstrap likelihood -3833.817099, best rearrangement setting 12
Bootstrap[30]: Time 0.352154 seconds, bootstrap likelihood -3889.609480, best rearrangement setting 15
Bootstrap[31]: Time 0.303970 seconds, bootstrap likelihood -3855.429999, best rearrangement setting 15
Bootstrap[32]: Time 0.219138 seconds, bootstrap likelihood -3838.659796, best rearrangement setting 6
Bootstrap[33]: Time 0.276259 seconds, bootstrap likelihood -3860.911791, best rearrangement setting 15
Bootstrap[34]: Time 0.271302 seconds, bootstrap likelihood -3838.018924, best rearrangement setting 11
Bootstrap[35]: Time 0.292528 seconds, bootstrap likelihood -3865.042245, best rearrangement setting 8
Bootstrap[36]: Time 0.290270 seconds, bootstrap likelihood -3836.553884, best rearrangement setting 9
Bootstrap[37]: Time 0.337391 seconds, bootstrap likelihood -3832.297787, best rearrangement setting 11
Bootstrap[38]: Time 0.287395 seconds, bootstrap likelihood -3837.961074, best rearrangement setting 8
Bootstrap[39]: Time 0.339325 seconds, bootstrap likelihood -3845.523180, best rearrangement setting 13
Bootstrap[40]: Time 0.344041 seconds, bootstrap likelihood -3820.613104, best rearrangement setting 13
Bootstrap[41]: Time 0.277057 seconds, bootstrap likelihood -3836.765783, best rearrangement setting 10
Bootstrap[42]: Time 0.183918 seconds, bootstrap likelihood -3861.793944, best rearrangement setting 5
Bootstrap[43]: Time 0.332805 seconds, bootstrap likelihood -3844.374836, best rearrangement setting 14
Bootstrap[44]: Time 0.255149 seconds, bootstrap likelihood -3865.121314, best rearrangement setting 10
Bootstrap[45]: Time 0.326421 seconds, bootstrap likelihood -3875.718960, best rearrangement setting 15
Bootstrap[46]: Time 0.327997 seconds, bootstrap likelihood -3815.741937, best rearrangement setting 14
Bootstrap[47]: Time 0.268496 seconds, bootstrap likelihood -3829.756475, best rearrangement setting 8
Bootstrap[48]: Time 0.207606 seconds, bootstrap likelihood -3807.094556, best rearrangement setting 6
Bootstrap[49]: Time 0.308752 seconds, bootstrap likelihood -3883.796885, best rearrangement setting 7
Bootstrap[50]: Time 0.224089 seconds, bootstrap likelihood -3876.861134, best rearrangement setting 7
Bootstrap[51]: Time 0.261354 seconds, bootstrap likelihood -3857.022162, best rearrangement setting 11
Bootstrap[52]: Time 0.276468 seconds, bootstrap likelihood -3853.983349, best rearrangement setting 12
Bootstrap[53]: Time 0.238281 seconds, bootstrap likelihood -3853.140161, best rearrangement setting 8
Bootstrap[54]: Time 0.293444 seconds, bootstrap likelihood -3836.360066, best rearrangement setting 9
Bootstrap[55]: Time 0.332082 seconds, bootstrap likelihood -3894.607007, best rearrangement setting 11
Bootstrap[56]: Time 0.166812 seconds, bootstrap likelihood -3848.815282, best rearrangement setting 5
Bootstrap[57]: Time 0.213885 seconds, bootstrap likelihood -3831.345475, best rearrangement setting 7
Bootstrap[58]: Time 0.300591 seconds, bootstrap likelihood -3873.182726, best rearrangement setting 10
Bootstrap[59]: Time 0.238734 seconds, bootstrap likelihood -3874.112105, best rearrangement setting 9
Bootstrap[60]: Time 0.250486 seconds, bootstrap likelihood -3852.683327, best rearrangement setting 7
Bootstrap[61]: Time 0.180400 seconds, bootstrap likelihood -3866.925293, best rearrangement setting 5
Bootstrap[62]: Time 0.262373 seconds, bootstrap likelihood -3854.530825, best rearrangement setting 11
Bootstrap[63]: Time 0.269095 seconds, bootstrap likelihood -3879.768231, best rearrangement setting 12
Bootstrap[64]: Time 0.218920 seconds, bootstrap likelihood -3844.508096, best rearrangement setting 7
Bootstrap[65]: Time 0.170368 seconds, bootstrap likelihood -3828.233438, best rearrangement setting 5
Bootstrap[66]: Time 0.189278 seconds, bootstrap likelihood -3819.553162, best rearrangement setting 5
Bootstrap[67]: Time 0.257564 seconds, bootstrap likelihood -3885.410159, best rearrangement setting 15
Bootstrap[68]: Time 0.243049 seconds, bootstrap likelihood -3842.242287, best rearrangement setting 11
Bootstrap[69]: Time 0.165288 seconds, bootstrap likelihood -3850.004533, best rearrangement setting 5
Bootstrap[70]: Time 0.220906 seconds, bootstrap likelihood -3812.623263, best rearrangement setting 8
Bootstrap[71]: Time 0.326124 seconds, bootstrap likelihood -3864.030815, best rearrangement setting 10
Bootstrap[72]: Time 0.330908 seconds, bootstrap likelihood -3840.510845, best rearrangement setting 11
Bootstrap[73]: Time 0.261295 seconds, bootstrap likelihood -3861.898333, best rearrangement setting 9
Bootstrap[74]: Time 0.157496 seconds, bootstrap likelihood -3830.017276, best rearrangement setting 5
Bootstrap[75]: Time 0.229118 seconds, bootstrap likelihood -3881.573283, best rearrangement setting 8
Bootstrap[76]: Time 0.294533 seconds, bootstrap likelihood -3858.561151, best rearrangement setting 9
Bootstrap[77]: Time 0.309771 seconds, bootstrap likelihood -3796.410191, best rearrangement setting 11
Bootstrap[78]: Time 0.272194 seconds, bootstrap likelihood -3884.086780, best rearrangement setting 15
Bootstrap[79]: Time 0.234993 seconds, bootstrap likelihood -3905.489961, best rearrangement setting 9
Bootstrap[80]: Time 0.277164 seconds, bootstrap likelihood -3841.929527, best rearrangement setting 15
Bootstrap[81]: Time 0.206801 seconds, bootstrap likelihood -3829.951463, best rearrangement setting 7
Bootstrap[82]: Time 0.188162 seconds, bootstrap likelihood -3864.901163, best rearrangement setting 6
Bootstrap[83]: Time 0.253940 seconds, bootstrap likelihood -3869.330282, best rearrangement setting 10
Bootstrap[84]: Time 0.280445 seconds, bootstrap likelihood -3850.465003, best rearrangement setting 11
Bootstrap[85]: Time 0.276754 seconds, bootstrap likelihood -3834.327556, best rearrangement setting 8
Bootstrap[86]: Time 0.216227 seconds, bootstrap likelihood -3875.629649, best rearrangement setting 7
Bootstrap[87]: Time 0.233417 seconds, bootstrap likelihood -3878.789267, best rearrangement setting 7
Bootstrap[88]: Time 0.340744 seconds, bootstrap likelihood -3851.328436, best rearrangement setting 12
Bootstrap[89]: Time 0.276440 seconds, bootstrap likelihood -3883.942189, best rearrangement setting 10
Bootstrap[90]: Time 0.256232 seconds, bootstrap likelihood -3798.967822, best rearrangement setting 8
Bootstrap[91]: Time 0.321622 seconds, bootstrap likelihood -3842.607793, best rearrangement setting 12
Bootstrap[92]: Time 0.334714 seconds, bootstrap likelihood -3816.371406, best rearrangement setting 13
Bootstrap[93]: Time 0.329815 seconds, bootstrap likelihood -3867.948894, best rearrangement setting 15
Bootstrap[94]: Time 0.151352 seconds, bootstrap likelihood -3862.132670, best rearrangement setting 5
Bootstrap[95]: Time 0.162962 seconds, bootstrap likelihood -3874.946556, best rearrangement setting 5
Bootstrap[96]: Time 0.343756 seconds, bootstrap likelihood -3849.484434, best rearrangement setting 13
Bootstrap[97]: Time 0.268820 seconds, bootstrap likelihood -3821.677762, best rearrangement setting 11
Bootstrap[98]: Time 0.177397 seconds, bootstrap likelihood -3850.530518, best rearrangement setting 6
Bootstrap[99]: Time 0.267886 seconds, bootstrap likelihood -3864.580516, best rearrangement setting 14


Overall Time for 100 Rapid Bootstraps 27.026630 seconds
Average Time per Rapid Bootstrap 0.270266 seconds

Starting ML Search ...

Fast ML optimization finished

Fast ML search Time: 12.736536 seconds

Slow ML Search 0 Likelihood: -3932.109294
Slow ML Search 1 Likelihood: -3932.109294
Slow ML Search 2 Likelihood: -3932.109294
Slow ML Search 3 Likelihood: -3932.109294
Slow ML Search 4 Likelihood: -3932.109294
Slow ML Search 5 Likelihood: -3932.109294
Slow ML Search 6 Likelihood: -3932.109294
Slow ML Search 7 Likelihood: -3932.109294
Slow ML Search 8 Likelihood: -3932.109294
Slow ML Search 9 Likelihood: -3932.109294
Slow ML optimization finished

Slow ML search Time: 4.789735 seconds
Thorough ML search Time: 0.420253 seconds

Final ML Optimization Likelihood: -3932.109297

Model Information:

Model Parameters of Partition 0, Name: No Name Provided, Type of Data: AA
alpha: 0.020000
Tree-Length: 0.011865
rate A <-> R: 0.603538
rate A <-> N: 0.561915
rate A <-> D: 0.842872
rate A <-> C: 0.582726
rate A <-> Q: 0.593132
rate A <-> E: 1.092612
rate A <-> G: 1.862643
rate A <-> H: 0.280957
rate A <-> I: 0.374610
rate A <-> L: 0.312175
rate A <-> K: 0.364204
rate A <-> M: 0.561915
rate A <-> F: 0.156087
rate A <-> P: 2.018730
rate A <-> S: 3.933403
rate A <-> T: 4.942768
rate A <-> W: 0.093652
rate A <-> Y: 0.114464
rate A <-> V: 3.100937
rate R <-> N: 0.468262
rate R <-> D: 0.166493
rate R <-> C: 1.175858
rate R <-> Q: 3.225806
rate R <-> E: 0.301769
rate R <-> G: 1.425598
rate R <-> H: 3.413111
rate R <-> I: 0.228928
rate R <-> L: 0.395421
rate R <-> K: 6.722164
rate R <-> M: 0.457856
rate R <-> F: 0.052029
rate R <-> P: 0.770031
rate R <-> S: 1.050989
rate R <-> T: 0.665973
rate R <-> W: 1.311134
rate R <-> Y: 0.208117
rate R <-> V: 0.176899
rate N <-> D: 5.494277
rate N <-> C: 0.353798
rate N <-> Q: 0.894901
rate N <-> E: 0.603538
rate N <-> G: 0.842872
rate N <-> H: 4.068678
rate N <-> I: 0.489074
rate N <-> L: 0.124870
rate N <-> K: 2.736733
rate N <-> M: 0.312175
rate N <-> F: 0.104058
rate N <-> P: 0.156087
rate N <-> S: 5.234131
rate N <-> T: 2.414152
rate N <-> W: 0.083247
rate N <-> Y: 0.728408
rate N <-> V: 0.166493
rate D <-> C: 0.104058
rate D <-> Q: 0.509886
rate D <-> E: 7.981270
rate D <-> G: 1.352758
rate D <-> H: 1.165453
rate D <-> I: 0.114464
rate D <-> L: 0.072841
rate D <-> K: 0.270552
rate D <-> M: 0.156087
rate D <-> F: 0.041623
rate D <-> P: 0.156087
rate D <-> S: 0.613944
rate D <-> T: 0.395421
rate D <-> W: 0.041623
rate D <-> Y: 0.478668
rate D <-> V: 0.322581
rate C <-> Q: 0.093652
rate C <-> E: 0.052029
rate C <-> G: 0.613944
rate C <-> H: 0.718002
rate C <-> I: 0.176899
rate C <-> L: 0.239334
rate C <-> K: 0.072841
rate C <-> M: 0.322581
rate C <-> F: 0.811655
rate C <-> P: 0.145682
rate C <-> S: 2.320499
rate C <-> T: 0.437045
rate C <-> W: 1.196670
rate C <-> Y: 2.174818
rate C <-> V: 0.645161
rate Q <-> E: 3.361082
rate Q <-> G: 0.270552
rate Q <-> H: 6.212279
rate Q <-> I: 0.093652
rate Q <-> L: 0.749220
rate Q <-> K: 3.038502
rate Q <-> M: 0.447451
rate Q <-> F: 0.041623
rate Q <-> P: 1.706556
rate Q <-> S: 0.551509
rate Q <-> T: 0.530697
rate Q <-> W: 0.187305
rate Q <-> Y: 0.249740
rate Q <-> V: 0.208117
rate E <-> G: 1.238293
rate E <-> H: 0.270552
rate E <-> I: 0.124870
rate E <-> L: 0.093652
rate E <-> K: 1.883455
rate E <-> M: 0.187305
rate E <-> F: 0.052029
rate E <-> P: 0.187305
rate E <-> S: 0.312175
rate E <-> T: 0.332986
rate E <-> W: 0.104058
rate E <-> Y: 0.072841
rate E <-> V: 0.468262
rate G <-> H: 0.239334
rate G <-> I: 0.062435
rate G <-> L: 0.062435
rate G <-> K: 0.280957
rate G <-> M: 0.145682
rate G <-> F: 0.052029
rate G <-> P: 0.249740
rate G <-> S: 2.091571
rate G <-> T: 0.343392
rate G <-> W: 0.572320
rate G <-> Y: 0.083247
rate G <-> V: 0.489074
rate H <-> I: 0.166493
rate H <-> L: 0.582726
rate H <-> K: 0.468262
rate H <-> M: 0.343392
rate H <-> F: 0.416233
rate H <-> P: 1.196670
rate H <-> S: 0.759625
rate H <-> T: 0.478668
rate H <-> W: 0.083247
rate H <-> Y: 5.962539
rate H <-> V: 0.114464
rate I <-> L: 2.382934
rate I <-> K: 0.218522
rate I <-> M: 4.984391
rate I <-> F: 0.926119
rate I <-> P: 0.104058
rate I <-> S: 0.416233
rate I <-> T: 2.549428
rate I <-> W: 0.093652
rate I <-> Y: 0.332986
rate I <-> V: 10.000000
rate L <-> K: 0.145682
rate L <-> M: 4.037461
rate L <-> F: 2.580645
rate L <-> P: 1.061394
rate L <-> S: 0.613944
rate L <-> T: 0.260146
rate L <-> W: 0.541103
rate L <-> Y: 0.249740
rate L <-> V: 1.873049
rate K <-> M: 0.676379
rate K <-> F: 0.041623
rate K <-> P: 0.218522
rate K <-> S: 0.489074
rate K <-> T: 1.071800
rate K <-> W: 0.104058
rate K <-> Y: 0.083247
rate K <-> V: 0.145682
rate M <-> F: 0.447451
rate M <-> P: 0.166493
rate M <-> S: 0.301769
rate M <-> T: 2.351717
rate M <-> W: 0.249740
rate M <-> Y: 0.187305
rate M <-> V: 3.361082
rate F <-> P: 0.176899
rate F <-> S: 0.957336
rate F <-> T: 0.124870
rate F <-> W: 0.551509
rate F <-> Y: 5.577523
rate F <-> V: 0.645161
rate P <-> S: 2.965661
rate P <-> T: 1.227888
rate P <-> W: 0.062435
rate P <-> Y: 0.104058
rate P <-> V: 0.239334
rate S <-> T: 4.963580
rate S <-> W: 0.364204
rate S <-> Y: 0.655567
rate S <-> V: 0.395421
rate T <-> W: 0.124870
rate T <-> Y: 0.218522
rate T <-> V: 1.165453
rate W <-> Y: 0.738814
rate W <-> V: 0.260146
rate Y <-> V: 0.166493

freq pi(A): 0.076748
freq pi(R): 0.051691
freq pi(N): 0.042645
freq pi(D): 0.051544
freq pi(C): 0.019803
freq pi(Q): 0.040752
freq pi(E): 0.061830
freq pi(G): 0.073152
freq pi(H): 0.022944
freq pi(I): 0.053761
freq pi(L): 0.091904
freq pi(K): 0.058676
freq pi(M): 0.023826
freq pi(F): 0.040126
freq pi(P): 0.050901
freq pi(S): 0.068765
freq pi(T): 0.058565
freq pi(W): 0.014261
freq pi(Y): 0.032102
freq pi(V): 0.066004


ML search took 17.972589 secs or 0.004992 hours

Combined Bootstrap and ML search took 44.999426 secs or 0.012500 hours

Drawing Bootstrap Support Values on best-scoring ML tree ...



Found 1 tree in File /Users/prigozhin/Dropbox/NLRomes/Soy_NLRome/RAxML_tree_pbNB-ARC/Clade_Refinement_1/RAxML_bestTree.Int11293_117_211_R_21.Raxml.out



Found 1 tree in File /Users/prigozhin/Dropbox/NLRomes/Soy_NLRome/RAxML_tree_pbNB-ARC/Clade_Refinement_1/RAxML_bestTree.Int11293_117_211_R_21.Raxml.out

Program execution info written to /Users/prigozhin/Dropbox/NLRomes/Soy_NLRome/RAxML_tree_pbNB-ARC/Clade_Refinement_1/RAxML_info.Int11293_117_211_R_21.Raxml.out
All 100 bootstrapped trees written to: /Users/prigozhin/Dropbox/NLRomes/Soy_NLRome/RAxML_tree_pbNB-ARC/Clade_Refinement_1/RAxML_bootstrap.Int11293_117_211_R_21.Raxml.out

Best-scoring ML tree written to: /Users/prigozhin/Dropbox/NLRomes/Soy_NLRome/RAxML_tree_pbNB-ARC/Clade_Refinement_1/RAxML_bestTree.Int11293_117_211_R_21.Raxml.out

Best-scoring ML tree with support values written to: /Users/prigozhin/Dropbox/NLRomes/Soy_NLRome/RAxML_tree_pbNB-ARC/Clade_Refinement_1/RAxML_bipartitions.Int11293_117_211_R_21.Raxml.out

Best-scoring ML tree with support values as branch labels written to: /Users/prigozhin/Dropbox/NLRomes/Soy_NLRome/RAxML_tree_pbNB-ARC/Clade_Refinement_1/RAxML_bipartitionsBranchLabels.Int11293_117_211_R_21.Raxml.out

Overall execution time for full ML analysis: 45.006113 secs or 0.012502 hours or 0.000521 days

