(GWHPACED048747,(GLYMA_12G239800_1,(GWHPACES051055,(GWHPACEQ047909,(GWHPACEP048067,(GWHPACEL048905,(GWHPACEU051341,(GWHPACEO051452,(W05_GLYSO_12G035356_1_P,(GWHPACEJ052698,(GLYMA_ZH13_12G215200_1_P,(GWHPACEX047625,(GWHPACEM051052,GWHPACDZ052572)))))))))))),GWHPACEI052794);
(GWHPACED048747,(GLYMA_12G239800_1,(GWHPACES051055,(GWHPACEQ047909,(GWHPACEP048067,(GWHPACEL048905,(GWHPACEU051341,(GWHPACEO051452,(W05_GLYSO_12G035356_1_P,(GWHPACEJ052698,(GLYMA_ZH13_12G215200_1_P,(GWHPACEX047625,(GWHPACEM051052,GWHPACDZ052572)))))))))))),GWHPACEI052794);
(GWHPACED048747,(GLYMA_12G239800_1,(GWHPACES051055,(GWHPACEQ047909,(GWHPACEP048067,(GWHPACEL048905,(GWHPACEU051341,(GWHPACEO051452,(W05_GLYSO_12G035356_1_P,(GWHPACEJ052698,(GLYMA_ZH13_12G215200_1_P,(GWHPACEX047625,(GWHPACEM051052,GWHPACDZ052572)))))))))))),GWHPACEI052794);
(GWHPACED048747,(GLYMA_12G239800_1,(GWHPACES051055,(GWHPACEQ047909,(GWHPACEP048067,(GWHPACEL048905,(GWHPACEU051341,(GWHPACEO051452,(W05_GLYSO_12G035356_1_P,(GWHPACEJ052698,(GLYMA_ZH13_12G215200_1_P,(GWHPACEX047625,(GWHPACEM051052,GWHPACDZ052572)))))))))))),GWHPACEI052794);
(GWHPACED048747,(GLYMA_12G239800_1,(GWHPACES051055,(GWHPACEQ047909,(GWHPACEP048067,(GWHPACEL048905,(GWHPACEU051341,(GWHPACEO051452,(W05_GLYSO_12G035356_1_P,(GWHPACEJ052698,(GLYMA_ZH13_12G215200_1_P,(GWHPACEX047625,(GWHPACEM051052,GWHPACDZ052572)))))))))))),GWHPACEI052794);
(GWHPACED048747,(GLYMA_12G239800_1,(GWHPACES051055,(GWHPACEQ047909,(GWHPACEP048067,(GWHPACEL048905,(GWHPACEU051341,(GWHPACEO051452,(W05_GLYSO_12G035356_1_P,(GWHPACEJ052698,(GLYMA_ZH13_12G215200_1_P,(GWHPACEX047625,(GWHPACEM051052,GWHPACDZ052572)))))))))))),GWHPACEI052794);
(GWHPACED048747,(GLYMA_12G239800_1,(GWHPACES051055,(GWHPACEQ047909,(GWHPACEP048067,(GWHPACEL048905,(GWHPACEU051341,(GWHPACEO051452,(W05_GLYSO_12G035356_1_P,(GWHPACEJ052698,(GLYMA_ZH13_12G215200_1_P,(GWHPACEX047625,(GWHPACEM051052,GWHPACDZ052572)))))))))))),GWHPACEI052794);
(GWHPACED048747,(GLYMA_12G239800_1,(GWHPACES051055,(GWHPACEQ047909,(GWHPACEP048067,(GWHPACEL048905,(GWHPACEU051341,(GWHPACEO051452,(W05_GLYSO_12G035356_1_P,(GWHPACEJ052698,(GLYMA_ZH13_12G215200_1_P,(GWHPACEX047625,(GWHPACEM051052,GWHPACDZ052572)))))))))))),GWHPACEI052794);
(GWHPACED048747,(GLYMA_12G239800_1,(GWHPACES051055,(GWHPACEQ047909,(GWHPACEP048067,(GWHPACEL048905,(GWHPACEU051341,(GWHPACEO051452,(W05_GLYSO_12G035356_1_P,(GWHPACEJ052698,(GLYMA_ZH13_12G215200_1_P,(GWHPACEX047625,(GWHPACEM051052,GWHPACDZ052572)))))))))))),GWHPACEI052794);
(GWHPACED048747,(GLYMA_12G239800_1,(GWHPACES051055,(GWHPACEQ047909,(GWHPACEP048067,(GWHPACEL048905,(GWHPACEU051341,(GWHPACEO051452,(W05_GLYSO_12G035356_1_P,(GWHPACEJ052698,(GLYMA_ZH13_12G215200_1_P,(GWHPACEX047625,(GWHPACEM051052,GWHPACDZ052572)))))))))))),GWHPACEI052794);
((GLYMA_12G239800_1,(GWHPACEQ047909,(GWHPACES051055,(GWHPACEU051341,(GWHPACEO051452,(GWHPACEL048905,(GWHPACEP048067,(GWHPACDZ052572,(GLYMA_ZH13_12G215200_1_P,(GWHPACEJ052698,(GWHPACEM051052,GWHPACEX047625))))))))))),(W05_GLYSO_12G035356_1_P,GWHPACED048747),GWHPACEI052794);
((GLYMA_12G239800_1,(GWHPACEQ047909,(GWHPACES051055,(GWHPACEU051341,(GWHPACEO051452,(GWHPACEL048905,(GWHPACEP048067,(GWHPACDZ052572,(GLYMA_ZH13_12G215200_1_P,(GWHPACEJ052698,(GWHPACEM051052,GWHPACEX047625))))))))))),(W05_GLYSO_12G035356_1_P,GWHPACED048747),GWHPACEI052794);
((GLYMA_12G239800_1,(GWHPACEQ047909,(GWHPACES051055,(GWHPACEU051341,(GWHPACEO051452,(GWHPACEL048905,(GWHPACEP048067,(GWHPACDZ052572,(GLYMA_ZH13_12G215200_1_P,(GWHPACEJ052698,(GWHPACEM051052,GWHPACEX047625))))))))))),(W05_GLYSO_12G035356_1_P,GWHPACED048747),GWHPACEI052794);
((GLYMA_12G239800_1,(GWHPACEQ047909,(GWHPACES051055,(GWHPACEU051341,(GWHPACEO051452,(GWHPACEL048905,(GWHPACEP048067,(GWHPACDZ052572,(GLYMA_ZH13_12G215200_1_P,(GWHPACEJ052698,(GWHPACEM051052,GWHPACEX047625))))))))))),(W05_GLYSO_12G035356_1_P,GWHPACED048747),GWHPACEI052794);
((GLYMA_12G239800_1,(GWHPACEQ047909,(GWHPACES051055,(GWHPACEU051341,(GWHPACEO051452,(GWHPACEL048905,(GWHPACEP048067,(GWHPACDZ052572,(GLYMA_ZH13_12G215200_1_P,(GWHPACEJ052698,(GWHPACEM051052,GWHPACEX047625))))))))))),(W05_GLYSO_12G035356_1_P,GWHPACED048747),GWHPACEI052794);
((GLYMA_12G239800_1,(GWHPACEQ047909,(GWHPACES051055,(GWHPACEU051341,(GWHPACEO051452,(GWHPACEL048905,(GWHPACEP048067,(GWHPACDZ052572,(GLYMA_ZH13_12G215200_1_P,(GWHPACEJ052698,(GWHPACEM051052,GWHPACEX047625))))))))))),(W05_GLYSO_12G035356_1_P,GWHPACED048747),GWHPACEI052794);
((GLYMA_12G239800_1,(GWHPACEQ047909,(GWHPACES051055,(GWHPACEU051341,(GWHPACEO051452,(GWHPACEL048905,(GWHPACEP048067,(GWHPACDZ052572,(GLYMA_ZH13_12G215200_1_P,(GWHPACEJ052698,(GWHPACEM051052,GWHPACEX047625))))))))))),(W05_GLYSO_12G035356_1_P,GWHPACED048747),GWHPACEI052794);
((GLYMA_12G239800_1,(GWHPACEQ047909,(GWHPACES051055,(GWHPACEU051341,(GWHPACEO051452,(GWHPACEL048905,(GWHPACEP048067,(GWHPACDZ052572,(GLYMA_ZH13_12G215200_1_P,(GWHPACEJ052698,(GWHPACEM051052,GWHPACEX047625))))))))))),(W05_GLYSO_12G035356_1_P,GWHPACED048747),GWHPACEI052794);
((GLYMA_12G239800_1,(GWHPACEQ047909,(GWHPACES051055,(GWHPACEU051341,(GWHPACEO051452,(GWHPACEL048905,(GWHPACEP048067,(GWHPACDZ052572,(GLYMA_ZH13_12G215200_1_P,(GWHPACEJ052698,(GWHPACEM051052,GWHPACEX047625))))))))))),(W05_GLYSO_12G035356_1_P,GWHPACED048747),GWHPACEI052794);
((GLYMA_12G239800_1,(GWHPACEQ047909,(GWHPACES051055,(GWHPACEU051341,(GWHPACEO051452,(GWHPACEL048905,(GWHPACEP048067,(GWHPACDZ052572,(GLYMA_ZH13_12G215200_1_P,(GWHPACEJ052698,(GWHPACEM051052,GWHPACEX047625))))))))))),(W05_GLYSO_12G035356_1_P,GWHPACED048747),GWHPACEI052794);
(GWHPACES051055,(W05_GLYSO_12G035356_1_P,(GWHPACEL048905,(GWHPACED048747,(GWHPACEU051341,(GWHPACEO051452,(GWHPACEQ047909,(GLYMA_12G239800_1,(GWHPACEP048067,(GWHPACEJ052698,(GLYMA_ZH13_12G215200_1_P,(GWHPACDZ052572,(GWHPACEX047625,GWHPACEM051052)))))))))))),GWHPACEI052794);
(GWHPACES051055,(W05_GLYSO_12G035356_1_P,(GWHPACEL048905,(GWHPACED048747,(GWHPACEU051341,(GWHPACEO051452,(GWHPACEQ047909,(GLYMA_12G239800_1,(GWHPACEP048067,(GWHPACEJ052698,(GLYMA_ZH13_12G215200_1_P,(GWHPACDZ052572,(GWHPACEX047625,GWHPACEM051052)))))))))))),GWHPACEI052794);
(GWHPACES051055,(W05_GLYSO_12G035356_1_P,(GWHPACEL048905,(GWHPACED048747,(GWHPACEU051341,(GWHPACEO051452,(GWHPACEQ047909,(GLYMA_12G239800_1,(GWHPACEP048067,(GWHPACEJ052698,(GLYMA_ZH13_12G215200_1_P,(GWHPACDZ052572,(GWHPACEX047625,GWHPACEM051052)))))))))))),GWHPACEI052794);
(GWHPACES051055,(W05_GLYSO_12G035356_1_P,(GWHPACEL048905,(GWHPACED048747,(GWHPACEU051341,(GWHPACEO051452,(GWHPACEQ047909,(GLYMA_12G239800_1,(GWHPACEP048067,(GWHPACEJ052698,(GLYMA_ZH13_12G215200_1_P,(GWHPACDZ052572,(GWHPACEX047625,GWHPACEM051052)))))))))))),GWHPACEI052794);
(GWHPACES051055,(W05_GLYSO_12G035356_1_P,(GWHPACEL048905,(GWHPACED048747,(GWHPACEU051341,(GWHPACEO051452,(GWHPACEQ047909,(GLYMA_12G239800_1,(GWHPACEP048067,(GWHPACEJ052698,(GLYMA_ZH13_12G215200_1_P,(GWHPACDZ052572,(GWHPACEX047625,GWHPACEM051052)))))))))))),GWHPACEI052794);
(GWHPACES051055,(W05_GLYSO_12G035356_1_P,(GWHPACEL048905,(GWHPACED048747,(GWHPACEU051341,(GWHPACEO051452,(GWHPACEQ047909,(GLYMA_12G239800_1,(GWHPACEP048067,(GWHPACEJ052698,(GLYMA_ZH13_12G215200_1_P,(GWHPACDZ052572,(GWHPACEX047625,GWHPACEM051052)))))))))))),GWHPACEI052794);
(GWHPACES051055,(W05_GLYSO_12G035356_1_P,(GWHPACEL048905,(GWHPACED048747,(GWHPACEU051341,(GWHPACEO051452,(GWHPACEQ047909,(GLYMA_12G239800_1,(GWHPACEP048067,(GWHPACEJ052698,(GLYMA_ZH13_12G215200_1_P,(GWHPACDZ052572,(GWHPACEX047625,GWHPACEM051052)))))))))))),GWHPACEI052794);
(GWHPACES051055,(W05_GLYSO_12G035356_1_P,(GWHPACEL048905,(GWHPACED048747,(GWHPACEU051341,(GWHPACEO051452,(GWHPACEQ047909,(GLYMA_12G239800_1,(GWHPACEP048067,(GWHPACEJ052698,(GLYMA_ZH13_12G215200_1_P,(GWHPACDZ052572,(GWHPACEX047625,GWHPACEM051052)))))))))))),GWHPACEI052794);
(GWHPACES051055,(W05_GLYSO_12G035356_1_P,(GWHPACEL048905,(GWHPACED048747,(GWHPACEU051341,(GWHPACEO051452,(GWHPACEQ047909,(GLYMA_12G239800_1,(GWHPACEP048067,(GWHPACEJ052698,(GLYMA_ZH13_12G215200_1_P,(GWHPACDZ052572,(GWHPACEX047625,GWHPACEM051052)))))))))))),GWHPACEI052794);
(GWHPACES051055,(W05_GLYSO_12G035356_1_P,(GWHPACEL048905,(GWHPACED048747,(GWHPACEU051341,(GWHPACEO051452,(GWHPACEQ047909,(GLYMA_12G239800_1,(GWHPACEP048067,(GWHPACEJ052698,(GLYMA_ZH13_12G215200_1_P,(GWHPACDZ052572,(GWHPACEX047625,GWHPACEM051052)))))))))))),GWHPACEI052794);
((GLYMA_12G239800_1,(GWHPACEQ047909,(GWHPACEO051452,(GWHPACEL048905,(GWHPACES051055,(W05_GLYSO_12G035356_1_P,(GWHPACEP048067,(GWHPACEU051341,GWHPACED048747)))))))),((((GWHPACEJ052698,GWHPACDZ052572),GWHPACEX047625),GLYMA_ZH13_12G215200_1_P),GWHPACEM051052),GWHPACEI052794);
((GLYMA_12G239800_1,(GWHPACEQ047909,(GWHPACEO051452,(GWHPACEL048905,(GWHPACES051055,(W05_GLYSO_12G035356_1_P,(GWHPACEP048067,(GWHPACEU051341,GWHPACED048747)))))))),((((GWHPACEJ052698,GWHPACDZ052572),GWHPACEX047625),GLYMA_ZH13_12G215200_1_P),GWHPACEM051052),GWHPACEI052794);
((GLYMA_12G239800_1,(GWHPACEQ047909,(GWHPACEO051452,(GWHPACEL048905,(GWHPACES051055,(W05_GLYSO_12G035356_1_P,(GWHPACEP048067,(GWHPACEU051341,GWHPACED048747)))))))),((((GWHPACEJ052698,GWHPACDZ052572),GWHPACEX047625),GLYMA_ZH13_12G215200_1_P),GWHPACEM051052),GWHPACEI052794);
((GLYMA_12G239800_1,(GWHPACEQ047909,(GWHPACEO051452,(GWHPACEL048905,(GWHPACES051055,(W05_GLYSO_12G035356_1_P,(GWHPACEP048067,(GWHPACEU051341,GWHPACED048747)))))))),((((GWHPACEJ052698,GWHPACDZ052572),GWHPACEX047625),GLYMA_ZH13_12G215200_1_P),GWHPACEM051052),GWHPACEI052794);
((GLYMA_12G239800_1,(GWHPACEQ047909,(GWHPACEO051452,(GWHPACEL048905,(GWHPACES051055,(W05_GLYSO_12G035356_1_P,(GWHPACEP048067,(GWHPACEU051341,GWHPACED048747)))))))),((((GWHPACEJ052698,GWHPACDZ052572),GWHPACEX047625),GLYMA_ZH13_12G215200_1_P),GWHPACEM051052),GWHPACEI052794);
((GLYMA_12G239800_1,(GWHPACEQ047909,(GWHPACEO051452,(GWHPACEL048905,(GWHPACES051055,(W05_GLYSO_12G035356_1_P,(GWHPACEP048067,(GWHPACEU051341,GWHPACED048747)))))))),((((GWHPACEJ052698,GWHPACDZ052572),GWHPACEX047625),GLYMA_ZH13_12G215200_1_P),GWHPACEM051052),GWHPACEI052794);
((GLYMA_12G239800_1,(GWHPACEQ047909,(GWHPACEO051452,(GWHPACEL048905,(GWHPACES051055,(W05_GLYSO_12G035356_1_P,(GWHPACEP048067,(GWHPACEU051341,GWHPACED048747)))))))),((((GWHPACEJ052698,GWHPACDZ052572),GWHPACEX047625),GLYMA_ZH13_12G215200_1_P),GWHPACEM051052),GWHPACEI052794);
((GLYMA_12G239800_1,(GWHPACEQ047909,(GWHPACEO051452,(GWHPACEL048905,(GWHPACES051055,(W05_GLYSO_12G035356_1_P,(GWHPACEP048067,(GWHPACEU051341,GWHPACED048747)))))))),((((GWHPACEJ052698,GWHPACDZ052572),GWHPACEX047625),GLYMA_ZH13_12G215200_1_P),GWHPACEM051052),GWHPACEI052794);
((GLYMA_12G239800_1,(GWHPACEQ047909,(GWHPACEO051452,(GWHPACEL048905,(GWHPACES051055,(W05_GLYSO_12G035356_1_P,(GWHPACEP048067,(GWHPACEU051341,GWHPACED048747)))))))),((((GWHPACEJ052698,GWHPACDZ052572),GWHPACEX047625),GLYMA_ZH13_12G215200_1_P),GWHPACEM051052),GWHPACEI052794);
((GLYMA_12G239800_1,(GWHPACEQ047909,(GWHPACEO051452,(GWHPACEL048905,(GWHPACES051055,(W05_GLYSO_12G035356_1_P,(GWHPACEP048067,(GWHPACEU051341,GWHPACED048747)))))))),((((GWHPACEJ052698,GWHPACDZ052572),GWHPACEX047625),GLYMA_ZH13_12G215200_1_P),GWHPACEM051052),GWHPACEI052794);
((W05_GLYSO_12G035356_1_P,(GWHPACED048747,(GWHPACEU051341,(GWHPACES051055,(GWHPACEO051452,GWHPACEP048067))))),(((((((GLYMA_ZH13_12G215200_1_P,GWHPACEX047625),GWHPACEM051052),GWHPACEJ052698),GWHPACDZ052572),GWHPACEL048905),GWHPACEQ047909),GLYMA_12G239800_1),GWHPACEI052794);
((W05_GLYSO_12G035356_1_P,(GWHPACED048747,(GWHPACEU051341,(GWHPACES051055,(GWHPACEO051452,GWHPACEP048067))))),(((((((GLYMA_ZH13_12G215200_1_P,GWHPACEX047625),GWHPACEM051052),GWHPACEJ052698),GWHPACDZ052572),GWHPACEL048905),GWHPACEQ047909),GLYMA_12G239800_1),GWHPACEI052794);
((W05_GLYSO_12G035356_1_P,(GWHPACED048747,(GWHPACEU051341,(GWHPACES051055,(GWHPACEO051452,GWHPACEP048067))))),(((((((GLYMA_ZH13_12G215200_1_P,GWHPACEX047625),GWHPACEM051052),GWHPACEJ052698),GWHPACDZ052572),GWHPACEL048905),GWHPACEQ047909),GLYMA_12G239800_1),GWHPACEI052794);
((W05_GLYSO_12G035356_1_P,(GWHPACED048747,(GWHPACEU051341,(GWHPACES051055,(GWHPACEO051452,GWHPACEP048067))))),(((((((GLYMA_ZH13_12G215200_1_P,GWHPACEX047625),GWHPACEM051052),GWHPACEJ052698),GWHPACDZ052572),GWHPACEL048905),GWHPACEQ047909),GLYMA_12G239800_1),GWHPACEI052794);
((W05_GLYSO_12G035356_1_P,(GWHPACED048747,(GWHPACEU051341,(GWHPACES051055,(GWHPACEO051452,GWHPACEP048067))))),(((((((GLYMA_ZH13_12G215200_1_P,GWHPACEX047625),GWHPACEM051052),GWHPACEJ052698),GWHPACDZ052572),GWHPACEL048905),GWHPACEQ047909),GLYMA_12G239800_1),GWHPACEI052794);
((W05_GLYSO_12G035356_1_P,(GWHPACED048747,(GWHPACEU051341,(GWHPACES051055,(GWHPACEO051452,GWHPACEP048067))))),(((((((GLYMA_ZH13_12G215200_1_P,GWHPACEX047625),GWHPACEM051052),GWHPACEJ052698),GWHPACDZ052572),GWHPACEL048905),GWHPACEQ047909),GLYMA_12G239800_1),GWHPACEI052794);
((W05_GLYSO_12G035356_1_P,(GWHPACED048747,(GWHPACEU051341,(GWHPACES051055,(GWHPACEO051452,GWHPACEP048067))))),(((((((GLYMA_ZH13_12G215200_1_P,GWHPACEX047625),GWHPACEM051052),GWHPACEJ052698),GWHPACDZ052572),GWHPACEL048905),GWHPACEQ047909),GLYMA_12G239800_1),GWHPACEI052794);
((W05_GLYSO_12G035356_1_P,(GWHPACED048747,(GWHPACEU051341,(GWHPACES051055,(GWHPACEO051452,GWHPACEP048067))))),(((((((GLYMA_ZH13_12G215200_1_P,GWHPACEX047625),GWHPACEM051052),GWHPACEJ052698),GWHPACDZ052572),GWHPACEL048905),GWHPACEQ047909),GLYMA_12G239800_1),GWHPACEI052794);
((W05_GLYSO_12G035356_1_P,(GWHPACED048747,(GWHPACEU051341,(GWHPACES051055,(GWHPACEO051452,GWHPACEP048067))))),(((((((GLYMA_ZH13_12G215200_1_P,GWHPACEX047625),GWHPACEM051052),GWHPACEJ052698),GWHPACDZ052572),GWHPACEL048905),GWHPACEQ047909),GLYMA_12G239800_1),GWHPACEI052794);
((W05_GLYSO_12G035356_1_P,(GWHPACED048747,(GWHPACEU051341,(GWHPACES051055,(GWHPACEO051452,GWHPACEP048067))))),(((((((GLYMA_ZH13_12G215200_1_P,GWHPACEX047625),GWHPACEM051052),GWHPACEJ052698),GWHPACDZ052572),GWHPACEL048905),GWHPACEQ047909),GLYMA_12G239800_1),GWHPACEI052794);
((GWHPACED048747,(W05_GLYSO_12G035356_1_P,(GWHPACEP048067,(GWHPACEQ047909,((GLYMA_ZH13_12G215200_1_P,(GWHPACEX047625,(GWHPACDZ052572,(GWHPACEJ052698,GWHPACEM051052)))),(GWHPACEL048905,GWHPACEO051452)))))),((GWHPACEU051341,GLYMA_12G239800_1),GWHPACES051055),GWHPACEI052794);
((GWHPACED048747,(W05_GLYSO_12G035356_1_P,(GWHPACEP048067,(GWHPACEQ047909,((GLYMA_ZH13_12G215200_1_P,(GWHPACEX047625,(GWHPACDZ052572,(GWHPACEJ052698,GWHPACEM051052)))),(GWHPACEL048905,GWHPACEO051452)))))),((GWHPACEU051341,GLYMA_12G239800_1),GWHPACES051055),GWHPACEI052794);
((GWHPACED048747,(W05_GLYSO_12G035356_1_P,(GWHPACEP048067,(GWHPACEQ047909,((GLYMA_ZH13_12G215200_1_P,(GWHPACEX047625,(GWHPACDZ052572,(GWHPACEJ052698,GWHPACEM051052)))),(GWHPACEL048905,GWHPACEO051452)))))),((GWHPACEU051341,GLYMA_12G239800_1),GWHPACES051055),GWHPACEI052794);
((GWHPACED048747,(W05_GLYSO_12G035356_1_P,(GWHPACEP048067,(GWHPACEQ047909,((GLYMA_ZH13_12G215200_1_P,(GWHPACEX047625,(GWHPACDZ052572,(GWHPACEJ052698,GWHPACEM051052)))),(GWHPACEL048905,GWHPACEO051452)))))),((GWHPACEU051341,GLYMA_12G239800_1),GWHPACES051055),GWHPACEI052794);
((GWHPACED048747,(W05_GLYSO_12G035356_1_P,(GWHPACEP048067,(GWHPACEQ047909,((GLYMA_ZH13_12G215200_1_P,(GWHPACEX047625,(GWHPACDZ052572,(GWHPACEJ052698,GWHPACEM051052)))),(GWHPACEL048905,GWHPACEO051452)))))),((GWHPACEU051341,GLYMA_12G239800_1),GWHPACES051055),GWHPACEI052794);
((GWHPACED048747,(W05_GLYSO_12G035356_1_P,(GWHPACEP048067,(GWHPACEQ047909,((GLYMA_ZH13_12G215200_1_P,(GWHPACEX047625,(GWHPACDZ052572,(GWHPACEJ052698,GWHPACEM051052)))),(GWHPACEL048905,GWHPACEO051452)))))),((GWHPACEU051341,GLYMA_12G239800_1),GWHPACES051055),GWHPACEI052794);
((GWHPACED048747,(W05_GLYSO_12G035356_1_P,(GWHPACEP048067,(GWHPACEQ047909,((GLYMA_ZH13_12G215200_1_P,(GWHPACEX047625,(GWHPACDZ052572,(GWHPACEJ052698,GWHPACEM051052)))),(GWHPACEL048905,GWHPACEO051452)))))),((GWHPACEU051341,GLYMA_12G239800_1),GWHPACES051055),GWHPACEI052794);
((GWHPACED048747,(W05_GLYSO_12G035356_1_P,(GWHPACEP048067,(GWHPACEQ047909,((GLYMA_ZH13_12G215200_1_P,(GWHPACEX047625,(GWHPACDZ052572,(GWHPACEJ052698,GWHPACEM051052)))),(GWHPACEL048905,GWHPACEO051452)))))),((GWHPACEU051341,GLYMA_12G239800_1),GWHPACES051055),GWHPACEI052794);
((GWHPACED048747,(W05_GLYSO_12G035356_1_P,(GWHPACEP048067,(GWHPACEQ047909,((GLYMA_ZH13_12G215200_1_P,(GWHPACEX047625,(GWHPACDZ052572,(GWHPACEJ052698,GWHPACEM051052)))),(GWHPACEL048905,GWHPACEO051452)))))),((GWHPACEU051341,GLYMA_12G239800_1),GWHPACES051055),GWHPACEI052794);
((GWHPACED048747,(W05_GLYSO_12G035356_1_P,(GWHPACEP048067,(GWHPACEQ047909,((GLYMA_ZH13_12G215200_1_P,(GWHPACEX047625,(GWHPACDZ052572,(GWHPACEJ052698,GWHPACEM051052)))),(GWHPACEL048905,GWHPACEO051452)))))),((GWHPACEU051341,GLYMA_12G239800_1),GWHPACES051055),GWHPACEI052794);
((GWHPACEJ052698,(GLYMA_ZH13_12G215200_1_P,(GWHPACEM051052,(GWHPACEX047625,GWHPACDZ052572)))),((((((((GWHPACEU051341,GWHPACEO051452),GWHPACEL048905),W05_GLYSO_12G035356_1_P),GLYMA_12G239800_1),GWHPACEP048067),GWHPACEQ047909),GWHPACED048747),GWHPACES051055),GWHPACEI052794);
((GWHPACEJ052698,(GLYMA_ZH13_12G215200_1_P,(GWHPACEM051052,(GWHPACEX047625,GWHPACDZ052572)))),((((((((GWHPACEU051341,GWHPACEO051452),GWHPACEL048905),W05_GLYSO_12G035356_1_P),GLYMA_12G239800_1),GWHPACEP048067),GWHPACEQ047909),GWHPACED048747),GWHPACES051055),GWHPACEI052794);
((GWHPACEJ052698,(GLYMA_ZH13_12G215200_1_P,(GWHPACEM051052,(GWHPACEX047625,GWHPACDZ052572)))),((((((((GWHPACEU051341,GWHPACEO051452),GWHPACEL048905),W05_GLYSO_12G035356_1_P),GLYMA_12G239800_1),GWHPACEP048067),GWHPACEQ047909),GWHPACED048747),GWHPACES051055),GWHPACEI052794);
((GWHPACEJ052698,(GLYMA_ZH13_12G215200_1_P,(GWHPACEM051052,(GWHPACEX047625,GWHPACDZ052572)))),((((((((GWHPACEU051341,GWHPACEO051452),GWHPACEL048905),W05_GLYSO_12G035356_1_P),GLYMA_12G239800_1),GWHPACEP048067),GWHPACEQ047909),GWHPACED048747),GWHPACES051055),GWHPACEI052794);
((GWHPACEJ052698,(GLYMA_ZH13_12G215200_1_P,(GWHPACEM051052,(GWHPACEX047625,GWHPACDZ052572)))),((((((((GWHPACEU051341,GWHPACEO051452),GWHPACEL048905),W05_GLYSO_12G035356_1_P),GLYMA_12G239800_1),GWHPACEP048067),GWHPACEQ047909),GWHPACED048747),GWHPACES051055),GWHPACEI052794);
((GWHPACEJ052698,(GLYMA_ZH13_12G215200_1_P,(GWHPACEM051052,(GWHPACEX047625,GWHPACDZ052572)))),((((((((GWHPACEU051341,GWHPACEO051452),GWHPACEL048905),W05_GLYSO_12G035356_1_P),GLYMA_12G239800_1),GWHPACEP048067),GWHPACEQ047909),GWHPACED048747),GWHPACES051055),GWHPACEI052794);
((GWHPACEJ052698,(GLYMA_ZH13_12G215200_1_P,(GWHPACEM051052,(GWHPACEX047625,GWHPACDZ052572)))),((((((((GWHPACEU051341,GWHPACEO051452),GWHPACEL048905),W05_GLYSO_12G035356_1_P),GLYMA_12G239800_1),GWHPACEP048067),GWHPACEQ047909),GWHPACED048747),GWHPACES051055),GWHPACEI052794);
((GWHPACEJ052698,(GLYMA_ZH13_12G215200_1_P,(GWHPACEM051052,(GWHPACEX047625,GWHPACDZ052572)))),((((((((GWHPACEU051341,GWHPACEO051452),GWHPACEL048905),W05_GLYSO_12G035356_1_P),GLYMA_12G239800_1),GWHPACEP048067),GWHPACEQ047909),GWHPACED048747),GWHPACES051055),GWHPACEI052794);
((GWHPACEJ052698,(GLYMA_ZH13_12G215200_1_P,(GWHPACEM051052,(GWHPACEX047625,GWHPACDZ052572)))),((((((((GWHPACEU051341,GWHPACEO051452),GWHPACEL048905),W05_GLYSO_12G035356_1_P),GLYMA_12G239800_1),GWHPACEP048067),GWHPACEQ047909),GWHPACED048747),GWHPACES051055),GWHPACEI052794);
((GWHPACEJ052698,(GLYMA_ZH13_12G215200_1_P,(GWHPACEM051052,(GWHPACEX047625,GWHPACDZ052572)))),((((((((GWHPACEU051341,GWHPACEO051452),GWHPACEL048905),W05_GLYSO_12G035356_1_P),GLYMA_12G239800_1),GWHPACEP048067),GWHPACEQ047909),GWHPACED048747),GWHPACES051055),GWHPACEI052794);
((GWHPACES051055,(GWHPACEU051341,(GWHPACEO051452,(GWHPACEQ047909,(GLYMA_12G239800_1,(GWHPACEL048905,(W05_GLYSO_12G035356_1_P,(GWHPACED048747,GWHPACEP048067)))))))),((((GLYMA_ZH13_12G215200_1_P,GWHPACEJ052698),GWHPACEX047625),GWHPACEM051052),GWHPACDZ052572),GWHPACEI052794);
((GWHPACES051055,(GWHPACEU051341,(GWHPACEO051452,(GWHPACEQ047909,(GLYMA_12G239800_1,(GWHPACEL048905,(W05_GLYSO_12G035356_1_P,(GWHPACED048747,GWHPACEP048067)))))))),((((GLYMA_ZH13_12G215200_1_P,GWHPACEJ052698),GWHPACEX047625),GWHPACEM051052),GWHPACDZ052572),GWHPACEI052794);
((GWHPACES051055,(GWHPACEU051341,(GWHPACEO051452,(GWHPACEQ047909,(GLYMA_12G239800_1,(GWHPACEL048905,(W05_GLYSO_12G035356_1_P,(GWHPACED048747,GWHPACEP048067)))))))),((((GLYMA_ZH13_12G215200_1_P,GWHPACEJ052698),GWHPACEX047625),GWHPACEM051052),GWHPACDZ052572),GWHPACEI052794);
((GWHPACES051055,(GWHPACEU051341,(GWHPACEO051452,(GWHPACEQ047909,(GLYMA_12G239800_1,(GWHPACEL048905,(W05_GLYSO_12G035356_1_P,(GWHPACED048747,GWHPACEP048067)))))))),((((GLYMA_ZH13_12G215200_1_P,GWHPACEJ052698),GWHPACEX047625),GWHPACEM051052),GWHPACDZ052572),GWHPACEI052794);
((GWHPACES051055,(GWHPACEU051341,(GWHPACEO051452,(GWHPACEQ047909,(GLYMA_12G239800_1,(GWHPACEL048905,(W05_GLYSO_12G035356_1_P,(GWHPACED048747,GWHPACEP048067)))))))),((((GLYMA_ZH13_12G215200_1_P,GWHPACEJ052698),GWHPACEX047625),GWHPACEM051052),GWHPACDZ052572),GWHPACEI052794);
((GWHPACES051055,(GWHPACEU051341,(GWHPACEO051452,(GWHPACEQ047909,(GLYMA_12G239800_1,(GWHPACEL048905,(W05_GLYSO_12G035356_1_P,(GWHPACED048747,GWHPACEP048067)))))))),((((GLYMA_ZH13_12G215200_1_P,GWHPACEJ052698),GWHPACEX047625),GWHPACEM051052),GWHPACDZ052572),GWHPACEI052794);
((GWHPACES051055,(GWHPACEU051341,(GWHPACEO051452,(GWHPACEQ047909,(GLYMA_12G239800_1,(GWHPACEL048905,(W05_GLYSO_12G035356_1_P,(GWHPACED048747,GWHPACEP048067)))))))),((((GLYMA_ZH13_12G215200_1_P,GWHPACEJ052698),GWHPACEX047625),GWHPACEM051052),GWHPACDZ052572),GWHPACEI052794);
((GWHPACES051055,(GWHPACEU051341,(GWHPACEO051452,(GWHPACEQ047909,(GLYMA_12G239800_1,(GWHPACEL048905,(W05_GLYSO_12G035356_1_P,(GWHPACED048747,GWHPACEP048067)))))))),((((GLYMA_ZH13_12G215200_1_P,GWHPACEJ052698),GWHPACEX047625),GWHPACEM051052),GWHPACDZ052572),GWHPACEI052794);
((GWHPACES051055,(GWHPACEU051341,(GWHPACEO051452,(GWHPACEQ047909,(GLYMA_12G239800_1,(GWHPACEL048905,(W05_GLYSO_12G035356_1_P,(GWHPACED048747,GWHPACEP048067)))))))),((((GLYMA_ZH13_12G215200_1_P,GWHPACEJ052698),GWHPACEX047625),GWHPACEM051052),GWHPACDZ052572),GWHPACEI052794);
((GWHPACES051055,(GWHPACEU051341,(GWHPACEO051452,(GWHPACEQ047909,(GLYMA_12G239800_1,(GWHPACEL048905,(W05_GLYSO_12G035356_1_P,(GWHPACED048747,GWHPACEP048067)))))))),((((GLYMA_ZH13_12G215200_1_P,GWHPACEJ052698),GWHPACEX047625),GWHPACEM051052),GWHPACDZ052572),GWHPACEI052794);
((W05_GLYSO_12G035356_1_P,(GLYMA_ZH13_12G215200_1_P,(GWHPACEM051052,(GWHPACDZ052572,(GWHPACEJ052698,GWHPACEX047625))))),(((((((GWHPACEU051341,GLYMA_12G239800_1),GWHPACEL048905),GWHPACEQ047909),GWHPACEO051452),GWHPACED048747),GWHPACES051055),GWHPACEP048067),GWHPACEI052794);
((W05_GLYSO_12G035356_1_P,(GLYMA_ZH13_12G215200_1_P,(GWHPACEM051052,(GWHPACDZ052572,(GWHPACEJ052698,GWHPACEX047625))))),(((((((GWHPACEU051341,GLYMA_12G239800_1),GWHPACEL048905),GWHPACEQ047909),GWHPACEO051452),GWHPACED048747),GWHPACES051055),GWHPACEP048067),GWHPACEI052794);
((W05_GLYSO_12G035356_1_P,(GLYMA_ZH13_12G215200_1_P,(GWHPACEM051052,(GWHPACDZ052572,(GWHPACEJ052698,GWHPACEX047625))))),(((((((GWHPACEU051341,GLYMA_12G239800_1),GWHPACEL048905),GWHPACEQ047909),GWHPACEO051452),GWHPACED048747),GWHPACES051055),GWHPACEP048067),GWHPACEI052794);
((W05_GLYSO_12G035356_1_P,(GLYMA_ZH13_12G215200_1_P,(GWHPACEM051052,(GWHPACDZ052572,(GWHPACEJ052698,GWHPACEX047625))))),(((((((GWHPACEU051341,GLYMA_12G239800_1),GWHPACEL048905),GWHPACEQ047909),GWHPACEO051452),GWHPACED048747),GWHPACES051055),GWHPACEP048067),GWHPACEI052794);
((W05_GLYSO_12G035356_1_P,(GLYMA_ZH13_12G215200_1_P,(GWHPACEM051052,(GWHPACDZ052572,(GWHPACEJ052698,GWHPACEX047625))))),(((((((GWHPACEU051341,GLYMA_12G239800_1),GWHPACEL048905),GWHPACEQ047909),GWHPACEO051452),GWHPACED048747),GWHPACES051055),GWHPACEP048067),GWHPACEI052794);
((W05_GLYSO_12G035356_1_P,(GLYMA_ZH13_12G215200_1_P,(GWHPACEM051052,(GWHPACDZ052572,(GWHPACEJ052698,GWHPACEX047625))))),(((((((GWHPACEU051341,GLYMA_12G239800_1),GWHPACEL048905),GWHPACEQ047909),GWHPACEO051452),GWHPACED048747),GWHPACES051055),GWHPACEP048067),GWHPACEI052794);
((W05_GLYSO_12G035356_1_P,(GLYMA_ZH13_12G215200_1_P,(GWHPACEM051052,(GWHPACDZ052572,(GWHPACEJ052698,GWHPACEX047625))))),(((((((GWHPACEU051341,GLYMA_12G239800_1),GWHPACEL048905),GWHPACEQ047909),GWHPACEO051452),GWHPACED048747),GWHPACES051055),GWHPACEP048067),GWHPACEI052794);
((W05_GLYSO_12G035356_1_P,(GLYMA_ZH13_12G215200_1_P,(GWHPACEM051052,(GWHPACDZ052572,(GWHPACEJ052698,GWHPACEX047625))))),(((((((GWHPACEU051341,GLYMA_12G239800_1),GWHPACEL048905),GWHPACEQ047909),GWHPACEO051452),GWHPACED048747),GWHPACES051055),GWHPACEP048067),GWHPACEI052794);
((W05_GLYSO_12G035356_1_P,(GLYMA_ZH13_12G215200_1_P,(GWHPACEM051052,(GWHPACDZ052572,(GWHPACEJ052698,GWHPACEX047625))))),(((((((GWHPACEU051341,GLYMA_12G239800_1),GWHPACEL048905),GWHPACEQ047909),GWHPACEO051452),GWHPACED048747),GWHPACES051055),GWHPACEP048067),GWHPACEI052794);
((W05_GLYSO_12G035356_1_P,(GLYMA_ZH13_12G215200_1_P,(GWHPACEM051052,(GWHPACDZ052572,(GWHPACEJ052698,GWHPACEX047625))))),(((((((GWHPACEU051341,GLYMA_12G239800_1),GWHPACEL048905),GWHPACEQ047909),GWHPACEO051452),GWHPACED048747),GWHPACES051055),GWHPACEP048067),GWHPACEI052794);
((GWHPACEP048067,(GWHPACED048747,(GWHPACEO051452,(GWHPACEX047625,(GWHPACEJ052698,(GLYMA_ZH13_12G215200_1_P,(GWHPACEM051052,GWHPACDZ052572))))))),(((((GWHPACEU051341,GWHPACEQ047909),GWHPACEL048905),GWHPACES051055),W05_GLYSO_12G035356_1_P),GLYMA_12G239800_1),GWHPACEI052794);
((GWHPACEP048067,(GWHPACED048747,(GWHPACEO051452,(GWHPACEX047625,(GWHPACEJ052698,(GLYMA_ZH13_12G215200_1_P,(GWHPACEM051052,GWHPACDZ052572))))))),(((((GWHPACEU051341,GWHPACEQ047909),GWHPACEL048905),GWHPACES051055),W05_GLYSO_12G035356_1_P),GLYMA_12G239800_1),GWHPACEI052794);
((GWHPACEP048067,(GWHPACED048747,(GWHPACEO051452,(GWHPACEX047625,(GWHPACEJ052698,(GLYMA_ZH13_12G215200_1_P,(GWHPACEM051052,GWHPACDZ052572))))))),(((((GWHPACEU051341,GWHPACEQ047909),GWHPACEL048905),GWHPACES051055),W05_GLYSO_12G035356_1_P),GLYMA_12G239800_1),GWHPACEI052794);
((GWHPACEP048067,(GWHPACED048747,(GWHPACEO051452,(GWHPACEX047625,(GWHPACEJ052698,(GLYMA_ZH13_12G215200_1_P,(GWHPACEM051052,GWHPACDZ052572))))))),(((((GWHPACEU051341,GWHPACEQ047909),GWHPACEL048905),GWHPACES051055),W05_GLYSO_12G035356_1_P),GLYMA_12G239800_1),GWHPACEI052794);
((GWHPACEP048067,(GWHPACED048747,(GWHPACEO051452,(GWHPACEX047625,(GWHPACEJ052698,(GLYMA_ZH13_12G215200_1_P,(GWHPACEM051052,GWHPACDZ052572))))))),(((((GWHPACEU051341,GWHPACEQ047909),GWHPACEL048905),GWHPACES051055),W05_GLYSO_12G035356_1_P),GLYMA_12G239800_1),GWHPACEI052794);
((GWHPACEP048067,(GWHPACED048747,(GWHPACEO051452,(GWHPACEX047625,(GWHPACEJ052698,(GLYMA_ZH13_12G215200_1_P,(GWHPACEM051052,GWHPACDZ052572))))))),(((((GWHPACEU051341,GWHPACEQ047909),GWHPACEL048905),GWHPACES051055),W05_GLYSO_12G035356_1_P),GLYMA_12G239800_1),GWHPACEI052794);
((GWHPACEP048067,(GWHPACED048747,(GWHPACEO051452,(GWHPACEX047625,(GWHPACEJ052698,(GLYMA_ZH13_12G215200_1_P,(GWHPACEM051052,GWHPACDZ052572))))))),(((((GWHPACEU051341,GWHPACEQ047909),GWHPACEL048905),GWHPACES051055),W05_GLYSO_12G035356_1_P),GLYMA_12G239800_1),GWHPACEI052794);
((GWHPACEP048067,(GWHPACED048747,(GWHPACEO051452,(GWHPACEX047625,(GWHPACEJ052698,(GLYMA_ZH13_12G215200_1_P,(GWHPACEM051052,GWHPACDZ052572))))))),(((((GWHPACEU051341,GWHPACEQ047909),GWHPACEL048905),GWHPACES051055),W05_GLYSO_12G035356_1_P),GLYMA_12G239800_1),GWHPACEI052794);
((GWHPACEP048067,(GWHPACED048747,(GWHPACEO051452,(GWHPACEX047625,(GWHPACEJ052698,(GLYMA_ZH13_12G215200_1_P,(GWHPACEM051052,GWHPACDZ052572))))))),(((((GWHPACEU051341,GWHPACEQ047909),GWHPACEL048905),GWHPACES051055),W05_GLYSO_12G035356_1_P),GLYMA_12G239800_1),GWHPACEI052794);
((GWHPACEP048067,(GWHPACED048747,(GWHPACEO051452,(GWHPACEX047625,(GWHPACEJ052698,(GLYMA_ZH13_12G215200_1_P,(GWHPACEM051052,GWHPACDZ052572))))))),(((((GWHPACEU051341,GWHPACEQ047909),GWHPACEL048905),GWHPACES051055),W05_GLYSO_12G035356_1_P),GLYMA_12G239800_1),GWHPACEI052794);
