

IMPORTANT WARNING: Sequences GWHPACEP032037 and GWHPACET034526 are exactly identical


IMPORTANT WARNING: Sequences GWHPACEP032037 and GLYMA_08G328800_1 are exactly identical


IMPORTANT WARNING: Sequences GWHPACEP032037 and GWHPACEO034005 are exactly identical


IMPORTANT WARNING: Sequences GWHPACEP032037 and GWHPACER031185 are exactly identical


IMPORTANT WARNING: Sequences GWHPACEP032037 and GWHPACEA034345 are exactly identical


IMPORTANT WARNING: Sequences GWHPACEP032037 and GWHPACEU034217 are exactly identical


IMPORTANT WARNING: Sequences GWHPACEP032037 and GWHPACED032441 are exactly identical


IMPORTANT WARNING: Sequences GWHPACEP032037 and GWHPACEK030826 are exactly identical


IMPORTANT WARNING: Sequences GWHPACEP032037 and GWHPACDZ033239 are exactly identical


IMPORTANT WARNING: Sequences GWHPACEP032037 and GWHPACEX031695 are exactly identical


IMPORTANT WARNING: Sequences GWHPACEP032037 and GWHPACEI035100 are exactly identical


IMPORTANT WARNING: Sequences GWHPACEP032037 and GWHPACEH034081 are exactly identical


IMPORTANT WARNING: Sequences GWHPACEP032037 and GWHPACEE033820 are exactly identical


IMPORTANT WARNING: Sequences GWHPACEP032037 and GWHPACEG033845 are exactly identical


IMPORTANT WARNING: Sequences GWHPACEP032037 and GLYMA_ZH13_08G309800_1_P are exactly identical


IMPORTANT WARNING: Sequences GWHPACEP032037 and GWHPACEW033889 are exactly identical


IMPORTANT WARNING: Sequences GWHPACEP032037 and GWHPACDY035005 are exactly identical


IMPORTANT WARNING: Sequences GWHPACEP032037 and GWHPACEC032147 are exactly identical


IMPORTANT WARNING: Sequences GWHPACEP032037 and GWHPACEL032524 are exactly identical


IMPORTANT WARNING: Sequences GWHPACEP032037 and GWHPACES034056 are exactly identical


IMPORTANT WARNING: Sequences GWHPACEP032037 and GWHPACEM034038 are exactly identical


IMPORTANT WARNING: Sequences GWHPACEP032037 and GWHPACEN033566 are exactly identical


IMPORTANT WARNING: Sequences GWHPACEP032037 and GWHPACEJ035052 are exactly identical


IMPORTANT WARNING: Sequences GWHPACEQ032133 and GWHPACEB031415 are exactly identical

IMPORTANT WARNING
Found 24 sequences that are exactly identical to other sequences in the alignment.
Normally they should be excluded from the analysis.

Just in case you might need it, an alignment file with 
sequence duplicates removed is printed to file ../../RAxML_tree_pbNB-ARC/Clade_Refinement_1/Int12847_58_80_R_29.afa.reduced


This is RAxML version 8.2.12 released by Alexandros Stamatakis on May 2018.

With greatly appreciated code contributions by:
Andre Aberer      (HITS)
Simon Berger      (HITS)
Alexey Kozlov     (HITS)
Kassian Kobert    (HITS)
David Dao         (KIT and HITS)
Sarah Lutteropp   (KIT and HITS)
Nick Pattengale   (Sandia)
Wayne Pfeiffer    (SDSC)
Akifumi S. Tanabe (NRIFS)
Charlie Taylor    (UF)


Alignment has 90 distinct alignment patterns

Proportion of gaps and completely undetermined characters in this alignment: 3.55%

RAxML rapid bootstrapping and subsequent ML search

Using 1 distinct models/data partitions with joint branch length optimization



Executing 100 rapid bootstrap inferences and thereafter a thorough ML search 

All free model parameters will be estimated by RAxML
ML estimate of 25 per site rate categories

Likelihood of final tree will be evaluated and optimized under GAMMA

GAMMA Model parameters will be estimated up to an accuracy of 0.1000000000 Log Likelihood units

Partition: 0
Alignment Patterns: 90
Name: No Name Provided
DataType: AA
Substitution Matrix: JTT
Using fixed base frequencies




RAxML was called as follows:

/Users/prigozhin/Installers/standard-RAxML/raxmlHPC-PTHREADS-AVX -T 4 -n Int12847_58_80_R_29.Raxml.out -f a -x 12345 -p 12345 -# 100 -m PROTCATJTT -s ../../RAxML_tree_pbNB-ARC/Clade_Refinement_1/Int12847_58_80_R_29.afa 



Time for BS model parameter optimization 0.141701
Bootstrap[0]: Time 0.756429 seconds, bootstrap likelihood -2758.677893, best rearrangement setting 13
Bootstrap[1]: Time 0.649181 seconds, bootstrap likelihood -2732.726372, best rearrangement setting 13
Bootstrap[2]: Time 1.160078 seconds, bootstrap likelihood -2770.020614, best rearrangement setting 12
Bootstrap[3]: Time 0.723305 seconds, bootstrap likelihood -2771.998015, best rearrangement setting 15
Bootstrap[4]: Time 0.570369 seconds, bootstrap likelihood -2714.616550, best rearrangement setting 10
Bootstrap[5]: Time 0.758625 seconds, bootstrap likelihood -2738.028758, best rearrangement setting 10
Bootstrap[6]: Time 0.340116 seconds, bootstrap likelihood -2739.347010, best rearrangement setting 6
Bootstrap[7]: Time 0.657602 seconds, bootstrap likelihood -2768.932841, best rearrangement setting 14
Bootstrap[8]: Time 0.405685 seconds, bootstrap likelihood -2705.715402, best rearrangement setting 5
Bootstrap[9]: Time 0.397174 seconds, bootstrap likelihood -2753.821086, best rearrangement setting 7
Bootstrap[10]: Time 0.403332 seconds, bootstrap likelihood -2785.174283, best rearrangement setting 7
Bootstrap[11]: Time 0.284006 seconds, bootstrap likelihood -2753.924266, best rearrangement setting 5
Bootstrap[12]: Time 0.438390 seconds, bootstrap likelihood -2755.973607, best rearrangement setting 8
Bootstrap[13]: Time 0.390356 seconds, bootstrap likelihood -2751.602080, best rearrangement setting 7
Bootstrap[14]: Time 0.679098 seconds, bootstrap likelihood -2752.318368, best rearrangement setting 12
Bootstrap[15]: Time 0.655045 seconds, bootstrap likelihood -2707.190534, best rearrangement setting 15
Bootstrap[16]: Time 0.618882 seconds, bootstrap likelihood -2737.702335, best rearrangement setting 12
Bootstrap[17]: Time 0.597391 seconds, bootstrap likelihood -2738.906408, best rearrangement setting 12
Bootstrap[18]: Time 0.317099 seconds, bootstrap likelihood -2757.860081, best rearrangement setting 5
Bootstrap[19]: Time 0.873644 seconds, bootstrap likelihood -2765.770976, best rearrangement setting 8
Bootstrap[20]: Time 0.547530 seconds, bootstrap likelihood -2730.996240, best rearrangement setting 10
Bootstrap[21]: Time 0.323541 seconds, bootstrap likelihood -2738.076941, best rearrangement setting 6
Bootstrap[22]: Time 0.355959 seconds, bootstrap likelihood -2731.028017, best rearrangement setting 5
Bootstrap[23]: Time 0.346363 seconds, bootstrap likelihood -2773.100018, best rearrangement setting 7
Bootstrap[24]: Time 0.414746 seconds, bootstrap likelihood -2764.506887, best rearrangement setting 8
Bootstrap[25]: Time 0.317923 seconds, bootstrap likelihood -2761.634582, best rearrangement setting 6
Bootstrap[26]: Time 0.524171 seconds, bootstrap likelihood -2725.208641, best rearrangement setting 12
Bootstrap[27]: Time 0.495181 seconds, bootstrap likelihood -2749.693668, best rearrangement setting 10
Bootstrap[28]: Time 0.475655 seconds, bootstrap likelihood -2731.140639, best rearrangement setting 11
Bootstrap[29]: Time 0.501366 seconds, bootstrap likelihood -2738.254337, best rearrangement setting 12
Bootstrap[30]: Time 1.274528 seconds, bootstrap likelihood -2739.949185, best rearrangement setting 15
Bootstrap[31]: Time 0.642544 seconds, bootstrap likelihood -2767.439995, best rearrangement setting 15
Bootstrap[32]: Time 0.313583 seconds, bootstrap likelihood -2736.792081, best rearrangement setting 6
Bootstrap[33]: Time 0.633961 seconds, bootstrap likelihood -2761.413924, best rearrangement setting 15
Bootstrap[34]: Time 0.546494 seconds, bootstrap likelihood -2741.689644, best rearrangement setting 11
Bootstrap[35]: Time 0.507528 seconds, bootstrap likelihood -2724.810146, best rearrangement setting 8
Bootstrap[36]: Time 0.463892 seconds, bootstrap likelihood -2760.247567, best rearrangement setting 9
Bootstrap[37]: Time 0.547564 seconds, bootstrap likelihood -2718.340243, best rearrangement setting 11
Bootstrap[38]: Time 0.408162 seconds, bootstrap likelihood -2747.484843, best rearrangement setting 8
Bootstrap[39]: Time 0.591315 seconds, bootstrap likelihood -2763.281296, best rearrangement setting 13
Bootstrap[40]: Time 0.643017 seconds, bootstrap likelihood -2714.140443, best rearrangement setting 13
Bootstrap[41]: Time 0.512465 seconds, bootstrap likelihood -2741.544829, best rearrangement setting 10
Bootstrap[42]: Time 0.272302 seconds, bootstrap likelihood -2734.975955, best rearrangement setting 5
Bootstrap[43]: Time 0.672668 seconds, bootstrap likelihood -2810.566725, best rearrangement setting 14
Bootstrap[44]: Time 0.520153 seconds, bootstrap likelihood -2731.078632, best rearrangement setting 10
Bootstrap[45]: Time 0.655928 seconds, bootstrap likelihood -2730.329152, best rearrangement setting 15
Bootstrap[46]: Time 0.624525 seconds, bootstrap likelihood -2738.631771, best rearrangement setting 14
Bootstrap[47]: Time 0.411294 seconds, bootstrap likelihood -2732.570238, best rearrangement setting 8
Bootstrap[48]: Time 0.355666 seconds, bootstrap likelihood -2744.411219, best rearrangement setting 6
Bootstrap[49]: Time 0.399140 seconds, bootstrap likelihood -2741.155972, best rearrangement setting 7
Bootstrap[50]: Time 0.378221 seconds, bootstrap likelihood -2782.091934, best rearrangement setting 7
Bootstrap[51]: Time 0.532751 seconds, bootstrap likelihood -2763.142067, best rearrangement setting 11
Bootstrap[52]: Time 0.593128 seconds, bootstrap likelihood -2760.249724, best rearrangement setting 12
Bootstrap[53]: Time 0.449965 seconds, bootstrap likelihood -2711.735930, best rearrangement setting 8
Bootstrap[54]: Time 0.445535 seconds, bootstrap likelihood -2739.246130, best rearrangement setting 9
Bootstrap[55]: Time 0.511321 seconds, bootstrap likelihood -2750.940074, best rearrangement setting 11
Bootstrap[56]: Time 0.270993 seconds, bootstrap likelihood -2753.159074, best rearrangement setting 5
Bootstrap[57]: Time 0.361025 seconds, bootstrap likelihood -2749.251063, best rearrangement setting 7
Bootstrap[58]: Time 0.515257 seconds, bootstrap likelihood -2751.891916, best rearrangement setting 10
Bootstrap[59]: Time 0.462971 seconds, bootstrap likelihood -2785.725424, best rearrangement setting 9
Bootstrap[60]: Time 0.370692 seconds, bootstrap likelihood -2709.629529, best rearrangement setting 7
Bootstrap[61]: Time 0.268057 seconds, bootstrap likelihood -2724.196751, best rearrangement setting 5
Bootstrap[62]: Time 0.501530 seconds, bootstrap likelihood -2774.828297, best rearrangement setting 11
Bootstrap[63]: Time 0.606755 seconds, bootstrap likelihood -2710.883608, best rearrangement setting 12
Bootstrap[64]: Time 0.363321 seconds, bootstrap likelihood -2735.034070, best rearrangement setting 7
Bootstrap[65]: Time 0.288520 seconds, bootstrap likelihood -2714.951066, best rearrangement setting 5
Bootstrap[66]: Time 0.264891 seconds, bootstrap likelihood -2730.548470, best rearrangement setting 5
Bootstrap[67]: Time 0.676325 seconds, bootstrap likelihood -2768.635387, best rearrangement setting 15
Bootstrap[68]: Time 0.502680 seconds, bootstrap likelihood -2738.004232, best rearrangement setting 11
Bootstrap[69]: Time 0.284569 seconds, bootstrap likelihood -2715.881067, best rearrangement setting 5
Bootstrap[70]: Time 0.428001 seconds, bootstrap likelihood -2757.374908, best rearrangement setting 8
Bootstrap[71]: Time 0.497069 seconds, bootstrap likelihood -2709.974836, best rearrangement setting 10
Bootstrap[72]: Time 0.512203 seconds, bootstrap likelihood -2759.796537, best rearrangement setting 11
Bootstrap[73]: Time 0.430075 seconds, bootstrap likelihood -2785.663705, best rearrangement setting 9
Bootstrap[74]: Time 0.267079 seconds, bootstrap likelihood -2715.310039, best rearrangement setting 5
Bootstrap[75]: Time 0.383678 seconds, bootstrap likelihood -2740.277484, best rearrangement setting 8
Bootstrap[76]: Time 0.467777 seconds, bootstrap likelihood -2786.931997, best rearrangement setting 9
Bootstrap[77]: Time 0.530861 seconds, bootstrap likelihood -2785.531178, best rearrangement setting 11
Bootstrap[78]: Time 0.630651 seconds, bootstrap likelihood -2740.502515, best rearrangement setting 15
Bootstrap[79]: Time 0.436664 seconds, bootstrap likelihood -2774.129827, best rearrangement setting 9
Bootstrap[80]: Time 1.307409 seconds, bootstrap likelihood -2723.476489, best rearrangement setting 15
Bootstrap[81]: Time 0.393207 seconds, bootstrap likelihood -2753.372104, best rearrangement setting 7
Bootstrap[82]: Time 0.323169 seconds, bootstrap likelihood -2772.031416, best rearrangement setting 6
Bootstrap[83]: Time 0.570468 seconds, bootstrap likelihood -2756.518587, best rearrangement setting 10
Bootstrap[84]: Time 0.552760 seconds, bootstrap likelihood -2751.397401, best rearrangement setting 11
Bootstrap[85]: Time 0.556318 seconds, bootstrap likelihood -2734.911291, best rearrangement setting 8
Bootstrap[86]: Time 0.408019 seconds, bootstrap likelihood -2765.259528, best rearrangement setting 7
Bootstrap[87]: Time 0.680126 seconds, bootstrap likelihood -2737.674431, best rearrangement setting 7
Bootstrap[88]: Time 0.587083 seconds, bootstrap likelihood -2762.709695, best rearrangement setting 12
Bootstrap[89]: Time 0.720085 seconds, bootstrap likelihood -2754.805385, best rearrangement setting 10
Bootstrap[90]: Time 0.420177 seconds, bootstrap likelihood -2708.836815, best rearrangement setting 8
Bootstrap[91]: Time 0.582417 seconds, bootstrap likelihood -2761.518550, best rearrangement setting 12
Bootstrap[92]: Time 0.621441 seconds, bootstrap likelihood -2753.161594, best rearrangement setting 13
Bootstrap[93]: Time 0.670376 seconds, bootstrap likelihood -2767.526303, best rearrangement setting 15
Bootstrap[94]: Time 0.344379 seconds, bootstrap likelihood -2774.769686, best rearrangement setting 5
Bootstrap[95]: Time 0.263230 seconds, bootstrap likelihood -2771.472939, best rearrangement setting 5
Bootstrap[96]: Time 1.248457 seconds, bootstrap likelihood -2747.403496, best rearrangement setting 13
Bootstrap[97]: Time 0.573555 seconds, bootstrap likelihood -2731.686524, best rearrangement setting 11
Bootstrap[98]: Time 0.370847 seconds, bootstrap likelihood -2766.456758, best rearrangement setting 6
Bootstrap[99]: Time 0.670132 seconds, bootstrap likelihood -2730.824593, best rearrangement setting 14


Overall Time for 100 Rapid Bootstraps 52.106169 seconds
Average Time per Rapid Bootstrap 0.521062 seconds

Starting ML Search ...

Fast ML optimization finished

Fast ML search Time: 22.806429 seconds

Slow ML Search 0 Likelihood: -2822.204291
Slow ML Search 1 Likelihood: -2822.204291
Slow ML Search 2 Likelihood: -2822.204291
Slow ML Search 3 Likelihood: -2822.204291
Slow ML Search 4 Likelihood: -2822.204291
Slow ML Search 5 Likelihood: -2822.204291
Slow ML Search 6 Likelihood: -2822.204291
Slow ML Search 7 Likelihood: -2822.204291
Slow ML Search 8 Likelihood: -2822.204291
Slow ML Search 9 Likelihood: -2822.204291
Slow ML optimization finished

Slow ML search Time: 10.885359 seconds
Thorough ML search Time: 0.775421 seconds

Final ML Optimization Likelihood: -2822.204291

Model Information:

Model Parameters of Partition 0, Name: No Name Provided, Type of Data: AA
alpha: 2.377522
Tree-Length: 0.022573
rate A <-> R: 0.603538
rate A <-> N: 0.561915
rate A <-> D: 0.842872
rate A <-> C: 0.582726
rate A <-> Q: 0.593132
rate A <-> E: 1.092612
rate A <-> G: 1.862643
rate A <-> H: 0.280957
rate A <-> I: 0.374610
rate A <-> L: 0.312175
rate A <-> K: 0.364204
rate A <-> M: 0.561915
rate A <-> F: 0.156087
rate A <-> P: 2.018730
rate A <-> S: 3.933403
rate A <-> T: 4.942768
rate A <-> W: 0.093652
rate A <-> Y: 0.114464
rate A <-> V: 3.100937
rate R <-> N: 0.468262
rate R <-> D: 0.166493
rate R <-> C: 1.175858
rate R <-> Q: 3.225806
rate R <-> E: 0.301769
rate R <-> G: 1.425598
rate R <-> H: 3.413111
rate R <-> I: 0.228928
rate R <-> L: 0.395421
rate R <-> K: 6.722164
rate R <-> M: 0.457856
rate R <-> F: 0.052029
rate R <-> P: 0.770031
rate R <-> S: 1.050989
rate R <-> T: 0.665973
rate R <-> W: 1.311134
rate R <-> Y: 0.208117
rate R <-> V: 0.176899
rate N <-> D: 5.494277
rate N <-> C: 0.353798
rate N <-> Q: 0.894901
rate N <-> E: 0.603538
rate N <-> G: 0.842872
rate N <-> H: 4.068678
rate N <-> I: 0.489074
rate N <-> L: 0.124870
rate N <-> K: 2.736733
rate N <-> M: 0.312175
rate N <-> F: 0.104058
rate N <-> P: 0.156087
rate N <-> S: 5.234131
rate N <-> T: 2.414152
rate N <-> W: 0.083247
rate N <-> Y: 0.728408
rate N <-> V: 0.166493
rate D <-> C: 0.104058
rate D <-> Q: 0.509886
rate D <-> E: 7.981270
rate D <-> G: 1.352758
rate D <-> H: 1.165453
rate D <-> I: 0.114464
rate D <-> L: 0.072841
rate D <-> K: 0.270552
rate D <-> M: 0.156087
rate D <-> F: 0.041623
rate D <-> P: 0.156087
rate D <-> S: 0.613944
rate D <-> T: 0.395421
rate D <-> W: 0.041623
rate D <-> Y: 0.478668
rate D <-> V: 0.322581
rate C <-> Q: 0.093652
rate C <-> E: 0.052029
rate C <-> G: 0.613944
rate C <-> H: 0.718002
rate C <-> I: 0.176899
rate C <-> L: 0.239334
rate C <-> K: 0.072841
rate C <-> M: 0.322581
rate C <-> F: 0.811655
rate C <-> P: 0.145682
rate C <-> S: 2.320499
rate C <-> T: 0.437045
rate C <-> W: 1.196670
rate C <-> Y: 2.174818
rate C <-> V: 0.645161
rate Q <-> E: 3.361082
rate Q <-> G: 0.270552
rate Q <-> H: 6.212279
rate Q <-> I: 0.093652
rate Q <-> L: 0.749220
rate Q <-> K: 3.038502
rate Q <-> M: 0.447451
rate Q <-> F: 0.041623
rate Q <-> P: 1.706556
rate Q <-> S: 0.551509
rate Q <-> T: 0.530697
rate Q <-> W: 0.187305
rate Q <-> Y: 0.249740
rate Q <-> V: 0.208117
rate E <-> G: 1.238293
rate E <-> H: 0.270552
rate E <-> I: 0.124870
rate E <-> L: 0.093652
rate E <-> K: 1.883455
rate E <-> M: 0.187305
rate E <-> F: 0.052029
rate E <-> P: 0.187305
rate E <-> S: 0.312175
rate E <-> T: 0.332986
rate E <-> W: 0.104058
rate E <-> Y: 0.072841
rate E <-> V: 0.468262
rate G <-> H: 0.239334
rate G <-> I: 0.062435
rate G <-> L: 0.062435
rate G <-> K: 0.280957
rate G <-> M: 0.145682
rate G <-> F: 0.052029
rate G <-> P: 0.249740
rate G <-> S: 2.091571
rate G <-> T: 0.343392
rate G <-> W: 0.572320
rate G <-> Y: 0.083247
rate G <-> V: 0.489074
rate H <-> I: 0.166493
rate H <-> L: 0.582726
rate H <-> K: 0.468262
rate H <-> M: 0.343392
rate H <-> F: 0.416233
rate H <-> P: 1.196670
rate H <-> S: 0.759625
rate H <-> T: 0.478668
rate H <-> W: 0.083247
rate H <-> Y: 5.962539
rate H <-> V: 0.114464
rate I <-> L: 2.382934
rate I <-> K: 0.218522
rate I <-> M: 4.984391
rate I <-> F: 0.926119
rate I <-> P: 0.104058
rate I <-> S: 0.416233
rate I <-> T: 2.549428
rate I <-> W: 0.093652
rate I <-> Y: 0.332986
rate I <-> V: 10.000000
rate L <-> K: 0.145682
rate L <-> M: 4.037461
rate L <-> F: 2.580645
rate L <-> P: 1.061394
rate L <-> S: 0.613944
rate L <-> T: 0.260146
rate L <-> W: 0.541103
rate L <-> Y: 0.249740
rate L <-> V: 1.873049
rate K <-> M: 0.676379
rate K <-> F: 0.041623
rate K <-> P: 0.218522
rate K <-> S: 0.489074
rate K <-> T: 1.071800
rate K <-> W: 0.104058
rate K <-> Y: 0.083247
rate K <-> V: 0.145682
rate M <-> F: 0.447451
rate M <-> P: 0.166493
rate M <-> S: 0.301769
rate M <-> T: 2.351717
rate M <-> W: 0.249740
rate M <-> Y: 0.187305
rate M <-> V: 3.361082
rate F <-> P: 0.176899
rate F <-> S: 0.957336
rate F <-> T: 0.124870
rate F <-> W: 0.551509
rate F <-> Y: 5.577523
rate F <-> V: 0.645161
rate P <-> S: 2.965661
rate P <-> T: 1.227888
rate P <-> W: 0.062435
rate P <-> Y: 0.104058
rate P <-> V: 0.239334
rate S <-> T: 4.963580
rate S <-> W: 0.364204
rate S <-> Y: 0.655567
rate S <-> V: 0.395421
rate T <-> W: 0.124870
rate T <-> Y: 0.218522
rate T <-> V: 1.165453
rate W <-> Y: 0.738814
rate W <-> V: 0.260146
rate Y <-> V: 0.166493

freq pi(A): 0.076748
freq pi(R): 0.051691
freq pi(N): 0.042645
freq pi(D): 0.051544
freq pi(C): 0.019803
freq pi(Q): 0.040752
freq pi(E): 0.061830
freq pi(G): 0.073152
freq pi(H): 0.022944
freq pi(I): 0.053761
freq pi(L): 0.091904
freq pi(K): 0.058676
freq pi(M): 0.023826
freq pi(F): 0.040126
freq pi(P): 0.050901
freq pi(S): 0.068765
freq pi(T): 0.058565
freq pi(W): 0.014261
freq pi(Y): 0.032102
freq pi(V): 0.066004


ML search took 34.497771 secs or 0.009583 hours

Combined Bootstrap and ML search took 86.604148 secs or 0.024057 hours

Drawing Bootstrap Support Values on best-scoring ML tree ...



Found 1 tree in File /Users/prigozhin/Dropbox/NLRomes/Soy_NLRome/RAxML_tree_pbNB-ARC/Clade_Refinement_1/RAxML_bestTree.Int12847_58_80_R_29.Raxml.out



Found 1 tree in File /Users/prigozhin/Dropbox/NLRomes/Soy_NLRome/RAxML_tree_pbNB-ARC/Clade_Refinement_1/RAxML_bestTree.Int12847_58_80_R_29.Raxml.out

Program execution info written to /Users/prigozhin/Dropbox/NLRomes/Soy_NLRome/RAxML_tree_pbNB-ARC/Clade_Refinement_1/RAxML_info.Int12847_58_80_R_29.Raxml.out
All 100 bootstrapped trees written to: /Users/prigozhin/Dropbox/NLRomes/Soy_NLRome/RAxML_tree_pbNB-ARC/Clade_Refinement_1/RAxML_bootstrap.Int12847_58_80_R_29.Raxml.out

Best-scoring ML tree written to: /Users/prigozhin/Dropbox/NLRomes/Soy_NLRome/RAxML_tree_pbNB-ARC/Clade_Refinement_1/RAxML_bestTree.Int12847_58_80_R_29.Raxml.out

Best-scoring ML tree with support values written to: /Users/prigozhin/Dropbox/NLRomes/Soy_NLRome/RAxML_tree_pbNB-ARC/Clade_Refinement_1/RAxML_bipartitions.Int12847_58_80_R_29.Raxml.out

Best-scoring ML tree with support values as branch labels written to: /Users/prigozhin/Dropbox/NLRomes/Soy_NLRome/RAxML_tree_pbNB-ARC/Clade_Refinement_1/RAxML_bipartitionsBranchLabels.Int12847_58_80_R_29.Raxml.out

Overall execution time for full ML analysis: 86.614455 secs or 0.024060 hours or 0.001002 days

