

IMPORTANT WARNING: Sequences GWHPACEF056786 and GLYMA_14G206500_1 are exactly identical


IMPORTANT WARNING: Sequences GWHPACEF056786 and GLYMA_ZH13_14G189400_1_P are exactly identical


IMPORTANT WARNING: Sequences GWHPACEF056786 and GWHPACER055106 are exactly identical


IMPORTANT WARNING: Sequences GWHPACEF056786 and GWHPACED057294 are exactly identical


IMPORTANT WARNING: Sequences GWHPACEF056786 and GWHPACEQ055890 are exactly identical


IMPORTANT WARNING: Sequences GWHPACEF056786 and GWHPACEI062099 are exactly identical


IMPORTANT WARNING: Sequences GWHPACEF056786 and GWHPACEH059971 are exactly identical


IMPORTANT WARNING: Sequences GWHPACEF056786 and GWHPACEV054419 are exactly identical


IMPORTANT WARNING: Sequences GWHPACEF056786 and GWHPACEP056355 are exactly identical


IMPORTANT WARNING: Sequences GWHPACEF056786 and GWHPACEW059706 are exactly identical


IMPORTANT WARNING: Sequences GWHPACEF056786 and W05_GLYSO_14G039365_1_P are exactly identical


IMPORTANT WARNING: Sequences GWHPACEF056786 and GWHPACEK053635 are exactly identical


IMPORTANT WARNING: Sequences GWHPACEF056786 and GWHPACEX055991 are exactly identical


IMPORTANT WARNING: Sequences GWHPACES060057 and GWHPACEO060594 are exactly identical


IMPORTANT WARNING: Sequences GWHPACES060057 and GWHPACEE059846 are exactly identical


IMPORTANT WARNING: Sequences GWHPACES060057 and GWHPACEU060270 are exactly identical


IMPORTANT WARNING: Sequences GWHPACES060057 and GWHPACEC056340 are exactly identical


IMPORTANT WARNING: Sequences GWHPACEL056800 and GWHPACEN059196 are exactly identical


IMPORTANT WARNING: Sequences GWHPACEL056800 and GWHPACEM059936 are exactly identical


IMPORTANT WARNING: Sequences GWHPACEL056800 and GWHPACEJ061830 are exactly identical


IMPORTANT WARNING: Sequences GWHPACEL056800 and GWHPACEB054753 are exactly identical

IMPORTANT WARNING
Found 21 sequences that are exactly identical to other sequences in the alignment.
Normally they should be excluded from the analysis.

Just in case you might need it, an alignment file with 
sequence duplicates removed is printed to file ../../RAxML_tree_pbNB-ARC/Clade_Refinement_1/Int9024_309_403_R_30.afa.reduced


This is RAxML version 8.2.12 released by Alexandros Stamatakis on May 2018.

With greatly appreciated code contributions by:
Andre Aberer      (HITS)
Simon Berger      (HITS)
Alexey Kozlov     (HITS)
Kassian Kobert    (HITS)
David Dao         (KIT and HITS)
Sarah Lutteropp   (KIT and HITS)
Nick Pattengale   (Sandia)
Wayne Pfeiffer    (SDSC)
Akifumi S. Tanabe (NRIFS)
Charlie Taylor    (UF)


Alignment has 230 distinct alignment patterns

Proportion of gaps and completely undetermined characters in this alignment: 5.89%

RAxML rapid bootstrapping and subsequent ML search

Using 1 distinct models/data partitions with joint branch length optimization



Executing 100 rapid bootstrap inferences and thereafter a thorough ML search 

All free model parameters will be estimated by RAxML
ML estimate of 25 per site rate categories

Likelihood of final tree will be evaluated and optimized under GAMMA

GAMMA Model parameters will be estimated up to an accuracy of 0.1000000000 Log Likelihood units

Partition: 0
Alignment Patterns: 230
Name: No Name Provided
DataType: AA
Substitution Matrix: JTT
Using fixed base frequencies




RAxML was called as follows:

/Users/prigozhin/Installers/standard-RAxML/raxmlHPC-PTHREADS-AVX -T 4 -n Int9024_309_403_R_30.Raxml.out -f a -x 12345 -p 12345 -# 100 -m PROTCATJTT -s ../../RAxML_tree_pbNB-ARC/Clade_Refinement_1/Int9024_309_403_R_30.afa 



Time for BS model parameter optimization 0.276828
Bootstrap[0]: Time 0.812189 seconds, bootstrap likelihood -4482.753897, best rearrangement setting 13
Bootstrap[1]: Time 0.550260 seconds, bootstrap likelihood -4574.357890, best rearrangement setting 13
Bootstrap[2]: Time 0.530563 seconds, bootstrap likelihood -4642.663366, best rearrangement setting 12
Bootstrap[3]: Time 0.639506 seconds, bootstrap likelihood -4539.094185, best rearrangement setting 15
Bootstrap[4]: Time 0.491914 seconds, bootstrap likelihood -4622.299474, best rearrangement setting 10
Bootstrap[5]: Time 0.498442 seconds, bootstrap likelihood -4575.049436, best rearrangement setting 10
Bootstrap[6]: Time 0.401072 seconds, bootstrap likelihood -4659.366169, best rearrangement setting 6
Bootstrap[7]: Time 0.536717 seconds, bootstrap likelihood -4569.781819, best rearrangement setting 14
Bootstrap[8]: Time 0.369237 seconds, bootstrap likelihood -4585.659872, best rearrangement setting 5
Bootstrap[9]: Time 0.421942 seconds, bootstrap likelihood -4600.723944, best rearrangement setting 7
Bootstrap[10]: Time 0.416441 seconds, bootstrap likelihood -4611.073119, best rearrangement setting 7
Bootstrap[11]: Time 0.360042 seconds, bootstrap likelihood -4619.389604, best rearrangement setting 5
Bootstrap[12]: Time 0.431766 seconds, bootstrap likelihood -4600.409752, best rearrangement setting 8
Bootstrap[13]: Time 0.454065 seconds, bootstrap likelihood -4585.183604, best rearrangement setting 7
Bootstrap[14]: Time 0.547352 seconds, bootstrap likelihood -4548.332601, best rearrangement setting 12
Bootstrap[15]: Time 0.532759 seconds, bootstrap likelihood -4545.274439, best rearrangement setting 15
Bootstrap[16]: Time 1.195460 seconds, bootstrap likelihood -4443.055343, best rearrangement setting 12
Bootstrap[17]: Time 1.086380 seconds, bootstrap likelihood -4589.995328, best rearrangement setting 12
Bootstrap[18]: Time 0.416281 seconds, bootstrap likelihood -4543.884748, best rearrangement setting 5
Bootstrap[19]: Time 1.180350 seconds, bootstrap likelihood -4481.575343, best rearrangement setting 8
Bootstrap[20]: Time 0.543230 seconds, bootstrap likelihood -4579.163113, best rearrangement setting 10
Bootstrap[21]: Time 0.382366 seconds, bootstrap likelihood -4523.836492, best rearrangement setting 6
Bootstrap[22]: Time 0.344275 seconds, bootstrap likelihood -4660.777838, best rearrangement setting 5
Bootstrap[23]: Time 0.388844 seconds, bootstrap likelihood -4655.903584, best rearrangement setting 7
Bootstrap[24]: Time 0.456821 seconds, bootstrap likelihood -4612.910250, best rearrangement setting 8
Bootstrap[25]: Time 0.403665 seconds, bootstrap likelihood -4676.140912, best rearrangement setting 6
Bootstrap[26]: Time 1.343570 seconds, bootstrap likelihood -4580.011772, best rearrangement setting 12
Bootstrap[27]: Time 1.086180 seconds, bootstrap likelihood -4569.697628, best rearrangement setting 10
Bootstrap[28]: Time 1.121674 seconds, bootstrap likelihood -4451.994480, best rearrangement setting 11
Bootstrap[29]: Time 1.135044 seconds, bootstrap likelihood -4630.722073, best rearrangement setting 12
Bootstrap[30]: Time 0.572681 seconds, bootstrap likelihood -4501.522214, best rearrangement setting 15
Bootstrap[31]: Time 0.555185 seconds, bootstrap likelihood -4633.751534, best rearrangement setting 15
Bootstrap[32]: Time 0.399281 seconds, bootstrap likelihood -4597.880365, best rearrangement setting 6
Bootstrap[33]: Time 0.557808 seconds, bootstrap likelihood -4656.932484, best rearrangement setting 15
Bootstrap[34]: Time 0.511319 seconds, bootstrap likelihood -4595.614008, best rearrangement setting 11
Bootstrap[35]: Time 0.472087 seconds, bootstrap likelihood -4617.365640, best rearrangement setting 8
Bootstrap[36]: Time 0.485716 seconds, bootstrap likelihood -4568.738659, best rearrangement setting 9
Bootstrap[37]: Time 0.525765 seconds, bootstrap likelihood -4542.932838, best rearrangement setting 11
Bootstrap[38]: Time 0.473634 seconds, bootstrap likelihood -4692.625140, best rearrangement setting 8
Bootstrap[39]: Time 0.538454 seconds, bootstrap likelihood -4572.645260, best rearrangement setting 13
Bootstrap[40]: Time 0.589121 seconds, bootstrap likelihood -4689.621078, best rearrangement setting 13
Bootstrap[41]: Time 0.497777 seconds, bootstrap likelihood -4610.812009, best rearrangement setting 10
Bootstrap[42]: Time 0.347724 seconds, bootstrap likelihood -4637.986733, best rearrangement setting 5
Bootstrap[43]: Time 0.546430 seconds, bootstrap likelihood -4556.897166, best rearrangement setting 14
Bootstrap[44]: Time 0.535374 seconds, bootstrap likelihood -4514.545706, best rearrangement setting 10
Bootstrap[45]: Time 0.547466 seconds, bootstrap likelihood -4584.869419, best rearrangement setting 15
Bootstrap[46]: Time 0.515260 seconds, bootstrap likelihood -4607.210730, best rearrangement setting 14
Bootstrap[47]: Time 0.441910 seconds, bootstrap likelihood -4664.536560, best rearrangement setting 8
Bootstrap[48]: Time 0.407142 seconds, bootstrap likelihood -4729.587972, best rearrangement setting 6
Bootstrap[49]: Time 0.442657 seconds, bootstrap likelihood -4577.702506, best rearrangement setting 7
Bootstrap[50]: Time 0.421872 seconds, bootstrap likelihood -4666.427745, best rearrangement setting 7
Bootstrap[51]: Time 0.536689 seconds, bootstrap likelihood -4597.154905, best rearrangement setting 11
Bootstrap[52]: Time 0.529622 seconds, bootstrap likelihood -4635.804358, best rearrangement setting 12
Bootstrap[53]: Time 0.441734 seconds, bootstrap likelihood -4551.893624, best rearrangement setting 8
Bootstrap[54]: Time 0.454980 seconds, bootstrap likelihood -4523.584833, best rearrangement setting 9
Bootstrap[55]: Time 0.527223 seconds, bootstrap likelihood -4690.138619, best rearrangement setting 11
Bootstrap[56]: Time 0.405192 seconds, bootstrap likelihood -4654.538710, best rearrangement setting 5
Bootstrap[57]: Time 0.465902 seconds, bootstrap likelihood -4643.223963, best rearrangement setting 7
Bootstrap[58]: Time 0.497142 seconds, bootstrap likelihood -4583.140959, best rearrangement setting 10
Bootstrap[59]: Time 0.504206 seconds, bootstrap likelihood -4569.900731, best rearrangement setting 9
Bootstrap[60]: Time 0.433857 seconds, bootstrap likelihood -4586.141864, best rearrangement setting 7
Bootstrap[61]: Time 0.346951 seconds, bootstrap likelihood -4646.442761, best rearrangement setting 5
Bootstrap[62]: Time 0.525207 seconds, bootstrap likelihood -4518.804528, best rearrangement setting 11
Bootstrap[63]: Time 0.533701 seconds, bootstrap likelihood -4534.085379, best rearrangement setting 12
Bootstrap[64]: Time 0.930097 seconds, bootstrap likelihood -4461.481459, best rearrangement setting 7
Bootstrap[65]: Time 0.821883 seconds, bootstrap likelihood -4590.976966, best rearrangement setting 5
Bootstrap[66]: Time 0.398065 seconds, bootstrap likelihood -4564.904171, best rearrangement setting 5
Bootstrap[67]: Time 0.574326 seconds, bootstrap likelihood -4586.612136, best rearrangement setting 15
Bootstrap[68]: Time 0.535749 seconds, bootstrap likelihood -4606.694015, best rearrangement setting 11
Bootstrap[69]: Time 0.380880 seconds, bootstrap likelihood -4564.896887, best rearrangement setting 5
Bootstrap[70]: Time 0.952694 seconds, bootstrap likelihood -4551.408680, best rearrangement setting 8
Bootstrap[71]: Time 1.007991 seconds, bootstrap likelihood -4553.466261, best rearrangement setting 10
Bootstrap[72]: Time 1.048890 seconds, bootstrap likelihood -4612.735062, best rearrangement setting 11
Bootstrap[73]: Time 1.164892 seconds, bootstrap likelihood -4573.916268, best rearrangement setting 9
Bootstrap[74]: Time 0.403243 seconds, bootstrap likelihood -4605.029119, best rearrangement setting 5
Bootstrap[75]: Time 0.520540 seconds, bootstrap likelihood -4557.648487, best rearrangement setting 8
Bootstrap[76]: Time 0.543801 seconds, bootstrap likelihood -4577.283182, best rearrangement setting 9
Bootstrap[77]: Time 0.554933 seconds, bootstrap likelihood -4662.828460, best rearrangement setting 11
Bootstrap[78]: Time 0.530258 seconds, bootstrap likelihood -4531.288835, best rearrangement setting 15
Bootstrap[79]: Time 0.529711 seconds, bootstrap likelihood -4600.852562, best rearrangement setting 9
Bootstrap[80]: Time 0.564651 seconds, bootstrap likelihood -4556.474563, best rearrangement setting 15
Bootstrap[81]: Time 0.440304 seconds, bootstrap likelihood -4596.182764, best rearrangement setting 7
Bootstrap[82]: Time 0.477200 seconds, bootstrap likelihood -4647.191914, best rearrangement setting 6
Bootstrap[83]: Time 0.496172 seconds, bootstrap likelihood -4688.673507, best rearrangement setting 10
Bootstrap[84]: Time 0.514832 seconds, bootstrap likelihood -4585.146022, best rearrangement setting 11
Bootstrap[85]: Time 0.435679 seconds, bootstrap likelihood -4477.316969, best rearrangement setting 8
Bootstrap[86]: Time 0.394101 seconds, bootstrap likelihood -4621.910414, best rearrangement setting 7
Bootstrap[87]: Time 0.408902 seconds, bootstrap likelihood -4621.077664, best rearrangement setting 7
Bootstrap[88]: Time 0.517336 seconds, bootstrap likelihood -4719.139165, best rearrangement setting 12
Bootstrap[89]: Time 0.507153 seconds, bootstrap likelihood -4565.304080, best rearrangement setting 10
Bootstrap[90]: Time 0.453289 seconds, bootstrap likelihood -4579.187618, best rearrangement setting 8
Bootstrap[91]: Time 0.548631 seconds, bootstrap likelihood -4724.001248, best rearrangement setting 12
Bootstrap[92]: Time 0.565185 seconds, bootstrap likelihood -4568.756273, best rearrangement setting 13
Bootstrap[93]: Time 0.564332 seconds, bootstrap likelihood -4519.502270, best rearrangement setting 15
Bootstrap[94]: Time 0.370883 seconds, bootstrap likelihood -4652.247878, best rearrangement setting 5
Bootstrap[95]: Time 0.356239 seconds, bootstrap likelihood -4443.847466, best rearrangement setting 5
Bootstrap[96]: Time 0.574978 seconds, bootstrap likelihood -4576.299300, best rearrangement setting 13
Bootstrap[97]: Time 0.507270 seconds, bootstrap likelihood -4559.692805, best rearrangement setting 11
Bootstrap[98]: Time 0.386163 seconds, bootstrap likelihood -4655.904834, best rearrangement setting 6
Bootstrap[99]: Time 0.542472 seconds, bootstrap likelihood -4654.865212, best rearrangement setting 14


Overall Time for 100 Rapid Bootstraps 56.223337 seconds
Average Time per Rapid Bootstrap 0.562233 seconds

Starting ML Search ...

Fast ML optimization finished

Fast ML search Time: 30.020870 seconds

Slow ML Search 0 Likelihood: -4958.307761
Slow ML Search 1 Likelihood: -4958.307761
Slow ML Search 2 Likelihood: -4958.307761
Slow ML Search 3 Likelihood: -4958.307761
Slow ML Search 4 Likelihood: -4958.307761
Slow ML Search 5 Likelihood: -4958.307761
Slow ML Search 6 Likelihood: -4958.307761
Slow ML Search 7 Likelihood: -4958.307761
Slow ML Search 8 Likelihood: -4958.307761
Slow ML Search 9 Likelihood: -4958.307761
Slow ML optimization finished

Slow ML search Time: 15.181083 seconds
Thorough ML search Time: 1.811933 seconds

Final ML Optimization Likelihood: -4958.307761

Model Information:

Model Parameters of Partition 0, Name: No Name Provided, Type of Data: AA
alpha: 0.020000
Tree-Length: 0.130395
rate A <-> R: 0.603538
rate A <-> N: 0.561915
rate A <-> D: 0.842872
rate A <-> C: 0.582726
rate A <-> Q: 0.593132
rate A <-> E: 1.092612
rate A <-> G: 1.862643
rate A <-> H: 0.280957
rate A <-> I: 0.374610
rate A <-> L: 0.312175
rate A <-> K: 0.364204
rate A <-> M: 0.561915
rate A <-> F: 0.156087
rate A <-> P: 2.018730
rate A <-> S: 3.933403
rate A <-> T: 4.942768
rate A <-> W: 0.093652
rate A <-> Y: 0.114464
rate A <-> V: 3.100937
rate R <-> N: 0.468262
rate R <-> D: 0.166493
rate R <-> C: 1.175858
rate R <-> Q: 3.225806
rate R <-> E: 0.301769
rate R <-> G: 1.425598
rate R <-> H: 3.413111
rate R <-> I: 0.228928
rate R <-> L: 0.395421
rate R <-> K: 6.722164
rate R <-> M: 0.457856
rate R <-> F: 0.052029
rate R <-> P: 0.770031
rate R <-> S: 1.050989
rate R <-> T: 0.665973
rate R <-> W: 1.311134
rate R <-> Y: 0.208117
rate R <-> V: 0.176899
rate N <-> D: 5.494277
rate N <-> C: 0.353798
rate N <-> Q: 0.894901
rate N <-> E: 0.603538
rate N <-> G: 0.842872
rate N <-> H: 4.068678
rate N <-> I: 0.489074
rate N <-> L: 0.124870
rate N <-> K: 2.736733
rate N <-> M: 0.312175
rate N <-> F: 0.104058
rate N <-> P: 0.156087
rate N <-> S: 5.234131
rate N <-> T: 2.414152
rate N <-> W: 0.083247
rate N <-> Y: 0.728408
rate N <-> V: 0.166493
rate D <-> C: 0.104058
rate D <-> Q: 0.509886
rate D <-> E: 7.981270
rate D <-> G: 1.352758
rate D <-> H: 1.165453
rate D <-> I: 0.114464
rate D <-> L: 0.072841
rate D <-> K: 0.270552
rate D <-> M: 0.156087
rate D <-> F: 0.041623
rate D <-> P: 0.156087
rate D <-> S: 0.613944
rate D <-> T: 0.395421
rate D <-> W: 0.041623
rate D <-> Y: 0.478668
rate D <-> V: 0.322581
rate C <-> Q: 0.093652
rate C <-> E: 0.052029
rate C <-> G: 0.613944
rate C <-> H: 0.718002
rate C <-> I: 0.176899
rate C <-> L: 0.239334
rate C <-> K: 0.072841
rate C <-> M: 0.322581
rate C <-> F: 0.811655
rate C <-> P: 0.145682
rate C <-> S: 2.320499
rate C <-> T: 0.437045
rate C <-> W: 1.196670
rate C <-> Y: 2.174818
rate C <-> V: 0.645161
rate Q <-> E: 3.361082
rate Q <-> G: 0.270552
rate Q <-> H: 6.212279
rate Q <-> I: 0.093652
rate Q <-> L: 0.749220
rate Q <-> K: 3.038502
rate Q <-> M: 0.447451
rate Q <-> F: 0.041623
rate Q <-> P: 1.706556
rate Q <-> S: 0.551509
rate Q <-> T: 0.530697
rate Q <-> W: 0.187305
rate Q <-> Y: 0.249740
rate Q <-> V: 0.208117
rate E <-> G: 1.238293
rate E <-> H: 0.270552
rate E <-> I: 0.124870
rate E <-> L: 0.093652
rate E <-> K: 1.883455
rate E <-> M: 0.187305
rate E <-> F: 0.052029
rate E <-> P: 0.187305
rate E <-> S: 0.312175
rate E <-> T: 0.332986
rate E <-> W: 0.104058
rate E <-> Y: 0.072841
rate E <-> V: 0.468262
rate G <-> H: 0.239334
rate G <-> I: 0.062435
rate G <-> L: 0.062435
rate G <-> K: 0.280957
rate G <-> M: 0.145682
rate G <-> F: 0.052029
rate G <-> P: 0.249740
rate G <-> S: 2.091571
rate G <-> T: 0.343392
rate G <-> W: 0.572320
rate G <-> Y: 0.083247
rate G <-> V: 0.489074
rate H <-> I: 0.166493
rate H <-> L: 0.582726
rate H <-> K: 0.468262
rate H <-> M: 0.343392
rate H <-> F: 0.416233
rate H <-> P: 1.196670
rate H <-> S: 0.759625
rate H <-> T: 0.478668
rate H <-> W: 0.083247
rate H <-> Y: 5.962539
rate H <-> V: 0.114464
rate I <-> L: 2.382934
rate I <-> K: 0.218522
rate I <-> M: 4.984391
rate I <-> F: 0.926119
rate I <-> P: 0.104058
rate I <-> S: 0.416233
rate I <-> T: 2.549428
rate I <-> W: 0.093652
rate I <-> Y: 0.332986
rate I <-> V: 10.000000
rate L <-> K: 0.145682
rate L <-> M: 4.037461
rate L <-> F: 2.580645
rate L <-> P: 1.061394
rate L <-> S: 0.613944
rate L <-> T: 0.260146
rate L <-> W: 0.541103
rate L <-> Y: 0.249740
rate L <-> V: 1.873049
rate K <-> M: 0.676379
rate K <-> F: 0.041623
rate K <-> P: 0.218522
rate K <-> S: 0.489074
rate K <-> T: 1.071800
rate K <-> W: 0.104058
rate K <-> Y: 0.083247
rate K <-> V: 0.145682
rate M <-> F: 0.447451
rate M <-> P: 0.166493
rate M <-> S: 0.301769
rate M <-> T: 2.351717
rate M <-> W: 0.249740
rate M <-> Y: 0.187305
rate M <-> V: 3.361082
rate F <-> P: 0.176899
rate F <-> S: 0.957336
rate F <-> T: 0.124870
rate F <-> W: 0.551509
rate F <-> Y: 5.577523
rate F <-> V: 0.645161
rate P <-> S: 2.965661
rate P <-> T: 1.227888
rate P <-> W: 0.062435
rate P <-> Y: 0.104058
rate P <-> V: 0.239334
rate S <-> T: 4.963580
rate S <-> W: 0.364204
rate S <-> Y: 0.655567
rate S <-> V: 0.395421
rate T <-> W: 0.124870
rate T <-> Y: 0.218522
rate T <-> V: 1.165453
rate W <-> Y: 0.738814
rate W <-> V: 0.260146
rate Y <-> V: 0.166493

freq pi(A): 0.076748
freq pi(R): 0.051691
freq pi(N): 0.042645
freq pi(D): 0.051544
freq pi(C): 0.019803
freq pi(Q): 0.040752
freq pi(E): 0.061830
freq pi(G): 0.073152
freq pi(H): 0.022944
freq pi(I): 0.053761
freq pi(L): 0.091904
freq pi(K): 0.058676
freq pi(M): 0.023826
freq pi(F): 0.040126
freq pi(P): 0.050901
freq pi(S): 0.068765
freq pi(T): 0.058565
freq pi(W): 0.014261
freq pi(Y): 0.032102
freq pi(V): 0.066004


ML search took 47.036338 secs or 0.013066 hours

Combined Bootstrap and ML search took 103.259822 secs or 0.028683 hours

Drawing Bootstrap Support Values on best-scoring ML tree ...



Found 1 tree in File /Users/prigozhin/Dropbox/NLRomes/Soy_NLRome/RAxML_tree_pbNB-ARC/Clade_Refinement_1/RAxML_bestTree.Int9024_309_403_R_30.Raxml.out



Found 1 tree in File /Users/prigozhin/Dropbox/NLRomes/Soy_NLRome/RAxML_tree_pbNB-ARC/Clade_Refinement_1/RAxML_bestTree.Int9024_309_403_R_30.Raxml.out

Program execution info written to /Users/prigozhin/Dropbox/NLRomes/Soy_NLRome/RAxML_tree_pbNB-ARC/Clade_Refinement_1/RAxML_info.Int9024_309_403_R_30.Raxml.out
All 100 bootstrapped trees written to: /Users/prigozhin/Dropbox/NLRomes/Soy_NLRome/RAxML_tree_pbNB-ARC/Clade_Refinement_1/RAxML_bootstrap.Int9024_309_403_R_30.Raxml.out

Best-scoring ML tree written to: /Users/prigozhin/Dropbox/NLRomes/Soy_NLRome/RAxML_tree_pbNB-ARC/Clade_Refinement_1/RAxML_bestTree.Int9024_309_403_R_30.Raxml.out

Best-scoring ML tree with support values written to: /Users/prigozhin/Dropbox/NLRomes/Soy_NLRome/RAxML_tree_pbNB-ARC/Clade_Refinement_1/RAxML_bipartitions.Int9024_309_403_R_30.Raxml.out

Best-scoring ML tree with support values as branch labels written to: /Users/prigozhin/Dropbox/NLRomes/Soy_NLRome/RAxML_tree_pbNB-ARC/Clade_Refinement_1/RAxML_bipartitionsBranchLabels.Int9024_309_403_R_30.Raxml.out

Overall execution time for full ML analysis: 103.269461 secs or 0.028686 hours or 0.001195 days

