(GLYMA_09G057000_1,(GWHPACEW035334,(GWHPACEU035582,((((GWHPACEK032086,GWHPACEI036565),(((GWHPACDY036481,GWHPACEJ036546),GLYMA_ZH13_09G053600_1_P),GWHPACEC033505)),GWHPACEE035258),GWHPACEH035520))),GWHPACDZ034581);
(GLYMA_09G057000_1,(GWHPACEW035334,(GWHPACEU035582,((((GWHPACEK032086,GWHPACEI036565),(((GWHPACDY036481,GWHPACEJ036546),GLYMA_ZH13_09G053600_1_P),GWHPACEC033505)),GWHPACEE035258),GWHPACEH035520))),GWHPACDZ034581);
(GLYMA_09G057000_1,(GWHPACEW035334,(GWHPACEU035582,((((GWHPACEK032086,GWHPACEI036565),(((GWHPACDY036481,GWHPACEJ036546),GLYMA_ZH13_09G053600_1_P),GWHPACEC033505)),GWHPACEE035258),GWHPACEH035520))),GWHPACDZ034581);
(GLYMA_09G057000_1,(GWHPACEW035334,(GWHPACEU035582,((((GWHPACEK032086,GWHPACEI036565),(((GWHPACDY036481,GWHPACEJ036546),GLYMA_ZH13_09G053600_1_P),GWHPACEC033505)),GWHPACEE035258),GWHPACEH035520))),GWHPACDZ034581);
(GLYMA_09G057000_1,(GWHPACEW035334,(GWHPACEU035582,((((GWHPACEK032086,GWHPACEI036565),(((GWHPACDY036481,GWHPACEJ036546),GLYMA_ZH13_09G053600_1_P),GWHPACEC033505)),GWHPACEE035258),GWHPACEH035520))),GWHPACDZ034581);
(GLYMA_09G057000_1,(GWHPACEW035334,(GWHPACEU035582,((((GWHPACEK032086,GWHPACEI036565),(((GWHPACDY036481,GWHPACEJ036546),GLYMA_ZH13_09G053600_1_P),GWHPACEC033505)),GWHPACEE035258),GWHPACEH035520))),GWHPACDZ034581);
(GLYMA_09G057000_1,(GWHPACEW035334,(GWHPACEU035582,((((GWHPACEK032086,GWHPACEI036565),(((GWHPACDY036481,GWHPACEJ036546),GLYMA_ZH13_09G053600_1_P),GWHPACEC033505)),GWHPACEE035258),GWHPACEH035520))),GWHPACDZ034581);
(GLYMA_09G057000_1,(GWHPACEW035334,(GWHPACEU035582,((((GWHPACEK032086,GWHPACEI036565),(((GWHPACDY036481,GWHPACEJ036546),GLYMA_ZH13_09G053600_1_P),GWHPACEC033505)),GWHPACEE035258),GWHPACEH035520))),GWHPACDZ034581);
(GLYMA_09G057000_1,(GWHPACEW035334,(GWHPACEU035582,((((GWHPACEK032086,GWHPACEI036565),(((GWHPACDY036481,GWHPACEJ036546),GLYMA_ZH13_09G053600_1_P),GWHPACEC033505)),GWHPACEE035258),GWHPACEH035520))),GWHPACDZ034581);
(GLYMA_09G057000_1,(GWHPACEW035334,(GWHPACEU035582,((((GWHPACEK032086,GWHPACEI036565),(((GWHPACDY036481,GWHPACEJ036546),GLYMA_ZH13_09G053600_1_P),GWHPACEC033505)),GWHPACEE035258),GWHPACEH035520))),GWHPACDZ034581);
(GLYMA_ZH13_09G053600_1_P,(GWHPACEK032086,(((((GWHPACDY036481,GWHPACEJ036546),(GWHPACEC033505,(GWHPACEU035582,(GLYMA_09G057000_1,GWHPACEH035520)))),GWHPACEW035334),GWHPACEE035258),GWHPACEI036565)),GWHPACDZ034581);
((GLYMA_09G057000_1,(GWHPACEC033505,(GWHPACDY036481,GWHPACEJ036546))),(((GWHPACEH035520,GWHPACEW035334),GWHPACEU035582),(GWHPACEE035258,((GLYMA_ZH13_09G053600_1_P,GWHPACEI036565),GWHPACEK032086))),GWHPACDZ034581);
((GWHPACEK032086,GLYMA_ZH13_09G053600_1_P),(((GWHPACEI036565,(GWHPACEE035258,((GLYMA_09G057000_1,GWHPACEH035520),GWHPACEW035334))),(GWHPACEC033505,GWHPACEU035582)),(GWHPACDY036481,GWHPACEJ036546)),GWHPACDZ034581);
(((GWHPACEK032086,GWHPACEH035520),((GWHPACEE035258,GWHPACEW035334),((GWHPACEC033505,(GWHPACEU035582,GWHPACEI036565)),((GWHPACDY036481,GWHPACEJ036546),GLYMA_09G057000_1)))),GLYMA_ZH13_09G053600_1_P,GWHPACDZ034581);
((((GWHPACDY036481,GWHPACEJ036546),((GWHPACEI036565,((GLYMA_ZH13_09G053600_1_P,GWHPACEK032086),GWHPACEU035582)),GWHPACEH035520)),GWHPACEC033505),(GWHPACEW035334,(GWHPACEE035258,GLYMA_09G057000_1)),GWHPACDZ034581);
(((GWHPACEI036565,GWHPACEH035520),((GLYMA_09G057000_1,(GWHPACEK032086,(GWHPACEE035258,GWHPACEW035334))),(GWHPACEU035582,((GWHPACDY036481,GWHPACEJ036546),GLYMA_ZH13_09G053600_1_P)))),GWHPACEC033505,GWHPACDZ034581);
(((GWHPACEI036565,GWHPACEH035520),((GLYMA_09G057000_1,(GWHPACEK032086,(GWHPACEE035258,GWHPACEW035334))),(GWHPACEU035582,((GWHPACDY036481,GWHPACEJ036546),GLYMA_ZH13_09G053600_1_P)))),GWHPACEC033505,GWHPACDZ034581);
((GWHPACEK032086,GLYMA_ZH13_09G053600_1_P),(((GWHPACDY036481,GWHPACEJ036546),(((((GWHPACEH035520,GLYMA_09G057000_1),GWHPACEE035258),GWHPACEW035334),GWHPACEU035582),GWHPACEI036565)),GWHPACEC033505),GWHPACDZ034581);
((GWHPACEU035582,GWHPACEW035334),(GLYMA_ZH13_09G053600_1_P,(GWHPACEC033505,((GWHPACEE035258,(((GWHPACEK032086,GLYMA_09G057000_1),(GWHPACDY036481,GWHPACEJ036546)),GWHPACEI036565)),GWHPACEH035520))),GWHPACDZ034581);
(GWHPACEW035334,((GWHPACEK032086,(GWHPACEI036565,((GWHPACEU035582,GLYMA_ZH13_09G053600_1_P),GWHPACEE035258))),(GWHPACEC033505,((GWHPACDY036481,GWHPACEJ036546),(GWHPACEH035520,GLYMA_09G057000_1)))),GWHPACDZ034581);
(GLYMA_09G057000_1,((GWHPACEH035520,((GWHPACEI036565,((((GWHPACEE035258,GWHPACEW035334),GLYMA_ZH13_09G053600_1_P),GWHPACEC033505),(GWHPACDY036481,GWHPACEJ036546))),GWHPACEU035582)),GWHPACEK032086),GWHPACDZ034581);
(GLYMA_09G057000_1,((GWHPACEH035520,((GWHPACEI036565,((((GWHPACEE035258,GWHPACEW035334),GLYMA_ZH13_09G053600_1_P),GWHPACEC033505),(GWHPACDY036481,GWHPACEJ036546))),GWHPACEU035582)),GWHPACEK032086),GWHPACDZ034581);
(GLYMA_09G057000_1,((GWHPACEH035520,((GWHPACEI036565,((((GWHPACEE035258,GWHPACEW035334),GLYMA_ZH13_09G053600_1_P),GWHPACEC033505),(GWHPACDY036481,GWHPACEJ036546))),GWHPACEU035582)),GWHPACEK032086),GWHPACDZ034581);
(((((GWHPACEU035582,(GWHPACEC033505,(GWHPACEE035258,GLYMA_09G057000_1))),GWHPACEH035520),GWHPACEI036565),(GWHPACDY036481,GWHPACEJ036546)),((GWHPACEK032086,GLYMA_ZH13_09G053600_1_P),GWHPACEW035334),GWHPACDZ034581);
((GLYMA_ZH13_09G053600_1_P,GWHPACEH035520),((((((GWHPACEU035582,GWHPACEI036565),GLYMA_09G057000_1),GWHPACEC033505),GWHPACEE035258),(GWHPACEK032086,GWHPACEW035334)),(GWHPACDY036481,GWHPACEJ036546)),GWHPACDZ034581);
((GLYMA_ZH13_09G053600_1_P,GWHPACEH035520),((((((GWHPACEU035582,GWHPACEI036565),GLYMA_09G057000_1),GWHPACEC033505),GWHPACEE035258),(GWHPACEK032086,GWHPACEW035334)),(GWHPACDY036481,GWHPACEJ036546)),GWHPACDZ034581);
((GLYMA_ZH13_09G053600_1_P,GWHPACEH035520),((((((GWHPACEU035582,GWHPACEI036565),GLYMA_09G057000_1),GWHPACEC033505),GWHPACEE035258),(GWHPACEK032086,GWHPACEW035334)),(GWHPACDY036481,GWHPACEJ036546)),GWHPACDZ034581);
((GWHPACEC033505,((GWHPACDY036481,GWHPACEJ036546),GLYMA_09G057000_1)),((((((GLYMA_ZH13_09G053600_1_P,GWHPACEH035520),GWHPACEW035334),GWHPACEK032086),GWHPACEE035258),GWHPACEU035582),GWHPACEI036565),GWHPACDZ034581);
(GLYMA_ZH13_09G053600_1_P,(((GWHPACEH035520,((GWHPACEK032086,((GWHPACEW035334,(GLYMA_09G057000_1,GWHPACEU035582)),GWHPACEC033505)),GWHPACEE035258)),GWHPACEI036565),(GWHPACDY036481,GWHPACEJ036546)),GWHPACDZ034581);
(GLYMA_ZH13_09G053600_1_P,(((GWHPACEH035520,((GWHPACEK032086,((GWHPACEW035334,(GLYMA_09G057000_1,GWHPACEU035582)),GWHPACEC033505)),GWHPACEE035258)),GWHPACEI036565),(GWHPACDY036481,GWHPACEJ036546)),GWHPACDZ034581);
(((((((GWHPACEC033505,(GWHPACEE035258,((GWHPACEJ036546,GWHPACDY036481),GLYMA_09G057000_1))),GWHPACEW035334),GWHPACEH035520),GWHPACEU035582),GWHPACEK032086),GWHPACEI036565),GLYMA_ZH13_09G053600_1_P,GWHPACDZ034581);
(((((((GWHPACEC033505,(GWHPACEE035258,((GWHPACEJ036546,GWHPACDY036481),GLYMA_09G057000_1))),GWHPACEW035334),GWHPACEH035520),GWHPACEU035582),GWHPACEK032086),GWHPACEI036565),GLYMA_ZH13_09G053600_1_P,GWHPACDZ034581);
(((((((GWHPACEC033505,(GWHPACEE035258,((GWHPACEJ036546,GWHPACDY036481),GLYMA_09G057000_1))),GWHPACEW035334),GWHPACEH035520),GWHPACEU035582),GWHPACEK032086),GWHPACEI036565),GLYMA_ZH13_09G053600_1_P,GWHPACDZ034581);
((((GWHPACEJ036546,GWHPACDY036481),(((GWHPACEH035520,GWHPACEW035334),(GWHPACEE035258,GLYMA_09G057000_1)),GWHPACEC033505)),GWHPACEU035582),((GLYMA_ZH13_09G053600_1_P,GWHPACEK032086),GWHPACEI036565),GWHPACDZ034581);
((GWHPACEI036565,GLYMA_09G057000_1),((GWHPACEC033505,(GWHPACEH035520,((GWHPACEU035582,GLYMA_ZH13_09G053600_1_P),(GWHPACEJ036546,GWHPACDY036481)))),((GWHPACEK032086,GWHPACEE035258),GWHPACEW035334)),GWHPACDZ034581);
(((GWHPACEJ036546,GWHPACDY036481),(GWHPACEC033505,(((GWHPACEW035334,(GWHPACEE035258,GLYMA_ZH13_09G053600_1_P)),GWHPACEU035582),GWHPACEH035520))),((GLYMA_09G057000_1,GWHPACEK032086),GWHPACEI036565),GWHPACDZ034581);
(GWHPACEK032086,(((GWHPACEE035258,GWHPACEU035582),((GWHPACEC033505,((GWHPACEH035520,GWHPACEI036565),GLYMA_09G057000_1)),(GWHPACEW035334,(GWHPACEJ036546,GWHPACDY036481)))),GLYMA_ZH13_09G053600_1_P),GWHPACDZ034581);
(GWHPACEK032086,(((GWHPACEE035258,GWHPACEU035582),((GWHPACEC033505,((GWHPACEH035520,GWHPACEI036565),GLYMA_09G057000_1)),(GWHPACEW035334,(GWHPACEJ036546,GWHPACDY036481)))),GLYMA_ZH13_09G053600_1_P),GWHPACDZ034581);
(GWHPACEK032086,(((GWHPACEE035258,GWHPACEU035582),((GWHPACEC033505,((GWHPACEH035520,GWHPACEI036565),GLYMA_09G057000_1)),(GWHPACEW035334,(GWHPACEJ036546,GWHPACDY036481)))),GLYMA_ZH13_09G053600_1_P),GWHPACDZ034581);
(GWHPACEK032086,(((GWHPACEE035258,GWHPACEU035582),((GWHPACEC033505,((GWHPACEH035520,GWHPACEI036565),GLYMA_09G057000_1)),(GWHPACEW035334,(GWHPACEJ036546,GWHPACDY036481)))),GLYMA_ZH13_09G053600_1_P),GWHPACDZ034581);
(((GWHPACEJ036546,GWHPACDY036481),((GWHPACEH035520,((GWHPACEU035582,(GWHPACEC033505,(GLYMA_09G057000_1,GWHPACEK032086))),GWHPACEE035258)),GWHPACEW035334)),(GWHPACEI036565,GLYMA_ZH13_09G053600_1_P),GWHPACDZ034581);
((GWHPACEI036565,((GWHPACEK032086,((GWHPACEJ036546,GWHPACDY036481),GLYMA_ZH13_09G053600_1_P)),GWHPACEE035258)),((GWHPACEH035520,((GWHPACEW035334,GLYMA_09G057000_1),GWHPACEU035582)),GWHPACEC033505),GWHPACDZ034581);
((GWHPACEH035520,GLYMA_ZH13_09G053600_1_P),((((GWHPACEJ036546,GWHPACDY036481),(GWHPACEU035582,(GLYMA_09G057000_1,(GWHPACEI036565,GWHPACEW035334)))),GWHPACEC033505),(GWHPACEK032086,GWHPACEE035258)),GWHPACDZ034581);
((GWHPACEH035520,GLYMA_ZH13_09G053600_1_P),((((GWHPACEJ036546,GWHPACDY036481),(GWHPACEU035582,(GLYMA_09G057000_1,(GWHPACEI036565,GWHPACEW035334)))),GWHPACEC033505),(GWHPACEK032086,GWHPACEE035258)),GWHPACDZ034581);
((GWHPACEH035520,GLYMA_ZH13_09G053600_1_P),((((GWHPACEJ036546,GWHPACDY036481),(GWHPACEU035582,(GLYMA_09G057000_1,(GWHPACEI036565,GWHPACEW035334)))),GWHPACEC033505),(GWHPACEK032086,GWHPACEE035258)),GWHPACDZ034581);
((GWHPACEH035520,GLYMA_ZH13_09G053600_1_P),((((GWHPACEJ036546,GWHPACDY036481),(GWHPACEU035582,(GLYMA_09G057000_1,(GWHPACEI036565,GWHPACEW035334)))),GWHPACEC033505),(GWHPACEK032086,GWHPACEE035258)),GWHPACDZ034581);
((GWHPACEH035520,GLYMA_ZH13_09G053600_1_P),((((GWHPACEJ036546,GWHPACDY036481),(GWHPACEU035582,(GLYMA_09G057000_1,(GWHPACEI036565,GWHPACEW035334)))),GWHPACEC033505),(GWHPACEK032086,GWHPACEE035258)),GWHPACDZ034581);
(((GWHPACEJ036546,GWHPACDY036481),GLYMA_09G057000_1),(GWHPACEC033505,(GWHPACEH035520,((GWHPACEW035334,GWHPACEU035582),(((GWHPACEE035258,GWHPACEK032086),GWHPACEI036565),GLYMA_ZH13_09G053600_1_P)))),GWHPACDZ034581);
((((GWHPACEI036565,(GWHPACEH035520,((GWHPACEE035258,(GWHPACEK032086,GWHPACEW035334)),(GLYMA_09G057000_1,GWHPACEC033505)))),(GWHPACEJ036546,GWHPACDY036481)),GLYMA_ZH13_09G053600_1_P),GWHPACEU035582,GWHPACDZ034581);
((((GWHPACEI036565,(GWHPACEH035520,((GWHPACEE035258,(GWHPACEK032086,GWHPACEW035334)),(GLYMA_09G057000_1,GWHPACEC033505)))),(GWHPACEJ036546,GWHPACDY036481)),GLYMA_ZH13_09G053600_1_P),GWHPACEU035582,GWHPACDZ034581);
((GWHPACEU035582,((GWHPACEC033505,(GWHPACEW035334,((GWHPACEJ036546,GWHPACDY036481),GLYMA_09G057000_1))),(GWHPACEI036565,GWHPACEH035520))),((GLYMA_ZH13_09G053600_1_P,GWHPACEK032086),GWHPACEE035258),GWHPACDZ034581);
(((((GWHPACEW035334,(GWHPACEI036565,(GWHPACEH035520,(GWHPACEK032086,GLYMA_09G057000_1)))),(GWHPACEU035582,GWHPACEE035258)),(GWHPACEJ036546,GWHPACDY036481)),GLYMA_ZH13_09G053600_1_P),GWHPACEC033505,GWHPACDZ034581);
(GLYMA_ZH13_09G053600_1_P,((((((GWHPACEC033505,(GWHPACEE035258,(GLYMA_09G057000_1,GWHPACEH035520))),(GWHPACEJ036546,GWHPACDY036481)),GWHPACEK032086),GWHPACEI036565),GWHPACEW035334),GWHPACEU035582),GWHPACDZ034581);
((((GWHPACEE035258,GLYMA_ZH13_09G053600_1_P),GWHPACEW035334),GWHPACEI036565),(GWHPACEC033505,((GWHPACEJ036546,GWHPACDY036481),(((GLYMA_09G057000_1,GWHPACEU035582),GWHPACEH035520),GWHPACEK032086))),GWHPACDZ034581);
((GWHPACEC033505,(GWHPACEK032086,((GWHPACEJ036546,GWHPACDY036481),GLYMA_09G057000_1))),(GWHPACEU035582,((GWHPACEH035520,((GLYMA_ZH13_09G053600_1_P,GWHPACEW035334),GWHPACEI036565)),GWHPACEE035258)),GWHPACDZ034581);
((GWHPACEK032086,(GLYMA_ZH13_09G053600_1_P,(GWHPACEJ036546,GWHPACDY036481))),(((GWHPACEC033505,((GWHPACEE035258,(GWHPACEH035520,GLYMA_09G057000_1)),GWHPACEI036565)),GWHPACEU035582),GWHPACEW035334),GWHPACDZ034581);
(GWHPACEE035258,(((GWHPACEC033505,((GWHPACEJ036546,GWHPACDY036481),((GWHPACEW035334,(GWHPACEK032086,(GLYMA_09G057000_1,GWHPACEH035520))),GWHPACEU035582))),GWHPACEI036565),GLYMA_ZH13_09G053600_1_P),GWHPACDZ034581);
((GWHPACEI036565,(((GWHPACEJ036546,GWHPACDY036481),GLYMA_09G057000_1),GWHPACEE035258)),(GWHPACEH035520,(GWHPACEK032086,(GWHPACEW035334,(GLYMA_ZH13_09G053600_1_P,(GWHPACEC033505,GWHPACEU035582))))),GWHPACDZ034581);
(((((((GWHPACEU035582,(GWHPACEK032086,(GWHPACEE035258,GLYMA_ZH13_09G053600_1_P))),GWHPACEI036565),GWHPACEW035334),GWHPACEC033505),(GWHPACEJ036546,GWHPACDY036481)),GWHPACEH035520),GLYMA_09G057000_1,GWHPACDZ034581);
(GLYMA_ZH13_09G053600_1_P,((GWHPACEK032086,((GWHPACEU035582,(GWHPACEC033505,(GWHPACEW035334,(GWHPACEH035520,(GWHPACEI036565,GLYMA_09G057000_1))))),GWHPACEE035258)),(GWHPACEJ036546,GWHPACDY036481)),GWHPACDZ034581);
((GLYMA_09G057000_1,GWHPACEH035520),((GWHPACDY036481,GWHPACEJ036546),(((GWHPACEU035582,(GWHPACEI036565,GLYMA_ZH13_09G053600_1_P)),(GWHPACEK032086,GWHPACEC033505)),(GWHPACEE035258,GWHPACEW035334))),GWHPACDZ034581);
(((GWHPACDY036481,GWHPACEJ036546),((GLYMA_09G057000_1,GWHPACEK032086),GWHPACEH035520)),(GWHPACEI036565,(((GWHPACEU035582,GLYMA_ZH13_09G053600_1_P),GWHPACEC033505),(GWHPACEE035258,GWHPACEW035334))),GWHPACDZ034581);
(((GWHPACDY036481,GWHPACEJ036546),((GLYMA_09G057000_1,GWHPACEK032086),GWHPACEH035520)),(GWHPACEI036565,(((GWHPACEU035582,GLYMA_ZH13_09G053600_1_P),GWHPACEC033505),(GWHPACEE035258,GWHPACEW035334))),GWHPACDZ034581);
(((GWHPACDY036481,GWHPACEJ036546),((GLYMA_09G057000_1,GWHPACEK032086),GWHPACEH035520)),(GWHPACEI036565,(((GWHPACEU035582,GLYMA_ZH13_09G053600_1_P),GWHPACEC033505),(GWHPACEE035258,GWHPACEW035334))),GWHPACDZ034581);
(((GWHPACDY036481,GWHPACEJ036546),((GLYMA_09G057000_1,GWHPACEK032086),GWHPACEH035520)),(GWHPACEI036565,(((GWHPACEU035582,GLYMA_ZH13_09G053600_1_P),GWHPACEC033505),(GWHPACEE035258,GWHPACEW035334))),GWHPACDZ034581);
(((GWHPACDY036481,GWHPACEJ036546),((GLYMA_09G057000_1,GWHPACEK032086),GWHPACEH035520)),(GWHPACEI036565,(((GWHPACEU035582,GLYMA_ZH13_09G053600_1_P),GWHPACEC033505),(GWHPACEE035258,GWHPACEW035334))),GWHPACDZ034581);
(((GWHPACDY036481,GWHPACEJ036546),((GLYMA_09G057000_1,GWHPACEK032086),GWHPACEH035520)),(GWHPACEI036565,(((GWHPACEU035582,GLYMA_ZH13_09G053600_1_P),GWHPACEC033505),(GWHPACEE035258,GWHPACEW035334))),GWHPACDZ034581);
((GWHPACEU035582,(GWHPACEK032086,((GWHPACDY036481,GWHPACEJ036546),(((GWHPACEC033505,(GWHPACEW035334,GLYMA_09G057000_1)),GWHPACEI036565),GWHPACEH035520)))),(GLYMA_ZH13_09G053600_1_P,GWHPACEE035258),GWHPACDZ034581);
(((GWHPACDY036481,GWHPACEJ036546),GLYMA_ZH13_09G053600_1_P),(((((GWHPACEH035520,GWHPACEU035582),GLYMA_09G057000_1),(GWHPACEW035334,GWHPACEI036565)),GWHPACEK032086),(GWHPACEC033505,GWHPACEE035258)),GWHPACDZ034581);
(((GWHPACEU035582,GWHPACEI036565),(GLYMA_ZH13_09G053600_1_P,GWHPACEC033505)),((GWHPACEW035334,GWHPACEE035258),(((GWHPACDY036481,GWHPACEJ036546),GLYMA_09G057000_1),(GWHPACEK032086,GWHPACEH035520))),GWHPACDZ034581);
((GWHPACEK032086,(GWHPACEI036565,((GWHPACDY036481,GWHPACEJ036546),GLYMA_ZH13_09G053600_1_P))),(GWHPACEH035520,(GWHPACEU035582,((GWHPACEC033505,(GWHPACEE035258,GLYMA_09G057000_1)),GWHPACEW035334))),GWHPACDZ034581);
((GWHPACEK032086,(GWHPACEI036565,((GWHPACDY036481,GWHPACEJ036546),GLYMA_ZH13_09G053600_1_P))),(GWHPACEH035520,(GWHPACEU035582,((GWHPACEC033505,(GWHPACEE035258,GLYMA_09G057000_1)),GWHPACEW035334))),GWHPACDZ034581);
(((GWHPACDY036481,GWHPACEJ036546),(GWHPACEH035520,GLYMA_09G057000_1)),(((GWHPACEK032086,GWHPACEI036565),GWHPACEU035582),(((GWHPACEC033505,GLYMA_ZH13_09G053600_1_P),GWHPACEE035258),GWHPACEW035334)),GWHPACDZ034581);
(((GWHPACDY036481,GWHPACEJ036546),(GWHPACEH035520,GLYMA_09G057000_1)),(((GWHPACEK032086,GWHPACEI036565),GWHPACEU035582),(((GWHPACEC033505,GLYMA_ZH13_09G053600_1_P),GWHPACEE035258),GWHPACEW035334)),GWHPACDZ034581);
(((GWHPACDY036481,GWHPACEJ036546),(GWHPACEH035520,GLYMA_09G057000_1)),(((GWHPACEK032086,GWHPACEI036565),GWHPACEU035582),(((GWHPACEC033505,GLYMA_ZH13_09G053600_1_P),GWHPACEE035258),GWHPACEW035334)),GWHPACDZ034581);
(((GWHPACEI036565,GWHPACEH035520),(((GWHPACEK032086,GWHPACEW035334),((GWHPACEU035582,(GWHPACEC033505,GLYMA_09G057000_1)),(GWHPACDY036481,GWHPACEJ036546))),GLYMA_ZH13_09G053600_1_P)),GWHPACEE035258,GWHPACDZ034581);
((GWHPACEW035334,GLYMA_09G057000_1),((GWHPACEK032086,GWHPACEU035582),((GWHPACDY036481,GWHPACEJ036546),(GWHPACEC033505,(GWHPACEI036565,(GWHPACEE035258,(GWHPACEH035520,GLYMA_ZH13_09G053600_1_P)))))),GWHPACDZ034581);
(((((GWHPACDY036481,GWHPACEJ036546),GLYMA_09G057000_1),(GWHPACEC033505,((GWHPACEW035334,(GWHPACEU035582,GWHPACEH035520)),(GWHPACEE035258,GLYMA_ZH13_09G053600_1_P)))),GWHPACEK032086),GWHPACEI036565,GWHPACDZ034581);
(((((GWHPACDY036481,GWHPACEJ036546),GLYMA_09G057000_1),(GWHPACEC033505,((GWHPACEW035334,(GWHPACEU035582,GWHPACEH035520)),(GWHPACEE035258,GLYMA_ZH13_09G053600_1_P)))),GWHPACEK032086),GWHPACEI036565,GWHPACDZ034581);
(((((GWHPACDY036481,GWHPACEJ036546),GLYMA_09G057000_1),(GWHPACEC033505,((GWHPACEW035334,(GWHPACEU035582,GWHPACEH035520)),(GWHPACEE035258,GLYMA_ZH13_09G053600_1_P)))),GWHPACEK032086),GWHPACEI036565,GWHPACDZ034581);
(((GWHPACEC033505,(GWHPACEH035520,(GWHPACEU035582,GLYMA_ZH13_09G053600_1_P))),((GWHPACEI036565,GLYMA_09G057000_1),(GWHPACDY036481,GWHPACEJ036546))),(GWHPACEW035334,(GWHPACEK032086,GWHPACEE035258)),GWHPACDZ034581);
(GWHPACEW035334,(((((GLYMA_ZH13_09G053600_1_P,GWHPACEE035258),GWHPACEU035582),GWHPACEH035520),(GWHPACEC033505,((GWHPACDY036481,GWHPACEJ036546),(GWHPACEK032086,GLYMA_09G057000_1)))),GWHPACEI036565),GWHPACDZ034581);
(GWHPACEW035334,(((((GLYMA_ZH13_09G053600_1_P,GWHPACEE035258),GWHPACEU035582),GWHPACEH035520),(GWHPACEC033505,((GWHPACDY036481,GWHPACEJ036546),(GWHPACEK032086,GLYMA_09G057000_1)))),GWHPACEI036565),GWHPACDZ034581);
(GWHPACEW035334,(((((GLYMA_ZH13_09G053600_1_P,GWHPACEE035258),GWHPACEU035582),GWHPACEH035520),(GWHPACEC033505,((GWHPACDY036481,GWHPACEJ036546),(GWHPACEK032086,GLYMA_09G057000_1)))),GWHPACEI036565),GWHPACDZ034581);
(GWHPACEW035334,(((((GLYMA_ZH13_09G053600_1_P,GWHPACEE035258),GWHPACEU035582),GWHPACEH035520),(GWHPACEC033505,((GWHPACDY036481,GWHPACEJ036546),(GWHPACEK032086,GLYMA_09G057000_1)))),GWHPACEI036565),GWHPACDZ034581);
(GWHPACEW035334,(((((GLYMA_ZH13_09G053600_1_P,GWHPACEE035258),GWHPACEU035582),GWHPACEH035520),(GWHPACEC033505,((GWHPACDY036481,GWHPACEJ036546),(GWHPACEK032086,GLYMA_09G057000_1)))),GWHPACEI036565),GWHPACDZ034581);
(((GWHPACDY036481,GWHPACEJ036546),((GWHPACEE035258,GLYMA_09G057000_1),GWHPACEW035334)),(GWHPACEI036565,(GWHPACEU035582,(GWHPACEH035520,(GWHPACEK032086,(GLYMA_ZH13_09G053600_1_P,GWHPACEC033505))))),GWHPACDZ034581);
((GLYMA_ZH13_09G053600_1_P,(GWHPACDY036481,GWHPACEJ036546)),(GWHPACEU035582,(GWHPACEW035334,((GWHPACEH035520,((GWHPACEC033505,(GLYMA_09G057000_1,GWHPACEE035258)),GWHPACEK032086)),GWHPACEI036565))),GWHPACDZ034581);
((GLYMA_ZH13_09G053600_1_P,(GWHPACDY036481,GWHPACEJ036546)),(GWHPACEU035582,(GWHPACEW035334,((GWHPACEH035520,((GWHPACEC033505,(GLYMA_09G057000_1,GWHPACEE035258)),GWHPACEK032086)),GWHPACEI036565))),GWHPACDZ034581);
((GLYMA_ZH13_09G053600_1_P,(GWHPACDY036481,GWHPACEJ036546)),(GWHPACEU035582,(GWHPACEW035334,((GWHPACEH035520,((GWHPACEC033505,(GLYMA_09G057000_1,GWHPACEE035258)),GWHPACEK032086)),GWHPACEI036565))),GWHPACDZ034581);
(GWHPACEI036565,((GWHPACEU035582,(GWHPACEH035520,(GWHPACEK032086,GLYMA_ZH13_09G053600_1_P))),(((GWHPACEJ036546,GWHPACDY036481),((GWHPACEE035258,GLYMA_09G057000_1),GWHPACEW035334)),GWHPACEC033505)),GWHPACDZ034581);
(((GWHPACEJ036546,GWHPACDY036481),(((GLYMA_09G057000_1,GWHPACEI036565),GWHPACEE035258),GWHPACEW035334)),((((GWHPACEC033505,GLYMA_ZH13_09G053600_1_P),GWHPACEK032086),GWHPACEU035582),GWHPACEH035520),GWHPACDZ034581);
(((GWHPACEJ036546,GWHPACDY036481),((GWHPACEH035520,(GWHPACEU035582,(GWHPACEE035258,GLYMA_ZH13_09G053600_1_P))),GWHPACEC033505)),((GWHPACEK032086,(GLYMA_09G057000_1,GWHPACEW035334)),GWHPACEI036565),GWHPACDZ034581);
((GWHPACEH035520,((GWHPACEK032086,((GWHPACEU035582,(GWHPACEI036565,(GWHPACEE035258,((GWHPACEJ036546,GWHPACDY036481),GLYMA_ZH13_09G053600_1_P)))),GWHPACEC033505)),GLYMA_09G057000_1)),GWHPACEW035334,GWHPACDZ034581);
((((GWHPACEC033505,((((GLYMA_09G057000_1,GWHPACEI036565),GWHPACEK032086),GWHPACEE035258),(GWHPACEJ036546,GWHPACDY036481))),GWHPACEW035334),GWHPACEH035520),(GWHPACEU035582,GLYMA_ZH13_09G053600_1_P),GWHPACDZ034581);
((((GWHPACEW035334,(GWHPACEI036565,((GWHPACEE035258,GWHPACEH035520),(GWHPACEC033505,(GWHPACEK032086,GLYMA_09G057000_1))))),GWHPACEU035582),(GWHPACEJ036546,GWHPACDY036481)),GLYMA_ZH13_09G053600_1_P,GWHPACDZ034581);
((((GWHPACEW035334,(GWHPACEI036565,((GWHPACEE035258,GWHPACEH035520),(GWHPACEC033505,(GWHPACEK032086,GLYMA_09G057000_1))))),GWHPACEU035582),(GWHPACEJ036546,GWHPACDY036481)),GLYMA_ZH13_09G053600_1_P,GWHPACDZ034581);
((GWHPACEU035582,(GWHPACEE035258,(GLYMA_09G057000_1,GWHPACEW035334))),(GWHPACEK032086,(GWHPACEC033505,((GWHPACEJ036546,GWHPACDY036481),(GWHPACEI036565,(GLYMA_ZH13_09G053600_1_P,GWHPACEH035520))))),GWHPACDZ034581);
((GWHPACEU035582,(GWHPACEI036565,(GWHPACEH035520,(GLYMA_09G057000_1,GWHPACEK032086)))),((GWHPACEC033505,((GWHPACEE035258,GWHPACEW035334),GLYMA_ZH13_09G053600_1_P)),(GWHPACEJ036546,GWHPACDY036481)),GWHPACDZ034581);
((((GWHPACEC033505,((GWHPACEJ036546,GWHPACDY036481),(GWHPACEI036565,((GWHPACEU035582,GWHPACEK032086),GLYMA_ZH13_09G053600_1_P)))),GWHPACEH035520),GWHPACEW035334),(GWHPACEE035258,GLYMA_09G057000_1),GWHPACDZ034581);
