((GLYMA_ZH13_16G142600_1_P,(GWHPACEN065932,GWHPACDY068547)),GLYMA_16G159700_1,W05_GLYSO_16G043874_1_P);
((GLYMA_ZH13_16G142600_1_P,(GWHPACEN065932,GWHPACDY068547)),GLYMA_16G159700_1,W05_GLYSO_16G043874_1_P);
((GWHPACEN065932,(GWHPACDY068547,GLYMA_ZH13_16G142600_1_P)),GLYMA_16G159700_1,W05_GLYSO_16G043874_1_P);
(GLYMA_ZH13_16G142600_1_P,((GWHPACEN065932,GWHPACDY068547),GLYMA_16G159700_1),W05_GLYSO_16G043874_1_P);
(GLYMA_ZH13_16G142600_1_P,((GWHPACEN065932,GWHPACDY068547),GLYMA_16G159700_1),W05_GLYSO_16G043874_1_P);
(GLYMA_16G159700_1,(GLYMA_ZH13_16G142600_1_P,(GWHPACEN065932,GWHPACDY068547)),W05_GLYSO_16G043874_1_P);
(GLYMA_16G159700_1,(GLYMA_ZH13_16G142600_1_P,(GWHPACEN065932,GWHPACDY068547)),W05_GLYSO_16G043874_1_P);
(GLYMA_ZH13_16G142600_1_P,((GWHPACEN065932,GWHPACDY068547),GLYMA_16G159700_1),W05_GLYSO_16G043874_1_P);
(GLYMA_ZH13_16G142600_1_P,((GWHPACEN065932,GWHPACDY068547),GLYMA_16G159700_1),W05_GLYSO_16G043874_1_P);
(GLYMA_16G159700_1,(GLYMA_ZH13_16G142600_1_P,(GWHPACEN065932,GWHPACDY068547)),W05_GLYSO_16G043874_1_P);
(GLYMA_16G159700_1,((GWHPACDY068547,GWHPACEN065932),GLYMA_ZH13_16G142600_1_P),W05_GLYSO_16G043874_1_P);
(GLYMA_ZH13_16G142600_1_P,(GLYMA_16G159700_1,(GWHPACDY068547,GWHPACEN065932)),W05_GLYSO_16G043874_1_P);
(GLYMA_ZH13_16G142600_1_P,(GLYMA_16G159700_1,(GWHPACDY068547,GWHPACEN065932)),W05_GLYSO_16G043874_1_P);
(GLYMA_ZH13_16G142600_1_P,(GLYMA_16G159700_1,(GWHPACDY068547,GWHPACEN065932)),W05_GLYSO_16G043874_1_P);
(GLYMA_16G159700_1,((GWHPACDY068547,GWHPACEN065932),GLYMA_ZH13_16G142600_1_P),W05_GLYSO_16G043874_1_P);
(GLYMA_ZH13_16G142600_1_P,(GLYMA_16G159700_1,(GWHPACDY068547,GWHPACEN065932)),W05_GLYSO_16G043874_1_P);
(GLYMA_ZH13_16G142600_1_P,(GLYMA_16G159700_1,(GWHPACDY068547,GWHPACEN065932)),W05_GLYSO_16G043874_1_P);
(GLYMA_ZH13_16G142600_1_P,(GLYMA_16G159700_1,(GWHPACDY068547,GWHPACEN065932)),W05_GLYSO_16G043874_1_P);
(GLYMA_16G159700_1,((GWHPACDY068547,GWHPACEN065932),GLYMA_ZH13_16G142600_1_P),W05_GLYSO_16G043874_1_P);
(GLYMA_ZH13_16G142600_1_P,(GLYMA_16G159700_1,(GWHPACDY068547,GWHPACEN065932)),W05_GLYSO_16G043874_1_P);
(GLYMA_16G159700_1,((GWHPACDY068547,GWHPACEN065932),GLYMA_ZH13_16G142600_1_P),W05_GLYSO_16G043874_1_P);
(GLYMA_ZH13_16G142600_1_P,(GLYMA_16G159700_1,(GWHPACDY068547,GWHPACEN065932)),W05_GLYSO_16G043874_1_P);
(GLYMA_ZH13_16G142600_1_P,(GLYMA_16G159700_1,(GWHPACDY068547,GWHPACEN065932)),W05_GLYSO_16G043874_1_P);
(GLYMA_16G159700_1,((GWHPACDY068547,GWHPACEN065932),GLYMA_ZH13_16G142600_1_P),W05_GLYSO_16G043874_1_P);
(GLYMA_ZH13_16G142600_1_P,(GLYMA_16G159700_1,(GWHPACDY068547,GWHPACEN065932)),W05_GLYSO_16G043874_1_P);
(GLYMA_ZH13_16G142600_1_P,(GLYMA_16G159700_1,(GWHPACDY068547,GWHPACEN065932)),W05_GLYSO_16G043874_1_P);
(GLYMA_ZH13_16G142600_1_P,(GLYMA_16G159700_1,(GWHPACDY068547,GWHPACEN065932)),W05_GLYSO_16G043874_1_P);
(GLYMA_16G159700_1,((GWHPACDY068547,GWHPACEN065932),GLYMA_ZH13_16G142600_1_P),W05_GLYSO_16G043874_1_P);
(GLYMA_16G159700_1,((GWHPACDY068547,GWHPACEN065932),GLYMA_ZH13_16G142600_1_P),W05_GLYSO_16G043874_1_P);
(GLYMA_ZH13_16G142600_1_P,(GLYMA_16G159700_1,(GWHPACDY068547,GWHPACEN065932)),W05_GLYSO_16G043874_1_P);
(GLYMA_16G159700_1,(GLYMA_ZH13_16G142600_1_P,(GWHPACEN065932,GWHPACDY068547)),W05_GLYSO_16G043874_1_P);
(GLYMA_16G159700_1,(GLYMA_ZH13_16G142600_1_P,(GWHPACEN065932,GWHPACDY068547)),W05_GLYSO_16G043874_1_P);
(GLYMA_16G159700_1,(GLYMA_ZH13_16G142600_1_P,(GWHPACEN065932,GWHPACDY068547)),W05_GLYSO_16G043874_1_P);
(GLYMA_16G159700_1,(GLYMA_ZH13_16G142600_1_P,(GWHPACEN065932,GWHPACDY068547)),W05_GLYSO_16G043874_1_P);
(GLYMA_16G159700_1,(GLYMA_ZH13_16G142600_1_P,(GWHPACEN065932,GWHPACDY068547)),W05_GLYSO_16G043874_1_P);
(GLYMA_16G159700_1,(GWHPACEN065932,(GWHPACDY068547,GLYMA_ZH13_16G142600_1_P)),W05_GLYSO_16G043874_1_P);
(GLYMA_16G159700_1,((GWHPACEN065932,GWHPACDY068547),GLYMA_ZH13_16G142600_1_P),W05_GLYSO_16G043874_1_P);
(GLYMA_16G159700_1,((GWHPACEN065932,GWHPACDY068547),GLYMA_ZH13_16G142600_1_P),W05_GLYSO_16G043874_1_P);
((GLYMA_16G159700_1,(GWHPACEN065932,GWHPACDY068547)),GLYMA_ZH13_16G142600_1_P,W05_GLYSO_16G043874_1_P);
(GLYMA_16G159700_1,((GWHPACEN065932,GWHPACDY068547),GLYMA_ZH13_16G142600_1_P),W05_GLYSO_16G043874_1_P);
(GLYMA_16G159700_1,((GWHPACDY068547,GWHPACEN065932),GLYMA_ZH13_16G142600_1_P),W05_GLYSO_16G043874_1_P);
(GLYMA_16G159700_1,((GWHPACDY068547,GWHPACEN065932),GLYMA_ZH13_16G142600_1_P),W05_GLYSO_16G043874_1_P);
(GLYMA_ZH13_16G142600_1_P,(GLYMA_16G159700_1,(GWHPACDY068547,GWHPACEN065932)),W05_GLYSO_16G043874_1_P);
(GLYMA_ZH13_16G142600_1_P,(GLYMA_16G159700_1,(GWHPACDY068547,GWHPACEN065932)),W05_GLYSO_16G043874_1_P);
(GLYMA_16G159700_1,((GWHPACDY068547,GWHPACEN065932),GLYMA_ZH13_16G142600_1_P),W05_GLYSO_16G043874_1_P);
(GLYMA_16G159700_1,((GWHPACDY068547,GWHPACEN065932),GLYMA_ZH13_16G142600_1_P),W05_GLYSO_16G043874_1_P);
(GLYMA_ZH13_16G142600_1_P,(GLYMA_16G159700_1,(GWHPACDY068547,GWHPACEN065932)),W05_GLYSO_16G043874_1_P);
(GLYMA_16G159700_1,((GLYMA_ZH13_16G142600_1_P,GWHPACDY068547),GWHPACEN065932),W05_GLYSO_16G043874_1_P);
((GLYMA_16G159700_1,(GWHPACDY068547,GWHPACEN065932)),GLYMA_ZH13_16G142600_1_P,W05_GLYSO_16G043874_1_P);
(GLYMA_16G159700_1,((GWHPACDY068547,GWHPACEN065932),GLYMA_ZH13_16G142600_1_P),W05_GLYSO_16G043874_1_P);
(GLYMA_16G159700_1,((GWHPACEN065932,GWHPACDY068547),GLYMA_ZH13_16G142600_1_P),W05_GLYSO_16G043874_1_P);
(GLYMA_16G159700_1,((GWHPACEN065932,GWHPACDY068547),GLYMA_ZH13_16G142600_1_P),W05_GLYSO_16G043874_1_P);
(GLYMA_ZH13_16G142600_1_P,(GLYMA_16G159700_1,(GWHPACEN065932,GWHPACDY068547)),W05_GLYSO_16G043874_1_P);
(GLYMA_16G159700_1,((GWHPACEN065932,GWHPACDY068547),GLYMA_ZH13_16G142600_1_P),W05_GLYSO_16G043874_1_P);
(GLYMA_16G159700_1,(GWHPACEN065932,(GWHPACDY068547,GLYMA_ZH13_16G142600_1_P)),W05_GLYSO_16G043874_1_P);
((GLYMA_16G159700_1,(GWHPACEN065932,GWHPACDY068547)),GLYMA_ZH13_16G142600_1_P,W05_GLYSO_16G043874_1_P);
((GLYMA_16G159700_1,(GWHPACEN065932,GWHPACDY068547)),GLYMA_ZH13_16G142600_1_P,W05_GLYSO_16G043874_1_P);
((GLYMA_16G159700_1,(GWHPACEN065932,GWHPACDY068547)),GLYMA_ZH13_16G142600_1_P,W05_GLYSO_16G043874_1_P);
((GLYMA_16G159700_1,(GWHPACEN065932,GWHPACDY068547)),GLYMA_ZH13_16G142600_1_P,W05_GLYSO_16G043874_1_P);
(GLYMA_16G159700_1,((GWHPACEN065932,GWHPACDY068547),GLYMA_ZH13_16G142600_1_P),W05_GLYSO_16G043874_1_P);
(GLYMA_16G159700_1,(GLYMA_ZH13_16G142600_1_P,(GWHPACEN065932,GWHPACDY068547)),W05_GLYSO_16G043874_1_P);
(GLYMA_16G159700_1,(GLYMA_ZH13_16G142600_1_P,(GWHPACEN065932,GWHPACDY068547)),W05_GLYSO_16G043874_1_P);
(GLYMA_ZH13_16G142600_1_P,((GWHPACEN065932,GWHPACDY068547),GLYMA_16G159700_1),W05_GLYSO_16G043874_1_P);
(GLYMA_ZH13_16G142600_1_P,((GWHPACEN065932,GWHPACDY068547),GLYMA_16G159700_1),W05_GLYSO_16G043874_1_P);
(GLYMA_16G159700_1,(GLYMA_ZH13_16G142600_1_P,(GWHPACEN065932,GWHPACDY068547)),W05_GLYSO_16G043874_1_P);
(GLYMA_16G159700_1,(GLYMA_ZH13_16G142600_1_P,(GWHPACEN065932,GWHPACDY068547)),W05_GLYSO_16G043874_1_P);
(GLYMA_16G159700_1,(GLYMA_ZH13_16G142600_1_P,(GWHPACEN065932,GWHPACDY068547)),W05_GLYSO_16G043874_1_P);
(GLYMA_ZH13_16G142600_1_P,((GWHPACEN065932,GWHPACDY068547),GLYMA_16G159700_1),W05_GLYSO_16G043874_1_P);
(GLYMA_16G159700_1,(GLYMA_ZH13_16G142600_1_P,(GWHPACEN065932,GWHPACDY068547)),W05_GLYSO_16G043874_1_P);
(GLYMA_16G159700_1,(GLYMA_ZH13_16G142600_1_P,(GWHPACEN065932,GWHPACDY068547)),W05_GLYSO_16G043874_1_P);
(GLYMA_16G159700_1,(GLYMA_ZH13_16G142600_1_P,(GWHPACDY068547,GWHPACEN065932)),W05_GLYSO_16G043874_1_P);
(GLYMA_ZH13_16G142600_1_P,((GWHPACDY068547,GWHPACEN065932),GLYMA_16G159700_1),W05_GLYSO_16G043874_1_P);
((GLYMA_ZH13_16G142600_1_P,(GWHPACDY068547,GWHPACEN065932)),GLYMA_16G159700_1,W05_GLYSO_16G043874_1_P);
((GWHPACEN065932,(GLYMA_ZH13_16G142600_1_P,GWHPACDY068547)),GLYMA_16G159700_1,W05_GLYSO_16G043874_1_P);
(((GWHPACEN065932,GWHPACDY068547),GLYMA_16G159700_1),GLYMA_ZH13_16G142600_1_P,W05_GLYSO_16G043874_1_P);
(GLYMA_16G159700_1,(GLYMA_ZH13_16G142600_1_P,(GWHPACEN065932,GWHPACDY068547)),W05_GLYSO_16G043874_1_P);
(GLYMA_ZH13_16G142600_1_P,(GLYMA_16G159700_1,(GWHPACEN065932,GWHPACDY068547)),W05_GLYSO_16G043874_1_P);
(GLYMA_ZH13_16G142600_1_P,(GLYMA_16G159700_1,(GWHPACEN065932,GWHPACDY068547)),W05_GLYSO_16G043874_1_P);
(GLYMA_ZH13_16G142600_1_P,(GLYMA_16G159700_1,(GWHPACEN065932,GWHPACDY068547)),W05_GLYSO_16G043874_1_P);
(GLYMA_ZH13_16G142600_1_P,(GLYMA_16G159700_1,(GWHPACEN065932,GWHPACDY068547)),W05_GLYSO_16G043874_1_P);
(GLYMA_ZH13_16G142600_1_P,(GLYMA_16G159700_1,(GWHPACDY068547,GWHPACEN065932)),W05_GLYSO_16G043874_1_P);
(GLYMA_ZH13_16G142600_1_P,(GLYMA_16G159700_1,(GWHPACDY068547,GWHPACEN065932)),W05_GLYSO_16G043874_1_P);
(GLYMA_16G159700_1,((GLYMA_ZH13_16G142600_1_P,GWHPACDY068547),GWHPACEN065932),W05_GLYSO_16G043874_1_P);
((GLYMA_16G159700_1,(GWHPACDY068547,GWHPACEN065932)),GLYMA_ZH13_16G142600_1_P,W05_GLYSO_16G043874_1_P);
((GLYMA_16G159700_1,(GWHPACDY068547,GWHPACEN065932)),GLYMA_ZH13_16G142600_1_P,W05_GLYSO_16G043874_1_P);
(GLYMA_16G159700_1,((GWHPACDY068547,GWHPACEN065932),GLYMA_ZH13_16G142600_1_P),W05_GLYSO_16G043874_1_P);
(GLYMA_16G159700_1,(GWHPACEN065932,(GLYMA_ZH13_16G142600_1_P,GWHPACDY068547)),W05_GLYSO_16G043874_1_P);
(GLYMA_16G159700_1,(GWHPACEN065932,(GLYMA_ZH13_16G142600_1_P,GWHPACDY068547)),W05_GLYSO_16G043874_1_P);
((GLYMA_16G159700_1,(GWHPACEN065932,GWHPACDY068547)),GLYMA_ZH13_16G142600_1_P,W05_GLYSO_16G043874_1_P);
((GLYMA_16G159700_1,(GWHPACEN065932,GWHPACDY068547)),GLYMA_ZH13_16G142600_1_P,W05_GLYSO_16G043874_1_P);
(GLYMA_ZH13_16G142600_1_P,((GWHPACEN065932,GWHPACDY068547),GLYMA_16G159700_1),W05_GLYSO_16G043874_1_P);
(GLYMA_16G159700_1,(GLYMA_ZH13_16G142600_1_P,(GWHPACEN065932,GWHPACDY068547)),W05_GLYSO_16G043874_1_P);
(GLYMA_ZH13_16G142600_1_P,((GWHPACEN065932,GWHPACDY068547),GLYMA_16G159700_1),W05_GLYSO_16G043874_1_P);
(GLYMA_16G159700_1,(GLYMA_ZH13_16G142600_1_P,(GWHPACEN065932,GWHPACDY068547)),W05_GLYSO_16G043874_1_P);
(GLYMA_ZH13_16G142600_1_P,((GLYMA_16G159700_1,GWHPACEN065932),GWHPACDY068547),W05_GLYSO_16G043874_1_P);
(GLYMA_16G159700_1,(GLYMA_ZH13_16G142600_1_P,(GWHPACEN065932,GWHPACDY068547)),W05_GLYSO_16G043874_1_P);
(GLYMA_16G159700_1,(GLYMA_ZH13_16G142600_1_P,(GWHPACEN065932,GWHPACDY068547)),W05_GLYSO_16G043874_1_P);
(GLYMA_16G159700_1,(GLYMA_ZH13_16G142600_1_P,(GWHPACEN065932,GWHPACDY068547)),W05_GLYSO_16G043874_1_P);
(GLYMA_16G159700_1,(GLYMA_ZH13_16G142600_1_P,(GWHPACEN065932,GWHPACDY068547)),W05_GLYSO_16G043874_1_P);
(GLYMA_ZH13_16G142600_1_P,((GWHPACEN065932,GWHPACDY068547),GLYMA_16G159700_1),W05_GLYSO_16G043874_1_P);
