

IMPORTANT WARNING: Sequences GWHPACEH073128 and GWHPACEL069413 are exactly identical


IMPORTANT WARNING: Sequences GWHPACEH073128 and GWHPACEM072944 are exactly identical


IMPORTANT WARNING: Sequences GWHPACEH073128 and GWHPACEG072336 are exactly identical


IMPORTANT WARNING: Sequences GWHPACEH073128 and GWHPACEU073617 are exactly identical


IMPORTANT WARNING: Sequences GWHPACEH073128 and GWHPACEF069436 are exactly identical


IMPORTANT WARNING: Sequences GWHPACEH073128 and GWHPACEJ075143 are exactly identical


IMPORTANT WARNING: Sequences GWHPACEX068440 and GWHPACEP068828 are exactly identical


IMPORTANT WARNING: Sequences GWHPACEX068440 and GWHPACER067344 are exactly identical


IMPORTANT WARNING: Sequences GWHPACEX068440 and GWHPACET074034 are exactly identical


IMPORTANT WARNING: Sequences GWHPACEO073909 and GWHPACDZ071672 are exactly identical


IMPORTANT WARNING: Sequences GWHPACEO073909 and GWHPACEQ068372 are exactly identical


IMPORTANT WARNING: Sequences GWHPACEW072970 and GWHPACEI075561 are exactly identical

IMPORTANT WARNING
Found 12 sequences that are exactly identical to other sequences in the alignment.
Normally they should be excluded from the analysis.

Just in case you might need it, an alignment file with 
sequence duplicates removed is printed to file ../../RAxML_tree_pbNB-ARC/Clade_Refinement_1/Int13537_99_169_R_23.afa.reduced


This is RAxML version 8.2.12 released by Alexandros Stamatakis on May 2018.

With greatly appreciated code contributions by:
Andre Aberer      (HITS)
Simon Berger      (HITS)
Alexey Kozlov     (HITS)
Kassian Kobert    (HITS)
David Dao         (KIT and HITS)
Sarah Lutteropp   (KIT and HITS)
Nick Pattengale   (Sandia)
Wayne Pfeiffer    (SDSC)
Akifumi S. Tanabe (NRIFS)
Charlie Taylor    (UF)


Alignment has 272 distinct alignment patterns

Proportion of gaps and completely undetermined characters in this alignment: 18.78%

RAxML rapid bootstrapping and subsequent ML search

Using 1 distinct models/data partitions with joint branch length optimization



Executing 100 rapid bootstrap inferences and thereafter a thorough ML search 

All free model parameters will be estimated by RAxML
ML estimate of 25 per site rate categories

Likelihood of final tree will be evaluated and optimized under GAMMA

GAMMA Model parameters will be estimated up to an accuracy of 0.1000000000 Log Likelihood units

Partition: 0
Alignment Patterns: 272
Name: No Name Provided
DataType: AA
Substitution Matrix: JTT
Using fixed base frequencies




RAxML was called as follows:

/Users/prigozhin/Installers/standard-RAxML/raxmlHPC-PTHREADS-AVX -T 4 -n Int13537_99_169_R_23.Raxml.out -f a -x 12345 -p 12345 -# 100 -m PROTCATJTT -s ../../RAxML_tree_pbNB-ARC/Clade_Refinement_1/Int13537_99_169_R_23.afa 



Time for BS model parameter optimization 0.963403
Bootstrap[0]: Time 1.850400 seconds, bootstrap likelihood -3939.231088, best rearrangement setting 13
Bootstrap[1]: Time 0.821274 seconds, bootstrap likelihood -3985.316676, best rearrangement setting 13
Bootstrap[2]: Time 0.943717 seconds, bootstrap likelihood -4097.300610, best rearrangement setting 12
Bootstrap[3]: Time 0.355462 seconds, bootstrap likelihood -3979.985462, best rearrangement setting 15
Bootstrap[4]: Time 0.350328 seconds, bootstrap likelihood -3977.942501, best rearrangement setting 10
Bootstrap[5]: Time 0.333368 seconds, bootstrap likelihood -3922.760012, best rearrangement setting 10
Bootstrap[6]: Time 0.325535 seconds, bootstrap likelihood -3936.476948, best rearrangement setting 6
Bootstrap[7]: Time 0.324519 seconds, bootstrap likelihood -3874.134081, best rearrangement setting 14
Bootstrap[8]: Time 0.299973 seconds, bootstrap likelihood -3908.941994, best rearrangement setting 5
Bootstrap[9]: Time 0.318399 seconds, bootstrap likelihood -3917.127358, best rearrangement setting 7
Bootstrap[10]: Time 0.675761 seconds, bootstrap likelihood -4009.588145, best rearrangement setting 7
Bootstrap[11]: Time 0.303265 seconds, bootstrap likelihood -3997.170916, best rearrangement setting 5
Bootstrap[12]: Time 0.367345 seconds, bootstrap likelihood -3861.899942, best rearrangement setting 8
Bootstrap[13]: Time 0.366250 seconds, bootstrap likelihood -3971.559218, best rearrangement setting 7
Bootstrap[14]: Time 0.311867 seconds, bootstrap likelihood -3888.552216, best rearrangement setting 12
Bootstrap[15]: Time 0.318875 seconds, bootstrap likelihood -3841.749834, best rearrangement setting 15
Bootstrap[16]: Time 0.331945 seconds, bootstrap likelihood -3884.397295, best rearrangement setting 12
Bootstrap[17]: Time 0.315484 seconds, bootstrap likelihood -3925.450832, best rearrangement setting 12
Bootstrap[18]: Time 0.291478 seconds, bootstrap likelihood -3923.582594, best rearrangement setting 5
Bootstrap[19]: Time 0.393639 seconds, bootstrap likelihood -3957.182852, best rearrangement setting 8
Bootstrap[20]: Time 0.849148 seconds, bootstrap likelihood -3882.457500, best rearrangement setting 10
Bootstrap[21]: Time 0.745896 seconds, bootstrap likelihood -4033.166508, best rearrangement setting 6
Bootstrap[22]: Time 0.308777 seconds, bootstrap likelihood -4030.254237, best rearrangement setting 5
Bootstrap[23]: Time 0.686646 seconds, bootstrap likelihood -4007.082287, best rearrangement setting 7
Bootstrap[24]: Time 0.372069 seconds, bootstrap likelihood -3990.826106, best rearrangement setting 8
Bootstrap[25]: Time 0.309736 seconds, bootstrap likelihood -3896.376617, best rearrangement setting 6
Bootstrap[26]: Time 0.366891 seconds, bootstrap likelihood -3930.173855, best rearrangement setting 12
Bootstrap[27]: Time 0.366227 seconds, bootstrap likelihood -3987.197522, best rearrangement setting 10
Bootstrap[28]: Time 0.399196 seconds, bootstrap likelihood -3917.482230, best rearrangement setting 11
Bootstrap[29]: Time 0.322627 seconds, bootstrap likelihood -3938.397038, best rearrangement setting 12
Bootstrap[30]: Time 0.333846 seconds, bootstrap likelihood -3965.527060, best rearrangement setting 15
Bootstrap[31]: Time 0.375431 seconds, bootstrap likelihood -4019.090958, best rearrangement setting 15
Bootstrap[32]: Time 0.367586 seconds, bootstrap likelihood -3930.591975, best rearrangement setting 6
Bootstrap[33]: Time 0.336466 seconds, bootstrap likelihood -3989.566338, best rearrangement setting 15
Bootstrap[34]: Time 0.359704 seconds, bootstrap likelihood -3984.885222, best rearrangement setting 11
Bootstrap[35]: Time 0.382582 seconds, bootstrap likelihood -3955.774995, best rearrangement setting 8
Bootstrap[36]: Time 0.307230 seconds, bootstrap likelihood -3884.086877, best rearrangement setting 9
Bootstrap[37]: Time 0.940209 seconds, bootstrap likelihood -3924.976995, best rearrangement setting 11
Bootstrap[38]: Time 0.343094 seconds, bootstrap likelihood -3956.966582, best rearrangement setting 8
Bootstrap[39]: Time 0.710253 seconds, bootstrap likelihood -4072.276707, best rearrangement setting 13
Bootstrap[40]: Time 0.775659 seconds, bootstrap likelihood -3935.012543, best rearrangement setting 13
Bootstrap[41]: Time 0.324463 seconds, bootstrap likelihood -4006.935609, best rearrangement setting 10
Bootstrap[42]: Time 0.664913 seconds, bootstrap likelihood -4040.771555, best rearrangement setting 5
Bootstrap[43]: Time 0.316370 seconds, bootstrap likelihood -3944.310481, best rearrangement setting 14
Bootstrap[44]: Time 0.700199 seconds, bootstrap likelihood -3936.869411, best rearrangement setting 10
Bootstrap[45]: Time 0.369304 seconds, bootstrap likelihood -3960.366583, best rearrangement setting 15
Bootstrap[46]: Time 0.336512 seconds, bootstrap likelihood -4010.954686, best rearrangement setting 14
Bootstrap[47]: Time 0.362796 seconds, bootstrap likelihood -3931.376112, best rearrangement setting 8
Bootstrap[48]: Time 0.298206 seconds, bootstrap likelihood -3949.620931, best rearrangement setting 6
Bootstrap[49]: Time 0.422700 seconds, bootstrap likelihood -3867.090824, best rearrangement setting 7
Bootstrap[50]: Time 0.842131 seconds, bootstrap likelihood -3914.396052, best rearrangement setting 7
Bootstrap[51]: Time 1.192029 seconds, bootstrap likelihood -3957.122274, best rearrangement setting 11
Bootstrap[52]: Time 0.434198 seconds, bootstrap likelihood -3877.053583, best rearrangement setting 12
Bootstrap[53]: Time 0.319850 seconds, bootstrap likelihood -4002.026512, best rearrangement setting 8
Bootstrap[54]: Time 0.334412 seconds, bootstrap likelihood -3915.952717, best rearrangement setting 9
Bootstrap[55]: Time 0.320576 seconds, bootstrap likelihood -3932.156766, best rearrangement setting 11
Bootstrap[56]: Time 0.574787 seconds, bootstrap likelihood -3902.503036, best rearrangement setting 5
Bootstrap[57]: Time 0.851171 seconds, bootstrap likelihood -3899.011355, best rearrangement setting 7
Bootstrap[58]: Time 0.306871 seconds, bootstrap likelihood -3884.969856, best rearrangement setting 10
Bootstrap[59]: Time 0.336108 seconds, bootstrap likelihood -3949.027440, best rearrangement setting 9
Bootstrap[60]: Time 0.748221 seconds, bootstrap likelihood -3875.928317, best rearrangement setting 7
Bootstrap[61]: Time 0.274416 seconds, bootstrap likelihood -4014.309217, best rearrangement setting 5
Bootstrap[62]: Time 0.323516 seconds, bootstrap likelihood -3988.372066, best rearrangement setting 11
Bootstrap[63]: Time 0.323016 seconds, bootstrap likelihood -3949.575182, best rearrangement setting 12
Bootstrap[64]: Time 0.309369 seconds, bootstrap likelihood -3981.974545, best rearrangement setting 7
Bootstrap[65]: Time 0.285752 seconds, bootstrap likelihood -4065.269773, best rearrangement setting 5
Bootstrap[66]: Time 0.270220 seconds, bootstrap likelihood -3924.678452, best rearrangement setting 5
Bootstrap[67]: Time 0.396177 seconds, bootstrap likelihood -3871.607312, best rearrangement setting 15
Bootstrap[68]: Time 0.330517 seconds, bootstrap likelihood -3951.355705, best rearrangement setting 11
Bootstrap[69]: Time 0.327174 seconds, bootstrap likelihood -3970.308377, best rearrangement setting 5
Bootstrap[70]: Time 1.000000 seconds, bootstrap likelihood -3961.402175, best rearrangement setting 8
Bootstrap[71]: Time 0.427930 seconds, bootstrap likelihood -3906.962817, best rearrangement setting 10
Bootstrap[72]: Time 0.378759 seconds, bootstrap likelihood -3936.984472, best rearrangement setting 11
Bootstrap[73]: Time 0.335315 seconds, bootstrap likelihood -3973.246674, best rearrangement setting 9
Bootstrap[74]: Time 0.289516 seconds, bootstrap likelihood -3931.709870, best rearrangement setting 5
Bootstrap[75]: Time 0.380972 seconds, bootstrap likelihood -3994.470731, best rearrangement setting 8
Bootstrap[76]: Time 0.365991 seconds, bootstrap likelihood -3963.904210, best rearrangement setting 9
Bootstrap[77]: Time 0.328612 seconds, bootstrap likelihood -3967.391183, best rearrangement setting 11
Bootstrap[78]: Time 0.313277 seconds, bootstrap likelihood -3935.502646, best rearrangement setting 15
Bootstrap[79]: Time 0.341120 seconds, bootstrap likelihood -3938.239176, best rearrangement setting 9
Bootstrap[80]: Time 0.680765 seconds, bootstrap likelihood -3961.357135, best rearrangement setting 15
Bootstrap[81]: Time 0.330621 seconds, bootstrap likelihood -3983.339957, best rearrangement setting 7
Bootstrap[82]: Time 0.346117 seconds, bootstrap likelihood -3959.034327, best rearrangement setting 6
Bootstrap[83]: Time 0.394435 seconds, bootstrap likelihood -3830.653923, best rearrangement setting 10
Bootstrap[84]: Time 0.344574 seconds, bootstrap likelihood -3927.983252, best rearrangement setting 11
Bootstrap[85]: Time 0.309308 seconds, bootstrap likelihood -3919.375902, best rearrangement setting 8
Bootstrap[86]: Time 0.890299 seconds, bootstrap likelihood -3917.593380, best rearrangement setting 7
Bootstrap[87]: Time 0.717889 seconds, bootstrap likelihood -3987.472888, best rearrangement setting 7
Bootstrap[88]: Time 0.384239 seconds, bootstrap likelihood -3961.088403, best rearrangement setting 12
Bootstrap[89]: Time 0.344246 seconds, bootstrap likelihood -4067.037281, best rearrangement setting 10
Bootstrap[90]: Time 0.743301 seconds, bootstrap likelihood -4034.732843, best rearrangement setting 8
Bootstrap[91]: Time 0.757985 seconds, bootstrap likelihood -3945.392131, best rearrangement setting 12
Bootstrap[92]: Time 0.848144 seconds, bootstrap likelihood -3952.911312, best rearrangement setting 13
Bootstrap[93]: Time 0.664119 seconds, bootstrap likelihood -4016.479387, best rearrangement setting 15
Bootstrap[94]: Time 0.263905 seconds, bootstrap likelihood -3987.099926, best rearrangement setting 5
Bootstrap[95]: Time 0.289386 seconds, bootstrap likelihood -3913.861479, best rearrangement setting 5
Bootstrap[96]: Time 0.288887 seconds, bootstrap likelihood -3947.826115, best rearrangement setting 13
Bootstrap[97]: Time 0.371526 seconds, bootstrap likelihood -3938.862734, best rearrangement setting 11
Bootstrap[98]: Time 0.334269 seconds, bootstrap likelihood -3929.101791, best rearrangement setting 6
Bootstrap[99]: Time 0.321942 seconds, bootstrap likelihood -3912.433856, best rearrangement setting 14


Overall Time for 100 Rapid Bootstraps 46.272380 seconds
Average Time per Rapid Bootstrap 0.462724 seconds

Starting ML Search ...

Fast ML optimization finished

Fast ML search Time: 20.681248 seconds

Slow ML Search 0 Likelihood: -4356.304346
Slow ML Search 1 Likelihood: -4356.304346
Slow ML Search 2 Likelihood: -4356.304347
Slow ML Search 3 Likelihood: -4356.304347
Slow ML Search 4 Likelihood: -4356.304347
Slow ML Search 5 Likelihood: -4356.304347
Slow ML Search 6 Likelihood: -4356.304408
Slow ML Search 7 Likelihood: -4356.304410
Slow ML Search 8 Likelihood: -4356.304410
Slow ML Search 9 Likelihood: -4356.304077
Slow ML optimization finished

Slow ML search Time: 16.206497 seconds
Thorough ML search Time: 1.974198 seconds

Final ML Optimization Likelihood: -4356.304075

Model Information:

Model Parameters of Partition 0, Name: No Name Provided, Type of Data: AA
alpha: 0.020000
Tree-Length: 0.286079
rate A <-> R: 0.603538
rate A <-> N: 0.561915
rate A <-> D: 0.842872
rate A <-> C: 0.582726
rate A <-> Q: 0.593132
rate A <-> E: 1.092612
rate A <-> G: 1.862643
rate A <-> H: 0.280957
rate A <-> I: 0.374610
rate A <-> L: 0.312175
rate A <-> K: 0.364204
rate A <-> M: 0.561915
rate A <-> F: 0.156087
rate A <-> P: 2.018730
rate A <-> S: 3.933403
rate A <-> T: 4.942768
rate A <-> W: 0.093652
rate A <-> Y: 0.114464
rate A <-> V: 3.100937
rate R <-> N: 0.468262
rate R <-> D: 0.166493
rate R <-> C: 1.175858
rate R <-> Q: 3.225806
rate R <-> E: 0.301769
rate R <-> G: 1.425598
rate R <-> H: 3.413111
rate R <-> I: 0.228928
rate R <-> L: 0.395421
rate R <-> K: 6.722164
rate R <-> M: 0.457856
rate R <-> F: 0.052029
rate R <-> P: 0.770031
rate R <-> S: 1.050989
rate R <-> T: 0.665973
rate R <-> W: 1.311134
rate R <-> Y: 0.208117
rate R <-> V: 0.176899
rate N <-> D: 5.494277
rate N <-> C: 0.353798
rate N <-> Q: 0.894901
rate N <-> E: 0.603538
rate N <-> G: 0.842872
rate N <-> H: 4.068678
rate N <-> I: 0.489074
rate N <-> L: 0.124870
rate N <-> K: 2.736733
rate N <-> M: 0.312175
rate N <-> F: 0.104058
rate N <-> P: 0.156087
rate N <-> S: 5.234131
rate N <-> T: 2.414152
rate N <-> W: 0.083247
rate N <-> Y: 0.728408
rate N <-> V: 0.166493
rate D <-> C: 0.104058
rate D <-> Q: 0.509886
rate D <-> E: 7.981270
rate D <-> G: 1.352758
rate D <-> H: 1.165453
rate D <-> I: 0.114464
rate D <-> L: 0.072841
rate D <-> K: 0.270552
rate D <-> M: 0.156087
rate D <-> F: 0.041623
rate D <-> P: 0.156087
rate D <-> S: 0.613944
rate D <-> T: 0.395421
rate D <-> W: 0.041623
rate D <-> Y: 0.478668
rate D <-> V: 0.322581
rate C <-> Q: 0.093652
rate C <-> E: 0.052029
rate C <-> G: 0.613944
rate C <-> H: 0.718002
rate C <-> I: 0.176899
rate C <-> L: 0.239334
rate C <-> K: 0.072841
rate C <-> M: 0.322581
rate C <-> F: 0.811655
rate C <-> P: 0.145682
rate C <-> S: 2.320499
rate C <-> T: 0.437045
rate C <-> W: 1.196670
rate C <-> Y: 2.174818
rate C <-> V: 0.645161
rate Q <-> E: 3.361082
rate Q <-> G: 0.270552
rate Q <-> H: 6.212279
rate Q <-> I: 0.093652
rate Q <-> L: 0.749220
rate Q <-> K: 3.038502
rate Q <-> M: 0.447451
rate Q <-> F: 0.041623
rate Q <-> P: 1.706556
rate Q <-> S: 0.551509
rate Q <-> T: 0.530697
rate Q <-> W: 0.187305
rate Q <-> Y: 0.249740
rate Q <-> V: 0.208117
rate E <-> G: 1.238293
rate E <-> H: 0.270552
rate E <-> I: 0.124870
rate E <-> L: 0.093652
rate E <-> K: 1.883455
rate E <-> M: 0.187305
rate E <-> F: 0.052029
rate E <-> P: 0.187305
rate E <-> S: 0.312175
rate E <-> T: 0.332986
rate E <-> W: 0.104058
rate E <-> Y: 0.072841
rate E <-> V: 0.468262
rate G <-> H: 0.239334
rate G <-> I: 0.062435
rate G <-> L: 0.062435
rate G <-> K: 0.280957
rate G <-> M: 0.145682
rate G <-> F: 0.052029
rate G <-> P: 0.249740
rate G <-> S: 2.091571
rate G <-> T: 0.343392
rate G <-> W: 0.572320
rate G <-> Y: 0.083247
rate G <-> V: 0.489074
rate H <-> I: 0.166493
rate H <-> L: 0.582726
rate H <-> K: 0.468262
rate H <-> M: 0.343392
rate H <-> F: 0.416233
rate H <-> P: 1.196670
rate H <-> S: 0.759625
rate H <-> T: 0.478668
rate H <-> W: 0.083247
rate H <-> Y: 5.962539
rate H <-> V: 0.114464
rate I <-> L: 2.382934
rate I <-> K: 0.218522
rate I <-> M: 4.984391
rate I <-> F: 0.926119
rate I <-> P: 0.104058
rate I <-> S: 0.416233
rate I <-> T: 2.549428
rate I <-> W: 0.093652
rate I <-> Y: 0.332986
rate I <-> V: 10.000000
rate L <-> K: 0.145682
rate L <-> M: 4.037461
rate L <-> F: 2.580645
rate L <-> P: 1.061394
rate L <-> S: 0.613944
rate L <-> T: 0.260146
rate L <-> W: 0.541103
rate L <-> Y: 0.249740
rate L <-> V: 1.873049
rate K <-> M: 0.676379
rate K <-> F: 0.041623
rate K <-> P: 0.218522
rate K <-> S: 0.489074
rate K <-> T: 1.071800
rate K <-> W: 0.104058
rate K <-> Y: 0.083247
rate K <-> V: 0.145682
rate M <-> F: 0.447451
rate M <-> P: 0.166493
rate M <-> S: 0.301769
rate M <-> T: 2.351717
rate M <-> W: 0.249740
rate M <-> Y: 0.187305
rate M <-> V: 3.361082
rate F <-> P: 0.176899
rate F <-> S: 0.957336
rate F <-> T: 0.124870
rate F <-> W: 0.551509
rate F <-> Y: 5.577523
rate F <-> V: 0.645161
rate P <-> S: 2.965661
rate P <-> T: 1.227888
rate P <-> W: 0.062435
rate P <-> Y: 0.104058
rate P <-> V: 0.239334
rate S <-> T: 4.963580
rate S <-> W: 0.364204
rate S <-> Y: 0.655567
rate S <-> V: 0.395421
rate T <-> W: 0.124870
rate T <-> Y: 0.218522
rate T <-> V: 1.165453
rate W <-> Y: 0.738814
rate W <-> V: 0.260146
rate Y <-> V: 0.166493

freq pi(A): 0.076748
freq pi(R): 0.051691
freq pi(N): 0.042645
freq pi(D): 0.051544
freq pi(C): 0.019803
freq pi(Q): 0.040752
freq pi(E): 0.061830
freq pi(G): 0.073152
freq pi(H): 0.022944
freq pi(I): 0.053761
freq pi(L): 0.091904
freq pi(K): 0.058676
freq pi(M): 0.023826
freq pi(F): 0.040126
freq pi(P): 0.050901
freq pi(S): 0.068765
freq pi(T): 0.058565
freq pi(W): 0.014261
freq pi(Y): 0.032102
freq pi(V): 0.066004


ML search took 38.895012 secs or 0.010804 hours

Combined Bootstrap and ML search took 85.167600 secs or 0.023658 hours

Drawing Bootstrap Support Values on best-scoring ML tree ...



Found 1 tree in File /Users/prigozhin/Dropbox/NLRomes/Soy_NLRome/RAxML_tree_pbNB-ARC/Clade_Refinement_1/RAxML_bestTree.Int13537_99_169_R_23.Raxml.out



Found 1 tree in File /Users/prigozhin/Dropbox/NLRomes/Soy_NLRome/RAxML_tree_pbNB-ARC/Clade_Refinement_1/RAxML_bestTree.Int13537_99_169_R_23.Raxml.out

Program execution info written to /Users/prigozhin/Dropbox/NLRomes/Soy_NLRome/RAxML_tree_pbNB-ARC/Clade_Refinement_1/RAxML_info.Int13537_99_169_R_23.Raxml.out
All 100 bootstrapped trees written to: /Users/prigozhin/Dropbox/NLRomes/Soy_NLRome/RAxML_tree_pbNB-ARC/Clade_Refinement_1/RAxML_bootstrap.Int13537_99_169_R_23.Raxml.out

Best-scoring ML tree written to: /Users/prigozhin/Dropbox/NLRomes/Soy_NLRome/RAxML_tree_pbNB-ARC/Clade_Refinement_1/RAxML_bestTree.Int13537_99_169_R_23.Raxml.out

Best-scoring ML tree with support values written to: /Users/prigozhin/Dropbox/NLRomes/Soy_NLRome/RAxML_tree_pbNB-ARC/Clade_Refinement_1/RAxML_bipartitions.Int13537_99_169_R_23.Raxml.out

Best-scoring ML tree with support values as branch labels written to: /Users/prigozhin/Dropbox/NLRomes/Soy_NLRome/RAxML_tree_pbNB-ARC/Clade_Refinement_1/RAxML_bipartitionsBranchLabels.Int13537_99_169_R_23.Raxml.out

Overall execution time for full ML analysis: 85.175012 secs or 0.023660 hours or 0.000986 days

