((GWHPACES049408,(GWHPACER045356,(GWHPACED047203,(GWHPACEW049363,(GWHPACEX046110,GWHPACEU049754))))),(GWHPACEI051138,(GLYMA_ZH13_12G122300_1_P,(GLYMA_12G136700_1,W05_GLYSO_12G034289_1_P))),GWHPACET050060);
((GWHPACES049408,(GWHPACER045356,(GWHPACED047203,(GWHPACEW049363,(GWHPACEX046110,GWHPACEU049754))))),(GWHPACEI051138,(GLYMA_ZH13_12G122300_1_P,(GLYMA_12G136700_1,W05_GLYSO_12G034289_1_P))),GWHPACET050060);
((GWHPACES049408,(GWHPACER045356,(GWHPACED047203,(GWHPACEW049363,(GWHPACEX046110,GWHPACEU049754))))),(GWHPACEI051138,(GLYMA_ZH13_12G122300_1_P,(GLYMA_12G136700_1,W05_GLYSO_12G034289_1_P))),GWHPACET050060);
((GWHPACER045356,((GWHPACED047203,(GWHPACEI051138,(GWHPACEW049363,(GWHPACEX046110,GWHPACEU049754)))),(GLYMA_ZH13_12G122300_1_P,(GLYMA_12G136700_1,W05_GLYSO_12G034289_1_P)))),GWHPACES049408,GWHPACET050060);
((GWHPACER045356,((GWHPACED047203,(GWHPACEI051138,(GWHPACEW049363,(GWHPACEX046110,GWHPACEU049754)))),(GLYMA_ZH13_12G122300_1_P,(GLYMA_12G136700_1,W05_GLYSO_12G034289_1_P)))),GWHPACES049408,GWHPACET050060);
((GWHPACER045356,((GWHPACED047203,(GWHPACEI051138,(GWHPACEW049363,(GWHPACEX046110,GWHPACEU049754)))),(GLYMA_ZH13_12G122300_1_P,(GLYMA_12G136700_1,W05_GLYSO_12G034289_1_P)))),GWHPACES049408,GWHPACET050060);
((GWHPACER045356,((GWHPACED047203,(GWHPACEI051138,(GWHPACEW049363,(GWHPACEX046110,GWHPACEU049754)))),(GLYMA_ZH13_12G122300_1_P,(GLYMA_12G136700_1,W05_GLYSO_12G034289_1_P)))),GWHPACES049408,GWHPACET050060);
((GWHPACER045356,((GWHPACED047203,(GWHPACEI051138,(GWHPACEW049363,(GWHPACEX046110,GWHPACEU049754)))),(GLYMA_ZH13_12G122300_1_P,(GLYMA_12G136700_1,W05_GLYSO_12G034289_1_P)))),GWHPACES049408,GWHPACET050060);
((GWHPACER045356,((GWHPACED047203,(GWHPACEI051138,(GWHPACEW049363,(GWHPACEX046110,GWHPACEU049754)))),(GLYMA_ZH13_12G122300_1_P,(GLYMA_12G136700_1,W05_GLYSO_12G034289_1_P)))),GWHPACES049408,GWHPACET050060);
((GWHPACER045356,((GWHPACED047203,(GWHPACEI051138,(GWHPACEW049363,(GWHPACEX046110,GWHPACEU049754)))),(GLYMA_ZH13_12G122300_1_P,(GLYMA_12G136700_1,W05_GLYSO_12G034289_1_P)))),GWHPACES049408,GWHPACET050060);
((GWHPACER045356,((GLYMA_ZH13_12G122300_1_P,(W05_GLYSO_12G034289_1_P,GLYMA_12G136700_1)),GWHPACES049408)),(GWHPACEI051138,(GWHPACED047203,(GWHPACEW049363,(GWHPACEX046110,GWHPACEU049754)))),GWHPACET050060);
((GLYMA_ZH13_12G122300_1_P,(W05_GLYSO_12G034289_1_P,GLYMA_12G136700_1)),(GWHPACES049408,((GWHPACED047203,((GWHPACEW049363,(GWHPACEX046110,GWHPACEU049754)),GWHPACEI051138)),GWHPACER045356)),GWHPACET050060);
((GLYMA_ZH13_12G122300_1_P,(W05_GLYSO_12G034289_1_P,GLYMA_12G136700_1)),(GWHPACES049408,((GWHPACED047203,((GWHPACEW049363,(GWHPACEX046110,GWHPACEU049754)),GWHPACEI051138)),GWHPACER045356)),GWHPACET050060);
((GLYMA_ZH13_12G122300_1_P,(W05_GLYSO_12G034289_1_P,GLYMA_12G136700_1)),(GWHPACES049408,((GWHPACED047203,((GWHPACEW049363,(GWHPACEX046110,GWHPACEU049754)),GWHPACEI051138)),GWHPACER045356)),GWHPACET050060);
((GLYMA_ZH13_12G122300_1_P,(W05_GLYSO_12G034289_1_P,GLYMA_12G136700_1)),(GWHPACES049408,((GWHPACED047203,((GWHPACEW049363,(GWHPACEX046110,GWHPACEU049754)),GWHPACEI051138)),GWHPACER045356)),GWHPACET050060);
((GLYMA_ZH13_12G122300_1_P,(W05_GLYSO_12G034289_1_P,GLYMA_12G136700_1)),(GWHPACES049408,((GWHPACED047203,((GWHPACEW049363,(GWHPACEX046110,GWHPACEU049754)),GWHPACEI051138)),GWHPACER045356)),GWHPACET050060);
((GLYMA_ZH13_12G122300_1_P,(W05_GLYSO_12G034289_1_P,GLYMA_12G136700_1)),(GWHPACES049408,((GWHPACED047203,((GWHPACEW049363,(GWHPACEX046110,GWHPACEU049754)),GWHPACEI051138)),GWHPACER045356)),GWHPACET050060);
((GLYMA_ZH13_12G122300_1_P,(W05_GLYSO_12G034289_1_P,GLYMA_12G136700_1)),(GWHPACES049408,((GWHPACED047203,((GWHPACEW049363,(GWHPACEX046110,GWHPACEU049754)),GWHPACEI051138)),GWHPACER045356)),GWHPACET050060);
((GLYMA_ZH13_12G122300_1_P,(W05_GLYSO_12G034289_1_P,GLYMA_12G136700_1)),(GWHPACES049408,((GWHPACED047203,((GWHPACEW049363,(GWHPACEX046110,GWHPACEU049754)),GWHPACEI051138)),GWHPACER045356)),GWHPACET050060);
((GLYMA_ZH13_12G122300_1_P,(W05_GLYSO_12G034289_1_P,GLYMA_12G136700_1)),(GWHPACES049408,((GWHPACED047203,((GWHPACEW049363,(GWHPACEX046110,GWHPACEU049754)),GWHPACEI051138)),GWHPACER045356)),GWHPACET050060);
((GWHPACEI051138,((GWHPACED047203,(GWHPACEW049363,(GWHPACEX046110,GWHPACEU049754))),(GLYMA_ZH13_12G122300_1_P,(W05_GLYSO_12G034289_1_P,GLYMA_12G136700_1)))),(GWHPACES049408,GWHPACER045356),GWHPACET050060);
((GWHPACEI051138,((GWHPACED047203,(GWHPACEW049363,(GWHPACEX046110,GWHPACEU049754))),(GLYMA_ZH13_12G122300_1_P,(W05_GLYSO_12G034289_1_P,GLYMA_12G136700_1)))),(GWHPACES049408,GWHPACER045356),GWHPACET050060);
((GWHPACEI051138,((GWHPACED047203,(GWHPACEW049363,(GWHPACEX046110,GWHPACEU049754))),(GLYMA_ZH13_12G122300_1_P,(W05_GLYSO_12G034289_1_P,GLYMA_12G136700_1)))),(GWHPACES049408,GWHPACER045356),GWHPACET050060);
((GWHPACEI051138,((GWHPACED047203,(GWHPACEW049363,(GWHPACEX046110,GWHPACEU049754))),(GLYMA_ZH13_12G122300_1_P,(W05_GLYSO_12G034289_1_P,GLYMA_12G136700_1)))),(GWHPACES049408,GWHPACER045356),GWHPACET050060);
((GWHPACEI051138,((GWHPACED047203,(GWHPACEW049363,(GWHPACEX046110,GWHPACEU049754))),(GLYMA_ZH13_12G122300_1_P,(W05_GLYSO_12G034289_1_P,GLYMA_12G136700_1)))),(GWHPACES049408,GWHPACER045356),GWHPACET050060);
((GWHPACEI051138,((GWHPACED047203,(GWHPACEW049363,(GWHPACEX046110,GWHPACEU049754))),(GLYMA_ZH13_12G122300_1_P,(W05_GLYSO_12G034289_1_P,GLYMA_12G136700_1)))),(GWHPACES049408,GWHPACER045356),GWHPACET050060);
((GWHPACEI051138,((GWHPACED047203,(GWHPACEW049363,(GWHPACEX046110,GWHPACEU049754))),(GLYMA_ZH13_12G122300_1_P,(W05_GLYSO_12G034289_1_P,GLYMA_12G136700_1)))),(GWHPACES049408,GWHPACER045356),GWHPACET050060);
((GWHPACEI051138,((GWHPACED047203,(GWHPACEW049363,(GWHPACEX046110,GWHPACEU049754))),(GLYMA_ZH13_12G122300_1_P,(W05_GLYSO_12G034289_1_P,GLYMA_12G136700_1)))),(GWHPACES049408,GWHPACER045356),GWHPACET050060);
((GWHPACES049408,GWHPACER045356),((GWHPACED047203,(GWHPACEI051138,(GWHPACEW049363,(GWHPACEX046110,GWHPACEU049754)))),((GLYMA_12G136700_1,W05_GLYSO_12G034289_1_P),GLYMA_ZH13_12G122300_1_P)),GWHPACET050060);
((GWHPACES049408,GWHPACER045356),((GWHPACED047203,(GWHPACEI051138,(GWHPACEW049363,(GWHPACEX046110,GWHPACEU049754)))),((GLYMA_12G136700_1,W05_GLYSO_12G034289_1_P),GLYMA_ZH13_12G122300_1_P)),GWHPACET050060);
((GWHPACER045356,((GWHPACEI051138,(GWHPACED047203,(GWHPACEW049363,(GWHPACEU049754,GWHPACEX046110)))),(GLYMA_ZH13_12G122300_1_P,(GLYMA_12G136700_1,W05_GLYSO_12G034289_1_P)))),GWHPACES049408,GWHPACET050060);
((GWHPACER045356,((GWHPACEI051138,(GWHPACED047203,(GWHPACEW049363,(GWHPACEU049754,GWHPACEX046110)))),(GLYMA_ZH13_12G122300_1_P,(GLYMA_12G136700_1,W05_GLYSO_12G034289_1_P)))),GWHPACES049408,GWHPACET050060);
((GWHPACER045356,((GWHPACEI051138,(GWHPACED047203,(GWHPACEW049363,(GWHPACEU049754,GWHPACEX046110)))),(GLYMA_ZH13_12G122300_1_P,(GLYMA_12G136700_1,W05_GLYSO_12G034289_1_P)))),GWHPACES049408,GWHPACET050060);
((GWHPACER045356,((GWHPACEI051138,(GWHPACED047203,(GWHPACEW049363,(GWHPACEU049754,GWHPACEX046110)))),(GLYMA_ZH13_12G122300_1_P,(GLYMA_12G136700_1,W05_GLYSO_12G034289_1_P)))),GWHPACES049408,GWHPACET050060);
((GWHPACER045356,((GWHPACEI051138,(GWHPACED047203,(GWHPACEW049363,(GWHPACEU049754,GWHPACEX046110)))),(GLYMA_ZH13_12G122300_1_P,(GLYMA_12G136700_1,W05_GLYSO_12G034289_1_P)))),GWHPACES049408,GWHPACET050060);
((GWHPACER045356,((GWHPACEI051138,(GWHPACED047203,(GWHPACEW049363,(GWHPACEU049754,GWHPACEX046110)))),(GLYMA_ZH13_12G122300_1_P,(GLYMA_12G136700_1,W05_GLYSO_12G034289_1_P)))),GWHPACES049408,GWHPACET050060);
((GWHPACER045356,((GWHPACEI051138,(GWHPACED047203,(GWHPACEW049363,(GWHPACEU049754,GWHPACEX046110)))),(GLYMA_ZH13_12G122300_1_P,(GLYMA_12G136700_1,W05_GLYSO_12G034289_1_P)))),GWHPACES049408,GWHPACET050060);
((GWHPACER045356,((GWHPACEI051138,(GWHPACED047203,(GWHPACEW049363,(GWHPACEU049754,GWHPACEX046110)))),(GLYMA_ZH13_12G122300_1_P,(GLYMA_12G136700_1,W05_GLYSO_12G034289_1_P)))),GWHPACES049408,GWHPACET050060);
((GWHPACER045356,((GWHPACEI051138,(GWHPACED047203,(GWHPACEW049363,(GWHPACEU049754,GWHPACEX046110)))),(GLYMA_ZH13_12G122300_1_P,(GLYMA_12G136700_1,W05_GLYSO_12G034289_1_P)))),GWHPACES049408,GWHPACET050060);
((GWHPACER045356,((GWHPACEI051138,(GWHPACED047203,(GWHPACEW049363,(GWHPACEU049754,GWHPACEX046110)))),(GLYMA_ZH13_12G122300_1_P,(GLYMA_12G136700_1,W05_GLYSO_12G034289_1_P)))),GWHPACES049408,GWHPACET050060);
((((W05_GLYSO_12G034289_1_P,(GLYMA_12G136700_1,GLYMA_ZH13_12G122300_1_P)),GWHPACED047203),GWHPACES049408),((GWHPACEI051138,(GWHPACEW049363,(GWHPACEU049754,GWHPACEX046110))),GWHPACER045356),GWHPACET050060);
((((W05_GLYSO_12G034289_1_P,(GLYMA_12G136700_1,GLYMA_ZH13_12G122300_1_P)),GWHPACED047203),GWHPACES049408),((GWHPACEI051138,(GWHPACEW049363,(GWHPACEU049754,GWHPACEX046110))),GWHPACER045356),GWHPACET050060);
((((W05_GLYSO_12G034289_1_P,(GLYMA_12G136700_1,GLYMA_ZH13_12G122300_1_P)),GWHPACED047203),GWHPACES049408),((GWHPACEI051138,(GWHPACEW049363,(GWHPACEU049754,GWHPACEX046110))),GWHPACER045356),GWHPACET050060);
((((W05_GLYSO_12G034289_1_P,(GLYMA_12G136700_1,GLYMA_ZH13_12G122300_1_P)),GWHPACED047203),GWHPACES049408),((GWHPACEI051138,(GWHPACEW049363,(GWHPACEU049754,GWHPACEX046110))),GWHPACER045356),GWHPACET050060);
((((W05_GLYSO_12G034289_1_P,(GLYMA_12G136700_1,GLYMA_ZH13_12G122300_1_P)),GWHPACED047203),GWHPACES049408),((GWHPACEI051138,(GWHPACEW049363,(GWHPACEU049754,GWHPACEX046110))),GWHPACER045356),GWHPACET050060);
((((W05_GLYSO_12G034289_1_P,(GLYMA_12G136700_1,GLYMA_ZH13_12G122300_1_P)),GWHPACED047203),GWHPACES049408),((GWHPACEI051138,(GWHPACEW049363,(GWHPACEU049754,GWHPACEX046110))),GWHPACER045356),GWHPACET050060);
((((W05_GLYSO_12G034289_1_P,(GLYMA_12G136700_1,GLYMA_ZH13_12G122300_1_P)),GWHPACED047203),GWHPACES049408),((GWHPACEI051138,(GWHPACEW049363,(GWHPACEU049754,GWHPACEX046110))),GWHPACER045356),GWHPACET050060);
((((W05_GLYSO_12G034289_1_P,(GLYMA_12G136700_1,GLYMA_ZH13_12G122300_1_P)),GWHPACED047203),GWHPACES049408),((GWHPACEI051138,(GWHPACEW049363,(GWHPACEU049754,GWHPACEX046110))),GWHPACER045356),GWHPACET050060);
((((W05_GLYSO_12G034289_1_P,(GLYMA_12G136700_1,GLYMA_ZH13_12G122300_1_P)),GWHPACED047203),GWHPACES049408),((GWHPACEI051138,(GWHPACEW049363,(GWHPACEU049754,GWHPACEX046110))),GWHPACER045356),GWHPACET050060);
((((W05_GLYSO_12G034289_1_P,(GLYMA_12G136700_1,GLYMA_ZH13_12G122300_1_P)),GWHPACED047203),GWHPACES049408),((GWHPACEI051138,(GWHPACEW049363,(GWHPACEU049754,GWHPACEX046110))),GWHPACER045356),GWHPACET050060);
(GWHPACER045356,(((GLYMA_12G136700_1,(W05_GLYSO_12G034289_1_P,GLYMA_ZH13_12G122300_1_P)),(GWHPACED047203,(GWHPACEW049363,(GWHPACEU049754,GWHPACEX046110)))),(GWHPACEI051138,GWHPACES049408)),GWHPACET050060);
(GWHPACER045356,(((GLYMA_12G136700_1,(W05_GLYSO_12G034289_1_P,GLYMA_ZH13_12G122300_1_P)),(GWHPACED047203,(GWHPACEW049363,(GWHPACEU049754,GWHPACEX046110)))),(GWHPACEI051138,GWHPACES049408)),GWHPACET050060);
(GWHPACES049408,(GWHPACER045356,((W05_GLYSO_12G034289_1_P,(GLYMA_ZH13_12G122300_1_P,GLYMA_12G136700_1)),(GWHPACED047203,(GWHPACEI051138,(GWHPACEW049363,(GWHPACEU049754,GWHPACEX046110)))))),GWHPACET050060);
(GWHPACES049408,(GWHPACER045356,((W05_GLYSO_12G034289_1_P,(GLYMA_ZH13_12G122300_1_P,GLYMA_12G136700_1)),(GWHPACED047203,(GWHPACEI051138,(GWHPACEW049363,(GWHPACEU049754,GWHPACEX046110)))))),GWHPACET050060);
(GWHPACES049408,(GWHPACER045356,((W05_GLYSO_12G034289_1_P,(GLYMA_ZH13_12G122300_1_P,GLYMA_12G136700_1)),(GWHPACED047203,(GWHPACEI051138,(GWHPACEW049363,(GWHPACEU049754,GWHPACEX046110)))))),GWHPACET050060);
(GWHPACES049408,(GWHPACER045356,((W05_GLYSO_12G034289_1_P,(GLYMA_ZH13_12G122300_1_P,GLYMA_12G136700_1)),(GWHPACED047203,(GWHPACEI051138,(GWHPACEW049363,(GWHPACEU049754,GWHPACEX046110)))))),GWHPACET050060);
(GWHPACES049408,(GWHPACER045356,((W05_GLYSO_12G034289_1_P,(GLYMA_ZH13_12G122300_1_P,GLYMA_12G136700_1)),(GWHPACED047203,(GWHPACEI051138,(GWHPACEW049363,(GWHPACEU049754,GWHPACEX046110)))))),GWHPACET050060);
(GWHPACES049408,(GWHPACER045356,((W05_GLYSO_12G034289_1_P,(GLYMA_ZH13_12G122300_1_P,GLYMA_12G136700_1)),(GWHPACED047203,(GWHPACEI051138,(GWHPACEW049363,(GWHPACEU049754,GWHPACEX046110)))))),GWHPACET050060);
(GWHPACES049408,(GWHPACER045356,((W05_GLYSO_12G034289_1_P,(GLYMA_ZH13_12G122300_1_P,GLYMA_12G136700_1)),(GWHPACED047203,(GWHPACEI051138,(GWHPACEW049363,(GWHPACEU049754,GWHPACEX046110)))))),GWHPACET050060);
(GWHPACES049408,(GWHPACER045356,((W05_GLYSO_12G034289_1_P,(GLYMA_ZH13_12G122300_1_P,GLYMA_12G136700_1)),(GWHPACED047203,(GWHPACEI051138,(GWHPACEW049363,(GWHPACEU049754,GWHPACEX046110)))))),GWHPACET050060);
(((GWHPACEI051138,GWHPACED047203),(GWHPACEW049363,(GWHPACEU049754,GWHPACEX046110))),(((W05_GLYSO_12G034289_1_P,(GLYMA_12G136700_1,GLYMA_ZH13_12G122300_1_P)),GWHPACES049408),GWHPACER045356),GWHPACET050060);
(((GWHPACEI051138,GWHPACED047203),(GWHPACEW049363,(GWHPACEU049754,GWHPACEX046110))),(((W05_GLYSO_12G034289_1_P,(GLYMA_12G136700_1,GLYMA_ZH13_12G122300_1_P)),GWHPACES049408),GWHPACER045356),GWHPACET050060);
(((GWHPACEI051138,GWHPACED047203),(GWHPACEW049363,(GWHPACEU049754,GWHPACEX046110))),(((W05_GLYSO_12G034289_1_P,(GLYMA_12G136700_1,GLYMA_ZH13_12G122300_1_P)),GWHPACES049408),GWHPACER045356),GWHPACET050060);
((((GWHPACEI051138,(GWHPACEW049363,(GWHPACEU049754,GWHPACEX046110))),GWHPACED047203),GWHPACES049408),((GLYMA_ZH13_12G122300_1_P,(W05_GLYSO_12G034289_1_P,GLYMA_12G136700_1)),GWHPACER045356),GWHPACET050060);
((((GWHPACEI051138,(GWHPACEW049363,(GWHPACEU049754,GWHPACEX046110))),GWHPACED047203),GWHPACES049408),((GLYMA_ZH13_12G122300_1_P,(W05_GLYSO_12G034289_1_P,GLYMA_12G136700_1)),GWHPACER045356),GWHPACET050060);
((((GWHPACEI051138,(GWHPACEW049363,(GWHPACEU049754,GWHPACEX046110))),GWHPACED047203),GWHPACES049408),((GLYMA_ZH13_12G122300_1_P,(W05_GLYSO_12G034289_1_P,GLYMA_12G136700_1)),GWHPACER045356),GWHPACET050060);
((((GWHPACEI051138,(GWHPACEW049363,(GWHPACEU049754,GWHPACEX046110))),GWHPACED047203),GWHPACES049408),((GLYMA_ZH13_12G122300_1_P,(W05_GLYSO_12G034289_1_P,GLYMA_12G136700_1)),GWHPACER045356),GWHPACET050060);
((((GWHPACEI051138,(GWHPACEW049363,(GWHPACEU049754,GWHPACEX046110))),GWHPACED047203),GWHPACES049408),((GLYMA_ZH13_12G122300_1_P,(W05_GLYSO_12G034289_1_P,GLYMA_12G136700_1)),GWHPACER045356),GWHPACET050060);
((((GWHPACEI051138,(GWHPACEW049363,(GWHPACEU049754,GWHPACEX046110))),GWHPACED047203),GWHPACES049408),((GLYMA_ZH13_12G122300_1_P,(W05_GLYSO_12G034289_1_P,GLYMA_12G136700_1)),GWHPACER045356),GWHPACET050060);
((((GWHPACEI051138,(GWHPACEW049363,(GWHPACEU049754,GWHPACEX046110))),GWHPACED047203),GWHPACES049408),((GLYMA_ZH13_12G122300_1_P,(W05_GLYSO_12G034289_1_P,GLYMA_12G136700_1)),GWHPACER045356),GWHPACET050060);
((GWHPACES049408,((W05_GLYSO_12G034289_1_P,(GLYMA_12G136700_1,GLYMA_ZH13_12G122300_1_P)),((GWHPACEW049363,(GWHPACEU049754,GWHPACEX046110)),(GWHPACED047203,GWHPACEI051138)))),GWHPACER045356,GWHPACET050060);
((GWHPACES049408,((W05_GLYSO_12G034289_1_P,(GLYMA_12G136700_1,GLYMA_ZH13_12G122300_1_P)),((GWHPACEW049363,(GWHPACEU049754,GWHPACEX046110)),(GWHPACED047203,GWHPACEI051138)))),GWHPACER045356,GWHPACET050060);
((GWHPACES049408,((W05_GLYSO_12G034289_1_P,(GLYMA_12G136700_1,GLYMA_ZH13_12G122300_1_P)),((GWHPACEW049363,(GWHPACEU049754,GWHPACEX046110)),(GWHPACED047203,GWHPACEI051138)))),GWHPACER045356,GWHPACET050060);
((GWHPACES049408,((W05_GLYSO_12G034289_1_P,(GLYMA_12G136700_1,GLYMA_ZH13_12G122300_1_P)),((GWHPACEW049363,(GWHPACEU049754,GWHPACEX046110)),(GWHPACED047203,GWHPACEI051138)))),GWHPACER045356,GWHPACET050060);
(((GWHPACES049408,(GWHPACED047203,(GWHPACEI051138,(GWHPACEW049363,(GWHPACEU049754,GWHPACEX046110))))),(W05_GLYSO_12G034289_1_P,(GLYMA_12G136700_1,GLYMA_ZH13_12G122300_1_P))),GWHPACER045356,GWHPACET050060);
(((GWHPACES049408,(GWHPACED047203,(GWHPACEI051138,(GWHPACEW049363,(GWHPACEU049754,GWHPACEX046110))))),(W05_GLYSO_12G034289_1_P,(GLYMA_12G136700_1,GLYMA_ZH13_12G122300_1_P))),GWHPACER045356,GWHPACET050060);
(((GWHPACES049408,(GWHPACED047203,(GWHPACEI051138,(GWHPACEW049363,(GWHPACEU049754,GWHPACEX046110))))),(W05_GLYSO_12G034289_1_P,(GLYMA_12G136700_1,GLYMA_ZH13_12G122300_1_P))),GWHPACER045356,GWHPACET050060);
(((GWHPACES049408,(GWHPACED047203,(GWHPACEI051138,(GWHPACEW049363,(GWHPACEU049754,GWHPACEX046110))))),(W05_GLYSO_12G034289_1_P,(GLYMA_12G136700_1,GLYMA_ZH13_12G122300_1_P))),GWHPACER045356,GWHPACET050060);
(((GWHPACES049408,(GWHPACED047203,(GWHPACEI051138,(GWHPACEW049363,(GWHPACEU049754,GWHPACEX046110))))),(W05_GLYSO_12G034289_1_P,(GLYMA_12G136700_1,GLYMA_ZH13_12G122300_1_P))),GWHPACER045356,GWHPACET050060);
(((GWHPACES049408,(GWHPACED047203,(GWHPACEI051138,(GWHPACEW049363,(GWHPACEU049754,GWHPACEX046110))))),(W05_GLYSO_12G034289_1_P,(GLYMA_12G136700_1,GLYMA_ZH13_12G122300_1_P))),GWHPACER045356,GWHPACET050060);
((GWHPACED047203,(GWHPACEI051138,(GWHPACEW049363,(GWHPACEX046110,GWHPACEU049754)))),(GWHPACER045356,(((GLYMA_12G136700_1,W05_GLYSO_12G034289_1_P),GLYMA_ZH13_12G122300_1_P),GWHPACES049408)),GWHPACET050060);
((GWHPACED047203,(GWHPACEI051138,(GWHPACEW049363,(GWHPACEX046110,GWHPACEU049754)))),(GWHPACER045356,(((GLYMA_12G136700_1,W05_GLYSO_12G034289_1_P),GLYMA_ZH13_12G122300_1_P),GWHPACES049408)),GWHPACET050060);
((GWHPACED047203,(GWHPACEI051138,(GWHPACEW049363,(GWHPACEX046110,GWHPACEU049754)))),(GWHPACER045356,(((GLYMA_12G136700_1,W05_GLYSO_12G034289_1_P),GLYMA_ZH13_12G122300_1_P),GWHPACES049408)),GWHPACET050060);
((GWHPACED047203,(GWHPACEI051138,(GWHPACEW049363,(GWHPACEX046110,GWHPACEU049754)))),(GWHPACER045356,(((GLYMA_12G136700_1,W05_GLYSO_12G034289_1_P),GLYMA_ZH13_12G122300_1_P),GWHPACES049408)),GWHPACET050060);
((GWHPACED047203,(GWHPACEI051138,(GWHPACEW049363,(GWHPACEX046110,GWHPACEU049754)))),(GWHPACER045356,(((GLYMA_12G136700_1,W05_GLYSO_12G034289_1_P),GLYMA_ZH13_12G122300_1_P),GWHPACES049408)),GWHPACET050060);
((GWHPACED047203,(GWHPACEI051138,(GWHPACEW049363,(GWHPACEX046110,GWHPACEU049754)))),(GWHPACER045356,(((GLYMA_12G136700_1,W05_GLYSO_12G034289_1_P),GLYMA_ZH13_12G122300_1_P),GWHPACES049408)),GWHPACET050060);
((GWHPACED047203,(GWHPACEI051138,(GWHPACEW049363,(GWHPACEX046110,GWHPACEU049754)))),(GWHPACER045356,(((GLYMA_12G136700_1,W05_GLYSO_12G034289_1_P),GLYMA_ZH13_12G122300_1_P),GWHPACES049408)),GWHPACET050060);
((GWHPACED047203,(GWHPACEI051138,(GWHPACEW049363,(GWHPACEX046110,GWHPACEU049754)))),(GWHPACER045356,(((GLYMA_12G136700_1,W05_GLYSO_12G034289_1_P),GLYMA_ZH13_12G122300_1_P),GWHPACES049408)),GWHPACET050060);
((GWHPACED047203,(GWHPACEI051138,(GWHPACEW049363,(GWHPACEX046110,GWHPACEU049754)))),(GWHPACER045356,(((GLYMA_12G136700_1,W05_GLYSO_12G034289_1_P),GLYMA_ZH13_12G122300_1_P),GWHPACES049408)),GWHPACET050060);
((GWHPACED047203,(GWHPACEI051138,(GWHPACEW049363,(GWHPACEX046110,GWHPACEU049754)))),(GWHPACER045356,(((GLYMA_12G136700_1,W05_GLYSO_12G034289_1_P),GLYMA_ZH13_12G122300_1_P),GWHPACES049408)),GWHPACET050060);
(GWHPACES049408,((((GLYMA_ZH13_12G122300_1_P,GLYMA_12G136700_1),W05_GLYSO_12G034289_1_P),((GWHPACEI051138,GWHPACED047203),(GWHPACEW049363,(GWHPACEX046110,GWHPACEU049754)))),GWHPACER045356),GWHPACET050060);
(GWHPACES049408,((((GLYMA_ZH13_12G122300_1_P,GLYMA_12G136700_1),W05_GLYSO_12G034289_1_P),((GWHPACEI051138,GWHPACED047203),(GWHPACEW049363,(GWHPACEX046110,GWHPACEU049754)))),GWHPACER045356),GWHPACET050060);
(GWHPACES049408,((((GLYMA_ZH13_12G122300_1_P,GLYMA_12G136700_1),W05_GLYSO_12G034289_1_P),((GWHPACEI051138,GWHPACED047203),(GWHPACEW049363,(GWHPACEX046110,GWHPACEU049754)))),GWHPACER045356),GWHPACET050060);
(GWHPACES049408,((((GLYMA_ZH13_12G122300_1_P,GLYMA_12G136700_1),W05_GLYSO_12G034289_1_P),((GWHPACEI051138,GWHPACED047203),(GWHPACEW049363,(GWHPACEX046110,GWHPACEU049754)))),GWHPACER045356),GWHPACET050060);
(GWHPACES049408,((((GLYMA_ZH13_12G122300_1_P,GLYMA_12G136700_1),W05_GLYSO_12G034289_1_P),((GWHPACEI051138,GWHPACED047203),(GWHPACEW049363,(GWHPACEX046110,GWHPACEU049754)))),GWHPACER045356),GWHPACET050060);
(GWHPACES049408,((((GLYMA_ZH13_12G122300_1_P,GLYMA_12G136700_1),W05_GLYSO_12G034289_1_P),((GWHPACEI051138,GWHPACED047203),(GWHPACEW049363,(GWHPACEX046110,GWHPACEU049754)))),GWHPACER045356),GWHPACET050060);
((GWHPACES049408,(GWHPACED047203,((GLYMA_ZH13_12G122300_1_P,GLYMA_12G136700_1),W05_GLYSO_12G034289_1_P))),((GWHPACEI051138,(GWHPACEW049363,(GWHPACEX046110,GWHPACEU049754))),GWHPACER045356),GWHPACET050060);
((GWHPACES049408,(GWHPACED047203,((GLYMA_ZH13_12G122300_1_P,GLYMA_12G136700_1),W05_GLYSO_12G034289_1_P))),((GWHPACEI051138,(GWHPACEW049363,(GWHPACEX046110,GWHPACEU049754))),GWHPACER045356),GWHPACET050060);
((GWHPACES049408,(GWHPACED047203,((GLYMA_ZH13_12G122300_1_P,GLYMA_12G136700_1),W05_GLYSO_12G034289_1_P))),((GWHPACEI051138,(GWHPACEW049363,(GWHPACEX046110,GWHPACEU049754))),GWHPACER045356),GWHPACET050060);
((GWHPACES049408,(GWHPACED047203,((GLYMA_ZH13_12G122300_1_P,GLYMA_12G136700_1),W05_GLYSO_12G034289_1_P))),((GWHPACEI051138,(GWHPACEW049363,(GWHPACEX046110,GWHPACEU049754))),GWHPACER045356),GWHPACET050060);
