(GWHPACDY027529,(W05_GLYSO_07G017657_1_P,(GLYMA_07G123000_1,GLYMA_ZH13_07G115400_1_P)),GWHPACEK024359);
(GWHPACDY027529,(W05_GLYSO_07G017657_1_P,(GLYMA_07G123000_1,GLYMA_ZH13_07G115400_1_P)),GWHPACEK024359);
(GWHPACDY027529,(W05_GLYSO_07G017657_1_P,(GLYMA_07G123000_1,GLYMA_ZH13_07G115400_1_P)),GWHPACEK024359);
(GWHPACDY027529,(W05_GLYSO_07G017657_1_P,(GLYMA_07G123000_1,GLYMA_ZH13_07G115400_1_P)),GWHPACEK024359);
(GWHPACDY027529,(W05_GLYSO_07G017657_1_P,(GLYMA_07G123000_1,GLYMA_ZH13_07G115400_1_P)),GWHPACEK024359);
(GWHPACDY027529,(W05_GLYSO_07G017657_1_P,(GLYMA_07G123000_1,GLYMA_ZH13_07G115400_1_P)),GWHPACEK024359);
(GWHPACDY027529,(W05_GLYSO_07G017657_1_P,(GLYMA_07G123000_1,GLYMA_ZH13_07G115400_1_P)),GWHPACEK024359);
(GWHPACDY027529,(W05_GLYSO_07G017657_1_P,(GLYMA_07G123000_1,GLYMA_ZH13_07G115400_1_P)),GWHPACEK024359);
(GWHPACDY027529,(W05_GLYSO_07G017657_1_P,(GLYMA_07G123000_1,GLYMA_ZH13_07G115400_1_P)),GWHPACEK024359);
(GWHPACDY027529,(W05_GLYSO_07G017657_1_P,(GLYMA_07G123000_1,GLYMA_ZH13_07G115400_1_P)),GWHPACEK024359);
((GLYMA_ZH13_07G115400_1_P,(GLYMA_07G123000_1,W05_GLYSO_07G017657_1_P)),GWHPACDY027529,GWHPACEK024359);
((GLYMA_ZH13_07G115400_1_P,(GLYMA_07G123000_1,W05_GLYSO_07G017657_1_P)),GWHPACDY027529,GWHPACEK024359);
((GLYMA_ZH13_07G115400_1_P,(GLYMA_07G123000_1,W05_GLYSO_07G017657_1_P)),GWHPACDY027529,GWHPACEK024359);
((GLYMA_ZH13_07G115400_1_P,(GLYMA_07G123000_1,W05_GLYSO_07G017657_1_P)),GWHPACDY027529,GWHPACEK024359);
((GLYMA_ZH13_07G115400_1_P,(GLYMA_07G123000_1,W05_GLYSO_07G017657_1_P)),GWHPACDY027529,GWHPACEK024359);
((GLYMA_ZH13_07G115400_1_P,(GLYMA_07G123000_1,W05_GLYSO_07G017657_1_P)),GWHPACDY027529,GWHPACEK024359);
((GLYMA_ZH13_07G115400_1_P,(GLYMA_07G123000_1,W05_GLYSO_07G017657_1_P)),GWHPACDY027529,GWHPACEK024359);
((GLYMA_ZH13_07G115400_1_P,(GLYMA_07G123000_1,W05_GLYSO_07G017657_1_P)),GWHPACDY027529,GWHPACEK024359);
((GLYMA_ZH13_07G115400_1_P,(GLYMA_07G123000_1,W05_GLYSO_07G017657_1_P)),GWHPACDY027529,GWHPACEK024359);
((GLYMA_ZH13_07G115400_1_P,(GLYMA_07G123000_1,W05_GLYSO_07G017657_1_P)),GWHPACDY027529,GWHPACEK024359);
(GLYMA_07G123000_1,(W05_GLYSO_07G017657_1_P,(GLYMA_ZH13_07G115400_1_P,GWHPACDY027529)),GWHPACEK024359);
(GLYMA_07G123000_1,(W05_GLYSO_07G017657_1_P,(GLYMA_ZH13_07G115400_1_P,GWHPACDY027529)),GWHPACEK024359);
(GLYMA_07G123000_1,(W05_GLYSO_07G017657_1_P,(GLYMA_ZH13_07G115400_1_P,GWHPACDY027529)),GWHPACEK024359);
(GLYMA_07G123000_1,(W05_GLYSO_07G017657_1_P,(GLYMA_ZH13_07G115400_1_P,GWHPACDY027529)),GWHPACEK024359);
(GLYMA_07G123000_1,(W05_GLYSO_07G017657_1_P,(GLYMA_ZH13_07G115400_1_P,GWHPACDY027529)),GWHPACEK024359);
(GLYMA_07G123000_1,(W05_GLYSO_07G017657_1_P,(GLYMA_ZH13_07G115400_1_P,GWHPACDY027529)),GWHPACEK024359);
(GLYMA_07G123000_1,(W05_GLYSO_07G017657_1_P,(GLYMA_ZH13_07G115400_1_P,GWHPACDY027529)),GWHPACEK024359);
(GLYMA_07G123000_1,(W05_GLYSO_07G017657_1_P,(GLYMA_ZH13_07G115400_1_P,GWHPACDY027529)),GWHPACEK024359);
(GLYMA_07G123000_1,(W05_GLYSO_07G017657_1_P,(GLYMA_ZH13_07G115400_1_P,GWHPACDY027529)),GWHPACEK024359);
(GLYMA_07G123000_1,(W05_GLYSO_07G017657_1_P,(GLYMA_ZH13_07G115400_1_P,GWHPACDY027529)),GWHPACEK024359);
((W05_GLYSO_07G017657_1_P,(GLYMA_07G123000_1,GLYMA_ZH13_07G115400_1_P)),GWHPACDY027529,GWHPACEK024359);
((W05_GLYSO_07G017657_1_P,(GLYMA_07G123000_1,GLYMA_ZH13_07G115400_1_P)),GWHPACDY027529,GWHPACEK024359);
((W05_GLYSO_07G017657_1_P,(GLYMA_07G123000_1,GLYMA_ZH13_07G115400_1_P)),GWHPACDY027529,GWHPACEK024359);
((W05_GLYSO_07G017657_1_P,(GLYMA_07G123000_1,GLYMA_ZH13_07G115400_1_P)),GWHPACDY027529,GWHPACEK024359);
((W05_GLYSO_07G017657_1_P,(GLYMA_07G123000_1,GLYMA_ZH13_07G115400_1_P)),GWHPACDY027529,GWHPACEK024359);
((W05_GLYSO_07G017657_1_P,(GLYMA_07G123000_1,GLYMA_ZH13_07G115400_1_P)),GWHPACDY027529,GWHPACEK024359);
((W05_GLYSO_07G017657_1_P,(GLYMA_07G123000_1,GLYMA_ZH13_07G115400_1_P)),GWHPACDY027529,GWHPACEK024359);
((W05_GLYSO_07G017657_1_P,(GLYMA_07G123000_1,GLYMA_ZH13_07G115400_1_P)),GWHPACDY027529,GWHPACEK024359);
((W05_GLYSO_07G017657_1_P,(GLYMA_07G123000_1,GLYMA_ZH13_07G115400_1_P)),GWHPACDY027529,GWHPACEK024359);
((W05_GLYSO_07G017657_1_P,(GLYMA_07G123000_1,GLYMA_ZH13_07G115400_1_P)),GWHPACDY027529,GWHPACEK024359);
(GLYMA_07G123000_1,(GLYMA_ZH13_07G115400_1_P,(W05_GLYSO_07G017657_1_P,GWHPACDY027529)),GWHPACEK024359);
(GLYMA_07G123000_1,(GLYMA_ZH13_07G115400_1_P,(W05_GLYSO_07G017657_1_P,GWHPACDY027529)),GWHPACEK024359);
(GLYMA_07G123000_1,(GLYMA_ZH13_07G115400_1_P,(W05_GLYSO_07G017657_1_P,GWHPACDY027529)),GWHPACEK024359);
(GLYMA_07G123000_1,(GLYMA_ZH13_07G115400_1_P,(W05_GLYSO_07G017657_1_P,GWHPACDY027529)),GWHPACEK024359);
(GLYMA_07G123000_1,(GLYMA_ZH13_07G115400_1_P,(W05_GLYSO_07G017657_1_P,GWHPACDY027529)),GWHPACEK024359);
(GLYMA_07G123000_1,(GLYMA_ZH13_07G115400_1_P,(W05_GLYSO_07G017657_1_P,GWHPACDY027529)),GWHPACEK024359);
(GLYMA_07G123000_1,(GLYMA_ZH13_07G115400_1_P,(W05_GLYSO_07G017657_1_P,GWHPACDY027529)),GWHPACEK024359);
(GLYMA_07G123000_1,(GLYMA_ZH13_07G115400_1_P,(W05_GLYSO_07G017657_1_P,GWHPACDY027529)),GWHPACEK024359);
(GLYMA_07G123000_1,(GLYMA_ZH13_07G115400_1_P,(W05_GLYSO_07G017657_1_P,GWHPACDY027529)),GWHPACEK024359);
(GLYMA_07G123000_1,(GLYMA_ZH13_07G115400_1_P,(W05_GLYSO_07G017657_1_P,GWHPACDY027529)),GWHPACEK024359);
(W05_GLYSO_07G017657_1_P,(GLYMA_07G123000_1,(GLYMA_ZH13_07G115400_1_P,GWHPACDY027529)),GWHPACEK024359);
(W05_GLYSO_07G017657_1_P,(GLYMA_07G123000_1,(GLYMA_ZH13_07G115400_1_P,GWHPACDY027529)),GWHPACEK024359);
(W05_GLYSO_07G017657_1_P,(GLYMA_07G123000_1,(GLYMA_ZH13_07G115400_1_P,GWHPACDY027529)),GWHPACEK024359);
(W05_GLYSO_07G017657_1_P,(GLYMA_07G123000_1,(GLYMA_ZH13_07G115400_1_P,GWHPACDY027529)),GWHPACEK024359);
(W05_GLYSO_07G017657_1_P,(GLYMA_07G123000_1,(GLYMA_ZH13_07G115400_1_P,GWHPACDY027529)),GWHPACEK024359);
(W05_GLYSO_07G017657_1_P,(GLYMA_07G123000_1,(GLYMA_ZH13_07G115400_1_P,GWHPACDY027529)),GWHPACEK024359);
(W05_GLYSO_07G017657_1_P,(GLYMA_07G123000_1,(GLYMA_ZH13_07G115400_1_P,GWHPACDY027529)),GWHPACEK024359);
(W05_GLYSO_07G017657_1_P,(GLYMA_07G123000_1,(GLYMA_ZH13_07G115400_1_P,GWHPACDY027529)),GWHPACEK024359);
(W05_GLYSO_07G017657_1_P,(GLYMA_07G123000_1,(GLYMA_ZH13_07G115400_1_P,GWHPACDY027529)),GWHPACEK024359);
(W05_GLYSO_07G017657_1_P,(GLYMA_07G123000_1,(GLYMA_ZH13_07G115400_1_P,GWHPACDY027529)),GWHPACEK024359);
(GLYMA_ZH13_07G115400_1_P,(GWHPACDY027529,(W05_GLYSO_07G017657_1_P,GLYMA_07G123000_1)),GWHPACEK024359);
(GLYMA_ZH13_07G115400_1_P,(GWHPACDY027529,(W05_GLYSO_07G017657_1_P,GLYMA_07G123000_1)),GWHPACEK024359);
(GLYMA_ZH13_07G115400_1_P,(GWHPACDY027529,(W05_GLYSO_07G017657_1_P,GLYMA_07G123000_1)),GWHPACEK024359);
(GLYMA_ZH13_07G115400_1_P,(GWHPACDY027529,(W05_GLYSO_07G017657_1_P,GLYMA_07G123000_1)),GWHPACEK024359);
(GLYMA_ZH13_07G115400_1_P,(GWHPACDY027529,(W05_GLYSO_07G017657_1_P,GLYMA_07G123000_1)),GWHPACEK024359);
(GLYMA_ZH13_07G115400_1_P,(GWHPACDY027529,(W05_GLYSO_07G017657_1_P,GLYMA_07G123000_1)),GWHPACEK024359);
(GLYMA_ZH13_07G115400_1_P,(GWHPACDY027529,(W05_GLYSO_07G017657_1_P,GLYMA_07G123000_1)),GWHPACEK024359);
(GLYMA_ZH13_07G115400_1_P,(GWHPACDY027529,(W05_GLYSO_07G017657_1_P,GLYMA_07G123000_1)),GWHPACEK024359);
(GLYMA_ZH13_07G115400_1_P,(GWHPACDY027529,(W05_GLYSO_07G017657_1_P,GLYMA_07G123000_1)),GWHPACEK024359);
(GLYMA_ZH13_07G115400_1_P,(GWHPACDY027529,(W05_GLYSO_07G017657_1_P,GLYMA_07G123000_1)),GWHPACEK024359);
((W05_GLYSO_07G017657_1_P,GLYMA_ZH13_07G115400_1_P),(GWHPACDY027529,GLYMA_07G123000_1),GWHPACEK024359);
((W05_GLYSO_07G017657_1_P,GLYMA_ZH13_07G115400_1_P),(GWHPACDY027529,GLYMA_07G123000_1),GWHPACEK024359);
((W05_GLYSO_07G017657_1_P,GLYMA_ZH13_07G115400_1_P),(GWHPACDY027529,GLYMA_07G123000_1),GWHPACEK024359);
((W05_GLYSO_07G017657_1_P,GLYMA_ZH13_07G115400_1_P),(GWHPACDY027529,GLYMA_07G123000_1),GWHPACEK024359);
((W05_GLYSO_07G017657_1_P,GLYMA_ZH13_07G115400_1_P),(GWHPACDY027529,GLYMA_07G123000_1),GWHPACEK024359);
((W05_GLYSO_07G017657_1_P,GLYMA_ZH13_07G115400_1_P),(GWHPACDY027529,GLYMA_07G123000_1),GWHPACEK024359);
((W05_GLYSO_07G017657_1_P,GLYMA_ZH13_07G115400_1_P),(GWHPACDY027529,GLYMA_07G123000_1),GWHPACEK024359);
((W05_GLYSO_07G017657_1_P,GLYMA_ZH13_07G115400_1_P),(GWHPACDY027529,GLYMA_07G123000_1),GWHPACEK024359);
((W05_GLYSO_07G017657_1_P,GLYMA_ZH13_07G115400_1_P),(GWHPACDY027529,GLYMA_07G123000_1),GWHPACEK024359);
((W05_GLYSO_07G017657_1_P,GLYMA_ZH13_07G115400_1_P),(GWHPACDY027529,GLYMA_07G123000_1),GWHPACEK024359);
((GLYMA_07G123000_1,(GLYMA_ZH13_07G115400_1_P,W05_GLYSO_07G017657_1_P)),GWHPACDY027529,GWHPACEK024359);
((GLYMA_07G123000_1,(GLYMA_ZH13_07G115400_1_P,W05_GLYSO_07G017657_1_P)),GWHPACDY027529,GWHPACEK024359);
((GLYMA_07G123000_1,(GLYMA_ZH13_07G115400_1_P,W05_GLYSO_07G017657_1_P)),GWHPACDY027529,GWHPACEK024359);
((GLYMA_07G123000_1,(GLYMA_ZH13_07G115400_1_P,W05_GLYSO_07G017657_1_P)),GWHPACDY027529,GWHPACEK024359);
((GLYMA_07G123000_1,(GLYMA_ZH13_07G115400_1_P,W05_GLYSO_07G017657_1_P)),GWHPACDY027529,GWHPACEK024359);
((GLYMA_07G123000_1,(GLYMA_ZH13_07G115400_1_P,W05_GLYSO_07G017657_1_P)),GWHPACDY027529,GWHPACEK024359);
((GLYMA_07G123000_1,(GLYMA_ZH13_07G115400_1_P,W05_GLYSO_07G017657_1_P)),GWHPACDY027529,GWHPACEK024359);
((GLYMA_07G123000_1,(GLYMA_ZH13_07G115400_1_P,W05_GLYSO_07G017657_1_P)),GWHPACDY027529,GWHPACEK024359);
((GLYMA_07G123000_1,(GLYMA_ZH13_07G115400_1_P,W05_GLYSO_07G017657_1_P)),GWHPACDY027529,GWHPACEK024359);
((GLYMA_07G123000_1,(GLYMA_ZH13_07G115400_1_P,W05_GLYSO_07G017657_1_P)),GWHPACDY027529,GWHPACEK024359);
(GWHPACDY027529,(W05_GLYSO_07G017657_1_P,(GLYMA_ZH13_07G115400_1_P,GLYMA_07G123000_1)),GWHPACEK024359);
(GWHPACDY027529,(W05_GLYSO_07G017657_1_P,(GLYMA_ZH13_07G115400_1_P,GLYMA_07G123000_1)),GWHPACEK024359);
(GWHPACDY027529,(W05_GLYSO_07G017657_1_P,(GLYMA_ZH13_07G115400_1_P,GLYMA_07G123000_1)),GWHPACEK024359);
(GWHPACDY027529,(W05_GLYSO_07G017657_1_P,(GLYMA_ZH13_07G115400_1_P,GLYMA_07G123000_1)),GWHPACEK024359);
(GWHPACDY027529,(W05_GLYSO_07G017657_1_P,(GLYMA_ZH13_07G115400_1_P,GLYMA_07G123000_1)),GWHPACEK024359);
(GWHPACDY027529,(W05_GLYSO_07G017657_1_P,(GLYMA_ZH13_07G115400_1_P,GLYMA_07G123000_1)),GWHPACEK024359);
(GWHPACDY027529,(W05_GLYSO_07G017657_1_P,(GLYMA_ZH13_07G115400_1_P,GLYMA_07G123000_1)),GWHPACEK024359);
(GWHPACDY027529,(W05_GLYSO_07G017657_1_P,(GLYMA_ZH13_07G115400_1_P,GLYMA_07G123000_1)),GWHPACEK024359);
(GWHPACDY027529,(W05_GLYSO_07G017657_1_P,(GLYMA_ZH13_07G115400_1_P,GLYMA_07G123000_1)),GWHPACEK024359);
(GWHPACDY027529,(W05_GLYSO_07G017657_1_P,(GLYMA_ZH13_07G115400_1_P,GLYMA_07G123000_1)),GWHPACEK024359);
