((GWHPACET066429,((GWHPACEH065758,(GWHPACES065820,GWHPACED062788)),GWHPACEN064903)),((((W05_GLYSO_16G043111_1_P,GWHPACEB059762),((GWHPACEM065517,GLYMA_16G085900_1),(GWHPACEF062296,((GWHPACEX061420,GWHPACEP061809),GWHPACEU066028)))),GWHPACEI067948),GWHPACEK058679),GWHPACEC061584);
((GWHPACET066429,((GWHPACEH065758,(GWHPACES065820,GWHPACED062788)),GWHPACEN064903)),((((W05_GLYSO_16G043111_1_P,GWHPACEB059762),((GWHPACEM065517,GLYMA_16G085900_1),(GWHPACEF062296,((GWHPACEX061420,GWHPACEP061809),GWHPACEU066028)))),GWHPACEI067948),GWHPACEK058679),GWHPACEC061584);
((GWHPACET066429,((GWHPACEH065758,(GWHPACES065820,GWHPACED062788)),GWHPACEN064903)),((((W05_GLYSO_16G043111_1_P,GWHPACEB059762),((GWHPACEM065517,GLYMA_16G085900_1),(GWHPACEF062296,((GWHPACEX061420,GWHPACEP061809),GWHPACEU066028)))),GWHPACEI067948),GWHPACEK058679),GWHPACEC061584);
((GWHPACET066429,((GWHPACEH065758,(GWHPACES065820,GWHPACED062788)),GWHPACEN064903)),((((W05_GLYSO_16G043111_1_P,GWHPACEB059762),((GWHPACEM065517,GLYMA_16G085900_1),(GWHPACEF062296,((GWHPACEX061420,GWHPACEP061809),GWHPACEU066028)))),GWHPACEI067948),GWHPACEK058679),GWHPACEC061584);
((GWHPACET066429,((GWHPACEH065758,(GWHPACES065820,GWHPACED062788)),GWHPACEN064903)),((((W05_GLYSO_16G043111_1_P,GWHPACEB059762),((GWHPACEM065517,GLYMA_16G085900_1),(GWHPACEF062296,((GWHPACEX061420,GWHPACEP061809),GWHPACEU066028)))),GWHPACEI067948),GWHPACEK058679),GWHPACEC061584);
((GWHPACET066429,((GWHPACEH065758,(GWHPACES065820,GWHPACED062788)),GWHPACEN064903)),((((W05_GLYSO_16G043111_1_P,GWHPACEB059762),((GWHPACEM065517,GLYMA_16G085900_1),(GWHPACEF062296,((GWHPACEX061420,GWHPACEP061809),GWHPACEU066028)))),GWHPACEI067948),GWHPACEK058679),GWHPACEC061584);
((GWHPACET066429,((GWHPACEH065758,(GWHPACES065820,GWHPACED062788)),GWHPACEN064903)),((((W05_GLYSO_16G043111_1_P,GWHPACEB059762),((GWHPACEM065517,GLYMA_16G085900_1),(GWHPACEF062296,((GWHPACEX061420,GWHPACEP061809),GWHPACEU066028)))),GWHPACEI067948),GWHPACEK058679),GWHPACEC061584);
((GWHPACET066429,((GWHPACEH065758,(GWHPACES065820,GWHPACED062788)),GWHPACEN064903)),((((W05_GLYSO_16G043111_1_P,GWHPACEB059762),((GWHPACEM065517,GLYMA_16G085900_1),(GWHPACEF062296,((GWHPACEX061420,GWHPACEP061809),GWHPACEU066028)))),GWHPACEI067948),GWHPACEK058679),GWHPACEC061584);
((GWHPACET066429,((GWHPACEH065758,(GWHPACES065820,GWHPACED062788)),GWHPACEN064903)),((((W05_GLYSO_16G043111_1_P,GWHPACEB059762),((GWHPACEM065517,GLYMA_16G085900_1),(GWHPACEF062296,((GWHPACEX061420,GWHPACEP061809),GWHPACEU066028)))),GWHPACEI067948),GWHPACEK058679),GWHPACEC061584);
((GWHPACET066429,((GWHPACEH065758,(GWHPACES065820,GWHPACED062788)),GWHPACEN064903)),((((W05_GLYSO_16G043111_1_P,GWHPACEB059762),((GWHPACEM065517,GLYMA_16G085900_1),(GWHPACEF062296,((GWHPACEX061420,GWHPACEP061809),GWHPACEU066028)))),GWHPACEI067948),GWHPACEK058679),GWHPACEC061584);
((GWHPACEK058679,(GWHPACEU066028,(GWHPACEB059762,(GWHPACEF062296,(GWHPACEP061809,(GWHPACEX061420,(GWHPACEM065517,(W05_GLYSO_16G043111_1_P,(GLYMA_16G085900_1,GWHPACEI067948))))))))),(GWHPACEN064903,(((GWHPACEH065758,GWHPACET066429),GWHPACES065820),GWHPACED062788)),GWHPACEC061584);
((GWHPACEK058679,(GWHPACEU066028,(GWHPACEB059762,(GWHPACEF062296,(GWHPACEP061809,(GWHPACEX061420,(GWHPACEM065517,(W05_GLYSO_16G043111_1_P,(GLYMA_16G085900_1,GWHPACEI067948))))))))),(GWHPACEN064903,(((GWHPACEH065758,GWHPACET066429),GWHPACES065820),GWHPACED062788)),GWHPACEC061584);
((GWHPACEK058679,(GWHPACEU066028,(GWHPACEB059762,(GWHPACEF062296,(GWHPACEP061809,(GWHPACEX061420,(GWHPACEM065517,(W05_GLYSO_16G043111_1_P,(GLYMA_16G085900_1,GWHPACEI067948))))))))),(GWHPACEN064903,(((GWHPACEH065758,GWHPACET066429),GWHPACES065820),GWHPACED062788)),GWHPACEC061584);
((GWHPACEK058679,(GWHPACEU066028,(GWHPACEB059762,(GWHPACEF062296,(GWHPACEP061809,(GWHPACEX061420,(GWHPACEM065517,(W05_GLYSO_16G043111_1_P,(GLYMA_16G085900_1,GWHPACEI067948))))))))),(GWHPACEN064903,(((GWHPACEH065758,GWHPACET066429),GWHPACES065820),GWHPACED062788)),GWHPACEC061584);
((GWHPACEK058679,(GWHPACEU066028,(GWHPACEB059762,(GWHPACEF062296,(GWHPACEP061809,(GWHPACEX061420,(GWHPACEM065517,(W05_GLYSO_16G043111_1_P,(GLYMA_16G085900_1,GWHPACEI067948))))))))),(GWHPACEN064903,(((GWHPACEH065758,GWHPACET066429),GWHPACES065820),GWHPACED062788)),GWHPACEC061584);
((GWHPACEK058679,(GWHPACEU066028,(GWHPACEB059762,(GWHPACEF062296,(GWHPACEP061809,(GWHPACEX061420,(GWHPACEM065517,(W05_GLYSO_16G043111_1_P,(GLYMA_16G085900_1,GWHPACEI067948))))))))),(GWHPACEN064903,(((GWHPACEH065758,GWHPACET066429),GWHPACES065820),GWHPACED062788)),GWHPACEC061584);
((GWHPACEK058679,(GWHPACEU066028,(GWHPACEB059762,(GWHPACEF062296,(GWHPACEP061809,(GWHPACEX061420,(GWHPACEM065517,(W05_GLYSO_16G043111_1_P,(GLYMA_16G085900_1,GWHPACEI067948))))))))),(GWHPACEN064903,(((GWHPACEH065758,GWHPACET066429),GWHPACES065820),GWHPACED062788)),GWHPACEC061584);
((GWHPACEK058679,(GWHPACEU066028,(GWHPACEB059762,(GWHPACEF062296,(GWHPACEP061809,(GWHPACEX061420,(GWHPACEM065517,(W05_GLYSO_16G043111_1_P,(GLYMA_16G085900_1,GWHPACEI067948))))))))),(GWHPACEN064903,(((GWHPACEH065758,GWHPACET066429),GWHPACES065820),GWHPACED062788)),GWHPACEC061584);
((GWHPACEK058679,(GWHPACEU066028,(GWHPACEB059762,(GWHPACEF062296,(GWHPACEP061809,(GWHPACEX061420,(GWHPACEM065517,(W05_GLYSO_16G043111_1_P,(GLYMA_16G085900_1,GWHPACEI067948))))))))),(GWHPACEN064903,(((GWHPACEH065758,GWHPACET066429),GWHPACES065820),GWHPACED062788)),GWHPACEC061584);
((GWHPACEK058679,(GWHPACEU066028,(GWHPACEB059762,(GWHPACEF062296,(GWHPACEP061809,(GWHPACEX061420,(GWHPACEM065517,(W05_GLYSO_16G043111_1_P,(GLYMA_16G085900_1,GWHPACEI067948))))))))),(GWHPACEN064903,(((GWHPACEH065758,GWHPACET066429),GWHPACES065820),GWHPACED062788)),GWHPACEC061584);
((GWHPACET066429,((GWHPACES065820,(GWHPACEH065758,GWHPACEN064903)),GWHPACED062788)),(((GWHPACEF062296,((GLYMA_16G085900_1,GWHPACEP061809),((GWHPACEI067948,(GWHPACEM065517,GWHPACEX061420)),GWHPACEU066028))),W05_GLYSO_16G043111_1_P),(GWHPACEB059762,GWHPACEK058679)),GWHPACEC061584);
((GWHPACET066429,((GWHPACES065820,(GWHPACEH065758,GWHPACEN064903)),GWHPACED062788)),(((GWHPACEF062296,((GLYMA_16G085900_1,GWHPACEP061809),((GWHPACEI067948,(GWHPACEM065517,GWHPACEX061420)),GWHPACEU066028))),W05_GLYSO_16G043111_1_P),(GWHPACEB059762,GWHPACEK058679)),GWHPACEC061584);
((GWHPACET066429,((GWHPACES065820,(GWHPACEH065758,GWHPACEN064903)),GWHPACED062788)),(((GWHPACEF062296,((GLYMA_16G085900_1,GWHPACEP061809),((GWHPACEI067948,(GWHPACEM065517,GWHPACEX061420)),GWHPACEU066028))),W05_GLYSO_16G043111_1_P),(GWHPACEB059762,GWHPACEK058679)),GWHPACEC061584);
((GWHPACET066429,((GWHPACES065820,(GWHPACEH065758,GWHPACEN064903)),GWHPACED062788)),(((GWHPACEF062296,((GLYMA_16G085900_1,GWHPACEP061809),((GWHPACEI067948,(GWHPACEM065517,GWHPACEX061420)),GWHPACEU066028))),W05_GLYSO_16G043111_1_P),(GWHPACEB059762,GWHPACEK058679)),GWHPACEC061584);
((GWHPACET066429,((GWHPACES065820,(GWHPACEH065758,GWHPACEN064903)),GWHPACED062788)),(((GWHPACEF062296,((GLYMA_16G085900_1,GWHPACEP061809),((GWHPACEI067948,(GWHPACEM065517,GWHPACEX061420)),GWHPACEU066028))),W05_GLYSO_16G043111_1_P),(GWHPACEB059762,GWHPACEK058679)),GWHPACEC061584);
((GWHPACET066429,((GWHPACES065820,(GWHPACEH065758,GWHPACEN064903)),GWHPACED062788)),(((GWHPACEF062296,((GLYMA_16G085900_1,GWHPACEP061809),((GWHPACEI067948,(GWHPACEM065517,GWHPACEX061420)),GWHPACEU066028))),W05_GLYSO_16G043111_1_P),(GWHPACEB059762,GWHPACEK058679)),GWHPACEC061584);
((GWHPACET066429,((GWHPACES065820,(GWHPACEH065758,GWHPACEN064903)),GWHPACED062788)),(((GWHPACEF062296,((GLYMA_16G085900_1,GWHPACEP061809),((GWHPACEI067948,(GWHPACEM065517,GWHPACEX061420)),GWHPACEU066028))),W05_GLYSO_16G043111_1_P),(GWHPACEB059762,GWHPACEK058679)),GWHPACEC061584);
((GWHPACET066429,((GWHPACES065820,(GWHPACEH065758,GWHPACEN064903)),GWHPACED062788)),(((GWHPACEF062296,((GLYMA_16G085900_1,GWHPACEP061809),((GWHPACEI067948,(GWHPACEM065517,GWHPACEX061420)),GWHPACEU066028))),W05_GLYSO_16G043111_1_P),(GWHPACEB059762,GWHPACEK058679)),GWHPACEC061584);
((GWHPACET066429,((GWHPACES065820,(GWHPACEH065758,GWHPACEN064903)),GWHPACED062788)),(((GWHPACEF062296,((GLYMA_16G085900_1,GWHPACEP061809),((GWHPACEI067948,(GWHPACEM065517,GWHPACEX061420)),GWHPACEU066028))),W05_GLYSO_16G043111_1_P),(GWHPACEB059762,GWHPACEK058679)),GWHPACEC061584);
((GWHPACET066429,((GWHPACES065820,(GWHPACEH065758,GWHPACEN064903)),GWHPACED062788)),(((GWHPACEF062296,((GLYMA_16G085900_1,GWHPACEP061809),((GWHPACEI067948,(GWHPACEM065517,GWHPACEX061420)),GWHPACEU066028))),W05_GLYSO_16G043111_1_P),(GWHPACEB059762,GWHPACEK058679)),GWHPACEC061584);
((GWHPACET066429,(GWHPACED062788,((GWHPACES065820,GWHPACEN064903),GWHPACEH065758))),((GWHPACEF062296,GWHPACEP061809),((((W05_GLYSO_16G043111_1_P,(GWHPACEB059762,GWHPACEK058679)),GWHPACEI067948),(GLYMA_16G085900_1,(GWHPACEM065517,GWHPACEX061420))),GWHPACEU066028)),GWHPACEC061584);
((GWHPACET066429,(GWHPACED062788,((GWHPACES065820,GWHPACEN064903),GWHPACEH065758))),((GWHPACEF062296,GWHPACEP061809),((((W05_GLYSO_16G043111_1_P,(GWHPACEB059762,GWHPACEK058679)),GWHPACEI067948),(GLYMA_16G085900_1,(GWHPACEM065517,GWHPACEX061420))),GWHPACEU066028)),GWHPACEC061584);
((GWHPACET066429,(GWHPACED062788,((GWHPACES065820,GWHPACEN064903),GWHPACEH065758))),((GWHPACEF062296,GWHPACEP061809),((((W05_GLYSO_16G043111_1_P,(GWHPACEB059762,GWHPACEK058679)),GWHPACEI067948),(GLYMA_16G085900_1,(GWHPACEM065517,GWHPACEX061420))),GWHPACEU066028)),GWHPACEC061584);
((GWHPACET066429,(GWHPACED062788,((GWHPACES065820,GWHPACEN064903),GWHPACEH065758))),((GWHPACEF062296,GWHPACEP061809),((((W05_GLYSO_16G043111_1_P,(GWHPACEB059762,GWHPACEK058679)),GWHPACEI067948),(GLYMA_16G085900_1,(GWHPACEM065517,GWHPACEX061420))),GWHPACEU066028)),GWHPACEC061584);
((GWHPACET066429,(GWHPACED062788,((GWHPACES065820,GWHPACEN064903),GWHPACEH065758))),((GWHPACEF062296,GWHPACEP061809),((((W05_GLYSO_16G043111_1_P,(GWHPACEB059762,GWHPACEK058679)),GWHPACEI067948),(GLYMA_16G085900_1,(GWHPACEM065517,GWHPACEX061420))),GWHPACEU066028)),GWHPACEC061584);
((GWHPACET066429,(GWHPACED062788,((GWHPACES065820,GWHPACEN064903),GWHPACEH065758))),((GWHPACEF062296,GWHPACEP061809),((((W05_GLYSO_16G043111_1_P,(GWHPACEB059762,GWHPACEK058679)),GWHPACEI067948),(GLYMA_16G085900_1,(GWHPACEM065517,GWHPACEX061420))),GWHPACEU066028)),GWHPACEC061584);
((GWHPACET066429,(GWHPACED062788,((GWHPACES065820,GWHPACEN064903),GWHPACEH065758))),((GWHPACEF062296,GWHPACEP061809),((((W05_GLYSO_16G043111_1_P,(GWHPACEB059762,GWHPACEK058679)),GWHPACEI067948),(GLYMA_16G085900_1,(GWHPACEM065517,GWHPACEX061420))),GWHPACEU066028)),GWHPACEC061584);
((GWHPACET066429,(GWHPACED062788,((GWHPACES065820,GWHPACEN064903),GWHPACEH065758))),((GWHPACEF062296,GWHPACEP061809),((((W05_GLYSO_16G043111_1_P,(GWHPACEB059762,GWHPACEK058679)),GWHPACEI067948),(GLYMA_16G085900_1,(GWHPACEM065517,GWHPACEX061420))),GWHPACEU066028)),GWHPACEC061584);
((GWHPACET066429,(GWHPACED062788,((GWHPACES065820,GWHPACEN064903),GWHPACEH065758))),((GWHPACEF062296,GWHPACEP061809),((((W05_GLYSO_16G043111_1_P,(GWHPACEB059762,GWHPACEK058679)),GWHPACEI067948),(GLYMA_16G085900_1,(GWHPACEM065517,GWHPACEX061420))),GWHPACEU066028)),GWHPACEC061584);
((GWHPACET066429,(GWHPACED062788,((GWHPACES065820,GWHPACEN064903),GWHPACEH065758))),((GWHPACEF062296,GWHPACEP061809),((((W05_GLYSO_16G043111_1_P,(GWHPACEB059762,GWHPACEK058679)),GWHPACEI067948),(GLYMA_16G085900_1,(GWHPACEM065517,GWHPACEX061420))),GWHPACEU066028)),GWHPACEC061584);
((GWHPACET066429,((GWHPACEN064903,(GWHPACES065820,GWHPACED062788)),GWHPACEH065758)),((((((GWHPACEX061420,(GWHPACEM065517,W05_GLYSO_16G043111_1_P)),GLYMA_16G085900_1),GWHPACEF062296),(GWHPACEI067948,GWHPACEP061809)),GWHPACEU066028),(GWHPACEK058679,GWHPACEB059762)),GWHPACEC061584);
((GWHPACET066429,((GWHPACEN064903,(GWHPACES065820,GWHPACED062788)),GWHPACEH065758)),((((((GWHPACEX061420,(GWHPACEM065517,W05_GLYSO_16G043111_1_P)),GLYMA_16G085900_1),GWHPACEF062296),(GWHPACEI067948,GWHPACEP061809)),GWHPACEU066028),(GWHPACEK058679,GWHPACEB059762)),GWHPACEC061584);
((GWHPACET066429,((GWHPACEN064903,(GWHPACES065820,GWHPACED062788)),GWHPACEH065758)),((((((GWHPACEX061420,(GWHPACEM065517,W05_GLYSO_16G043111_1_P)),GLYMA_16G085900_1),GWHPACEF062296),(GWHPACEI067948,GWHPACEP061809)),GWHPACEU066028),(GWHPACEK058679,GWHPACEB059762)),GWHPACEC061584);
((GWHPACET066429,((GWHPACEN064903,(GWHPACES065820,GWHPACED062788)),GWHPACEH065758)),((((((GWHPACEX061420,(GWHPACEM065517,W05_GLYSO_16G043111_1_P)),GLYMA_16G085900_1),GWHPACEF062296),(GWHPACEI067948,GWHPACEP061809)),GWHPACEU066028),(GWHPACEK058679,GWHPACEB059762)),GWHPACEC061584);
((GWHPACET066429,((GWHPACEN064903,(GWHPACES065820,GWHPACED062788)),GWHPACEH065758)),((((((GWHPACEX061420,(GWHPACEM065517,W05_GLYSO_16G043111_1_P)),GLYMA_16G085900_1),GWHPACEF062296),(GWHPACEI067948,GWHPACEP061809)),GWHPACEU066028),(GWHPACEK058679,GWHPACEB059762)),GWHPACEC061584);
((GWHPACET066429,((GWHPACEN064903,(GWHPACES065820,GWHPACED062788)),GWHPACEH065758)),((((((GWHPACEX061420,(GWHPACEM065517,W05_GLYSO_16G043111_1_P)),GLYMA_16G085900_1),GWHPACEF062296),(GWHPACEI067948,GWHPACEP061809)),GWHPACEU066028),(GWHPACEK058679,GWHPACEB059762)),GWHPACEC061584);
((GWHPACET066429,((GWHPACEN064903,(GWHPACES065820,GWHPACED062788)),GWHPACEH065758)),((((((GWHPACEX061420,(GWHPACEM065517,W05_GLYSO_16G043111_1_P)),GLYMA_16G085900_1),GWHPACEF062296),(GWHPACEI067948,GWHPACEP061809)),GWHPACEU066028),(GWHPACEK058679,GWHPACEB059762)),GWHPACEC061584);
((GWHPACET066429,((GWHPACEN064903,(GWHPACES065820,GWHPACED062788)),GWHPACEH065758)),((((((GWHPACEX061420,(GWHPACEM065517,W05_GLYSO_16G043111_1_P)),GLYMA_16G085900_1),GWHPACEF062296),(GWHPACEI067948,GWHPACEP061809)),GWHPACEU066028),(GWHPACEK058679,GWHPACEB059762)),GWHPACEC061584);
((GWHPACET066429,((GWHPACEN064903,(GWHPACES065820,GWHPACED062788)),GWHPACEH065758)),((((((GWHPACEX061420,(GWHPACEM065517,W05_GLYSO_16G043111_1_P)),GLYMA_16G085900_1),GWHPACEF062296),(GWHPACEI067948,GWHPACEP061809)),GWHPACEU066028),(GWHPACEK058679,GWHPACEB059762)),GWHPACEC061584);
((GWHPACET066429,((GWHPACEN064903,(GWHPACES065820,GWHPACED062788)),GWHPACEH065758)),((((((GWHPACEX061420,(GWHPACEM065517,W05_GLYSO_16G043111_1_P)),GLYMA_16G085900_1),GWHPACEF062296),(GWHPACEI067948,GWHPACEP061809)),GWHPACEU066028),(GWHPACEK058679,GWHPACEB059762)),GWHPACEC061584);
(GWHPACET066429,((GWHPACEK058679,(GWHPACEX061420,(GLYMA_16G085900_1,(GWHPACEB059762,(GWHPACEI067948,(W05_GLYSO_16G043111_1_P,(GWHPACEN064903,(GWHPACEH065758,(GWHPACES065820,GWHPACED062788))))))))),(((GWHPACEF062296,GWHPACEM065517),GWHPACEU066028),GWHPACEP061809)),GWHPACEC061584);
(GWHPACET066429,((GWHPACEK058679,(GWHPACEX061420,(GLYMA_16G085900_1,(GWHPACEB059762,(GWHPACEI067948,(W05_GLYSO_16G043111_1_P,(GWHPACEN064903,(GWHPACEH065758,(GWHPACES065820,GWHPACED062788))))))))),(((GWHPACEF062296,GWHPACEM065517),GWHPACEU066028),GWHPACEP061809)),GWHPACEC061584);
(GWHPACET066429,((GWHPACEK058679,(GWHPACEX061420,(GLYMA_16G085900_1,(GWHPACEB059762,(GWHPACEI067948,(W05_GLYSO_16G043111_1_P,(GWHPACEN064903,(GWHPACEH065758,(GWHPACES065820,GWHPACED062788))))))))),(((GWHPACEF062296,GWHPACEM065517),GWHPACEU066028),GWHPACEP061809)),GWHPACEC061584);
(GWHPACET066429,((GWHPACEH065758,((GWHPACES065820,GWHPACED062788),GWHPACEN064903)),((((GWHPACEI067948,GWHPACEP061809),((GWHPACEF062296,GWHPACEM065517),GWHPACEX061420)),(GWHPACEU066028,GLYMA_16G085900_1)),(W05_GLYSO_16G043111_1_P,(GWHPACEB059762,GWHPACEK058679)))),GWHPACEC061584);
(GWHPACET066429,((GWHPACEH065758,((GWHPACES065820,GWHPACED062788),GWHPACEN064903)),((((GWHPACEI067948,GWHPACEP061809),((GWHPACEF062296,GWHPACEM065517),GWHPACEX061420)),(GWHPACEU066028,GLYMA_16G085900_1)),(W05_GLYSO_16G043111_1_P,(GWHPACEB059762,GWHPACEK058679)))),GWHPACEC061584);
(GWHPACET066429,((GWHPACEH065758,((GWHPACES065820,GWHPACED062788),GWHPACEN064903)),((((GWHPACEI067948,GWHPACEP061809),((GWHPACEF062296,GWHPACEM065517),GWHPACEX061420)),(GWHPACEU066028,GLYMA_16G085900_1)),(W05_GLYSO_16G043111_1_P,(GWHPACEB059762,GWHPACEK058679)))),GWHPACEC061584);
((GWHPACET066429,(GWHPACEH065758,(GWHPACED062788,(GWHPACEN064903,GWHPACES065820)))),(((W05_GLYSO_16G043111_1_P,GWHPACEB059762),GWHPACEK058679),((GWHPACEX061420,(GWHPACEP061809,(GWHPACEI067948,(GWHPACEF062296,GWHPACEM065517)))),(GWHPACEU066028,GLYMA_16G085900_1))),GWHPACEC061584);
((GWHPACET066429,(GWHPACEH065758,(GWHPACED062788,(GWHPACEN064903,GWHPACES065820)))),(((W05_GLYSO_16G043111_1_P,GWHPACEB059762),GWHPACEK058679),((GWHPACEX061420,(GWHPACEP061809,(GWHPACEI067948,(GWHPACEF062296,GWHPACEM065517)))),(GWHPACEU066028,GLYMA_16G085900_1))),GWHPACEC061584);
((GWHPACET066429,(GWHPACEH065758,(GWHPACED062788,(GWHPACEN064903,GWHPACES065820)))),(((W05_GLYSO_16G043111_1_P,GWHPACEB059762),GWHPACEK058679),((GWHPACEX061420,(GWHPACEP061809,(GWHPACEI067948,(GWHPACEF062296,GWHPACEM065517)))),(GWHPACEU066028,GLYMA_16G085900_1))),GWHPACEC061584);
((GWHPACET066429,(GWHPACEH065758,(GWHPACED062788,(GWHPACEN064903,GWHPACES065820)))),(((W05_GLYSO_16G043111_1_P,GWHPACEB059762),GWHPACEK058679),((GWHPACEX061420,(GWHPACEP061809,(GWHPACEI067948,(GWHPACEF062296,GWHPACEM065517)))),(GWHPACEU066028,GLYMA_16G085900_1))),GWHPACEC061584);
((GWHPACEK058679,(GWHPACEP061809,(GWHPACEM065517,(GLYMA_16G085900_1,(GWHPACEX061420,(W05_GLYSO_16G043111_1_P,(GWHPACEB059762,(GWHPACEF062296,(GWHPACEU066028,GWHPACEI067948))))))))),(GWHPACEN064903,(((GWHPACED062788,GWHPACEH065758),GWHPACES065820),GWHPACET066429)),GWHPACEC061584);
((GWHPACEK058679,(GWHPACEP061809,(GWHPACEM065517,(GLYMA_16G085900_1,(GWHPACEX061420,(W05_GLYSO_16G043111_1_P,(GWHPACEB059762,(GWHPACEF062296,(GWHPACEU066028,GWHPACEI067948))))))))),(GWHPACEN064903,(((GWHPACED062788,GWHPACEH065758),GWHPACES065820),GWHPACET066429)),GWHPACEC061584);
((GWHPACEK058679,(GWHPACEP061809,(GWHPACEM065517,(GLYMA_16G085900_1,(GWHPACEX061420,(W05_GLYSO_16G043111_1_P,(GWHPACEB059762,(GWHPACEF062296,(GWHPACEU066028,GWHPACEI067948))))))))),(GWHPACEN064903,(((GWHPACED062788,GWHPACEH065758),GWHPACES065820),GWHPACET066429)),GWHPACEC061584);
((GWHPACEK058679,(GWHPACEP061809,(GWHPACEM065517,(GLYMA_16G085900_1,(GWHPACEX061420,(W05_GLYSO_16G043111_1_P,(GWHPACEB059762,(GWHPACEF062296,(GWHPACEU066028,GWHPACEI067948))))))))),(GWHPACEN064903,(((GWHPACED062788,GWHPACEH065758),GWHPACES065820),GWHPACET066429)),GWHPACEC061584);
((GWHPACEK058679,(GWHPACEP061809,(GWHPACEM065517,(GLYMA_16G085900_1,(GWHPACEX061420,(W05_GLYSO_16G043111_1_P,(GWHPACEB059762,(GWHPACEF062296,(GWHPACEU066028,GWHPACEI067948))))))))),(GWHPACEN064903,(((GWHPACED062788,GWHPACEH065758),GWHPACES065820),GWHPACET066429)),GWHPACEC061584);
((GWHPACEK058679,(GWHPACEP061809,(GWHPACEM065517,(GLYMA_16G085900_1,(GWHPACEX061420,(W05_GLYSO_16G043111_1_P,(GWHPACEB059762,(GWHPACEF062296,(GWHPACEU066028,GWHPACEI067948))))))))),(GWHPACEN064903,(((GWHPACED062788,GWHPACEH065758),GWHPACES065820),GWHPACET066429)),GWHPACEC061584);
((GWHPACEK058679,(GWHPACEP061809,(GWHPACEM065517,(GLYMA_16G085900_1,(GWHPACEX061420,(W05_GLYSO_16G043111_1_P,(GWHPACEB059762,(GWHPACEF062296,(GWHPACEU066028,GWHPACEI067948))))))))),(GWHPACEN064903,(((GWHPACED062788,GWHPACEH065758),GWHPACES065820),GWHPACET066429)),GWHPACEC061584);
((GWHPACEK058679,(GWHPACEP061809,(GWHPACEM065517,(GLYMA_16G085900_1,(GWHPACEX061420,(W05_GLYSO_16G043111_1_P,(GWHPACEB059762,(GWHPACEF062296,(GWHPACEU066028,GWHPACEI067948))))))))),(GWHPACEN064903,(((GWHPACED062788,GWHPACEH065758),GWHPACES065820),GWHPACET066429)),GWHPACEC061584);
((GWHPACEK058679,(GWHPACEP061809,(GWHPACEM065517,(GLYMA_16G085900_1,(GWHPACEX061420,(W05_GLYSO_16G043111_1_P,(GWHPACEB059762,(GWHPACEF062296,(GWHPACEU066028,GWHPACEI067948))))))))),(GWHPACEN064903,(((GWHPACED062788,GWHPACEH065758),GWHPACES065820),GWHPACET066429)),GWHPACEC061584);
((GWHPACEK058679,(GWHPACEP061809,(GWHPACEM065517,(GLYMA_16G085900_1,(GWHPACEX061420,(W05_GLYSO_16G043111_1_P,(GWHPACEB059762,(GWHPACEF062296,(GWHPACEU066028,GWHPACEI067948))))))))),(GWHPACEN064903,(((GWHPACED062788,GWHPACEH065758),GWHPACES065820),GWHPACET066429)),GWHPACEC061584);
((((GWHPACES065820,(GWHPACEH065758,GWHPACED062788)),GWHPACEN064903),((((((((GWHPACEF062296,GWHPACEM065517),GWHPACEX061420),GLYMA_16G085900_1),GWHPACEP061809),GWHPACEU066028),GWHPACEI067948),W05_GLYSO_16G043111_1_P),(GWHPACEB059762,GWHPACEK058679))),GWHPACET066429,GWHPACEC061584);
((((GWHPACES065820,(GWHPACEH065758,GWHPACED062788)),GWHPACEN064903),((((((((GWHPACEF062296,GWHPACEM065517),GWHPACEX061420),GLYMA_16G085900_1),GWHPACEP061809),GWHPACEU066028),GWHPACEI067948),W05_GLYSO_16G043111_1_P),(GWHPACEB059762,GWHPACEK058679))),GWHPACET066429,GWHPACEC061584);
((((GWHPACES065820,(GWHPACEH065758,GWHPACED062788)),GWHPACEN064903),((((((((GWHPACEF062296,GWHPACEM065517),GWHPACEX061420),GLYMA_16G085900_1),GWHPACEP061809),GWHPACEU066028),GWHPACEI067948),W05_GLYSO_16G043111_1_P),(GWHPACEB059762,GWHPACEK058679))),GWHPACET066429,GWHPACEC061584);
((((GWHPACES065820,(GWHPACEH065758,GWHPACED062788)),GWHPACEN064903),((((((((GWHPACEF062296,GWHPACEM065517),GWHPACEX061420),GLYMA_16G085900_1),GWHPACEP061809),GWHPACEU066028),GWHPACEI067948),W05_GLYSO_16G043111_1_P),(GWHPACEB059762,GWHPACEK058679))),GWHPACET066429,GWHPACEC061584);
((((GWHPACES065820,(GWHPACEH065758,GWHPACED062788)),GWHPACEN064903),((((((((GWHPACEF062296,GWHPACEM065517),GWHPACEX061420),GLYMA_16G085900_1),GWHPACEP061809),GWHPACEU066028),GWHPACEI067948),W05_GLYSO_16G043111_1_P),(GWHPACEB059762,GWHPACEK058679))),GWHPACET066429,GWHPACEC061584);
((((GWHPACES065820,(GWHPACEH065758,GWHPACED062788)),GWHPACEN064903),((((((((GWHPACEF062296,GWHPACEM065517),GWHPACEX061420),GLYMA_16G085900_1),GWHPACEP061809),GWHPACEU066028),GWHPACEI067948),W05_GLYSO_16G043111_1_P),(GWHPACEB059762,GWHPACEK058679))),GWHPACET066429,GWHPACEC061584);
((((GWHPACES065820,(GWHPACEH065758,GWHPACED062788)),GWHPACEN064903),((((((((GWHPACEF062296,GWHPACEM065517),GWHPACEX061420),GLYMA_16G085900_1),GWHPACEP061809),GWHPACEU066028),GWHPACEI067948),W05_GLYSO_16G043111_1_P),(GWHPACEB059762,GWHPACEK058679))),GWHPACET066429,GWHPACEC061584);
(((((GWHPACEN064903,GWHPACET066429),GWHPACED062788),GWHPACES065820),GWHPACEH065758),((((GWHPACEF062296,(GWHPACEX061420,GWHPACEP061809)),(((GLYMA_16G085900_1,GWHPACEU066028),GWHPACEI067948),GWHPACEM065517)),W05_GLYSO_16G043111_1_P),(GWHPACEK058679,GWHPACEB059762)),GWHPACEC061584);
(((((GWHPACEN064903,GWHPACET066429),GWHPACED062788),GWHPACES065820),GWHPACEH065758),((((GWHPACEF062296,(GWHPACEX061420,GWHPACEP061809)),(((GLYMA_16G085900_1,GWHPACEU066028),GWHPACEI067948),GWHPACEM065517)),W05_GLYSO_16G043111_1_P),(GWHPACEK058679,GWHPACEB059762)),GWHPACEC061584);
(((((GWHPACEN064903,GWHPACET066429),GWHPACED062788),GWHPACES065820),GWHPACEH065758),((((GWHPACEF062296,(GWHPACEX061420,GWHPACEP061809)),(((GLYMA_16G085900_1,GWHPACEU066028),GWHPACEI067948),GWHPACEM065517)),W05_GLYSO_16G043111_1_P),(GWHPACEK058679,GWHPACEB059762)),GWHPACEC061584);
((GWHPACET066429,(((GWHPACED062788,GWHPACES065820),GWHPACEN064903),GWHPACEH065758)),(((((GWHPACEP061809,(GLYMA_16G085900_1,GWHPACEI067948)),(GWHPACEU066028,GWHPACEF062296)),(GWHPACEX061420,W05_GLYSO_16G043111_1_P)),(GWHPACEB059762,GWHPACEM065517)),GWHPACEK058679),GWHPACEC061584);
((GWHPACET066429,(((GWHPACED062788,GWHPACES065820),GWHPACEN064903),GWHPACEH065758)),(((((GWHPACEP061809,(GLYMA_16G085900_1,GWHPACEI067948)),(GWHPACEU066028,GWHPACEF062296)),(GWHPACEX061420,W05_GLYSO_16G043111_1_P)),(GWHPACEB059762,GWHPACEM065517)),GWHPACEK058679),GWHPACEC061584);
((GWHPACET066429,(((GWHPACED062788,GWHPACES065820),GWHPACEN064903),GWHPACEH065758)),(((((GWHPACEP061809,(GLYMA_16G085900_1,GWHPACEI067948)),(GWHPACEU066028,GWHPACEF062296)),(GWHPACEX061420,W05_GLYSO_16G043111_1_P)),(GWHPACEB059762,GWHPACEM065517)),GWHPACEK058679),GWHPACEC061584);
((GWHPACET066429,(((GWHPACED062788,GWHPACES065820),GWHPACEN064903),GWHPACEH065758)),(((((GWHPACEP061809,(GLYMA_16G085900_1,GWHPACEI067948)),(GWHPACEU066028,GWHPACEF062296)),(GWHPACEX061420,W05_GLYSO_16G043111_1_P)),(GWHPACEB059762,GWHPACEM065517)),GWHPACEK058679),GWHPACEC061584);
((GWHPACET066429,(((GWHPACED062788,GWHPACES065820),GWHPACEN064903),GWHPACEH065758)),(((((GWHPACEP061809,(GLYMA_16G085900_1,GWHPACEI067948)),(GWHPACEU066028,GWHPACEF062296)),(GWHPACEX061420,W05_GLYSO_16G043111_1_P)),(GWHPACEB059762,GWHPACEM065517)),GWHPACEK058679),GWHPACEC061584);
((GWHPACET066429,(((GWHPACED062788,GWHPACES065820),GWHPACEN064903),GWHPACEH065758)),(((((GWHPACEP061809,(GLYMA_16G085900_1,GWHPACEI067948)),(GWHPACEU066028,GWHPACEF062296)),(GWHPACEX061420,W05_GLYSO_16G043111_1_P)),(GWHPACEB059762,GWHPACEM065517)),GWHPACEK058679),GWHPACEC061584);
((GWHPACET066429,(((GWHPACED062788,GWHPACES065820),GWHPACEN064903),GWHPACEH065758)),(((((GWHPACEP061809,(GLYMA_16G085900_1,GWHPACEI067948)),(GWHPACEU066028,GWHPACEF062296)),(GWHPACEX061420,W05_GLYSO_16G043111_1_P)),(GWHPACEB059762,GWHPACEM065517)),GWHPACEK058679),GWHPACEC061584);
((GWHPACET066429,(((GWHPACED062788,GWHPACES065820),GWHPACEN064903),GWHPACEH065758)),(((((GWHPACEP061809,(GLYMA_16G085900_1,GWHPACEI067948)),(GWHPACEU066028,GWHPACEF062296)),(GWHPACEX061420,W05_GLYSO_16G043111_1_P)),(GWHPACEB059762,GWHPACEM065517)),GWHPACEK058679),GWHPACEC061584);
((GWHPACET066429,(((GWHPACED062788,GWHPACES065820),GWHPACEN064903),GWHPACEH065758)),(((((GWHPACEP061809,(GLYMA_16G085900_1,GWHPACEI067948)),(GWHPACEU066028,GWHPACEF062296)),(GWHPACEX061420,W05_GLYSO_16G043111_1_P)),(GWHPACEB059762,GWHPACEM065517)),GWHPACEK058679),GWHPACEC061584);
((GWHPACET066429,(((GWHPACED062788,GWHPACES065820),GWHPACEN064903),GWHPACEH065758)),(((((GWHPACEP061809,(GLYMA_16G085900_1,GWHPACEI067948)),(GWHPACEU066028,GWHPACEF062296)),(GWHPACEX061420,W05_GLYSO_16G043111_1_P)),(GWHPACEB059762,GWHPACEM065517)),GWHPACEK058679),GWHPACEC061584);
(GWHPACET066429,((((((((((GWHPACEP061809,GWHPACEX061420),GWHPACEK058679),GWHPACEI067948),W05_GLYSO_16G043111_1_P),GWHPACEM065517),GWHPACEB059762),GWHPACEF062296),GWHPACEU066028),(GWHPACEN064903,(GWHPACES065820,(GWHPACED062788,GWHPACEH065758)))),GLYMA_16G085900_1),GWHPACEC061584);
(GWHPACET066429,((GWHPACEN064903,(GWHPACES065820,(GWHPACED062788,GWHPACEH065758))),(((GWHPACEF062296,GLYMA_16G085900_1),(((GWHPACEX061420,(W05_GLYSO_16G043111_1_P,(GWHPACEP061809,GWHPACEI067948))),GWHPACEM065517),GWHPACEU066028)),(GWHPACEB059762,GWHPACEK058679))),GWHPACEC061584);
(GWHPACET066429,((GWHPACEN064903,(GWHPACES065820,(GWHPACED062788,GWHPACEH065758))),(((GWHPACEF062296,GLYMA_16G085900_1),(((GWHPACEX061420,(W05_GLYSO_16G043111_1_P,(GWHPACEP061809,GWHPACEI067948))),GWHPACEM065517),GWHPACEU066028)),(GWHPACEB059762,GWHPACEK058679))),GWHPACEC061584);
((GWHPACET066429,(GWHPACED062788,((GWHPACEH065758,GWHPACES065820),GWHPACEN064903))),((GWHPACEF062296,(GLYMA_16G085900_1,(((GWHPACEX061420,(GWHPACEP061809,GWHPACEI067948)),GWHPACEM065517),GWHPACEU066028))),(W05_GLYSO_16G043111_1_P,(GWHPACEB059762,GWHPACEK058679))),GWHPACEC061584);
((GWHPACET066429,(GWHPACED062788,((GWHPACEH065758,GWHPACES065820),GWHPACEN064903))),((GWHPACEF062296,(GLYMA_16G085900_1,(((GWHPACEX061420,(GWHPACEP061809,GWHPACEI067948)),GWHPACEM065517),GWHPACEU066028))),(W05_GLYSO_16G043111_1_P,(GWHPACEB059762,GWHPACEK058679))),GWHPACEC061584);
((GWHPACET066429,(GWHPACED062788,((GWHPACEH065758,GWHPACES065820),GWHPACEN064903))),((GWHPACEF062296,(GLYMA_16G085900_1,(((GWHPACEX061420,(GWHPACEP061809,GWHPACEI067948)),GWHPACEM065517),GWHPACEU066028))),(W05_GLYSO_16G043111_1_P,(GWHPACEB059762,GWHPACEK058679))),GWHPACEC061584);
((GWHPACET066429,(GWHPACED062788,((GWHPACEH065758,GWHPACES065820),GWHPACEN064903))),((GWHPACEF062296,(GLYMA_16G085900_1,(((GWHPACEX061420,(GWHPACEP061809,GWHPACEI067948)),GWHPACEM065517),GWHPACEU066028))),(W05_GLYSO_16G043111_1_P,(GWHPACEB059762,GWHPACEK058679))),GWHPACEC061584);
((GWHPACET066429,(GWHPACED062788,((GWHPACEH065758,GWHPACES065820),GWHPACEN064903))),((GWHPACEF062296,(GLYMA_16G085900_1,(((GWHPACEX061420,(GWHPACEP061809,GWHPACEI067948)),GWHPACEM065517),GWHPACEU066028))),(W05_GLYSO_16G043111_1_P,(GWHPACEB059762,GWHPACEK058679))),GWHPACEC061584);
((GWHPACET066429,(GWHPACED062788,((GWHPACEH065758,GWHPACES065820),GWHPACEN064903))),((GWHPACEF062296,(GLYMA_16G085900_1,(((GWHPACEX061420,(GWHPACEP061809,GWHPACEI067948)),GWHPACEM065517),GWHPACEU066028))),(W05_GLYSO_16G043111_1_P,(GWHPACEB059762,GWHPACEK058679))),GWHPACEC061584);
((GWHPACET066429,(GWHPACED062788,((GWHPACEH065758,GWHPACES065820),GWHPACEN064903))),((GWHPACEF062296,(GLYMA_16G085900_1,(((GWHPACEX061420,(GWHPACEP061809,GWHPACEI067948)),GWHPACEM065517),GWHPACEU066028))),(W05_GLYSO_16G043111_1_P,(GWHPACEB059762,GWHPACEK058679))),GWHPACEC061584);
