

IMPORTANT WARNING: Sequences GWHPACDZ071400 and GWHPACEP068552 are exactly identical


IMPORTANT WARNING: Sequences GWHPACEG072072 and GWHPACEI075279 are exactly identical


IMPORTANT WARNING: Sequences GWHPACEG072072 and GWHPACEW072694 are exactly identical


IMPORTANT WARNING: Sequences GWHPACES072987 and GWHPACEE072663 are exactly identical


IMPORTANT WARNING: Sequences GWHPACEO073659 and GWHPACEJ074914 are exactly identical


IMPORTANT WARNING: Sequences GWHPACEO073659 and GWHPACER067102 are exactly identical


IMPORTANT WARNING: Sequences GWHPACEQ068135 and GWHPACEP068559 are exactly identical


IMPORTANT WARNING: Sequences GWHPACEQ068135 and GWHPACES072991 are exactly identical


IMPORTANT WARNING: Sequences GWHPACEQ068135 and GWHPACEN072003 are exactly identical


IMPORTANT WARNING: Sequences GWHPACEQ068135 and GWHPACEM072690 are exactly identical


IMPORTANT WARNING: Sequences GWHPACEQ068135 and GWHPACDZ071406 are exactly identical


IMPORTANT WARNING: Sequences GWHPACEQ068135 and GWHPACEU073264 are exactly identical


IMPORTANT WARNING: Sequences GWHPACEQ068135 and GWHPACEE072669 are exactly identical


IMPORTANT WARNING: Sequences GWHPACEU073348 and GWHPACEU073260 are exactly identical


IMPORTANT WARNING: Sequences GWHPACEU073348 and GLYMA_18G082300_1 are exactly identical


IMPORTANT WARNING: Sequences GWHPACEU073348 and GWHPACEL069187 are exactly identical


IMPORTANT WARNING: Sequences GWHPACEH072846 and GWHPACEC068261 are exactly identical


IMPORTANT WARNING: Sequences GWHPACEL069191 and GWHPACEU073353 are exactly identical


IMPORTANT WARNING: Sequences GWHPACEL069191 and GLYMA_18G082800_1 are exactly identical


IMPORTANT WARNING: Sequences GWHPACEL069191 and GWHPACET073756 are exactly identical


IMPORTANT WARNING: Sequences GLYMA_ZH13_18G080400_1_P and GWHPACDZ071426 are exactly identical


IMPORTANT WARNING: Sequences GLYMA_ZH13_18G080400_1_P and GWHPACEM072710 are exactly identical


IMPORTANT WARNING: Sequences GLYMA_ZH13_18G080400_1_P and GWHPACEN072025 are exactly identical


IMPORTANT WARNING: Sequences GWHPACEN072029 and GWHPACEM072711 are exactly identical


IMPORTANT WARNING: Sequences GWHPACEN072029 and GWHPACEE072699 are exactly identical


IMPORTANT WARNING: Sequences GWHPACEN072029 and GWHPACEW072726 are exactly identical


IMPORTANT WARNING: Sequences GWHPACEN072004 and GWHPACEE072670 are exactly identical


IMPORTANT WARNING: Sequences GWHPACEN072004 and GWHPACEO073629 are exactly identical


IMPORTANT WARNING: Sequences GWHPACEN072004 and GWHPACEM072691 are exactly identical


IMPORTANT WARNING: Sequences GWHPACEN072004 and GWHPACDY074863 are exactly identical


IMPORTANT WARNING: Sequences GWHPACEI075303 and GWHPACED069548 are exactly identical


IMPORTANT WARNING: Sequences GWHPACEI075303 and GWHPACEV066357 are exactly identical


IMPORTANT WARNING: Sequences GWHPACEI075303 and GWHPACEG072087 are exactly identical


IMPORTANT WARNING: Sequences GWHPACET073753 and GLYMA_18G082100_1 are exactly identical


IMPORTANT WARNING: Sequences GWHPACET073753 and GWHPACEL069185 are exactly identical


IMPORTANT WARNING: Sequences GWHPACET073753 and GWHPACEV066327 are exactly identical


IMPORTANT WARNING: Sequences GWHPACEK065251 and GWHPACEF069154 are exactly identical


IMPORTANT WARNING: Sequences GWHPACEH072857 and GWHPACEF069165 are exactly identical


IMPORTANT WARNING: Sequences GWHPACEE072662 and GLYMA_ZH13_18G078200_1_P are exactly identical


IMPORTANT WARNING: Sequences GWHPACEN071995 and GWHPACEQ068126 are exactly identical


IMPORTANT WARNING: Sequences GWHPACEN071995 and GWHPACEM072682 are exactly identical


IMPORTANT WARNING: Sequences GWHPACEN071995 and GWHPACEB066236 are exactly identical


IMPORTANT WARNING: Sequences GWHPACEN071998 and GWHPACEH072850 are exactly identical


IMPORTANT WARNING: Sequences GWHPACEN071998 and GWHPACEP068555 are exactly identical


IMPORTANT WARNING: Sequences GWHPACEN071998 and GWHPACEQ068130 are exactly identical


IMPORTANT WARNING: Sequences GWHPACEN071998 and GWHPACEM072685 are exactly identical


IMPORTANT WARNING: Sequences GWHPACEJ074887 and GWHPACEI075274 are exactly identical


IMPORTANT WARNING: Sequences GLYMA_ZH13_18G077900_1_P and GWHPACEE072659 are exactly identical


IMPORTANT WARNING: Sequences GWHPACEG072095 and GWHPACEV066364 are exactly identical


IMPORTANT WARNING: Sequences GWHPACEQ068127 and GWHPACEN071996 are exactly identical


IMPORTANT WARNING: Sequences GWHPACEQ068127 and GWHPACEM072683 are exactly identical


IMPORTANT WARNING: Sequences W05_GLYSO_18G047911_1_P and GWHPACEA073140 are exactly identical


IMPORTANT WARNING: Sequences GWHPACEM072716 and GLYMA_ZH13_18G081100_1_P are exactly identical


IMPORTANT WARNING: Sequences GWHPACEM072716 and GWHPACEW072727 are exactly identical


IMPORTANT WARNING: Sequences GWHPACEM072716 and GLYMA_ZH13_18G080800_1_P are exactly identical


IMPORTANT WARNING: Sequences GWHPACEM072716 and GWHPACEE072705 are exactly identical


IMPORTANT WARNING: Sequences GWHPACEQ068129 and GWHPACEP068554 are exactly identical


IMPORTANT WARNING: Sequences GWHPACEQ068129 and GWHPACEN071997 are exactly identical


IMPORTANT WARNING: Sequences GWHPACEK065257 and GWHPACEC068266 are exactly identical


IMPORTANT WARNING: Sequences GWHPACEK065257 and GWHPACEH072853 are exactly identical


IMPORTANT WARNING: Sequences GWHPACDY074892 and GWHPACEA073136 are exactly identical


IMPORTANT WARNING: Sequences GWHPACEG072100 and GWHPACED069561 are exactly identical


IMPORTANT WARNING: Sequences GWHPACEE072661 and GLYMA_ZH13_18G078100_1_P are exactly identical


IMPORTANT WARNING: Sequences GWHPACEO073669 and GWHPACEJ074923 are exactly identical


IMPORTANT WARNING: Sequences GLYMA_18G087800_1 and GWHPACEL069215 are exactly identical


IMPORTANT WARNING: Sequences GLYMA_18G082200_1 and GWHPACEV066328 are exactly identical


IMPORTANT WARNING: Sequences GWHPACET073791 and GWHPACEL069208 are exactly identical


IMPORTANT WARNING: Sequences GWHPACEU073358 and GWHPACET073761 are exactly identical


IMPORTANT WARNING: Sequences GWHPACED069528 and GWHPACEG072070 are exactly identical


IMPORTANT WARNING: Sequences GWHPACDY074855 and GWHPACEH072849 are exactly identical


IMPORTANT WARNING: Sequences GWHPACEU073391 and GWHPACET073799 are exactly identical

IMPORTANT WARNING
Found 71 sequences that are exactly identical to other sequences in the alignment.
Normally they should be excluded from the analysis.

Just in case you might need it, an alignment file with 
sequence duplicates removed is printed to file ../../RAxML_tree_pbNB-ARC/Clade_Refinement_1/Int13273_240_289_L_206.afa.reduced


This is RAxML version 8.2.12 released by Alexandros Stamatakis on May 2018.

With greatly appreciated code contributions by:
Andre Aberer      (HITS)
Simon Berger      (HITS)
Alexey Kozlov     (HITS)
Kassian Kobert    (HITS)
David Dao         (KIT and HITS)
Sarah Lutteropp   (KIT and HITS)
Nick Pattengale   (Sandia)
Wayne Pfeiffer    (SDSC)
Akifumi S. Tanabe (NRIFS)
Charlie Taylor    (UF)


Alignment has 4295 distinct alignment patterns

Proportion of gaps and completely undetermined characters in this alignment: 93.54%

RAxML rapid bootstrapping and subsequent ML search

Using 1 distinct models/data partitions with joint branch length optimization



Executing 100 rapid bootstrap inferences and thereafter a thorough ML search 

All free model parameters will be estimated by RAxML
ML estimate of 25 per site rate categories

Likelihood of final tree will be evaluated and optimized under GAMMA

GAMMA Model parameters will be estimated up to an accuracy of 0.1000000000 Log Likelihood units

Partition: 0
Alignment Patterns: 4295
Name: No Name Provided
DataType: AA
Substitution Matrix: JTT
Using fixed base frequencies




RAxML was called as follows:

/Users/prigozhin/Installers/standard-RAxML/raxmlHPC-PTHREADS-AVX -T 4 -n Int13273_240_289_L_206.Raxml.out -f a -x 12345 -p 12345 -# 100 -m PROTCATJTT -s ../../RAxML_tree_pbNB-ARC/Clade_Refinement_1/Int13273_240_289_L_206.afa 



Time for BS model parameter optimization 33.827557
Bootstrap[0]: Time 113.568910 seconds, bootstrap likelihood -74177.674158, best rearrangement setting 13
Bootstrap[1]: Time 80.751561 seconds, bootstrap likelihood -74814.908033, best rearrangement setting 13
Bootstrap[2]: Time 74.712997 seconds, bootstrap likelihood -74991.802399, best rearrangement setting 12
Bootstrap[3]: Time 67.712374 seconds, bootstrap likelihood -74508.551505, best rearrangement setting 15
Bootstrap[4]: Time 68.121395 seconds, bootstrap likelihood -73855.850197, best rearrangement setting 10
Bootstrap[5]: Time 72.014463 seconds, bootstrap likelihood -74966.183544, best rearrangement setting 10
Bootstrap[6]: Time 69.677505 seconds, bootstrap likelihood -75853.495893, best rearrangement setting 6
Bootstrap[7]: Time 77.688661 seconds, bootstrap likelihood -75287.038679, best rearrangement setting 14
Bootstrap[8]: Time 55.670766 seconds, bootstrap likelihood -74180.714112, best rearrangement setting 5
Bootstrap[9]: Time 67.468827 seconds, bootstrap likelihood -74670.313919, best rearrangement setting 7
Bootstrap[10]: Time 70.317962 seconds, bootstrap likelihood -76033.135417, best rearrangement setting 7
Bootstrap[11]: Time 54.622785 seconds, bootstrap likelihood -74482.919697, best rearrangement setting 5
Bootstrap[12]: Time 71.894960 seconds, bootstrap likelihood -74322.301845, best rearrangement setting 8
Bootstrap[13]: Time 65.747560 seconds, bootstrap likelihood -74751.002875, best rearrangement setting 7
Bootstrap[14]: Time 67.836683 seconds, bootstrap likelihood -74652.650062, best rearrangement setting 12
Bootstrap[15]: Time 72.722768 seconds, bootstrap likelihood -75371.177612, best rearrangement setting 15
Bootstrap[16]: Time 69.327120 seconds, bootstrap likelihood -74437.967543, best rearrangement setting 12
Bootstrap[17]: Time 78.219976 seconds, bootstrap likelihood -75252.453612, best rearrangement setting 12
Bootstrap[18]: Time 59.743321 seconds, bootstrap likelihood -75421.493516, best rearrangement setting 5
Bootstrap[19]: Time 64.258811 seconds, bootstrap likelihood -73844.469028, best rearrangement setting 8
Bootstrap[20]: Time 76.587482 seconds, bootstrap likelihood -73061.780047, best rearrangement setting 10
Bootstrap[21]: Time 75.739147 seconds, bootstrap likelihood -74309.062538, best rearrangement setting 6
Bootstrap[22]: Time 65.403661 seconds, bootstrap likelihood -74179.378886, best rearrangement setting 5
Bootstrap[23]: Time 74.142049 seconds, bootstrap likelihood -73846.269723, best rearrangement setting 7
Bootstrap[24]: Time 66.518627 seconds, bootstrap likelihood -74027.405305, best rearrangement setting 8
Bootstrap[25]: Time 57.771091 seconds, bootstrap likelihood -73878.328207, best rearrangement setting 6
Bootstrap[26]: Time 71.233258 seconds, bootstrap likelihood -75113.506891, best rearrangement setting 12
Bootstrap[27]: Time 75.027470 seconds, bootstrap likelihood -73373.961924, best rearrangement setting 10
Bootstrap[28]: Time 78.990012 seconds, bootstrap likelihood -74735.920954, best rearrangement setting 11
Bootstrap[29]: Time 74.243417 seconds, bootstrap likelihood -74658.415166, best rearrangement setting 12
Bootstrap[30]: Time 71.063143 seconds, bootstrap likelihood -73717.841956, best rearrangement setting 15
Bootstrap[31]: Time 74.163806 seconds, bootstrap likelihood -75370.859315, best rearrangement setting 15
Bootstrap[32]: Time 65.728881 seconds, bootstrap likelihood -74803.202886, best rearrangement setting 6
Bootstrap[33]: Time 72.247261 seconds, bootstrap likelihood -74332.331115, best rearrangement setting 15
Bootstrap[34]: Time 72.235896 seconds, bootstrap likelihood -74841.374506, best rearrangement setting 11
Bootstrap[35]: Time 67.240392 seconds, bootstrap likelihood -73463.256543, best rearrangement setting 8
Bootstrap[36]: Time 73.286023 seconds, bootstrap likelihood -74231.933497, best rearrangement setting 9
Bootstrap[37]: Time 66.429658 seconds, bootstrap likelihood -74928.887139, best rearrangement setting 11
Bootstrap[38]: Time 64.166522 seconds, bootstrap likelihood -75250.809547, best rearrangement setting 8
Bootstrap[39]: Time 81.845907 seconds, bootstrap likelihood -73429.691214, best rearrangement setting 13
Bootstrap[40]: Time 69.834144 seconds, bootstrap likelihood -74776.440001, best rearrangement setting 13
Bootstrap[41]: Time 78.566692 seconds, bootstrap likelihood -75021.425415, best rearrangement setting 10
Bootstrap[42]: Time 70.040459 seconds, bootstrap likelihood -74315.959778, best rearrangement setting 5
Bootstrap[43]: Time 69.647097 seconds, bootstrap likelihood -74249.165314, best rearrangement setting 14
Bootstrap[44]: Time 65.522073 seconds, bootstrap likelihood -74800.412713, best rearrangement setting 10
Bootstrap[45]: Time 65.607572 seconds, bootstrap likelihood -72737.791620, best rearrangement setting 15
Bootstrap[46]: Time 58.289029 seconds, bootstrap likelihood -74406.784599, best rearrangement setting 14
Bootstrap[47]: Time 59.304137 seconds, bootstrap likelihood -74308.988112, best rearrangement setting 8
Bootstrap[48]: Time 67.459084 seconds, bootstrap likelihood -75086.781458, best rearrangement setting 6
Bootstrap[49]: Time 74.057348 seconds, bootstrap likelihood -74154.123818, best rearrangement setting 7
Bootstrap[50]: Time 69.346666 seconds, bootstrap likelihood -73719.315180, best rearrangement setting 7
Bootstrap[51]: Time 70.721355 seconds, bootstrap likelihood -74140.995001, best rearrangement setting 11
Bootstrap[52]: Time 73.740722 seconds, bootstrap likelihood -74144.379823, best rearrangement setting 12
Bootstrap[53]: Time 82.757972 seconds, bootstrap likelihood -74755.796998, best rearrangement setting 8
Bootstrap[54]: Time 76.878125 seconds, bootstrap likelihood -73529.013508, best rearrangement setting 9
Bootstrap[55]: Time 69.491763 seconds, bootstrap likelihood -74381.300533, best rearrangement setting 11
Bootstrap[56]: Time 67.546486 seconds, bootstrap likelihood -74415.568288, best rearrangement setting 5
Bootstrap[57]: Time 62.879769 seconds, bootstrap likelihood -75099.303879, best rearrangement setting 7
Bootstrap[58]: Time 64.190418 seconds, bootstrap likelihood -73954.021996, best rearrangement setting 10
Bootstrap[59]: Time 63.145828 seconds, bootstrap likelihood -73963.576230, best rearrangement setting 9
Bootstrap[60]: Time 69.439733 seconds, bootstrap likelihood -75312.814206, best rearrangement setting 7
Bootstrap[61]: Time 64.113040 seconds, bootstrap likelihood -73282.984882, best rearrangement setting 5
Bootstrap[62]: Time 63.154461 seconds, bootstrap likelihood -75339.400290, best rearrangement setting 11
Bootstrap[63]: Time 65.287129 seconds, bootstrap likelihood -73376.068256, best rearrangement setting 12
Bootstrap[64]: Time 74.138022 seconds, bootstrap likelihood -74692.569861, best rearrangement setting 7
Bootstrap[65]: Time 64.508692 seconds, bootstrap likelihood -73753.544166, best rearrangement setting 5
Bootstrap[66]: Time 55.250757 seconds, bootstrap likelihood -75189.737507, best rearrangement setting 5
Bootstrap[67]: Time 67.008008 seconds, bootstrap likelihood -73933.815053, best rearrangement setting 15
Bootstrap[68]: Time 70.512984 seconds, bootstrap likelihood -74746.901884, best rearrangement setting 11
Bootstrap[69]: Time 60.538746 seconds, bootstrap likelihood -73459.316741, best rearrangement setting 5
Bootstrap[70]: Time 66.030640 seconds, bootstrap likelihood -74290.412507, best rearrangement setting 8
Bootstrap[71]: Time 72.616934 seconds, bootstrap likelihood -74417.216348, best rearrangement setting 10
Bootstrap[72]: Time 64.910753 seconds, bootstrap likelihood -74094.408245, best rearrangement setting 11
Bootstrap[73]: Time 73.698984 seconds, bootstrap likelihood -74973.319697, best rearrangement setting 9
Bootstrap[74]: Time 68.231317 seconds, bootstrap likelihood -74414.692562, best rearrangement setting 5
Bootstrap[75]: Time 74.571935 seconds, bootstrap likelihood -73472.790585, best rearrangement setting 8
Bootstrap[76]: Time 78.535966 seconds, bootstrap likelihood -74987.185285, best rearrangement setting 9
Bootstrap[77]: Time 68.297973 seconds, bootstrap likelihood -75163.175398, best rearrangement setting 11
Bootstrap[78]: Time 70.864481 seconds, bootstrap likelihood -74642.623694, best rearrangement setting 15
Bootstrap[79]: Time 63.230774 seconds, bootstrap likelihood -74235.864523, best rearrangement setting 9
Bootstrap[80]: Time 69.248109 seconds, bootstrap likelihood -74163.522269, best rearrangement setting 15
Bootstrap[81]: Time 74.441798 seconds, bootstrap likelihood -73511.313116, best rearrangement setting 7
Bootstrap[82]: Time 64.587558 seconds, bootstrap likelihood -74011.472485, best rearrangement setting 6
Bootstrap[83]: Time 65.716570 seconds, bootstrap likelihood -73221.272191, best rearrangement setting 10
Bootstrap[84]: Time 72.810810 seconds, bootstrap likelihood -74097.507459, best rearrangement setting 11
Bootstrap[85]: Time 64.611417 seconds, bootstrap likelihood -73621.375654, best rearrangement setting 8
Bootstrap[86]: Time 62.263244 seconds, bootstrap likelihood -75186.749621, best rearrangement setting 7
Bootstrap[87]: Time 67.699735 seconds, bootstrap likelihood -74324.519036, best rearrangement setting 7
Bootstrap[88]: Time 66.656899 seconds, bootstrap likelihood -74042.835141, best rearrangement setting 12
Bootstrap[89]: Time 69.331914 seconds, bootstrap likelihood -73487.310171, best rearrangement setting 10
Bootstrap[90]: Time 70.062019 seconds, bootstrap likelihood -74385.469190, best rearrangement setting 8
Bootstrap[91]: Time 66.699753 seconds, bootstrap likelihood -76298.299367, best rearrangement setting 12
Bootstrap[92]: Time 70.690318 seconds, bootstrap likelihood -74053.607725, best rearrangement setting 13
Bootstrap[93]: Time 59.826678 seconds, bootstrap likelihood -74162.090326, best rearrangement setting 15
Bootstrap[94]: Time 60.959424 seconds, bootstrap likelihood -73758.081383, best rearrangement setting 5
Bootstrap[95]: Time 59.927667 seconds, bootstrap likelihood -74895.834673, best rearrangement setting 5
Bootstrap[96]: Time 71.241766 seconds, bootstrap likelihood -73285.707888, best rearrangement setting 13
Bootstrap[97]: Time 68.457566 seconds, bootstrap likelihood -72958.126751, best rearrangement setting 11
Bootstrap[98]: Time 66.807569 seconds, bootstrap likelihood -74648.132237, best rearrangement setting 6
Bootstrap[99]: Time 65.529947 seconds, bootstrap likelihood -74923.152727, best rearrangement setting 14


Overall Time for 100 Rapid Bootstraps 6919.582404 seconds
Average Time per Rapid Bootstrap 69.195824 seconds

Starting ML Search ...

Fast ML optimization finished

Fast ML search Time: 6807.959139 seconds

Slow ML Search 0 Likelihood: -79336.195526
Slow ML Search 1 Likelihood: -79340.267926
Slow ML Search 2 Likelihood: -79344.968864
Slow ML Search 3 Likelihood: -79340.944942
Slow ML Search 4 Likelihood: -79339.342257
Slow ML Search 5 Likelihood: -79351.069883
Slow ML Search 6 Likelihood: -79337.216918
Slow ML Search 7 Likelihood: -79340.267882
Slow ML Search 8 Likelihood: -79343.265737
Slow ML Search 9 Likelihood: -79349.167619
Slow ML optimization finished

Slow ML search Time: 6169.608882 seconds
Thorough ML search Time: 1179.710039 seconds

Final ML Optimization Likelihood: -79333.687856

Model Information:

Model Parameters of Partition 0, Name: No Name Provided, Type of Data: AA
alpha: 0.661484
Tree-Length: 8.202754
rate A <-> R: 0.603538
rate A <-> N: 0.561915
rate A <-> D: 0.842872
rate A <-> C: 0.582726
rate A <-> Q: 0.593132
rate A <-> E: 1.092612
rate A <-> G: 1.862643
rate A <-> H: 0.280957
rate A <-> I: 0.374610
rate A <-> L: 0.312175
rate A <-> K: 0.364204
rate A <-> M: 0.561915
rate A <-> F: 0.156087
rate A <-> P: 2.018730
rate A <-> S: 3.933403
rate A <-> T: 4.942768
rate A <-> W: 0.093652
rate A <-> Y: 0.114464
rate A <-> V: 3.100937
rate R <-> N: 0.468262
rate R <-> D: 0.166493
rate R <-> C: 1.175858
rate R <-> Q: 3.225806
rate R <-> E: 0.301769
rate R <-> G: 1.425598
rate R <-> H: 3.413111
rate R <-> I: 0.228928
rate R <-> L: 0.395421
rate R <-> K: 6.722164
rate R <-> M: 0.457856
rate R <-> F: 0.052029
rate R <-> P: 0.770031
rate R <-> S: 1.050989
rate R <-> T: 0.665973
rate R <-> W: 1.311134
rate R <-> Y: 0.208117
rate R <-> V: 0.176899
rate N <-> D: 5.494277
rate N <-> C: 0.353798
rate N <-> Q: 0.894901
rate N <-> E: 0.603538
rate N <-> G: 0.842872
rate N <-> H: 4.068678
rate N <-> I: 0.489074
rate N <-> L: 0.124870
rate N <-> K: 2.736733
rate N <-> M: 0.312175
rate N <-> F: 0.104058
rate N <-> P: 0.156087
rate N <-> S: 5.234131
rate N <-> T: 2.414152
rate N <-> W: 0.083247
rate N <-> Y: 0.728408
rate N <-> V: 0.166493
rate D <-> C: 0.104058
rate D <-> Q: 0.509886
rate D <-> E: 7.981270
rate D <-> G: 1.352758
rate D <-> H: 1.165453
rate D <-> I: 0.114464
rate D <-> L: 0.072841
rate D <-> K: 0.270552
rate D <-> M: 0.156087
rate D <-> F: 0.041623
rate D <-> P: 0.156087
rate D <-> S: 0.613944
rate D <-> T: 0.395421
rate D <-> W: 0.041623
rate D <-> Y: 0.478668
rate D <-> V: 0.322581
rate C <-> Q: 0.093652
rate C <-> E: 0.052029
rate C <-> G: 0.613944
rate C <-> H: 0.718002
rate C <-> I: 0.176899
rate C <-> L: 0.239334
rate C <-> K: 0.072841
rate C <-> M: 0.322581
rate C <-> F: 0.811655
rate C <-> P: 0.145682
rate C <-> S: 2.320499
rate C <-> T: 0.437045
rate C <-> W: 1.196670
rate C <-> Y: 2.174818
rate C <-> V: 0.645161
rate Q <-> E: 3.361082
rate Q <-> G: 0.270552
rate Q <-> H: 6.212279
rate Q <-> I: 0.093652
rate Q <-> L: 0.749220
rate Q <-> K: 3.038502
rate Q <-> M: 0.447451
rate Q <-> F: 0.041623
rate Q <-> P: 1.706556
rate Q <-> S: 0.551509
rate Q <-> T: 0.530697
rate Q <-> W: 0.187305
rate Q <-> Y: 0.249740
rate Q <-> V: 0.208117
rate E <-> G: 1.238293
rate E <-> H: 0.270552
rate E <-> I: 0.124870
rate E <-> L: 0.093652
rate E <-> K: 1.883455
rate E <-> M: 0.187305
rate E <-> F: 0.052029
rate E <-> P: 0.187305
rate E <-> S: 0.312175
rate E <-> T: 0.332986
rate E <-> W: 0.104058
rate E <-> Y: 0.072841
rate E <-> V: 0.468262
rate G <-> H: 0.239334
rate G <-> I: 0.062435
rate G <-> L: 0.062435
rate G <-> K: 0.280957
rate G <-> M: 0.145682
rate G <-> F: 0.052029
rate G <-> P: 0.249740
rate G <-> S: 2.091571
rate G <-> T: 0.343392
rate G <-> W: 0.572320
rate G <-> Y: 0.083247
rate G <-> V: 0.489074
rate H <-> I: 0.166493
rate H <-> L: 0.582726
rate H <-> K: 0.468262
rate H <-> M: 0.343392
rate H <-> F: 0.416233
rate H <-> P: 1.196670
rate H <-> S: 0.759625
rate H <-> T: 0.478668
rate H <-> W: 0.083247
rate H <-> Y: 5.962539
rate H <-> V: 0.114464
rate I <-> L: 2.382934
rate I <-> K: 0.218522
rate I <-> M: 4.984391
rate I <-> F: 0.926119
rate I <-> P: 0.104058
rate I <-> S: 0.416233
rate I <-> T: 2.549428
rate I <-> W: 0.093652
rate I <-> Y: 0.332986
rate I <-> V: 10.000000
rate L <-> K: 0.145682
rate L <-> M: 4.037461
rate L <-> F: 2.580645
rate L <-> P: 1.061394
rate L <-> S: 0.613944
rate L <-> T: 0.260146
rate L <-> W: 0.541103
rate L <-> Y: 0.249740
rate L <-> V: 1.873049
rate K <-> M: 0.676379
rate K <-> F: 0.041623
rate K <-> P: 0.218522
rate K <-> S: 0.489074
rate K <-> T: 1.071800
rate K <-> W: 0.104058
rate K <-> Y: 0.083247
rate K <-> V: 0.145682
rate M <-> F: 0.447451
rate M <-> P: 0.166493
rate M <-> S: 0.301769
rate M <-> T: 2.351717
rate M <-> W: 0.249740
rate M <-> Y: 0.187305
rate M <-> V: 3.361082
rate F <-> P: 0.176899
rate F <-> S: 0.957336
rate F <-> T: 0.124870
rate F <-> W: 0.551509
rate F <-> Y: 5.577523
rate F <-> V: 0.645161
rate P <-> S: 2.965661
rate P <-> T: 1.227888
rate P <-> W: 0.062435
rate P <-> Y: 0.104058
rate P <-> V: 0.239334
rate S <-> T: 4.963580
rate S <-> W: 0.364204
rate S <-> Y: 0.655567
rate S <-> V: 0.395421
rate T <-> W: 0.124870
rate T <-> Y: 0.218522
rate T <-> V: 1.165453
rate W <-> Y: 0.738814
rate W <-> V: 0.260146
rate Y <-> V: 0.166493

freq pi(A): 0.076748
freq pi(R): 0.051691
freq pi(N): 0.042645
freq pi(D): 0.051544
freq pi(C): 0.019803
freq pi(Q): 0.040752
freq pi(E): 0.061830
freq pi(G): 0.073152
freq pi(H): 0.022944
freq pi(I): 0.053761
freq pi(L): 0.091904
freq pi(K): 0.058676
freq pi(M): 0.023826
freq pi(F): 0.040126
freq pi(P): 0.050901
freq pi(S): 0.068765
freq pi(T): 0.058565
freq pi(W): 0.014261
freq pi(Y): 0.032102
freq pi(V): 0.066004


ML search took 14157.326527 secs or 3.932591 hours

Combined Bootstrap and ML search took 21076.909157 secs or 5.854697 hours

Drawing Bootstrap Support Values on best-scoring ML tree ...



Found 1 tree in File /Users/prigozhin/Dropbox/NLRomes/Soy_NLRome/RAxML_tree_pbNB-ARC/Clade_Refinement_1/RAxML_bestTree.Int13273_240_289_L_206.Raxml.out



Found 1 tree in File /Users/prigozhin/Dropbox/NLRomes/Soy_NLRome/RAxML_tree_pbNB-ARC/Clade_Refinement_1/RAxML_bestTree.Int13273_240_289_L_206.Raxml.out

Program execution info written to /Users/prigozhin/Dropbox/NLRomes/Soy_NLRome/RAxML_tree_pbNB-ARC/Clade_Refinement_1/RAxML_info.Int13273_240_289_L_206.Raxml.out
All 100 bootstrapped trees written to: /Users/prigozhin/Dropbox/NLRomes/Soy_NLRome/RAxML_tree_pbNB-ARC/Clade_Refinement_1/RAxML_bootstrap.Int13273_240_289_L_206.Raxml.out

Best-scoring ML tree written to: /Users/prigozhin/Dropbox/NLRomes/Soy_NLRome/RAxML_tree_pbNB-ARC/Clade_Refinement_1/RAxML_bestTree.Int13273_240_289_L_206.Raxml.out

Best-scoring ML tree with support values written to: /Users/prigozhin/Dropbox/NLRomes/Soy_NLRome/RAxML_tree_pbNB-ARC/Clade_Refinement_1/RAxML_bipartitions.Int13273_240_289_L_206.Raxml.out

Best-scoring ML tree with support values as branch labels written to: /Users/prigozhin/Dropbox/NLRomes/Soy_NLRome/RAxML_tree_pbNB-ARC/Clade_Refinement_1/RAxML_bipartitionsBranchLabels.Int13273_240_289_L_206.Raxml.out

Overall execution time for full ML analysis: 21076.983190 secs or 5.854718 hours or 0.243947 days

