

IMPORTANT WARNING: Sequences GWHPACEH034987 and GLYMA_ZH13_09G020000_1_P are exactly identical


IMPORTANT WARNING: Sequences GWHPACEH034987 and GWHPACEO034923 are exactly identical


IMPORTANT WARNING: Sequences GWHPACEH034987 and GWHPACEB032252 are exactly identical


IMPORTANT WARNING: Sequences GWHPACEH034987 and GWHPACET035400 are exactly identical


IMPORTANT WARNING: Sequences GWHPACEH034987 and GWHPACEJ035984 are exactly identical


IMPORTANT WARNING: Sequences GWHPACEH034987 and GWHPACES034916 are exactly identical


IMPORTANT WARNING: Sequences GWHPACEH034987 and GWHPACEN034445 are exactly identical


IMPORTANT WARNING: Sequences GWHPACEH034987 and GWHPACEI036011 are exactly identical


IMPORTANT WARNING: Sequences GWHPACEH034987 and GWHPACDY035922 are exactly identical


IMPORTANT WARNING: Sequences GWHPACEH034987 and GWHPACEX032541 are exactly identical


IMPORTANT WARNING: Sequences GWHPACEN061478 and GWHPACEH062232 are exactly identical


IMPORTANT WARNING: Sequences GWHPACEN061478 and W05_GLYSO_15G040749_1_P are exactly identical


IMPORTANT WARNING: Sequences GWHPACEN061478 and GWHPACEM061992 are exactly identical


IMPORTANT WARNING: Sequences GWHPACEN061478 and GWHPACEO062839 are exactly identical


IMPORTANT WARNING: Sequences GWHPACEN061478 and GWHPACEI064379 are exactly identical


IMPORTANT WARNING: Sequences GWHPACEN061478 and GLYMA_ZH13_15G122000_1_P are exactly identical


IMPORTANT WARNING: Sequences GWHPACEN061478 and GLYMA_15G126900_1 are exactly identical


IMPORTANT WARNING: Sequences GLYMA_ZH13_15G122100_1_P and GLYMA_15G127100_1 are exactly identical


IMPORTANT WARNING: Sequences GWHPACDY063915 and GWHPACEE062082 are exactly identical


IMPORTANT WARNING: Sequences GWHPACEO062840 and GWHPACEM061993 are exactly identical


IMPORTANT WARNING: Sequences GWHPACEP032872 and GWHPACEE034710 are exactly identical


IMPORTANT WARNING: Sequences GWHPACEP032872 and GWHPACEU035088 are exactly identical


IMPORTANT WARNING: Sequences GWHPACEP032872 and W05_GLYSO_09G022944_1_P are exactly identical


IMPORTANT WARNING: Sequences GLYMA_09G020500_1 and GWHPACEW034793 are exactly identical


IMPORTANT WARNING: Sequences GLYMA_09G020500_1 and GWHPACEA035238 are exactly identical

IMPORTANT WARNING
Found 25 sequences that are exactly identical to other sequences in the alignment.
Normally they should be excluded from the analysis.

Just in case you might need it, an alignment file with 
sequence duplicates removed is printed to file ../../RAxML_tree_pbNB-ARC/Clade_Refinement_1/Int8275_250_264_R_62.afa.reduced


This is RAxML version 8.2.12 released by Alexandros Stamatakis on May 2018.

With greatly appreciated code contributions by:
Andre Aberer      (HITS)
Simon Berger      (HITS)
Alexey Kozlov     (HITS)
Kassian Kobert    (HITS)
David Dao         (KIT and HITS)
Sarah Lutteropp   (KIT and HITS)
Nick Pattengale   (Sandia)
Wayne Pfeiffer    (SDSC)
Akifumi S. Tanabe (NRIFS)
Charlie Taylor    (UF)


Alignment has 910 distinct alignment patterns

Proportion of gaps and completely undetermined characters in this alignment: 47.12%

RAxML rapid bootstrapping and subsequent ML search

Using 1 distinct models/data partitions with joint branch length optimization



Executing 100 rapid bootstrap inferences and thereafter a thorough ML search 

All free model parameters will be estimated by RAxML
ML estimate of 25 per site rate categories

Likelihood of final tree will be evaluated and optimized under GAMMA

GAMMA Model parameters will be estimated up to an accuracy of 0.1000000000 Log Likelihood units

Partition: 0
Alignment Patterns: 910
Name: No Name Provided
DataType: AA
Substitution Matrix: JTT
Using fixed base frequencies




RAxML was called as follows:

/Users/prigozhin/Installers/standard-RAxML/raxmlHPC-PTHREADS-AVX -T 4 -n Int8275_250_264_R_62.Raxml.out -f a -x 12345 -p 12345 -# 100 -m PROTCATJTT -s ../../RAxML_tree_pbNB-ARC/Clade_Refinement_1/Int8275_250_264_R_62.afa 



Time for BS model parameter optimization 0.983064
Bootstrap[0]: Time 6.428762 seconds, bootstrap likelihood -8788.539256, best rearrangement setting 13
Bootstrap[1]: Time 5.458139 seconds, bootstrap likelihood -8916.992783, best rearrangement setting 13
Bootstrap[2]: Time 5.748664 seconds, bootstrap likelihood -8964.496286, best rearrangement setting 12
Bootstrap[3]: Time 5.178679 seconds, bootstrap likelihood -8765.730119, best rearrangement setting 15
Bootstrap[4]: Time 5.378153 seconds, bootstrap likelihood -8822.092647, best rearrangement setting 10
Bootstrap[5]: Time 4.649365 seconds, bootstrap likelihood -9078.666628, best rearrangement setting 10
Bootstrap[6]: Time 5.292163 seconds, bootstrap likelihood -8954.900580, best rearrangement setting 6
Bootstrap[7]: Time 5.986186 seconds, bootstrap likelihood -8920.036220, best rearrangement setting 14
Bootstrap[8]: Time 3.578922 seconds, bootstrap likelihood -8903.506838, best rearrangement setting 5
Bootstrap[9]: Time 5.210397 seconds, bootstrap likelihood -8905.821657, best rearrangement setting 7
Bootstrap[10]: Time 5.139109 seconds, bootstrap likelihood -8692.123114, best rearrangement setting 7
Bootstrap[11]: Time 3.500112 seconds, bootstrap likelihood -9011.381719, best rearrangement setting 5
Bootstrap[12]: Time 4.169886 seconds, bootstrap likelihood -9208.870487, best rearrangement setting 8
Bootstrap[13]: Time 4.215076 seconds, bootstrap likelihood -8440.347399, best rearrangement setting 7
Bootstrap[14]: Time 4.697862 seconds, bootstrap likelihood -8916.632626, best rearrangement setting 12
Bootstrap[15]: Time 4.731927 seconds, bootstrap likelihood -9028.657791, best rearrangement setting 15
Bootstrap[16]: Time 5.073703 seconds, bootstrap likelihood -9069.839541, best rearrangement setting 12
Bootstrap[17]: Time 7.126330 seconds, bootstrap likelihood -8977.294597, best rearrangement setting 12
Bootstrap[18]: Time 3.897668 seconds, bootstrap likelihood -8721.873990, best rearrangement setting 5
Bootstrap[19]: Time 4.466988 seconds, bootstrap likelihood -9087.949984, best rearrangement setting 8
Bootstrap[20]: Time 5.782059 seconds, bootstrap likelihood -8987.486522, best rearrangement setting 10
Bootstrap[21]: Time 3.650793 seconds, bootstrap likelihood -8946.942024, best rearrangement setting 6
Bootstrap[22]: Time 4.883384 seconds, bootstrap likelihood -8521.798512, best rearrangement setting 5
Bootstrap[23]: Time 4.369677 seconds, bootstrap likelihood -9046.170073, best rearrangement setting 7
Bootstrap[24]: Time 4.479461 seconds, bootstrap likelihood -9040.053427, best rearrangement setting 8
Bootstrap[25]: Time 4.163160 seconds, bootstrap likelihood -8811.703600, best rearrangement setting 6
Bootstrap[26]: Time 4.988250 seconds, bootstrap likelihood -8807.005737, best rearrangement setting 12
Bootstrap[27]: Time 5.592698 seconds, bootstrap likelihood -8772.344481, best rearrangement setting 10
Bootstrap[28]: Time 6.214777 seconds, bootstrap likelihood -8765.923434, best rearrangement setting 11
Bootstrap[29]: Time 4.763675 seconds, bootstrap likelihood -8995.975749, best rearrangement setting 12
Bootstrap[30]: Time 6.003598 seconds, bootstrap likelihood -8910.267193, best rearrangement setting 15
Bootstrap[31]: Time 6.697413 seconds, bootstrap likelihood -8721.828620, best rearrangement setting 15
Bootstrap[32]: Time 4.159459 seconds, bootstrap likelihood -9035.968646, best rearrangement setting 6
Bootstrap[33]: Time 5.585610 seconds, bootstrap likelihood -8809.512466, best rearrangement setting 15
Bootstrap[34]: Time 4.147909 seconds, bootstrap likelihood -8841.490721, best rearrangement setting 11
Bootstrap[35]: Time 5.108948 seconds, bootstrap likelihood -8605.813448, best rearrangement setting 8
Bootstrap[36]: Time 4.835764 seconds, bootstrap likelihood -8736.670810, best rearrangement setting 9
Bootstrap[37]: Time 6.316776 seconds, bootstrap likelihood -8845.382658, best rearrangement setting 11
Bootstrap[38]: Time 6.354568 seconds, bootstrap likelihood -8790.674742, best rearrangement setting 8
Bootstrap[39]: Time 7.222395 seconds, bootstrap likelihood -8997.283975, best rearrangement setting 13
Bootstrap[40]: Time 5.611406 seconds, bootstrap likelihood -8920.450341, best rearrangement setting 13
Bootstrap[41]: Time 4.160300 seconds, bootstrap likelihood -8677.380449, best rearrangement setting 10
Bootstrap[42]: Time 3.569648 seconds, bootstrap likelihood -8904.728021, best rearrangement setting 5
Bootstrap[43]: Time 5.176147 seconds, bootstrap likelihood -9056.478589, best rearrangement setting 14
Bootstrap[44]: Time 5.698265 seconds, bootstrap likelihood -8915.362013, best rearrangement setting 10
Bootstrap[45]: Time 4.408421 seconds, bootstrap likelihood -8976.857653, best rearrangement setting 15
Bootstrap[46]: Time 5.297920 seconds, bootstrap likelihood -8857.910030, best rearrangement setting 14
Bootstrap[47]: Time 4.022915 seconds, bootstrap likelihood -8975.204691, best rearrangement setting 8
Bootstrap[48]: Time 4.534724 seconds, bootstrap likelihood -8952.289811, best rearrangement setting 6
Bootstrap[49]: Time 5.087317 seconds, bootstrap likelihood -8676.476662, best rearrangement setting 7
Bootstrap[50]: Time 3.900448 seconds, bootstrap likelihood -8940.032565, best rearrangement setting 7
Bootstrap[51]: Time 4.817289 seconds, bootstrap likelihood -8881.596633, best rearrangement setting 11
Bootstrap[52]: Time 6.460030 seconds, bootstrap likelihood -8759.677636, best rearrangement setting 12
Bootstrap[53]: Time 5.384564 seconds, bootstrap likelihood -9042.554940, best rearrangement setting 8
Bootstrap[54]: Time 5.289195 seconds, bootstrap likelihood -8727.815326, best rearrangement setting 9
Bootstrap[55]: Time 5.781808 seconds, bootstrap likelihood -8835.986872, best rearrangement setting 11
Bootstrap[56]: Time 4.736262 seconds, bootstrap likelihood -8840.695565, best rearrangement setting 5
Bootstrap[57]: Time 4.543826 seconds, bootstrap likelihood -8905.224763, best rearrangement setting 7
Bootstrap[58]: Time 4.957780 seconds, bootstrap likelihood -8862.338795, best rearrangement setting 10
Bootstrap[59]: Time 4.417373 seconds, bootstrap likelihood -9045.037071, best rearrangement setting 9
Bootstrap[60]: Time 5.947735 seconds, bootstrap likelihood -8831.703508, best rearrangement setting 7
Bootstrap[61]: Time 3.898681 seconds, bootstrap likelihood -8895.135190, best rearrangement setting 5
Bootstrap[62]: Time 4.737425 seconds, bootstrap likelihood -8831.103374, best rearrangement setting 11
Bootstrap[63]: Time 5.864885 seconds, bootstrap likelihood -8800.924286, best rearrangement setting 12
Bootstrap[64]: Time 4.747614 seconds, bootstrap likelihood -9229.057375, best rearrangement setting 7
Bootstrap[65]: Time 3.956797 seconds, bootstrap likelihood -8938.942509, best rearrangement setting 5
Bootstrap[66]: Time 3.897158 seconds, bootstrap likelihood -8736.749863, best rearrangement setting 5
Bootstrap[67]: Time 5.523120 seconds, bootstrap likelihood -8735.826796, best rearrangement setting 15
Bootstrap[68]: Time 3.993614 seconds, bootstrap likelihood -9084.677138, best rearrangement setting 11
Bootstrap[69]: Time 3.594938 seconds, bootstrap likelihood -8801.671038, best rearrangement setting 5
Bootstrap[70]: Time 5.624115 seconds, bootstrap likelihood -8822.163355, best rearrangement setting 8
Bootstrap[71]: Time 5.038693 seconds, bootstrap likelihood -8839.852551, best rearrangement setting 10
Bootstrap[72]: Time 4.486765 seconds, bootstrap likelihood -8798.009416, best rearrangement setting 11
Bootstrap[73]: Time 4.110050 seconds, bootstrap likelihood -9009.770766, best rearrangement setting 9
Bootstrap[74]: Time 2.052320 seconds, bootstrap likelihood -8801.844879, best rearrangement setting 5
Bootstrap[75]: Time 2.300070 seconds, bootstrap likelihood -8796.477992, best rearrangement setting 8
Bootstrap[76]: Time 4.010503 seconds, bootstrap likelihood -8832.985102, best rearrangement setting 9
Bootstrap[77]: Time 6.132269 seconds, bootstrap likelihood -8946.244927, best rearrangement setting 11
Bootstrap[78]: Time 5.145601 seconds, bootstrap likelihood -8894.188354, best rearrangement setting 15
Bootstrap[79]: Time 4.571397 seconds, bootstrap likelihood -9074.453132, best rearrangement setting 9
Bootstrap[80]: Time 4.633189 seconds, bootstrap likelihood -8679.008066, best rearrangement setting 15
Bootstrap[81]: Time 4.495842 seconds, bootstrap likelihood -8913.437061, best rearrangement setting 7
Bootstrap[82]: Time 3.977858 seconds, bootstrap likelihood -8890.422004, best rearrangement setting 6
Bootstrap[83]: Time 6.094235 seconds, bootstrap likelihood -8906.137813, best rearrangement setting 10
Bootstrap[84]: Time 4.943412 seconds, bootstrap likelihood -8685.058605, best rearrangement setting 11
Bootstrap[85]: Time 3.995258 seconds, bootstrap likelihood -8999.137430, best rearrangement setting 8
Bootstrap[86]: Time 2.363280 seconds, bootstrap likelihood -8780.692687, best rearrangement setting 7
Bootstrap[87]: Time 2.226945 seconds, bootstrap likelihood -8847.047659, best rearrangement setting 7
Bootstrap[88]: Time 1.975890 seconds, bootstrap likelihood -8832.214565, best rearrangement setting 12
Bootstrap[89]: Time 4.326599 seconds, bootstrap likelihood -9108.772604, best rearrangement setting 10
Bootstrap[90]: Time 4.523618 seconds, bootstrap likelihood -8747.071006, best rearrangement setting 8
Bootstrap[91]: Time 1.862948 seconds, bootstrap likelihood -8811.124465, best rearrangement setting 12
Bootstrap[92]: Time 4.590421 seconds, bootstrap likelihood -8805.532083, best rearrangement setting 13
Bootstrap[93]: Time 6.113569 seconds, bootstrap likelihood -8742.869003, best rearrangement setting 15
Bootstrap[94]: Time 3.756556 seconds, bootstrap likelihood -8962.943523, best rearrangement setting 5
Bootstrap[95]: Time 3.844381 seconds, bootstrap likelihood -8975.882421, best rearrangement setting 5
Bootstrap[96]: Time 6.057747 seconds, bootstrap likelihood -8853.640375, best rearrangement setting 13
Bootstrap[97]: Time 5.137286 seconds, bootstrap likelihood -8795.892642, best rearrangement setting 11
Bootstrap[98]: Time 4.230901 seconds, bootstrap likelihood -8783.783500, best rearrangement setting 6
Bootstrap[99]: Time 4.689516 seconds, bootstrap likelihood -8809.583154, best rearrangement setting 14


Overall Time for 100 Rapid Bootstraps 476.693992 seconds
Average Time per Rapid Bootstrap 4.766940 seconds

Starting ML Search ...

Fast ML optimization finished

Fast ML search Time: 253.418592 seconds

Slow ML Search 0 Likelihood: -9747.892594
Slow ML Search 1 Likelihood: -9747.893900
Slow ML Search 2 Likelihood: -9747.894248
Slow ML Search 3 Likelihood: -9748.154155
Slow ML Search 4 Likelihood: -9748.151723
Slow ML Search 5 Likelihood: -9748.155389
Slow ML Search 6 Likelihood: -9748.152032
Slow ML Search 7 Likelihood: -9748.148918
Slow ML Search 8 Likelihood: -9748.149529
Slow ML Search 9 Likelihood: -9747.570487
Slow ML optimization finished

Slow ML search Time: 111.322081 seconds
Thorough ML search Time: 28.017799 seconds

Final ML Optimization Likelihood: -9747.570427

Model Information:

Model Parameters of Partition 0, Name: No Name Provided, Type of Data: AA
alpha: 0.366476
Tree-Length: 0.408266
rate A <-> R: 0.603538
rate A <-> N: 0.561915
rate A <-> D: 0.842872
rate A <-> C: 0.582726
rate A <-> Q: 0.593132
rate A <-> E: 1.092612
rate A <-> G: 1.862643
rate A <-> H: 0.280957
rate A <-> I: 0.374610
rate A <-> L: 0.312175
rate A <-> K: 0.364204
rate A <-> M: 0.561915
rate A <-> F: 0.156087
rate A <-> P: 2.018730
rate A <-> S: 3.933403
rate A <-> T: 4.942768
rate A <-> W: 0.093652
rate A <-> Y: 0.114464
rate A <-> V: 3.100937
rate R <-> N: 0.468262
rate R <-> D: 0.166493
rate R <-> C: 1.175858
rate R <-> Q: 3.225806
rate R <-> E: 0.301769
rate R <-> G: 1.425598
rate R <-> H: 3.413111
rate R <-> I: 0.228928
rate R <-> L: 0.395421
rate R <-> K: 6.722164
rate R <-> M: 0.457856
rate R <-> F: 0.052029
rate R <-> P: 0.770031
rate R <-> S: 1.050989
rate R <-> T: 0.665973
rate R <-> W: 1.311134
rate R <-> Y: 0.208117
rate R <-> V: 0.176899
rate N <-> D: 5.494277
rate N <-> C: 0.353798
rate N <-> Q: 0.894901
rate N <-> E: 0.603538
rate N <-> G: 0.842872
rate N <-> H: 4.068678
rate N <-> I: 0.489074
rate N <-> L: 0.124870
rate N <-> K: 2.736733
rate N <-> M: 0.312175
rate N <-> F: 0.104058
rate N <-> P: 0.156087
rate N <-> S: 5.234131
rate N <-> T: 2.414152
rate N <-> W: 0.083247
rate N <-> Y: 0.728408
rate N <-> V: 0.166493
rate D <-> C: 0.104058
rate D <-> Q: 0.509886
rate D <-> E: 7.981270
rate D <-> G: 1.352758
rate D <-> H: 1.165453
rate D <-> I: 0.114464
rate D <-> L: 0.072841
rate D <-> K: 0.270552
rate D <-> M: 0.156087
rate D <-> F: 0.041623
rate D <-> P: 0.156087
rate D <-> S: 0.613944
rate D <-> T: 0.395421
rate D <-> W: 0.041623
rate D <-> Y: 0.478668
rate D <-> V: 0.322581
rate C <-> Q: 0.093652
rate C <-> E: 0.052029
rate C <-> G: 0.613944
rate C <-> H: 0.718002
rate C <-> I: 0.176899
rate C <-> L: 0.239334
rate C <-> K: 0.072841
rate C <-> M: 0.322581
rate C <-> F: 0.811655
rate C <-> P: 0.145682
rate C <-> S: 2.320499
rate C <-> T: 0.437045
rate C <-> W: 1.196670
rate C <-> Y: 2.174818
rate C <-> V: 0.645161
rate Q <-> E: 3.361082
rate Q <-> G: 0.270552
rate Q <-> H: 6.212279
rate Q <-> I: 0.093652
rate Q <-> L: 0.749220
rate Q <-> K: 3.038502
rate Q <-> M: 0.447451
rate Q <-> F: 0.041623
rate Q <-> P: 1.706556
rate Q <-> S: 0.551509
rate Q <-> T: 0.530697
rate Q <-> W: 0.187305
rate Q <-> Y: 0.249740
rate Q <-> V: 0.208117
rate E <-> G: 1.238293
rate E <-> H: 0.270552
rate E <-> I: 0.124870
rate E <-> L: 0.093652
rate E <-> K: 1.883455
rate E <-> M: 0.187305
rate E <-> F: 0.052029
rate E <-> P: 0.187305
rate E <-> S: 0.312175
rate E <-> T: 0.332986
rate E <-> W: 0.104058
rate E <-> Y: 0.072841
rate E <-> V: 0.468262
rate G <-> H: 0.239334
rate G <-> I: 0.062435
rate G <-> L: 0.062435
rate G <-> K: 0.280957
rate G <-> M: 0.145682
rate G <-> F: 0.052029
rate G <-> P: 0.249740
rate G <-> S: 2.091571
rate G <-> T: 0.343392
rate G <-> W: 0.572320
rate G <-> Y: 0.083247
rate G <-> V: 0.489074
rate H <-> I: 0.166493
rate H <-> L: 0.582726
rate H <-> K: 0.468262
rate H <-> M: 0.343392
rate H <-> F: 0.416233
rate H <-> P: 1.196670
rate H <-> S: 0.759625
rate H <-> T: 0.478668
rate H <-> W: 0.083247
rate H <-> Y: 5.962539
rate H <-> V: 0.114464
rate I <-> L: 2.382934
rate I <-> K: 0.218522
rate I <-> M: 4.984391
rate I <-> F: 0.926119
rate I <-> P: 0.104058
rate I <-> S: 0.416233
rate I <-> T: 2.549428
rate I <-> W: 0.093652
rate I <-> Y: 0.332986
rate I <-> V: 10.000000
rate L <-> K: 0.145682
rate L <-> M: 4.037461
rate L <-> F: 2.580645
rate L <-> P: 1.061394
rate L <-> S: 0.613944
rate L <-> T: 0.260146
rate L <-> W: 0.541103
rate L <-> Y: 0.249740
rate L <-> V: 1.873049
rate K <-> M: 0.676379
rate K <-> F: 0.041623
rate K <-> P: 0.218522
rate K <-> S: 0.489074
rate K <-> T: 1.071800
rate K <-> W: 0.104058
rate K <-> Y: 0.083247
rate K <-> V: 0.145682
rate M <-> F: 0.447451
rate M <-> P: 0.166493
rate M <-> S: 0.301769
rate M <-> T: 2.351717
rate M <-> W: 0.249740
rate M <-> Y: 0.187305
rate M <-> V: 3.361082
rate F <-> P: 0.176899
rate F <-> S: 0.957336
rate F <-> T: 0.124870
rate F <-> W: 0.551509
rate F <-> Y: 5.577523
rate F <-> V: 0.645161
rate P <-> S: 2.965661
rate P <-> T: 1.227888
rate P <-> W: 0.062435
rate P <-> Y: 0.104058
rate P <-> V: 0.239334
rate S <-> T: 4.963580
rate S <-> W: 0.364204
rate S <-> Y: 0.655567
rate S <-> V: 0.395421
rate T <-> W: 0.124870
rate T <-> Y: 0.218522
rate T <-> V: 1.165453
rate W <-> Y: 0.738814
rate W <-> V: 0.260146
rate Y <-> V: 0.166493

freq pi(A): 0.076748
freq pi(R): 0.051691
freq pi(N): 0.042645
freq pi(D): 0.051544
freq pi(C): 0.019803
freq pi(Q): 0.040752
freq pi(E): 0.061830
freq pi(G): 0.073152
freq pi(H): 0.022944
freq pi(I): 0.053761
freq pi(L): 0.091904
freq pi(K): 0.058676
freq pi(M): 0.023826
freq pi(F): 0.040126
freq pi(P): 0.050901
freq pi(S): 0.068765
freq pi(T): 0.058565
freq pi(W): 0.014261
freq pi(Y): 0.032102
freq pi(V): 0.066004


ML search took 392.786396 secs or 0.109107 hours

Combined Bootstrap and ML search took 869.480593 secs or 0.241522 hours

Drawing Bootstrap Support Values on best-scoring ML tree ...



Found 1 tree in File /Users/prigozhin/Dropbox/NLRomes/Soy_NLRome/RAxML_tree_pbNB-ARC/Clade_Refinement_1/RAxML_bestTree.Int8275_250_264_R_62.Raxml.out



Found 1 tree in File /Users/prigozhin/Dropbox/NLRomes/Soy_NLRome/RAxML_tree_pbNB-ARC/Clade_Refinement_1/RAxML_bestTree.Int8275_250_264_R_62.Raxml.out

Program execution info written to /Users/prigozhin/Dropbox/NLRomes/Soy_NLRome/RAxML_tree_pbNB-ARC/Clade_Refinement_1/RAxML_info.Int8275_250_264_R_62.Raxml.out
All 100 bootstrapped trees written to: /Users/prigozhin/Dropbox/NLRomes/Soy_NLRome/RAxML_tree_pbNB-ARC/Clade_Refinement_1/RAxML_bootstrap.Int8275_250_264_R_62.Raxml.out

Best-scoring ML tree written to: /Users/prigozhin/Dropbox/NLRomes/Soy_NLRome/RAxML_tree_pbNB-ARC/Clade_Refinement_1/RAxML_bestTree.Int8275_250_264_R_62.Raxml.out

Best-scoring ML tree with support values written to: /Users/prigozhin/Dropbox/NLRomes/Soy_NLRome/RAxML_tree_pbNB-ARC/Clade_Refinement_1/RAxML_bipartitions.Int8275_250_264_R_62.Raxml.out

Best-scoring ML tree with support values as branch labels written to: /Users/prigozhin/Dropbox/NLRomes/Soy_NLRome/RAxML_tree_pbNB-ARC/Clade_Refinement_1/RAxML_bipartitionsBranchLabels.Int8275_250_264_R_62.Raxml.out

Overall execution time for full ML analysis: 869.499876 secs or 0.241528 hours or 0.010064 days

