

IMPORTANT WARNING: Sequences GLYMA_ZH13_12G211900_1_P and GWHPACEP048018 are exactly identical


IMPORTANT WARNING: Sequences GLYMA_ZH13_12G211900_1_P and GWHPACEE050894 are exactly identical


IMPORTANT WARNING: Sequences GWHPACEN050300 and GWHPACEU051289 are exactly identical


IMPORTANT WARNING: Sequences GWHPACED048699 and GWHPACET051615 are exactly identical


IMPORTANT WARNING: Sequences GWHPACED048699 and GWHPACEQ047865 are exactly identical


IMPORTANT WARNING: Sequences GWHPACED048699 and GWHPACEI052746 are exactly identical


IMPORTANT WARNING: Sequences GWHPACED048699 and GWHPACEV046673 are exactly identical


IMPORTANT WARNING: Sequences GWHPACEL048858 and GWHPACEG050530 are exactly identical


IMPORTANT WARNING: Sequences GWHPACEX047577 and GWHPACEC048222 are exactly identical


IMPORTANT WARNING: Sequences GWHPACEX047577 and GWHPACEM051007 are exactly identical

IMPORTANT WARNING
Found 10 sequences that are exactly identical to other sequences in the alignment.
Normally they should be excluded from the analysis.

Just in case you might need it, an alignment file with 
sequence duplicates removed is printed to file ../../RAxML_tree_pbNB-ARC/Clade_Refinement_1/Int9555_160_246_R_24.afa.reduced


This is RAxML version 8.2.12 released by Alexandros Stamatakis on May 2018.

With greatly appreciated code contributions by:
Andre Aberer      (HITS)
Simon Berger      (HITS)
Alexey Kozlov     (HITS)
Kassian Kobert    (HITS)
David Dao         (KIT and HITS)
Sarah Lutteropp   (KIT and HITS)
Nick Pattengale   (Sandia)
Wayne Pfeiffer    (SDSC)
Akifumi S. Tanabe (NRIFS)
Charlie Taylor    (UF)


Alignment has 179 distinct alignment patterns

Proportion of gaps and completely undetermined characters in this alignment: 4.71%

RAxML rapid bootstrapping and subsequent ML search

Using 1 distinct models/data partitions with joint branch length optimization



Executing 100 rapid bootstrap inferences and thereafter a thorough ML search 

All free model parameters will be estimated by RAxML
ML estimate of 25 per site rate categories

Likelihood of final tree will be evaluated and optimized under GAMMA

GAMMA Model parameters will be estimated up to an accuracy of 0.1000000000 Log Likelihood units

Partition: 0
Alignment Patterns: 179
Name: No Name Provided
DataType: AA
Substitution Matrix: JTT
Using fixed base frequencies




RAxML was called as follows:

/Users/prigozhin/Installers/standard-RAxML/raxmlHPC-PTHREADS-AVX -T 4 -n Int9555_160_246_R_24.Raxml.out -f a -x 12345 -p 12345 -# 100 -m PROTCATJTT -s ../../RAxML_tree_pbNB-ARC/Clade_Refinement_1/Int9555_160_246_R_24.afa 



Time for BS model parameter optimization 0.111357
Bootstrap[0]: Time 0.374256 seconds, bootstrap likelihood -3648.582579, best rearrangement setting 13
Bootstrap[1]: Time 0.262133 seconds, bootstrap likelihood -3765.716197, best rearrangement setting 13
Bootstrap[2]: Time 0.253784 seconds, bootstrap likelihood -3727.162169, best rearrangement setting 12
Bootstrap[3]: Time 0.255191 seconds, bootstrap likelihood -3687.179760, best rearrangement setting 15
Bootstrap[4]: Time 0.250408 seconds, bootstrap likelihood -3861.506156, best rearrangement setting 10
Bootstrap[5]: Time 0.255702 seconds, bootstrap likelihood -3729.959923, best rearrangement setting 10
Bootstrap[6]: Time 0.240641 seconds, bootstrap likelihood -3749.841460, best rearrangement setting 6
Bootstrap[7]: Time 0.309147 seconds, bootstrap likelihood -3629.303772, best rearrangement setting 14
Bootstrap[8]: Time 0.284552 seconds, bootstrap likelihood -3698.428399, best rearrangement setting 5
Bootstrap[9]: Time 0.246330 seconds, bootstrap likelihood -3719.406849, best rearrangement setting 7
Bootstrap[10]: Time 0.289381 seconds, bootstrap likelihood -3574.418360, best rearrangement setting 7
Bootstrap[11]: Time 0.237585 seconds, bootstrap likelihood -3710.696035, best rearrangement setting 5
Bootstrap[12]: Time 0.266317 seconds, bootstrap likelihood -3725.154797, best rearrangement setting 8
Bootstrap[13]: Time 0.298686 seconds, bootstrap likelihood -3585.519083, best rearrangement setting 7
Bootstrap[14]: Time 0.317455 seconds, bootstrap likelihood -3648.249921, best rearrangement setting 12
Bootstrap[15]: Time 0.315540 seconds, bootstrap likelihood -3588.359247, best rearrangement setting 15
Bootstrap[16]: Time 0.283184 seconds, bootstrap likelihood -3627.800720, best rearrangement setting 12
Bootstrap[17]: Time 0.274561 seconds, bootstrap likelihood -3786.711288, best rearrangement setting 12
Bootstrap[18]: Time 0.270816 seconds, bootstrap likelihood -3695.485697, best rearrangement setting 5
Bootstrap[19]: Time 0.280690 seconds, bootstrap likelihood -3745.972204, best rearrangement setting 8
Bootstrap[20]: Time 0.298763 seconds, bootstrap likelihood -3739.415072, best rearrangement setting 10
Bootstrap[21]: Time 0.270695 seconds, bootstrap likelihood -3728.719991, best rearrangement setting 6
Bootstrap[22]: Time 0.253583 seconds, bootstrap likelihood -3777.964443, best rearrangement setting 5
Bootstrap[23]: Time 0.249067 seconds, bootstrap likelihood -3691.778979, best rearrangement setting 7
Bootstrap[24]: Time 0.279052 seconds, bootstrap likelihood -3785.927508, best rearrangement setting 8
Bootstrap[25]: Time 0.265115 seconds, bootstrap likelihood -3862.115201, best rearrangement setting 6
Bootstrap[26]: Time 0.273874 seconds, bootstrap likelihood -3704.537148, best rearrangement setting 12
Bootstrap[27]: Time 0.252402 seconds, bootstrap likelihood -3755.883452, best rearrangement setting 10
Bootstrap[28]: Time 0.288520 seconds, bootstrap likelihood -3744.545793, best rearrangement setting 11
Bootstrap[29]: Time 0.282798 seconds, bootstrap likelihood -3812.900242, best rearrangement setting 12
Bootstrap[30]: Time 0.272736 seconds, bootstrap likelihood -3685.079542, best rearrangement setting 15
Bootstrap[31]: Time 0.238425 seconds, bootstrap likelihood -3578.801789, best rearrangement setting 15
Bootstrap[32]: Time 0.246087 seconds, bootstrap likelihood -3698.850128, best rearrangement setting 6
Bootstrap[33]: Time 0.278221 seconds, bootstrap likelihood -3724.687260, best rearrangement setting 15
Bootstrap[34]: Time 0.264475 seconds, bootstrap likelihood -3761.631286, best rearrangement setting 11
Bootstrap[35]: Time 0.260714 seconds, bootstrap likelihood -3590.814894, best rearrangement setting 8
Bootstrap[36]: Time 0.241246 seconds, bootstrap likelihood -3783.354212, best rearrangement setting 9
Bootstrap[37]: Time 0.236833 seconds, bootstrap likelihood -3734.677572, best rearrangement setting 11
Bootstrap[38]: Time 0.245389 seconds, bootstrap likelihood -3599.510617, best rearrangement setting 8
Bootstrap[39]: Time 0.248725 seconds, bootstrap likelihood -3722.100499, best rearrangement setting 13
Bootstrap[40]: Time 0.265839 seconds, bootstrap likelihood -3642.087455, best rearrangement setting 13
Bootstrap[41]: Time 0.249807 seconds, bootstrap likelihood -3747.003117, best rearrangement setting 10
Bootstrap[42]: Time 0.228093 seconds, bootstrap likelihood -3726.333801, best rearrangement setting 5
Bootstrap[43]: Time 0.241947 seconds, bootstrap likelihood -3740.907678, best rearrangement setting 14
Bootstrap[44]: Time 0.285572 seconds, bootstrap likelihood -3736.404831, best rearrangement setting 10
Bootstrap[45]: Time 0.277115 seconds, bootstrap likelihood -3606.051296, best rearrangement setting 15
Bootstrap[46]: Time 0.288728 seconds, bootstrap likelihood -3620.068552, best rearrangement setting 14
Bootstrap[47]: Time 0.267340 seconds, bootstrap likelihood -3777.622790, best rearrangement setting 8
Bootstrap[48]: Time 0.248858 seconds, bootstrap likelihood -3692.081911, best rearrangement setting 6
Bootstrap[49]: Time 0.263746 seconds, bootstrap likelihood -3793.089202, best rearrangement setting 7
Bootstrap[50]: Time 0.270481 seconds, bootstrap likelihood -3714.841094, best rearrangement setting 7
Bootstrap[51]: Time 0.277912 seconds, bootstrap likelihood -3818.308515, best rearrangement setting 11
Bootstrap[52]: Time 0.264453 seconds, bootstrap likelihood -3651.199337, best rearrangement setting 12
Bootstrap[53]: Time 0.256530 seconds, bootstrap likelihood -3643.256663, best rearrangement setting 8
Bootstrap[54]: Time 0.265699 seconds, bootstrap likelihood -3613.945108, best rearrangement setting 9
Bootstrap[55]: Time 0.271237 seconds, bootstrap likelihood -3649.086372, best rearrangement setting 11
Bootstrap[56]: Time 0.256026 seconds, bootstrap likelihood -3782.022629, best rearrangement setting 5
Bootstrap[57]: Time 0.278172 seconds, bootstrap likelihood -3718.404299, best rearrangement setting 7
Bootstrap[58]: Time 0.300292 seconds, bootstrap likelihood -3648.147941, best rearrangement setting 10
Bootstrap[59]: Time 0.264362 seconds, bootstrap likelihood -3757.930480, best rearrangement setting 9
Bootstrap[60]: Time 0.323148 seconds, bootstrap likelihood -3601.768961, best rearrangement setting 7
Bootstrap[61]: Time 0.232947 seconds, bootstrap likelihood -3705.514921, best rearrangement setting 5
Bootstrap[62]: Time 0.280288 seconds, bootstrap likelihood -3723.731414, best rearrangement setting 11
Bootstrap[63]: Time 0.246116 seconds, bootstrap likelihood -3833.843047, best rearrangement setting 12
Bootstrap[64]: Time 0.244346 seconds, bootstrap likelihood -3566.509111, best rearrangement setting 7
Bootstrap[65]: Time 0.223051 seconds, bootstrap likelihood -3732.908810, best rearrangement setting 5
Bootstrap[66]: Time 0.228061 seconds, bootstrap likelihood -3711.066251, best rearrangement setting 5
Bootstrap[67]: Time 0.265909 seconds, bootstrap likelihood -3718.868801, best rearrangement setting 15
Bootstrap[68]: Time 0.241747 seconds, bootstrap likelihood -3693.653165, best rearrangement setting 11
Bootstrap[69]: Time 0.232617 seconds, bootstrap likelihood -3634.661634, best rearrangement setting 5
Bootstrap[70]: Time 0.234133 seconds, bootstrap likelihood -3759.399005, best rearrangement setting 8
Bootstrap[71]: Time 0.276014 seconds, bootstrap likelihood -3778.121363, best rearrangement setting 10
Bootstrap[72]: Time 0.234640 seconds, bootstrap likelihood -3710.743477, best rearrangement setting 11
Bootstrap[73]: Time 0.265009 seconds, bootstrap likelihood -3735.553336, best rearrangement setting 9
Bootstrap[74]: Time 0.242429 seconds, bootstrap likelihood -3739.563456, best rearrangement setting 5
Bootstrap[75]: Time 0.257918 seconds, bootstrap likelihood -3769.892392, best rearrangement setting 8
Bootstrap[76]: Time 0.249645 seconds, bootstrap likelihood -3649.936512, best rearrangement setting 9
Bootstrap[77]: Time 0.278095 seconds, bootstrap likelihood -3702.448823, best rearrangement setting 11
Bootstrap[78]: Time 0.245727 seconds, bootstrap likelihood -3621.788713, best rearrangement setting 15
Bootstrap[79]: Time 0.242708 seconds, bootstrap likelihood -3695.529188, best rearrangement setting 9
Bootstrap[80]: Time 0.281465 seconds, bootstrap likelihood -3681.569723, best rearrangement setting 15
Bootstrap[81]: Time 0.267283 seconds, bootstrap likelihood -3795.011564, best rearrangement setting 7
Bootstrap[82]: Time 0.224653 seconds, bootstrap likelihood -3699.386273, best rearrangement setting 6
Bootstrap[83]: Time 0.226917 seconds, bootstrap likelihood -3710.159604, best rearrangement setting 10
Bootstrap[84]: Time 0.237833 seconds, bootstrap likelihood -3644.884657, best rearrangement setting 11
Bootstrap[85]: Time 0.279024 seconds, bootstrap likelihood -3691.842233, best rearrangement setting 8
Bootstrap[86]: Time 0.254138 seconds, bootstrap likelihood -3766.980761, best rearrangement setting 7
Bootstrap[87]: Time 0.244796 seconds, bootstrap likelihood -3798.640025, best rearrangement setting 7
Bootstrap[88]: Time 0.247707 seconds, bootstrap likelihood -3535.332575, best rearrangement setting 12
Bootstrap[89]: Time 0.247307 seconds, bootstrap likelihood -3733.070546, best rearrangement setting 10
Bootstrap[90]: Time 0.256369 seconds, bootstrap likelihood -3751.536259, best rearrangement setting 8
Bootstrap[91]: Time 0.285910 seconds, bootstrap likelihood -3727.385293, best rearrangement setting 12
Bootstrap[92]: Time 0.258164 seconds, bootstrap likelihood -3803.600180, best rearrangement setting 13
Bootstrap[93]: Time 0.291133 seconds, bootstrap likelihood -3806.012048, best rearrangement setting 15
Bootstrap[94]: Time 0.265224 seconds, bootstrap likelihood -3708.862660, best rearrangement setting 5
Bootstrap[95]: Time 0.258988 seconds, bootstrap likelihood -3735.806766, best rearrangement setting 5
Bootstrap[96]: Time 0.286203 seconds, bootstrap likelihood -3693.381837, best rearrangement setting 13
Bootstrap[97]: Time 0.248866 seconds, bootstrap likelihood -3765.787844, best rearrangement setting 11
Bootstrap[98]: Time 0.239979 seconds, bootstrap likelihood -3800.044652, best rearrangement setting 6
Bootstrap[99]: Time 0.236159 seconds, bootstrap likelihood -3707.757755, best rearrangement setting 14


Overall Time for 100 Rapid Bootstraps 26.347586 seconds
Average Time per Rapid Bootstrap 0.263476 seconds

Starting ML Search ...

Fast ML optimization finished

Fast ML search Time: 15.031981 seconds

Slow ML Search 0 Likelihood: -3990.082026
Slow ML Search 1 Likelihood: -3990.082026
Slow ML Search 2 Likelihood: -3990.082030
Slow ML Search 3 Likelihood: -3990.082030
Slow ML Search 4 Likelihood: -3990.082030
Slow ML Search 5 Likelihood: -3990.082030
Slow ML Search 6 Likelihood: -3990.082030
Slow ML Search 7 Likelihood: -3990.082030
Slow ML Search 8 Likelihood: -3990.082103
Slow ML Search 9 Likelihood: -3990.082103
Slow ML optimization finished

Slow ML search Time: 7.433371 seconds
Thorough ML search Time: 1.040694 seconds

Final ML Optimization Likelihood: -3990.082026

Model Information:

Model Parameters of Partition 0, Name: No Name Provided, Type of Data: AA
alpha: 0.217152
Tree-Length: 0.117097
rate A <-> R: 0.603538
rate A <-> N: 0.561915
rate A <-> D: 0.842872
rate A <-> C: 0.582726
rate A <-> Q: 0.593132
rate A <-> E: 1.092612
rate A <-> G: 1.862643
rate A <-> H: 0.280957
rate A <-> I: 0.374610
rate A <-> L: 0.312175
rate A <-> K: 0.364204
rate A <-> M: 0.561915
rate A <-> F: 0.156087
rate A <-> P: 2.018730
rate A <-> S: 3.933403
rate A <-> T: 4.942768
rate A <-> W: 0.093652
rate A <-> Y: 0.114464
rate A <-> V: 3.100937
rate R <-> N: 0.468262
rate R <-> D: 0.166493
rate R <-> C: 1.175858
rate R <-> Q: 3.225806
rate R <-> E: 0.301769
rate R <-> G: 1.425598
rate R <-> H: 3.413111
rate R <-> I: 0.228928
rate R <-> L: 0.395421
rate R <-> K: 6.722164
rate R <-> M: 0.457856
rate R <-> F: 0.052029
rate R <-> P: 0.770031
rate R <-> S: 1.050989
rate R <-> T: 0.665973
rate R <-> W: 1.311134
rate R <-> Y: 0.208117
rate R <-> V: 0.176899
rate N <-> D: 5.494277
rate N <-> C: 0.353798
rate N <-> Q: 0.894901
rate N <-> E: 0.603538
rate N <-> G: 0.842872
rate N <-> H: 4.068678
rate N <-> I: 0.489074
rate N <-> L: 0.124870
rate N <-> K: 2.736733
rate N <-> M: 0.312175
rate N <-> F: 0.104058
rate N <-> P: 0.156087
rate N <-> S: 5.234131
rate N <-> T: 2.414152
rate N <-> W: 0.083247
rate N <-> Y: 0.728408
rate N <-> V: 0.166493
rate D <-> C: 0.104058
rate D <-> Q: 0.509886
rate D <-> E: 7.981270
rate D <-> G: 1.352758
rate D <-> H: 1.165453
rate D <-> I: 0.114464
rate D <-> L: 0.072841
rate D <-> K: 0.270552
rate D <-> M: 0.156087
rate D <-> F: 0.041623
rate D <-> P: 0.156087
rate D <-> S: 0.613944
rate D <-> T: 0.395421
rate D <-> W: 0.041623
rate D <-> Y: 0.478668
rate D <-> V: 0.322581
rate C <-> Q: 0.093652
rate C <-> E: 0.052029
rate C <-> G: 0.613944
rate C <-> H: 0.718002
rate C <-> I: 0.176899
rate C <-> L: 0.239334
rate C <-> K: 0.072841
rate C <-> M: 0.322581
rate C <-> F: 0.811655
rate C <-> P: 0.145682
rate C <-> S: 2.320499
rate C <-> T: 0.437045
rate C <-> W: 1.196670
rate C <-> Y: 2.174818
rate C <-> V: 0.645161
rate Q <-> E: 3.361082
rate Q <-> G: 0.270552
rate Q <-> H: 6.212279
rate Q <-> I: 0.093652
rate Q <-> L: 0.749220
rate Q <-> K: 3.038502
rate Q <-> M: 0.447451
rate Q <-> F: 0.041623
rate Q <-> P: 1.706556
rate Q <-> S: 0.551509
rate Q <-> T: 0.530697
rate Q <-> W: 0.187305
rate Q <-> Y: 0.249740
rate Q <-> V: 0.208117
rate E <-> G: 1.238293
rate E <-> H: 0.270552
rate E <-> I: 0.124870
rate E <-> L: 0.093652
rate E <-> K: 1.883455
rate E <-> M: 0.187305
rate E <-> F: 0.052029
rate E <-> P: 0.187305
rate E <-> S: 0.312175
rate E <-> T: 0.332986
rate E <-> W: 0.104058
rate E <-> Y: 0.072841
rate E <-> V: 0.468262
rate G <-> H: 0.239334
rate G <-> I: 0.062435
rate G <-> L: 0.062435
rate G <-> K: 0.280957
rate G <-> M: 0.145682
rate G <-> F: 0.052029
rate G <-> P: 0.249740
rate G <-> S: 2.091571
rate G <-> T: 0.343392
rate G <-> W: 0.572320
rate G <-> Y: 0.083247
rate G <-> V: 0.489074
rate H <-> I: 0.166493
rate H <-> L: 0.582726
rate H <-> K: 0.468262
rate H <-> M: 0.343392
rate H <-> F: 0.416233
rate H <-> P: 1.196670
rate H <-> S: 0.759625
rate H <-> T: 0.478668
rate H <-> W: 0.083247
rate H <-> Y: 5.962539
rate H <-> V: 0.114464
rate I <-> L: 2.382934
rate I <-> K: 0.218522
rate I <-> M: 4.984391
rate I <-> F: 0.926119
rate I <-> P: 0.104058
rate I <-> S: 0.416233
rate I <-> T: 2.549428
rate I <-> W: 0.093652
rate I <-> Y: 0.332986
rate I <-> V: 10.000000
rate L <-> K: 0.145682
rate L <-> M: 4.037461
rate L <-> F: 2.580645
rate L <-> P: 1.061394
rate L <-> S: 0.613944
rate L <-> T: 0.260146
rate L <-> W: 0.541103
rate L <-> Y: 0.249740
rate L <-> V: 1.873049
rate K <-> M: 0.676379
rate K <-> F: 0.041623
rate K <-> P: 0.218522
rate K <-> S: 0.489074
rate K <-> T: 1.071800
rate K <-> W: 0.104058
rate K <-> Y: 0.083247
rate K <-> V: 0.145682
rate M <-> F: 0.447451
rate M <-> P: 0.166493
rate M <-> S: 0.301769
rate M <-> T: 2.351717
rate M <-> W: 0.249740
rate M <-> Y: 0.187305
rate M <-> V: 3.361082
rate F <-> P: 0.176899
rate F <-> S: 0.957336
rate F <-> T: 0.124870
rate F <-> W: 0.551509
rate F <-> Y: 5.577523
rate F <-> V: 0.645161
rate P <-> S: 2.965661
rate P <-> T: 1.227888
rate P <-> W: 0.062435
rate P <-> Y: 0.104058
rate P <-> V: 0.239334
rate S <-> T: 4.963580
rate S <-> W: 0.364204
rate S <-> Y: 0.655567
rate S <-> V: 0.395421
rate T <-> W: 0.124870
rate T <-> Y: 0.218522
rate T <-> V: 1.165453
rate W <-> Y: 0.738814
rate W <-> V: 0.260146
rate Y <-> V: 0.166493

freq pi(A): 0.076748
freq pi(R): 0.051691
freq pi(N): 0.042645
freq pi(D): 0.051544
freq pi(C): 0.019803
freq pi(Q): 0.040752
freq pi(E): 0.061830
freq pi(G): 0.073152
freq pi(H): 0.022944
freq pi(I): 0.053761
freq pi(L): 0.091904
freq pi(K): 0.058676
freq pi(M): 0.023826
freq pi(F): 0.040126
freq pi(P): 0.050901
freq pi(S): 0.068765
freq pi(T): 0.058565
freq pi(W): 0.014261
freq pi(Y): 0.032102
freq pi(V): 0.066004


ML search took 23.530857 secs or 0.006536 hours

Combined Bootstrap and ML search took 49.878633 secs or 0.013855 hours

Drawing Bootstrap Support Values on best-scoring ML tree ...



Found 1 tree in File /Users/prigozhin/Dropbox/NLRomes/Soy_NLRome/RAxML_tree_pbNB-ARC/Clade_Refinement_1/RAxML_bestTree.Int9555_160_246_R_24.Raxml.out



Found 1 tree in File /Users/prigozhin/Dropbox/NLRomes/Soy_NLRome/RAxML_tree_pbNB-ARC/Clade_Refinement_1/RAxML_bestTree.Int9555_160_246_R_24.Raxml.out

Program execution info written to /Users/prigozhin/Dropbox/NLRomes/Soy_NLRome/RAxML_tree_pbNB-ARC/Clade_Refinement_1/RAxML_info.Int9555_160_246_R_24.Raxml.out
All 100 bootstrapped trees written to: /Users/prigozhin/Dropbox/NLRomes/Soy_NLRome/RAxML_tree_pbNB-ARC/Clade_Refinement_1/RAxML_bootstrap.Int9555_160_246_R_24.Raxml.out

Best-scoring ML tree written to: /Users/prigozhin/Dropbox/NLRomes/Soy_NLRome/RAxML_tree_pbNB-ARC/Clade_Refinement_1/RAxML_bestTree.Int9555_160_246_R_24.Raxml.out

Best-scoring ML tree with support values written to: /Users/prigozhin/Dropbox/NLRomes/Soy_NLRome/RAxML_tree_pbNB-ARC/Clade_Refinement_1/RAxML_bipartitions.Int9555_160_246_R_24.Raxml.out

Best-scoring ML tree with support values as branch labels written to: /Users/prigozhin/Dropbox/NLRomes/Soy_NLRome/RAxML_tree_pbNB-ARC/Clade_Refinement_1/RAxML_bipartitionsBranchLabels.Int9555_160_246_R_24.Raxml.out

Overall execution time for full ML analysis: 49.886817 secs or 0.013857 hours or 0.000577 days

