((GWHPACEJ000521,GWHPACEI000527),(GWHPACET000517,(GWHPACEN000502,(GLYMA_01G033200_1,(GWHPACEA000506,(GWHPACEH000505,W05_GLYSO_01G000325_1_P))))),GWHPACEM000519);
((GWHPACEJ000521,GWHPACEI000527),(GWHPACET000517,(GWHPACEN000502,(GLYMA_01G033200_1,(GWHPACEA000506,(GWHPACEH000505,W05_GLYSO_01G000325_1_P))))),GWHPACEM000519);
((GWHPACEJ000521,GWHPACEI000527),(GWHPACET000517,(GWHPACEN000502,(GLYMA_01G033200_1,(GWHPACEA000506,(GWHPACEH000505,W05_GLYSO_01G000325_1_P))))),GWHPACEM000519);
((GWHPACEJ000521,GWHPACEI000527),(GWHPACET000517,(GWHPACEN000502,(GLYMA_01G033200_1,(GWHPACEA000506,(GWHPACEH000505,W05_GLYSO_01G000325_1_P))))),GWHPACEM000519);
(GLYMA_01G033200_1,(GWHPACEA000506,(((GWHPACET000517,GWHPACEN000502),(GWHPACEJ000521,GWHPACEI000527)),(GWHPACEH000505,W05_GLYSO_01G000325_1_P))),GWHPACEM000519);
(GLYMA_01G033200_1,(GWHPACEA000506,(((GWHPACET000517,GWHPACEN000502),(GWHPACEJ000521,GWHPACEI000527)),(GWHPACEH000505,W05_GLYSO_01G000325_1_P))),GWHPACEM000519);
(GLYMA_01G033200_1,(GWHPACEA000506,(((GWHPACET000517,GWHPACEN000502),(GWHPACEJ000521,GWHPACEI000527)),(GWHPACEH000505,W05_GLYSO_01G000325_1_P))),GWHPACEM000519);
(GLYMA_01G033200_1,(GWHPACEA000506,(((GWHPACET000517,GWHPACEN000502),(GWHPACEJ000521,GWHPACEI000527)),(GWHPACEH000505,W05_GLYSO_01G000325_1_P))),GWHPACEM000519);
(GLYMA_01G033200_1,(GWHPACEA000506,(((GWHPACET000517,GWHPACEN000502),(GWHPACEJ000521,GWHPACEI000527)),(GWHPACEH000505,W05_GLYSO_01G000325_1_P))),GWHPACEM000519);
(GLYMA_01G033200_1,(GWHPACEA000506,(((GWHPACET000517,GWHPACEN000502),(GWHPACEJ000521,GWHPACEI000527)),(GWHPACEH000505,W05_GLYSO_01G000325_1_P))),GWHPACEM000519);
(W05_GLYSO_01G000325_1_P,(GWHPACEA000506,(GWHPACEH000505,(GWHPACEN000502,(GWHPACET000517,(GLYMA_01G033200_1,(GWHPACEI000527,GWHPACEJ000521)))))),GWHPACEM000519);
(W05_GLYSO_01G000325_1_P,(GWHPACEA000506,(GWHPACEH000505,(GWHPACEN000502,(GWHPACET000517,(GLYMA_01G033200_1,(GWHPACEI000527,GWHPACEJ000521)))))),GWHPACEM000519);
(W05_GLYSO_01G000325_1_P,(GWHPACEA000506,(GWHPACEH000505,(GWHPACEN000502,(GWHPACET000517,(GLYMA_01G033200_1,(GWHPACEI000527,GWHPACEJ000521)))))),GWHPACEM000519);
(W05_GLYSO_01G000325_1_P,(GWHPACEA000506,(GWHPACEH000505,(GWHPACEN000502,(GWHPACET000517,(GLYMA_01G033200_1,(GWHPACEI000527,GWHPACEJ000521)))))),GWHPACEM000519);
(W05_GLYSO_01G000325_1_P,(GWHPACEA000506,(GWHPACEH000505,(GWHPACEN000502,(GWHPACET000517,(GLYMA_01G033200_1,(GWHPACEI000527,GWHPACEJ000521)))))),GWHPACEM000519);
(W05_GLYSO_01G000325_1_P,(GWHPACEA000506,(GWHPACEH000505,(GWHPACEN000502,(GWHPACET000517,(GLYMA_01G033200_1,(GWHPACEI000527,GWHPACEJ000521)))))),GWHPACEM000519);
(W05_GLYSO_01G000325_1_P,(GWHPACEA000506,(GWHPACEH000505,(GWHPACEN000502,(GWHPACET000517,(GLYMA_01G033200_1,(GWHPACEI000527,GWHPACEJ000521)))))),GWHPACEM000519);
(W05_GLYSO_01G000325_1_P,(GWHPACEA000506,(GWHPACEH000505,(GWHPACEN000502,(GWHPACET000517,(GLYMA_01G033200_1,(GWHPACEI000527,GWHPACEJ000521)))))),GWHPACEM000519);
(W05_GLYSO_01G000325_1_P,(GWHPACEA000506,(GWHPACEH000505,(GWHPACEN000502,(GWHPACET000517,(GLYMA_01G033200_1,(GWHPACEI000527,GWHPACEJ000521)))))),GWHPACEM000519);
(W05_GLYSO_01G000325_1_P,(GWHPACEA000506,(GWHPACEH000505,(GWHPACEN000502,(GWHPACET000517,(GLYMA_01G033200_1,(GWHPACEI000527,GWHPACEJ000521)))))),GWHPACEM000519);
(GWHPACEA000506,(GWHPACEH000505,(W05_GLYSO_01G000325_1_P,(GWHPACEN000502,(GLYMA_01G033200_1,((GWHPACEJ000521,GWHPACEI000527),GWHPACET000517))))),GWHPACEM000519);
(GWHPACEA000506,(GWHPACEH000505,(W05_GLYSO_01G000325_1_P,(GWHPACEN000502,(GLYMA_01G033200_1,((GWHPACEJ000521,GWHPACEI000527),GWHPACET000517))))),GWHPACEM000519);
(GWHPACEA000506,(GWHPACEH000505,(W05_GLYSO_01G000325_1_P,(GWHPACEN000502,(GLYMA_01G033200_1,((GWHPACEJ000521,GWHPACEI000527),GWHPACET000517))))),GWHPACEM000519);
(GWHPACEA000506,(GWHPACEH000505,(W05_GLYSO_01G000325_1_P,(GWHPACEN000502,(GLYMA_01G033200_1,((GWHPACEJ000521,GWHPACEI000527),GWHPACET000517))))),GWHPACEM000519);
((GLYMA_01G033200_1,(((GWHPACEJ000521,GWHPACEI000527),(GWHPACEN000502,GWHPACET000517)),(GWHPACEA000506,GWHPACEH000505))),W05_GLYSO_01G000325_1_P,GWHPACEM000519);
((GLYMA_01G033200_1,(((GWHPACEJ000521,GWHPACEI000527),(GWHPACEN000502,GWHPACET000517)),(GWHPACEA000506,GWHPACEH000505))),W05_GLYSO_01G000325_1_P,GWHPACEM000519);
((GLYMA_01G033200_1,(((GWHPACEJ000521,GWHPACEI000527),(GWHPACEN000502,GWHPACET000517)),(GWHPACEA000506,GWHPACEH000505))),W05_GLYSO_01G000325_1_P,GWHPACEM000519);
((GLYMA_01G033200_1,(((GWHPACEJ000521,GWHPACEI000527),(GWHPACEN000502,GWHPACET000517)),(GWHPACEA000506,GWHPACEH000505))),W05_GLYSO_01G000325_1_P,GWHPACEM000519);
((GLYMA_01G033200_1,(((GWHPACEJ000521,GWHPACEI000527),(GWHPACEN000502,GWHPACET000517)),(GWHPACEA000506,GWHPACEH000505))),W05_GLYSO_01G000325_1_P,GWHPACEM000519);
((GLYMA_01G033200_1,(((GWHPACEJ000521,GWHPACEI000527),(GWHPACEN000502,GWHPACET000517)),(GWHPACEA000506,GWHPACEH000505))),W05_GLYSO_01G000325_1_P,GWHPACEM000519);
((GWHPACET000517,((GWHPACEJ000521,GWHPACEI000527),(GWHPACEA000506,(W05_GLYSO_01G000325_1_P,GWHPACEH000505)))),(GWHPACEN000502,GLYMA_01G033200_1),GWHPACEM000519);
((GWHPACET000517,((GWHPACEJ000521,GWHPACEI000527),(GWHPACEA000506,(W05_GLYSO_01G000325_1_P,GWHPACEH000505)))),(GWHPACEN000502,GLYMA_01G033200_1),GWHPACEM000519);
((GWHPACET000517,((GWHPACEJ000521,GWHPACEI000527),(GWHPACEA000506,(W05_GLYSO_01G000325_1_P,GWHPACEH000505)))),(GWHPACEN000502,GLYMA_01G033200_1),GWHPACEM000519);
((GWHPACET000517,((GWHPACEJ000521,GWHPACEI000527),(GWHPACEA000506,(W05_GLYSO_01G000325_1_P,GWHPACEH000505)))),(GWHPACEN000502,GLYMA_01G033200_1),GWHPACEM000519);
((GWHPACET000517,((GWHPACEJ000521,GWHPACEI000527),(GWHPACEA000506,(W05_GLYSO_01G000325_1_P,GWHPACEH000505)))),(GWHPACEN000502,GLYMA_01G033200_1),GWHPACEM000519);
((GWHPACET000517,((GWHPACEJ000521,GWHPACEI000527),(GWHPACEA000506,(W05_GLYSO_01G000325_1_P,GWHPACEH000505)))),(GWHPACEN000502,GLYMA_01G033200_1),GWHPACEM000519);
((GWHPACET000517,((GWHPACEJ000521,GWHPACEI000527),(GWHPACEA000506,(W05_GLYSO_01G000325_1_P,GWHPACEH000505)))),(GWHPACEN000502,GLYMA_01G033200_1),GWHPACEM000519);
((GWHPACET000517,((GWHPACEJ000521,GWHPACEI000527),(GWHPACEA000506,(W05_GLYSO_01G000325_1_P,GWHPACEH000505)))),(GWHPACEN000502,GLYMA_01G033200_1),GWHPACEM000519);
((GWHPACET000517,((GWHPACEJ000521,GWHPACEI000527),(GWHPACEA000506,(W05_GLYSO_01G000325_1_P,GWHPACEH000505)))),(GWHPACEN000502,GLYMA_01G033200_1),GWHPACEM000519);
((GWHPACET000517,((GWHPACEJ000521,GWHPACEI000527),(GWHPACEA000506,(W05_GLYSO_01G000325_1_P,GWHPACEH000505)))),(GWHPACEN000502,GLYMA_01G033200_1),GWHPACEM000519);
((GWHPACEH000505,(GWHPACET000517,GWHPACEN000502)),((((GWHPACEI000527,GWHPACEJ000521),GWHPACEA000506),GLYMA_01G033200_1),W05_GLYSO_01G000325_1_P),GWHPACEM000519);
((GWHPACEH000505,(GWHPACET000517,GWHPACEN000502)),((((GWHPACEI000527,GWHPACEJ000521),GWHPACEA000506),GLYMA_01G033200_1),W05_GLYSO_01G000325_1_P),GWHPACEM000519);
((GWHPACEH000505,(GWHPACET000517,GWHPACEN000502)),((((GWHPACEI000527,GWHPACEJ000521),GWHPACEA000506),GLYMA_01G033200_1),W05_GLYSO_01G000325_1_P),GWHPACEM000519);
((GWHPACEH000505,(GWHPACET000517,GWHPACEN000502)),((((GWHPACEI000527,GWHPACEJ000521),GWHPACEA000506),GLYMA_01G033200_1),W05_GLYSO_01G000325_1_P),GWHPACEM000519);
((GWHPACEH000505,(GWHPACET000517,GWHPACEN000502)),((((GWHPACEI000527,GWHPACEJ000521),GWHPACEA000506),GLYMA_01G033200_1),W05_GLYSO_01G000325_1_P),GWHPACEM000519);
((GWHPACEH000505,(GWHPACET000517,GWHPACEN000502)),((((GWHPACEI000527,GWHPACEJ000521),GWHPACEA000506),GLYMA_01G033200_1),W05_GLYSO_01G000325_1_P),GWHPACEM000519);
((GWHPACEH000505,(GWHPACET000517,GWHPACEN000502)),((((GWHPACEI000527,GWHPACEJ000521),GWHPACEA000506),GLYMA_01G033200_1),W05_GLYSO_01G000325_1_P),GWHPACEM000519);
((GWHPACEH000505,(GWHPACET000517,GWHPACEN000502)),((((GWHPACEI000527,GWHPACEJ000521),GWHPACEA000506),GLYMA_01G033200_1),W05_GLYSO_01G000325_1_P),GWHPACEM000519);
((GWHPACEH000505,(GWHPACET000517,GWHPACEN000502)),((((GWHPACEI000527,GWHPACEJ000521),GWHPACEA000506),GLYMA_01G033200_1),W05_GLYSO_01G000325_1_P),GWHPACEM000519);
((GWHPACEH000505,(GWHPACET000517,GWHPACEN000502)),((((GWHPACEI000527,GWHPACEJ000521),GWHPACEA000506),GLYMA_01G033200_1),W05_GLYSO_01G000325_1_P),GWHPACEM000519);
((GLYMA_01G033200_1,(GWHPACET000517,((GWHPACEJ000521,GWHPACEI000527),(GWHPACEA000506,GWHPACEH000505)))),(GWHPACEN000502,W05_GLYSO_01G000325_1_P),GWHPACEM000519);
((GLYMA_01G033200_1,(GWHPACET000517,((GWHPACEJ000521,GWHPACEI000527),(GWHPACEA000506,GWHPACEH000505)))),(GWHPACEN000502,W05_GLYSO_01G000325_1_P),GWHPACEM000519);
((GLYMA_01G033200_1,(GWHPACET000517,((GWHPACEJ000521,GWHPACEI000527),(GWHPACEA000506,GWHPACEH000505)))),(GWHPACEN000502,W05_GLYSO_01G000325_1_P),GWHPACEM000519);
((GLYMA_01G033200_1,(GWHPACET000517,((GWHPACEJ000521,GWHPACEI000527),(GWHPACEA000506,GWHPACEH000505)))),(GWHPACEN000502,W05_GLYSO_01G000325_1_P),GWHPACEM000519);
((GLYMA_01G033200_1,(GWHPACET000517,((GWHPACEJ000521,GWHPACEI000527),(GWHPACEA000506,GWHPACEH000505)))),(GWHPACEN000502,W05_GLYSO_01G000325_1_P),GWHPACEM000519);
((GLYMA_01G033200_1,(GWHPACET000517,((GWHPACEJ000521,GWHPACEI000527),(GWHPACEA000506,GWHPACEH000505)))),(GWHPACEN000502,W05_GLYSO_01G000325_1_P),GWHPACEM000519);
((GLYMA_01G033200_1,(GWHPACET000517,((GWHPACEJ000521,GWHPACEI000527),(GWHPACEA000506,GWHPACEH000505)))),(GWHPACEN000502,W05_GLYSO_01G000325_1_P),GWHPACEM000519);
((GLYMA_01G033200_1,(GWHPACET000517,((GWHPACEJ000521,GWHPACEI000527),(GWHPACEA000506,GWHPACEH000505)))),(GWHPACEN000502,W05_GLYSO_01G000325_1_P),GWHPACEM000519);
(GLYMA_01G033200_1,((W05_GLYSO_01G000325_1_P,(GWHPACEA000506,GWHPACEH000505)),((GWHPACEN000502,GWHPACET000517),(GWHPACEJ000521,GWHPACEI000527))),GWHPACEM000519);
(GLYMA_01G033200_1,((W05_GLYSO_01G000325_1_P,(GWHPACEA000506,GWHPACEH000505)),((GWHPACEN000502,GWHPACET000517),(GWHPACEJ000521,GWHPACEI000527))),GWHPACEM000519);
((W05_GLYSO_01G000325_1_P,(GWHPACEN000502,GWHPACET000517)),((((GWHPACEJ000521,GWHPACEI000527),GWHPACEA000506),GWHPACEH000505),GLYMA_01G033200_1),GWHPACEM000519);
((W05_GLYSO_01G000325_1_P,(GWHPACEN000502,GWHPACET000517)),((((GWHPACEJ000521,GWHPACEI000527),GWHPACEA000506),GWHPACEH000505),GLYMA_01G033200_1),GWHPACEM000519);
((W05_GLYSO_01G000325_1_P,(GWHPACEN000502,GWHPACET000517)),((((GWHPACEJ000521,GWHPACEI000527),GWHPACEA000506),GWHPACEH000505),GLYMA_01G033200_1),GWHPACEM000519);
((W05_GLYSO_01G000325_1_P,(GWHPACEN000502,GWHPACET000517)),((((GWHPACEJ000521,GWHPACEI000527),GWHPACEA000506),GWHPACEH000505),GLYMA_01G033200_1),GWHPACEM000519);
((W05_GLYSO_01G000325_1_P,(GWHPACEN000502,GWHPACET000517)),((((GWHPACEJ000521,GWHPACEI000527),GWHPACEA000506),GWHPACEH000505),GLYMA_01G033200_1),GWHPACEM000519);
((W05_GLYSO_01G000325_1_P,(GWHPACEN000502,GWHPACET000517)),((((GWHPACEJ000521,GWHPACEI000527),GWHPACEA000506),GWHPACEH000505),GLYMA_01G033200_1),GWHPACEM000519);
((W05_GLYSO_01G000325_1_P,(GWHPACEN000502,GWHPACET000517)),((((GWHPACEJ000521,GWHPACEI000527),GWHPACEA000506),GWHPACEH000505),GLYMA_01G033200_1),GWHPACEM000519);
((W05_GLYSO_01G000325_1_P,(GWHPACEN000502,GWHPACET000517)),((((GWHPACEJ000521,GWHPACEI000527),GWHPACEA000506),GWHPACEH000505),GLYMA_01G033200_1),GWHPACEM000519);
((W05_GLYSO_01G000325_1_P,(GWHPACEN000502,GWHPACET000517)),((((GWHPACEJ000521,GWHPACEI000527),GWHPACEA000506),GWHPACEH000505),GLYMA_01G033200_1),GWHPACEM000519);
((W05_GLYSO_01G000325_1_P,(GWHPACEN000502,GWHPACET000517)),((((GWHPACEJ000521,GWHPACEI000527),GWHPACEA000506),GWHPACEH000505),GLYMA_01G033200_1),GWHPACEM000519);
((GWHPACEH000505,(GWHPACEA000506,(W05_GLYSO_01G000325_1_P,(GWHPACEI000527,GWHPACEJ000521)))),((GLYMA_01G033200_1,GWHPACEN000502),GWHPACET000517),GWHPACEM000519);
((GWHPACEH000505,(GWHPACEA000506,(W05_GLYSO_01G000325_1_P,(GWHPACEI000527,GWHPACEJ000521)))),((GLYMA_01G033200_1,GWHPACEN000502),GWHPACET000517),GWHPACEM000519);
((GWHPACEH000505,(GWHPACEA000506,(W05_GLYSO_01G000325_1_P,(GWHPACEI000527,GWHPACEJ000521)))),((GLYMA_01G033200_1,GWHPACEN000502),GWHPACET000517),GWHPACEM000519);
((GWHPACEH000505,(GWHPACEA000506,(W05_GLYSO_01G000325_1_P,(GWHPACEI000527,GWHPACEJ000521)))),((GLYMA_01G033200_1,GWHPACEN000502),GWHPACET000517),GWHPACEM000519);
((GWHPACEH000505,(GWHPACEA000506,(W05_GLYSO_01G000325_1_P,(GWHPACEI000527,GWHPACEJ000521)))),((GLYMA_01G033200_1,GWHPACEN000502),GWHPACET000517),GWHPACEM000519);
((GWHPACEH000505,(GWHPACEA000506,(W05_GLYSO_01G000325_1_P,(GWHPACEI000527,GWHPACEJ000521)))),((GLYMA_01G033200_1,GWHPACEN000502),GWHPACET000517),GWHPACEM000519);
((GWHPACEH000505,(GWHPACEA000506,(W05_GLYSO_01G000325_1_P,(GWHPACEI000527,GWHPACEJ000521)))),((GLYMA_01G033200_1,GWHPACEN000502),GWHPACET000517),GWHPACEM000519);
((GWHPACEH000505,(GWHPACEA000506,(W05_GLYSO_01G000325_1_P,(GWHPACEI000527,GWHPACEJ000521)))),((GLYMA_01G033200_1,GWHPACEN000502),GWHPACET000517),GWHPACEM000519);
((GWHPACEH000505,(GWHPACEA000506,(W05_GLYSO_01G000325_1_P,(GWHPACEI000527,GWHPACEJ000521)))),((GLYMA_01G033200_1,GWHPACEN000502),GWHPACET000517),GWHPACEM000519);
((GWHPACEH000505,(GWHPACEA000506,(W05_GLYSO_01G000325_1_P,(GWHPACEI000527,GWHPACEJ000521)))),((GLYMA_01G033200_1,GWHPACEN000502),GWHPACET000517),GWHPACEM000519);
(GWHPACET000517,(GWHPACEA000506,(GWHPACEH000505,(W05_GLYSO_01G000325_1_P,(GLYMA_01G033200_1,((GWHPACEI000527,GWHPACEJ000521),GWHPACEN000502))))),GWHPACEM000519);
(GWHPACET000517,(GWHPACEA000506,(GWHPACEH000505,(W05_GLYSO_01G000325_1_P,(GLYMA_01G033200_1,((GWHPACEI000527,GWHPACEJ000521),GWHPACEN000502))))),GWHPACEM000519);
(GWHPACET000517,(GWHPACEA000506,(GWHPACEH000505,(W05_GLYSO_01G000325_1_P,(GLYMA_01G033200_1,((GWHPACEI000527,GWHPACEJ000521),GWHPACEN000502))))),GWHPACEM000519);
(GWHPACET000517,(GWHPACEA000506,(GWHPACEH000505,(W05_GLYSO_01G000325_1_P,(GLYMA_01G033200_1,((GWHPACEI000527,GWHPACEJ000521),GWHPACEN000502))))),GWHPACEM000519);
(GWHPACET000517,(GWHPACEA000506,(GWHPACEH000505,(W05_GLYSO_01G000325_1_P,(GLYMA_01G033200_1,((GWHPACEI000527,GWHPACEJ000521),GWHPACEN000502))))),GWHPACEM000519);
(GWHPACET000517,(GWHPACEA000506,(GWHPACEH000505,(W05_GLYSO_01G000325_1_P,(GLYMA_01G033200_1,((GWHPACEI000527,GWHPACEJ000521),GWHPACEN000502))))),GWHPACEM000519);
(GWHPACET000517,(GWHPACEA000506,(GWHPACEH000505,(W05_GLYSO_01G000325_1_P,(GLYMA_01G033200_1,((GWHPACEI000527,GWHPACEJ000521),GWHPACEN000502))))),GWHPACEM000519);
(GWHPACET000517,(GWHPACEA000506,(GWHPACEH000505,(W05_GLYSO_01G000325_1_P,(GLYMA_01G033200_1,((GWHPACEI000527,GWHPACEJ000521),GWHPACEN000502))))),GWHPACEM000519);
(GWHPACET000517,(GWHPACEA000506,(GWHPACEH000505,(W05_GLYSO_01G000325_1_P,(GLYMA_01G033200_1,((GWHPACEI000527,GWHPACEJ000521),GWHPACEN000502))))),GWHPACEM000519);
(GWHPACET000517,(GWHPACEA000506,(GWHPACEH000505,(W05_GLYSO_01G000325_1_P,(GLYMA_01G033200_1,((GWHPACEI000527,GWHPACEJ000521),GWHPACEN000502))))),GWHPACEM000519);
(GWHPACEH000505,(GWHPACEA000506,(GWHPACEN000502,((GWHPACEI000527,GWHPACEJ000521),(W05_GLYSO_01G000325_1_P,(GWHPACET000517,GLYMA_01G033200_1))))),GWHPACEM000519);
(GWHPACEH000505,(GWHPACEA000506,(GWHPACEN000502,((GWHPACEI000527,GWHPACEJ000521),(W05_GLYSO_01G000325_1_P,(GWHPACET000517,GLYMA_01G033200_1))))),GWHPACEM000519);
(GWHPACEH000505,(GWHPACEA000506,(GWHPACEN000502,((GWHPACEI000527,GWHPACEJ000521),(W05_GLYSO_01G000325_1_P,(GWHPACET000517,GLYMA_01G033200_1))))),GWHPACEM000519);
(GWHPACEH000505,(GWHPACEA000506,(GWHPACEN000502,((GWHPACEI000527,GWHPACEJ000521),(W05_GLYSO_01G000325_1_P,(GWHPACET000517,GLYMA_01G033200_1))))),GWHPACEM000519);
(GWHPACEH000505,(GWHPACEA000506,(GWHPACEN000502,((GWHPACEI000527,GWHPACEJ000521),(W05_GLYSO_01G000325_1_P,(GWHPACET000517,GLYMA_01G033200_1))))),GWHPACEM000519);
(GWHPACEH000505,(GWHPACEA000506,(GWHPACEN000502,((GWHPACEI000527,GWHPACEJ000521),(W05_GLYSO_01G000325_1_P,(GWHPACET000517,GLYMA_01G033200_1))))),GWHPACEM000519);
(GWHPACEH000505,(GWHPACEA000506,(GWHPACEN000502,((GWHPACEI000527,GWHPACEJ000521),(W05_GLYSO_01G000325_1_P,(GWHPACET000517,GLYMA_01G033200_1))))),GWHPACEM000519);
(GWHPACEH000505,(GWHPACEA000506,(GWHPACEN000502,((GWHPACEI000527,GWHPACEJ000521),(W05_GLYSO_01G000325_1_P,(GWHPACET000517,GLYMA_01G033200_1))))),GWHPACEM000519);
(GWHPACEH000505,(GWHPACEA000506,(GWHPACEN000502,((GWHPACEI000527,GWHPACEJ000521),(W05_GLYSO_01G000325_1_P,(GWHPACET000517,GLYMA_01G033200_1))))),GWHPACEM000519);
(GWHPACEH000505,(GWHPACEA000506,(GWHPACEN000502,((GWHPACEI000527,GWHPACEJ000521),(W05_GLYSO_01G000325_1_P,(GWHPACET000517,GLYMA_01G033200_1))))),GWHPACEM000519);
