

IMPORTANT WARNING: Sequences GWHPACEM059945 and GWHPACEJ061835 are exactly identical


IMPORTANT WARNING: Sequences GWHPACEM059945 and GWHPACEN059205 are exactly identical


IMPORTANT WARNING: Sequences GWHPACEM059945 and GWHPACEL056807 are exactly identical


IMPORTANT WARNING: Sequences GWHPACEX055998 and GWHPACEV054424 are exactly identical


IMPORTANT WARNING: Sequences GWHPACEH059975 and GWHPACEG059516 are exactly identical


IMPORTANT WARNING: Sequences GWHPACEH059975 and GWHPACEW059713 are exactly identical


IMPORTANT WARNING: Sequences GWHPACEH059975 and GWHPACET060688 are exactly identical


IMPORTANT WARNING: Sequences GWHPACEH059975 and GWHPACED057301 are exactly identical


IMPORTANT WARNING: Sequences W05_GLYSO_14G039369_1_P and GWHPACEI062106 are exactly identical


IMPORTANT WARNING: Sequences GWHPACEO060599 and GWHPACER055113 are exactly identical


IMPORTANT WARNING: Sequences GWHPACEO060599 and GWHPACEK053642 are exactly identical


IMPORTANT WARNING: Sequences GWHPACEO060599 and GWHPACEE059851 are exactly identical


IMPORTANT WARNING: Sequences GWHPACEO060599 and GWHPACEA060261 are exactly identical


IMPORTANT WARNING: Sequences GWHPACEO060599 and GWHPACEU060278 are exactly identical


IMPORTANT WARNING: Sequences GWHPACEO060599 and GWHPACES060064 are exactly identical


IMPORTANT WARNING: Sequences GWHPACDZ058878 and GWHPACDY061632 are exactly identical

IMPORTANT WARNING
Found 16 sequences that are exactly identical to other sequences in the alignment.
Normally they should be excluded from the analysis.

Just in case you might need it, an alignment file with 
sequence duplicates removed is printed to file ../../RAxML_tree_pbNB-ARC/Clade_Refinement_1/Int9024_309_319_L_28.afa.reduced


This is RAxML version 8.2.12 released by Alexandros Stamatakis on May 2018.

With greatly appreciated code contributions by:
Andre Aberer      (HITS)
Simon Berger      (HITS)
Alexey Kozlov     (HITS)
Kassian Kobert    (HITS)
David Dao         (KIT and HITS)
Sarah Lutteropp   (KIT and HITS)
Nick Pattengale   (Sandia)
Wayne Pfeiffer    (SDSC)
Akifumi S. Tanabe (NRIFS)
Charlie Taylor    (UF)


Alignment has 157 distinct alignment patterns

Proportion of gaps and completely undetermined characters in this alignment: 5.18%

RAxML rapid bootstrapping and subsequent ML search

Using 1 distinct models/data partitions with joint branch length optimization



Executing 100 rapid bootstrap inferences and thereafter a thorough ML search 

All free model parameters will be estimated by RAxML
ML estimate of 25 per site rate categories

Likelihood of final tree will be evaluated and optimized under GAMMA

GAMMA Model parameters will be estimated up to an accuracy of 0.1000000000 Log Likelihood units

Partition: 0
Alignment Patterns: 157
Name: No Name Provided
DataType: AA
Substitution Matrix: JTT
Using fixed base frequencies




RAxML was called as follows:

/Users/prigozhin/Installers/standard-RAxML/raxmlHPC-PTHREADS-AVX -T 4 -n Int9024_309_319_L_28.Raxml.out -f a -x 12345 -p 12345 -# 100 -m PROTCATJTT -s ../../RAxML_tree_pbNB-ARC/Clade_Refinement_1/Int9024_309_319_L_28.afa 



Time for BS model parameter optimization 0.390969
Bootstrap[0]: Time 0.807201 seconds, bootstrap likelihood -4028.546394, best rearrangement setting 13
Bootstrap[1]: Time 0.879965 seconds, bootstrap likelihood -4091.097029, best rearrangement setting 13
Bootstrap[2]: Time 0.437817 seconds, bootstrap likelihood -4079.175938, best rearrangement setting 12
Bootstrap[3]: Time 0.529519 seconds, bootstrap likelihood -3995.466234, best rearrangement setting 15
Bootstrap[4]: Time 0.461101 seconds, bootstrap likelihood -4059.984855, best rearrangement setting 10
Bootstrap[5]: Time 0.433561 seconds, bootstrap likelihood -4063.247790, best rearrangement setting 10
Bootstrap[6]: Time 0.399598 seconds, bootstrap likelihood -4046.008230, best rearrangement setting 6
Bootstrap[7]: Time 0.438188 seconds, bootstrap likelihood -4049.038984, best rearrangement setting 14
Bootstrap[8]: Time 0.341272 seconds, bootstrap likelihood -4080.030809, best rearrangement setting 5
Bootstrap[9]: Time 0.412944 seconds, bootstrap likelihood -3992.505651, best rearrangement setting 7
Bootstrap[10]: Time 0.377310 seconds, bootstrap likelihood -4061.170986, best rearrangement setting 7
Bootstrap[11]: Time 0.380253 seconds, bootstrap likelihood -4046.464412, best rearrangement setting 5
Bootstrap[12]: Time 0.417274 seconds, bootstrap likelihood -4021.600734, best rearrangement setting 8
Bootstrap[13]: Time 0.403469 seconds, bootstrap likelihood -4092.474775, best rearrangement setting 7
Bootstrap[14]: Time 0.438745 seconds, bootstrap likelihood -3982.485759, best rearrangement setting 12
Bootstrap[15]: Time 0.457871 seconds, bootstrap likelihood -4081.804260, best rearrangement setting 15
Bootstrap[16]: Time 0.515736 seconds, bootstrap likelihood -4097.360562, best rearrangement setting 12
Bootstrap[17]: Time 0.502511 seconds, bootstrap likelihood -4014.304625, best rearrangement setting 12
Bootstrap[18]: Time 0.331111 seconds, bootstrap likelihood -4081.789677, best rearrangement setting 5
Bootstrap[19]: Time 0.450722 seconds, bootstrap likelihood -4011.623892, best rearrangement setting 8
Bootstrap[20]: Time 0.481192 seconds, bootstrap likelihood -4030.513285, best rearrangement setting 10
Bootstrap[21]: Time 0.398406 seconds, bootstrap likelihood -4089.233718, best rearrangement setting 6
Bootstrap[22]: Time 0.302690 seconds, bootstrap likelihood -4088.843962, best rearrangement setting 5
Bootstrap[23]: Time 0.364043 seconds, bootstrap likelihood -4125.612339, best rearrangement setting 7
Bootstrap[24]: Time 0.462231 seconds, bootstrap likelihood -4087.539795, best rearrangement setting 8
Bootstrap[25]: Time 0.385163 seconds, bootstrap likelihood -4064.209300, best rearrangement setting 6
Bootstrap[26]: Time 0.605856 seconds, bootstrap likelihood -4041.189662, best rearrangement setting 12
Bootstrap[27]: Time 0.518952 seconds, bootstrap likelihood -4023.782872, best rearrangement setting 10
Bootstrap[28]: Time 0.491193 seconds, bootstrap likelihood -4023.211441, best rearrangement setting 11
Bootstrap[29]: Time 0.471009 seconds, bootstrap likelihood -4066.393687, best rearrangement setting 12
Bootstrap[30]: Time 0.478706 seconds, bootstrap likelihood -4042.583773, best rearrangement setting 15
Bootstrap[31]: Time 0.430475 seconds, bootstrap likelihood -4018.224417, best rearrangement setting 15
Bootstrap[32]: Time 0.420107 seconds, bootstrap likelihood -4010.178122, best rearrangement setting 6
Bootstrap[33]: Time 0.386291 seconds, bootstrap likelihood -4071.377466, best rearrangement setting 15
Bootstrap[34]: Time 0.386707 seconds, bootstrap likelihood -4087.537464, best rearrangement setting 11
Bootstrap[35]: Time 0.471288 seconds, bootstrap likelihood -4048.443504, best rearrangement setting 8
Bootstrap[36]: Time 0.387075 seconds, bootstrap likelihood -4059.761658, best rearrangement setting 9
Bootstrap[37]: Time 0.495806 seconds, bootstrap likelihood -4057.951487, best rearrangement setting 11
Bootstrap[38]: Time 0.433030 seconds, bootstrap likelihood -4083.554885, best rearrangement setting 8
Bootstrap[39]: Time 0.634136 seconds, bootstrap likelihood -4001.753866, best rearrangement setting 13
Bootstrap[40]: Time 0.413247 seconds, bootstrap likelihood -4055.703835, best rearrangement setting 13
Bootstrap[41]: Time 0.424820 seconds, bootstrap likelihood -4096.680537, best rearrangement setting 10
Bootstrap[42]: Time 0.317246 seconds, bootstrap likelihood -4099.968861, best rearrangement setting 5
Bootstrap[43]: Time 0.458651 seconds, bootstrap likelihood -4051.624572, best rearrangement setting 14
Bootstrap[44]: Time 0.405236 seconds, bootstrap likelihood -4026.216987, best rearrangement setting 10
Bootstrap[45]: Time 0.445213 seconds, bootstrap likelihood -4024.379990, best rearrangement setting 15
Bootstrap[46]: Time 0.448576 seconds, bootstrap likelihood -3998.529501, best rearrangement setting 14
Bootstrap[47]: Time 0.424778 seconds, bootstrap likelihood -4020.554029, best rearrangement setting 8
Bootstrap[48]: Time 0.378120 seconds, bootstrap likelihood -4097.284519, best rearrangement setting 6
Bootstrap[49]: Time 0.406442 seconds, bootstrap likelihood -4054.548746, best rearrangement setting 7
Bootstrap[50]: Time 0.386337 seconds, bootstrap likelihood -4073.581536, best rearrangement setting 7
Bootstrap[51]: Time 0.856091 seconds, bootstrap likelihood -4059.187242, best rearrangement setting 11
Bootstrap[52]: Time 0.490428 seconds, bootstrap likelihood -4008.750090, best rearrangement setting 12
Bootstrap[53]: Time 0.538828 seconds, bootstrap likelihood -4039.903591, best rearrangement setting 8
Bootstrap[54]: Time 0.416325 seconds, bootstrap likelihood -4009.872880, best rearrangement setting 9
Bootstrap[55]: Time 0.560503 seconds, bootstrap likelihood -4017.293167, best rearrangement setting 11
Bootstrap[56]: Time 0.337190 seconds, bootstrap likelihood -4045.606567, best rearrangement setting 5
Bootstrap[57]: Time 0.375405 seconds, bootstrap likelihood -4029.428105, best rearrangement setting 7
Bootstrap[58]: Time 0.503639 seconds, bootstrap likelihood -4068.259165, best rearrangement setting 10
Bootstrap[59]: Time 0.497366 seconds, bootstrap likelihood -4064.837902, best rearrangement setting 9
Bootstrap[60]: Time 0.490877 seconds, bootstrap likelihood -4047.656227, best rearrangement setting 7
Bootstrap[61]: Time 0.649212 seconds, bootstrap likelihood -4060.862365, best rearrangement setting 5
Bootstrap[62]: Time 0.406578 seconds, bootstrap likelihood -4066.850305, best rearrangement setting 11
Bootstrap[63]: Time 0.490006 seconds, bootstrap likelihood -4054.485278, best rearrangement setting 12
Bootstrap[64]: Time 0.380391 seconds, bootstrap likelihood -4083.156591, best rearrangement setting 7
Bootstrap[65]: Time 0.319426 seconds, bootstrap likelihood -4060.922707, best rearrangement setting 5
Bootstrap[66]: Time 0.384450 seconds, bootstrap likelihood -4036.948922, best rearrangement setting 5
Bootstrap[67]: Time 0.391045 seconds, bootstrap likelihood -4033.179430, best rearrangement setting 15
Bootstrap[68]: Time 0.419437 seconds, bootstrap likelihood -4113.854999, best rearrangement setting 11
Bootstrap[69]: Time 0.318839 seconds, bootstrap likelihood -4084.753088, best rearrangement setting 5
Bootstrap[70]: Time 0.474576 seconds, bootstrap likelihood -4061.652296, best rearrangement setting 8
Bootstrap[71]: Time 0.525572 seconds, bootstrap likelihood -3973.979726, best rearrangement setting 10
Bootstrap[72]: Time 0.549481 seconds, bootstrap likelihood -4034.346718, best rearrangement setting 11
Bootstrap[73]: Time 0.451977 seconds, bootstrap likelihood -4048.584855, best rearrangement setting 9
Bootstrap[74]: Time 0.357303 seconds, bootstrap likelihood -4054.339607, best rearrangement setting 5
Bootstrap[75]: Time 0.472356 seconds, bootstrap likelihood -4046.049913, best rearrangement setting 8
Bootstrap[76]: Time 0.425593 seconds, bootstrap likelihood -4027.036302, best rearrangement setting 9
Bootstrap[77]: Time 0.416996 seconds, bootstrap likelihood -4062.834513, best rearrangement setting 11
Bootstrap[78]: Time 0.524660 seconds, bootstrap likelihood -4056.361196, best rearrangement setting 15
Bootstrap[79]: Time 0.490590 seconds, bootstrap likelihood -4041.299320, best rearrangement setting 9
Bootstrap[80]: Time 0.904865 seconds, bootstrap likelihood -4053.479983, best rearrangement setting 15
Bootstrap[81]: Time 0.410480 seconds, bootstrap likelihood -4040.318600, best rearrangement setting 7
Bootstrap[82]: Time 0.436016 seconds, bootstrap likelihood -4052.776922, best rearrangement setting 6
Bootstrap[83]: Time 0.465944 seconds, bootstrap likelihood -4047.899880, best rearrangement setting 10
Bootstrap[84]: Time 0.835995 seconds, bootstrap likelihood -4101.959070, best rearrangement setting 11
Bootstrap[85]: Time 0.467976 seconds, bootstrap likelihood -4037.307099, best rearrangement setting 8
Bootstrap[86]: Time 0.404481 seconds, bootstrap likelihood -4063.313112, best rearrangement setting 7
Bootstrap[87]: Time 0.570785 seconds, bootstrap likelihood -4045.939549, best rearrangement setting 7
Bootstrap[88]: Time 0.572675 seconds, bootstrap likelihood -4047.608688, best rearrangement setting 12
Bootstrap[89]: Time 0.898511 seconds, bootstrap likelihood -4094.685278, best rearrangement setting 10
Bootstrap[90]: Time 0.484178 seconds, bootstrap likelihood -4063.191543, best rearrangement setting 8
Bootstrap[91]: Time 0.915241 seconds, bootstrap likelihood -4039.707073, best rearrangement setting 12
Bootstrap[92]: Time 0.902659 seconds, bootstrap likelihood -4067.982637, best rearrangement setting 13
Bootstrap[93]: Time 1.152300 seconds, bootstrap likelihood -4055.445935, best rearrangement setting 15
Bootstrap[94]: Time 0.708687 seconds, bootstrap likelihood -4024.225057, best rearrangement setting 5
Bootstrap[95]: Time 0.311563 seconds, bootstrap likelihood -4057.076264, best rearrangement setting 5
Bootstrap[96]: Time 0.480930 seconds, bootstrap likelihood -4030.515242, best rearrangement setting 13
Bootstrap[97]: Time 0.450365 seconds, bootstrap likelihood -4031.181055, best rearrangement setting 11
Bootstrap[98]: Time 0.426567 seconds, bootstrap likelihood -4089.058354, best rearrangement setting 6
Bootstrap[99]: Time 0.501125 seconds, bootstrap likelihood -4088.391468, best rearrangement setting 14


Overall Time for 100 Rapid Bootstraps 48.777797 seconds
Average Time per Rapid Bootstrap 0.487778 seconds

Starting ML Search ...

Fast ML optimization finished

Fast ML search Time: 27.551590 seconds

Slow ML Search 0 Likelihood: -4245.140849
Slow ML Search 1 Likelihood: -4245.140266
Slow ML Search 2 Likelihood: -4245.140266
Slow ML Search 3 Likelihood: -4245.140801
Slow ML Search 4 Likelihood: -4245.140616
Slow ML Search 5 Likelihood: -4245.140267
Slow ML Search 6 Likelihood: -4245.140267
Slow ML Search 7 Likelihood: -4245.140759
Slow ML Search 8 Likelihood: -4245.140759
Slow ML Search 9 Likelihood: -4245.140877
Slow ML optimization finished

Slow ML search Time: 10.572809 seconds
Thorough ML search Time: 1.413254 seconds

Final ML Optimization Likelihood: -4245.140305

Model Information:

Model Parameters of Partition 0, Name: No Name Provided, Type of Data: AA
alpha: 0.020000
Tree-Length: 0.043063
rate A <-> R: 0.603538
rate A <-> N: 0.561915
rate A <-> D: 0.842872
rate A <-> C: 0.582726
rate A <-> Q: 0.593132
rate A <-> E: 1.092612
rate A <-> G: 1.862643
rate A <-> H: 0.280957
rate A <-> I: 0.374610
rate A <-> L: 0.312175
rate A <-> K: 0.364204
rate A <-> M: 0.561915
rate A <-> F: 0.156087
rate A <-> P: 2.018730
rate A <-> S: 3.933403
rate A <-> T: 4.942768
rate A <-> W: 0.093652
rate A <-> Y: 0.114464
rate A <-> V: 3.100937
rate R <-> N: 0.468262
rate R <-> D: 0.166493
rate R <-> C: 1.175858
rate R <-> Q: 3.225806
rate R <-> E: 0.301769
rate R <-> G: 1.425598
rate R <-> H: 3.413111
rate R <-> I: 0.228928
rate R <-> L: 0.395421
rate R <-> K: 6.722164
rate R <-> M: 0.457856
rate R <-> F: 0.052029
rate R <-> P: 0.770031
rate R <-> S: 1.050989
rate R <-> T: 0.665973
rate R <-> W: 1.311134
rate R <-> Y: 0.208117
rate R <-> V: 0.176899
rate N <-> D: 5.494277
rate N <-> C: 0.353798
rate N <-> Q: 0.894901
rate N <-> E: 0.603538
rate N <-> G: 0.842872
rate N <-> H: 4.068678
rate N <-> I: 0.489074
rate N <-> L: 0.124870
rate N <-> K: 2.736733
rate N <-> M: 0.312175
rate N <-> F: 0.104058
rate N <-> P: 0.156087
rate N <-> S: 5.234131
rate N <-> T: 2.414152
rate N <-> W: 0.083247
rate N <-> Y: 0.728408
rate N <-> V: 0.166493
rate D <-> C: 0.104058
rate D <-> Q: 0.509886
rate D <-> E: 7.981270
rate D <-> G: 1.352758
rate D <-> H: 1.165453
rate D <-> I: 0.114464
rate D <-> L: 0.072841
rate D <-> K: 0.270552
rate D <-> M: 0.156087
rate D <-> F: 0.041623
rate D <-> P: 0.156087
rate D <-> S: 0.613944
rate D <-> T: 0.395421
rate D <-> W: 0.041623
rate D <-> Y: 0.478668
rate D <-> V: 0.322581
rate C <-> Q: 0.093652
rate C <-> E: 0.052029
rate C <-> G: 0.613944
rate C <-> H: 0.718002
rate C <-> I: 0.176899
rate C <-> L: 0.239334
rate C <-> K: 0.072841
rate C <-> M: 0.322581
rate C <-> F: 0.811655
rate C <-> P: 0.145682
rate C <-> S: 2.320499
rate C <-> T: 0.437045
rate C <-> W: 1.196670
rate C <-> Y: 2.174818
rate C <-> V: 0.645161
rate Q <-> E: 3.361082
rate Q <-> G: 0.270552
rate Q <-> H: 6.212279
rate Q <-> I: 0.093652
rate Q <-> L: 0.749220
rate Q <-> K: 3.038502
rate Q <-> M: 0.447451
rate Q <-> F: 0.041623
rate Q <-> P: 1.706556
rate Q <-> S: 0.551509
rate Q <-> T: 0.530697
rate Q <-> W: 0.187305
rate Q <-> Y: 0.249740
rate Q <-> V: 0.208117
rate E <-> G: 1.238293
rate E <-> H: 0.270552
rate E <-> I: 0.124870
rate E <-> L: 0.093652
rate E <-> K: 1.883455
rate E <-> M: 0.187305
rate E <-> F: 0.052029
rate E <-> P: 0.187305
rate E <-> S: 0.312175
rate E <-> T: 0.332986
rate E <-> W: 0.104058
rate E <-> Y: 0.072841
rate E <-> V: 0.468262
rate G <-> H: 0.239334
rate G <-> I: 0.062435
rate G <-> L: 0.062435
rate G <-> K: 0.280957
rate G <-> M: 0.145682
rate G <-> F: 0.052029
rate G <-> P: 0.249740
rate G <-> S: 2.091571
rate G <-> T: 0.343392
rate G <-> W: 0.572320
rate G <-> Y: 0.083247
rate G <-> V: 0.489074
rate H <-> I: 0.166493
rate H <-> L: 0.582726
rate H <-> K: 0.468262
rate H <-> M: 0.343392
rate H <-> F: 0.416233
rate H <-> P: 1.196670
rate H <-> S: 0.759625
rate H <-> T: 0.478668
rate H <-> W: 0.083247
rate H <-> Y: 5.962539
rate H <-> V: 0.114464
rate I <-> L: 2.382934
rate I <-> K: 0.218522
rate I <-> M: 4.984391
rate I <-> F: 0.926119
rate I <-> P: 0.104058
rate I <-> S: 0.416233
rate I <-> T: 2.549428
rate I <-> W: 0.093652
rate I <-> Y: 0.332986
rate I <-> V: 10.000000
rate L <-> K: 0.145682
rate L <-> M: 4.037461
rate L <-> F: 2.580645
rate L <-> P: 1.061394
rate L <-> S: 0.613944
rate L <-> T: 0.260146
rate L <-> W: 0.541103
rate L <-> Y: 0.249740
rate L <-> V: 1.873049
rate K <-> M: 0.676379
rate K <-> F: 0.041623
rate K <-> P: 0.218522
rate K <-> S: 0.489074
rate K <-> T: 1.071800
rate K <-> W: 0.104058
rate K <-> Y: 0.083247
rate K <-> V: 0.145682
rate M <-> F: 0.447451
rate M <-> P: 0.166493
rate M <-> S: 0.301769
rate M <-> T: 2.351717
rate M <-> W: 0.249740
rate M <-> Y: 0.187305
rate M <-> V: 3.361082
rate F <-> P: 0.176899
rate F <-> S: 0.957336
rate F <-> T: 0.124870
rate F <-> W: 0.551509
rate F <-> Y: 5.577523
rate F <-> V: 0.645161
rate P <-> S: 2.965661
rate P <-> T: 1.227888
rate P <-> W: 0.062435
rate P <-> Y: 0.104058
rate P <-> V: 0.239334
rate S <-> T: 4.963580
rate S <-> W: 0.364204
rate S <-> Y: 0.655567
rate S <-> V: 0.395421
rate T <-> W: 0.124870
rate T <-> Y: 0.218522
rate T <-> V: 1.165453
rate W <-> Y: 0.738814
rate W <-> V: 0.260146
rate Y <-> V: 0.166493

freq pi(A): 0.076748
freq pi(R): 0.051691
freq pi(N): 0.042645
freq pi(D): 0.051544
freq pi(C): 0.019803
freq pi(Q): 0.040752
freq pi(E): 0.061830
freq pi(G): 0.073152
freq pi(H): 0.022944
freq pi(I): 0.053761
freq pi(L): 0.091904
freq pi(K): 0.058676
freq pi(M): 0.023826
freq pi(F): 0.040126
freq pi(P): 0.050901
freq pi(S): 0.068765
freq pi(T): 0.058565
freq pi(W): 0.014261
freq pi(Y): 0.032102
freq pi(V): 0.066004


ML search took 39.581810 secs or 0.010995 hours

Combined Bootstrap and ML search took 88.359815 secs or 0.024544 hours

Drawing Bootstrap Support Values on best-scoring ML tree ...



Found 1 tree in File /Users/prigozhin/Dropbox/NLRomes/Soy_NLRome/RAxML_tree_pbNB-ARC/Clade_Refinement_1/RAxML_bestTree.Int9024_309_319_L_28.Raxml.out



Found 1 tree in File /Users/prigozhin/Dropbox/NLRomes/Soy_NLRome/RAxML_tree_pbNB-ARC/Clade_Refinement_1/RAxML_bestTree.Int9024_309_319_L_28.Raxml.out

Program execution info written to /Users/prigozhin/Dropbox/NLRomes/Soy_NLRome/RAxML_tree_pbNB-ARC/Clade_Refinement_1/RAxML_info.Int9024_309_319_L_28.Raxml.out
All 100 bootstrapped trees written to: /Users/prigozhin/Dropbox/NLRomes/Soy_NLRome/RAxML_tree_pbNB-ARC/Clade_Refinement_1/RAxML_bootstrap.Int9024_309_319_L_28.Raxml.out

Best-scoring ML tree written to: /Users/prigozhin/Dropbox/NLRomes/Soy_NLRome/RAxML_tree_pbNB-ARC/Clade_Refinement_1/RAxML_bestTree.Int9024_309_319_L_28.Raxml.out

Best-scoring ML tree with support values written to: /Users/prigozhin/Dropbox/NLRomes/Soy_NLRome/RAxML_tree_pbNB-ARC/Clade_Refinement_1/RAxML_bipartitions.Int9024_309_319_L_28.Raxml.out

Best-scoring ML tree with support values as branch labels written to: /Users/prigozhin/Dropbox/NLRomes/Soy_NLRome/RAxML_tree_pbNB-ARC/Clade_Refinement_1/RAxML_bipartitionsBranchLabels.Int9024_309_319_L_28.Raxml.out

Overall execution time for full ML analysis: 88.369607 secs or 0.024547 hours or 0.001023 days

