(GWHPACEI042931,(GWHPACEW041542,(GWHPACEO041745,(GWHPACEE041478,(GWHPACEH041770,(GWHPACEJ042889,(W05_GLYSO_10G027456_1_P,(GWHPACEN041177,(GLYMA_10G184400_1,GWHPACDY042772)))))))),GLYMA_ZH13_10G169400_1_P);
(GWHPACEI042931,(GWHPACEW041542,(GWHPACEO041745,(GWHPACEE041478,(GWHPACEH041770,(GWHPACEJ042889,(W05_GLYSO_10G027456_1_P,(GWHPACEN041177,(GLYMA_10G184400_1,GWHPACDY042772)))))))),GLYMA_ZH13_10G169400_1_P);
(GWHPACEI042931,(GWHPACEW041542,(GWHPACEO041745,(GWHPACEE041478,(GWHPACEH041770,(GWHPACEJ042889,(W05_GLYSO_10G027456_1_P,(GWHPACEN041177,(GLYMA_10G184400_1,GWHPACDY042772)))))))),GLYMA_ZH13_10G169400_1_P);
(GWHPACEI042931,(GWHPACEW041542,(GWHPACEO041745,(GWHPACEE041478,(GWHPACEH041770,(GWHPACEJ042889,(W05_GLYSO_10G027456_1_P,(GWHPACEN041177,(GLYMA_10G184400_1,GWHPACDY042772)))))))),GLYMA_ZH13_10G169400_1_P);
(GWHPACEI042931,(GWHPACEW041542,(GWHPACEO041745,(GWHPACEE041478,(GWHPACEH041770,(GWHPACEJ042889,(W05_GLYSO_10G027456_1_P,(GWHPACEN041177,(GLYMA_10G184400_1,GWHPACDY042772)))))))),GLYMA_ZH13_10G169400_1_P);
(GWHPACEI042931,(GWHPACEW041542,(GWHPACEO041745,(GWHPACEE041478,(GWHPACEH041770,(GWHPACEJ042889,(W05_GLYSO_10G027456_1_P,(GWHPACEN041177,(GLYMA_10G184400_1,GWHPACDY042772)))))))),GLYMA_ZH13_10G169400_1_P);
(GWHPACEI042931,(GWHPACEW041542,(GWHPACEO041745,(GWHPACEE041478,(GWHPACEH041770,(GWHPACEJ042889,(W05_GLYSO_10G027456_1_P,(GWHPACEN041177,(GLYMA_10G184400_1,GWHPACDY042772)))))))),GLYMA_ZH13_10G169400_1_P);
(GWHPACEI042931,(GWHPACEW041542,(GWHPACEO041745,(GWHPACEE041478,(GWHPACEH041770,(GWHPACEJ042889,(W05_GLYSO_10G027456_1_P,(GWHPACEN041177,(GLYMA_10G184400_1,GWHPACDY042772)))))))),GLYMA_ZH13_10G169400_1_P);
(GWHPACEI042931,(GWHPACEW041542,(GWHPACEO041745,(GWHPACEE041478,(GWHPACEH041770,(GWHPACEJ042889,(W05_GLYSO_10G027456_1_P,(GWHPACEN041177,(GLYMA_10G184400_1,GWHPACDY042772)))))))),GLYMA_ZH13_10G169400_1_P);
(GWHPACEI042931,(GWHPACEW041542,(GWHPACEO041745,(GWHPACEE041478,(GWHPACEH041770,(GWHPACEJ042889,(W05_GLYSO_10G027456_1_P,(GWHPACEN041177,(GLYMA_10G184400_1,GWHPACDY042772)))))))),GLYMA_ZH13_10G169400_1_P);
(GLYMA_10G184400_1,(GWHPACEH041770,(GWHPACEO041745,(W05_GLYSO_10G027456_1_P,(GWHPACEI042931,(GWHPACEW041542,(GWHPACEN041177,(GWHPACDY042772,(GWHPACEJ042889,GWHPACEE041478)))))))),GLYMA_ZH13_10G169400_1_P);
(GLYMA_10G184400_1,(GWHPACEH041770,(GWHPACEO041745,(W05_GLYSO_10G027456_1_P,(GWHPACEI042931,(GWHPACEW041542,(GWHPACEN041177,(GWHPACDY042772,(GWHPACEJ042889,GWHPACEE041478)))))))),GLYMA_ZH13_10G169400_1_P);
(GLYMA_10G184400_1,(GWHPACEH041770,(GWHPACEO041745,(W05_GLYSO_10G027456_1_P,(GWHPACEI042931,(GWHPACEW041542,(GWHPACEN041177,(GWHPACDY042772,(GWHPACEJ042889,GWHPACEE041478)))))))),GLYMA_ZH13_10G169400_1_P);
(GLYMA_10G184400_1,(GWHPACEH041770,(GWHPACEO041745,(W05_GLYSO_10G027456_1_P,(GWHPACEI042931,(GWHPACEW041542,(GWHPACEN041177,(GWHPACDY042772,(GWHPACEJ042889,GWHPACEE041478)))))))),GLYMA_ZH13_10G169400_1_P);
(GLYMA_10G184400_1,(GWHPACEH041770,(GWHPACEO041745,(W05_GLYSO_10G027456_1_P,(GWHPACEI042931,(GWHPACEW041542,(GWHPACEN041177,(GWHPACDY042772,(GWHPACEJ042889,GWHPACEE041478)))))))),GLYMA_ZH13_10G169400_1_P);
(GLYMA_10G184400_1,(GWHPACEH041770,(GWHPACEO041745,(W05_GLYSO_10G027456_1_P,(GWHPACEI042931,(GWHPACEW041542,(GWHPACEN041177,(GWHPACDY042772,(GWHPACEJ042889,GWHPACEE041478)))))))),GLYMA_ZH13_10G169400_1_P);
(GLYMA_10G184400_1,(GWHPACEH041770,(GWHPACEO041745,(W05_GLYSO_10G027456_1_P,(GWHPACEI042931,(GWHPACEW041542,(GWHPACEN041177,(GWHPACDY042772,(GWHPACEJ042889,GWHPACEE041478)))))))),GLYMA_ZH13_10G169400_1_P);
(GLYMA_10G184400_1,(GWHPACEH041770,(GWHPACEO041745,(W05_GLYSO_10G027456_1_P,(GWHPACEI042931,(GWHPACEW041542,(GWHPACEN041177,(GWHPACDY042772,(GWHPACEJ042889,GWHPACEE041478)))))))),GLYMA_ZH13_10G169400_1_P);
(GLYMA_10G184400_1,(GWHPACEH041770,(GWHPACEO041745,(W05_GLYSO_10G027456_1_P,(GWHPACEI042931,(GWHPACEW041542,(GWHPACEN041177,(GWHPACDY042772,(GWHPACEJ042889,GWHPACEE041478)))))))),GLYMA_ZH13_10G169400_1_P);
(GLYMA_10G184400_1,(GWHPACEH041770,(GWHPACEO041745,(W05_GLYSO_10G027456_1_P,(GWHPACEI042931,(GWHPACEW041542,(GWHPACEN041177,(GWHPACDY042772,(GWHPACEJ042889,GWHPACEE041478)))))))),GLYMA_ZH13_10G169400_1_P);
(W05_GLYSO_10G027456_1_P,(GWHPACEI042931,(GWHPACEN041177,(GWHPACEH041770,(GWHPACEW041542,(GLYMA_10G184400_1,(GWHPACDY042772,(GWHPACEO041745,(GWHPACEE041478,GWHPACEJ042889)))))))),GLYMA_ZH13_10G169400_1_P);
(W05_GLYSO_10G027456_1_P,(GWHPACEI042931,(GWHPACEN041177,(GWHPACEH041770,(GWHPACEW041542,(GLYMA_10G184400_1,(GWHPACDY042772,(GWHPACEO041745,(GWHPACEE041478,GWHPACEJ042889)))))))),GLYMA_ZH13_10G169400_1_P);
(W05_GLYSO_10G027456_1_P,(GWHPACEI042931,(GWHPACEN041177,(GWHPACEH041770,(GWHPACEW041542,(GLYMA_10G184400_1,(GWHPACDY042772,(GWHPACEO041745,(GWHPACEE041478,GWHPACEJ042889)))))))),GLYMA_ZH13_10G169400_1_P);
(W05_GLYSO_10G027456_1_P,(GWHPACEI042931,(GWHPACEN041177,(GWHPACEH041770,(GWHPACEW041542,(GLYMA_10G184400_1,(GWHPACDY042772,(GWHPACEO041745,(GWHPACEE041478,GWHPACEJ042889)))))))),GLYMA_ZH13_10G169400_1_P);
(W05_GLYSO_10G027456_1_P,(GWHPACEI042931,(GWHPACEN041177,(GWHPACEH041770,(GWHPACEW041542,(GLYMA_10G184400_1,(GWHPACDY042772,(GWHPACEO041745,(GWHPACEE041478,GWHPACEJ042889)))))))),GLYMA_ZH13_10G169400_1_P);
(W05_GLYSO_10G027456_1_P,(GWHPACEI042931,(GWHPACEN041177,(GWHPACEH041770,(GWHPACEW041542,(GLYMA_10G184400_1,(GWHPACDY042772,(GWHPACEO041745,(GWHPACEE041478,GWHPACEJ042889)))))))),GLYMA_ZH13_10G169400_1_P);
(W05_GLYSO_10G027456_1_P,(GWHPACEI042931,(GWHPACEN041177,(GWHPACEH041770,(GWHPACEW041542,(GLYMA_10G184400_1,(GWHPACDY042772,(GWHPACEO041745,(GWHPACEE041478,GWHPACEJ042889)))))))),GLYMA_ZH13_10G169400_1_P);
(W05_GLYSO_10G027456_1_P,(GWHPACEI042931,(GWHPACEN041177,(GWHPACEH041770,(GWHPACEW041542,(GLYMA_10G184400_1,(GWHPACDY042772,(GWHPACEO041745,(GWHPACEE041478,GWHPACEJ042889)))))))),GLYMA_ZH13_10G169400_1_P);
(W05_GLYSO_10G027456_1_P,(GWHPACEI042931,(GWHPACEN041177,(GWHPACEH041770,(GWHPACEW041542,(GLYMA_10G184400_1,(GWHPACDY042772,(GWHPACEO041745,(GWHPACEE041478,GWHPACEJ042889)))))))),GLYMA_ZH13_10G169400_1_P);
(W05_GLYSO_10G027456_1_P,(GWHPACEI042931,(GWHPACEN041177,(GWHPACEH041770,(GWHPACEW041542,(GLYMA_10G184400_1,(GWHPACDY042772,(GWHPACEO041745,(GWHPACEE041478,GWHPACEJ042889)))))))),GLYMA_ZH13_10G169400_1_P);
((GWHPACEJ042889,(W05_GLYSO_10G027456_1_P,(GWHPACEO041745,(GWHPACEW041542,(GWHPACEE041478,(GWHPACDY042772,(GLYMA_10G184400_1,(GWHPACEN041177,GWHPACEH041770)))))))),GWHPACEI042931,GLYMA_ZH13_10G169400_1_P);
((GWHPACEJ042889,(W05_GLYSO_10G027456_1_P,(GWHPACEO041745,(GWHPACEW041542,(GWHPACEE041478,(GWHPACDY042772,(GLYMA_10G184400_1,(GWHPACEN041177,GWHPACEH041770)))))))),GWHPACEI042931,GLYMA_ZH13_10G169400_1_P);
((GWHPACEJ042889,(W05_GLYSO_10G027456_1_P,(GWHPACEO041745,(GWHPACEW041542,(GWHPACEE041478,(GWHPACDY042772,(GLYMA_10G184400_1,(GWHPACEN041177,GWHPACEH041770)))))))),GWHPACEI042931,GLYMA_ZH13_10G169400_1_P);
((GWHPACEJ042889,(W05_GLYSO_10G027456_1_P,(GWHPACEO041745,(GWHPACEW041542,(GWHPACEE041478,(GWHPACDY042772,(GLYMA_10G184400_1,(GWHPACEN041177,GWHPACEH041770)))))))),GWHPACEI042931,GLYMA_ZH13_10G169400_1_P);
((GWHPACEJ042889,(W05_GLYSO_10G027456_1_P,(GWHPACEO041745,(GWHPACEW041542,(GWHPACEE041478,(GWHPACDY042772,(GLYMA_10G184400_1,(GWHPACEN041177,GWHPACEH041770)))))))),GWHPACEI042931,GLYMA_ZH13_10G169400_1_P);
((GWHPACEJ042889,(W05_GLYSO_10G027456_1_P,(GWHPACEO041745,(GWHPACEW041542,(GWHPACEE041478,(GWHPACDY042772,(GLYMA_10G184400_1,(GWHPACEN041177,GWHPACEH041770)))))))),GWHPACEI042931,GLYMA_ZH13_10G169400_1_P);
((GWHPACEJ042889,(W05_GLYSO_10G027456_1_P,(GWHPACEO041745,(GWHPACEW041542,(GWHPACEE041478,(GWHPACDY042772,(GLYMA_10G184400_1,(GWHPACEN041177,GWHPACEH041770)))))))),GWHPACEI042931,GLYMA_ZH13_10G169400_1_P);
((GWHPACEJ042889,(W05_GLYSO_10G027456_1_P,(GWHPACEO041745,(GWHPACEW041542,(GWHPACEE041478,(GWHPACDY042772,(GLYMA_10G184400_1,(GWHPACEN041177,GWHPACEH041770)))))))),GWHPACEI042931,GLYMA_ZH13_10G169400_1_P);
((GWHPACEJ042889,(W05_GLYSO_10G027456_1_P,(GWHPACEO041745,(GWHPACEW041542,(GWHPACEE041478,(GWHPACDY042772,(GLYMA_10G184400_1,(GWHPACEN041177,GWHPACEH041770)))))))),GWHPACEI042931,GLYMA_ZH13_10G169400_1_P);
((GWHPACEJ042889,(W05_GLYSO_10G027456_1_P,(GWHPACEO041745,(GWHPACEW041542,(GWHPACEE041478,(GWHPACDY042772,(GLYMA_10G184400_1,(GWHPACEN041177,GWHPACEH041770)))))))),GWHPACEI042931,GLYMA_ZH13_10G169400_1_P);
((GWHPACEN041177,GWHPACEW041542),(((((((GWHPACEI042931,GWHPACDY042772),W05_GLYSO_10G027456_1_P),GLYMA_10G184400_1),GWHPACEO041745),GWHPACEJ042889),GWHPACEH041770),GWHPACEE041478),GLYMA_ZH13_10G169400_1_P);
((GWHPACEN041177,GWHPACEW041542),(((((((GWHPACEI042931,GWHPACDY042772),W05_GLYSO_10G027456_1_P),GLYMA_10G184400_1),GWHPACEO041745),GWHPACEJ042889),GWHPACEH041770),GWHPACEE041478),GLYMA_ZH13_10G169400_1_P);
((GWHPACEN041177,GWHPACEW041542),(((((((GWHPACEI042931,GWHPACDY042772),W05_GLYSO_10G027456_1_P),GLYMA_10G184400_1),GWHPACEO041745),GWHPACEJ042889),GWHPACEH041770),GWHPACEE041478),GLYMA_ZH13_10G169400_1_P);
((GWHPACEN041177,GWHPACEW041542),(((((((GWHPACEI042931,GWHPACDY042772),W05_GLYSO_10G027456_1_P),GLYMA_10G184400_1),GWHPACEO041745),GWHPACEJ042889),GWHPACEH041770),GWHPACEE041478),GLYMA_ZH13_10G169400_1_P);
((GWHPACEN041177,GWHPACEW041542),(((((((GWHPACEI042931,GWHPACDY042772),W05_GLYSO_10G027456_1_P),GLYMA_10G184400_1),GWHPACEO041745),GWHPACEJ042889),GWHPACEH041770),GWHPACEE041478),GLYMA_ZH13_10G169400_1_P);
((GWHPACEN041177,GWHPACEW041542),(((((((GWHPACEI042931,GWHPACDY042772),W05_GLYSO_10G027456_1_P),GLYMA_10G184400_1),GWHPACEO041745),GWHPACEJ042889),GWHPACEH041770),GWHPACEE041478),GLYMA_ZH13_10G169400_1_P);
((GWHPACEN041177,GWHPACEW041542),(((((((GWHPACEI042931,GWHPACDY042772),W05_GLYSO_10G027456_1_P),GLYMA_10G184400_1),GWHPACEO041745),GWHPACEJ042889),GWHPACEH041770),GWHPACEE041478),GLYMA_ZH13_10G169400_1_P);
((GWHPACEN041177,GWHPACEW041542),(((((((GWHPACEI042931,GWHPACDY042772),W05_GLYSO_10G027456_1_P),GLYMA_10G184400_1),GWHPACEO041745),GWHPACEJ042889),GWHPACEH041770),GWHPACEE041478),GLYMA_ZH13_10G169400_1_P);
((GWHPACEN041177,GWHPACEW041542),(((((((GWHPACEI042931,GWHPACDY042772),W05_GLYSO_10G027456_1_P),GLYMA_10G184400_1),GWHPACEO041745),GWHPACEJ042889),GWHPACEH041770),GWHPACEE041478),GLYMA_ZH13_10G169400_1_P);
((GWHPACEN041177,GWHPACEW041542),(((((((GWHPACEI042931,GWHPACDY042772),W05_GLYSO_10G027456_1_P),GLYMA_10G184400_1),GWHPACEO041745),GWHPACEJ042889),GWHPACEH041770),GWHPACEE041478),GLYMA_ZH13_10G169400_1_P);
((GWHPACEE041478,GWHPACEH041770),(((((((GLYMA_10G184400_1,GWHPACDY042772),W05_GLYSO_10G027456_1_P),GWHPACEN041177),GWHPACEW041542),GWHPACEI042931),GWHPACEJ042889),GWHPACEO041745),GLYMA_ZH13_10G169400_1_P);
((GWHPACEE041478,GWHPACEH041770),(((((((GLYMA_10G184400_1,GWHPACDY042772),W05_GLYSO_10G027456_1_P),GWHPACEN041177),GWHPACEW041542),GWHPACEI042931),GWHPACEJ042889),GWHPACEO041745),GLYMA_ZH13_10G169400_1_P);
((GWHPACEE041478,GWHPACEH041770),(((((((GLYMA_10G184400_1,GWHPACDY042772),W05_GLYSO_10G027456_1_P),GWHPACEN041177),GWHPACEW041542),GWHPACEI042931),GWHPACEJ042889),GWHPACEO041745),GLYMA_ZH13_10G169400_1_P);
((GWHPACEE041478,GWHPACEH041770),(((((((GLYMA_10G184400_1,GWHPACDY042772),W05_GLYSO_10G027456_1_P),GWHPACEN041177),GWHPACEW041542),GWHPACEI042931),GWHPACEJ042889),GWHPACEO041745),GLYMA_ZH13_10G169400_1_P);
((GWHPACEE041478,GWHPACEH041770),(((((((GLYMA_10G184400_1,GWHPACDY042772),W05_GLYSO_10G027456_1_P),GWHPACEN041177),GWHPACEW041542),GWHPACEI042931),GWHPACEJ042889),GWHPACEO041745),GLYMA_ZH13_10G169400_1_P);
((GWHPACEE041478,GWHPACEH041770),(((((((GLYMA_10G184400_1,GWHPACDY042772),W05_GLYSO_10G027456_1_P),GWHPACEN041177),GWHPACEW041542),GWHPACEI042931),GWHPACEJ042889),GWHPACEO041745),GLYMA_ZH13_10G169400_1_P);
((GWHPACEE041478,GWHPACEH041770),(((((((GLYMA_10G184400_1,GWHPACDY042772),W05_GLYSO_10G027456_1_P),GWHPACEN041177),GWHPACEW041542),GWHPACEI042931),GWHPACEJ042889),GWHPACEO041745),GLYMA_ZH13_10G169400_1_P);
((GWHPACEE041478,GWHPACEH041770),(((((((GLYMA_10G184400_1,GWHPACDY042772),W05_GLYSO_10G027456_1_P),GWHPACEN041177),GWHPACEW041542),GWHPACEI042931),GWHPACEJ042889),GWHPACEO041745),GLYMA_ZH13_10G169400_1_P);
((GWHPACEE041478,GWHPACEH041770),(((((((GLYMA_10G184400_1,GWHPACDY042772),W05_GLYSO_10G027456_1_P),GWHPACEN041177),GWHPACEW041542),GWHPACEI042931),GWHPACEJ042889),GWHPACEO041745),GLYMA_ZH13_10G169400_1_P);
((GWHPACEE041478,GWHPACEH041770),(((((((GLYMA_10G184400_1,GWHPACDY042772),W05_GLYSO_10G027456_1_P),GWHPACEN041177),GWHPACEW041542),GWHPACEI042931),GWHPACEJ042889),GWHPACEO041745),GLYMA_ZH13_10G169400_1_P);
(GLYMA_10G184400_1,(GWHPACEW041542,(GWHPACEO041745,(GWHPACEJ042889,(GWHPACEI042931,(GWHPACDY042772,(GWHPACEH041770,(GWHPACEE041478,(GWHPACEN041177,W05_GLYSO_10G027456_1_P)))))))),GLYMA_ZH13_10G169400_1_P);
(GLYMA_10G184400_1,(GWHPACEW041542,(GWHPACEO041745,(GWHPACEJ042889,(GWHPACEI042931,(GWHPACDY042772,(GWHPACEH041770,(GWHPACEE041478,(GWHPACEN041177,W05_GLYSO_10G027456_1_P)))))))),GLYMA_ZH13_10G169400_1_P);
(GLYMA_10G184400_1,(GWHPACEW041542,(GWHPACEO041745,(GWHPACEJ042889,(GWHPACEI042931,(GWHPACDY042772,(GWHPACEH041770,(GWHPACEE041478,(GWHPACEN041177,W05_GLYSO_10G027456_1_P)))))))),GLYMA_ZH13_10G169400_1_P);
(GLYMA_10G184400_1,(GWHPACEW041542,(GWHPACEO041745,(GWHPACEJ042889,(GWHPACEI042931,(GWHPACDY042772,(GWHPACEH041770,(GWHPACEE041478,(GWHPACEN041177,W05_GLYSO_10G027456_1_P)))))))),GLYMA_ZH13_10G169400_1_P);
(GLYMA_10G184400_1,(GWHPACEW041542,(GWHPACEO041745,(GWHPACEJ042889,(GWHPACEI042931,(GWHPACDY042772,(GWHPACEH041770,(GWHPACEE041478,(GWHPACEN041177,W05_GLYSO_10G027456_1_P)))))))),GLYMA_ZH13_10G169400_1_P);
(GLYMA_10G184400_1,(GWHPACEW041542,(GWHPACEO041745,(GWHPACEJ042889,(GWHPACEI042931,(GWHPACDY042772,(GWHPACEH041770,(GWHPACEE041478,(GWHPACEN041177,W05_GLYSO_10G027456_1_P)))))))),GLYMA_ZH13_10G169400_1_P);
(GLYMA_10G184400_1,(GWHPACEW041542,(GWHPACEO041745,(GWHPACEJ042889,(GWHPACEI042931,(GWHPACDY042772,(GWHPACEH041770,(GWHPACEE041478,(GWHPACEN041177,W05_GLYSO_10G027456_1_P)))))))),GLYMA_ZH13_10G169400_1_P);
(GLYMA_10G184400_1,(GWHPACEW041542,(GWHPACEO041745,(GWHPACEJ042889,(GWHPACEI042931,(GWHPACDY042772,(GWHPACEH041770,(GWHPACEE041478,(GWHPACEN041177,W05_GLYSO_10G027456_1_P)))))))),GLYMA_ZH13_10G169400_1_P);
(GLYMA_10G184400_1,(GWHPACEW041542,(GWHPACEO041745,(GWHPACEJ042889,(GWHPACEI042931,(GWHPACDY042772,(GWHPACEH041770,(GWHPACEE041478,(GWHPACEN041177,W05_GLYSO_10G027456_1_P)))))))),GLYMA_ZH13_10G169400_1_P);
(GLYMA_10G184400_1,(GWHPACEW041542,(GWHPACEO041745,(GWHPACEJ042889,(GWHPACEI042931,(GWHPACDY042772,(GWHPACEH041770,(GWHPACEE041478,(GWHPACEN041177,W05_GLYSO_10G027456_1_P)))))))),GLYMA_ZH13_10G169400_1_P);
(GWHPACEE041478,(W05_GLYSO_10G027456_1_P,(GWHPACEO041745,(GWHPACEW041542,(GWHPACDY042772,(GWHPACEJ042889,(GWHPACEI042931,(GLYMA_10G184400_1,(GWHPACEH041770,GWHPACEN041177)))))))),GLYMA_ZH13_10G169400_1_P);
(GWHPACEE041478,(W05_GLYSO_10G027456_1_P,(GWHPACEO041745,(GWHPACEW041542,(GWHPACDY042772,(GWHPACEJ042889,(GWHPACEI042931,(GLYMA_10G184400_1,(GWHPACEH041770,GWHPACEN041177)))))))),GLYMA_ZH13_10G169400_1_P);
(GWHPACEE041478,(W05_GLYSO_10G027456_1_P,(GWHPACEO041745,(GWHPACEW041542,(GWHPACDY042772,(GWHPACEJ042889,(GWHPACEI042931,(GLYMA_10G184400_1,(GWHPACEH041770,GWHPACEN041177)))))))),GLYMA_ZH13_10G169400_1_P);
(GWHPACEE041478,(W05_GLYSO_10G027456_1_P,(GWHPACEO041745,(GWHPACEW041542,(GWHPACDY042772,(GWHPACEJ042889,(GWHPACEI042931,(GLYMA_10G184400_1,(GWHPACEH041770,GWHPACEN041177)))))))),GLYMA_ZH13_10G169400_1_P);
(GWHPACEE041478,(W05_GLYSO_10G027456_1_P,(GWHPACEO041745,(GWHPACEW041542,(GWHPACDY042772,(GWHPACEJ042889,(GWHPACEI042931,(GLYMA_10G184400_1,(GWHPACEH041770,GWHPACEN041177)))))))),GLYMA_ZH13_10G169400_1_P);
(GWHPACEE041478,(W05_GLYSO_10G027456_1_P,(GWHPACEO041745,(GWHPACEW041542,(GWHPACDY042772,(GWHPACEJ042889,(GWHPACEI042931,(GLYMA_10G184400_1,(GWHPACEH041770,GWHPACEN041177)))))))),GLYMA_ZH13_10G169400_1_P);
(GWHPACEE041478,(W05_GLYSO_10G027456_1_P,(GWHPACEO041745,(GWHPACEW041542,(GWHPACDY042772,(GWHPACEJ042889,(GWHPACEI042931,(GLYMA_10G184400_1,(GWHPACEH041770,GWHPACEN041177)))))))),GLYMA_ZH13_10G169400_1_P);
(GWHPACEE041478,(W05_GLYSO_10G027456_1_P,(GWHPACEO041745,(GWHPACEW041542,(GWHPACDY042772,(GWHPACEJ042889,(GWHPACEI042931,(GLYMA_10G184400_1,(GWHPACEH041770,GWHPACEN041177)))))))),GLYMA_ZH13_10G169400_1_P);
(GWHPACEE041478,(W05_GLYSO_10G027456_1_P,(GWHPACEO041745,(GWHPACEW041542,(GWHPACDY042772,(GWHPACEJ042889,(GWHPACEI042931,(GLYMA_10G184400_1,(GWHPACEH041770,GWHPACEN041177)))))))),GLYMA_ZH13_10G169400_1_P);
(GWHPACEE041478,(W05_GLYSO_10G027456_1_P,(GWHPACEO041745,(GWHPACEW041542,(GWHPACDY042772,(GWHPACEJ042889,(GWHPACEI042931,(GLYMA_10G184400_1,(GWHPACEH041770,GWHPACEN041177)))))))),GLYMA_ZH13_10G169400_1_P);
((GWHPACEH041770,(GWHPACEN041177,(GWHPACEW041542,(GWHPACDY042772,(W05_GLYSO_10G027456_1_P,GWHPACEI042931))))),(((GWHPACEJ042889,GWHPACEO041745),GWHPACEE041478),GLYMA_10G184400_1),GLYMA_ZH13_10G169400_1_P);
((GWHPACEH041770,(GWHPACEN041177,(GWHPACEW041542,(GWHPACDY042772,(W05_GLYSO_10G027456_1_P,GWHPACEI042931))))),(((GWHPACEJ042889,GWHPACEO041745),GWHPACEE041478),GLYMA_10G184400_1),GLYMA_ZH13_10G169400_1_P);
((GWHPACEH041770,(GWHPACEN041177,(GWHPACEW041542,(GWHPACDY042772,(W05_GLYSO_10G027456_1_P,GWHPACEI042931))))),(((GWHPACEJ042889,GWHPACEO041745),GWHPACEE041478),GLYMA_10G184400_1),GLYMA_ZH13_10G169400_1_P);
((GWHPACEH041770,(GWHPACEN041177,(GWHPACEW041542,(GWHPACDY042772,(W05_GLYSO_10G027456_1_P,GWHPACEI042931))))),(((GWHPACEJ042889,GWHPACEO041745),GWHPACEE041478),GLYMA_10G184400_1),GLYMA_ZH13_10G169400_1_P);
((GWHPACEH041770,(GWHPACEN041177,(GWHPACEW041542,(GWHPACDY042772,(W05_GLYSO_10G027456_1_P,GWHPACEI042931))))),(((GWHPACEJ042889,GWHPACEO041745),GWHPACEE041478),GLYMA_10G184400_1),GLYMA_ZH13_10G169400_1_P);
((GWHPACEH041770,(GWHPACEN041177,(GWHPACEW041542,(GWHPACDY042772,(W05_GLYSO_10G027456_1_P,GWHPACEI042931))))),(((GWHPACEJ042889,GWHPACEO041745),GWHPACEE041478),GLYMA_10G184400_1),GLYMA_ZH13_10G169400_1_P);
((GWHPACEH041770,(GWHPACEN041177,(GWHPACEW041542,(GWHPACDY042772,(W05_GLYSO_10G027456_1_P,GWHPACEI042931))))),(((GWHPACEJ042889,GWHPACEO041745),GWHPACEE041478),GLYMA_10G184400_1),GLYMA_ZH13_10G169400_1_P);
((GWHPACEH041770,(GWHPACEN041177,(GWHPACEW041542,(GWHPACDY042772,(W05_GLYSO_10G027456_1_P,GWHPACEI042931))))),(((GWHPACEJ042889,GWHPACEO041745),GWHPACEE041478),GLYMA_10G184400_1),GLYMA_ZH13_10G169400_1_P);
((GWHPACEH041770,(GWHPACEN041177,(GWHPACEW041542,(GWHPACDY042772,(W05_GLYSO_10G027456_1_P,GWHPACEI042931))))),(((GWHPACEJ042889,GWHPACEO041745),GWHPACEE041478),GLYMA_10G184400_1),GLYMA_ZH13_10G169400_1_P);
((GWHPACEH041770,(GWHPACEN041177,(GWHPACEW041542,(GWHPACDY042772,(W05_GLYSO_10G027456_1_P,GWHPACEI042931))))),(((GWHPACEJ042889,GWHPACEO041745),GWHPACEE041478),GLYMA_10G184400_1),GLYMA_ZH13_10G169400_1_P);
((GLYMA_10G184400_1,(GWHPACEJ042889,(GWHPACEO041745,(W05_GLYSO_10G027456_1_P,(GWHPACEN041177,(GWHPACEE041478,(GWHPACEI042931,(GWHPACEW041542,GWHPACDY042772)))))))),GWHPACEH041770,GLYMA_ZH13_10G169400_1_P);
((GLYMA_10G184400_1,(GWHPACEJ042889,(GWHPACEO041745,(W05_GLYSO_10G027456_1_P,(GWHPACEN041177,(GWHPACEE041478,(GWHPACEI042931,(GWHPACEW041542,GWHPACDY042772)))))))),GWHPACEH041770,GLYMA_ZH13_10G169400_1_P);
((GLYMA_10G184400_1,(GWHPACEJ042889,(GWHPACEO041745,(W05_GLYSO_10G027456_1_P,(GWHPACEN041177,(GWHPACEE041478,(GWHPACEI042931,(GWHPACEW041542,GWHPACDY042772)))))))),GWHPACEH041770,GLYMA_ZH13_10G169400_1_P);
((GLYMA_10G184400_1,(GWHPACEJ042889,(GWHPACEO041745,(W05_GLYSO_10G027456_1_P,(GWHPACEN041177,(GWHPACEE041478,(GWHPACEI042931,(GWHPACEW041542,GWHPACDY042772)))))))),GWHPACEH041770,GLYMA_ZH13_10G169400_1_P);
((GLYMA_10G184400_1,(GWHPACEJ042889,(GWHPACEO041745,(W05_GLYSO_10G027456_1_P,(GWHPACEN041177,(GWHPACEE041478,(GWHPACEI042931,(GWHPACEW041542,GWHPACDY042772)))))))),GWHPACEH041770,GLYMA_ZH13_10G169400_1_P);
((GLYMA_10G184400_1,(GWHPACEJ042889,(GWHPACEO041745,(W05_GLYSO_10G027456_1_P,(GWHPACEN041177,(GWHPACEE041478,(GWHPACEI042931,(GWHPACEW041542,GWHPACDY042772)))))))),GWHPACEH041770,GLYMA_ZH13_10G169400_1_P);
((GLYMA_10G184400_1,(GWHPACEJ042889,(GWHPACEO041745,(W05_GLYSO_10G027456_1_P,(GWHPACEN041177,(GWHPACEE041478,(GWHPACEI042931,(GWHPACEW041542,GWHPACDY042772)))))))),GWHPACEH041770,GLYMA_ZH13_10G169400_1_P);
((GLYMA_10G184400_1,(GWHPACEJ042889,(GWHPACEO041745,(W05_GLYSO_10G027456_1_P,(GWHPACEN041177,(GWHPACEE041478,(GWHPACEI042931,(GWHPACEW041542,GWHPACDY042772)))))))),GWHPACEH041770,GLYMA_ZH13_10G169400_1_P);
((GLYMA_10G184400_1,(GWHPACEJ042889,(GWHPACEO041745,(W05_GLYSO_10G027456_1_P,(GWHPACEN041177,(GWHPACEE041478,(GWHPACEI042931,(GWHPACEW041542,GWHPACDY042772)))))))),GWHPACEH041770,GLYMA_ZH13_10G169400_1_P);
((GLYMA_10G184400_1,(GWHPACEJ042889,(GWHPACEO041745,(W05_GLYSO_10G027456_1_P,(GWHPACEN041177,(GWHPACEE041478,(GWHPACEI042931,(GWHPACEW041542,GWHPACDY042772)))))))),GWHPACEH041770,GLYMA_ZH13_10G169400_1_P);
