

IMPORTANT WARNING: Sequences GWHPACEH067537 and GWHPACER062098 are exactly identical


IMPORTANT WARNING: Sequences GWHPACEH067537 and GWHPACET068237 are exactly identical


IMPORTANT WARNING: Sequences GWHPACEH067537 and GWHPACEI069718 are exactly identical


IMPORTANT WARNING: Sequences GWHPACEI069719 and GWHPACEU067847 are exactly identical


IMPORTANT WARNING: Sequences GWHPACEI069719 and GWHPACET068238 are exactly identical


IMPORTANT WARNING: Sequences GWHPACEH067538 and GWHPACEI069721 are exactly identical


IMPORTANT WARNING: Sequences GWHPACEI069730 and GWHPACEC063220 are exactly identical


IMPORTANT WARNING: Sequences GWHPACEO068166 and GWHPACEN066610 are exactly identical

IMPORTANT WARNING
Found 8 sequences that are exactly identical to other sequences in the alignment.
Normally they should be excluded from the analysis.

Just in case you might need it, an alignment file with 
sequence duplicates removed is printed to file ../../RAxML_tree_pbNB-ARC/Clade_Refinement_1/Int11890_361_628_R_48.afa.reduced


This is RAxML version 8.2.12 released by Alexandros Stamatakis on May 2018.

With greatly appreciated code contributions by:
Andre Aberer      (HITS)
Simon Berger      (HITS)
Alexey Kozlov     (HITS)
Kassian Kobert    (HITS)
David Dao         (KIT and HITS)
Sarah Lutteropp   (KIT and HITS)
Nick Pattengale   (Sandia)
Wayne Pfeiffer    (SDSC)
Akifumi S. Tanabe (NRIFS)
Charlie Taylor    (UF)


Alignment has 1703 distinct alignment patterns

Proportion of gaps and completely undetermined characters in this alignment: 89.44%

RAxML rapid bootstrapping and subsequent ML search

Using 1 distinct models/data partitions with joint branch length optimization



Executing 100 rapid bootstrap inferences and thereafter a thorough ML search 

All free model parameters will be estimated by RAxML
ML estimate of 25 per site rate categories

Likelihood of final tree will be evaluated and optimized under GAMMA

GAMMA Model parameters will be estimated up to an accuracy of 0.1000000000 Log Likelihood units

Partition: 0
Alignment Patterns: 1703
Name: No Name Provided
DataType: AA
Substitution Matrix: JTT
Using fixed base frequencies




RAxML was called as follows:

/Users/prigozhin/Installers/standard-RAxML/raxmlHPC-PTHREADS-AVX -T 4 -n Int11890_361_628_R_48.Raxml.out -f a -x 12345 -p 12345 -# 100 -m PROTCATJTT -s ../../RAxML_tree_pbNB-ARC/Clade_Refinement_1/Int11890_361_628_R_48.afa 



Time for BS model parameter optimization 2.954076
Bootstrap[0]: Time 8.889159 seconds, bootstrap likelihood -44491.381274, best rearrangement setting 13
Bootstrap[1]: Time 5.222091 seconds, bootstrap likelihood -45477.531148, best rearrangement setting 13
Bootstrap[2]: Time 6.323198 seconds, bootstrap likelihood -46341.541044, best rearrangement setting 12
Bootstrap[3]: Time 6.946993 seconds, bootstrap likelihood -45961.444322, best rearrangement setting 15
Bootstrap[4]: Time 5.546611 seconds, bootstrap likelihood -46284.937772, best rearrangement setting 10
Bootstrap[5]: Time 5.926957 seconds, bootstrap likelihood -45575.929736, best rearrangement setting 10
Bootstrap[6]: Time 6.788125 seconds, bootstrap likelihood -44882.787727, best rearrangement setting 6
Bootstrap[7]: Time 7.014099 seconds, bootstrap likelihood -45617.163611, best rearrangement setting 14
Bootstrap[8]: Time 6.316341 seconds, bootstrap likelihood -45742.752953, best rearrangement setting 5
Bootstrap[9]: Time 7.099223 seconds, bootstrap likelihood -45896.601642, best rearrangement setting 7
Bootstrap[10]: Time 6.138213 seconds, bootstrap likelihood -46241.297509, best rearrangement setting 7
Bootstrap[11]: Time 6.225630 seconds, bootstrap likelihood -45569.284698, best rearrangement setting 5
Bootstrap[12]: Time 6.160053 seconds, bootstrap likelihood -44753.841634, best rearrangement setting 8
Bootstrap[13]: Time 6.190017 seconds, bootstrap likelihood -46140.791172, best rearrangement setting 7
Bootstrap[14]: Time 8.246123 seconds, bootstrap likelihood -45822.904490, best rearrangement setting 12
Bootstrap[15]: Time 7.082295 seconds, bootstrap likelihood -45807.092919, best rearrangement setting 15
Bootstrap[16]: Time 8.505225 seconds, bootstrap likelihood -46190.004799, best rearrangement setting 12
Bootstrap[17]: Time 9.086597 seconds, bootstrap likelihood -45771.357005, best rearrangement setting 12
Bootstrap[18]: Time 7.133442 seconds, bootstrap likelihood -45395.278334, best rearrangement setting 5
Bootstrap[19]: Time 9.818646 seconds, bootstrap likelihood -45883.790335, best rearrangement setting 8
Bootstrap[20]: Time 7.933042 seconds, bootstrap likelihood -45435.577643, best rearrangement setting 10
Bootstrap[21]: Time 7.646646 seconds, bootstrap likelihood -46239.897400, best rearrangement setting 6
Bootstrap[22]: Time 6.110955 seconds, bootstrap likelihood -45755.782511, best rearrangement setting 5
Bootstrap[23]: Time 5.442650 seconds, bootstrap likelihood -45787.107323, best rearrangement setting 7
Bootstrap[24]: Time 6.500628 seconds, bootstrap likelihood -46030.214913, best rearrangement setting 8
Bootstrap[25]: Time 5.283732 seconds, bootstrap likelihood -45975.726686, best rearrangement setting 6
Bootstrap[26]: Time 7.103111 seconds, bootstrap likelihood -45698.687814, best rearrangement setting 12
Bootstrap[27]: Time 6.534404 seconds, bootstrap likelihood -45917.934434, best rearrangement setting 10
Bootstrap[28]: Time 8.079546 seconds, bootstrap likelihood -46495.909324, best rearrangement setting 11
Bootstrap[29]: Time 5.930006 seconds, bootstrap likelihood -45063.227156, best rearrangement setting 12
Bootstrap[30]: Time 5.611046 seconds, bootstrap likelihood -46141.775025, best rearrangement setting 15
Bootstrap[31]: Time 8.064987 seconds, bootstrap likelihood -45763.147529, best rearrangement setting 15
Bootstrap[32]: Time 7.799183 seconds, bootstrap likelihood -46178.505175, best rearrangement setting 6
Bootstrap[33]: Time 6.313495 seconds, bootstrap likelihood -46218.739460, best rearrangement setting 15
Bootstrap[34]: Time 6.650041 seconds, bootstrap likelihood -45529.726829, best rearrangement setting 11
Bootstrap[35]: Time 5.855217 seconds, bootstrap likelihood -46128.151590, best rearrangement setting 8
Bootstrap[36]: Time 5.603300 seconds, bootstrap likelihood -45845.623276, best rearrangement setting 9
Bootstrap[37]: Time 5.468992 seconds, bootstrap likelihood -45827.832844, best rearrangement setting 11
Bootstrap[38]: Time 5.678301 seconds, bootstrap likelihood -46071.446366, best rearrangement setting 8
Bootstrap[39]: Time 6.023881 seconds, bootstrap likelihood -45766.037759, best rearrangement setting 13
Bootstrap[40]: Time 6.269413 seconds, bootstrap likelihood -45374.142148, best rearrangement setting 13
Bootstrap[41]: Time 5.679900 seconds, bootstrap likelihood -46327.969607, best rearrangement setting 10
Bootstrap[42]: Time 5.796595 seconds, bootstrap likelihood -46301.110635, best rearrangement setting 5
Bootstrap[43]: Time 7.172487 seconds, bootstrap likelihood -45905.406196, best rearrangement setting 14
Bootstrap[44]: Time 6.144622 seconds, bootstrap likelihood -45279.022367, best rearrangement setting 10
Bootstrap[45]: Time 6.595131 seconds, bootstrap likelihood -45528.986554, best rearrangement setting 15
Bootstrap[46]: Time 5.170889 seconds, bootstrap likelihood -45701.822398, best rearrangement setting 14
Bootstrap[47]: Time 6.036359 seconds, bootstrap likelihood -45775.321229, best rearrangement setting 8
Bootstrap[48]: Time 6.752592 seconds, bootstrap likelihood -46324.088331, best rearrangement setting 6
Bootstrap[49]: Time 5.969270 seconds, bootstrap likelihood -45139.616312, best rearrangement setting 7
Bootstrap[50]: Time 6.134442 seconds, bootstrap likelihood -45442.156979, best rearrangement setting 7
Bootstrap[51]: Time 5.965759 seconds, bootstrap likelihood -45296.192060, best rearrangement setting 11
Bootstrap[52]: Time 5.668214 seconds, bootstrap likelihood -45079.845959, best rearrangement setting 12
Bootstrap[53]: Time 6.375001 seconds, bootstrap likelihood -45635.832747, best rearrangement setting 8
Bootstrap[54]: Time 6.569792 seconds, bootstrap likelihood -45894.320543, best rearrangement setting 9
Bootstrap[55]: Time 6.688788 seconds, bootstrap likelihood -45648.967298, best rearrangement setting 11
Bootstrap[56]: Time 6.153508 seconds, bootstrap likelihood -45984.736646, best rearrangement setting 5
Bootstrap[57]: Time 5.444915 seconds, bootstrap likelihood -45613.219456, best rearrangement setting 7
Bootstrap[58]: Time 6.507983 seconds, bootstrap likelihood -45824.655830, best rearrangement setting 10
Bootstrap[59]: Time 6.018204 seconds, bootstrap likelihood -46070.625023, best rearrangement setting 9
Bootstrap[60]: Time 6.107280 seconds, bootstrap likelihood -46166.841866, best rearrangement setting 7
Bootstrap[61]: Time 5.476802 seconds, bootstrap likelihood -45618.955064, best rearrangement setting 5
Bootstrap[62]: Time 6.510523 seconds, bootstrap likelihood -45853.122839, best rearrangement setting 11
Bootstrap[63]: Time 6.067497 seconds, bootstrap likelihood -46112.857599, best rearrangement setting 12
Bootstrap[64]: Time 6.108230 seconds, bootstrap likelihood -45552.424009, best rearrangement setting 7
Bootstrap[65]: Time 6.723451 seconds, bootstrap likelihood -45312.538874, best rearrangement setting 5
Bootstrap[66]: Time 6.898103 seconds, bootstrap likelihood -45645.849197, best rearrangement setting 5
Bootstrap[67]: Time 6.865629 seconds, bootstrap likelihood -45516.641056, best rearrangement setting 15
Bootstrap[68]: Time 6.465681 seconds, bootstrap likelihood -45111.972822, best rearrangement setting 11
Bootstrap[69]: Time 5.350549 seconds, bootstrap likelihood -45926.729711, best rearrangement setting 5
Bootstrap[70]: Time 5.976821 seconds, bootstrap likelihood -46149.314783, best rearrangement setting 8
Bootstrap[71]: Time 6.860042 seconds, bootstrap likelihood -45960.121647, best rearrangement setting 10
Bootstrap[72]: Time 7.088133 seconds, bootstrap likelihood -44948.733058, best rearrangement setting 11
Bootstrap[73]: Time 7.462882 seconds, bootstrap likelihood -45337.220218, best rearrangement setting 9
Bootstrap[74]: Time 5.398624 seconds, bootstrap likelihood -45481.098732, best rearrangement setting 5
Bootstrap[75]: Time 7.704152 seconds, bootstrap likelihood -44860.918090, best rearrangement setting 8
Bootstrap[76]: Time 7.079754 seconds, bootstrap likelihood -46072.112519, best rearrangement setting 9
Bootstrap[77]: Time 7.928761 seconds, bootstrap likelihood -45544.191141, best rearrangement setting 11
Bootstrap[78]: Time 6.980684 seconds, bootstrap likelihood -46495.994887, best rearrangement setting 15
Bootstrap[79]: Time 6.337177 seconds, bootstrap likelihood -45164.184486, best rearrangement setting 9
Bootstrap[80]: Time 6.613439 seconds, bootstrap likelihood -46028.582679, best rearrangement setting 15
Bootstrap[81]: Time 6.438794 seconds, bootstrap likelihood -45455.774313, best rearrangement setting 7
Bootstrap[82]: Time 6.720909 seconds, bootstrap likelihood -44934.479788, best rearrangement setting 6
Bootstrap[83]: Time 7.153397 seconds, bootstrap likelihood -46112.468151, best rearrangement setting 10
Bootstrap[84]: Time 7.391716 seconds, bootstrap likelihood -45426.325181, best rearrangement setting 11
Bootstrap[85]: Time 8.388550 seconds, bootstrap likelihood -45086.340367, best rearrangement setting 8
Bootstrap[86]: Time 7.730691 seconds, bootstrap likelihood -46255.595940, best rearrangement setting 7
Bootstrap[87]: Time 6.303195 seconds, bootstrap likelihood -45752.355782, best rearrangement setting 7
Bootstrap[88]: Time 6.211032 seconds, bootstrap likelihood -44892.502360, best rearrangement setting 12
Bootstrap[89]: Time 8.257874 seconds, bootstrap likelihood -46053.915752, best rearrangement setting 10
Bootstrap[90]: Time 7.270833 seconds, bootstrap likelihood -45798.792684, best rearrangement setting 8
Bootstrap[91]: Time 6.887323 seconds, bootstrap likelihood -45585.602218, best rearrangement setting 12
Bootstrap[92]: Time 7.542241 seconds, bootstrap likelihood -45889.070919, best rearrangement setting 13
Bootstrap[93]: Time 7.883515 seconds, bootstrap likelihood -45085.350904, best rearrangement setting 15
Bootstrap[94]: Time 6.963657 seconds, bootstrap likelihood -45408.907536, best rearrangement setting 5
Bootstrap[95]: Time 6.722799 seconds, bootstrap likelihood -46292.096344, best rearrangement setting 5
Bootstrap[96]: Time 6.760076 seconds, bootstrap likelihood -45801.401996, best rearrangement setting 13
Bootstrap[97]: Time 7.747205 seconds, bootstrap likelihood -45971.159374, best rearrangement setting 11
Bootstrap[98]: Time 7.321629 seconds, bootstrap likelihood -45973.763712, best rearrangement setting 6
Bootstrap[99]: Time 7.049346 seconds, bootstrap likelihood -45927.308441, best rearrangement setting 14


Overall Time for 100 Rapid Bootstraps 668.396985 seconds
Average Time per Rapid Bootstrap 6.683970 seconds

Starting ML Search ...

Fast ML optimization finished

Fast ML search Time: 422.885828 seconds

Slow ML Search 0 Likelihood: -47836.107064
Slow ML Search 1 Likelihood: -47835.915997
Slow ML Search 2 Likelihood: -47833.437322
Slow ML Search 3 Likelihood: -47833.356652
Slow ML Search 4 Likelihood: -47832.926155
Slow ML Search 5 Likelihood: -47834.529360
Slow ML Search 6 Likelihood: -47834.563436
Slow ML Search 7 Likelihood: -47838.264037
Slow ML Search 8 Likelihood: -47837.112006
Slow ML Search 9 Likelihood: -47837.751956
Slow ML optimization finished

Slow ML search Time: 208.296398 seconds
Thorough ML search Time: 69.657381 seconds

Final ML Optimization Likelihood: -47833.000075

Model Information:

Model Parameters of Partition 0, Name: No Name Provided, Type of Data: AA
alpha: 0.608814
Tree-Length: 3.326696
rate A <-> R: 0.603538
rate A <-> N: 0.561915
rate A <-> D: 0.842872
rate A <-> C: 0.582726
rate A <-> Q: 0.593132
rate A <-> E: 1.092612
rate A <-> G: 1.862643
rate A <-> H: 0.280957
rate A <-> I: 0.374610
rate A <-> L: 0.312175
rate A <-> K: 0.364204
rate A <-> M: 0.561915
rate A <-> F: 0.156087
rate A <-> P: 2.018730
rate A <-> S: 3.933403
rate A <-> T: 4.942768
rate A <-> W: 0.093652
rate A <-> Y: 0.114464
rate A <-> V: 3.100937
rate R <-> N: 0.468262
rate R <-> D: 0.166493
rate R <-> C: 1.175858
rate R <-> Q: 3.225806
rate R <-> E: 0.301769
rate R <-> G: 1.425598
rate R <-> H: 3.413111
rate R <-> I: 0.228928
rate R <-> L: 0.395421
rate R <-> K: 6.722164
rate R <-> M: 0.457856
rate R <-> F: 0.052029
rate R <-> P: 0.770031
rate R <-> S: 1.050989
rate R <-> T: 0.665973
rate R <-> W: 1.311134
rate R <-> Y: 0.208117
rate R <-> V: 0.176899
rate N <-> D: 5.494277
rate N <-> C: 0.353798
rate N <-> Q: 0.894901
rate N <-> E: 0.603538
rate N <-> G: 0.842872
rate N <-> H: 4.068678
rate N <-> I: 0.489074
rate N <-> L: 0.124870
rate N <-> K: 2.736733
rate N <-> M: 0.312175
rate N <-> F: 0.104058
rate N <-> P: 0.156087
rate N <-> S: 5.234131
rate N <-> T: 2.414152
rate N <-> W: 0.083247
rate N <-> Y: 0.728408
rate N <-> V: 0.166493
rate D <-> C: 0.104058
rate D <-> Q: 0.509886
rate D <-> E: 7.981270
rate D <-> G: 1.352758
rate D <-> H: 1.165453
rate D <-> I: 0.114464
rate D <-> L: 0.072841
rate D <-> K: 0.270552
rate D <-> M: 0.156087
rate D <-> F: 0.041623
rate D <-> P: 0.156087
rate D <-> S: 0.613944
rate D <-> T: 0.395421
rate D <-> W: 0.041623
rate D <-> Y: 0.478668
rate D <-> V: 0.322581
rate C <-> Q: 0.093652
rate C <-> E: 0.052029
rate C <-> G: 0.613944
rate C <-> H: 0.718002
rate C <-> I: 0.176899
rate C <-> L: 0.239334
rate C <-> K: 0.072841
rate C <-> M: 0.322581
rate C <-> F: 0.811655
rate C <-> P: 0.145682
rate C <-> S: 2.320499
rate C <-> T: 0.437045
rate C <-> W: 1.196670
rate C <-> Y: 2.174818
rate C <-> V: 0.645161
rate Q <-> E: 3.361082
rate Q <-> G: 0.270552
rate Q <-> H: 6.212279
rate Q <-> I: 0.093652
rate Q <-> L: 0.749220
rate Q <-> K: 3.038502
rate Q <-> M: 0.447451
rate Q <-> F: 0.041623
rate Q <-> P: 1.706556
rate Q <-> S: 0.551509
rate Q <-> T: 0.530697
rate Q <-> W: 0.187305
rate Q <-> Y: 0.249740
rate Q <-> V: 0.208117
rate E <-> G: 1.238293
rate E <-> H: 0.270552
rate E <-> I: 0.124870
rate E <-> L: 0.093652
rate E <-> K: 1.883455
rate E <-> M: 0.187305
rate E <-> F: 0.052029
rate E <-> P: 0.187305
rate E <-> S: 0.312175
rate E <-> T: 0.332986
rate E <-> W: 0.104058
rate E <-> Y: 0.072841
rate E <-> V: 0.468262
rate G <-> H: 0.239334
rate G <-> I: 0.062435
rate G <-> L: 0.062435
rate G <-> K: 0.280957
rate G <-> M: 0.145682
rate G <-> F: 0.052029
rate G <-> P: 0.249740
rate G <-> S: 2.091571
rate G <-> T: 0.343392
rate G <-> W: 0.572320
rate G <-> Y: 0.083247
rate G <-> V: 0.489074
rate H <-> I: 0.166493
rate H <-> L: 0.582726
rate H <-> K: 0.468262
rate H <-> M: 0.343392
rate H <-> F: 0.416233
rate H <-> P: 1.196670
rate H <-> S: 0.759625
rate H <-> T: 0.478668
rate H <-> W: 0.083247
rate H <-> Y: 5.962539
rate H <-> V: 0.114464
rate I <-> L: 2.382934
rate I <-> K: 0.218522
rate I <-> M: 4.984391
rate I <-> F: 0.926119
rate I <-> P: 0.104058
rate I <-> S: 0.416233
rate I <-> T: 2.549428
rate I <-> W: 0.093652
rate I <-> Y: 0.332986
rate I <-> V: 10.000000
rate L <-> K: 0.145682
rate L <-> M: 4.037461
rate L <-> F: 2.580645
rate L <-> P: 1.061394
rate L <-> S: 0.613944
rate L <-> T: 0.260146
rate L <-> W: 0.541103
rate L <-> Y: 0.249740
rate L <-> V: 1.873049
rate K <-> M: 0.676379
rate K <-> F: 0.041623
rate K <-> P: 0.218522
rate K <-> S: 0.489074
rate K <-> T: 1.071800
rate K <-> W: 0.104058
rate K <-> Y: 0.083247
rate K <-> V: 0.145682
rate M <-> F: 0.447451
rate M <-> P: 0.166493
rate M <-> S: 0.301769
rate M <-> T: 2.351717
rate M <-> W: 0.249740
rate M <-> Y: 0.187305
rate M <-> V: 3.361082
rate F <-> P: 0.176899
rate F <-> S: 0.957336
rate F <-> T: 0.124870
rate F <-> W: 0.551509
rate F <-> Y: 5.577523
rate F <-> V: 0.645161
rate P <-> S: 2.965661
rate P <-> T: 1.227888
rate P <-> W: 0.062435
rate P <-> Y: 0.104058
rate P <-> V: 0.239334
rate S <-> T: 4.963580
rate S <-> W: 0.364204
rate S <-> Y: 0.655567
rate S <-> V: 0.395421
rate T <-> W: 0.124870
rate T <-> Y: 0.218522
rate T <-> V: 1.165453
rate W <-> Y: 0.738814
rate W <-> V: 0.260146
rate Y <-> V: 0.166493

freq pi(A): 0.076748
freq pi(R): 0.051691
freq pi(N): 0.042645
freq pi(D): 0.051544
freq pi(C): 0.019803
freq pi(Q): 0.040752
freq pi(E): 0.061830
freq pi(G): 0.073152
freq pi(H): 0.022944
freq pi(I): 0.053761
freq pi(L): 0.091904
freq pi(K): 0.058676
freq pi(M): 0.023826
freq pi(F): 0.040126
freq pi(P): 0.050901
freq pi(S): 0.068765
freq pi(T): 0.058565
freq pi(W): 0.014261
freq pi(Y): 0.032102
freq pi(V): 0.066004


ML search took 700.862307 secs or 0.194684 hours

Combined Bootstrap and ML search took 1369.259490 secs or 0.380350 hours

Drawing Bootstrap Support Values on best-scoring ML tree ...



Found 1 tree in File /Users/prigozhin/Dropbox/NLRomes/Soy_NLRome/RAxML_tree_pbNB-ARC/Clade_Refinement_1/RAxML_bestTree.Int11890_361_628_R_48.Raxml.out



Found 1 tree in File /Users/prigozhin/Dropbox/NLRomes/Soy_NLRome/RAxML_tree_pbNB-ARC/Clade_Refinement_1/RAxML_bestTree.Int11890_361_628_R_48.Raxml.out

Program execution info written to /Users/prigozhin/Dropbox/NLRomes/Soy_NLRome/RAxML_tree_pbNB-ARC/Clade_Refinement_1/RAxML_info.Int11890_361_628_R_48.Raxml.out
All 100 bootstrapped trees written to: /Users/prigozhin/Dropbox/NLRomes/Soy_NLRome/RAxML_tree_pbNB-ARC/Clade_Refinement_1/RAxML_bootstrap.Int11890_361_628_R_48.Raxml.out

Best-scoring ML tree written to: /Users/prigozhin/Dropbox/NLRomes/Soy_NLRome/RAxML_tree_pbNB-ARC/Clade_Refinement_1/RAxML_bestTree.Int11890_361_628_R_48.Raxml.out

Best-scoring ML tree with support values written to: /Users/prigozhin/Dropbox/NLRomes/Soy_NLRome/RAxML_tree_pbNB-ARC/Clade_Refinement_1/RAxML_bipartitions.Int11890_361_628_R_48.Raxml.out

Best-scoring ML tree with support values as branch labels written to: /Users/prigozhin/Dropbox/NLRomes/Soy_NLRome/RAxML_tree_pbNB-ARC/Clade_Refinement_1/RAxML_bipartitionsBranchLabels.Int11890_361_628_R_48.Raxml.out

Overall execution time for full ML analysis: 1369.275387 secs or 0.380354 hours or 0.015848 days

