(GWHPACEV024116,(GLYMA_07G067900_1,(GLYMA_ZH13_07G063500_1_P,(W05_GLYSO_07G017123_1_P,GWHPACEA026477))),GWHPACDY026648);
(GWHPACEV024116,(GLYMA_07G067900_1,(GLYMA_ZH13_07G063500_1_P,(W05_GLYSO_07G017123_1_P,GWHPACEA026477))),GWHPACDY026648);
(GWHPACEV024116,(GLYMA_07G067900_1,(GLYMA_ZH13_07G063500_1_P,(W05_GLYSO_07G017123_1_P,GWHPACEA026477))),GWHPACDY026648);
(GWHPACEV024116,(GLYMA_07G067900_1,(GLYMA_ZH13_07G063500_1_P,(W05_GLYSO_07G017123_1_P,GWHPACEA026477))),GWHPACDY026648);
(GWHPACEV024116,(GLYMA_07G067900_1,(GLYMA_ZH13_07G063500_1_P,(W05_GLYSO_07G017123_1_P,GWHPACEA026477))),GWHPACDY026648);
(GWHPACEV024116,(GLYMA_07G067900_1,(GLYMA_ZH13_07G063500_1_P,(W05_GLYSO_07G017123_1_P,GWHPACEA026477))),GWHPACDY026648);
(GWHPACEV024116,(GLYMA_07G067900_1,(GLYMA_ZH13_07G063500_1_P,(W05_GLYSO_07G017123_1_P,GWHPACEA026477))),GWHPACDY026648);
(GWHPACEV024116,(GLYMA_07G067900_1,(GLYMA_ZH13_07G063500_1_P,(W05_GLYSO_07G017123_1_P,GWHPACEA026477))),GWHPACDY026648);
(GLYMA_07G067900_1,((GLYMA_ZH13_07G063500_1_P,(W05_GLYSO_07G017123_1_P,GWHPACEA026477)),GWHPACEV024116),GWHPACDY026648);
(GLYMA_07G067900_1,((GLYMA_ZH13_07G063500_1_P,(W05_GLYSO_07G017123_1_P,GWHPACEA026477)),GWHPACEV024116),GWHPACDY026648);
(GWHPACEV024116,(((GWHPACEA026477,W05_GLYSO_07G017123_1_P),GLYMA_ZH13_07G063500_1_P),GLYMA_07G067900_1),GWHPACDY026648);
(GWHPACEV024116,(((GWHPACEA026477,W05_GLYSO_07G017123_1_P),GLYMA_ZH13_07G063500_1_P),GLYMA_07G067900_1),GWHPACDY026648);
(GWHPACEV024116,(((GWHPACEA026477,W05_GLYSO_07G017123_1_P),GLYMA_ZH13_07G063500_1_P),GLYMA_07G067900_1),GWHPACDY026648);
(GWHPACEV024116,(((GWHPACEA026477,W05_GLYSO_07G017123_1_P),GLYMA_ZH13_07G063500_1_P),GLYMA_07G067900_1),GWHPACDY026648);
(GLYMA_07G067900_1,(GWHPACEV024116,((GWHPACEA026477,W05_GLYSO_07G017123_1_P),GLYMA_ZH13_07G063500_1_P)),GWHPACDY026648);
(GWHPACEV024116,(((GWHPACEA026477,W05_GLYSO_07G017123_1_P),GLYMA_ZH13_07G063500_1_P),GLYMA_07G067900_1),GWHPACDY026648);
(GWHPACEV024116,(((GWHPACEA026477,W05_GLYSO_07G017123_1_P),GLYMA_ZH13_07G063500_1_P),GLYMA_07G067900_1),GWHPACDY026648);
(GWHPACEV024116,(((GWHPACEA026477,W05_GLYSO_07G017123_1_P),GLYMA_ZH13_07G063500_1_P),GLYMA_07G067900_1),GWHPACDY026648);
(GWHPACEV024116,(((GWHPACEA026477,W05_GLYSO_07G017123_1_P),GLYMA_ZH13_07G063500_1_P),GLYMA_07G067900_1),GWHPACDY026648);
(GWHPACEV024116,(((GWHPACEA026477,W05_GLYSO_07G017123_1_P),GLYMA_ZH13_07G063500_1_P),GLYMA_07G067900_1),GWHPACDY026648);
(GWHPACEV024116,(((W05_GLYSO_07G017123_1_P,GWHPACEA026477),GLYMA_ZH13_07G063500_1_P),GLYMA_07G067900_1),GWHPACDY026648);
(GWHPACEV024116,(((W05_GLYSO_07G017123_1_P,GWHPACEA026477),GLYMA_ZH13_07G063500_1_P),GLYMA_07G067900_1),GWHPACDY026648);
(GWHPACEV024116,(((W05_GLYSO_07G017123_1_P,GWHPACEA026477),GLYMA_ZH13_07G063500_1_P),GLYMA_07G067900_1),GWHPACDY026648);
(GLYMA_07G067900_1,(GWHPACEV024116,((W05_GLYSO_07G017123_1_P,GWHPACEA026477),GLYMA_ZH13_07G063500_1_P)),GWHPACDY026648);
(GWHPACEV024116,(((W05_GLYSO_07G017123_1_P,GWHPACEA026477),GLYMA_ZH13_07G063500_1_P),GLYMA_07G067900_1),GWHPACDY026648);
(GWHPACEV024116,(((W05_GLYSO_07G017123_1_P,GWHPACEA026477),GLYMA_ZH13_07G063500_1_P),GLYMA_07G067900_1),GWHPACDY026648);
(GWHPACEV024116,(((W05_GLYSO_07G017123_1_P,GWHPACEA026477),GLYMA_ZH13_07G063500_1_P),GLYMA_07G067900_1),GWHPACDY026648);
(GWHPACEV024116,(((W05_GLYSO_07G017123_1_P,GWHPACEA026477),GLYMA_ZH13_07G063500_1_P),GLYMA_07G067900_1),GWHPACDY026648);
(GWHPACEV024116,(((W05_GLYSO_07G017123_1_P,GWHPACEA026477),GLYMA_ZH13_07G063500_1_P),GLYMA_07G067900_1),GWHPACDY026648);
(GWHPACEV024116,(((W05_GLYSO_07G017123_1_P,GWHPACEA026477),GLYMA_ZH13_07G063500_1_P),GLYMA_07G067900_1),GWHPACDY026648);
(GWHPACEV024116,(GLYMA_07G067900_1,(GLYMA_ZH13_07G063500_1_P,(GWHPACEA026477,W05_GLYSO_07G017123_1_P))),GWHPACDY026648);
(GWHPACEV024116,(GLYMA_07G067900_1,(GLYMA_ZH13_07G063500_1_P,(GWHPACEA026477,W05_GLYSO_07G017123_1_P))),GWHPACDY026648);
(GWHPACEV024116,(GLYMA_07G067900_1,(GLYMA_ZH13_07G063500_1_P,(GWHPACEA026477,W05_GLYSO_07G017123_1_P))),GWHPACDY026648);
(GWHPACEV024116,(GLYMA_07G067900_1,(GLYMA_ZH13_07G063500_1_P,(GWHPACEA026477,W05_GLYSO_07G017123_1_P))),GWHPACDY026648);
(GWHPACEV024116,(GLYMA_07G067900_1,(GLYMA_ZH13_07G063500_1_P,(GWHPACEA026477,W05_GLYSO_07G017123_1_P))),GWHPACDY026648);
(GWHPACEV024116,(GLYMA_07G067900_1,(GLYMA_ZH13_07G063500_1_P,(GWHPACEA026477,W05_GLYSO_07G017123_1_P))),GWHPACDY026648);
(GWHPACEV024116,(GLYMA_07G067900_1,(GLYMA_ZH13_07G063500_1_P,(GWHPACEA026477,W05_GLYSO_07G017123_1_P))),GWHPACDY026648);
(GWHPACEV024116,(GLYMA_07G067900_1,(GLYMA_ZH13_07G063500_1_P,(GWHPACEA026477,W05_GLYSO_07G017123_1_P))),GWHPACDY026648);
(GWHPACEV024116,(GLYMA_07G067900_1,(GLYMA_ZH13_07G063500_1_P,(GWHPACEA026477,W05_GLYSO_07G017123_1_P))),GWHPACDY026648);
(GWHPACEV024116,(GLYMA_07G067900_1,(GLYMA_ZH13_07G063500_1_P,(GWHPACEA026477,W05_GLYSO_07G017123_1_P))),GWHPACDY026648);
(GWHPACEV024116,((GLYMA_ZH13_07G063500_1_P,(W05_GLYSO_07G017123_1_P,GWHPACEA026477)),GLYMA_07G067900_1),GWHPACDY026648);
(GWHPACEV024116,((GLYMA_ZH13_07G063500_1_P,(W05_GLYSO_07G017123_1_P,GWHPACEA026477)),GLYMA_07G067900_1),GWHPACDY026648);
(GWHPACEV024116,((GLYMA_ZH13_07G063500_1_P,(W05_GLYSO_07G017123_1_P,GWHPACEA026477)),GLYMA_07G067900_1),GWHPACDY026648);
(GWHPACEV024116,((GLYMA_ZH13_07G063500_1_P,(W05_GLYSO_07G017123_1_P,GWHPACEA026477)),GLYMA_07G067900_1),GWHPACDY026648);
((GLYMA_ZH13_07G063500_1_P,(W05_GLYSO_07G017123_1_P,GWHPACEA026477)),(GLYMA_07G067900_1,GWHPACEV024116),GWHPACDY026648);
(GWHPACEV024116,((GLYMA_ZH13_07G063500_1_P,(W05_GLYSO_07G017123_1_P,GWHPACEA026477)),GLYMA_07G067900_1),GWHPACDY026648);
(GWHPACEV024116,((GLYMA_ZH13_07G063500_1_P,(W05_GLYSO_07G017123_1_P,GWHPACEA026477)),GLYMA_07G067900_1),GWHPACDY026648);
(GWHPACEV024116,((GLYMA_ZH13_07G063500_1_P,(W05_GLYSO_07G017123_1_P,GWHPACEA026477)),GLYMA_07G067900_1),GWHPACDY026648);
(GWHPACEV024116,((GLYMA_ZH13_07G063500_1_P,(W05_GLYSO_07G017123_1_P,GWHPACEA026477)),GLYMA_07G067900_1),GWHPACDY026648);
(GWHPACEV024116,((GLYMA_ZH13_07G063500_1_P,(W05_GLYSO_07G017123_1_P,GWHPACEA026477)),GLYMA_07G067900_1),GWHPACDY026648);
(GWHPACEV024116,(GLYMA_07G067900_1,((GWHPACEA026477,W05_GLYSO_07G017123_1_P),GLYMA_ZH13_07G063500_1_P)),GWHPACDY026648);
(GWHPACEV024116,(GLYMA_07G067900_1,((GWHPACEA026477,W05_GLYSO_07G017123_1_P),GLYMA_ZH13_07G063500_1_P)),GWHPACDY026648);
(GWHPACEV024116,(GLYMA_07G067900_1,((GWHPACEA026477,W05_GLYSO_07G017123_1_P),GLYMA_ZH13_07G063500_1_P)),GWHPACDY026648);
(GWHPACEV024116,(GLYMA_07G067900_1,((GWHPACEA026477,W05_GLYSO_07G017123_1_P),GLYMA_ZH13_07G063500_1_P)),GWHPACDY026648);
(GWHPACEV024116,(GLYMA_07G067900_1,((GWHPACEA026477,W05_GLYSO_07G017123_1_P),GLYMA_ZH13_07G063500_1_P)),GWHPACDY026648);
(GWHPACEV024116,(GLYMA_07G067900_1,((GWHPACEA026477,W05_GLYSO_07G017123_1_P),GLYMA_ZH13_07G063500_1_P)),GWHPACDY026648);
(GWHPACEV024116,(GLYMA_07G067900_1,((GWHPACEA026477,W05_GLYSO_07G017123_1_P),GLYMA_ZH13_07G063500_1_P)),GWHPACDY026648);
(GWHPACEV024116,(GLYMA_07G067900_1,((GWHPACEA026477,W05_GLYSO_07G017123_1_P),GLYMA_ZH13_07G063500_1_P)),GWHPACDY026648);
(GWHPACEV024116,(GLYMA_07G067900_1,((GWHPACEA026477,W05_GLYSO_07G017123_1_P),GLYMA_ZH13_07G063500_1_P)),GWHPACDY026648);
(GWHPACEV024116,(GLYMA_07G067900_1,((GWHPACEA026477,W05_GLYSO_07G017123_1_P),GLYMA_ZH13_07G063500_1_P)),GWHPACDY026648);
(GWHPACEV024116,(((GWHPACEA026477,W05_GLYSO_07G017123_1_P),GLYMA_ZH13_07G063500_1_P),GLYMA_07G067900_1),GWHPACDY026648);
(GWHPACEV024116,(((GWHPACEA026477,W05_GLYSO_07G017123_1_P),GLYMA_ZH13_07G063500_1_P),GLYMA_07G067900_1),GWHPACDY026648);
(GWHPACEV024116,(((GWHPACEA026477,W05_GLYSO_07G017123_1_P),GLYMA_ZH13_07G063500_1_P),GLYMA_07G067900_1),GWHPACDY026648);
(GWHPACEV024116,(((GWHPACEA026477,W05_GLYSO_07G017123_1_P),GLYMA_ZH13_07G063500_1_P),GLYMA_07G067900_1),GWHPACDY026648);
(GWHPACEV024116,(((GWHPACEA026477,W05_GLYSO_07G017123_1_P),GLYMA_ZH13_07G063500_1_P),GLYMA_07G067900_1),GWHPACDY026648);
(GWHPACEV024116,(((GWHPACEA026477,W05_GLYSO_07G017123_1_P),GLYMA_ZH13_07G063500_1_P),GLYMA_07G067900_1),GWHPACDY026648);
(GWHPACEV024116,(((GWHPACEA026477,W05_GLYSO_07G017123_1_P),GLYMA_ZH13_07G063500_1_P),GLYMA_07G067900_1),GWHPACDY026648);
(GWHPACEV024116,(((GWHPACEA026477,W05_GLYSO_07G017123_1_P),GLYMA_ZH13_07G063500_1_P),GLYMA_07G067900_1),GWHPACDY026648);
(GWHPACEV024116,(((GWHPACEA026477,W05_GLYSO_07G017123_1_P),GLYMA_ZH13_07G063500_1_P),GLYMA_07G067900_1),GWHPACDY026648);
(GWHPACEV024116,(((GWHPACEA026477,W05_GLYSO_07G017123_1_P),GLYMA_ZH13_07G063500_1_P),GLYMA_07G067900_1),GWHPACDY026648);
(GWHPACEV024116,((GLYMA_ZH13_07G063500_1_P,(W05_GLYSO_07G017123_1_P,GWHPACEA026477)),GLYMA_07G067900_1),GWHPACDY026648);
(GWHPACEV024116,((GLYMA_ZH13_07G063500_1_P,(W05_GLYSO_07G017123_1_P,GWHPACEA026477)),GLYMA_07G067900_1),GWHPACDY026648);
(GWHPACEV024116,((GLYMA_ZH13_07G063500_1_P,(W05_GLYSO_07G017123_1_P,GWHPACEA026477)),GLYMA_07G067900_1),GWHPACDY026648);
(GWHPACEV024116,((GLYMA_ZH13_07G063500_1_P,(W05_GLYSO_07G017123_1_P,GWHPACEA026477)),GLYMA_07G067900_1),GWHPACDY026648);
(GWHPACEV024116,((GLYMA_ZH13_07G063500_1_P,(W05_GLYSO_07G017123_1_P,GWHPACEA026477)),GLYMA_07G067900_1),GWHPACDY026648);
(GWHPACEV024116,((GLYMA_ZH13_07G063500_1_P,(W05_GLYSO_07G017123_1_P,GWHPACEA026477)),GLYMA_07G067900_1),GWHPACDY026648);
(GWHPACEV024116,((GLYMA_ZH13_07G063500_1_P,(W05_GLYSO_07G017123_1_P,GWHPACEA026477)),GLYMA_07G067900_1),GWHPACDY026648);
(GWHPACEV024116,((GLYMA_ZH13_07G063500_1_P,(W05_GLYSO_07G017123_1_P,GWHPACEA026477)),GLYMA_07G067900_1),GWHPACDY026648);
(GWHPACEV024116,((GLYMA_ZH13_07G063500_1_P,(W05_GLYSO_07G017123_1_P,GWHPACEA026477)),GLYMA_07G067900_1),GWHPACDY026648);
(GWHPACEV024116,((GLYMA_ZH13_07G063500_1_P,(W05_GLYSO_07G017123_1_P,GWHPACEA026477)),GLYMA_07G067900_1),GWHPACDY026648);
(GWHPACEV024116,(((W05_GLYSO_07G017123_1_P,GWHPACEA026477),GLYMA_ZH13_07G063500_1_P),GLYMA_07G067900_1),GWHPACDY026648);
(GWHPACEV024116,(((W05_GLYSO_07G017123_1_P,GWHPACEA026477),GLYMA_ZH13_07G063500_1_P),GLYMA_07G067900_1),GWHPACDY026648);
(GWHPACEV024116,(((W05_GLYSO_07G017123_1_P,GWHPACEA026477),GLYMA_ZH13_07G063500_1_P),GLYMA_07G067900_1),GWHPACDY026648);
(GWHPACEV024116,(((W05_GLYSO_07G017123_1_P,GWHPACEA026477),GLYMA_ZH13_07G063500_1_P),GLYMA_07G067900_1),GWHPACDY026648);
(GWHPACEV024116,(((W05_GLYSO_07G017123_1_P,GWHPACEA026477),GLYMA_ZH13_07G063500_1_P),GLYMA_07G067900_1),GWHPACDY026648);
(GWHPACEV024116,(((W05_GLYSO_07G017123_1_P,GWHPACEA026477),GLYMA_ZH13_07G063500_1_P),GLYMA_07G067900_1),GWHPACDY026648);
(GWHPACEV024116,(((W05_GLYSO_07G017123_1_P,GWHPACEA026477),GLYMA_ZH13_07G063500_1_P),GLYMA_07G067900_1),GWHPACDY026648);
(GWHPACEV024116,(((W05_GLYSO_07G017123_1_P,GWHPACEA026477),GLYMA_ZH13_07G063500_1_P),GLYMA_07G067900_1),GWHPACDY026648);
(GWHPACEV024116,(((W05_GLYSO_07G017123_1_P,GWHPACEA026477),GLYMA_ZH13_07G063500_1_P),GLYMA_07G067900_1),GWHPACDY026648);
(GWHPACEV024116,(((W05_GLYSO_07G017123_1_P,GWHPACEA026477),GLYMA_ZH13_07G063500_1_P),GLYMA_07G067900_1),GWHPACDY026648);
(GWHPACEV024116,(GLYMA_07G067900_1,(GLYMA_ZH13_07G063500_1_P,(GWHPACEA026477,W05_GLYSO_07G017123_1_P))),GWHPACDY026648);
(GWHPACEV024116,(GLYMA_07G067900_1,(GLYMA_ZH13_07G063500_1_P,(GWHPACEA026477,W05_GLYSO_07G017123_1_P))),GWHPACDY026648);
(GWHPACEV024116,(GLYMA_07G067900_1,(GLYMA_ZH13_07G063500_1_P,(GWHPACEA026477,W05_GLYSO_07G017123_1_P))),GWHPACDY026648);
(GWHPACEV024116,(GLYMA_07G067900_1,(GLYMA_ZH13_07G063500_1_P,(GWHPACEA026477,W05_GLYSO_07G017123_1_P))),GWHPACDY026648);
(GWHPACEV024116,(GLYMA_07G067900_1,(GLYMA_ZH13_07G063500_1_P,(GWHPACEA026477,W05_GLYSO_07G017123_1_P))),GWHPACDY026648);
(GWHPACEV024116,(GLYMA_07G067900_1,(GLYMA_ZH13_07G063500_1_P,(GWHPACEA026477,W05_GLYSO_07G017123_1_P))),GWHPACDY026648);
(GWHPACEV024116,(GLYMA_07G067900_1,(GLYMA_ZH13_07G063500_1_P,(GWHPACEA026477,W05_GLYSO_07G017123_1_P))),GWHPACDY026648);
(GWHPACEV024116,(GLYMA_07G067900_1,(GLYMA_ZH13_07G063500_1_P,(GWHPACEA026477,W05_GLYSO_07G017123_1_P))),GWHPACDY026648);
(GWHPACEV024116,(GLYMA_07G067900_1,(GLYMA_ZH13_07G063500_1_P,(GWHPACEA026477,W05_GLYSO_07G017123_1_P))),GWHPACDY026648);
(GWHPACEV024116,(GLYMA_07G067900_1,(GLYMA_ZH13_07G063500_1_P,(GWHPACEA026477,W05_GLYSO_07G017123_1_P))),GWHPACDY026648);
