((GWHPACEL045833,(GLYMA_12G027100_1,(GWHPACET048439,(GLYMA_ZH13_12G026100_1_P,(GWHPACES047795,((GWHPACEA048350,W05_GLYSO_12G033196_1_P),(GWHPACEN047206,GWHPACEB044143))))))),(GWHPACEW047777,(GWHPACEG047390,(GWHPACEC045161,(GWHPACDZ049374,(GWHPACEI049409,GWHPACEO048226))))),GWHPACDY049185);
((GWHPACEL045833,(GLYMA_12G027100_1,(GWHPACET048439,(GLYMA_ZH13_12G026100_1_P,(GWHPACES047795,((GWHPACEA048350,W05_GLYSO_12G033196_1_P),(GWHPACEN047206,GWHPACEB044143))))))),(GWHPACEW047777,(GWHPACEG047390,(GWHPACEC045161,(GWHPACDZ049374,(GWHPACEI049409,GWHPACEO048226))))),GWHPACDY049185);
((GWHPACEL045833,(GLYMA_12G027100_1,(GWHPACET048439,(GLYMA_ZH13_12G026100_1_P,(GWHPACES047795,((GWHPACEA048350,W05_GLYSO_12G033196_1_P),(GWHPACEN047206,GWHPACEB044143))))))),(GWHPACEW047777,(GWHPACEG047390,(GWHPACEC045161,(GWHPACDZ049374,(GWHPACEI049409,GWHPACEO048226))))),GWHPACDY049185);
((GWHPACEL045833,(GLYMA_12G027100_1,(GWHPACET048439,(GLYMA_ZH13_12G026100_1_P,(GWHPACES047795,((GWHPACEA048350,W05_GLYSO_12G033196_1_P),(GWHPACEN047206,GWHPACEB044143))))))),(GWHPACEW047777,(GWHPACEG047390,(GWHPACEC045161,(GWHPACDZ049374,(GWHPACEI049409,GWHPACEO048226))))),GWHPACDY049185);
((GWHPACEL045833,(GLYMA_12G027100_1,(GWHPACET048439,(GLYMA_ZH13_12G026100_1_P,(GWHPACES047795,((GWHPACEA048350,W05_GLYSO_12G033196_1_P),(GWHPACEN047206,GWHPACEB044143))))))),(GWHPACEW047777,(GWHPACEG047390,(GWHPACEC045161,(GWHPACDZ049374,(GWHPACEI049409,GWHPACEO048226))))),GWHPACDY049185);
((GWHPACEL045833,(GLYMA_12G027100_1,(GWHPACET048439,(GLYMA_ZH13_12G026100_1_P,(GWHPACES047795,((GWHPACEA048350,W05_GLYSO_12G033196_1_P),(GWHPACEN047206,GWHPACEB044143))))))),(GWHPACEW047777,(GWHPACEG047390,(GWHPACEC045161,(GWHPACDZ049374,(GWHPACEI049409,GWHPACEO048226))))),GWHPACDY049185);
((GWHPACEL045833,(GLYMA_12G027100_1,(GWHPACET048439,(GLYMA_ZH13_12G026100_1_P,(GWHPACES047795,((GWHPACEA048350,W05_GLYSO_12G033196_1_P),(GWHPACEN047206,GWHPACEB044143))))))),(GWHPACEW047777,(GWHPACEG047390,(GWHPACEC045161,(GWHPACDZ049374,(GWHPACEI049409,GWHPACEO048226))))),GWHPACDY049185);
((GWHPACEL045833,(GLYMA_12G027100_1,(GWHPACET048439,(GLYMA_ZH13_12G026100_1_P,(GWHPACES047795,((GWHPACEA048350,W05_GLYSO_12G033196_1_P),(GWHPACEN047206,GWHPACEB044143))))))),(GWHPACEW047777,(GWHPACEG047390,(GWHPACEC045161,(GWHPACDZ049374,(GWHPACEI049409,GWHPACEO048226))))),GWHPACDY049185);
((((GWHPACES047795,(GWHPACEB044143,((GWHPACEL045833,GLYMA_12G027100_1),GWHPACET048439))),GLYMA_ZH13_12G026100_1_P),GWHPACEN047206),(((GWHPACEG047390,GWHPACEC045161),GWHPACEW047777),((GWHPACEA048350,W05_GLYSO_12G033196_1_P),((GWHPACEI049409,GWHPACEO048226),GWHPACDZ049374))),GWHPACDY049185);
(((GWHPACEG047390,GWHPACEC045161),GWHPACEW047777),(((((GWHPACES047795,((GWHPACEB044143,(GWHPACEL045833,GLYMA_12G027100_1)),(GWHPACET048439,GLYMA_ZH13_12G026100_1_P))),GWHPACEN047206),GWHPACEA048350),W05_GLYSO_12G033196_1_P),(GWHPACEI049409,(GWHPACEO048226,GWHPACDZ049374))),GWHPACDY049185);
(((GWHPACEO048226,(GWHPACDZ049374,GWHPACEI049409)),(GWHPACEC045161,(GWHPACEG047390,GWHPACEW047777))),((GWHPACEN047206,(((((GWHPACET048439,GWHPACEB044143),GLYMA_ZH13_12G026100_1_P),GWHPACEL045833),GWHPACES047795),GLYMA_12G027100_1)),(W05_GLYSO_12G033196_1_P,GWHPACEA048350)),GWHPACDY049185);
(((GWHPACEO048226,(GWHPACDZ049374,GWHPACEI049409)),(GWHPACEC045161,(GWHPACEG047390,GWHPACEW047777))),((GWHPACEN047206,(((((GWHPACET048439,GWHPACEB044143),GLYMA_ZH13_12G026100_1_P),GWHPACEL045833),GWHPACES047795),GLYMA_12G027100_1)),(W05_GLYSO_12G033196_1_P,GWHPACEA048350)),GWHPACDY049185);
(((GWHPACEO048226,(GWHPACDZ049374,GWHPACEI049409)),(GWHPACEC045161,(GWHPACEG047390,GWHPACEW047777))),((GWHPACEN047206,(((((GWHPACET048439,GWHPACEB044143),GLYMA_ZH13_12G026100_1_P),GWHPACEL045833),GWHPACES047795),GLYMA_12G027100_1)),(W05_GLYSO_12G033196_1_P,GWHPACEA048350)),GWHPACDY049185);
(((GWHPACEO048226,(GWHPACDZ049374,GWHPACEI049409)),(GWHPACEC045161,(GWHPACEG047390,GWHPACEW047777))),((GWHPACEN047206,(((((GWHPACET048439,GWHPACEB044143),GLYMA_ZH13_12G026100_1_P),GWHPACEL045833),GWHPACES047795),GLYMA_12G027100_1)),(W05_GLYSO_12G033196_1_P,GWHPACEA048350)),GWHPACDY049185);
(((GWHPACEO048226,(GWHPACDZ049374,GWHPACEI049409)),(GWHPACEC045161,(GWHPACEG047390,GWHPACEW047777))),((GWHPACEN047206,(((((GWHPACET048439,GWHPACEB044143),GLYMA_ZH13_12G026100_1_P),GWHPACEL045833),GWHPACES047795),GLYMA_12G027100_1)),(W05_GLYSO_12G033196_1_P,GWHPACEA048350)),GWHPACDY049185);
(((GWHPACEO048226,(GWHPACDZ049374,GWHPACEI049409)),(GWHPACEC045161,(GWHPACEG047390,GWHPACEW047777))),((GWHPACEN047206,(((((GWHPACET048439,GWHPACEB044143),GLYMA_ZH13_12G026100_1_P),GWHPACEL045833),GWHPACES047795),GLYMA_12G027100_1)),(W05_GLYSO_12G033196_1_P,GWHPACEA048350)),GWHPACDY049185);
(((GWHPACEO048226,(GWHPACDZ049374,GWHPACEI049409)),(GWHPACEC045161,(GWHPACEG047390,GWHPACEW047777))),((GWHPACEN047206,(((((GWHPACET048439,GWHPACEB044143),GLYMA_ZH13_12G026100_1_P),GWHPACEL045833),GWHPACES047795),GLYMA_12G027100_1)),(W05_GLYSO_12G033196_1_P,GWHPACEA048350)),GWHPACDY049185);
(((GWHPACEO048226,(GWHPACDZ049374,GWHPACEI049409)),(GWHPACEC045161,(GWHPACEG047390,GWHPACEW047777))),((GWHPACEN047206,(((((GWHPACET048439,GWHPACEB044143),GLYMA_ZH13_12G026100_1_P),GWHPACEL045833),GWHPACES047795),GLYMA_12G027100_1)),(W05_GLYSO_12G033196_1_P,GWHPACEA048350)),GWHPACDY049185);
(((GWHPACEO048226,(GWHPACDZ049374,GWHPACEI049409)),(GWHPACEC045161,(GWHPACEG047390,GWHPACEW047777))),((GWHPACEN047206,(((((GWHPACET048439,GWHPACEB044143),GLYMA_ZH13_12G026100_1_P),GWHPACEL045833),GWHPACES047795),GLYMA_12G027100_1)),(W05_GLYSO_12G033196_1_P,GWHPACEA048350)),GWHPACDY049185);
(((GWHPACEO048226,(GWHPACDZ049374,GWHPACEI049409)),(GWHPACEC045161,(GWHPACEG047390,GWHPACEW047777))),((GWHPACEN047206,(((((GWHPACET048439,GWHPACEB044143),GLYMA_ZH13_12G026100_1_P),GWHPACEL045833),GWHPACES047795),GLYMA_12G027100_1)),(W05_GLYSO_12G033196_1_P,GWHPACEA048350)),GWHPACDY049185);
((GLYMA_12G027100_1,(GWHPACES047795,((GWHPACEA048350,W05_GLYSO_12G033196_1_P),(GWHPACEB044143,(GWHPACET048439,(GLYMA_ZH13_12G026100_1_P,(GWHPACEL045833,GWHPACEN047206))))))),(((((GWHPACEI049409,GWHPACEO048226),GWHPACDZ049374),GWHPACEC045161),GWHPACEW047777),GWHPACEG047390),GWHPACDY049185);
((GLYMA_12G027100_1,(GWHPACES047795,((GWHPACEA048350,W05_GLYSO_12G033196_1_P),(GWHPACEB044143,(GWHPACET048439,(GLYMA_ZH13_12G026100_1_P,(GWHPACEL045833,GWHPACEN047206))))))),(((((GWHPACEI049409,GWHPACEO048226),GWHPACDZ049374),GWHPACEC045161),GWHPACEW047777),GWHPACEG047390),GWHPACDY049185);
((GLYMA_12G027100_1,(GWHPACES047795,((GWHPACEA048350,W05_GLYSO_12G033196_1_P),(GWHPACEB044143,(GWHPACET048439,(GLYMA_ZH13_12G026100_1_P,(GWHPACEL045833,GWHPACEN047206))))))),(((((GWHPACEI049409,GWHPACEO048226),GWHPACDZ049374),GWHPACEC045161),GWHPACEW047777),GWHPACEG047390),GWHPACDY049185);
(((GWHPACEN047206,(((GWHPACET048439,GLYMA_12G027100_1),((GWHPACES047795,GWHPACEB044143),GWHPACEL045833)),GLYMA_ZH13_12G026100_1_P)),(GWHPACEA048350,(((GWHPACEI049409,GWHPACEO048226),GWHPACDZ049374),W05_GLYSO_12G033196_1_P))),((GWHPACEW047777,GWHPACEC045161),GWHPACEG047390),GWHPACDY049185);
(((GWHPACEN047206,(((GWHPACET048439,GLYMA_12G027100_1),((GWHPACES047795,GWHPACEB044143),GWHPACEL045833)),GLYMA_ZH13_12G026100_1_P)),(W05_GLYSO_12G033196_1_P,GWHPACEA048350)),(((GWHPACEI049409,GWHPACEO048226),GWHPACDZ049374),((GWHPACEW047777,GWHPACEC045161),GWHPACEG047390)),GWHPACDY049185);
(((GWHPACEN047206,(((GWHPACET048439,GLYMA_12G027100_1),((GWHPACES047795,GWHPACEB044143),GWHPACEL045833)),GLYMA_ZH13_12G026100_1_P)),(W05_GLYSO_12G033196_1_P,GWHPACEA048350)),(((GWHPACEI049409,GWHPACEO048226),GWHPACDZ049374),((GWHPACEW047777,GWHPACEC045161),GWHPACEG047390)),GWHPACDY049185);
(((GWHPACEN047206,(((GWHPACET048439,GLYMA_12G027100_1),((GWHPACES047795,GWHPACEB044143),GWHPACEL045833)),GLYMA_ZH13_12G026100_1_P)),(W05_GLYSO_12G033196_1_P,GWHPACEA048350)),(((GWHPACEI049409,GWHPACEO048226),GWHPACDZ049374),((GWHPACEW047777,GWHPACEC045161),GWHPACEG047390)),GWHPACDY049185);
(((GWHPACEN047206,(((GWHPACET048439,GLYMA_12G027100_1),((GWHPACES047795,GWHPACEB044143),GWHPACEL045833)),GLYMA_ZH13_12G026100_1_P)),(W05_GLYSO_12G033196_1_P,GWHPACEA048350)),(((GWHPACEI049409,GWHPACEO048226),GWHPACDZ049374),((GWHPACEW047777,GWHPACEC045161),GWHPACEG047390)),GWHPACDY049185);
(((GWHPACEN047206,(((GWHPACET048439,GLYMA_12G027100_1),((GWHPACES047795,GWHPACEB044143),GWHPACEL045833)),GLYMA_ZH13_12G026100_1_P)),(W05_GLYSO_12G033196_1_P,GWHPACEA048350)),(((GWHPACEI049409,GWHPACEO048226),GWHPACDZ049374),((GWHPACEW047777,GWHPACEC045161),GWHPACEG047390)),GWHPACDY049185);
(((GWHPACEN047206,(((GWHPACET048439,GLYMA_12G027100_1),((GWHPACES047795,GWHPACEB044143),GWHPACEL045833)),GLYMA_ZH13_12G026100_1_P)),(W05_GLYSO_12G033196_1_P,GWHPACEA048350)),(((GWHPACEI049409,GWHPACEO048226),GWHPACDZ049374),((GWHPACEW047777,GWHPACEC045161),GWHPACEG047390)),GWHPACDY049185);
((GWHPACEL045833,(GWHPACEB044143,(GLYMA_ZH13_12G026100_1_P,(GLYMA_12G027100_1,(GWHPACES047795,((GWHPACEA048350,W05_GLYSO_12G033196_1_P),(GWHPACEN047206,GWHPACET048439))))))),(GWHPACEC045161,((((GWHPACEI049409,GWHPACDZ049374),GWHPACEO048226),GWHPACEW047777),GWHPACEG047390)),GWHPACDY049185);
(GWHPACEW047777,((((GWHPACEN047206,((((GWHPACET048439,GWHPACEB044143),GLYMA_12G027100_1),GWHPACEL045833),GWHPACES047795)),GLYMA_ZH13_12G026100_1_P),(GWHPACEA048350,(((GWHPACEI049409,GWHPACDZ049374),GWHPACEO048226),W05_GLYSO_12G033196_1_P))),(GWHPACEG047390,GWHPACEC045161)),GWHPACDY049185);
((((GWHPACEI049409,GWHPACDZ049374),GWHPACEO048226),((GWHPACEG047390,GWHPACEW047777),GWHPACEC045161)),((((GLYMA_ZH13_12G026100_1_P,((GWHPACEB044143,GLYMA_12G027100_1),(GWHPACET048439,GWHPACEL045833))),GWHPACES047795),GWHPACEN047206),(GWHPACEA048350,W05_GLYSO_12G033196_1_P)),GWHPACDY049185);
((((GWHPACEI049409,GWHPACDZ049374),GWHPACEO048226),((GWHPACEG047390,GWHPACEW047777),GWHPACEC045161)),((((GLYMA_ZH13_12G026100_1_P,((GWHPACEB044143,GLYMA_12G027100_1),(GWHPACET048439,GWHPACEL045833))),GWHPACES047795),GWHPACEN047206),(GWHPACEA048350,W05_GLYSO_12G033196_1_P)),GWHPACDY049185);
((((GWHPACEI049409,GWHPACDZ049374),GWHPACEO048226),((GWHPACEG047390,GWHPACEW047777),GWHPACEC045161)),((((GLYMA_ZH13_12G026100_1_P,((GWHPACEB044143,GLYMA_12G027100_1),(GWHPACET048439,GWHPACEL045833))),GWHPACES047795),GWHPACEN047206),(GWHPACEA048350,W05_GLYSO_12G033196_1_P)),GWHPACDY049185);
((((GWHPACEI049409,GWHPACDZ049374),GWHPACEO048226),((GWHPACEG047390,GWHPACEW047777),GWHPACEC045161)),((((GLYMA_ZH13_12G026100_1_P,((GWHPACEB044143,GLYMA_12G027100_1),(GWHPACET048439,GWHPACEL045833))),GWHPACES047795),GWHPACEN047206),(GWHPACEA048350,W05_GLYSO_12G033196_1_P)),GWHPACDY049185);
((((GWHPACEI049409,GWHPACDZ049374),GWHPACEO048226),((GWHPACEG047390,GWHPACEW047777),GWHPACEC045161)),((((GLYMA_ZH13_12G026100_1_P,((GWHPACEB044143,GLYMA_12G027100_1),(GWHPACET048439,GWHPACEL045833))),GWHPACES047795),GWHPACEN047206),(GWHPACEA048350,W05_GLYSO_12G033196_1_P)),GWHPACDY049185);
((((GWHPACEI049409,GWHPACDZ049374),GWHPACEO048226),((GWHPACEG047390,GWHPACEW047777),GWHPACEC045161)),((((GLYMA_ZH13_12G026100_1_P,((GWHPACEB044143,GLYMA_12G027100_1),(GWHPACET048439,GWHPACEL045833))),GWHPACES047795),GWHPACEN047206),(GWHPACEA048350,W05_GLYSO_12G033196_1_P)),GWHPACDY049185);
((((GWHPACEI049409,GWHPACDZ049374),GWHPACEO048226),((GWHPACEG047390,GWHPACEW047777),GWHPACEC045161)),((((GLYMA_ZH13_12G026100_1_P,((GWHPACEB044143,GLYMA_12G027100_1),(GWHPACET048439,GWHPACEL045833))),GWHPACES047795),GWHPACEN047206),(GWHPACEA048350,W05_GLYSO_12G033196_1_P)),GWHPACDY049185);
((((GLYMA_ZH13_12G026100_1_P,((GWHPACEB044143,GLYMA_12G027100_1),(GWHPACET048439,GWHPACEL045833))),GWHPACES047795),GWHPACEN047206),(((GWHPACEI049409,(GWHPACDZ049374,GWHPACEO048226)),(GWHPACEG047390,(GWHPACEW047777,GWHPACEC045161))),(GWHPACEA048350,W05_GLYSO_12G033196_1_P)),GWHPACDY049185);
((((GWHPACEG047390,GWHPACEC045161),GWHPACEW047777),((W05_GLYSO_12G033196_1_P,GWHPACEA048350),(GWHPACEO048226,(GWHPACDZ049374,GWHPACEI049409)))),(GWHPACEN047206,(GWHPACET048439,((((GWHPACES047795,GWHPACEB044143),GLYMA_12G027100_1),GWHPACEL045833),GLYMA_ZH13_12G026100_1_P))),GWHPACDY049185);
((GWHPACEG047390,(((GWHPACEO048226,(GWHPACDZ049374,GWHPACEI049409)),GWHPACEC045161),GWHPACEW047777)),((W05_GLYSO_12G033196_1_P,GWHPACEA048350),(GWHPACEN047206,(GWHPACET048439,((((GWHPACES047795,GWHPACEB044143),GLYMA_12G027100_1),GWHPACEL045833),GLYMA_ZH13_12G026100_1_P)))),GWHPACDY049185);
((GWHPACEG047390,(((GWHPACEO048226,(GWHPACDZ049374,GWHPACEI049409)),GWHPACEC045161),GWHPACEW047777)),((W05_GLYSO_12G033196_1_P,GWHPACEA048350),(GWHPACEN047206,(GWHPACET048439,((((GWHPACES047795,GWHPACEB044143),GLYMA_12G027100_1),GWHPACEL045833),GLYMA_ZH13_12G026100_1_P)))),GWHPACDY049185);
((GWHPACEG047390,(((GWHPACEO048226,(GWHPACDZ049374,GWHPACEI049409)),GWHPACEC045161),GWHPACEW047777)),((W05_GLYSO_12G033196_1_P,GWHPACEA048350),(GWHPACEN047206,(GWHPACET048439,((((GWHPACES047795,GWHPACEB044143),GLYMA_12G027100_1),GWHPACEL045833),GLYMA_ZH13_12G026100_1_P)))),GWHPACDY049185);
(((GWHPACEW047777,GWHPACEC045161),GWHPACEG047390),((((GWHPACEO048226,(GWHPACDZ049374,GWHPACEI049409)),W05_GLYSO_12G033196_1_P),GWHPACEA048350),(GWHPACEN047206,((((GWHPACES047795,GWHPACEB044143),GLYMA_12G027100_1),(GWHPACEL045833,GLYMA_ZH13_12G026100_1_P)),GWHPACET048439))),GWHPACDY049185);
(((GWHPACEO048226,(GWHPACDZ049374,GWHPACEI049409)),((GWHPACEW047777,GWHPACEC045161),GWHPACEG047390)),((W05_GLYSO_12G033196_1_P,GWHPACEA048350),(GWHPACEN047206,(GWHPACES047795,(GWHPACEB044143,(GLYMA_12G027100_1,((GWHPACEL045833,GLYMA_ZH13_12G026100_1_P),GWHPACET048439)))))),GWHPACDY049185);
(((GWHPACEO048226,(GWHPACDZ049374,GWHPACEI049409)),((GWHPACEW047777,GWHPACEC045161),GWHPACEG047390)),((W05_GLYSO_12G033196_1_P,GWHPACEA048350),(GWHPACEN047206,(GWHPACES047795,(GWHPACEB044143,(GLYMA_12G027100_1,((GWHPACEL045833,GLYMA_ZH13_12G026100_1_P),GWHPACET048439)))))),GWHPACDY049185);
(((GWHPACEO048226,(GWHPACDZ049374,GWHPACEI049409)),((GWHPACEW047777,GWHPACEC045161),GWHPACEG047390)),((W05_GLYSO_12G033196_1_P,GWHPACEA048350),(GWHPACEN047206,(GWHPACES047795,(GWHPACEB044143,(GLYMA_12G027100_1,((GWHPACEL045833,GLYMA_ZH13_12G026100_1_P),GWHPACET048439)))))),GWHPACDY049185);
(((GWHPACEO048226,(GWHPACDZ049374,GWHPACEI049409)),((GWHPACEW047777,GWHPACEC045161),GWHPACEG047390)),((W05_GLYSO_12G033196_1_P,GWHPACEA048350),(GWHPACEN047206,(GWHPACES047795,(GWHPACEB044143,(GLYMA_12G027100_1,((GWHPACEL045833,GLYMA_ZH13_12G026100_1_P),GWHPACET048439)))))),GWHPACDY049185);
(((GWHPACEO048226,(GWHPACDZ049374,GWHPACEI049409)),((GWHPACEW047777,GWHPACEC045161),GWHPACEG047390)),((W05_GLYSO_12G033196_1_P,GWHPACEA048350),(GWHPACEN047206,(GWHPACES047795,(GWHPACEB044143,(GLYMA_12G027100_1,((GWHPACEL045833,GLYMA_ZH13_12G026100_1_P),GWHPACET048439)))))),GWHPACDY049185);
((GLYMA_12G027100_1,(GWHPACEN047206,(GWHPACET048439,((W05_GLYSO_12G033196_1_P,GWHPACEA048350),(GWHPACEL045833,(GLYMA_ZH13_12G026100_1_P,(GWHPACES047795,GWHPACEB044143))))))),((((GWHPACDZ049374,(GWHPACEI049409,GWHPACEO048226)),GWHPACEC045161),GWHPACEG047390),GWHPACEW047777),GWHPACDY049185);
(((GWHPACEL045833,((((GLYMA_ZH13_12G026100_1_P,GWHPACET048439),GWHPACES047795),GWHPACEB044143),GLYMA_12G027100_1)),GWHPACEN047206),((GWHPACEA048350,((GWHPACEI049409,(GWHPACEO048226,GWHPACDZ049374)),W05_GLYSO_12G033196_1_P)),((GWHPACEG047390,GWHPACEC045161),GWHPACEW047777)),GWHPACDY049185);
(((((GLYMA_ZH13_12G026100_1_P,GWHPACEL045833),(((GWHPACET048439,GWHPACES047795),GWHPACEB044143),GLYMA_12G027100_1)),GWHPACEN047206),(W05_GLYSO_12G033196_1_P,GWHPACEA048350)),((GWHPACEI049409,(GWHPACEO048226,GWHPACDZ049374)),((GWHPACEW047777,GWHPACEG047390),GWHPACEC045161)),GWHPACDY049185);
(((((GLYMA_ZH13_12G026100_1_P,GWHPACEL045833),(((GWHPACET048439,GWHPACES047795),GWHPACEB044143),GLYMA_12G027100_1)),GWHPACEN047206),(W05_GLYSO_12G033196_1_P,GWHPACEA048350)),((GWHPACEI049409,(GWHPACEO048226,GWHPACDZ049374)),((GWHPACEW047777,GWHPACEG047390),GWHPACEC045161)),GWHPACDY049185);
(((((GLYMA_ZH13_12G026100_1_P,GWHPACEL045833),(((GWHPACET048439,GWHPACES047795),GWHPACEB044143),GLYMA_12G027100_1)),GWHPACEN047206),(W05_GLYSO_12G033196_1_P,GWHPACEA048350)),((GWHPACEI049409,(GWHPACEO048226,GWHPACDZ049374)),((GWHPACEW047777,GWHPACEG047390),GWHPACEC045161)),GWHPACDY049185);
(((((GLYMA_ZH13_12G026100_1_P,GWHPACEL045833),(((GWHPACET048439,GWHPACES047795),GWHPACEB044143),GLYMA_12G027100_1)),GWHPACEN047206),(W05_GLYSO_12G033196_1_P,GWHPACEA048350)),((GWHPACEI049409,(GWHPACEO048226,GWHPACDZ049374)),((GWHPACEW047777,GWHPACEG047390),GWHPACEC045161)),GWHPACDY049185);
(((((GLYMA_ZH13_12G026100_1_P,GWHPACEL045833),(((GWHPACET048439,GWHPACES047795),GWHPACEB044143),GLYMA_12G027100_1)),GWHPACEN047206),(W05_GLYSO_12G033196_1_P,GWHPACEA048350)),((GWHPACEI049409,(GWHPACEO048226,GWHPACDZ049374)),((GWHPACEW047777,GWHPACEG047390),GWHPACEC045161)),GWHPACDY049185);
((((GLYMA_ZH13_12G026100_1_P,GWHPACEL045833),(((GWHPACET048439,GWHPACES047795),GWHPACEB044143),GLYMA_12G027100_1)),GWHPACEN047206),(((W05_GLYSO_12G033196_1_P,GWHPACEA048350),(GWHPACEO048226,(GWHPACDZ049374,GWHPACEI049409))),(GWHPACEW047777,(GWHPACEG047390,GWHPACEC045161))),GWHPACDY049185);
((((GLYMA_ZH13_12G026100_1_P,GWHPACEL045833),(((GWHPACET048439,GWHPACES047795),GWHPACEB044143),GLYMA_12G027100_1)),GWHPACEN047206),(((W05_GLYSO_12G033196_1_P,GWHPACEA048350),(GWHPACEO048226,(GWHPACDZ049374,GWHPACEI049409))),(GWHPACEW047777,(GWHPACEG047390,GWHPACEC045161))),GWHPACDY049185);
(((W05_GLYSO_12G033196_1_P,GWHPACEA048350),(((GLYMA_ZH13_12G026100_1_P,GWHPACEL045833),(((GWHPACET048439,GWHPACES047795),GWHPACEB044143),GLYMA_12G027100_1)),GWHPACEN047206)),((GWHPACDZ049374,(GWHPACEI049409,GWHPACEO048226)),(GWHPACEW047777,(GWHPACEG047390,GWHPACEC045161))),GWHPACDY049185);
((GLYMA_ZH13_12G026100_1_P,((GWHPACEA048350,W05_GLYSO_12G033196_1_P),(GLYMA_12G027100_1,(GWHPACET048439,(GWHPACES047795,(GWHPACEB044143,(GWHPACEL045833,GWHPACEN047206))))))),(((((GWHPACDZ049374,GWHPACEI049409),GWHPACEO048226),GWHPACEC045161),GWHPACEG047390),GWHPACEW047777),GWHPACDY049185);
((GWHPACEA048350,((((GWHPACDZ049374,GWHPACEI049409),GWHPACEO048226),((GWHPACEW047777,GWHPACEG047390),GWHPACEC045161)),W05_GLYSO_12G033196_1_P)),(((GLYMA_ZH13_12G026100_1_P,((GWHPACES047795,GWHPACET048439),GWHPACEB044143)),(GLYMA_12G027100_1,GWHPACEL045833)),GWHPACEN047206),GWHPACDY049185);
((GWHPACEA048350,((((GWHPACDZ049374,GWHPACEI049409),GWHPACEO048226),((GWHPACEW047777,GWHPACEG047390),GWHPACEC045161)),W05_GLYSO_12G033196_1_P)),(((GLYMA_ZH13_12G026100_1_P,((GWHPACES047795,GWHPACET048439),GWHPACEB044143)),(GLYMA_12G027100_1,GWHPACEL045833)),GWHPACEN047206),GWHPACDY049185);
((GWHPACEB044143,GLYMA_ZH13_12G026100_1_P),(((GWHPACES047795,GWHPACET048439),(GLYMA_12G027100_1,GWHPACEL045833)),(GWHPACEN047206,(((GWHPACDZ049374,(GWHPACEI049409,GWHPACEO048226)),((GWHPACEW047777,GWHPACEG047390),GWHPACEC045161)),(W05_GLYSO_12G033196_1_P,GWHPACEA048350)))),GWHPACDY049185);
(((GWHPACDZ049374,(GWHPACEI049409,GWHPACEO048226)),((GWHPACEW047777,GWHPACEG047390),GWHPACEC045161)),((W05_GLYSO_12G033196_1_P,GWHPACEA048350),(((GWHPACEB044143,GLYMA_ZH13_12G026100_1_P),(GWHPACES047795,((GWHPACET048439,GLYMA_12G027100_1),GWHPACEL045833))),GWHPACEN047206)),GWHPACDY049185);
((GWHPACEG047390,((GWHPACEC045161,(((GLYMA_ZH13_12G026100_1_P,GWHPACEW047777),(GWHPACEN047206,(GWHPACEA048350,((W05_GLYSO_12G033196_1_P,GWHPACDZ049374),(GWHPACEI049409,GWHPACEO048226))))),(GWHPACEB044143,GWHPACES047795))),GWHPACEL045833)),(GWHPACET048439,GLYMA_12G027100_1),GWHPACDY049185);
(((GWHPACEG047390,GWHPACEC045161),(GWHPACEW047777,(GWHPACDZ049374,(GWHPACEO048226,GWHPACEI049409)))),((GWHPACEN047206,((GLYMA_ZH13_12G026100_1_P,(GWHPACET048439,GLYMA_12G027100_1)),((GWHPACEB044143,GWHPACES047795),GWHPACEL045833))),(W05_GLYSO_12G033196_1_P,GWHPACEA048350)),GWHPACDY049185);
(((GWHPACEG047390,GWHPACEC045161),GWHPACEW047777),((GWHPACEN047206,(GWHPACET048439,(GLYMA_12G027100_1,((GLYMA_ZH13_12G026100_1_P,(GWHPACEB044143,GWHPACES047795)),GWHPACEL045833)))),(((GWHPACDZ049374,(GWHPACEO048226,GWHPACEI049409)),W05_GLYSO_12G033196_1_P),GWHPACEA048350)),GWHPACDY049185);
(((GWHPACDZ049374,(GWHPACEO048226,GWHPACEI049409)),((GWHPACEG047390,GWHPACEC045161),GWHPACEW047777)),((GWHPACEN047206,(GWHPACET048439,(GLYMA_12G027100_1,((GLYMA_ZH13_12G026100_1_P,(GWHPACEB044143,GWHPACES047795)),GWHPACEL045833)))),(W05_GLYSO_12G033196_1_P,GWHPACEA048350)),GWHPACDY049185);
(((GWHPACDZ049374,(GWHPACEO048226,GWHPACEI049409)),((GWHPACEG047390,GWHPACEC045161),GWHPACEW047777)),((GWHPACEN047206,(GWHPACET048439,(GLYMA_12G027100_1,((GLYMA_ZH13_12G026100_1_P,(GWHPACEB044143,GWHPACES047795)),GWHPACEL045833)))),(W05_GLYSO_12G033196_1_P,GWHPACEA048350)),GWHPACDY049185);
((GWHPACES047795,(GWHPACEB044143,(GWHPACET048439,((GWHPACEA048350,W05_GLYSO_12G033196_1_P),(GWHPACEL045833,(GWHPACEN047206,(GLYMA_12G027100_1,GLYMA_ZH13_12G026100_1_P))))))),(((((GWHPACEI049409,GWHPACEO048226),GWHPACDZ049374),GWHPACEG047390),GWHPACEC045161),GWHPACEW047777),GWHPACDY049185);
((GWHPACES047795,(GWHPACEB044143,(GWHPACET048439,((GWHPACEA048350,W05_GLYSO_12G033196_1_P),(GWHPACEL045833,(GWHPACEN047206,(GLYMA_12G027100_1,GLYMA_ZH13_12G026100_1_P))))))),(((((GWHPACEI049409,GWHPACEO048226),GWHPACDZ049374),GWHPACEG047390),GWHPACEC045161),GWHPACEW047777),GWHPACDY049185);
((GWHPACES047795,(GWHPACEB044143,(GWHPACET048439,((GWHPACEA048350,W05_GLYSO_12G033196_1_P),(GWHPACEL045833,(GWHPACEN047206,(GLYMA_12G027100_1,GLYMA_ZH13_12G026100_1_P))))))),(((((GWHPACEI049409,GWHPACEO048226),GWHPACDZ049374),GWHPACEG047390),GWHPACEC045161),GWHPACEW047777),GWHPACDY049185);
((GWHPACES047795,(GWHPACEB044143,(GWHPACET048439,((GWHPACEA048350,W05_GLYSO_12G033196_1_P),(GWHPACEL045833,(GWHPACEN047206,(GLYMA_12G027100_1,GLYMA_ZH13_12G026100_1_P))))))),(((((GWHPACEI049409,GWHPACEO048226),GWHPACDZ049374),GWHPACEG047390),GWHPACEC045161),GWHPACEW047777),GWHPACDY049185);
((GWHPACES047795,(GWHPACEB044143,(GWHPACET048439,((GWHPACEA048350,W05_GLYSO_12G033196_1_P),(GWHPACEL045833,(GWHPACEN047206,(GLYMA_12G027100_1,GLYMA_ZH13_12G026100_1_P))))))),(((((GWHPACEI049409,GWHPACEO048226),GWHPACDZ049374),GWHPACEG047390),GWHPACEC045161),GWHPACEW047777),GWHPACDY049185);
((GWHPACES047795,(GWHPACEB044143,(GWHPACET048439,((GWHPACEA048350,W05_GLYSO_12G033196_1_P),(GWHPACEL045833,(GWHPACEN047206,(GLYMA_12G027100_1,GLYMA_ZH13_12G026100_1_P))))))),(((((GWHPACEI049409,GWHPACEO048226),GWHPACDZ049374),GWHPACEG047390),GWHPACEC045161),GWHPACEW047777),GWHPACDY049185);
((GWHPACES047795,(GWHPACEB044143,(GWHPACET048439,((GWHPACEA048350,W05_GLYSO_12G033196_1_P),(GWHPACEL045833,(GWHPACEN047206,(GLYMA_12G027100_1,GLYMA_ZH13_12G026100_1_P))))))),(((((GWHPACEI049409,GWHPACEO048226),GWHPACDZ049374),GWHPACEG047390),GWHPACEC045161),GWHPACEW047777),GWHPACDY049185);
((GWHPACES047795,(GWHPACEB044143,(GWHPACET048439,((GWHPACEA048350,W05_GLYSO_12G033196_1_P),(GWHPACEL045833,(GWHPACEN047206,(GLYMA_12G027100_1,GLYMA_ZH13_12G026100_1_P))))))),(((((GWHPACEI049409,GWHPACEO048226),GWHPACDZ049374),GWHPACEG047390),GWHPACEC045161),GWHPACEW047777),GWHPACDY049185);
((GWHPACES047795,(GWHPACEB044143,(GWHPACET048439,((GWHPACEA048350,W05_GLYSO_12G033196_1_P),(GWHPACEL045833,(GWHPACEN047206,(GLYMA_12G027100_1,GLYMA_ZH13_12G026100_1_P))))))),(((((GWHPACEI049409,GWHPACEO048226),GWHPACDZ049374),GWHPACEG047390),GWHPACEC045161),GWHPACEW047777),GWHPACDY049185);
((GWHPACES047795,(GWHPACEB044143,(GWHPACET048439,((GWHPACEA048350,W05_GLYSO_12G033196_1_P),(GWHPACEL045833,(GWHPACEN047206,(GLYMA_12G027100_1,GLYMA_ZH13_12G026100_1_P))))))),(((((GWHPACEI049409,GWHPACEO048226),GWHPACDZ049374),GWHPACEG047390),GWHPACEC045161),GWHPACEW047777),GWHPACDY049185);
((GWHPACEC045161,(GWHPACEG047390,(GWHPACEW047777,(GWHPACDZ049374,(GWHPACEO048226,GWHPACEI049409))))),(((((((GWHPACET048439,GWHPACEB044143),GWHPACEN047206),GWHPACES047795),GLYMA_12G027100_1),GLYMA_ZH13_12G026100_1_P),GWHPACEL045833),(W05_GLYSO_12G033196_1_P,GWHPACEA048350)),GWHPACDY049185);
((GWHPACEC045161,(GWHPACEG047390,(GWHPACEW047777,(GWHPACDZ049374,(GWHPACEO048226,GWHPACEI049409))))),(((((((GWHPACET048439,GWHPACEB044143),GWHPACEN047206),GWHPACES047795),GLYMA_12G027100_1),GLYMA_ZH13_12G026100_1_P),GWHPACEL045833),(W05_GLYSO_12G033196_1_P,GWHPACEA048350)),GWHPACDY049185);
((GWHPACEC045161,(GWHPACEG047390,(GWHPACEW047777,(GWHPACDZ049374,(GWHPACEO048226,GWHPACEI049409))))),(((((((GWHPACET048439,GWHPACEB044143),GWHPACEN047206),GWHPACES047795),GLYMA_12G027100_1),GLYMA_ZH13_12G026100_1_P),GWHPACEL045833),(W05_GLYSO_12G033196_1_P,GWHPACEA048350)),GWHPACDY049185);
((GWHPACEC045161,(GWHPACEG047390,(GWHPACEW047777,(GWHPACDZ049374,(GWHPACEO048226,GWHPACEI049409))))),(((((((GWHPACET048439,GWHPACEB044143),GWHPACEN047206),GWHPACES047795),GLYMA_12G027100_1),GLYMA_ZH13_12G026100_1_P),GWHPACEL045833),(W05_GLYSO_12G033196_1_P,GWHPACEA048350)),GWHPACDY049185);
((GWHPACEC045161,(GWHPACEG047390,(GWHPACEW047777,(GWHPACDZ049374,(GWHPACEO048226,GWHPACEI049409))))),(((((((GWHPACET048439,GWHPACEB044143),GWHPACEN047206),GWHPACES047795),GLYMA_12G027100_1),GLYMA_ZH13_12G026100_1_P),GWHPACEL045833),(W05_GLYSO_12G033196_1_P,GWHPACEA048350)),GWHPACDY049185);
((GWHPACEC045161,(GWHPACEG047390,(GWHPACEW047777,(GWHPACDZ049374,(GWHPACEO048226,GWHPACEI049409))))),(((((((GWHPACET048439,GWHPACEB044143),GWHPACEN047206),GWHPACES047795),GLYMA_12G027100_1),GLYMA_ZH13_12G026100_1_P),GWHPACEL045833),(W05_GLYSO_12G033196_1_P,GWHPACEA048350)),GWHPACDY049185);
((GLYMA_12G027100_1,GLYMA_ZH13_12G026100_1_P),((GWHPACES047795,(((GWHPACEN047206,((((GWHPACDZ049374,(GWHPACEO048226,GWHPACEI049409)),W05_GLYSO_12G033196_1_P),GWHPACEA048350),((GWHPACEG047390,GWHPACEC045161),GWHPACEW047777))),GWHPACET048439),GWHPACEL045833)),GWHPACEB044143),GWHPACDY049185);
(((GWHPACDZ049374,(GWHPACEO048226,GWHPACEI049409)),(GWHPACEG047390,(GWHPACEC045161,GWHPACEW047777))),(((GWHPACET048439,(GWHPACEL045833,((GWHPACEB044143,(GLYMA_12G027100_1,GLYMA_ZH13_12G026100_1_P)),GWHPACES047795))),GWHPACEN047206),(W05_GLYSO_12G033196_1_P,GWHPACEA048350)),GWHPACDY049185);
(((GWHPACDZ049374,(GWHPACEO048226,GWHPACEI049409)),(GWHPACEG047390,(GWHPACEC045161,GWHPACEW047777))),(((GWHPACET048439,(GWHPACEL045833,((GWHPACEB044143,(GLYMA_12G027100_1,GLYMA_ZH13_12G026100_1_P)),GWHPACES047795))),GWHPACEN047206),(W05_GLYSO_12G033196_1_P,GWHPACEA048350)),GWHPACDY049185);
(((GWHPACDZ049374,(GWHPACEO048226,GWHPACEI049409)),(GWHPACEG047390,(GWHPACEC045161,GWHPACEW047777))),(((GWHPACET048439,(GWHPACEL045833,((GWHPACEB044143,(GLYMA_12G027100_1,GLYMA_ZH13_12G026100_1_P)),GWHPACES047795))),GWHPACEN047206),(W05_GLYSO_12G033196_1_P,GWHPACEA048350)),GWHPACDY049185);
(((GWHPACEG047390,(GWHPACEI049409,(GWHPACDZ049374,GWHPACEO048226))),(GWHPACEC045161,GWHPACEW047777)),(GWHPACEN047206,(GWHPACES047795,(GLYMA_ZH13_12G026100_1_P,(GWHPACEB044143,(GLYMA_12G027100_1,((GWHPACEA048350,W05_GLYSO_12G033196_1_P),(GWHPACEL045833,GWHPACET048439))))))),GWHPACDY049185);
(((GWHPACEG047390,(GWHPACEI049409,(GWHPACDZ049374,GWHPACEO048226))),(GWHPACEC045161,GWHPACEW047777)),(GWHPACEN047206,(GWHPACES047795,(GLYMA_ZH13_12G026100_1_P,(GWHPACEB044143,(GLYMA_12G027100_1,((GWHPACEA048350,W05_GLYSO_12G033196_1_P),(GWHPACEL045833,GWHPACET048439))))))),GWHPACDY049185);
(((GWHPACEG047390,(GWHPACEI049409,(GWHPACDZ049374,GWHPACEO048226))),(GWHPACEC045161,GWHPACEW047777)),(GWHPACEN047206,(GWHPACES047795,(GLYMA_ZH13_12G026100_1_P,(GWHPACEB044143,(GLYMA_12G027100_1,((GWHPACEA048350,W05_GLYSO_12G033196_1_P),(GWHPACEL045833,GWHPACET048439))))))),GWHPACDY049185);
(((GWHPACEG047390,(GWHPACEI049409,(GWHPACDZ049374,GWHPACEO048226))),(GWHPACEC045161,GWHPACEW047777)),(GWHPACEN047206,(GWHPACES047795,(GLYMA_ZH13_12G026100_1_P,(GWHPACEB044143,(GLYMA_12G027100_1,((GWHPACEA048350,W05_GLYSO_12G033196_1_P),(GWHPACEL045833,GWHPACET048439))))))),GWHPACDY049185);
(((GWHPACEG047390,(GWHPACEI049409,(GWHPACDZ049374,GWHPACEO048226))),(GWHPACEC045161,GWHPACEW047777)),(GWHPACEN047206,(GWHPACES047795,(GLYMA_ZH13_12G026100_1_P,(GWHPACEB044143,(GLYMA_12G027100_1,((GWHPACEA048350,W05_GLYSO_12G033196_1_P),(GWHPACEL045833,GWHPACET048439))))))),GWHPACDY049185);
(((GWHPACEG047390,(GWHPACEI049409,(GWHPACDZ049374,GWHPACEO048226))),(GWHPACEC045161,GWHPACEW047777)),(GWHPACEN047206,(GWHPACES047795,(GLYMA_ZH13_12G026100_1_P,(GWHPACEB044143,(GLYMA_12G027100_1,((GWHPACEA048350,W05_GLYSO_12G033196_1_P),(GWHPACEL045833,GWHPACET048439))))))),GWHPACDY049185);
(((GWHPACEG047390,(GWHPACEI049409,(GWHPACDZ049374,GWHPACEO048226))),(GWHPACEC045161,GWHPACEW047777)),(GWHPACEN047206,(GWHPACES047795,(GLYMA_ZH13_12G026100_1_P,(GWHPACEB044143,(GLYMA_12G027100_1,((GWHPACEA048350,W05_GLYSO_12G033196_1_P),(GWHPACEL045833,GWHPACET048439))))))),GWHPACDY049185);
(((GWHPACEG047390,(GWHPACEI049409,(GWHPACDZ049374,GWHPACEO048226))),(GWHPACEC045161,GWHPACEW047777)),(GWHPACEN047206,(GWHPACES047795,(GLYMA_ZH13_12G026100_1_P,(GWHPACEB044143,(GLYMA_12G027100_1,((GWHPACEA048350,W05_GLYSO_12G033196_1_P),(GWHPACEL045833,GWHPACET048439))))))),GWHPACDY049185);
(((GWHPACEG047390,(GWHPACEI049409,(GWHPACDZ049374,GWHPACEO048226))),(GWHPACEC045161,GWHPACEW047777)),(GWHPACEN047206,(GWHPACES047795,(GLYMA_ZH13_12G026100_1_P,(GWHPACEB044143,(GLYMA_12G027100_1,((GWHPACEA048350,W05_GLYSO_12G033196_1_P),(GWHPACEL045833,GWHPACET048439))))))),GWHPACDY049185);
(((GWHPACEG047390,(GWHPACEI049409,(GWHPACDZ049374,GWHPACEO048226))),(GWHPACEC045161,GWHPACEW047777)),(GWHPACEN047206,(GWHPACES047795,(GLYMA_ZH13_12G026100_1_P,(GWHPACEB044143,(GLYMA_12G027100_1,((GWHPACEA048350,W05_GLYSO_12G033196_1_P),(GWHPACEL045833,GWHPACET048439))))))),GWHPACDY049185);
