(W05_GLYSO_12G035350_1_P,(GWHPACEA051590,(GWHPACEW050976,GLYMA_ZH13_12G214600_1_P)),GLYMA_12G239200_1);
(W05_GLYSO_12G035350_1_P,(GWHPACEA051590,(GWHPACEW050976,GLYMA_ZH13_12G214600_1_P)),GLYMA_12G239200_1);
(W05_GLYSO_12G035350_1_P,(GWHPACEA051590,(GWHPACEW050976,GLYMA_ZH13_12G214600_1_P)),GLYMA_12G239200_1);
(W05_GLYSO_12G035350_1_P,(GWHPACEA051590,(GWHPACEW050976,GLYMA_ZH13_12G214600_1_P)),GLYMA_12G239200_1);
(W05_GLYSO_12G035350_1_P,(GWHPACEA051590,(GWHPACEW050976,GLYMA_ZH13_12G214600_1_P)),GLYMA_12G239200_1);
(W05_GLYSO_12G035350_1_P,(GWHPACEA051590,(GWHPACEW050976,GLYMA_ZH13_12G214600_1_P)),GLYMA_12G239200_1);
(W05_GLYSO_12G035350_1_P,(GWHPACEA051590,(GWHPACEW050976,GLYMA_ZH13_12G214600_1_P)),GLYMA_12G239200_1);
(W05_GLYSO_12G035350_1_P,(GWHPACEA051590,(GWHPACEW050976,GLYMA_ZH13_12G214600_1_P)),GLYMA_12G239200_1);
(W05_GLYSO_12G035350_1_P,(GWHPACEA051590,(GWHPACEW050976,GLYMA_ZH13_12G214600_1_P)),GLYMA_12G239200_1);
(W05_GLYSO_12G035350_1_P,(GWHPACEA051590,(GWHPACEW050976,GLYMA_ZH13_12G214600_1_P)),GLYMA_12G239200_1);
((GWHPACEA051590,(GLYMA_ZH13_12G214600_1_P,GWHPACEW050976)),W05_GLYSO_12G035350_1_P,GLYMA_12G239200_1);
((GWHPACEA051590,(GLYMA_ZH13_12G214600_1_P,GWHPACEW050976)),W05_GLYSO_12G035350_1_P,GLYMA_12G239200_1);
((GWHPACEA051590,(GLYMA_ZH13_12G214600_1_P,GWHPACEW050976)),W05_GLYSO_12G035350_1_P,GLYMA_12G239200_1);
((GWHPACEA051590,(GLYMA_ZH13_12G214600_1_P,GWHPACEW050976)),W05_GLYSO_12G035350_1_P,GLYMA_12G239200_1);
((GWHPACEA051590,(GLYMA_ZH13_12G214600_1_P,GWHPACEW050976)),W05_GLYSO_12G035350_1_P,GLYMA_12G239200_1);
((GWHPACEA051590,(GLYMA_ZH13_12G214600_1_P,GWHPACEW050976)),W05_GLYSO_12G035350_1_P,GLYMA_12G239200_1);
((GWHPACEA051590,(GLYMA_ZH13_12G214600_1_P,GWHPACEW050976)),W05_GLYSO_12G035350_1_P,GLYMA_12G239200_1);
((GWHPACEA051590,(GLYMA_ZH13_12G214600_1_P,GWHPACEW050976)),W05_GLYSO_12G035350_1_P,GLYMA_12G239200_1);
((GWHPACEA051590,(GLYMA_ZH13_12G214600_1_P,GWHPACEW050976)),W05_GLYSO_12G035350_1_P,GLYMA_12G239200_1);
((GWHPACEA051590,(GLYMA_ZH13_12G214600_1_P,GWHPACEW050976)),W05_GLYSO_12G035350_1_P,GLYMA_12G239200_1);
((GWHPACEA051590,(GWHPACEW050976,GLYMA_ZH13_12G214600_1_P)),W05_GLYSO_12G035350_1_P,GLYMA_12G239200_1);
((GWHPACEA051590,(GWHPACEW050976,GLYMA_ZH13_12G214600_1_P)),W05_GLYSO_12G035350_1_P,GLYMA_12G239200_1);
((GWHPACEA051590,(GWHPACEW050976,GLYMA_ZH13_12G214600_1_P)),W05_GLYSO_12G035350_1_P,GLYMA_12G239200_1);
((GWHPACEA051590,(GWHPACEW050976,GLYMA_ZH13_12G214600_1_P)),W05_GLYSO_12G035350_1_P,GLYMA_12G239200_1);
((GWHPACEA051590,(GWHPACEW050976,GLYMA_ZH13_12G214600_1_P)),W05_GLYSO_12G035350_1_P,GLYMA_12G239200_1);
((GWHPACEA051590,(GWHPACEW050976,GLYMA_ZH13_12G214600_1_P)),W05_GLYSO_12G035350_1_P,GLYMA_12G239200_1);
((GWHPACEA051590,(GWHPACEW050976,GLYMA_ZH13_12G214600_1_P)),W05_GLYSO_12G035350_1_P,GLYMA_12G239200_1);
((GWHPACEA051590,(GWHPACEW050976,GLYMA_ZH13_12G214600_1_P)),W05_GLYSO_12G035350_1_P,GLYMA_12G239200_1);
((GWHPACEA051590,(GWHPACEW050976,GLYMA_ZH13_12G214600_1_P)),W05_GLYSO_12G035350_1_P,GLYMA_12G239200_1);
((GWHPACEA051590,(GWHPACEW050976,GLYMA_ZH13_12G214600_1_P)),W05_GLYSO_12G035350_1_P,GLYMA_12G239200_1);
((GWHPACEA051590,(GWHPACEW050976,GLYMA_ZH13_12G214600_1_P)),W05_GLYSO_12G035350_1_P,GLYMA_12G239200_1);
((GWHPACEA051590,(GWHPACEW050976,GLYMA_ZH13_12G214600_1_P)),W05_GLYSO_12G035350_1_P,GLYMA_12G239200_1);
((GWHPACEA051590,(GWHPACEW050976,GLYMA_ZH13_12G214600_1_P)),W05_GLYSO_12G035350_1_P,GLYMA_12G239200_1);
((GWHPACEA051590,(GWHPACEW050976,GLYMA_ZH13_12G214600_1_P)),W05_GLYSO_12G035350_1_P,GLYMA_12G239200_1);
((GWHPACEA051590,(GWHPACEW050976,GLYMA_ZH13_12G214600_1_P)),W05_GLYSO_12G035350_1_P,GLYMA_12G239200_1);
((GWHPACEA051590,(GWHPACEW050976,GLYMA_ZH13_12G214600_1_P)),W05_GLYSO_12G035350_1_P,GLYMA_12G239200_1);
((GWHPACEA051590,(GWHPACEW050976,GLYMA_ZH13_12G214600_1_P)),W05_GLYSO_12G035350_1_P,GLYMA_12G239200_1);
((GWHPACEA051590,(GWHPACEW050976,GLYMA_ZH13_12G214600_1_P)),W05_GLYSO_12G035350_1_P,GLYMA_12G239200_1);
((GWHPACEA051590,(GWHPACEW050976,GLYMA_ZH13_12G214600_1_P)),W05_GLYSO_12G035350_1_P,GLYMA_12G239200_1);
((GWHPACEA051590,(GWHPACEW050976,GLYMA_ZH13_12G214600_1_P)),W05_GLYSO_12G035350_1_P,GLYMA_12G239200_1);
((GWHPACEA051590,(GLYMA_ZH13_12G214600_1_P,GWHPACEW050976)),W05_GLYSO_12G035350_1_P,GLYMA_12G239200_1);
((GWHPACEA051590,(GLYMA_ZH13_12G214600_1_P,GWHPACEW050976)),W05_GLYSO_12G035350_1_P,GLYMA_12G239200_1);
((GWHPACEA051590,(GLYMA_ZH13_12G214600_1_P,GWHPACEW050976)),W05_GLYSO_12G035350_1_P,GLYMA_12G239200_1);
((GWHPACEA051590,(GLYMA_ZH13_12G214600_1_P,GWHPACEW050976)),W05_GLYSO_12G035350_1_P,GLYMA_12G239200_1);
((GWHPACEA051590,(GLYMA_ZH13_12G214600_1_P,GWHPACEW050976)),W05_GLYSO_12G035350_1_P,GLYMA_12G239200_1);
((GWHPACEA051590,(GLYMA_ZH13_12G214600_1_P,GWHPACEW050976)),W05_GLYSO_12G035350_1_P,GLYMA_12G239200_1);
((GWHPACEA051590,(GLYMA_ZH13_12G214600_1_P,GWHPACEW050976)),W05_GLYSO_12G035350_1_P,GLYMA_12G239200_1);
((GWHPACEA051590,(GLYMA_ZH13_12G214600_1_P,GWHPACEW050976)),W05_GLYSO_12G035350_1_P,GLYMA_12G239200_1);
((GWHPACEA051590,(GLYMA_ZH13_12G214600_1_P,GWHPACEW050976)),W05_GLYSO_12G035350_1_P,GLYMA_12G239200_1);
((GWHPACEA051590,(GLYMA_ZH13_12G214600_1_P,GWHPACEW050976)),W05_GLYSO_12G035350_1_P,GLYMA_12G239200_1);
((GWHPACEA051590,(GWHPACEW050976,GLYMA_ZH13_12G214600_1_P)),W05_GLYSO_12G035350_1_P,GLYMA_12G239200_1);
((GWHPACEA051590,(GWHPACEW050976,GLYMA_ZH13_12G214600_1_P)),W05_GLYSO_12G035350_1_P,GLYMA_12G239200_1);
((GWHPACEA051590,(GWHPACEW050976,GLYMA_ZH13_12G214600_1_P)),W05_GLYSO_12G035350_1_P,GLYMA_12G239200_1);
((GWHPACEA051590,(GWHPACEW050976,GLYMA_ZH13_12G214600_1_P)),W05_GLYSO_12G035350_1_P,GLYMA_12G239200_1);
((GWHPACEA051590,(GWHPACEW050976,GLYMA_ZH13_12G214600_1_P)),W05_GLYSO_12G035350_1_P,GLYMA_12G239200_1);
((GWHPACEA051590,(GWHPACEW050976,GLYMA_ZH13_12G214600_1_P)),W05_GLYSO_12G035350_1_P,GLYMA_12G239200_1);
((GWHPACEA051590,(GWHPACEW050976,GLYMA_ZH13_12G214600_1_P)),W05_GLYSO_12G035350_1_P,GLYMA_12G239200_1);
((GWHPACEA051590,(GWHPACEW050976,GLYMA_ZH13_12G214600_1_P)),W05_GLYSO_12G035350_1_P,GLYMA_12G239200_1);
((GWHPACEA051590,(GWHPACEW050976,GLYMA_ZH13_12G214600_1_P)),W05_GLYSO_12G035350_1_P,GLYMA_12G239200_1);
((GWHPACEA051590,(GWHPACEW050976,GLYMA_ZH13_12G214600_1_P)),W05_GLYSO_12G035350_1_P,GLYMA_12G239200_1);
(W05_GLYSO_12G035350_1_P,((GLYMA_ZH13_12G214600_1_P,GWHPACEW050976),GWHPACEA051590),GLYMA_12G239200_1);
(W05_GLYSO_12G035350_1_P,((GLYMA_ZH13_12G214600_1_P,GWHPACEW050976),GWHPACEA051590),GLYMA_12G239200_1);
(W05_GLYSO_12G035350_1_P,((GLYMA_ZH13_12G214600_1_P,GWHPACEW050976),GWHPACEA051590),GLYMA_12G239200_1);
(W05_GLYSO_12G035350_1_P,((GLYMA_ZH13_12G214600_1_P,GWHPACEW050976),GWHPACEA051590),GLYMA_12G239200_1);
(W05_GLYSO_12G035350_1_P,((GLYMA_ZH13_12G214600_1_P,GWHPACEW050976),GWHPACEA051590),GLYMA_12G239200_1);
(W05_GLYSO_12G035350_1_P,((GLYMA_ZH13_12G214600_1_P,GWHPACEW050976),GWHPACEA051590),GLYMA_12G239200_1);
(W05_GLYSO_12G035350_1_P,((GLYMA_ZH13_12G214600_1_P,GWHPACEW050976),GWHPACEA051590),GLYMA_12G239200_1);
(W05_GLYSO_12G035350_1_P,((GLYMA_ZH13_12G214600_1_P,GWHPACEW050976),GWHPACEA051590),GLYMA_12G239200_1);
(W05_GLYSO_12G035350_1_P,((GLYMA_ZH13_12G214600_1_P,GWHPACEW050976),GWHPACEA051590),GLYMA_12G239200_1);
(W05_GLYSO_12G035350_1_P,((GLYMA_ZH13_12G214600_1_P,GWHPACEW050976),GWHPACEA051590),GLYMA_12G239200_1);
((GWHPACEA051590,(GWHPACEW050976,GLYMA_ZH13_12G214600_1_P)),W05_GLYSO_12G035350_1_P,GLYMA_12G239200_1);
((GWHPACEA051590,(GWHPACEW050976,GLYMA_ZH13_12G214600_1_P)),W05_GLYSO_12G035350_1_P,GLYMA_12G239200_1);
((GWHPACEA051590,(GWHPACEW050976,GLYMA_ZH13_12G214600_1_P)),W05_GLYSO_12G035350_1_P,GLYMA_12G239200_1);
((GWHPACEA051590,(GWHPACEW050976,GLYMA_ZH13_12G214600_1_P)),W05_GLYSO_12G035350_1_P,GLYMA_12G239200_1);
((GWHPACEA051590,(GWHPACEW050976,GLYMA_ZH13_12G214600_1_P)),W05_GLYSO_12G035350_1_P,GLYMA_12G239200_1);
((GWHPACEA051590,(GWHPACEW050976,GLYMA_ZH13_12G214600_1_P)),W05_GLYSO_12G035350_1_P,GLYMA_12G239200_1);
((GWHPACEA051590,(GWHPACEW050976,GLYMA_ZH13_12G214600_1_P)),W05_GLYSO_12G035350_1_P,GLYMA_12G239200_1);
((GWHPACEA051590,(GWHPACEW050976,GLYMA_ZH13_12G214600_1_P)),W05_GLYSO_12G035350_1_P,GLYMA_12G239200_1);
((GWHPACEA051590,(GWHPACEW050976,GLYMA_ZH13_12G214600_1_P)),W05_GLYSO_12G035350_1_P,GLYMA_12G239200_1);
((GWHPACEA051590,(GWHPACEW050976,GLYMA_ZH13_12G214600_1_P)),W05_GLYSO_12G035350_1_P,GLYMA_12G239200_1);
((GWHPACEA051590,(GLYMA_ZH13_12G214600_1_P,GWHPACEW050976)),W05_GLYSO_12G035350_1_P,GLYMA_12G239200_1);
((GWHPACEA051590,(GLYMA_ZH13_12G214600_1_P,GWHPACEW050976)),W05_GLYSO_12G035350_1_P,GLYMA_12G239200_1);
((GWHPACEA051590,(GLYMA_ZH13_12G214600_1_P,GWHPACEW050976)),W05_GLYSO_12G035350_1_P,GLYMA_12G239200_1);
((GWHPACEA051590,(GLYMA_ZH13_12G214600_1_P,GWHPACEW050976)),W05_GLYSO_12G035350_1_P,GLYMA_12G239200_1);
((GWHPACEA051590,(GLYMA_ZH13_12G214600_1_P,GWHPACEW050976)),W05_GLYSO_12G035350_1_P,GLYMA_12G239200_1);
((GWHPACEA051590,(GLYMA_ZH13_12G214600_1_P,GWHPACEW050976)),W05_GLYSO_12G035350_1_P,GLYMA_12G239200_1);
((GWHPACEA051590,(GLYMA_ZH13_12G214600_1_P,GWHPACEW050976)),W05_GLYSO_12G035350_1_P,GLYMA_12G239200_1);
((GWHPACEA051590,(GLYMA_ZH13_12G214600_1_P,GWHPACEW050976)),W05_GLYSO_12G035350_1_P,GLYMA_12G239200_1);
((GWHPACEA051590,(GLYMA_ZH13_12G214600_1_P,GWHPACEW050976)),W05_GLYSO_12G035350_1_P,GLYMA_12G239200_1);
((GWHPACEA051590,(GLYMA_ZH13_12G214600_1_P,GWHPACEW050976)),W05_GLYSO_12G035350_1_P,GLYMA_12G239200_1);
(W05_GLYSO_12G035350_1_P,((GWHPACEW050976,GLYMA_ZH13_12G214600_1_P),GWHPACEA051590),GLYMA_12G239200_1);
(W05_GLYSO_12G035350_1_P,((GWHPACEW050976,GLYMA_ZH13_12G214600_1_P),GWHPACEA051590),GLYMA_12G239200_1);
(W05_GLYSO_12G035350_1_P,((GWHPACEW050976,GLYMA_ZH13_12G214600_1_P),GWHPACEA051590),GLYMA_12G239200_1);
(W05_GLYSO_12G035350_1_P,((GWHPACEW050976,GLYMA_ZH13_12G214600_1_P),GWHPACEA051590),GLYMA_12G239200_1);
(W05_GLYSO_12G035350_1_P,((GWHPACEW050976,GLYMA_ZH13_12G214600_1_P),GWHPACEA051590),GLYMA_12G239200_1);
(W05_GLYSO_12G035350_1_P,((GWHPACEW050976,GLYMA_ZH13_12G214600_1_P),GWHPACEA051590),GLYMA_12G239200_1);
(W05_GLYSO_12G035350_1_P,((GWHPACEW050976,GLYMA_ZH13_12G214600_1_P),GWHPACEA051590),GLYMA_12G239200_1);
(W05_GLYSO_12G035350_1_P,((GWHPACEW050976,GLYMA_ZH13_12G214600_1_P),GWHPACEA051590),GLYMA_12G239200_1);
(W05_GLYSO_12G035350_1_P,((GWHPACEW050976,GLYMA_ZH13_12G214600_1_P),GWHPACEA051590),GLYMA_12G239200_1);
(W05_GLYSO_12G035350_1_P,((GWHPACEW050976,GLYMA_ZH13_12G214600_1_P),GWHPACEA051590),GLYMA_12G239200_1);
