((GWHPACEQ068131,(GWHPACEC068264,(GWHPACEP068556,(GWHPACEH072851,(GWHPACEK065255,(GWHPACES072988,(GWHPACEU073349,GWHPACDY074858))))))),(((GWHPACEU073261,GLYMA_18G082400_1),GWHPACEE072664),GWHPACEN071999),W05_GLYSO_18G047882_1_P);
((GWHPACEQ068131,(GWHPACEC068264,(GWHPACEP068556,(GWHPACEH072851,(GWHPACEK065255,(GWHPACES072988,(GWHPACEU073349,GWHPACDY074858))))))),(((GWHPACEU073261,GLYMA_18G082400_1),GWHPACEE072664),GWHPACEN071999),W05_GLYSO_18G047882_1_P);
((GWHPACEQ068131,(GWHPACEC068264,(GWHPACEP068556,(GWHPACEH072851,(GWHPACEK065255,(GWHPACES072988,(GWHPACEU073349,GWHPACDY074858))))))),(((GWHPACEU073261,GLYMA_18G082400_1),GWHPACEE072664),GWHPACEN071999),W05_GLYSO_18G047882_1_P);
((GWHPACEQ068131,(GWHPACEC068264,(GWHPACEP068556,(GWHPACEH072851,(GWHPACEK065255,(GWHPACES072988,(GWHPACEU073349,GWHPACDY074858))))))),(((GWHPACEU073261,GLYMA_18G082400_1),GWHPACEE072664),GWHPACEN071999),W05_GLYSO_18G047882_1_P);
((GWHPACEQ068131,(GWHPACEC068264,(GWHPACEP068556,(GWHPACEH072851,(GWHPACEK065255,(GWHPACES072988,(GWHPACEU073349,GWHPACDY074858))))))),(((GWHPACEU073261,GLYMA_18G082400_1),GWHPACEE072664),GWHPACEN071999),W05_GLYSO_18G047882_1_P);
((GWHPACEQ068131,(GWHPACEC068264,(GWHPACEP068556,(GWHPACEH072851,(GWHPACEK065255,(GWHPACES072988,(GWHPACEU073349,GWHPACDY074858))))))),(((GWHPACEU073261,GLYMA_18G082400_1),GWHPACEE072664),GWHPACEN071999),W05_GLYSO_18G047882_1_P);
((GWHPACEQ068131,(GWHPACEC068264,(GWHPACEP068556,(GWHPACEH072851,(GWHPACEK065255,(GWHPACES072988,(GWHPACEU073349,GWHPACDY074858))))))),(((GWHPACEU073261,GLYMA_18G082400_1),GWHPACEE072664),GWHPACEN071999),W05_GLYSO_18G047882_1_P);
((GWHPACEQ068131,(GWHPACEC068264,(GWHPACEP068556,(GWHPACEH072851,(GWHPACEK065255,(GWHPACES072988,(GWHPACEU073349,GWHPACDY074858))))))),(((GWHPACEU073261,GLYMA_18G082400_1),GWHPACEE072664),GWHPACEN071999),W05_GLYSO_18G047882_1_P);
((GWHPACEQ068131,(GWHPACEC068264,(GWHPACEP068556,(GWHPACEH072851,(GWHPACEK065255,(GWHPACES072988,(GWHPACEU073349,GWHPACDY074858))))))),(((GWHPACEU073261,GLYMA_18G082400_1),GWHPACEE072664),GWHPACEN071999),W05_GLYSO_18G047882_1_P);
((GWHPACEQ068131,(GWHPACEC068264,(GWHPACEP068556,(GWHPACEH072851,(GWHPACEK065255,(GWHPACES072988,(GWHPACEU073349,GWHPACDY074858))))))),(((GWHPACEU073261,GLYMA_18G082400_1),GWHPACEE072664),GWHPACEN071999),W05_GLYSO_18G047882_1_P);
((GWHPACEN071999,(GWHPACEU073349,(GWHPACEH072851,(GWHPACEE072664,(GWHPACEK065255,(GWHPACEC068264,(GWHPACEP068556,((GLYMA_18G082400_1,GWHPACEU073261),(GWHPACDY074858,GWHPACES072988))))))))),GWHPACEQ068131,W05_GLYSO_18G047882_1_P);
((GWHPACEN071999,(GWHPACEU073349,(GWHPACEH072851,(GWHPACEE072664,(GWHPACEK065255,(GWHPACEC068264,(GWHPACEP068556,((GLYMA_18G082400_1,GWHPACEU073261),(GWHPACDY074858,GWHPACES072988))))))))),GWHPACEQ068131,W05_GLYSO_18G047882_1_P);
((GWHPACEN071999,(GWHPACEU073349,(GWHPACEH072851,(GWHPACEE072664,(GWHPACEK065255,(GWHPACEC068264,(GWHPACEP068556,((GLYMA_18G082400_1,GWHPACEU073261),(GWHPACDY074858,GWHPACES072988))))))))),GWHPACEQ068131,W05_GLYSO_18G047882_1_P);
((GWHPACEN071999,(GWHPACEU073349,(GWHPACEH072851,(GWHPACEE072664,(GWHPACEK065255,(GWHPACEC068264,(GWHPACEP068556,((GLYMA_18G082400_1,GWHPACEU073261),(GWHPACDY074858,GWHPACES072988))))))))),GWHPACEQ068131,W05_GLYSO_18G047882_1_P);
((GWHPACEN071999,(GWHPACEU073349,(GWHPACEH072851,(GWHPACEE072664,(GWHPACEK065255,(GWHPACEC068264,(GWHPACEP068556,((GLYMA_18G082400_1,GWHPACEU073261),(GWHPACDY074858,GWHPACES072988))))))))),GWHPACEQ068131,W05_GLYSO_18G047882_1_P);
((GWHPACEN071999,(GWHPACEU073349,(GWHPACEH072851,(GWHPACEE072664,(GWHPACEK065255,(GWHPACEC068264,(GWHPACEP068556,((GLYMA_18G082400_1,GWHPACEU073261),(GWHPACDY074858,GWHPACES072988))))))))),GWHPACEQ068131,W05_GLYSO_18G047882_1_P);
((GWHPACEN071999,(GWHPACEU073349,(GWHPACEH072851,(GWHPACEE072664,(GWHPACEK065255,(GWHPACEC068264,(GWHPACEP068556,((GLYMA_18G082400_1,GWHPACEU073261),(GWHPACDY074858,GWHPACES072988))))))))),GWHPACEQ068131,W05_GLYSO_18G047882_1_P);
((GWHPACEN071999,(GWHPACEU073349,(GWHPACEH072851,(GWHPACEE072664,(GWHPACEK065255,(GWHPACEC068264,(GWHPACEP068556,((GLYMA_18G082400_1,GWHPACEU073261),(GWHPACDY074858,GWHPACES072988))))))))),GWHPACEQ068131,W05_GLYSO_18G047882_1_P);
((GWHPACEN071999,(GWHPACEU073349,(GWHPACEH072851,(GWHPACEE072664,(GWHPACEK065255,(GWHPACEC068264,(GWHPACEP068556,((GLYMA_18G082400_1,GWHPACEU073261),(GWHPACDY074858,GWHPACES072988))))))))),GWHPACEQ068131,W05_GLYSO_18G047882_1_P);
((GWHPACEN071999,(GWHPACEU073349,(GWHPACEH072851,(GWHPACEE072664,(GWHPACEK065255,(GWHPACEC068264,(GWHPACEP068556,((GLYMA_18G082400_1,GWHPACEU073261),(GWHPACDY074858,GWHPACES072988))))))))),GWHPACEQ068131,W05_GLYSO_18G047882_1_P);
(GWHPACDY074858,(GWHPACEN071999,(GWHPACEQ068131,(GWHPACEP068556,(GWHPACEC068264,(GWHPACEE072664,((GWHPACEU073261,GLYMA_18G082400_1),(GWHPACES072988,(GWHPACEU073349,(GWHPACEK065255,GWHPACEH072851))))))))),W05_GLYSO_18G047882_1_P);
(GWHPACDY074858,(GWHPACEN071999,(GWHPACEQ068131,(GWHPACEP068556,(GWHPACEC068264,(GWHPACEE072664,((GWHPACEU073261,GLYMA_18G082400_1),(GWHPACES072988,(GWHPACEU073349,(GWHPACEK065255,GWHPACEH072851))))))))),W05_GLYSO_18G047882_1_P);
(GWHPACDY074858,(GWHPACEN071999,(GWHPACEQ068131,(GWHPACEP068556,(GWHPACEC068264,(GWHPACEE072664,((GWHPACEU073261,GLYMA_18G082400_1),(GWHPACES072988,(GWHPACEU073349,(GWHPACEK065255,GWHPACEH072851))))))))),W05_GLYSO_18G047882_1_P);
(GWHPACDY074858,(GWHPACEN071999,(GWHPACEQ068131,(GWHPACEP068556,(GWHPACEC068264,(GWHPACEE072664,((GWHPACEU073261,GLYMA_18G082400_1),(GWHPACES072988,(GWHPACEU073349,(GWHPACEK065255,GWHPACEH072851))))))))),W05_GLYSO_18G047882_1_P);
(GWHPACDY074858,(GWHPACEN071999,(GWHPACEQ068131,(GWHPACEP068556,(GWHPACEC068264,(GWHPACEE072664,((GWHPACEU073261,GLYMA_18G082400_1),(GWHPACES072988,(GWHPACEU073349,(GWHPACEK065255,GWHPACEH072851))))))))),W05_GLYSO_18G047882_1_P);
(GWHPACDY074858,(GWHPACEN071999,(GWHPACEQ068131,(GWHPACEP068556,(GWHPACEC068264,(GWHPACEE072664,((GWHPACEU073261,GLYMA_18G082400_1),(GWHPACES072988,(GWHPACEU073349,(GWHPACEK065255,GWHPACEH072851))))))))),W05_GLYSO_18G047882_1_P);
(GWHPACDY074858,(GWHPACEN071999,(GWHPACEQ068131,(GWHPACEP068556,(GWHPACEC068264,(GWHPACEE072664,((GWHPACEU073261,GLYMA_18G082400_1),(GWHPACES072988,(GWHPACEU073349,(GWHPACEK065255,GWHPACEH072851))))))))),W05_GLYSO_18G047882_1_P);
(GWHPACDY074858,(GWHPACEN071999,(GWHPACEQ068131,(GWHPACEP068556,(GWHPACEC068264,(GWHPACEE072664,((GWHPACEU073261,GLYMA_18G082400_1),(GWHPACES072988,(GWHPACEU073349,(GWHPACEK065255,GWHPACEH072851))))))))),W05_GLYSO_18G047882_1_P);
(GWHPACDY074858,(GWHPACEN071999,(GWHPACEQ068131,(GWHPACEP068556,(GWHPACEC068264,(GWHPACEE072664,((GWHPACEU073261,GLYMA_18G082400_1),(GWHPACES072988,(GWHPACEU073349,(GWHPACEK065255,GWHPACEH072851))))))))),W05_GLYSO_18G047882_1_P);
(GWHPACDY074858,(GWHPACEN071999,(GWHPACEQ068131,(GWHPACEP068556,(GWHPACEC068264,(GWHPACEE072664,((GWHPACEU073261,GLYMA_18G082400_1),(GWHPACES072988,(GWHPACEU073349,(GWHPACEK065255,GWHPACEH072851))))))))),W05_GLYSO_18G047882_1_P);
(GWHPACEQ068131,(GWHPACEU073349,(GWHPACEK065255,(GWHPACEC068264,(GWHPACEE072664,(GWHPACES072988,((GLYMA_18G082400_1,GWHPACEU073261),(GWHPACEN071999,(GWHPACEP068556,(GWHPACEH072851,GWHPACDY074858))))))))),W05_GLYSO_18G047882_1_P);
(GWHPACEQ068131,(GWHPACEU073349,(GWHPACEK065255,(GWHPACEC068264,(GWHPACEE072664,(GWHPACES072988,((GLYMA_18G082400_1,GWHPACEU073261),(GWHPACEN071999,(GWHPACEP068556,(GWHPACEH072851,GWHPACDY074858))))))))),W05_GLYSO_18G047882_1_P);
(GWHPACEQ068131,(GWHPACEU073349,(GWHPACEK065255,(GWHPACEC068264,(GWHPACEE072664,(GWHPACES072988,((GLYMA_18G082400_1,GWHPACEU073261),(GWHPACEN071999,(GWHPACEP068556,(GWHPACEH072851,GWHPACDY074858))))))))),W05_GLYSO_18G047882_1_P);
(GWHPACEQ068131,(GWHPACEU073349,(GWHPACEK065255,(GWHPACEC068264,(GWHPACEE072664,(GWHPACES072988,((GLYMA_18G082400_1,GWHPACEU073261),(GWHPACEN071999,(GWHPACEP068556,(GWHPACEH072851,GWHPACDY074858))))))))),W05_GLYSO_18G047882_1_P);
(GWHPACEQ068131,(GWHPACEU073349,(GWHPACEK065255,(GWHPACEC068264,(GWHPACEE072664,(GWHPACES072988,((GLYMA_18G082400_1,GWHPACEU073261),(GWHPACEN071999,(GWHPACEP068556,(GWHPACEH072851,GWHPACDY074858))))))))),W05_GLYSO_18G047882_1_P);
(GWHPACEQ068131,(GWHPACEU073349,(GWHPACEK065255,(GWHPACEC068264,(GWHPACEE072664,(GWHPACES072988,((GLYMA_18G082400_1,GWHPACEU073261),(GWHPACEN071999,(GWHPACEP068556,(GWHPACEH072851,GWHPACDY074858))))))))),W05_GLYSO_18G047882_1_P);
(GWHPACEQ068131,(GWHPACEU073349,(GWHPACEK065255,(GWHPACEC068264,(GWHPACEE072664,(GWHPACES072988,((GLYMA_18G082400_1,GWHPACEU073261),(GWHPACEN071999,(GWHPACEP068556,(GWHPACEH072851,GWHPACDY074858))))))))),W05_GLYSO_18G047882_1_P);
(GWHPACEQ068131,(GWHPACEU073349,(GWHPACEK065255,(GWHPACEC068264,(GWHPACEE072664,(GWHPACES072988,((GLYMA_18G082400_1,GWHPACEU073261),(GWHPACEN071999,(GWHPACEP068556,(GWHPACEH072851,GWHPACDY074858))))))))),W05_GLYSO_18G047882_1_P);
(GWHPACEQ068131,(GWHPACEU073349,(GWHPACEK065255,(GWHPACEC068264,(GWHPACEE072664,(GWHPACES072988,((GLYMA_18G082400_1,GWHPACEU073261),(GWHPACEN071999,(GWHPACEP068556,(GWHPACEH072851,GWHPACDY074858))))))))),W05_GLYSO_18G047882_1_P);
(GWHPACEQ068131,(GWHPACEU073349,(GWHPACEK065255,(GWHPACEC068264,(GWHPACEE072664,(GWHPACES072988,((GLYMA_18G082400_1,GWHPACEU073261),(GWHPACEN071999,(GWHPACEP068556,(GWHPACEH072851,GWHPACDY074858))))))))),W05_GLYSO_18G047882_1_P);
((GWHPACEE072664,GWHPACEK065255),(((((((((GLYMA_18G082400_1,GWHPACEU073261),GWHPACEU073349),GWHPACES072988),GWHPACEN071999),GWHPACEP068556),GWHPACEH072851),GWHPACEC068264),GWHPACDY074858),GWHPACEQ068131),W05_GLYSO_18G047882_1_P);
((GWHPACEE072664,GWHPACEK065255),(((((((((GLYMA_18G082400_1,GWHPACEU073261),GWHPACEU073349),GWHPACES072988),GWHPACEN071999),GWHPACEP068556),GWHPACEH072851),GWHPACEC068264),GWHPACDY074858),GWHPACEQ068131),W05_GLYSO_18G047882_1_P);
((GWHPACEE072664,GWHPACEK065255),(((((((((GLYMA_18G082400_1,GWHPACEU073261),GWHPACEU073349),GWHPACES072988),GWHPACEN071999),GWHPACEP068556),GWHPACEH072851),GWHPACEC068264),GWHPACDY074858),GWHPACEQ068131),W05_GLYSO_18G047882_1_P);
((GWHPACEE072664,GWHPACEK065255),(((((((((GLYMA_18G082400_1,GWHPACEU073261),GWHPACEU073349),GWHPACES072988),GWHPACEN071999),GWHPACEP068556),GWHPACEH072851),GWHPACEC068264),GWHPACDY074858),GWHPACEQ068131),W05_GLYSO_18G047882_1_P);
((GWHPACEE072664,GWHPACEK065255),(((((((((GLYMA_18G082400_1,GWHPACEU073261),GWHPACEU073349),GWHPACES072988),GWHPACEN071999),GWHPACEP068556),GWHPACEH072851),GWHPACEC068264),GWHPACDY074858),GWHPACEQ068131),W05_GLYSO_18G047882_1_P);
((GWHPACEE072664,GWHPACEK065255),(((((((((GLYMA_18G082400_1,GWHPACEU073261),GWHPACEU073349),GWHPACES072988),GWHPACEN071999),GWHPACEP068556),GWHPACEH072851),GWHPACEC068264),GWHPACDY074858),GWHPACEQ068131),W05_GLYSO_18G047882_1_P);
((GWHPACEE072664,GWHPACEK065255),(((((((((GLYMA_18G082400_1,GWHPACEU073261),GWHPACEU073349),GWHPACES072988),GWHPACEN071999),GWHPACEP068556),GWHPACEH072851),GWHPACEC068264),GWHPACDY074858),GWHPACEQ068131),W05_GLYSO_18G047882_1_P);
((GWHPACEE072664,GWHPACEK065255),(((((((((GLYMA_18G082400_1,GWHPACEU073261),GWHPACEU073349),GWHPACES072988),GWHPACEN071999),GWHPACEP068556),GWHPACEH072851),GWHPACEC068264),GWHPACDY074858),GWHPACEQ068131),W05_GLYSO_18G047882_1_P);
((GWHPACEE072664,GWHPACEK065255),(((((((((GLYMA_18G082400_1,GWHPACEU073261),GWHPACEU073349),GWHPACES072988),GWHPACEN071999),GWHPACEP068556),GWHPACEH072851),GWHPACEC068264),GWHPACDY074858),GWHPACEQ068131),W05_GLYSO_18G047882_1_P);
((GWHPACEE072664,GWHPACEK065255),(((((((((GLYMA_18G082400_1,GWHPACEU073261),GWHPACEU073349),GWHPACES072988),GWHPACEN071999),GWHPACEP068556),GWHPACEH072851),GWHPACEC068264),GWHPACDY074858),GWHPACEQ068131),W05_GLYSO_18G047882_1_P);
(GWHPACEQ068131,(GWHPACEN071999,(GWHPACEP068556,(GWHPACEE072664,(GWHPACEC068264,(GWHPACEU073349,(GWHPACDY074858,(GWHPACEH072851,(GWHPACEK065255,((GLYMA_18G082400_1,GWHPACEU073261),GWHPACES072988))))))))),W05_GLYSO_18G047882_1_P);
(GWHPACEQ068131,(GWHPACEN071999,(GWHPACEP068556,(GWHPACEE072664,(GWHPACEC068264,(GWHPACEU073349,(GWHPACDY074858,(GWHPACEH072851,(GWHPACEK065255,((GLYMA_18G082400_1,GWHPACEU073261),GWHPACES072988))))))))),W05_GLYSO_18G047882_1_P);
(GWHPACEQ068131,(GWHPACEN071999,(GWHPACEP068556,(GWHPACEE072664,(GWHPACEC068264,(GWHPACEU073349,(GWHPACDY074858,(GWHPACEH072851,(GWHPACEK065255,((GLYMA_18G082400_1,GWHPACEU073261),GWHPACES072988))))))))),W05_GLYSO_18G047882_1_P);
(GWHPACEQ068131,(GWHPACEN071999,(GWHPACEP068556,(GWHPACEE072664,(GWHPACEC068264,(GWHPACEU073349,(GWHPACDY074858,(GWHPACEH072851,(GWHPACEK065255,((GLYMA_18G082400_1,GWHPACEU073261),GWHPACES072988))))))))),W05_GLYSO_18G047882_1_P);
(GWHPACEQ068131,(GWHPACEN071999,(GWHPACEP068556,(GWHPACEE072664,(GWHPACEC068264,(GWHPACEU073349,(GWHPACDY074858,(GWHPACEH072851,(GWHPACEK065255,((GLYMA_18G082400_1,GWHPACEU073261),GWHPACES072988))))))))),W05_GLYSO_18G047882_1_P);
(GWHPACEQ068131,(GWHPACEN071999,(GWHPACEP068556,(GWHPACEE072664,(GWHPACEC068264,(GWHPACEU073349,(GWHPACDY074858,(GWHPACEH072851,(GWHPACEK065255,((GLYMA_18G082400_1,GWHPACEU073261),GWHPACES072988))))))))),W05_GLYSO_18G047882_1_P);
(GWHPACEQ068131,(GWHPACEN071999,(GWHPACEP068556,(GWHPACEE072664,(GWHPACEC068264,(GWHPACEU073349,(GWHPACDY074858,(GWHPACEH072851,(GWHPACEK065255,((GLYMA_18G082400_1,GWHPACEU073261),GWHPACES072988))))))))),W05_GLYSO_18G047882_1_P);
(GWHPACEQ068131,(GWHPACEN071999,(GWHPACEP068556,(GWHPACEE072664,(GWHPACEC068264,(GWHPACEU073349,(GWHPACDY074858,(GWHPACEH072851,(GWHPACEK065255,((GLYMA_18G082400_1,GWHPACEU073261),GWHPACES072988))))))))),W05_GLYSO_18G047882_1_P);
(GWHPACEQ068131,(GWHPACEN071999,(GWHPACEP068556,(GWHPACEE072664,(GWHPACEC068264,(GWHPACEU073349,(GWHPACDY074858,(GWHPACEH072851,(GWHPACEK065255,((GLYMA_18G082400_1,GWHPACEU073261),GWHPACES072988))))))))),W05_GLYSO_18G047882_1_P);
(GWHPACEQ068131,(GWHPACEN071999,(GWHPACEP068556,(GWHPACEE072664,(GWHPACEC068264,(GWHPACEU073349,(GWHPACDY074858,(GWHPACEH072851,(GWHPACEK065255,((GLYMA_18G082400_1,GWHPACEU073261),GWHPACES072988))))))))),W05_GLYSO_18G047882_1_P);
((GWHPACDY074858,(GWHPACEH072851,(GWHPACEP068556,(GWHPACEU073349,(GWHPACEK065255,(GWHPACEC068264,((GWHPACEU073261,GLYMA_18G082400_1),(GWHPACES072988,GWHPACEN071999)))))))),(GWHPACEE072664,GWHPACEQ068131),W05_GLYSO_18G047882_1_P);
((GWHPACDY074858,(GWHPACEH072851,(GWHPACEP068556,(GWHPACEU073349,(GWHPACEK065255,(GWHPACEC068264,((GWHPACEU073261,GLYMA_18G082400_1),(GWHPACES072988,GWHPACEN071999)))))))),(GWHPACEE072664,GWHPACEQ068131),W05_GLYSO_18G047882_1_P);
((GWHPACDY074858,(GWHPACEH072851,(GWHPACEP068556,(GWHPACEU073349,(GWHPACEK065255,(GWHPACEC068264,((GWHPACEU073261,GLYMA_18G082400_1),(GWHPACES072988,GWHPACEN071999)))))))),(GWHPACEE072664,GWHPACEQ068131),W05_GLYSO_18G047882_1_P);
((GWHPACDY074858,(GWHPACEH072851,(GWHPACEP068556,(GWHPACEU073349,(GWHPACEK065255,(GWHPACEC068264,((GWHPACEU073261,GLYMA_18G082400_1),(GWHPACES072988,GWHPACEN071999)))))))),(GWHPACEE072664,GWHPACEQ068131),W05_GLYSO_18G047882_1_P);
((GWHPACDY074858,(GWHPACEH072851,(GWHPACEP068556,(GWHPACEU073349,(GWHPACEK065255,(GWHPACEC068264,((GWHPACEU073261,GLYMA_18G082400_1),(GWHPACES072988,GWHPACEN071999)))))))),(GWHPACEE072664,GWHPACEQ068131),W05_GLYSO_18G047882_1_P);
((GWHPACDY074858,(GWHPACEH072851,(GWHPACEP068556,(GWHPACEU073349,(GWHPACEK065255,(GWHPACEC068264,((GWHPACEU073261,GLYMA_18G082400_1),(GWHPACES072988,GWHPACEN071999)))))))),(GWHPACEE072664,GWHPACEQ068131),W05_GLYSO_18G047882_1_P);
((GWHPACDY074858,(GWHPACEH072851,(GWHPACEP068556,(GWHPACEU073349,(GWHPACEK065255,(GWHPACEC068264,((GWHPACEU073261,GLYMA_18G082400_1),(GWHPACES072988,GWHPACEN071999)))))))),(GWHPACEE072664,GWHPACEQ068131),W05_GLYSO_18G047882_1_P);
((GWHPACDY074858,(GWHPACEH072851,(GWHPACEP068556,(GWHPACEU073349,(GWHPACEK065255,(GWHPACEC068264,((GWHPACEU073261,GLYMA_18G082400_1),(GWHPACES072988,GWHPACEN071999)))))))),(GWHPACEE072664,GWHPACEQ068131),W05_GLYSO_18G047882_1_P);
((GWHPACDY074858,(GWHPACEH072851,(GWHPACEP068556,(GWHPACEU073349,(GWHPACEK065255,(GWHPACEC068264,((GWHPACEU073261,GLYMA_18G082400_1),(GWHPACES072988,GWHPACEN071999)))))))),(GWHPACEE072664,GWHPACEQ068131),W05_GLYSO_18G047882_1_P);
((GWHPACDY074858,(GWHPACEH072851,(GWHPACEP068556,(GWHPACEU073349,(GWHPACEK065255,(GWHPACEC068264,((GWHPACEU073261,GLYMA_18G082400_1),(GWHPACES072988,GWHPACEN071999)))))))),(GWHPACEE072664,GWHPACEQ068131),W05_GLYSO_18G047882_1_P);
((GWHPACEN071999,(GWHPACEQ068131,(GWHPACEH072851,(GWHPACEC068264,((GWHPACEU073261,GLYMA_18G082400_1),(GWHPACEP068556,(GWHPACEU073349,GWHPACES072988))))))),((GWHPACDY074858,GWHPACEK065255),GWHPACEE072664),W05_GLYSO_18G047882_1_P);
((GWHPACEN071999,(GWHPACEQ068131,(GWHPACEH072851,(GWHPACEC068264,((GWHPACEU073261,GLYMA_18G082400_1),(GWHPACEP068556,(GWHPACEU073349,GWHPACES072988))))))),((GWHPACDY074858,GWHPACEK065255),GWHPACEE072664),W05_GLYSO_18G047882_1_P);
((GWHPACEN071999,(GWHPACEQ068131,(GWHPACEH072851,(GWHPACEC068264,((GWHPACEU073261,GLYMA_18G082400_1),(GWHPACEP068556,(GWHPACEU073349,GWHPACES072988))))))),((GWHPACDY074858,GWHPACEK065255),GWHPACEE072664),W05_GLYSO_18G047882_1_P);
((GWHPACEN071999,(GWHPACEQ068131,(GWHPACEH072851,(GWHPACEC068264,((GWHPACEU073261,GLYMA_18G082400_1),(GWHPACEP068556,(GWHPACEU073349,GWHPACES072988))))))),((GWHPACDY074858,GWHPACEK065255),GWHPACEE072664),W05_GLYSO_18G047882_1_P);
((GWHPACEN071999,(GWHPACEQ068131,(GWHPACEH072851,(GWHPACEC068264,((GWHPACEU073261,GLYMA_18G082400_1),(GWHPACEP068556,(GWHPACEU073349,GWHPACES072988))))))),((GWHPACDY074858,GWHPACEK065255),GWHPACEE072664),W05_GLYSO_18G047882_1_P);
((GWHPACEN071999,(GWHPACEQ068131,(GWHPACEH072851,(GWHPACEC068264,((GWHPACEU073261,GLYMA_18G082400_1),(GWHPACEP068556,(GWHPACEU073349,GWHPACES072988))))))),((GWHPACDY074858,GWHPACEK065255),GWHPACEE072664),W05_GLYSO_18G047882_1_P);
((GWHPACEN071999,(GWHPACEQ068131,(GWHPACEH072851,(GWHPACEC068264,((GWHPACEU073261,GLYMA_18G082400_1),(GWHPACEP068556,(GWHPACEU073349,GWHPACES072988))))))),((GWHPACDY074858,GWHPACEK065255),GWHPACEE072664),W05_GLYSO_18G047882_1_P);
((GWHPACEN071999,(GWHPACEQ068131,(GWHPACEH072851,(GWHPACEC068264,((GWHPACEU073261,GLYMA_18G082400_1),(GWHPACEP068556,(GWHPACEU073349,GWHPACES072988))))))),((GWHPACDY074858,GWHPACEK065255),GWHPACEE072664),W05_GLYSO_18G047882_1_P);
((GWHPACEN071999,(GWHPACEQ068131,(GWHPACEH072851,(GWHPACEC068264,((GWHPACEU073261,GLYMA_18G082400_1),(GWHPACEP068556,(GWHPACEU073349,GWHPACES072988))))))),((GWHPACDY074858,GWHPACEK065255),GWHPACEE072664),W05_GLYSO_18G047882_1_P);
((GWHPACEN071999,(GWHPACEQ068131,(GWHPACEH072851,(GWHPACEC068264,((GWHPACEU073261,GLYMA_18G082400_1),(GWHPACEP068556,(GWHPACEU073349,GWHPACES072988))))))),((GWHPACDY074858,GWHPACEK065255),GWHPACEE072664),W05_GLYSO_18G047882_1_P);
((GWHPACEH072851,(GWHPACEQ068131,(GWHPACEN071999,(GWHPACEU073349,(GWHPACES072988,(GWHPACEU073261,GLYMA_18G082400_1)))))),((((GWHPACEP068556,GWHPACEK065255),GWHPACEC068264),GWHPACDY074858),GWHPACEE072664),W05_GLYSO_18G047882_1_P);
((GWHPACEH072851,(GWHPACEQ068131,(GWHPACEN071999,(GWHPACEU073349,(GWHPACES072988,(GWHPACEU073261,GLYMA_18G082400_1)))))),((((GWHPACEP068556,GWHPACEK065255),GWHPACEC068264),GWHPACDY074858),GWHPACEE072664),W05_GLYSO_18G047882_1_P);
((GWHPACEH072851,(GWHPACEQ068131,(GWHPACEN071999,(GWHPACEU073349,(GWHPACES072988,(GWHPACEU073261,GLYMA_18G082400_1)))))),((((GWHPACEP068556,GWHPACEK065255),GWHPACEC068264),GWHPACDY074858),GWHPACEE072664),W05_GLYSO_18G047882_1_P);
((GWHPACEH072851,(GWHPACEQ068131,(GWHPACEN071999,(GWHPACEU073349,(GWHPACES072988,(GWHPACEU073261,GLYMA_18G082400_1)))))),((((GWHPACEP068556,GWHPACEK065255),GWHPACEC068264),GWHPACDY074858),GWHPACEE072664),W05_GLYSO_18G047882_1_P);
((GWHPACEH072851,(GWHPACEQ068131,(GWHPACEN071999,(GWHPACEU073349,(GWHPACES072988,(GWHPACEU073261,GLYMA_18G082400_1)))))),((((GWHPACEP068556,GWHPACEK065255),GWHPACEC068264),GWHPACDY074858),GWHPACEE072664),W05_GLYSO_18G047882_1_P);
((GWHPACEH072851,(GWHPACEQ068131,(GWHPACEN071999,(GWHPACEU073349,(GWHPACES072988,(GWHPACEU073261,GLYMA_18G082400_1)))))),((((GWHPACEP068556,GWHPACEK065255),GWHPACEC068264),GWHPACDY074858),GWHPACEE072664),W05_GLYSO_18G047882_1_P);
((GWHPACEH072851,(GWHPACEQ068131,(GWHPACEN071999,(GWHPACEU073349,(GWHPACES072988,(GWHPACEU073261,GLYMA_18G082400_1)))))),((((GWHPACEP068556,GWHPACEK065255),GWHPACEC068264),GWHPACDY074858),GWHPACEE072664),W05_GLYSO_18G047882_1_P);
((GWHPACEH072851,(GWHPACEQ068131,(GWHPACEN071999,(GWHPACEU073349,(GWHPACES072988,(GWHPACEU073261,GLYMA_18G082400_1)))))),((((GWHPACEP068556,GWHPACEK065255),GWHPACEC068264),GWHPACDY074858),GWHPACEE072664),W05_GLYSO_18G047882_1_P);
((GWHPACEH072851,(GWHPACEQ068131,(GWHPACEN071999,(GWHPACEU073349,(GWHPACES072988,(GWHPACEU073261,GLYMA_18G082400_1)))))),((((GWHPACEP068556,GWHPACEK065255),GWHPACEC068264),GWHPACDY074858),GWHPACEE072664),W05_GLYSO_18G047882_1_P);
((GWHPACEH072851,(GWHPACEQ068131,(GWHPACEN071999,(GWHPACEU073349,(GWHPACES072988,(GWHPACEU073261,GLYMA_18G082400_1)))))),((((GWHPACEP068556,GWHPACEK065255),GWHPACEC068264),GWHPACDY074858),GWHPACEE072664),W05_GLYSO_18G047882_1_P);
((GWHPACEK065255,(GWHPACEE072664,(GWHPACDY074858,(GWHPACEC068264,GWHPACEN071999)))),((((((GLYMA_18G082400_1,GWHPACEU073261),GWHPACES072988),GWHPACEP068556),GWHPACEQ068131),GWHPACEH072851),GWHPACEU073349),W05_GLYSO_18G047882_1_P);
((GWHPACEK065255,(GWHPACEE072664,(GWHPACDY074858,(GWHPACEC068264,GWHPACEN071999)))),((((((GLYMA_18G082400_1,GWHPACEU073261),GWHPACES072988),GWHPACEP068556),GWHPACEQ068131),GWHPACEH072851),GWHPACEU073349),W05_GLYSO_18G047882_1_P);
((GWHPACEK065255,(GWHPACEE072664,(GWHPACDY074858,(GWHPACEC068264,GWHPACEN071999)))),((((((GLYMA_18G082400_1,GWHPACEU073261),GWHPACES072988),GWHPACEP068556),GWHPACEQ068131),GWHPACEH072851),GWHPACEU073349),W05_GLYSO_18G047882_1_P);
((GWHPACEK065255,(GWHPACEE072664,(GWHPACDY074858,(GWHPACEC068264,GWHPACEN071999)))),((((((GLYMA_18G082400_1,GWHPACEU073261),GWHPACES072988),GWHPACEP068556),GWHPACEQ068131),GWHPACEH072851),GWHPACEU073349),W05_GLYSO_18G047882_1_P);
((GWHPACEK065255,(GWHPACEE072664,(GWHPACDY074858,(GWHPACEC068264,GWHPACEN071999)))),((((((GLYMA_18G082400_1,GWHPACEU073261),GWHPACES072988),GWHPACEP068556),GWHPACEQ068131),GWHPACEH072851),GWHPACEU073349),W05_GLYSO_18G047882_1_P);
((GWHPACEK065255,(GWHPACEE072664,(GWHPACDY074858,(GWHPACEC068264,GWHPACEN071999)))),((((((GLYMA_18G082400_1,GWHPACEU073261),GWHPACES072988),GWHPACEP068556),GWHPACEQ068131),GWHPACEH072851),GWHPACEU073349),W05_GLYSO_18G047882_1_P);
((GWHPACEK065255,(GWHPACEE072664,(GWHPACDY074858,(GWHPACEC068264,GWHPACEN071999)))),((((((GLYMA_18G082400_1,GWHPACEU073261),GWHPACES072988),GWHPACEP068556),GWHPACEQ068131),GWHPACEH072851),GWHPACEU073349),W05_GLYSO_18G047882_1_P);
((GWHPACEK065255,(GWHPACEE072664,(GWHPACDY074858,(GWHPACEC068264,GWHPACEN071999)))),((((((GLYMA_18G082400_1,GWHPACEU073261),GWHPACES072988),GWHPACEP068556),GWHPACEQ068131),GWHPACEH072851),GWHPACEU073349),W05_GLYSO_18G047882_1_P);
((GWHPACEK065255,(GWHPACEE072664,(GWHPACDY074858,(GWHPACEC068264,GWHPACEN071999)))),((((((GLYMA_18G082400_1,GWHPACEU073261),GWHPACES072988),GWHPACEP068556),GWHPACEQ068131),GWHPACEH072851),GWHPACEU073349),W05_GLYSO_18G047882_1_P);
((GWHPACEK065255,(GWHPACEE072664,(GWHPACDY074858,(GWHPACEC068264,GWHPACEN071999)))),((((((GLYMA_18G082400_1,GWHPACEU073261),GWHPACES072988),GWHPACEP068556),GWHPACEQ068131),GWHPACEH072851),GWHPACEU073349),W05_GLYSO_18G047882_1_P);
