

IMPORTANT WARNING: Sequences GWHPACEN053265 and GWHPACEI055890 are exactly identical


IMPORTANT WARNING: Sequences GWHPACDZ042916 and GWHPACDY055455 are exactly identical


IMPORTANT WARNING: Sequences GWHPACDZ042916 and GWHPACEE053771 are exactly identical


IMPORTANT WARNING: Sequences GWHPACDZ042916 and GWHPACEO054368 are exactly identical


IMPORTANT WARNING: Sequences GWHPACDZ042916 and GWHPACEJ055694 are exactly identical


IMPORTANT WARNING: Sequences GWHPACDZ042916 and GWHPACEP050595 are exactly identical


IMPORTANT WARNING: Sequences GWHPACEH054137 and GWHPACEM053974 are exactly identical


IMPORTANT WARNING: Sequences GWHPACEH054137 and GWHPACEX050306 are exactly identical

IMPORTANT WARNING
Found 8 sequences that are exactly identical to other sequences in the alignment.
Normally they should be excluded from the analysis.

Just in case you might need it, an alignment file with 
sequence duplicates removed is printed to file ../../RAxML_tree_pbNB-ARC/Clade_Refinement_1/Int7663_158_225_R_23.afa.reduced


This is RAxML version 8.2.12 released by Alexandros Stamatakis on May 2018.

With greatly appreciated code contributions by:
Andre Aberer      (HITS)
Simon Berger      (HITS)
Alexey Kozlov     (HITS)
Kassian Kobert    (HITS)
David Dao         (KIT and HITS)
Sarah Lutteropp   (KIT and HITS)
Nick Pattengale   (Sandia)
Wayne Pfeiffer    (SDSC)
Akifumi S. Tanabe (NRIFS)
Charlie Taylor    (UF)


Alignment has 325 distinct alignment patterns

Proportion of gaps and completely undetermined characters in this alignment: 62.97%

RAxML rapid bootstrapping and subsequent ML search

Using 1 distinct models/data partitions with joint branch length optimization



Executing 100 rapid bootstrap inferences and thereafter a thorough ML search 

All free model parameters will be estimated by RAxML
ML estimate of 25 per site rate categories

Likelihood of final tree will be evaluated and optimized under GAMMA

GAMMA Model parameters will be estimated up to an accuracy of 0.1000000000 Log Likelihood units

Partition: 0
Alignment Patterns: 325
Name: No Name Provided
DataType: AA
Substitution Matrix: JTT
Using fixed base frequencies




RAxML was called as follows:

/Users/prigozhin/Installers/standard-RAxML/raxmlHPC-PTHREADS-AVX -T 4 -n Int7663_158_225_R_23.Raxml.out -f a -x 12345 -p 12345 -# 100 -m PROTCATJTT -s ../../RAxML_tree_pbNB-ARC/Clade_Refinement_1/Int7663_158_225_R_23.afa 



Time for BS model parameter optimization 0.217757
Bootstrap[0]: Time 1.234850 seconds, bootstrap likelihood -10663.756100, best rearrangement setting 13
Bootstrap[1]: Time 0.963026 seconds, bootstrap likelihood -10708.016952, best rearrangement setting 13
Bootstrap[2]: Time 1.225852 seconds, bootstrap likelihood -10576.335365, best rearrangement setting 12
Bootstrap[3]: Time 0.462923 seconds, bootstrap likelihood -10550.998622, best rearrangement setting 15
Bootstrap[4]: Time 0.835576 seconds, bootstrap likelihood -10769.090726, best rearrangement setting 10
Bootstrap[5]: Time 0.867002 seconds, bootstrap likelihood -10610.596504, best rearrangement setting 10
Bootstrap[6]: Time 0.341698 seconds, bootstrap likelihood -10696.762400, best rearrangement setting 6
Bootstrap[7]: Time 0.922858 seconds, bootstrap likelihood -10664.951717, best rearrangement setting 14
Bootstrap[8]: Time 0.325827 seconds, bootstrap likelihood -10638.509461, best rearrangement setting 5
Bootstrap[9]: Time 0.958913 seconds, bootstrap likelihood -10687.331282, best rearrangement setting 7
Bootstrap[10]: Time 0.812371 seconds, bootstrap likelihood -10684.039397, best rearrangement setting 7
Bootstrap[11]: Time 0.709569 seconds, bootstrap likelihood -10738.779549, best rearrangement setting 5
Bootstrap[12]: Time 0.895337 seconds, bootstrap likelihood -10835.441731, best rearrangement setting 8
Bootstrap[13]: Time 0.825585 seconds, bootstrap likelihood -10819.741786, best rearrangement setting 7
Bootstrap[14]: Time 0.635566 seconds, bootstrap likelihood -10666.670311, best rearrangement setting 12
Bootstrap[15]: Time 0.877392 seconds, bootstrap likelihood -10631.153689, best rearrangement setting 15
Bootstrap[16]: Time 0.765796 seconds, bootstrap likelihood -10607.648858, best rearrangement setting 12
Bootstrap[17]: Time 0.813213 seconds, bootstrap likelihood -10847.187555, best rearrangement setting 12
Bootstrap[18]: Time 0.332908 seconds, bootstrap likelihood -10619.662943, best rearrangement setting 5
Bootstrap[19]: Time 0.477696 seconds, bootstrap likelihood -10613.472375, best rearrangement setting 8
Bootstrap[20]: Time 1.075173 seconds, bootstrap likelihood -10747.170864, best rearrangement setting 10
Bootstrap[21]: Time 0.533486 seconds, bootstrap likelihood -10464.818060, best rearrangement setting 6
Bootstrap[22]: Time 0.869356 seconds, bootstrap likelihood -10776.916121, best rearrangement setting 5
Bootstrap[23]: Time 0.772607 seconds, bootstrap likelihood -10652.507981, best rearrangement setting 7
Bootstrap[24]: Time 1.148834 seconds, bootstrap likelihood -10591.942754, best rearrangement setting 8
Bootstrap[25]: Time 0.813485 seconds, bootstrap likelihood -10626.268970, best rearrangement setting 6
Bootstrap[26]: Time 0.905676 seconds, bootstrap likelihood -10772.738278, best rearrangement setting 12
Bootstrap[27]: Time 0.849665 seconds, bootstrap likelihood -10758.250730, best rearrangement setting 10
Bootstrap[28]: Time 0.592129 seconds, bootstrap likelihood -10722.319926, best rearrangement setting 11
Bootstrap[29]: Time 0.514209 seconds, bootstrap likelihood -10840.243707, best rearrangement setting 12
Bootstrap[30]: Time 1.188367 seconds, bootstrap likelihood -10589.081910, best rearrangement setting 15
Bootstrap[31]: Time 0.956522 seconds, bootstrap likelihood -10721.605478, best rearrangement setting 15
Bootstrap[32]: Time 0.771977 seconds, bootstrap likelihood -10608.095655, best rearrangement setting 6
Bootstrap[33]: Time 0.867417 seconds, bootstrap likelihood -10629.176109, best rearrangement setting 15
Bootstrap[34]: Time 0.902410 seconds, bootstrap likelihood -10710.023823, best rearrangement setting 11
Bootstrap[35]: Time 0.374119 seconds, bootstrap likelihood -10722.770681, best rearrangement setting 8
Bootstrap[36]: Time 0.319019 seconds, bootstrap likelihood -10673.814139, best rearrangement setting 9
Bootstrap[37]: Time 0.764785 seconds, bootstrap likelihood -10600.085985, best rearrangement setting 11
Bootstrap[38]: Time 0.487397 seconds, bootstrap likelihood -10742.098905, best rearrangement setting 8
Bootstrap[39]: Time 0.924402 seconds, bootstrap likelihood -10687.301563, best rearrangement setting 13
Bootstrap[40]: Time 1.041345 seconds, bootstrap likelihood -10854.254088, best rearrangement setting 13
Bootstrap[41]: Time 0.768043 seconds, bootstrap likelihood -10746.777576, best rearrangement setting 10
Bootstrap[42]: Time 0.433178 seconds, bootstrap likelihood -10628.079440, best rearrangement setting 5
Bootstrap[43]: Time 0.763874 seconds, bootstrap likelihood -10711.713087, best rearrangement setting 14
Bootstrap[44]: Time 0.861323 seconds, bootstrap likelihood -10601.132945, best rearrangement setting 10
Bootstrap[45]: Time 0.940801 seconds, bootstrap likelihood -10738.142519, best rearrangement setting 15
Bootstrap[46]: Time 0.399073 seconds, bootstrap likelihood -10733.720658, best rearrangement setting 14
Bootstrap[47]: Time 0.488136 seconds, bootstrap likelihood -10680.417948, best rearrangement setting 8
Bootstrap[48]: Time 0.803568 seconds, bootstrap likelihood -10701.116172, best rearrangement setting 6
Bootstrap[49]: Time 1.160532 seconds, bootstrap likelihood -10804.278590, best rearrangement setting 7
Bootstrap[50]: Time 0.457135 seconds, bootstrap likelihood -10715.303806, best rearrangement setting 7
Bootstrap[51]: Time 0.558944 seconds, bootstrap likelihood -10776.486111, best rearrangement setting 11
Bootstrap[52]: Time 1.403123 seconds, bootstrap likelihood -10700.732857, best rearrangement setting 12
Bootstrap[53]: Time 1.019090 seconds, bootstrap likelihood -10766.472365, best rearrangement setting 8
Bootstrap[54]: Time 0.839011 seconds, bootstrap likelihood -10527.346772, best rearrangement setting 9
Bootstrap[55]: Time 1.167060 seconds, bootstrap likelihood -10684.712586, best rearrangement setting 11
Bootstrap[56]: Time 0.830331 seconds, bootstrap likelihood -10663.504750, best rearrangement setting 5
Bootstrap[57]: Time 1.031988 seconds, bootstrap likelihood -10695.089321, best rearrangement setting 7
Bootstrap[58]: Time 1.266788 seconds, bootstrap likelihood -10728.248488, best rearrangement setting 10
Bootstrap[59]: Time 0.830645 seconds, bootstrap likelihood -10656.756049, best rearrangement setting 9
Bootstrap[60]: Time 0.427334 seconds, bootstrap likelihood -10602.107842, best rearrangement setting 7
Bootstrap[61]: Time 0.794649 seconds, bootstrap likelihood -10799.698120, best rearrangement setting 5
Bootstrap[62]: Time 0.440861 seconds, bootstrap likelihood -10599.017222, best rearrangement setting 11
Bootstrap[63]: Time 1.113035 seconds, bootstrap likelihood -10852.726749, best rearrangement setting 12
Bootstrap[64]: Time 0.438943 seconds, bootstrap likelihood -10631.214019, best rearrangement setting 7
Bootstrap[65]: Time 0.687307 seconds, bootstrap likelihood -10798.628867, best rearrangement setting 5
Bootstrap[66]: Time 0.515149 seconds, bootstrap likelihood -10612.273003, best rearrangement setting 5
Bootstrap[67]: Time 0.976988 seconds, bootstrap likelihood -10686.296714, best rearrangement setting 15
Bootstrap[68]: Time 1.010553 seconds, bootstrap likelihood -10644.350093, best rearrangement setting 11
Bootstrap[69]: Time 0.926225 seconds, bootstrap likelihood -10754.465494, best rearrangement setting 5
Bootstrap[70]: Time 0.837883 seconds, bootstrap likelihood -10766.142295, best rearrangement setting 8
Bootstrap[71]: Time 0.417532 seconds, bootstrap likelihood -10734.303027, best rearrangement setting 10
Bootstrap[72]: Time 0.917239 seconds, bootstrap likelihood -10750.229527, best rearrangement setting 11
Bootstrap[73]: Time 1.096830 seconds, bootstrap likelihood -10706.990400, best rearrangement setting 9
Bootstrap[74]: Time 0.333596 seconds, bootstrap likelihood -10650.428616, best rearrangement setting 5
Bootstrap[75]: Time 0.853560 seconds, bootstrap likelihood -10564.594680, best rearrangement setting 8
Bootstrap[76]: Time 0.440777 seconds, bootstrap likelihood -10667.994545, best rearrangement setting 9
Bootstrap[77]: Time 0.824911 seconds, bootstrap likelihood -10607.992299, best rearrangement setting 11
Bootstrap[78]: Time 0.604857 seconds, bootstrap likelihood -10667.993643, best rearrangement setting 15
Bootstrap[79]: Time 0.907758 seconds, bootstrap likelihood -10703.107759, best rearrangement setting 9
Bootstrap[80]: Time 0.967648 seconds, bootstrap likelihood -10757.367539, best rearrangement setting 15
Bootstrap[81]: Time 0.451858 seconds, bootstrap likelihood -10674.924812, best rearrangement setting 7
Bootstrap[82]: Time 0.365909 seconds, bootstrap likelihood -10701.390490, best rearrangement setting 6
Bootstrap[83]: Time 0.886181 seconds, bootstrap likelihood -10708.671183, best rearrangement setting 10
Bootstrap[84]: Time 0.764048 seconds, bootstrap likelihood -10551.924184, best rearrangement setting 11
Bootstrap[85]: Time 1.040356 seconds, bootstrap likelihood -10643.938435, best rearrangement setting 8
Bootstrap[86]: Time 0.753961 seconds, bootstrap likelihood -10692.664092, best rearrangement setting 7
Bootstrap[87]: Time 0.763203 seconds, bootstrap likelihood -10694.581117, best rearrangement setting 7
Bootstrap[88]: Time 0.821038 seconds, bootstrap likelihood -10789.755705, best rearrangement setting 12
Bootstrap[89]: Time 0.973697 seconds, bootstrap likelihood -10489.650476, best rearrangement setting 10
Bootstrap[90]: Time 1.263453 seconds, bootstrap likelihood -10693.943465, best rearrangement setting 8
Bootstrap[91]: Time 1.022539 seconds, bootstrap likelihood -10665.871133, best rearrangement setting 12
Bootstrap[92]: Time 0.824589 seconds, bootstrap likelihood -10691.883397, best rearrangement setting 13
Bootstrap[93]: Time 0.944062 seconds, bootstrap likelihood -10753.700758, best rearrangement setting 15
Bootstrap[94]: Time 0.878478 seconds, bootstrap likelihood -10806.784145, best rearrangement setting 5
Bootstrap[95]: Time 0.650024 seconds, bootstrap likelihood -10635.786882, best rearrangement setting 5
Bootstrap[96]: Time 1.263028 seconds, bootstrap likelihood -10581.336409, best rearrangement setting 13
Bootstrap[97]: Time 0.627987 seconds, bootstrap likelihood -10629.354882, best rearrangement setting 11
Bootstrap[98]: Time 1.056008 seconds, bootstrap likelihood -10690.523338, best rearrangement setting 6
Bootstrap[99]: Time 1.128680 seconds, bootstrap likelihood -10684.950856, best rearrangement setting 14


Overall Time for 100 Rapid Bootstraps 80.047898 seconds
Average Time per Rapid Bootstrap 0.800479 seconds

Starting ML Search ...

Fast ML optimization finished

Fast ML search Time: 28.943789 seconds

Slow ML Search 0 Likelihood: -11108.459216
Slow ML Search 1 Likelihood: -11112.115966
Slow ML Search 2 Likelihood: -11112.115966
Slow ML Search 3 Likelihood: -11112.115965
Slow ML Search 4 Likelihood: -11108.459276
Slow ML Search 5 Likelihood: -11108.459200
Slow ML Search 6 Likelihood: -11108.459192
Slow ML Search 7 Likelihood: -11112.115949
Slow ML Search 8 Likelihood: -11108.459193
Slow ML Search 9 Likelihood: -11108.459193
Slow ML optimization finished

Slow ML search Time: 15.885931 seconds
Thorough ML search Time: 1.753931 seconds

Final ML Optimization Likelihood: -11108.459192

Model Information:

Model Parameters of Partition 0, Name: No Name Provided, Type of Data: AA
alpha: 0.299980
Tree-Length: 0.207144
rate A <-> R: 0.603538
rate A <-> N: 0.561915
rate A <-> D: 0.842872
rate A <-> C: 0.582726
rate A <-> Q: 0.593132
rate A <-> E: 1.092612
rate A <-> G: 1.862643
rate A <-> H: 0.280957
rate A <-> I: 0.374610
rate A <-> L: 0.312175
rate A <-> K: 0.364204
rate A <-> M: 0.561915
rate A <-> F: 0.156087
rate A <-> P: 2.018730
rate A <-> S: 3.933403
rate A <-> T: 4.942768
rate A <-> W: 0.093652
rate A <-> Y: 0.114464
rate A <-> V: 3.100937
rate R <-> N: 0.468262
rate R <-> D: 0.166493
rate R <-> C: 1.175858
rate R <-> Q: 3.225806
rate R <-> E: 0.301769
rate R <-> G: 1.425598
rate R <-> H: 3.413111
rate R <-> I: 0.228928
rate R <-> L: 0.395421
rate R <-> K: 6.722164
rate R <-> M: 0.457856
rate R <-> F: 0.052029
rate R <-> P: 0.770031
rate R <-> S: 1.050989
rate R <-> T: 0.665973
rate R <-> W: 1.311134
rate R <-> Y: 0.208117
rate R <-> V: 0.176899
rate N <-> D: 5.494277
rate N <-> C: 0.353798
rate N <-> Q: 0.894901
rate N <-> E: 0.603538
rate N <-> G: 0.842872
rate N <-> H: 4.068678
rate N <-> I: 0.489074
rate N <-> L: 0.124870
rate N <-> K: 2.736733
rate N <-> M: 0.312175
rate N <-> F: 0.104058
rate N <-> P: 0.156087
rate N <-> S: 5.234131
rate N <-> T: 2.414152
rate N <-> W: 0.083247
rate N <-> Y: 0.728408
rate N <-> V: 0.166493
rate D <-> C: 0.104058
rate D <-> Q: 0.509886
rate D <-> E: 7.981270
rate D <-> G: 1.352758
rate D <-> H: 1.165453
rate D <-> I: 0.114464
rate D <-> L: 0.072841
rate D <-> K: 0.270552
rate D <-> M: 0.156087
rate D <-> F: 0.041623
rate D <-> P: 0.156087
rate D <-> S: 0.613944
rate D <-> T: 0.395421
rate D <-> W: 0.041623
rate D <-> Y: 0.478668
rate D <-> V: 0.322581
rate C <-> Q: 0.093652
rate C <-> E: 0.052029
rate C <-> G: 0.613944
rate C <-> H: 0.718002
rate C <-> I: 0.176899
rate C <-> L: 0.239334
rate C <-> K: 0.072841
rate C <-> M: 0.322581
rate C <-> F: 0.811655
rate C <-> P: 0.145682
rate C <-> S: 2.320499
rate C <-> T: 0.437045
rate C <-> W: 1.196670
rate C <-> Y: 2.174818
rate C <-> V: 0.645161
rate Q <-> E: 3.361082
rate Q <-> G: 0.270552
rate Q <-> H: 6.212279
rate Q <-> I: 0.093652
rate Q <-> L: 0.749220
rate Q <-> K: 3.038502
rate Q <-> M: 0.447451
rate Q <-> F: 0.041623
rate Q <-> P: 1.706556
rate Q <-> S: 0.551509
rate Q <-> T: 0.530697
rate Q <-> W: 0.187305
rate Q <-> Y: 0.249740
rate Q <-> V: 0.208117
rate E <-> G: 1.238293
rate E <-> H: 0.270552
rate E <-> I: 0.124870
rate E <-> L: 0.093652
rate E <-> K: 1.883455
rate E <-> M: 0.187305
rate E <-> F: 0.052029
rate E <-> P: 0.187305
rate E <-> S: 0.312175
rate E <-> T: 0.332986
rate E <-> W: 0.104058
rate E <-> Y: 0.072841
rate E <-> V: 0.468262
rate G <-> H: 0.239334
rate G <-> I: 0.062435
rate G <-> L: 0.062435
rate G <-> K: 0.280957
rate G <-> M: 0.145682
rate G <-> F: 0.052029
rate G <-> P: 0.249740
rate G <-> S: 2.091571
rate G <-> T: 0.343392
rate G <-> W: 0.572320
rate G <-> Y: 0.083247
rate G <-> V: 0.489074
rate H <-> I: 0.166493
rate H <-> L: 0.582726
rate H <-> K: 0.468262
rate H <-> M: 0.343392
rate H <-> F: 0.416233
rate H <-> P: 1.196670
rate H <-> S: 0.759625
rate H <-> T: 0.478668
rate H <-> W: 0.083247
rate H <-> Y: 5.962539
rate H <-> V: 0.114464
rate I <-> L: 2.382934
rate I <-> K: 0.218522
rate I <-> M: 4.984391
rate I <-> F: 0.926119
rate I <-> P: 0.104058
rate I <-> S: 0.416233
rate I <-> T: 2.549428
rate I <-> W: 0.093652
rate I <-> Y: 0.332986
rate I <-> V: 10.000000
rate L <-> K: 0.145682
rate L <-> M: 4.037461
rate L <-> F: 2.580645
rate L <-> P: 1.061394
rate L <-> S: 0.613944
rate L <-> T: 0.260146
rate L <-> W: 0.541103
rate L <-> Y: 0.249740
rate L <-> V: 1.873049
rate K <-> M: 0.676379
rate K <-> F: 0.041623
rate K <-> P: 0.218522
rate K <-> S: 0.489074
rate K <-> T: 1.071800
rate K <-> W: 0.104058
rate K <-> Y: 0.083247
rate K <-> V: 0.145682
rate M <-> F: 0.447451
rate M <-> P: 0.166493
rate M <-> S: 0.301769
rate M <-> T: 2.351717
rate M <-> W: 0.249740
rate M <-> Y: 0.187305
rate M <-> V: 3.361082
rate F <-> P: 0.176899
rate F <-> S: 0.957336
rate F <-> T: 0.124870
rate F <-> W: 0.551509
rate F <-> Y: 5.577523
rate F <-> V: 0.645161
rate P <-> S: 2.965661
rate P <-> T: 1.227888
rate P <-> W: 0.062435
rate P <-> Y: 0.104058
rate P <-> V: 0.239334
rate S <-> T: 4.963580
rate S <-> W: 0.364204
rate S <-> Y: 0.655567
rate S <-> V: 0.395421
rate T <-> W: 0.124870
rate T <-> Y: 0.218522
rate T <-> V: 1.165453
rate W <-> Y: 0.738814
rate W <-> V: 0.260146
rate Y <-> V: 0.166493

freq pi(A): 0.076748
freq pi(R): 0.051691
freq pi(N): 0.042645
freq pi(D): 0.051544
freq pi(C): 0.019803
freq pi(Q): 0.040752
freq pi(E): 0.061830
freq pi(G): 0.073152
freq pi(H): 0.022944
freq pi(I): 0.053761
freq pi(L): 0.091904
freq pi(K): 0.058676
freq pi(M): 0.023826
freq pi(F): 0.040126
freq pi(P): 0.050901
freq pi(S): 0.068765
freq pi(T): 0.058565
freq pi(W): 0.014261
freq pi(Y): 0.032102
freq pi(V): 0.066004


ML search took 46.608734 secs or 0.012947 hours

Combined Bootstrap and ML search took 126.656835 secs or 0.035182 hours

Drawing Bootstrap Support Values on best-scoring ML tree ...



Found 1 tree in File /Users/prigozhin/Dropbox/NLRomes/Soy_NLRome/RAxML_tree_pbNB-ARC/Clade_Refinement_1/RAxML_bestTree.Int7663_158_225_R_23.Raxml.out



Found 1 tree in File /Users/prigozhin/Dropbox/NLRomes/Soy_NLRome/RAxML_tree_pbNB-ARC/Clade_Refinement_1/RAxML_bestTree.Int7663_158_225_R_23.Raxml.out

Program execution info written to /Users/prigozhin/Dropbox/NLRomes/Soy_NLRome/RAxML_tree_pbNB-ARC/Clade_Refinement_1/RAxML_info.Int7663_158_225_R_23.Raxml.out
All 100 bootstrapped trees written to: /Users/prigozhin/Dropbox/NLRomes/Soy_NLRome/RAxML_tree_pbNB-ARC/Clade_Refinement_1/RAxML_bootstrap.Int7663_158_225_R_23.Raxml.out

Best-scoring ML tree written to: /Users/prigozhin/Dropbox/NLRomes/Soy_NLRome/RAxML_tree_pbNB-ARC/Clade_Refinement_1/RAxML_bestTree.Int7663_158_225_R_23.Raxml.out

Best-scoring ML tree with support values written to: /Users/prigozhin/Dropbox/NLRomes/Soy_NLRome/RAxML_tree_pbNB-ARC/Clade_Refinement_1/RAxML_bipartitions.Int7663_158_225_R_23.Raxml.out

Best-scoring ML tree with support values as branch labels written to: /Users/prigozhin/Dropbox/NLRomes/Soy_NLRome/RAxML_tree_pbNB-ARC/Clade_Refinement_1/RAxML_bipartitionsBranchLabels.Int7663_158_225_R_23.Raxml.out

Overall execution time for full ML analysis: 126.664791 secs or 0.035185 hours or 0.001466 days

