(GWHPACEC009463,((GWHPACEN009490,(GWHPACEG009701,(GWHPACEI010022,(GWHPACEA009963,(GWHPACDZ009523,(GWHPACEE009670,(GWHPACEK009005,((GWHPACES009810,(GWHPACEO009756,GWHPACEP009160)),(GWHPACEH009886,GWHPACEM009842))))))))),((GWHPACEL009380,GWHPACEV009199),GLYMA_03G087500_1)),GWHPACEU009775);
(GWHPACEC009463,((GWHPACEL009380,GWHPACEV009199),((GLYMA_03G087500_1,(GWHPACEN009490,(GWHPACEG009701,GWHPACEI010022))),((GWHPACEE009670,((GWHPACEM009842,(GWHPACEH009886,GWHPACEK009005)),(GWHPACEP009160,(GWHPACES009810,GWHPACEO009756)))),(GWHPACEA009963,GWHPACDZ009523)))),GWHPACEU009775);
(GWHPACEC009463,((GWHPACEL009380,GWHPACEV009199),((GLYMA_03G087500_1,(GWHPACEN009490,(GWHPACEG009701,GWHPACEI010022))),((GWHPACEE009670,((GWHPACEM009842,(GWHPACEH009886,GWHPACEK009005)),(GWHPACEP009160,(GWHPACES009810,GWHPACEO009756)))),(GWHPACEA009963,GWHPACDZ009523)))),GWHPACEU009775);
(GWHPACEC009463,((GWHPACEL009380,GWHPACEV009199),((GLYMA_03G087500_1,(GWHPACEN009490,(GWHPACEG009701,GWHPACEI010022))),((GWHPACEE009670,((GWHPACEM009842,(GWHPACEH009886,GWHPACEK009005)),(GWHPACEP009160,(GWHPACES009810,GWHPACEO009756)))),(GWHPACEA009963,GWHPACDZ009523)))),GWHPACEU009775);
(GWHPACEC009463,(GWHPACEE009670,((GWHPACEL009380,GWHPACEV009199),((((GWHPACEM009842,GWHPACEK009005),GWHPACEH009886),(GWHPACEP009160,(GWHPACES009810,GWHPACEO009756))),((GWHPACEG009701,(GWHPACEI010022,((GWHPACEA009963,GWHPACDZ009523),GLYMA_03G087500_1))),GWHPACEN009490)))),GWHPACEU009775);
(GWHPACEC009463,((GWHPACEL009380,GWHPACEV009199),((GWHPACEG009701,(GWHPACEI010022,(((GWHPACEE009670,(GWHPACEP009160,(((GWHPACEH009886,(GWHPACEM009842,GWHPACEK009005)),GWHPACES009810),GWHPACEO009756))),(GWHPACEA009963,GWHPACDZ009523)),GLYMA_03G087500_1))),GWHPACEN009490)),GWHPACEU009775);
(GWHPACEC009463,((GWHPACEL009380,GWHPACEV009199),((GWHPACEG009701,(GWHPACEI010022,(((GWHPACEE009670,(GWHPACEP009160,(((GWHPACEH009886,(GWHPACEM009842,GWHPACEK009005)),GWHPACES009810),GWHPACEO009756))),(GWHPACEA009963,GWHPACDZ009523)),GLYMA_03G087500_1))),GWHPACEN009490)),GWHPACEU009775);
(GWHPACEC009463,(GWHPACEN009490,((((GWHPACEL009380,GWHPACEV009199),(GWHPACEE009670,((GWHPACEA009963,(((GWHPACEM009842,GWHPACEK009005),GWHPACEH009886),((GWHPACES009810,GWHPACEO009756),GWHPACEP009160))),GWHPACDZ009523))),GLYMA_03G087500_1),(GWHPACEI010022,GWHPACEG009701))),GWHPACEU009775);
(GWHPACEC009463,(GWHPACEN009490,((((GWHPACEL009380,GWHPACEV009199),(GWHPACEE009670,((GWHPACEA009963,(((GWHPACEM009842,GWHPACEK009005),GWHPACEH009886),((GWHPACES009810,GWHPACEO009756),GWHPACEP009160))),GWHPACDZ009523))),GLYMA_03G087500_1),(GWHPACEI010022,GWHPACEG009701))),GWHPACEU009775);
(GWHPACEC009463,(((GWHPACEE009670,((GWHPACEK009005,(GWHPACEH009886,GWHPACEM009842)),((GWHPACES009810,GWHPACEO009756),GWHPACEP009160))),(GWHPACEL009380,GWHPACEV009199)),(((GWHPACEI010022,GWHPACEG009701),GWHPACEN009490),((GWHPACEA009963,GWHPACDZ009523),GLYMA_03G087500_1))),GWHPACEU009775);
(GWHPACEC009463,((GWHPACEL009380,GWHPACEV009199),(((GWHPACEN009490,(GWHPACEG009701,GWHPACEI010022)),GLYMA_03G087500_1),((GWHPACEE009670,((GWHPACEM009842,(GWHPACEH009886,GWHPACEK009005)),((GWHPACES009810,GWHPACEO009756),GWHPACEP009160))),(GWHPACEA009963,GWHPACDZ009523)))),GWHPACEU009775);
(GWHPACEC009463,((GWHPACEL009380,GWHPACEV009199),(((GWHPACEN009490,(GWHPACEG009701,GWHPACEI010022)),GLYMA_03G087500_1),((GWHPACEE009670,((GWHPACEM009842,(GWHPACEH009886,GWHPACEK009005)),((GWHPACES009810,GWHPACEO009756),GWHPACEP009160))),(GWHPACEA009963,GWHPACDZ009523)))),GWHPACEU009775);
(GWHPACEC009463,((GWHPACEL009380,GWHPACEV009199),(((GWHPACEN009490,(GWHPACEG009701,GWHPACEI010022)),GLYMA_03G087500_1),((GWHPACEE009670,((GWHPACEM009842,(GWHPACEH009886,GWHPACEK009005)),((GWHPACES009810,GWHPACEO009756),GWHPACEP009160))),(GWHPACEA009963,GWHPACDZ009523)))),GWHPACEU009775);
(GWHPACEC009463,((GWHPACEL009380,GWHPACEV009199),(((GWHPACEN009490,(GWHPACEG009701,GWHPACEI010022)),GLYMA_03G087500_1),((GWHPACEE009670,((GWHPACEM009842,(GWHPACEH009886,GWHPACEK009005)),((GWHPACES009810,GWHPACEO009756),GWHPACEP009160))),(GWHPACEA009963,GWHPACDZ009523)))),GWHPACEU009775);
(GWHPACEC009463,((GWHPACEL009380,GWHPACEV009199),(((GWHPACEN009490,(GWHPACEG009701,GWHPACEI010022)),GLYMA_03G087500_1),((GWHPACEE009670,((GWHPACEM009842,(GWHPACEH009886,GWHPACEK009005)),((GWHPACES009810,GWHPACEO009756),GWHPACEP009160))),(GWHPACEA009963,GWHPACDZ009523)))),GWHPACEU009775);
(GWHPACEC009463,((GWHPACEL009380,GWHPACEV009199),(((GWHPACEN009490,(GWHPACEG009701,GWHPACEI010022)),GLYMA_03G087500_1),((GWHPACEE009670,((GWHPACEM009842,(GWHPACEH009886,GWHPACEK009005)),((GWHPACES009810,GWHPACEO009756),GWHPACEP009160))),(GWHPACEA009963,GWHPACDZ009523)))),GWHPACEU009775);
(GWHPACEC009463,((GWHPACEE009670,(GWHPACEL009380,GWHPACEV009199)),((GWHPACEG009701,(GWHPACEI010022,(GLYMA_03G087500_1,((((GWHPACEM009842,GWHPACEK009005),GWHPACEH009886),((GWHPACES009810,GWHPACEO009756),GWHPACEP009160)),(GWHPACEA009963,GWHPACDZ009523))))),GWHPACEN009490)),GWHPACEU009775);
(GWHPACEC009463,(GWHPACEN009490,(((GWHPACEL009380,GWHPACEV009199),(((GWHPACEE009670,(((GWHPACEM009842,GWHPACEK009005),GWHPACEH009886),((GWHPACES009810,GWHPACEO009756),GWHPACEP009160))),(GWHPACEA009963,GWHPACDZ009523)),GLYMA_03G087500_1)),(GWHPACEI010022,GWHPACEG009701))),GWHPACEU009775);
(GWHPACEC009463,(((GWHPACEL009380,GWHPACEV009199),(GWHPACEE009670,((GWHPACEH009886,(GWHPACEM009842,GWHPACEK009005)),((GWHPACES009810,GWHPACEO009756),GWHPACEP009160)))),((((GLYMA_03G087500_1,GWHPACDZ009523),(GWHPACEA009963,GWHPACEG009701)),GWHPACEI010022),GWHPACEN009490)),GWHPACEU009775);
(GWHPACEC009463,((((GWHPACDZ009523,GWHPACEA009963),(GWHPACEE009670,((GWHPACEK009005,(GWHPACEH009886,GWHPACEM009842)),((GWHPACES009810,GWHPACEO009756),GWHPACEP009160)))),(GWHPACEL009380,GWHPACEV009199)),((GWHPACEN009490,(GWHPACEI010022,GWHPACEG009701)),GLYMA_03G087500_1)),GWHPACEU009775);
(GWHPACEC009463,(((GWHPACEE009670,((GWHPACEM009842,(GWHPACEH009886,GWHPACEK009005)),(GWHPACEP009160,(GWHPACES009810,GWHPACEO009756)))),(GWHPACEN009490,((GWHPACEA009963,(GWHPACEI010022,(GWHPACDZ009523,GLYMA_03G087500_1))),GWHPACEG009701))),(GWHPACEL009380,GWHPACEV009199)),GWHPACEU009775);
(GWHPACEC009463,(((GWHPACEE009670,((GWHPACEM009842,(GWHPACEH009886,GWHPACEK009005)),(GWHPACEP009160,(GWHPACES009810,GWHPACEO009756)))),(GWHPACEN009490,((GWHPACEA009963,(GWHPACEI010022,(GWHPACDZ009523,GLYMA_03G087500_1))),GWHPACEG009701))),(GWHPACEL009380,GWHPACEV009199)),GWHPACEU009775);
(GWHPACEC009463,((GWHPACEN009490,((((GWHPACEE009670,(((GWHPACEK009005,GWHPACEM009842),GWHPACEH009886),(GWHPACEP009160,(GWHPACES009810,GWHPACEO009756)))),(GWHPACEA009963,GWHPACDZ009523)),GLYMA_03G087500_1),(GWHPACEG009701,GWHPACEI010022))),(GWHPACEL009380,GWHPACEV009199)),GWHPACEU009775);
(GWHPACEC009463,(((GWHPACEE009670,((GWHPACEH009886,(GWHPACEK009005,GWHPACEM009842)),(GWHPACEP009160,(GWHPACES009810,GWHPACEO009756)))),(GWHPACEI010022,((((GWHPACDZ009523,GLYMA_03G087500_1),GWHPACEN009490),GWHPACEA009963),GWHPACEG009701))),(GWHPACEL009380,GWHPACEV009199)),GWHPACEU009775);
(GWHPACEC009463,(((GWHPACEM009842,(GWHPACEH009886,((GWHPACEP009160,(GWHPACES009810,GWHPACEO009756)),GWHPACEK009005))),((GWHPACEG009701,(GWHPACEI010022,((GWHPACDZ009523,GLYMA_03G087500_1),GWHPACEA009963))),GWHPACEN009490)),((GWHPACEL009380,GWHPACEV009199),GWHPACEE009670)),GWHPACEU009775);
(GWHPACEC009463,(((GWHPACEG009701,(GWHPACEA009963,(GWHPACEI010022,(GWHPACDZ009523,GLYMA_03G087500_1)))),GWHPACEN009490),((GWHPACEL009380,GWHPACEV009199),(((GWHPACEP009160,(GWHPACES009810,GWHPACEO009756)),(GWHPACEM009842,(GWHPACEH009886,GWHPACEK009005))),GWHPACEE009670))),GWHPACEU009775);
(GWHPACEC009463,(((GWHPACEG009701,(GWHPACEA009963,(GWHPACEI010022,(GWHPACDZ009523,GLYMA_03G087500_1)))),GWHPACEN009490),((GWHPACEL009380,GWHPACEV009199),(((GWHPACEP009160,(GWHPACES009810,GWHPACEO009756)),(GWHPACEM009842,(GWHPACEH009886,GWHPACEK009005))),GWHPACEE009670))),GWHPACEU009775);
(GWHPACEC009463,((((GWHPACEI010022,(((((GWHPACEM009842,(GWHPACEH009886,GWHPACEK009005)),(GWHPACEP009160,(GWHPACES009810,GWHPACEO009756))),GWHPACEE009670),(GWHPACEA009963,GWHPACDZ009523)),GLYMA_03G087500_1)),GWHPACEG009701),GWHPACEN009490),(GWHPACEL009380,GWHPACEV009199)),GWHPACEU009775);
(GWHPACEC009463,((((GWHPACEI010022,(((((GWHPACEM009842,(GWHPACEH009886,GWHPACEK009005)),(GWHPACEP009160,(GWHPACES009810,GWHPACEO009756))),GWHPACEE009670),(GWHPACEA009963,GWHPACDZ009523)),GLYMA_03G087500_1)),GWHPACEG009701),GWHPACEN009490),(GWHPACEL009380,GWHPACEV009199)),GWHPACEU009775);
(GWHPACEC009463,((((GWHPACEI010022,(((((GWHPACEM009842,(GWHPACEH009886,GWHPACEK009005)),(GWHPACEP009160,(GWHPACES009810,GWHPACEO009756))),GWHPACEE009670),(GWHPACEA009963,GWHPACDZ009523)),GLYMA_03G087500_1)),GWHPACEG009701),GWHPACEN009490),(GWHPACEL009380,GWHPACEV009199)),GWHPACEU009775);
(GWHPACEC009463,((((((((GWHPACEA009963,GWHPACDZ009523),(GWHPACEE009670,(GWHPACEM009842,(GWHPACEH009886,(GWHPACEK009005,(GWHPACES009810,(GWHPACEP009160,GWHPACEO009756))))))),GWHPACEI010022),GLYMA_03G087500_1),GWHPACEG009701),GWHPACEN009490),GWHPACEV009199),GWHPACEL009380),GWHPACEU009775);
(GWHPACEC009463,((((GWHPACEA009963,GWHPACDZ009523),(GWHPACEE009670,((GWHPACEM009842,(GWHPACEH009886,GWHPACEK009005)),(GWHPACEP009160,(GWHPACEO009756,GWHPACES009810))))),(((GWHPACEN009490,GWHPACEI010022),GWHPACEG009701),GLYMA_03G087500_1)),(GWHPACEV009199,GWHPACEL009380)),GWHPACEU009775);
(GWHPACEC009463,((((GWHPACEA009963,GWHPACDZ009523),(GWHPACEE009670,((GWHPACEM009842,(GWHPACEH009886,GWHPACEK009005)),(GWHPACEP009160,(GWHPACEO009756,GWHPACES009810))))),(((GWHPACEN009490,GWHPACEI010022),GWHPACEG009701),GLYMA_03G087500_1)),(GWHPACEV009199,GWHPACEL009380)),GWHPACEU009775);
(GWHPACEC009463,((((GWHPACEA009963,GWHPACDZ009523),(GWHPACEE009670,((GWHPACEM009842,(GWHPACEH009886,GWHPACEK009005)),(GWHPACEP009160,(GWHPACEO009756,GWHPACES009810))))),(((GWHPACEN009490,GWHPACEI010022),GWHPACEG009701),GLYMA_03G087500_1)),(GWHPACEV009199,GWHPACEL009380)),GWHPACEU009775);
(GWHPACEC009463,((((GWHPACEA009963,GWHPACDZ009523),(GWHPACEE009670,((GWHPACEM009842,(GWHPACEH009886,GWHPACEK009005)),(GWHPACEP009160,(GWHPACEO009756,GWHPACES009810))))),(((GWHPACEN009490,GWHPACEI010022),GWHPACEG009701),GLYMA_03G087500_1)),(GWHPACEV009199,GWHPACEL009380)),GWHPACEU009775);
(GWHPACEC009463,((((GWHPACEA009963,((GWHPACDZ009523,GLYMA_03G087500_1),GWHPACEG009701)),GWHPACEI010022),GWHPACEN009490),((GWHPACEE009670,((GWHPACEH009886,(GWHPACEK009005,GWHPACEM009842)),(GWHPACEP009160,(GWHPACEO009756,GWHPACES009810)))),(GWHPACEV009199,GWHPACEL009380))),GWHPACEU009775);
(GWHPACEC009463,((((GWHPACEA009963,((GWHPACDZ009523,GLYMA_03G087500_1),GWHPACEG009701)),GWHPACEI010022),GWHPACEN009490),((GWHPACEE009670,((GWHPACEH009886,(GWHPACEK009005,GWHPACEM009842)),(GWHPACEP009160,(GWHPACEO009756,GWHPACES009810)))),(GWHPACEV009199,GWHPACEL009380))),GWHPACEU009775);
(GWHPACEC009463,((((GWHPACEA009963,((GWHPACDZ009523,GLYMA_03G087500_1),GWHPACEG009701)),GWHPACEI010022),GWHPACEN009490),((GWHPACEE009670,((GWHPACEH009886,(GWHPACEK009005,GWHPACEM009842)),(GWHPACEP009160,(GWHPACEO009756,GWHPACES009810)))),(GWHPACEV009199,GWHPACEL009380))),GWHPACEU009775);
(GWHPACEC009463,((((GWHPACEA009963,((GWHPACDZ009523,GLYMA_03G087500_1),GWHPACEG009701)),GWHPACEI010022),GWHPACEN009490),((GWHPACEE009670,((GWHPACEH009886,(GWHPACEK009005,GWHPACEM009842)),(GWHPACEP009160,(GWHPACEO009756,GWHPACES009810)))),(GWHPACEV009199,GWHPACEL009380))),GWHPACEU009775);
(GWHPACEC009463,((((GWHPACEA009963,((GWHPACDZ009523,GLYMA_03G087500_1),GWHPACEG009701)),GWHPACEI010022),GWHPACEN009490),((GWHPACEE009670,((GWHPACEH009886,(GWHPACEK009005,GWHPACEM009842)),(GWHPACEP009160,(GWHPACEO009756,GWHPACES009810)))),(GWHPACEV009199,GWHPACEL009380))),GWHPACEU009775);
(GWHPACEC009463,((GWHPACEL009380,GWHPACEV009199),((GWHPACEG009701,GWHPACEI010022),(GWHPACEN009490,(GLYMA_03G087500_1,(GWHPACDZ009523,(GWHPACEA009963,(GWHPACEE009670,((GWHPACEH009886,(GWHPACEK009005,GWHPACEM009842)),(GWHPACEP009160,(GWHPACEO009756,GWHPACES009810)))))))))),GWHPACEU009775);
(GWHPACEC009463,((GWHPACEL009380,GWHPACEV009199),((GWHPACEE009670,((GWHPACEH009886,(GWHPACEK009005,GWHPACEM009842)),(GWHPACEP009160,(GWHPACEO009756,GWHPACES009810)))),((GWHPACEI010022,((GLYMA_03G087500_1,GWHPACDZ009523),(GWHPACEA009963,GWHPACEG009701))),GWHPACEN009490))),GWHPACEU009775);
(GWHPACEC009463,(((GLYMA_03G087500_1,((GWHPACEN009490,GWHPACEG009701),GWHPACEI010022)),(GWHPACDZ009523,(GWHPACEA009963,(GWHPACEE009670,(((GWHPACEH009886,GWHPACEK009005),GWHPACEM009842),(GWHPACEP009160,(GWHPACEO009756,GWHPACES009810))))))),(GWHPACEL009380,GWHPACEV009199)),GWHPACEU009775);
(GWHPACEC009463,(((GWHPACEE009670,((GWHPACEM009842,(GWHPACEH009886,GWHPACEK009005)),(GWHPACEP009160,(GWHPACEO009756,GWHPACES009810)))),(((GWHPACEA009963,(GWHPACEG009701,(GWHPACDZ009523,GLYMA_03G087500_1))),GWHPACEI010022),GWHPACEN009490)),(GWHPACEL009380,GWHPACEV009199)),GWHPACEU009775);
(GWHPACEC009463,(GLYMA_03G087500_1,((GWHPACEG009701,GWHPACEI010022),(((GWHPACEL009380,GWHPACEV009199),((GWHPACEA009963,GWHPACDZ009523),(GWHPACEE009670,((GWHPACEM009842,(GWHPACEH009886,GWHPACEK009005)),((GWHPACEO009756,GWHPACES009810),GWHPACEP009160))))),GWHPACEN009490))),GWHPACEU009775);
(GWHPACEC009463,(GLYMA_03G087500_1,((GWHPACEG009701,GWHPACEI010022),(((GWHPACEL009380,GWHPACEV009199),((GWHPACEA009963,GWHPACDZ009523),(GWHPACEE009670,((GWHPACEM009842,(GWHPACEH009886,GWHPACEK009005)),((GWHPACEO009756,GWHPACES009810),GWHPACEP009160))))),GWHPACEN009490))),GWHPACEU009775);
(GWHPACEC009463,(((GWHPACEL009380,GWHPACEV009199),(GWHPACEE009670,((GWHPACEM009842,(GWHPACEH009886,GWHPACEK009005)),((GWHPACEO009756,GWHPACES009810),GWHPACEP009160)))),((GWHPACEA009963,((GWHPACEG009701,(GWHPACDZ009523,GLYMA_03G087500_1)),GWHPACEI010022)),GWHPACEN009490)),GWHPACEU009775);
(GWHPACEC009463,(((((GWHPACEA009963,GWHPACDZ009523),(GWHPACEE009670,((GWHPACEH009886,(GWHPACEK009005,GWHPACEM009842)),((GWHPACEO009756,GWHPACES009810),GWHPACEP009160)))),((GLYMA_03G087500_1,(GWHPACEG009701,GWHPACEN009490)),GWHPACEI010022)),GWHPACEL009380),GWHPACEV009199),GWHPACEU009775);
(GWHPACEC009463,(((((GWHPACEA009963,GWHPACDZ009523),(GWHPACEE009670,((GWHPACEH009886,(GWHPACEK009005,GWHPACEM009842)),((GWHPACEO009756,GWHPACES009810),GWHPACEP009160)))),((GLYMA_03G087500_1,(GWHPACEG009701,GWHPACEN009490)),GWHPACEI010022)),GWHPACEL009380),GWHPACEV009199),GWHPACEU009775);
(GWHPACEC009463,(((((GWHPACEA009963,GWHPACDZ009523),(GWHPACEE009670,((GWHPACEH009886,(GWHPACEK009005,GWHPACEM009842)),((GWHPACEO009756,GWHPACES009810),GWHPACEP009160)))),((GLYMA_03G087500_1,(GWHPACEG009701,GWHPACEN009490)),GWHPACEI010022)),GWHPACEL009380),GWHPACEV009199),GWHPACEU009775);
(GWHPACEC009463,(((GWHPACEE009670,(((GWHPACEH009886,GWHPACEK009005),GWHPACEM009842),(GWHPACES009810,(GWHPACEO009756,GWHPACEP009160)))),(((((GWHPACDZ009523,GLYMA_03G087500_1),GWHPACEI010022),GWHPACEA009963),GWHPACEG009701),GWHPACEN009490)),(GWHPACEL009380,GWHPACEV009199)),GWHPACEU009775);
(GWHPACEC009463,(((GWHPACEE009670,(((GWHPACEH009886,GWHPACEK009005),GWHPACEM009842),(GWHPACES009810,(GWHPACEO009756,GWHPACEP009160)))),(((((GWHPACDZ009523,GLYMA_03G087500_1),GWHPACEI010022),GWHPACEA009963),GWHPACEG009701),GWHPACEN009490)),(GWHPACEL009380,GWHPACEV009199)),GWHPACEU009775);
(GWHPACEC009463,(((GWHPACEI010022,(GWHPACEG009701,(((GWHPACEA009963,GWHPACDZ009523),(GWHPACEE009670,(GWHPACEH009886,((GWHPACEK009005,GWHPACEM009842),(GWHPACEP009160,(GWHPACES009810,GWHPACEO009756)))))),GLYMA_03G087500_1))),GWHPACEN009490),(GWHPACEL009380,GWHPACEV009199)),GWHPACEU009775);
(GWHPACEC009463,(((GWHPACEI010022,(GWHPACEG009701,(((GWHPACEA009963,GWHPACDZ009523),(GWHPACEE009670,(GWHPACEH009886,((GWHPACEK009005,GWHPACEM009842),(GWHPACEP009160,(GWHPACES009810,GWHPACEO009756)))))),GLYMA_03G087500_1))),GWHPACEN009490),(GWHPACEL009380,GWHPACEV009199)),GWHPACEU009775);
(GWHPACEC009463,(((GWHPACEI010022,(((GWHPACEA009963,(((GWHPACEH009886,GWHPACEK009005),GWHPACEM009842),(GWHPACEP009160,(GWHPACES009810,GWHPACEO009756)))),GWHPACDZ009523),GLYMA_03G087500_1)),(GWHPACEG009701,GWHPACEN009490)),((GWHPACEL009380,GWHPACEV009199),GWHPACEE009670)),GWHPACEU009775);
(GWHPACEC009463,(((GWHPACEI010022,(((GWHPACEA009963,(((GWHPACEH009886,GWHPACEK009005),GWHPACEM009842),(GWHPACEP009160,(GWHPACES009810,GWHPACEO009756)))),GWHPACDZ009523),GLYMA_03G087500_1)),(GWHPACEG009701,GWHPACEN009490)),((GWHPACEL009380,GWHPACEV009199),GWHPACEE009670)),GWHPACEU009775);
(GWHPACEC009463,(((GWHPACEI010022,(((GWHPACEA009963,(((GWHPACEH009886,GWHPACEK009005),GWHPACEM009842),(GWHPACEP009160,(GWHPACES009810,GWHPACEO009756)))),GWHPACDZ009523),GLYMA_03G087500_1)),(GWHPACEG009701,GWHPACEN009490)),((GWHPACEL009380,GWHPACEV009199),GWHPACEE009670)),GWHPACEU009775);
(GWHPACEC009463,(((GWHPACEI010022,(((GWHPACEA009963,(((GWHPACEH009886,GWHPACEK009005),GWHPACEM009842),(GWHPACEP009160,(GWHPACES009810,GWHPACEO009756)))),GWHPACDZ009523),GLYMA_03G087500_1)),(GWHPACEG009701,GWHPACEN009490)),((GWHPACEL009380,GWHPACEV009199),GWHPACEE009670)),GWHPACEU009775);
(GWHPACEC009463,(((GWHPACEI010022,(((GWHPACEA009963,(((GWHPACEH009886,GWHPACEK009005),GWHPACEM009842),(GWHPACEP009160,(GWHPACES009810,GWHPACEO009756)))),GWHPACDZ009523),GLYMA_03G087500_1)),(GWHPACEG009701,GWHPACEN009490)),((GWHPACEL009380,GWHPACEV009199),GWHPACEE009670)),GWHPACEU009775);
(GWHPACEC009463,(((GWHPACEI010022,(((GWHPACEA009963,(((GWHPACEH009886,GWHPACEK009005),GWHPACEM009842),(GWHPACEP009160,(GWHPACES009810,GWHPACEO009756)))),GWHPACDZ009523),GLYMA_03G087500_1)),(GWHPACEG009701,GWHPACEN009490)),((GWHPACEL009380,GWHPACEV009199),GWHPACEE009670)),GWHPACEU009775);
(GWHPACEC009463,((GWHPACEV009199,GWHPACEL009380),(((GWHPACEN009490,(GWHPACEG009701,GWHPACEI010022)),GLYMA_03G087500_1),((((GWHPACEM009842,(GWHPACEH009886,GWHPACEK009005)),(GWHPACEP009160,(GWHPACES009810,GWHPACEO009756))),GWHPACEE009670),(GWHPACDZ009523,GWHPACEA009963)))),GWHPACEU009775);
(GWHPACEC009463,((GWHPACEV009199,GWHPACEL009380),(((GWHPACEN009490,(GWHPACEG009701,GWHPACEI010022)),GLYMA_03G087500_1),((((GWHPACEM009842,(GWHPACEH009886,GWHPACEK009005)),(GWHPACEP009160,(GWHPACES009810,GWHPACEO009756))),GWHPACEE009670),(GWHPACDZ009523,GWHPACEA009963)))),GWHPACEU009775);
(GWHPACEC009463,((GWHPACEV009199,GWHPACEL009380),(((GWHPACEN009490,(GWHPACEG009701,GWHPACEI010022)),GLYMA_03G087500_1),((((GWHPACEM009842,(GWHPACEH009886,GWHPACEK009005)),(GWHPACEP009160,(GWHPACES009810,GWHPACEO009756))),GWHPACEE009670),(GWHPACDZ009523,GWHPACEA009963)))),GWHPACEU009775);
(GWHPACEC009463,(((GWHPACEV009199,GWHPACEL009380),(((GWHPACEM009842,(GWHPACEH009886,GWHPACEK009005)),(GWHPACEP009160,(GWHPACES009810,GWHPACEO009756))),GWHPACEE009670)),((GWHPACEG009701,(GWHPACEI010022,(GWHPACEA009963,(GLYMA_03G087500_1,GWHPACDZ009523)))),GWHPACEN009490)),GWHPACEU009775);
(GWHPACEC009463,((GWHPACEV009199,GWHPACEL009380),((GLYMA_03G087500_1,(GWHPACEN009490,(GWHPACEI010022,GWHPACEG009701))),((GWHPACDZ009523,GWHPACEA009963),(((GWHPACEH009886,(GWHPACEK009005,GWHPACEM009842)),(GWHPACEP009160,(GWHPACES009810,GWHPACEO009756))),GWHPACEE009670)))),GWHPACEU009775);
(GWHPACEC009463,(((((GWHPACEM009842,GWHPACEK009005),GWHPACEH009886),(GWHPACEP009160,(GWHPACES009810,GWHPACEO009756))),GWHPACEE009670),((GWHPACEV009199,GWHPACEL009380),(GWHPACEI010022,(GWHPACEN009490,(((GWHPACDZ009523,GLYMA_03G087500_1),GWHPACEA009963),GWHPACEG009701))))),GWHPACEU009775);
(GWHPACEC009463,(((((GWHPACEM009842,GWHPACEK009005),GWHPACEH009886),(GWHPACEP009160,(GWHPACES009810,GWHPACEO009756))),GWHPACEE009670),((GWHPACEV009199,GWHPACEL009380),(GWHPACEI010022,(GWHPACEN009490,(((GWHPACDZ009523,GLYMA_03G087500_1),GWHPACEA009963),GWHPACEG009701))))),GWHPACEU009775);
(GWHPACEC009463,(((((GWHPACEM009842,GWHPACEK009005),GWHPACEH009886),(GWHPACEP009160,(GWHPACES009810,GWHPACEO009756))),GWHPACEE009670),((GWHPACEV009199,GWHPACEL009380),(GWHPACEI010022,(GWHPACEN009490,(((GWHPACDZ009523,GLYMA_03G087500_1),GWHPACEA009963),GWHPACEG009701))))),GWHPACEU009775);
(GWHPACEC009463,(((((GWHPACEM009842,GWHPACEK009005),GWHPACEH009886),(GWHPACEP009160,(GWHPACES009810,GWHPACEO009756))),GWHPACEE009670),((GWHPACEV009199,GWHPACEL009380),(GWHPACEI010022,(GWHPACEN009490,(((GWHPACDZ009523,GLYMA_03G087500_1),GWHPACEA009963),GWHPACEG009701))))),GWHPACEU009775);
(GWHPACEC009463,((GLYMA_03G087500_1,(((GWHPACEN009490,GWHPACEG009701),GWHPACEI010022),((GWHPACDZ009523,GWHPACEA009963),(((GWHPACEP009160,(GWHPACES009810,GWHPACEO009756)),((GWHPACEM009842,GWHPACEH009886),GWHPACEK009005)),GWHPACEE009670)))),(GWHPACEV009199,GWHPACEL009380)),GWHPACEU009775);
(((GWHPACEG009701,((GWHPACEV009199,GWHPACEL009380),GLYMA_03G087500_1)),((((GWHPACEE009670,((GWHPACES009810,(GWHPACEO009756,GWHPACEP009160)),(GWHPACEH009886,(GWHPACEK009005,GWHPACEM009842)))),(GWHPACEA009963,GWHPACDZ009523)),GWHPACEN009490),GWHPACEI010022)),GWHPACEC009463,GWHPACEU009775);
(((GWHPACEG009701,((GWHPACEV009199,GWHPACEL009380),GLYMA_03G087500_1)),((((GWHPACEE009670,((GWHPACES009810,(GWHPACEO009756,GWHPACEP009160)),(GWHPACEH009886,(GWHPACEK009005,GWHPACEM009842)))),(GWHPACEA009963,GWHPACDZ009523)),GWHPACEN009490),GWHPACEI010022)),GWHPACEC009463,GWHPACEU009775);
(((((GWHPACEG009701,(GWHPACEA009963,GWHPACEI010022)),(GWHPACDZ009523,GLYMA_03G087500_1)),GWHPACEN009490),(((GWHPACEE009670,((GWHPACEP009160,(GWHPACES009810,GWHPACEO009756)),(GWHPACEH009886,(GWHPACEK009005,GWHPACEM009842)))),GWHPACEV009199),GWHPACEL009380)),GWHPACEC009463,GWHPACEU009775);
(((((GWHPACEG009701,(GLYMA_03G087500_1,(GWHPACDZ009523,GWHPACEA009963))),GWHPACEI010022),GWHPACEN009490),((GWHPACEE009670,((GWHPACEP009160,(GWHPACES009810,GWHPACEO009756)),((GWHPACEM009842,GWHPACEK009005),GWHPACEH009886))),(GWHPACEV009199,GWHPACEL009380))),GWHPACEC009463,GWHPACEU009775);
(((((GWHPACEG009701,(GLYMA_03G087500_1,(GWHPACDZ009523,GWHPACEA009963))),GWHPACEI010022),GWHPACEN009490),((GWHPACEE009670,((GWHPACEP009160,(GWHPACES009810,GWHPACEO009756)),((GWHPACEM009842,GWHPACEK009005),GWHPACEH009886))),(GWHPACEV009199,GWHPACEL009380))),GWHPACEC009463,GWHPACEU009775);
(((((GWHPACEG009701,(GLYMA_03G087500_1,(GWHPACDZ009523,GWHPACEA009963))),GWHPACEI010022),GWHPACEN009490),((GWHPACEE009670,((GWHPACEP009160,(GWHPACES009810,GWHPACEO009756)),((GWHPACEM009842,GWHPACEK009005),GWHPACEH009886))),(GWHPACEV009199,GWHPACEL009380))),GWHPACEC009463,GWHPACEU009775);
(((((GWHPACEG009701,(GLYMA_03G087500_1,(GWHPACDZ009523,GWHPACEA009963))),GWHPACEI010022),GWHPACEN009490),((GWHPACEE009670,((GWHPACEP009160,(GWHPACES009810,GWHPACEO009756)),((GWHPACEM009842,GWHPACEK009005),GWHPACEH009886))),(GWHPACEV009199,GWHPACEL009380))),GWHPACEC009463,GWHPACEU009775);
(((((GWHPACEG009701,(GLYMA_03G087500_1,(GWHPACDZ009523,GWHPACEA009963))),GWHPACEI010022),GWHPACEN009490),((GWHPACEE009670,((GWHPACEP009160,(GWHPACES009810,GWHPACEO009756)),((GWHPACEM009842,GWHPACEK009005),GWHPACEH009886))),(GWHPACEV009199,GWHPACEL009380))),GWHPACEC009463,GWHPACEU009775);
(((((GWHPACEG009701,(GLYMA_03G087500_1,(GWHPACDZ009523,GWHPACEA009963))),GWHPACEI010022),GWHPACEN009490),((GWHPACEE009670,((GWHPACEP009160,(GWHPACES009810,GWHPACEO009756)),((GWHPACEM009842,GWHPACEK009005),GWHPACEH009886))),(GWHPACEV009199,GWHPACEL009380))),GWHPACEC009463,GWHPACEU009775);
(((((GWHPACEG009701,(GLYMA_03G087500_1,(GWHPACDZ009523,GWHPACEA009963))),GWHPACEI010022),GWHPACEN009490),((GWHPACEE009670,((GWHPACEP009160,(GWHPACES009810,GWHPACEO009756)),((GWHPACEM009842,GWHPACEK009005),GWHPACEH009886))),(GWHPACEV009199,GWHPACEL009380))),GWHPACEC009463,GWHPACEU009775);
(((((GWHPACEG009701,GWHPACEI010022),(GLYMA_03G087500_1,(GWHPACDZ009523,((GWHPACEE009670,((GWHPACEM009842,(GWHPACEH009886,GWHPACEK009005)),(GWHPACEP009160,(GWHPACES009810,GWHPACEO009756)))),GWHPACEA009963)))),GWHPACEN009490),(GWHPACEV009199,GWHPACEL009380)),GWHPACEC009463,GWHPACEU009775);
(((((GWHPACEG009701,GWHPACEI010022),(GLYMA_03G087500_1,(GWHPACDZ009523,((GWHPACEE009670,((GWHPACEM009842,(GWHPACEH009886,GWHPACEK009005)),(GWHPACEP009160,(GWHPACES009810,GWHPACEO009756)))),GWHPACEA009963)))),GWHPACEN009490),(GWHPACEV009199,GWHPACEL009380)),GWHPACEC009463,GWHPACEU009775);
(((((GWHPACEG009701,GWHPACEI010022),(GLYMA_03G087500_1,(GWHPACDZ009523,((GWHPACEE009670,((GWHPACEM009842,(GWHPACEH009886,GWHPACEK009005)),(GWHPACEP009160,(GWHPACES009810,GWHPACEO009756)))),GWHPACEA009963)))),GWHPACEN009490),(GWHPACEV009199,GWHPACEL009380)),GWHPACEC009463,GWHPACEU009775);
(((((GWHPACEG009701,GWHPACEI010022),(GLYMA_03G087500_1,(GWHPACDZ009523,((GWHPACEE009670,((GWHPACEM009842,(GWHPACEH009886,GWHPACEK009005)),(GWHPACEP009160,(GWHPACES009810,GWHPACEO009756)))),GWHPACEA009963)))),GWHPACEN009490),(GWHPACEV009199,GWHPACEL009380)),GWHPACEC009463,GWHPACEU009775);
(((((GWHPACEV009199,GWHPACEL009380),GWHPACEE009670),((((GWHPACEM009842,(GWHPACEH009886,GWHPACEK009005)),(GWHPACEP009160,(GWHPACES009810,GWHPACEO009756))),GWHPACEA009963),GWHPACDZ009523)),((GWHPACEN009490,(GWHPACEG009701,GWHPACEI010022)),GLYMA_03G087500_1)),GWHPACEC009463,GWHPACEU009775);
((((((((GWHPACEE009670,((GWHPACEM009842,(GWHPACEH009886,GWHPACEK009005)),(GWHPACEP009160,(GWHPACES009810,GWHPACEO009756)))),GWHPACEA009963),GWHPACDZ009523),GWHPACEG009701),GLYMA_03G087500_1),(GWHPACEN009490,GWHPACEI010022)),(GWHPACEV009199,GWHPACEL009380)),GWHPACEC009463,GWHPACEU009775);
((((((((GWHPACEE009670,((GWHPACEM009842,(GWHPACEH009886,GWHPACEK009005)),(GWHPACEP009160,(GWHPACES009810,GWHPACEO009756)))),GWHPACEA009963),GWHPACDZ009523),GWHPACEG009701),GLYMA_03G087500_1),(GWHPACEN009490,GWHPACEI010022)),(GWHPACEV009199,GWHPACEL009380)),GWHPACEC009463,GWHPACEU009775);
((((((((GWHPACEE009670,((GWHPACEM009842,(GWHPACEH009886,GWHPACEK009005)),(GWHPACEP009160,(GWHPACES009810,GWHPACEO009756)))),GWHPACEA009963),GWHPACDZ009523),GWHPACEG009701),GLYMA_03G087500_1),(GWHPACEN009490,GWHPACEI010022)),(GWHPACEV009199,GWHPACEL009380)),GWHPACEC009463,GWHPACEU009775);
((((((((GWHPACEE009670,((GWHPACEM009842,(GWHPACEH009886,GWHPACEK009005)),(GWHPACEP009160,(GWHPACES009810,GWHPACEO009756)))),GWHPACEA009963),GWHPACDZ009523),GWHPACEG009701),GLYMA_03G087500_1),(GWHPACEN009490,GWHPACEI010022)),(GWHPACEV009199,GWHPACEL009380)),GWHPACEC009463,GWHPACEU009775);
((((((((GWHPACEE009670,((GWHPACEM009842,(GWHPACEH009886,GWHPACEK009005)),(GWHPACEP009160,(GWHPACES009810,GWHPACEO009756)))),GWHPACEA009963),GWHPACDZ009523),GWHPACEG009701),GLYMA_03G087500_1),(GWHPACEN009490,GWHPACEI010022)),(GWHPACEV009199,GWHPACEL009380)),GWHPACEC009463,GWHPACEU009775);
(GWHPACEC009463,(((GWHPACEV009199,GWHPACEL009380),GWHPACEE009670),((GWHPACEA009963,(GWHPACEI010022,(GWHPACEG009701,(GWHPACEN009490,((GWHPACEP009160,(GWHPACEO009756,GWHPACES009810)),(GWHPACEH009886,(GWHPACEM009842,GWHPACEK009005))))))),(GWHPACDZ009523,GLYMA_03G087500_1))),GWHPACEU009775);
(GWHPACEC009463,(((((GWHPACEP009160,(GWHPACEO009756,GWHPACES009810)),(GWHPACEH009886,(GWHPACEM009842,GWHPACEK009005))),GWHPACEE009670),(GWHPACEV009199,GWHPACEL009380)),((GWHPACEI010022,((GWHPACEG009701,GWHPACEN009490),GWHPACEA009963)),(GWHPACDZ009523,GLYMA_03G087500_1))),GWHPACEU009775);
(GWHPACEC009463,((((GWHPACDZ009523,GWHPACEA009963),((((GWHPACEO009756,GWHPACES009810),GWHPACEP009160),((GWHPACEM009842,GWHPACEK009005),GWHPACEH009886)),GWHPACEE009670)),(GWHPACEV009199,GWHPACEL009380)),(((GWHPACEI010022,GWHPACEN009490),GWHPACEG009701),GLYMA_03G087500_1)),GWHPACEU009775);
(GWHPACEC009463,(((GWHPACDZ009523,GLYMA_03G087500_1),(GWHPACEN009490,(GWHPACEA009963,(GWHPACEI010022,GWHPACEG009701)))),(((((GWHPACEO009756,GWHPACES009810),GWHPACEP009160),(GWHPACEK009005,(GWHPACEH009886,GWHPACEM009842))),GWHPACEE009670),(GWHPACEV009199,GWHPACEL009380))),GWHPACEU009775);
(GWHPACEC009463,(((GWHPACDZ009523,GLYMA_03G087500_1),(GWHPACEN009490,(GWHPACEA009963,(GWHPACEI010022,GWHPACEG009701)))),(((((GWHPACEO009756,GWHPACES009810),GWHPACEP009160),(GWHPACEK009005,(GWHPACEH009886,GWHPACEM009842))),GWHPACEE009670),(GWHPACEV009199,GWHPACEL009380))),GWHPACEU009775);
(GWHPACEC009463,((GWHPACEE009670,(GWHPACEV009199,GWHPACEL009380)),(((((GWHPACDZ009523,GLYMA_03G087500_1),GWHPACEI010022),(GWHPACEA009963,GWHPACEG009701)),GWHPACEN009490),(((GWHPACEO009756,GWHPACES009810),GWHPACEP009160),((GWHPACEK009005,GWHPACEH009886),GWHPACEM009842)))),GWHPACEU009775);
(GWHPACEC009463,((GWHPACEV009199,GWHPACEL009380),(((GWHPACEE009670,(((GWHPACEO009756,GWHPACES009810),GWHPACEP009160),(GWHPACEK009005,(GWHPACEH009886,GWHPACEM009842)))),(GWHPACEA009963,GWHPACDZ009523)),(((GWHPACEI010022,GWHPACEG009701),GWHPACEN009490),GLYMA_03G087500_1))),GWHPACEU009775);
(GWHPACEC009463,((GWHPACEV009199,GWHPACEL009380),(((GWHPACEE009670,(((GWHPACEO009756,GWHPACES009810),GWHPACEP009160),(GWHPACEK009005,(GWHPACEH009886,GWHPACEM009842)))),(GWHPACEA009963,GWHPACDZ009523)),(((GWHPACEI010022,GWHPACEG009701),GWHPACEN009490),GLYMA_03G087500_1))),GWHPACEU009775);
(GWHPACEC009463,((GWHPACEV009199,GWHPACEL009380),(((GWHPACEE009670,(((GWHPACEO009756,GWHPACES009810),GWHPACEP009160),(GWHPACEK009005,(GWHPACEH009886,GWHPACEM009842)))),(GWHPACEA009963,GWHPACDZ009523)),(((GWHPACEI010022,GWHPACEG009701),GWHPACEN009490),GLYMA_03G087500_1))),GWHPACEU009775);
(GWHPACEC009463,((GWHPACEV009199,GWHPACEL009380),(((GWHPACEE009670,(((GWHPACEO009756,GWHPACES009810),GWHPACEP009160),(GWHPACEK009005,(GWHPACEH009886,GWHPACEM009842)))),(GWHPACEA009963,GWHPACDZ009523)),(((GWHPACEI010022,GWHPACEG009701),GWHPACEN009490),GLYMA_03G087500_1))),GWHPACEU009775);
