

IMPORTANT WARNING: Sequences GWHPACEU065283 and GWHPACER059760 are exactly identical


IMPORTANT WARNING: Sequences GWHPACEU065283 and GWHPACEB059079 are exactly identical


IMPORTANT WARNING: Sequences GLYMA_16G033900_1 and GWHPACET065697 are exactly identical


IMPORTANT WARNING: Sequences GWHPACEA065237 and GWHPACES065078 are exactly identical


IMPORTANT WARNING: Sequences GWHPACEG064417 and GWHPACEJ066904 are exactly identical


IMPORTANT WARNING: Sequences GWHPACEG064417 and GWHPACEI067182 are exactly identical


IMPORTANT WARNING: Sequences GWHPACEG064417 and GWHPACED062036 are exactly identical

IMPORTANT WARNING
Found 7 sequences that are exactly identical to other sequences in the alignment.
Normally they should be excluded from the analysis.

Just in case you might need it, an alignment file with 
sequence duplicates removed is printed to file ../../RAxML_tree_pbNB-ARC/Clade_Refinement_1/Int10388_28_41_L_22.afa.reduced


This is RAxML version 8.2.12 released by Alexandros Stamatakis on May 2018.

With greatly appreciated code contributions by:
Andre Aberer      (HITS)
Simon Berger      (HITS)
Alexey Kozlov     (HITS)
Kassian Kobert    (HITS)
David Dao         (KIT and HITS)
Sarah Lutteropp   (KIT and HITS)
Nick Pattengale   (Sandia)
Wayne Pfeiffer    (SDSC)
Akifumi S. Tanabe (NRIFS)
Charlie Taylor    (UF)


Alignment has 206 distinct alignment patterns

Proportion of gaps and completely undetermined characters in this alignment: 13.20%

RAxML rapid bootstrapping and subsequent ML search

Using 1 distinct models/data partitions with joint branch length optimization



Executing 100 rapid bootstrap inferences and thereafter a thorough ML search 

All free model parameters will be estimated by RAxML
ML estimate of 25 per site rate categories

Likelihood of final tree will be evaluated and optimized under GAMMA

GAMMA Model parameters will be estimated up to an accuracy of 0.1000000000 Log Likelihood units

Partition: 0
Alignment Patterns: 206
Name: No Name Provided
DataType: AA
Substitution Matrix: JTT
Using fixed base frequencies




RAxML was called as follows:

/Users/prigozhin/Installers/standard-RAxML/raxmlHPC-PTHREADS-AVX -T 4 -n Int10388_28_41_L_22.Raxml.out -f a -x 12345 -p 12345 -# 100 -m PROTCATJTT -s ../../RAxML_tree_pbNB-ARC/Clade_Refinement_1/Int10388_28_41_L_22.afa 



Time for BS model parameter optimization 0.353820
Bootstrap[0]: Time 1.084865 seconds, bootstrap likelihood -4029.072326, best rearrangement setting 13
Bootstrap[1]: Time 0.894306 seconds, bootstrap likelihood -4046.836621, best rearrangement setting 13
Bootstrap[2]: Time 0.806787 seconds, bootstrap likelihood -4119.760518, best rearrangement setting 12
Bootstrap[3]: Time 0.911005 seconds, bootstrap likelihood -4047.275442, best rearrangement setting 15
Bootstrap[4]: Time 0.834571 seconds, bootstrap likelihood -4032.716859, best rearrangement setting 10
Bootstrap[5]: Time 0.648413 seconds, bootstrap likelihood -4151.739905, best rearrangement setting 10
Bootstrap[6]: Time 0.801602 seconds, bootstrap likelihood -4103.557681, best rearrangement setting 6
Bootstrap[7]: Time 0.640154 seconds, bootstrap likelihood -4049.083134, best rearrangement setting 14
Bootstrap[8]: Time 0.662129 seconds, bootstrap likelihood -4090.820034, best rearrangement setting 5
Bootstrap[9]: Time 0.719242 seconds, bootstrap likelihood -4033.030218, best rearrangement setting 7
Bootstrap[10]: Time 0.649252 seconds, bootstrap likelihood -4026.492639, best rearrangement setting 7
Bootstrap[11]: Time 0.641513 seconds, bootstrap likelihood -4140.210691, best rearrangement setting 5
Bootstrap[12]: Time 0.326105 seconds, bootstrap likelihood -4027.245276, best rearrangement setting 8
Bootstrap[13]: Time 0.287983 seconds, bootstrap likelihood -4147.056911, best rearrangement setting 7
Bootstrap[14]: Time 0.769598 seconds, bootstrap likelihood -3943.656730, best rearrangement setting 12
Bootstrap[15]: Time 0.565721 seconds, bootstrap likelihood -4031.900853, best rearrangement setting 15
Bootstrap[16]: Time 0.654880 seconds, bootstrap likelihood -4122.562438, best rearrangement setting 12
Bootstrap[17]: Time 0.681109 seconds, bootstrap likelihood -3992.656679, best rearrangement setting 12
Bootstrap[18]: Time 0.477692 seconds, bootstrap likelihood -4179.108596, best rearrangement setting 5
Bootstrap[19]: Time 0.351377 seconds, bootstrap likelihood -4052.547151, best rearrangement setting 8
Bootstrap[20]: Time 1.187815 seconds, bootstrap likelihood -3959.056600, best rearrangement setting 10
Bootstrap[21]: Time 0.663291 seconds, bootstrap likelihood -4123.984924, best rearrangement setting 6
Bootstrap[22]: Time 0.612461 seconds, bootstrap likelihood -4085.402917, best rearrangement setting 5
Bootstrap[23]: Time 0.395863 seconds, bootstrap likelihood -4117.945194, best rearrangement setting 7
Bootstrap[24]: Time 0.463130 seconds, bootstrap likelihood -4089.188709, best rearrangement setting 8
Bootstrap[25]: Time 0.489861 seconds, bootstrap likelihood -3989.892970, best rearrangement setting 6
Bootstrap[26]: Time 0.910936 seconds, bootstrap likelihood -4136.316548, best rearrangement setting 12
Bootstrap[27]: Time 0.445364 seconds, bootstrap likelihood -4100.710438, best rearrangement setting 10
Bootstrap[28]: Time 0.731640 seconds, bootstrap likelihood -4063.050236, best rearrangement setting 11
Bootstrap[29]: Time 0.366262 seconds, bootstrap likelihood -4065.390516, best rearrangement setting 12
Bootstrap[30]: Time 0.670614 seconds, bootstrap likelihood -4087.132550, best rearrangement setting 15
Bootstrap[31]: Time 0.269407 seconds, bootstrap likelihood -4084.374429, best rearrangement setting 15
Bootstrap[32]: Time 0.565050 seconds, bootstrap likelihood -3991.546623, best rearrangement setting 6
Bootstrap[33]: Time 0.597849 seconds, bootstrap likelihood -3983.414667, best rearrangement setting 15
Bootstrap[34]: Time 0.302738 seconds, bootstrap likelihood -4062.911490, best rearrangement setting 11
Bootstrap[35]: Time 0.568516 seconds, bootstrap likelihood -4072.811564, best rearrangement setting 8
Bootstrap[36]: Time 0.590703 seconds, bootstrap likelihood -4005.510858, best rearrangement setting 9
Bootstrap[37]: Time 0.255789 seconds, bootstrap likelihood -4102.058011, best rearrangement setting 11
Bootstrap[38]: Time 0.979826 seconds, bootstrap likelihood -4077.925240, best rearrangement setting 8
Bootstrap[39]: Time 0.888081 seconds, bootstrap likelihood -4042.096361, best rearrangement setting 13
Bootstrap[40]: Time 0.651909 seconds, bootstrap likelihood -3978.290880, best rearrangement setting 13
Bootstrap[41]: Time 0.711901 seconds, bootstrap likelihood -4090.824615, best rearrangement setting 10
Bootstrap[42]: Time 0.275177 seconds, bootstrap likelihood -4051.628279, best rearrangement setting 5
Bootstrap[43]: Time 0.273574 seconds, bootstrap likelihood -4076.866532, best rearrangement setting 14
Bootstrap[44]: Time 0.645716 seconds, bootstrap likelihood -4111.124358, best rearrangement setting 10
Bootstrap[45]: Time 0.321577 seconds, bootstrap likelihood -4081.230723, best rearrangement setting 15
Bootstrap[46]: Time 0.294552 seconds, bootstrap likelihood -4041.355522, best rearrangement setting 14
Bootstrap[47]: Time 0.678934 seconds, bootstrap likelihood -4009.650515, best rearrangement setting 8
Bootstrap[48]: Time 0.737784 seconds, bootstrap likelihood -4032.182260, best rearrangement setting 6
Bootstrap[49]: Time 0.794752 seconds, bootstrap likelihood -4089.172453, best rearrangement setting 7
Bootstrap[50]: Time 0.483170 seconds, bootstrap likelihood -4100.681240, best rearrangement setting 7
Bootstrap[51]: Time 0.674904 seconds, bootstrap likelihood -4025.397207, best rearrangement setting 11
Bootstrap[52]: Time 0.251326 seconds, bootstrap likelihood -4086.887541, best rearrangement setting 12
Bootstrap[53]: Time 0.394425 seconds, bootstrap likelihood -4041.237473, best rearrangement setting 8
Bootstrap[54]: Time 0.754025 seconds, bootstrap likelihood -4063.114456, best rearrangement setting 9
Bootstrap[55]: Time 0.611510 seconds, bootstrap likelihood -4133.223887, best rearrangement setting 11
Bootstrap[56]: Time 0.898263 seconds, bootstrap likelihood -4124.514964, best rearrangement setting 5
Bootstrap[57]: Time 0.677571 seconds, bootstrap likelihood -4074.238360, best rearrangement setting 7
Bootstrap[58]: Time 0.752411 seconds, bootstrap likelihood -4154.462496, best rearrangement setting 10
Bootstrap[59]: Time 0.579033 seconds, bootstrap likelihood -4085.023151, best rearrangement setting 9
Bootstrap[60]: Time 0.626958 seconds, bootstrap likelihood -4108.814468, best rearrangement setting 7
Bootstrap[61]: Time 0.652643 seconds, bootstrap likelihood -4009.295827, best rearrangement setting 5
Bootstrap[62]: Time 0.678284 seconds, bootstrap likelihood -4140.953936, best rearrangement setting 11
Bootstrap[63]: Time 0.896393 seconds, bootstrap likelihood -4082.677199, best rearrangement setting 12
Bootstrap[64]: Time 0.710965 seconds, bootstrap likelihood -4123.799084, best rearrangement setting 7
Bootstrap[65]: Time 0.786542 seconds, bootstrap likelihood -4048.227100, best rearrangement setting 5
Bootstrap[66]: Time 0.773122 seconds, bootstrap likelihood -4069.469284, best rearrangement setting 5
Bootstrap[67]: Time 0.671773 seconds, bootstrap likelihood -4129.536828, best rearrangement setting 15
Bootstrap[68]: Time 0.604071 seconds, bootstrap likelihood -4040.431997, best rearrangement setting 11
Bootstrap[69]: Time 0.561852 seconds, bootstrap likelihood -4037.707558, best rearrangement setting 5
Bootstrap[70]: Time 0.600994 seconds, bootstrap likelihood -4124.244147, best rearrangement setting 8
Bootstrap[71]: Time 0.693077 seconds, bootstrap likelihood -4104.336333, best rearrangement setting 10
Bootstrap[72]: Time 0.610123 seconds, bootstrap likelihood -4070.518179, best rearrangement setting 11
Bootstrap[73]: Time 0.254087 seconds, bootstrap likelihood -4030.503928, best rearrangement setting 9
Bootstrap[74]: Time 0.308797 seconds, bootstrap likelihood -4102.121211, best rearrangement setting 5
Bootstrap[75]: Time 0.345540 seconds, bootstrap likelihood -4184.292073, best rearrangement setting 8
Bootstrap[76]: Time 0.709030 seconds, bootstrap likelihood -4037.993790, best rearrangement setting 9
Bootstrap[77]: Time 0.753988 seconds, bootstrap likelihood -4007.303479, best rearrangement setting 11
Bootstrap[78]: Time 0.979328 seconds, bootstrap likelihood -4071.398335, best rearrangement setting 15
Bootstrap[79]: Time 0.669137 seconds, bootstrap likelihood -4145.480223, best rearrangement setting 9
Bootstrap[80]: Time 0.931103 seconds, bootstrap likelihood -3990.523400, best rearrangement setting 15
Bootstrap[81]: Time 0.810882 seconds, bootstrap likelihood -3934.720887, best rearrangement setting 7
Bootstrap[82]: Time 0.290941 seconds, bootstrap likelihood -3991.392488, best rearrangement setting 6
Bootstrap[83]: Time 0.617349 seconds, bootstrap likelihood -4083.968971, best rearrangement setting 10
Bootstrap[84]: Time 0.687736 seconds, bootstrap likelihood -3960.036270, best rearrangement setting 11
Bootstrap[85]: Time 0.821008 seconds, bootstrap likelihood -4039.720759, best rearrangement setting 8
Bootstrap[86]: Time 0.426549 seconds, bootstrap likelihood -4109.331440, best rearrangement setting 7
Bootstrap[87]: Time 0.635083 seconds, bootstrap likelihood -3993.746575, best rearrangement setting 7
Bootstrap[88]: Time 0.708688 seconds, bootstrap likelihood -4034.527100, best rearrangement setting 12
Bootstrap[89]: Time 0.661195 seconds, bootstrap likelihood -4040.233382, best rearrangement setting 10
Bootstrap[90]: Time 0.856312 seconds, bootstrap likelihood -4006.272650, best rearrangement setting 8
Bootstrap[91]: Time 0.328096 seconds, bootstrap likelihood -4110.825208, best rearrangement setting 12
Bootstrap[92]: Time 0.450262 seconds, bootstrap likelihood -4041.837727, best rearrangement setting 13
Bootstrap[93]: Time 0.523336 seconds, bootstrap likelihood -4107.504227, best rearrangement setting 15
Bootstrap[94]: Time 0.406017 seconds, bootstrap likelihood -3894.496267, best rearrangement setting 5
Bootstrap[95]: Time 0.663743 seconds, bootstrap likelihood -4015.276654, best rearrangement setting 5
Bootstrap[96]: Time 0.627258 seconds, bootstrap likelihood -4054.723606, best rearrangement setting 13
Bootstrap[97]: Time 0.608494 seconds, bootstrap likelihood -4040.853565, best rearrangement setting 11
Bootstrap[98]: Time 0.233598 seconds, bootstrap likelihood -4044.018932, best rearrangement setting 6
Bootstrap[99]: Time 0.663137 seconds, bootstrap likelihood -4110.334060, best rearrangement setting 14


Overall Time for 100 Rapid Bootstraps 61.711870 seconds
Average Time per Rapid Bootstrap 0.617119 seconds

Starting ML Search ...

Fast ML optimization finished

Fast ML search Time: 24.778388 seconds

Slow ML Search 0 Likelihood: -4254.011158
Slow ML Search 1 Likelihood: -4254.009749
Slow ML Search 2 Likelihood: -4252.795346
Slow ML Search 3 Likelihood: -4252.795079
Slow ML Search 4 Likelihood: -4252.793810
Slow ML Search 5 Likelihood: -4252.792965
Slow ML Search 6 Likelihood: -4252.792965
Slow ML Search 7 Likelihood: -4252.793387
Slow ML Search 8 Likelihood: -4252.792964
Slow ML Search 9 Likelihood: -4252.795056
Slow ML optimization finished

Slow ML search Time: 12.726041 seconds
Thorough ML search Time: 1.086415 seconds

Final ML Optimization Likelihood: -4252.793341

Model Information:

Model Parameters of Partition 0, Name: No Name Provided, Type of Data: AA
alpha: 0.020000
Tree-Length: 0.052209
rate A <-> R: 0.603538
rate A <-> N: 0.561915
rate A <-> D: 0.842872
rate A <-> C: 0.582726
rate A <-> Q: 0.593132
rate A <-> E: 1.092612
rate A <-> G: 1.862643
rate A <-> H: 0.280957
rate A <-> I: 0.374610
rate A <-> L: 0.312175
rate A <-> K: 0.364204
rate A <-> M: 0.561915
rate A <-> F: 0.156087
rate A <-> P: 2.018730
rate A <-> S: 3.933403
rate A <-> T: 4.942768
rate A <-> W: 0.093652
rate A <-> Y: 0.114464
rate A <-> V: 3.100937
rate R <-> N: 0.468262
rate R <-> D: 0.166493
rate R <-> C: 1.175858
rate R <-> Q: 3.225806
rate R <-> E: 0.301769
rate R <-> G: 1.425598
rate R <-> H: 3.413111
rate R <-> I: 0.228928
rate R <-> L: 0.395421
rate R <-> K: 6.722164
rate R <-> M: 0.457856
rate R <-> F: 0.052029
rate R <-> P: 0.770031
rate R <-> S: 1.050989
rate R <-> T: 0.665973
rate R <-> W: 1.311134
rate R <-> Y: 0.208117
rate R <-> V: 0.176899
rate N <-> D: 5.494277
rate N <-> C: 0.353798
rate N <-> Q: 0.894901
rate N <-> E: 0.603538
rate N <-> G: 0.842872
rate N <-> H: 4.068678
rate N <-> I: 0.489074
rate N <-> L: 0.124870
rate N <-> K: 2.736733
rate N <-> M: 0.312175
rate N <-> F: 0.104058
rate N <-> P: 0.156087
rate N <-> S: 5.234131
rate N <-> T: 2.414152
rate N <-> W: 0.083247
rate N <-> Y: 0.728408
rate N <-> V: 0.166493
rate D <-> C: 0.104058
rate D <-> Q: 0.509886
rate D <-> E: 7.981270
rate D <-> G: 1.352758
rate D <-> H: 1.165453
rate D <-> I: 0.114464
rate D <-> L: 0.072841
rate D <-> K: 0.270552
rate D <-> M: 0.156087
rate D <-> F: 0.041623
rate D <-> P: 0.156087
rate D <-> S: 0.613944
rate D <-> T: 0.395421
rate D <-> W: 0.041623
rate D <-> Y: 0.478668
rate D <-> V: 0.322581
rate C <-> Q: 0.093652
rate C <-> E: 0.052029
rate C <-> G: 0.613944
rate C <-> H: 0.718002
rate C <-> I: 0.176899
rate C <-> L: 0.239334
rate C <-> K: 0.072841
rate C <-> M: 0.322581
rate C <-> F: 0.811655
rate C <-> P: 0.145682
rate C <-> S: 2.320499
rate C <-> T: 0.437045
rate C <-> W: 1.196670
rate C <-> Y: 2.174818
rate C <-> V: 0.645161
rate Q <-> E: 3.361082
rate Q <-> G: 0.270552
rate Q <-> H: 6.212279
rate Q <-> I: 0.093652
rate Q <-> L: 0.749220
rate Q <-> K: 3.038502
rate Q <-> M: 0.447451
rate Q <-> F: 0.041623
rate Q <-> P: 1.706556
rate Q <-> S: 0.551509
rate Q <-> T: 0.530697
rate Q <-> W: 0.187305
rate Q <-> Y: 0.249740
rate Q <-> V: 0.208117
rate E <-> G: 1.238293
rate E <-> H: 0.270552
rate E <-> I: 0.124870
rate E <-> L: 0.093652
rate E <-> K: 1.883455
rate E <-> M: 0.187305
rate E <-> F: 0.052029
rate E <-> P: 0.187305
rate E <-> S: 0.312175
rate E <-> T: 0.332986
rate E <-> W: 0.104058
rate E <-> Y: 0.072841
rate E <-> V: 0.468262
rate G <-> H: 0.239334
rate G <-> I: 0.062435
rate G <-> L: 0.062435
rate G <-> K: 0.280957
rate G <-> M: 0.145682
rate G <-> F: 0.052029
rate G <-> P: 0.249740
rate G <-> S: 2.091571
rate G <-> T: 0.343392
rate G <-> W: 0.572320
rate G <-> Y: 0.083247
rate G <-> V: 0.489074
rate H <-> I: 0.166493
rate H <-> L: 0.582726
rate H <-> K: 0.468262
rate H <-> M: 0.343392
rate H <-> F: 0.416233
rate H <-> P: 1.196670
rate H <-> S: 0.759625
rate H <-> T: 0.478668
rate H <-> W: 0.083247
rate H <-> Y: 5.962539
rate H <-> V: 0.114464
rate I <-> L: 2.382934
rate I <-> K: 0.218522
rate I <-> M: 4.984391
rate I <-> F: 0.926119
rate I <-> P: 0.104058
rate I <-> S: 0.416233
rate I <-> T: 2.549428
rate I <-> W: 0.093652
rate I <-> Y: 0.332986
rate I <-> V: 10.000000
rate L <-> K: 0.145682
rate L <-> M: 4.037461
rate L <-> F: 2.580645
rate L <-> P: 1.061394
rate L <-> S: 0.613944
rate L <-> T: 0.260146
rate L <-> W: 0.541103
rate L <-> Y: 0.249740
rate L <-> V: 1.873049
rate K <-> M: 0.676379
rate K <-> F: 0.041623
rate K <-> P: 0.218522
rate K <-> S: 0.489074
rate K <-> T: 1.071800
rate K <-> W: 0.104058
rate K <-> Y: 0.083247
rate K <-> V: 0.145682
rate M <-> F: 0.447451
rate M <-> P: 0.166493
rate M <-> S: 0.301769
rate M <-> T: 2.351717
rate M <-> W: 0.249740
rate M <-> Y: 0.187305
rate M <-> V: 3.361082
rate F <-> P: 0.176899
rate F <-> S: 0.957336
rate F <-> T: 0.124870
rate F <-> W: 0.551509
rate F <-> Y: 5.577523
rate F <-> V: 0.645161
rate P <-> S: 2.965661
rate P <-> T: 1.227888
rate P <-> W: 0.062435
rate P <-> Y: 0.104058
rate P <-> V: 0.239334
rate S <-> T: 4.963580
rate S <-> W: 0.364204
rate S <-> Y: 0.655567
rate S <-> V: 0.395421
rate T <-> W: 0.124870
rate T <-> Y: 0.218522
rate T <-> V: 1.165453
rate W <-> Y: 0.738814
rate W <-> V: 0.260146
rate Y <-> V: 0.166493

freq pi(A): 0.076748
freq pi(R): 0.051691
freq pi(N): 0.042645
freq pi(D): 0.051544
freq pi(C): 0.019803
freq pi(Q): 0.040752
freq pi(E): 0.061830
freq pi(G): 0.073152
freq pi(H): 0.022944
freq pi(I): 0.053761
freq pi(L): 0.091904
freq pi(K): 0.058676
freq pi(M): 0.023826
freq pi(F): 0.040126
freq pi(P): 0.050901
freq pi(S): 0.068765
freq pi(T): 0.058565
freq pi(W): 0.014261
freq pi(Y): 0.032102
freq pi(V): 0.066004


ML search took 38.641392 secs or 0.010734 hours

Combined Bootstrap and ML search took 100.353471 secs or 0.027876 hours

Drawing Bootstrap Support Values on best-scoring ML tree ...



Found 1 tree in File /Users/prigozhin/Dropbox/NLRomes/Soy_NLRome/RAxML_tree_pbNB-ARC/Clade_Refinement_1/RAxML_bestTree.Int10388_28_41_L_22.Raxml.out



Found 1 tree in File /Users/prigozhin/Dropbox/NLRomes/Soy_NLRome/RAxML_tree_pbNB-ARC/Clade_Refinement_1/RAxML_bestTree.Int10388_28_41_L_22.Raxml.out

Program execution info written to /Users/prigozhin/Dropbox/NLRomes/Soy_NLRome/RAxML_tree_pbNB-ARC/Clade_Refinement_1/RAxML_info.Int10388_28_41_L_22.Raxml.out
All 100 bootstrapped trees written to: /Users/prigozhin/Dropbox/NLRomes/Soy_NLRome/RAxML_tree_pbNB-ARC/Clade_Refinement_1/RAxML_bootstrap.Int10388_28_41_L_22.Raxml.out

Best-scoring ML tree written to: /Users/prigozhin/Dropbox/NLRomes/Soy_NLRome/RAxML_tree_pbNB-ARC/Clade_Refinement_1/RAxML_bestTree.Int10388_28_41_L_22.Raxml.out

Best-scoring ML tree with support values written to: /Users/prigozhin/Dropbox/NLRomes/Soy_NLRome/RAxML_tree_pbNB-ARC/Clade_Refinement_1/RAxML_bipartitions.Int10388_28_41_L_22.Raxml.out

Best-scoring ML tree with support values as branch labels written to: /Users/prigozhin/Dropbox/NLRomes/Soy_NLRome/RAxML_tree_pbNB-ARC/Clade_Refinement_1/RAxML_bipartitionsBranchLabels.Int10388_28_41_L_22.Raxml.out

Overall execution time for full ML analysis: 100.361155 secs or 0.027878 hours or 0.001162 days

