

IMPORTANT WARNING: Sequences GLYMA_ZH13_01G032100_1_P and GWHPACEX000488 are exactly identical


IMPORTANT WARNING: Sequences GLYMA_ZH13_01G032100_1_P and GWHPACEN000496 are exactly identical


IMPORTANT WARNING: Sequences GLYMA_ZH13_01G032100_1_P and W05_GLYSO_01G000320_1_P are exactly identical


IMPORTANT WARNING: Sequences GLYMA_ZH13_01G032100_1_P and GLYMA_01G032400_1 are exactly identical


IMPORTANT WARNING: Sequences GLYMA_ZH13_01G032100_1_P and GWHPACED000511 are exactly identical


IMPORTANT WARNING: Sequences GWHPACEU000505 and GWHPACET000511 are exactly identical


IMPORTANT WARNING: Sequences GWHPACEU000505 and GWHPACEM000510 are exactly identical


IMPORTANT WARNING: Sequences GWHPACEU000505 and GWHPACEA000499 are exactly identical


IMPORTANT WARNING: Sequences GWHPACEU000505 and GWHPACEG000494 are exactly identical


IMPORTANT WARNING: Sequences GWHPACEU000505 and GWHPACES000507 are exactly identical


IMPORTANT WARNING: Sequences GWHPACEU000505 and GWHPACEO000501 are exactly identical


IMPORTANT WARNING: Sequences GWHPACEI000521 and GWHPACEJ000515 are exactly identical

IMPORTANT WARNING
Found 12 sequences that are exactly identical to other sequences in the alignment.
Normally they should be excluded from the analysis.

Just in case you might need it, an alignment file with 
sequence duplicates removed is printed to file ../../RAxML_tree_pbNB-ARC/Clade_Refinement_1/Int10916_135_156_L_23.afa.reduced


This is RAxML version 8.2.12 released by Alexandros Stamatakis on May 2018.

With greatly appreciated code contributions by:
Andre Aberer      (HITS)
Simon Berger      (HITS)
Alexey Kozlov     (HITS)
Kassian Kobert    (HITS)
David Dao         (KIT and HITS)
Sarah Lutteropp   (KIT and HITS)
Nick Pattengale   (Sandia)
Wayne Pfeiffer    (SDSC)
Akifumi S. Tanabe (NRIFS)
Charlie Taylor    (UF)


Alignment has 128 distinct alignment patterns

Proportion of gaps and completely undetermined characters in this alignment: 1.91%

RAxML rapid bootstrapping and subsequent ML search

Using 1 distinct models/data partitions with joint branch length optimization



Executing 100 rapid bootstrap inferences and thereafter a thorough ML search 

All free model parameters will be estimated by RAxML
ML estimate of 25 per site rate categories

Likelihood of final tree will be evaluated and optimized under GAMMA

GAMMA Model parameters will be estimated up to an accuracy of 0.1000000000 Log Likelihood units

Partition: 0
Alignment Patterns: 128
Name: No Name Provided
DataType: AA
Substitution Matrix: JTT
Using fixed base frequencies




RAxML was called as follows:

/Users/prigozhin/Installers/standard-RAxML/raxmlHPC-PTHREADS-AVX -T 4 -n Int10916_135_156_L_23.Raxml.out -f a -x 12345 -p 12345 -# 100 -m PROTCATJTT -s ../../RAxML_tree_pbNB-ARC/Clade_Refinement_1/Int10916_135_156_L_23.afa 



Time for BS model parameter optimization 0.185547
Bootstrap[0]: Time 0.953429 seconds, bootstrap likelihood -4418.749273, best rearrangement setting 13
Bootstrap[1]: Time 0.834677 seconds, bootstrap likelihood -4417.672970, best rearrangement setting 13
Bootstrap[2]: Time 0.465886 seconds, bootstrap likelihood -4454.234027, best rearrangement setting 12
Bootstrap[3]: Time 0.488691 seconds, bootstrap likelihood -4472.765881, best rearrangement setting 15
Bootstrap[4]: Time 0.776866 seconds, bootstrap likelihood -4433.331087, best rearrangement setting 10
Bootstrap[5]: Time 0.779133 seconds, bootstrap likelihood -4463.091525, best rearrangement setting 10
Bootstrap[6]: Time 0.644234 seconds, bootstrap likelihood -4352.419249, best rearrangement setting 6
Bootstrap[7]: Time 0.799321 seconds, bootstrap likelihood -4452.872925, best rearrangement setting 14
Bootstrap[8]: Time 0.287459 seconds, bootstrap likelihood -4441.366547, best rearrangement setting 5
Bootstrap[9]: Time 0.413062 seconds, bootstrap likelihood -4361.569281, best rearrangement setting 7
Bootstrap[10]: Time 0.693898 seconds, bootstrap likelihood -4401.892001, best rearrangement setting 7
Bootstrap[11]: Time 0.565988 seconds, bootstrap likelihood -4388.840346, best rearrangement setting 5
Bootstrap[12]: Time 0.795635 seconds, bootstrap likelihood -4373.949001, best rearrangement setting 8
Bootstrap[13]: Time 0.791750 seconds, bootstrap likelihood -4368.377112, best rearrangement setting 7
Bootstrap[14]: Time 0.398515 seconds, bootstrap likelihood -4350.027218, best rearrangement setting 12
Bootstrap[15]: Time 0.403213 seconds, bootstrap likelihood -4423.511069, best rearrangement setting 15
Bootstrap[16]: Time 0.489358 seconds, bootstrap likelihood -4442.288420, best rearrangement setting 12
Bootstrap[17]: Time 0.385538 seconds, bootstrap likelihood -4385.817401, best rearrangement setting 12
Bootstrap[18]: Time 0.278812 seconds, bootstrap likelihood -4381.975821, best rearrangement setting 5
Bootstrap[19]: Time 0.373684 seconds, bootstrap likelihood -4494.614461, best rearrangement setting 8
Bootstrap[20]: Time 0.844052 seconds, bootstrap likelihood -4382.430341, best rearrangement setting 10
Bootstrap[21]: Time 0.565808 seconds, bootstrap likelihood -4454.408999, best rearrangement setting 6
Bootstrap[22]: Time 0.273989 seconds, bootstrap likelihood -4388.882869, best rearrangement setting 5
Bootstrap[23]: Time 0.330131 seconds, bootstrap likelihood -4345.555400, best rearrangement setting 7
Bootstrap[24]: Time 0.320670 seconds, bootstrap likelihood -4392.862133, best rearrangement setting 8
Bootstrap[25]: Time 0.310999 seconds, bootstrap likelihood -4374.648279, best rearrangement setting 6
Bootstrap[26]: Time 0.881569 seconds, bootstrap likelihood -4408.297186, best rearrangement setting 12
Bootstrap[27]: Time 0.853658 seconds, bootstrap likelihood -4443.877394, best rearrangement setting 10
Bootstrap[28]: Time 0.839571 seconds, bootstrap likelihood -4457.077343, best rearrangement setting 11
Bootstrap[29]: Time 0.401357 seconds, bootstrap likelihood -4402.550196, best rearrangement setting 12
Bootstrap[30]: Time 0.808625 seconds, bootstrap likelihood -4410.922478, best rearrangement setting 15
Bootstrap[31]: Time 0.786825 seconds, bootstrap likelihood -4421.164919, best rearrangement setting 15
Bootstrap[32]: Time 0.285859 seconds, bootstrap likelihood -4414.517239, best rearrangement setting 6
Bootstrap[33]: Time 0.398269 seconds, bootstrap likelihood -4420.754150, best rearrangement setting 15
Bootstrap[34]: Time 0.432992 seconds, bootstrap likelihood -4364.413547, best rearrangement setting 11
Bootstrap[35]: Time 0.386620 seconds, bootstrap likelihood -4437.196161, best rearrangement setting 8
Bootstrap[36]: Time 0.401570 seconds, bootstrap likelihood -4488.706597, best rearrangement setting 9
Bootstrap[37]: Time 0.449947 seconds, bootstrap likelihood -4457.343971, best rearrangement setting 11
Bootstrap[38]: Time 0.378256 seconds, bootstrap likelihood -4414.745429, best rearrangement setting 8
Bootstrap[39]: Time 0.447025 seconds, bootstrap likelihood -4402.776506, best rearrangement setting 13
Bootstrap[40]: Time 0.395237 seconds, bootstrap likelihood -4445.809966, best rearrangement setting 13
Bootstrap[41]: Time 0.348399 seconds, bootstrap likelihood -4348.187766, best rearrangement setting 10
Bootstrap[42]: Time 0.533049 seconds, bootstrap likelihood -4418.852244, best rearrangement setting 5
Bootstrap[43]: Time 0.484309 seconds, bootstrap likelihood -4402.828130, best rearrangement setting 14
Bootstrap[44]: Time 0.422688 seconds, bootstrap likelihood -4418.034376, best rearrangement setting 10
Bootstrap[45]: Time 0.388978 seconds, bootstrap likelihood -4419.344314, best rearrangement setting 15
Bootstrap[46]: Time 0.476031 seconds, bootstrap likelihood -4370.591872, best rearrangement setting 14
Bootstrap[47]: Time 0.381865 seconds, bootstrap likelihood -4400.380327, best rearrangement setting 8
Bootstrap[48]: Time 0.321719 seconds, bootstrap likelihood -4467.023811, best rearrangement setting 6
Bootstrap[49]: Time 0.333531 seconds, bootstrap likelihood -4361.857648, best rearrangement setting 7
Bootstrap[50]: Time 0.362505 seconds, bootstrap likelihood -4458.825491, best rearrangement setting 7
Bootstrap[51]: Time 0.817317 seconds, bootstrap likelihood -4389.392327, best rearrangement setting 11
Bootstrap[52]: Time 0.755955 seconds, bootstrap likelihood -4387.262796, best rearrangement setting 12
Bootstrap[53]: Time 0.800223 seconds, bootstrap likelihood -4381.251848, best rearrangement setting 8
Bootstrap[54]: Time 0.771985 seconds, bootstrap likelihood -4441.331051, best rearrangement setting 9
Bootstrap[55]: Time 0.913566 seconds, bootstrap likelihood -4402.149572, best rearrangement setting 11
Bootstrap[56]: Time 0.268314 seconds, bootstrap likelihood -4431.201995, best rearrangement setting 5
Bootstrap[57]: Time 0.363318 seconds, bootstrap likelihood -4473.219658, best rearrangement setting 7
Bootstrap[58]: Time 0.394037 seconds, bootstrap likelihood -4431.839418, best rearrangement setting 10
Bootstrap[59]: Time 0.366895 seconds, bootstrap likelihood -4496.766266, best rearrangement setting 9
Bootstrap[60]: Time 0.796903 seconds, bootstrap likelihood -4433.163892, best rearrangement setting 7
Bootstrap[61]: Time 0.364946 seconds, bootstrap likelihood -4407.455073, best rearrangement setting 5
Bootstrap[62]: Time 0.400675 seconds, bootstrap likelihood -4388.564078, best rearrangement setting 11
Bootstrap[63]: Time 0.535194 seconds, bootstrap likelihood -4404.571656, best rearrangement setting 12
Bootstrap[64]: Time 0.412610 seconds, bootstrap likelihood -4417.207553, best rearrangement setting 7
Bootstrap[65]: Time 0.356672 seconds, bootstrap likelihood -4373.755662, best rearrangement setting 5
Bootstrap[66]: Time 0.362368 seconds, bootstrap likelihood -4417.599033, best rearrangement setting 5
Bootstrap[67]: Time 0.735766 seconds, bootstrap likelihood -4412.494055, best rearrangement setting 15
Bootstrap[68]: Time 0.431004 seconds, bootstrap likelihood -4424.786664, best rearrangement setting 11
Bootstrap[69]: Time 0.345914 seconds, bootstrap likelihood -4437.539719, best rearrangement setting 5
Bootstrap[70]: Time 0.648980 seconds, bootstrap likelihood -4402.471012, best rearrangement setting 8
Bootstrap[71]: Time 0.361995 seconds, bootstrap likelihood -4385.711334, best rearrangement setting 10
Bootstrap[72]: Time 0.421342 seconds, bootstrap likelihood -4485.242757, best rearrangement setting 11
Bootstrap[73]: Time 0.364202 seconds, bootstrap likelihood -4368.686141, best rearrangement setting 9
Bootstrap[74]: Time 0.294516 seconds, bootstrap likelihood -4457.754072, best rearrangement setting 5
Bootstrap[75]: Time 0.346740 seconds, bootstrap likelihood -4438.760098, best rearrangement setting 8
Bootstrap[76]: Time 0.404572 seconds, bootstrap likelihood -4396.853373, best rearrangement setting 9
Bootstrap[77]: Time 0.427684 seconds, bootstrap likelihood -4484.963446, best rearrangement setting 11
Bootstrap[78]: Time 0.417335 seconds, bootstrap likelihood -4370.977612, best rearrangement setting 15
Bootstrap[79]: Time 0.481923 seconds, bootstrap likelihood -4352.355779, best rearrangement setting 9
Bootstrap[80]: Time 0.831928 seconds, bootstrap likelihood -4414.402695, best rearrangement setting 15
Bootstrap[81]: Time 0.359269 seconds, bootstrap likelihood -4374.702521, best rearrangement setting 7
Bootstrap[82]: Time 0.325450 seconds, bootstrap likelihood -4435.136875, best rearrangement setting 6
Bootstrap[83]: Time 0.369409 seconds, bootstrap likelihood -4407.490017, best rearrangement setting 10
Bootstrap[84]: Time 0.366998 seconds, bootstrap likelihood -4451.314420, best rearrangement setting 11
Bootstrap[85]: Time 0.370651 seconds, bootstrap likelihood -4382.196199, best rearrangement setting 8
Bootstrap[86]: Time 0.354148 seconds, bootstrap likelihood -4434.998199, best rearrangement setting 7
Bootstrap[87]: Time 0.317761 seconds, bootstrap likelihood -4429.398277, best rearrangement setting 7
Bootstrap[88]: Time 0.394467 seconds, bootstrap likelihood -4488.632472, best rearrangement setting 12
Bootstrap[89]: Time 0.756264 seconds, bootstrap likelihood -4456.647056, best rearrangement setting 10
Bootstrap[90]: Time 0.703835 seconds, bootstrap likelihood -4355.120003, best rearrangement setting 8
Bootstrap[91]: Time 0.383183 seconds, bootstrap likelihood -4419.609981, best rearrangement setting 12
Bootstrap[92]: Time 0.369303 seconds, bootstrap likelihood -4482.102833, best rearrangement setting 13
Bootstrap[93]: Time 0.381873 seconds, bootstrap likelihood -4378.608736, best rearrangement setting 15
Bootstrap[94]: Time 0.326121 seconds, bootstrap likelihood -4370.551005, best rearrangement setting 5
Bootstrap[95]: Time 0.348963 seconds, bootstrap likelihood -4327.265189, best rearrangement setting 5
Bootstrap[96]: Time 0.385210 seconds, bootstrap likelihood -4473.809504, best rearrangement setting 13
Bootstrap[97]: Time 0.387371 seconds, bootstrap likelihood -4501.656661, best rearrangement setting 11
Bootstrap[98]: Time 0.364010 seconds, bootstrap likelihood -4427.649954, best rearrangement setting 6
Bootstrap[99]: Time 0.384522 seconds, bootstrap likelihood -4416.165393, best rearrangement setting 14


Overall Time for 100 Rapid Bootstraps 49.340019 seconds
Average Time per Rapid Bootstrap 0.493400 seconds

Starting ML Search ...

Fast ML optimization finished

Fast ML search Time: 17.811801 seconds

Slow ML Search 0 Likelihood: -4572.342343
Slow ML Search 1 Likelihood: -4572.342343
Slow ML Search 2 Likelihood: -4572.342343
Slow ML Search 3 Likelihood: -4572.342343
Slow ML Search 4 Likelihood: -4572.342343
Slow ML Search 5 Likelihood: -4572.342343
Slow ML Search 6 Likelihood: -4572.342343
Slow ML Search 7 Likelihood: -4572.342344
Slow ML Search 8 Likelihood: -4572.342344
Slow ML Search 9 Likelihood: -4572.342430
Slow ML optimization finished

Slow ML search Time: 8.409155 seconds
Thorough ML search Time: 0.962037 seconds

Final ML Optimization Likelihood: -4572.342343

Model Information:

Model Parameters of Partition 0, Name: No Name Provided, Type of Data: AA
alpha: 0.020000
Tree-Length: 0.032492
rate A <-> R: 0.603538
rate A <-> N: 0.561915
rate A <-> D: 0.842872
rate A <-> C: 0.582726
rate A <-> Q: 0.593132
rate A <-> E: 1.092612
rate A <-> G: 1.862643
rate A <-> H: 0.280957
rate A <-> I: 0.374610
rate A <-> L: 0.312175
rate A <-> K: 0.364204
rate A <-> M: 0.561915
rate A <-> F: 0.156087
rate A <-> P: 2.018730
rate A <-> S: 3.933403
rate A <-> T: 4.942768
rate A <-> W: 0.093652
rate A <-> Y: 0.114464
rate A <-> V: 3.100937
rate R <-> N: 0.468262
rate R <-> D: 0.166493
rate R <-> C: 1.175858
rate R <-> Q: 3.225806
rate R <-> E: 0.301769
rate R <-> G: 1.425598
rate R <-> H: 3.413111
rate R <-> I: 0.228928
rate R <-> L: 0.395421
rate R <-> K: 6.722164
rate R <-> M: 0.457856
rate R <-> F: 0.052029
rate R <-> P: 0.770031
rate R <-> S: 1.050989
rate R <-> T: 0.665973
rate R <-> W: 1.311134
rate R <-> Y: 0.208117
rate R <-> V: 0.176899
rate N <-> D: 5.494277
rate N <-> C: 0.353798
rate N <-> Q: 0.894901
rate N <-> E: 0.603538
rate N <-> G: 0.842872
rate N <-> H: 4.068678
rate N <-> I: 0.489074
rate N <-> L: 0.124870
rate N <-> K: 2.736733
rate N <-> M: 0.312175
rate N <-> F: 0.104058
rate N <-> P: 0.156087
rate N <-> S: 5.234131
rate N <-> T: 2.414152
rate N <-> W: 0.083247
rate N <-> Y: 0.728408
rate N <-> V: 0.166493
rate D <-> C: 0.104058
rate D <-> Q: 0.509886
rate D <-> E: 7.981270
rate D <-> G: 1.352758
rate D <-> H: 1.165453
rate D <-> I: 0.114464
rate D <-> L: 0.072841
rate D <-> K: 0.270552
rate D <-> M: 0.156087
rate D <-> F: 0.041623
rate D <-> P: 0.156087
rate D <-> S: 0.613944
rate D <-> T: 0.395421
rate D <-> W: 0.041623
rate D <-> Y: 0.478668
rate D <-> V: 0.322581
rate C <-> Q: 0.093652
rate C <-> E: 0.052029
rate C <-> G: 0.613944
rate C <-> H: 0.718002
rate C <-> I: 0.176899
rate C <-> L: 0.239334
rate C <-> K: 0.072841
rate C <-> M: 0.322581
rate C <-> F: 0.811655
rate C <-> P: 0.145682
rate C <-> S: 2.320499
rate C <-> T: 0.437045
rate C <-> W: 1.196670
rate C <-> Y: 2.174818
rate C <-> V: 0.645161
rate Q <-> E: 3.361082
rate Q <-> G: 0.270552
rate Q <-> H: 6.212279
rate Q <-> I: 0.093652
rate Q <-> L: 0.749220
rate Q <-> K: 3.038502
rate Q <-> M: 0.447451
rate Q <-> F: 0.041623
rate Q <-> P: 1.706556
rate Q <-> S: 0.551509
rate Q <-> T: 0.530697
rate Q <-> W: 0.187305
rate Q <-> Y: 0.249740
rate Q <-> V: 0.208117
rate E <-> G: 1.238293
rate E <-> H: 0.270552
rate E <-> I: 0.124870
rate E <-> L: 0.093652
rate E <-> K: 1.883455
rate E <-> M: 0.187305
rate E <-> F: 0.052029
rate E <-> P: 0.187305
rate E <-> S: 0.312175
rate E <-> T: 0.332986
rate E <-> W: 0.104058
rate E <-> Y: 0.072841
rate E <-> V: 0.468262
rate G <-> H: 0.239334
rate G <-> I: 0.062435
rate G <-> L: 0.062435
rate G <-> K: 0.280957
rate G <-> M: 0.145682
rate G <-> F: 0.052029
rate G <-> P: 0.249740
rate G <-> S: 2.091571
rate G <-> T: 0.343392
rate G <-> W: 0.572320
rate G <-> Y: 0.083247
rate G <-> V: 0.489074
rate H <-> I: 0.166493
rate H <-> L: 0.582726
rate H <-> K: 0.468262
rate H <-> M: 0.343392
rate H <-> F: 0.416233
rate H <-> P: 1.196670
rate H <-> S: 0.759625
rate H <-> T: 0.478668
rate H <-> W: 0.083247
rate H <-> Y: 5.962539
rate H <-> V: 0.114464
rate I <-> L: 2.382934
rate I <-> K: 0.218522
rate I <-> M: 4.984391
rate I <-> F: 0.926119
rate I <-> P: 0.104058
rate I <-> S: 0.416233
rate I <-> T: 2.549428
rate I <-> W: 0.093652
rate I <-> Y: 0.332986
rate I <-> V: 10.000000
rate L <-> K: 0.145682
rate L <-> M: 4.037461
rate L <-> F: 2.580645
rate L <-> P: 1.061394
rate L <-> S: 0.613944
rate L <-> T: 0.260146
rate L <-> W: 0.541103
rate L <-> Y: 0.249740
rate L <-> V: 1.873049
rate K <-> M: 0.676379
rate K <-> F: 0.041623
rate K <-> P: 0.218522
rate K <-> S: 0.489074
rate K <-> T: 1.071800
rate K <-> W: 0.104058
rate K <-> Y: 0.083247
rate K <-> V: 0.145682
rate M <-> F: 0.447451
rate M <-> P: 0.166493
rate M <-> S: 0.301769
rate M <-> T: 2.351717
rate M <-> W: 0.249740
rate M <-> Y: 0.187305
rate M <-> V: 3.361082
rate F <-> P: 0.176899
rate F <-> S: 0.957336
rate F <-> T: 0.124870
rate F <-> W: 0.551509
rate F <-> Y: 5.577523
rate F <-> V: 0.645161
rate P <-> S: 2.965661
rate P <-> T: 1.227888
rate P <-> W: 0.062435
rate P <-> Y: 0.104058
rate P <-> V: 0.239334
rate S <-> T: 4.963580
rate S <-> W: 0.364204
rate S <-> Y: 0.655567
rate S <-> V: 0.395421
rate T <-> W: 0.124870
rate T <-> Y: 0.218522
rate T <-> V: 1.165453
rate W <-> Y: 0.738814
rate W <-> V: 0.260146
rate Y <-> V: 0.166493

freq pi(A): 0.076748
freq pi(R): 0.051691
freq pi(N): 0.042645
freq pi(D): 0.051544
freq pi(C): 0.019803
freq pi(Q): 0.040752
freq pi(E): 0.061830
freq pi(G): 0.073152
freq pi(H): 0.022944
freq pi(I): 0.053761
freq pi(L): 0.091904
freq pi(K): 0.058676
freq pi(M): 0.023826
freq pi(F): 0.040126
freq pi(P): 0.050901
freq pi(S): 0.068765
freq pi(T): 0.058565
freq pi(W): 0.014261
freq pi(Y): 0.032102
freq pi(V): 0.066004


ML search took 27.218742 secs or 0.007561 hours

Combined Bootstrap and ML search took 76.560914 secs or 0.021267 hours

Drawing Bootstrap Support Values on best-scoring ML tree ...



Found 1 tree in File /Users/prigozhin/Dropbox/NLRomes/Soy_NLRome/RAxML_tree_pbNB-ARC/Clade_Refinement_1/RAxML_bestTree.Int10916_135_156_L_23.Raxml.out



Found 1 tree in File /Users/prigozhin/Dropbox/NLRomes/Soy_NLRome/RAxML_tree_pbNB-ARC/Clade_Refinement_1/RAxML_bestTree.Int10916_135_156_L_23.Raxml.out

Program execution info written to /Users/prigozhin/Dropbox/NLRomes/Soy_NLRome/RAxML_tree_pbNB-ARC/Clade_Refinement_1/RAxML_info.Int10916_135_156_L_23.Raxml.out
All 100 bootstrapped trees written to: /Users/prigozhin/Dropbox/NLRomes/Soy_NLRome/RAxML_tree_pbNB-ARC/Clade_Refinement_1/RAxML_bootstrap.Int10916_135_156_L_23.Raxml.out

Best-scoring ML tree written to: /Users/prigozhin/Dropbox/NLRomes/Soy_NLRome/RAxML_tree_pbNB-ARC/Clade_Refinement_1/RAxML_bestTree.Int10916_135_156_L_23.Raxml.out

Best-scoring ML tree with support values written to: /Users/prigozhin/Dropbox/NLRomes/Soy_NLRome/RAxML_tree_pbNB-ARC/Clade_Refinement_1/RAxML_bipartitions.Int10916_135_156_L_23.Raxml.out

Best-scoring ML tree with support values as branch labels written to: /Users/prigozhin/Dropbox/NLRomes/Soy_NLRome/RAxML_tree_pbNB-ARC/Clade_Refinement_1/RAxML_bipartitionsBranchLabels.Int10916_135_156_L_23.Raxml.out

Overall execution time for full ML analysis: 76.568418 secs or 0.021269 hours or 0.000886 days

