(GWHPACEJ009375,(GWHPACEW009070,((GWHPACEJ009371,(GWHPACEI009342,GWHPACEX008720)),(W05_GLYSO_03G006091_1_P,W05_GLYSO_03G006088_1_P))),GWHPACEI009345);
(GWHPACEJ009375,(GWHPACEW009070,((GWHPACEJ009371,(GWHPACEI009342,GWHPACEX008720)),(W05_GLYSO_03G006091_1_P,W05_GLYSO_03G006088_1_P))),GWHPACEI009345);
(GWHPACEJ009375,(GWHPACEW009070,((GWHPACEJ009371,(GWHPACEI009342,GWHPACEX008720)),(W05_GLYSO_03G006091_1_P,W05_GLYSO_03G006088_1_P))),GWHPACEI009345);
(GWHPACEJ009375,(GWHPACEW009070,((GWHPACEJ009371,(GWHPACEI009342,GWHPACEX008720)),(W05_GLYSO_03G006091_1_P,W05_GLYSO_03G006088_1_P))),GWHPACEI009345);
(GWHPACEJ009375,(GWHPACEW009070,((GWHPACEJ009371,(GWHPACEI009342,GWHPACEX008720)),(W05_GLYSO_03G006091_1_P,W05_GLYSO_03G006088_1_P))),GWHPACEI009345);
(GWHPACEJ009375,(GWHPACEW009070,((GWHPACEJ009371,(GWHPACEI009342,GWHPACEX008720)),(W05_GLYSO_03G006091_1_P,W05_GLYSO_03G006088_1_P))),GWHPACEI009345);
(GWHPACEJ009375,(GWHPACEW009070,((GWHPACEJ009371,(GWHPACEI009342,GWHPACEX008720)),(W05_GLYSO_03G006091_1_P,W05_GLYSO_03G006088_1_P))),GWHPACEI009345);
(GWHPACEJ009375,(GWHPACEW009070,((GWHPACEJ009371,(GWHPACEI009342,GWHPACEX008720)),(W05_GLYSO_03G006091_1_P,W05_GLYSO_03G006088_1_P))),GWHPACEI009345);
(GWHPACEJ009375,(GWHPACEW009070,((GWHPACEJ009371,(GWHPACEI009342,GWHPACEX008720)),(W05_GLYSO_03G006091_1_P,W05_GLYSO_03G006088_1_P))),GWHPACEI009345);
(GWHPACEJ009375,(GWHPACEW009070,((GWHPACEJ009371,(GWHPACEI009342,GWHPACEX008720)),(W05_GLYSO_03G006091_1_P,W05_GLYSO_03G006088_1_P))),GWHPACEI009345);
(GWHPACEW009070,((W05_GLYSO_03G006088_1_P,W05_GLYSO_03G006091_1_P),((GWHPACEJ009371,(GWHPACEX008720,GWHPACEI009342)),GWHPACEJ009375)),GWHPACEI009345);
(GWHPACEW009070,((W05_GLYSO_03G006088_1_P,W05_GLYSO_03G006091_1_P),((GWHPACEJ009371,(GWHPACEX008720,GWHPACEI009342)),GWHPACEJ009375)),GWHPACEI009345);
(GWHPACEW009070,((W05_GLYSO_03G006088_1_P,W05_GLYSO_03G006091_1_P),((GWHPACEJ009371,(GWHPACEX008720,GWHPACEI009342)),GWHPACEJ009375)),GWHPACEI009345);
(GWHPACEW009070,((W05_GLYSO_03G006088_1_P,W05_GLYSO_03G006091_1_P),((GWHPACEJ009371,(GWHPACEX008720,GWHPACEI009342)),GWHPACEJ009375)),GWHPACEI009345);
(GWHPACEW009070,((W05_GLYSO_03G006088_1_P,W05_GLYSO_03G006091_1_P),((GWHPACEJ009371,(GWHPACEX008720,GWHPACEI009342)),GWHPACEJ009375)),GWHPACEI009345);
(GWHPACEW009070,((W05_GLYSO_03G006088_1_P,W05_GLYSO_03G006091_1_P),((GWHPACEJ009371,(GWHPACEX008720,GWHPACEI009342)),GWHPACEJ009375)),GWHPACEI009345);
(GWHPACEW009070,((W05_GLYSO_03G006088_1_P,W05_GLYSO_03G006091_1_P),((GWHPACEJ009371,(GWHPACEX008720,GWHPACEI009342)),GWHPACEJ009375)),GWHPACEI009345);
(GWHPACEW009070,((W05_GLYSO_03G006088_1_P,W05_GLYSO_03G006091_1_P),((GWHPACEJ009371,(GWHPACEX008720,GWHPACEI009342)),GWHPACEJ009375)),GWHPACEI009345);
(GWHPACEW009070,((W05_GLYSO_03G006088_1_P,W05_GLYSO_03G006091_1_P),((GWHPACEJ009371,(GWHPACEX008720,GWHPACEI009342)),GWHPACEJ009375)),GWHPACEI009345);
(GWHPACEW009070,((W05_GLYSO_03G006088_1_P,W05_GLYSO_03G006091_1_P),((GWHPACEJ009371,(GWHPACEX008720,GWHPACEI009342)),GWHPACEJ009375)),GWHPACEI009345);
(GWHPACEW009070,(GWHPACEJ009375,((W05_GLYSO_03G006088_1_P,W05_GLYSO_03G006091_1_P),(GWHPACEX008720,(GWHPACEI009342,GWHPACEJ009371)))),GWHPACEI009345);
(GWHPACEW009070,(GWHPACEJ009375,((W05_GLYSO_03G006088_1_P,W05_GLYSO_03G006091_1_P),(GWHPACEX008720,(GWHPACEI009342,GWHPACEJ009371)))),GWHPACEI009345);
(GWHPACEW009070,(GWHPACEJ009375,((W05_GLYSO_03G006088_1_P,W05_GLYSO_03G006091_1_P),(GWHPACEX008720,(GWHPACEI009342,GWHPACEJ009371)))),GWHPACEI009345);
(GWHPACEW009070,(GWHPACEJ009375,((W05_GLYSO_03G006088_1_P,W05_GLYSO_03G006091_1_P),(GWHPACEX008720,(GWHPACEI009342,GWHPACEJ009371)))),GWHPACEI009345);
(GWHPACEW009070,(GWHPACEJ009375,((W05_GLYSO_03G006088_1_P,W05_GLYSO_03G006091_1_P),(GWHPACEX008720,(GWHPACEI009342,GWHPACEJ009371)))),GWHPACEI009345);
(GWHPACEW009070,(GWHPACEJ009375,((W05_GLYSO_03G006088_1_P,W05_GLYSO_03G006091_1_P),(GWHPACEX008720,(GWHPACEI009342,GWHPACEJ009371)))),GWHPACEI009345);
(GWHPACEW009070,(GWHPACEJ009375,((W05_GLYSO_03G006088_1_P,W05_GLYSO_03G006091_1_P),(GWHPACEX008720,(GWHPACEI009342,GWHPACEJ009371)))),GWHPACEI009345);
(GWHPACEW009070,(GWHPACEJ009375,((W05_GLYSO_03G006088_1_P,W05_GLYSO_03G006091_1_P),(GWHPACEX008720,(GWHPACEI009342,GWHPACEJ009371)))),GWHPACEI009345);
(GWHPACEW009070,(GWHPACEJ009375,((W05_GLYSO_03G006088_1_P,W05_GLYSO_03G006091_1_P),(GWHPACEX008720,(GWHPACEI009342,GWHPACEJ009371)))),GWHPACEI009345);
(GWHPACEW009070,(GWHPACEJ009375,((W05_GLYSO_03G006088_1_P,W05_GLYSO_03G006091_1_P),(GWHPACEX008720,(GWHPACEI009342,GWHPACEJ009371)))),GWHPACEI009345);
(GWHPACEJ009375,(GWHPACEW009070,((W05_GLYSO_03G006091_1_P,W05_GLYSO_03G006088_1_P),(GWHPACEX008720,(GWHPACEJ009371,GWHPACEI009342)))),GWHPACEI009345);
(GWHPACEJ009375,(GWHPACEW009070,((W05_GLYSO_03G006091_1_P,W05_GLYSO_03G006088_1_P),(GWHPACEX008720,(GWHPACEJ009371,GWHPACEI009342)))),GWHPACEI009345);
(GWHPACEJ009375,(GWHPACEW009070,((W05_GLYSO_03G006091_1_P,W05_GLYSO_03G006088_1_P),(GWHPACEX008720,(GWHPACEJ009371,GWHPACEI009342)))),GWHPACEI009345);
(GWHPACEJ009375,(GWHPACEW009070,((W05_GLYSO_03G006091_1_P,W05_GLYSO_03G006088_1_P),(GWHPACEX008720,(GWHPACEJ009371,GWHPACEI009342)))),GWHPACEI009345);
(GWHPACEJ009375,(GWHPACEW009070,((W05_GLYSO_03G006091_1_P,W05_GLYSO_03G006088_1_P),(GWHPACEX008720,(GWHPACEJ009371,GWHPACEI009342)))),GWHPACEI009345);
(GWHPACEJ009375,(GWHPACEW009070,((W05_GLYSO_03G006091_1_P,W05_GLYSO_03G006088_1_P),(GWHPACEX008720,(GWHPACEJ009371,GWHPACEI009342)))),GWHPACEI009345);
(GWHPACEJ009375,(GWHPACEW009070,((W05_GLYSO_03G006091_1_P,W05_GLYSO_03G006088_1_P),(GWHPACEX008720,(GWHPACEJ009371,GWHPACEI009342)))),GWHPACEI009345);
(GWHPACEJ009375,(GWHPACEW009070,((W05_GLYSO_03G006091_1_P,W05_GLYSO_03G006088_1_P),(GWHPACEX008720,(GWHPACEJ009371,GWHPACEI009342)))),GWHPACEI009345);
(GWHPACEJ009375,(GWHPACEW009070,((W05_GLYSO_03G006091_1_P,W05_GLYSO_03G006088_1_P),(GWHPACEX008720,(GWHPACEJ009371,GWHPACEI009342)))),GWHPACEI009345);
(GWHPACEJ009375,(GWHPACEW009070,((W05_GLYSO_03G006091_1_P,W05_GLYSO_03G006088_1_P),(GWHPACEX008720,(GWHPACEJ009371,GWHPACEI009342)))),GWHPACEI009345);
(GWHPACEJ009375,((W05_GLYSO_03G006088_1_P,W05_GLYSO_03G006091_1_P),(GWHPACEW009070,(GWHPACEX008720,(GWHPACEI009342,GWHPACEJ009371)))),GWHPACEI009345);
(GWHPACEJ009375,((W05_GLYSO_03G006088_1_P,W05_GLYSO_03G006091_1_P),(GWHPACEW009070,(GWHPACEX008720,(GWHPACEI009342,GWHPACEJ009371)))),GWHPACEI009345);
(GWHPACEJ009375,((W05_GLYSO_03G006088_1_P,W05_GLYSO_03G006091_1_P),(GWHPACEW009070,(GWHPACEX008720,(GWHPACEI009342,GWHPACEJ009371)))),GWHPACEI009345);
(GWHPACEJ009375,((W05_GLYSO_03G006088_1_P,W05_GLYSO_03G006091_1_P),(GWHPACEW009070,(GWHPACEX008720,(GWHPACEI009342,GWHPACEJ009371)))),GWHPACEI009345);
(GWHPACEJ009375,((W05_GLYSO_03G006088_1_P,W05_GLYSO_03G006091_1_P),(GWHPACEW009070,(GWHPACEX008720,(GWHPACEI009342,GWHPACEJ009371)))),GWHPACEI009345);
(GWHPACEJ009375,((W05_GLYSO_03G006088_1_P,W05_GLYSO_03G006091_1_P),(GWHPACEW009070,(GWHPACEX008720,(GWHPACEI009342,GWHPACEJ009371)))),GWHPACEI009345);
(GWHPACEJ009375,((W05_GLYSO_03G006088_1_P,W05_GLYSO_03G006091_1_P),(GWHPACEW009070,(GWHPACEX008720,(GWHPACEI009342,GWHPACEJ009371)))),GWHPACEI009345);
(GWHPACEJ009375,((W05_GLYSO_03G006088_1_P,W05_GLYSO_03G006091_1_P),(GWHPACEW009070,(GWHPACEX008720,(GWHPACEI009342,GWHPACEJ009371)))),GWHPACEI009345);
(GWHPACEJ009375,((W05_GLYSO_03G006088_1_P,W05_GLYSO_03G006091_1_P),(GWHPACEW009070,(GWHPACEX008720,(GWHPACEI009342,GWHPACEJ009371)))),GWHPACEI009345);
(GWHPACEJ009375,((W05_GLYSO_03G006088_1_P,W05_GLYSO_03G006091_1_P),(GWHPACEW009070,(GWHPACEX008720,(GWHPACEI009342,GWHPACEJ009371)))),GWHPACEI009345);
((GWHPACEJ009375,(GWHPACEW009070,(W05_GLYSO_03G006088_1_P,W05_GLYSO_03G006091_1_P))),((GWHPACEI009342,GWHPACEX008720),GWHPACEJ009371),GWHPACEI009345);
((GWHPACEJ009375,(GWHPACEW009070,(W05_GLYSO_03G006088_1_P,W05_GLYSO_03G006091_1_P))),((GWHPACEI009342,GWHPACEX008720),GWHPACEJ009371),GWHPACEI009345);
((GWHPACEJ009375,(GWHPACEW009070,(W05_GLYSO_03G006088_1_P,W05_GLYSO_03G006091_1_P))),((GWHPACEI009342,GWHPACEX008720),GWHPACEJ009371),GWHPACEI009345);
((GWHPACEJ009375,(GWHPACEW009070,(W05_GLYSO_03G006088_1_P,W05_GLYSO_03G006091_1_P))),((GWHPACEI009342,GWHPACEX008720),GWHPACEJ009371),GWHPACEI009345);
((GWHPACEJ009375,(GWHPACEW009070,(W05_GLYSO_03G006088_1_P,W05_GLYSO_03G006091_1_P))),((GWHPACEI009342,GWHPACEX008720),GWHPACEJ009371),GWHPACEI009345);
((GWHPACEJ009375,(GWHPACEW009070,(W05_GLYSO_03G006088_1_P,W05_GLYSO_03G006091_1_P))),((GWHPACEI009342,GWHPACEX008720),GWHPACEJ009371),GWHPACEI009345);
((GWHPACEJ009375,(GWHPACEW009070,(W05_GLYSO_03G006088_1_P,W05_GLYSO_03G006091_1_P))),((GWHPACEI009342,GWHPACEX008720),GWHPACEJ009371),GWHPACEI009345);
((GWHPACEJ009375,(GWHPACEW009070,(W05_GLYSO_03G006088_1_P,W05_GLYSO_03G006091_1_P))),((GWHPACEI009342,GWHPACEX008720),GWHPACEJ009371),GWHPACEI009345);
((GWHPACEJ009375,(GWHPACEW009070,(W05_GLYSO_03G006088_1_P,W05_GLYSO_03G006091_1_P))),((GWHPACEI009342,GWHPACEX008720),GWHPACEJ009371),GWHPACEI009345);
((GWHPACEJ009375,(GWHPACEW009070,(W05_GLYSO_03G006088_1_P,W05_GLYSO_03G006091_1_P))),((GWHPACEI009342,GWHPACEX008720),GWHPACEJ009371),GWHPACEI009345);
(((W05_GLYSO_03G006091_1_P,W05_GLYSO_03G006088_1_P),GWHPACEJ009375),(((GWHPACEX008720,GWHPACEJ009371),GWHPACEI009342),GWHPACEW009070),GWHPACEI009345);
(((W05_GLYSO_03G006091_1_P,W05_GLYSO_03G006088_1_P),GWHPACEJ009375),(((GWHPACEX008720,GWHPACEJ009371),GWHPACEI009342),GWHPACEW009070),GWHPACEI009345);
(((W05_GLYSO_03G006091_1_P,W05_GLYSO_03G006088_1_P),GWHPACEJ009375),(((GWHPACEX008720,GWHPACEJ009371),GWHPACEI009342),GWHPACEW009070),GWHPACEI009345);
(((W05_GLYSO_03G006091_1_P,W05_GLYSO_03G006088_1_P),GWHPACEJ009375),(((GWHPACEX008720,GWHPACEJ009371),GWHPACEI009342),GWHPACEW009070),GWHPACEI009345);
(((W05_GLYSO_03G006091_1_P,W05_GLYSO_03G006088_1_P),GWHPACEJ009375),(((GWHPACEX008720,GWHPACEJ009371),GWHPACEI009342),GWHPACEW009070),GWHPACEI009345);
(((W05_GLYSO_03G006091_1_P,W05_GLYSO_03G006088_1_P),GWHPACEJ009375),(((GWHPACEX008720,GWHPACEJ009371),GWHPACEI009342),GWHPACEW009070),GWHPACEI009345);
(((W05_GLYSO_03G006091_1_P,W05_GLYSO_03G006088_1_P),GWHPACEJ009375),(((GWHPACEX008720,GWHPACEJ009371),GWHPACEI009342),GWHPACEW009070),GWHPACEI009345);
(((W05_GLYSO_03G006091_1_P,W05_GLYSO_03G006088_1_P),GWHPACEJ009375),(((GWHPACEX008720,GWHPACEJ009371),GWHPACEI009342),GWHPACEW009070),GWHPACEI009345);
(((W05_GLYSO_03G006091_1_P,W05_GLYSO_03G006088_1_P),GWHPACEJ009375),(((GWHPACEX008720,GWHPACEJ009371),GWHPACEI009342),GWHPACEW009070),GWHPACEI009345);
(((W05_GLYSO_03G006091_1_P,W05_GLYSO_03G006088_1_P),GWHPACEJ009375),(((GWHPACEX008720,GWHPACEJ009371),GWHPACEI009342),GWHPACEW009070),GWHPACEI009345);
(GWHPACEW009070,(GWHPACEJ009375,((GWHPACEJ009371,(GWHPACEX008720,GWHPACEI009342)),(W05_GLYSO_03G006088_1_P,W05_GLYSO_03G006091_1_P))),GWHPACEI009345);
(GWHPACEW009070,(GWHPACEJ009375,((GWHPACEJ009371,(GWHPACEX008720,GWHPACEI009342)),(W05_GLYSO_03G006088_1_P,W05_GLYSO_03G006091_1_P))),GWHPACEI009345);
(GWHPACEW009070,(GWHPACEJ009375,((GWHPACEJ009371,(GWHPACEX008720,GWHPACEI009342)),(W05_GLYSO_03G006088_1_P,W05_GLYSO_03G006091_1_P))),GWHPACEI009345);
(GWHPACEW009070,(GWHPACEJ009375,((GWHPACEJ009371,(GWHPACEX008720,GWHPACEI009342)),(W05_GLYSO_03G006088_1_P,W05_GLYSO_03G006091_1_P))),GWHPACEI009345);
(GWHPACEW009070,(GWHPACEJ009375,((GWHPACEJ009371,(GWHPACEX008720,GWHPACEI009342)),(W05_GLYSO_03G006088_1_P,W05_GLYSO_03G006091_1_P))),GWHPACEI009345);
(GWHPACEW009070,(GWHPACEJ009375,((GWHPACEJ009371,(GWHPACEX008720,GWHPACEI009342)),(W05_GLYSO_03G006088_1_P,W05_GLYSO_03G006091_1_P))),GWHPACEI009345);
(GWHPACEW009070,(GWHPACEJ009375,((GWHPACEJ009371,(GWHPACEX008720,GWHPACEI009342)),(W05_GLYSO_03G006088_1_P,W05_GLYSO_03G006091_1_P))),GWHPACEI009345);
(GWHPACEW009070,(GWHPACEJ009375,((GWHPACEJ009371,(GWHPACEX008720,GWHPACEI009342)),(W05_GLYSO_03G006088_1_P,W05_GLYSO_03G006091_1_P))),GWHPACEI009345);
(GWHPACEW009070,(GWHPACEJ009375,((GWHPACEJ009371,(GWHPACEX008720,GWHPACEI009342)),(W05_GLYSO_03G006088_1_P,W05_GLYSO_03G006091_1_P))),GWHPACEI009345);
(GWHPACEW009070,(GWHPACEJ009375,((GWHPACEJ009371,(GWHPACEX008720,GWHPACEI009342)),(W05_GLYSO_03G006088_1_P,W05_GLYSO_03G006091_1_P))),GWHPACEI009345);
(GWHPACEJ009375,((W05_GLYSO_03G006091_1_P,W05_GLYSO_03G006088_1_P),(GWHPACEW009070,(GWHPACEJ009371,(GWHPACEI009342,GWHPACEX008720)))),GWHPACEI009345);
(GWHPACEJ009375,((W05_GLYSO_03G006091_1_P,W05_GLYSO_03G006088_1_P),(GWHPACEW009070,(GWHPACEJ009371,(GWHPACEI009342,GWHPACEX008720)))),GWHPACEI009345);
(GWHPACEJ009375,((W05_GLYSO_03G006091_1_P,W05_GLYSO_03G006088_1_P),(GWHPACEW009070,(GWHPACEJ009371,(GWHPACEI009342,GWHPACEX008720)))),GWHPACEI009345);
(GWHPACEJ009375,((W05_GLYSO_03G006091_1_P,W05_GLYSO_03G006088_1_P),(GWHPACEW009070,(GWHPACEJ009371,(GWHPACEI009342,GWHPACEX008720)))),GWHPACEI009345);
(GWHPACEJ009375,((W05_GLYSO_03G006091_1_P,W05_GLYSO_03G006088_1_P),(GWHPACEW009070,(GWHPACEJ009371,(GWHPACEI009342,GWHPACEX008720)))),GWHPACEI009345);
(GWHPACEJ009375,((W05_GLYSO_03G006091_1_P,W05_GLYSO_03G006088_1_P),(GWHPACEW009070,(GWHPACEJ009371,(GWHPACEI009342,GWHPACEX008720)))),GWHPACEI009345);
(GWHPACEJ009375,((W05_GLYSO_03G006091_1_P,W05_GLYSO_03G006088_1_P),(GWHPACEW009070,(GWHPACEJ009371,(GWHPACEI009342,GWHPACEX008720)))),GWHPACEI009345);
(GWHPACEJ009375,((W05_GLYSO_03G006091_1_P,W05_GLYSO_03G006088_1_P),(GWHPACEW009070,(GWHPACEJ009371,(GWHPACEI009342,GWHPACEX008720)))),GWHPACEI009345);
(GWHPACEJ009375,((W05_GLYSO_03G006091_1_P,W05_GLYSO_03G006088_1_P),(GWHPACEW009070,(GWHPACEJ009371,(GWHPACEI009342,GWHPACEX008720)))),GWHPACEI009345);
(GWHPACEJ009375,((W05_GLYSO_03G006091_1_P,W05_GLYSO_03G006088_1_P),(GWHPACEW009070,(GWHPACEJ009371,(GWHPACEI009342,GWHPACEX008720)))),GWHPACEI009345);
(((W05_GLYSO_03G006088_1_P,W05_GLYSO_03G006091_1_P),GWHPACEJ009375),(((GWHPACEI009342,GWHPACEX008720),GWHPACEJ009371),GWHPACEW009070),GWHPACEI009345);
(((W05_GLYSO_03G006088_1_P,W05_GLYSO_03G006091_1_P),GWHPACEJ009375),(((GWHPACEI009342,GWHPACEX008720),GWHPACEJ009371),GWHPACEW009070),GWHPACEI009345);
(((W05_GLYSO_03G006088_1_P,W05_GLYSO_03G006091_1_P),GWHPACEJ009375),(((GWHPACEI009342,GWHPACEX008720),GWHPACEJ009371),GWHPACEW009070),GWHPACEI009345);
(((W05_GLYSO_03G006088_1_P,W05_GLYSO_03G006091_1_P),GWHPACEJ009375),(((GWHPACEI009342,GWHPACEX008720),GWHPACEJ009371),GWHPACEW009070),GWHPACEI009345);
(((W05_GLYSO_03G006088_1_P,W05_GLYSO_03G006091_1_P),GWHPACEJ009375),(((GWHPACEI009342,GWHPACEX008720),GWHPACEJ009371),GWHPACEW009070),GWHPACEI009345);
(((W05_GLYSO_03G006088_1_P,W05_GLYSO_03G006091_1_P),GWHPACEJ009375),(((GWHPACEI009342,GWHPACEX008720),GWHPACEJ009371),GWHPACEW009070),GWHPACEI009345);
(((W05_GLYSO_03G006088_1_P,W05_GLYSO_03G006091_1_P),GWHPACEJ009375),(((GWHPACEI009342,GWHPACEX008720),GWHPACEJ009371),GWHPACEW009070),GWHPACEI009345);
(((W05_GLYSO_03G006088_1_P,W05_GLYSO_03G006091_1_P),GWHPACEJ009375),(((GWHPACEI009342,GWHPACEX008720),GWHPACEJ009371),GWHPACEW009070),GWHPACEI009345);
(((W05_GLYSO_03G006088_1_P,W05_GLYSO_03G006091_1_P),GWHPACEJ009375),(((GWHPACEI009342,GWHPACEX008720),GWHPACEJ009371),GWHPACEW009070),GWHPACEI009345);
(((W05_GLYSO_03G006088_1_P,W05_GLYSO_03G006091_1_P),GWHPACEJ009375),(((GWHPACEI009342,GWHPACEX008720),GWHPACEJ009371),GWHPACEW009070),GWHPACEI009345);
