

IMPORTANT WARNING: Sequences GWHPACEW023879 and GWHPACET024388 are exactly identical


IMPORTANT WARNING: Sequences GWHPACEW023879 and GWHPACED023023 are exactly identical


IMPORTANT WARNING: Sequences GWHPACEW023879 and GWHPACEE023945 are exactly identical


IMPORTANT WARNING: Sequences GWHPACEW023879 and GWHPACEA024451 are exactly identical


IMPORTANT WARNING: Sequences GWHPACEW023879 and GWHPACEX022668 are exactly identical


IMPORTANT WARNING: Sequences GWHPACEW023879 and GWHPACEV022334 are exactly identical


IMPORTANT WARNING: Sequences GWHPACEW023879 and GWHPACEU024138 are exactly identical


IMPORTANT WARNING: Sequences GWHPACEW023879 and GWHPACEG023915 are exactly identical


IMPORTANT WARNING: Sequences GWHPACEW023879 and GWHPACEK021769 are exactly identical


IMPORTANT WARNING: Sequences GWHPACEO024065 and GWHPACEB022450 are exactly identical


IMPORTANT WARNING: Sequences GWHPACEO024065 and GWHPACEN023708 are exactly identical


IMPORTANT WARNING: Sequences GWHPACEO024065 and GWHPACER022263 are exactly identical


IMPORTANT WARNING: Sequences GWHPACEO024065 and GWHPACES024167 are exactly identical


IMPORTANT WARNING: Sequences W05_GLYSO_06G015795_1_P and GWHPACEF022293 are exactly identical


IMPORTANT WARNING: Sequences GWHPACEH024006 and GLYMA_ZH13_06G238800_1_P are exactly identical


IMPORTANT WARNING: Sequences GWHPACEH024006 and GWHPACEN023698 are exactly identical


IMPORTANT WARNING: Sequences GWHPACEH024006 and GWHPACEI024779 are exactly identical


IMPORTANT WARNING: Sequences GWHPACEU024132 and GWHPACEL023027 are exactly identical


IMPORTANT WARNING: Sequences GWHPACEU024132 and GWHPACET024385 are exactly identical


IMPORTANT WARNING: Sequences GWHPACEU024132 and GWHPACEA024447 are exactly identical


IMPORTANT WARNING: Sequences GWHPACEU024132 and GWHPACEQ022685 are exactly identical


IMPORTANT WARNING: Sequences GWHPACEU024132 and GLYMA_06G259800_1 are exactly identical


IMPORTANT WARNING: Sequences GWHPACEA024443 and GLYMA_06G259400_1 are exactly identical


IMPORTANT WARNING: Sequences GWHPACEA024443 and GWHPACET024382 are exactly identical


IMPORTANT WARNING: Sequences GWHPACEA024443 and W05_GLYSO_06G015836_1_P are exactly identical


IMPORTANT WARNING: Sequences GWHPACEA024443 and GWHPACEU024128 are exactly identical


IMPORTANT WARNING: Sequences GWHPACEM024042 and GWHPACDZ023547 are exactly identical


IMPORTANT WARNING: Sequences GWHPACEM024042 and GWHPACES024173 are exactly identical


IMPORTANT WARNING: Sequences GWHPACEX022682 and GLYMA_06G261500_1 are exactly identical


IMPORTANT WARNING: Sequences GWHPACEX022682 and GWHPACEB022489 are exactly identical


IMPORTANT WARNING: Sequences GWHPACEX022682 and GWHPACEL023049 are exactly identical


IMPORTANT WARNING: Sequences GWHPACEX022682 and GWHPACEJ024797 are exactly identical


IMPORTANT WARNING: Sequences GWHPACEX022682 and GWHPACEW023908 are exactly identical


IMPORTANT WARNING: Sequences GWHPACEX022682 and GWHPACEU024159 are exactly identical


IMPORTANT WARNING: Sequences GWHPACEX022682 and GWHPACEA024488 are exactly identical


IMPORTANT WARNING: Sequences GWHPACEX022682 and GLYMA_ZH13_06G241200_1_P are exactly identical


IMPORTANT WARNING: Sequences GWHPACEP022660 and GWHPACEB022446 are exactly identical


IMPORTANT WARNING: Sequences GWHPACEP022660 and GLYMA_ZH13_06G239200_1_P are exactly identical


IMPORTANT WARNING: Sequences GWHPACEP022660 and GWHPACEN023705 are exactly identical


IMPORTANT WARNING: Sequences GWHPACEP022660 and GWHPACES024164 are exactly identical


IMPORTANT WARNING: Sequences GWHPACEP022660 and GWHPACEE023938 are exactly identical


IMPORTANT WARNING: Sequences GWHPACEP022660 and GWHPACEG023905 are exactly identical


IMPORTANT WARNING: Sequences GWHPACEP022660 and GWHPACEJ024758 are exactly identical


IMPORTANT WARNING: Sequences GWHPACEP022660 and GWHPACEO024062 are exactly identical


IMPORTANT WARNING: Sequences GWHPACEP022660 and GWHPACEI024784 are exactly identical


IMPORTANT WARNING: Sequences GWHPACEP022660 and GWHPACEH024011 are exactly identical


IMPORTANT WARNING: Sequences GWHPACEJ024760 and GWHPACEI024787 are exactly identical


IMPORTANT WARNING: Sequences GWHPACEJ024760 and GWHPACEE023940 are exactly identical


IMPORTANT WARNING: Sequences GWHPACEJ024760 and GWHPACEH024014 are exactly identical


IMPORTANT WARNING: Sequences GWHPACEI024793 and GWHPACEJ024762 are exactly identical


IMPORTANT WARNING: Sequences GWHPACEI024793 and GWHPACEE023942 are exactly identical


IMPORTANT WARNING: Sequences GWHPACEI024793 and GWHPACEH024018 are exactly identical


IMPORTANT WARNING: Sequences GWHPACEP022655 and GWHPACEB022440 are exactly identical


IMPORTANT WARNING: Sequences GWHPACEJ024892 and GWHPACEH024144 are exactly identical


IMPORTANT WARNING: Sequences GWHPACEJ024892 and GLYMA_ZH13_06G246700_1_P are exactly identical


IMPORTANT WARNING: Sequences GWHPACEJ024751 and GWHPACEO024057 are exactly identical


IMPORTANT WARNING: Sequences GLYMA_ZH13_06G239900_1_P and GLYMA_06G260100_1 are exactly identical


IMPORTANT WARNING: Sequences GLYMA_ZH13_06G239900_1_P and GWHPACEJ024765 are exactly identical


IMPORTANT WARNING: Sequences GWHPACEV022363 and GWHPACER022287 are exactly identical


IMPORTANT WARNING: Sequences GWHPACEM024066 and GWHPACES024192 are exactly identical


IMPORTANT WARNING: Sequences GWHPACEI024822 and GWHPACEG023941 are exactly identical


IMPORTANT WARNING: Sequences GLYMA_ZH13_06G238700_1_P and GWHPACEN023695 are exactly identical


IMPORTANT WARNING: Sequences GLYMA_ZH13_06G238700_1_P and GWHPACEO024055 are exactly identical


IMPORTANT WARNING: Sequences GWHPACEJ024747 and GWHPACEI024777 are exactly identical


IMPORTANT WARNING: Sequences GWHPACEJ024747 and GWHPACEH024002 are exactly identical


IMPORTANT WARNING: Sequences GWHPACEO024096 and GWHPACEH024044 are exactly identical


IMPORTANT WARNING: Sequences GWHPACEO024096 and GWHPACEJ024790 are exactly identical


IMPORTANT WARNING: Sequences GWHPACEO024096 and GWHPACEE023969 are exactly identical


IMPORTANT WARNING: Sequences GWHPACDZ023569 and GWHPACES024197 are exactly identical

IMPORTANT WARNING
Found 69 sequences that are exactly identical to other sequences in the alignment.
Normally they should be excluded from the analysis.

Just in case you might need it, an alignment file with 
sequence duplicates removed is printed to file ../../RAxML_tree_pbNB-ARC/Clade_Refinement_1/Int11409_395_471_R_144.afa.reduced


This is RAxML version 8.2.12 released by Alexandros Stamatakis on May 2018.

With greatly appreciated code contributions by:
Andre Aberer      (HITS)
Simon Berger      (HITS)
Alexey Kozlov     (HITS)
Kassian Kobert    (HITS)
David Dao         (KIT and HITS)
Sarah Lutteropp   (KIT and HITS)
Nick Pattengale   (Sandia)
Wayne Pfeiffer    (SDSC)
Akifumi S. Tanabe (NRIFS)
Charlie Taylor    (UF)


Alignment has 1543 distinct alignment patterns

Proportion of gaps and completely undetermined characters in this alignment: 79.17%

RAxML rapid bootstrapping and subsequent ML search

Using 1 distinct models/data partitions with joint branch length optimization



Executing 100 rapid bootstrap inferences and thereafter a thorough ML search 

All free model parameters will be estimated by RAxML
ML estimate of 25 per site rate categories

Likelihood of final tree will be evaluated and optimized under GAMMA

GAMMA Model parameters will be estimated up to an accuracy of 0.1000000000 Log Likelihood units

Partition: 0
Alignment Patterns: 1543
Name: No Name Provided
DataType: AA
Substitution Matrix: JTT
Using fixed base frequencies




RAxML was called as follows:

/Users/prigozhin/Installers/standard-RAxML/raxmlHPC-PTHREADS-AVX -T 4 -n Int11409_395_471_R_144.Raxml.out -f a -x 12345 -p 12345 -# 100 -m PROTCATJTT -s ../../RAxML_tree_pbNB-ARC/Clade_Refinement_1/Int11409_395_471_R_144.afa 



Time for BS model parameter optimization 5.540784
Bootstrap[0]: Time 23.780010 seconds, bootstrap likelihood -32217.467373, best rearrangement setting 13
Bootstrap[1]: Time 22.304059 seconds, bootstrap likelihood -31472.677884, best rearrangement setting 13
Bootstrap[2]: Time 19.688533 seconds, bootstrap likelihood -31450.740579, best rearrangement setting 12
Bootstrap[3]: Time 19.736333 seconds, bootstrap likelihood -32505.003012, best rearrangement setting 15
Bootstrap[4]: Time 19.509186 seconds, bootstrap likelihood -32219.009548, best rearrangement setting 10
Bootstrap[5]: Time 17.268989 seconds, bootstrap likelihood -32510.364879, best rearrangement setting 10
Bootstrap[6]: Time 15.943123 seconds, bootstrap likelihood -31906.692178, best rearrangement setting 6
Bootstrap[7]: Time 20.132600 seconds, bootstrap likelihood -32281.630343, best rearrangement setting 14
Bootstrap[8]: Time 18.176714 seconds, bootstrap likelihood -31737.952083, best rearrangement setting 5
Bootstrap[9]: Time 15.366847 seconds, bootstrap likelihood -30404.663886, best rearrangement setting 7
Bootstrap[10]: Time 16.605362 seconds, bootstrap likelihood -33004.091382, best rearrangement setting 7
Bootstrap[11]: Time 14.693231 seconds, bootstrap likelihood -32089.582892, best rearrangement setting 5
Bootstrap[12]: Time 17.338346 seconds, bootstrap likelihood -32437.639004, best rearrangement setting 8
Bootstrap[13]: Time 14.789038 seconds, bootstrap likelihood -30976.821994, best rearrangement setting 7
Bootstrap[14]: Time 17.363980 seconds, bootstrap likelihood -31297.434589, best rearrangement setting 12
Bootstrap[15]: Time 15.165544 seconds, bootstrap likelihood -31510.178831, best rearrangement setting 15
Bootstrap[16]: Time 20.722400 seconds, bootstrap likelihood -31678.089401, best rearrangement setting 12
Bootstrap[17]: Time 18.104191 seconds, bootstrap likelihood -31741.052166, best rearrangement setting 12
Bootstrap[18]: Time 18.508140 seconds, bootstrap likelihood -32289.408883, best rearrangement setting 5
Bootstrap[19]: Time 16.451163 seconds, bootstrap likelihood -31927.765446, best rearrangement setting 8
Bootstrap[20]: Time 20.279817 seconds, bootstrap likelihood -33178.150361, best rearrangement setting 10
Bootstrap[21]: Time 14.408014 seconds, bootstrap likelihood -31952.231573, best rearrangement setting 6
Bootstrap[22]: Time 14.999003 seconds, bootstrap likelihood -31960.093404, best rearrangement setting 5
Bootstrap[23]: Time 17.221358 seconds, bootstrap likelihood -31969.875091, best rearrangement setting 7
Bootstrap[24]: Time 14.928085 seconds, bootstrap likelihood -31661.272408, best rearrangement setting 8
Bootstrap[25]: Time 13.599279 seconds, bootstrap likelihood -32339.652464, best rearrangement setting 6
Bootstrap[26]: Time 20.057524 seconds, bootstrap likelihood -33200.686785, best rearrangement setting 12
Bootstrap[27]: Time 20.810285 seconds, bootstrap likelihood -31948.771145, best rearrangement setting 10
Bootstrap[28]: Time 15.964782 seconds, bootstrap likelihood -31801.399595, best rearrangement setting 11
Bootstrap[29]: Time 22.753431 seconds, bootstrap likelihood -31402.847744, best rearrangement setting 12
Bootstrap[30]: Time 18.047297 seconds, bootstrap likelihood -32033.613958, best rearrangement setting 15
Bootstrap[31]: Time 18.118824 seconds, bootstrap likelihood -31757.302593, best rearrangement setting 15
Bootstrap[32]: Time 15.119611 seconds, bootstrap likelihood -31980.909818, best rearrangement setting 6
Bootstrap[33]: Time 15.717689 seconds, bootstrap likelihood -32259.203285, best rearrangement setting 15
Bootstrap[34]: Time 16.510710 seconds, bootstrap likelihood -31417.423160, best rearrangement setting 11
Bootstrap[35]: Time 19.789769 seconds, bootstrap likelihood -32720.850397, best rearrangement setting 8
Bootstrap[36]: Time 17.575060 seconds, bootstrap likelihood -31658.150659, best rearrangement setting 9
Bootstrap[37]: Time 16.250831 seconds, bootstrap likelihood -30892.763562, best rearrangement setting 11
Bootstrap[38]: Time 16.826152 seconds, bootstrap likelihood -31494.779371, best rearrangement setting 8
Bootstrap[39]: Time 17.548070 seconds, bootstrap likelihood -32225.256733, best rearrangement setting 13
Bootstrap[40]: Time 16.064523 seconds, bootstrap likelihood -32047.025834, best rearrangement setting 13
Bootstrap[41]: Time 15.214940 seconds, bootstrap likelihood -31882.028640, best rearrangement setting 10
Bootstrap[42]: Time 15.404934 seconds, bootstrap likelihood -32844.735048, best rearrangement setting 5
Bootstrap[43]: Time 14.929526 seconds, bootstrap likelihood -31275.193947, best rearrangement setting 14
Bootstrap[44]: Time 15.763422 seconds, bootstrap likelihood -31624.498116, best rearrangement setting 10
Bootstrap[45]: Time 14.745166 seconds, bootstrap likelihood -30834.036270, best rearrangement setting 15
Bootstrap[46]: Time 17.277056 seconds, bootstrap likelihood -31479.932045, best rearrangement setting 14
Bootstrap[47]: Time 14.521306 seconds, bootstrap likelihood -32208.006368, best rearrangement setting 8
Bootstrap[48]: Time 14.348679 seconds, bootstrap likelihood -31888.841504, best rearrangement setting 6
Bootstrap[49]: Time 16.792782 seconds, bootstrap likelihood -31294.356440, best rearrangement setting 7
Bootstrap[50]: Time 13.894171 seconds, bootstrap likelihood -31438.073944, best rearrangement setting 7
Bootstrap[51]: Time 21.905990 seconds, bootstrap likelihood -32759.297732, best rearrangement setting 11
Bootstrap[52]: Time 16.625171 seconds, bootstrap likelihood -31545.575819, best rearrangement setting 12
Bootstrap[53]: Time 17.340870 seconds, bootstrap likelihood -31224.256079, best rearrangement setting 8
Bootstrap[54]: Time 19.537900 seconds, bootstrap likelihood -32688.020481, best rearrangement setting 9
Bootstrap[55]: Time 17.650492 seconds, bootstrap likelihood -31665.856133, best rearrangement setting 11
Bootstrap[56]: Time 14.872018 seconds, bootstrap likelihood -31564.274273, best rearrangement setting 5
Bootstrap[57]: Time 15.519367 seconds, bootstrap likelihood -33276.889322, best rearrangement setting 7
Bootstrap[58]: Time 16.265388 seconds, bootstrap likelihood -32458.781501, best rearrangement setting 10
Bootstrap[59]: Time 15.974820 seconds, bootstrap likelihood -31881.836437, best rearrangement setting 9
Bootstrap[60]: Time 17.095672 seconds, bootstrap likelihood -33294.525285, best rearrangement setting 7
Bootstrap[61]: Time 17.806338 seconds, bootstrap likelihood -32042.606373, best rearrangement setting 5
Bootstrap[62]: Time 16.193549 seconds, bootstrap likelihood -31888.540893, best rearrangement setting 11
Bootstrap[63]: Time 20.730356 seconds, bootstrap likelihood -31020.863686, best rearrangement setting 12
Bootstrap[64]: Time 15.380618 seconds, bootstrap likelihood -30751.269223, best rearrangement setting 7
Bootstrap[65]: Time 14.115950 seconds, bootstrap likelihood -31923.999917, best rearrangement setting 5
Bootstrap[66]: Time 15.648357 seconds, bootstrap likelihood -31627.732660, best rearrangement setting 5
Bootstrap[67]: Time 18.085675 seconds, bootstrap likelihood -32444.556107, best rearrangement setting 15
Bootstrap[68]: Time 17.107845 seconds, bootstrap likelihood -32128.533018, best rearrangement setting 11
Bootstrap[69]: Time 14.959466 seconds, bootstrap likelihood -30751.941076, best rearrangement setting 5
Bootstrap[70]: Time 17.535654 seconds, bootstrap likelihood -31149.650790, best rearrangement setting 8
Bootstrap[71]: Time 17.763387 seconds, bootstrap likelihood -31770.017775, best rearrangement setting 10
Bootstrap[72]: Time 18.085670 seconds, bootstrap likelihood -32186.077339, best rearrangement setting 11
Bootstrap[73]: Time 19.488783 seconds, bootstrap likelihood -32076.489634, best rearrangement setting 9
Bootstrap[74]: Time 15.153908 seconds, bootstrap likelihood -32325.739803, best rearrangement setting 5
Bootstrap[75]: Time 16.517878 seconds, bootstrap likelihood -31717.869767, best rearrangement setting 8
Bootstrap[76]: Time 17.252827 seconds, bootstrap likelihood -31153.884542, best rearrangement setting 9
Bootstrap[77]: Time 18.133562 seconds, bootstrap likelihood -31699.955930, best rearrangement setting 11
Bootstrap[78]: Time 17.887561 seconds, bootstrap likelihood -31371.996207, best rearrangement setting 15
Bootstrap[79]: Time 17.323126 seconds, bootstrap likelihood -30949.249531, best rearrangement setting 9
Bootstrap[80]: Time 18.807993 seconds, bootstrap likelihood -31492.059686, best rearrangement setting 15
Bootstrap[81]: Time 19.559656 seconds, bootstrap likelihood -31359.643772, best rearrangement setting 7
Bootstrap[82]: Time 19.169671 seconds, bootstrap likelihood -32031.795520, best rearrangement setting 6
Bootstrap[83]: Time 18.472274 seconds, bootstrap likelihood -32578.163901, best rearrangement setting 10
Bootstrap[84]: Time 17.498670 seconds, bootstrap likelihood -31424.074584, best rearrangement setting 11
Bootstrap[85]: Time 17.121247 seconds, bootstrap likelihood -31598.462153, best rearrangement setting 8
Bootstrap[86]: Time 16.696688 seconds, bootstrap likelihood -31291.582763, best rearrangement setting 7
Bootstrap[87]: Time 17.949145 seconds, bootstrap likelihood -32115.490299, best rearrangement setting 7
Bootstrap[88]: Time 19.065663 seconds, bootstrap likelihood -32955.895875, best rearrangement setting 12
Bootstrap[89]: Time 15.539613 seconds, bootstrap likelihood -32761.783104, best rearrangement setting 10
Bootstrap[90]: Time 17.397209 seconds, bootstrap likelihood -32370.626896, best rearrangement setting 8
Bootstrap[91]: Time 16.096199 seconds, bootstrap likelihood -32118.463446, best rearrangement setting 12
Bootstrap[92]: Time 15.001004 seconds, bootstrap likelihood -32344.360938, best rearrangement setting 13
Bootstrap[93]: Time 17.428742 seconds, bootstrap likelihood -31141.987857, best rearrangement setting 15
Bootstrap[94]: Time 14.830795 seconds, bootstrap likelihood -31763.751610, best rearrangement setting 5
Bootstrap[95]: Time 18.203586 seconds, bootstrap likelihood -31002.340527, best rearrangement setting 5
Bootstrap[96]: Time 18.016155 seconds, bootstrap likelihood -32594.679868, best rearrangement setting 13
Bootstrap[97]: Time 19.544742 seconds, bootstrap likelihood -33192.619256, best rearrangement setting 11
Bootstrap[98]: Time 18.845266 seconds, bootstrap likelihood -31147.775864, best rearrangement setting 6
Bootstrap[99]: Time 15.735389 seconds, bootstrap likelihood -31540.786018, best rearrangement setting 14


Overall Time for 100 Rapid Bootstraps 1726.524437 seconds
Average Time per Rapid Bootstrap 17.265244 seconds

Starting ML Search ...

Fast ML optimization finished

Fast ML search Time: 1105.793934 seconds

Slow ML Search 0 Likelihood: -33976.950142
Slow ML Search 1 Likelihood: -33985.833898
Slow ML Search 2 Likelihood: -33977.433390
Slow ML Search 3 Likelihood: -33985.660322
Slow ML Search 4 Likelihood: -33977.453968
Slow ML Search 5 Likelihood: -33976.807386
Slow ML Search 6 Likelihood: -33980.216904
Slow ML Search 7 Likelihood: -33980.793983
Slow ML Search 8 Likelihood: -33983.302415
Slow ML Search 9 Likelihood: -33977.433331
Slow ML optimization finished

Slow ML search Time: 1110.208167 seconds
Thorough ML search Time: 201.183625 seconds

Final ML Optimization Likelihood: -33974.627108

Model Information:

Model Parameters of Partition 0, Name: No Name Provided, Type of Data: AA
alpha: 0.430798
Tree-Length: 6.246633
rate A <-> R: 0.603538
rate A <-> N: 0.561915
rate A <-> D: 0.842872
rate A <-> C: 0.582726
rate A <-> Q: 0.593132
rate A <-> E: 1.092612
rate A <-> G: 1.862643
rate A <-> H: 0.280957
rate A <-> I: 0.374610
rate A <-> L: 0.312175
rate A <-> K: 0.364204
rate A <-> M: 0.561915
rate A <-> F: 0.156087
rate A <-> P: 2.018730
rate A <-> S: 3.933403
rate A <-> T: 4.942768
rate A <-> W: 0.093652
rate A <-> Y: 0.114464
rate A <-> V: 3.100937
rate R <-> N: 0.468262
rate R <-> D: 0.166493
rate R <-> C: 1.175858
rate R <-> Q: 3.225806
rate R <-> E: 0.301769
rate R <-> G: 1.425598
rate R <-> H: 3.413111
rate R <-> I: 0.228928
rate R <-> L: 0.395421
rate R <-> K: 6.722164
rate R <-> M: 0.457856
rate R <-> F: 0.052029
rate R <-> P: 0.770031
rate R <-> S: 1.050989
rate R <-> T: 0.665973
rate R <-> W: 1.311134
rate R <-> Y: 0.208117
rate R <-> V: 0.176899
rate N <-> D: 5.494277
rate N <-> C: 0.353798
rate N <-> Q: 0.894901
rate N <-> E: 0.603538
rate N <-> G: 0.842872
rate N <-> H: 4.068678
rate N <-> I: 0.489074
rate N <-> L: 0.124870
rate N <-> K: 2.736733
rate N <-> M: 0.312175
rate N <-> F: 0.104058
rate N <-> P: 0.156087
rate N <-> S: 5.234131
rate N <-> T: 2.414152
rate N <-> W: 0.083247
rate N <-> Y: 0.728408
rate N <-> V: 0.166493
rate D <-> C: 0.104058
rate D <-> Q: 0.509886
rate D <-> E: 7.981270
rate D <-> G: 1.352758
rate D <-> H: 1.165453
rate D <-> I: 0.114464
rate D <-> L: 0.072841
rate D <-> K: 0.270552
rate D <-> M: 0.156087
rate D <-> F: 0.041623
rate D <-> P: 0.156087
rate D <-> S: 0.613944
rate D <-> T: 0.395421
rate D <-> W: 0.041623
rate D <-> Y: 0.478668
rate D <-> V: 0.322581
rate C <-> Q: 0.093652
rate C <-> E: 0.052029
rate C <-> G: 0.613944
rate C <-> H: 0.718002
rate C <-> I: 0.176899
rate C <-> L: 0.239334
rate C <-> K: 0.072841
rate C <-> M: 0.322581
rate C <-> F: 0.811655
rate C <-> P: 0.145682
rate C <-> S: 2.320499
rate C <-> T: 0.437045
rate C <-> W: 1.196670
rate C <-> Y: 2.174818
rate C <-> V: 0.645161
rate Q <-> E: 3.361082
rate Q <-> G: 0.270552
rate Q <-> H: 6.212279
rate Q <-> I: 0.093652
rate Q <-> L: 0.749220
rate Q <-> K: 3.038502
rate Q <-> M: 0.447451
rate Q <-> F: 0.041623
rate Q <-> P: 1.706556
rate Q <-> S: 0.551509
rate Q <-> T: 0.530697
rate Q <-> W: 0.187305
rate Q <-> Y: 0.249740
rate Q <-> V: 0.208117
rate E <-> G: 1.238293
rate E <-> H: 0.270552
rate E <-> I: 0.124870
rate E <-> L: 0.093652
rate E <-> K: 1.883455
rate E <-> M: 0.187305
rate E <-> F: 0.052029
rate E <-> P: 0.187305
rate E <-> S: 0.312175
rate E <-> T: 0.332986
rate E <-> W: 0.104058
rate E <-> Y: 0.072841
rate E <-> V: 0.468262
rate G <-> H: 0.239334
rate G <-> I: 0.062435
rate G <-> L: 0.062435
rate G <-> K: 0.280957
rate G <-> M: 0.145682
rate G <-> F: 0.052029
rate G <-> P: 0.249740
rate G <-> S: 2.091571
rate G <-> T: 0.343392
rate G <-> W: 0.572320
rate G <-> Y: 0.083247
rate G <-> V: 0.489074
rate H <-> I: 0.166493
rate H <-> L: 0.582726
rate H <-> K: 0.468262
rate H <-> M: 0.343392
rate H <-> F: 0.416233
rate H <-> P: 1.196670
rate H <-> S: 0.759625
rate H <-> T: 0.478668
rate H <-> W: 0.083247
rate H <-> Y: 5.962539
rate H <-> V: 0.114464
rate I <-> L: 2.382934
rate I <-> K: 0.218522
rate I <-> M: 4.984391
rate I <-> F: 0.926119
rate I <-> P: 0.104058
rate I <-> S: 0.416233
rate I <-> T: 2.549428
rate I <-> W: 0.093652
rate I <-> Y: 0.332986
rate I <-> V: 10.000000
rate L <-> K: 0.145682
rate L <-> M: 4.037461
rate L <-> F: 2.580645
rate L <-> P: 1.061394
rate L <-> S: 0.613944
rate L <-> T: 0.260146
rate L <-> W: 0.541103
rate L <-> Y: 0.249740
rate L <-> V: 1.873049
rate K <-> M: 0.676379
rate K <-> F: 0.041623
rate K <-> P: 0.218522
rate K <-> S: 0.489074
rate K <-> T: 1.071800
rate K <-> W: 0.104058
rate K <-> Y: 0.083247
rate K <-> V: 0.145682
rate M <-> F: 0.447451
rate M <-> P: 0.166493
rate M <-> S: 0.301769
rate M <-> T: 2.351717
rate M <-> W: 0.249740
rate M <-> Y: 0.187305
rate M <-> V: 3.361082
rate F <-> P: 0.176899
rate F <-> S: 0.957336
rate F <-> T: 0.124870
rate F <-> W: 0.551509
rate F <-> Y: 5.577523
rate F <-> V: 0.645161
rate P <-> S: 2.965661
rate P <-> T: 1.227888
rate P <-> W: 0.062435
rate P <-> Y: 0.104058
rate P <-> V: 0.239334
rate S <-> T: 4.963580
rate S <-> W: 0.364204
rate S <-> Y: 0.655567
rate S <-> V: 0.395421
rate T <-> W: 0.124870
rate T <-> Y: 0.218522
rate T <-> V: 1.165453
rate W <-> Y: 0.738814
rate W <-> V: 0.260146
rate Y <-> V: 0.166493

freq pi(A): 0.076748
freq pi(R): 0.051691
freq pi(N): 0.042645
freq pi(D): 0.051544
freq pi(C): 0.019803
freq pi(Q): 0.040752
freq pi(E): 0.061830
freq pi(G): 0.073152
freq pi(H): 0.022944
freq pi(I): 0.053761
freq pi(L): 0.091904
freq pi(K): 0.058676
freq pi(M): 0.023826
freq pi(F): 0.040126
freq pi(P): 0.050901
freq pi(S): 0.068765
freq pi(T): 0.058565
freq pi(W): 0.014261
freq pi(Y): 0.032102
freq pi(V): 0.066004


ML search took 2417.220141 secs or 0.671450 hours

Combined Bootstrap and ML search took 4143.744805 secs or 1.151040 hours

Drawing Bootstrap Support Values on best-scoring ML tree ...



Found 1 tree in File /Users/prigozhin/Dropbox/NLRomes/Soy_NLRome/RAxML_tree_pbNB-ARC/Clade_Refinement_1/RAxML_bestTree.Int11409_395_471_R_144.Raxml.out



Found 1 tree in File /Users/prigozhin/Dropbox/NLRomes/Soy_NLRome/RAxML_tree_pbNB-ARC/Clade_Refinement_1/RAxML_bestTree.Int11409_395_471_R_144.Raxml.out

Program execution info written to /Users/prigozhin/Dropbox/NLRomes/Soy_NLRome/RAxML_tree_pbNB-ARC/Clade_Refinement_1/RAxML_info.Int11409_395_471_R_144.Raxml.out
All 100 bootstrapped trees written to: /Users/prigozhin/Dropbox/NLRomes/Soy_NLRome/RAxML_tree_pbNB-ARC/Clade_Refinement_1/RAxML_bootstrap.Int11409_395_471_R_144.Raxml.out

Best-scoring ML tree written to: /Users/prigozhin/Dropbox/NLRomes/Soy_NLRome/RAxML_tree_pbNB-ARC/Clade_Refinement_1/RAxML_bestTree.Int11409_395_471_R_144.Raxml.out

Best-scoring ML tree with support values written to: /Users/prigozhin/Dropbox/NLRomes/Soy_NLRome/RAxML_tree_pbNB-ARC/Clade_Refinement_1/RAxML_bipartitions.Int11409_395_471_R_144.Raxml.out

Best-scoring ML tree with support values as branch labels written to: /Users/prigozhin/Dropbox/NLRomes/Soy_NLRome/RAxML_tree_pbNB-ARC/Clade_Refinement_1/RAxML_bipartitionsBranchLabels.Int11409_395_471_R_144.Raxml.out

Overall execution time for full ML analysis: 4143.793564 secs or 1.151054 hours or 0.047961 days

