(GLYMA_03G088000_1,((GWHPACEF009108,GWHPACEM009852),(GWHPACEU009785,(GWHPACDZ009533,GWHPACEQ009343))),GWHPACEW009739);
(GLYMA_03G088000_1,((GWHPACEF009108,GWHPACEM009852),(GWHPACEU009785,(GWHPACDZ009533,GWHPACEQ009343))),GWHPACEW009739);
(GLYMA_03G088000_1,((GWHPACEF009108,GWHPACEM009852),(GWHPACEU009785,(GWHPACDZ009533,GWHPACEQ009343))),GWHPACEW009739);
(GLYMA_03G088000_1,((GWHPACEF009108,GWHPACEM009852),(GWHPACEU009785,(GWHPACDZ009533,GWHPACEQ009343))),GWHPACEW009739);
(GLYMA_03G088000_1,((GWHPACEF009108,GWHPACEM009852),(GWHPACEU009785,(GWHPACDZ009533,GWHPACEQ009343))),GWHPACEW009739);
(GLYMA_03G088000_1,((GWHPACEF009108,GWHPACEM009852),(GWHPACEU009785,(GWHPACDZ009533,GWHPACEQ009343))),GWHPACEW009739);
(GLYMA_03G088000_1,((GWHPACEF009108,GWHPACEM009852),(GWHPACEU009785,(GWHPACDZ009533,GWHPACEQ009343))),GWHPACEW009739);
(GLYMA_03G088000_1,((GWHPACEF009108,GWHPACEM009852),(GWHPACEU009785,(GWHPACDZ009533,GWHPACEQ009343))),GWHPACEW009739);
(GLYMA_03G088000_1,((GWHPACEF009108,GWHPACEM009852),(GWHPACEU009785,(GWHPACDZ009533,GWHPACEQ009343))),GWHPACEW009739);
(GLYMA_03G088000_1,((GWHPACEF009108,GWHPACEM009852),(GWHPACEU009785,(GWHPACDZ009533,GWHPACEQ009343))),GWHPACEW009739);
((GWHPACEQ009343,(GLYMA_03G088000_1,((GWHPACEM009852,GWHPACEF009108),GWHPACEU009785))),GWHPACDZ009533,GWHPACEW009739);
((GWHPACEQ009343,(GLYMA_03G088000_1,((GWHPACEM009852,GWHPACEF009108),GWHPACEU009785))),GWHPACDZ009533,GWHPACEW009739);
((GWHPACEQ009343,(GLYMA_03G088000_1,((GWHPACEM009852,GWHPACEF009108),GWHPACEU009785))),GWHPACDZ009533,GWHPACEW009739);
((GWHPACEQ009343,(GLYMA_03G088000_1,((GWHPACEM009852,GWHPACEF009108),GWHPACEU009785))),GWHPACDZ009533,GWHPACEW009739);
((GWHPACEQ009343,(GLYMA_03G088000_1,((GWHPACEM009852,GWHPACEF009108),GWHPACEU009785))),GWHPACDZ009533,GWHPACEW009739);
((GWHPACEQ009343,(GLYMA_03G088000_1,((GWHPACEM009852,GWHPACEF009108),GWHPACEU009785))),GWHPACDZ009533,GWHPACEW009739);
((GWHPACEQ009343,(GLYMA_03G088000_1,((GWHPACEM009852,GWHPACEF009108),GWHPACEU009785))),GWHPACDZ009533,GWHPACEW009739);
((GWHPACEQ009343,(GLYMA_03G088000_1,((GWHPACEM009852,GWHPACEF009108),GWHPACEU009785))),GWHPACDZ009533,GWHPACEW009739);
((GWHPACEQ009343,(GLYMA_03G088000_1,((GWHPACEM009852,GWHPACEF009108),GWHPACEU009785))),GWHPACDZ009533,GWHPACEW009739);
((GWHPACEQ009343,(GLYMA_03G088000_1,((GWHPACEM009852,GWHPACEF009108),GWHPACEU009785))),GWHPACDZ009533,GWHPACEW009739);
(((GWHPACEF009108,GWHPACEM009852),(GWHPACEU009785,GWHPACEQ009343)),(GLYMA_03G088000_1,GWHPACDZ009533),GWHPACEW009739);
(((GWHPACEF009108,GWHPACEM009852),(GWHPACEU009785,GWHPACEQ009343)),(GLYMA_03G088000_1,GWHPACDZ009533),GWHPACEW009739);
(((GWHPACEF009108,GWHPACEM009852),(GWHPACEU009785,GWHPACEQ009343)),(GLYMA_03G088000_1,GWHPACDZ009533),GWHPACEW009739);
(((GWHPACEF009108,GWHPACEM009852),(GWHPACEU009785,GWHPACEQ009343)),(GLYMA_03G088000_1,GWHPACDZ009533),GWHPACEW009739);
(((GWHPACEF009108,GWHPACEM009852),(GWHPACEU009785,GWHPACEQ009343)),(GLYMA_03G088000_1,GWHPACDZ009533),GWHPACEW009739);
(((GWHPACEF009108,GWHPACEM009852),(GWHPACEU009785,GWHPACEQ009343)),(GLYMA_03G088000_1,GWHPACDZ009533),GWHPACEW009739);
(((GWHPACEF009108,GWHPACEM009852),(GWHPACEU009785,GWHPACEQ009343)),(GLYMA_03G088000_1,GWHPACDZ009533),GWHPACEW009739);
(((GWHPACEF009108,GWHPACEM009852),(GWHPACEU009785,GWHPACEQ009343)),(GLYMA_03G088000_1,GWHPACDZ009533),GWHPACEW009739);
(((GWHPACEF009108,GWHPACEM009852),(GWHPACEU009785,GWHPACEQ009343)),(GLYMA_03G088000_1,GWHPACDZ009533),GWHPACEW009739);
(((GWHPACEF009108,GWHPACEM009852),(GWHPACEU009785,GWHPACEQ009343)),(GLYMA_03G088000_1,GWHPACDZ009533),GWHPACEW009739);
(GWHPACEQ009343,(GWHPACEU009785,(GLYMA_03G088000_1,(GWHPACDZ009533,(GWHPACEM009852,GWHPACEF009108)))),GWHPACEW009739);
(GWHPACEQ009343,(GWHPACEU009785,(GLYMA_03G088000_1,(GWHPACDZ009533,(GWHPACEM009852,GWHPACEF009108)))),GWHPACEW009739);
(GWHPACEQ009343,(GWHPACEU009785,(GLYMA_03G088000_1,(GWHPACDZ009533,(GWHPACEM009852,GWHPACEF009108)))),GWHPACEW009739);
(GWHPACEQ009343,(GWHPACEU009785,(GLYMA_03G088000_1,(GWHPACDZ009533,(GWHPACEM009852,GWHPACEF009108)))),GWHPACEW009739);
(GWHPACEQ009343,(GWHPACEU009785,(GLYMA_03G088000_1,(GWHPACDZ009533,(GWHPACEM009852,GWHPACEF009108)))),GWHPACEW009739);
(GWHPACEQ009343,(GWHPACEU009785,(GLYMA_03G088000_1,(GWHPACDZ009533,(GWHPACEM009852,GWHPACEF009108)))),GWHPACEW009739);
(GWHPACEQ009343,(GWHPACEU009785,(GLYMA_03G088000_1,(GWHPACDZ009533,(GWHPACEM009852,GWHPACEF009108)))),GWHPACEW009739);
(GWHPACEQ009343,(GWHPACEU009785,(GLYMA_03G088000_1,(GWHPACDZ009533,(GWHPACEM009852,GWHPACEF009108)))),GWHPACEW009739);
(GWHPACEQ009343,(GWHPACEU009785,(GLYMA_03G088000_1,(GWHPACDZ009533,(GWHPACEM009852,GWHPACEF009108)))),GWHPACEW009739);
(GWHPACEQ009343,(GWHPACEU009785,(GLYMA_03G088000_1,(GWHPACDZ009533,(GWHPACEM009852,GWHPACEF009108)))),GWHPACEW009739);
(((GWHPACEF009108,GWHPACEM009852),(GWHPACEQ009343,GWHPACEU009785)),(GLYMA_03G088000_1,GWHPACDZ009533),GWHPACEW009739);
(((GWHPACEF009108,GWHPACEM009852),(GWHPACEQ009343,GWHPACEU009785)),(GLYMA_03G088000_1,GWHPACDZ009533),GWHPACEW009739);
(((GWHPACEF009108,GWHPACEM009852),(GWHPACEQ009343,GWHPACEU009785)),(GLYMA_03G088000_1,GWHPACDZ009533),GWHPACEW009739);
(((GWHPACEF009108,GWHPACEM009852),(GWHPACEQ009343,GWHPACEU009785)),(GLYMA_03G088000_1,GWHPACDZ009533),GWHPACEW009739);
(((GWHPACEF009108,GWHPACEM009852),(GWHPACEQ009343,GWHPACEU009785)),(GLYMA_03G088000_1,GWHPACDZ009533),GWHPACEW009739);
(((GWHPACEF009108,GWHPACEM009852),(GWHPACEQ009343,GWHPACEU009785)),(GLYMA_03G088000_1,GWHPACDZ009533),GWHPACEW009739);
(((GWHPACEF009108,GWHPACEM009852),(GWHPACEQ009343,GWHPACEU009785)),(GLYMA_03G088000_1,GWHPACDZ009533),GWHPACEW009739);
(((GWHPACEF009108,GWHPACEM009852),(GWHPACEQ009343,GWHPACEU009785)),(GLYMA_03G088000_1,GWHPACDZ009533),GWHPACEW009739);
(((GWHPACEF009108,GWHPACEM009852),(GWHPACEQ009343,GWHPACEU009785)),(GLYMA_03G088000_1,GWHPACDZ009533),GWHPACEW009739);
(((GWHPACEF009108,GWHPACEM009852),(GWHPACEQ009343,GWHPACEU009785)),(GLYMA_03G088000_1,GWHPACDZ009533),GWHPACEW009739);
((GWHPACDZ009533,(GWHPACEU009785,(GLYMA_03G088000_1,GWHPACEQ009343))),(GWHPACEM009852,GWHPACEF009108),GWHPACEW009739);
((GWHPACDZ009533,(GWHPACEU009785,(GLYMA_03G088000_1,GWHPACEQ009343))),(GWHPACEM009852,GWHPACEF009108),GWHPACEW009739);
((GWHPACDZ009533,(GWHPACEU009785,(GLYMA_03G088000_1,GWHPACEQ009343))),(GWHPACEM009852,GWHPACEF009108),GWHPACEW009739);
((GWHPACDZ009533,(GWHPACEU009785,(GLYMA_03G088000_1,GWHPACEQ009343))),(GWHPACEM009852,GWHPACEF009108),GWHPACEW009739);
((GWHPACDZ009533,(GWHPACEU009785,(GLYMA_03G088000_1,GWHPACEQ009343))),(GWHPACEM009852,GWHPACEF009108),GWHPACEW009739);
((GWHPACDZ009533,(GWHPACEU009785,(GLYMA_03G088000_1,GWHPACEQ009343))),(GWHPACEM009852,GWHPACEF009108),GWHPACEW009739);
((GWHPACDZ009533,(GWHPACEU009785,(GLYMA_03G088000_1,GWHPACEQ009343))),(GWHPACEM009852,GWHPACEF009108),GWHPACEW009739);
((GWHPACDZ009533,(GWHPACEU009785,(GLYMA_03G088000_1,GWHPACEQ009343))),(GWHPACEM009852,GWHPACEF009108),GWHPACEW009739);
((GWHPACDZ009533,(GWHPACEU009785,(GLYMA_03G088000_1,GWHPACEQ009343))),(GWHPACEM009852,GWHPACEF009108),GWHPACEW009739);
((GWHPACDZ009533,(GWHPACEU009785,(GLYMA_03G088000_1,GWHPACEQ009343))),(GWHPACEM009852,GWHPACEF009108),GWHPACEW009739);
(GWHPACEQ009343,((GWHPACEM009852,GWHPACEF009108),(GWHPACDZ009533,(GWHPACEU009785,GLYMA_03G088000_1))),GWHPACEW009739);
(GWHPACEQ009343,((GWHPACEM009852,GWHPACEF009108),(GWHPACDZ009533,(GWHPACEU009785,GLYMA_03G088000_1))),GWHPACEW009739);
(GWHPACEQ009343,((GWHPACEM009852,GWHPACEF009108),(GWHPACDZ009533,(GWHPACEU009785,GLYMA_03G088000_1))),GWHPACEW009739);
(GWHPACEQ009343,((GWHPACEM009852,GWHPACEF009108),(GWHPACDZ009533,(GWHPACEU009785,GLYMA_03G088000_1))),GWHPACEW009739);
(GWHPACEQ009343,((GWHPACEM009852,GWHPACEF009108),(GWHPACDZ009533,(GWHPACEU009785,GLYMA_03G088000_1))),GWHPACEW009739);
(GWHPACEQ009343,((GWHPACEM009852,GWHPACEF009108),(GWHPACDZ009533,(GWHPACEU009785,GLYMA_03G088000_1))),GWHPACEW009739);
(GWHPACEQ009343,((GWHPACEM009852,GWHPACEF009108),(GWHPACDZ009533,(GWHPACEU009785,GLYMA_03G088000_1))),GWHPACEW009739);
(GWHPACEQ009343,((GWHPACEM009852,GWHPACEF009108),(GWHPACDZ009533,(GWHPACEU009785,GLYMA_03G088000_1))),GWHPACEW009739);
(GWHPACEQ009343,((GWHPACEM009852,GWHPACEF009108),(GWHPACDZ009533,(GWHPACEU009785,GLYMA_03G088000_1))),GWHPACEW009739);
(GWHPACEQ009343,((GWHPACEM009852,GWHPACEF009108),(GWHPACDZ009533,(GWHPACEU009785,GLYMA_03G088000_1))),GWHPACEW009739);
((GWHPACEQ009343,((GWHPACEF009108,GWHPACEM009852),GLYMA_03G088000_1)),(GWHPACDZ009533,GWHPACEU009785),GWHPACEW009739);
((GWHPACEQ009343,((GWHPACEF009108,GWHPACEM009852),GLYMA_03G088000_1)),(GWHPACDZ009533,GWHPACEU009785),GWHPACEW009739);
((GWHPACEQ009343,((GWHPACEF009108,GWHPACEM009852),GLYMA_03G088000_1)),(GWHPACDZ009533,GWHPACEU009785),GWHPACEW009739);
((GWHPACEQ009343,((GWHPACEF009108,GWHPACEM009852),GLYMA_03G088000_1)),(GWHPACDZ009533,GWHPACEU009785),GWHPACEW009739);
((GWHPACEQ009343,((GWHPACEF009108,GWHPACEM009852),GLYMA_03G088000_1)),(GWHPACDZ009533,GWHPACEU009785),GWHPACEW009739);
((GWHPACEQ009343,((GWHPACEF009108,GWHPACEM009852),GLYMA_03G088000_1)),(GWHPACDZ009533,GWHPACEU009785),GWHPACEW009739);
((GWHPACEQ009343,((GWHPACEF009108,GWHPACEM009852),GLYMA_03G088000_1)),(GWHPACDZ009533,GWHPACEU009785),GWHPACEW009739);
((GWHPACEQ009343,((GWHPACEF009108,GWHPACEM009852),GLYMA_03G088000_1)),(GWHPACDZ009533,GWHPACEU009785),GWHPACEW009739);
((GWHPACEQ009343,((GWHPACEF009108,GWHPACEM009852),GLYMA_03G088000_1)),(GWHPACDZ009533,GWHPACEU009785),GWHPACEW009739);
((GWHPACEQ009343,((GWHPACEF009108,GWHPACEM009852),GLYMA_03G088000_1)),(GWHPACDZ009533,GWHPACEU009785),GWHPACEW009739);
(GWHPACEU009785,(GWHPACEQ009343,(GWHPACDZ009533,((GWHPACEF009108,GWHPACEM009852),GLYMA_03G088000_1))),GWHPACEW009739);
(GWHPACEU009785,(GWHPACEQ009343,(GWHPACDZ009533,((GWHPACEF009108,GWHPACEM009852),GLYMA_03G088000_1))),GWHPACEW009739);
(GWHPACEU009785,(GWHPACEQ009343,(GWHPACDZ009533,((GWHPACEF009108,GWHPACEM009852),GLYMA_03G088000_1))),GWHPACEW009739);
(GWHPACEU009785,(GWHPACEQ009343,(GWHPACDZ009533,((GWHPACEF009108,GWHPACEM009852),GLYMA_03G088000_1))),GWHPACEW009739);
(GWHPACEU009785,(GWHPACEQ009343,(GWHPACDZ009533,((GWHPACEF009108,GWHPACEM009852),GLYMA_03G088000_1))),GWHPACEW009739);
(GWHPACEU009785,(GWHPACEQ009343,(GWHPACDZ009533,((GWHPACEF009108,GWHPACEM009852),GLYMA_03G088000_1))),GWHPACEW009739);
(GWHPACEU009785,(GWHPACEQ009343,(GWHPACDZ009533,((GWHPACEF009108,GWHPACEM009852),GLYMA_03G088000_1))),GWHPACEW009739);
(GWHPACEU009785,(GWHPACEQ009343,(GWHPACDZ009533,((GWHPACEF009108,GWHPACEM009852),GLYMA_03G088000_1))),GWHPACEW009739);
(GWHPACEU009785,(GWHPACEQ009343,(GWHPACDZ009533,((GWHPACEF009108,GWHPACEM009852),GLYMA_03G088000_1))),GWHPACEW009739);
(GWHPACEU009785,(GWHPACEQ009343,(GWHPACDZ009533,((GWHPACEF009108,GWHPACEM009852),GLYMA_03G088000_1))),GWHPACEW009739);
((GWHPACEU009785,(GLYMA_03G088000_1,(GWHPACEF009108,GWHPACEM009852))),(GWHPACDZ009533,GWHPACEQ009343),GWHPACEW009739);
((GWHPACEU009785,(GLYMA_03G088000_1,(GWHPACEF009108,GWHPACEM009852))),(GWHPACDZ009533,GWHPACEQ009343),GWHPACEW009739);
((GWHPACEU009785,(GLYMA_03G088000_1,(GWHPACEF009108,GWHPACEM009852))),(GWHPACDZ009533,GWHPACEQ009343),GWHPACEW009739);
((GWHPACEU009785,(GLYMA_03G088000_1,(GWHPACEF009108,GWHPACEM009852))),(GWHPACDZ009533,GWHPACEQ009343),GWHPACEW009739);
((GWHPACEU009785,(GLYMA_03G088000_1,(GWHPACEF009108,GWHPACEM009852))),(GWHPACDZ009533,GWHPACEQ009343),GWHPACEW009739);
((GWHPACEU009785,(GLYMA_03G088000_1,(GWHPACEF009108,GWHPACEM009852))),(GWHPACDZ009533,GWHPACEQ009343),GWHPACEW009739);
((GWHPACEU009785,(GLYMA_03G088000_1,(GWHPACEF009108,GWHPACEM009852))),(GWHPACDZ009533,GWHPACEQ009343),GWHPACEW009739);
((GWHPACEU009785,(GLYMA_03G088000_1,(GWHPACEF009108,GWHPACEM009852))),(GWHPACDZ009533,GWHPACEQ009343),GWHPACEW009739);
((GWHPACEU009785,(GLYMA_03G088000_1,(GWHPACEF009108,GWHPACEM009852))),(GWHPACDZ009533,GWHPACEQ009343),GWHPACEW009739);
((GWHPACEU009785,(GLYMA_03G088000_1,(GWHPACEF009108,GWHPACEM009852))),(GWHPACDZ009533,GWHPACEQ009343),GWHPACEW009739);
