(GWHPACEM000520,(W05_GLYSO_01G000326_1_P,GWHPACEO000508),GWHPACDY000513);
(GWHPACEM000520,(W05_GLYSO_01G000326_1_P,GWHPACEO000508),GWHPACDY000513);
(GWHPACEM000520,(W05_GLYSO_01G000326_1_P,GWHPACEO000508),GWHPACDY000513);
(GWHPACEM000520,(W05_GLYSO_01G000326_1_P,GWHPACEO000508),GWHPACDY000513);
(GWHPACEM000520,(W05_GLYSO_01G000326_1_P,GWHPACEO000508),GWHPACDY000513);
(GWHPACEM000520,(W05_GLYSO_01G000326_1_P,GWHPACEO000508),GWHPACDY000513);
(GWHPACEM000520,(W05_GLYSO_01G000326_1_P,GWHPACEO000508),GWHPACDY000513);
(GWHPACEM000520,(W05_GLYSO_01G000326_1_P,GWHPACEO000508),GWHPACDY000513);
(GWHPACEM000520,(W05_GLYSO_01G000326_1_P,GWHPACEO000508),GWHPACDY000513);
(GWHPACEM000520,(W05_GLYSO_01G000326_1_P,GWHPACEO000508),GWHPACDY000513);
(GWHPACEO000508,(W05_GLYSO_01G000326_1_P,GWHPACEM000520),GWHPACDY000513);
(GWHPACEO000508,(W05_GLYSO_01G000326_1_P,GWHPACEM000520),GWHPACDY000513);
(GWHPACEO000508,(W05_GLYSO_01G000326_1_P,GWHPACEM000520),GWHPACDY000513);
(GWHPACEO000508,(W05_GLYSO_01G000326_1_P,GWHPACEM000520),GWHPACDY000513);
(GWHPACEO000508,(W05_GLYSO_01G000326_1_P,GWHPACEM000520),GWHPACDY000513);
(GWHPACEO000508,(W05_GLYSO_01G000326_1_P,GWHPACEM000520),GWHPACDY000513);
(GWHPACEO000508,(W05_GLYSO_01G000326_1_P,GWHPACEM000520),GWHPACDY000513);
(GWHPACEO000508,(W05_GLYSO_01G000326_1_P,GWHPACEM000520),GWHPACDY000513);
(GWHPACEO000508,(W05_GLYSO_01G000326_1_P,GWHPACEM000520),GWHPACDY000513);
(GWHPACEO000508,(W05_GLYSO_01G000326_1_P,GWHPACEM000520),GWHPACDY000513);
(GWHPACEO000508,(W05_GLYSO_01G000326_1_P,GWHPACEM000520),GWHPACDY000513);
(GWHPACEO000508,(W05_GLYSO_01G000326_1_P,GWHPACEM000520),GWHPACDY000513);
(GWHPACEO000508,(W05_GLYSO_01G000326_1_P,GWHPACEM000520),GWHPACDY000513);
(GWHPACEO000508,(W05_GLYSO_01G000326_1_P,GWHPACEM000520),GWHPACDY000513);
(GWHPACEO000508,(W05_GLYSO_01G000326_1_P,GWHPACEM000520),GWHPACDY000513);
(GWHPACEO000508,(W05_GLYSO_01G000326_1_P,GWHPACEM000520),GWHPACDY000513);
(GWHPACEO000508,(W05_GLYSO_01G000326_1_P,GWHPACEM000520),GWHPACDY000513);
(GWHPACEO000508,(W05_GLYSO_01G000326_1_P,GWHPACEM000520),GWHPACDY000513);
(GWHPACEO000508,(W05_GLYSO_01G000326_1_P,GWHPACEM000520),GWHPACDY000513);
(GWHPACEO000508,(W05_GLYSO_01G000326_1_P,GWHPACEM000520),GWHPACDY000513);
(GWHPACEM000520,(GWHPACEO000508,W05_GLYSO_01G000326_1_P),GWHPACDY000513);
(GWHPACEM000520,(GWHPACEO000508,W05_GLYSO_01G000326_1_P),GWHPACDY000513);
(GWHPACEM000520,(GWHPACEO000508,W05_GLYSO_01G000326_1_P),GWHPACDY000513);
(GWHPACEM000520,(GWHPACEO000508,W05_GLYSO_01G000326_1_P),GWHPACDY000513);
(GWHPACEM000520,(GWHPACEO000508,W05_GLYSO_01G000326_1_P),GWHPACDY000513);
(GWHPACEM000520,(GWHPACEO000508,W05_GLYSO_01G000326_1_P),GWHPACDY000513);
(GWHPACEM000520,(GWHPACEO000508,W05_GLYSO_01G000326_1_P),GWHPACDY000513);
(GWHPACEM000520,(GWHPACEO000508,W05_GLYSO_01G000326_1_P),GWHPACDY000513);
(GWHPACEM000520,(GWHPACEO000508,W05_GLYSO_01G000326_1_P),GWHPACDY000513);
(GWHPACEM000520,(GWHPACEO000508,W05_GLYSO_01G000326_1_P),GWHPACDY000513);
(GWHPACEO000508,(W05_GLYSO_01G000326_1_P,GWHPACEM000520),GWHPACDY000513);
(GWHPACEO000508,(W05_GLYSO_01G000326_1_P,GWHPACEM000520),GWHPACDY000513);
(GWHPACEO000508,(W05_GLYSO_01G000326_1_P,GWHPACEM000520),GWHPACDY000513);
(GWHPACEO000508,(W05_GLYSO_01G000326_1_P,GWHPACEM000520),GWHPACDY000513);
(GWHPACEO000508,(W05_GLYSO_01G000326_1_P,GWHPACEM000520),GWHPACDY000513);
(GWHPACEO000508,(W05_GLYSO_01G000326_1_P,GWHPACEM000520),GWHPACDY000513);
(GWHPACEO000508,(W05_GLYSO_01G000326_1_P,GWHPACEM000520),GWHPACDY000513);
(GWHPACEO000508,(W05_GLYSO_01G000326_1_P,GWHPACEM000520),GWHPACDY000513);
(GWHPACEO000508,(W05_GLYSO_01G000326_1_P,GWHPACEM000520),GWHPACDY000513);
(GWHPACEO000508,(W05_GLYSO_01G000326_1_P,GWHPACEM000520),GWHPACDY000513);
(GWHPACEO000508,(GWHPACEM000520,W05_GLYSO_01G000326_1_P),GWHPACDY000513);
(GWHPACEO000508,(GWHPACEM000520,W05_GLYSO_01G000326_1_P),GWHPACDY000513);
(GWHPACEO000508,(GWHPACEM000520,W05_GLYSO_01G000326_1_P),GWHPACDY000513);
(GWHPACEO000508,(GWHPACEM000520,W05_GLYSO_01G000326_1_P),GWHPACDY000513);
(GWHPACEO000508,(GWHPACEM000520,W05_GLYSO_01G000326_1_P),GWHPACDY000513);
(GWHPACEO000508,(GWHPACEM000520,W05_GLYSO_01G000326_1_P),GWHPACDY000513);
(GWHPACEO000508,(GWHPACEM000520,W05_GLYSO_01G000326_1_P),GWHPACDY000513);
(GWHPACEO000508,(GWHPACEM000520,W05_GLYSO_01G000326_1_P),GWHPACDY000513);
(GWHPACEO000508,(GWHPACEM000520,W05_GLYSO_01G000326_1_P),GWHPACDY000513);
(GWHPACEO000508,(GWHPACEM000520,W05_GLYSO_01G000326_1_P),GWHPACDY000513);
(GWHPACEM000520,(GWHPACEO000508,W05_GLYSO_01G000326_1_P),GWHPACDY000513);
(GWHPACEM000520,(GWHPACEO000508,W05_GLYSO_01G000326_1_P),GWHPACDY000513);
(GWHPACEM000520,(GWHPACEO000508,W05_GLYSO_01G000326_1_P),GWHPACDY000513);
(GWHPACEM000520,(GWHPACEO000508,W05_GLYSO_01G000326_1_P),GWHPACDY000513);
(GWHPACEM000520,(GWHPACEO000508,W05_GLYSO_01G000326_1_P),GWHPACDY000513);
(GWHPACEM000520,(GWHPACEO000508,W05_GLYSO_01G000326_1_P),GWHPACDY000513);
(GWHPACEM000520,(GWHPACEO000508,W05_GLYSO_01G000326_1_P),GWHPACDY000513);
(GWHPACEM000520,(GWHPACEO000508,W05_GLYSO_01G000326_1_P),GWHPACDY000513);
(GWHPACEM000520,(GWHPACEO000508,W05_GLYSO_01G000326_1_P),GWHPACDY000513);
(GWHPACEM000520,(GWHPACEO000508,W05_GLYSO_01G000326_1_P),GWHPACDY000513);
((GWHPACEM000520,GWHPACEO000508),W05_GLYSO_01G000326_1_P,GWHPACDY000513);
((GWHPACEM000520,GWHPACEO000508),W05_GLYSO_01G000326_1_P,GWHPACDY000513);
((GWHPACEM000520,GWHPACEO000508),W05_GLYSO_01G000326_1_P,GWHPACDY000513);
((GWHPACEM000520,GWHPACEO000508),W05_GLYSO_01G000326_1_P,GWHPACDY000513);
((GWHPACEM000520,GWHPACEO000508),W05_GLYSO_01G000326_1_P,GWHPACDY000513);
((GWHPACEM000520,GWHPACEO000508),W05_GLYSO_01G000326_1_P,GWHPACDY000513);
((GWHPACEM000520,GWHPACEO000508),W05_GLYSO_01G000326_1_P,GWHPACDY000513);
((GWHPACEM000520,GWHPACEO000508),W05_GLYSO_01G000326_1_P,GWHPACDY000513);
((GWHPACEM000520,GWHPACEO000508),W05_GLYSO_01G000326_1_P,GWHPACDY000513);
((GWHPACEM000520,GWHPACEO000508),W05_GLYSO_01G000326_1_P,GWHPACDY000513);
(GWHPACEM000520,(GWHPACEO000508,W05_GLYSO_01G000326_1_P),GWHPACDY000513);
(GWHPACEM000520,(GWHPACEO000508,W05_GLYSO_01G000326_1_P),GWHPACDY000513);
(GWHPACEM000520,(GWHPACEO000508,W05_GLYSO_01G000326_1_P),GWHPACDY000513);
(GWHPACEM000520,(GWHPACEO000508,W05_GLYSO_01G000326_1_P),GWHPACDY000513);
(GWHPACEM000520,(GWHPACEO000508,W05_GLYSO_01G000326_1_P),GWHPACDY000513);
(GWHPACEM000520,(GWHPACEO000508,W05_GLYSO_01G000326_1_P),GWHPACDY000513);
(GWHPACEM000520,(GWHPACEO000508,W05_GLYSO_01G000326_1_P),GWHPACDY000513);
(GWHPACEM000520,(GWHPACEO000508,W05_GLYSO_01G000326_1_P),GWHPACDY000513);
(GWHPACEM000520,(GWHPACEO000508,W05_GLYSO_01G000326_1_P),GWHPACDY000513);
(GWHPACEM000520,(GWHPACEO000508,W05_GLYSO_01G000326_1_P),GWHPACDY000513);
(GWHPACEO000508,(W05_GLYSO_01G000326_1_P,GWHPACEM000520),GWHPACDY000513);
(GWHPACEO000508,(W05_GLYSO_01G000326_1_P,GWHPACEM000520),GWHPACDY000513);
(GWHPACEO000508,(W05_GLYSO_01G000326_1_P,GWHPACEM000520),GWHPACDY000513);
(GWHPACEO000508,(W05_GLYSO_01G000326_1_P,GWHPACEM000520),GWHPACDY000513);
(GWHPACEO000508,(W05_GLYSO_01G000326_1_P,GWHPACEM000520),GWHPACDY000513);
(GWHPACEO000508,(W05_GLYSO_01G000326_1_P,GWHPACEM000520),GWHPACDY000513);
(GWHPACEO000508,(W05_GLYSO_01G000326_1_P,GWHPACEM000520),GWHPACDY000513);
(GWHPACEO000508,(W05_GLYSO_01G000326_1_P,GWHPACEM000520),GWHPACDY000513);
(GWHPACEO000508,(W05_GLYSO_01G000326_1_P,GWHPACEM000520),GWHPACDY000513);
(GWHPACEO000508,(W05_GLYSO_01G000326_1_P,GWHPACEM000520),GWHPACDY000513);
