

IMPORTANT WARNING: Sequences GLYMA_ZH13_10G169400_1_P and GWHPACEO041745 are exactly identical


IMPORTANT WARNING: Sequences GLYMA_ZH13_10G169400_1_P and GWHPACEJ042889 are exactly identical


IMPORTANT WARNING: Sequences GLYMA_ZH13_10G169400_1_P and GWHPACEI042931 are exactly identical


IMPORTANT WARNING: Sequences GLYMA_ZH13_10G169400_1_P and GWHPACEH041770 are exactly identical


IMPORTANT WARNING: Sequences GLYMA_ZH13_10G169400_1_P and W05_GLYSO_10G027456_1_P are exactly identical


IMPORTANT WARNING: Sequences GLYMA_ZH13_10G169400_1_P and GWHPACEN041177 are exactly identical

IMPORTANT WARNING
Found 6 sequences that are exactly identical to other sequences in the alignment.
Normally they should be excluded from the analysis.

Just in case you might need it, an alignment file with 
sequence duplicates removed is printed to file ../../RAxML_tree_pbNB-ARC/Clade_Refinement_1/Int11051_30_40_R_11.afa.reduced


This is RAxML version 8.2.12 released by Alexandros Stamatakis on May 2018.

With greatly appreciated code contributions by:
Andre Aberer      (HITS)
Simon Berger      (HITS)
Alexey Kozlov     (HITS)
Kassian Kobert    (HITS)
David Dao         (KIT and HITS)
Sarah Lutteropp   (KIT and HITS)
Nick Pattengale   (Sandia)
Wayne Pfeiffer    (SDSC)
Akifumi S. Tanabe (NRIFS)
Charlie Taylor    (UF)


Alignment has 76 distinct alignment patterns

Proportion of gaps and completely undetermined characters in this alignment: 4.40%

RAxML rapid bootstrapping and subsequent ML search

Using 1 distinct models/data partitions with joint branch length optimization



Executing 100 rapid bootstrap inferences and thereafter a thorough ML search 

All free model parameters will be estimated by RAxML
ML estimate of 25 per site rate categories

Likelihood of final tree will be evaluated and optimized under GAMMA

GAMMA Model parameters will be estimated up to an accuracy of 0.1000000000 Log Likelihood units

Partition: 0
Alignment Patterns: 76
Name: No Name Provided
DataType: AA
Substitution Matrix: JTT
Using fixed base frequencies




RAxML was called as follows:

/Users/prigozhin/Installers/standard-RAxML/raxmlHPC-PTHREADS-AVX -T 4 -n Int11051_30_40_R_11.Raxml.out -f a -x 12345 -p 12345 -# 100 -m PROTCATJTT -s ../../RAxML_tree_pbNB-ARC/Clade_Refinement_1/Int11051_30_40_R_11.afa 



Time for BS model parameter optimization 0.131813
Bootstrap[0]: Time 0.231402 seconds, bootstrap likelihood -3079.612999, best rearrangement setting 13
Bootstrap[1]: Time 0.093431 seconds, bootstrap likelihood -3078.278249, best rearrangement setting 13
Bootstrap[2]: Time 0.096663 seconds, bootstrap likelihood -3067.152227, best rearrangement setting 12
Bootstrap[3]: Time 0.092439 seconds, bootstrap likelihood -3105.773596, best rearrangement setting 15
Bootstrap[4]: Time 0.109563 seconds, bootstrap likelihood -3124.552805, best rearrangement setting 10
Bootstrap[5]: Time 0.122709 seconds, bootstrap likelihood -3078.169244, best rearrangement setting 10
Bootstrap[6]: Time 0.106968 seconds, bootstrap likelihood -3126.333511, best rearrangement setting 6
Bootstrap[7]: Time 0.144156 seconds, bootstrap likelihood -3132.234623, best rearrangement setting 14
Bootstrap[8]: Time 0.100937 seconds, bootstrap likelihood -3107.838788, best rearrangement setting 5
Bootstrap[9]: Time 0.131304 seconds, bootstrap likelihood -3098.119680, best rearrangement setting 7
Bootstrap[10]: Time 0.130255 seconds, bootstrap likelihood -3082.384382, best rearrangement setting 7
Bootstrap[11]: Time 0.097136 seconds, bootstrap likelihood -3077.151094, best rearrangement setting 5
Bootstrap[12]: Time 0.107214 seconds, bootstrap likelihood -3071.468956, best rearrangement setting 8
Bootstrap[13]: Time 0.103882 seconds, bootstrap likelihood -3107.839565, best rearrangement setting 7
Bootstrap[14]: Time 0.107920 seconds, bootstrap likelihood -3088.486258, best rearrangement setting 12
Bootstrap[15]: Time 0.102359 seconds, bootstrap likelihood -3126.762934, best rearrangement setting 15
Bootstrap[16]: Time 0.096379 seconds, bootstrap likelihood -3141.332613, best rearrangement setting 12
Bootstrap[17]: Time 0.100290 seconds, bootstrap likelihood -3086.972249, best rearrangement setting 12
Bootstrap[18]: Time 0.093133 seconds, bootstrap likelihood -3089.909044, best rearrangement setting 5
Bootstrap[19]: Time 0.145835 seconds, bootstrap likelihood -3153.254757, best rearrangement setting 8
Bootstrap[20]: Time 0.130075 seconds, bootstrap likelihood -3080.511108, best rearrangement setting 10
Bootstrap[21]: Time 0.100044 seconds, bootstrap likelihood -3111.013378, best rearrangement setting 6
Bootstrap[22]: Time 0.091436 seconds, bootstrap likelihood -3111.022071, best rearrangement setting 5
Bootstrap[23]: Time 0.110082 seconds, bootstrap likelihood -3121.406400, best rearrangement setting 7
Bootstrap[24]: Time 0.094162 seconds, bootstrap likelihood -3124.100697, best rearrangement setting 8
Bootstrap[25]: Time 0.096121 seconds, bootstrap likelihood -3102.602459, best rearrangement setting 6
Bootstrap[26]: Time 0.096048 seconds, bootstrap likelihood -3113.790528, best rearrangement setting 12
Bootstrap[27]: Time 0.101684 seconds, bootstrap likelihood -3114.561250, best rearrangement setting 10
Bootstrap[28]: Time 0.117684 seconds, bootstrap likelihood -3125.644232, best rearrangement setting 11
Bootstrap[29]: Time 0.123587 seconds, bootstrap likelihood -3145.332043, best rearrangement setting 12
Bootstrap[30]: Time 0.109594 seconds, bootstrap likelihood -3084.072611, best rearrangement setting 15
Bootstrap[31]: Time 0.101654 seconds, bootstrap likelihood -3117.952558, best rearrangement setting 15
Bootstrap[32]: Time 0.095867 seconds, bootstrap likelihood -3125.528945, best rearrangement setting 6
Bootstrap[33]: Time 0.105181 seconds, bootstrap likelihood -3096.516317, best rearrangement setting 15
Bootstrap[34]: Time 0.104757 seconds, bootstrap likelihood -3122.041743, best rearrangement setting 11
Bootstrap[35]: Time 0.100140 seconds, bootstrap likelihood -3171.521249, best rearrangement setting 8
Bootstrap[36]: Time 0.133093 seconds, bootstrap likelihood -3092.759622, best rearrangement setting 9
Bootstrap[37]: Time 0.121736 seconds, bootstrap likelihood -3113.072111, best rearrangement setting 11
Bootstrap[38]: Time 0.106009 seconds, bootstrap likelihood -3115.400912, best rearrangement setting 8
Bootstrap[39]: Time 0.107601 seconds, bootstrap likelihood -3119.431986, best rearrangement setting 13
Bootstrap[40]: Time 0.104541 seconds, bootstrap likelihood -3084.510709, best rearrangement setting 13
Bootstrap[41]: Time 0.108327 seconds, bootstrap likelihood -3145.410764, best rearrangement setting 10
Bootstrap[42]: Time 0.090245 seconds, bootstrap likelihood -3133.215542, best rearrangement setting 5
Bootstrap[43]: Time 0.108077 seconds, bootstrap likelihood -3162.270744, best rearrangement setting 14
Bootstrap[44]: Time 0.100169 seconds, bootstrap likelihood -3143.483175, best rearrangement setting 10
Bootstrap[45]: Time 0.101918 seconds, bootstrap likelihood -3125.637654, best rearrangement setting 15
Bootstrap[46]: Time 0.099603 seconds, bootstrap likelihood -3123.773138, best rearrangement setting 14
Bootstrap[47]: Time 0.107276 seconds, bootstrap likelihood -3094.166631, best rearrangement setting 8
Bootstrap[48]: Time 0.098477 seconds, bootstrap likelihood -3103.028689, best rearrangement setting 6
Bootstrap[49]: Time 0.099253 seconds, bootstrap likelihood -3083.637077, best rearrangement setting 7
Bootstrap[50]: Time 0.101097 seconds, bootstrap likelihood -3084.716971, best rearrangement setting 7
Bootstrap[51]: Time 0.101894 seconds, bootstrap likelihood -3088.029457, best rearrangement setting 11
Bootstrap[52]: Time 0.125173 seconds, bootstrap likelihood -3096.113243, best rearrangement setting 12
Bootstrap[53]: Time 0.135524 seconds, bootstrap likelihood -3152.786532, best rearrangement setting 8
Bootstrap[54]: Time 0.101049 seconds, bootstrap likelihood -3128.449864, best rearrangement setting 9
Bootstrap[55]: Time 0.106173 seconds, bootstrap likelihood -3114.233805, best rearrangement setting 11
Bootstrap[56]: Time 0.112638 seconds, bootstrap likelihood -3123.256495, best rearrangement setting 5
Bootstrap[57]: Time 0.097821 seconds, bootstrap likelihood -3139.328230, best rearrangement setting 7
Bootstrap[58]: Time 0.100048 seconds, bootstrap likelihood -3092.291755, best rearrangement setting 10
Bootstrap[59]: Time 0.098947 seconds, bootstrap likelihood -3059.805155, best rearrangement setting 9
Bootstrap[60]: Time 0.100645 seconds, bootstrap likelihood -3085.248070, best rearrangement setting 7
Bootstrap[61]: Time 0.087792 seconds, bootstrap likelihood -3108.601285, best rearrangement setting 5
Bootstrap[62]: Time 0.101463 seconds, bootstrap likelihood -3133.239204, best rearrangement setting 11
Bootstrap[63]: Time 0.102616 seconds, bootstrap likelihood -3107.929476, best rearrangement setting 12
Bootstrap[64]: Time 0.100437 seconds, bootstrap likelihood -3161.900579, best rearrangement setting 7
Bootstrap[65]: Time 0.101809 seconds, bootstrap likelihood -3053.861935, best rearrangement setting 5
Bootstrap[66]: Time 0.093919 seconds, bootstrap likelihood -3105.266281, best rearrangement setting 5
Bootstrap[67]: Time 0.103154 seconds, bootstrap likelihood -3123.888547, best rearrangement setting 15
Bootstrap[68]: Time 0.091886 seconds, bootstrap likelihood -3145.365447, best rearrangement setting 11
Bootstrap[69]: Time 0.087634 seconds, bootstrap likelihood -3099.100896, best rearrangement setting 5
Bootstrap[70]: Time 0.121748 seconds, bootstrap likelihood -3143.604994, best rearrangement setting 8
Bootstrap[71]: Time 0.096644 seconds, bootstrap likelihood -3097.340230, best rearrangement setting 10
Bootstrap[72]: Time 0.101588 seconds, bootstrap likelihood -3090.102092, best rearrangement setting 11
Bootstrap[73]: Time 0.104851 seconds, bootstrap likelihood -3072.742862, best rearrangement setting 9
Bootstrap[74]: Time 0.087823 seconds, bootstrap likelihood -3075.224750, best rearrangement setting 5
Bootstrap[75]: Time 0.107342 seconds, bootstrap likelihood -3124.527859, best rearrangement setting 8
Bootstrap[76]: Time 0.110066 seconds, bootstrap likelihood -3073.284782, best rearrangement setting 9
Bootstrap[77]: Time 0.095369 seconds, bootstrap likelihood -3089.886351, best rearrangement setting 11
Bootstrap[78]: Time 0.095332 seconds, bootstrap likelihood -3144.521275, best rearrangement setting 15
Bootstrap[79]: Time 0.093317 seconds, bootstrap likelihood -3127.061442, best rearrangement setting 9
Bootstrap[80]: Time 0.106122 seconds, bootstrap likelihood -3179.836468, best rearrangement setting 15
Bootstrap[81]: Time 0.103283 seconds, bootstrap likelihood -3149.580294, best rearrangement setting 7
Bootstrap[82]: Time 0.103821 seconds, bootstrap likelihood -3113.121088, best rearrangement setting 6
Bootstrap[83]: Time 0.104603 seconds, bootstrap likelihood -3104.453938, best rearrangement setting 10
Bootstrap[84]: Time 0.109709 seconds, bootstrap likelihood -3137.353107, best rearrangement setting 11
Bootstrap[85]: Time 0.110718 seconds, bootstrap likelihood -3106.561852, best rearrangement setting 8
Bootstrap[86]: Time 0.130612 seconds, bootstrap likelihood -3161.984396, best rearrangement setting 7
Bootstrap[87]: Time 0.131629 seconds, bootstrap likelihood -3175.638850, best rearrangement setting 7
Bootstrap[88]: Time 0.106484 seconds, bootstrap likelihood -3129.060174, best rearrangement setting 12
Bootstrap[89]: Time 0.106551 seconds, bootstrap likelihood -3123.672765, best rearrangement setting 10
Bootstrap[90]: Time 0.097157 seconds, bootstrap likelihood -3110.902351, best rearrangement setting 8
Bootstrap[91]: Time 0.094638 seconds, bootstrap likelihood -3134.383044, best rearrangement setting 12
Bootstrap[92]: Time 0.100097 seconds, bootstrap likelihood -3059.908239, best rearrangement setting 13
Bootstrap[93]: Time 0.097591 seconds, bootstrap likelihood -3175.552008, best rearrangement setting 15
Bootstrap[94]: Time 0.088196 seconds, bootstrap likelihood -3099.994406, best rearrangement setting 5
Bootstrap[95]: Time 0.087571 seconds, bootstrap likelihood -3126.050966, best rearrangement setting 5
Bootstrap[96]: Time 0.105209 seconds, bootstrap likelihood -3132.882967, best rearrangement setting 13
Bootstrap[97]: Time 0.105026 seconds, bootstrap likelihood -3128.007206, best rearrangement setting 11
Bootstrap[98]: Time 0.087637 seconds, bootstrap likelihood -3099.162804, best rearrangement setting 6
Bootstrap[99]: Time 0.113511 seconds, bootstrap likelihood -3091.047158, best rearrangement setting 14


Overall Time for 100 Rapid Bootstraps 10.657831 seconds
Average Time per Rapid Bootstrap 0.106578 seconds

Starting ML Search ...

Fast ML optimization finished

Fast ML search Time: 4.185090 seconds

Slow ML Search 0 Likelihood: -3229.493918
Slow ML Search 1 Likelihood: -3229.493918
Slow ML Search 2 Likelihood: -3229.493918
Slow ML Search 3 Likelihood: -3229.493918
Slow ML Search 4 Likelihood: -3229.493918
Slow ML Search 5 Likelihood: -3229.493918
Slow ML Search 6 Likelihood: -3229.493918
Slow ML Search 7 Likelihood: -3229.493918
Slow ML Search 8 Likelihood: -3229.493918
Slow ML Search 9 Likelihood: -3229.493918
Slow ML optimization finished

Slow ML search Time: 1.508712 seconds
Thorough ML search Time: 0.109332 seconds

Final ML Optimization Likelihood: -3229.493918

Model Information:

Model Parameters of Partition 0, Name: No Name Provided, Type of Data: AA
alpha: 0.179329
Tree-Length: 0.030716
rate A <-> R: 0.603538
rate A <-> N: 0.561915
rate A <-> D: 0.842872
rate A <-> C: 0.582726
rate A <-> Q: 0.593132
rate A <-> E: 1.092612
rate A <-> G: 1.862643
rate A <-> H: 0.280957
rate A <-> I: 0.374610
rate A <-> L: 0.312175
rate A <-> K: 0.364204
rate A <-> M: 0.561915
rate A <-> F: 0.156087
rate A <-> P: 2.018730
rate A <-> S: 3.933403
rate A <-> T: 4.942768
rate A <-> W: 0.093652
rate A <-> Y: 0.114464
rate A <-> V: 3.100937
rate R <-> N: 0.468262
rate R <-> D: 0.166493
rate R <-> C: 1.175858
rate R <-> Q: 3.225806
rate R <-> E: 0.301769
rate R <-> G: 1.425598
rate R <-> H: 3.413111
rate R <-> I: 0.228928
rate R <-> L: 0.395421
rate R <-> K: 6.722164
rate R <-> M: 0.457856
rate R <-> F: 0.052029
rate R <-> P: 0.770031
rate R <-> S: 1.050989
rate R <-> T: 0.665973
rate R <-> W: 1.311134
rate R <-> Y: 0.208117
rate R <-> V: 0.176899
rate N <-> D: 5.494277
rate N <-> C: 0.353798
rate N <-> Q: 0.894901
rate N <-> E: 0.603538
rate N <-> G: 0.842872
rate N <-> H: 4.068678
rate N <-> I: 0.489074
rate N <-> L: 0.124870
rate N <-> K: 2.736733
rate N <-> M: 0.312175
rate N <-> F: 0.104058
rate N <-> P: 0.156087
rate N <-> S: 5.234131
rate N <-> T: 2.414152
rate N <-> W: 0.083247
rate N <-> Y: 0.728408
rate N <-> V: 0.166493
rate D <-> C: 0.104058
rate D <-> Q: 0.509886
rate D <-> E: 7.981270
rate D <-> G: 1.352758
rate D <-> H: 1.165453
rate D <-> I: 0.114464
rate D <-> L: 0.072841
rate D <-> K: 0.270552
rate D <-> M: 0.156087
rate D <-> F: 0.041623
rate D <-> P: 0.156087
rate D <-> S: 0.613944
rate D <-> T: 0.395421
rate D <-> W: 0.041623
rate D <-> Y: 0.478668
rate D <-> V: 0.322581
rate C <-> Q: 0.093652
rate C <-> E: 0.052029
rate C <-> G: 0.613944
rate C <-> H: 0.718002
rate C <-> I: 0.176899
rate C <-> L: 0.239334
rate C <-> K: 0.072841
rate C <-> M: 0.322581
rate C <-> F: 0.811655
rate C <-> P: 0.145682
rate C <-> S: 2.320499
rate C <-> T: 0.437045
rate C <-> W: 1.196670
rate C <-> Y: 2.174818
rate C <-> V: 0.645161
rate Q <-> E: 3.361082
rate Q <-> G: 0.270552
rate Q <-> H: 6.212279
rate Q <-> I: 0.093652
rate Q <-> L: 0.749220
rate Q <-> K: 3.038502
rate Q <-> M: 0.447451
rate Q <-> F: 0.041623
rate Q <-> P: 1.706556
rate Q <-> S: 0.551509
rate Q <-> T: 0.530697
rate Q <-> W: 0.187305
rate Q <-> Y: 0.249740
rate Q <-> V: 0.208117
rate E <-> G: 1.238293
rate E <-> H: 0.270552
rate E <-> I: 0.124870
rate E <-> L: 0.093652
rate E <-> K: 1.883455
rate E <-> M: 0.187305
rate E <-> F: 0.052029
rate E <-> P: 0.187305
rate E <-> S: 0.312175
rate E <-> T: 0.332986
rate E <-> W: 0.104058
rate E <-> Y: 0.072841
rate E <-> V: 0.468262
rate G <-> H: 0.239334
rate G <-> I: 0.062435
rate G <-> L: 0.062435
rate G <-> K: 0.280957
rate G <-> M: 0.145682
rate G <-> F: 0.052029
rate G <-> P: 0.249740
rate G <-> S: 2.091571
rate G <-> T: 0.343392
rate G <-> W: 0.572320
rate G <-> Y: 0.083247
rate G <-> V: 0.489074
rate H <-> I: 0.166493
rate H <-> L: 0.582726
rate H <-> K: 0.468262
rate H <-> M: 0.343392
rate H <-> F: 0.416233
rate H <-> P: 1.196670
rate H <-> S: 0.759625
rate H <-> T: 0.478668
rate H <-> W: 0.083247
rate H <-> Y: 5.962539
rate H <-> V: 0.114464
rate I <-> L: 2.382934
rate I <-> K: 0.218522
rate I <-> M: 4.984391
rate I <-> F: 0.926119
rate I <-> P: 0.104058
rate I <-> S: 0.416233
rate I <-> T: 2.549428
rate I <-> W: 0.093652
rate I <-> Y: 0.332986
rate I <-> V: 10.000000
rate L <-> K: 0.145682
rate L <-> M: 4.037461
rate L <-> F: 2.580645
rate L <-> P: 1.061394
rate L <-> S: 0.613944
rate L <-> T: 0.260146
rate L <-> W: 0.541103
rate L <-> Y: 0.249740
rate L <-> V: 1.873049
rate K <-> M: 0.676379
rate K <-> F: 0.041623
rate K <-> P: 0.218522
rate K <-> S: 0.489074
rate K <-> T: 1.071800
rate K <-> W: 0.104058
rate K <-> Y: 0.083247
rate K <-> V: 0.145682
rate M <-> F: 0.447451
rate M <-> P: 0.166493
rate M <-> S: 0.301769
rate M <-> T: 2.351717
rate M <-> W: 0.249740
rate M <-> Y: 0.187305
rate M <-> V: 3.361082
rate F <-> P: 0.176899
rate F <-> S: 0.957336
rate F <-> T: 0.124870
rate F <-> W: 0.551509
rate F <-> Y: 5.577523
rate F <-> V: 0.645161
rate P <-> S: 2.965661
rate P <-> T: 1.227888
rate P <-> W: 0.062435
rate P <-> Y: 0.104058
rate P <-> V: 0.239334
rate S <-> T: 4.963580
rate S <-> W: 0.364204
rate S <-> Y: 0.655567
rate S <-> V: 0.395421
rate T <-> W: 0.124870
rate T <-> Y: 0.218522
rate T <-> V: 1.165453
rate W <-> Y: 0.738814
rate W <-> V: 0.260146
rate Y <-> V: 0.166493

freq pi(A): 0.076748
freq pi(R): 0.051691
freq pi(N): 0.042645
freq pi(D): 0.051544
freq pi(C): 0.019803
freq pi(Q): 0.040752
freq pi(E): 0.061830
freq pi(G): 0.073152
freq pi(H): 0.022944
freq pi(I): 0.053761
freq pi(L): 0.091904
freq pi(K): 0.058676
freq pi(M): 0.023826
freq pi(F): 0.040126
freq pi(P): 0.050901
freq pi(S): 0.068765
freq pi(T): 0.058565
freq pi(W): 0.014261
freq pi(Y): 0.032102
freq pi(V): 0.066004


ML search took 5.828787 secs or 0.001619 hours

Combined Bootstrap and ML search took 16.486805 secs or 0.004580 hours

Drawing Bootstrap Support Values on best-scoring ML tree ...



Found 1 tree in File /Users/prigozhin/Dropbox/NLRomes/Soy_NLRome/RAxML_tree_pbNB-ARC/Clade_Refinement_1/RAxML_bestTree.Int11051_30_40_R_11.Raxml.out



Found 1 tree in File /Users/prigozhin/Dropbox/NLRomes/Soy_NLRome/RAxML_tree_pbNB-ARC/Clade_Refinement_1/RAxML_bestTree.Int11051_30_40_R_11.Raxml.out

Program execution info written to /Users/prigozhin/Dropbox/NLRomes/Soy_NLRome/RAxML_tree_pbNB-ARC/Clade_Refinement_1/RAxML_info.Int11051_30_40_R_11.Raxml.out
All 100 bootstrapped trees written to: /Users/prigozhin/Dropbox/NLRomes/Soy_NLRome/RAxML_tree_pbNB-ARC/Clade_Refinement_1/RAxML_bootstrap.Int11051_30_40_R_11.Raxml.out

Best-scoring ML tree written to: /Users/prigozhin/Dropbox/NLRomes/Soy_NLRome/RAxML_tree_pbNB-ARC/Clade_Refinement_1/RAxML_bestTree.Int11051_30_40_R_11.Raxml.out

Best-scoring ML tree with support values written to: /Users/prigozhin/Dropbox/NLRomes/Soy_NLRome/RAxML_tree_pbNB-ARC/Clade_Refinement_1/RAxML_bipartitions.Int11051_30_40_R_11.Raxml.out

Best-scoring ML tree with support values as branch labels written to: /Users/prigozhin/Dropbox/NLRomes/Soy_NLRome/RAxML_tree_pbNB-ARC/Clade_Refinement_1/RAxML_bipartitionsBranchLabels.Int11051_30_40_R_11.Raxml.out

Overall execution time for full ML analysis: 16.490971 secs or 0.004581 hours or 0.000191 days

