((GWHPACDZ062569,GWHPACDY065470),((GWHPACEW063540,(GWHPACEH063802,(GWHPACEU084628,((GWHPACET064515,(((GWHPACEX059575,GWHPACEG063234),GWHPACEP059945),GWHPACES063900)),GWHPACEQ059553)))),GWHPACEJ065701),GWHPACEE063518);
((GWHPACDZ062569,GWHPACDY065470),((GWHPACEW063540,(GWHPACEH063802,(GWHPACEU084628,((GWHPACET064515,(((GWHPACEX059575,GWHPACEG063234),GWHPACEP059945),GWHPACES063900)),GWHPACEQ059553)))),GWHPACEJ065701),GWHPACEE063518);
((GWHPACDZ062569,GWHPACDY065470),((GWHPACEW063540,(GWHPACEH063802,(GWHPACEU084628,((GWHPACET064515,(((GWHPACEX059575,GWHPACEG063234),GWHPACEP059945),GWHPACES063900)),GWHPACEQ059553)))),GWHPACEJ065701),GWHPACEE063518);
((GWHPACDZ062569,GWHPACDY065470),((GWHPACEW063540,(GWHPACEH063802,(GWHPACEU084628,((GWHPACET064515,(((GWHPACEX059575,GWHPACEG063234),GWHPACEP059945),GWHPACES063900)),GWHPACEQ059553)))),GWHPACEJ065701),GWHPACEE063518);
((GWHPACDZ062569,GWHPACDY065470),((GWHPACEW063540,(GWHPACEH063802,(GWHPACEU084628,((GWHPACET064515,(((GWHPACEX059575,GWHPACEG063234),GWHPACEP059945),GWHPACES063900)),GWHPACEQ059553)))),GWHPACEJ065701),GWHPACEE063518);
((GWHPACDZ062569,GWHPACDY065470),((GWHPACEW063540,(GWHPACEH063802,(GWHPACEU084628,((GWHPACET064515,(((GWHPACEX059575,GWHPACEG063234),GWHPACEP059945),GWHPACES063900)),GWHPACEQ059553)))),GWHPACEJ065701),GWHPACEE063518);
((GWHPACDZ062569,GWHPACDY065470),((GWHPACEW063540,(GWHPACEH063802,(GWHPACEU084628,((GWHPACET064515,(((GWHPACEX059575,GWHPACEG063234),GWHPACEP059945),GWHPACES063900)),GWHPACEQ059553)))),GWHPACEJ065701),GWHPACEE063518);
((GWHPACDZ062569,GWHPACDY065470),((GWHPACEW063540,(GWHPACEH063802,(GWHPACEU084628,((GWHPACET064515,(((GWHPACEX059575,GWHPACEG063234),GWHPACEP059945),GWHPACES063900)),GWHPACEQ059553)))),GWHPACEJ065701),GWHPACEE063518);
((GWHPACDZ062569,GWHPACDY065470),((GWHPACEW063540,(GWHPACEH063802,(GWHPACEU084628,((GWHPACET064515,(((GWHPACEX059575,GWHPACEG063234),GWHPACEP059945),GWHPACES063900)),GWHPACEQ059553)))),GWHPACEJ065701),GWHPACEE063518);
((GWHPACDZ062569,GWHPACDY065470),((GWHPACEW063540,(GWHPACEH063802,(GWHPACEU084628,((GWHPACET064515,(((GWHPACEX059575,GWHPACEG063234),GWHPACEP059945),GWHPACES063900)),GWHPACEQ059553)))),GWHPACEJ065701),GWHPACEE063518);
((GWHPACEW063540,((GWHPACDZ062569,GWHPACDY065470),(GWHPACEJ065701,(GWHPACEU084628,(GWHPACEX059575,(GWHPACES063900,(GWHPACET064515,(GWHPACEP059945,(GWHPACEG063234,GWHPACEQ059553))))))))),GWHPACEH063802,GWHPACEE063518);
((GWHPACEW063540,((GWHPACDZ062569,GWHPACDY065470),(GWHPACEJ065701,(GWHPACEU084628,(GWHPACEX059575,(GWHPACES063900,(GWHPACET064515,(GWHPACEP059945,(GWHPACEG063234,GWHPACEQ059553))))))))),GWHPACEH063802,GWHPACEE063518);
((GWHPACEW063540,((GWHPACDZ062569,GWHPACDY065470),(GWHPACEJ065701,(GWHPACEU084628,(GWHPACEX059575,(GWHPACES063900,(GWHPACET064515,(GWHPACEP059945,(GWHPACEG063234,GWHPACEQ059553))))))))),GWHPACEH063802,GWHPACEE063518);
((GWHPACEW063540,((GWHPACDZ062569,GWHPACDY065470),(GWHPACEJ065701,(GWHPACEU084628,(GWHPACEX059575,(GWHPACES063900,(GWHPACET064515,(GWHPACEP059945,(GWHPACEG063234,GWHPACEQ059553))))))))),GWHPACEH063802,GWHPACEE063518);
((GWHPACEW063540,((GWHPACDZ062569,GWHPACDY065470),(GWHPACEJ065701,(GWHPACEU084628,(GWHPACEX059575,(GWHPACES063900,(GWHPACET064515,(GWHPACEP059945,(GWHPACEG063234,GWHPACEQ059553))))))))),GWHPACEH063802,GWHPACEE063518);
((GWHPACEW063540,((GWHPACDZ062569,GWHPACDY065470),(GWHPACEJ065701,(GWHPACEU084628,(GWHPACEX059575,(GWHPACES063900,(GWHPACET064515,(GWHPACEP059945,(GWHPACEG063234,GWHPACEQ059553))))))))),GWHPACEH063802,GWHPACEE063518);
((GWHPACEW063540,((GWHPACDZ062569,GWHPACDY065470),(GWHPACEJ065701,(GWHPACEU084628,(GWHPACEX059575,(GWHPACES063900,(GWHPACET064515,(GWHPACEP059945,(GWHPACEG063234,GWHPACEQ059553))))))))),GWHPACEH063802,GWHPACEE063518);
((GWHPACEW063540,((GWHPACDZ062569,GWHPACDY065470),(GWHPACEJ065701,(GWHPACEU084628,(GWHPACEX059575,(GWHPACES063900,(GWHPACET064515,(GWHPACEP059945,(GWHPACEG063234,GWHPACEQ059553))))))))),GWHPACEH063802,GWHPACEE063518);
((GWHPACEW063540,((GWHPACDZ062569,GWHPACDY065470),(GWHPACEJ065701,(GWHPACEU084628,(GWHPACEX059575,(GWHPACES063900,(GWHPACET064515,(GWHPACEP059945,(GWHPACEG063234,GWHPACEQ059553))))))))),GWHPACEH063802,GWHPACEE063518);
((GWHPACEW063540,((GWHPACDZ062569,GWHPACDY065470),(GWHPACEJ065701,(GWHPACEU084628,(GWHPACEX059575,(GWHPACES063900,(GWHPACET064515,(GWHPACEP059945,(GWHPACEG063234,GWHPACEQ059553))))))))),GWHPACEH063802,GWHPACEE063518);
((GWHPACEH063802,((GWHPACDZ062569,GWHPACDY065470),((((GWHPACET064515,((GWHPACEX059575,GWHPACES063900),GWHPACEG063234)),GWHPACEP059945),GWHPACEQ059553),GWHPACEU084628))),(GWHPACEW063540,GWHPACEJ065701),GWHPACEE063518);
(GWHPACEH063802,(GWHPACDY065470,((GWHPACDZ062569,((((GWHPACET064515,GWHPACEG063234),((GWHPACEX059575,GWHPACES063900),GWHPACEP059945)),GWHPACEQ059553),GWHPACEU084628)),(GWHPACEW063540,GWHPACEJ065701))),GWHPACEE063518);
(((GWHPACDZ062569,GWHPACDY065470),(GWHPACEU084628,((GWHPACEG063234,(((GWHPACEX059575,GWHPACES063900),GWHPACET064515),GWHPACEP059945)),GWHPACEQ059553))),((GWHPACEH063802,GWHPACEW063540),GWHPACEJ065701),GWHPACEE063518);
(((GWHPACDZ062569,GWHPACDY065470),(GWHPACEU084628,((GWHPACEG063234,(((GWHPACEX059575,GWHPACES063900),GWHPACET064515),GWHPACEP059945)),GWHPACEQ059553))),((GWHPACEH063802,GWHPACEW063540),GWHPACEJ065701),GWHPACEE063518);
(((GWHPACDZ062569,GWHPACDY065470),(GWHPACEU084628,((GWHPACEG063234,(((GWHPACEX059575,GWHPACES063900),GWHPACET064515),GWHPACEP059945)),GWHPACEQ059553))),((GWHPACEH063802,GWHPACEW063540),GWHPACEJ065701),GWHPACEE063518);
(((GWHPACDZ062569,GWHPACDY065470),(GWHPACEU084628,((GWHPACEG063234,(((GWHPACEX059575,GWHPACES063900),GWHPACET064515),GWHPACEP059945)),GWHPACEQ059553))),((GWHPACEH063802,GWHPACEW063540),GWHPACEJ065701),GWHPACEE063518);
(((GWHPACDZ062569,GWHPACDY065470),(GWHPACEU084628,((GWHPACEG063234,(((GWHPACEX059575,GWHPACES063900),GWHPACET064515),GWHPACEP059945)),GWHPACEQ059553))),((GWHPACEH063802,GWHPACEW063540),GWHPACEJ065701),GWHPACEE063518);
(((GWHPACDZ062569,GWHPACDY065470),(GWHPACEU084628,((GWHPACEG063234,(((GWHPACEX059575,GWHPACES063900),GWHPACET064515),GWHPACEP059945)),GWHPACEQ059553))),((GWHPACEH063802,GWHPACEW063540),GWHPACEJ065701),GWHPACEE063518);
(((GWHPACDZ062569,GWHPACDY065470),(GWHPACEU084628,((GWHPACEG063234,(((GWHPACEX059575,GWHPACES063900),GWHPACET064515),GWHPACEP059945)),GWHPACEQ059553))),((GWHPACEH063802,GWHPACEW063540),GWHPACEJ065701),GWHPACEE063518);
(((GWHPACDZ062569,GWHPACDY065470),(GWHPACEU084628,((GWHPACEG063234,(((GWHPACEX059575,GWHPACES063900),GWHPACET064515),GWHPACEP059945)),GWHPACEQ059553))),((GWHPACEH063802,GWHPACEW063540),GWHPACEJ065701),GWHPACEE063518);
((GWHPACEW063540,(GWHPACEH063802,((GWHPACDZ062569,GWHPACDY065470),((((((GWHPACEG063234,GWHPACEP059945),GWHPACET064515),GWHPACEX059575),GWHPACES063900),GWHPACEQ059553),GWHPACEU084628)))),GWHPACEJ065701,GWHPACEE063518);
((GWHPACEW063540,(GWHPACEH063802,((GWHPACDZ062569,GWHPACDY065470),((((((GWHPACEG063234,GWHPACEP059945),GWHPACET064515),GWHPACEX059575),GWHPACES063900),GWHPACEQ059553),GWHPACEU084628)))),GWHPACEJ065701,GWHPACEE063518);
((GWHPACEW063540,(GWHPACEH063802,((GWHPACDZ062569,GWHPACDY065470),((((((GWHPACEG063234,GWHPACEP059945),GWHPACET064515),GWHPACEX059575),GWHPACES063900),GWHPACEQ059553),GWHPACEU084628)))),GWHPACEJ065701,GWHPACEE063518);
((GWHPACEW063540,(GWHPACEH063802,((GWHPACDZ062569,GWHPACDY065470),((((((GWHPACEG063234,GWHPACEP059945),GWHPACET064515),GWHPACEX059575),GWHPACES063900),GWHPACEQ059553),GWHPACEU084628)))),GWHPACEJ065701,GWHPACEE063518);
((GWHPACEW063540,(GWHPACEH063802,((GWHPACDZ062569,GWHPACDY065470),((((((GWHPACEG063234,GWHPACEP059945),GWHPACET064515),GWHPACEX059575),GWHPACES063900),GWHPACEQ059553),GWHPACEU084628)))),GWHPACEJ065701,GWHPACEE063518);
((GWHPACEW063540,(GWHPACEH063802,((GWHPACDZ062569,GWHPACDY065470),((((((GWHPACEG063234,GWHPACEP059945),GWHPACET064515),GWHPACEX059575),GWHPACES063900),GWHPACEQ059553),GWHPACEU084628)))),GWHPACEJ065701,GWHPACEE063518);
((GWHPACEW063540,(GWHPACEH063802,((GWHPACDZ062569,GWHPACDY065470),((((((GWHPACEG063234,GWHPACEP059945),GWHPACET064515),GWHPACEX059575),GWHPACES063900),GWHPACEQ059553),GWHPACEU084628)))),GWHPACEJ065701,GWHPACEE063518);
((GWHPACEW063540,(GWHPACEH063802,((GWHPACDZ062569,GWHPACDY065470),((((((GWHPACEG063234,GWHPACEP059945),GWHPACET064515),GWHPACEX059575),GWHPACES063900),GWHPACEQ059553),GWHPACEU084628)))),GWHPACEJ065701,GWHPACEE063518);
((GWHPACEW063540,(GWHPACEH063802,((GWHPACDZ062569,GWHPACDY065470),((((((GWHPACEG063234,GWHPACEP059945),GWHPACET064515),GWHPACEX059575),GWHPACES063900),GWHPACEQ059553),GWHPACEU084628)))),GWHPACEJ065701,GWHPACEE063518);
((GWHPACEW063540,(GWHPACEH063802,((GWHPACDZ062569,GWHPACDY065470),((((((GWHPACEG063234,GWHPACEP059945),GWHPACET064515),GWHPACEX059575),GWHPACES063900),GWHPACEQ059553),GWHPACEU084628)))),GWHPACEJ065701,GWHPACEE063518);
(GWHPACEW063540,((((GWHPACDZ062569,GWHPACDY065470),(GWHPACEU084628,((((GWHPACET064515,GWHPACEP059945),GWHPACEG063234),(GWHPACES063900,GWHPACEX059575)),GWHPACEQ059553))),GWHPACEJ065701),GWHPACEH063802),GWHPACEE063518);
(GWHPACEW063540,((((GWHPACDZ062569,GWHPACDY065470),(GWHPACEU084628,((((GWHPACET064515,GWHPACEP059945),GWHPACEG063234),(GWHPACES063900,GWHPACEX059575)),GWHPACEQ059553))),GWHPACEJ065701),GWHPACEH063802),GWHPACEE063518);
(GWHPACEW063540,((((GWHPACDZ062569,GWHPACDY065470),(GWHPACEU084628,((((GWHPACET064515,GWHPACEP059945),GWHPACEG063234),(GWHPACES063900,GWHPACEX059575)),GWHPACEQ059553))),GWHPACEJ065701),GWHPACEH063802),GWHPACEE063518);
(GWHPACEW063540,((((GWHPACDZ062569,GWHPACDY065470),(GWHPACEU084628,((((GWHPACET064515,GWHPACEP059945),GWHPACEG063234),(GWHPACES063900,GWHPACEX059575)),GWHPACEQ059553))),GWHPACEJ065701),GWHPACEH063802),GWHPACEE063518);
(GWHPACEW063540,((((GWHPACDZ062569,GWHPACDY065470),(GWHPACEU084628,((((GWHPACET064515,GWHPACEP059945),GWHPACEG063234),(GWHPACES063900,GWHPACEX059575)),GWHPACEQ059553))),GWHPACEJ065701),GWHPACEH063802),GWHPACEE063518);
(GWHPACEW063540,((((GWHPACDZ062569,GWHPACDY065470),(GWHPACEU084628,((((GWHPACET064515,GWHPACEP059945),GWHPACEG063234),(GWHPACES063900,GWHPACEX059575)),GWHPACEQ059553))),GWHPACEJ065701),GWHPACEH063802),GWHPACEE063518);
(GWHPACEW063540,((((GWHPACDZ062569,GWHPACDY065470),(GWHPACEU084628,((((GWHPACET064515,GWHPACEP059945),GWHPACEG063234),(GWHPACES063900,GWHPACEX059575)),GWHPACEQ059553))),GWHPACEJ065701),GWHPACEH063802),GWHPACEE063518);
(GWHPACEW063540,((((GWHPACDZ062569,GWHPACDY065470),(GWHPACEU084628,((((GWHPACET064515,GWHPACEP059945),GWHPACEG063234),(GWHPACES063900,GWHPACEX059575)),GWHPACEQ059553))),GWHPACEJ065701),GWHPACEH063802),GWHPACEE063518);
(GWHPACEW063540,((((GWHPACDZ062569,GWHPACDY065470),(GWHPACEU084628,((((GWHPACET064515,GWHPACEP059945),GWHPACEG063234),(GWHPACES063900,GWHPACEX059575)),GWHPACEQ059553))),GWHPACEJ065701),GWHPACEH063802),GWHPACEE063518);
(GWHPACEW063540,((((GWHPACDZ062569,GWHPACDY065470),(GWHPACEU084628,((((GWHPACET064515,GWHPACEP059945),GWHPACEG063234),(GWHPACES063900,GWHPACEX059575)),GWHPACEQ059553))),GWHPACEJ065701),GWHPACEH063802),GWHPACEE063518);
(GWHPACEH063802,((GWHPACDZ062569,GWHPACDY065470),((((((GWHPACET064515,(GWHPACEG063234,GWHPACEP059945)),GWHPACEX059575),GWHPACES063900),GWHPACEQ059553),GWHPACEU084628),(GWHPACEW063540,GWHPACEJ065701))),GWHPACEE063518);
(GWHPACEH063802,((GWHPACDZ062569,GWHPACDY065470),((((((GWHPACET064515,(GWHPACEG063234,GWHPACEP059945)),GWHPACEX059575),GWHPACES063900),GWHPACEQ059553),GWHPACEU084628),(GWHPACEW063540,GWHPACEJ065701))),GWHPACEE063518);
((GWHPACEH063802,(((GWHPACDZ062569,GWHPACDY065470),((((GWHPACET064515,(GWHPACEG063234,GWHPACEX059575)),(GWHPACEP059945,GWHPACES063900)),GWHPACEQ059553),GWHPACEU084628)),GWHPACEW063540)),GWHPACEJ065701,GWHPACEE063518);
((GWHPACEH063802,(((GWHPACDZ062569,GWHPACDY065470),((((GWHPACET064515,(GWHPACEG063234,GWHPACEX059575)),(GWHPACEP059945,GWHPACES063900)),GWHPACEQ059553),GWHPACEU084628)),GWHPACEW063540)),GWHPACEJ065701,GWHPACEE063518);
((GWHPACEH063802,(((GWHPACDZ062569,GWHPACDY065470),((((GWHPACET064515,(GWHPACEG063234,GWHPACEX059575)),(GWHPACEP059945,GWHPACES063900)),GWHPACEQ059553),GWHPACEU084628)),GWHPACEW063540)),GWHPACEJ065701,GWHPACEE063518);
((GWHPACEH063802,(((GWHPACDZ062569,GWHPACDY065470),((((GWHPACET064515,(GWHPACEG063234,GWHPACEX059575)),(GWHPACEP059945,GWHPACES063900)),GWHPACEQ059553),GWHPACEU084628)),GWHPACEW063540)),GWHPACEJ065701,GWHPACEE063518);
((GWHPACEH063802,(((GWHPACDZ062569,GWHPACDY065470),((((GWHPACET064515,(GWHPACEG063234,GWHPACEX059575)),(GWHPACEP059945,GWHPACES063900)),GWHPACEQ059553),GWHPACEU084628)),GWHPACEW063540)),GWHPACEJ065701,GWHPACEE063518);
((GWHPACEH063802,(((GWHPACDZ062569,GWHPACDY065470),((((GWHPACET064515,(GWHPACEG063234,GWHPACEX059575)),(GWHPACEP059945,GWHPACES063900)),GWHPACEQ059553),GWHPACEU084628)),GWHPACEW063540)),GWHPACEJ065701,GWHPACEE063518);
((GWHPACEH063802,(((GWHPACDZ062569,GWHPACDY065470),((((GWHPACET064515,(GWHPACEG063234,GWHPACEX059575)),(GWHPACEP059945,GWHPACES063900)),GWHPACEQ059553),GWHPACEU084628)),GWHPACEW063540)),GWHPACEJ065701,GWHPACEE063518);
((GWHPACEH063802,(((GWHPACDZ062569,GWHPACDY065470),((((GWHPACET064515,(GWHPACEG063234,GWHPACEX059575)),(GWHPACEP059945,GWHPACES063900)),GWHPACEQ059553),GWHPACEU084628)),GWHPACEW063540)),GWHPACEJ065701,GWHPACEE063518);
((GWHPACEJ065701,GWHPACEW063540),((((GWHPACEU084628,(GWHPACDY065470,GWHPACDZ062569)),(GWHPACEQ059553,GWHPACEX059575)),(((GWHPACEP059945,GWHPACEG063234),GWHPACET064515),GWHPACES063900)),GWHPACEH063802),GWHPACEE063518);
(GWHPACEJ065701,((GWHPACEW063540,((((GWHPACEQ059553,((GWHPACEP059945,((GWHPACEX059575,GWHPACEG063234),GWHPACES063900)),GWHPACET064515)),GWHPACEU084628),GWHPACDZ062569),GWHPACDY065470)),GWHPACEH063802),GWHPACEE063518);
(GWHPACEJ065701,((GWHPACEW063540,((((GWHPACEP059945,(GWHPACEX059575,GWHPACES063900)),(GWHPACET064515,(GWHPACEG063234,GWHPACEQ059553))),GWHPACEU084628),(GWHPACDZ062569,GWHPACDY065470))),GWHPACEH063802),GWHPACEE063518);
(GWHPACEJ065701,((GWHPACEW063540,((((GWHPACEP059945,(GWHPACEX059575,GWHPACES063900)),(GWHPACET064515,(GWHPACEG063234,GWHPACEQ059553))),GWHPACEU084628),(GWHPACDZ062569,GWHPACDY065470))),GWHPACEH063802),GWHPACEE063518);
(GWHPACEJ065701,((GWHPACEW063540,((((GWHPACEP059945,(GWHPACEX059575,GWHPACES063900)),(GWHPACET064515,(GWHPACEG063234,GWHPACEQ059553))),GWHPACEU084628),(GWHPACDZ062569,GWHPACDY065470))),GWHPACEH063802),GWHPACEE063518);
(GWHPACEJ065701,((GWHPACEW063540,((((GWHPACEP059945,(GWHPACEX059575,GWHPACES063900)),(GWHPACET064515,(GWHPACEG063234,GWHPACEQ059553))),GWHPACEU084628),(GWHPACDZ062569,GWHPACDY065470))),GWHPACEH063802),GWHPACEE063518);
(GWHPACEJ065701,((GWHPACEW063540,((((GWHPACEP059945,(GWHPACEX059575,GWHPACES063900)),(GWHPACET064515,(GWHPACEG063234,GWHPACEQ059553))),GWHPACEU084628),(GWHPACDZ062569,GWHPACDY065470))),GWHPACEH063802),GWHPACEE063518);
(GWHPACEJ065701,((GWHPACEW063540,((((GWHPACEP059945,(GWHPACEX059575,GWHPACES063900)),(GWHPACET064515,(GWHPACEG063234,GWHPACEQ059553))),GWHPACEU084628),(GWHPACDZ062569,GWHPACDY065470))),GWHPACEH063802),GWHPACEE063518);
(GWHPACEJ065701,((GWHPACEW063540,((((GWHPACEP059945,(GWHPACEX059575,GWHPACES063900)),(GWHPACET064515,(GWHPACEG063234,GWHPACEQ059553))),GWHPACEU084628),(GWHPACDZ062569,GWHPACDY065470))),GWHPACEH063802),GWHPACEE063518);
(GWHPACEJ065701,((GWHPACEW063540,((((GWHPACEP059945,(GWHPACEX059575,GWHPACES063900)),(GWHPACET064515,(GWHPACEG063234,GWHPACEQ059553))),GWHPACEU084628),(GWHPACDZ062569,GWHPACDY065470))),GWHPACEH063802),GWHPACEE063518);
((GWHPACEH063802,(GWHPACDY065470,(GWHPACDZ062569,(GWHPACEU084628,(GWHPACEP059945,(GWHPACEX059575,(GWHPACET064515,(GWHPACEG063234,(GWHPACES063900,GWHPACEQ059553))))))))),(GWHPACEJ065701,GWHPACEW063540),GWHPACEE063518);
(((GWHPACEU084628,(((GWHPACEX059575,((GWHPACET064515,GWHPACES063900),GWHPACEP059945)),GWHPACEG063234),GWHPACEQ059553)),(GWHPACDY065470,GWHPACDZ062569)),((GWHPACEJ065701,GWHPACEW063540),GWHPACEH063802),GWHPACEE063518);
(((GWHPACEU084628,(((GWHPACEX059575,((GWHPACET064515,GWHPACES063900),GWHPACEP059945)),GWHPACEG063234),GWHPACEQ059553)),(GWHPACDY065470,GWHPACDZ062569)),((GWHPACEJ065701,GWHPACEW063540),GWHPACEH063802),GWHPACEE063518);
(((GWHPACEU084628,(((GWHPACEX059575,((GWHPACET064515,GWHPACES063900),GWHPACEP059945)),GWHPACEG063234),GWHPACEQ059553)),(GWHPACDY065470,GWHPACDZ062569)),((GWHPACEJ065701,GWHPACEW063540),GWHPACEH063802),GWHPACEE063518);
(((GWHPACEU084628,(((GWHPACEX059575,((GWHPACET064515,GWHPACES063900),GWHPACEP059945)),GWHPACEG063234),GWHPACEQ059553)),(GWHPACDY065470,GWHPACDZ062569)),((GWHPACEJ065701,GWHPACEW063540),GWHPACEH063802),GWHPACEE063518);
(((GWHPACEU084628,(((GWHPACEX059575,((GWHPACET064515,GWHPACES063900),GWHPACEP059945)),GWHPACEG063234),GWHPACEQ059553)),(GWHPACDY065470,GWHPACDZ062569)),((GWHPACEJ065701,GWHPACEW063540),GWHPACEH063802),GWHPACEE063518);
(((GWHPACEU084628,(((GWHPACEX059575,((GWHPACET064515,GWHPACES063900),GWHPACEP059945)),GWHPACEG063234),GWHPACEQ059553)),(GWHPACDY065470,GWHPACDZ062569)),((GWHPACEJ065701,GWHPACEW063540),GWHPACEH063802),GWHPACEE063518);
(((GWHPACEU084628,(((GWHPACEX059575,((GWHPACET064515,GWHPACES063900),GWHPACEP059945)),GWHPACEG063234),GWHPACEQ059553)),(GWHPACDY065470,GWHPACDZ062569)),((GWHPACEJ065701,GWHPACEW063540),GWHPACEH063802),GWHPACEE063518);
(((GWHPACEU084628,(((GWHPACEX059575,((GWHPACET064515,GWHPACES063900),GWHPACEP059945)),GWHPACEG063234),GWHPACEQ059553)),(GWHPACDY065470,GWHPACDZ062569)),((GWHPACEJ065701,GWHPACEW063540),GWHPACEH063802),GWHPACEE063518);
(((GWHPACEU084628,(((GWHPACEX059575,((GWHPACET064515,GWHPACES063900),GWHPACEP059945)),GWHPACEG063234),GWHPACEQ059553)),(GWHPACDY065470,GWHPACDZ062569)),((GWHPACEJ065701,GWHPACEW063540),GWHPACEH063802),GWHPACEE063518);
((GWHPACEJ065701,(((((GWHPACET064515,GWHPACES063900),GWHPACEQ059553),((GWHPACEP059945,GWHPACEG063234),GWHPACEX059575)),GWHPACEU084628),(GWHPACDZ062569,GWHPACDY065470))),(GWHPACEW063540,GWHPACEH063802),GWHPACEE063518);
((GWHPACEJ065701,(((((GWHPACET064515,GWHPACES063900),GWHPACEQ059553),((GWHPACEP059945,GWHPACEG063234),GWHPACEX059575)),GWHPACEU084628),(GWHPACDZ062569,GWHPACDY065470))),(GWHPACEW063540,GWHPACEH063802),GWHPACEE063518);
((GWHPACEJ065701,(((((GWHPACET064515,GWHPACES063900),GWHPACEQ059553),((GWHPACEP059945,GWHPACEG063234),GWHPACEX059575)),GWHPACEU084628),(GWHPACDZ062569,GWHPACDY065470))),(GWHPACEW063540,GWHPACEH063802),GWHPACEE063518);
((GWHPACEJ065701,(((((GWHPACET064515,GWHPACES063900),GWHPACEQ059553),((GWHPACEP059945,GWHPACEG063234),GWHPACEX059575)),GWHPACEU084628),(GWHPACDZ062569,GWHPACDY065470))),(GWHPACEW063540,GWHPACEH063802),GWHPACEE063518);
((GWHPACEJ065701,(((((GWHPACET064515,GWHPACES063900),GWHPACEQ059553),((GWHPACEP059945,GWHPACEG063234),GWHPACEX059575)),GWHPACEU084628),(GWHPACDZ062569,GWHPACDY065470))),(GWHPACEW063540,GWHPACEH063802),GWHPACEE063518);
((GWHPACEJ065701,(((((GWHPACET064515,GWHPACES063900),GWHPACEQ059553),((GWHPACEP059945,GWHPACEG063234),GWHPACEX059575)),GWHPACEU084628),(GWHPACDZ062569,GWHPACDY065470))),(GWHPACEW063540,GWHPACEH063802),GWHPACEE063518);
((GWHPACEJ065701,(((((GWHPACET064515,GWHPACES063900),GWHPACEQ059553),((GWHPACEP059945,GWHPACEG063234),GWHPACEX059575)),GWHPACEU084628),(GWHPACDZ062569,GWHPACDY065470))),(GWHPACEW063540,GWHPACEH063802),GWHPACEE063518);
((GWHPACEJ065701,(((((GWHPACET064515,GWHPACES063900),GWHPACEQ059553),((GWHPACEP059945,GWHPACEG063234),GWHPACEX059575)),GWHPACEU084628),(GWHPACDZ062569,GWHPACDY065470))),(GWHPACEW063540,GWHPACEH063802),GWHPACEE063518);
((GWHPACEJ065701,(((((GWHPACET064515,GWHPACES063900),GWHPACEQ059553),((GWHPACEP059945,GWHPACEG063234),GWHPACEX059575)),GWHPACEU084628),(GWHPACDZ062569,GWHPACDY065470))),(GWHPACEW063540,GWHPACEH063802),GWHPACEE063518);
((GWHPACEJ065701,(((((GWHPACET064515,GWHPACES063900),GWHPACEQ059553),((GWHPACEP059945,GWHPACEG063234),GWHPACEX059575)),GWHPACEU084628),(GWHPACDZ062569,GWHPACDY065470))),(GWHPACEW063540,GWHPACEH063802),GWHPACEE063518);
(GWHPACEJ065701,((GWHPACEW063540,((GWHPACDY065470,GWHPACDZ062569),(GWHPACEU084628,(((GWHPACEG063234,GWHPACEX059575),((GWHPACES063900,GWHPACEP059945),GWHPACET064515)),GWHPACEQ059553)))),GWHPACEH063802),GWHPACEE063518);
(GWHPACEJ065701,((GWHPACEW063540,((GWHPACDY065470,GWHPACDZ062569),(GWHPACEU084628,(((GWHPACEG063234,GWHPACEX059575),((GWHPACES063900,GWHPACEP059945),GWHPACET064515)),GWHPACEQ059553)))),GWHPACEH063802),GWHPACEE063518);
(GWHPACEH063802,(GWHPACDY065470,((GWHPACEJ065701,(GWHPACEU084628,(GWHPACDZ062569,(((GWHPACEX059575,((GWHPACEG063234,GWHPACES063900),GWHPACET064515)),GWHPACEP059945),GWHPACEQ059553)))),GWHPACEW063540)),GWHPACEE063518);
(((GWHPACEU084628,(GWHPACEQ059553,((GWHPACEX059575,GWHPACEG063234),((GWHPACEP059945,GWHPACES063900),GWHPACET064515)))),(GWHPACDZ062569,GWHPACDY065470)),(GWHPACEJ065701,(GWHPACEW063540,GWHPACEH063802)),GWHPACEE063518);
(((GWHPACEU084628,(GWHPACEQ059553,((GWHPACEX059575,GWHPACEG063234),((GWHPACEP059945,GWHPACES063900),GWHPACET064515)))),(GWHPACDZ062569,GWHPACDY065470)),(GWHPACEJ065701,(GWHPACEW063540,GWHPACEH063802)),GWHPACEE063518);
(((GWHPACEU084628,(GWHPACEQ059553,((GWHPACEX059575,GWHPACEG063234),((GWHPACEP059945,GWHPACES063900),GWHPACET064515)))),(GWHPACDZ062569,GWHPACDY065470)),(GWHPACEJ065701,(GWHPACEW063540,GWHPACEH063802)),GWHPACEE063518);
(((GWHPACEU084628,(GWHPACEQ059553,((GWHPACEX059575,GWHPACEG063234),((GWHPACEP059945,GWHPACES063900),GWHPACET064515)))),(GWHPACDZ062569,GWHPACDY065470)),(GWHPACEJ065701,(GWHPACEW063540,GWHPACEH063802)),GWHPACEE063518);
(((GWHPACEU084628,(GWHPACEQ059553,((GWHPACEX059575,GWHPACEG063234),((GWHPACEP059945,GWHPACES063900),GWHPACET064515)))),(GWHPACDZ062569,GWHPACDY065470)),(GWHPACEJ065701,(GWHPACEW063540,GWHPACEH063802)),GWHPACEE063518);
(((GWHPACEU084628,(GWHPACEQ059553,((GWHPACEX059575,GWHPACEG063234),((GWHPACEP059945,GWHPACES063900),GWHPACET064515)))),(GWHPACDZ062569,GWHPACDY065470)),(GWHPACEJ065701,(GWHPACEW063540,GWHPACEH063802)),GWHPACEE063518);
(((GWHPACEU084628,(GWHPACEQ059553,((GWHPACEX059575,GWHPACEG063234),((GWHPACEP059945,GWHPACES063900),GWHPACET064515)))),(GWHPACDZ062569,GWHPACDY065470)),(GWHPACEJ065701,(GWHPACEW063540,GWHPACEH063802)),GWHPACEE063518);
