(W05_GLYSO_06G015930_1_P,((GWHPACDY024687,(W05_GLYSO_06G015914_1_P,((GWHPACEV022447,(GWHPACEL023140,GWHPACEA024576)),((GWHPACEX022760,(GWHPACEI024916,GWHPACEF022449)),((GWHPACER022372,GWHPACEJ086416),(GWHPACED023130,GWHPACEK021869)))))),GLYMA_ZH13_06G246800_1_P),GWHPACDY024696);
(W05_GLYSO_06G015930_1_P,((GWHPACDY024687,(W05_GLYSO_06G015914_1_P,((GWHPACEV022447,(GWHPACEL023140,GWHPACEA024576)),((GWHPACEX022760,(GWHPACEI024916,GWHPACEF022449)),((GWHPACER022372,GWHPACEJ086416),(GWHPACED023130,GWHPACEK021869)))))),GLYMA_ZH13_06G246800_1_P),GWHPACDY024696);
((GWHPACDY024687,(((GWHPACEV022447,(GWHPACEL023140,GWHPACEA024576)),((((GWHPACEX022760,(GWHPACEI024916,GWHPACEF022449)),GWHPACER022372),GWHPACEJ086416),(GWHPACED023130,GWHPACEK021869))),W05_GLYSO_06G015914_1_P)),(GLYMA_ZH13_06G246800_1_P,W05_GLYSO_06G015930_1_P),GWHPACDY024696);
(W05_GLYSO_06G015930_1_P,((GWHPACDY024687,((((GWHPACEX022760,(GWHPACEI024916,GWHPACEF022449)),(GWHPACER022372,(GWHPACEJ086416,(GWHPACED023130,GWHPACEK021869)))),(GWHPACEV022447,(GWHPACEL023140,GWHPACEA024576))),W05_GLYSO_06G015914_1_P)),GLYMA_ZH13_06G246800_1_P),GWHPACDY024696);
(W05_GLYSO_06G015930_1_P,((GWHPACDY024687,((((GWHPACEX022760,(GWHPACEI024916,GWHPACEF022449)),(GWHPACER022372,(GWHPACEJ086416,(GWHPACED023130,GWHPACEK021869)))),(GWHPACEV022447,(GWHPACEL023140,GWHPACEA024576))),W05_GLYSO_06G015914_1_P)),GLYMA_ZH13_06G246800_1_P),GWHPACDY024696);
(W05_GLYSO_06G015930_1_P,((GWHPACDY024687,((((GWHPACEX022760,(GWHPACEI024916,GWHPACEF022449)),(GWHPACER022372,(GWHPACEJ086416,(GWHPACED023130,GWHPACEK021869)))),(GWHPACEV022447,(GWHPACEL023140,GWHPACEA024576))),W05_GLYSO_06G015914_1_P)),GLYMA_ZH13_06G246800_1_P),GWHPACDY024696);
((GWHPACDY024687,(((((GWHPACED023130,(GWHPACEI024916,(GWHPACEF022449,GWHPACEX022760))),(GWHPACER022372,(GWHPACEJ086416,GWHPACEK021869))),GWHPACEL023140),(GWHPACEV022447,GWHPACEA024576)),W05_GLYSO_06G015914_1_P)),(GLYMA_ZH13_06G246800_1_P,W05_GLYSO_06G015930_1_P),GWHPACDY024696);
(((GLYMA_ZH13_06G246800_1_P,GWHPACDY024687),(W05_GLYSO_06G015914_1_P,((GWHPACED023130,(GWHPACER022372,(((GWHPACEI024916,(GWHPACEF022449,GWHPACEX022760)),GWHPACEJ086416),GWHPACEK021869))),(GWHPACEV022447,(GWHPACEA024576,GWHPACEL023140))))),W05_GLYSO_06G015930_1_P,GWHPACDY024696);
(W05_GLYSO_06G015930_1_P,((GWHPACDY024687,(((W05_GLYSO_06G015914_1_P,(GWHPACED023130,((((GWHPACEI024916,(GWHPACEF022449,GWHPACEX022760)),GWHPACEJ086416),GWHPACEK021869),GWHPACER022372))),(GWHPACEV022447,GWHPACEA024576)),GWHPACEL023140)),GLYMA_ZH13_06G246800_1_P),GWHPACDY024696);
(W05_GLYSO_06G015930_1_P,((GWHPACDY024687,(((W05_GLYSO_06G015914_1_P,(GWHPACED023130,((((GWHPACEI024916,(GWHPACEF022449,GWHPACEX022760)),GWHPACEJ086416),GWHPACEK021869),GWHPACER022372))),(GWHPACEV022447,GWHPACEA024576)),GWHPACEL023140)),GLYMA_ZH13_06G246800_1_P),GWHPACDY024696);
((GLYMA_ZH13_06G246800_1_P,W05_GLYSO_06G015930_1_P),(GWHPACDY024687,(W05_GLYSO_06G015914_1_P,(((((((((GWHPACED023130,GWHPACEA024576),GWHPACEK021869),GWHPACEX022760),GWHPACEI024916),GWHPACER022372),GWHPACEF022449),GWHPACEV022447),GWHPACEJ086416),GWHPACEL023140))),GWHPACDY024696);
((GLYMA_ZH13_06G246800_1_P,W05_GLYSO_06G015930_1_P),(GWHPACDY024687,(W05_GLYSO_06G015914_1_P,(((((((((GWHPACED023130,GWHPACEA024576),GWHPACEK021869),GWHPACEX022760),GWHPACEI024916),GWHPACER022372),GWHPACEF022449),GWHPACEV022447),GWHPACEJ086416),GWHPACEL023140))),GWHPACDY024696);
(GLYMA_ZH13_06G246800_1_P,(W05_GLYSO_06G015930_1_P,(GWHPACDY024687,(((GWHPACEV022447,(GWHPACEL023140,GWHPACEA024576)),((GWHPACEK021869,(GWHPACEX022760,((GWHPACEI024916,GWHPACER022372),(GWHPACEF022449,GWHPACEJ086416)))),GWHPACED023130)),W05_GLYSO_06G015914_1_P))),GWHPACDY024696);
(GLYMA_ZH13_06G246800_1_P,(W05_GLYSO_06G015930_1_P,(GWHPACDY024687,(((GWHPACEV022447,(GWHPACEL023140,GWHPACEA024576)),((GWHPACEK021869,(GWHPACEX022760,((GWHPACEI024916,GWHPACER022372),(GWHPACEF022449,GWHPACEJ086416)))),GWHPACED023130)),W05_GLYSO_06G015914_1_P))),GWHPACDY024696);
(GLYMA_ZH13_06G246800_1_P,(W05_GLYSO_06G015930_1_P,(GWHPACDY024687,(((GWHPACEV022447,(GWHPACEL023140,GWHPACEA024576)),((GWHPACEK021869,(GWHPACEX022760,((GWHPACEI024916,GWHPACER022372),(GWHPACEF022449,GWHPACEJ086416)))),GWHPACED023130)),W05_GLYSO_06G015914_1_P))),GWHPACDY024696);
(GLYMA_ZH13_06G246800_1_P,(W05_GLYSO_06G015930_1_P,(GWHPACDY024687,(((GWHPACEV022447,(GWHPACEL023140,GWHPACEA024576)),((GWHPACEK021869,(GWHPACEX022760,((GWHPACEI024916,GWHPACER022372),(GWHPACEF022449,GWHPACEJ086416)))),GWHPACED023130)),W05_GLYSO_06G015914_1_P))),GWHPACDY024696);
(GLYMA_ZH13_06G246800_1_P,(W05_GLYSO_06G015930_1_P,(GWHPACDY024687,(((GWHPACEV022447,(GWHPACEL023140,GWHPACEA024576)),((GWHPACEK021869,(GWHPACEX022760,((GWHPACEI024916,GWHPACER022372),(GWHPACEF022449,GWHPACEJ086416)))),GWHPACED023130)),W05_GLYSO_06G015914_1_P))),GWHPACDY024696);
((((GWHPACEV022447,(GWHPACEL023140,GWHPACEA024576)),(((GWHPACEK021869,(GWHPACEX022760,(GWHPACEI024916,GWHPACER022372))),(GWHPACEF022449,GWHPACEJ086416)),GWHPACED023130)),(W05_GLYSO_06G015914_1_P,GWHPACDY024687)),(GLYMA_ZH13_06G246800_1_P,W05_GLYSO_06G015930_1_P),GWHPACDY024696);
(W05_GLYSO_06G015930_1_P,(((((GWHPACEV022447,(GWHPACEL023140,((GWHPACEK021869,(GWHPACEX022760,(GWHPACEI024916,GWHPACER022372))),((GWHPACED023130,GWHPACEF022449),GWHPACEJ086416)))),W05_GLYSO_06G015914_1_P),GWHPACEA024576),GWHPACDY024687),GLYMA_ZH13_06G246800_1_P),GWHPACDY024696);
(GLYMA_ZH13_06G246800_1_P,(W05_GLYSO_06G015930_1_P,(((GWHPACEV022447,(GWHPACEL023140,(GWHPACEK021869,((GWHPACEX022760,(GWHPACEI024916,GWHPACER022372)),((GWHPACED023130,GWHPACEF022449),GWHPACEJ086416))))),(GWHPACDY024687,W05_GLYSO_06G015914_1_P)),GWHPACEA024576)),GWHPACDY024696);
(GLYMA_ZH13_06G246800_1_P,(W05_GLYSO_06G015930_1_P,((W05_GLYSO_06G015914_1_P,(GWHPACER022372,(GWHPACED023130,(GWHPACEJ086416,(GWHPACEA024576,(GWHPACEF022449,(GWHPACEV022447,(GWHPACEK021869,(GWHPACEI024916,(GWHPACEX022760,GWHPACEL023140)))))))))),GWHPACDY024687)),GWHPACDY024696);
(W05_GLYSO_06G015930_1_P,(((((GWHPACEV022447,(GWHPACEL023140,GWHPACEA024576)),((GWHPACED023130,(((GWHPACEJ086416,GWHPACER022372),GWHPACEK021869),(GWHPACEI024916,GWHPACEX022760))),GWHPACEF022449)),W05_GLYSO_06G015914_1_P),GWHPACDY024687),GLYMA_ZH13_06G246800_1_P),GWHPACDY024696);
(((((GWHPACEV022447,(GWHPACEL023140,GWHPACEA024576)),((GWHPACED023130,(((GWHPACEJ086416,GWHPACER022372),GWHPACEK021869),GWHPACEF022449)),(GWHPACEI024916,GWHPACEX022760))),W05_GLYSO_06G015914_1_P),GWHPACDY024687),(GLYMA_ZH13_06G246800_1_P,W05_GLYSO_06G015930_1_P),GWHPACDY024696);
(W05_GLYSO_06G015930_1_P,((((GWHPACEV022447,(GWHPACEL023140,GWHPACEA024576)),(GWHPACED023130,(((GWHPACEI024916,GWHPACEX022760),((GWHPACEJ086416,GWHPACER022372),GWHPACEK021869)),GWHPACEF022449))),(W05_GLYSO_06G015914_1_P,GWHPACDY024687)),GLYMA_ZH13_06G246800_1_P),GWHPACDY024696);
(W05_GLYSO_06G015930_1_P,((GWHPACDY024687,(((GWHPACED023130,(((GWHPACEI024916,GWHPACEX022760),GWHPACEK021869),((GWHPACEJ086416,GWHPACER022372),GWHPACEF022449))),(GWHPACEV022447,(GWHPACEL023140,GWHPACEA024576))),W05_GLYSO_06G015914_1_P)),GLYMA_ZH13_06G246800_1_P),GWHPACDY024696);
((GWHPACDY024687,((((GWHPACED023130,(((GWHPACEI024916,GWHPACEX022760),GWHPACEK021869),GWHPACEF022449)),(GWHPACEJ086416,GWHPACER022372)),(GWHPACEV022447,(GWHPACEL023140,GWHPACEA024576))),W05_GLYSO_06G015914_1_P)),(GLYMA_ZH13_06G246800_1_P,W05_GLYSO_06G015930_1_P),GWHPACDY024696);
(W05_GLYSO_06G015930_1_P,((GWHPACDY024687,(((GWHPACEV022447,(GWHPACEL023140,GWHPACEA024576)),(GWHPACED023130,(((GWHPACEJ086416,GWHPACER022372),((GWHPACEI024916,GWHPACEX022760),GWHPACEK021869)),GWHPACEF022449))),W05_GLYSO_06G015914_1_P)),GLYMA_ZH13_06G246800_1_P),GWHPACDY024696);
(W05_GLYSO_06G015930_1_P,((((GWHPACEV022447,(GWHPACEL023140,GWHPACEA024576)),((((GWHPACED023130,((GWHPACEJ086416,GWHPACER022372),GWHPACEI024916)),GWHPACEX022760),GWHPACEK021869),GWHPACEF022449)),(W05_GLYSO_06G015914_1_P,GWHPACDY024687)),GLYMA_ZH13_06G246800_1_P),GWHPACDY024696);
(W05_GLYSO_06G015930_1_P,((((GWHPACEV022447,(GWHPACEL023140,GWHPACEA024576)),((((GWHPACED023130,((GWHPACEJ086416,GWHPACER022372),GWHPACEI024916)),GWHPACEX022760),GWHPACEK021869),GWHPACEF022449)),(W05_GLYSO_06G015914_1_P,GWHPACDY024687)),GLYMA_ZH13_06G246800_1_P),GWHPACDY024696);
(W05_GLYSO_06G015930_1_P,((GWHPACDY024687,(((GWHPACEV022447,(GWHPACEL023140,GWHPACEA024576)),(((GWHPACER022372,GWHPACEI024916),((GWHPACED023130,GWHPACEJ086416),(GWHPACEX022760,GWHPACEK021869))),GWHPACEF022449)),W05_GLYSO_06G015914_1_P)),GLYMA_ZH13_06G246800_1_P),GWHPACDY024696);
(W05_GLYSO_06G015930_1_P,(GLYMA_ZH13_06G246800_1_P,(GWHPACDY024687,((GWHPACEA024576,W05_GLYSO_06G015914_1_P),(GWHPACEV022447,((((GWHPACED023130,((GWHPACEF022449,GWHPACEX022760),GWHPACEK021869)),(GWHPACEI024916,GWHPACEJ086416)),GWHPACER022372),GWHPACEL023140))))),GWHPACDY024696);
(W05_GLYSO_06G015930_1_P,(GLYMA_ZH13_06G246800_1_P,(GWHPACDY024687,(W05_GLYSO_06G015914_1_P,(((GWHPACED023130,((GWHPACEF022449,GWHPACEX022760),((GWHPACEK021869,GWHPACEI024916),GWHPACEJ086416))),GWHPACER022372),(GWHPACEV022447,(GWHPACEL023140,GWHPACEA024576)))))),GWHPACDY024696);
(W05_GLYSO_06G015930_1_P,(GLYMA_ZH13_06G246800_1_P,(GWHPACDY024687,(W05_GLYSO_06G015914_1_P,(((GWHPACED023130,((GWHPACEF022449,GWHPACEX022760),((GWHPACEK021869,GWHPACEI024916),GWHPACEJ086416))),GWHPACER022372),(GWHPACEV022447,(GWHPACEL023140,GWHPACEA024576)))))),GWHPACDY024696);
(W05_GLYSO_06G015930_1_P,(GLYMA_ZH13_06G246800_1_P,(GWHPACDY024687,(W05_GLYSO_06G015914_1_P,(((GWHPACED023130,((GWHPACEF022449,GWHPACEX022760),((GWHPACEK021869,GWHPACEI024916),GWHPACEJ086416))),GWHPACER022372),(GWHPACEV022447,(GWHPACEL023140,GWHPACEA024576)))))),GWHPACDY024696);
(W05_GLYSO_06G015930_1_P,(GLYMA_ZH13_06G246800_1_P,(GWHPACDY024687,(W05_GLYSO_06G015914_1_P,(((GWHPACED023130,((GWHPACEF022449,GWHPACEX022760),((GWHPACEK021869,GWHPACEI024916),GWHPACEJ086416))),GWHPACER022372),(GWHPACEV022447,(GWHPACEL023140,GWHPACEA024576)))))),GWHPACDY024696);
(W05_GLYSO_06G015930_1_P,(GLYMA_ZH13_06G246800_1_P,(GWHPACDY024687,(W05_GLYSO_06G015914_1_P,(((GWHPACED023130,((GWHPACEF022449,GWHPACEX022760),((GWHPACEK021869,GWHPACEI024916),GWHPACEJ086416))),GWHPACER022372),(GWHPACEV022447,(GWHPACEL023140,GWHPACEA024576)))))),GWHPACDY024696);
(GLYMA_ZH13_06G246800_1_P,((GWHPACDY024687,(W05_GLYSO_06G015914_1_P,((GWHPACEL023140,(((GWHPACED023130,GWHPACEF022449),GWHPACEX022760),(((GWHPACEK021869,GWHPACEI024916),GWHPACEJ086416),GWHPACER022372))),(GWHPACEV022447,GWHPACEA024576)))),W05_GLYSO_06G015930_1_P),GWHPACDY024696);
((GWHPACDY024687,(W05_GLYSO_06G015914_1_P,(((GWHPACED023130,(GWHPACEF022449,GWHPACEX022760)),(((GWHPACEK021869,GWHPACEI024916),GWHPACEJ086416),GWHPACER022372)),(GWHPACEV022447,(GWHPACEL023140,GWHPACEA024576))))),(W05_GLYSO_06G015930_1_P,GLYMA_ZH13_06G246800_1_P),GWHPACDY024696);
((GWHPACDY024687,(W05_GLYSO_06G015914_1_P,(((GWHPACED023130,(GWHPACEF022449,GWHPACEX022760)),(((GWHPACEK021869,GWHPACEI024916),GWHPACEJ086416),GWHPACER022372)),(GWHPACEV022447,(GWHPACEL023140,GWHPACEA024576))))),(W05_GLYSO_06G015930_1_P,GLYMA_ZH13_06G246800_1_P),GWHPACDY024696);
((GWHPACDY024687,(W05_GLYSO_06G015914_1_P,(((GWHPACED023130,(GWHPACEF022449,GWHPACEX022760)),(((GWHPACEK021869,GWHPACEI024916),GWHPACEJ086416),GWHPACER022372)),(GWHPACEV022447,(GWHPACEL023140,GWHPACEA024576))))),(W05_GLYSO_06G015930_1_P,GLYMA_ZH13_06G246800_1_P),GWHPACDY024696);
((GWHPACDY024687,(W05_GLYSO_06G015914_1_P,((GWHPACEV022447,(GWHPACEA024576,GWHPACEL023140)),((GWHPACER022372,(GWHPACEF022449,GWHPACEK021869)),(((GWHPACEJ086416,GWHPACEI024916),GWHPACEX022760),GWHPACED023130))))),(GLYMA_ZH13_06G246800_1_P,W05_GLYSO_06G015930_1_P),GWHPACDY024696);
((GWHPACDY024687,(W05_GLYSO_06G015914_1_P,((GWHPACEV022447,(GWHPACEA024576,GWHPACEL023140)),((GWHPACER022372,(GWHPACEF022449,GWHPACEK021869)),(((GWHPACEJ086416,GWHPACEI024916),GWHPACEX022760),GWHPACED023130))))),(GLYMA_ZH13_06G246800_1_P,W05_GLYSO_06G015930_1_P),GWHPACDY024696);
(W05_GLYSO_06G015930_1_P,((GWHPACDY024687,((GWHPACEV022447,(GWHPACEL023140,(GWHPACEF022449,(GWHPACEK021869,(((GWHPACER022372,(GWHPACEJ086416,GWHPACEI024916)),GWHPACED023130),GWHPACEX022760))))),(GWHPACEA024576,W05_GLYSO_06G015914_1_P))),GLYMA_ZH13_06G246800_1_P),GWHPACDY024696);
(W05_GLYSO_06G015930_1_P,((GWHPACDY024687,(W05_GLYSO_06G015914_1_P,(((GWHPACEA024576,GWHPACEL023140),(GWHPACEF022449,((GWHPACEK021869,((GWHPACER022372,(GWHPACEJ086416,GWHPACEI024916)),GWHPACEX022760)),GWHPACED023130))),GWHPACEV022447))),GLYMA_ZH13_06G246800_1_P),GWHPACDY024696);
(W05_GLYSO_06G015930_1_P,((GWHPACDY024687,(W05_GLYSO_06G015914_1_P,(((GWHPACEA024576,GWHPACEL023140),(GWHPACEF022449,((GWHPACEK021869,((GWHPACER022372,(GWHPACEJ086416,GWHPACEI024916)),GWHPACEX022760)),GWHPACED023130))),GWHPACEV022447))),GLYMA_ZH13_06G246800_1_P),GWHPACDY024696);
(W05_GLYSO_06G015930_1_P,((GWHPACDY024687,(W05_GLYSO_06G015914_1_P,(((GWHPACEA024576,GWHPACEL023140),(GWHPACEF022449,((GWHPACEK021869,((GWHPACER022372,(GWHPACEJ086416,GWHPACEI024916)),GWHPACEX022760)),GWHPACED023130))),GWHPACEV022447))),GLYMA_ZH13_06G246800_1_P),GWHPACDY024696);
(W05_GLYSO_06G015930_1_P,((GWHPACDY024687,(W05_GLYSO_06G015914_1_P,(((GWHPACEA024576,GWHPACEL023140),(GWHPACEF022449,((GWHPACEK021869,((GWHPACER022372,(GWHPACEJ086416,GWHPACEI024916)),GWHPACEX022760)),GWHPACED023130))),GWHPACEV022447))),GLYMA_ZH13_06G246800_1_P),GWHPACDY024696);
(W05_GLYSO_06G015930_1_P,((GWHPACDY024687,(W05_GLYSO_06G015914_1_P,(((GWHPACEA024576,GWHPACEL023140),(GWHPACEF022449,((GWHPACEK021869,((GWHPACER022372,(GWHPACEJ086416,GWHPACEI024916)),GWHPACEX022760)),GWHPACED023130))),GWHPACEV022447))),GLYMA_ZH13_06G246800_1_P),GWHPACDY024696);
(W05_GLYSO_06G015930_1_P,((GWHPACDY024687,(W05_GLYSO_06G015914_1_P,(((GWHPACEA024576,GWHPACEL023140),(GWHPACEF022449,((GWHPACEK021869,((GWHPACER022372,(GWHPACEJ086416,GWHPACEI024916)),GWHPACEX022760)),GWHPACED023130))),GWHPACEV022447))),GLYMA_ZH13_06G246800_1_P),GWHPACDY024696);
(W05_GLYSO_06G015930_1_P,((GWHPACDY024687,(W05_GLYSO_06G015914_1_P,(((GWHPACEA024576,GWHPACEL023140),(GWHPACEF022449,((GWHPACEK021869,((GWHPACER022372,(GWHPACEJ086416,GWHPACEI024916)),GWHPACEX022760)),GWHPACED023130))),GWHPACEV022447))),GLYMA_ZH13_06G246800_1_P),GWHPACDY024696);
(W05_GLYSO_06G015930_1_P,((((((((((((GWHPACEV022447,GWHPACEX022760),GWHPACER022372),GWHPACEA024576),GWHPACEK021869),GWHPACEF022449),GWHPACED023130),GWHPACEL023140),GWHPACEI024916),GWHPACEJ086416),W05_GLYSO_06G015914_1_P),GWHPACDY024687),GLYMA_ZH13_06G246800_1_P),GWHPACDY024696);
(W05_GLYSO_06G015930_1_P,((((((((((((GWHPACEV022447,GWHPACEX022760),GWHPACER022372),GWHPACEA024576),GWHPACEK021869),GWHPACEF022449),GWHPACED023130),GWHPACEL023140),GWHPACEI024916),GWHPACEJ086416),W05_GLYSO_06G015914_1_P),GWHPACDY024687),GLYMA_ZH13_06G246800_1_P),GWHPACDY024696);
(W05_GLYSO_06G015930_1_P,((((((((((((GWHPACEV022447,GWHPACEX022760),GWHPACER022372),GWHPACEA024576),GWHPACEK021869),GWHPACEF022449),GWHPACED023130),GWHPACEL023140),GWHPACEI024916),GWHPACEJ086416),W05_GLYSO_06G015914_1_P),GWHPACDY024687),GLYMA_ZH13_06G246800_1_P),GWHPACDY024696);
(W05_GLYSO_06G015930_1_P,((((((((((((GWHPACEV022447,GWHPACEX022760),GWHPACER022372),GWHPACEA024576),GWHPACEK021869),GWHPACEF022449),GWHPACED023130),GWHPACEL023140),GWHPACEI024916),GWHPACEJ086416),W05_GLYSO_06G015914_1_P),GWHPACDY024687),GLYMA_ZH13_06G246800_1_P),GWHPACDY024696);
(W05_GLYSO_06G015930_1_P,((((((((((((GWHPACEV022447,GWHPACEX022760),GWHPACER022372),GWHPACEA024576),GWHPACEK021869),GWHPACEF022449),GWHPACED023130),GWHPACEL023140),GWHPACEI024916),GWHPACEJ086416),W05_GLYSO_06G015914_1_P),GWHPACDY024687),GLYMA_ZH13_06G246800_1_P),GWHPACDY024696);
(W05_GLYSO_06G015930_1_P,(((GWHPACEV022447,((((GWHPACEK021869,(GWHPACEF022449,(GWHPACEI024916,GWHPACEJ086416))),((GWHPACED023130,GWHPACEX022760),GWHPACER022372)),(GWHPACDY024687,W05_GLYSO_06G015914_1_P)),GWHPACEL023140)),GWHPACEA024576),GLYMA_ZH13_06G246800_1_P),GWHPACDY024696);
(W05_GLYSO_06G015930_1_P,((GWHPACDY024687,(W05_GLYSO_06G015914_1_P,(((GWHPACEF022449,((GWHPACEI024916,GWHPACEJ086416),GWHPACEK021869)),((GWHPACED023130,GWHPACEX022760),GWHPACER022372)),((GWHPACEA024576,GWHPACEL023140),GWHPACEV022447)))),GLYMA_ZH13_06G246800_1_P),GWHPACDY024696);
((GWHPACDY024687,((((GWHPACEA024576,GWHPACEL023140),GWHPACEV022447),(GWHPACEF022449,(((GWHPACEI024916,GWHPACEJ086416),GWHPACEK021869),((GWHPACED023130,GWHPACEX022760),GWHPACER022372)))),W05_GLYSO_06G015914_1_P)),(GLYMA_ZH13_06G246800_1_P,W05_GLYSO_06G015930_1_P),GWHPACDY024696);
(GLYMA_ZH13_06G246800_1_P,(W05_GLYSO_06G015930_1_P,(((GWHPACEA024576,GWHPACEV022447),(GWHPACEL023140,((GWHPACEI024916,GWHPACEJ086416),((GWHPACEK021869,((GWHPACED023130,GWHPACEX022760),GWHPACER022372)),GWHPACEF022449)))),(W05_GLYSO_06G015914_1_P,GWHPACDY024687))),GWHPACDY024696);
(GLYMA_ZH13_06G246800_1_P,(W05_GLYSO_06G015930_1_P,(((GWHPACEA024576,GWHPACEV022447),(GWHPACEL023140,((GWHPACEI024916,GWHPACEJ086416),((GWHPACEK021869,((GWHPACED023130,GWHPACEX022760),GWHPACER022372)),GWHPACEF022449)))),(W05_GLYSO_06G015914_1_P,GWHPACDY024687))),GWHPACDY024696);
(W05_GLYSO_06G015930_1_P,(GLYMA_ZH13_06G246800_1_P,(GWHPACDY024687,((((GWHPACEV022447,GWHPACEL023140),GWHPACEA024576),(GWHPACER022372,((GWHPACEK021869,(((GWHPACEJ086416,GWHPACEF022449),GWHPACEX022760),GWHPACED023130)),GWHPACEI024916))),W05_GLYSO_06G015914_1_P))),GWHPACDY024696);
(W05_GLYSO_06G015930_1_P,(GLYMA_ZH13_06G246800_1_P,(GWHPACDY024687,((((GWHPACEV022447,GWHPACEL023140),GWHPACEA024576),(GWHPACER022372,((GWHPACEK021869,(((GWHPACEJ086416,GWHPACEF022449),GWHPACEX022760),GWHPACED023130)),GWHPACEI024916))),W05_GLYSO_06G015914_1_P))),GWHPACDY024696);
(W05_GLYSO_06G015930_1_P,(GLYMA_ZH13_06G246800_1_P,(GWHPACDY024687,((((GWHPACEV022447,GWHPACEL023140),GWHPACEA024576),(GWHPACER022372,((GWHPACEK021869,(((GWHPACEJ086416,GWHPACEF022449),GWHPACEX022760),GWHPACED023130)),GWHPACEI024916))),W05_GLYSO_06G015914_1_P))),GWHPACDY024696);
(W05_GLYSO_06G015930_1_P,(GLYMA_ZH13_06G246800_1_P,(GWHPACDY024687,((((GWHPACEV022447,GWHPACEL023140),GWHPACEA024576),(GWHPACER022372,((GWHPACEK021869,(((GWHPACEJ086416,GWHPACEF022449),GWHPACEX022760),GWHPACED023130)),GWHPACEI024916))),W05_GLYSO_06G015914_1_P))),GWHPACDY024696);
(W05_GLYSO_06G015930_1_P,(GLYMA_ZH13_06G246800_1_P,(GWHPACDY024687,((((GWHPACEV022447,GWHPACEL023140),GWHPACEA024576),(GWHPACER022372,((GWHPACEK021869,(((GWHPACEJ086416,GWHPACEF022449),GWHPACEX022760),GWHPACED023130)),GWHPACEI024916))),W05_GLYSO_06G015914_1_P))),GWHPACDY024696);
((GWHPACDY024687,(((GWHPACER022372,(((GWHPACED023130,GWHPACEJ086416),GWHPACEF022449),(GWHPACEX022760,(GWHPACEI024916,GWHPACEK021869)))),(GWHPACEV022447,(GWHPACEL023140,GWHPACEA024576))),W05_GLYSO_06G015914_1_P)),(W05_GLYSO_06G015930_1_P,GLYMA_ZH13_06G246800_1_P),GWHPACDY024696);
((GWHPACDY024687,(((GWHPACER022372,(((GWHPACED023130,GWHPACEJ086416),GWHPACEF022449),(GWHPACEX022760,(GWHPACEI024916,GWHPACEK021869)))),(GWHPACEV022447,(GWHPACEL023140,GWHPACEA024576))),W05_GLYSO_06G015914_1_P)),(W05_GLYSO_06G015930_1_P,GLYMA_ZH13_06G246800_1_P),GWHPACDY024696);
(W05_GLYSO_06G015930_1_P,(GLYMA_ZH13_06G246800_1_P,(GWHPACDY024687,((((GWHPACEV022447,GWHPACEL023140),(((GWHPACER022372,GWHPACEJ086416),GWHPACED023130),((GWHPACEX022760,(GWHPACEI024916,GWHPACEK021869)),GWHPACEF022449))),GWHPACEA024576),W05_GLYSO_06G015914_1_P))),GWHPACDY024696);
(W05_GLYSO_06G015930_1_P,(GLYMA_ZH13_06G246800_1_P,(GWHPACDY024687,((((GWHPACEV022447,GWHPACEL023140),(((GWHPACER022372,GWHPACEJ086416),GWHPACED023130),((GWHPACEX022760,(GWHPACEI024916,GWHPACEK021869)),GWHPACEF022449))),GWHPACEA024576),W05_GLYSO_06G015914_1_P))),GWHPACDY024696);
(W05_GLYSO_06G015930_1_P,(GLYMA_ZH13_06G246800_1_P,(((GWHPACEV022447,(GWHPACEA024576,GWHPACEL023140)),(GWHPACER022372,(GWHPACEJ086416,(GWHPACED023130,((GWHPACEX022760,(GWHPACEI024916,GWHPACEK021869)),GWHPACEF022449))))),(W05_GLYSO_06G015914_1_P,GWHPACDY024687))),GWHPACDY024696);
((W05_GLYSO_06G015930_1_P,(GWHPACDY024687,(W05_GLYSO_06G015914_1_P,(GWHPACEF022449,(GWHPACER022372,(GWHPACEV022447,(GWHPACEI024916,(GWHPACEX022760,(GWHPACEJ086416,(GWHPACED023130,(GWHPACEA024576,(GWHPACEK021869,GWHPACEL023140)))))))))))),GLYMA_ZH13_06G246800_1_P,GWHPACDY024696);
((W05_GLYSO_06G015930_1_P,(GWHPACDY024687,(W05_GLYSO_06G015914_1_P,(GWHPACEF022449,(GWHPACER022372,(GWHPACEV022447,(GWHPACEI024916,(GWHPACEX022760,(GWHPACEJ086416,(GWHPACED023130,(GWHPACEA024576,(GWHPACEK021869,GWHPACEL023140)))))))))))),GLYMA_ZH13_06G246800_1_P,GWHPACDY024696);
((W05_GLYSO_06G015930_1_P,(GWHPACDY024687,(W05_GLYSO_06G015914_1_P,(GWHPACEF022449,(GWHPACER022372,(GWHPACEV022447,(GWHPACEI024916,(GWHPACEX022760,(GWHPACEJ086416,(GWHPACED023130,(GWHPACEA024576,(GWHPACEK021869,GWHPACEL023140)))))))))))),GLYMA_ZH13_06G246800_1_P,GWHPACDY024696);
((W05_GLYSO_06G015930_1_P,(GWHPACDY024687,(W05_GLYSO_06G015914_1_P,(GWHPACEF022449,(GWHPACER022372,(GWHPACEV022447,(GWHPACEI024916,(GWHPACEX022760,(GWHPACEJ086416,(GWHPACED023130,(GWHPACEA024576,(GWHPACEK021869,GWHPACEL023140)))))))))))),GLYMA_ZH13_06G246800_1_P,GWHPACDY024696);
((GWHPACDY024687,(W05_GLYSO_06G015914_1_P,((GWHPACEV022447,GWHPACEA024576),(GWHPACEL023140,((((GWHPACED023130,GWHPACEK021869),GWHPACEF022449),GWHPACER022372),(GWHPACEI024916,(GWHPACEX022760,GWHPACEJ086416))))))),(GLYMA_ZH13_06G246800_1_P,W05_GLYSO_06G015930_1_P),GWHPACDY024696);
((GWHPACDY024687,(W05_GLYSO_06G015914_1_P,((GWHPACEV022447,GWHPACEA024576),(GWHPACEL023140,((((GWHPACED023130,GWHPACEK021869),GWHPACEF022449),GWHPACER022372),(GWHPACEI024916,(GWHPACEX022760,GWHPACEJ086416))))))),(GLYMA_ZH13_06G246800_1_P,W05_GLYSO_06G015930_1_P),GWHPACDY024696);
((GWHPACDY024687,(W05_GLYSO_06G015914_1_P,((GWHPACEV022447,GWHPACEA024576),(GWHPACEL023140,((((GWHPACED023130,GWHPACEK021869),GWHPACEF022449),GWHPACER022372),(GWHPACEI024916,(GWHPACEX022760,GWHPACEJ086416))))))),(GLYMA_ZH13_06G246800_1_P,W05_GLYSO_06G015930_1_P),GWHPACDY024696);
((GWHPACDY024687,(W05_GLYSO_06G015914_1_P,((GWHPACEV022447,GWHPACEA024576),(GWHPACEL023140,((((GWHPACED023130,GWHPACEK021869),GWHPACEF022449),GWHPACER022372),(GWHPACEI024916,(GWHPACEX022760,GWHPACEJ086416))))))),(GLYMA_ZH13_06G246800_1_P,W05_GLYSO_06G015930_1_P),GWHPACDY024696);
(W05_GLYSO_06G015930_1_P,((GWHPACDY024687,(W05_GLYSO_06G015914_1_P,(((((GWHPACED023130,GWHPACEK021869),GWHPACEF022449),(GWHPACER022372,(GWHPACEI024916,(GWHPACEX022760,GWHPACEJ086416)))),GWHPACEL023140),(GWHPACEV022447,GWHPACEA024576)))),GLYMA_ZH13_06G246800_1_P),GWHPACDY024696);
(W05_GLYSO_06G015930_1_P,((GWHPACDY024687,(W05_GLYSO_06G015914_1_P,(((((GWHPACED023130,GWHPACEK021869),GWHPACEF022449),(GWHPACER022372,(GWHPACEI024916,(GWHPACEX022760,GWHPACEJ086416)))),GWHPACEL023140),(GWHPACEV022447,GWHPACEA024576)))),GLYMA_ZH13_06G246800_1_P),GWHPACDY024696);
((((W05_GLYSO_06G015914_1_P,(((((((((GWHPACEV022447,GWHPACEX022760),GWHPACEJ086416),GWHPACEI024916),GWHPACEA024576),GWHPACER022372),GWHPACEK021869),GWHPACEL023140),GWHPACED023130),GWHPACEF022449)),GWHPACDY024687),GLYMA_ZH13_06G246800_1_P),W05_GLYSO_06G015930_1_P,GWHPACDY024696);
((((W05_GLYSO_06G015914_1_P,(((((((((GWHPACEV022447,GWHPACEX022760),GWHPACEJ086416),GWHPACEI024916),GWHPACEA024576),GWHPACER022372),GWHPACEK021869),GWHPACEL023140),GWHPACED023130),GWHPACEF022449)),GWHPACDY024687),GLYMA_ZH13_06G246800_1_P),W05_GLYSO_06G015930_1_P,GWHPACDY024696);
(((W05_GLYSO_06G015914_1_P,((GWHPACEL023140,(((GWHPACEK021869,GWHPACEF022449),GWHPACED023130),((GWHPACEX022760,(GWHPACEJ086416,GWHPACEI024916)),GWHPACER022372))),(GWHPACEV022447,GWHPACEA024576))),GWHPACDY024687),(GLYMA_ZH13_06G246800_1_P,W05_GLYSO_06G015930_1_P),GWHPACDY024696);
(((W05_GLYSO_06G015914_1_P,((GWHPACEL023140,(((GWHPACEK021869,GWHPACEF022449),GWHPACED023130),((GWHPACEX022760,(GWHPACEJ086416,GWHPACEI024916)),GWHPACER022372))),(GWHPACEV022447,GWHPACEA024576))),GWHPACDY024687),(GLYMA_ZH13_06G246800_1_P,W05_GLYSO_06G015930_1_P),GWHPACDY024696);
(((W05_GLYSO_06G015914_1_P,((GWHPACEL023140,(((GWHPACEK021869,GWHPACEF022449),GWHPACED023130),((GWHPACEX022760,(GWHPACEJ086416,GWHPACEI024916)),GWHPACER022372))),(GWHPACEV022447,GWHPACEA024576))),GWHPACDY024687),(GLYMA_ZH13_06G246800_1_P,W05_GLYSO_06G015930_1_P),GWHPACDY024696);
(((W05_GLYSO_06G015914_1_P,((GWHPACEL023140,(((GWHPACEK021869,GWHPACEF022449),GWHPACED023130),((GWHPACEX022760,(GWHPACEJ086416,GWHPACEI024916)),GWHPACER022372))),(GWHPACEV022447,GWHPACEA024576))),GWHPACDY024687),(GLYMA_ZH13_06G246800_1_P,W05_GLYSO_06G015930_1_P),GWHPACDY024696);
(((W05_GLYSO_06G015914_1_P,((GWHPACEL023140,(((GWHPACEK021869,GWHPACEF022449),GWHPACED023130),((GWHPACEX022760,(GWHPACEJ086416,GWHPACEI024916)),GWHPACER022372))),(GWHPACEV022447,GWHPACEA024576))),GWHPACDY024687),(GLYMA_ZH13_06G246800_1_P,W05_GLYSO_06G015930_1_P),GWHPACDY024696);
(((W05_GLYSO_06G015914_1_P,((GWHPACEL023140,(((GWHPACEK021869,GWHPACEF022449),GWHPACED023130),((GWHPACEX022760,(GWHPACEJ086416,GWHPACEI024916)),GWHPACER022372))),(GWHPACEV022447,GWHPACEA024576))),GWHPACDY024687),(GLYMA_ZH13_06G246800_1_P,W05_GLYSO_06G015930_1_P),GWHPACDY024696);
(GLYMA_ZH13_06G246800_1_P,(W05_GLYSO_06G015930_1_P,((W05_GLYSO_06G015914_1_P,((GWHPACEK021869,(GWHPACEF022449,((GWHPACED023130,(GWHPACEX022760,(GWHPACEJ086416,GWHPACEI024916))),GWHPACER022372))),((GWHPACEV022447,GWHPACEA024576),GWHPACEL023140))),GWHPACDY024687)),GWHPACDY024696);
(W05_GLYSO_06G015930_1_P,(((W05_GLYSO_06G015914_1_P,((GWHPACEK021869,(GWHPACEJ086416,(GWHPACEI024916,(((GWHPACER022372,GWHPACEF022449),GWHPACED023130),GWHPACEX022760)))),(GWHPACEA024576,(GWHPACEL023140,GWHPACEV022447)))),GWHPACDY024687),GLYMA_ZH13_06G246800_1_P),GWHPACDY024696);
(W05_GLYSO_06G015930_1_P,(((((GWHPACEV022447,(GWHPACEA024576,GWHPACEL023140)),(GWHPACEK021869,(GWHPACER022372,(GWHPACEX022760,(GWHPACEF022449,((GWHPACEI024916,GWHPACEJ086416),GWHPACED023130)))))),W05_GLYSO_06G015914_1_P),GWHPACDY024687),GLYMA_ZH13_06G246800_1_P),GWHPACDY024696);
(((((GWHPACEV022447,GWHPACEA024576),(GWHPACEL023140,(GWHPACEK021869,(GWHPACEX022760,(GWHPACER022372,(GWHPACEF022449,((GWHPACEI024916,GWHPACEJ086416),GWHPACED023130))))))),W05_GLYSO_06G015914_1_P),GWHPACDY024687),(GLYMA_ZH13_06G246800_1_P,W05_GLYSO_06G015930_1_P),GWHPACDY024696);
(((((GWHPACEV022447,GWHPACEA024576),(GWHPACEL023140,(GWHPACEK021869,(GWHPACEX022760,(GWHPACER022372,(GWHPACEF022449,((GWHPACEI024916,GWHPACEJ086416),GWHPACED023130))))))),W05_GLYSO_06G015914_1_P),GWHPACDY024687),(GLYMA_ZH13_06G246800_1_P,W05_GLYSO_06G015930_1_P),GWHPACDY024696);
((((GWHPACEV022447,(GWHPACEL023140,GWHPACEA024576)),(GWHPACEK021869,(((GWHPACEI024916,GWHPACEJ086416),GWHPACED023130),((GWHPACEX022760,GWHPACER022372),GWHPACEF022449)))),(W05_GLYSO_06G015914_1_P,GWHPACDY024687)),(GLYMA_ZH13_06G246800_1_P,W05_GLYSO_06G015930_1_P),GWHPACDY024696);
((GWHPACDY024687,((((((GWHPACEI024916,GWHPACEJ086416),(GWHPACED023130,(GWHPACEX022760,GWHPACEF022449))),GWHPACER022372),GWHPACEK021869),(GWHPACEV022447,(GWHPACEL023140,GWHPACEA024576))),W05_GLYSO_06G015914_1_P)),(GLYMA_ZH13_06G246800_1_P,W05_GLYSO_06G015930_1_P),GWHPACDY024696);
((GWHPACDY024687,((((((GWHPACEI024916,GWHPACEJ086416),(GWHPACED023130,(GWHPACEX022760,GWHPACEF022449))),GWHPACER022372),GWHPACEK021869),(GWHPACEV022447,(GWHPACEL023140,GWHPACEA024576))),W05_GLYSO_06G015914_1_P)),(GLYMA_ZH13_06G246800_1_P,W05_GLYSO_06G015930_1_P),GWHPACDY024696);
((GWHPACDY024687,((((((GWHPACEI024916,GWHPACEJ086416),(GWHPACED023130,(GWHPACEX022760,GWHPACEF022449))),GWHPACER022372),GWHPACEK021869),(GWHPACEV022447,(GWHPACEL023140,GWHPACEA024576))),W05_GLYSO_06G015914_1_P)),(GLYMA_ZH13_06G246800_1_P,W05_GLYSO_06G015930_1_P),GWHPACDY024696);
((GWHPACDY024687,((((((GWHPACEI024916,GWHPACEJ086416),(GWHPACED023130,(GWHPACEX022760,GWHPACEF022449))),GWHPACER022372),GWHPACEK021869),(GWHPACEV022447,(GWHPACEL023140,GWHPACEA024576))),W05_GLYSO_06G015914_1_P)),(GLYMA_ZH13_06G246800_1_P,W05_GLYSO_06G015930_1_P),GWHPACDY024696);
((GLYMA_ZH13_06G246800_1_P,((((((GWHPACEI024916,GWHPACEJ086416),(GWHPACEX022760,GWHPACEF022449)),((GWHPACED023130,GWHPACER022372),GWHPACEK021869)),((GWHPACEV022447,GWHPACEA024576),GWHPACEL023140)),W05_GLYSO_06G015914_1_P),GWHPACDY024687)),W05_GLYSO_06G015930_1_P,GWHPACDY024696);
((GLYMA_ZH13_06G246800_1_P,((((((GWHPACEI024916,GWHPACEJ086416),(GWHPACEX022760,GWHPACEF022449)),((GWHPACED023130,GWHPACER022372),GWHPACEK021869)),((GWHPACEV022447,GWHPACEA024576),GWHPACEL023140)),W05_GLYSO_06G015914_1_P),GWHPACDY024687)),W05_GLYSO_06G015930_1_P,GWHPACDY024696);
