

IMPORTANT WARNING: Sequences GWHPACET064504 and GWHPACEJ065689 are exactly identical


IMPORTANT WARNING: Sequences GWHPACET064504 and GWHPACEU064063 are exactly identical


IMPORTANT WARNING: Sequences GWHPACET064504 and GWHPACEH063790 are exactly identical


IMPORTANT WARNING: Sequences GWHPACET064504 and GWHPACEP059934 are exactly identical


IMPORTANT WARNING: Sequences GWHPACET064504 and GWHPACEV057918 are exactly identical


IMPORTANT WARNING: Sequences GWHPACET064504 and GWHPACEE063507 are exactly identical


IMPORTANT WARNING: Sequences GWHPACET064504 and GWHPACEQ059548 are exactly identical


IMPORTANT WARNING: Sequences GWHPACET064504 and GWHPACEG063223 are exactly identical


IMPORTANT WARNING: Sequences GWHPACET064504 and GWHPACES063887 are exactly identical


IMPORTANT WARNING: Sequences GWHPACET064504 and GWHPACEW063529 are exactly identical


IMPORTANT WARNING: Sequences GWHPACEB057934 and GWHPACEM063561 are exactly identical


IMPORTANT WARNING: Sequences GWHPACEB057934 and GWHPACEO064380 are exactly identical


IMPORTANT WARNING: Sequences GWHPACEB057934 and GWHPACEU064069 are exactly identical


IMPORTANT WARNING: Sequences GWHPACEB057934 and GWHPACEC059687 are exactly identical


IMPORTANT WARNING: Sequences GWHPACEB057934 and GWHPACEA064050 are exactly identical


IMPORTANT WARNING: Sequences GWHPACEB057934 and GLYMA_15G230900_1 are exactly identical


IMPORTANT WARNING: Sequences GWHPACEB057934 and GWHPACEN062997 are exactly identical


IMPORTANT WARNING: Sequences GWHPACEB057934 and GWHPACEL060463 are exactly identical


IMPORTANT WARNING: Sequences GWHPACEG063239 and GWHPACES063905 are exactly identical


IMPORTANT WARNING: Sequences GWHPACEG063239 and GWHPACEV057935 are exactly identical


IMPORTANT WARNING: Sequences GWHPACEG063239 and GWHPACEJ065709 are exactly identical


IMPORTANT WARNING: Sequences GWHPACEW063549 and GWHPACEX059580 are exactly identical


IMPORTANT WARNING: Sequences GWHPACEE063527 and GWHPACEH063810 are exactly identical

IMPORTANT WARNING
Found 23 sequences that are exactly identical to other sequences in the alignment.
Normally they should be excluded from the analysis.

Just in case you might need it, an alignment file with 
sequence duplicates removed is printed to file ../../RAxML_tree_pbNB-ARC/Clade_Refinement_1/Int7884_206_319_R_57.afa.reduced


This is RAxML version 8.2.12 released by Alexandros Stamatakis on May 2018.

With greatly appreciated code contributions by:
Andre Aberer      (HITS)
Simon Berger      (HITS)
Alexey Kozlov     (HITS)
Kassian Kobert    (HITS)
David Dao         (KIT and HITS)
Sarah Lutteropp   (KIT and HITS)
Nick Pattengale   (Sandia)
Wayne Pfeiffer    (SDSC)
Akifumi S. Tanabe (NRIFS)
Charlie Taylor    (UF)


Alignment has 1143 distinct alignment patterns

Proportion of gaps and completely undetermined characters in this alignment: 70.08%

RAxML rapid bootstrapping and subsequent ML search

Using 1 distinct models/data partitions with joint branch length optimization



Executing 100 rapid bootstrap inferences and thereafter a thorough ML search 

All free model parameters will be estimated by RAxML
ML estimate of 25 per site rate categories

Likelihood of final tree will be evaluated and optimized under GAMMA

GAMMA Model parameters will be estimated up to an accuracy of 0.1000000000 Log Likelihood units

Partition: 0
Alignment Patterns: 1143
Name: No Name Provided
DataType: AA
Substitution Matrix: JTT
Using fixed base frequencies




RAxML was called as follows:

/Users/prigozhin/Installers/standard-RAxML/raxmlHPC-PTHREADS-AVX -T 4 -n Int7884_206_319_R_57.Raxml.out -f a -x 12345 -p 12345 -# 100 -m PROTCATJTT -s ../../RAxML_tree_pbNB-ARC/Clade_Refinement_1/Int7884_206_319_R_57.afa 



Time for BS model parameter optimization 1.494195
Bootstrap[0]: Time 3.357838 seconds, bootstrap likelihood -19605.009341, best rearrangement setting 13
Bootstrap[1]: Time 1.926193 seconds, bootstrap likelihood -19216.716283, best rearrangement setting 13
Bootstrap[2]: Time 5.045415 seconds, bootstrap likelihood -19041.939358, best rearrangement setting 12
Bootstrap[3]: Time 4.871200 seconds, bootstrap likelihood -19635.137137, best rearrangement setting 15
Bootstrap[4]: Time 4.903786 seconds, bootstrap likelihood -19547.660876, best rearrangement setting 10
Bootstrap[5]: Time 6.198211 seconds, bootstrap likelihood -19726.716912, best rearrangement setting 10
Bootstrap[6]: Time 5.946721 seconds, bootstrap likelihood -19426.150299, best rearrangement setting 6
Bootstrap[7]: Time 5.021283 seconds, bootstrap likelihood -19624.707099, best rearrangement setting 14
Bootstrap[8]: Time 3.305279 seconds, bootstrap likelihood -19596.210716, best rearrangement setting 5
Bootstrap[9]: Time 3.192646 seconds, bootstrap likelihood -19841.295515, best rearrangement setting 7
Bootstrap[10]: Time 1.851127 seconds, bootstrap likelihood -19393.817114, best rearrangement setting 7
Bootstrap[11]: Time 3.514854 seconds, bootstrap likelihood -18847.977491, best rearrangement setting 5
Bootstrap[12]: Time 4.146907 seconds, bootstrap likelihood -19438.647113, best rearrangement setting 8
Bootstrap[13]: Time 3.894737 seconds, bootstrap likelihood -19325.048694, best rearrangement setting 7
Bootstrap[14]: Time 4.253854 seconds, bootstrap likelihood -19778.674465, best rearrangement setting 12
Bootstrap[15]: Time 4.168364 seconds, bootstrap likelihood -19632.244922, best rearrangement setting 15
Bootstrap[16]: Time 4.384381 seconds, bootstrap likelihood -19183.518775, best rearrangement setting 12
Bootstrap[17]: Time 5.403905 seconds, bootstrap likelihood -19505.166753, best rearrangement setting 12
Bootstrap[18]: Time 3.463649 seconds, bootstrap likelihood -19407.004613, best rearrangement setting 5
Bootstrap[19]: Time 5.345980 seconds, bootstrap likelihood -19905.362022, best rearrangement setting 8
Bootstrap[20]: Time 1.957419 seconds, bootstrap likelihood -19776.343563, best rearrangement setting 10
Bootstrap[21]: Time 3.026230 seconds, bootstrap likelihood -19133.086953, best rearrangement setting 6
Bootstrap[22]: Time 1.515206 seconds, bootstrap likelihood -19854.462657, best rearrangement setting 5
Bootstrap[23]: Time 3.687189 seconds, bootstrap likelihood -19887.755571, best rearrangement setting 7
Bootstrap[24]: Time 3.493178 seconds, bootstrap likelihood -19659.190264, best rearrangement setting 8
Bootstrap[25]: Time 3.490473 seconds, bootstrap likelihood -19397.159892, best rearrangement setting 6
Bootstrap[26]: Time 4.228901 seconds, bootstrap likelihood -19675.990432, best rearrangement setting 12
Bootstrap[27]: Time 1.754496 seconds, bootstrap likelihood -19619.223696, best rearrangement setting 10
Bootstrap[28]: Time 3.759487 seconds, bootstrap likelihood -19185.541269, best rearrangement setting 11
Bootstrap[29]: Time 1.677057 seconds, bootstrap likelihood -19437.505838, best rearrangement setting 12
Bootstrap[30]: Time 2.117517 seconds, bootstrap likelihood -19391.596499, best rearrangement setting 15
Bootstrap[31]: Time 4.792700 seconds, bootstrap likelihood -19645.919563, best rearrangement setting 15
Bootstrap[32]: Time 3.223285 seconds, bootstrap likelihood -20021.317743, best rearrangement setting 6
Bootstrap[33]: Time 4.571716 seconds, bootstrap likelihood -19433.678509, best rearrangement setting 15
Bootstrap[34]: Time 5.720303 seconds, bootstrap likelihood -19958.098266, best rearrangement setting 11
Bootstrap[35]: Time 6.131517 seconds, bootstrap likelihood -19280.456546, best rearrangement setting 8
Bootstrap[36]: Time 1.694790 seconds, bootstrap likelihood -19309.176762, best rearrangement setting 9
Bootstrap[37]: Time 1.828703 seconds, bootstrap likelihood -19764.375031, best rearrangement setting 11
Bootstrap[38]: Time 3.183815 seconds, bootstrap likelihood -19549.818230, best rearrangement setting 8
Bootstrap[39]: Time 6.941699 seconds, bootstrap likelihood -20237.312439, best rearrangement setting 13
Bootstrap[40]: Time 2.241864 seconds, bootstrap likelihood -20171.793607, best rearrangement setting 13
Bootstrap[41]: Time 4.530143 seconds, bootstrap likelihood -18747.369890, best rearrangement setting 10
Bootstrap[42]: Time 3.721829 seconds, bootstrap likelihood -19133.534768, best rearrangement setting 5
Bootstrap[43]: Time 5.718844 seconds, bootstrap likelihood -19769.258879, best rearrangement setting 14
Bootstrap[44]: Time 2.237766 seconds, bootstrap likelihood -19858.674531, best rearrangement setting 10
Bootstrap[45]: Time 1.811173 seconds, bootstrap likelihood -19791.698128, best rearrangement setting 15
Bootstrap[46]: Time 4.233579 seconds, bootstrap likelihood -19283.320886, best rearrangement setting 14
Bootstrap[47]: Time 5.065696 seconds, bootstrap likelihood -19561.200436, best rearrangement setting 8
Bootstrap[48]: Time 5.988293 seconds, bootstrap likelihood -19555.004465, best rearrangement setting 6
Bootstrap[49]: Time 4.637421 seconds, bootstrap likelihood -19730.776833, best rearrangement setting 7
Bootstrap[50]: Time 3.147755 seconds, bootstrap likelihood -18858.528395, best rearrangement setting 7
Bootstrap[51]: Time 3.715574 seconds, bootstrap likelihood -19347.231040, best rearrangement setting 11
Bootstrap[52]: Time 4.752050 seconds, bootstrap likelihood -18982.528482, best rearrangement setting 12
Bootstrap[53]: Time 4.016818 seconds, bootstrap likelihood -19467.062633, best rearrangement setting 8
Bootstrap[54]: Time 4.431550 seconds, bootstrap likelihood -19403.683525, best rearrangement setting 9
Bootstrap[55]: Time 1.782719 seconds, bootstrap likelihood -19324.896173, best rearrangement setting 11
Bootstrap[56]: Time 5.680131 seconds, bootstrap likelihood -18972.210588, best rearrangement setting 5
Bootstrap[57]: Time 3.483858 seconds, bootstrap likelihood -19255.236690, best rearrangement setting 7
Bootstrap[58]: Time 6.796009 seconds, bootstrap likelihood -20145.584377, best rearrangement setting 10
Bootstrap[59]: Time 6.869967 seconds, bootstrap likelihood -19368.672542, best rearrangement setting 9
Bootstrap[60]: Time 3.463473 seconds, bootstrap likelihood -19436.886578, best rearrangement setting 7
Bootstrap[61]: Time 3.216577 seconds, bootstrap likelihood -19185.109459, best rearrangement setting 5
Bootstrap[62]: Time 5.984870 seconds, bootstrap likelihood -19639.517885, best rearrangement setting 11
Bootstrap[63]: Time 4.596307 seconds, bootstrap likelihood -19404.106644, best rearrangement setting 12
Bootstrap[64]: Time 3.664222 seconds, bootstrap likelihood -19387.619163, best rearrangement setting 7
Bootstrap[65]: Time 1.646934 seconds, bootstrap likelihood -19415.555012, best rearrangement setting 5
Bootstrap[66]: Time 2.919212 seconds, bootstrap likelihood -19637.806593, best rearrangement setting 5
Bootstrap[67]: Time 3.469016 seconds, bootstrap likelihood -19683.507556, best rearrangement setting 15
Bootstrap[68]: Time 7.169000 seconds, bootstrap likelihood -19515.001966, best rearrangement setting 11
Bootstrap[69]: Time 5.512785 seconds, bootstrap likelihood -19368.826897, best rearrangement setting 5
Bootstrap[70]: Time 3.695546 seconds, bootstrap likelihood -20180.766535, best rearrangement setting 8
Bootstrap[71]: Time 6.338792 seconds, bootstrap likelihood -19668.501899, best rearrangement setting 10
Bootstrap[72]: Time 4.181728 seconds, bootstrap likelihood -19205.231376, best rearrangement setting 11
Bootstrap[73]: Time 3.237440 seconds, bootstrap likelihood -19746.307345, best rearrangement setting 9
Bootstrap[74]: Time 3.383907 seconds, bootstrap likelihood -19227.578777, best rearrangement setting 5
Bootstrap[75]: Time 4.004332 seconds, bootstrap likelihood -19462.806825, best rearrangement setting 8
Bootstrap[76]: Time 6.258612 seconds, bootstrap likelihood -19256.715086, best rearrangement setting 9
Bootstrap[77]: Time 6.846220 seconds, bootstrap likelihood -19160.300935, best rearrangement setting 11
Bootstrap[78]: Time 4.218598 seconds, bootstrap likelihood -19281.046491, best rearrangement setting 15
Bootstrap[79]: Time 6.729548 seconds, bootstrap likelihood -19276.448804, best rearrangement setting 9
Bootstrap[80]: Time 4.745829 seconds, bootstrap likelihood -19802.501980, best rearrangement setting 15
Bootstrap[81]: Time 5.960244 seconds, bootstrap likelihood -19778.325851, best rearrangement setting 7
Bootstrap[82]: Time 5.875069 seconds, bootstrap likelihood -19614.836789, best rearrangement setting 6
Bootstrap[83]: Time 4.380110 seconds, bootstrap likelihood -18991.811088, best rearrangement setting 10
Bootstrap[84]: Time 7.338693 seconds, bootstrap likelihood -19189.040730, best rearrangement setting 11
Bootstrap[85]: Time 4.527748 seconds, bootstrap likelihood -19808.435207, best rearrangement setting 8
Bootstrap[86]: Time 6.351136 seconds, bootstrap likelihood -20282.519969, best rearrangement setting 7
Bootstrap[87]: Time 4.419051 seconds, bootstrap likelihood -19655.829835, best rearrangement setting 7
Bootstrap[88]: Time 4.375093 seconds, bootstrap likelihood -19495.165697, best rearrangement setting 12
Bootstrap[89]: Time 4.432948 seconds, bootstrap likelihood -19770.951579, best rearrangement setting 10
Bootstrap[90]: Time 2.049827 seconds, bootstrap likelihood -19796.317258, best rearrangement setting 8
Bootstrap[91]: Time 4.303815 seconds, bootstrap likelihood -19831.511554, best rearrangement setting 12
Bootstrap[92]: Time 4.536014 seconds, bootstrap likelihood -19161.950360, best rearrangement setting 13
Bootstrap[93]: Time 4.522542 seconds, bootstrap likelihood -19533.647167, best rearrangement setting 15
Bootstrap[94]: Time 3.729998 seconds, bootstrap likelihood -20329.746381, best rearrangement setting 5
Bootstrap[95]: Time 3.897227 seconds, bootstrap likelihood -19728.562504, best rearrangement setting 5
Bootstrap[96]: Time 5.555684 seconds, bootstrap likelihood -19024.241514, best rearrangement setting 13
Bootstrap[97]: Time 4.314597 seconds, bootstrap likelihood -19355.104394, best rearrangement setting 11
Bootstrap[98]: Time 3.785570 seconds, bootstrap likelihood -19402.977631, best rearrangement setting 6
Bootstrap[99]: Time 4.655637 seconds, bootstrap likelihood -20032.291319, best rearrangement setting 14


Overall Time for 100 Rapid Bootstraps 422.311230 seconds
Average Time per Rapid Bootstrap 4.223112 seconds

Starting ML Search ...

Fast ML optimization finished

Fast ML search Time: 187.796638 seconds

Slow ML Search 0 Likelihood: -20858.565968
Slow ML Search 1 Likelihood: -20858.566057
Slow ML Search 2 Likelihood: -20858.570797
Slow ML Search 3 Likelihood: -20858.591773
Slow ML Search 4 Likelihood: -20858.591489
Slow ML Search 5 Likelihood: -20858.586459
Slow ML Search 6 Likelihood: -20858.586480
Slow ML Search 7 Likelihood: -20858.565762
Slow ML Search 8 Likelihood: -20858.586430
Slow ML Search 9 Likelihood: -20858.565780
Slow ML optimization finished

Slow ML search Time: 113.510313 seconds
Thorough ML search Time: 39.288191 seconds

Final ML Optimization Likelihood: -20858.571237

Model Information:

Model Parameters of Partition 0, Name: No Name Provided, Type of Data: AA
alpha: 0.354528
Tree-Length: 1.751557
rate A <-> R: 0.603538
rate A <-> N: 0.561915
rate A <-> D: 0.842872
rate A <-> C: 0.582726
rate A <-> Q: 0.593132
rate A <-> E: 1.092612
rate A <-> G: 1.862643
rate A <-> H: 0.280957
rate A <-> I: 0.374610
rate A <-> L: 0.312175
rate A <-> K: 0.364204
rate A <-> M: 0.561915
rate A <-> F: 0.156087
rate A <-> P: 2.018730
rate A <-> S: 3.933403
rate A <-> T: 4.942768
rate A <-> W: 0.093652
rate A <-> Y: 0.114464
rate A <-> V: 3.100937
rate R <-> N: 0.468262
rate R <-> D: 0.166493
rate R <-> C: 1.175858
rate R <-> Q: 3.225806
rate R <-> E: 0.301769
rate R <-> G: 1.425598
rate R <-> H: 3.413111
rate R <-> I: 0.228928
rate R <-> L: 0.395421
rate R <-> K: 6.722164
rate R <-> M: 0.457856
rate R <-> F: 0.052029
rate R <-> P: 0.770031
rate R <-> S: 1.050989
rate R <-> T: 0.665973
rate R <-> W: 1.311134
rate R <-> Y: 0.208117
rate R <-> V: 0.176899
rate N <-> D: 5.494277
rate N <-> C: 0.353798
rate N <-> Q: 0.894901
rate N <-> E: 0.603538
rate N <-> G: 0.842872
rate N <-> H: 4.068678
rate N <-> I: 0.489074
rate N <-> L: 0.124870
rate N <-> K: 2.736733
rate N <-> M: 0.312175
rate N <-> F: 0.104058
rate N <-> P: 0.156087
rate N <-> S: 5.234131
rate N <-> T: 2.414152
rate N <-> W: 0.083247
rate N <-> Y: 0.728408
rate N <-> V: 0.166493
rate D <-> C: 0.104058
rate D <-> Q: 0.509886
rate D <-> E: 7.981270
rate D <-> G: 1.352758
rate D <-> H: 1.165453
rate D <-> I: 0.114464
rate D <-> L: 0.072841
rate D <-> K: 0.270552
rate D <-> M: 0.156087
rate D <-> F: 0.041623
rate D <-> P: 0.156087
rate D <-> S: 0.613944
rate D <-> T: 0.395421
rate D <-> W: 0.041623
rate D <-> Y: 0.478668
rate D <-> V: 0.322581
rate C <-> Q: 0.093652
rate C <-> E: 0.052029
rate C <-> G: 0.613944
rate C <-> H: 0.718002
rate C <-> I: 0.176899
rate C <-> L: 0.239334
rate C <-> K: 0.072841
rate C <-> M: 0.322581
rate C <-> F: 0.811655
rate C <-> P: 0.145682
rate C <-> S: 2.320499
rate C <-> T: 0.437045
rate C <-> W: 1.196670
rate C <-> Y: 2.174818
rate C <-> V: 0.645161
rate Q <-> E: 3.361082
rate Q <-> G: 0.270552
rate Q <-> H: 6.212279
rate Q <-> I: 0.093652
rate Q <-> L: 0.749220
rate Q <-> K: 3.038502
rate Q <-> M: 0.447451
rate Q <-> F: 0.041623
rate Q <-> P: 1.706556
rate Q <-> S: 0.551509
rate Q <-> T: 0.530697
rate Q <-> W: 0.187305
rate Q <-> Y: 0.249740
rate Q <-> V: 0.208117
rate E <-> G: 1.238293
rate E <-> H: 0.270552
rate E <-> I: 0.124870
rate E <-> L: 0.093652
rate E <-> K: 1.883455
rate E <-> M: 0.187305
rate E <-> F: 0.052029
rate E <-> P: 0.187305
rate E <-> S: 0.312175
rate E <-> T: 0.332986
rate E <-> W: 0.104058
rate E <-> Y: 0.072841
rate E <-> V: 0.468262
rate G <-> H: 0.239334
rate G <-> I: 0.062435
rate G <-> L: 0.062435
rate G <-> K: 0.280957
rate G <-> M: 0.145682
rate G <-> F: 0.052029
rate G <-> P: 0.249740
rate G <-> S: 2.091571
rate G <-> T: 0.343392
rate G <-> W: 0.572320
rate G <-> Y: 0.083247
rate G <-> V: 0.489074
rate H <-> I: 0.166493
rate H <-> L: 0.582726
rate H <-> K: 0.468262
rate H <-> M: 0.343392
rate H <-> F: 0.416233
rate H <-> P: 1.196670
rate H <-> S: 0.759625
rate H <-> T: 0.478668
rate H <-> W: 0.083247
rate H <-> Y: 5.962539
rate H <-> V: 0.114464
rate I <-> L: 2.382934
rate I <-> K: 0.218522
rate I <-> M: 4.984391
rate I <-> F: 0.926119
rate I <-> P: 0.104058
rate I <-> S: 0.416233
rate I <-> T: 2.549428
rate I <-> W: 0.093652
rate I <-> Y: 0.332986
rate I <-> V: 10.000000
rate L <-> K: 0.145682
rate L <-> M: 4.037461
rate L <-> F: 2.580645
rate L <-> P: 1.061394
rate L <-> S: 0.613944
rate L <-> T: 0.260146
rate L <-> W: 0.541103
rate L <-> Y: 0.249740
rate L <-> V: 1.873049
rate K <-> M: 0.676379
rate K <-> F: 0.041623
rate K <-> P: 0.218522
rate K <-> S: 0.489074
rate K <-> T: 1.071800
rate K <-> W: 0.104058
rate K <-> Y: 0.083247
rate K <-> V: 0.145682
rate M <-> F: 0.447451
rate M <-> P: 0.166493
rate M <-> S: 0.301769
rate M <-> T: 2.351717
rate M <-> W: 0.249740
rate M <-> Y: 0.187305
rate M <-> V: 3.361082
rate F <-> P: 0.176899
rate F <-> S: 0.957336
rate F <-> T: 0.124870
rate F <-> W: 0.551509
rate F <-> Y: 5.577523
rate F <-> V: 0.645161
rate P <-> S: 2.965661
rate P <-> T: 1.227888
rate P <-> W: 0.062435
rate P <-> Y: 0.104058
rate P <-> V: 0.239334
rate S <-> T: 4.963580
rate S <-> W: 0.364204
rate S <-> Y: 0.655567
rate S <-> V: 0.395421
rate T <-> W: 0.124870
rate T <-> Y: 0.218522
rate T <-> V: 1.165453
rate W <-> Y: 0.738814
rate W <-> V: 0.260146
rate Y <-> V: 0.166493

freq pi(A): 0.076748
freq pi(R): 0.051691
freq pi(N): 0.042645
freq pi(D): 0.051544
freq pi(C): 0.019803
freq pi(Q): 0.040752
freq pi(E): 0.061830
freq pi(G): 0.073152
freq pi(H): 0.022944
freq pi(I): 0.053761
freq pi(L): 0.091904
freq pi(K): 0.058676
freq pi(M): 0.023826
freq pi(F): 0.040126
freq pi(P): 0.050901
freq pi(S): 0.068765
freq pi(T): 0.058565
freq pi(W): 0.014261
freq pi(Y): 0.032102
freq pi(V): 0.066004


ML search took 340.626907 secs or 0.094619 hours

Combined Bootstrap and ML search took 762.938319 secs or 0.211927 hours

Drawing Bootstrap Support Values on best-scoring ML tree ...



Found 1 tree in File /Users/prigozhin/Dropbox/NLRomes/Soy_NLRome/RAxML_tree_pbNB-ARC/Clade_Refinement_1/RAxML_bestTree.Int7884_206_319_R_57.Raxml.out



Found 1 tree in File /Users/prigozhin/Dropbox/NLRomes/Soy_NLRome/RAxML_tree_pbNB-ARC/Clade_Refinement_1/RAxML_bestTree.Int7884_206_319_R_57.Raxml.out

Program execution info written to /Users/prigozhin/Dropbox/NLRomes/Soy_NLRome/RAxML_tree_pbNB-ARC/Clade_Refinement_1/RAxML_info.Int7884_206_319_R_57.Raxml.out
All 100 bootstrapped trees written to: /Users/prigozhin/Dropbox/NLRomes/Soy_NLRome/RAxML_tree_pbNB-ARC/Clade_Refinement_1/RAxML_bootstrap.Int7884_206_319_R_57.Raxml.out

Best-scoring ML tree written to: /Users/prigozhin/Dropbox/NLRomes/Soy_NLRome/RAxML_tree_pbNB-ARC/Clade_Refinement_1/RAxML_bestTree.Int7884_206_319_R_57.Raxml.out

Best-scoring ML tree with support values written to: /Users/prigozhin/Dropbox/NLRomes/Soy_NLRome/RAxML_tree_pbNB-ARC/Clade_Refinement_1/RAxML_bipartitions.Int7884_206_319_R_57.Raxml.out

Best-scoring ML tree with support values as branch labels written to: /Users/prigozhin/Dropbox/NLRomes/Soy_NLRome/RAxML_tree_pbNB-ARC/Clade_Refinement_1/RAxML_bipartitionsBranchLabels.Int7884_206_319_R_57.Raxml.out

Overall execution time for full ML analysis: 762.955082 secs or 0.211932 hours or 0.008830 days

