(GWHPACEM063592,(GWHPACEL060501,(GWHPACEO064408,(GWHPACED060916,(((GWHPACER058686,(W05_GLYSO_15G041846_1_P,(GLYMA_ZH13_15G217700_1_P,GWHPACEX059594))),GWHPACEJ087247),GWHPACEA064082)))),GWHPACEN063020);
(GWHPACEM063592,(GWHPACEL060501,(GWHPACEO064408,(GWHPACED060916,(((GWHPACER058686,(W05_GLYSO_15G041846_1_P,(GLYMA_ZH13_15G217700_1_P,GWHPACEX059594))),GWHPACEJ087247),GWHPACEA064082)))),GWHPACEN063020);
(GWHPACEM063592,(GWHPACEL060501,(GWHPACEO064408,(GWHPACED060916,(((GWHPACER058686,(W05_GLYSO_15G041846_1_P,(GLYMA_ZH13_15G217700_1_P,GWHPACEX059594))),GWHPACEJ087247),GWHPACEA064082)))),GWHPACEN063020);
(GWHPACEM063592,(GWHPACEL060501,(GWHPACEO064408,(GWHPACED060916,(((GWHPACER058686,(W05_GLYSO_15G041846_1_P,(GLYMA_ZH13_15G217700_1_P,GWHPACEX059594))),GWHPACEJ087247),GWHPACEA064082)))),GWHPACEN063020);
(GWHPACEM063592,(GWHPACEL060501,(GWHPACEO064408,(GWHPACED060916,(((GWHPACER058686,(W05_GLYSO_15G041846_1_P,(GLYMA_ZH13_15G217700_1_P,GWHPACEX059594))),GWHPACEJ087247),GWHPACEA064082)))),GWHPACEN063020);
(GWHPACEM063592,(GWHPACEL060501,(GWHPACEO064408,(GWHPACED060916,(((GWHPACER058686,(W05_GLYSO_15G041846_1_P,(GLYMA_ZH13_15G217700_1_P,GWHPACEX059594))),GWHPACEJ087247),GWHPACEA064082)))),GWHPACEN063020);
(GWHPACEM063592,(GWHPACEL060501,(GWHPACEO064408,(GWHPACED060916,(((GWHPACER058686,(W05_GLYSO_15G041846_1_P,(GLYMA_ZH13_15G217700_1_P,GWHPACEX059594))),GWHPACEJ087247),GWHPACEA064082)))),GWHPACEN063020);
(GWHPACEM063592,(GWHPACEL060501,(GWHPACEO064408,(GWHPACED060916,(((GWHPACER058686,(W05_GLYSO_15G041846_1_P,(GLYMA_ZH13_15G217700_1_P,GWHPACEX059594))),GWHPACEJ087247),GWHPACEA064082)))),GWHPACEN063020);
(GWHPACEM063592,(GWHPACEL060501,(GWHPACEO064408,(GWHPACED060916,(((GWHPACER058686,(W05_GLYSO_15G041846_1_P,(GLYMA_ZH13_15G217700_1_P,GWHPACEX059594))),GWHPACEJ087247),GWHPACEA064082)))),GWHPACEN063020);
(GWHPACEM063592,(GWHPACEL060501,(((GLYMA_ZH13_15G217700_1_P,(GWHPACER058686,W05_GLYSO_15G041846_1_P)),GWHPACEX059594),((GWHPACEJ087247,(GWHPACEA064082,GWHPACEO064408)),GWHPACED060916))),GWHPACEN063020);
(GWHPACEL060501,(GWHPACEM063592,(((GLYMA_ZH13_15G217700_1_P,(W05_GLYSO_15G041846_1_P,GWHPACER058686)),GWHPACEX059594),(GWHPACEO064408,(GWHPACEJ087247,(GWHPACEA064082,GWHPACED060916))))),GWHPACEN063020);
(GWHPACEL060501,(GWHPACEM063592,(((GLYMA_ZH13_15G217700_1_P,(W05_GLYSO_15G041846_1_P,GWHPACER058686)),GWHPACEX059594),(GWHPACEO064408,(GWHPACEJ087247,(GWHPACEA064082,GWHPACED060916))))),GWHPACEN063020);
(GWHPACEL060501,(GWHPACEM063592,(((GLYMA_ZH13_15G217700_1_P,(W05_GLYSO_15G041846_1_P,GWHPACER058686)),GWHPACEX059594),(GWHPACEO064408,(GWHPACEJ087247,(GWHPACEA064082,GWHPACED060916))))),GWHPACEN063020);
(GWHPACEL060501,(GWHPACEM063592,(((GLYMA_ZH13_15G217700_1_P,(W05_GLYSO_15G041846_1_P,GWHPACER058686)),GWHPACEX059594),(GWHPACEO064408,(GWHPACEJ087247,(GWHPACEA064082,GWHPACED060916))))),GWHPACEN063020);
(GWHPACEL060501,(GWHPACEM063592,(((GLYMA_ZH13_15G217700_1_P,(W05_GLYSO_15G041846_1_P,GWHPACER058686)),GWHPACEX059594),(GWHPACEO064408,(GWHPACEJ087247,(GWHPACEA064082,GWHPACED060916))))),GWHPACEN063020);
(GWHPACEL060501,(GWHPACEM063592,(((GLYMA_ZH13_15G217700_1_P,(W05_GLYSO_15G041846_1_P,GWHPACER058686)),GWHPACEX059594),(GWHPACEO064408,(GWHPACEJ087247,(GWHPACEA064082,GWHPACED060916))))),GWHPACEN063020);
(GWHPACEL060501,(GWHPACEM063592,(((GLYMA_ZH13_15G217700_1_P,(W05_GLYSO_15G041846_1_P,GWHPACER058686)),GWHPACEX059594),(GWHPACEO064408,(GWHPACEJ087247,(GWHPACEA064082,GWHPACED060916))))),GWHPACEN063020);
(GWHPACEL060501,(GWHPACEM063592,(((GLYMA_ZH13_15G217700_1_P,(W05_GLYSO_15G041846_1_P,GWHPACER058686)),GWHPACEX059594),(GWHPACEO064408,(GWHPACEJ087247,(GWHPACEA064082,GWHPACED060916))))),GWHPACEN063020);
(GWHPACEL060501,(GWHPACEM063592,(((GLYMA_ZH13_15G217700_1_P,(W05_GLYSO_15G041846_1_P,GWHPACER058686)),GWHPACEX059594),(GWHPACEO064408,(GWHPACEJ087247,(GWHPACEA064082,GWHPACED060916))))),GWHPACEN063020);
(GWHPACEL060501,(GWHPACEM063592,(((GLYMA_ZH13_15G217700_1_P,(W05_GLYSO_15G041846_1_P,GWHPACER058686)),GWHPACEX059594),(GWHPACEO064408,(GWHPACEJ087247,(GWHPACEA064082,GWHPACED060916))))),GWHPACEN063020);
(GWHPACEL060501,((GWHPACEO064408,(GWHPACEJ087247,(GWHPACEA064082,((GWHPACEX059594,(GLYMA_ZH13_15G217700_1_P,(GWHPACER058686,W05_GLYSO_15G041846_1_P))),GWHPACED060916)))),GWHPACEM063592),GWHPACEN063020);
(GWHPACEL060501,((GWHPACEO064408,(GWHPACEJ087247,(GWHPACEA064082,((GWHPACEX059594,(GLYMA_ZH13_15G217700_1_P,(GWHPACER058686,W05_GLYSO_15G041846_1_P))),GWHPACED060916)))),GWHPACEM063592),GWHPACEN063020);
(GWHPACEL060501,((GWHPACEO064408,(GWHPACEJ087247,(GWHPACEA064082,((GWHPACEX059594,(GLYMA_ZH13_15G217700_1_P,(GWHPACER058686,W05_GLYSO_15G041846_1_P))),GWHPACED060916)))),GWHPACEM063592),GWHPACEN063020);
(GWHPACEL060501,((GWHPACEO064408,(GWHPACEJ087247,(GWHPACEA064082,((GWHPACEX059594,(GLYMA_ZH13_15G217700_1_P,(GWHPACER058686,W05_GLYSO_15G041846_1_P))),GWHPACED060916)))),GWHPACEM063592),GWHPACEN063020);
(GWHPACEL060501,((GWHPACEO064408,(GWHPACEJ087247,(GWHPACEA064082,((GWHPACEX059594,(GLYMA_ZH13_15G217700_1_P,(GWHPACER058686,W05_GLYSO_15G041846_1_P))),GWHPACED060916)))),GWHPACEM063592),GWHPACEN063020);
(GWHPACEL060501,((GWHPACEO064408,(GWHPACEJ087247,(GWHPACEA064082,((GWHPACEX059594,(GLYMA_ZH13_15G217700_1_P,(GWHPACER058686,W05_GLYSO_15G041846_1_P))),GWHPACED060916)))),GWHPACEM063592),GWHPACEN063020);
(GWHPACEL060501,((GWHPACEO064408,(GWHPACEJ087247,(GWHPACEA064082,((GWHPACEX059594,(GLYMA_ZH13_15G217700_1_P,(GWHPACER058686,W05_GLYSO_15G041846_1_P))),GWHPACED060916)))),GWHPACEM063592),GWHPACEN063020);
(GWHPACEL060501,((GWHPACEO064408,(GWHPACEJ087247,(GWHPACEA064082,((GWHPACEX059594,(GLYMA_ZH13_15G217700_1_P,(GWHPACER058686,W05_GLYSO_15G041846_1_P))),GWHPACED060916)))),GWHPACEM063592),GWHPACEN063020);
(GWHPACEL060501,((GWHPACEO064408,(GWHPACEJ087247,(GWHPACEA064082,((GWHPACEX059594,(GLYMA_ZH13_15G217700_1_P,(GWHPACER058686,W05_GLYSO_15G041846_1_P))),GWHPACED060916)))),GWHPACEM063592),GWHPACEN063020);
(GWHPACEL060501,((GWHPACEO064408,(GWHPACEJ087247,(GWHPACEA064082,((GWHPACEX059594,(GLYMA_ZH13_15G217700_1_P,(GWHPACER058686,W05_GLYSO_15G041846_1_P))),GWHPACED060916)))),GWHPACEM063592),GWHPACEN063020);
((GWHPACEM063592,GWHPACEL060501),((GWHPACEX059594,(W05_GLYSO_15G041846_1_P,(GWHPACER058686,GLYMA_ZH13_15G217700_1_P))),(((GWHPACEO064408,GWHPACED060916),GWHPACEA064082),GWHPACEJ087247)),GWHPACEN063020);
((GWHPACEM063592,GWHPACEL060501),((GWHPACEX059594,(W05_GLYSO_15G041846_1_P,(GWHPACER058686,GLYMA_ZH13_15G217700_1_P))),(((GWHPACEO064408,GWHPACED060916),GWHPACEA064082),GWHPACEJ087247)),GWHPACEN063020);
((GWHPACEM063592,GWHPACEL060501),((GWHPACEX059594,(W05_GLYSO_15G041846_1_P,(GWHPACER058686,GLYMA_ZH13_15G217700_1_P))),(((GWHPACEO064408,GWHPACED060916),GWHPACEA064082),GWHPACEJ087247)),GWHPACEN063020);
((GWHPACEM063592,GWHPACEL060501),((GWHPACEX059594,(W05_GLYSO_15G041846_1_P,(GWHPACER058686,GLYMA_ZH13_15G217700_1_P))),(((GWHPACEO064408,GWHPACED060916),GWHPACEA064082),GWHPACEJ087247)),GWHPACEN063020);
((GWHPACEM063592,GWHPACEL060501),((GWHPACEX059594,(W05_GLYSO_15G041846_1_P,(GWHPACER058686,GLYMA_ZH13_15G217700_1_P))),(((GWHPACEO064408,GWHPACED060916),GWHPACEA064082),GWHPACEJ087247)),GWHPACEN063020);
((GWHPACEM063592,GWHPACEL060501),((GWHPACEX059594,(W05_GLYSO_15G041846_1_P,(GWHPACER058686,GLYMA_ZH13_15G217700_1_P))),(((GWHPACEO064408,GWHPACED060916),GWHPACEA064082),GWHPACEJ087247)),GWHPACEN063020);
((GWHPACEM063592,GWHPACEL060501),((GWHPACEX059594,(W05_GLYSO_15G041846_1_P,(GWHPACER058686,GLYMA_ZH13_15G217700_1_P))),(((GWHPACEO064408,GWHPACED060916),GWHPACEA064082),GWHPACEJ087247)),GWHPACEN063020);
((GWHPACEM063592,GWHPACEL060501),((GWHPACEX059594,(W05_GLYSO_15G041846_1_P,(GWHPACER058686,GLYMA_ZH13_15G217700_1_P))),(((GWHPACEO064408,GWHPACED060916),GWHPACEA064082),GWHPACEJ087247)),GWHPACEN063020);
((GWHPACEM063592,GWHPACEL060501),((GWHPACEX059594,(W05_GLYSO_15G041846_1_P,(GWHPACER058686,GLYMA_ZH13_15G217700_1_P))),(((GWHPACEO064408,GWHPACED060916),GWHPACEA064082),GWHPACEJ087247)),GWHPACEN063020);
((GWHPACEM063592,GWHPACEL060501),((GWHPACEX059594,(W05_GLYSO_15G041846_1_P,(GWHPACER058686,GLYMA_ZH13_15G217700_1_P))),(((GWHPACEO064408,GWHPACED060916),GWHPACEA064082),GWHPACEJ087247)),GWHPACEN063020);
(GWHPACEL060501,(((GWHPACEX059594,(W05_GLYSO_15G041846_1_P,(GLYMA_ZH13_15G217700_1_P,GWHPACER058686))),(((GWHPACEO064408,GWHPACEA064082),GWHPACEJ087247),GWHPACED060916)),GWHPACEM063592),GWHPACEN063020);
(GWHPACEL060501,(((GWHPACEX059594,(W05_GLYSO_15G041846_1_P,(GLYMA_ZH13_15G217700_1_P,GWHPACER058686))),(((GWHPACEO064408,GWHPACEA064082),GWHPACEJ087247),GWHPACED060916)),GWHPACEM063592),GWHPACEN063020);
(GWHPACEL060501,(((GWHPACEX059594,(W05_GLYSO_15G041846_1_P,(GLYMA_ZH13_15G217700_1_P,GWHPACER058686))),(((GWHPACEO064408,GWHPACEA064082),GWHPACEJ087247),GWHPACED060916)),GWHPACEM063592),GWHPACEN063020);
(GWHPACEL060501,(((GWHPACEX059594,(W05_GLYSO_15G041846_1_P,(GLYMA_ZH13_15G217700_1_P,GWHPACER058686))),(((GWHPACEO064408,GWHPACEA064082),GWHPACEJ087247),GWHPACED060916)),GWHPACEM063592),GWHPACEN063020);
(GWHPACEL060501,(((GWHPACEX059594,(W05_GLYSO_15G041846_1_P,(GLYMA_ZH13_15G217700_1_P,GWHPACER058686))),(((GWHPACEO064408,GWHPACEA064082),GWHPACEJ087247),GWHPACED060916)),GWHPACEM063592),GWHPACEN063020);
(GWHPACEL060501,(((GWHPACEX059594,(W05_GLYSO_15G041846_1_P,(GLYMA_ZH13_15G217700_1_P,GWHPACER058686))),(((GWHPACEO064408,GWHPACEA064082),GWHPACEJ087247),GWHPACED060916)),GWHPACEM063592),GWHPACEN063020);
(GWHPACEL060501,(((GWHPACEX059594,(W05_GLYSO_15G041846_1_P,(GLYMA_ZH13_15G217700_1_P,GWHPACER058686))),(((GWHPACEO064408,GWHPACEA064082),GWHPACEJ087247),GWHPACED060916)),GWHPACEM063592),GWHPACEN063020);
(GWHPACEL060501,(((GWHPACEX059594,(W05_GLYSO_15G041846_1_P,(GLYMA_ZH13_15G217700_1_P,GWHPACER058686))),(((GWHPACEO064408,GWHPACEA064082),GWHPACEJ087247),GWHPACED060916)),GWHPACEM063592),GWHPACEN063020);
(GWHPACEL060501,(((GWHPACEX059594,(W05_GLYSO_15G041846_1_P,(GLYMA_ZH13_15G217700_1_P,GWHPACER058686))),(((GWHPACEO064408,GWHPACEA064082),GWHPACEJ087247),GWHPACED060916)),GWHPACEM063592),GWHPACEN063020);
(GWHPACEL060501,(((GWHPACEX059594,(W05_GLYSO_15G041846_1_P,(GLYMA_ZH13_15G217700_1_P,GWHPACER058686))),(((GWHPACEO064408,GWHPACEA064082),GWHPACEJ087247),GWHPACED060916)),GWHPACEM063592),GWHPACEN063020);
((((GWHPACED060916,(GWHPACEX059594,(GWHPACER058686,(W05_GLYSO_15G041846_1_P,GLYMA_ZH13_15G217700_1_P)))),((GWHPACEJ087247,GWHPACEA064082),GWHPACEO064408)),GWHPACEL060501),GWHPACEM063592,GWHPACEN063020);
((((GWHPACED060916,(GWHPACEX059594,(GWHPACER058686,(W05_GLYSO_15G041846_1_P,GLYMA_ZH13_15G217700_1_P)))),((GWHPACEJ087247,GWHPACEA064082),GWHPACEO064408)),GWHPACEL060501),GWHPACEM063592,GWHPACEN063020);
((((GWHPACED060916,(GWHPACEX059594,(GWHPACER058686,(W05_GLYSO_15G041846_1_P,GLYMA_ZH13_15G217700_1_P)))),((GWHPACEJ087247,GWHPACEA064082),GWHPACEO064408)),GWHPACEL060501),GWHPACEM063592,GWHPACEN063020);
((((GWHPACED060916,(GWHPACEX059594,(GWHPACER058686,(W05_GLYSO_15G041846_1_P,GLYMA_ZH13_15G217700_1_P)))),((GWHPACEJ087247,GWHPACEA064082),GWHPACEO064408)),GWHPACEL060501),GWHPACEM063592,GWHPACEN063020);
((((GWHPACED060916,(GWHPACEX059594,(GWHPACER058686,(W05_GLYSO_15G041846_1_P,GLYMA_ZH13_15G217700_1_P)))),((GWHPACEJ087247,GWHPACEA064082),GWHPACEO064408)),GWHPACEL060501),GWHPACEM063592,GWHPACEN063020);
((((GWHPACED060916,(GWHPACEX059594,(GWHPACER058686,(W05_GLYSO_15G041846_1_P,GLYMA_ZH13_15G217700_1_P)))),((GWHPACEJ087247,GWHPACEA064082),GWHPACEO064408)),GWHPACEL060501),GWHPACEM063592,GWHPACEN063020);
((((GWHPACED060916,(GWHPACEX059594,(GWHPACER058686,(W05_GLYSO_15G041846_1_P,GLYMA_ZH13_15G217700_1_P)))),((GWHPACEJ087247,GWHPACEA064082),GWHPACEO064408)),GWHPACEL060501),GWHPACEM063592,GWHPACEN063020);
((((GWHPACED060916,(GWHPACEX059594,(GWHPACER058686,(W05_GLYSO_15G041846_1_P,GLYMA_ZH13_15G217700_1_P)))),((GWHPACEJ087247,GWHPACEA064082),GWHPACEO064408)),GWHPACEL060501),GWHPACEM063592,GWHPACEN063020);
((((GWHPACED060916,(GWHPACEX059594,(GWHPACER058686,(W05_GLYSO_15G041846_1_P,GLYMA_ZH13_15G217700_1_P)))),((GWHPACEJ087247,GWHPACEA064082),GWHPACEO064408)),GWHPACEL060501),GWHPACEM063592,GWHPACEN063020);
((((GWHPACED060916,(GWHPACEX059594,(GWHPACER058686,(W05_GLYSO_15G041846_1_P,GLYMA_ZH13_15G217700_1_P)))),((GWHPACEJ087247,GWHPACEA064082),GWHPACEO064408)),GWHPACEL060501),GWHPACEM063592,GWHPACEN063020);
(GWHPACEM063592,(GWHPACEL060501,(GWHPACEJ087247,(GWHPACEO064408,(GWHPACEA064082,(GWHPACED060916,(GWHPACER058686,(W05_GLYSO_15G041846_1_P,(GLYMA_ZH13_15G217700_1_P,GWHPACEX059594)))))))),GWHPACEN063020);
(GWHPACEM063592,(GWHPACEL060501,(GWHPACEJ087247,(GWHPACEO064408,(GWHPACEA064082,(GWHPACED060916,(GWHPACER058686,(W05_GLYSO_15G041846_1_P,(GLYMA_ZH13_15G217700_1_P,GWHPACEX059594)))))))),GWHPACEN063020);
(GWHPACEM063592,(GWHPACEL060501,(GWHPACEJ087247,(GWHPACEO064408,(GWHPACEA064082,(GWHPACED060916,(GWHPACER058686,(W05_GLYSO_15G041846_1_P,(GLYMA_ZH13_15G217700_1_P,GWHPACEX059594)))))))),GWHPACEN063020);
(GWHPACED060916,(GWHPACEL060501,((((GLYMA_ZH13_15G217700_1_P,(GWHPACER058686,W05_GLYSO_15G041846_1_P)),GWHPACEX059594),((GWHPACEA064082,GWHPACEM063592),GWHPACEJ087247)),GWHPACEO064408)),GWHPACEN063020);
((((GLYMA_ZH13_15G217700_1_P,(GWHPACER058686,W05_GLYSO_15G041846_1_P)),GWHPACEX059594),(((GWHPACEJ087247,GWHPACEO064408),GWHPACED060916),GWHPACEA064082)),(GWHPACEM063592,GWHPACEL060501),GWHPACEN063020);
((((GLYMA_ZH13_15G217700_1_P,(GWHPACER058686,W05_GLYSO_15G041846_1_P)),GWHPACEX059594),(((GWHPACEJ087247,GWHPACEO064408),GWHPACED060916),GWHPACEA064082)),(GWHPACEM063592,GWHPACEL060501),GWHPACEN063020);
((((GLYMA_ZH13_15G217700_1_P,(GWHPACER058686,W05_GLYSO_15G041846_1_P)),GWHPACEX059594),(((GWHPACEJ087247,GWHPACEO064408),GWHPACED060916),GWHPACEA064082)),(GWHPACEM063592,GWHPACEL060501),GWHPACEN063020);
((((GLYMA_ZH13_15G217700_1_P,(GWHPACER058686,W05_GLYSO_15G041846_1_P)),GWHPACEX059594),(((GWHPACEJ087247,GWHPACEO064408),GWHPACED060916),GWHPACEA064082)),(GWHPACEM063592,GWHPACEL060501),GWHPACEN063020);
((((GLYMA_ZH13_15G217700_1_P,(GWHPACER058686,W05_GLYSO_15G041846_1_P)),GWHPACEX059594),(((GWHPACEJ087247,GWHPACEO064408),GWHPACED060916),GWHPACEA064082)),(GWHPACEM063592,GWHPACEL060501),GWHPACEN063020);
((((GLYMA_ZH13_15G217700_1_P,(GWHPACER058686,W05_GLYSO_15G041846_1_P)),GWHPACEX059594),(((GWHPACEJ087247,GWHPACEO064408),GWHPACED060916),GWHPACEA064082)),(GWHPACEM063592,GWHPACEL060501),GWHPACEN063020);
(GWHPACEM063592,((GWHPACED060916,(GWHPACEA064082,(GWHPACEO064408,(GWHPACEJ087247,(GWHPACEX059594,(W05_GLYSO_15G041846_1_P,(GWHPACER058686,GLYMA_ZH13_15G217700_1_P))))))),GWHPACEL060501),GWHPACEN063020);
(GWHPACEM063592,((GWHPACED060916,(GWHPACEA064082,(GWHPACEO064408,(GWHPACEJ087247,(GWHPACEX059594,(W05_GLYSO_15G041846_1_P,(GWHPACER058686,GLYMA_ZH13_15G217700_1_P))))))),GWHPACEL060501),GWHPACEN063020);
(GWHPACEM063592,((GWHPACED060916,(GWHPACEA064082,(GWHPACEO064408,(GWHPACEJ087247,(GWHPACEX059594,(W05_GLYSO_15G041846_1_P,(GWHPACER058686,GLYMA_ZH13_15G217700_1_P))))))),GWHPACEL060501),GWHPACEN063020);
(GWHPACEM063592,((GWHPACED060916,(GWHPACEA064082,(GWHPACEO064408,(GWHPACEJ087247,(GWHPACEX059594,(W05_GLYSO_15G041846_1_P,(GWHPACER058686,GLYMA_ZH13_15G217700_1_P))))))),GWHPACEL060501),GWHPACEN063020);
(GWHPACEM063592,((GWHPACED060916,(GWHPACEA064082,(GWHPACEO064408,(GWHPACEJ087247,(GWHPACEX059594,(W05_GLYSO_15G041846_1_P,(GWHPACER058686,GLYMA_ZH13_15G217700_1_P))))))),GWHPACEL060501),GWHPACEN063020);
(GWHPACEM063592,((GWHPACED060916,(GWHPACEA064082,(GWHPACEO064408,(GWHPACEJ087247,(GWHPACEX059594,(W05_GLYSO_15G041846_1_P,(GWHPACER058686,GLYMA_ZH13_15G217700_1_P))))))),GWHPACEL060501),GWHPACEN063020);
(GWHPACEM063592,((GWHPACED060916,(GWHPACEA064082,(GWHPACEO064408,(GWHPACEJ087247,(GWHPACEX059594,(W05_GLYSO_15G041846_1_P,(GWHPACER058686,GLYMA_ZH13_15G217700_1_P))))))),GWHPACEL060501),GWHPACEN063020);
(GWHPACEM063592,((GWHPACED060916,(GWHPACEA064082,(GWHPACEO064408,(GWHPACEJ087247,(GWHPACEX059594,(W05_GLYSO_15G041846_1_P,(GWHPACER058686,GLYMA_ZH13_15G217700_1_P))))))),GWHPACEL060501),GWHPACEN063020);
(GWHPACEM063592,((GWHPACED060916,(GWHPACEA064082,(GWHPACEO064408,(GWHPACEJ087247,(GWHPACEX059594,(W05_GLYSO_15G041846_1_P,(GWHPACER058686,GLYMA_ZH13_15G217700_1_P))))))),GWHPACEL060501),GWHPACEN063020);
(GWHPACEM063592,((GWHPACED060916,(GWHPACEA064082,(GWHPACEO064408,(GWHPACEJ087247,(GWHPACEX059594,(W05_GLYSO_15G041846_1_P,(GWHPACER058686,GLYMA_ZH13_15G217700_1_P))))))),GWHPACEL060501),GWHPACEN063020);
((GWHPACEL060501,(GWHPACED060916,(GWHPACEJ087247,(GWHPACEA064082,((W05_GLYSO_15G041846_1_P,(GLYMA_ZH13_15G217700_1_P,(GWHPACER058686,GWHPACEX059594))),GWHPACEO064408))))),GWHPACEM063592,GWHPACEN063020);
((GWHPACEL060501,(GWHPACED060916,(GWHPACEJ087247,(GWHPACEA064082,((W05_GLYSO_15G041846_1_P,(GLYMA_ZH13_15G217700_1_P,(GWHPACER058686,GWHPACEX059594))),GWHPACEO064408))))),GWHPACEM063592,GWHPACEN063020);
((GWHPACEL060501,(GWHPACED060916,(GWHPACEJ087247,(GWHPACEA064082,((W05_GLYSO_15G041846_1_P,(GLYMA_ZH13_15G217700_1_P,(GWHPACER058686,GWHPACEX059594))),GWHPACEO064408))))),GWHPACEM063592,GWHPACEN063020);
((GWHPACEL060501,(GWHPACED060916,(GWHPACEJ087247,(GWHPACEA064082,((W05_GLYSO_15G041846_1_P,(GLYMA_ZH13_15G217700_1_P,(GWHPACER058686,GWHPACEX059594))),GWHPACEO064408))))),GWHPACEM063592,GWHPACEN063020);
((GWHPACEL060501,(GWHPACED060916,(GWHPACEJ087247,(GWHPACEA064082,((W05_GLYSO_15G041846_1_P,(GLYMA_ZH13_15G217700_1_P,(GWHPACER058686,GWHPACEX059594))),GWHPACEO064408))))),GWHPACEM063592,GWHPACEN063020);
((GWHPACEL060501,(GWHPACED060916,(GWHPACEJ087247,(GWHPACEA064082,((W05_GLYSO_15G041846_1_P,(GLYMA_ZH13_15G217700_1_P,(GWHPACER058686,GWHPACEX059594))),GWHPACEO064408))))),GWHPACEM063592,GWHPACEN063020);
((GWHPACEL060501,(GWHPACED060916,(GWHPACEJ087247,(GWHPACEA064082,((W05_GLYSO_15G041846_1_P,(GLYMA_ZH13_15G217700_1_P,(GWHPACER058686,GWHPACEX059594))),GWHPACEO064408))))),GWHPACEM063592,GWHPACEN063020);
((GWHPACEL060501,(GWHPACED060916,(GWHPACEJ087247,(GWHPACEA064082,((W05_GLYSO_15G041846_1_P,(GLYMA_ZH13_15G217700_1_P,(GWHPACER058686,GWHPACEX059594))),GWHPACEO064408))))),GWHPACEM063592,GWHPACEN063020);
((GWHPACEL060501,(GWHPACED060916,(GWHPACEJ087247,(GWHPACEA064082,((W05_GLYSO_15G041846_1_P,(GLYMA_ZH13_15G217700_1_P,(GWHPACER058686,GWHPACEX059594))),GWHPACEO064408))))),GWHPACEM063592,GWHPACEN063020);
((GWHPACEL060501,(GWHPACED060916,(GWHPACEJ087247,(GWHPACEA064082,((W05_GLYSO_15G041846_1_P,(GLYMA_ZH13_15G217700_1_P,(GWHPACER058686,GWHPACEX059594))),GWHPACEO064408))))),GWHPACEM063592,GWHPACEN063020);
((GWHPACEM063592,GWHPACEL060501),((GWHPACED060916,(GWHPACEO064408,GWHPACEA064082)),((((GLYMA_ZH13_15G217700_1_P,W05_GLYSO_15G041846_1_P),GWHPACEX059594),GWHPACER058686),GWHPACEJ087247)),GWHPACEN063020);
((GWHPACEM063592,GWHPACEL060501),((GWHPACED060916,(GWHPACEO064408,GWHPACEA064082)),((((GLYMA_ZH13_15G217700_1_P,W05_GLYSO_15G041846_1_P),GWHPACEX059594),GWHPACER058686),GWHPACEJ087247)),GWHPACEN063020);
((GWHPACEM063592,GWHPACEL060501),((GWHPACED060916,(GWHPACEO064408,GWHPACEA064082)),((((GLYMA_ZH13_15G217700_1_P,W05_GLYSO_15G041846_1_P),GWHPACEX059594),GWHPACER058686),GWHPACEJ087247)),GWHPACEN063020);
((GWHPACEM063592,GWHPACEL060501),((GWHPACED060916,(GWHPACEO064408,GWHPACEA064082)),((((GLYMA_ZH13_15G217700_1_P,W05_GLYSO_15G041846_1_P),GWHPACEX059594),GWHPACER058686),GWHPACEJ087247)),GWHPACEN063020);
((GWHPACEM063592,GWHPACEL060501),((GWHPACED060916,(GWHPACEO064408,GWHPACEA064082)),((((GLYMA_ZH13_15G217700_1_P,W05_GLYSO_15G041846_1_P),GWHPACEX059594),GWHPACER058686),GWHPACEJ087247)),GWHPACEN063020);
((GWHPACEM063592,GWHPACEL060501),((GWHPACED060916,(GWHPACEO064408,GWHPACEA064082)),((((GLYMA_ZH13_15G217700_1_P,W05_GLYSO_15G041846_1_P),GWHPACEX059594),GWHPACER058686),GWHPACEJ087247)),GWHPACEN063020);
((GWHPACEM063592,GWHPACEL060501),((GWHPACED060916,(GWHPACEO064408,GWHPACEA064082)),((((GLYMA_ZH13_15G217700_1_P,W05_GLYSO_15G041846_1_P),GWHPACEX059594),GWHPACER058686),GWHPACEJ087247)),GWHPACEN063020);
((GWHPACEM063592,GWHPACEL060501),((GWHPACED060916,(GWHPACEO064408,GWHPACEA064082)),((((GLYMA_ZH13_15G217700_1_P,W05_GLYSO_15G041846_1_P),GWHPACEX059594),GWHPACER058686),GWHPACEJ087247)),GWHPACEN063020);
((GWHPACEM063592,GWHPACEL060501),((GWHPACED060916,(GWHPACEO064408,GWHPACEA064082)),((((GLYMA_ZH13_15G217700_1_P,W05_GLYSO_15G041846_1_P),GWHPACEX059594),GWHPACER058686),GWHPACEJ087247)),GWHPACEN063020);
((GWHPACEM063592,GWHPACEL060501),((GWHPACED060916,(GWHPACEO064408,GWHPACEA064082)),((((GLYMA_ZH13_15G217700_1_P,W05_GLYSO_15G041846_1_P),GWHPACEX059594),GWHPACER058686),GWHPACEJ087247)),GWHPACEN063020);
