

IMPORTANT WARNING: Sequences GWHPACEB008377 and GWHPACEO008997 are exactly identical


IMPORTANT WARNING: Sequences GWHPACEB008377 and GWHPACEE008876 are exactly identical


IMPORTANT WARNING: Sequences GWHPACEV008496 and GWHPACEU009021 are exactly identical


IMPORTANT WARNING: Sequences GWHPACEV008496 and GWHPACED008491 are exactly identical


IMPORTANT WARNING: Sequences GWHPACEV008496 and GWHPACET009104 are exactly identical


IMPORTANT WARNING: Sequences GLYMA_03G038800_1 and GWHPACEI009246 are exactly identical


IMPORTANT WARNING: Sequences GLYMA_03G038800_1 and GWHPACEM009099 are exactly identical


IMPORTANT WARNING: Sequences GWHPACES009055 and GWHPACEQ008603 are exactly identical


IMPORTANT WARNING: Sequences GWHPACES009055 and GWHPACEX008633 are exactly identical


IMPORTANT WARNING: Sequences GWHPACEB008375 and GWHPACEE008874 are exactly identical


IMPORTANT WARNING: Sequences GWHPACEB008375 and GWHPACEO008995 are exactly identical


IMPORTANT WARNING: Sequences GWHPACET009106 and GWHPACEV008498 are exactly identical


IMPORTANT WARNING: Sequences GWHPACET009106 and GLYMA_ZH13_03G036400_1_P are exactly identical


IMPORTANT WARNING: Sequences GWHPACET009106 and GWHPACEU009023 are exactly identical


IMPORTANT WARNING: Sequences GWHPACEH009128 and GWHPACER008263 are exactly identical

IMPORTANT WARNING
Found 15 sequences that are exactly identical to other sequences in the alignment.
Normally they should be excluded from the analysis.

Just in case you might need it, an alignment file with 
sequence duplicates removed is printed to file ../../RAxML_tree_pbNB-ARC/Clade_Refinement_1/Int7287_409_656_R_36.afa.reduced


This is RAxML version 8.2.12 released by Alexandros Stamatakis on May 2018.

With greatly appreciated code contributions by:
Andre Aberer      (HITS)
Simon Berger      (HITS)
Alexey Kozlov     (HITS)
Kassian Kobert    (HITS)
David Dao         (KIT and HITS)
Sarah Lutteropp   (KIT and HITS)
Nick Pattengale   (Sandia)
Wayne Pfeiffer    (SDSC)
Akifumi S. Tanabe (NRIFS)
Charlie Taylor    (UF)


Alignment has 401 distinct alignment patterns

Proportion of gaps and completely undetermined characters in this alignment: 16.74%

RAxML rapid bootstrapping and subsequent ML search

Using 1 distinct models/data partitions with joint branch length optimization



Executing 100 rapid bootstrap inferences and thereafter a thorough ML search 

All free model parameters will be estimated by RAxML
ML estimate of 25 per site rate categories

Likelihood of final tree will be evaluated and optimized under GAMMA

GAMMA Model parameters will be estimated up to an accuracy of 0.1000000000 Log Likelihood units

Partition: 0
Alignment Patterns: 401
Name: No Name Provided
DataType: AA
Substitution Matrix: JTT
Using fixed base frequencies




RAxML was called as follows:

/Users/prigozhin/Installers/standard-RAxML/raxmlHPC-PTHREADS-AVX -T 4 -n Int7287_409_656_R_36.Raxml.out -f a -x 12345 -p 12345 -# 100 -m PROTCATJTT -s ../../RAxML_tree_pbNB-ARC/Clade_Refinement_1/Int7287_409_656_R_36.afa 



Time for BS model parameter optimization 0.673630
Bootstrap[0]: Time 2.000412 seconds, bootstrap likelihood -4354.921298, best rearrangement setting 13
Bootstrap[1]: Time 1.102959 seconds, bootstrap likelihood -4368.224222, best rearrangement setting 13
Bootstrap[2]: Time 1.202196 seconds, bootstrap likelihood -4470.072197, best rearrangement setting 12
Bootstrap[3]: Time 0.509716 seconds, bootstrap likelihood -4483.351433, best rearrangement setting 15
Bootstrap[4]: Time 1.013918 seconds, bootstrap likelihood -4450.112444, best rearrangement setting 10
Bootstrap[5]: Time 1.236621 seconds, bootstrap likelihood -4542.573804, best rearrangement setting 10
Bootstrap[6]: Time 1.046086 seconds, bootstrap likelihood -4472.122138, best rearrangement setting 6
Bootstrap[7]: Time 1.400729 seconds, bootstrap likelihood -4445.252860, best rearrangement setting 14
Bootstrap[8]: Time 1.091696 seconds, bootstrap likelihood -4346.534204, best rearrangement setting 5
Bootstrap[9]: Time 0.999245 seconds, bootstrap likelihood -4465.094197, best rearrangement setting 7
Bootstrap[10]: Time 1.041379 seconds, bootstrap likelihood -4366.870827, best rearrangement setting 7
Bootstrap[11]: Time 0.943242 seconds, bootstrap likelihood -4396.501125, best rearrangement setting 5
Bootstrap[12]: Time 1.339603 seconds, bootstrap likelihood -4405.859264, best rearrangement setting 8
Bootstrap[13]: Time 1.415897 seconds, bootstrap likelihood -4391.502108, best rearrangement setting 7
Bootstrap[14]: Time 1.194928 seconds, bootstrap likelihood -4373.255437, best rearrangement setting 12
Bootstrap[15]: Time 1.044735 seconds, bootstrap likelihood -4397.435430, best rearrangement setting 15
Bootstrap[16]: Time 0.992717 seconds, bootstrap likelihood -4365.325355, best rearrangement setting 12
Bootstrap[17]: Time 1.026955 seconds, bootstrap likelihood -4347.748422, best rearrangement setting 12
Bootstrap[18]: Time 1.204432 seconds, bootstrap likelihood -4360.152388, best rearrangement setting 5
Bootstrap[19]: Time 1.246145 seconds, bootstrap likelihood -4322.639261, best rearrangement setting 8
Bootstrap[20]: Time 1.046262 seconds, bootstrap likelihood -4295.379430, best rearrangement setting 10
Bootstrap[21]: Time 1.230182 seconds, bootstrap likelihood -4372.233023, best rearrangement setting 6
Bootstrap[22]: Time 0.628432 seconds, bootstrap likelihood -4430.873178, best rearrangement setting 5
Bootstrap[23]: Time 0.524732 seconds, bootstrap likelihood -4431.151859, best rearrangement setting 7
Bootstrap[24]: Time 1.008834 seconds, bootstrap likelihood -4438.070731, best rearrangement setting 8
Bootstrap[25]: Time 1.056779 seconds, bootstrap likelihood -4451.812403, best rearrangement setting 6
Bootstrap[26]: Time 1.178623 seconds, bootstrap likelihood -4301.530408, best rearrangement setting 12
Bootstrap[27]: Time 1.129332 seconds, bootstrap likelihood -4478.633375, best rearrangement setting 10
Bootstrap[28]: Time 1.538943 seconds, bootstrap likelihood -4425.221696, best rearrangement setting 11
Bootstrap[29]: Time 1.383970 seconds, bootstrap likelihood -4332.290464, best rearrangement setting 12
Bootstrap[30]: Time 0.572733 seconds, bootstrap likelihood -4423.776660, best rearrangement setting 15
Bootstrap[31]: Time 0.991569 seconds, bootstrap likelihood -4484.326208, best rearrangement setting 15
Bootstrap[32]: Time 0.950185 seconds, bootstrap likelihood -4335.294565, best rearrangement setting 6
Bootstrap[33]: Time 1.071914 seconds, bootstrap likelihood -4428.392187, best rearrangement setting 15
Bootstrap[34]: Time 0.603649 seconds, bootstrap likelihood -4494.804002, best rearrangement setting 11
Bootstrap[35]: Time 1.035976 seconds, bootstrap likelihood -4365.815643, best rearrangement setting 8
Bootstrap[36]: Time 1.130653 seconds, bootstrap likelihood -4391.054136, best rearrangement setting 9
Bootstrap[37]: Time 1.195636 seconds, bootstrap likelihood -4326.173751, best rearrangement setting 11
Bootstrap[38]: Time 1.156139 seconds, bootstrap likelihood -4335.440609, best rearrangement setting 8
Bootstrap[39]: Time 1.117069 seconds, bootstrap likelihood -4357.101418, best rearrangement setting 13
Bootstrap[40]: Time 0.941469 seconds, bootstrap likelihood -4350.544964, best rearrangement setting 13
Bootstrap[41]: Time 0.492546 seconds, bootstrap likelihood -4393.694973, best rearrangement setting 10
Bootstrap[42]: Time 1.273694 seconds, bootstrap likelihood -4379.251944, best rearrangement setting 5
Bootstrap[43]: Time 1.079684 seconds, bootstrap likelihood -4454.695781, best rearrangement setting 14
Bootstrap[44]: Time 0.572635 seconds, bootstrap likelihood -4371.199835, best rearrangement setting 10
Bootstrap[45]: Time 0.559335 seconds, bootstrap likelihood -4422.212494, best rearrangement setting 15
Bootstrap[46]: Time 1.164867 seconds, bootstrap likelihood -4497.233820, best rearrangement setting 14
Bootstrap[47]: Time 1.108185 seconds, bootstrap likelihood -4541.538578, best rearrangement setting 8
Bootstrap[48]: Time 1.133342 seconds, bootstrap likelihood -4389.310851, best rearrangement setting 6
Bootstrap[49]: Time 1.196119 seconds, bootstrap likelihood -4234.895368, best rearrangement setting 7
Bootstrap[50]: Time 0.523343 seconds, bootstrap likelihood -4422.513322, best rearrangement setting 7
Bootstrap[51]: Time 0.959428 seconds, bootstrap likelihood -4488.400349, best rearrangement setting 11
Bootstrap[52]: Time 1.054846 seconds, bootstrap likelihood -4457.462557, best rearrangement setting 12
Bootstrap[53]: Time 1.132099 seconds, bootstrap likelihood -4360.941643, best rearrangement setting 8
Bootstrap[54]: Time 1.532732 seconds, bootstrap likelihood -4458.248352, best rearrangement setting 9
Bootstrap[55]: Time 1.033572 seconds, bootstrap likelihood -4406.372474, best rearrangement setting 11
Bootstrap[56]: Time 0.992651 seconds, bootstrap likelihood -4473.795710, best rearrangement setting 5
Bootstrap[57]: Time 1.051012 seconds, bootstrap likelihood -4376.720340, best rearrangement setting 7
Bootstrap[58]: Time 1.206122 seconds, bootstrap likelihood -4387.560920, best rearrangement setting 10
Bootstrap[59]: Time 1.149107 seconds, bootstrap likelihood -4477.407667, best rearrangement setting 9
Bootstrap[60]: Time 1.369245 seconds, bootstrap likelihood -4499.185193, best rearrangement setting 7
Bootstrap[61]: Time 1.215912 seconds, bootstrap likelihood -4336.301579, best rearrangement setting 5
Bootstrap[62]: Time 0.977533 seconds, bootstrap likelihood -4455.139122, best rearrangement setting 11
Bootstrap[63]: Time 1.048664 seconds, bootstrap likelihood -4391.186492, best rearrangement setting 12
Bootstrap[64]: Time 1.464845 seconds, bootstrap likelihood -4439.605116, best rearrangement setting 7
Bootstrap[65]: Time 0.899273 seconds, bootstrap likelihood -4418.985507, best rearrangement setting 5
Bootstrap[66]: Time 0.923216 seconds, bootstrap likelihood -4310.197824, best rearrangement setting 5
Bootstrap[67]: Time 1.183877 seconds, bootstrap likelihood -4433.287313, best rearrangement setting 15
Bootstrap[68]: Time 1.168896 seconds, bootstrap likelihood -4387.916431, best rearrangement setting 11
Bootstrap[69]: Time 1.169988 seconds, bootstrap likelihood -4507.107855, best rearrangement setting 5
Bootstrap[70]: Time 0.605262 seconds, bootstrap likelihood -4446.555585, best rearrangement setting 8
Bootstrap[71]: Time 0.568504 seconds, bootstrap likelihood -4420.640308, best rearrangement setting 10
Bootstrap[72]: Time 0.590895 seconds, bootstrap likelihood -4303.783739, best rearrangement setting 11
Bootstrap[73]: Time 0.568746 seconds, bootstrap likelihood -4545.265522, best rearrangement setting 9
Bootstrap[74]: Time 0.580900 seconds, bootstrap likelihood -4419.587875, best rearrangement setting 5
Bootstrap[75]: Time 1.106054 seconds, bootstrap likelihood -4275.160675, best rearrangement setting 8
Bootstrap[76]: Time 1.170001 seconds, bootstrap likelihood -4352.651238, best rearrangement setting 9
Bootstrap[77]: Time 1.064637 seconds, bootstrap likelihood -4412.776827, best rearrangement setting 11
Bootstrap[78]: Time 1.043894 seconds, bootstrap likelihood -4423.121988, best rearrangement setting 15
Bootstrap[79]: Time 1.023640 seconds, bootstrap likelihood -4449.343064, best rearrangement setting 9
Bootstrap[80]: Time 1.071717 seconds, bootstrap likelihood -4350.778956, best rearrangement setting 15
Bootstrap[81]: Time 1.056696 seconds, bootstrap likelihood -4467.322479, best rearrangement setting 7
Bootstrap[82]: Time 0.475551 seconds, bootstrap likelihood -4400.427024, best rearrangement setting 6
Bootstrap[83]: Time 1.127479 seconds, bootstrap likelihood -4319.212141, best rearrangement setting 10
Bootstrap[84]: Time 1.329994 seconds, bootstrap likelihood -4349.045007, best rearrangement setting 11
Bootstrap[85]: Time 1.129568 seconds, bootstrap likelihood -4357.631705, best rearrangement setting 8
Bootstrap[86]: Time 1.014838 seconds, bootstrap likelihood -4564.632330, best rearrangement setting 7
Bootstrap[87]: Time 1.098981 seconds, bootstrap likelihood -4350.124365, best rearrangement setting 7
Bootstrap[88]: Time 0.566270 seconds, bootstrap likelihood -4438.000163, best rearrangement setting 12
Bootstrap[89]: Time 1.256471 seconds, bootstrap likelihood -4465.765717, best rearrangement setting 10
Bootstrap[90]: Time 1.009984 seconds, bootstrap likelihood -4341.666336, best rearrangement setting 8
Bootstrap[91]: Time 1.008607 seconds, bootstrap likelihood -4240.680196, best rearrangement setting 12
Bootstrap[92]: Time 1.418858 seconds, bootstrap likelihood -4507.517520, best rearrangement setting 13
Bootstrap[93]: Time 1.725261 seconds, bootstrap likelihood -4371.727632, best rearrangement setting 15
Bootstrap[94]: Time 0.940151 seconds, bootstrap likelihood -4334.032077, best rearrangement setting 5
Bootstrap[95]: Time 0.959915 seconds, bootstrap likelihood -4237.538097, best rearrangement setting 5
Bootstrap[96]: Time 1.027467 seconds, bootstrap likelihood -4463.240325, best rearrangement setting 13
Bootstrap[97]: Time 1.376519 seconds, bootstrap likelihood -4388.678003, best rearrangement setting 11
Bootstrap[98]: Time 1.106948 seconds, bootstrap likelihood -4484.761750, best rearrangement setting 6
Bootstrap[99]: Time 1.201115 seconds, bootstrap likelihood -4378.929603, best rearrangement setting 14


Overall Time for 100 Rapid Bootstraps 105.475152 seconds
Average Time per Rapid Bootstrap 1.054752 seconds

Starting ML Search ...

Fast ML optimization finished

Fast ML search Time: 46.335784 seconds

Slow ML Search 0 Likelihood: -4849.642103
Slow ML Search 1 Likelihood: -4849.642103
Slow ML Search 2 Likelihood: -4849.642103
Slow ML Search 3 Likelihood: -4849.642194
Slow ML Search 4 Likelihood: -4849.642194
Slow ML Search 5 Likelihood: -4849.643759
Slow ML Search 6 Likelihood: -4849.643151
Slow ML Search 7 Likelihood: -4849.645130
Slow ML Search 8 Likelihood: -4849.643076
Slow ML Search 9 Likelihood: -4849.645036
Slow ML optimization finished

Slow ML search Time: 29.037532 seconds
Thorough ML search Time: 5.595574 seconds

Final ML Optimization Likelihood: -4849.643929

Model Information:

Model Parameters of Partition 0, Name: No Name Provided, Type of Data: AA
alpha: 0.020000
Tree-Length: 0.174016
rate A <-> R: 0.603538
rate A <-> N: 0.561915
rate A <-> D: 0.842872
rate A <-> C: 0.582726
rate A <-> Q: 0.593132
rate A <-> E: 1.092612
rate A <-> G: 1.862643
rate A <-> H: 0.280957
rate A <-> I: 0.374610
rate A <-> L: 0.312175
rate A <-> K: 0.364204
rate A <-> M: 0.561915
rate A <-> F: 0.156087
rate A <-> P: 2.018730
rate A <-> S: 3.933403
rate A <-> T: 4.942768
rate A <-> W: 0.093652
rate A <-> Y: 0.114464
rate A <-> V: 3.100937
rate R <-> N: 0.468262
rate R <-> D: 0.166493
rate R <-> C: 1.175858
rate R <-> Q: 3.225806
rate R <-> E: 0.301769
rate R <-> G: 1.425598
rate R <-> H: 3.413111
rate R <-> I: 0.228928
rate R <-> L: 0.395421
rate R <-> K: 6.722164
rate R <-> M: 0.457856
rate R <-> F: 0.052029
rate R <-> P: 0.770031
rate R <-> S: 1.050989
rate R <-> T: 0.665973
rate R <-> W: 1.311134
rate R <-> Y: 0.208117
rate R <-> V: 0.176899
rate N <-> D: 5.494277
rate N <-> C: 0.353798
rate N <-> Q: 0.894901
rate N <-> E: 0.603538
rate N <-> G: 0.842872
rate N <-> H: 4.068678
rate N <-> I: 0.489074
rate N <-> L: 0.124870
rate N <-> K: 2.736733
rate N <-> M: 0.312175
rate N <-> F: 0.104058
rate N <-> P: 0.156087
rate N <-> S: 5.234131
rate N <-> T: 2.414152
rate N <-> W: 0.083247
rate N <-> Y: 0.728408
rate N <-> V: 0.166493
rate D <-> C: 0.104058
rate D <-> Q: 0.509886
rate D <-> E: 7.981270
rate D <-> G: 1.352758
rate D <-> H: 1.165453
rate D <-> I: 0.114464
rate D <-> L: 0.072841
rate D <-> K: 0.270552
rate D <-> M: 0.156087
rate D <-> F: 0.041623
rate D <-> P: 0.156087
rate D <-> S: 0.613944
rate D <-> T: 0.395421
rate D <-> W: 0.041623
rate D <-> Y: 0.478668
rate D <-> V: 0.322581
rate C <-> Q: 0.093652
rate C <-> E: 0.052029
rate C <-> G: 0.613944
rate C <-> H: 0.718002
rate C <-> I: 0.176899
rate C <-> L: 0.239334
rate C <-> K: 0.072841
rate C <-> M: 0.322581
rate C <-> F: 0.811655
rate C <-> P: 0.145682
rate C <-> S: 2.320499
rate C <-> T: 0.437045
rate C <-> W: 1.196670
rate C <-> Y: 2.174818
rate C <-> V: 0.645161
rate Q <-> E: 3.361082
rate Q <-> G: 0.270552
rate Q <-> H: 6.212279
rate Q <-> I: 0.093652
rate Q <-> L: 0.749220
rate Q <-> K: 3.038502
rate Q <-> M: 0.447451
rate Q <-> F: 0.041623
rate Q <-> P: 1.706556
rate Q <-> S: 0.551509
rate Q <-> T: 0.530697
rate Q <-> W: 0.187305
rate Q <-> Y: 0.249740
rate Q <-> V: 0.208117
rate E <-> G: 1.238293
rate E <-> H: 0.270552
rate E <-> I: 0.124870
rate E <-> L: 0.093652
rate E <-> K: 1.883455
rate E <-> M: 0.187305
rate E <-> F: 0.052029
rate E <-> P: 0.187305
rate E <-> S: 0.312175
rate E <-> T: 0.332986
rate E <-> W: 0.104058
rate E <-> Y: 0.072841
rate E <-> V: 0.468262
rate G <-> H: 0.239334
rate G <-> I: 0.062435
rate G <-> L: 0.062435
rate G <-> K: 0.280957
rate G <-> M: 0.145682
rate G <-> F: 0.052029
rate G <-> P: 0.249740
rate G <-> S: 2.091571
rate G <-> T: 0.343392
rate G <-> W: 0.572320
rate G <-> Y: 0.083247
rate G <-> V: 0.489074
rate H <-> I: 0.166493
rate H <-> L: 0.582726
rate H <-> K: 0.468262
rate H <-> M: 0.343392
rate H <-> F: 0.416233
rate H <-> P: 1.196670
rate H <-> S: 0.759625
rate H <-> T: 0.478668
rate H <-> W: 0.083247
rate H <-> Y: 5.962539
rate H <-> V: 0.114464
rate I <-> L: 2.382934
rate I <-> K: 0.218522
rate I <-> M: 4.984391
rate I <-> F: 0.926119
rate I <-> P: 0.104058
rate I <-> S: 0.416233
rate I <-> T: 2.549428
rate I <-> W: 0.093652
rate I <-> Y: 0.332986
rate I <-> V: 10.000000
rate L <-> K: 0.145682
rate L <-> M: 4.037461
rate L <-> F: 2.580645
rate L <-> P: 1.061394
rate L <-> S: 0.613944
rate L <-> T: 0.260146
rate L <-> W: 0.541103
rate L <-> Y: 0.249740
rate L <-> V: 1.873049
rate K <-> M: 0.676379
rate K <-> F: 0.041623
rate K <-> P: 0.218522
rate K <-> S: 0.489074
rate K <-> T: 1.071800
rate K <-> W: 0.104058
rate K <-> Y: 0.083247
rate K <-> V: 0.145682
rate M <-> F: 0.447451
rate M <-> P: 0.166493
rate M <-> S: 0.301769
rate M <-> T: 2.351717
rate M <-> W: 0.249740
rate M <-> Y: 0.187305
rate M <-> V: 3.361082
rate F <-> P: 0.176899
rate F <-> S: 0.957336
rate F <-> T: 0.124870
rate F <-> W: 0.551509
rate F <-> Y: 5.577523
rate F <-> V: 0.645161
rate P <-> S: 2.965661
rate P <-> T: 1.227888
rate P <-> W: 0.062435
rate P <-> Y: 0.104058
rate P <-> V: 0.239334
rate S <-> T: 4.963580
rate S <-> W: 0.364204
rate S <-> Y: 0.655567
rate S <-> V: 0.395421
rate T <-> W: 0.124870
rate T <-> Y: 0.218522
rate T <-> V: 1.165453
rate W <-> Y: 0.738814
rate W <-> V: 0.260146
rate Y <-> V: 0.166493

freq pi(A): 0.076748
freq pi(R): 0.051691
freq pi(N): 0.042645
freq pi(D): 0.051544
freq pi(C): 0.019803
freq pi(Q): 0.040752
freq pi(E): 0.061830
freq pi(G): 0.073152
freq pi(H): 0.022944
freq pi(I): 0.053761
freq pi(L): 0.091904
freq pi(K): 0.058676
freq pi(M): 0.023826
freq pi(F): 0.040126
freq pi(P): 0.050901
freq pi(S): 0.068765
freq pi(T): 0.058565
freq pi(W): 0.014261
freq pi(Y): 0.032102
freq pi(V): 0.066004


ML search took 81.027103 secs or 0.022508 hours

Combined Bootstrap and ML search took 186.502425 secs or 0.051806 hours

Drawing Bootstrap Support Values on best-scoring ML tree ...



Found 1 tree in File /Users/prigozhin/Dropbox/NLRomes/Soy_NLRome/RAxML_tree_pbNB-ARC/Clade_Refinement_1/RAxML_bestTree.Int7287_409_656_R_36.Raxml.out



Found 1 tree in File /Users/prigozhin/Dropbox/NLRomes/Soy_NLRome/RAxML_tree_pbNB-ARC/Clade_Refinement_1/RAxML_bestTree.Int7287_409_656_R_36.Raxml.out

Program execution info written to /Users/prigozhin/Dropbox/NLRomes/Soy_NLRome/RAxML_tree_pbNB-ARC/Clade_Refinement_1/RAxML_info.Int7287_409_656_R_36.Raxml.out
All 100 bootstrapped trees written to: /Users/prigozhin/Dropbox/NLRomes/Soy_NLRome/RAxML_tree_pbNB-ARC/Clade_Refinement_1/RAxML_bootstrap.Int7287_409_656_R_36.Raxml.out

Best-scoring ML tree written to: /Users/prigozhin/Dropbox/NLRomes/Soy_NLRome/RAxML_tree_pbNB-ARC/Clade_Refinement_1/RAxML_bestTree.Int7287_409_656_R_36.Raxml.out

Best-scoring ML tree with support values written to: /Users/prigozhin/Dropbox/NLRomes/Soy_NLRome/RAxML_tree_pbNB-ARC/Clade_Refinement_1/RAxML_bipartitions.Int7287_409_656_R_36.Raxml.out

Best-scoring ML tree with support values as branch labels written to: /Users/prigozhin/Dropbox/NLRomes/Soy_NLRome/RAxML_tree_pbNB-ARC/Clade_Refinement_1/RAxML_bipartitionsBranchLabels.Int7287_409_656_R_36.Raxml.out

Overall execution time for full ML analysis: 186.514597 secs or 0.051810 hours or 0.002159 days

