(GWHPACDY082774,(GWHPACEM080448,(W05_GLYSO_20G053091_1_P,((GWHPACDZ078905,GWHPACEC075616),GWHPACEJ082723))),GWHPACEV073686);
(GWHPACDY082774,(GWHPACEM080448,(W05_GLYSO_20G053091_1_P,((GWHPACDZ078905,GWHPACEC075616),GWHPACEJ082723))),GWHPACEV073686);
(GWHPACDY082774,(GWHPACEM080448,(W05_GLYSO_20G053091_1_P,((GWHPACDZ078905,GWHPACEC075616),GWHPACEJ082723))),GWHPACEV073686);
(GWHPACDY082774,(GWHPACEM080448,(W05_GLYSO_20G053091_1_P,((GWHPACDZ078905,GWHPACEC075616),GWHPACEJ082723))),GWHPACEV073686);
(GWHPACDY082774,(GWHPACEM080448,(W05_GLYSO_20G053091_1_P,((GWHPACDZ078905,GWHPACEC075616),GWHPACEJ082723))),GWHPACEV073686);
(GWHPACDY082774,(GWHPACEM080448,(W05_GLYSO_20G053091_1_P,((GWHPACDZ078905,GWHPACEC075616),GWHPACEJ082723))),GWHPACEV073686);
(GWHPACDY082774,(GWHPACEM080448,(W05_GLYSO_20G053091_1_P,((GWHPACDZ078905,GWHPACEC075616),GWHPACEJ082723))),GWHPACEV073686);
(GWHPACDY082774,(GWHPACEM080448,(W05_GLYSO_20G053091_1_P,((GWHPACDZ078905,GWHPACEC075616),GWHPACEJ082723))),GWHPACEV073686);
(GWHPACDY082774,(GWHPACEM080448,(W05_GLYSO_20G053091_1_P,((GWHPACDZ078905,GWHPACEC075616),GWHPACEJ082723))),GWHPACEV073686);
(GWHPACDY082774,(GWHPACEM080448,(W05_GLYSO_20G053091_1_P,((GWHPACDZ078905,GWHPACEC075616),GWHPACEJ082723))),GWHPACEV073686);
(GWHPACDY082774,((GWHPACEM080448,W05_GLYSO_20G053091_1_P),((GWHPACEC075616,GWHPACDZ078905),GWHPACEJ082723)),GWHPACEV073686);
(GWHPACDY082774,((GWHPACEM080448,W05_GLYSO_20G053091_1_P),((GWHPACEC075616,GWHPACDZ078905),GWHPACEJ082723)),GWHPACEV073686);
(GWHPACDY082774,((GWHPACEM080448,W05_GLYSO_20G053091_1_P),((GWHPACEC075616,GWHPACDZ078905),GWHPACEJ082723)),GWHPACEV073686);
(GWHPACDY082774,((GWHPACEM080448,W05_GLYSO_20G053091_1_P),((GWHPACEC075616,GWHPACDZ078905),GWHPACEJ082723)),GWHPACEV073686);
(GWHPACDY082774,((GWHPACEM080448,W05_GLYSO_20G053091_1_P),((GWHPACEC075616,GWHPACDZ078905),GWHPACEJ082723)),GWHPACEV073686);
(GWHPACDY082774,((GWHPACEM080448,GWHPACEJ082723),((GWHPACDZ078905,W05_GLYSO_20G053091_1_P),GWHPACEC075616)),GWHPACEV073686);
(GWHPACDY082774,((GWHPACEM080448,GWHPACEJ082723),((GWHPACDZ078905,W05_GLYSO_20G053091_1_P),GWHPACEC075616)),GWHPACEV073686);
(GWHPACEM080448,(GWHPACEJ082723,((GWHPACDY082774,(GWHPACDZ078905,GWHPACEC075616)),W05_GLYSO_20G053091_1_P)),GWHPACEV073686);
(GWHPACDY082774,(((GWHPACDZ078905,GWHPACEC075616),W05_GLYSO_20G053091_1_P),(GWHPACEM080448,GWHPACEJ082723)),GWHPACEV073686);
(GWHPACDY082774,(((GWHPACDZ078905,GWHPACEC075616),W05_GLYSO_20G053091_1_P),(GWHPACEM080448,GWHPACEJ082723)),GWHPACEV073686);
(GWHPACDY082774,(GWHPACEJ082723,(((GWHPACDZ078905,GWHPACEC075616),W05_GLYSO_20G053091_1_P),GWHPACEM080448)),GWHPACEV073686);
(GWHPACDY082774,(GWHPACEJ082723,(((GWHPACDZ078905,GWHPACEC075616),W05_GLYSO_20G053091_1_P),GWHPACEM080448)),GWHPACEV073686);
(GWHPACDY082774,(GWHPACEJ082723,(((GWHPACDZ078905,GWHPACEC075616),W05_GLYSO_20G053091_1_P),GWHPACEM080448)),GWHPACEV073686);
(GWHPACDY082774,(GWHPACEJ082723,(((GWHPACDZ078905,GWHPACEC075616),W05_GLYSO_20G053091_1_P),GWHPACEM080448)),GWHPACEV073686);
(GWHPACDY082774,(GWHPACEJ082723,(((GWHPACDZ078905,GWHPACEC075616),W05_GLYSO_20G053091_1_P),GWHPACEM080448)),GWHPACEV073686);
(GWHPACDY082774,(GWHPACEJ082723,(((GWHPACDZ078905,GWHPACEC075616),W05_GLYSO_20G053091_1_P),GWHPACEM080448)),GWHPACEV073686);
(GWHPACDY082774,(GWHPACEJ082723,(((GWHPACDZ078905,GWHPACEC075616),W05_GLYSO_20G053091_1_P),GWHPACEM080448)),GWHPACEV073686);
(GWHPACDY082774,(GWHPACEJ082723,(((GWHPACDZ078905,GWHPACEC075616),W05_GLYSO_20G053091_1_P),GWHPACEM080448)),GWHPACEV073686);
(GWHPACDY082774,(GWHPACEJ082723,(((GWHPACDZ078905,GWHPACEC075616),W05_GLYSO_20G053091_1_P),GWHPACEM080448)),GWHPACEV073686);
(GWHPACDY082774,(GWHPACEJ082723,(((GWHPACDZ078905,GWHPACEC075616),W05_GLYSO_20G053091_1_P),GWHPACEM080448)),GWHPACEV073686);
(GWHPACDY082774,(GWHPACEJ082723,(W05_GLYSO_20G053091_1_P,((GWHPACDZ078905,GWHPACEC075616),GWHPACEM080448))),GWHPACEV073686);
(GWHPACDY082774,(GWHPACEJ082723,(W05_GLYSO_20G053091_1_P,((GWHPACDZ078905,GWHPACEC075616),GWHPACEM080448))),GWHPACEV073686);
(GWHPACDY082774,(GWHPACEJ082723,(W05_GLYSO_20G053091_1_P,((GWHPACDZ078905,GWHPACEC075616),GWHPACEM080448))),GWHPACEV073686);
(GWHPACDY082774,(GWHPACEJ082723,(W05_GLYSO_20G053091_1_P,((GWHPACDZ078905,GWHPACEC075616),GWHPACEM080448))),GWHPACEV073686);
(GWHPACDY082774,(GWHPACEJ082723,(W05_GLYSO_20G053091_1_P,((GWHPACDZ078905,GWHPACEC075616),GWHPACEM080448))),GWHPACEV073686);
(GWHPACDY082774,(GWHPACEJ082723,(W05_GLYSO_20G053091_1_P,((GWHPACDZ078905,GWHPACEC075616),GWHPACEM080448))),GWHPACEV073686);
(GWHPACDY082774,((GWHPACEM080448,GWHPACEJ082723),(W05_GLYSO_20G053091_1_P,(GWHPACDZ078905,GWHPACEC075616))),GWHPACEV073686);
(GWHPACDY082774,((GWHPACEM080448,GWHPACEJ082723),(W05_GLYSO_20G053091_1_P,(GWHPACDZ078905,GWHPACEC075616))),GWHPACEV073686);
(GWHPACDY082774,((GWHPACEM080448,GWHPACEJ082723),(W05_GLYSO_20G053091_1_P,(GWHPACDZ078905,GWHPACEC075616))),GWHPACEV073686);
(GWHPACDY082774,((GWHPACEM080448,GWHPACEJ082723),(W05_GLYSO_20G053091_1_P,(GWHPACDZ078905,GWHPACEC075616))),GWHPACEV073686);
(GWHPACDY082774,(GWHPACEJ082723,((W05_GLYSO_20G053091_1_P,(GWHPACDZ078905,GWHPACEC075616)),GWHPACEM080448)),GWHPACEV073686);
(GWHPACDY082774,(GWHPACEJ082723,((W05_GLYSO_20G053091_1_P,(GWHPACDZ078905,GWHPACEC075616)),GWHPACEM080448)),GWHPACEV073686);
(GWHPACDY082774,(GWHPACEJ082723,((W05_GLYSO_20G053091_1_P,(GWHPACDZ078905,GWHPACEC075616)),GWHPACEM080448)),GWHPACEV073686);
(GWHPACDY082774,(GWHPACEJ082723,((W05_GLYSO_20G053091_1_P,(GWHPACDZ078905,GWHPACEC075616)),GWHPACEM080448)),GWHPACEV073686);
(GWHPACDY082774,(GWHPACEJ082723,((W05_GLYSO_20G053091_1_P,(GWHPACDZ078905,GWHPACEC075616)),GWHPACEM080448)),GWHPACEV073686);
(GWHPACDY082774,(GWHPACEJ082723,((W05_GLYSO_20G053091_1_P,(GWHPACDZ078905,GWHPACEC075616)),GWHPACEM080448)),GWHPACEV073686);
(GWHPACDY082774,(GWHPACEJ082723,((W05_GLYSO_20G053091_1_P,(GWHPACDZ078905,GWHPACEC075616)),GWHPACEM080448)),GWHPACEV073686);
(GWHPACDY082774,(GWHPACEJ082723,((W05_GLYSO_20G053091_1_P,(GWHPACDZ078905,GWHPACEC075616)),GWHPACEM080448)),GWHPACEV073686);
(GWHPACDY082774,(GWHPACEJ082723,((W05_GLYSO_20G053091_1_P,(GWHPACDZ078905,GWHPACEC075616)),GWHPACEM080448)),GWHPACEV073686);
(GWHPACDY082774,(GWHPACEJ082723,((W05_GLYSO_20G053091_1_P,(GWHPACDZ078905,GWHPACEC075616)),GWHPACEM080448)),GWHPACEV073686);
(((W05_GLYSO_20G053091_1_P,(GWHPACEC075616,GWHPACDZ078905)),(GWHPACEM080448,GWHPACEJ082723)),GWHPACDY082774,GWHPACEV073686);
(((W05_GLYSO_20G053091_1_P,(GWHPACEC075616,GWHPACDZ078905)),(GWHPACEM080448,GWHPACEJ082723)),GWHPACDY082774,GWHPACEV073686);
(((W05_GLYSO_20G053091_1_P,(GWHPACEC075616,GWHPACDZ078905)),(GWHPACEM080448,GWHPACEJ082723)),GWHPACDY082774,GWHPACEV073686);
(((W05_GLYSO_20G053091_1_P,(GWHPACEC075616,GWHPACDZ078905)),(GWHPACEM080448,GWHPACEJ082723)),GWHPACDY082774,GWHPACEV073686);
(((W05_GLYSO_20G053091_1_P,(GWHPACEC075616,GWHPACDZ078905)),(GWHPACEM080448,GWHPACEJ082723)),GWHPACDY082774,GWHPACEV073686);
(((W05_GLYSO_20G053091_1_P,(GWHPACEC075616,GWHPACDZ078905)),(GWHPACEM080448,GWHPACEJ082723)),GWHPACDY082774,GWHPACEV073686);
(((W05_GLYSO_20G053091_1_P,(GWHPACEC075616,GWHPACDZ078905)),(GWHPACEM080448,GWHPACEJ082723)),GWHPACDY082774,GWHPACEV073686);
(((W05_GLYSO_20G053091_1_P,(GWHPACEC075616,GWHPACDZ078905)),(GWHPACEM080448,GWHPACEJ082723)),GWHPACDY082774,GWHPACEV073686);
(((W05_GLYSO_20G053091_1_P,(GWHPACEC075616,GWHPACDZ078905)),(GWHPACEM080448,GWHPACEJ082723)),GWHPACDY082774,GWHPACEV073686);
(((W05_GLYSO_20G053091_1_P,(GWHPACEC075616,GWHPACDZ078905)),(GWHPACEM080448,GWHPACEJ082723)),GWHPACDY082774,GWHPACEV073686);
(GWHPACDY082774,(GWHPACEJ082723,(GWHPACEM080448,(W05_GLYSO_20G053091_1_P,(GWHPACEC075616,GWHPACDZ078905)))),GWHPACEV073686);
(GWHPACDY082774,(GWHPACEJ082723,(GWHPACEM080448,(W05_GLYSO_20G053091_1_P,(GWHPACEC075616,GWHPACDZ078905)))),GWHPACEV073686);
(GWHPACDY082774,(GWHPACEJ082723,(GWHPACEM080448,(W05_GLYSO_20G053091_1_P,(GWHPACEC075616,GWHPACDZ078905)))),GWHPACEV073686);
(GWHPACDY082774,(GWHPACEJ082723,(GWHPACEM080448,(W05_GLYSO_20G053091_1_P,(GWHPACEC075616,GWHPACDZ078905)))),GWHPACEV073686);
(GWHPACDY082774,(GWHPACEJ082723,(GWHPACEM080448,(W05_GLYSO_20G053091_1_P,(GWHPACEC075616,GWHPACDZ078905)))),GWHPACEV073686);
(GWHPACDY082774,(GWHPACEJ082723,(GWHPACEM080448,(W05_GLYSO_20G053091_1_P,(GWHPACEC075616,GWHPACDZ078905)))),GWHPACEV073686);
(GWHPACDY082774,(GWHPACEJ082723,(GWHPACEM080448,(W05_GLYSO_20G053091_1_P,(GWHPACEC075616,GWHPACDZ078905)))),GWHPACEV073686);
(GWHPACDY082774,(GWHPACEJ082723,(GWHPACEM080448,(W05_GLYSO_20G053091_1_P,(GWHPACEC075616,GWHPACDZ078905)))),GWHPACEV073686);
(GWHPACDY082774,(GWHPACEJ082723,(GWHPACEM080448,(W05_GLYSO_20G053091_1_P,(GWHPACEC075616,GWHPACDZ078905)))),GWHPACEV073686);
(GWHPACDY082774,(GWHPACEJ082723,(GWHPACEM080448,(W05_GLYSO_20G053091_1_P,(GWHPACEC075616,GWHPACDZ078905)))),GWHPACEV073686);
(GWHPACDY082774,((((GWHPACDZ078905,GWHPACEC075616),W05_GLYSO_20G053091_1_P),GWHPACEM080448),GWHPACEJ082723),GWHPACEV073686);
(GWHPACDY082774,((((GWHPACDZ078905,GWHPACEC075616),W05_GLYSO_20G053091_1_P),GWHPACEM080448),GWHPACEJ082723),GWHPACEV073686);
(GWHPACDY082774,((((GWHPACDZ078905,GWHPACEC075616),W05_GLYSO_20G053091_1_P),GWHPACEM080448),GWHPACEJ082723),GWHPACEV073686);
(GWHPACDY082774,((((GWHPACDZ078905,GWHPACEC075616),W05_GLYSO_20G053091_1_P),GWHPACEM080448),GWHPACEJ082723),GWHPACEV073686);
(GWHPACDY082774,((((GWHPACDZ078905,GWHPACEC075616),W05_GLYSO_20G053091_1_P),GWHPACEM080448),GWHPACEJ082723),GWHPACEV073686);
(GWHPACDY082774,((((GWHPACDZ078905,GWHPACEC075616),W05_GLYSO_20G053091_1_P),GWHPACEM080448),GWHPACEJ082723),GWHPACEV073686);
(GWHPACDY082774,((((GWHPACDZ078905,GWHPACEC075616),W05_GLYSO_20G053091_1_P),GWHPACEM080448),GWHPACEJ082723),GWHPACEV073686);
(GWHPACDY082774,((((GWHPACDZ078905,GWHPACEC075616),W05_GLYSO_20G053091_1_P),GWHPACEM080448),GWHPACEJ082723),GWHPACEV073686);
(GWHPACDY082774,((((GWHPACDZ078905,GWHPACEC075616),W05_GLYSO_20G053091_1_P),GWHPACEM080448),GWHPACEJ082723),GWHPACEV073686);
(GWHPACDY082774,((((GWHPACDZ078905,GWHPACEC075616),W05_GLYSO_20G053091_1_P),GWHPACEM080448),GWHPACEJ082723),GWHPACEV073686);
(GWHPACDY082774,(W05_GLYSO_20G053091_1_P,(GWHPACEJ082723,(GWHPACEM080448,(GWHPACEC075616,GWHPACDZ078905)))),GWHPACEV073686);
(GWHPACDY082774,(W05_GLYSO_20G053091_1_P,(GWHPACEJ082723,(GWHPACEM080448,(GWHPACEC075616,GWHPACDZ078905)))),GWHPACEV073686);
(GWHPACDY082774,(W05_GLYSO_20G053091_1_P,(GWHPACEJ082723,(GWHPACEM080448,(GWHPACEC075616,GWHPACDZ078905)))),GWHPACEV073686);
(GWHPACDY082774,((GWHPACEC075616,(GWHPACDZ078905,W05_GLYSO_20G053091_1_P)),(GWHPACEJ082723,GWHPACEM080448)),GWHPACEV073686);
((GWHPACEJ082723,GWHPACEM080448),(GWHPACDY082774,(W05_GLYSO_20G053091_1_P,(GWHPACEC075616,GWHPACDZ078905))),GWHPACEV073686);
(GWHPACDY082774,((GWHPACEC075616,GWHPACDZ078905),(W05_GLYSO_20G053091_1_P,(GWHPACEJ082723,GWHPACEM080448))),GWHPACEV073686);
(GWHPACDY082774,((GWHPACEC075616,GWHPACDZ078905),(W05_GLYSO_20G053091_1_P,(GWHPACEJ082723,GWHPACEM080448))),GWHPACEV073686);
(GWHPACDY082774,((GWHPACEC075616,GWHPACDZ078905),(W05_GLYSO_20G053091_1_P,(GWHPACEJ082723,GWHPACEM080448))),GWHPACEV073686);
(GWHPACDY082774,((GWHPACEC075616,GWHPACDZ078905),(W05_GLYSO_20G053091_1_P,(GWHPACEJ082723,GWHPACEM080448))),GWHPACEV073686);
(GWHPACDY082774,((GWHPACEJ082723,GWHPACEM080448),((GWHPACEC075616,GWHPACDZ078905),W05_GLYSO_20G053091_1_P)),GWHPACEV073686);
(GWHPACDY082774,((((GWHPACEC075616,GWHPACDZ078905),GWHPACEJ082723),W05_GLYSO_20G053091_1_P),GWHPACEM080448),GWHPACEV073686);
(GWHPACDY082774,((((GWHPACEC075616,GWHPACDZ078905),GWHPACEJ082723),W05_GLYSO_20G053091_1_P),GWHPACEM080448),GWHPACEV073686);
(GWHPACDY082774,((((GWHPACEC075616,GWHPACDZ078905),GWHPACEJ082723),W05_GLYSO_20G053091_1_P),GWHPACEM080448),GWHPACEV073686);
((GWHPACEM080448,GWHPACEJ082723),((W05_GLYSO_20G053091_1_P,(GWHPACEC075616,GWHPACDZ078905)),GWHPACDY082774),GWHPACEV073686);
(GWHPACDY082774,((GWHPACEM080448,GWHPACEJ082723),(W05_GLYSO_20G053091_1_P,(GWHPACEC075616,GWHPACDZ078905))),GWHPACEV073686);
(GWHPACDY082774,((GWHPACEM080448,GWHPACEJ082723),(W05_GLYSO_20G053091_1_P,(GWHPACEC075616,GWHPACDZ078905))),GWHPACEV073686);
(GWHPACDY082774,((GWHPACEM080448,GWHPACEJ082723),(W05_GLYSO_20G053091_1_P,(GWHPACEC075616,GWHPACDZ078905))),GWHPACEV073686);
(GWHPACDY082774,((GWHPACEM080448,GWHPACEJ082723),(W05_GLYSO_20G053091_1_P,(GWHPACEC075616,GWHPACDZ078905))),GWHPACEV073686);
(GWHPACDY082774,((GWHPACEM080448,GWHPACEJ082723),(W05_GLYSO_20G053091_1_P,(GWHPACEC075616,GWHPACDZ078905))),GWHPACEV073686);
(GWHPACDY082774,((GWHPACEM080448,GWHPACEJ082723),(W05_GLYSO_20G053091_1_P,(GWHPACEC075616,GWHPACDZ078905))),GWHPACEV073686);
