(GWHPACEM000517,(GLYMA_01G032900_1,(GWHPACES000514,GLYMA_ZH13_01G032400_1_P)),W05_GLYSO_01G000324_1_P);
(GWHPACEM000517,(GLYMA_01G032900_1,(GWHPACES000514,GLYMA_ZH13_01G032400_1_P)),W05_GLYSO_01G000324_1_P);
(GWHPACEM000517,(GLYMA_01G032900_1,(GWHPACES000514,GLYMA_ZH13_01G032400_1_P)),W05_GLYSO_01G000324_1_P);
(GWHPACEM000517,(GLYMA_01G032900_1,(GWHPACES000514,GLYMA_ZH13_01G032400_1_P)),W05_GLYSO_01G000324_1_P);
(GWHPACEM000517,(GLYMA_01G032900_1,(GWHPACES000514,GLYMA_ZH13_01G032400_1_P)),W05_GLYSO_01G000324_1_P);
(GWHPACEM000517,(GLYMA_01G032900_1,(GWHPACES000514,GLYMA_ZH13_01G032400_1_P)),W05_GLYSO_01G000324_1_P);
(GWHPACEM000517,(GLYMA_01G032900_1,(GWHPACES000514,GLYMA_ZH13_01G032400_1_P)),W05_GLYSO_01G000324_1_P);
(GWHPACEM000517,(GLYMA_01G032900_1,(GWHPACES000514,GLYMA_ZH13_01G032400_1_P)),W05_GLYSO_01G000324_1_P);
(GWHPACEM000517,(GLYMA_01G032900_1,(GWHPACES000514,GLYMA_ZH13_01G032400_1_P)),W05_GLYSO_01G000324_1_P);
(GWHPACEM000517,(GLYMA_01G032900_1,(GWHPACES000514,GLYMA_ZH13_01G032400_1_P)),W05_GLYSO_01G000324_1_P);
((GLYMA_01G032900_1,GWHPACEM000517),(GWHPACES000514,GLYMA_ZH13_01G032400_1_P),W05_GLYSO_01G000324_1_P);
((GLYMA_01G032900_1,GWHPACEM000517),(GWHPACES000514,GLYMA_ZH13_01G032400_1_P),W05_GLYSO_01G000324_1_P);
((GLYMA_01G032900_1,GWHPACEM000517),(GWHPACES000514,GLYMA_ZH13_01G032400_1_P),W05_GLYSO_01G000324_1_P);
((GLYMA_01G032900_1,GWHPACEM000517),(GWHPACES000514,GLYMA_ZH13_01G032400_1_P),W05_GLYSO_01G000324_1_P);
((GLYMA_01G032900_1,GWHPACEM000517),(GWHPACES000514,GLYMA_ZH13_01G032400_1_P),W05_GLYSO_01G000324_1_P);
((GLYMA_01G032900_1,GWHPACEM000517),(GWHPACES000514,GLYMA_ZH13_01G032400_1_P),W05_GLYSO_01G000324_1_P);
((GLYMA_01G032900_1,GWHPACEM000517),(GWHPACES000514,GLYMA_ZH13_01G032400_1_P),W05_GLYSO_01G000324_1_P);
((GLYMA_01G032900_1,GWHPACEM000517),(GWHPACES000514,GLYMA_ZH13_01G032400_1_P),W05_GLYSO_01G000324_1_P);
((GLYMA_01G032900_1,GWHPACEM000517),(GWHPACES000514,GLYMA_ZH13_01G032400_1_P),W05_GLYSO_01G000324_1_P);
((GLYMA_01G032900_1,GWHPACEM000517),(GWHPACES000514,GLYMA_ZH13_01G032400_1_P),W05_GLYSO_01G000324_1_P);
(GLYMA_01G032900_1,(GWHPACEM000517,(GLYMA_ZH13_01G032400_1_P,GWHPACES000514)),W05_GLYSO_01G000324_1_P);
(GLYMA_01G032900_1,(GWHPACEM000517,(GLYMA_ZH13_01G032400_1_P,GWHPACES000514)),W05_GLYSO_01G000324_1_P);
(GLYMA_01G032900_1,(GWHPACEM000517,(GLYMA_ZH13_01G032400_1_P,GWHPACES000514)),W05_GLYSO_01G000324_1_P);
(GLYMA_01G032900_1,(GWHPACEM000517,(GLYMA_ZH13_01G032400_1_P,GWHPACES000514)),W05_GLYSO_01G000324_1_P);
(GLYMA_01G032900_1,(GWHPACEM000517,(GLYMA_ZH13_01G032400_1_P,GWHPACES000514)),W05_GLYSO_01G000324_1_P);
(GLYMA_01G032900_1,(GWHPACEM000517,(GLYMA_ZH13_01G032400_1_P,GWHPACES000514)),W05_GLYSO_01G000324_1_P);
(GLYMA_01G032900_1,(GWHPACEM000517,(GLYMA_ZH13_01G032400_1_P,GWHPACES000514)),W05_GLYSO_01G000324_1_P);
(GLYMA_01G032900_1,(GWHPACEM000517,(GLYMA_ZH13_01G032400_1_P,GWHPACES000514)),W05_GLYSO_01G000324_1_P);
(GLYMA_01G032900_1,(GWHPACEM000517,(GLYMA_ZH13_01G032400_1_P,GWHPACES000514)),W05_GLYSO_01G000324_1_P);
(GLYMA_01G032900_1,(GWHPACEM000517,(GLYMA_ZH13_01G032400_1_P,GWHPACES000514)),W05_GLYSO_01G000324_1_P);
((GWHPACEM000517,GLYMA_01G032900_1),(GLYMA_ZH13_01G032400_1_P,GWHPACES000514),W05_GLYSO_01G000324_1_P);
((GWHPACEM000517,GLYMA_01G032900_1),(GLYMA_ZH13_01G032400_1_P,GWHPACES000514),W05_GLYSO_01G000324_1_P);
((GWHPACEM000517,GLYMA_01G032900_1),(GLYMA_ZH13_01G032400_1_P,GWHPACES000514),W05_GLYSO_01G000324_1_P);
((GWHPACEM000517,GLYMA_01G032900_1),(GLYMA_ZH13_01G032400_1_P,GWHPACES000514),W05_GLYSO_01G000324_1_P);
((GWHPACEM000517,GLYMA_01G032900_1),(GLYMA_ZH13_01G032400_1_P,GWHPACES000514),W05_GLYSO_01G000324_1_P);
((GWHPACEM000517,GLYMA_01G032900_1),(GLYMA_ZH13_01G032400_1_P,GWHPACES000514),W05_GLYSO_01G000324_1_P);
((GWHPACEM000517,GLYMA_01G032900_1),(GLYMA_ZH13_01G032400_1_P,GWHPACES000514),W05_GLYSO_01G000324_1_P);
((GWHPACEM000517,GLYMA_01G032900_1),(GLYMA_ZH13_01G032400_1_P,GWHPACES000514),W05_GLYSO_01G000324_1_P);
((GWHPACEM000517,GLYMA_01G032900_1),(GLYMA_ZH13_01G032400_1_P,GWHPACES000514),W05_GLYSO_01G000324_1_P);
((GWHPACEM000517,GLYMA_01G032900_1),(GLYMA_ZH13_01G032400_1_P,GWHPACES000514),W05_GLYSO_01G000324_1_P);
(GLYMA_01G032900_1,(GWHPACEM000517,(GLYMA_ZH13_01G032400_1_P,GWHPACES000514)),W05_GLYSO_01G000324_1_P);
(GLYMA_01G032900_1,(GWHPACEM000517,(GLYMA_ZH13_01G032400_1_P,GWHPACES000514)),W05_GLYSO_01G000324_1_P);
(GLYMA_01G032900_1,(GWHPACEM000517,(GLYMA_ZH13_01G032400_1_P,GWHPACES000514)),W05_GLYSO_01G000324_1_P);
(GLYMA_01G032900_1,(GWHPACEM000517,(GLYMA_ZH13_01G032400_1_P,GWHPACES000514)),W05_GLYSO_01G000324_1_P);
(GLYMA_01G032900_1,(GWHPACEM000517,(GLYMA_ZH13_01G032400_1_P,GWHPACES000514)),W05_GLYSO_01G000324_1_P);
(GLYMA_01G032900_1,(GWHPACEM000517,(GLYMA_ZH13_01G032400_1_P,GWHPACES000514)),W05_GLYSO_01G000324_1_P);
(GLYMA_01G032900_1,(GWHPACEM000517,(GLYMA_ZH13_01G032400_1_P,GWHPACES000514)),W05_GLYSO_01G000324_1_P);
(GLYMA_01G032900_1,(GWHPACEM000517,(GLYMA_ZH13_01G032400_1_P,GWHPACES000514)),W05_GLYSO_01G000324_1_P);
(GLYMA_01G032900_1,(GWHPACEM000517,(GLYMA_ZH13_01G032400_1_P,GWHPACES000514)),W05_GLYSO_01G000324_1_P);
(GLYMA_01G032900_1,(GWHPACEM000517,(GLYMA_ZH13_01G032400_1_P,GWHPACES000514)),W05_GLYSO_01G000324_1_P);
(GWHPACEM000517,(GLYMA_01G032900_1,(GLYMA_ZH13_01G032400_1_P,GWHPACES000514)),W05_GLYSO_01G000324_1_P);
(GWHPACEM000517,(GLYMA_01G032900_1,(GLYMA_ZH13_01G032400_1_P,GWHPACES000514)),W05_GLYSO_01G000324_1_P);
(GWHPACEM000517,(GLYMA_01G032900_1,(GLYMA_ZH13_01G032400_1_P,GWHPACES000514)),W05_GLYSO_01G000324_1_P);
(GWHPACEM000517,(GLYMA_01G032900_1,(GLYMA_ZH13_01G032400_1_P,GWHPACES000514)),W05_GLYSO_01G000324_1_P);
(GWHPACEM000517,(GLYMA_01G032900_1,(GLYMA_ZH13_01G032400_1_P,GWHPACES000514)),W05_GLYSO_01G000324_1_P);
(GWHPACEM000517,(GLYMA_01G032900_1,(GLYMA_ZH13_01G032400_1_P,GWHPACES000514)),W05_GLYSO_01G000324_1_P);
(GWHPACEM000517,(GLYMA_01G032900_1,(GLYMA_ZH13_01G032400_1_P,GWHPACES000514)),W05_GLYSO_01G000324_1_P);
(GWHPACEM000517,(GLYMA_01G032900_1,(GLYMA_ZH13_01G032400_1_P,GWHPACES000514)),W05_GLYSO_01G000324_1_P);
(GWHPACEM000517,(GLYMA_01G032900_1,(GLYMA_ZH13_01G032400_1_P,GWHPACES000514)),W05_GLYSO_01G000324_1_P);
(GWHPACEM000517,(GLYMA_01G032900_1,(GLYMA_ZH13_01G032400_1_P,GWHPACES000514)),W05_GLYSO_01G000324_1_P);
((GLYMA_ZH13_01G032400_1_P,GWHPACES000514),(GWHPACEM000517,GLYMA_01G032900_1),W05_GLYSO_01G000324_1_P);
((GLYMA_ZH13_01G032400_1_P,GWHPACES000514),(GWHPACEM000517,GLYMA_01G032900_1),W05_GLYSO_01G000324_1_P);
((GLYMA_ZH13_01G032400_1_P,GWHPACES000514),(GWHPACEM000517,GLYMA_01G032900_1),W05_GLYSO_01G000324_1_P);
((GLYMA_ZH13_01G032400_1_P,GWHPACES000514),(GWHPACEM000517,GLYMA_01G032900_1),W05_GLYSO_01G000324_1_P);
((GLYMA_ZH13_01G032400_1_P,GWHPACES000514),(GWHPACEM000517,GLYMA_01G032900_1),W05_GLYSO_01G000324_1_P);
((GLYMA_ZH13_01G032400_1_P,GWHPACES000514),(GWHPACEM000517,GLYMA_01G032900_1),W05_GLYSO_01G000324_1_P);
((GLYMA_ZH13_01G032400_1_P,GWHPACES000514),(GWHPACEM000517,GLYMA_01G032900_1),W05_GLYSO_01G000324_1_P);
((GLYMA_ZH13_01G032400_1_P,GWHPACES000514),(GWHPACEM000517,GLYMA_01G032900_1),W05_GLYSO_01G000324_1_P);
((GLYMA_ZH13_01G032400_1_P,GWHPACES000514),(GWHPACEM000517,GLYMA_01G032900_1),W05_GLYSO_01G000324_1_P);
((GLYMA_ZH13_01G032400_1_P,GWHPACES000514),(GWHPACEM000517,GLYMA_01G032900_1),W05_GLYSO_01G000324_1_P);
(GWHPACEM000517,((GLYMA_ZH13_01G032400_1_P,GWHPACES000514),GLYMA_01G032900_1),W05_GLYSO_01G000324_1_P);
(GWHPACEM000517,((GLYMA_ZH13_01G032400_1_P,GWHPACES000514),GLYMA_01G032900_1),W05_GLYSO_01G000324_1_P);
(GWHPACEM000517,((GLYMA_ZH13_01G032400_1_P,GWHPACES000514),GLYMA_01G032900_1),W05_GLYSO_01G000324_1_P);
(GWHPACEM000517,((GLYMA_ZH13_01G032400_1_P,GWHPACES000514),GLYMA_01G032900_1),W05_GLYSO_01G000324_1_P);
(GWHPACEM000517,((GLYMA_ZH13_01G032400_1_P,GWHPACES000514),GLYMA_01G032900_1),W05_GLYSO_01G000324_1_P);
(GWHPACEM000517,((GLYMA_ZH13_01G032400_1_P,GWHPACES000514),GLYMA_01G032900_1),W05_GLYSO_01G000324_1_P);
(GWHPACEM000517,((GLYMA_ZH13_01G032400_1_P,GWHPACES000514),GLYMA_01G032900_1),W05_GLYSO_01G000324_1_P);
(GWHPACEM000517,((GLYMA_ZH13_01G032400_1_P,GWHPACES000514),GLYMA_01G032900_1),W05_GLYSO_01G000324_1_P);
(GWHPACEM000517,((GLYMA_ZH13_01G032400_1_P,GWHPACES000514),GLYMA_01G032900_1),W05_GLYSO_01G000324_1_P);
(GWHPACEM000517,((GLYMA_ZH13_01G032400_1_P,GWHPACES000514),GLYMA_01G032900_1),W05_GLYSO_01G000324_1_P);
((GLYMA_01G032900_1,GWHPACEM000517),(GWHPACES000514,GLYMA_ZH13_01G032400_1_P),W05_GLYSO_01G000324_1_P);
((GLYMA_01G032900_1,GWHPACEM000517),(GWHPACES000514,GLYMA_ZH13_01G032400_1_P),W05_GLYSO_01G000324_1_P);
((GLYMA_01G032900_1,GWHPACEM000517),(GWHPACES000514,GLYMA_ZH13_01G032400_1_P),W05_GLYSO_01G000324_1_P);
((GLYMA_01G032900_1,GWHPACEM000517),(GWHPACES000514,GLYMA_ZH13_01G032400_1_P),W05_GLYSO_01G000324_1_P);
((GLYMA_01G032900_1,GWHPACEM000517),(GWHPACES000514,GLYMA_ZH13_01G032400_1_P),W05_GLYSO_01G000324_1_P);
((GLYMA_01G032900_1,GWHPACEM000517),(GWHPACES000514,GLYMA_ZH13_01G032400_1_P),W05_GLYSO_01G000324_1_P);
((GLYMA_01G032900_1,GWHPACEM000517),(GWHPACES000514,GLYMA_ZH13_01G032400_1_P),W05_GLYSO_01G000324_1_P);
((GLYMA_01G032900_1,GWHPACEM000517),(GWHPACES000514,GLYMA_ZH13_01G032400_1_P),W05_GLYSO_01G000324_1_P);
((GLYMA_01G032900_1,GWHPACEM000517),(GWHPACES000514,GLYMA_ZH13_01G032400_1_P),W05_GLYSO_01G000324_1_P);
((GLYMA_01G032900_1,GWHPACEM000517),(GWHPACES000514,GLYMA_ZH13_01G032400_1_P),W05_GLYSO_01G000324_1_P);
(GWHPACEM000517,((GWHPACES000514,GLYMA_ZH13_01G032400_1_P),GLYMA_01G032900_1),W05_GLYSO_01G000324_1_P);
(GWHPACEM000517,((GWHPACES000514,GLYMA_ZH13_01G032400_1_P),GLYMA_01G032900_1),W05_GLYSO_01G000324_1_P);
(GWHPACEM000517,((GWHPACES000514,GLYMA_ZH13_01G032400_1_P),GLYMA_01G032900_1),W05_GLYSO_01G000324_1_P);
(GWHPACEM000517,((GWHPACES000514,GLYMA_ZH13_01G032400_1_P),GLYMA_01G032900_1),W05_GLYSO_01G000324_1_P);
(GWHPACEM000517,((GWHPACES000514,GLYMA_ZH13_01G032400_1_P),GLYMA_01G032900_1),W05_GLYSO_01G000324_1_P);
(GWHPACEM000517,((GWHPACES000514,GLYMA_ZH13_01G032400_1_P),GLYMA_01G032900_1),W05_GLYSO_01G000324_1_P);
(GWHPACEM000517,((GWHPACES000514,GLYMA_ZH13_01G032400_1_P),GLYMA_01G032900_1),W05_GLYSO_01G000324_1_P);
(GWHPACEM000517,((GWHPACES000514,GLYMA_ZH13_01G032400_1_P),GLYMA_01G032900_1),W05_GLYSO_01G000324_1_P);
(GWHPACEM000517,((GWHPACES000514,GLYMA_ZH13_01G032400_1_P),GLYMA_01G032900_1),W05_GLYSO_01G000324_1_P);
(GWHPACEM000517,((GWHPACES000514,GLYMA_ZH13_01G032400_1_P),GLYMA_01G032900_1),W05_GLYSO_01G000324_1_P);
