(GWHPACEP062289,(GWHPACEJ068143,(GWHPACED063280,((GWHPACEB060274,(GWHPACEM065999,GWHPACEN065403)),(GWHPACEU066541,(W05_GLYSO_16G043468_1_P,(GWHPACEO066873,GLYMA_ZH13_16G106000_1_P)))))),GLYMA_16G118600_1);
(GWHPACEP062289,(GWHPACEJ068143,(GWHPACED063280,((GWHPACEB060274,(GWHPACEM065999,GWHPACEN065403)),(GWHPACEU066541,(W05_GLYSO_16G043468_1_P,(GWHPACEO066873,GLYMA_ZH13_16G106000_1_P)))))),GLYMA_16G118600_1);
(GWHPACEP062289,(GWHPACEJ068143,(GWHPACED063280,((GWHPACEB060274,(GWHPACEM065999,GWHPACEN065403)),(GWHPACEU066541,(W05_GLYSO_16G043468_1_P,(GWHPACEO066873,GLYMA_ZH13_16G106000_1_P)))))),GLYMA_16G118600_1);
(GWHPACEP062289,(GWHPACEJ068143,(GWHPACED063280,((GWHPACEB060274,(GWHPACEM065999,GWHPACEN065403)),(GWHPACEU066541,(W05_GLYSO_16G043468_1_P,(GWHPACEO066873,GLYMA_ZH13_16G106000_1_P)))))),GLYMA_16G118600_1);
(GWHPACEP062289,(GWHPACEJ068143,(GWHPACED063280,((GWHPACEB060274,(GWHPACEM065999,GWHPACEN065403)),(GWHPACEU066541,(W05_GLYSO_16G043468_1_P,(GWHPACEO066873,GLYMA_ZH13_16G106000_1_P)))))),GLYMA_16G118600_1);
(GWHPACEP062289,(GWHPACEJ068143,(GWHPACED063280,((GWHPACEB060274,(GWHPACEM065999,GWHPACEN065403)),(GWHPACEU066541,(W05_GLYSO_16G043468_1_P,(GWHPACEO066873,GLYMA_ZH13_16G106000_1_P)))))),GLYMA_16G118600_1);
(GWHPACEP062289,(GWHPACEJ068143,(GWHPACED063280,((GWHPACEB060274,(GWHPACEM065999,GWHPACEN065403)),(GWHPACEU066541,(W05_GLYSO_16G043468_1_P,(GWHPACEO066873,GLYMA_ZH13_16G106000_1_P)))))),GLYMA_16G118600_1);
(GWHPACEP062289,(GWHPACEJ068143,(GWHPACED063280,((GWHPACEB060274,(GWHPACEM065999,GWHPACEN065403)),(GWHPACEU066541,(W05_GLYSO_16G043468_1_P,(GWHPACEO066873,GLYMA_ZH13_16G106000_1_P)))))),GLYMA_16G118600_1);
(GWHPACEP062289,(GWHPACEJ068143,(GWHPACED063280,((GWHPACEB060274,(GWHPACEM065999,GWHPACEN065403)),(GWHPACEU066541,(W05_GLYSO_16G043468_1_P,(GWHPACEO066873,GLYMA_ZH13_16G106000_1_P)))))),GLYMA_16G118600_1);
(GWHPACEP062289,(GWHPACEJ068143,(GWHPACED063280,((GWHPACEB060274,(GWHPACEM065999,GWHPACEN065403)),(GWHPACEU066541,(W05_GLYSO_16G043468_1_P,(GWHPACEO066873,GLYMA_ZH13_16G106000_1_P)))))),GLYMA_16G118600_1);
(GWHPACEO066873,(GWHPACED063280,(GWHPACEP062289,(GWHPACEU066541,(W05_GLYSO_16G043468_1_P,(GLYMA_ZH13_16G106000_1_P,((GWHPACEB060274,(GWHPACEM065999,GWHPACEN065403)),GWHPACEJ068143)))))),GLYMA_16G118600_1);
(GWHPACEO066873,(GWHPACED063280,(GWHPACEP062289,(GWHPACEU066541,(W05_GLYSO_16G043468_1_P,(GLYMA_ZH13_16G106000_1_P,((GWHPACEB060274,(GWHPACEM065999,GWHPACEN065403)),GWHPACEJ068143)))))),GLYMA_16G118600_1);
(GWHPACEO066873,(GWHPACED063280,(GWHPACEP062289,(GWHPACEU066541,(W05_GLYSO_16G043468_1_P,(GLYMA_ZH13_16G106000_1_P,((GWHPACEB060274,(GWHPACEM065999,GWHPACEN065403)),GWHPACEJ068143)))))),GLYMA_16G118600_1);
(GWHPACEO066873,(GWHPACED063280,(GWHPACEP062289,(GWHPACEU066541,(W05_GLYSO_16G043468_1_P,(GLYMA_ZH13_16G106000_1_P,((GWHPACEB060274,(GWHPACEM065999,GWHPACEN065403)),GWHPACEJ068143)))))),GLYMA_16G118600_1);
(GWHPACEO066873,(GWHPACED063280,(GWHPACEP062289,(GWHPACEU066541,(W05_GLYSO_16G043468_1_P,(GLYMA_ZH13_16G106000_1_P,((GWHPACEB060274,(GWHPACEM065999,GWHPACEN065403)),GWHPACEJ068143)))))),GLYMA_16G118600_1);
(GWHPACEO066873,(GWHPACED063280,(GWHPACEP062289,(GWHPACEU066541,(W05_GLYSO_16G043468_1_P,(GLYMA_ZH13_16G106000_1_P,((GWHPACEB060274,(GWHPACEM065999,GWHPACEN065403)),GWHPACEJ068143)))))),GLYMA_16G118600_1);
(GWHPACEO066873,(GWHPACED063280,(GWHPACEP062289,(GWHPACEU066541,(W05_GLYSO_16G043468_1_P,(GLYMA_ZH13_16G106000_1_P,((GWHPACEB060274,(GWHPACEM065999,GWHPACEN065403)),GWHPACEJ068143)))))),GLYMA_16G118600_1);
(GWHPACEO066873,(GWHPACED063280,(GWHPACEP062289,(GWHPACEU066541,(W05_GLYSO_16G043468_1_P,(GLYMA_ZH13_16G106000_1_P,((GWHPACEB060274,(GWHPACEM065999,GWHPACEN065403)),GWHPACEJ068143)))))),GLYMA_16G118600_1);
(GWHPACEO066873,(GWHPACED063280,(GWHPACEP062289,(GWHPACEU066541,(W05_GLYSO_16G043468_1_P,(GLYMA_ZH13_16G106000_1_P,((GWHPACEB060274,(GWHPACEM065999,GWHPACEN065403)),GWHPACEJ068143)))))),GLYMA_16G118600_1);
(GWHPACEO066873,(GWHPACED063280,(GWHPACEP062289,(GWHPACEU066541,(W05_GLYSO_16G043468_1_P,(GLYMA_ZH13_16G106000_1_P,((GWHPACEB060274,(GWHPACEM065999,GWHPACEN065403)),GWHPACEJ068143)))))),GLYMA_16G118600_1);
(GWHPACEU066541,(W05_GLYSO_16G043468_1_P,(GWHPACED063280,(GWHPACEO066873,(GLYMA_ZH13_16G106000_1_P,(GWHPACEP062289,(GWHPACEJ068143,(GWHPACEB060274,(GWHPACEM065999,GWHPACEN065403)))))))),GLYMA_16G118600_1);
(GWHPACEU066541,(W05_GLYSO_16G043468_1_P,(GWHPACED063280,(GWHPACEO066873,(GLYMA_ZH13_16G106000_1_P,(GWHPACEP062289,(GWHPACEJ068143,(GWHPACEB060274,(GWHPACEM065999,GWHPACEN065403)))))))),GLYMA_16G118600_1);
(GWHPACEU066541,(W05_GLYSO_16G043468_1_P,(GWHPACED063280,(GWHPACEO066873,(GLYMA_ZH13_16G106000_1_P,(GWHPACEP062289,(GWHPACEJ068143,(GWHPACEB060274,(GWHPACEM065999,GWHPACEN065403)))))))),GLYMA_16G118600_1);
(GWHPACEU066541,(W05_GLYSO_16G043468_1_P,(GWHPACED063280,(GWHPACEO066873,(GLYMA_ZH13_16G106000_1_P,(GWHPACEP062289,(GWHPACEJ068143,(GWHPACEB060274,(GWHPACEM065999,GWHPACEN065403)))))))),GLYMA_16G118600_1);
(GWHPACEU066541,(W05_GLYSO_16G043468_1_P,(GWHPACED063280,(GWHPACEO066873,(GLYMA_ZH13_16G106000_1_P,(GWHPACEP062289,(GWHPACEJ068143,(GWHPACEB060274,(GWHPACEM065999,GWHPACEN065403)))))))),GLYMA_16G118600_1);
(GWHPACEU066541,(W05_GLYSO_16G043468_1_P,(GWHPACED063280,(GWHPACEO066873,(GLYMA_ZH13_16G106000_1_P,(GWHPACEP062289,(GWHPACEJ068143,(GWHPACEB060274,(GWHPACEM065999,GWHPACEN065403)))))))),GLYMA_16G118600_1);
(GWHPACEU066541,(W05_GLYSO_16G043468_1_P,(GWHPACED063280,(GWHPACEO066873,(GLYMA_ZH13_16G106000_1_P,(GWHPACEP062289,(GWHPACEJ068143,(GWHPACEB060274,(GWHPACEM065999,GWHPACEN065403)))))))),GLYMA_16G118600_1);
(GWHPACEU066541,(W05_GLYSO_16G043468_1_P,(GWHPACED063280,(GWHPACEO066873,(GLYMA_ZH13_16G106000_1_P,(GWHPACEP062289,(GWHPACEJ068143,(GWHPACEB060274,(GWHPACEM065999,GWHPACEN065403)))))))),GLYMA_16G118600_1);
(GWHPACEU066541,(W05_GLYSO_16G043468_1_P,(GWHPACED063280,(GWHPACEO066873,(GLYMA_ZH13_16G106000_1_P,(GWHPACEP062289,(GWHPACEJ068143,(GWHPACEB060274,(GWHPACEM065999,GWHPACEN065403)))))))),GLYMA_16G118600_1);
(GWHPACEU066541,(W05_GLYSO_16G043468_1_P,(GWHPACED063280,(GWHPACEO066873,(GLYMA_ZH13_16G106000_1_P,(GWHPACEP062289,(GWHPACEJ068143,(GWHPACEB060274,(GWHPACEM065999,GWHPACEN065403)))))))),GLYMA_16G118600_1);
((GWHPACEU066541,(GWHPACEP062289,(GWHPACEJ068143,(GLYMA_ZH13_16G106000_1_P,(GWHPACEO066873,(W05_GLYSO_16G043468_1_P,GWHPACED063280)))))),((GWHPACEB060274,GWHPACEN065403),GWHPACEM065999),GLYMA_16G118600_1);
((GWHPACEU066541,(GWHPACEP062289,(GWHPACEJ068143,(GLYMA_ZH13_16G106000_1_P,(GWHPACEO066873,(W05_GLYSO_16G043468_1_P,GWHPACED063280)))))),((GWHPACEB060274,GWHPACEN065403),GWHPACEM065999),GLYMA_16G118600_1);
((GWHPACEU066541,(GWHPACEP062289,(GWHPACEJ068143,(GLYMA_ZH13_16G106000_1_P,(GWHPACEO066873,(W05_GLYSO_16G043468_1_P,GWHPACED063280)))))),((GWHPACEB060274,GWHPACEN065403),GWHPACEM065999),GLYMA_16G118600_1);
((GWHPACEU066541,(GWHPACEP062289,(GWHPACEJ068143,(GLYMA_ZH13_16G106000_1_P,(GWHPACEO066873,(W05_GLYSO_16G043468_1_P,GWHPACED063280)))))),((GWHPACEB060274,GWHPACEN065403),GWHPACEM065999),GLYMA_16G118600_1);
((GWHPACEU066541,(GWHPACEP062289,(GWHPACEJ068143,(GLYMA_ZH13_16G106000_1_P,(GWHPACEO066873,(W05_GLYSO_16G043468_1_P,GWHPACED063280)))))),((GWHPACEB060274,GWHPACEN065403),GWHPACEM065999),GLYMA_16G118600_1);
((GWHPACEU066541,(GWHPACEP062289,(GWHPACEJ068143,(GLYMA_ZH13_16G106000_1_P,(GWHPACEO066873,(W05_GLYSO_16G043468_1_P,GWHPACED063280)))))),((GWHPACEB060274,GWHPACEN065403),GWHPACEM065999),GLYMA_16G118600_1);
((GWHPACEU066541,(GWHPACEP062289,(GWHPACEJ068143,(GLYMA_ZH13_16G106000_1_P,(GWHPACEO066873,(W05_GLYSO_16G043468_1_P,GWHPACED063280)))))),((GWHPACEB060274,GWHPACEN065403),GWHPACEM065999),GLYMA_16G118600_1);
((GWHPACEU066541,(GWHPACEP062289,(GWHPACEJ068143,(GLYMA_ZH13_16G106000_1_P,(GWHPACEO066873,(W05_GLYSO_16G043468_1_P,GWHPACED063280)))))),((GWHPACEB060274,GWHPACEN065403),GWHPACEM065999),GLYMA_16G118600_1);
((GWHPACEU066541,(GWHPACEP062289,(GWHPACEJ068143,(GLYMA_ZH13_16G106000_1_P,(GWHPACEO066873,(W05_GLYSO_16G043468_1_P,GWHPACED063280)))))),((GWHPACEB060274,GWHPACEN065403),GWHPACEM065999),GLYMA_16G118600_1);
((GWHPACEU066541,(GWHPACEP062289,(GWHPACEJ068143,(GLYMA_ZH13_16G106000_1_P,(GWHPACEO066873,(W05_GLYSO_16G043468_1_P,GWHPACED063280)))))),((GWHPACEB060274,GWHPACEN065403),GWHPACEM065999),GLYMA_16G118600_1);
(W05_GLYSO_16G043468_1_P,(((((((GWHPACEM065999,(GWHPACEB060274,GWHPACEN065403)),GLYMA_ZH13_16G106000_1_P),GWHPACEU066541),GWHPACEO066873),GWHPACEP062289),GWHPACED063280),GWHPACEJ068143),GLYMA_16G118600_1);
(W05_GLYSO_16G043468_1_P,(((((((GWHPACEM065999,(GWHPACEB060274,GWHPACEN065403)),GLYMA_ZH13_16G106000_1_P),GWHPACEU066541),GWHPACEO066873),GWHPACEP062289),GWHPACED063280),GWHPACEJ068143),GLYMA_16G118600_1);
(W05_GLYSO_16G043468_1_P,(((((((GWHPACEM065999,(GWHPACEB060274,GWHPACEN065403)),GLYMA_ZH13_16G106000_1_P),GWHPACEU066541),GWHPACEO066873),GWHPACEP062289),GWHPACED063280),GWHPACEJ068143),GLYMA_16G118600_1);
(W05_GLYSO_16G043468_1_P,(((((((GWHPACEM065999,(GWHPACEB060274,GWHPACEN065403)),GLYMA_ZH13_16G106000_1_P),GWHPACEU066541),GWHPACEO066873),GWHPACEP062289),GWHPACED063280),GWHPACEJ068143),GLYMA_16G118600_1);
(W05_GLYSO_16G043468_1_P,(((((((GWHPACEM065999,(GWHPACEB060274,GWHPACEN065403)),GLYMA_ZH13_16G106000_1_P),GWHPACEU066541),GWHPACEO066873),GWHPACEP062289),GWHPACED063280),GWHPACEJ068143),GLYMA_16G118600_1);
(W05_GLYSO_16G043468_1_P,(((((((GWHPACEM065999,(GWHPACEB060274,GWHPACEN065403)),GLYMA_ZH13_16G106000_1_P),GWHPACEU066541),GWHPACEO066873),GWHPACEP062289),GWHPACED063280),GWHPACEJ068143),GLYMA_16G118600_1);
(W05_GLYSO_16G043468_1_P,(((((((GWHPACEM065999,(GWHPACEB060274,GWHPACEN065403)),GLYMA_ZH13_16G106000_1_P),GWHPACEU066541),GWHPACEO066873),GWHPACEP062289),GWHPACED063280),GWHPACEJ068143),GLYMA_16G118600_1);
(W05_GLYSO_16G043468_1_P,(((((((GWHPACEM065999,(GWHPACEB060274,GWHPACEN065403)),GLYMA_ZH13_16G106000_1_P),GWHPACEU066541),GWHPACEO066873),GWHPACEP062289),GWHPACED063280),GWHPACEJ068143),GLYMA_16G118600_1);
(W05_GLYSO_16G043468_1_P,(((((((GWHPACEM065999,(GWHPACEB060274,GWHPACEN065403)),GLYMA_ZH13_16G106000_1_P),GWHPACEU066541),GWHPACEO066873),GWHPACEP062289),GWHPACED063280),GWHPACEJ068143),GLYMA_16G118600_1);
(W05_GLYSO_16G043468_1_P,(((((((GWHPACEM065999,(GWHPACEB060274,GWHPACEN065403)),GLYMA_ZH13_16G106000_1_P),GWHPACEU066541),GWHPACEO066873),GWHPACEP062289),GWHPACED063280),GWHPACEJ068143),GLYMA_16G118600_1);
((GWHPACEJ068143,GWHPACED063280),(((((GWHPACEO066873,GLYMA_ZH13_16G106000_1_P),GWHPACEU066541),W05_GLYSO_16G043468_1_P),(GWHPACEM065999,(GWHPACEB060274,GWHPACEN065403))),GWHPACEP062289),GLYMA_16G118600_1);
((GWHPACEJ068143,GWHPACED063280),(((((GWHPACEO066873,GLYMA_ZH13_16G106000_1_P),GWHPACEU066541),W05_GLYSO_16G043468_1_P),(GWHPACEM065999,(GWHPACEB060274,GWHPACEN065403))),GWHPACEP062289),GLYMA_16G118600_1);
((GWHPACEJ068143,GWHPACED063280),(((((GWHPACEO066873,GLYMA_ZH13_16G106000_1_P),GWHPACEU066541),W05_GLYSO_16G043468_1_P),(GWHPACEM065999,(GWHPACEB060274,GWHPACEN065403))),GWHPACEP062289),GLYMA_16G118600_1);
((GWHPACEJ068143,GWHPACED063280),(((((GWHPACEO066873,GLYMA_ZH13_16G106000_1_P),GWHPACEU066541),W05_GLYSO_16G043468_1_P),(GWHPACEM065999,(GWHPACEB060274,GWHPACEN065403))),GWHPACEP062289),GLYMA_16G118600_1);
((GWHPACEJ068143,GWHPACED063280),(((((GWHPACEO066873,GLYMA_ZH13_16G106000_1_P),GWHPACEU066541),W05_GLYSO_16G043468_1_P),(GWHPACEM065999,(GWHPACEB060274,GWHPACEN065403))),GWHPACEP062289),GLYMA_16G118600_1);
((GWHPACEJ068143,GWHPACED063280),(((((GWHPACEO066873,GLYMA_ZH13_16G106000_1_P),GWHPACEU066541),W05_GLYSO_16G043468_1_P),(GWHPACEM065999,(GWHPACEB060274,GWHPACEN065403))),GWHPACEP062289),GLYMA_16G118600_1);
((GWHPACEJ068143,GWHPACED063280),(((((GWHPACEO066873,GLYMA_ZH13_16G106000_1_P),GWHPACEU066541),W05_GLYSO_16G043468_1_P),(GWHPACEM065999,(GWHPACEB060274,GWHPACEN065403))),GWHPACEP062289),GLYMA_16G118600_1);
((GWHPACEJ068143,GWHPACED063280),(((((GWHPACEO066873,GLYMA_ZH13_16G106000_1_P),GWHPACEU066541),W05_GLYSO_16G043468_1_P),(GWHPACEM065999,(GWHPACEB060274,GWHPACEN065403))),GWHPACEP062289),GLYMA_16G118600_1);
((GWHPACEJ068143,GWHPACED063280),(((((GWHPACEO066873,GLYMA_ZH13_16G106000_1_P),GWHPACEU066541),W05_GLYSO_16G043468_1_P),(GWHPACEM065999,(GWHPACEB060274,GWHPACEN065403))),GWHPACEP062289),GLYMA_16G118600_1);
((GWHPACEJ068143,GWHPACED063280),(((((GWHPACEO066873,GLYMA_ZH13_16G106000_1_P),GWHPACEU066541),W05_GLYSO_16G043468_1_P),(GWHPACEM065999,(GWHPACEB060274,GWHPACEN065403))),GWHPACEP062289),GLYMA_16G118600_1);
(GWHPACEO066873,(GWHPACEP062289,((GWHPACEM065999,(GWHPACEN065403,GWHPACEB060274)),(GLYMA_ZH13_16G106000_1_P,(GWHPACED063280,(GWHPACEJ068143,(W05_GLYSO_16G043468_1_P,GWHPACEU066541)))))),GLYMA_16G118600_1);
(GWHPACEO066873,(GWHPACEP062289,((GWHPACEM065999,(GWHPACEN065403,GWHPACEB060274)),(GLYMA_ZH13_16G106000_1_P,(GWHPACED063280,(GWHPACEJ068143,(W05_GLYSO_16G043468_1_P,GWHPACEU066541)))))),GLYMA_16G118600_1);
(GWHPACEO066873,(GWHPACEP062289,((GWHPACEM065999,(GWHPACEN065403,GWHPACEB060274)),(GLYMA_ZH13_16G106000_1_P,(GWHPACED063280,(GWHPACEJ068143,(W05_GLYSO_16G043468_1_P,GWHPACEU066541)))))),GLYMA_16G118600_1);
(GWHPACEO066873,(GWHPACEP062289,((GWHPACEM065999,(GWHPACEN065403,GWHPACEB060274)),(GLYMA_ZH13_16G106000_1_P,(GWHPACED063280,(GWHPACEJ068143,(W05_GLYSO_16G043468_1_P,GWHPACEU066541)))))),GLYMA_16G118600_1);
(GWHPACEO066873,(GWHPACEP062289,((GWHPACEM065999,(GWHPACEN065403,GWHPACEB060274)),(GLYMA_ZH13_16G106000_1_P,(GWHPACED063280,(GWHPACEJ068143,(W05_GLYSO_16G043468_1_P,GWHPACEU066541)))))),GLYMA_16G118600_1);
(GWHPACEO066873,(GWHPACEP062289,((GWHPACEM065999,(GWHPACEN065403,GWHPACEB060274)),(GLYMA_ZH13_16G106000_1_P,(GWHPACED063280,(GWHPACEJ068143,(W05_GLYSO_16G043468_1_P,GWHPACEU066541)))))),GLYMA_16G118600_1);
(GWHPACEO066873,(GWHPACEP062289,((GWHPACEM065999,(GWHPACEN065403,GWHPACEB060274)),(GLYMA_ZH13_16G106000_1_P,(GWHPACED063280,(GWHPACEJ068143,(W05_GLYSO_16G043468_1_P,GWHPACEU066541)))))),GLYMA_16G118600_1);
(GWHPACEO066873,(GWHPACEP062289,((GWHPACEM065999,(GWHPACEN065403,GWHPACEB060274)),(GLYMA_ZH13_16G106000_1_P,(GWHPACED063280,(GWHPACEJ068143,(W05_GLYSO_16G043468_1_P,GWHPACEU066541)))))),GLYMA_16G118600_1);
(GWHPACEO066873,(GWHPACEP062289,((GWHPACEM065999,(GWHPACEN065403,GWHPACEB060274)),(GLYMA_ZH13_16G106000_1_P,(GWHPACED063280,(GWHPACEJ068143,(W05_GLYSO_16G043468_1_P,GWHPACEU066541)))))),GLYMA_16G118600_1);
(GWHPACEO066873,(GWHPACEP062289,((GWHPACEM065999,(GWHPACEN065403,GWHPACEB060274)),(GLYMA_ZH13_16G106000_1_P,(GWHPACED063280,(GWHPACEJ068143,(W05_GLYSO_16G043468_1_P,GWHPACEU066541)))))),GLYMA_16G118600_1);
(GWHPACEJ068143,(GWHPACEU066541,(GWHPACEP062289,(GLYMA_ZH13_16G106000_1_P,((GWHPACEM065999,(GWHPACEN065403,GWHPACEB060274)),(GWHPACEO066873,(GWHPACED063280,W05_GLYSO_16G043468_1_P)))))),GLYMA_16G118600_1);
(GWHPACEJ068143,(GWHPACEU066541,(GWHPACEP062289,(GLYMA_ZH13_16G106000_1_P,((GWHPACEM065999,(GWHPACEN065403,GWHPACEB060274)),(GWHPACEO066873,(GWHPACED063280,W05_GLYSO_16G043468_1_P)))))),GLYMA_16G118600_1);
(GWHPACEJ068143,(GWHPACEU066541,(GWHPACEP062289,(GLYMA_ZH13_16G106000_1_P,((GWHPACEM065999,(GWHPACEN065403,GWHPACEB060274)),(GWHPACEO066873,(GWHPACED063280,W05_GLYSO_16G043468_1_P)))))),GLYMA_16G118600_1);
(GWHPACEJ068143,(GWHPACEU066541,(GWHPACEP062289,(GLYMA_ZH13_16G106000_1_P,((GWHPACEM065999,(GWHPACEN065403,GWHPACEB060274)),(GWHPACEO066873,(GWHPACED063280,W05_GLYSO_16G043468_1_P)))))),GLYMA_16G118600_1);
(GWHPACEJ068143,(GWHPACEU066541,(GWHPACEP062289,(GLYMA_ZH13_16G106000_1_P,((GWHPACEM065999,(GWHPACEN065403,GWHPACEB060274)),(GWHPACEO066873,(GWHPACED063280,W05_GLYSO_16G043468_1_P)))))),GLYMA_16G118600_1);
(GWHPACEJ068143,(GWHPACEU066541,(GWHPACEP062289,(GLYMA_ZH13_16G106000_1_P,((GWHPACEM065999,(GWHPACEN065403,GWHPACEB060274)),(GWHPACEO066873,(GWHPACED063280,W05_GLYSO_16G043468_1_P)))))),GLYMA_16G118600_1);
(GWHPACEJ068143,(GWHPACEU066541,(GWHPACEP062289,(GLYMA_ZH13_16G106000_1_P,((GWHPACEM065999,(GWHPACEN065403,GWHPACEB060274)),(GWHPACEO066873,(GWHPACED063280,W05_GLYSO_16G043468_1_P)))))),GLYMA_16G118600_1);
(GWHPACEJ068143,(GWHPACEU066541,(GWHPACEP062289,(GLYMA_ZH13_16G106000_1_P,((GWHPACEM065999,(GWHPACEN065403,GWHPACEB060274)),(GWHPACEO066873,(GWHPACED063280,W05_GLYSO_16G043468_1_P)))))),GLYMA_16G118600_1);
(GWHPACEJ068143,(GWHPACEU066541,(GWHPACEP062289,(GLYMA_ZH13_16G106000_1_P,((GWHPACEM065999,(GWHPACEN065403,GWHPACEB060274)),(GWHPACEO066873,(GWHPACED063280,W05_GLYSO_16G043468_1_P)))))),GLYMA_16G118600_1);
(GWHPACEJ068143,(GWHPACEU066541,(GWHPACEP062289,(GLYMA_ZH13_16G106000_1_P,((GWHPACEM065999,(GWHPACEN065403,GWHPACEB060274)),(GWHPACEO066873,(GWHPACED063280,W05_GLYSO_16G043468_1_P)))))),GLYMA_16G118600_1);
((GWHPACED063280,(W05_GLYSO_16G043468_1_P,(GLYMA_ZH13_16G106000_1_P,GWHPACEU066541))),((((GWHPACEB060274,(GWHPACEN065403,GWHPACEM065999)),GWHPACEP062289),GWHPACEJ068143),GWHPACEO066873),GLYMA_16G118600_1);
((GWHPACED063280,(W05_GLYSO_16G043468_1_P,(GLYMA_ZH13_16G106000_1_P,GWHPACEU066541))),((((GWHPACEB060274,(GWHPACEN065403,GWHPACEM065999)),GWHPACEP062289),GWHPACEJ068143),GWHPACEO066873),GLYMA_16G118600_1);
((GWHPACED063280,(W05_GLYSO_16G043468_1_P,(GLYMA_ZH13_16G106000_1_P,GWHPACEU066541))),((((GWHPACEB060274,(GWHPACEN065403,GWHPACEM065999)),GWHPACEP062289),GWHPACEJ068143),GWHPACEO066873),GLYMA_16G118600_1);
((GWHPACED063280,(W05_GLYSO_16G043468_1_P,(GLYMA_ZH13_16G106000_1_P,GWHPACEU066541))),((((GWHPACEB060274,(GWHPACEN065403,GWHPACEM065999)),GWHPACEP062289),GWHPACEJ068143),GWHPACEO066873),GLYMA_16G118600_1);
((GWHPACED063280,(W05_GLYSO_16G043468_1_P,(GLYMA_ZH13_16G106000_1_P,GWHPACEU066541))),((((GWHPACEB060274,(GWHPACEN065403,GWHPACEM065999)),GWHPACEP062289),GWHPACEJ068143),GWHPACEO066873),GLYMA_16G118600_1);
((GWHPACED063280,(W05_GLYSO_16G043468_1_P,(GLYMA_ZH13_16G106000_1_P,GWHPACEU066541))),((((GWHPACEB060274,(GWHPACEN065403,GWHPACEM065999)),GWHPACEP062289),GWHPACEJ068143),GWHPACEO066873),GLYMA_16G118600_1);
((GWHPACED063280,(W05_GLYSO_16G043468_1_P,(GLYMA_ZH13_16G106000_1_P,GWHPACEU066541))),((((GWHPACEB060274,(GWHPACEN065403,GWHPACEM065999)),GWHPACEP062289),GWHPACEJ068143),GWHPACEO066873),GLYMA_16G118600_1);
((GWHPACED063280,(W05_GLYSO_16G043468_1_P,(GLYMA_ZH13_16G106000_1_P,GWHPACEU066541))),((((GWHPACEB060274,(GWHPACEN065403,GWHPACEM065999)),GWHPACEP062289),GWHPACEJ068143),GWHPACEO066873),GLYMA_16G118600_1);
((GWHPACED063280,(W05_GLYSO_16G043468_1_P,(GLYMA_ZH13_16G106000_1_P,GWHPACEU066541))),((((GWHPACEB060274,(GWHPACEN065403,GWHPACEM065999)),GWHPACEP062289),GWHPACEJ068143),GWHPACEO066873),GLYMA_16G118600_1);
((GWHPACED063280,(W05_GLYSO_16G043468_1_P,(GLYMA_ZH13_16G106000_1_P,GWHPACEU066541))),((((GWHPACEB060274,(GWHPACEN065403,GWHPACEM065999)),GWHPACEP062289),GWHPACEJ068143),GWHPACEO066873),GLYMA_16G118600_1);
((GWHPACEO066873,(GWHPACEP062289,(GWHPACEU066541,(W05_GLYSO_16G043468_1_P,(GWHPACEJ068143,((GWHPACEN065403,(GWHPACEB060274,GWHPACEM065999)),GLYMA_ZH13_16G106000_1_P)))))),GWHPACED063280,GLYMA_16G118600_1);
((GWHPACEO066873,(GWHPACEP062289,(GWHPACEU066541,(W05_GLYSO_16G043468_1_P,(GWHPACEJ068143,((GWHPACEN065403,(GWHPACEB060274,GWHPACEM065999)),GLYMA_ZH13_16G106000_1_P)))))),GWHPACED063280,GLYMA_16G118600_1);
((GWHPACEO066873,(GWHPACEP062289,(GWHPACEU066541,(W05_GLYSO_16G043468_1_P,(GWHPACEJ068143,((GWHPACEN065403,(GWHPACEB060274,GWHPACEM065999)),GLYMA_ZH13_16G106000_1_P)))))),GWHPACED063280,GLYMA_16G118600_1);
((GWHPACEO066873,(GWHPACEP062289,(GWHPACEU066541,(W05_GLYSO_16G043468_1_P,(GWHPACEJ068143,((GWHPACEN065403,(GWHPACEB060274,GWHPACEM065999)),GLYMA_ZH13_16G106000_1_P)))))),GWHPACED063280,GLYMA_16G118600_1);
((GWHPACEO066873,(GWHPACEP062289,(GWHPACEU066541,(W05_GLYSO_16G043468_1_P,(GWHPACEJ068143,((GWHPACEN065403,(GWHPACEB060274,GWHPACEM065999)),GLYMA_ZH13_16G106000_1_P)))))),GWHPACED063280,GLYMA_16G118600_1);
((GWHPACEO066873,(GWHPACEP062289,(GWHPACEU066541,(W05_GLYSO_16G043468_1_P,(GWHPACEJ068143,((GWHPACEN065403,(GWHPACEB060274,GWHPACEM065999)),GLYMA_ZH13_16G106000_1_P)))))),GWHPACED063280,GLYMA_16G118600_1);
((GWHPACEO066873,(GWHPACEP062289,(GWHPACEU066541,(W05_GLYSO_16G043468_1_P,(GWHPACEJ068143,((GWHPACEN065403,(GWHPACEB060274,GWHPACEM065999)),GLYMA_ZH13_16G106000_1_P)))))),GWHPACED063280,GLYMA_16G118600_1);
((GWHPACEO066873,(GWHPACEP062289,(GWHPACEU066541,(W05_GLYSO_16G043468_1_P,(GWHPACEJ068143,((GWHPACEN065403,(GWHPACEB060274,GWHPACEM065999)),GLYMA_ZH13_16G106000_1_P)))))),GWHPACED063280,GLYMA_16G118600_1);
((GWHPACEO066873,(GWHPACEP062289,(GWHPACEU066541,(W05_GLYSO_16G043468_1_P,(GWHPACEJ068143,((GWHPACEN065403,(GWHPACEB060274,GWHPACEM065999)),GLYMA_ZH13_16G106000_1_P)))))),GWHPACED063280,GLYMA_16G118600_1);
((GWHPACEO066873,(GWHPACEP062289,(GWHPACEU066541,(W05_GLYSO_16G043468_1_P,(GWHPACEJ068143,((GWHPACEN065403,(GWHPACEB060274,GWHPACEM065999)),GLYMA_ZH13_16G106000_1_P)))))),GWHPACED063280,GLYMA_16G118600_1);
