(GWHPACEC059721,(GWHPACEB057962,((GWHPACDZ082042,GWHPACEI066026),(GWHPACEM063598,(GWHPACEU064100,GWHPACEL060506)))),GWHPACEN063027);
(GWHPACEC059721,(GWHPACEB057962,((GWHPACDZ082042,GWHPACEI066026),(GWHPACEM063598,(GWHPACEU064100,GWHPACEL060506)))),GWHPACEN063027);
(GWHPACEC059721,(GWHPACEB057962,((GWHPACDZ082042,GWHPACEI066026),(GWHPACEM063598,(GWHPACEU064100,GWHPACEL060506)))),GWHPACEN063027);
(GWHPACEC059721,(GWHPACEB057962,((GWHPACDZ082042,GWHPACEI066026),(GWHPACEM063598,(GWHPACEU064100,GWHPACEL060506)))),GWHPACEN063027);
(GWHPACEC059721,(GWHPACEB057962,((GWHPACDZ082042,GWHPACEI066026),(GWHPACEM063598,(GWHPACEU064100,GWHPACEL060506)))),GWHPACEN063027);
(GWHPACEC059721,(GWHPACEB057962,((GWHPACDZ082042,GWHPACEI066026),(GWHPACEM063598,(GWHPACEU064100,GWHPACEL060506)))),GWHPACEN063027);
(GWHPACEC059721,(GWHPACEB057962,((GWHPACDZ082042,GWHPACEI066026),(GWHPACEM063598,(GWHPACEU064100,GWHPACEL060506)))),GWHPACEN063027);
(GWHPACEC059721,(GWHPACEB057962,((GWHPACDZ082042,GWHPACEI066026),(GWHPACEM063598,(GWHPACEU064100,GWHPACEL060506)))),GWHPACEN063027);
(GWHPACEC059721,(GWHPACEB057962,((GWHPACDZ082042,GWHPACEI066026),(GWHPACEM063598,(GWHPACEU064100,GWHPACEL060506)))),GWHPACEN063027);
(GWHPACEC059721,(GWHPACEB057962,((GWHPACDZ082042,GWHPACEI066026),(GWHPACEM063598,(GWHPACEU064100,GWHPACEL060506)))),GWHPACEN063027);
(GWHPACEL060506,(GWHPACEM063598,(GWHPACEB057962,(GWHPACEC059721,(GWHPACEU064100,(GWHPACEI066026,GWHPACDZ082042))))),GWHPACEN063027);
(GWHPACEL060506,(GWHPACEM063598,(GWHPACEB057962,(GWHPACEC059721,(GWHPACEU064100,(GWHPACEI066026,GWHPACDZ082042))))),GWHPACEN063027);
(GWHPACEL060506,(GWHPACEM063598,(GWHPACEB057962,(GWHPACEC059721,(GWHPACEU064100,(GWHPACEI066026,GWHPACDZ082042))))),GWHPACEN063027);
(GWHPACEL060506,(GWHPACEM063598,(GWHPACEB057962,(GWHPACEC059721,(GWHPACEU064100,(GWHPACEI066026,GWHPACDZ082042))))),GWHPACEN063027);
(GWHPACEL060506,(GWHPACEM063598,(GWHPACEB057962,(GWHPACEC059721,(GWHPACEU064100,(GWHPACEI066026,GWHPACDZ082042))))),GWHPACEN063027);
(GWHPACEL060506,(GWHPACEM063598,(GWHPACEB057962,(GWHPACEC059721,(GWHPACEU064100,(GWHPACEI066026,GWHPACDZ082042))))),GWHPACEN063027);
(GWHPACEL060506,(GWHPACEM063598,(GWHPACEB057962,(GWHPACEC059721,(GWHPACEU064100,(GWHPACEI066026,GWHPACDZ082042))))),GWHPACEN063027);
(GWHPACEL060506,(GWHPACEM063598,(GWHPACEB057962,(GWHPACEC059721,(GWHPACEU064100,(GWHPACEI066026,GWHPACDZ082042))))),GWHPACEN063027);
(GWHPACEL060506,(GWHPACEM063598,(GWHPACEB057962,(GWHPACEC059721,(GWHPACEU064100,(GWHPACEI066026,GWHPACDZ082042))))),GWHPACEN063027);
(GWHPACEL060506,(GWHPACEM063598,(GWHPACEB057962,(GWHPACEC059721,(GWHPACEU064100,(GWHPACEI066026,GWHPACDZ082042))))),GWHPACEN063027);
(GWHPACEM063598,(GWHPACEL060506,(GWHPACEU064100,(GWHPACEB057962,((GWHPACDZ082042,GWHPACEI066026),GWHPACEC059721)))),GWHPACEN063027);
(GWHPACEM063598,(GWHPACEL060506,(GWHPACEU064100,(GWHPACEB057962,((GWHPACDZ082042,GWHPACEI066026),GWHPACEC059721)))),GWHPACEN063027);
(GWHPACEM063598,(GWHPACEL060506,(GWHPACEU064100,(GWHPACEB057962,((GWHPACDZ082042,GWHPACEI066026),GWHPACEC059721)))),GWHPACEN063027);
(GWHPACEM063598,(GWHPACEL060506,(GWHPACEU064100,(GWHPACEB057962,((GWHPACDZ082042,GWHPACEI066026),GWHPACEC059721)))),GWHPACEN063027);
(GWHPACEM063598,(GWHPACEL060506,(GWHPACEU064100,(GWHPACEB057962,((GWHPACDZ082042,GWHPACEI066026),GWHPACEC059721)))),GWHPACEN063027);
(GWHPACEM063598,(GWHPACEL060506,(GWHPACEU064100,(GWHPACEB057962,((GWHPACDZ082042,GWHPACEI066026),GWHPACEC059721)))),GWHPACEN063027);
(GWHPACEM063598,(GWHPACEL060506,(GWHPACEU064100,(GWHPACEB057962,((GWHPACDZ082042,GWHPACEI066026),GWHPACEC059721)))),GWHPACEN063027);
(GWHPACEM063598,(GWHPACEL060506,(GWHPACEU064100,(GWHPACEB057962,((GWHPACDZ082042,GWHPACEI066026),GWHPACEC059721)))),GWHPACEN063027);
(GWHPACEM063598,(GWHPACEL060506,(GWHPACEU064100,(GWHPACEB057962,((GWHPACDZ082042,GWHPACEI066026),GWHPACEC059721)))),GWHPACEN063027);
(GWHPACEM063598,(GWHPACEL060506,(GWHPACEU064100,(GWHPACEB057962,((GWHPACDZ082042,GWHPACEI066026),GWHPACEC059721)))),GWHPACEN063027);
(GWHPACEB057962,(GWHPACEM063598,(GWHPACEU064100,(GWHPACEC059721,(GWHPACEL060506,(GWHPACDZ082042,GWHPACEI066026))))),GWHPACEN063027);
(GWHPACEB057962,(GWHPACEM063598,(GWHPACEU064100,(GWHPACEC059721,(GWHPACEL060506,(GWHPACDZ082042,GWHPACEI066026))))),GWHPACEN063027);
(GWHPACEB057962,(GWHPACEM063598,(GWHPACEU064100,(GWHPACEC059721,(GWHPACEL060506,(GWHPACDZ082042,GWHPACEI066026))))),GWHPACEN063027);
(GWHPACEB057962,(GWHPACEM063598,(GWHPACEU064100,(GWHPACEC059721,(GWHPACEL060506,(GWHPACDZ082042,GWHPACEI066026))))),GWHPACEN063027);
(GWHPACEB057962,(GWHPACEM063598,(GWHPACEU064100,(GWHPACEC059721,(GWHPACEL060506,(GWHPACDZ082042,GWHPACEI066026))))),GWHPACEN063027);
(GWHPACEB057962,(GWHPACEM063598,(GWHPACEU064100,(GWHPACEC059721,(GWHPACEL060506,(GWHPACDZ082042,GWHPACEI066026))))),GWHPACEN063027);
(GWHPACEB057962,(GWHPACEM063598,(GWHPACEU064100,(GWHPACEC059721,(GWHPACEL060506,(GWHPACDZ082042,GWHPACEI066026))))),GWHPACEN063027);
(GWHPACEB057962,(GWHPACEM063598,(GWHPACEU064100,(GWHPACEC059721,(GWHPACEL060506,(GWHPACDZ082042,GWHPACEI066026))))),GWHPACEN063027);
(GWHPACEB057962,(GWHPACEM063598,(GWHPACEU064100,(GWHPACEC059721,(GWHPACEL060506,(GWHPACDZ082042,GWHPACEI066026))))),GWHPACEN063027);
(GWHPACEB057962,(GWHPACEM063598,(GWHPACEU064100,(GWHPACEC059721,(GWHPACEL060506,(GWHPACDZ082042,GWHPACEI066026))))),GWHPACEN063027);
(GWHPACEU064100,(GWHPACEL060506,((GWHPACDZ082042,GWHPACEI066026),(GWHPACEB057962,(GWHPACEM063598,GWHPACEC059721)))),GWHPACEN063027);
(GWHPACEU064100,(GWHPACEL060506,((GWHPACDZ082042,GWHPACEI066026),(GWHPACEB057962,(GWHPACEM063598,GWHPACEC059721)))),GWHPACEN063027);
(GWHPACEU064100,(GWHPACEL060506,((GWHPACDZ082042,GWHPACEI066026),(GWHPACEB057962,(GWHPACEM063598,GWHPACEC059721)))),GWHPACEN063027);
(GWHPACEU064100,(GWHPACEL060506,((GWHPACDZ082042,GWHPACEI066026),(GWHPACEB057962,(GWHPACEM063598,GWHPACEC059721)))),GWHPACEN063027);
(GWHPACEU064100,(GWHPACEL060506,((GWHPACDZ082042,GWHPACEI066026),(GWHPACEB057962,(GWHPACEM063598,GWHPACEC059721)))),GWHPACEN063027);
(GWHPACEU064100,(GWHPACEL060506,((GWHPACDZ082042,GWHPACEI066026),(GWHPACEB057962,(GWHPACEM063598,GWHPACEC059721)))),GWHPACEN063027);
(GWHPACEU064100,(GWHPACEL060506,((GWHPACDZ082042,GWHPACEI066026),(GWHPACEB057962,(GWHPACEM063598,GWHPACEC059721)))),GWHPACEN063027);
(GWHPACEU064100,(GWHPACEL060506,((GWHPACDZ082042,GWHPACEI066026),(GWHPACEB057962,(GWHPACEM063598,GWHPACEC059721)))),GWHPACEN063027);
(GWHPACEU064100,(GWHPACEL060506,((GWHPACDZ082042,GWHPACEI066026),(GWHPACEB057962,(GWHPACEM063598,GWHPACEC059721)))),GWHPACEN063027);
(GWHPACEU064100,(GWHPACEL060506,((GWHPACDZ082042,GWHPACEI066026),(GWHPACEB057962,(GWHPACEM063598,GWHPACEC059721)))),GWHPACEN063027);
((GWHPACEL060506,(GWHPACEM063598,(GWHPACEC059721,GWHPACEB057962))),((GWHPACEI066026,GWHPACDZ082042),GWHPACEU064100),GWHPACEN063027);
((GWHPACEL060506,(GWHPACEM063598,(GWHPACEC059721,GWHPACEB057962))),((GWHPACEI066026,GWHPACDZ082042),GWHPACEU064100),GWHPACEN063027);
((GWHPACEL060506,(GWHPACEM063598,(GWHPACEC059721,GWHPACEB057962))),((GWHPACEI066026,GWHPACDZ082042),GWHPACEU064100),GWHPACEN063027);
((GWHPACEL060506,(GWHPACEM063598,(GWHPACEC059721,GWHPACEB057962))),((GWHPACEI066026,GWHPACDZ082042),GWHPACEU064100),GWHPACEN063027);
((GWHPACEL060506,(GWHPACEM063598,(GWHPACEC059721,GWHPACEB057962))),((GWHPACEI066026,GWHPACDZ082042),GWHPACEU064100),GWHPACEN063027);
((GWHPACEL060506,(GWHPACEM063598,(GWHPACEC059721,GWHPACEB057962))),((GWHPACEI066026,GWHPACDZ082042),GWHPACEU064100),GWHPACEN063027);
((GWHPACEL060506,(GWHPACEM063598,(GWHPACEC059721,GWHPACEB057962))),((GWHPACEI066026,GWHPACDZ082042),GWHPACEU064100),GWHPACEN063027);
((GWHPACEL060506,(GWHPACEM063598,(GWHPACEC059721,GWHPACEB057962))),((GWHPACEI066026,GWHPACDZ082042),GWHPACEU064100),GWHPACEN063027);
((GWHPACEL060506,(GWHPACEM063598,(GWHPACEC059721,GWHPACEB057962))),((GWHPACEI066026,GWHPACDZ082042),GWHPACEU064100),GWHPACEN063027);
((GWHPACEL060506,(GWHPACEM063598,(GWHPACEC059721,GWHPACEB057962))),((GWHPACEI066026,GWHPACDZ082042),GWHPACEU064100),GWHPACEN063027);
((GWHPACEL060506,(GWHPACEC059721,(GWHPACEI066026,GWHPACDZ082042))),((GWHPACEU064100,GWHPACEM063598),GWHPACEB057962),GWHPACEN063027);
((GWHPACEL060506,(GWHPACEC059721,(GWHPACEI066026,GWHPACDZ082042))),((GWHPACEU064100,GWHPACEM063598),GWHPACEB057962),GWHPACEN063027);
((GWHPACEL060506,(GWHPACEC059721,(GWHPACEI066026,GWHPACDZ082042))),((GWHPACEU064100,GWHPACEM063598),GWHPACEB057962),GWHPACEN063027);
((GWHPACEL060506,(GWHPACEC059721,(GWHPACEI066026,GWHPACDZ082042))),((GWHPACEU064100,GWHPACEM063598),GWHPACEB057962),GWHPACEN063027);
((GWHPACEL060506,(GWHPACEC059721,(GWHPACEI066026,GWHPACDZ082042))),((GWHPACEU064100,GWHPACEM063598),GWHPACEB057962),GWHPACEN063027);
((GWHPACEL060506,(GWHPACEC059721,(GWHPACEI066026,GWHPACDZ082042))),((GWHPACEU064100,GWHPACEM063598),GWHPACEB057962),GWHPACEN063027);
((GWHPACEL060506,(GWHPACEC059721,(GWHPACEI066026,GWHPACDZ082042))),((GWHPACEU064100,GWHPACEM063598),GWHPACEB057962),GWHPACEN063027);
((GWHPACEL060506,(GWHPACEC059721,(GWHPACEI066026,GWHPACDZ082042))),((GWHPACEU064100,GWHPACEM063598),GWHPACEB057962),GWHPACEN063027);
((GWHPACEL060506,(GWHPACEC059721,(GWHPACEI066026,GWHPACDZ082042))),((GWHPACEU064100,GWHPACEM063598),GWHPACEB057962),GWHPACEN063027);
((GWHPACEL060506,(GWHPACEC059721,(GWHPACEI066026,GWHPACDZ082042))),((GWHPACEU064100,GWHPACEM063598),GWHPACEB057962),GWHPACEN063027);
(GWHPACEL060506,(GWHPACEM063598,(GWHPACEC059721,(GWHPACEU064100,((GWHPACDZ082042,GWHPACEI066026),GWHPACEB057962)))),GWHPACEN063027);
(GWHPACEL060506,(GWHPACEM063598,(GWHPACEC059721,(GWHPACEU064100,((GWHPACDZ082042,GWHPACEI066026),GWHPACEB057962)))),GWHPACEN063027);
(GWHPACEL060506,(GWHPACEM063598,(GWHPACEC059721,(GWHPACEU064100,((GWHPACDZ082042,GWHPACEI066026),GWHPACEB057962)))),GWHPACEN063027);
(GWHPACEL060506,(GWHPACEM063598,(GWHPACEC059721,(GWHPACEU064100,((GWHPACDZ082042,GWHPACEI066026),GWHPACEB057962)))),GWHPACEN063027);
(GWHPACEL060506,(GWHPACEM063598,(GWHPACEC059721,(GWHPACEU064100,((GWHPACDZ082042,GWHPACEI066026),GWHPACEB057962)))),GWHPACEN063027);
(GWHPACEL060506,(GWHPACEM063598,(GWHPACEC059721,(GWHPACEU064100,((GWHPACDZ082042,GWHPACEI066026),GWHPACEB057962)))),GWHPACEN063027);
(GWHPACEL060506,(GWHPACEM063598,(GWHPACEC059721,(GWHPACEU064100,((GWHPACDZ082042,GWHPACEI066026),GWHPACEB057962)))),GWHPACEN063027);
(GWHPACEL060506,(GWHPACEM063598,(GWHPACEC059721,(GWHPACEU064100,((GWHPACDZ082042,GWHPACEI066026),GWHPACEB057962)))),GWHPACEN063027);
(GWHPACEL060506,(GWHPACEM063598,(GWHPACEC059721,(GWHPACEU064100,((GWHPACDZ082042,GWHPACEI066026),GWHPACEB057962)))),GWHPACEN063027);
(GWHPACEL060506,(GWHPACEM063598,(GWHPACEC059721,(GWHPACEU064100,((GWHPACDZ082042,GWHPACEI066026),GWHPACEB057962)))),GWHPACEN063027);
(GWHPACEB057962,(GWHPACEC059721,(GWHPACEL060506,(GWHPACEM063598,((GWHPACDZ082042,GWHPACEI066026),GWHPACEU064100)))),GWHPACEN063027);
(GWHPACEB057962,(GWHPACEC059721,(GWHPACEL060506,(GWHPACEM063598,((GWHPACDZ082042,GWHPACEI066026),GWHPACEU064100)))),GWHPACEN063027);
(GWHPACEB057962,(GWHPACEC059721,(GWHPACEL060506,(GWHPACEM063598,((GWHPACDZ082042,GWHPACEI066026),GWHPACEU064100)))),GWHPACEN063027);
(GWHPACEB057962,(GWHPACEC059721,(GWHPACEL060506,(GWHPACEM063598,((GWHPACDZ082042,GWHPACEI066026),GWHPACEU064100)))),GWHPACEN063027);
(GWHPACEB057962,(GWHPACEC059721,(GWHPACEL060506,(GWHPACEM063598,((GWHPACDZ082042,GWHPACEI066026),GWHPACEU064100)))),GWHPACEN063027);
(GWHPACEB057962,(GWHPACEC059721,(GWHPACEL060506,(GWHPACEM063598,((GWHPACDZ082042,GWHPACEI066026),GWHPACEU064100)))),GWHPACEN063027);
(GWHPACEB057962,(GWHPACEC059721,(GWHPACEL060506,(GWHPACEM063598,((GWHPACDZ082042,GWHPACEI066026),GWHPACEU064100)))),GWHPACEN063027);
(GWHPACEB057962,(GWHPACEC059721,(GWHPACEL060506,(GWHPACEM063598,((GWHPACDZ082042,GWHPACEI066026),GWHPACEU064100)))),GWHPACEN063027);
(GWHPACEB057962,(GWHPACEC059721,(GWHPACEL060506,(GWHPACEM063598,((GWHPACDZ082042,GWHPACEI066026),GWHPACEU064100)))),GWHPACEN063027);
(GWHPACEB057962,(GWHPACEC059721,(GWHPACEL060506,(GWHPACEM063598,((GWHPACDZ082042,GWHPACEI066026),GWHPACEU064100)))),GWHPACEN063027);
(GWHPACEB057962,(((((GWHPACDZ082042,GWHPACEI066026),GWHPACEU064100),GWHPACEM063598),GWHPACEL060506),GWHPACEC059721),GWHPACEN063027);
(GWHPACEB057962,(((((GWHPACDZ082042,GWHPACEI066026),GWHPACEU064100),GWHPACEM063598),GWHPACEL060506),GWHPACEC059721),GWHPACEN063027);
(GWHPACEB057962,(((((GWHPACDZ082042,GWHPACEI066026),GWHPACEU064100),GWHPACEM063598),GWHPACEL060506),GWHPACEC059721),GWHPACEN063027);
(GWHPACEB057962,(((((GWHPACDZ082042,GWHPACEI066026),GWHPACEU064100),GWHPACEM063598),GWHPACEL060506),GWHPACEC059721),GWHPACEN063027);
(GWHPACEB057962,(((((GWHPACDZ082042,GWHPACEI066026),GWHPACEU064100),GWHPACEM063598),GWHPACEL060506),GWHPACEC059721),GWHPACEN063027);
(GWHPACEB057962,(((((GWHPACDZ082042,GWHPACEI066026),GWHPACEU064100),GWHPACEM063598),GWHPACEL060506),GWHPACEC059721),GWHPACEN063027);
(GWHPACEB057962,(((((GWHPACDZ082042,GWHPACEI066026),GWHPACEU064100),GWHPACEM063598),GWHPACEL060506),GWHPACEC059721),GWHPACEN063027);
(GWHPACEB057962,(((((GWHPACDZ082042,GWHPACEI066026),GWHPACEU064100),GWHPACEM063598),GWHPACEL060506),GWHPACEC059721),GWHPACEN063027);
(GWHPACEB057962,(((((GWHPACDZ082042,GWHPACEI066026),GWHPACEU064100),GWHPACEM063598),GWHPACEL060506),GWHPACEC059721),GWHPACEN063027);
(GWHPACEB057962,(((((GWHPACDZ082042,GWHPACEI066026),GWHPACEU064100),GWHPACEM063598),GWHPACEL060506),GWHPACEC059721),GWHPACEN063027);
