(GWHPACEQ075656,(GWHPACEE080685,(GWHPACEU081487,(GWHPACEW080682,(GWHPACEN080008,(GLYMA_20G061300_1,(GLYMA_ZH13_20G055200_1_P,(GWHPACEJ083098,(GWHPACET081941,((W05_GLYSO_20G053288_1_P,GWHPACEA081252),(GWHPACEL077024,(GWHPACED077209,(GWHPACES081006,GWHPACEX075773)))))))))))),GWHPACEP076170);
(GWHPACEQ075656,(GWHPACEE080685,(GWHPACEU081487,(GWHPACEW080682,(GWHPACEN080008,(GLYMA_20G061300_1,(GLYMA_ZH13_20G055200_1_P,(GWHPACEJ083098,(GWHPACET081941,((W05_GLYSO_20G053288_1_P,GWHPACEA081252),(GWHPACEL077024,(GWHPACED077209,(GWHPACES081006,GWHPACEX075773)))))))))))),GWHPACEP076170);
(GWHPACEQ075656,(GWHPACEE080685,(GWHPACEU081487,(GWHPACEW080682,(GWHPACEN080008,(GLYMA_20G061300_1,(GLYMA_ZH13_20G055200_1_P,(GWHPACEJ083098,(GWHPACET081941,((W05_GLYSO_20G053288_1_P,GWHPACEA081252),(GWHPACEL077024,(GWHPACED077209,(GWHPACES081006,GWHPACEX075773)))))))))))),GWHPACEP076170);
(GWHPACEQ075656,(GWHPACEE080685,(GWHPACEU081487,(GWHPACEW080682,(GWHPACEN080008,(GLYMA_20G061300_1,(GLYMA_ZH13_20G055200_1_P,(GWHPACEJ083098,(GWHPACET081941,((W05_GLYSO_20G053288_1_P,GWHPACEA081252),(GWHPACEL077024,(GWHPACED077209,(GWHPACES081006,GWHPACEX075773)))))))))))),GWHPACEP076170);
(GWHPACEQ075656,(GWHPACEE080685,(GWHPACEU081487,(GWHPACEW080682,(GWHPACEN080008,(GLYMA_20G061300_1,(GLYMA_ZH13_20G055200_1_P,(GWHPACEJ083098,(GWHPACET081941,((W05_GLYSO_20G053288_1_P,GWHPACEA081252),(GWHPACEL077024,(GWHPACED077209,(GWHPACES081006,GWHPACEX075773)))))))))))),GWHPACEP076170);
(GWHPACEQ075656,(GWHPACEE080685,(GWHPACEU081487,(GWHPACEW080682,(GWHPACEN080008,(GLYMA_20G061300_1,(GLYMA_ZH13_20G055200_1_P,(GWHPACEJ083098,(GWHPACET081941,((W05_GLYSO_20G053288_1_P,GWHPACEA081252),(GWHPACEL077024,(GWHPACED077209,(GWHPACES081006,GWHPACEX075773)))))))))))),GWHPACEP076170);
(GWHPACEQ075656,(GWHPACEE080685,(GWHPACEU081487,(GWHPACEW080682,(GWHPACEN080008,(GLYMA_20G061300_1,(GLYMA_ZH13_20G055200_1_P,(GWHPACEJ083098,(GWHPACET081941,((W05_GLYSO_20G053288_1_P,GWHPACEA081252),(GWHPACEL077024,(GWHPACED077209,(GWHPACES081006,GWHPACEX075773)))))))))))),GWHPACEP076170);
(GWHPACEQ075656,(GWHPACEE080685,(GWHPACEU081487,(GWHPACEW080682,(GWHPACEN080008,(GLYMA_20G061300_1,(GLYMA_ZH13_20G055200_1_P,(GWHPACEJ083098,(GWHPACET081941,((W05_GLYSO_20G053288_1_P,GWHPACEA081252),(GWHPACEL077024,(GWHPACED077209,(GWHPACES081006,GWHPACEX075773)))))))))))),GWHPACEP076170);
(GWHPACEQ075656,(GWHPACEE080685,(GWHPACEU081487,(GWHPACEW080682,(GWHPACEN080008,(GLYMA_20G061300_1,(GLYMA_ZH13_20G055200_1_P,(GWHPACEJ083098,(GWHPACET081941,((W05_GLYSO_20G053288_1_P,GWHPACEA081252),(GWHPACEL077024,(GWHPACED077209,(GWHPACES081006,GWHPACEX075773)))))))))))),GWHPACEP076170);
(GWHPACEQ075656,(GWHPACEE080685,(GWHPACEU081487,(GWHPACEW080682,(GWHPACEN080008,(GLYMA_20G061300_1,(GLYMA_ZH13_20G055200_1_P,(GWHPACEJ083098,(GWHPACET081941,((W05_GLYSO_20G053288_1_P,GWHPACEA081252),(GWHPACEL077024,(GWHPACED077209,(GWHPACES081006,GWHPACEX075773)))))))))))),GWHPACEP076170);
((GWHPACED077209,(GWHPACEJ083098,(GWHPACEU081487,(GLYMA_ZH13_20G055200_1_P,(GWHPACES081006,((W05_GLYSO_20G053288_1_P,GWHPACEA081252),(GLYMA_20G061300_1,(GWHPACEQ075656,(GWHPACEW080682,(GWHPACET081941,(GWHPACEN080008,GWHPACEL077024))))))))))),(GWHPACEE080685,GWHPACEX075773),GWHPACEP076170);
((GWHPACED077209,(GWHPACEJ083098,(GWHPACEU081487,(GLYMA_ZH13_20G055200_1_P,(GWHPACES081006,((W05_GLYSO_20G053288_1_P,GWHPACEA081252),(GLYMA_20G061300_1,(GWHPACEQ075656,(GWHPACEW080682,(GWHPACET081941,(GWHPACEN080008,GWHPACEL077024))))))))))),(GWHPACEE080685,GWHPACEX075773),GWHPACEP076170);
((GWHPACED077209,(GWHPACEJ083098,(GWHPACEU081487,(GLYMA_ZH13_20G055200_1_P,(GWHPACES081006,((W05_GLYSO_20G053288_1_P,GWHPACEA081252),(GLYMA_20G061300_1,(GWHPACEQ075656,(GWHPACEW080682,(GWHPACET081941,(GWHPACEN080008,GWHPACEL077024))))))))))),(GWHPACEE080685,GWHPACEX075773),GWHPACEP076170);
((GWHPACED077209,(GWHPACEJ083098,(GWHPACEU081487,(GLYMA_ZH13_20G055200_1_P,(GWHPACES081006,((W05_GLYSO_20G053288_1_P,GWHPACEA081252),(GLYMA_20G061300_1,(GWHPACEQ075656,(GWHPACEW080682,(GWHPACET081941,(GWHPACEN080008,GWHPACEL077024))))))))))),(GWHPACEE080685,GWHPACEX075773),GWHPACEP076170);
((GWHPACED077209,(GWHPACEJ083098,(GWHPACEU081487,(GLYMA_ZH13_20G055200_1_P,(GWHPACES081006,((W05_GLYSO_20G053288_1_P,GWHPACEA081252),(GLYMA_20G061300_1,(GWHPACEQ075656,(GWHPACEW080682,(GWHPACET081941,(GWHPACEN080008,GWHPACEL077024))))))))))),(GWHPACEE080685,GWHPACEX075773),GWHPACEP076170);
((GWHPACED077209,(GWHPACEJ083098,(GWHPACEU081487,(GLYMA_ZH13_20G055200_1_P,(GWHPACES081006,((W05_GLYSO_20G053288_1_P,GWHPACEA081252),(GLYMA_20G061300_1,(GWHPACEQ075656,(GWHPACEW080682,(GWHPACET081941,(GWHPACEN080008,GWHPACEL077024))))))))))),(GWHPACEE080685,GWHPACEX075773),GWHPACEP076170);
((GWHPACED077209,(GWHPACEJ083098,(GWHPACEU081487,(GLYMA_ZH13_20G055200_1_P,(GWHPACES081006,((W05_GLYSO_20G053288_1_P,GWHPACEA081252),(GLYMA_20G061300_1,(GWHPACEQ075656,(GWHPACEW080682,(GWHPACET081941,(GWHPACEN080008,GWHPACEL077024))))))))))),(GWHPACEE080685,GWHPACEX075773),GWHPACEP076170);
((GWHPACED077209,(GWHPACEJ083098,(GWHPACEU081487,(GLYMA_ZH13_20G055200_1_P,(GWHPACES081006,((W05_GLYSO_20G053288_1_P,GWHPACEA081252),(GLYMA_20G061300_1,(GWHPACEQ075656,(GWHPACEW080682,(GWHPACET081941,(GWHPACEN080008,GWHPACEL077024))))))))))),(GWHPACEE080685,GWHPACEX075773),GWHPACEP076170);
((GWHPACED077209,(GWHPACEJ083098,(GWHPACEU081487,(GLYMA_ZH13_20G055200_1_P,(GWHPACES081006,((W05_GLYSO_20G053288_1_P,GWHPACEA081252),(GLYMA_20G061300_1,(GWHPACEQ075656,(GWHPACEW080682,(GWHPACET081941,(GWHPACEN080008,GWHPACEL077024))))))))))),(GWHPACEE080685,GWHPACEX075773),GWHPACEP076170);
((GWHPACED077209,(GWHPACEJ083098,(GWHPACEU081487,(GLYMA_ZH13_20G055200_1_P,(GWHPACES081006,((W05_GLYSO_20G053288_1_P,GWHPACEA081252),(GLYMA_20G061300_1,(GWHPACEQ075656,(GWHPACEW080682,(GWHPACET081941,(GWHPACEN080008,GWHPACEL077024))))))))))),(GWHPACEE080685,GWHPACEX075773),GWHPACEP076170);
((GWHPACED077209,(GWHPACEE080685,(GWHPACEX075773,(GWHPACEJ083098,(GWHPACEU081487,(GWHPACEW080682,(GWHPACEN080008,(GLYMA_ZH13_20G055200_1_P,(GWHPACET081941,((GWHPACEA081252,W05_GLYSO_20G053288_1_P),GWHPACEL077024)))))))))),((GWHPACES081006,GWHPACEQ075656),GLYMA_20G061300_1),GWHPACEP076170);
((GWHPACED077209,(GWHPACEE080685,(GWHPACEX075773,(GWHPACEJ083098,(GWHPACEU081487,(GWHPACEW080682,(GWHPACEN080008,(GLYMA_ZH13_20G055200_1_P,(GWHPACET081941,((GWHPACEA081252,W05_GLYSO_20G053288_1_P),GWHPACEL077024)))))))))),((GWHPACES081006,GWHPACEQ075656),GLYMA_20G061300_1),GWHPACEP076170);
((GWHPACED077209,(GWHPACEE080685,(GWHPACEX075773,(GWHPACEJ083098,(GWHPACEU081487,(GWHPACEW080682,(GWHPACEN080008,(GLYMA_ZH13_20G055200_1_P,(GWHPACET081941,((GWHPACEA081252,W05_GLYSO_20G053288_1_P),GWHPACEL077024)))))))))),((GWHPACES081006,GWHPACEQ075656),GLYMA_20G061300_1),GWHPACEP076170);
((GWHPACED077209,(GWHPACEE080685,(GWHPACEX075773,(GWHPACEJ083098,(GWHPACEU081487,(GWHPACEW080682,(GWHPACEN080008,(GLYMA_ZH13_20G055200_1_P,(GWHPACET081941,((GWHPACEA081252,W05_GLYSO_20G053288_1_P),GWHPACEL077024)))))))))),((GWHPACES081006,GWHPACEQ075656),GLYMA_20G061300_1),GWHPACEP076170);
((GWHPACED077209,(GWHPACEE080685,(GWHPACEX075773,(GWHPACEJ083098,(GWHPACEU081487,(GWHPACEW080682,(GWHPACEN080008,(GLYMA_ZH13_20G055200_1_P,(GWHPACET081941,((GWHPACEA081252,W05_GLYSO_20G053288_1_P),GWHPACEL077024)))))))))),((GWHPACES081006,GWHPACEQ075656),GLYMA_20G061300_1),GWHPACEP076170);
((GWHPACED077209,(GWHPACEE080685,(GWHPACEX075773,(GWHPACEJ083098,(GWHPACEU081487,(GWHPACEW080682,(GWHPACEN080008,(GLYMA_ZH13_20G055200_1_P,(GWHPACET081941,((GWHPACEA081252,W05_GLYSO_20G053288_1_P),GWHPACEL077024)))))))))),((GWHPACES081006,GWHPACEQ075656),GLYMA_20G061300_1),GWHPACEP076170);
((GWHPACED077209,(GWHPACEE080685,(GWHPACEX075773,(GWHPACEJ083098,(GWHPACEU081487,(GWHPACEW080682,(GWHPACEN080008,(GLYMA_ZH13_20G055200_1_P,(GWHPACET081941,((GWHPACEA081252,W05_GLYSO_20G053288_1_P),GWHPACEL077024)))))))))),((GWHPACES081006,GWHPACEQ075656),GLYMA_20G061300_1),GWHPACEP076170);
((GWHPACED077209,(GWHPACEE080685,(GWHPACEX075773,(GWHPACEJ083098,(GWHPACEU081487,(GWHPACEW080682,(GWHPACEN080008,(GLYMA_ZH13_20G055200_1_P,(GWHPACET081941,((GWHPACEA081252,W05_GLYSO_20G053288_1_P),GWHPACEL077024)))))))))),((GWHPACES081006,GWHPACEQ075656),GLYMA_20G061300_1),GWHPACEP076170);
((GWHPACED077209,(GWHPACEE080685,(GWHPACEX075773,(GWHPACEJ083098,(GWHPACEU081487,(GWHPACEW080682,(GWHPACEN080008,(GLYMA_ZH13_20G055200_1_P,(GWHPACET081941,((GWHPACEA081252,W05_GLYSO_20G053288_1_P),GWHPACEL077024)))))))))),((GWHPACES081006,GWHPACEQ075656),GLYMA_20G061300_1),GWHPACEP076170);
((GWHPACED077209,(GWHPACEE080685,(GWHPACEX075773,(GWHPACEJ083098,(GWHPACEU081487,(GWHPACEW080682,(GWHPACEN080008,(GLYMA_ZH13_20G055200_1_P,(GWHPACET081941,((GWHPACEA081252,W05_GLYSO_20G053288_1_P),GWHPACEL077024)))))))))),((GWHPACES081006,GWHPACEQ075656),GLYMA_20G061300_1),GWHPACEP076170);
((GWHPACEJ083098,(GLYMA_ZH13_20G055200_1_P,(GWHPACEX075773,(GWHPACEL077024,(GWHPACEE080685,(W05_GLYSO_20G053288_1_P,GWHPACEA081252)))))),(((((((GWHPACES081006,GWHPACED077209),GWHPACEU081487),GWHPACEN080008),GWHPACEW080682),GWHPACET081941),GWHPACEQ075656),GLYMA_20G061300_1),GWHPACEP076170);
((GWHPACEJ083098,(GLYMA_ZH13_20G055200_1_P,(GWHPACEX075773,(GWHPACEL077024,(GWHPACEE080685,(W05_GLYSO_20G053288_1_P,GWHPACEA081252)))))),(((((((GWHPACES081006,GWHPACED077209),GWHPACEU081487),GWHPACEN080008),GWHPACEW080682),GWHPACET081941),GWHPACEQ075656),GLYMA_20G061300_1),GWHPACEP076170);
((GWHPACEJ083098,(GLYMA_ZH13_20G055200_1_P,(GWHPACEX075773,(GWHPACEL077024,(GWHPACEE080685,(W05_GLYSO_20G053288_1_P,GWHPACEA081252)))))),(((((((GWHPACES081006,GWHPACED077209),GWHPACEU081487),GWHPACEN080008),GWHPACEW080682),GWHPACET081941),GWHPACEQ075656),GLYMA_20G061300_1),GWHPACEP076170);
((GWHPACEJ083098,(GLYMA_ZH13_20G055200_1_P,(GWHPACEX075773,(GWHPACEL077024,(GWHPACEE080685,(W05_GLYSO_20G053288_1_P,GWHPACEA081252)))))),(((((((GWHPACES081006,GWHPACED077209),GWHPACEU081487),GWHPACEN080008),GWHPACEW080682),GWHPACET081941),GWHPACEQ075656),GLYMA_20G061300_1),GWHPACEP076170);
((GWHPACEJ083098,(GLYMA_ZH13_20G055200_1_P,(GWHPACEX075773,(GWHPACEL077024,(GWHPACEE080685,(W05_GLYSO_20G053288_1_P,GWHPACEA081252)))))),(((((((GWHPACES081006,GWHPACED077209),GWHPACEU081487),GWHPACEN080008),GWHPACEW080682),GWHPACET081941),GWHPACEQ075656),GLYMA_20G061300_1),GWHPACEP076170);
((GWHPACEJ083098,(GLYMA_ZH13_20G055200_1_P,(GWHPACEX075773,(GWHPACEL077024,(GWHPACEE080685,(W05_GLYSO_20G053288_1_P,GWHPACEA081252)))))),(((((((GWHPACES081006,GWHPACED077209),GWHPACEU081487),GWHPACEN080008),GWHPACEW080682),GWHPACET081941),GWHPACEQ075656),GLYMA_20G061300_1),GWHPACEP076170);
((GWHPACEJ083098,(GLYMA_ZH13_20G055200_1_P,(GWHPACEX075773,(GWHPACEL077024,(GWHPACEE080685,(W05_GLYSO_20G053288_1_P,GWHPACEA081252)))))),(((((((GWHPACES081006,GWHPACED077209),GWHPACEU081487),GWHPACEN080008),GWHPACEW080682),GWHPACET081941),GWHPACEQ075656),GLYMA_20G061300_1),GWHPACEP076170);
((GWHPACEJ083098,(GLYMA_ZH13_20G055200_1_P,(GWHPACEX075773,(GWHPACEL077024,(GWHPACEE080685,(W05_GLYSO_20G053288_1_P,GWHPACEA081252)))))),(((((((GWHPACES081006,GWHPACED077209),GWHPACEU081487),GWHPACEN080008),GWHPACEW080682),GWHPACET081941),GWHPACEQ075656),GLYMA_20G061300_1),GWHPACEP076170);
((GWHPACEJ083098,(GLYMA_ZH13_20G055200_1_P,(GWHPACEX075773,(GWHPACEL077024,(GWHPACEE080685,(W05_GLYSO_20G053288_1_P,GWHPACEA081252)))))),(((((((GWHPACES081006,GWHPACED077209),GWHPACEU081487),GWHPACEN080008),GWHPACEW080682),GWHPACET081941),GWHPACEQ075656),GLYMA_20G061300_1),GWHPACEP076170);
((GWHPACEJ083098,(GLYMA_ZH13_20G055200_1_P,(GWHPACEX075773,(GWHPACEL077024,(GWHPACEE080685,(W05_GLYSO_20G053288_1_P,GWHPACEA081252)))))),(((((((GWHPACES081006,GWHPACED077209),GWHPACEU081487),GWHPACEN080008),GWHPACEW080682),GWHPACET081941),GWHPACEQ075656),GLYMA_20G061300_1),GWHPACEP076170);
(GWHPACEQ075656,(GWHPACES081006,(GWHPACEU081487,(GLYMA_ZH13_20G055200_1_P,((W05_GLYSO_20G053288_1_P,GWHPACEA081252),(GWHPACET081941,(GWHPACEX075773,(GWHPACEN080008,(GWHPACEW080682,(GLYMA_20G061300_1,(GWHPACEL077024,(GWHPACED077209,(GWHPACEJ083098,GWHPACEE080685)))))))))))),GWHPACEP076170);
(GWHPACEQ075656,(GWHPACES081006,(GWHPACEU081487,(GLYMA_ZH13_20G055200_1_P,((W05_GLYSO_20G053288_1_P,GWHPACEA081252),(GWHPACET081941,(GWHPACEX075773,(GWHPACEN080008,(GWHPACEW080682,(GLYMA_20G061300_1,(GWHPACEL077024,(GWHPACED077209,(GWHPACEJ083098,GWHPACEE080685)))))))))))),GWHPACEP076170);
(GWHPACEQ075656,(GWHPACES081006,(GWHPACEU081487,(GLYMA_ZH13_20G055200_1_P,((W05_GLYSO_20G053288_1_P,GWHPACEA081252),(GWHPACET081941,(GWHPACEX075773,(GWHPACEN080008,(GWHPACEW080682,(GLYMA_20G061300_1,(GWHPACEL077024,(GWHPACED077209,(GWHPACEJ083098,GWHPACEE080685)))))))))))),GWHPACEP076170);
(GWHPACEQ075656,(GWHPACES081006,(GWHPACEU081487,(GLYMA_ZH13_20G055200_1_P,((W05_GLYSO_20G053288_1_P,GWHPACEA081252),(GWHPACET081941,(GWHPACEX075773,(GWHPACEN080008,(GWHPACEW080682,(GLYMA_20G061300_1,(GWHPACEL077024,(GWHPACED077209,(GWHPACEJ083098,GWHPACEE080685)))))))))))),GWHPACEP076170);
(GWHPACEQ075656,(GWHPACES081006,(GWHPACEU081487,(GLYMA_ZH13_20G055200_1_P,((W05_GLYSO_20G053288_1_P,GWHPACEA081252),(GWHPACET081941,(GWHPACEX075773,(GWHPACEN080008,(GWHPACEW080682,(GLYMA_20G061300_1,(GWHPACEL077024,(GWHPACED077209,(GWHPACEJ083098,GWHPACEE080685)))))))))))),GWHPACEP076170);
(GWHPACEQ075656,(GWHPACES081006,(GWHPACEU081487,(GLYMA_ZH13_20G055200_1_P,((W05_GLYSO_20G053288_1_P,GWHPACEA081252),(GWHPACET081941,(GWHPACEX075773,(GWHPACEN080008,(GWHPACEW080682,(GLYMA_20G061300_1,(GWHPACEL077024,(GWHPACED077209,(GWHPACEJ083098,GWHPACEE080685)))))))))))),GWHPACEP076170);
(GWHPACEQ075656,(GWHPACES081006,(GWHPACEU081487,(GLYMA_ZH13_20G055200_1_P,((W05_GLYSO_20G053288_1_P,GWHPACEA081252),(GWHPACET081941,(GWHPACEX075773,(GWHPACEN080008,(GWHPACEW080682,(GLYMA_20G061300_1,(GWHPACEL077024,(GWHPACED077209,(GWHPACEJ083098,GWHPACEE080685)))))))))))),GWHPACEP076170);
(GWHPACEQ075656,(GWHPACES081006,(GWHPACEU081487,(GLYMA_ZH13_20G055200_1_P,((W05_GLYSO_20G053288_1_P,GWHPACEA081252),(GWHPACET081941,(GWHPACEX075773,(GWHPACEN080008,(GWHPACEW080682,(GLYMA_20G061300_1,(GWHPACEL077024,(GWHPACED077209,(GWHPACEJ083098,GWHPACEE080685)))))))))))),GWHPACEP076170);
(GWHPACEQ075656,(GWHPACES081006,(GWHPACEU081487,(GLYMA_ZH13_20G055200_1_P,((W05_GLYSO_20G053288_1_P,GWHPACEA081252),(GWHPACET081941,(GWHPACEX075773,(GWHPACEN080008,(GWHPACEW080682,(GLYMA_20G061300_1,(GWHPACEL077024,(GWHPACED077209,(GWHPACEJ083098,GWHPACEE080685)))))))))))),GWHPACEP076170);
(GWHPACEQ075656,(GWHPACES081006,(GWHPACEU081487,(GLYMA_ZH13_20G055200_1_P,((W05_GLYSO_20G053288_1_P,GWHPACEA081252),(GWHPACET081941,(GWHPACEX075773,(GWHPACEN080008,(GWHPACEW080682,(GLYMA_20G061300_1,(GWHPACEL077024,(GWHPACED077209,(GWHPACEJ083098,GWHPACEE080685)))))))))))),GWHPACEP076170);
(((W05_GLYSO_20G053288_1_P,GWHPACEA081252),(GWHPACEX075773,(GWHPACEU081487,(GLYMA_20G061300_1,(GWHPACET081941,(GLYMA_ZH13_20G055200_1_P,(GWHPACEN080008,(GWHPACEW080682,(GWHPACED077209,GWHPACEJ083098))))))))),(((GWHPACES081006,GWHPACEQ075656),GWHPACEL077024),GWHPACEE080685),GWHPACEP076170);
(((W05_GLYSO_20G053288_1_P,GWHPACEA081252),(GWHPACEX075773,(GWHPACEU081487,(GLYMA_20G061300_1,(GWHPACET081941,(GLYMA_ZH13_20G055200_1_P,(GWHPACEN080008,(GWHPACEW080682,(GWHPACED077209,GWHPACEJ083098))))))))),(((GWHPACES081006,GWHPACEQ075656),GWHPACEL077024),GWHPACEE080685),GWHPACEP076170);
(((W05_GLYSO_20G053288_1_P,GWHPACEA081252),(GWHPACEX075773,(GWHPACEU081487,(GLYMA_20G061300_1,(GWHPACET081941,(GLYMA_ZH13_20G055200_1_P,(GWHPACEN080008,(GWHPACEW080682,(GWHPACED077209,GWHPACEJ083098))))))))),(((GWHPACES081006,GWHPACEQ075656),GWHPACEL077024),GWHPACEE080685),GWHPACEP076170);
(((W05_GLYSO_20G053288_1_P,GWHPACEA081252),(GWHPACEX075773,(GWHPACEU081487,(GLYMA_20G061300_1,(GWHPACET081941,(GLYMA_ZH13_20G055200_1_P,(GWHPACEN080008,(GWHPACEW080682,(GWHPACED077209,GWHPACEJ083098))))))))),(((GWHPACES081006,GWHPACEQ075656),GWHPACEL077024),GWHPACEE080685),GWHPACEP076170);
(((W05_GLYSO_20G053288_1_P,GWHPACEA081252),(GWHPACEX075773,(GWHPACEU081487,(GLYMA_20G061300_1,(GWHPACET081941,(GLYMA_ZH13_20G055200_1_P,(GWHPACEN080008,(GWHPACEW080682,(GWHPACED077209,GWHPACEJ083098))))))))),(((GWHPACES081006,GWHPACEQ075656),GWHPACEL077024),GWHPACEE080685),GWHPACEP076170);
(((W05_GLYSO_20G053288_1_P,GWHPACEA081252),(GWHPACEX075773,(GWHPACEU081487,(GLYMA_20G061300_1,(GWHPACET081941,(GLYMA_ZH13_20G055200_1_P,(GWHPACEN080008,(GWHPACEW080682,(GWHPACED077209,GWHPACEJ083098))))))))),(((GWHPACES081006,GWHPACEQ075656),GWHPACEL077024),GWHPACEE080685),GWHPACEP076170);
(((W05_GLYSO_20G053288_1_P,GWHPACEA081252),(GWHPACEX075773,(GWHPACEU081487,(GLYMA_20G061300_1,(GWHPACET081941,(GLYMA_ZH13_20G055200_1_P,(GWHPACEN080008,(GWHPACEW080682,(GWHPACED077209,GWHPACEJ083098))))))))),(((GWHPACES081006,GWHPACEQ075656),GWHPACEL077024),GWHPACEE080685),GWHPACEP076170);
(((W05_GLYSO_20G053288_1_P,GWHPACEA081252),(GWHPACEX075773,(GWHPACEU081487,(GLYMA_20G061300_1,(GWHPACET081941,(GLYMA_ZH13_20G055200_1_P,(GWHPACEN080008,(GWHPACEW080682,(GWHPACED077209,GWHPACEJ083098))))))))),(((GWHPACES081006,GWHPACEQ075656),GWHPACEL077024),GWHPACEE080685),GWHPACEP076170);
(((W05_GLYSO_20G053288_1_P,GWHPACEA081252),(GWHPACEX075773,(GWHPACEU081487,(GLYMA_20G061300_1,(GWHPACET081941,(GLYMA_ZH13_20G055200_1_P,(GWHPACEN080008,(GWHPACEW080682,(GWHPACED077209,GWHPACEJ083098))))))))),(((GWHPACES081006,GWHPACEQ075656),GWHPACEL077024),GWHPACEE080685),GWHPACEP076170);
(((W05_GLYSO_20G053288_1_P,GWHPACEA081252),(GWHPACEX075773,(GWHPACEU081487,(GLYMA_20G061300_1,(GWHPACET081941,(GLYMA_ZH13_20G055200_1_P,(GWHPACEN080008,(GWHPACEW080682,(GWHPACED077209,GWHPACEJ083098))))))))),(((GWHPACES081006,GWHPACEQ075656),GWHPACEL077024),GWHPACEE080685),GWHPACEP076170);
((GWHPACEQ075656,(GWHPACEE080685,(GWHPACET081941,(GLYMA_20G061300_1,(GWHPACED077209,(GWHPACEW080682,(GLYMA_ZH13_20G055200_1_P,(GWHPACES081006,(GWHPACEX075773,((GWHPACEA081252,W05_GLYSO_20G053288_1_P),(GWHPACEN080008,GWHPACEL077024))))))))))),(GWHPACEJ083098,GWHPACEU081487),GWHPACEP076170);
((GWHPACEQ075656,(GWHPACEE080685,(GWHPACET081941,(GLYMA_20G061300_1,(GWHPACED077209,(GWHPACEW080682,(GLYMA_ZH13_20G055200_1_P,(GWHPACES081006,(GWHPACEX075773,((GWHPACEA081252,W05_GLYSO_20G053288_1_P),(GWHPACEN080008,GWHPACEL077024))))))))))),(GWHPACEJ083098,GWHPACEU081487),GWHPACEP076170);
((GWHPACEQ075656,(GWHPACEE080685,(GWHPACET081941,(GLYMA_20G061300_1,(GWHPACED077209,(GWHPACEW080682,(GLYMA_ZH13_20G055200_1_P,(GWHPACES081006,(GWHPACEX075773,((GWHPACEA081252,W05_GLYSO_20G053288_1_P),(GWHPACEN080008,GWHPACEL077024))))))))))),(GWHPACEJ083098,GWHPACEU081487),GWHPACEP076170);
((GWHPACEQ075656,(GWHPACEE080685,(GWHPACET081941,(GLYMA_20G061300_1,(GWHPACED077209,(GWHPACEW080682,(GLYMA_ZH13_20G055200_1_P,(GWHPACES081006,(GWHPACEX075773,((GWHPACEA081252,W05_GLYSO_20G053288_1_P),(GWHPACEN080008,GWHPACEL077024))))))))))),(GWHPACEJ083098,GWHPACEU081487),GWHPACEP076170);
((GWHPACEQ075656,(GWHPACEE080685,(GWHPACET081941,(GLYMA_20G061300_1,(GWHPACED077209,(GWHPACEW080682,(GLYMA_ZH13_20G055200_1_P,(GWHPACES081006,(GWHPACEX075773,((GWHPACEA081252,W05_GLYSO_20G053288_1_P),(GWHPACEN080008,GWHPACEL077024))))))))))),(GWHPACEJ083098,GWHPACEU081487),GWHPACEP076170);
((GWHPACEQ075656,(GWHPACEE080685,(GWHPACET081941,(GLYMA_20G061300_1,(GWHPACED077209,(GWHPACEW080682,(GLYMA_ZH13_20G055200_1_P,(GWHPACES081006,(GWHPACEX075773,((GWHPACEA081252,W05_GLYSO_20G053288_1_P),(GWHPACEN080008,GWHPACEL077024))))))))))),(GWHPACEJ083098,GWHPACEU081487),GWHPACEP076170);
((GWHPACEQ075656,(GWHPACEE080685,(GWHPACET081941,(GLYMA_20G061300_1,(GWHPACED077209,(GWHPACEW080682,(GLYMA_ZH13_20G055200_1_P,(GWHPACES081006,(GWHPACEX075773,((GWHPACEA081252,W05_GLYSO_20G053288_1_P),(GWHPACEN080008,GWHPACEL077024))))))))))),(GWHPACEJ083098,GWHPACEU081487),GWHPACEP076170);
((GWHPACEQ075656,(GWHPACEE080685,(GWHPACET081941,(GLYMA_20G061300_1,(GWHPACED077209,(GWHPACEW080682,(GLYMA_ZH13_20G055200_1_P,(GWHPACES081006,(GWHPACEX075773,((GWHPACEA081252,W05_GLYSO_20G053288_1_P),(GWHPACEN080008,GWHPACEL077024))))))))))),(GWHPACEJ083098,GWHPACEU081487),GWHPACEP076170);
((GWHPACEQ075656,(GWHPACEE080685,(GWHPACET081941,(GLYMA_20G061300_1,(GWHPACED077209,(GWHPACEW080682,(GLYMA_ZH13_20G055200_1_P,(GWHPACES081006,(GWHPACEX075773,((GWHPACEA081252,W05_GLYSO_20G053288_1_P),(GWHPACEN080008,GWHPACEL077024))))))))))),(GWHPACEJ083098,GWHPACEU081487),GWHPACEP076170);
((GWHPACEQ075656,(GWHPACEE080685,(GWHPACET081941,(GLYMA_20G061300_1,(GWHPACED077209,(GWHPACEW080682,(GLYMA_ZH13_20G055200_1_P,(GWHPACES081006,(GWHPACEX075773,((GWHPACEA081252,W05_GLYSO_20G053288_1_P),(GWHPACEN080008,GWHPACEL077024))))))))))),(GWHPACEJ083098,GWHPACEU081487),GWHPACEP076170);
(((GWHPACEA081252,W05_GLYSO_20G053288_1_P),(GWHPACEL077024,(GLYMA_ZH13_20G055200_1_P,(GWHPACEN080008,(GWHPACEQ075656,(GWHPACEJ083098,GWHPACEU081487)))))),((((((GWHPACES081006,GLYMA_20G061300_1),GWHPACED077209),GWHPACEW080682),GWHPACET081941),GWHPACEX075773),GWHPACEE080685),GWHPACEP076170);
(((GWHPACEA081252,W05_GLYSO_20G053288_1_P),(GWHPACEL077024,(GLYMA_ZH13_20G055200_1_P,(GWHPACEN080008,(GWHPACEQ075656,(GWHPACEJ083098,GWHPACEU081487)))))),((((((GWHPACES081006,GLYMA_20G061300_1),GWHPACED077209),GWHPACEW080682),GWHPACET081941),GWHPACEX075773),GWHPACEE080685),GWHPACEP076170);
(((GWHPACEA081252,W05_GLYSO_20G053288_1_P),(GWHPACEL077024,(GLYMA_ZH13_20G055200_1_P,(GWHPACEN080008,(GWHPACEQ075656,(GWHPACEJ083098,GWHPACEU081487)))))),((((((GWHPACES081006,GLYMA_20G061300_1),GWHPACED077209),GWHPACEW080682),GWHPACET081941),GWHPACEX075773),GWHPACEE080685),GWHPACEP076170);
(((GWHPACEA081252,W05_GLYSO_20G053288_1_P),(GWHPACEL077024,(GLYMA_ZH13_20G055200_1_P,(GWHPACEN080008,(GWHPACEQ075656,(GWHPACEJ083098,GWHPACEU081487)))))),((((((GWHPACES081006,GLYMA_20G061300_1),GWHPACED077209),GWHPACEW080682),GWHPACET081941),GWHPACEX075773),GWHPACEE080685),GWHPACEP076170);
(((GWHPACEA081252,W05_GLYSO_20G053288_1_P),(GWHPACEL077024,(GLYMA_ZH13_20G055200_1_P,(GWHPACEN080008,(GWHPACEQ075656,(GWHPACEJ083098,GWHPACEU081487)))))),((((((GWHPACES081006,GLYMA_20G061300_1),GWHPACED077209),GWHPACEW080682),GWHPACET081941),GWHPACEX075773),GWHPACEE080685),GWHPACEP076170);
(((GWHPACEA081252,W05_GLYSO_20G053288_1_P),(GWHPACEL077024,(GLYMA_ZH13_20G055200_1_P,(GWHPACEN080008,(GWHPACEQ075656,(GWHPACEJ083098,GWHPACEU081487)))))),((((((GWHPACES081006,GLYMA_20G061300_1),GWHPACED077209),GWHPACEW080682),GWHPACET081941),GWHPACEX075773),GWHPACEE080685),GWHPACEP076170);
(((GWHPACEA081252,W05_GLYSO_20G053288_1_P),(GWHPACEL077024,(GLYMA_ZH13_20G055200_1_P,(GWHPACEN080008,(GWHPACEQ075656,(GWHPACEJ083098,GWHPACEU081487)))))),((((((GWHPACES081006,GLYMA_20G061300_1),GWHPACED077209),GWHPACEW080682),GWHPACET081941),GWHPACEX075773),GWHPACEE080685),GWHPACEP076170);
(((GWHPACEA081252,W05_GLYSO_20G053288_1_P),(GWHPACEL077024,(GLYMA_ZH13_20G055200_1_P,(GWHPACEN080008,(GWHPACEQ075656,(GWHPACEJ083098,GWHPACEU081487)))))),((((((GWHPACES081006,GLYMA_20G061300_1),GWHPACED077209),GWHPACEW080682),GWHPACET081941),GWHPACEX075773),GWHPACEE080685),GWHPACEP076170);
(((GWHPACEA081252,W05_GLYSO_20G053288_1_P),(GWHPACEL077024,(GLYMA_ZH13_20G055200_1_P,(GWHPACEN080008,(GWHPACEQ075656,(GWHPACEJ083098,GWHPACEU081487)))))),((((((GWHPACES081006,GLYMA_20G061300_1),GWHPACED077209),GWHPACEW080682),GWHPACET081941),GWHPACEX075773),GWHPACEE080685),GWHPACEP076170);
(((GWHPACEA081252,W05_GLYSO_20G053288_1_P),(GWHPACEL077024,(GLYMA_ZH13_20G055200_1_P,(GWHPACEN080008,(GWHPACEQ075656,(GWHPACEJ083098,GWHPACEU081487)))))),((((((GWHPACES081006,GLYMA_20G061300_1),GWHPACED077209),GWHPACEW080682),GWHPACET081941),GWHPACEX075773),GWHPACEE080685),GWHPACEP076170);
(GWHPACET081941,(GWHPACEJ083098,(GWHPACEE080685,(GWHPACEN080008,(GWHPACED077209,(GWHPACEL077024,(GLYMA_20G061300_1,(GWHPACEX075773,(GWHPACEQ075656,(GWHPACEU081487,((GWHPACEA081252,W05_GLYSO_20G053288_1_P),(GLYMA_ZH13_20G055200_1_P,(GWHPACEW080682,GWHPACES081006)))))))))))),GWHPACEP076170);
(GWHPACET081941,(GWHPACEJ083098,(GWHPACEE080685,(GWHPACEN080008,(GWHPACED077209,(GWHPACEL077024,(GLYMA_20G061300_1,(GWHPACEX075773,(GWHPACEQ075656,(GWHPACEU081487,((GWHPACEA081252,W05_GLYSO_20G053288_1_P),(GLYMA_ZH13_20G055200_1_P,(GWHPACEW080682,GWHPACES081006)))))))))))),GWHPACEP076170);
(GWHPACET081941,(GWHPACEJ083098,(GWHPACEE080685,(GWHPACEN080008,(GWHPACED077209,(GWHPACEL077024,(GLYMA_20G061300_1,(GWHPACEX075773,(GWHPACEQ075656,(GWHPACEU081487,((GWHPACEA081252,W05_GLYSO_20G053288_1_P),(GLYMA_ZH13_20G055200_1_P,(GWHPACEW080682,GWHPACES081006)))))))))))),GWHPACEP076170);
(GWHPACET081941,(GWHPACEJ083098,(GWHPACEE080685,(GWHPACEN080008,(GWHPACED077209,(GWHPACEL077024,(GLYMA_20G061300_1,(GWHPACEX075773,(GWHPACEQ075656,(GWHPACEU081487,((GWHPACEA081252,W05_GLYSO_20G053288_1_P),(GLYMA_ZH13_20G055200_1_P,(GWHPACEW080682,GWHPACES081006)))))))))))),GWHPACEP076170);
(GWHPACET081941,(GWHPACEJ083098,(GWHPACEE080685,(GWHPACEN080008,(GWHPACED077209,(GWHPACEL077024,(GLYMA_20G061300_1,(GWHPACEX075773,(GWHPACEQ075656,(GWHPACEU081487,((GWHPACEA081252,W05_GLYSO_20G053288_1_P),(GLYMA_ZH13_20G055200_1_P,(GWHPACEW080682,GWHPACES081006)))))))))))),GWHPACEP076170);
(GWHPACET081941,(GWHPACEJ083098,(GWHPACEE080685,(GWHPACEN080008,(GWHPACED077209,(GWHPACEL077024,(GLYMA_20G061300_1,(GWHPACEX075773,(GWHPACEQ075656,(GWHPACEU081487,((GWHPACEA081252,W05_GLYSO_20G053288_1_P),(GLYMA_ZH13_20G055200_1_P,(GWHPACEW080682,GWHPACES081006)))))))))))),GWHPACEP076170);
(GWHPACET081941,(GWHPACEJ083098,(GWHPACEE080685,(GWHPACEN080008,(GWHPACED077209,(GWHPACEL077024,(GLYMA_20G061300_1,(GWHPACEX075773,(GWHPACEQ075656,(GWHPACEU081487,((GWHPACEA081252,W05_GLYSO_20G053288_1_P),(GLYMA_ZH13_20G055200_1_P,(GWHPACEW080682,GWHPACES081006)))))))))))),GWHPACEP076170);
(GWHPACET081941,(GWHPACEJ083098,(GWHPACEE080685,(GWHPACEN080008,(GWHPACED077209,(GWHPACEL077024,(GLYMA_20G061300_1,(GWHPACEX075773,(GWHPACEQ075656,(GWHPACEU081487,((GWHPACEA081252,W05_GLYSO_20G053288_1_P),(GLYMA_ZH13_20G055200_1_P,(GWHPACEW080682,GWHPACES081006)))))))))))),GWHPACEP076170);
(GWHPACET081941,(GWHPACEJ083098,(GWHPACEE080685,(GWHPACEN080008,(GWHPACED077209,(GWHPACEL077024,(GLYMA_20G061300_1,(GWHPACEX075773,(GWHPACEQ075656,(GWHPACEU081487,((GWHPACEA081252,W05_GLYSO_20G053288_1_P),(GLYMA_ZH13_20G055200_1_P,(GWHPACEW080682,GWHPACES081006)))))))))))),GWHPACEP076170);
(GWHPACET081941,(GWHPACEJ083098,(GWHPACEE080685,(GWHPACEN080008,(GWHPACED077209,(GWHPACEL077024,(GLYMA_20G061300_1,(GWHPACEX075773,(GWHPACEQ075656,(GWHPACEU081487,((GWHPACEA081252,W05_GLYSO_20G053288_1_P),(GLYMA_ZH13_20G055200_1_P,(GWHPACEW080682,GWHPACES081006)))))))))))),GWHPACEP076170);
((GWHPACET081941,GWHPACEX075773),((((((((((((GWHPACEA081252,W05_GLYSO_20G053288_1_P),GWHPACEL077024),GLYMA_20G061300_1),GWHPACEU081487),GWHPACEN080008),GWHPACEW080682),GWHPACED077209),GWHPACEQ075656),GLYMA_ZH13_20G055200_1_P),GWHPACES081006),GWHPACEJ083098),GWHPACEE080685),GWHPACEP076170);
((GWHPACET081941,GWHPACEX075773),((((((((((((GWHPACEA081252,W05_GLYSO_20G053288_1_P),GWHPACEL077024),GLYMA_20G061300_1),GWHPACEU081487),GWHPACEN080008),GWHPACEW080682),GWHPACED077209),GWHPACEQ075656),GLYMA_ZH13_20G055200_1_P),GWHPACES081006),GWHPACEJ083098),GWHPACEE080685),GWHPACEP076170);
((GWHPACET081941,GWHPACEX075773),((((((((((((GWHPACEA081252,W05_GLYSO_20G053288_1_P),GWHPACEL077024),GLYMA_20G061300_1),GWHPACEU081487),GWHPACEN080008),GWHPACEW080682),GWHPACED077209),GWHPACEQ075656),GLYMA_ZH13_20G055200_1_P),GWHPACES081006),GWHPACEJ083098),GWHPACEE080685),GWHPACEP076170);
((GWHPACET081941,GWHPACEX075773),((((((((((((GWHPACEA081252,W05_GLYSO_20G053288_1_P),GWHPACEL077024),GLYMA_20G061300_1),GWHPACEU081487),GWHPACEN080008),GWHPACEW080682),GWHPACED077209),GWHPACEQ075656),GLYMA_ZH13_20G055200_1_P),GWHPACES081006),GWHPACEJ083098),GWHPACEE080685),GWHPACEP076170);
((GWHPACET081941,GWHPACEX075773),((((((((((((GWHPACEA081252,W05_GLYSO_20G053288_1_P),GWHPACEL077024),GLYMA_20G061300_1),GWHPACEU081487),GWHPACEN080008),GWHPACEW080682),GWHPACED077209),GWHPACEQ075656),GLYMA_ZH13_20G055200_1_P),GWHPACES081006),GWHPACEJ083098),GWHPACEE080685),GWHPACEP076170);
((GWHPACET081941,GWHPACEX075773),((((((((((((GWHPACEA081252,W05_GLYSO_20G053288_1_P),GWHPACEL077024),GLYMA_20G061300_1),GWHPACEU081487),GWHPACEN080008),GWHPACEW080682),GWHPACED077209),GWHPACEQ075656),GLYMA_ZH13_20G055200_1_P),GWHPACES081006),GWHPACEJ083098),GWHPACEE080685),GWHPACEP076170);
((GWHPACET081941,GWHPACEX075773),((((((((((((GWHPACEA081252,W05_GLYSO_20G053288_1_P),GWHPACEL077024),GLYMA_20G061300_1),GWHPACEU081487),GWHPACEN080008),GWHPACEW080682),GWHPACED077209),GWHPACEQ075656),GLYMA_ZH13_20G055200_1_P),GWHPACES081006),GWHPACEJ083098),GWHPACEE080685),GWHPACEP076170);
((GWHPACET081941,GWHPACEX075773),((((((((((((GWHPACEA081252,W05_GLYSO_20G053288_1_P),GWHPACEL077024),GLYMA_20G061300_1),GWHPACEU081487),GWHPACEN080008),GWHPACEW080682),GWHPACED077209),GWHPACEQ075656),GLYMA_ZH13_20G055200_1_P),GWHPACES081006),GWHPACEJ083098),GWHPACEE080685),GWHPACEP076170);
((GWHPACET081941,GWHPACEX075773),((((((((((((GWHPACEA081252,W05_GLYSO_20G053288_1_P),GWHPACEL077024),GLYMA_20G061300_1),GWHPACEU081487),GWHPACEN080008),GWHPACEW080682),GWHPACED077209),GWHPACEQ075656),GLYMA_ZH13_20G055200_1_P),GWHPACES081006),GWHPACEJ083098),GWHPACEE080685),GWHPACEP076170);
((GWHPACET081941,GWHPACEX075773),((((((((((((GWHPACEA081252,W05_GLYSO_20G053288_1_P),GWHPACEL077024),GLYMA_20G061300_1),GWHPACEU081487),GWHPACEN080008),GWHPACEW080682),GWHPACED077209),GWHPACEQ075656),GLYMA_ZH13_20G055200_1_P),GWHPACES081006),GWHPACEJ083098),GWHPACEE080685),GWHPACEP076170);
