

IMPORTANT WARNING: Sequences GWHPACEW017639 and W05_GLYSO_05G011707_1_P are exactly identical


IMPORTANT WARNING: Sequences GWHPACEW017639 and GLYMA_05G082400_1 are exactly identical


IMPORTANT WARNING: Sequences GWHPACEW017639 and GWHPACER016353 are exactly identical


IMPORTANT WARNING: Sequences GWHPACEW017639 and GWHPACEK016159 are exactly identical


IMPORTANT WARNING: Sequences GWHPACEW017639 and GWHPACEI018196 are exactly identical


IMPORTANT WARNING: Sequences GWHPACEW017639 and GWHPACEJ018246 are exactly identical


IMPORTANT WARNING: Sequences GWHPACEW017639 and GWHPACEF016753 are exactly identical


IMPORTANT WARNING: Sequences GWHPACEW017639 and GWHPACDY017990 are exactly identical


IMPORTANT WARNING: Sequences GWHPACEW017639 and GWHPACEH017767 are exactly identical


IMPORTANT WARNING: Sequences GWHPACEW017639 and GWHPACEL016989 are exactly identical


IMPORTANT WARNING: Sequences GWHPACEW017639 and GWHPACEN017329 are exactly identical


IMPORTANT WARNING: Sequences GWHPACEW017639 and GWHPACED016810 are exactly identical


IMPORTANT WARNING: Sequences GWHPACEW017639 and GWHPACEU017709 are exactly identical


IMPORTANT WARNING: Sequences GWHPACEW017639 and GWHPACEV016492 are exactly identical


IMPORTANT WARNING: Sequences GWHPACEW017639 and GWHPACEQ016759 are exactly identical


IMPORTANT WARNING: Sequences GWHPACEW017639 and GWHPACEP016593 are exactly identical


IMPORTANT WARNING: Sequences GWHPACEW017639 and GWHPACEB016427 are exactly identical


IMPORTANT WARNING: Sequences GWHPACEW017639 and GWHPACDZ017209 are exactly identical


IMPORTANT WARNING: Sequences GWHPACEW017639 and GWHPACEE017562 are exactly identical


IMPORTANT WARNING: Sequences GWHPACEW017639 and GWHPACET017915 are exactly identical


IMPORTANT WARNING: Sequences GWHPACEW017639 and GWHPACEM017903 are exactly identical


IMPORTANT WARNING: Sequences GWHPACEW017639 and GWHPACEX016783 are exactly identical


IMPORTANT WARNING: Sequences GWHPACEW017639 and GWHPACEO017745 are exactly identical


IMPORTANT WARNING: Sequences GWHPACEW017639 and GWHPACEG017599 are exactly identical


IMPORTANT WARNING: Sequences GWHPACEW017639 and GLYMA_ZH13_05G082700_1_P are exactly identical


IMPORTANT WARNING: Sequences GWHPACES017769 and GWHPACEA018054 are exactly identical

IMPORTANT WARNING
Found 26 sequences that are exactly identical to other sequences in the alignment.
Normally they should be excluded from the analysis.

Just in case you might need it, an alignment file with 
sequence duplicates removed is printed to file ../../RAxML_tree_pbNB-ARC/Clade_Refinement_1/Int9778_403_421_R_29.afa.reduced


This is RAxML version 8.2.12 released by Alexandros Stamatakis on May 2018.

With greatly appreciated code contributions by:
Andre Aberer      (HITS)
Simon Berger      (HITS)
Alexey Kozlov     (HITS)
Kassian Kobert    (HITS)
David Dao         (KIT and HITS)
Sarah Lutteropp   (KIT and HITS)
Nick Pattengale   (Sandia)
Wayne Pfeiffer    (SDSC)
Akifumi S. Tanabe (NRIFS)
Charlie Taylor    (UF)


Alignment has 36 distinct alignment patterns

Proportion of gaps and completely undetermined characters in this alignment: 2.14%

RAxML rapid bootstrapping and subsequent ML search

Using 1 distinct models/data partitions with joint branch length optimization



Executing 100 rapid bootstrap inferences and thereafter a thorough ML search 

All free model parameters will be estimated by RAxML
ML estimate of 25 per site rate categories

Likelihood of final tree will be evaluated and optimized under GAMMA

GAMMA Model parameters will be estimated up to an accuracy of 0.1000000000 Log Likelihood units

Partition: 0
Alignment Patterns: 36
Name: No Name Provided
DataType: AA
Substitution Matrix: JTT
Using fixed base frequencies




RAxML was called as follows:

/Users/prigozhin/Installers/standard-RAxML/raxmlHPC-PTHREADS-AVX -T 4 -n Int9778_403_421_R_29.Raxml.out -f a -x 12345 -p 12345 -# 100 -m PROTCATJTT -s ../../RAxML_tree_pbNB-ARC/Clade_Refinement_1/Int9778_403_421_R_29.afa 



Time for BS model parameter optimization 0.002107
Bootstrap[0]: Time 0.162334 seconds, bootstrap likelihood -2040.328711, best rearrangement setting 13
Bootstrap[1]: Time 0.147533 seconds, bootstrap likelihood -2035.083854, best rearrangement setting 13
Bootstrap[2]: Time 0.153166 seconds, bootstrap likelihood -2059.205568, best rearrangement setting 12
Bootstrap[3]: Time 0.182658 seconds, bootstrap likelihood -2027.026440, best rearrangement setting 15
Bootstrap[4]: Time 0.146674 seconds, bootstrap likelihood -2054.436391, best rearrangement setting 10
Bootstrap[5]: Time 0.151367 seconds, bootstrap likelihood -2042.298690, best rearrangement setting 10
Bootstrap[6]: Time 0.109000 seconds, bootstrap likelihood -2041.322756, best rearrangement setting 6
Bootstrap[7]: Time 0.174341 seconds, bootstrap likelihood -2053.875737, best rearrangement setting 14
Bootstrap[8]: Time 0.087069 seconds, bootstrap likelihood -2038.159454, best rearrangement setting 5
Bootstrap[9]: Time 0.112205 seconds, bootstrap likelihood -2057.593120, best rearrangement setting 7
Bootstrap[10]: Time 0.100760 seconds, bootstrap likelihood -2058.289117, best rearrangement setting 7
Bootstrap[11]: Time 0.071967 seconds, bootstrap likelihood -2051.168698, best rearrangement setting 5
Bootstrap[12]: Time 0.113075 seconds, bootstrap likelihood -2058.494504, best rearrangement setting 8
Bootstrap[13]: Time 0.103200 seconds, bootstrap likelihood -2059.372288, best rearrangement setting 7
Bootstrap[14]: Time 0.143217 seconds, bootstrap likelihood -2056.558930, best rearrangement setting 12
Bootstrap[15]: Time 0.162424 seconds, bootstrap likelihood -2049.698029, best rearrangement setting 15
Bootstrap[16]: Time 0.154978 seconds, bootstrap likelihood -2041.704386, best rearrangement setting 12
Bootstrap[17]: Time 0.137681 seconds, bootstrap likelihood -2040.861382, best rearrangement setting 12
Bootstrap[18]: Time 0.069349 seconds, bootstrap likelihood -2057.789117, best rearrangement setting 5
Bootstrap[19]: Time 0.101046 seconds, bootstrap likelihood -2046.225106, best rearrangement setting 8
Bootstrap[20]: Time 0.143202 seconds, bootstrap likelihood -2038.147349, best rearrangement setting 10
Bootstrap[21]: Time 0.087590 seconds, bootstrap likelihood -2046.790547, best rearrangement setting 6
Bootstrap[22]: Time 0.088783 seconds, bootstrap likelihood -2055.469444, best rearrangement setting 5
Bootstrap[23]: Time 0.104886 seconds, bootstrap likelihood -2039.894597, best rearrangement setting 7
Bootstrap[24]: Time 0.110415 seconds, bootstrap likelihood -2074.533157, best rearrangement setting 8
Bootstrap[25]: Time 0.086248 seconds, bootstrap likelihood -2053.765875, best rearrangement setting 6
Bootstrap[26]: Time 0.152447 seconds, bootstrap likelihood -2046.418942, best rearrangement setting 12
Bootstrap[27]: Time 0.126817 seconds, bootstrap likelihood -2037.496081, best rearrangement setting 10
Bootstrap[28]: Time 0.140315 seconds, bootstrap likelihood -2039.134116, best rearrangement setting 11
Bootstrap[29]: Time 0.143562 seconds, bootstrap likelihood -2046.425771, best rearrangement setting 12
Bootstrap[30]: Time 0.177660 seconds, bootstrap likelihood -2058.819903, best rearrangement setting 15
Bootstrap[31]: Time 0.182156 seconds, bootstrap likelihood -2059.144387, best rearrangement setting 15
Bootstrap[32]: Time 0.108263 seconds, bootstrap likelihood -2037.897107, best rearrangement setting 6
Bootstrap[33]: Time 0.213489 seconds, bootstrap likelihood -2070.220873, best rearrangement setting 15
Bootstrap[34]: Time 0.164418 seconds, bootstrap likelihood -2035.063788, best rearrangement setting 11
Bootstrap[35]: Time 0.111148 seconds, bootstrap likelihood -2041.631360, best rearrangement setting 8
Bootstrap[36]: Time 0.124014 seconds, bootstrap likelihood -2049.251527, best rearrangement setting 9
Bootstrap[37]: Time 0.172092 seconds, bootstrap likelihood -2031.435846, best rearrangement setting 11
Bootstrap[38]: Time 0.122603 seconds, bootstrap likelihood -2044.456153, best rearrangement setting 8
Bootstrap[39]: Time 0.173613 seconds, bootstrap likelihood -2039.274747, best rearrangement setting 13
Bootstrap[40]: Time 0.143917 seconds, bootstrap likelihood -2054.496931, best rearrangement setting 13
Bootstrap[41]: Time 0.130669 seconds, bootstrap likelihood -2049.244361, best rearrangement setting 10
Bootstrap[42]: Time 0.073535 seconds, bootstrap likelihood -2052.061504, best rearrangement setting 5
Bootstrap[43]: Time 0.179887 seconds, bootstrap likelihood -2058.817701, best rearrangement setting 14
Bootstrap[44]: Time 0.135537 seconds, bootstrap likelihood -2050.091034, best rearrangement setting 10
Bootstrap[45]: Time 0.156004 seconds, bootstrap likelihood -2049.739152, best rearrangement setting 15
Bootstrap[46]: Time 0.158659 seconds, bootstrap likelihood -2028.395827, best rearrangement setting 14
Bootstrap[47]: Time 0.108948 seconds, bootstrap likelihood -2069.216338, best rearrangement setting 8
Bootstrap[48]: Time 0.083725 seconds, bootstrap likelihood -2051.686759, best rearrangement setting 6
Bootstrap[49]: Time 0.110790 seconds, bootstrap likelihood -2042.026903, best rearrangement setting 7
Bootstrap[50]: Time 0.101270 seconds, bootstrap likelihood -2060.702352, best rearrangement setting 7
Bootstrap[51]: Time 0.137005 seconds, bootstrap likelihood -2069.566750, best rearrangement setting 11
Bootstrap[52]: Time 0.154086 seconds, bootstrap likelihood -2052.214407, best rearrangement setting 12
Bootstrap[53]: Time 0.110628 seconds, bootstrap likelihood -2048.446302, best rearrangement setting 8
Bootstrap[54]: Time 0.110245 seconds, bootstrap likelihood -2040.499395, best rearrangement setting 9
Bootstrap[55]: Time 0.131586 seconds, bootstrap likelihood -2066.152683, best rearrangement setting 11
Bootstrap[56]: Time 0.073594 seconds, bootstrap likelihood -2070.569725, best rearrangement setting 5
Bootstrap[57]: Time 0.085752 seconds, bootstrap likelihood -2068.190020, best rearrangement setting 7
Bootstrap[58]: Time 0.116832 seconds, bootstrap likelihood -2045.566953, best rearrangement setting 10
Bootstrap[59]: Time 0.107115 seconds, bootstrap likelihood -2047.037695, best rearrangement setting 9
Bootstrap[60]: Time 0.102057 seconds, bootstrap likelihood -2059.081542, best rearrangement setting 7
Bootstrap[61]: Time 0.088716 seconds, bootstrap likelihood -2049.871915, best rearrangement setting 5
Bootstrap[62]: Time 0.144824 seconds, bootstrap likelihood -2037.162379, best rearrangement setting 11
Bootstrap[63]: Time 0.167625 seconds, bootstrap likelihood -2043.159953, best rearrangement setting 12
Bootstrap[64]: Time 0.114944 seconds, bootstrap likelihood -2056.957179, best rearrangement setting 7
Bootstrap[65]: Time 0.092114 seconds, bootstrap likelihood -2070.227706, best rearrangement setting 5
Bootstrap[66]: Time 0.089641 seconds, bootstrap likelihood -2059.489196, best rearrangement setting 5
Bootstrap[67]: Time 0.181618 seconds, bootstrap likelihood -2054.551019, best rearrangement setting 15
Bootstrap[68]: Time 0.157742 seconds, bootstrap likelihood -2046.189914, best rearrangement setting 11
Bootstrap[69]: Time 0.098904 seconds, bootstrap likelihood -2041.488767, best rearrangement setting 5
Bootstrap[70]: Time 0.134546 seconds, bootstrap likelihood -2032.147774, best rearrangement setting 8
Bootstrap[71]: Time 0.134388 seconds, bootstrap likelihood -2041.955720, best rearrangement setting 10
Bootstrap[72]: Time 0.158254 seconds, bootstrap likelihood -2039.888262, best rearrangement setting 11
Bootstrap[73]: Time 0.133353 seconds, bootstrap likelihood -2055.781638, best rearrangement setting 9
Bootstrap[74]: Time 0.070263 seconds, bootstrap likelihood -2040.971287, best rearrangement setting 5
Bootstrap[75]: Time 0.102232 seconds, bootstrap likelihood -2041.495155, best rearrangement setting 8
Bootstrap[76]: Time 0.109716 seconds, bootstrap likelihood -2050.741623, best rearrangement setting 9
Bootstrap[77]: Time 0.133106 seconds, bootstrap likelihood -2063.771734, best rearrangement setting 11
Bootstrap[78]: Time 0.162868 seconds, bootstrap likelihood -2059.569755, best rearrangement setting 15
Bootstrap[79]: Time 0.110290 seconds, bootstrap likelihood -2049.941243, best rearrangement setting 9
Bootstrap[80]: Time 0.181259 seconds, bootstrap likelihood -2060.533315, best rearrangement setting 15
Bootstrap[81]: Time 0.120303 seconds, bootstrap likelihood -2039.938001, best rearrangement setting 7
Bootstrap[82]: Time 0.099447 seconds, bootstrap likelihood -2055.346075, best rearrangement setting 6
Bootstrap[83]: Time 0.158666 seconds, bootstrap likelihood -2037.035948, best rearrangement setting 10
Bootstrap[84]: Time 0.161275 seconds, bootstrap likelihood -2043.642966, best rearrangement setting 11
Bootstrap[85]: Time 0.138571 seconds, bootstrap likelihood -2060.834313, best rearrangement setting 8
Bootstrap[86]: Time 0.108681 seconds, bootstrap likelihood -2021.600747, best rearrangement setting 7
Bootstrap[87]: Time 0.108434 seconds, bootstrap likelihood -2042.681582, best rearrangement setting 7
Bootstrap[88]: Time 0.181205 seconds, bootstrap likelihood -2039.237401, best rearrangement setting 12
Bootstrap[89]: Time 0.142816 seconds, bootstrap likelihood -2050.228831, best rearrangement setting 10
Bootstrap[90]: Time 0.119030 seconds, bootstrap likelihood -2036.522564, best rearrangement setting 8
Bootstrap[91]: Time 0.146958 seconds, bootstrap likelihood -2055.207995, best rearrangement setting 12
Bootstrap[92]: Time 0.155030 seconds, bootstrap likelihood -2058.362200, best rearrangement setting 13
Bootstrap[93]: Time 0.200539 seconds, bootstrap likelihood -2038.763704, best rearrangement setting 15
Bootstrap[94]: Time 0.087682 seconds, bootstrap likelihood -2066.626953, best rearrangement setting 5
Bootstrap[95]: Time 0.102463 seconds, bootstrap likelihood -2048.958322, best rearrangement setting 5
Bootstrap[96]: Time 0.156330 seconds, bootstrap likelihood -2036.786798, best rearrangement setting 13
Bootstrap[97]: Time 0.141202 seconds, bootstrap likelihood -2049.473186, best rearrangement setting 11
Bootstrap[98]: Time 0.092047 seconds, bootstrap likelihood -2028.724397, best rearrangement setting 6
Bootstrap[99]: Time 0.166520 seconds, bootstrap likelihood -2046.328137, best rearrangement setting 14


Overall Time for 100 Rapid Bootstraps 13.006951 seconds
Average Time per Rapid Bootstrap 0.130070 seconds

Starting ML Search ...

Fast ML optimization finished

Fast ML search Time: 3.930463 seconds

Slow ML Search 0 Likelihood: -2050.947872
Slow ML Search 1 Likelihood: -2050.947872
Slow ML Search 2 Likelihood: -2050.947872
Slow ML Search 3 Likelihood: -2050.947872
Slow ML Search 4 Likelihood: -2050.947872
Slow ML Search 5 Likelihood: -2050.947872
Slow ML Search 6 Likelihood: -2050.947872
Slow ML Search 7 Likelihood: -2050.947872
Slow ML Search 8 Likelihood: -2050.947872
Slow ML Search 9 Likelihood: -2050.947872
Slow ML optimization finished

Slow ML search Time: 3.642886 seconds
Thorough ML search Time: 0.387200 seconds

Final ML Optimization Likelihood: -2050.947872

Model Information:

Model Parameters of Partition 0, Name: No Name Provided, Type of Data: AA
alpha: 0.020029
Tree-Length: 0.000055
rate A <-> R: 0.603538
rate A <-> N: 0.561915
rate A <-> D: 0.842872
rate A <-> C: 0.582726
rate A <-> Q: 0.593132
rate A <-> E: 1.092612
rate A <-> G: 1.862643
rate A <-> H: 0.280957
rate A <-> I: 0.374610
rate A <-> L: 0.312175
rate A <-> K: 0.364204
rate A <-> M: 0.561915
rate A <-> F: 0.156087
rate A <-> P: 2.018730
rate A <-> S: 3.933403
rate A <-> T: 4.942768
rate A <-> W: 0.093652
rate A <-> Y: 0.114464
rate A <-> V: 3.100937
rate R <-> N: 0.468262
rate R <-> D: 0.166493
rate R <-> C: 1.175858
rate R <-> Q: 3.225806
rate R <-> E: 0.301769
rate R <-> G: 1.425598
rate R <-> H: 3.413111
rate R <-> I: 0.228928
rate R <-> L: 0.395421
rate R <-> K: 6.722164
rate R <-> M: 0.457856
rate R <-> F: 0.052029
rate R <-> P: 0.770031
rate R <-> S: 1.050989
rate R <-> T: 0.665973
rate R <-> W: 1.311134
rate R <-> Y: 0.208117
rate R <-> V: 0.176899
rate N <-> D: 5.494277
rate N <-> C: 0.353798
rate N <-> Q: 0.894901
rate N <-> E: 0.603538
rate N <-> G: 0.842872
rate N <-> H: 4.068678
rate N <-> I: 0.489074
rate N <-> L: 0.124870
rate N <-> K: 2.736733
rate N <-> M: 0.312175
rate N <-> F: 0.104058
rate N <-> P: 0.156087
rate N <-> S: 5.234131
rate N <-> T: 2.414152
rate N <-> W: 0.083247
rate N <-> Y: 0.728408
rate N <-> V: 0.166493
rate D <-> C: 0.104058
rate D <-> Q: 0.509886
rate D <-> E: 7.981270
rate D <-> G: 1.352758
rate D <-> H: 1.165453
rate D <-> I: 0.114464
rate D <-> L: 0.072841
rate D <-> K: 0.270552
rate D <-> M: 0.156087
rate D <-> F: 0.041623
rate D <-> P: 0.156087
rate D <-> S: 0.613944
rate D <-> T: 0.395421
rate D <-> W: 0.041623
rate D <-> Y: 0.478668
rate D <-> V: 0.322581
rate C <-> Q: 0.093652
rate C <-> E: 0.052029
rate C <-> G: 0.613944
rate C <-> H: 0.718002
rate C <-> I: 0.176899
rate C <-> L: 0.239334
rate C <-> K: 0.072841
rate C <-> M: 0.322581
rate C <-> F: 0.811655
rate C <-> P: 0.145682
rate C <-> S: 2.320499
rate C <-> T: 0.437045
rate C <-> W: 1.196670
rate C <-> Y: 2.174818
rate C <-> V: 0.645161
rate Q <-> E: 3.361082
rate Q <-> G: 0.270552
rate Q <-> H: 6.212279
rate Q <-> I: 0.093652
rate Q <-> L: 0.749220
rate Q <-> K: 3.038502
rate Q <-> M: 0.447451
rate Q <-> F: 0.041623
rate Q <-> P: 1.706556
rate Q <-> S: 0.551509
rate Q <-> T: 0.530697
rate Q <-> W: 0.187305
rate Q <-> Y: 0.249740
rate Q <-> V: 0.208117
rate E <-> G: 1.238293
rate E <-> H: 0.270552
rate E <-> I: 0.124870
rate E <-> L: 0.093652
rate E <-> K: 1.883455
rate E <-> M: 0.187305
rate E <-> F: 0.052029
rate E <-> P: 0.187305
rate E <-> S: 0.312175
rate E <-> T: 0.332986
rate E <-> W: 0.104058
rate E <-> Y: 0.072841
rate E <-> V: 0.468262
rate G <-> H: 0.239334
rate G <-> I: 0.062435
rate G <-> L: 0.062435
rate G <-> K: 0.280957
rate G <-> M: 0.145682
rate G <-> F: 0.052029
rate G <-> P: 0.249740
rate G <-> S: 2.091571
rate G <-> T: 0.343392
rate G <-> W: 0.572320
rate G <-> Y: 0.083247
rate G <-> V: 0.489074
rate H <-> I: 0.166493
rate H <-> L: 0.582726
rate H <-> K: 0.468262
rate H <-> M: 0.343392
rate H <-> F: 0.416233
rate H <-> P: 1.196670
rate H <-> S: 0.759625
rate H <-> T: 0.478668
rate H <-> W: 0.083247
rate H <-> Y: 5.962539
rate H <-> V: 0.114464
rate I <-> L: 2.382934
rate I <-> K: 0.218522
rate I <-> M: 4.984391
rate I <-> F: 0.926119
rate I <-> P: 0.104058
rate I <-> S: 0.416233
rate I <-> T: 2.549428
rate I <-> W: 0.093652
rate I <-> Y: 0.332986
rate I <-> V: 10.000000
rate L <-> K: 0.145682
rate L <-> M: 4.037461
rate L <-> F: 2.580645
rate L <-> P: 1.061394
rate L <-> S: 0.613944
rate L <-> T: 0.260146
rate L <-> W: 0.541103
rate L <-> Y: 0.249740
rate L <-> V: 1.873049
rate K <-> M: 0.676379
rate K <-> F: 0.041623
rate K <-> P: 0.218522
rate K <-> S: 0.489074
rate K <-> T: 1.071800
rate K <-> W: 0.104058
rate K <-> Y: 0.083247
rate K <-> V: 0.145682
rate M <-> F: 0.447451
rate M <-> P: 0.166493
rate M <-> S: 0.301769
rate M <-> T: 2.351717
rate M <-> W: 0.249740
rate M <-> Y: 0.187305
rate M <-> V: 3.361082
rate F <-> P: 0.176899
rate F <-> S: 0.957336
rate F <-> T: 0.124870
rate F <-> W: 0.551509
rate F <-> Y: 5.577523
rate F <-> V: 0.645161
rate P <-> S: 2.965661
rate P <-> T: 1.227888
rate P <-> W: 0.062435
rate P <-> Y: 0.104058
rate P <-> V: 0.239334
rate S <-> T: 4.963580
rate S <-> W: 0.364204
rate S <-> Y: 0.655567
rate S <-> V: 0.395421
rate T <-> W: 0.124870
rate T <-> Y: 0.218522
rate T <-> V: 1.165453
rate W <-> Y: 0.738814
rate W <-> V: 0.260146
rate Y <-> V: 0.166493

freq pi(A): 0.076748
freq pi(R): 0.051691
freq pi(N): 0.042645
freq pi(D): 0.051544
freq pi(C): 0.019803
freq pi(Q): 0.040752
freq pi(E): 0.061830
freq pi(G): 0.073152
freq pi(H): 0.022944
freq pi(I): 0.053761
freq pi(L): 0.091904
freq pi(K): 0.058676
freq pi(M): 0.023826
freq pi(F): 0.040126
freq pi(P): 0.050901
freq pi(S): 0.068765
freq pi(T): 0.058565
freq pi(W): 0.014261
freq pi(Y): 0.032102
freq pi(V): 0.066004


ML search took 7.990493 secs or 0.002220 hours

Combined Bootstrap and ML search took 20.997660 secs or 0.005833 hours

Drawing Bootstrap Support Values on best-scoring ML tree ...



Found 1 tree in File /Users/prigozhin/Dropbox/NLRomes/Soy_NLRome/RAxML_tree_pbNB-ARC/Clade_Refinement_1/RAxML_bestTree.Int9778_403_421_R_29.Raxml.out



Found 1 tree in File /Users/prigozhin/Dropbox/NLRomes/Soy_NLRome/RAxML_tree_pbNB-ARC/Clade_Refinement_1/RAxML_bestTree.Int9778_403_421_R_29.Raxml.out

Program execution info written to /Users/prigozhin/Dropbox/NLRomes/Soy_NLRome/RAxML_tree_pbNB-ARC/Clade_Refinement_1/RAxML_info.Int9778_403_421_R_29.Raxml.out
All 100 bootstrapped trees written to: /Users/prigozhin/Dropbox/NLRomes/Soy_NLRome/RAxML_tree_pbNB-ARC/Clade_Refinement_1/RAxML_bootstrap.Int9778_403_421_R_29.Raxml.out

Best-scoring ML tree written to: /Users/prigozhin/Dropbox/NLRomes/Soy_NLRome/RAxML_tree_pbNB-ARC/Clade_Refinement_1/RAxML_bestTree.Int9778_403_421_R_29.Raxml.out

Best-scoring ML tree with support values written to: /Users/prigozhin/Dropbox/NLRomes/Soy_NLRome/RAxML_tree_pbNB-ARC/Clade_Refinement_1/RAxML_bipartitions.Int9778_403_421_R_29.Raxml.out

Best-scoring ML tree with support values as branch labels written to: /Users/prigozhin/Dropbox/NLRomes/Soy_NLRome/RAxML_tree_pbNB-ARC/Clade_Refinement_1/RAxML_bipartitionsBranchLabels.Int9778_403_421_R_29.Raxml.out

Overall execution time for full ML analysis: 21.006893 secs or 0.005835 hours or 0.000243 days

