

IMPORTANT WARNING: Sequences GWHPACER046599 and GWHPACEX047346 are exactly identical


IMPORTANT WARNING: Sequences GWHPACER046599 and GWHPACEO051161 are exactly identical


IMPORTANT WARNING: Sequences GWHPACER046599 and GWHPACEQ047604 are exactly identical


IMPORTANT WARNING: Sequences GWHPACER046599 and GWHPACEN050043 are exactly identical


IMPORTANT WARNING: Sequences GWHPACER046599 and GWHPACET051367 are exactly identical


IMPORTANT WARNING: Sequences GWHPACER046599 and GWHPACES050724 are exactly identical


IMPORTANT WARNING: Sequences GWHPACER046599 and GWHPACEP047767 are exactly identical


IMPORTANT WARNING: Sequences GWHPACER046599 and GWHPACEC047964 are exactly identical


IMPORTANT WARNING: Sequences GWHPACER046599 and GWHPACEJ052379 are exactly identical


IMPORTANT WARNING: Sequences GWHPACER046599 and GLYMA_12G218500_1 are exactly identical


IMPORTANT WARNING: Sequences GWHPACER046599 and GWHPACEM050738 are exactly identical


IMPORTANT WARNING: Sequences GWHPACER046599 and GWHPACEU051038 are exactly identical


IMPORTANT WARNING: Sequences GWHPACER046599 and GWHPACEV046435 are exactly identical


IMPORTANT WARNING: Sequences GWHPACER046599 and GWHPACDZ052286 are exactly identical


IMPORTANT WARNING: Sequences GWHPACER046599 and GWHPACEF047993 are exactly identical

IMPORTANT WARNING
Found 15 sequences that are exactly identical to other sequences in the alignment.
Normally they should be excluded from the analysis.

Just in case you might need it, an alignment file with 
sequence duplicates removed is printed to file ../../RAxML_tree_pbNB-ARC/Clade_Refinement_1/Int9555_160_227_R_20.afa.reduced


This is RAxML version 8.2.12 released by Alexandros Stamatakis on May 2018.

With greatly appreciated code contributions by:
Andre Aberer      (HITS)
Simon Berger      (HITS)
Alexey Kozlov     (HITS)
Kassian Kobert    (HITS)
David Dao         (KIT and HITS)
Sarah Lutteropp   (KIT and HITS)
Nick Pattengale   (Sandia)
Wayne Pfeiffer    (SDSC)
Akifumi S. Tanabe (NRIFS)
Charlie Taylor    (UF)


Alignment has 42 distinct alignment patterns

Proportion of gaps and completely undetermined characters in this alignment: 6.84%

RAxML rapid bootstrapping and subsequent ML search

Using 1 distinct models/data partitions with joint branch length optimization



Executing 100 rapid bootstrap inferences and thereafter a thorough ML search 

All free model parameters will be estimated by RAxML
ML estimate of 25 per site rate categories

Likelihood of final tree will be evaluated and optimized under GAMMA

GAMMA Model parameters will be estimated up to an accuracy of 0.1000000000 Log Likelihood units

Partition: 0
Alignment Patterns: 42
Name: No Name Provided
DataType: AA
Substitution Matrix: JTT
Using fixed base frequencies




RAxML was called as follows:

/Users/prigozhin/Installers/standard-RAxML/raxmlHPC-PTHREADS-AVX -T 4 -n Int9555_160_227_R_20.Raxml.out -f a -x 12345 -p 12345 -# 100 -m PROTCATJTT -s ../../RAxML_tree_pbNB-ARC/Clade_Refinement_1/Int9555_160_227_R_20.afa 



Time for BS model parameter optimization 0.014054
Bootstrap[0]: Time 0.135204 seconds, bootstrap likelihood -3118.142262, best rearrangement setting 13
Bootstrap[1]: Time 0.118075 seconds, bootstrap likelihood -3166.209865, best rearrangement setting 13
Bootstrap[2]: Time 0.123851 seconds, bootstrap likelihood -3152.371541, best rearrangement setting 12
Bootstrap[3]: Time 0.166103 seconds, bootstrap likelihood -3154.772719, best rearrangement setting 15
Bootstrap[4]: Time 0.138440 seconds, bootstrap likelihood -3123.839211, best rearrangement setting 10
Bootstrap[5]: Time 0.133861 seconds, bootstrap likelihood -3147.938428, best rearrangement setting 10
Bootstrap[6]: Time 0.093132 seconds, bootstrap likelihood -3183.442658, best rearrangement setting 6
Bootstrap[7]: Time 0.196204 seconds, bootstrap likelihood -3143.774385, best rearrangement setting 14
Bootstrap[8]: Time 0.121138 seconds, bootstrap likelihood -3149.561768, best rearrangement setting 5
Bootstrap[9]: Time 0.096215 seconds, bootstrap likelihood -3150.364371, best rearrangement setting 7
Bootstrap[10]: Time 0.088250 seconds, bootstrap likelihood -3135.351578, best rearrangement setting 7
Bootstrap[11]: Time 0.070720 seconds, bootstrap likelihood -3133.920901, best rearrangement setting 5
Bootstrap[12]: Time 0.108216 seconds, bootstrap likelihood -3130.477445, best rearrangement setting 8
Bootstrap[13]: Time 0.101936 seconds, bootstrap likelihood -3126.726019, best rearrangement setting 7
Bootstrap[14]: Time 0.150426 seconds, bootstrap likelihood -3147.246627, best rearrangement setting 12
Bootstrap[15]: Time 0.136912 seconds, bootstrap likelihood -3148.063505, best rearrangement setting 15
Bootstrap[16]: Time 0.143177 seconds, bootstrap likelihood -3147.173710, best rearrangement setting 12
Bootstrap[17]: Time 0.141336 seconds, bootstrap likelihood -3113.908603, best rearrangement setting 12
Bootstrap[18]: Time 0.087606 seconds, bootstrap likelihood -3154.389115, best rearrangement setting 5
Bootstrap[19]: Time 0.116097 seconds, bootstrap likelihood -3150.855266, best rearrangement setting 8
Bootstrap[20]: Time 0.119604 seconds, bootstrap likelihood -3173.119681, best rearrangement setting 10
Bootstrap[21]: Time 0.082456 seconds, bootstrap likelihood -3133.475082, best rearrangement setting 6
Bootstrap[22]: Time 0.096918 seconds, bootstrap likelihood -3150.950047, best rearrangement setting 5
Bootstrap[23]: Time 0.130456 seconds, bootstrap likelihood -3179.176312, best rearrangement setting 7
Bootstrap[24]: Time 0.153345 seconds, bootstrap likelihood -3141.882804, best rearrangement setting 8
Bootstrap[25]: Time 0.098977 seconds, bootstrap likelihood -3168.304253, best rearrangement setting 6
Bootstrap[26]: Time 0.153646 seconds, bootstrap likelihood -3112.681592, best rearrangement setting 12
Bootstrap[27]: Time 0.126997 seconds, bootstrap likelihood -3171.436225, best rearrangement setting 10
Bootstrap[28]: Time 0.120536 seconds, bootstrap likelihood -3167.771626, best rearrangement setting 11
Bootstrap[29]: Time 0.136336 seconds, bootstrap likelihood -3123.783005, best rearrangement setting 12
Bootstrap[30]: Time 0.127143 seconds, bootstrap likelihood -3140.136083, best rearrangement setting 15
Bootstrap[31]: Time 0.125006 seconds, bootstrap likelihood -3131.854741, best rearrangement setting 15
Bootstrap[32]: Time 0.085957 seconds, bootstrap likelihood -3192.688253, best rearrangement setting 6
Bootstrap[33]: Time 0.126117 seconds, bootstrap likelihood -3138.628813, best rearrangement setting 15
Bootstrap[34]: Time 0.126571 seconds, bootstrap likelihood -3126.995320, best rearrangement setting 11
Bootstrap[35]: Time 0.119663 seconds, bootstrap likelihood -3109.300545, best rearrangement setting 8
Bootstrap[36]: Time 0.124799 seconds, bootstrap likelihood -3166.490920, best rearrangement setting 9
Bootstrap[37]: Time 0.110562 seconds, bootstrap likelihood -3165.495622, best rearrangement setting 11
Bootstrap[38]: Time 0.103198 seconds, bootstrap likelihood -3149.117761, best rearrangement setting 8
Bootstrap[39]: Time 0.123399 seconds, bootstrap likelihood -3122.977235, best rearrangement setting 13
Bootstrap[40]: Time 0.146318 seconds, bootstrap likelihood -3136.320677, best rearrangement setting 13
Bootstrap[41]: Time 0.135910 seconds, bootstrap likelihood -3149.339322, best rearrangement setting 10
Bootstrap[42]: Time 0.068791 seconds, bootstrap likelihood -3149.869088, best rearrangement setting 5
Bootstrap[43]: Time 0.146525 seconds, bootstrap likelihood -3170.227160, best rearrangement setting 14
Bootstrap[44]: Time 0.135182 seconds, bootstrap likelihood -3133.246677, best rearrangement setting 10
Bootstrap[45]: Time 0.137734 seconds, bootstrap likelihood -3139.408482, best rearrangement setting 15
Bootstrap[46]: Time 0.124257 seconds, bootstrap likelihood -3133.094589, best rearrangement setting 14
Bootstrap[47]: Time 0.104535 seconds, bootstrap likelihood -3160.531867, best rearrangement setting 8
Bootstrap[48]: Time 0.112705 seconds, bootstrap likelihood -3122.742510, best rearrangement setting 6
Bootstrap[49]: Time 0.096333 seconds, bootstrap likelihood -3127.464637, best rearrangement setting 7
Bootstrap[50]: Time 0.116860 seconds, bootstrap likelihood -3145.772236, best rearrangement setting 7
Bootstrap[51]: Time 0.127448 seconds, bootstrap likelihood -3160.975505, best rearrangement setting 11
Bootstrap[52]: Time 0.167830 seconds, bootstrap likelihood -3121.219543, best rearrangement setting 12
Bootstrap[53]: Time 0.149289 seconds, bootstrap likelihood -3137.231938, best rearrangement setting 8
Bootstrap[54]: Time 0.099298 seconds, bootstrap likelihood -3164.826932, best rearrangement setting 9
Bootstrap[55]: Time 0.123226 seconds, bootstrap likelihood -3124.431931, best rearrangement setting 11
Bootstrap[56]: Time 0.070735 seconds, bootstrap likelihood -3141.813953, best rearrangement setting 5
Bootstrap[57]: Time 0.106937 seconds, bootstrap likelihood -3131.077750, best rearrangement setting 7
Bootstrap[58]: Time 0.107388 seconds, bootstrap likelihood -3100.942970, best rearrangement setting 10
Bootstrap[59]: Time 0.106120 seconds, bootstrap likelihood -3147.557593, best rearrangement setting 9
Bootstrap[60]: Time 0.101805 seconds, bootstrap likelihood -3158.836993, best rearrangement setting 7
Bootstrap[61]: Time 0.081479 seconds, bootstrap likelihood -3149.169824, best rearrangement setting 5
Bootstrap[62]: Time 0.115093 seconds, bootstrap likelihood -3155.063699, best rearrangement setting 11
Bootstrap[63]: Time 0.115527 seconds, bootstrap likelihood -3172.038921, best rearrangement setting 12
Bootstrap[64]: Time 0.097576 seconds, bootstrap likelihood -3120.517655, best rearrangement setting 7
Bootstrap[65]: Time 0.075654 seconds, bootstrap likelihood -3161.655883, best rearrangement setting 5
Bootstrap[66]: Time 0.076405 seconds, bootstrap likelihood -3144.567944, best rearrangement setting 5
Bootstrap[67]: Time 0.147783 seconds, bootstrap likelihood -3183.704947, best rearrangement setting 15
Bootstrap[68]: Time 0.128081 seconds, bootstrap likelihood -3155.450849, best rearrangement setting 11
Bootstrap[69]: Time 0.073033 seconds, bootstrap likelihood -3118.326692, best rearrangement setting 5
Bootstrap[70]: Time 0.112244 seconds, bootstrap likelihood -3166.963699, best rearrangement setting 8
Bootstrap[71]: Time 0.132111 seconds, bootstrap likelihood -3142.445856, best rearrangement setting 10
Bootstrap[72]: Time 0.141399 seconds, bootstrap likelihood -3160.161801, best rearrangement setting 11
Bootstrap[73]: Time 0.101448 seconds, bootstrap likelihood -3142.404251, best rearrangement setting 9
Bootstrap[74]: Time 0.066903 seconds, bootstrap likelihood -3167.616402, best rearrangement setting 5
Bootstrap[75]: Time 0.103881 seconds, bootstrap likelihood -3120.704695, best rearrangement setting 8
Bootstrap[76]: Time 0.101342 seconds, bootstrap likelihood -3160.356468, best rearrangement setting 9
Bootstrap[77]: Time 0.116350 seconds, bootstrap likelihood -3146.181269, best rearrangement setting 11
Bootstrap[78]: Time 0.141129 seconds, bootstrap likelihood -3123.059229, best rearrangement setting 15
Bootstrap[79]: Time 0.122371 seconds, bootstrap likelihood -3137.560317, best rearrangement setting 9
Bootstrap[80]: Time 0.136534 seconds, bootstrap likelihood -3103.631827, best rearrangement setting 15
Bootstrap[81]: Time 0.101583 seconds, bootstrap likelihood -3134.735643, best rearrangement setting 7
Bootstrap[82]: Time 0.077451 seconds, bootstrap likelihood -3146.825998, best rearrangement setting 6
Bootstrap[83]: Time 0.129469 seconds, bootstrap likelihood -3151.726057, best rearrangement setting 10
Bootstrap[84]: Time 0.117170 seconds, bootstrap likelihood -3134.267348, best rearrangement setting 11
Bootstrap[85]: Time 0.129978 seconds, bootstrap likelihood -3157.668544, best rearrangement setting 8
Bootstrap[86]: Time 0.118573 seconds, bootstrap likelihood -3167.629884, best rearrangement setting 7
Bootstrap[87]: Time 0.096108 seconds, bootstrap likelihood -3146.614742, best rearrangement setting 7
Bootstrap[88]: Time 0.136467 seconds, bootstrap likelihood -3135.107703, best rearrangement setting 12
Bootstrap[89]: Time 0.122525 seconds, bootstrap likelihood -3113.005922, best rearrangement setting 10
Bootstrap[90]: Time 0.105174 seconds, bootstrap likelihood -3164.909043, best rearrangement setting 8
Bootstrap[91]: Time 0.130394 seconds, bootstrap likelihood -3147.328933, best rearrangement setting 12
Bootstrap[92]: Time 0.161781 seconds, bootstrap likelihood -3154.407113, best rearrangement setting 13
Bootstrap[93]: Time 0.130517 seconds, bootstrap likelihood -3177.628276, best rearrangement setting 15
Bootstrap[94]: Time 0.070292 seconds, bootstrap likelihood -3125.747409, best rearrangement setting 5
Bootstrap[95]: Time 0.083883 seconds, bootstrap likelihood -3143.269426, best rearrangement setting 5
Bootstrap[96]: Time 0.142998 seconds, bootstrap likelihood -3173.390516, best rearrangement setting 13
Bootstrap[97]: Time 0.131106 seconds, bootstrap likelihood -3162.237492, best rearrangement setting 11
Bootstrap[98]: Time 0.099377 seconds, bootstrap likelihood -3159.387420, best rearrangement setting 6
Bootstrap[99]: Time 0.129936 seconds, bootstrap likelihood -3168.801124, best rearrangement setting 14


Overall Time for 100 Rapid Bootstraps 11.770863 seconds
Average Time per Rapid Bootstrap 0.117709 seconds

Starting ML Search ...

Fast ML optimization finished

Fast ML search Time: 3.172818 seconds

Slow ML Search 0 Likelihood: -3169.238880
Slow ML Search 1 Likelihood: -3169.238880
Slow ML Search 2 Likelihood: -3169.238880
Slow ML Search 3 Likelihood: -3169.238880
Slow ML Search 4 Likelihood: -3169.238880
Slow ML Search 5 Likelihood: -3169.238880
Slow ML Search 6 Likelihood: -3169.238880
Slow ML Search 7 Likelihood: -3169.238880
Slow ML Search 8 Likelihood: -3169.238880
Slow ML Search 9 Likelihood: -3169.238880
Slow ML optimization finished

Slow ML search Time: 2.109440 seconds
Thorough ML search Time: 0.241128 seconds

Final ML Optimization Likelihood: -3169.238880

Model Information:

Model Parameters of Partition 0, Name: No Name Provided, Type of Data: AA
alpha: 2.403962
Tree-Length: 0.004121
rate A <-> R: 0.603538
rate A <-> N: 0.561915
rate A <-> D: 0.842872
rate A <-> C: 0.582726
rate A <-> Q: 0.593132
rate A <-> E: 1.092612
rate A <-> G: 1.862643
rate A <-> H: 0.280957
rate A <-> I: 0.374610
rate A <-> L: 0.312175
rate A <-> K: 0.364204
rate A <-> M: 0.561915
rate A <-> F: 0.156087
rate A <-> P: 2.018730
rate A <-> S: 3.933403
rate A <-> T: 4.942768
rate A <-> W: 0.093652
rate A <-> Y: 0.114464
rate A <-> V: 3.100937
rate R <-> N: 0.468262
rate R <-> D: 0.166493
rate R <-> C: 1.175858
rate R <-> Q: 3.225806
rate R <-> E: 0.301769
rate R <-> G: 1.425598
rate R <-> H: 3.413111
rate R <-> I: 0.228928
rate R <-> L: 0.395421
rate R <-> K: 6.722164
rate R <-> M: 0.457856
rate R <-> F: 0.052029
rate R <-> P: 0.770031
rate R <-> S: 1.050989
rate R <-> T: 0.665973
rate R <-> W: 1.311134
rate R <-> Y: 0.208117
rate R <-> V: 0.176899
rate N <-> D: 5.494277
rate N <-> C: 0.353798
rate N <-> Q: 0.894901
rate N <-> E: 0.603538
rate N <-> G: 0.842872
rate N <-> H: 4.068678
rate N <-> I: 0.489074
rate N <-> L: 0.124870
rate N <-> K: 2.736733
rate N <-> M: 0.312175
rate N <-> F: 0.104058
rate N <-> P: 0.156087
rate N <-> S: 5.234131
rate N <-> T: 2.414152
rate N <-> W: 0.083247
rate N <-> Y: 0.728408
rate N <-> V: 0.166493
rate D <-> C: 0.104058
rate D <-> Q: 0.509886
rate D <-> E: 7.981270
rate D <-> G: 1.352758
rate D <-> H: 1.165453
rate D <-> I: 0.114464
rate D <-> L: 0.072841
rate D <-> K: 0.270552
rate D <-> M: 0.156087
rate D <-> F: 0.041623
rate D <-> P: 0.156087
rate D <-> S: 0.613944
rate D <-> T: 0.395421
rate D <-> W: 0.041623
rate D <-> Y: 0.478668
rate D <-> V: 0.322581
rate C <-> Q: 0.093652
rate C <-> E: 0.052029
rate C <-> G: 0.613944
rate C <-> H: 0.718002
rate C <-> I: 0.176899
rate C <-> L: 0.239334
rate C <-> K: 0.072841
rate C <-> M: 0.322581
rate C <-> F: 0.811655
rate C <-> P: 0.145682
rate C <-> S: 2.320499
rate C <-> T: 0.437045
rate C <-> W: 1.196670
rate C <-> Y: 2.174818
rate C <-> V: 0.645161
rate Q <-> E: 3.361082
rate Q <-> G: 0.270552
rate Q <-> H: 6.212279
rate Q <-> I: 0.093652
rate Q <-> L: 0.749220
rate Q <-> K: 3.038502
rate Q <-> M: 0.447451
rate Q <-> F: 0.041623
rate Q <-> P: 1.706556
rate Q <-> S: 0.551509
rate Q <-> T: 0.530697
rate Q <-> W: 0.187305
rate Q <-> Y: 0.249740
rate Q <-> V: 0.208117
rate E <-> G: 1.238293
rate E <-> H: 0.270552
rate E <-> I: 0.124870
rate E <-> L: 0.093652
rate E <-> K: 1.883455
rate E <-> M: 0.187305
rate E <-> F: 0.052029
rate E <-> P: 0.187305
rate E <-> S: 0.312175
rate E <-> T: 0.332986
rate E <-> W: 0.104058
rate E <-> Y: 0.072841
rate E <-> V: 0.468262
rate G <-> H: 0.239334
rate G <-> I: 0.062435
rate G <-> L: 0.062435
rate G <-> K: 0.280957
rate G <-> M: 0.145682
rate G <-> F: 0.052029
rate G <-> P: 0.249740
rate G <-> S: 2.091571
rate G <-> T: 0.343392
rate G <-> W: 0.572320
rate G <-> Y: 0.083247
rate G <-> V: 0.489074
rate H <-> I: 0.166493
rate H <-> L: 0.582726
rate H <-> K: 0.468262
rate H <-> M: 0.343392
rate H <-> F: 0.416233
rate H <-> P: 1.196670
rate H <-> S: 0.759625
rate H <-> T: 0.478668
rate H <-> W: 0.083247
rate H <-> Y: 5.962539
rate H <-> V: 0.114464
rate I <-> L: 2.382934
rate I <-> K: 0.218522
rate I <-> M: 4.984391
rate I <-> F: 0.926119
rate I <-> P: 0.104058
rate I <-> S: 0.416233
rate I <-> T: 2.549428
rate I <-> W: 0.093652
rate I <-> Y: 0.332986
rate I <-> V: 10.000000
rate L <-> K: 0.145682
rate L <-> M: 4.037461
rate L <-> F: 2.580645
rate L <-> P: 1.061394
rate L <-> S: 0.613944
rate L <-> T: 0.260146
rate L <-> W: 0.541103
rate L <-> Y: 0.249740
rate L <-> V: 1.873049
rate K <-> M: 0.676379
rate K <-> F: 0.041623
rate K <-> P: 0.218522
rate K <-> S: 0.489074
rate K <-> T: 1.071800
rate K <-> W: 0.104058
rate K <-> Y: 0.083247
rate K <-> V: 0.145682
rate M <-> F: 0.447451
rate M <-> P: 0.166493
rate M <-> S: 0.301769
rate M <-> T: 2.351717
rate M <-> W: 0.249740
rate M <-> Y: 0.187305
rate M <-> V: 3.361082
rate F <-> P: 0.176899
rate F <-> S: 0.957336
rate F <-> T: 0.124870
rate F <-> W: 0.551509
rate F <-> Y: 5.577523
rate F <-> V: 0.645161
rate P <-> S: 2.965661
rate P <-> T: 1.227888
rate P <-> W: 0.062435
rate P <-> Y: 0.104058
rate P <-> V: 0.239334
rate S <-> T: 4.963580
rate S <-> W: 0.364204
rate S <-> Y: 0.655567
rate S <-> V: 0.395421
rate T <-> W: 0.124870
rate T <-> Y: 0.218522
rate T <-> V: 1.165453
rate W <-> Y: 0.738814
rate W <-> V: 0.260146
rate Y <-> V: 0.166493

freq pi(A): 0.076748
freq pi(R): 0.051691
freq pi(N): 0.042645
freq pi(D): 0.051544
freq pi(C): 0.019803
freq pi(Q): 0.040752
freq pi(E): 0.061830
freq pi(G): 0.073152
freq pi(H): 0.022944
freq pi(I): 0.053761
freq pi(L): 0.091904
freq pi(K): 0.058676
freq pi(M): 0.023826
freq pi(F): 0.040126
freq pi(P): 0.050901
freq pi(S): 0.068765
freq pi(T): 0.058565
freq pi(W): 0.014261
freq pi(Y): 0.032102
freq pi(V): 0.066004


ML search took 5.546682 secs or 0.001541 hours

Combined Bootstrap and ML search took 17.317754 secs or 0.004810 hours

Drawing Bootstrap Support Values on best-scoring ML tree ...



Found 1 tree in File /Users/prigozhin/Dropbox/NLRomes/Soy_NLRome/RAxML_tree_pbNB-ARC/Clade_Refinement_1/RAxML_bestTree.Int9555_160_227_R_20.Raxml.out



Found 1 tree in File /Users/prigozhin/Dropbox/NLRomes/Soy_NLRome/RAxML_tree_pbNB-ARC/Clade_Refinement_1/RAxML_bestTree.Int9555_160_227_R_20.Raxml.out

Program execution info written to /Users/prigozhin/Dropbox/NLRomes/Soy_NLRome/RAxML_tree_pbNB-ARC/Clade_Refinement_1/RAxML_info.Int9555_160_227_R_20.Raxml.out
All 100 bootstrapped trees written to: /Users/prigozhin/Dropbox/NLRomes/Soy_NLRome/RAxML_tree_pbNB-ARC/Clade_Refinement_1/RAxML_bootstrap.Int9555_160_227_R_20.Raxml.out

Best-scoring ML tree written to: /Users/prigozhin/Dropbox/NLRomes/Soy_NLRome/RAxML_tree_pbNB-ARC/Clade_Refinement_1/RAxML_bestTree.Int9555_160_227_R_20.Raxml.out

Best-scoring ML tree with support values written to: /Users/prigozhin/Dropbox/NLRomes/Soy_NLRome/RAxML_tree_pbNB-ARC/Clade_Refinement_1/RAxML_bipartitions.Int9555_160_227_R_20.Raxml.out

Best-scoring ML tree with support values as branch labels written to: /Users/prigozhin/Dropbox/NLRomes/Soy_NLRome/RAxML_tree_pbNB-ARC/Clade_Refinement_1/RAxML_bipartitionsBranchLabels.Int9555_160_227_R_20.Raxml.out

Overall execution time for full ML analysis: 17.324689 secs or 0.004812 hours or 0.000201 days

