

IMPORTANT WARNING: Sequences GWHPACEF042972 and GWHPACEE045574 are exactly identical


IMPORTANT WARNING: Sequences GWHPACEF042972 and GWHPACEL043705 are exactly identical


IMPORTANT WARNING: Sequences GWHPACEF042972 and GWHPACEP042908 are exactly identical


IMPORTANT WARNING: Sequences GWHPACEF042972 and GWHPACEN044946 are exactly identical


IMPORTANT WARNING: Sequences GWHPACEF042972 and GWHPACEQ042685 are exactly identical


IMPORTANT WARNING: Sequences GWHPACEF042972 and GWHPACET046191 are exactly identical


IMPORTANT WARNING: Sequences GWHPACEF042972 and GWHPACEX042523 are exactly identical


IMPORTANT WARNING: Sequences GWHPACEF042972 and GWHPACEH045700 are exactly identical


IMPORTANT WARNING: Sequences GWHPACEF042972 and GWHPACEB042071 are exactly identical


IMPORTANT WARNING: Sequences GWHPACEF042972 and GWHPACEK041154 are exactly identical


IMPORTANT WARNING: Sequences GWHPACEF042972 and GWHPACEU045871 are exactly identical


IMPORTANT WARNING: Sequences GWHPACEF042972 and GLYMA_11G171355_1 are exactly identical


IMPORTANT WARNING: Sequences GWHPACEF042972 and GWHPACEM045860 are exactly identical


IMPORTANT WARNING: Sequences GWHPACEF042972 and GWHPACEG045342 are exactly identical


IMPORTANT WARNING: Sequences GWHPACEJ047064 and GWHPACEI047129 are exactly identical


IMPORTANT WARNING: Sequences GWHPACEV041792 and GWHPACER041773 are exactly identical

IMPORTANT WARNING
Found 16 sequences that are exactly identical to other sequences in the alignment.
Normally they should be excluded from the analysis.

Just in case you might need it, an alignment file with 
sequence duplicates removed is printed to file ../../RAxML_tree_pbNB-ARC/Clade_Refinement_1/Int9024_309_381_R_23.afa.reduced


This is RAxML version 8.2.12 released by Alexandros Stamatakis on May 2018.

With greatly appreciated code contributions by:
Andre Aberer      (HITS)
Simon Berger      (HITS)
Alexey Kozlov     (HITS)
Kassian Kobert    (HITS)
David Dao         (KIT and HITS)
Sarah Lutteropp   (KIT and HITS)
Nick Pattengale   (Sandia)
Wayne Pfeiffer    (SDSC)
Akifumi S. Tanabe (NRIFS)
Charlie Taylor    (UF)


Alignment has 131 distinct alignment patterns

Proportion of gaps and completely undetermined characters in this alignment: 4.46%

RAxML rapid bootstrapping and subsequent ML search

Using 1 distinct models/data partitions with joint branch length optimization



Executing 100 rapid bootstrap inferences and thereafter a thorough ML search 

All free model parameters will be estimated by RAxML
ML estimate of 25 per site rate categories

Likelihood of final tree will be evaluated and optimized under GAMMA

GAMMA Model parameters will be estimated up to an accuracy of 0.1000000000 Log Likelihood units

Partition: 0
Alignment Patterns: 131
Name: No Name Provided
DataType: AA
Substitution Matrix: JTT
Using fixed base frequencies




RAxML was called as follows:

/Users/prigozhin/Installers/standard-RAxML/raxmlHPC-PTHREADS-AVX -T 4 -n Int9024_309_381_R_23.Raxml.out -f a -x 12345 -p 12345 -# 100 -m PROTCATJTT -s ../../RAxML_tree_pbNB-ARC/Clade_Refinement_1/Int9024_309_381_R_23.afa 



Time for BS model parameter optimization 0.393885
Bootstrap[0]: Time 0.921619 seconds, bootstrap likelihood -6101.006958, best rearrangement setting 13
Bootstrap[1]: Time 0.563384 seconds, bootstrap likelihood -6078.057710, best rearrangement setting 13
Bootstrap[2]: Time 0.552714 seconds, bootstrap likelihood -6099.584721, best rearrangement setting 12
Bootstrap[3]: Time 0.508912 seconds, bootstrap likelihood -6099.854768, best rearrangement setting 15
Bootstrap[4]: Time 0.445119 seconds, bootstrap likelihood -6108.575421, best rearrangement setting 10
Bootstrap[5]: Time 0.472463 seconds, bootstrap likelihood -6041.187816, best rearrangement setting 10
Bootstrap[6]: Time 0.330605 seconds, bootstrap likelihood -6098.385848, best rearrangement setting 6
Bootstrap[7]: Time 0.540221 seconds, bootstrap likelihood -6088.452003, best rearrangement setting 14
Bootstrap[8]: Time 0.265833 seconds, bootstrap likelihood -6061.350554, best rearrangement setting 5
Bootstrap[9]: Time 0.354520 seconds, bootstrap likelihood -6075.538997, best rearrangement setting 7
Bootstrap[10]: Time 0.361590 seconds, bootstrap likelihood -6097.105660, best rearrangement setting 7
Bootstrap[11]: Time 0.270881 seconds, bootstrap likelihood -6111.970616, best rearrangement setting 5
Bootstrap[12]: Time 0.407548 seconds, bootstrap likelihood -6055.113266, best rearrangement setting 8
Bootstrap[13]: Time 0.353585 seconds, bootstrap likelihood -6095.554368, best rearrangement setting 7
Bootstrap[14]: Time 0.462488 seconds, bootstrap likelihood -6128.884515, best rearrangement setting 12
Bootstrap[15]: Time 0.537202 seconds, bootstrap likelihood -6032.686127, best rearrangement setting 15
Bootstrap[16]: Time 0.505232 seconds, bootstrap likelihood -6081.453907, best rearrangement setting 12
Bootstrap[17]: Time 0.522565 seconds, bootstrap likelihood -6101.480101, best rearrangement setting 12
Bootstrap[18]: Time 0.283555 seconds, bootstrap likelihood -6134.873407, best rearrangement setting 5
Bootstrap[19]: Time 0.423628 seconds, bootstrap likelihood -6118.955060, best rearrangement setting 8
Bootstrap[20]: Time 0.509784 seconds, bootstrap likelihood -6071.621757, best rearrangement setting 10
Bootstrap[21]: Time 0.322080 seconds, bootstrap likelihood -6048.132017, best rearrangement setting 6
Bootstrap[22]: Time 0.279248 seconds, bootstrap likelihood -6083.119469, best rearrangement setting 5
Bootstrap[23]: Time 0.340917 seconds, bootstrap likelihood -6099.864205, best rearrangement setting 7
Bootstrap[24]: Time 0.434715 seconds, bootstrap likelihood -6032.427453, best rearrangement setting 8
Bootstrap[25]: Time 0.601989 seconds, bootstrap likelihood -6098.752429, best rearrangement setting 6
Bootstrap[26]: Time 0.485650 seconds, bootstrap likelihood -6083.326443, best rearrangement setting 12
Bootstrap[27]: Time 0.483246 seconds, bootstrap likelihood -6091.603062, best rearrangement setting 10
Bootstrap[28]: Time 0.501263 seconds, bootstrap likelihood -6068.681268, best rearrangement setting 11
Bootstrap[29]: Time 0.485251 seconds, bootstrap likelihood -6086.380837, best rearrangement setting 12
Bootstrap[30]: Time 0.585055 seconds, bootstrap likelihood -6064.724897, best rearrangement setting 15
Bootstrap[31]: Time 0.545025 seconds, bootstrap likelihood -6088.478784, best rearrangement setting 15
Bootstrap[32]: Time 0.346329 seconds, bootstrap likelihood -6111.753479, best rearrangement setting 6
Bootstrap[33]: Time 0.514851 seconds, bootstrap likelihood -6079.511998, best rearrangement setting 15
Bootstrap[34]: Time 0.561455 seconds, bootstrap likelihood -6076.333839, best rearrangement setting 11
Bootstrap[35]: Time 0.428386 seconds, bootstrap likelihood -6064.693651, best rearrangement setting 8
Bootstrap[36]: Time 0.455765 seconds, bootstrap likelihood -6143.887227, best rearrangement setting 9
Bootstrap[37]: Time 0.569522 seconds, bootstrap likelihood -6088.433190, best rearrangement setting 11
Bootstrap[38]: Time 0.418626 seconds, bootstrap likelihood -6086.816395, best rearrangement setting 8
Bootstrap[39]: Time 0.529846 seconds, bootstrap likelihood -6115.925030, best rearrangement setting 13
Bootstrap[40]: Time 0.596320 seconds, bootstrap likelihood -6106.301173, best rearrangement setting 13
Bootstrap[41]: Time 0.479531 seconds, bootstrap likelihood -6093.534406, best rearrangement setting 10
Bootstrap[42]: Time 0.272935 seconds, bootstrap likelihood -6082.178941, best rearrangement setting 5
Bootstrap[43]: Time 0.531752 seconds, bootstrap likelihood -6094.301433, best rearrangement setting 14
Bootstrap[44]: Time 0.448347 seconds, bootstrap likelihood -6050.413096, best rearrangement setting 10
Bootstrap[45]: Time 0.511590 seconds, bootstrap likelihood -6076.454715, best rearrangement setting 15
Bootstrap[46]: Time 0.525232 seconds, bootstrap likelihood -6085.013721, best rearrangement setting 14
Bootstrap[47]: Time 0.415301 seconds, bootstrap likelihood -6091.810179, best rearrangement setting 8
Bootstrap[48]: Time 0.309528 seconds, bootstrap likelihood -6118.805948, best rearrangement setting 6
Bootstrap[49]: Time 0.346065 seconds, bootstrap likelihood -6102.732291, best rearrangement setting 7
Bootstrap[50]: Time 0.382414 seconds, bootstrap likelihood -6126.487941, best rearrangement setting 7
Bootstrap[51]: Time 0.474301 seconds, bootstrap likelihood -6122.429581, best rearrangement setting 11
Bootstrap[52]: Time 0.521558 seconds, bootstrap likelihood -6045.773529, best rearrangement setting 12
Bootstrap[53]: Time 0.449501 seconds, bootstrap likelihood -6096.197279, best rearrangement setting 8
Bootstrap[54]: Time 0.478349 seconds, bootstrap likelihood -6115.057524, best rearrangement setting 9
Bootstrap[55]: Time 0.496047 seconds, bootstrap likelihood -6067.373304, best rearrangement setting 11
Bootstrap[56]: Time 0.281866 seconds, bootstrap likelihood -6030.717680, best rearrangement setting 5
Bootstrap[57]: Time 0.347348 seconds, bootstrap likelihood -6088.510005, best rearrangement setting 7
Bootstrap[58]: Time 0.464347 seconds, bootstrap likelihood -6071.880068, best rearrangement setting 10
Bootstrap[59]: Time 0.514488 seconds, bootstrap likelihood -6095.066139, best rearrangement setting 9
Bootstrap[60]: Time 0.371670 seconds, bootstrap likelihood -6102.971964, best rearrangement setting 7
Bootstrap[61]: Time 0.305196 seconds, bootstrap likelihood -6070.453774, best rearrangement setting 5
Bootstrap[62]: Time 0.473913 seconds, bootstrap likelihood -6077.151483, best rearrangement setting 11
Bootstrap[63]: Time 0.476019 seconds, bootstrap likelihood -6093.583526, best rearrangement setting 12
Bootstrap[64]: Time 0.372476 seconds, bootstrap likelihood -6033.487009, best rearrangement setting 7
Bootstrap[65]: Time 0.249634 seconds, bootstrap likelihood -6097.302250, best rearrangement setting 5
Bootstrap[66]: Time 0.282029 seconds, bootstrap likelihood -6117.579683, best rearrangement setting 5
Bootstrap[67]: Time 0.534028 seconds, bootstrap likelihood -6076.956068, best rearrangement setting 15
Bootstrap[68]: Time 0.484071 seconds, bootstrap likelihood -6043.527642, best rearrangement setting 11
Bootstrap[69]: Time 0.265688 seconds, bootstrap likelihood -6102.175615, best rearrangement setting 5
Bootstrap[70]: Time 0.447593 seconds, bootstrap likelihood -6056.226916, best rearrangement setting 8
Bootstrap[71]: Time 0.458904 seconds, bootstrap likelihood -6121.555626, best rearrangement setting 10
Bootstrap[72]: Time 0.496481 seconds, bootstrap likelihood -6105.841223, best rearrangement setting 11
Bootstrap[73]: Time 0.458259 seconds, bootstrap likelihood -6087.264623, best rearrangement setting 9
Bootstrap[74]: Time 0.317515 seconds, bootstrap likelihood -6062.665331, best rearrangement setting 5
Bootstrap[75]: Time 0.440242 seconds, bootstrap likelihood -6077.426725, best rearrangement setting 8
Bootstrap[76]: Time 0.498599 seconds, bootstrap likelihood -6109.829240, best rearrangement setting 9
Bootstrap[77]: Time 0.555602 seconds, bootstrap likelihood -6106.081726, best rearrangement setting 11
Bootstrap[78]: Time 0.517354 seconds, bootstrap likelihood -6100.315587, best rearrangement setting 15
Bootstrap[79]: Time 0.455936 seconds, bootstrap likelihood -6138.950064, best rearrangement setting 9
Bootstrap[80]: Time 0.518811 seconds, bootstrap likelihood -6070.361156, best rearrangement setting 15
Bootstrap[81]: Time 0.349514 seconds, bootstrap likelihood -6065.909517, best rearrangement setting 7
Bootstrap[82]: Time 0.347376 seconds, bootstrap likelihood -6092.952057, best rearrangement setting 6
Bootstrap[83]: Time 0.493279 seconds, bootstrap likelihood -6093.054027, best rearrangement setting 10
Bootstrap[84]: Time 0.489614 seconds, bootstrap likelihood -6092.062542, best rearrangement setting 11
Bootstrap[85]: Time 0.388710 seconds, bootstrap likelihood -6141.793044, best rearrangement setting 8
Bootstrap[86]: Time 0.386790 seconds, bootstrap likelihood -6110.720314, best rearrangement setting 7
Bootstrap[87]: Time 0.380697 seconds, bootstrap likelihood -6117.562619, best rearrangement setting 7
Bootstrap[88]: Time 0.570106 seconds, bootstrap likelihood -6104.575894, best rearrangement setting 12
Bootstrap[89]: Time 0.437397 seconds, bootstrap likelihood -6098.491646, best rearrangement setting 10
Bootstrap[90]: Time 0.427522 seconds, bootstrap likelihood -6094.747537, best rearrangement setting 8
Bootstrap[91]: Time 0.501738 seconds, bootstrap likelihood -6076.522118, best rearrangement setting 12
Bootstrap[92]: Time 0.538889 seconds, bootstrap likelihood -6068.173819, best rearrangement setting 13
Bootstrap[93]: Time 0.542442 seconds, bootstrap likelihood -6079.453461, best rearrangement setting 15
Bootstrap[94]: Time 0.288532 seconds, bootstrap likelihood -6112.568108, best rearrangement setting 5
Bootstrap[95]: Time 0.280249 seconds, bootstrap likelihood -6099.396179, best rearrangement setting 5
Bootstrap[96]: Time 0.497467 seconds, bootstrap likelihood -6121.907943, best rearrangement setting 13
Bootstrap[97]: Time 0.490117 seconds, bootstrap likelihood -6112.507187, best rearrangement setting 11
Bootstrap[98]: Time 0.310961 seconds, bootstrap likelihood -6107.092586, best rearrangement setting 6
Bootstrap[99]: Time 0.525192 seconds, bootstrap likelihood -6152.004641, best rearrangement setting 14


Overall Time for 100 Rapid Bootstraps 44.584631 seconds
Average Time per Rapid Bootstrap 0.445846 seconds

Starting ML Search ...

Fast ML optimization finished

Fast ML search Time: 27.763454 seconds

Slow ML Search 0 Likelihood: -6244.995369
Slow ML Search 1 Likelihood: -6244.995369
Slow ML Search 2 Likelihood: -6244.995370
Slow ML Search 3 Likelihood: -6244.995370
Slow ML Search 4 Likelihood: -6244.995370
Slow ML Search 5 Likelihood: -6244.995370
Slow ML Search 6 Likelihood: -6244.995370
Slow ML Search 7 Likelihood: -6244.995370
Slow ML Search 8 Likelihood: -6244.995370
Slow ML Search 9 Likelihood: -6244.995370
Slow ML optimization finished

Slow ML search Time: 8.441476 seconds
Thorough ML search Time: 0.712337 seconds

Final ML Optimization Likelihood: -6244.994241

Model Information:

Model Parameters of Partition 0, Name: No Name Provided, Type of Data: AA
alpha: 0.020000
Tree-Length: 0.022302
rate A <-> R: 0.603538
rate A <-> N: 0.561915
rate A <-> D: 0.842872
rate A <-> C: 0.582726
rate A <-> Q: 0.593132
rate A <-> E: 1.092612
rate A <-> G: 1.862643
rate A <-> H: 0.280957
rate A <-> I: 0.374610
rate A <-> L: 0.312175
rate A <-> K: 0.364204
rate A <-> M: 0.561915
rate A <-> F: 0.156087
rate A <-> P: 2.018730
rate A <-> S: 3.933403
rate A <-> T: 4.942768
rate A <-> W: 0.093652
rate A <-> Y: 0.114464
rate A <-> V: 3.100937
rate R <-> N: 0.468262
rate R <-> D: 0.166493
rate R <-> C: 1.175858
rate R <-> Q: 3.225806
rate R <-> E: 0.301769
rate R <-> G: 1.425598
rate R <-> H: 3.413111
rate R <-> I: 0.228928
rate R <-> L: 0.395421
rate R <-> K: 6.722164
rate R <-> M: 0.457856
rate R <-> F: 0.052029
rate R <-> P: 0.770031
rate R <-> S: 1.050989
rate R <-> T: 0.665973
rate R <-> W: 1.311134
rate R <-> Y: 0.208117
rate R <-> V: 0.176899
rate N <-> D: 5.494277
rate N <-> C: 0.353798
rate N <-> Q: 0.894901
rate N <-> E: 0.603538
rate N <-> G: 0.842872
rate N <-> H: 4.068678
rate N <-> I: 0.489074
rate N <-> L: 0.124870
rate N <-> K: 2.736733
rate N <-> M: 0.312175
rate N <-> F: 0.104058
rate N <-> P: 0.156087
rate N <-> S: 5.234131
rate N <-> T: 2.414152
rate N <-> W: 0.083247
rate N <-> Y: 0.728408
rate N <-> V: 0.166493
rate D <-> C: 0.104058
rate D <-> Q: 0.509886
rate D <-> E: 7.981270
rate D <-> G: 1.352758
rate D <-> H: 1.165453
rate D <-> I: 0.114464
rate D <-> L: 0.072841
rate D <-> K: 0.270552
rate D <-> M: 0.156087
rate D <-> F: 0.041623
rate D <-> P: 0.156087
rate D <-> S: 0.613944
rate D <-> T: 0.395421
rate D <-> W: 0.041623
rate D <-> Y: 0.478668
rate D <-> V: 0.322581
rate C <-> Q: 0.093652
rate C <-> E: 0.052029
rate C <-> G: 0.613944
rate C <-> H: 0.718002
rate C <-> I: 0.176899
rate C <-> L: 0.239334
rate C <-> K: 0.072841
rate C <-> M: 0.322581
rate C <-> F: 0.811655
rate C <-> P: 0.145682
rate C <-> S: 2.320499
rate C <-> T: 0.437045
rate C <-> W: 1.196670
rate C <-> Y: 2.174818
rate C <-> V: 0.645161
rate Q <-> E: 3.361082
rate Q <-> G: 0.270552
rate Q <-> H: 6.212279
rate Q <-> I: 0.093652
rate Q <-> L: 0.749220
rate Q <-> K: 3.038502
rate Q <-> M: 0.447451
rate Q <-> F: 0.041623
rate Q <-> P: 1.706556
rate Q <-> S: 0.551509
rate Q <-> T: 0.530697
rate Q <-> W: 0.187305
rate Q <-> Y: 0.249740
rate Q <-> V: 0.208117
rate E <-> G: 1.238293
rate E <-> H: 0.270552
rate E <-> I: 0.124870
rate E <-> L: 0.093652
rate E <-> K: 1.883455
rate E <-> M: 0.187305
rate E <-> F: 0.052029
rate E <-> P: 0.187305
rate E <-> S: 0.312175
rate E <-> T: 0.332986
rate E <-> W: 0.104058
rate E <-> Y: 0.072841
rate E <-> V: 0.468262
rate G <-> H: 0.239334
rate G <-> I: 0.062435
rate G <-> L: 0.062435
rate G <-> K: 0.280957
rate G <-> M: 0.145682
rate G <-> F: 0.052029
rate G <-> P: 0.249740
rate G <-> S: 2.091571
rate G <-> T: 0.343392
rate G <-> W: 0.572320
rate G <-> Y: 0.083247
rate G <-> V: 0.489074
rate H <-> I: 0.166493
rate H <-> L: 0.582726
rate H <-> K: 0.468262
rate H <-> M: 0.343392
rate H <-> F: 0.416233
rate H <-> P: 1.196670
rate H <-> S: 0.759625
rate H <-> T: 0.478668
rate H <-> W: 0.083247
rate H <-> Y: 5.962539
rate H <-> V: 0.114464
rate I <-> L: 2.382934
rate I <-> K: 0.218522
rate I <-> M: 4.984391
rate I <-> F: 0.926119
rate I <-> P: 0.104058
rate I <-> S: 0.416233
rate I <-> T: 2.549428
rate I <-> W: 0.093652
rate I <-> Y: 0.332986
rate I <-> V: 10.000000
rate L <-> K: 0.145682
rate L <-> M: 4.037461
rate L <-> F: 2.580645
rate L <-> P: 1.061394
rate L <-> S: 0.613944
rate L <-> T: 0.260146
rate L <-> W: 0.541103
rate L <-> Y: 0.249740
rate L <-> V: 1.873049
rate K <-> M: 0.676379
rate K <-> F: 0.041623
rate K <-> P: 0.218522
rate K <-> S: 0.489074
rate K <-> T: 1.071800
rate K <-> W: 0.104058
rate K <-> Y: 0.083247
rate K <-> V: 0.145682
rate M <-> F: 0.447451
rate M <-> P: 0.166493
rate M <-> S: 0.301769
rate M <-> T: 2.351717
rate M <-> W: 0.249740
rate M <-> Y: 0.187305
rate M <-> V: 3.361082
rate F <-> P: 0.176899
rate F <-> S: 0.957336
rate F <-> T: 0.124870
rate F <-> W: 0.551509
rate F <-> Y: 5.577523
rate F <-> V: 0.645161
rate P <-> S: 2.965661
rate P <-> T: 1.227888
rate P <-> W: 0.062435
rate P <-> Y: 0.104058
rate P <-> V: 0.239334
rate S <-> T: 4.963580
rate S <-> W: 0.364204
rate S <-> Y: 0.655567
rate S <-> V: 0.395421
rate T <-> W: 0.124870
rate T <-> Y: 0.218522
rate T <-> V: 1.165453
rate W <-> Y: 0.738814
rate W <-> V: 0.260146
rate Y <-> V: 0.166493

freq pi(A): 0.076748
freq pi(R): 0.051691
freq pi(N): 0.042645
freq pi(D): 0.051544
freq pi(C): 0.019803
freq pi(Q): 0.040752
freq pi(E): 0.061830
freq pi(G): 0.073152
freq pi(H): 0.022944
freq pi(I): 0.053761
freq pi(L): 0.091904
freq pi(K): 0.058676
freq pi(M): 0.023826
freq pi(F): 0.040126
freq pi(P): 0.050901
freq pi(S): 0.068765
freq pi(T): 0.058565
freq pi(W): 0.014261
freq pi(Y): 0.032102
freq pi(V): 0.066004


ML search took 37.013999 secs or 0.010282 hours

Combined Bootstrap and ML search took 81.598845 secs or 0.022666 hours

Drawing Bootstrap Support Values on best-scoring ML tree ...



Found 1 tree in File /Users/prigozhin/Dropbox/NLRomes/Soy_NLRome/RAxML_tree_pbNB-ARC/Clade_Refinement_1/RAxML_bestTree.Int9024_309_381_R_23.Raxml.out



Found 1 tree in File /Users/prigozhin/Dropbox/NLRomes/Soy_NLRome/RAxML_tree_pbNB-ARC/Clade_Refinement_1/RAxML_bestTree.Int9024_309_381_R_23.Raxml.out

Program execution info written to /Users/prigozhin/Dropbox/NLRomes/Soy_NLRome/RAxML_tree_pbNB-ARC/Clade_Refinement_1/RAxML_info.Int9024_309_381_R_23.Raxml.out
All 100 bootstrapped trees written to: /Users/prigozhin/Dropbox/NLRomes/Soy_NLRome/RAxML_tree_pbNB-ARC/Clade_Refinement_1/RAxML_bootstrap.Int9024_309_381_R_23.Raxml.out

Best-scoring ML tree written to: /Users/prigozhin/Dropbox/NLRomes/Soy_NLRome/RAxML_tree_pbNB-ARC/Clade_Refinement_1/RAxML_bestTree.Int9024_309_381_R_23.Raxml.out

Best-scoring ML tree with support values written to: /Users/prigozhin/Dropbox/NLRomes/Soy_NLRome/RAxML_tree_pbNB-ARC/Clade_Refinement_1/RAxML_bipartitions.Int9024_309_381_R_23.Raxml.out

Best-scoring ML tree with support values as branch labels written to: /Users/prigozhin/Dropbox/NLRomes/Soy_NLRome/RAxML_tree_pbNB-ARC/Clade_Refinement_1/RAxML_bipartitionsBranchLabels.Int9024_309_381_R_23.Raxml.out

Overall execution time for full ML analysis: 81.610518 secs or 0.022670 hours or 0.000945 days

