((GWHPACEP078099,(GWHPACET084001,(GWHPACEO083936,(GWHPACEU083542,(GWHPACEG081963,(GWHPACEH083120,((GWHPACEM082830,(GWHPACDZ081176,W05_GLYSO_20G054635_1_P)),(GWHPACES083088,GWHPACDY085254)))))))),((((GWHPACED079157,GWHPACEJ085320),GWHPACEL078935),GWHPACEE082737),GWHPACEI086037),GLYMA_20G195400_1);
((GWHPACEP078099,(GWHPACET084001,(GWHPACEO083936,(GWHPACEU083542,(GWHPACEG081963,(GWHPACEH083120,((GWHPACEM082830,(GWHPACDZ081176,W05_GLYSO_20G054635_1_P)),(GWHPACES083088,GWHPACDY085254)))))))),((((GWHPACED079157,GWHPACEJ085320),GWHPACEL078935),GWHPACEE082737),GWHPACEI086037),GLYMA_20G195400_1);
((GWHPACEP078099,(GWHPACET084001,(GWHPACEO083936,(GWHPACEU083542,(GWHPACEG081963,(GWHPACEH083120,((GWHPACEM082830,(GWHPACDZ081176,W05_GLYSO_20G054635_1_P)),(GWHPACES083088,GWHPACDY085254)))))))),((((GWHPACED079157,GWHPACEJ085320),GWHPACEL078935),GWHPACEE082737),GWHPACEI086037),GLYMA_20G195400_1);
((GWHPACEP078099,(GWHPACET084001,(GWHPACEO083936,(GWHPACEU083542,(GWHPACEG081963,(GWHPACEH083120,((GWHPACEM082830,(GWHPACDZ081176,W05_GLYSO_20G054635_1_P)),(GWHPACES083088,GWHPACDY085254)))))))),((((GWHPACED079157,GWHPACEJ085320),GWHPACEL078935),GWHPACEE082737),GWHPACEI086037),GLYMA_20G195400_1);
((GWHPACEP078099,(GWHPACET084001,(GWHPACEO083936,(GWHPACEU083542,(GWHPACEG081963,(GWHPACEH083120,((GWHPACEM082830,(GWHPACDZ081176,W05_GLYSO_20G054635_1_P)),(GWHPACES083088,GWHPACDY085254)))))))),((((GWHPACED079157,GWHPACEJ085320),GWHPACEL078935),GWHPACEE082737),GWHPACEI086037),GLYMA_20G195400_1);
((GWHPACEP078099,(GWHPACET084001,(GWHPACEO083936,(GWHPACEU083542,(GWHPACEG081963,(GWHPACEH083120,((GWHPACEM082830,(GWHPACDZ081176,W05_GLYSO_20G054635_1_P)),(GWHPACES083088,GWHPACDY085254)))))))),((((GWHPACED079157,GWHPACEJ085320),GWHPACEL078935),GWHPACEE082737),GWHPACEI086037),GLYMA_20G195400_1);
((GWHPACEP078099,(GWHPACET084001,(GWHPACEO083936,(GWHPACEU083542,(GWHPACEG081963,(GWHPACEH083120,((GWHPACEM082830,(GWHPACDZ081176,W05_GLYSO_20G054635_1_P)),(GWHPACES083088,GWHPACDY085254)))))))),((((GWHPACED079157,GWHPACEJ085320),GWHPACEL078935),GWHPACEE082737),GWHPACEI086037),GLYMA_20G195400_1);
((GWHPACEP078099,(GWHPACET084001,(GWHPACEO083936,(GWHPACEU083542,(GWHPACEG081963,(GWHPACEH083120,((GWHPACEM082830,(GWHPACDZ081176,W05_GLYSO_20G054635_1_P)),(GWHPACES083088,GWHPACDY085254)))))))),((((GWHPACED079157,GWHPACEJ085320),GWHPACEL078935),GWHPACEE082737),GWHPACEI086037),GLYMA_20G195400_1);
((GWHPACEP078099,(GWHPACET084001,(GWHPACEO083936,(GWHPACEU083542,(GWHPACEG081963,(GWHPACEH083120,((GWHPACEM082830,(GWHPACDZ081176,W05_GLYSO_20G054635_1_P)),(GWHPACES083088,GWHPACDY085254)))))))),((((GWHPACED079157,GWHPACEJ085320),GWHPACEL078935),GWHPACEE082737),GWHPACEI086037),GLYMA_20G195400_1);
((GWHPACEP078099,(GWHPACET084001,(GWHPACEO083936,(GWHPACEU083542,(GWHPACEG081963,(GWHPACEH083120,((GWHPACEM082830,(GWHPACDZ081176,W05_GLYSO_20G054635_1_P)),(GWHPACES083088,GWHPACDY085254)))))))),((((GWHPACED079157,GWHPACEJ085320),GWHPACEL078935),GWHPACEE082737),GWHPACEI086037),GLYMA_20G195400_1);
((GWHPACDY085254,(GWHPACEH083120,(GWHPACEJ085320,(GWHPACEI086037,(GWHPACES083088,(GWHPACEL078935,(GWHPACEU083542,((W05_GLYSO_20G054635_1_P,(GWHPACDZ081176,GWHPACEM082830)),(GWHPACEG081963,(GWHPACEO083936,(GWHPACEP078099,(GWHPACEE082737,GWHPACET084001)))))))))))),GWHPACED079157,GLYMA_20G195400_1);
((GWHPACDY085254,(GWHPACEH083120,(GWHPACEJ085320,(GWHPACEI086037,(GWHPACES083088,(GWHPACEL078935,(GWHPACEU083542,((W05_GLYSO_20G054635_1_P,(GWHPACDZ081176,GWHPACEM082830)),(GWHPACEG081963,(GWHPACEO083936,(GWHPACEP078099,(GWHPACEE082737,GWHPACET084001)))))))))))),GWHPACED079157,GLYMA_20G195400_1);
((GWHPACDY085254,(GWHPACEH083120,(GWHPACEJ085320,(GWHPACEI086037,(GWHPACES083088,(GWHPACEL078935,(GWHPACEU083542,((W05_GLYSO_20G054635_1_P,(GWHPACDZ081176,GWHPACEM082830)),(GWHPACEG081963,(GWHPACEO083936,(GWHPACEP078099,(GWHPACEE082737,GWHPACET084001)))))))))))),GWHPACED079157,GLYMA_20G195400_1);
((GWHPACDY085254,(GWHPACEH083120,(GWHPACEJ085320,(GWHPACEI086037,(GWHPACES083088,(GWHPACEL078935,(GWHPACEU083542,((W05_GLYSO_20G054635_1_P,(GWHPACDZ081176,GWHPACEM082830)),(GWHPACEG081963,(GWHPACEO083936,(GWHPACEP078099,(GWHPACEE082737,GWHPACET084001)))))))))))),GWHPACED079157,GLYMA_20G195400_1);
((GWHPACDY085254,(GWHPACEH083120,(GWHPACEJ085320,(GWHPACEI086037,(GWHPACES083088,(GWHPACEL078935,(GWHPACEU083542,((W05_GLYSO_20G054635_1_P,(GWHPACDZ081176,GWHPACEM082830)),(GWHPACEG081963,(GWHPACEO083936,(GWHPACEP078099,(GWHPACEE082737,GWHPACET084001)))))))))))),GWHPACED079157,GLYMA_20G195400_1);
((GWHPACDY085254,(GWHPACEH083120,(GWHPACEJ085320,(GWHPACEI086037,(GWHPACES083088,(GWHPACEL078935,(GWHPACEU083542,((W05_GLYSO_20G054635_1_P,(GWHPACDZ081176,GWHPACEM082830)),(GWHPACEG081963,(GWHPACEO083936,(GWHPACEP078099,(GWHPACEE082737,GWHPACET084001)))))))))))),GWHPACED079157,GLYMA_20G195400_1);
((GWHPACDY085254,(GWHPACEH083120,(GWHPACEJ085320,(GWHPACEI086037,(GWHPACES083088,(GWHPACEL078935,(GWHPACEU083542,((W05_GLYSO_20G054635_1_P,(GWHPACDZ081176,GWHPACEM082830)),(GWHPACEG081963,(GWHPACEO083936,(GWHPACEP078099,(GWHPACEE082737,GWHPACET084001)))))))))))),GWHPACED079157,GLYMA_20G195400_1);
((GWHPACDY085254,(GWHPACEH083120,(GWHPACEJ085320,(GWHPACEI086037,(GWHPACES083088,(GWHPACEL078935,(GWHPACEU083542,((W05_GLYSO_20G054635_1_P,(GWHPACDZ081176,GWHPACEM082830)),(GWHPACEG081963,(GWHPACEO083936,(GWHPACEP078099,(GWHPACEE082737,GWHPACET084001)))))))))))),GWHPACED079157,GLYMA_20G195400_1);
((GWHPACDY085254,(GWHPACEH083120,(GWHPACEJ085320,(GWHPACEI086037,(GWHPACES083088,(GWHPACEL078935,(GWHPACEU083542,((W05_GLYSO_20G054635_1_P,(GWHPACDZ081176,GWHPACEM082830)),(GWHPACEG081963,(GWHPACEO083936,(GWHPACEP078099,(GWHPACEE082737,GWHPACET084001)))))))))))),GWHPACED079157,GLYMA_20G195400_1);
((GWHPACDY085254,(GWHPACEH083120,(GWHPACEJ085320,(GWHPACEI086037,(GWHPACES083088,(GWHPACEL078935,(GWHPACEU083542,((W05_GLYSO_20G054635_1_P,(GWHPACDZ081176,GWHPACEM082830)),(GWHPACEG081963,(GWHPACEO083936,(GWHPACEP078099,(GWHPACEE082737,GWHPACET084001)))))))))))),GWHPACED079157,GLYMA_20G195400_1);
((GWHPACEH083120,(GWHPACED079157,(GWHPACEU083542,(GWHPACES083088,(GWHPACEJ085320,(GWHPACEG081963,(GWHPACEO083936,(GWHPACEL078935,(GWHPACEI086037,(GWHPACET084001,((W05_GLYSO_20G054635_1_P,(GWHPACDZ081176,GWHPACEM082830)),GWHPACEP078099))))))))))),(GWHPACEE082737,GWHPACDY085254),GLYMA_20G195400_1);
((GWHPACEH083120,(GWHPACED079157,(GWHPACEU083542,(GWHPACES083088,(GWHPACEJ085320,(GWHPACEG081963,(GWHPACEO083936,(GWHPACEL078935,(GWHPACEI086037,(GWHPACET084001,((W05_GLYSO_20G054635_1_P,(GWHPACDZ081176,GWHPACEM082830)),GWHPACEP078099))))))))))),(GWHPACEE082737,GWHPACDY085254),GLYMA_20G195400_1);
((GWHPACEH083120,(GWHPACED079157,(GWHPACEU083542,(GWHPACES083088,(GWHPACEJ085320,(GWHPACEG081963,(GWHPACEO083936,(GWHPACEL078935,(GWHPACEI086037,(GWHPACET084001,((W05_GLYSO_20G054635_1_P,(GWHPACDZ081176,GWHPACEM082830)),GWHPACEP078099))))))))))),(GWHPACEE082737,GWHPACDY085254),GLYMA_20G195400_1);
((GWHPACEH083120,(GWHPACED079157,(GWHPACEU083542,(GWHPACES083088,(GWHPACEJ085320,(GWHPACEG081963,(GWHPACEO083936,(GWHPACEL078935,(GWHPACEI086037,(GWHPACET084001,((W05_GLYSO_20G054635_1_P,(GWHPACDZ081176,GWHPACEM082830)),GWHPACEP078099))))))))))),(GWHPACEE082737,GWHPACDY085254),GLYMA_20G195400_1);
((GWHPACEH083120,(GWHPACED079157,(GWHPACEU083542,(GWHPACES083088,(GWHPACEJ085320,(GWHPACEG081963,(GWHPACEO083936,(GWHPACEL078935,(GWHPACEI086037,(GWHPACET084001,((W05_GLYSO_20G054635_1_P,(GWHPACDZ081176,GWHPACEM082830)),GWHPACEP078099))))))))))),(GWHPACEE082737,GWHPACDY085254),GLYMA_20G195400_1);
((GWHPACEH083120,(GWHPACED079157,(GWHPACEU083542,(GWHPACES083088,(GWHPACEJ085320,(GWHPACEG081963,(GWHPACEO083936,(GWHPACEL078935,(GWHPACEI086037,(GWHPACET084001,((W05_GLYSO_20G054635_1_P,(GWHPACDZ081176,GWHPACEM082830)),GWHPACEP078099))))))))))),(GWHPACEE082737,GWHPACDY085254),GLYMA_20G195400_1);
((GWHPACEH083120,(GWHPACED079157,(GWHPACEU083542,(GWHPACES083088,(GWHPACEJ085320,(GWHPACEG081963,(GWHPACEO083936,(GWHPACEL078935,(GWHPACEI086037,(GWHPACET084001,((W05_GLYSO_20G054635_1_P,(GWHPACDZ081176,GWHPACEM082830)),GWHPACEP078099))))))))))),(GWHPACEE082737,GWHPACDY085254),GLYMA_20G195400_1);
((GWHPACEH083120,(GWHPACED079157,(GWHPACEU083542,(GWHPACES083088,(GWHPACEJ085320,(GWHPACEG081963,(GWHPACEO083936,(GWHPACEL078935,(GWHPACEI086037,(GWHPACET084001,((W05_GLYSO_20G054635_1_P,(GWHPACDZ081176,GWHPACEM082830)),GWHPACEP078099))))))))))),(GWHPACEE082737,GWHPACDY085254),GLYMA_20G195400_1);
((GWHPACEH083120,(GWHPACED079157,(GWHPACEU083542,(GWHPACES083088,(GWHPACEJ085320,(GWHPACEG081963,(GWHPACEO083936,(GWHPACEL078935,(GWHPACEI086037,(GWHPACET084001,((W05_GLYSO_20G054635_1_P,(GWHPACDZ081176,GWHPACEM082830)),GWHPACEP078099))))))))))),(GWHPACEE082737,GWHPACDY085254),GLYMA_20G195400_1);
((GWHPACEH083120,(GWHPACED079157,(GWHPACEU083542,(GWHPACES083088,(GWHPACEJ085320,(GWHPACEG081963,(GWHPACEO083936,(GWHPACEL078935,(GWHPACEI086037,(GWHPACET084001,((W05_GLYSO_20G054635_1_P,(GWHPACDZ081176,GWHPACEM082830)),GWHPACEP078099))))))))))),(GWHPACEE082737,GWHPACDY085254),GLYMA_20G195400_1);
((GWHPACEH083120,(GWHPACEU083542,(GWHPACEG081963,(GWHPACEO083936,(GWHPACED079157,((W05_GLYSO_20G054635_1_P,(GWHPACDZ081176,GWHPACEM082830)),(GWHPACEP078099,GWHPACET084001))))))),(((((GWHPACEE082737,GWHPACDY085254),GWHPACEI086037),GWHPACES083088),GWHPACEJ085320),GWHPACEL078935),GLYMA_20G195400_1);
((GWHPACEH083120,(GWHPACEU083542,(GWHPACEG081963,(GWHPACEO083936,(GWHPACED079157,((W05_GLYSO_20G054635_1_P,(GWHPACDZ081176,GWHPACEM082830)),(GWHPACEP078099,GWHPACET084001))))))),(((((GWHPACEE082737,GWHPACDY085254),GWHPACEI086037),GWHPACES083088),GWHPACEJ085320),GWHPACEL078935),GLYMA_20G195400_1);
((GWHPACEH083120,(GWHPACEU083542,(GWHPACEG081963,(GWHPACEO083936,(GWHPACED079157,((W05_GLYSO_20G054635_1_P,(GWHPACDZ081176,GWHPACEM082830)),(GWHPACEP078099,GWHPACET084001))))))),(((((GWHPACEE082737,GWHPACDY085254),GWHPACEI086037),GWHPACES083088),GWHPACEJ085320),GWHPACEL078935),GLYMA_20G195400_1);
((GWHPACEH083120,(GWHPACEU083542,(GWHPACEG081963,(GWHPACEO083936,(GWHPACED079157,((W05_GLYSO_20G054635_1_P,(GWHPACDZ081176,GWHPACEM082830)),(GWHPACEP078099,GWHPACET084001))))))),(((((GWHPACEE082737,GWHPACDY085254),GWHPACEI086037),GWHPACES083088),GWHPACEJ085320),GWHPACEL078935),GLYMA_20G195400_1);
((GWHPACEH083120,(GWHPACEU083542,(GWHPACEG081963,(GWHPACEO083936,(GWHPACED079157,((W05_GLYSO_20G054635_1_P,(GWHPACDZ081176,GWHPACEM082830)),(GWHPACEP078099,GWHPACET084001))))))),(((((GWHPACEE082737,GWHPACDY085254),GWHPACEI086037),GWHPACES083088),GWHPACEJ085320),GWHPACEL078935),GLYMA_20G195400_1);
((GWHPACEH083120,(GWHPACEU083542,(GWHPACEG081963,(GWHPACEO083936,(GWHPACED079157,((W05_GLYSO_20G054635_1_P,(GWHPACDZ081176,GWHPACEM082830)),(GWHPACEP078099,GWHPACET084001))))))),(((((GWHPACEE082737,GWHPACDY085254),GWHPACEI086037),GWHPACES083088),GWHPACEJ085320),GWHPACEL078935),GLYMA_20G195400_1);
((GWHPACEH083120,(GWHPACEU083542,(GWHPACEG081963,(GWHPACEO083936,(GWHPACED079157,((W05_GLYSO_20G054635_1_P,(GWHPACDZ081176,GWHPACEM082830)),(GWHPACEP078099,GWHPACET084001))))))),(((((GWHPACEE082737,GWHPACDY085254),GWHPACEI086037),GWHPACES083088),GWHPACEJ085320),GWHPACEL078935),GLYMA_20G195400_1);
((GWHPACEH083120,(GWHPACEU083542,(GWHPACEG081963,(GWHPACEO083936,(GWHPACED079157,((W05_GLYSO_20G054635_1_P,(GWHPACDZ081176,GWHPACEM082830)),(GWHPACEP078099,GWHPACET084001))))))),(((((GWHPACEE082737,GWHPACDY085254),GWHPACEI086037),GWHPACES083088),GWHPACEJ085320),GWHPACEL078935),GLYMA_20G195400_1);
((GWHPACEH083120,(GWHPACEU083542,(GWHPACEG081963,(GWHPACEO083936,(GWHPACED079157,((W05_GLYSO_20G054635_1_P,(GWHPACDZ081176,GWHPACEM082830)),(GWHPACEP078099,GWHPACET084001))))))),(((((GWHPACEE082737,GWHPACDY085254),GWHPACEI086037),GWHPACES083088),GWHPACEJ085320),GWHPACEL078935),GLYMA_20G195400_1);
((GWHPACEH083120,(GWHPACEU083542,(GWHPACEG081963,(GWHPACEO083936,(GWHPACED079157,((W05_GLYSO_20G054635_1_P,(GWHPACDZ081176,GWHPACEM082830)),(GWHPACEP078099,GWHPACET084001))))))),(((((GWHPACEE082737,GWHPACDY085254),GWHPACEI086037),GWHPACES083088),GWHPACEJ085320),GWHPACEL078935),GLYMA_20G195400_1);
((GWHPACES083088,(GWHPACEG081963,(GWHPACEO083936,(GWHPACEE082737,((GWHPACEM082830,(W05_GLYSO_20G054635_1_P,GWHPACDZ081176)),(GWHPACET084001,(GWHPACEH083120,(GWHPACEU083542,GWHPACEP078099)))))))),((((GWHPACED079157,GWHPACDY085254),GWHPACEJ085320),GWHPACEL078935),GWHPACEI086037),GLYMA_20G195400_1);
((GWHPACES083088,(GWHPACEG081963,(GWHPACEO083936,(GWHPACEE082737,((GWHPACEM082830,(W05_GLYSO_20G054635_1_P,GWHPACDZ081176)),(GWHPACET084001,(GWHPACEH083120,(GWHPACEU083542,GWHPACEP078099)))))))),((((GWHPACED079157,GWHPACDY085254),GWHPACEJ085320),GWHPACEL078935),GWHPACEI086037),GLYMA_20G195400_1);
((GWHPACES083088,(GWHPACEG081963,(GWHPACEO083936,(GWHPACEE082737,((GWHPACEM082830,(W05_GLYSO_20G054635_1_P,GWHPACDZ081176)),(GWHPACET084001,(GWHPACEH083120,(GWHPACEU083542,GWHPACEP078099)))))))),((((GWHPACED079157,GWHPACDY085254),GWHPACEJ085320),GWHPACEL078935),GWHPACEI086037),GLYMA_20G195400_1);
((GWHPACES083088,(GWHPACEG081963,(GWHPACEO083936,(GWHPACEE082737,((GWHPACEM082830,(W05_GLYSO_20G054635_1_P,GWHPACDZ081176)),(GWHPACET084001,(GWHPACEH083120,(GWHPACEU083542,GWHPACEP078099)))))))),((((GWHPACED079157,GWHPACDY085254),GWHPACEJ085320),GWHPACEL078935),GWHPACEI086037),GLYMA_20G195400_1);
((GWHPACES083088,(GWHPACEG081963,(GWHPACEO083936,(GWHPACEE082737,((GWHPACEM082830,(W05_GLYSO_20G054635_1_P,GWHPACDZ081176)),(GWHPACET084001,(GWHPACEH083120,(GWHPACEU083542,GWHPACEP078099)))))))),((((GWHPACED079157,GWHPACDY085254),GWHPACEJ085320),GWHPACEL078935),GWHPACEI086037),GLYMA_20G195400_1);
((GWHPACES083088,(GWHPACEG081963,(GWHPACEO083936,(GWHPACEE082737,((GWHPACEM082830,(W05_GLYSO_20G054635_1_P,GWHPACDZ081176)),(GWHPACET084001,(GWHPACEH083120,(GWHPACEU083542,GWHPACEP078099)))))))),((((GWHPACED079157,GWHPACDY085254),GWHPACEJ085320),GWHPACEL078935),GWHPACEI086037),GLYMA_20G195400_1);
((GWHPACES083088,(GWHPACEG081963,(GWHPACEO083936,(GWHPACEE082737,((GWHPACEM082830,(W05_GLYSO_20G054635_1_P,GWHPACDZ081176)),(GWHPACET084001,(GWHPACEH083120,(GWHPACEU083542,GWHPACEP078099)))))))),((((GWHPACED079157,GWHPACDY085254),GWHPACEJ085320),GWHPACEL078935),GWHPACEI086037),GLYMA_20G195400_1);
((GWHPACES083088,(GWHPACEG081963,(GWHPACEO083936,(GWHPACEE082737,((GWHPACEM082830,(W05_GLYSO_20G054635_1_P,GWHPACDZ081176)),(GWHPACET084001,(GWHPACEH083120,(GWHPACEU083542,GWHPACEP078099)))))))),((((GWHPACED079157,GWHPACDY085254),GWHPACEJ085320),GWHPACEL078935),GWHPACEI086037),GLYMA_20G195400_1);
((GWHPACES083088,(GWHPACEG081963,(GWHPACEO083936,(GWHPACEE082737,((GWHPACEM082830,(W05_GLYSO_20G054635_1_P,GWHPACDZ081176)),(GWHPACET084001,(GWHPACEH083120,(GWHPACEU083542,GWHPACEP078099)))))))),((((GWHPACED079157,GWHPACDY085254),GWHPACEJ085320),GWHPACEL078935),GWHPACEI086037),GLYMA_20G195400_1);
((GWHPACES083088,(GWHPACEG081963,(GWHPACEO083936,(GWHPACEE082737,((GWHPACEM082830,(W05_GLYSO_20G054635_1_P,GWHPACDZ081176)),(GWHPACET084001,(GWHPACEH083120,(GWHPACEU083542,GWHPACEP078099)))))))),((((GWHPACED079157,GWHPACDY085254),GWHPACEJ085320),GWHPACEL078935),GWHPACEI086037),GLYMA_20G195400_1);
((GWHPACEE082737,(GWHPACET084001,(GWHPACEJ085320,(GWHPACEI086037,(GWHPACEP078099,(GWHPACEL078935,(GWHPACES083088,((GWHPACDZ081176,(W05_GLYSO_20G054635_1_P,GWHPACEM082830)),(GWHPACEH083120,(GWHPACDY085254,(GWHPACEO083936,GWHPACEG081963))))))))))),(GWHPACED079157,GWHPACEU083542),GLYMA_20G195400_1);
((GWHPACEE082737,(GWHPACET084001,(GWHPACEJ085320,(GWHPACEI086037,(GWHPACEP078099,(GWHPACEL078935,(GWHPACES083088,((GWHPACDZ081176,(W05_GLYSO_20G054635_1_P,GWHPACEM082830)),(GWHPACEH083120,(GWHPACDY085254,(GWHPACEO083936,GWHPACEG081963))))))))))),(GWHPACED079157,GWHPACEU083542),GLYMA_20G195400_1);
((GWHPACEE082737,(GWHPACET084001,(GWHPACEJ085320,(GWHPACEI086037,(GWHPACEP078099,(GWHPACEL078935,(GWHPACES083088,((GWHPACDZ081176,(W05_GLYSO_20G054635_1_P,GWHPACEM082830)),(GWHPACEH083120,(GWHPACDY085254,(GWHPACEO083936,GWHPACEG081963))))))))))),(GWHPACED079157,GWHPACEU083542),GLYMA_20G195400_1);
((GWHPACEE082737,(GWHPACET084001,(GWHPACEJ085320,(GWHPACEI086037,(GWHPACEP078099,(GWHPACEL078935,(GWHPACES083088,((GWHPACDZ081176,(W05_GLYSO_20G054635_1_P,GWHPACEM082830)),(GWHPACEH083120,(GWHPACDY085254,(GWHPACEO083936,GWHPACEG081963))))))))))),(GWHPACED079157,GWHPACEU083542),GLYMA_20G195400_1);
((GWHPACEE082737,(GWHPACET084001,(GWHPACEJ085320,(GWHPACEI086037,(GWHPACEP078099,(GWHPACEL078935,(GWHPACES083088,((GWHPACDZ081176,(W05_GLYSO_20G054635_1_P,GWHPACEM082830)),(GWHPACEH083120,(GWHPACDY085254,(GWHPACEO083936,GWHPACEG081963))))))))))),(GWHPACED079157,GWHPACEU083542),GLYMA_20G195400_1);
((GWHPACEE082737,(GWHPACET084001,(GWHPACEJ085320,(GWHPACEI086037,(GWHPACEP078099,(GWHPACEL078935,(GWHPACES083088,((GWHPACDZ081176,(W05_GLYSO_20G054635_1_P,GWHPACEM082830)),(GWHPACEH083120,(GWHPACDY085254,(GWHPACEO083936,GWHPACEG081963))))))))))),(GWHPACED079157,GWHPACEU083542),GLYMA_20G195400_1);
((GWHPACEE082737,(GWHPACET084001,(GWHPACEJ085320,(GWHPACEI086037,(GWHPACEP078099,(GWHPACEL078935,(GWHPACES083088,((GWHPACDZ081176,(W05_GLYSO_20G054635_1_P,GWHPACEM082830)),(GWHPACEH083120,(GWHPACDY085254,(GWHPACEO083936,GWHPACEG081963))))))))))),(GWHPACED079157,GWHPACEU083542),GLYMA_20G195400_1);
((GWHPACEE082737,(GWHPACET084001,(GWHPACEJ085320,(GWHPACEI086037,(GWHPACEP078099,(GWHPACEL078935,(GWHPACES083088,((GWHPACDZ081176,(W05_GLYSO_20G054635_1_P,GWHPACEM082830)),(GWHPACEH083120,(GWHPACDY085254,(GWHPACEO083936,GWHPACEG081963))))))))))),(GWHPACED079157,GWHPACEU083542),GLYMA_20G195400_1);
((GWHPACEE082737,(GWHPACET084001,(GWHPACEJ085320,(GWHPACEI086037,(GWHPACEP078099,(GWHPACEL078935,(GWHPACES083088,((GWHPACDZ081176,(W05_GLYSO_20G054635_1_P,GWHPACEM082830)),(GWHPACEH083120,(GWHPACDY085254,(GWHPACEO083936,GWHPACEG081963))))))))))),(GWHPACED079157,GWHPACEU083542),GLYMA_20G195400_1);
((GWHPACEE082737,(GWHPACET084001,(GWHPACEJ085320,(GWHPACEI086037,(GWHPACEP078099,(GWHPACEL078935,(GWHPACES083088,((GWHPACDZ081176,(W05_GLYSO_20G054635_1_P,GWHPACEM082830)),(GWHPACEH083120,(GWHPACDY085254,(GWHPACEO083936,GWHPACEG081963))))))))))),(GWHPACED079157,GWHPACEU083542),GLYMA_20G195400_1);
((GWHPACDY085254,(GWHPACET084001,(GWHPACEI086037,(GWHPACEH083120,(GWHPACES083088,(GWHPACEJ085320,(GWHPACEL078935,(GWHPACED079157,(GWHPACEE082737,(GWHPACEO083936,(GWHPACEM082830,(GWHPACDZ081176,W05_GLYSO_20G054635_1_P)))))))))))),((GWHPACEG081963,GWHPACEP078099),GWHPACEU083542),GLYMA_20G195400_1);
((GWHPACDY085254,(GWHPACET084001,(GWHPACEI086037,(GWHPACEH083120,(GWHPACES083088,(GWHPACEJ085320,(GWHPACEL078935,(GWHPACED079157,(GWHPACEE082737,(GWHPACEO083936,(GWHPACEM082830,(GWHPACDZ081176,W05_GLYSO_20G054635_1_P)))))))))))),((GWHPACEG081963,GWHPACEP078099),GWHPACEU083542),GLYMA_20G195400_1);
((GWHPACDY085254,(GWHPACET084001,(GWHPACEI086037,(GWHPACEH083120,(GWHPACES083088,(GWHPACEJ085320,(GWHPACEL078935,(GWHPACED079157,(GWHPACEE082737,(GWHPACEO083936,(GWHPACEM082830,(GWHPACDZ081176,W05_GLYSO_20G054635_1_P)))))))))))),((GWHPACEG081963,GWHPACEP078099),GWHPACEU083542),GLYMA_20G195400_1);
((GWHPACDY085254,(GWHPACET084001,(GWHPACEI086037,(GWHPACEH083120,(GWHPACES083088,(GWHPACEJ085320,(GWHPACEL078935,(GWHPACED079157,(GWHPACEE082737,(GWHPACEO083936,(GWHPACEM082830,(GWHPACDZ081176,W05_GLYSO_20G054635_1_P)))))))))))),((GWHPACEG081963,GWHPACEP078099),GWHPACEU083542),GLYMA_20G195400_1);
((GWHPACDY085254,(GWHPACET084001,(GWHPACEI086037,(GWHPACEH083120,(GWHPACES083088,(GWHPACEJ085320,(GWHPACEL078935,(GWHPACED079157,(GWHPACEE082737,(GWHPACEO083936,(GWHPACEM082830,(GWHPACDZ081176,W05_GLYSO_20G054635_1_P)))))))))))),((GWHPACEG081963,GWHPACEP078099),GWHPACEU083542),GLYMA_20G195400_1);
((GWHPACDY085254,(GWHPACET084001,(GWHPACEI086037,(GWHPACEH083120,(GWHPACES083088,(GWHPACEJ085320,(GWHPACEL078935,(GWHPACED079157,(GWHPACEE082737,(GWHPACEO083936,(GWHPACEM082830,(GWHPACDZ081176,W05_GLYSO_20G054635_1_P)))))))))))),((GWHPACEG081963,GWHPACEP078099),GWHPACEU083542),GLYMA_20G195400_1);
((GWHPACDY085254,(GWHPACET084001,(GWHPACEI086037,(GWHPACEH083120,(GWHPACES083088,(GWHPACEJ085320,(GWHPACEL078935,(GWHPACED079157,(GWHPACEE082737,(GWHPACEO083936,(GWHPACEM082830,(GWHPACDZ081176,W05_GLYSO_20G054635_1_P)))))))))))),((GWHPACEG081963,GWHPACEP078099),GWHPACEU083542),GLYMA_20G195400_1);
((GWHPACDY085254,(GWHPACET084001,(GWHPACEI086037,(GWHPACEH083120,(GWHPACES083088,(GWHPACEJ085320,(GWHPACEL078935,(GWHPACED079157,(GWHPACEE082737,(GWHPACEO083936,(GWHPACEM082830,(GWHPACDZ081176,W05_GLYSO_20G054635_1_P)))))))))))),((GWHPACEG081963,GWHPACEP078099),GWHPACEU083542),GLYMA_20G195400_1);
((GWHPACDY085254,(GWHPACET084001,(GWHPACEI086037,(GWHPACEH083120,(GWHPACES083088,(GWHPACEJ085320,(GWHPACEL078935,(GWHPACED079157,(GWHPACEE082737,(GWHPACEO083936,(GWHPACEM082830,(GWHPACDZ081176,W05_GLYSO_20G054635_1_P)))))))))))),((GWHPACEG081963,GWHPACEP078099),GWHPACEU083542),GLYMA_20G195400_1);
((GWHPACDY085254,(GWHPACET084001,(GWHPACEI086037,(GWHPACEH083120,(GWHPACES083088,(GWHPACEJ085320,(GWHPACEL078935,(GWHPACED079157,(GWHPACEE082737,(GWHPACEO083936,(GWHPACEM082830,(GWHPACDZ081176,W05_GLYSO_20G054635_1_P)))))))))))),((GWHPACEG081963,GWHPACEP078099),GWHPACEU083542),GLYMA_20G195400_1);
((GWHPACEH083120,(GWHPACEU083542,(GWHPACEI086037,(GWHPACES083088,(GWHPACEG081963,(GWHPACED079157,(GWHPACEO083936,((GWHPACDZ081176,(W05_GLYSO_20G054635_1_P,GWHPACEM082830)),(GWHPACEL078935,GWHPACDY085254))))))))),(((GWHPACEE082737,GWHPACET084001),GWHPACEJ085320),GWHPACEP078099),GLYMA_20G195400_1);
((GWHPACEH083120,(GWHPACEU083542,(GWHPACEI086037,(GWHPACES083088,(GWHPACEG081963,(GWHPACED079157,(GWHPACEO083936,((GWHPACDZ081176,(W05_GLYSO_20G054635_1_P,GWHPACEM082830)),(GWHPACEL078935,GWHPACDY085254))))))))),(((GWHPACEE082737,GWHPACET084001),GWHPACEJ085320),GWHPACEP078099),GLYMA_20G195400_1);
((GWHPACEH083120,(GWHPACEU083542,(GWHPACEI086037,(GWHPACES083088,(GWHPACEG081963,(GWHPACED079157,(GWHPACEO083936,((GWHPACDZ081176,(W05_GLYSO_20G054635_1_P,GWHPACEM082830)),(GWHPACEL078935,GWHPACDY085254))))))))),(((GWHPACEE082737,GWHPACET084001),GWHPACEJ085320),GWHPACEP078099),GLYMA_20G195400_1);
((GWHPACEH083120,(GWHPACEU083542,(GWHPACEI086037,(GWHPACES083088,(GWHPACEG081963,(GWHPACED079157,(GWHPACEO083936,((GWHPACDZ081176,(W05_GLYSO_20G054635_1_P,GWHPACEM082830)),(GWHPACEL078935,GWHPACDY085254))))))))),(((GWHPACEE082737,GWHPACET084001),GWHPACEJ085320),GWHPACEP078099),GLYMA_20G195400_1);
((GWHPACEH083120,(GWHPACEU083542,(GWHPACEI086037,(GWHPACES083088,(GWHPACEG081963,(GWHPACED079157,(GWHPACEO083936,((GWHPACDZ081176,(W05_GLYSO_20G054635_1_P,GWHPACEM082830)),(GWHPACEL078935,GWHPACDY085254))))))))),(((GWHPACEE082737,GWHPACET084001),GWHPACEJ085320),GWHPACEP078099),GLYMA_20G195400_1);
((GWHPACEH083120,(GWHPACEU083542,(GWHPACEI086037,(GWHPACES083088,(GWHPACEG081963,(GWHPACED079157,(GWHPACEO083936,((GWHPACDZ081176,(W05_GLYSO_20G054635_1_P,GWHPACEM082830)),(GWHPACEL078935,GWHPACDY085254))))))))),(((GWHPACEE082737,GWHPACET084001),GWHPACEJ085320),GWHPACEP078099),GLYMA_20G195400_1);
((GWHPACEH083120,(GWHPACEU083542,(GWHPACEI086037,(GWHPACES083088,(GWHPACEG081963,(GWHPACED079157,(GWHPACEO083936,((GWHPACDZ081176,(W05_GLYSO_20G054635_1_P,GWHPACEM082830)),(GWHPACEL078935,GWHPACDY085254))))))))),(((GWHPACEE082737,GWHPACET084001),GWHPACEJ085320),GWHPACEP078099),GLYMA_20G195400_1);
((GWHPACEH083120,(GWHPACEU083542,(GWHPACEI086037,(GWHPACES083088,(GWHPACEG081963,(GWHPACED079157,(GWHPACEO083936,((GWHPACDZ081176,(W05_GLYSO_20G054635_1_P,GWHPACEM082830)),(GWHPACEL078935,GWHPACDY085254))))))))),(((GWHPACEE082737,GWHPACET084001),GWHPACEJ085320),GWHPACEP078099),GLYMA_20G195400_1);
((GWHPACEH083120,(GWHPACEU083542,(GWHPACEI086037,(GWHPACES083088,(GWHPACEG081963,(GWHPACED079157,(GWHPACEO083936,((GWHPACDZ081176,(W05_GLYSO_20G054635_1_P,GWHPACEM082830)),(GWHPACEL078935,GWHPACDY085254))))))))),(((GWHPACEE082737,GWHPACET084001),GWHPACEJ085320),GWHPACEP078099),GLYMA_20G195400_1);
((GWHPACEH083120,(GWHPACEU083542,(GWHPACEI086037,(GWHPACES083088,(GWHPACEG081963,(GWHPACED079157,(GWHPACEO083936,((GWHPACDZ081176,(W05_GLYSO_20G054635_1_P,GWHPACEM082830)),(GWHPACEL078935,GWHPACDY085254))))))))),(((GWHPACEE082737,GWHPACET084001),GWHPACEJ085320),GWHPACEP078099),GLYMA_20G195400_1);
((GWHPACEH083120,(GWHPACEI086037,(GWHPACEO083936,(GWHPACES083088,(GWHPACED079157,(GWHPACEJ085320,GWHPACDY085254)))))),((((((((GWHPACDZ081176,GWHPACEM082830),W05_GLYSO_20G054635_1_P),GWHPACEL078935),GWHPACEP078099),GWHPACEE082737),GWHPACET084001),GWHPACEG081963),GWHPACEU083542),GLYMA_20G195400_1);
((GWHPACEH083120,(GWHPACEI086037,(GWHPACEO083936,(GWHPACES083088,(GWHPACED079157,(GWHPACEJ085320,GWHPACDY085254)))))),((((((((GWHPACDZ081176,GWHPACEM082830),W05_GLYSO_20G054635_1_P),GWHPACEL078935),GWHPACEP078099),GWHPACEE082737),GWHPACET084001),GWHPACEG081963),GWHPACEU083542),GLYMA_20G195400_1);
((GWHPACEH083120,(GWHPACEI086037,(GWHPACEO083936,(GWHPACES083088,(GWHPACED079157,(GWHPACEJ085320,GWHPACDY085254)))))),((((((((GWHPACDZ081176,GWHPACEM082830),W05_GLYSO_20G054635_1_P),GWHPACEL078935),GWHPACEP078099),GWHPACEE082737),GWHPACET084001),GWHPACEG081963),GWHPACEU083542),GLYMA_20G195400_1);
((GWHPACEH083120,(GWHPACEI086037,(GWHPACEO083936,(GWHPACES083088,(GWHPACED079157,(GWHPACEJ085320,GWHPACDY085254)))))),((((((((GWHPACDZ081176,GWHPACEM082830),W05_GLYSO_20G054635_1_P),GWHPACEL078935),GWHPACEP078099),GWHPACEE082737),GWHPACET084001),GWHPACEG081963),GWHPACEU083542),GLYMA_20G195400_1);
((GWHPACEH083120,(GWHPACEI086037,(GWHPACEO083936,(GWHPACES083088,(GWHPACED079157,(GWHPACEJ085320,GWHPACDY085254)))))),((((((((GWHPACDZ081176,GWHPACEM082830),W05_GLYSO_20G054635_1_P),GWHPACEL078935),GWHPACEP078099),GWHPACEE082737),GWHPACET084001),GWHPACEG081963),GWHPACEU083542),GLYMA_20G195400_1);
((GWHPACEH083120,(GWHPACEI086037,(GWHPACEO083936,(GWHPACES083088,(GWHPACED079157,(GWHPACEJ085320,GWHPACDY085254)))))),((((((((GWHPACDZ081176,GWHPACEM082830),W05_GLYSO_20G054635_1_P),GWHPACEL078935),GWHPACEP078099),GWHPACEE082737),GWHPACET084001),GWHPACEG081963),GWHPACEU083542),GLYMA_20G195400_1);
((GWHPACEH083120,(GWHPACEI086037,(GWHPACEO083936,(GWHPACES083088,(GWHPACED079157,(GWHPACEJ085320,GWHPACDY085254)))))),((((((((GWHPACDZ081176,GWHPACEM082830),W05_GLYSO_20G054635_1_P),GWHPACEL078935),GWHPACEP078099),GWHPACEE082737),GWHPACET084001),GWHPACEG081963),GWHPACEU083542),GLYMA_20G195400_1);
((GWHPACEH083120,(GWHPACEI086037,(GWHPACEO083936,(GWHPACES083088,(GWHPACED079157,(GWHPACEJ085320,GWHPACDY085254)))))),((((((((GWHPACDZ081176,GWHPACEM082830),W05_GLYSO_20G054635_1_P),GWHPACEL078935),GWHPACEP078099),GWHPACEE082737),GWHPACET084001),GWHPACEG081963),GWHPACEU083542),GLYMA_20G195400_1);
((GWHPACEH083120,(GWHPACEI086037,(GWHPACEO083936,(GWHPACES083088,(GWHPACED079157,(GWHPACEJ085320,GWHPACDY085254)))))),((((((((GWHPACDZ081176,GWHPACEM082830),W05_GLYSO_20G054635_1_P),GWHPACEL078935),GWHPACEP078099),GWHPACEE082737),GWHPACET084001),GWHPACEG081963),GWHPACEU083542),GLYMA_20G195400_1);
((GWHPACEH083120,(GWHPACEI086037,(GWHPACEO083936,(GWHPACES083088,(GWHPACED079157,(GWHPACEJ085320,GWHPACDY085254)))))),((((((((GWHPACDZ081176,GWHPACEM082830),W05_GLYSO_20G054635_1_P),GWHPACEL078935),GWHPACEP078099),GWHPACEE082737),GWHPACET084001),GWHPACEG081963),GWHPACEU083542),GLYMA_20G195400_1);
(GWHPACEI086037,(GWHPACEU083542,(GWHPACEH083120,(GWHPACEO083936,(GWHPACDY085254,(GWHPACEG081963,(GWHPACED079157,(GWHPACEL078935,(GWHPACEE082737,(GWHPACEP078099,((GWHPACDZ081176,(W05_GLYSO_20G054635_1_P,GWHPACEM082830)),(GWHPACET084001,(GWHPACES083088,GWHPACEJ085320)))))))))))),GLYMA_20G195400_1);
(GWHPACEI086037,(GWHPACEU083542,(GWHPACEH083120,(GWHPACEO083936,(GWHPACDY085254,(GWHPACEG081963,(GWHPACED079157,(GWHPACEL078935,(GWHPACEE082737,(GWHPACEP078099,((GWHPACDZ081176,(W05_GLYSO_20G054635_1_P,GWHPACEM082830)),(GWHPACET084001,(GWHPACES083088,GWHPACEJ085320)))))))))))),GLYMA_20G195400_1);
(GWHPACEI086037,(GWHPACEU083542,(GWHPACEH083120,(GWHPACEO083936,(GWHPACDY085254,(GWHPACEG081963,(GWHPACED079157,(GWHPACEL078935,(GWHPACEE082737,(GWHPACEP078099,((GWHPACDZ081176,(W05_GLYSO_20G054635_1_P,GWHPACEM082830)),(GWHPACET084001,(GWHPACES083088,GWHPACEJ085320)))))))))))),GLYMA_20G195400_1);
(GWHPACEI086037,(GWHPACEU083542,(GWHPACEH083120,(GWHPACEO083936,(GWHPACDY085254,(GWHPACEG081963,(GWHPACED079157,(GWHPACEL078935,(GWHPACEE082737,(GWHPACEP078099,((GWHPACDZ081176,(W05_GLYSO_20G054635_1_P,GWHPACEM082830)),(GWHPACET084001,(GWHPACES083088,GWHPACEJ085320)))))))))))),GLYMA_20G195400_1);
(GWHPACEI086037,(GWHPACEU083542,(GWHPACEH083120,(GWHPACEO083936,(GWHPACDY085254,(GWHPACEG081963,(GWHPACED079157,(GWHPACEL078935,(GWHPACEE082737,(GWHPACEP078099,((GWHPACDZ081176,(W05_GLYSO_20G054635_1_P,GWHPACEM082830)),(GWHPACET084001,(GWHPACES083088,GWHPACEJ085320)))))))))))),GLYMA_20G195400_1);
(GWHPACEI086037,(GWHPACEU083542,(GWHPACEH083120,(GWHPACEO083936,(GWHPACDY085254,(GWHPACEG081963,(GWHPACED079157,(GWHPACEL078935,(GWHPACEE082737,(GWHPACEP078099,((GWHPACDZ081176,(W05_GLYSO_20G054635_1_P,GWHPACEM082830)),(GWHPACET084001,(GWHPACES083088,GWHPACEJ085320)))))))))))),GLYMA_20G195400_1);
(GWHPACEI086037,(GWHPACEU083542,(GWHPACEH083120,(GWHPACEO083936,(GWHPACDY085254,(GWHPACEG081963,(GWHPACED079157,(GWHPACEL078935,(GWHPACEE082737,(GWHPACEP078099,((GWHPACDZ081176,(W05_GLYSO_20G054635_1_P,GWHPACEM082830)),(GWHPACET084001,(GWHPACES083088,GWHPACEJ085320)))))))))))),GLYMA_20G195400_1);
(GWHPACEI086037,(GWHPACEU083542,(GWHPACEH083120,(GWHPACEO083936,(GWHPACDY085254,(GWHPACEG081963,(GWHPACED079157,(GWHPACEL078935,(GWHPACEE082737,(GWHPACEP078099,((GWHPACDZ081176,(W05_GLYSO_20G054635_1_P,GWHPACEM082830)),(GWHPACET084001,(GWHPACES083088,GWHPACEJ085320)))))))))))),GLYMA_20G195400_1);
(GWHPACEI086037,(GWHPACEU083542,(GWHPACEH083120,(GWHPACEO083936,(GWHPACDY085254,(GWHPACEG081963,(GWHPACED079157,(GWHPACEL078935,(GWHPACEE082737,(GWHPACEP078099,((GWHPACDZ081176,(W05_GLYSO_20G054635_1_P,GWHPACEM082830)),(GWHPACET084001,(GWHPACES083088,GWHPACEJ085320)))))))))))),GLYMA_20G195400_1);
(GWHPACEI086037,(GWHPACEU083542,(GWHPACEH083120,(GWHPACEO083936,(GWHPACDY085254,(GWHPACEG081963,(GWHPACED079157,(GWHPACEL078935,(GWHPACEE082737,(GWHPACEP078099,((GWHPACDZ081176,(W05_GLYSO_20G054635_1_P,GWHPACEM082830)),(GWHPACET084001,(GWHPACES083088,GWHPACEJ085320)))))))))))),GLYMA_20G195400_1);
