(GWHPACEW041541,(GWHPACEB038311,(GWHPACEC039374,(GWHPACEP039257,(GLYMA_ZH13_10G169200_1_P,GWHPACEL039855)))),GWHPACEO041743);
(GWHPACEW041541,(GWHPACEB038311,(GWHPACEC039374,(GWHPACEP039257,(GLYMA_ZH13_10G169200_1_P,GWHPACEL039855)))),GWHPACEO041743);
(GWHPACEW041541,(GWHPACEB038311,(GWHPACEC039374,(GWHPACEP039257,(GLYMA_ZH13_10G169200_1_P,GWHPACEL039855)))),GWHPACEO041743);
(GWHPACEW041541,(GWHPACEB038311,(GWHPACEC039374,(GWHPACEP039257,(GLYMA_ZH13_10G169200_1_P,GWHPACEL039855)))),GWHPACEO041743);
(GWHPACEW041541,(GWHPACEB038311,(GWHPACEC039374,(GWHPACEP039257,(GLYMA_ZH13_10G169200_1_P,GWHPACEL039855)))),GWHPACEO041743);
(GWHPACEW041541,(GWHPACEB038311,(GWHPACEC039374,(GWHPACEP039257,(GLYMA_ZH13_10G169200_1_P,GWHPACEL039855)))),GWHPACEO041743);
(GWHPACEW041541,(GWHPACEB038311,(GWHPACEC039374,(GWHPACEP039257,(GLYMA_ZH13_10G169200_1_P,GWHPACEL039855)))),GWHPACEO041743);
(GWHPACEW041541,(GWHPACEB038311,(GWHPACEC039374,(GWHPACEP039257,(GLYMA_ZH13_10G169200_1_P,GWHPACEL039855)))),GWHPACEO041743);
(GWHPACEW041541,(GWHPACEB038311,(GWHPACEC039374,(GWHPACEP039257,(GLYMA_ZH13_10G169200_1_P,GWHPACEL039855)))),GWHPACEO041743);
(GWHPACEW041541,(GWHPACEB038311,(GWHPACEC039374,(GWHPACEP039257,(GLYMA_ZH13_10G169200_1_P,GWHPACEL039855)))),GWHPACEO041743);
((GWHPACEL039855,(GWHPACEB038311,(GWHPACEC039374,(GWHPACEW041541,GWHPACEP039257)))),GLYMA_ZH13_10G169200_1_P,GWHPACEO041743);
((GWHPACEL039855,(GWHPACEB038311,(GWHPACEC039374,(GWHPACEW041541,GWHPACEP039257)))),GLYMA_ZH13_10G169200_1_P,GWHPACEO041743);
((GWHPACEL039855,(GWHPACEB038311,(GWHPACEC039374,(GWHPACEW041541,GWHPACEP039257)))),GLYMA_ZH13_10G169200_1_P,GWHPACEO041743);
((GWHPACEL039855,(GWHPACEB038311,(GWHPACEC039374,(GWHPACEW041541,GWHPACEP039257)))),GLYMA_ZH13_10G169200_1_P,GWHPACEO041743);
((GWHPACEL039855,(GWHPACEB038311,(GWHPACEC039374,(GWHPACEW041541,GWHPACEP039257)))),GLYMA_ZH13_10G169200_1_P,GWHPACEO041743);
((GWHPACEL039855,(GWHPACEB038311,(GWHPACEC039374,(GWHPACEW041541,GWHPACEP039257)))),GLYMA_ZH13_10G169200_1_P,GWHPACEO041743);
((GWHPACEL039855,(GWHPACEB038311,(GWHPACEC039374,(GWHPACEW041541,GWHPACEP039257)))),GLYMA_ZH13_10G169200_1_P,GWHPACEO041743);
((GWHPACEL039855,(GWHPACEB038311,(GWHPACEC039374,(GWHPACEW041541,GWHPACEP039257)))),GLYMA_ZH13_10G169200_1_P,GWHPACEO041743);
((GWHPACEL039855,(GWHPACEB038311,(GWHPACEC039374,(GWHPACEW041541,GWHPACEP039257)))),GLYMA_ZH13_10G169200_1_P,GWHPACEO041743);
((GWHPACEL039855,(GWHPACEB038311,(GWHPACEC039374,(GWHPACEW041541,GWHPACEP039257)))),GLYMA_ZH13_10G169200_1_P,GWHPACEO041743);
((GWHPACEC039374,(GWHPACEP039257,GWHPACEL039855)),((GWHPACEB038311,GLYMA_ZH13_10G169200_1_P),GWHPACEW041541),GWHPACEO041743);
((GWHPACEC039374,(GWHPACEP039257,GWHPACEL039855)),((GWHPACEB038311,GLYMA_ZH13_10G169200_1_P),GWHPACEW041541),GWHPACEO041743);
((GWHPACEC039374,(GWHPACEP039257,GWHPACEL039855)),((GWHPACEB038311,GLYMA_ZH13_10G169200_1_P),GWHPACEW041541),GWHPACEO041743);
((GWHPACEC039374,(GWHPACEP039257,GWHPACEL039855)),((GWHPACEB038311,GLYMA_ZH13_10G169200_1_P),GWHPACEW041541),GWHPACEO041743);
((GWHPACEC039374,(GWHPACEP039257,GWHPACEL039855)),((GWHPACEB038311,GLYMA_ZH13_10G169200_1_P),GWHPACEW041541),GWHPACEO041743);
((GWHPACEC039374,(GWHPACEP039257,GWHPACEL039855)),((GWHPACEB038311,GLYMA_ZH13_10G169200_1_P),GWHPACEW041541),GWHPACEO041743);
((GWHPACEC039374,(GWHPACEP039257,GWHPACEL039855)),((GWHPACEB038311,GLYMA_ZH13_10G169200_1_P),GWHPACEW041541),GWHPACEO041743);
((GWHPACEC039374,(GWHPACEP039257,GWHPACEL039855)),((GWHPACEB038311,GLYMA_ZH13_10G169200_1_P),GWHPACEW041541),GWHPACEO041743);
((GWHPACEC039374,(GWHPACEP039257,GWHPACEL039855)),((GWHPACEB038311,GLYMA_ZH13_10G169200_1_P),GWHPACEW041541),GWHPACEO041743);
((GWHPACEC039374,(GWHPACEP039257,GWHPACEL039855)),((GWHPACEB038311,GLYMA_ZH13_10G169200_1_P),GWHPACEW041541),GWHPACEO041743);
(GWHPACEL039855,(GWHPACEP039257,(GWHPACEC039374,(GWHPACEB038311,(GLYMA_ZH13_10G169200_1_P,GWHPACEW041541)))),GWHPACEO041743);
(GWHPACEL039855,(GWHPACEP039257,(GWHPACEC039374,(GWHPACEB038311,(GLYMA_ZH13_10G169200_1_P,GWHPACEW041541)))),GWHPACEO041743);
(GWHPACEL039855,(GWHPACEP039257,(GWHPACEC039374,(GWHPACEB038311,(GLYMA_ZH13_10G169200_1_P,GWHPACEW041541)))),GWHPACEO041743);
(GWHPACEL039855,(GWHPACEP039257,(GWHPACEC039374,(GWHPACEB038311,(GLYMA_ZH13_10G169200_1_P,GWHPACEW041541)))),GWHPACEO041743);
(GWHPACEL039855,(GWHPACEP039257,(GWHPACEC039374,(GWHPACEB038311,(GLYMA_ZH13_10G169200_1_P,GWHPACEW041541)))),GWHPACEO041743);
(GWHPACEL039855,(GWHPACEP039257,(GWHPACEC039374,(GWHPACEB038311,(GLYMA_ZH13_10G169200_1_P,GWHPACEW041541)))),GWHPACEO041743);
(GWHPACEL039855,(GWHPACEP039257,(GWHPACEC039374,(GWHPACEB038311,(GLYMA_ZH13_10G169200_1_P,GWHPACEW041541)))),GWHPACEO041743);
(GWHPACEL039855,(GWHPACEP039257,(GWHPACEC039374,(GWHPACEB038311,(GLYMA_ZH13_10G169200_1_P,GWHPACEW041541)))),GWHPACEO041743);
(GWHPACEL039855,(GWHPACEP039257,(GWHPACEC039374,(GWHPACEB038311,(GLYMA_ZH13_10G169200_1_P,GWHPACEW041541)))),GWHPACEO041743);
(GWHPACEL039855,(GWHPACEP039257,(GWHPACEC039374,(GWHPACEB038311,(GLYMA_ZH13_10G169200_1_P,GWHPACEW041541)))),GWHPACEO041743);
((GWHPACEC039374,(GWHPACEL039855,GWHPACEP039257)),((GWHPACEB038311,GLYMA_ZH13_10G169200_1_P),GWHPACEW041541),GWHPACEO041743);
((GWHPACEC039374,(GWHPACEL039855,GWHPACEP039257)),((GWHPACEB038311,GLYMA_ZH13_10G169200_1_P),GWHPACEW041541),GWHPACEO041743);
((GWHPACEC039374,(GWHPACEL039855,GWHPACEP039257)),((GWHPACEB038311,GLYMA_ZH13_10G169200_1_P),GWHPACEW041541),GWHPACEO041743);
((GWHPACEC039374,(GWHPACEL039855,GWHPACEP039257)),((GWHPACEB038311,GLYMA_ZH13_10G169200_1_P),GWHPACEW041541),GWHPACEO041743);
((GWHPACEC039374,(GWHPACEL039855,GWHPACEP039257)),((GWHPACEB038311,GLYMA_ZH13_10G169200_1_P),GWHPACEW041541),GWHPACEO041743);
((GWHPACEC039374,(GWHPACEL039855,GWHPACEP039257)),((GWHPACEB038311,GLYMA_ZH13_10G169200_1_P),GWHPACEW041541),GWHPACEO041743);
((GWHPACEC039374,(GWHPACEL039855,GWHPACEP039257)),((GWHPACEB038311,GLYMA_ZH13_10G169200_1_P),GWHPACEW041541),GWHPACEO041743);
((GWHPACEC039374,(GWHPACEL039855,GWHPACEP039257)),((GWHPACEB038311,GLYMA_ZH13_10G169200_1_P),GWHPACEW041541),GWHPACEO041743);
((GWHPACEC039374,(GWHPACEL039855,GWHPACEP039257)),((GWHPACEB038311,GLYMA_ZH13_10G169200_1_P),GWHPACEW041541),GWHPACEO041743);
((GWHPACEC039374,(GWHPACEL039855,GWHPACEP039257)),((GWHPACEB038311,GLYMA_ZH13_10G169200_1_P),GWHPACEW041541),GWHPACEO041743);
((GLYMA_ZH13_10G169200_1_P,(GWHPACEP039257,(GWHPACEB038311,(GWHPACEW041541,GWHPACEL039855)))),GWHPACEC039374,GWHPACEO041743);
((GLYMA_ZH13_10G169200_1_P,(GWHPACEP039257,(GWHPACEB038311,(GWHPACEW041541,GWHPACEL039855)))),GWHPACEC039374,GWHPACEO041743);
((GLYMA_ZH13_10G169200_1_P,(GWHPACEP039257,(GWHPACEB038311,(GWHPACEW041541,GWHPACEL039855)))),GWHPACEC039374,GWHPACEO041743);
((GLYMA_ZH13_10G169200_1_P,(GWHPACEP039257,(GWHPACEB038311,(GWHPACEW041541,GWHPACEL039855)))),GWHPACEC039374,GWHPACEO041743);
((GLYMA_ZH13_10G169200_1_P,(GWHPACEP039257,(GWHPACEB038311,(GWHPACEW041541,GWHPACEL039855)))),GWHPACEC039374,GWHPACEO041743);
((GLYMA_ZH13_10G169200_1_P,(GWHPACEP039257,(GWHPACEB038311,(GWHPACEW041541,GWHPACEL039855)))),GWHPACEC039374,GWHPACEO041743);
((GLYMA_ZH13_10G169200_1_P,(GWHPACEP039257,(GWHPACEB038311,(GWHPACEW041541,GWHPACEL039855)))),GWHPACEC039374,GWHPACEO041743);
((GLYMA_ZH13_10G169200_1_P,(GWHPACEP039257,(GWHPACEB038311,(GWHPACEW041541,GWHPACEL039855)))),GWHPACEC039374,GWHPACEO041743);
((GLYMA_ZH13_10G169200_1_P,(GWHPACEP039257,(GWHPACEB038311,(GWHPACEW041541,GWHPACEL039855)))),GWHPACEC039374,GWHPACEO041743);
((GLYMA_ZH13_10G169200_1_P,(GWHPACEP039257,(GWHPACEB038311,(GWHPACEW041541,GWHPACEL039855)))),GWHPACEC039374,GWHPACEO041743);
(GWHPACEC039374,(GWHPACEL039855,(GWHPACEW041541,(GLYMA_ZH13_10G169200_1_P,(GWHPACEP039257,GWHPACEB038311)))),GWHPACEO041743);
(GWHPACEC039374,(GWHPACEL039855,(GWHPACEW041541,(GLYMA_ZH13_10G169200_1_P,(GWHPACEP039257,GWHPACEB038311)))),GWHPACEO041743);
(GWHPACEC039374,(GWHPACEL039855,(GWHPACEW041541,(GLYMA_ZH13_10G169200_1_P,(GWHPACEP039257,GWHPACEB038311)))),GWHPACEO041743);
(GWHPACEC039374,(GWHPACEL039855,(GWHPACEW041541,(GLYMA_ZH13_10G169200_1_P,(GWHPACEP039257,GWHPACEB038311)))),GWHPACEO041743);
(GWHPACEC039374,(GWHPACEL039855,(GWHPACEW041541,(GLYMA_ZH13_10G169200_1_P,(GWHPACEP039257,GWHPACEB038311)))),GWHPACEO041743);
(GWHPACEC039374,(GWHPACEL039855,(GWHPACEW041541,(GLYMA_ZH13_10G169200_1_P,(GWHPACEP039257,GWHPACEB038311)))),GWHPACEO041743);
(GWHPACEC039374,(GWHPACEL039855,(GWHPACEW041541,(GLYMA_ZH13_10G169200_1_P,(GWHPACEP039257,GWHPACEB038311)))),GWHPACEO041743);
(GWHPACEC039374,(GWHPACEL039855,(GWHPACEW041541,(GLYMA_ZH13_10G169200_1_P,(GWHPACEP039257,GWHPACEB038311)))),GWHPACEO041743);
(GWHPACEC039374,(GWHPACEL039855,(GWHPACEW041541,(GLYMA_ZH13_10G169200_1_P,(GWHPACEP039257,GWHPACEB038311)))),GWHPACEO041743);
(GWHPACEC039374,(GWHPACEL039855,(GWHPACEW041541,(GLYMA_ZH13_10G169200_1_P,(GWHPACEP039257,GWHPACEB038311)))),GWHPACEO041743);
((GWHPACEL039855,(GWHPACEC039374,GWHPACEB038311)),((GLYMA_ZH13_10G169200_1_P,GWHPACEP039257),GWHPACEW041541),GWHPACEO041743);
((GWHPACEL039855,(GWHPACEC039374,GWHPACEB038311)),((GLYMA_ZH13_10G169200_1_P,GWHPACEP039257),GWHPACEW041541),GWHPACEO041743);
((GWHPACEL039855,(GWHPACEC039374,GWHPACEB038311)),((GLYMA_ZH13_10G169200_1_P,GWHPACEP039257),GWHPACEW041541),GWHPACEO041743);
((GWHPACEL039855,(GWHPACEC039374,GWHPACEB038311)),((GLYMA_ZH13_10G169200_1_P,GWHPACEP039257),GWHPACEW041541),GWHPACEO041743);
((GWHPACEL039855,(GWHPACEC039374,GWHPACEB038311)),((GLYMA_ZH13_10G169200_1_P,GWHPACEP039257),GWHPACEW041541),GWHPACEO041743);
((GWHPACEL039855,(GWHPACEC039374,GWHPACEB038311)),((GLYMA_ZH13_10G169200_1_P,GWHPACEP039257),GWHPACEW041541),GWHPACEO041743);
((GWHPACEL039855,(GWHPACEC039374,GWHPACEB038311)),((GLYMA_ZH13_10G169200_1_P,GWHPACEP039257),GWHPACEW041541),GWHPACEO041743);
((GWHPACEL039855,(GWHPACEC039374,GWHPACEB038311)),((GLYMA_ZH13_10G169200_1_P,GWHPACEP039257),GWHPACEW041541),GWHPACEO041743);
((GWHPACEL039855,(GWHPACEC039374,GWHPACEB038311)),((GLYMA_ZH13_10G169200_1_P,GWHPACEP039257),GWHPACEW041541),GWHPACEO041743);
((GWHPACEL039855,(GWHPACEC039374,GWHPACEB038311)),((GLYMA_ZH13_10G169200_1_P,GWHPACEP039257),GWHPACEW041541),GWHPACEO041743);
(GWHPACEP039257,(GWHPACEL039855,(GWHPACEW041541,(GLYMA_ZH13_10G169200_1_P,(GWHPACEC039374,GWHPACEB038311)))),GWHPACEO041743);
(GWHPACEP039257,(GWHPACEL039855,(GWHPACEW041541,(GLYMA_ZH13_10G169200_1_P,(GWHPACEC039374,GWHPACEB038311)))),GWHPACEO041743);
(GWHPACEP039257,(GWHPACEL039855,(GWHPACEW041541,(GLYMA_ZH13_10G169200_1_P,(GWHPACEC039374,GWHPACEB038311)))),GWHPACEO041743);
(GWHPACEP039257,(GWHPACEL039855,(GWHPACEW041541,(GLYMA_ZH13_10G169200_1_P,(GWHPACEC039374,GWHPACEB038311)))),GWHPACEO041743);
(GWHPACEP039257,(GWHPACEL039855,(GWHPACEW041541,(GLYMA_ZH13_10G169200_1_P,(GWHPACEC039374,GWHPACEB038311)))),GWHPACEO041743);
(GWHPACEP039257,(GWHPACEL039855,(GWHPACEW041541,(GLYMA_ZH13_10G169200_1_P,(GWHPACEC039374,GWHPACEB038311)))),GWHPACEO041743);
(GWHPACEP039257,(GWHPACEL039855,(GWHPACEW041541,(GLYMA_ZH13_10G169200_1_P,(GWHPACEC039374,GWHPACEB038311)))),GWHPACEO041743);
(GWHPACEP039257,(GWHPACEL039855,(GWHPACEW041541,(GLYMA_ZH13_10G169200_1_P,(GWHPACEC039374,GWHPACEB038311)))),GWHPACEO041743);
(GWHPACEP039257,(GWHPACEL039855,(GWHPACEW041541,(GLYMA_ZH13_10G169200_1_P,(GWHPACEC039374,GWHPACEB038311)))),GWHPACEO041743);
(GWHPACEP039257,(GWHPACEL039855,(GWHPACEW041541,(GLYMA_ZH13_10G169200_1_P,(GWHPACEC039374,GWHPACEB038311)))),GWHPACEO041743);
((GWHPACEP039257,(GWHPACEW041541,(GWHPACEB038311,GWHPACEC039374))),(GLYMA_ZH13_10G169200_1_P,GWHPACEL039855),GWHPACEO041743);
((GWHPACEP039257,(GWHPACEW041541,(GWHPACEB038311,GWHPACEC039374))),(GLYMA_ZH13_10G169200_1_P,GWHPACEL039855),GWHPACEO041743);
((GWHPACEP039257,(GWHPACEW041541,(GWHPACEB038311,GWHPACEC039374))),(GLYMA_ZH13_10G169200_1_P,GWHPACEL039855),GWHPACEO041743);
((GWHPACEP039257,(GWHPACEW041541,(GWHPACEB038311,GWHPACEC039374))),(GLYMA_ZH13_10G169200_1_P,GWHPACEL039855),GWHPACEO041743);
((GWHPACEP039257,(GWHPACEW041541,(GWHPACEB038311,GWHPACEC039374))),(GLYMA_ZH13_10G169200_1_P,GWHPACEL039855),GWHPACEO041743);
((GWHPACEP039257,(GWHPACEW041541,(GWHPACEB038311,GWHPACEC039374))),(GLYMA_ZH13_10G169200_1_P,GWHPACEL039855),GWHPACEO041743);
((GWHPACEP039257,(GWHPACEW041541,(GWHPACEB038311,GWHPACEC039374))),(GLYMA_ZH13_10G169200_1_P,GWHPACEL039855),GWHPACEO041743);
((GWHPACEP039257,(GWHPACEW041541,(GWHPACEB038311,GWHPACEC039374))),(GLYMA_ZH13_10G169200_1_P,GWHPACEL039855),GWHPACEO041743);
((GWHPACEP039257,(GWHPACEW041541,(GWHPACEB038311,GWHPACEC039374))),(GLYMA_ZH13_10G169200_1_P,GWHPACEL039855),GWHPACEO041743);
((GWHPACEP039257,(GWHPACEW041541,(GWHPACEB038311,GWHPACEC039374))),(GLYMA_ZH13_10G169200_1_P,GWHPACEL039855),GWHPACEO041743);
