(GWHPACEK009008,((GWHPACEB009107,(((((GWHPACEI010028,GWHPACEX009390),(GWHPACEO009762,(GLYMA_ZH13_03G081000_1_P,(GWHPACEP009163,(GWHPACEE009674,GWHPACES009814))))),GWHPACEM009847),(((GWHPACER008962,GWHPACEU009778),GWHPACEV009202),GWHPACEC009468)),GWHPACEA009968)),GWHPACEL009385),GWHPACEG009706);
((GWHPACEA009968,GWHPACEL009385),(GWHPACEB009107,((GWHPACEM009847,GWHPACEK009008),((((GWHPACER008962,GWHPACEU009778),GWHPACEV009202),GWHPACEC009468),((GWHPACEI010028,GWHPACEX009390),(GWHPACEO009762,(GLYMA_ZH13_03G081000_1_P,(GWHPACEP009163,(GWHPACEE009674,GWHPACES009814)))))))),GWHPACEG009706);
((GWHPACEA009968,GWHPACEL009385),(GWHPACEB009107,((GWHPACEM009847,GWHPACEK009008),((((GWHPACER008962,GWHPACEU009778),GWHPACEV009202),GWHPACEC009468),((GWHPACEI010028,GWHPACEX009390),(GWHPACEO009762,(GLYMA_ZH13_03G081000_1_P,(GWHPACEP009163,(GWHPACEE009674,GWHPACES009814)))))))),GWHPACEG009706);
((GWHPACEA009968,GWHPACEL009385),(GWHPACEB009107,((GWHPACEM009847,GWHPACEK009008),((((GWHPACER008962,GWHPACEU009778),GWHPACEV009202),GWHPACEC009468),((GWHPACEI010028,GWHPACEX009390),(GWHPACEO009762,(GLYMA_ZH13_03G081000_1_P,(GWHPACEP009163,(GWHPACEE009674,GWHPACES009814)))))))),GWHPACEG009706);
((GWHPACEA009968,GWHPACEL009385),(GWHPACEB009107,((GWHPACEM009847,GWHPACEK009008),((((GWHPACER008962,GWHPACEU009778),GWHPACEV009202),GWHPACEC009468),((GWHPACEI010028,GWHPACEX009390),(GWHPACEO009762,(GLYMA_ZH13_03G081000_1_P,(GWHPACEP009163,(GWHPACEE009674,GWHPACES009814)))))))),GWHPACEG009706);
((GWHPACEB009107,GWHPACEL009385),(GWHPACEA009968,((GWHPACEM009847,GWHPACEK009008),((((GWHPACER008962,GWHPACEU009778),GWHPACEV009202),GWHPACEC009468),((GWHPACEI010028,GWHPACEX009390),(GWHPACEO009762,(GLYMA_ZH13_03G081000_1_P,(GWHPACEP009163,(GWHPACEE009674,GWHPACES009814)))))))),GWHPACEG009706);
((GWHPACEB009107,GWHPACEL009385),(GWHPACEA009968,((GWHPACEM009847,GWHPACEK009008),((((GWHPACER008962,GWHPACEU009778),GWHPACEV009202),GWHPACEC009468),((GWHPACEI010028,GWHPACEX009390),((GWHPACEP009163,(GWHPACEE009674,GWHPACES009814)),(GWHPACEO009762,GLYMA_ZH13_03G081000_1_P)))))),GWHPACEG009706);
((GWHPACEB009107,GWHPACEL009385),(GWHPACEA009968,((GWHPACEM009847,GWHPACEK009008),((((GWHPACER008962,GWHPACEU009778),GWHPACEV009202),GWHPACEC009468),((GWHPACEI010028,GWHPACEX009390),((GWHPACEP009163,(GWHPACEE009674,GWHPACES009814)),(GWHPACEO009762,GLYMA_ZH13_03G081000_1_P)))))),GWHPACEG009706);
((GWHPACEB009107,GWHPACEL009385),(GWHPACEA009968,((GWHPACEM009847,GWHPACEK009008),((((GWHPACER008962,GWHPACEU009778),GWHPACEV009202),GWHPACEC009468),((GWHPACEI010028,GWHPACEX009390),((GWHPACEP009163,(GWHPACEE009674,GWHPACES009814)),(GWHPACEO009762,GLYMA_ZH13_03G081000_1_P)))))),GWHPACEG009706);
(((((GWHPACER008962,GWHPACEU009778),GWHPACEV009202),((GWHPACEI010028,GWHPACEX009390),(GWHPACEO009762,(GLYMA_ZH13_03G081000_1_P,(GWHPACEE009674,(GWHPACES009814,GWHPACEP009163)))))),GWHPACEM009847),(GWHPACEC009468,((GWHPACEA009968,(GWHPACEK009008,GWHPACEB009107)),GWHPACEL009385)),GWHPACEG009706);
(GWHPACEC009468,(GWHPACEA009968,(GWHPACEB009107,(((((GLYMA_ZH13_03G081000_1_P,(GWHPACEO009762,(GWHPACEP009163,(GWHPACES009814,GWHPACEE009674)))),(GWHPACEI010028,GWHPACEX009390)),((GWHPACER008962,(GWHPACEV009202,GWHPACEU009778)),GWHPACEM009847)),GWHPACEL009385),GWHPACEK009008))),GWHPACEG009706);
((GWHPACEB009107,((((GLYMA_ZH13_03G081000_1_P,(GWHPACEO009762,(GWHPACES009814,(GWHPACEE009674,GWHPACEP009163)))),(GWHPACEI010028,GWHPACEX009390)),(GWHPACEK009008,((((GWHPACEC009468,GWHPACEV009202),GWHPACEU009778),GWHPACER008962),GWHPACEM009847))),GWHPACEA009968)),GWHPACEL009385,GWHPACEG009706);
(GWHPACEB009107,((GWHPACEL009385,((GWHPACEK009008,(((GLYMA_ZH13_03G081000_1_P,(GWHPACEO009762,(GWHPACES009814,(GWHPACEE009674,GWHPACEP009163)))),(GWHPACEI010028,GWHPACEX009390)),(((GWHPACEV009202,GWHPACEU009778),GWHPACER008962),GWHPACEM009847))),GWHPACEC009468)),GWHPACEA009968),GWHPACEG009706);
(GWHPACEB009107,((GWHPACEL009385,((GWHPACEK009008,(((GLYMA_ZH13_03G081000_1_P,(GWHPACEO009762,(GWHPACES009814,(GWHPACEE009674,GWHPACEP009163)))),(GWHPACEI010028,GWHPACEX009390)),(((GWHPACEV009202,GWHPACEU009778),GWHPACER008962),GWHPACEM009847))),GWHPACEC009468)),GWHPACEA009968),GWHPACEG009706);
(GWHPACEB009107,((GWHPACEL009385,((((GWHPACEO009762,((GWHPACES009814,(GWHPACEE009674,GWHPACEP009163)),GLYMA_ZH13_03G081000_1_P)),(GWHPACEI010028,GWHPACEX009390)),((((GWHPACEV009202,GWHPACEU009778),GWHPACER008962),GWHPACEM009847),GWHPACEK009008)),GWHPACEC009468)),GWHPACEA009968),GWHPACEG009706);
(((GWHPACEB009107,(GWHPACEA009968,GWHPACEK009008)),(((GWHPACEO009762,((GWHPACEE009674,(GWHPACEP009163,GWHPACES009814)),GLYMA_ZH13_03G081000_1_P)),(GWHPACEI010028,GWHPACEX009390)),(((GWHPACEV009202,GWHPACEU009778),GWHPACER008962),GWHPACEM009847))),(GWHPACEL009385,GWHPACEC009468),GWHPACEG009706);
((GWHPACEB009107,((GWHPACEL009385,(GWHPACEM009847,GWHPACEK009008)),(((GWHPACEI010028,GWHPACEX009390),(GWHPACEO009762,((GWHPACEE009674,(GWHPACEP009163,GWHPACES009814)),GLYMA_ZH13_03G081000_1_P))),(GWHPACEC009468,(GWHPACEV009202,(GWHPACEU009778,GWHPACER008962)))))),GWHPACEA009968,GWHPACEG009706);
((GWHPACEB009107,((GWHPACEL009385,(GWHPACEM009847,GWHPACEK009008)),(((GWHPACEI010028,GWHPACEX009390),(GWHPACEO009762,((GWHPACEE009674,(GWHPACEP009163,GWHPACES009814)),GLYMA_ZH13_03G081000_1_P))),(GWHPACEC009468,(GWHPACEV009202,(GWHPACEU009778,GWHPACER008962)))))),GWHPACEA009968,GWHPACEG009706);
((((((GWHPACEI010028,GWHPACEX009390),(GWHPACEO009762,(((GWHPACEP009163,GWHPACES009814),GWHPACEE009674),GLYMA_ZH13_03G081000_1_P))),(GWHPACEV009202,(GWHPACEU009778,GWHPACER008962))),(GWHPACEM009847,GWHPACEK009008)),GWHPACEC009468),((GWHPACEL009385,GWHPACEB009107),GWHPACEA009968),GWHPACEG009706);
((((((GWHPACEI010028,GWHPACEX009390),(GWHPACEO009762,(((GWHPACEP009163,GWHPACES009814),GWHPACEE009674),GLYMA_ZH13_03G081000_1_P))),(GWHPACEV009202,(GWHPACEU009778,GWHPACER008962))),(GWHPACEM009847,GWHPACEK009008)),GWHPACEC009468),((GWHPACEL009385,GWHPACEB009107),GWHPACEA009968),GWHPACEG009706);
(((GWHPACEA009968,(((GWHPACEM009847,((GWHPACEI010028,GWHPACEX009390),(GLYMA_ZH13_03G081000_1_P,(GWHPACEO009762,(GWHPACEP009163,(GWHPACEE009674,GWHPACES009814)))))),GWHPACEB009107),((GWHPACEC009468,GWHPACEV009202),(GWHPACER008962,GWHPACEU009778)))),GWHPACEL009385),GWHPACEK009008,GWHPACEG009706);
((GWHPACEB009107,(GWHPACEL009385,(GWHPACEA009968,(((GWHPACEI010028,GWHPACEX009390),(GWHPACEO009762,((GWHPACEP009163,(GWHPACEE009674,GWHPACES009814)),GLYMA_ZH13_03G081000_1_P))),(GWHPACEC009468,(GWHPACEV009202,(GWHPACER008962,GWHPACEU009778))))))),(GWHPACEM009847,GWHPACEK009008),GWHPACEG009706);
((GWHPACEB009107,(GWHPACEL009385,(GWHPACEA009968,(((GWHPACEI010028,GWHPACEX009390),(GWHPACEO009762,((GWHPACEP009163,(GWHPACEE009674,GWHPACES009814)),GLYMA_ZH13_03G081000_1_P))),(GWHPACEC009468,(GWHPACEV009202,(GWHPACER008962,GWHPACEU009778))))))),(GWHPACEM009847,GWHPACEK009008),GWHPACEG009706);
((GWHPACEB009107,(GWHPACEL009385,(GWHPACEA009968,(((GWHPACEI010028,GWHPACEX009390),(GWHPACEO009762,((GWHPACEP009163,(GWHPACEE009674,GWHPACES009814)),GLYMA_ZH13_03G081000_1_P))),(GWHPACEC009468,(GWHPACEV009202,(GWHPACER008962,GWHPACEU009778))))))),(GWHPACEM009847,GWHPACEK009008),GWHPACEG009706);
(((GWHPACEK009008,GWHPACEA009968),GWHPACEL009385),(GWHPACEB009107,((GWHPACEM009847,(GWHPACER008962,((GWHPACEI010028,GWHPACEX009390),(GWHPACEO009762,((GWHPACEP009163,(GWHPACEE009674,GWHPACES009814)),GLYMA_ZH13_03G081000_1_P))))),(GWHPACEC009468,(GWHPACEV009202,GWHPACEU009778)))),GWHPACEG009706);
((GWHPACEK009008,(((GWHPACER008962,GWHPACEU009778),GWHPACEV009202),GWHPACEC009468)),((((((GWHPACEI010028,GWHPACEX009390),(GWHPACEO009762,((GWHPACEP009163,(GWHPACEE009674,GWHPACES009814)),GLYMA_ZH13_03G081000_1_P))),GWHPACEB009107),GWHPACEM009847),GWHPACEL009385),GWHPACEA009968),GWHPACEG009706);
((GWHPACEB009107,(((GWHPACEM009847,GWHPACEK009008),((((GWHPACER008962,GWHPACEU009778),GWHPACEV009202),GWHPACEC009468),((GWHPACEI010028,GWHPACEX009390),(GWHPACEO009762,((GWHPACEE009674,(GWHPACES009814,GWHPACEP009163)),GLYMA_ZH13_03G081000_1_P))))),GWHPACEA009968)),GWHPACEL009385,GWHPACEG009706);
((((GWHPACEI010028,GWHPACEX009390),((GWHPACES009814,(GWHPACEP009163,GWHPACEE009674)),(GLYMA_ZH13_03G081000_1_P,GWHPACEO009762))),GWHPACEM009847),(GWHPACEL009385,(((GWHPACEK009008,GWHPACEB009107),(((GWHPACER008962,GWHPACEU009778),GWHPACEV009202),GWHPACEC009468)),GWHPACEA009968)),GWHPACEG009706);
((GWHPACEB009107,((((GWHPACEI010028,GWHPACEX009390),(GWHPACEO009762,((GWHPACES009814,(GWHPACEP009163,GWHPACEE009674)),GLYMA_ZH13_03G081000_1_P))),((GWHPACEM009847,GWHPACEK009008),(((GWHPACER008962,GWHPACEU009778),GWHPACEV009202),GWHPACEC009468))),GWHPACEA009968)),GWHPACEL009385,GWHPACEG009706);
((GWHPACEB009107,(((GWHPACEM009847,GWHPACEK009008),((((GWHPACER008962,GWHPACEU009778),GWHPACEV009202),GWHPACEC009468),((GWHPACEI010028,GWHPACEX009390),(GWHPACEO009762,((GWHPACES009814,(GWHPACEP009163,GWHPACEE009674)),GLYMA_ZH13_03G081000_1_P))))),GWHPACEA009968)),GWHPACEL009385,GWHPACEG009706);
((GWHPACEB009107,((GWHPACEC009468,(((GWHPACEO009762,((GWHPACEP009163,(GWHPACES009814,GWHPACEE009674)),GLYMA_ZH13_03G081000_1_P)),(GWHPACEI010028,GWHPACEX009390)),((GWHPACEM009847,((GWHPACEV009202,GWHPACEU009778),GWHPACER008962)),GWHPACEK009008))),GWHPACEA009968)),GWHPACEL009385,GWHPACEG009706);
((((GWHPACEO009762,(((GWHPACES009814,GWHPACEE009674),GWHPACEP009163),GLYMA_ZH13_03G081000_1_P)),(GWHPACEI010028,GWHPACEX009390)),((GWHPACEM009847,(((GWHPACEC009468,GWHPACEV009202),GWHPACEU009778),GWHPACER008962)),GWHPACEK009008)),(GWHPACEA009968,(GWHPACEL009385,GWHPACEB009107)),GWHPACEG009706);
((((GWHPACEO009762,(((GWHPACES009814,GWHPACEE009674),GWHPACEP009163),GLYMA_ZH13_03G081000_1_P)),(GWHPACEI010028,GWHPACEX009390)),((GWHPACEM009847,(((GWHPACEC009468,GWHPACEV009202),GWHPACEU009778),GWHPACER008962)),GWHPACEK009008)),(GWHPACEA009968,(GWHPACEL009385,GWHPACEB009107)),GWHPACEG009706);
((((GWHPACEO009762,(((GWHPACES009814,GWHPACEE009674),GWHPACEP009163),GLYMA_ZH13_03G081000_1_P)),(GWHPACEI010028,GWHPACEX009390)),((GWHPACEM009847,(((GWHPACEC009468,GWHPACEV009202),GWHPACEU009778),GWHPACER008962)),GWHPACEK009008)),(GWHPACEA009968,(GWHPACEL009385,GWHPACEB009107)),GWHPACEG009706);
((((GWHPACEO009762,(((GWHPACES009814,GWHPACEE009674),GWHPACEP009163),GLYMA_ZH13_03G081000_1_P)),(GWHPACEI010028,GWHPACEX009390)),((GWHPACEM009847,(((GWHPACEC009468,GWHPACEV009202),GWHPACEU009778),GWHPACER008962)),GWHPACEK009008)),(GWHPACEA009968,(GWHPACEL009385,GWHPACEB009107)),GWHPACEG009706);
(GWHPACEK009008,(((GWHPACEA009968,((((GWHPACES009814,(GWHPACEE009674,GWHPACEP009163)),(GLYMA_ZH13_03G081000_1_P,GWHPACEO009762)),(GWHPACEI010028,GWHPACEX009390)),(GWHPACEM009847,(((GWHPACEC009468,GWHPACEV009202),GWHPACEU009778),GWHPACER008962)))),GWHPACEB009107),GWHPACEL009385),GWHPACEG009706);
(((((GWHPACES009814,(GWHPACEE009674,GWHPACEP009163)),(GLYMA_ZH13_03G081000_1_P,GWHPACEO009762)),(GWHPACEI010028,GWHPACEX009390)),(GWHPACEK009008,(GWHPACEM009847,(((GWHPACEC009468,GWHPACEV009202),GWHPACEU009778),GWHPACER008962)))),((GWHPACEL009385,GWHPACEB009107),GWHPACEA009968),GWHPACEG009706);
(GWHPACEB009107,((((GWHPACEK009008,((GWHPACEM009847,((GWHPACEV009202,GWHPACEU009778),GWHPACER008962)),((GWHPACEO009762,((GWHPACES009814,(GWHPACEE009674,GWHPACEP009163)),GLYMA_ZH13_03G081000_1_P)),(GWHPACEI010028,GWHPACEX009390)))),GWHPACEC009468),GWHPACEL009385),GWHPACEA009968),GWHPACEG009706);
(GWHPACEA009968,(GWHPACEB009107,(GWHPACEL009385,(GWHPACEK009008,((GWHPACEM009847,(((GWHPACEC009468,GWHPACEV009202),GWHPACEU009778),GWHPACER008962)),(((GWHPACEP009163,(GWHPACES009814,GWHPACEE009674)),(GLYMA_ZH13_03G081000_1_P,GWHPACEO009762)),(GWHPACEI010028,GWHPACEX009390)))))),GWHPACEG009706);
(GWHPACEA009968,(GWHPACEB009107,(GWHPACEL009385,(GWHPACEK009008,((GWHPACEM009847,(((GWHPACEC009468,GWHPACEV009202),GWHPACEU009778),GWHPACER008962)),(((GWHPACEP009163,(GWHPACES009814,GWHPACEE009674)),(GLYMA_ZH13_03G081000_1_P,GWHPACEO009762)),(GWHPACEI010028,GWHPACEX009390)))))),GWHPACEG009706);
((GWHPACEA009968,GWHPACEL009385),(GWHPACEB009107,(((GWHPACEC009468,((GWHPACER008962,GWHPACEU009778),GWHPACEV009202)),((GWHPACEO009762,(GLYMA_ZH13_03G081000_1_P,(GWHPACES009814,(GWHPACEE009674,GWHPACEP009163)))),(GWHPACEI010028,GWHPACEX009390))),(GWHPACEK009008,GWHPACEM009847))),GWHPACEG009706);
((GWHPACEA009968,GWHPACEL009385),(GWHPACEB009107,(((GWHPACEC009468,((GWHPACER008962,GWHPACEU009778),GWHPACEV009202)),((GWHPACEO009762,(GLYMA_ZH13_03G081000_1_P,(GWHPACES009814,(GWHPACEE009674,GWHPACEP009163)))),(GWHPACEI010028,GWHPACEX009390))),(GWHPACEK009008,GWHPACEM009847))),GWHPACEG009706);
((GWHPACEA009968,GWHPACEL009385),(GWHPACEB009107,(((GWHPACEC009468,((GWHPACER008962,GWHPACEU009778),GWHPACEV009202)),((GWHPACEO009762,(GLYMA_ZH13_03G081000_1_P,(GWHPACES009814,(GWHPACEE009674,GWHPACEP009163)))),(GWHPACEI010028,GWHPACEX009390))),(GWHPACEK009008,GWHPACEM009847))),GWHPACEG009706);
((GWHPACEA009968,GWHPACEL009385),(GWHPACEB009107,(((GWHPACEC009468,((GWHPACER008962,GWHPACEU009778),GWHPACEV009202)),((GWHPACEO009762,(GLYMA_ZH13_03G081000_1_P,(GWHPACES009814,(GWHPACEE009674,GWHPACEP009163)))),(GWHPACEI010028,GWHPACEX009390))),(GWHPACEK009008,GWHPACEM009847))),GWHPACEG009706);
((GWHPACEA009968,GWHPACEL009385),(GWHPACEB009107,(((GWHPACEC009468,((GWHPACER008962,GWHPACEU009778),GWHPACEV009202)),((GWHPACEO009762,(GLYMA_ZH13_03G081000_1_P,(GWHPACES009814,(GWHPACEE009674,GWHPACEP009163)))),(GWHPACEI010028,GWHPACEX009390))),(GWHPACEK009008,GWHPACEM009847))),GWHPACEG009706);
((GWHPACEA009968,GWHPACEL009385),(GWHPACEB009107,(((GWHPACEC009468,((GWHPACER008962,GWHPACEU009778),GWHPACEV009202)),((GWHPACEO009762,(GLYMA_ZH13_03G081000_1_P,(GWHPACES009814,(GWHPACEE009674,GWHPACEP009163)))),(GWHPACEI010028,GWHPACEX009390))),(GWHPACEK009008,GWHPACEM009847))),GWHPACEG009706);
((GWHPACEA009968,GWHPACEL009385),(GWHPACEB009107,(((GWHPACEC009468,((GWHPACER008962,GWHPACEU009778),GWHPACEV009202)),((GWHPACEO009762,(GLYMA_ZH13_03G081000_1_P,(GWHPACES009814,(GWHPACEE009674,GWHPACEP009163)))),(GWHPACEI010028,GWHPACEX009390))),(GWHPACEK009008,GWHPACEM009847))),GWHPACEG009706);
((GWHPACEA009968,GWHPACEL009385),(GWHPACEB009107,(((GWHPACEC009468,((GWHPACER008962,GWHPACEU009778),GWHPACEV009202)),((GWHPACEO009762,(GLYMA_ZH13_03G081000_1_P,(GWHPACES009814,(GWHPACEE009674,GWHPACEP009163)))),(GWHPACEI010028,GWHPACEX009390))),(GWHPACEK009008,GWHPACEM009847))),GWHPACEG009706);
((GWHPACEA009968,GWHPACEL009385),(GWHPACEB009107,(((GWHPACEC009468,((GWHPACER008962,GWHPACEU009778),GWHPACEV009202)),((GWHPACEO009762,(GLYMA_ZH13_03G081000_1_P,(GWHPACES009814,(GWHPACEE009674,GWHPACEP009163)))),(GWHPACEI010028,GWHPACEX009390))),(GWHPACEK009008,GWHPACEM009847))),GWHPACEG009706);
((GWHPACEA009968,GWHPACEL009385),(GWHPACEB009107,(((GWHPACEC009468,((GWHPACER008962,GWHPACEU009778),GWHPACEV009202)),((GWHPACEO009762,(GLYMA_ZH13_03G081000_1_P,(GWHPACES009814,(GWHPACEE009674,GWHPACEP009163)))),(GWHPACEI010028,GWHPACEX009390))),(GWHPACEK009008,GWHPACEM009847))),GWHPACEG009706);
(((GWHPACEK009008,GWHPACEM009847),(((GWHPACEX009390,GWHPACEI010028),((GWHPACEP009163,(GWHPACEE009674,GWHPACES009814)),(GWHPACEO009762,GLYMA_ZH13_03G081000_1_P))),(((GWHPACER008962,GWHPACEU009778),GWHPACEV009202),GWHPACEC009468))),((GWHPACEA009968,GWHPACEB009107),GWHPACEL009385),GWHPACEG009706);
((((GWHPACEL009385,GWHPACEB009107),((((GWHPACEX009390,GWHPACEI010028),((GWHPACEP009163,(GWHPACEE009674,GWHPACES009814)),(GWHPACEO009762,GLYMA_ZH13_03G081000_1_P))),((GWHPACER008962,GWHPACEU009778),GWHPACEV009202)),(GWHPACEK009008,GWHPACEM009847))),GWHPACEC009468),GWHPACEA009968,GWHPACEG009706);
((GWHPACEB009107,(GWHPACEA009968,(GWHPACEC009468,(((GWHPACER008962,GWHPACEU009778),GWHPACEV009202),(GWHPACEM009847,((GWHPACEX009390,GWHPACEI010028),((GWHPACEP009163,(GWHPACEE009674,GWHPACES009814)),(GWHPACEO009762,GLYMA_ZH13_03G081000_1_P)))))))),(GWHPACEK009008,GWHPACEL009385),GWHPACEG009706);
(GWHPACEL009385,(GWHPACEA009968,(GWHPACEB009107,(((GWHPACEM009847,GWHPACEK009008),((GWHPACEX009390,GWHPACEI010028),(GWHPACEO009762,(GLYMA_ZH13_03G081000_1_P,(GWHPACEP009163,(GWHPACEE009674,GWHPACES009814)))))),(GWHPACEC009468,((GWHPACER008962,GWHPACEU009778),GWHPACEV009202))))),GWHPACEG009706);
((GWHPACEK009008,((GWHPACEC009468,(GWHPACEU009778,GWHPACEV009202)),GWHPACER008962)),(GWHPACEA009968,(GWHPACEL009385,(GWHPACEB009107,(((GWHPACEX009390,GWHPACEI010028),(GWHPACEO009762,(GLYMA_ZH13_03G081000_1_P,(GWHPACEP009163,(GWHPACEE009674,GWHPACES009814))))),GWHPACEM009847)))),GWHPACEG009706);
(GWHPACEL009385,((GWHPACEA009968,((GWHPACEC009468,((GWHPACER008962,GWHPACEU009778),GWHPACEV009202)),((((GWHPACEX009390,GWHPACEI010028),(GWHPACEO009762,(GLYMA_ZH13_03G081000_1_P,(GWHPACEP009163,(GWHPACEE009674,GWHPACES009814))))),GWHPACEM009847),GWHPACEK009008))),GWHPACEB009107),GWHPACEG009706);
((((GWHPACEC009468,((GWHPACER008962,GWHPACEU009778),GWHPACEV009202)),((GWHPACEX009390,GWHPACEI010028),((GWHPACEP009163,(GWHPACEE009674,GWHPACES009814)),(GWHPACEO009762,GLYMA_ZH13_03G081000_1_P)))),(GWHPACEM009847,GWHPACEK009008)),((GWHPACEB009107,GWHPACEL009385),GWHPACEA009968),GWHPACEG009706);
((((GWHPACEC009468,((GWHPACER008962,GWHPACEU009778),GWHPACEV009202)),((GWHPACEX009390,GWHPACEI010028),((GWHPACEP009163,(GWHPACEE009674,GWHPACES009814)),(GWHPACEO009762,GLYMA_ZH13_03G081000_1_P)))),(GWHPACEM009847,GWHPACEK009008)),((GWHPACEB009107,GWHPACEL009385),GWHPACEA009968),GWHPACEG009706);
((((GWHPACEC009468,((GWHPACER008962,GWHPACEU009778),GWHPACEV009202)),((GWHPACEX009390,GWHPACEI010028),((GWHPACEP009163,(GWHPACEE009674,GWHPACES009814)),(GWHPACEO009762,GLYMA_ZH13_03G081000_1_P)))),(GWHPACEM009847,GWHPACEK009008)),((GWHPACEB009107,GWHPACEL009385),GWHPACEA009968),GWHPACEG009706);
((((GWHPACEC009468,((GWHPACER008962,GWHPACEU009778),GWHPACEV009202)),((GWHPACEX009390,GWHPACEI010028),((GWHPACEP009163,(GWHPACEE009674,GWHPACES009814)),(GWHPACEO009762,GLYMA_ZH13_03G081000_1_P)))),(GWHPACEM009847,GWHPACEK009008)),((GWHPACEB009107,GWHPACEL009385),GWHPACEA009968),GWHPACEG009706);
(((GWHPACEU009778,GWHPACEV009202),(GWHPACEB009107,(GWHPACEL009385,(((GWHPACEK009008,(GWHPACER008962,GWHPACEM009847)),((GLYMA_ZH13_03G081000_1_P,((GWHPACEE009674,(GWHPACEP009163,GWHPACES009814)),GWHPACEO009762)),(GWHPACEX009390,GWHPACEI010028))),GWHPACEA009968)))),GWHPACEC009468,GWHPACEG009706);
((GWHPACEL009385,((GWHPACEB009107,(GWHPACEM009847,(GWHPACER008962,((GWHPACEO009762,(GLYMA_ZH13_03G081000_1_P,(GWHPACEE009674,(GWHPACEP009163,GWHPACES009814)))),(GWHPACEX009390,GWHPACEI010028))))),GWHPACEA009968)),(GWHPACEK009008,(GWHPACEC009468,(GWHPACEU009778,GWHPACEV009202))),GWHPACEG009706);
(GWHPACEL009385,((GWHPACEA009968,(((GWHPACEC009468,((GWHPACER008962,GWHPACEU009778),GWHPACEV009202)),((GWHPACEO009762,(GLYMA_ZH13_03G081000_1_P,(GWHPACEP009163,(GWHPACES009814,GWHPACEE009674)))),(GWHPACEX009390,GWHPACEI010028))),(GWHPACEK009008,GWHPACEM009847))),GWHPACEB009107),GWHPACEG009706);
(GWHPACEL009385,((GWHPACEA009968,(((GWHPACEC009468,((GWHPACER008962,GWHPACEU009778),GWHPACEV009202)),((GWHPACEO009762,(GLYMA_ZH13_03G081000_1_P,(GWHPACEP009163,(GWHPACES009814,GWHPACEE009674)))),(GWHPACEX009390,GWHPACEI010028))),(GWHPACEK009008,GWHPACEM009847))),GWHPACEB009107),GWHPACEG009706);
(GWHPACEL009385,((GWHPACEA009968,(((GWHPACEC009468,((GWHPACER008962,GWHPACEU009778),GWHPACEV009202)),((GWHPACEO009762,(GLYMA_ZH13_03G081000_1_P,(GWHPACEP009163,(GWHPACES009814,GWHPACEE009674)))),(GWHPACEX009390,GWHPACEI010028))),(GWHPACEK009008,GWHPACEM009847))),GWHPACEB009107),GWHPACEG009706);
((GWHPACEA009968,(GWHPACEL009385,GWHPACEK009008)),(((GWHPACEM009847,((GWHPACEO009762,(GLYMA_ZH13_03G081000_1_P,(GWHPACES009814,(GWHPACEE009674,GWHPACEP009163)))),(GWHPACEX009390,GWHPACEI010028))),(GWHPACEC009468,((GWHPACER008962,GWHPACEU009778),GWHPACEV009202))),GWHPACEB009107),GWHPACEG009706);
(((GWHPACEL009385,(((GWHPACEO009762,(GLYMA_ZH13_03G081000_1_P,(GWHPACEE009674,(GWHPACEP009163,GWHPACES009814)))),(GWHPACEX009390,GWHPACEI010028)),(GWHPACEC009468,((GWHPACER008962,GWHPACEU009778),GWHPACEV009202)))),(GWHPACEM009847,GWHPACEK009008)),(GWHPACEB009107,GWHPACEA009968),GWHPACEG009706);
(((GWHPACEL009385,(((GWHPACEO009762,(GLYMA_ZH13_03G081000_1_P,(GWHPACEE009674,(GWHPACEP009163,GWHPACES009814)))),(GWHPACEX009390,GWHPACEI010028)),(GWHPACEC009468,((GWHPACER008962,GWHPACEU009778),GWHPACEV009202)))),(GWHPACEM009847,GWHPACEK009008)),(GWHPACEB009107,GWHPACEA009968),GWHPACEG009706);
(((GWHPACEL009385,(((GWHPACEO009762,(GLYMA_ZH13_03G081000_1_P,(GWHPACEE009674,(GWHPACEP009163,GWHPACES009814)))),(GWHPACEX009390,GWHPACEI010028)),(GWHPACEC009468,((GWHPACER008962,GWHPACEU009778),GWHPACEV009202)))),(GWHPACEM009847,GWHPACEK009008)),(GWHPACEB009107,GWHPACEA009968),GWHPACEG009706);
(GWHPACEK009008,(GWHPACEA009968,(GWHPACEL009385,(GWHPACEB009107,((GWHPACEC009468,((GWHPACER008962,GWHPACEU009778),GWHPACEV009202)),(GWHPACEM009847,((GWHPACEX009390,GWHPACEI010028),(GWHPACEO009762,(GLYMA_ZH13_03G081000_1_P,(GWHPACEE009674,(GWHPACEP009163,GWHPACES009814)))))))))),GWHPACEG009706);
(((GWHPACEM009847,GWHPACEK009008),(((GLYMA_ZH13_03G081000_1_P,((GWHPACEE009674,(GWHPACEP009163,GWHPACES009814)),GWHPACEO009762)),(GWHPACEX009390,GWHPACEI010028)),(GWHPACEC009468,(GWHPACEV009202,(GWHPACER008962,GWHPACEU009778))))),(GWHPACEB009107,(GWHPACEA009968,GWHPACEL009385)),GWHPACEG009706);
(((GWHPACEM009847,GWHPACEK009008),(((GLYMA_ZH13_03G081000_1_P,((GWHPACEE009674,(GWHPACEP009163,GWHPACES009814)),GWHPACEO009762)),(GWHPACEX009390,GWHPACEI010028)),(GWHPACEC009468,(GWHPACEV009202,(GWHPACER008962,GWHPACEU009778))))),(GWHPACEB009107,(GWHPACEA009968,GWHPACEL009385)),GWHPACEG009706);
(((GWHPACEM009847,GWHPACEK009008),(((GLYMA_ZH13_03G081000_1_P,((GWHPACEE009674,(GWHPACEP009163,GWHPACES009814)),GWHPACEO009762)),(GWHPACEX009390,GWHPACEI010028)),(GWHPACEC009468,(GWHPACEV009202,(GWHPACER008962,GWHPACEU009778))))),(GWHPACEB009107,(GWHPACEA009968,GWHPACEL009385)),GWHPACEG009706);
(((GWHPACEM009847,GWHPACEK009008),(((GLYMA_ZH13_03G081000_1_P,((GWHPACEE009674,(GWHPACEP009163,GWHPACES009814)),GWHPACEO009762)),(GWHPACEX009390,GWHPACEI010028)),(GWHPACEC009468,(GWHPACEV009202,(GWHPACER008962,GWHPACEU009778))))),(GWHPACEB009107,(GWHPACEA009968,GWHPACEL009385)),GWHPACEG009706);
(((GWHPACEM009847,GWHPACEK009008),((((GWHPACEP009163,(GWHPACES009814,GWHPACEE009674)),(GWHPACEO009762,GLYMA_ZH13_03G081000_1_P)),(GWHPACEX009390,GWHPACEI010028)),(GWHPACEC009468,(GWHPACEV009202,(GWHPACER008962,GWHPACEU009778))))),(GWHPACEB009107,(GWHPACEA009968,GWHPACEL009385)),GWHPACEG009706);
(((GWHPACEM009847,GWHPACEK009008),((((GWHPACEP009163,(GWHPACES009814,GWHPACEE009674)),(GWHPACEO009762,GLYMA_ZH13_03G081000_1_P)),(GWHPACEX009390,GWHPACEI010028)),(GWHPACEC009468,(GWHPACEV009202,(GWHPACER008962,GWHPACEU009778))))),(GWHPACEB009107,(GWHPACEA009968,GWHPACEL009385)),GWHPACEG009706);
((GWHPACEA009968,GWHPACEK009008),((GWHPACEB009107,((GWHPACEC009468,(GWHPACEV009202,(GWHPACER008962,GWHPACEU009778))),(GWHPACEM009847,((GWHPACEO009762,(GLYMA_ZH13_03G081000_1_P,(GWHPACEP009163,(GWHPACES009814,GWHPACEE009674)))),(GWHPACEX009390,GWHPACEI010028))))),GWHPACEL009385),GWHPACEG009706);
((GWHPACEB009107,(((GWHPACEC009468,(GWHPACEV009202,(GWHPACER008962,GWHPACEU009778))),((GWHPACEO009762,(GLYMA_ZH13_03G081000_1_P,(GWHPACEP009163,(GWHPACES009814,GWHPACEE009674)))),(GWHPACEX009390,GWHPACEI010028))),(GWHPACEM009847,GWHPACEK009008))),(GWHPACEA009968,GWHPACEL009385),GWHPACEG009706);
((GWHPACEB009107,(((GWHPACEC009468,(GWHPACEV009202,(GWHPACER008962,GWHPACEU009778))),((GWHPACEO009762,(GLYMA_ZH13_03G081000_1_P,(GWHPACEP009163,(GWHPACES009814,GWHPACEE009674)))),(GWHPACEX009390,GWHPACEI010028))),(GWHPACEM009847,GWHPACEK009008))),(GWHPACEA009968,GWHPACEL009385),GWHPACEG009706);
(GWHPACEA009968,((GWHPACEV009202,(GWHPACER008962,GWHPACEU009778)),((GWHPACEM009847,((GWHPACEO009762,(GLYMA_ZH13_03G081000_1_P,(GWHPACEP009163,(GWHPACES009814,GWHPACEE009674)))),(GWHPACEX009390,GWHPACEI010028))),(((GWHPACEB009107,GWHPACEC009468),GWHPACEL009385),GWHPACEK009008))),GWHPACEG009706);
(((GWHPACEB009107,(((GWHPACEI010028,GWHPACEX009390),(GWHPACEO009762,((GWHPACES009814,(GWHPACEE009674,GWHPACEP009163)),GLYMA_ZH13_03G081000_1_P))),((GWHPACEC009468,((GWHPACER008962,GWHPACEU009778),GWHPACEV009202)),(GWHPACEK009008,GWHPACEM009847)))),GWHPACEL009385),GWHPACEA009968,GWHPACEG009706);
(((GWHPACEB009107,(GWHPACEC009468,((((GWHPACEI010028,GWHPACEX009390),(GWHPACEO009762,((GWHPACES009814,(GWHPACEE009674,GWHPACEP009163)),GLYMA_ZH13_03G081000_1_P))),((GWHPACER008962,GWHPACEU009778),GWHPACEV009202)),(GWHPACEK009008,GWHPACEM009847)))),GWHPACEL009385),GWHPACEA009968,GWHPACEG009706);
(((GWHPACEB009107,(GWHPACEC009468,((((GWHPACEI010028,GWHPACEX009390),(GWHPACEO009762,((GWHPACES009814,(GWHPACEE009674,GWHPACEP009163)),GLYMA_ZH13_03G081000_1_P))),((GWHPACER008962,GWHPACEU009778),GWHPACEV009202)),(GWHPACEK009008,GWHPACEM009847)))),GWHPACEL009385),GWHPACEA009968,GWHPACEG009706);
((GWHPACEL009385,(GWHPACEB009107,(GWHPACEM009847,(GWHPACER008962,((GWHPACEI010028,GWHPACEX009390),(GWHPACEO009762,((GWHPACEE009674,(GWHPACEP009163,GWHPACES009814)),GLYMA_ZH13_03G081000_1_P))))))),(GWHPACEA009968,(GWHPACEK009008,(GWHPACEC009468,(GWHPACEU009778,GWHPACEV009202)))),GWHPACEG009706);
((((GWHPACEB009107,((((GWHPACEI010028,GWHPACEX009390),(GWHPACEO009762,((GWHPACEP009163,(GWHPACES009814,GWHPACEE009674)),GLYMA_ZH13_03G081000_1_P))),GWHPACEM009847),(GWHPACEC009468,((GWHPACER008962,GWHPACEU009778),GWHPACEV009202)))),GWHPACEA009968),GWHPACEL009385),GWHPACEK009008,GWHPACEG009706);
((GWHPACEL009385,((((GWHPACEM009847,GWHPACEK009008),(((GWHPACER008962,GWHPACEU009778),GWHPACEV009202),((GWHPACEI010028,GWHPACEX009390),((GWHPACEP009163,(GWHPACES009814,GWHPACEE009674)),(GLYMA_ZH13_03G081000_1_P,GWHPACEO009762))))),GWHPACEC009468),GWHPACEB009107)),GWHPACEA009968,GWHPACEG009706);
((GWHPACEL009385,((((GWHPACEM009847,GWHPACEK009008),(((GWHPACER008962,GWHPACEU009778),GWHPACEV009202),((GWHPACEI010028,GWHPACEX009390),((GWHPACEP009163,(GWHPACES009814,GWHPACEE009674)),(GLYMA_ZH13_03G081000_1_P,GWHPACEO009762))))),GWHPACEC009468),GWHPACEB009107)),GWHPACEA009968,GWHPACEG009706);
((GWHPACEA009968,GWHPACEL009385),(GWHPACEB009107,((GWHPACEM009847,GWHPACEK009008),((GWHPACEC009468,((GWHPACER008962,GWHPACEU009778),GWHPACEV009202)),((GWHPACEI010028,GWHPACEX009390),(GWHPACEO009762,((GWHPACEP009163,(GWHPACES009814,GWHPACEE009674)),GLYMA_ZH13_03G081000_1_P)))))),GWHPACEG009706);
((GWHPACEA009968,GWHPACEL009385),(GWHPACEB009107,((GWHPACEM009847,GWHPACEK009008),((GWHPACEC009468,((GWHPACER008962,GWHPACEU009778),GWHPACEV009202)),((GWHPACEI010028,GWHPACEX009390),(GWHPACEO009762,((GWHPACEP009163,(GWHPACES009814,GWHPACEE009674)),GLYMA_ZH13_03G081000_1_P)))))),GWHPACEG009706);
((GWHPACEA009968,GWHPACEL009385),(GWHPACEB009107,((GWHPACEM009847,GWHPACEK009008),((GWHPACEC009468,((GWHPACER008962,GWHPACEU009778),GWHPACEV009202)),((GWHPACEI010028,GWHPACEX009390),(GWHPACEO009762,((GWHPACEP009163,(GWHPACES009814,GWHPACEE009674)),GLYMA_ZH13_03G081000_1_P)))))),GWHPACEG009706);
((GWHPACEA009968,(GWHPACEL009385,(((GLYMA_ZH13_03G081000_1_P,(GWHPACEO009762,(GWHPACEE009674,(GWHPACES009814,GWHPACEP009163)))),(GWHPACEI010028,GWHPACEX009390)),(GWHPACEK009008,(GWHPACEM009847,(GWHPACER008962,(GWHPACEU009778,(GWHPACEC009468,GWHPACEV009202)))))))),GWHPACEB009107,GWHPACEG009706);
(((GWHPACEM009847,((GWHPACER008962,(GWHPACEU009778,GWHPACEV009202)),((GLYMA_ZH13_03G081000_1_P,(GWHPACEO009762,(GWHPACEE009674,(GWHPACES009814,GWHPACEP009163)))),(GWHPACEI010028,GWHPACEX009390)))),GWHPACEL009385),((GWHPACEB009107,(GWHPACEC009468,GWHPACEK009008)),GWHPACEA009968),GWHPACEG009706);
(GWHPACEB009107,(((((GWHPACEC009468,GWHPACEV009202),(GWHPACER008962,GWHPACEU009778)),((GWHPACEO009762,((GWHPACEE009674,(GWHPACES009814,GWHPACEP009163)),GLYMA_ZH13_03G081000_1_P)),(GWHPACEI010028,GWHPACEX009390))),((GWHPACEM009847,GWHPACEK009008),GWHPACEL009385)),GWHPACEA009968),GWHPACEG009706);
((GWHPACEK009008,GWHPACEA009968),(GWHPACEB009107,(GWHPACEL009385,(((GWHPACEV009202,(GWHPACER008962,GWHPACEU009778)),GWHPACEC009468),(GWHPACEM009847,((GWHPACEO009762,((GWHPACES009814,(GWHPACEP009163,GWHPACEE009674)),GLYMA_ZH13_03G081000_1_P)),(GWHPACEI010028,GWHPACEX009390)))))),GWHPACEG009706);
((GWHPACEK009008,GWHPACEA009968),(GWHPACEB009107,(GWHPACEL009385,(((GWHPACEV009202,(GWHPACER008962,GWHPACEU009778)),GWHPACEC009468),(GWHPACEM009847,((GWHPACEO009762,((GWHPACES009814,(GWHPACEP009163,GWHPACEE009674)),GLYMA_ZH13_03G081000_1_P)),(GWHPACEI010028,GWHPACEX009390)))))),GWHPACEG009706);
((GWHPACEK009008,GWHPACEA009968),(GWHPACEB009107,(GWHPACEL009385,(((GWHPACEV009202,(GWHPACER008962,GWHPACEU009778)),GWHPACEC009468),(GWHPACEM009847,((GWHPACEO009762,((GWHPACES009814,(GWHPACEP009163,GWHPACEE009674)),GLYMA_ZH13_03G081000_1_P)),(GWHPACEI010028,GWHPACEX009390)))))),GWHPACEG009706);
(GWHPACEL009385,((((GWHPACEV009202,(GWHPACER008962,GWHPACEU009778)),GWHPACEC009468),((GWHPACEM009847,GWHPACEK009008),((GWHPACEO009762,((GWHPACES009814,(GWHPACEP009163,GWHPACEE009674)),GLYMA_ZH13_03G081000_1_P)),(GWHPACEI010028,GWHPACEX009390)))),(GWHPACEA009968,GWHPACEB009107)),GWHPACEG009706);
(GWHPACEL009385,((((GWHPACEV009202,(GWHPACER008962,GWHPACEU009778)),GWHPACEC009468),((GWHPACEM009847,GWHPACEK009008),((GWHPACEO009762,((GWHPACES009814,(GWHPACEP009163,GWHPACEE009674)),GLYMA_ZH13_03G081000_1_P)),(GWHPACEI010028,GWHPACEX009390)))),(GWHPACEA009968,GWHPACEB009107)),GWHPACEG009706);
(GWHPACEL009385,((((GWHPACEV009202,(GWHPACER008962,GWHPACEU009778)),GWHPACEC009468),((GWHPACEM009847,GWHPACEK009008),((GWHPACEO009762,((GWHPACES009814,(GWHPACEP009163,GWHPACEE009674)),GLYMA_ZH13_03G081000_1_P)),(GWHPACEI010028,GWHPACEX009390)))),(GWHPACEA009968,GWHPACEB009107)),GWHPACEG009706);
((GWHPACEL009385,((GWHPACEC009468,((GWHPACEM009847,GWHPACEK009008),((GWHPACEV009202,(GWHPACER008962,GWHPACEU009778)),((GWHPACEO009762,(GWHPACES009814,((GLYMA_ZH13_03G081000_1_P,GWHPACEP009163),GWHPACEE009674))),(GWHPACEI010028,GWHPACEX009390))))),GWHPACEA009968)),GWHPACEB009107,GWHPACEG009706);
