

IMPORTANT WARNING: Sequences GWHPACEU024245 and GWHPACEA024593 are exactly identical


IMPORTANT WARNING: Sequences GWHPACEU024245 and GWHPACEK021883 are exactly identical


IMPORTANT WARNING: Sequences GWHPACER022381 and GWHPACEV022457 are exactly identical


IMPORTANT WARNING: Sequences GWHPACER022381 and GWHPACET024491 are exactly identical


IMPORTANT WARNING: Sequences GWHPACER022381 and GLYMA_06G268600_1 are exactly identical


IMPORTANT WARNING: Sequences GWHPACEU084555 and GLYMA_ZH13_06G246900_1_P are exactly identical


IMPORTANT WARNING: Sequences GWHPACED023143 and GWHPACEW024016 are exactly identical


IMPORTANT WARNING: Sequences GWHPACED023143 and GWHPACEX022769 are exactly identical


IMPORTANT WARNING: Sequences GWHPACED023143 and GWHPACEI024928 are exactly identical


IMPORTANT WARNING: Sequences GWHPACED023143 and GWHPACEG024048 are exactly identical


IMPORTANT WARNING: Sequences GWHPACED023143 and GWHPACEJ086433 are exactly identical


IMPORTANT WARNING: Sequences GWHPACED023143 and GWHPACEL023154 are exactly identical


IMPORTANT WARNING: Sequences GWHPACES024272 and GWHPACEM024162 are exactly identical


IMPORTANT WARNING: Sequences GWHPACES024272 and GWHPACEQ022787 are exactly identical


IMPORTANT WARNING: Sequences GWHPACEW024002 and GWHPACER022371 are exactly identical


IMPORTANT WARNING: Sequences GWHPACEW024002 and GWHPACEV022446 are exactly identical


IMPORTANT WARNING: Sequences GWHPACEW024002 and GWHPACEF022448 are exactly identical


IMPORTANT WARNING: Sequences GWHPACEW024002 and GWHPACET024478 are exactly identical


IMPORTANT WARNING: Sequences GWHPACEW024002 and GWHPACEI024915 are exactly identical


IMPORTANT WARNING: Sequences GWHPACEW024002 and GWHPACEX022759 are exactly identical


IMPORTANT WARNING: Sequences GWHPACEW024002 and GWHPACED023129 are exactly identical


IMPORTANT WARNING: Sequences GWHPACEW024002 and GLYMA_06G267300_1 are exactly identical


IMPORTANT WARNING: Sequences GWHPACEW024002 and GWHPACEU024234 are exactly identical


IMPORTANT WARNING: Sequences GWHPACEW024002 and GWHPACEK021868 are exactly identical


IMPORTANT WARNING: Sequences GWHPACEW024002 and W05_GLYSO_06G015913_1_P are exactly identical


IMPORTANT WARNING: Sequences GWHPACEH024143 and GWHPACEJ024891 are exactly identical


IMPORTANT WARNING: Sequences GWHPACEH024143 and GLYMA_ZH13_06G246600_1_P are exactly identical


IMPORTANT WARNING: Sequences GWHPACEL023138 and GWHPACEG024030 are exactly identical


IMPORTANT WARNING: Sequences GWHPACEL023138 and GWHPACEA024574 are exactly identical


IMPORTANT WARNING: Sequences GWHPACEJ024899 and GWHPACEH024149 are exactly identical


IMPORTANT WARNING: Sequences GWHPACEJ024899 and GWHPACEE024079 are exactly identical

IMPORTANT WARNING
Found 31 sequences that are exactly identical to other sequences in the alignment.
Normally they should be excluded from the analysis.

Just in case you might need it, an alignment file with 
sequence duplicates removed is printed to file ../../RAxML_tree_pbNB-ARC/Clade_Refinement_1/Int11890_361_405_L_52.afa.reduced


This is RAxML version 8.2.12 released by Alexandros Stamatakis on May 2018.

With greatly appreciated code contributions by:
Andre Aberer      (HITS)
Simon Berger      (HITS)
Alexey Kozlov     (HITS)
Kassian Kobert    (HITS)
David Dao         (KIT and HITS)
Sarah Lutteropp   (KIT and HITS)
Nick Pattengale   (Sandia)
Wayne Pfeiffer    (SDSC)
Akifumi S. Tanabe (NRIFS)
Charlie Taylor    (UF)


Alignment has 327 distinct alignment patterns

Proportion of gaps and completely undetermined characters in this alignment: 11.51%

RAxML rapid bootstrapping and subsequent ML search

Using 1 distinct models/data partitions with joint branch length optimization



Executing 100 rapid bootstrap inferences and thereafter a thorough ML search 

All free model parameters will be estimated by RAxML
ML estimate of 25 per site rate categories

Likelihood of final tree will be evaluated and optimized under GAMMA

GAMMA Model parameters will be estimated up to an accuracy of 0.1000000000 Log Likelihood units

Partition: 0
Alignment Patterns: 327
Name: No Name Provided
DataType: AA
Substitution Matrix: JTT
Using fixed base frequencies




RAxML was called as follows:

/Users/prigozhin/Installers/standard-RAxML/raxmlHPC-PTHREADS-AVX -T 4 -n Int11890_361_405_L_52.Raxml.out -f a -x 12345 -p 12345 -# 100 -m PROTCATJTT -s ../../RAxML_tree_pbNB-ARC/Clade_Refinement_1/Int11890_361_405_L_52.afa 



Time for BS model parameter optimization 0.281743
Bootstrap[0]: Time 2.274868 seconds, bootstrap likelihood -3663.783225, best rearrangement setting 13
Bootstrap[1]: Time 0.871922 seconds, bootstrap likelihood -3633.478654, best rearrangement setting 13
Bootstrap[2]: Time 0.857079 seconds, bootstrap likelihood -3686.875003, best rearrangement setting 12
Bootstrap[3]: Time 0.950463 seconds, bootstrap likelihood -3523.229535, best rearrangement setting 15
Bootstrap[4]: Time 1.691842 seconds, bootstrap likelihood -3746.383699, best rearrangement setting 10
Bootstrap[5]: Time 2.249134 seconds, bootstrap likelihood -3558.917506, best rearrangement setting 10
Bootstrap[6]: Time 2.146028 seconds, bootstrap likelihood -3590.174640, best rearrangement setting 6
Bootstrap[7]: Time 1.268982 seconds, bootstrap likelihood -3724.735275, best rearrangement setting 14
Bootstrap[8]: Time 0.785960 seconds, bootstrap likelihood -3792.764773, best rearrangement setting 5
Bootstrap[9]: Time 1.261562 seconds, bootstrap likelihood -3581.933610, best rearrangement setting 7
Bootstrap[10]: Time 1.804750 seconds, bootstrap likelihood -3750.594980, best rearrangement setting 7
Bootstrap[11]: Time 1.675721 seconds, bootstrap likelihood -3689.044116, best rearrangement setting 5
Bootstrap[12]: Time 1.887103 seconds, bootstrap likelihood -3553.129203, best rearrangement setting 8
Bootstrap[13]: Time 1.196540 seconds, bootstrap likelihood -3817.189811, best rearrangement setting 7
Bootstrap[14]: Time 1.871587 seconds, bootstrap likelihood -3436.013505, best rearrangement setting 12
Bootstrap[15]: Time 2.337217 seconds, bootstrap likelihood -3817.080771, best rearrangement setting 15
Bootstrap[16]: Time 1.935739 seconds, bootstrap likelihood -3619.928529, best rearrangement setting 12
Bootstrap[17]: Time 2.136556 seconds, bootstrap likelihood -3639.309400, best rearrangement setting 12
Bootstrap[18]: Time 1.710403 seconds, bootstrap likelihood -3865.513230, best rearrangement setting 5
Bootstrap[19]: Time 1.770473 seconds, bootstrap likelihood -3719.408813, best rearrangement setting 8
Bootstrap[20]: Time 1.836966 seconds, bootstrap likelihood -3571.321406, best rearrangement setting 10
Bootstrap[21]: Time 1.830376 seconds, bootstrap likelihood -3462.857669, best rearrangement setting 6
Bootstrap[22]: Time 1.622055 seconds, bootstrap likelihood -3805.973776, best rearrangement setting 5
Bootstrap[23]: Time 1.302216 seconds, bootstrap likelihood -3511.138493, best rearrangement setting 7
Bootstrap[24]: Time 1.366070 seconds, bootstrap likelihood -3777.915638, best rearrangement setting 8
Bootstrap[25]: Time 1.963216 seconds, bootstrap likelihood -3656.897637, best rearrangement setting 6
Bootstrap[26]: Time 0.948581 seconds, bootstrap likelihood -3623.283644, best rearrangement setting 12
Bootstrap[27]: Time 2.278291 seconds, bootstrap likelihood -3770.009761, best rearrangement setting 10
Bootstrap[28]: Time 1.964886 seconds, bootstrap likelihood -3571.012196, best rearrangement setting 11
Bootstrap[29]: Time 2.014090 seconds, bootstrap likelihood -3661.291075, best rearrangement setting 12
Bootstrap[30]: Time 2.072344 seconds, bootstrap likelihood -3760.477816, best rearrangement setting 15
Bootstrap[31]: Time 2.272763 seconds, bootstrap likelihood -3652.236765, best rearrangement setting 15
Bootstrap[32]: Time 2.220957 seconds, bootstrap likelihood -3533.731097, best rearrangement setting 6
Bootstrap[33]: Time 1.991253 seconds, bootstrap likelihood -3589.403072, best rearrangement setting 15
Bootstrap[34]: Time 1.897830 seconds, bootstrap likelihood -3673.633413, best rearrangement setting 11
Bootstrap[35]: Time 2.803936 seconds, bootstrap likelihood -3562.580398, best rearrangement setting 8
Bootstrap[36]: Time 2.264102 seconds, bootstrap likelihood -3783.741809, best rearrangement setting 9
Bootstrap[37]: Time 2.624204 seconds, bootstrap likelihood -3619.727410, best rearrangement setting 11
Bootstrap[38]: Time 2.012185 seconds, bootstrap likelihood -3681.047669, best rearrangement setting 8
Bootstrap[39]: Time 1.843946 seconds, bootstrap likelihood -3677.225049, best rearrangement setting 13
Bootstrap[40]: Time 0.877351 seconds, bootstrap likelihood -3766.716621, best rearrangement setting 13
Bootstrap[41]: Time 2.010289 seconds, bootstrap likelihood -3588.100468, best rearrangement setting 10
Bootstrap[42]: Time 1.830714 seconds, bootstrap likelihood -3683.950921, best rearrangement setting 5
Bootstrap[43]: Time 2.128291 seconds, bootstrap likelihood -3714.706430, best rearrangement setting 14
Bootstrap[44]: Time 2.324671 seconds, bootstrap likelihood -3754.186555, best rearrangement setting 10
Bootstrap[45]: Time 2.624638 seconds, bootstrap likelihood -3698.106346, best rearrangement setting 15
Bootstrap[46]: Time 2.186205 seconds, bootstrap likelihood -3642.588682, best rearrangement setting 14
Bootstrap[47]: Time 2.328858 seconds, bootstrap likelihood -3640.712634, best rearrangement setting 8
Bootstrap[48]: Time 1.293042 seconds, bootstrap likelihood -3703.193402, best rearrangement setting 6
Bootstrap[49]: Time 1.287807 seconds, bootstrap likelihood -3862.526131, best rearrangement setting 7
Bootstrap[50]: Time 1.977884 seconds, bootstrap likelihood -3768.057553, best rearrangement setting 7
Bootstrap[51]: Time 1.989303 seconds, bootstrap likelihood -3729.372151, best rearrangement setting 11
Bootstrap[52]: Time 2.067903 seconds, bootstrap likelihood -3778.607499, best rearrangement setting 12
Bootstrap[53]: Time 1.759569 seconds, bootstrap likelihood -3721.887821, best rearrangement setting 8
Bootstrap[54]: Time 2.314918 seconds, bootstrap likelihood -3648.133974, best rearrangement setting 9
Bootstrap[55]: Time 2.408055 seconds, bootstrap likelihood -3651.280408, best rearrangement setting 11
Bootstrap[56]: Time 2.018916 seconds, bootstrap likelihood -3676.504830, best rearrangement setting 5
Bootstrap[57]: Time 2.089331 seconds, bootstrap likelihood -3493.571701, best rearrangement setting 7
Bootstrap[58]: Time 2.739563 seconds, bootstrap likelihood -3777.248017, best rearrangement setting 10
Bootstrap[59]: Time 1.878406 seconds, bootstrap likelihood -3619.681674, best rearrangement setting 9
Bootstrap[60]: Time 1.810752 seconds, bootstrap likelihood -3698.224883, best rearrangement setting 7
Bootstrap[61]: Time 1.670927 seconds, bootstrap likelihood -3719.558285, best rearrangement setting 5
Bootstrap[62]: Time 1.199604 seconds, bootstrap likelihood -3553.898781, best rearrangement setting 11
Bootstrap[63]: Time 1.961707 seconds, bootstrap likelihood -3574.281226, best rearrangement setting 12
Bootstrap[64]: Time 2.024093 seconds, bootstrap likelihood -3782.394986, best rearrangement setting 7
Bootstrap[65]: Time 2.045194 seconds, bootstrap likelihood -3752.422717, best rearrangement setting 5
Bootstrap[66]: Time 0.811098 seconds, bootstrap likelihood -3639.143986, best rearrangement setting 5
Bootstrap[67]: Time 1.130366 seconds, bootstrap likelihood -3678.624906, best rearrangement setting 15
Bootstrap[68]: Time 2.411189 seconds, bootstrap likelihood -3513.131591, best rearrangement setting 11
Bootstrap[69]: Time 0.859560 seconds, bootstrap likelihood -3670.316962, best rearrangement setting 5
Bootstrap[70]: Time 2.087188 seconds, bootstrap likelihood -3607.620194, best rearrangement setting 8
Bootstrap[71]: Time 1.948643 seconds, bootstrap likelihood -3579.904684, best rearrangement setting 10
Bootstrap[72]: Time 2.316112 seconds, bootstrap likelihood -3694.076639, best rearrangement setting 11
Bootstrap[73]: Time 2.628520 seconds, bootstrap likelihood -3492.861035, best rearrangement setting 9
Bootstrap[74]: Time 1.845643 seconds, bootstrap likelihood -3928.678934, best rearrangement setting 5
Bootstrap[75]: Time 1.950619 seconds, bootstrap likelihood -3745.089950, best rearrangement setting 8
Bootstrap[76]: Time 1.964566 seconds, bootstrap likelihood -3697.404061, best rearrangement setting 9
Bootstrap[77]: Time 0.869667 seconds, bootstrap likelihood -3766.590716, best rearrangement setting 11
Bootstrap[78]: Time 1.979066 seconds, bootstrap likelihood -3849.049918, best rearrangement setting 15
Bootstrap[79]: Time 1.429791 seconds, bootstrap likelihood -3711.878361, best rearrangement setting 9
Bootstrap[80]: Time 1.858661 seconds, bootstrap likelihood -3463.008377, best rearrangement setting 15
Bootstrap[81]: Time 1.808379 seconds, bootstrap likelihood -3739.648273, best rearrangement setting 7
Bootstrap[82]: Time 2.181268 seconds, bootstrap likelihood -3704.672971, best rearrangement setting 6
Bootstrap[83]: Time 2.215317 seconds, bootstrap likelihood -3740.240046, best rearrangement setting 10
Bootstrap[84]: Time 2.370492 seconds, bootstrap likelihood -3642.868582, best rearrangement setting 11
Bootstrap[85]: Time 2.231095 seconds, bootstrap likelihood -3475.460118, best rearrangement setting 8
Bootstrap[86]: Time 2.638620 seconds, bootstrap likelihood -3644.309536, best rearrangement setting 7
Bootstrap[87]: Time 2.109388 seconds, bootstrap likelihood -4001.632314, best rearrangement setting 7
Bootstrap[88]: Time 1.978462 seconds, bootstrap likelihood -3565.428962, best rearrangement setting 12
Bootstrap[89]: Time 2.213238 seconds, bootstrap likelihood -3704.404121, best rearrangement setting 10
Bootstrap[90]: Time 1.714853 seconds, bootstrap likelihood -3514.922486, best rearrangement setting 8
Bootstrap[91]: Time 1.977478 seconds, bootstrap likelihood -3673.829367, best rearrangement setting 12
Bootstrap[92]: Time 2.103043 seconds, bootstrap likelihood -3630.980501, best rearrangement setting 13
Bootstrap[93]: Time 0.920282 seconds, bootstrap likelihood -3657.145561, best rearrangement setting 15
Bootstrap[94]: Time 1.432122 seconds, bootstrap likelihood -3592.116443, best rearrangement setting 5
Bootstrap[95]: Time 1.189492 seconds, bootstrap likelihood -3717.697786, best rearrangement setting 5
Bootstrap[96]: Time 0.928058 seconds, bootstrap likelihood -3751.645244, best rearrangement setting 13
Bootstrap[97]: Time 2.183769 seconds, bootstrap likelihood -3659.177901, best rearrangement setting 11
Bootstrap[98]: Time 1.998346 seconds, bootstrap likelihood -3663.252952, best rearrangement setting 6
Bootstrap[99]: Time 2.369685 seconds, bootstrap likelihood -3860.690382, best rearrangement setting 14


Overall Time for 100 Rapid Bootstraps 185.376521 seconds
Average Time per Rapid Bootstrap 1.853765 seconds

Starting ML Search ...

Fast ML optimization finished

Fast ML search Time: 70.409202 seconds

Slow ML Search 0 Likelihood: -4109.753811
Slow ML Search 1 Likelihood: -4109.753814
Slow ML Search 2 Likelihood: -4109.753812
Slow ML Search 3 Likelihood: -4109.753812
Slow ML Search 4 Likelihood: -4109.753822
Slow ML Search 5 Likelihood: -4109.753892
Slow ML Search 6 Likelihood: -4109.753948
Slow ML Search 7 Likelihood: -4109.754010
Slow ML Search 8 Likelihood: -4109.754026
Slow ML Search 9 Likelihood: -4109.753997
Slow ML optimization finished

Slow ML search Time: 41.965221 seconds
Thorough ML search Time: 7.452631 seconds

Final ML Optimization Likelihood: -4109.754240

Model Information:

Model Parameters of Partition 0, Name: No Name Provided, Type of Data: AA
alpha: 0.354469
Tree-Length: 0.640448
rate A <-> R: 0.603538
rate A <-> N: 0.561915
rate A <-> D: 0.842872
rate A <-> C: 0.582726
rate A <-> Q: 0.593132
rate A <-> E: 1.092612
rate A <-> G: 1.862643
rate A <-> H: 0.280957
rate A <-> I: 0.374610
rate A <-> L: 0.312175
rate A <-> K: 0.364204
rate A <-> M: 0.561915
rate A <-> F: 0.156087
rate A <-> P: 2.018730
rate A <-> S: 3.933403
rate A <-> T: 4.942768
rate A <-> W: 0.093652
rate A <-> Y: 0.114464
rate A <-> V: 3.100937
rate R <-> N: 0.468262
rate R <-> D: 0.166493
rate R <-> C: 1.175858
rate R <-> Q: 3.225806
rate R <-> E: 0.301769
rate R <-> G: 1.425598
rate R <-> H: 3.413111
rate R <-> I: 0.228928
rate R <-> L: 0.395421
rate R <-> K: 6.722164
rate R <-> M: 0.457856
rate R <-> F: 0.052029
rate R <-> P: 0.770031
rate R <-> S: 1.050989
rate R <-> T: 0.665973
rate R <-> W: 1.311134
rate R <-> Y: 0.208117
rate R <-> V: 0.176899
rate N <-> D: 5.494277
rate N <-> C: 0.353798
rate N <-> Q: 0.894901
rate N <-> E: 0.603538
rate N <-> G: 0.842872
rate N <-> H: 4.068678
rate N <-> I: 0.489074
rate N <-> L: 0.124870
rate N <-> K: 2.736733
rate N <-> M: 0.312175
rate N <-> F: 0.104058
rate N <-> P: 0.156087
rate N <-> S: 5.234131
rate N <-> T: 2.414152
rate N <-> W: 0.083247
rate N <-> Y: 0.728408
rate N <-> V: 0.166493
rate D <-> C: 0.104058
rate D <-> Q: 0.509886
rate D <-> E: 7.981270
rate D <-> G: 1.352758
rate D <-> H: 1.165453
rate D <-> I: 0.114464
rate D <-> L: 0.072841
rate D <-> K: 0.270552
rate D <-> M: 0.156087
rate D <-> F: 0.041623
rate D <-> P: 0.156087
rate D <-> S: 0.613944
rate D <-> T: 0.395421
rate D <-> W: 0.041623
rate D <-> Y: 0.478668
rate D <-> V: 0.322581
rate C <-> Q: 0.093652
rate C <-> E: 0.052029
rate C <-> G: 0.613944
rate C <-> H: 0.718002
rate C <-> I: 0.176899
rate C <-> L: 0.239334
rate C <-> K: 0.072841
rate C <-> M: 0.322581
rate C <-> F: 0.811655
rate C <-> P: 0.145682
rate C <-> S: 2.320499
rate C <-> T: 0.437045
rate C <-> W: 1.196670
rate C <-> Y: 2.174818
rate C <-> V: 0.645161
rate Q <-> E: 3.361082
rate Q <-> G: 0.270552
rate Q <-> H: 6.212279
rate Q <-> I: 0.093652
rate Q <-> L: 0.749220
rate Q <-> K: 3.038502
rate Q <-> M: 0.447451
rate Q <-> F: 0.041623
rate Q <-> P: 1.706556
rate Q <-> S: 0.551509
rate Q <-> T: 0.530697
rate Q <-> W: 0.187305
rate Q <-> Y: 0.249740
rate Q <-> V: 0.208117
rate E <-> G: 1.238293
rate E <-> H: 0.270552
rate E <-> I: 0.124870
rate E <-> L: 0.093652
rate E <-> K: 1.883455
rate E <-> M: 0.187305
rate E <-> F: 0.052029
rate E <-> P: 0.187305
rate E <-> S: 0.312175
rate E <-> T: 0.332986
rate E <-> W: 0.104058
rate E <-> Y: 0.072841
rate E <-> V: 0.468262
rate G <-> H: 0.239334
rate G <-> I: 0.062435
rate G <-> L: 0.062435
rate G <-> K: 0.280957
rate G <-> M: 0.145682
rate G <-> F: 0.052029
rate G <-> P: 0.249740
rate G <-> S: 2.091571
rate G <-> T: 0.343392
rate G <-> W: 0.572320
rate G <-> Y: 0.083247
rate G <-> V: 0.489074
rate H <-> I: 0.166493
rate H <-> L: 0.582726
rate H <-> K: 0.468262
rate H <-> M: 0.343392
rate H <-> F: 0.416233
rate H <-> P: 1.196670
rate H <-> S: 0.759625
rate H <-> T: 0.478668
rate H <-> W: 0.083247
rate H <-> Y: 5.962539
rate H <-> V: 0.114464
rate I <-> L: 2.382934
rate I <-> K: 0.218522
rate I <-> M: 4.984391
rate I <-> F: 0.926119
rate I <-> P: 0.104058
rate I <-> S: 0.416233
rate I <-> T: 2.549428
rate I <-> W: 0.093652
rate I <-> Y: 0.332986
rate I <-> V: 10.000000
rate L <-> K: 0.145682
rate L <-> M: 4.037461
rate L <-> F: 2.580645
rate L <-> P: 1.061394
rate L <-> S: 0.613944
rate L <-> T: 0.260146
rate L <-> W: 0.541103
rate L <-> Y: 0.249740
rate L <-> V: 1.873049
rate K <-> M: 0.676379
rate K <-> F: 0.041623
rate K <-> P: 0.218522
rate K <-> S: 0.489074
rate K <-> T: 1.071800
rate K <-> W: 0.104058
rate K <-> Y: 0.083247
rate K <-> V: 0.145682
rate M <-> F: 0.447451
rate M <-> P: 0.166493
rate M <-> S: 0.301769
rate M <-> T: 2.351717
rate M <-> W: 0.249740
rate M <-> Y: 0.187305
rate M <-> V: 3.361082
rate F <-> P: 0.176899
rate F <-> S: 0.957336
rate F <-> T: 0.124870
rate F <-> W: 0.551509
rate F <-> Y: 5.577523
rate F <-> V: 0.645161
rate P <-> S: 2.965661
rate P <-> T: 1.227888
rate P <-> W: 0.062435
rate P <-> Y: 0.104058
rate P <-> V: 0.239334
rate S <-> T: 4.963580
rate S <-> W: 0.364204
rate S <-> Y: 0.655567
rate S <-> V: 0.395421
rate T <-> W: 0.124870
rate T <-> Y: 0.218522
rate T <-> V: 1.165453
rate W <-> Y: 0.738814
rate W <-> V: 0.260146
rate Y <-> V: 0.166493

freq pi(A): 0.076748
freq pi(R): 0.051691
freq pi(N): 0.042645
freq pi(D): 0.051544
freq pi(C): 0.019803
freq pi(Q): 0.040752
freq pi(E): 0.061830
freq pi(G): 0.073152
freq pi(H): 0.022944
freq pi(I): 0.053761
freq pi(L): 0.091904
freq pi(K): 0.058676
freq pi(M): 0.023826
freq pi(F): 0.040126
freq pi(P): 0.050901
freq pi(S): 0.068765
freq pi(T): 0.058565
freq pi(W): 0.014261
freq pi(Y): 0.032102
freq pi(V): 0.066004


ML search took 119.856748 secs or 0.033294 hours

Combined Bootstrap and ML search took 305.233476 secs or 0.084787 hours

Drawing Bootstrap Support Values on best-scoring ML tree ...



Found 1 tree in File /Users/prigozhin/Dropbox/NLRomes/Soy_NLRome/RAxML_tree_pbNB-ARC/Clade_Refinement_1/RAxML_bestTree.Int11890_361_405_L_52.Raxml.out



Found 1 tree in File /Users/prigozhin/Dropbox/NLRomes/Soy_NLRome/RAxML_tree_pbNB-ARC/Clade_Refinement_1/RAxML_bestTree.Int11890_361_405_L_52.Raxml.out

Program execution info written to /Users/prigozhin/Dropbox/NLRomes/Soy_NLRome/RAxML_tree_pbNB-ARC/Clade_Refinement_1/RAxML_info.Int11890_361_405_L_52.Raxml.out
All 100 bootstrapped trees written to: /Users/prigozhin/Dropbox/NLRomes/Soy_NLRome/RAxML_tree_pbNB-ARC/Clade_Refinement_1/RAxML_bootstrap.Int11890_361_405_L_52.Raxml.out

Best-scoring ML tree written to: /Users/prigozhin/Dropbox/NLRomes/Soy_NLRome/RAxML_tree_pbNB-ARC/Clade_Refinement_1/RAxML_bestTree.Int11890_361_405_L_52.Raxml.out

Best-scoring ML tree with support values written to: /Users/prigozhin/Dropbox/NLRomes/Soy_NLRome/RAxML_tree_pbNB-ARC/Clade_Refinement_1/RAxML_bipartitions.Int11890_361_405_L_52.Raxml.out

Best-scoring ML tree with support values as branch labels written to: /Users/prigozhin/Dropbox/NLRomes/Soy_NLRome/RAxML_tree_pbNB-ARC/Clade_Refinement_1/RAxML_bipartitionsBranchLabels.Int11890_361_405_L_52.Raxml.out

Overall execution time for full ML analysis: 305.251562 secs or 0.084792 hours or 0.003533 days

