(GWHPACEN065926,(GLYMA_16G159100_1,(GWHPACEL063307,(GLYMA_ZH13_16G142200_1_P,(GWHPACEO067452,(GWHPACEM066550,(GWHPACEH066806,(W05_GLYSO_16G043870_1_P,(GWHPACEI069026,GWHPACEE066508)))))))),GWHPACDY068539);
(GWHPACEN065926,(GLYMA_16G159100_1,(GWHPACEL063307,(GLYMA_ZH13_16G142200_1_P,(GWHPACEO067452,(GWHPACEM066550,(GWHPACEH066806,(W05_GLYSO_16G043870_1_P,(GWHPACEI069026,GWHPACEE066508)))))))),GWHPACDY068539);
(GWHPACEN065926,(GLYMA_16G159100_1,(GWHPACEL063307,(GLYMA_ZH13_16G142200_1_P,(GWHPACEO067452,(GWHPACEM066550,(GWHPACEH066806,(W05_GLYSO_16G043870_1_P,(GWHPACEI069026,GWHPACEE066508)))))))),GWHPACDY068539);
(GWHPACEN065926,(GLYMA_16G159100_1,(GWHPACEL063307,(GLYMA_ZH13_16G142200_1_P,(GWHPACEO067452,(GWHPACEM066550,(GWHPACEH066806,(W05_GLYSO_16G043870_1_P,(GWHPACEI069026,GWHPACEE066508)))))))),GWHPACDY068539);
(GWHPACEN065926,(GLYMA_16G159100_1,(GWHPACEL063307,(GLYMA_ZH13_16G142200_1_P,(GWHPACEO067452,(GWHPACEM066550,(GWHPACEH066806,(W05_GLYSO_16G043870_1_P,(GWHPACEI069026,GWHPACEE066508)))))))),GWHPACDY068539);
(GWHPACEN065926,(GLYMA_16G159100_1,(GWHPACEL063307,(GLYMA_ZH13_16G142200_1_P,(GWHPACEO067452,(GWHPACEM066550,(GWHPACEH066806,(W05_GLYSO_16G043870_1_P,(GWHPACEI069026,GWHPACEE066508)))))))),GWHPACDY068539);
(GWHPACEN065926,(GLYMA_16G159100_1,(GWHPACEL063307,(GLYMA_ZH13_16G142200_1_P,(GWHPACEO067452,(GWHPACEM066550,(GWHPACEH066806,(W05_GLYSO_16G043870_1_P,(GWHPACEI069026,GWHPACEE066508)))))))),GWHPACDY068539);
(GWHPACEN065926,(GLYMA_16G159100_1,(GWHPACEL063307,(GLYMA_ZH13_16G142200_1_P,(GWHPACEO067452,(GWHPACEM066550,(GWHPACEH066806,(W05_GLYSO_16G043870_1_P,(GWHPACEI069026,GWHPACEE066508)))))))),GWHPACDY068539);
(GWHPACEN065926,(GLYMA_16G159100_1,(GWHPACEL063307,(GLYMA_ZH13_16G142200_1_P,(GWHPACEO067452,(GWHPACEM066550,(GWHPACEH066806,(W05_GLYSO_16G043870_1_P,(GWHPACEI069026,GWHPACEE066508)))))))),GWHPACDY068539);
(GWHPACEN065926,(GLYMA_16G159100_1,(GWHPACEL063307,(GLYMA_ZH13_16G142200_1_P,(GWHPACEO067452,(GWHPACEM066550,(GWHPACEH066806,(W05_GLYSO_16G043870_1_P,(GWHPACEI069026,GWHPACEE066508)))))))),GWHPACDY068539);
(GWHPACEN065926,(GWHPACEI069026,(GWHPACEO067452,(GWHPACEL063307,(GWHPACEH066806,(GLYMA_16G159100_1,(W05_GLYSO_16G043870_1_P,(GWHPACEE066508,(GWHPACEM066550,GLYMA_ZH13_16G142200_1_P)))))))),GWHPACDY068539);
(GWHPACEN065926,(GWHPACEI069026,(GWHPACEO067452,(GWHPACEL063307,(GWHPACEH066806,(GLYMA_16G159100_1,(W05_GLYSO_16G043870_1_P,(GWHPACEE066508,(GWHPACEM066550,GLYMA_ZH13_16G142200_1_P)))))))),GWHPACDY068539);
(GWHPACEN065926,(GWHPACEI069026,(GWHPACEO067452,(GWHPACEL063307,(GWHPACEH066806,(GLYMA_16G159100_1,(W05_GLYSO_16G043870_1_P,(GWHPACEE066508,(GWHPACEM066550,GLYMA_ZH13_16G142200_1_P)))))))),GWHPACDY068539);
(GWHPACEN065926,(GWHPACEI069026,(GWHPACEO067452,(GWHPACEL063307,(GWHPACEH066806,(GLYMA_16G159100_1,(W05_GLYSO_16G043870_1_P,(GWHPACEE066508,(GWHPACEM066550,GLYMA_ZH13_16G142200_1_P)))))))),GWHPACDY068539);
(GWHPACEN065926,(GWHPACEI069026,(GWHPACEO067452,(GWHPACEL063307,(GWHPACEH066806,(GLYMA_16G159100_1,(W05_GLYSO_16G043870_1_P,(GWHPACEE066508,(GWHPACEM066550,GLYMA_ZH13_16G142200_1_P)))))))),GWHPACDY068539);
(GWHPACEN065926,(GWHPACEI069026,(GWHPACEO067452,(GWHPACEL063307,(GWHPACEH066806,(GLYMA_16G159100_1,(W05_GLYSO_16G043870_1_P,(GWHPACEE066508,(GWHPACEM066550,GLYMA_ZH13_16G142200_1_P)))))))),GWHPACDY068539);
(GWHPACEN065926,(GWHPACEI069026,(GWHPACEO067452,(GWHPACEL063307,(GWHPACEH066806,(GLYMA_16G159100_1,(W05_GLYSO_16G043870_1_P,(GWHPACEE066508,(GWHPACEM066550,GLYMA_ZH13_16G142200_1_P)))))))),GWHPACDY068539);
(GWHPACEN065926,(GWHPACEI069026,(GWHPACEO067452,(GWHPACEL063307,(GWHPACEH066806,(GLYMA_16G159100_1,(W05_GLYSO_16G043870_1_P,(GWHPACEE066508,(GWHPACEM066550,GLYMA_ZH13_16G142200_1_P)))))))),GWHPACDY068539);
(GWHPACEN065926,(GWHPACEI069026,(GWHPACEO067452,(GWHPACEL063307,(GWHPACEH066806,(GLYMA_16G159100_1,(W05_GLYSO_16G043870_1_P,(GWHPACEE066508,(GWHPACEM066550,GLYMA_ZH13_16G142200_1_P)))))))),GWHPACDY068539);
(GWHPACEN065926,(GWHPACEI069026,(GWHPACEO067452,(GWHPACEL063307,(GWHPACEH066806,(GLYMA_16G159100_1,(W05_GLYSO_16G043870_1_P,(GWHPACEE066508,(GWHPACEM066550,GLYMA_ZH13_16G142200_1_P)))))))),GWHPACDY068539);
(GWHPACEN065926,(GWHPACEH066806,(W05_GLYSO_16G043870_1_P,(GWHPACEO067452,(GLYMA_16G159100_1,(GWHPACEI069026,(GWHPACEE066508,(GWHPACEL063307,(GLYMA_ZH13_16G142200_1_P,GWHPACEM066550)))))))),GWHPACDY068539);
(GWHPACEN065926,(GWHPACEH066806,(W05_GLYSO_16G043870_1_P,(GWHPACEO067452,(GLYMA_16G159100_1,(GWHPACEI069026,(GWHPACEE066508,(GWHPACEL063307,(GLYMA_ZH13_16G142200_1_P,GWHPACEM066550)))))))),GWHPACDY068539);
(GWHPACEN065926,(GWHPACEH066806,(W05_GLYSO_16G043870_1_P,(GWHPACEO067452,(GLYMA_16G159100_1,(GWHPACEI069026,(GWHPACEE066508,(GWHPACEL063307,(GLYMA_ZH13_16G142200_1_P,GWHPACEM066550)))))))),GWHPACDY068539);
(GWHPACEN065926,(GWHPACEH066806,(W05_GLYSO_16G043870_1_P,(GWHPACEO067452,(GLYMA_16G159100_1,(GWHPACEI069026,(GWHPACEE066508,(GWHPACEL063307,(GLYMA_ZH13_16G142200_1_P,GWHPACEM066550)))))))),GWHPACDY068539);
(GWHPACEN065926,(GWHPACEH066806,(W05_GLYSO_16G043870_1_P,(GWHPACEO067452,(GLYMA_16G159100_1,(GWHPACEI069026,(GWHPACEE066508,(GWHPACEL063307,(GLYMA_ZH13_16G142200_1_P,GWHPACEM066550)))))))),GWHPACDY068539);
(GWHPACEN065926,(GWHPACEH066806,(W05_GLYSO_16G043870_1_P,(GWHPACEO067452,(GLYMA_16G159100_1,(GWHPACEI069026,(GWHPACEE066508,(GWHPACEL063307,(GLYMA_ZH13_16G142200_1_P,GWHPACEM066550)))))))),GWHPACDY068539);
(GWHPACEN065926,(GWHPACEH066806,(W05_GLYSO_16G043870_1_P,(GWHPACEO067452,(GLYMA_16G159100_1,(GWHPACEI069026,(GWHPACEE066508,(GWHPACEL063307,(GLYMA_ZH13_16G142200_1_P,GWHPACEM066550)))))))),GWHPACDY068539);
(GWHPACEN065926,(GWHPACEH066806,(W05_GLYSO_16G043870_1_P,(GWHPACEO067452,(GLYMA_16G159100_1,(GWHPACEI069026,(GWHPACEE066508,(GWHPACEL063307,(GLYMA_ZH13_16G142200_1_P,GWHPACEM066550)))))))),GWHPACDY068539);
(GWHPACEN065926,(GWHPACEH066806,(W05_GLYSO_16G043870_1_P,(GWHPACEO067452,(GLYMA_16G159100_1,(GWHPACEI069026,(GWHPACEE066508,(GWHPACEL063307,(GLYMA_ZH13_16G142200_1_P,GWHPACEM066550)))))))),GWHPACDY068539);
(GWHPACEN065926,(GWHPACEH066806,(W05_GLYSO_16G043870_1_P,(GWHPACEO067452,(GLYMA_16G159100_1,(GWHPACEI069026,(GWHPACEE066508,(GWHPACEL063307,(GLYMA_ZH13_16G142200_1_P,GWHPACEM066550)))))))),GWHPACDY068539);
((GWHPACEM066550,(GWHPACEH066806,(GWHPACEL063307,(GLYMA_16G159100_1,(GLYMA_ZH13_16G142200_1_P,(GWHPACEE066508,(GWHPACEI069026,(W05_GLYSO_16G043870_1_P,GWHPACEO067452)))))))),GWHPACEN065926,GWHPACDY068539);
((GWHPACEM066550,(GWHPACEH066806,(GWHPACEL063307,(GLYMA_16G159100_1,(GLYMA_ZH13_16G142200_1_P,(GWHPACEE066508,(GWHPACEI069026,(W05_GLYSO_16G043870_1_P,GWHPACEO067452)))))))),GWHPACEN065926,GWHPACDY068539);
((GWHPACEM066550,(GWHPACEH066806,(GWHPACEL063307,(GLYMA_16G159100_1,(GLYMA_ZH13_16G142200_1_P,(GWHPACEE066508,(GWHPACEI069026,(W05_GLYSO_16G043870_1_P,GWHPACEO067452)))))))),GWHPACEN065926,GWHPACDY068539);
((GWHPACEM066550,(GWHPACEH066806,(GWHPACEL063307,(GLYMA_16G159100_1,(GLYMA_ZH13_16G142200_1_P,(GWHPACEE066508,(GWHPACEI069026,(W05_GLYSO_16G043870_1_P,GWHPACEO067452)))))))),GWHPACEN065926,GWHPACDY068539);
((GWHPACEM066550,(GWHPACEH066806,(GWHPACEL063307,(GLYMA_16G159100_1,(GLYMA_ZH13_16G142200_1_P,(GWHPACEE066508,(GWHPACEI069026,(W05_GLYSO_16G043870_1_P,GWHPACEO067452)))))))),GWHPACEN065926,GWHPACDY068539);
((GWHPACEM066550,(GWHPACEH066806,(GWHPACEL063307,(GLYMA_16G159100_1,(GLYMA_ZH13_16G142200_1_P,(GWHPACEE066508,(GWHPACEI069026,(W05_GLYSO_16G043870_1_P,GWHPACEO067452)))))))),GWHPACEN065926,GWHPACDY068539);
((GWHPACEM066550,(GWHPACEH066806,(GWHPACEL063307,(GLYMA_16G159100_1,(GLYMA_ZH13_16G142200_1_P,(GWHPACEE066508,(GWHPACEI069026,(W05_GLYSO_16G043870_1_P,GWHPACEO067452)))))))),GWHPACEN065926,GWHPACDY068539);
((GWHPACEM066550,(GWHPACEH066806,(GWHPACEL063307,(GLYMA_16G159100_1,(GLYMA_ZH13_16G142200_1_P,(GWHPACEE066508,(GWHPACEI069026,(W05_GLYSO_16G043870_1_P,GWHPACEO067452)))))))),GWHPACEN065926,GWHPACDY068539);
((GWHPACEM066550,(GWHPACEH066806,(GWHPACEL063307,(GLYMA_16G159100_1,(GLYMA_ZH13_16G142200_1_P,(GWHPACEE066508,(GWHPACEI069026,(W05_GLYSO_16G043870_1_P,GWHPACEO067452)))))))),GWHPACEN065926,GWHPACDY068539);
((GWHPACEM066550,(GWHPACEH066806,(GWHPACEL063307,(GLYMA_16G159100_1,(GLYMA_ZH13_16G142200_1_P,(GWHPACEE066508,(GWHPACEI069026,(W05_GLYSO_16G043870_1_P,GWHPACEO067452)))))))),GWHPACEN065926,GWHPACDY068539);
((GWHPACEE066508,(GWHPACEH066806,(GWHPACEI069026,(GWHPACEL063307,(GWHPACEM066550,(GWHPACEO067452,(GLYMA_ZH13_16G142200_1_P,(W05_GLYSO_16G043870_1_P,GLYMA_16G159100_1)))))))),GWHPACEN065926,GWHPACDY068539);
((GWHPACEE066508,(GWHPACEH066806,(GWHPACEI069026,(GWHPACEL063307,(GWHPACEM066550,(GWHPACEO067452,(GLYMA_ZH13_16G142200_1_P,(W05_GLYSO_16G043870_1_P,GLYMA_16G159100_1)))))))),GWHPACEN065926,GWHPACDY068539);
((GWHPACEE066508,(GWHPACEH066806,(GWHPACEI069026,(GWHPACEL063307,(GWHPACEM066550,(GWHPACEO067452,(GLYMA_ZH13_16G142200_1_P,(W05_GLYSO_16G043870_1_P,GLYMA_16G159100_1)))))))),GWHPACEN065926,GWHPACDY068539);
((GWHPACEE066508,(GWHPACEH066806,(GWHPACEI069026,(GWHPACEL063307,(GWHPACEM066550,(GWHPACEO067452,(GLYMA_ZH13_16G142200_1_P,(W05_GLYSO_16G043870_1_P,GLYMA_16G159100_1)))))))),GWHPACEN065926,GWHPACDY068539);
((GWHPACEE066508,(GWHPACEH066806,(GWHPACEI069026,(GWHPACEL063307,(GWHPACEM066550,(GWHPACEO067452,(GLYMA_ZH13_16G142200_1_P,(W05_GLYSO_16G043870_1_P,GLYMA_16G159100_1)))))))),GWHPACEN065926,GWHPACDY068539);
((GWHPACEE066508,(GWHPACEH066806,(GWHPACEI069026,(GWHPACEL063307,(GWHPACEM066550,(GWHPACEO067452,(GLYMA_ZH13_16G142200_1_P,(W05_GLYSO_16G043870_1_P,GLYMA_16G159100_1)))))))),GWHPACEN065926,GWHPACDY068539);
((GWHPACEE066508,(GWHPACEH066806,(GWHPACEI069026,(GWHPACEL063307,(GWHPACEM066550,(GWHPACEO067452,(GLYMA_ZH13_16G142200_1_P,(W05_GLYSO_16G043870_1_P,GLYMA_16G159100_1)))))))),GWHPACEN065926,GWHPACDY068539);
((GWHPACEE066508,(GWHPACEH066806,(GWHPACEI069026,(GWHPACEL063307,(GWHPACEM066550,(GWHPACEO067452,(GLYMA_ZH13_16G142200_1_P,(W05_GLYSO_16G043870_1_P,GLYMA_16G159100_1)))))))),GWHPACEN065926,GWHPACDY068539);
((GWHPACEE066508,(GWHPACEH066806,(GWHPACEI069026,(GWHPACEL063307,(GWHPACEM066550,(GWHPACEO067452,(GLYMA_ZH13_16G142200_1_P,(W05_GLYSO_16G043870_1_P,GLYMA_16G159100_1)))))))),GWHPACEN065926,GWHPACDY068539);
((GWHPACEE066508,(GWHPACEH066806,(GWHPACEI069026,(GWHPACEL063307,(GWHPACEM066550,(GWHPACEO067452,(GLYMA_ZH13_16G142200_1_P,(W05_GLYSO_16G043870_1_P,GLYMA_16G159100_1)))))))),GWHPACEN065926,GWHPACDY068539);
(((GLYMA_ZH13_16G142200_1_P,GWHPACEO067452),((((((GWHPACEI069026,GWHPACEE066508),GWHPACEH066806),W05_GLYSO_16G043870_1_P),GLYMA_16G159100_1),GWHPACEM066550),GWHPACEL063307)),GWHPACEN065926,GWHPACDY068539);
(((GLYMA_ZH13_16G142200_1_P,GWHPACEO067452),((((((GWHPACEI069026,GWHPACEE066508),GWHPACEH066806),W05_GLYSO_16G043870_1_P),GLYMA_16G159100_1),GWHPACEM066550),GWHPACEL063307)),GWHPACEN065926,GWHPACDY068539);
(((GLYMA_ZH13_16G142200_1_P,GWHPACEO067452),((((((GWHPACEI069026,GWHPACEE066508),GWHPACEH066806),W05_GLYSO_16G043870_1_P),GLYMA_16G159100_1),GWHPACEM066550),GWHPACEL063307)),GWHPACEN065926,GWHPACDY068539);
(((GLYMA_ZH13_16G142200_1_P,GWHPACEO067452),((((((GWHPACEI069026,GWHPACEE066508),GWHPACEH066806),W05_GLYSO_16G043870_1_P),GLYMA_16G159100_1),GWHPACEM066550),GWHPACEL063307)),GWHPACEN065926,GWHPACDY068539);
(((GLYMA_ZH13_16G142200_1_P,GWHPACEO067452),((((((GWHPACEI069026,GWHPACEE066508),GWHPACEH066806),W05_GLYSO_16G043870_1_P),GLYMA_16G159100_1),GWHPACEM066550),GWHPACEL063307)),GWHPACEN065926,GWHPACDY068539);
(((GLYMA_ZH13_16G142200_1_P,GWHPACEO067452),((((((GWHPACEI069026,GWHPACEE066508),GWHPACEH066806),W05_GLYSO_16G043870_1_P),GLYMA_16G159100_1),GWHPACEM066550),GWHPACEL063307)),GWHPACEN065926,GWHPACDY068539);
(((GLYMA_ZH13_16G142200_1_P,GWHPACEO067452),((((((GWHPACEI069026,GWHPACEE066508),GWHPACEH066806),W05_GLYSO_16G043870_1_P),GLYMA_16G159100_1),GWHPACEM066550),GWHPACEL063307)),GWHPACEN065926,GWHPACDY068539);
(((GLYMA_ZH13_16G142200_1_P,GWHPACEO067452),((((((GWHPACEI069026,GWHPACEE066508),GWHPACEH066806),W05_GLYSO_16G043870_1_P),GLYMA_16G159100_1),GWHPACEM066550),GWHPACEL063307)),GWHPACEN065926,GWHPACDY068539);
(((GLYMA_ZH13_16G142200_1_P,GWHPACEO067452),((((((GWHPACEI069026,GWHPACEE066508),GWHPACEH066806),W05_GLYSO_16G043870_1_P),GLYMA_16G159100_1),GWHPACEM066550),GWHPACEL063307)),GWHPACEN065926,GWHPACDY068539);
(((GLYMA_ZH13_16G142200_1_P,GWHPACEO067452),((((((GWHPACEI069026,GWHPACEE066508),GWHPACEH066806),W05_GLYSO_16G043870_1_P),GLYMA_16G159100_1),GWHPACEM066550),GWHPACEL063307)),GWHPACEN065926,GWHPACDY068539);
(GWHPACEN065926,(GWHPACEI069026,(GLYMA_16G159100_1,(GWHPACEL063307,(GWHPACEM066550,(GWHPACEE066508,(GWHPACEO067452,(GLYMA_ZH13_16G142200_1_P,(W05_GLYSO_16G043870_1_P,GWHPACEH066806)))))))),GWHPACDY068539);
(GWHPACEN065926,(GWHPACEI069026,(GLYMA_16G159100_1,(GWHPACEL063307,(GWHPACEM066550,(GWHPACEE066508,(GWHPACEO067452,(GLYMA_ZH13_16G142200_1_P,(W05_GLYSO_16G043870_1_P,GWHPACEH066806)))))))),GWHPACDY068539);
(GWHPACEN065926,(GWHPACEI069026,(GLYMA_16G159100_1,(GWHPACEL063307,(GWHPACEM066550,(GWHPACEE066508,(GWHPACEO067452,(GLYMA_ZH13_16G142200_1_P,(W05_GLYSO_16G043870_1_P,GWHPACEH066806)))))))),GWHPACDY068539);
(GWHPACEN065926,(GWHPACEI069026,(GLYMA_16G159100_1,(GWHPACEL063307,(GWHPACEM066550,(GWHPACEE066508,(GWHPACEO067452,(GLYMA_ZH13_16G142200_1_P,(W05_GLYSO_16G043870_1_P,GWHPACEH066806)))))))),GWHPACDY068539);
(GWHPACEN065926,(GWHPACEI069026,(GLYMA_16G159100_1,(GWHPACEL063307,(GWHPACEM066550,(GWHPACEE066508,(GWHPACEO067452,(GLYMA_ZH13_16G142200_1_P,(W05_GLYSO_16G043870_1_P,GWHPACEH066806)))))))),GWHPACDY068539);
(GWHPACEN065926,(GWHPACEI069026,(GLYMA_16G159100_1,(GWHPACEL063307,(GWHPACEM066550,(GWHPACEE066508,(GWHPACEO067452,(GLYMA_ZH13_16G142200_1_P,(W05_GLYSO_16G043870_1_P,GWHPACEH066806)))))))),GWHPACDY068539);
(GWHPACEN065926,(GWHPACEI069026,(GLYMA_16G159100_1,(GWHPACEL063307,(GWHPACEM066550,(GWHPACEE066508,(GWHPACEO067452,(GLYMA_ZH13_16G142200_1_P,(W05_GLYSO_16G043870_1_P,GWHPACEH066806)))))))),GWHPACDY068539);
(GWHPACEN065926,(GWHPACEI069026,(GLYMA_16G159100_1,(GWHPACEL063307,(GWHPACEM066550,(GWHPACEE066508,(GWHPACEO067452,(GLYMA_ZH13_16G142200_1_P,(W05_GLYSO_16G043870_1_P,GWHPACEH066806)))))))),GWHPACDY068539);
(GWHPACEN065926,(GWHPACEI069026,(GLYMA_16G159100_1,(GWHPACEL063307,(GWHPACEM066550,(GWHPACEE066508,(GWHPACEO067452,(GLYMA_ZH13_16G142200_1_P,(W05_GLYSO_16G043870_1_P,GWHPACEH066806)))))))),GWHPACDY068539);
(GWHPACEN065926,(GWHPACEI069026,(GLYMA_16G159100_1,(GWHPACEL063307,(GWHPACEM066550,(GWHPACEE066508,(GWHPACEO067452,(GLYMA_ZH13_16G142200_1_P,(W05_GLYSO_16G043870_1_P,GWHPACEH066806)))))))),GWHPACDY068539);
(GWHPACEN065926,(GLYMA_ZH13_16G142200_1_P,(GWHPACEH066806,(GWHPACEL063307,(GLYMA_16G159100_1,(GWHPACEE066508,(GWHPACEM066550,(GWHPACEI069026,(GWHPACEO067452,W05_GLYSO_16G043870_1_P)))))))),GWHPACDY068539);
(GWHPACEN065926,(GLYMA_ZH13_16G142200_1_P,(GWHPACEH066806,(GWHPACEL063307,(GLYMA_16G159100_1,(GWHPACEE066508,(GWHPACEM066550,(GWHPACEI069026,(GWHPACEO067452,W05_GLYSO_16G043870_1_P)))))))),GWHPACDY068539);
(GWHPACEN065926,(GLYMA_ZH13_16G142200_1_P,(GWHPACEH066806,(GWHPACEL063307,(GLYMA_16G159100_1,(GWHPACEE066508,(GWHPACEM066550,(GWHPACEI069026,(GWHPACEO067452,W05_GLYSO_16G043870_1_P)))))))),GWHPACDY068539);
(GWHPACEN065926,(GLYMA_ZH13_16G142200_1_P,(GWHPACEH066806,(GWHPACEL063307,(GLYMA_16G159100_1,(GWHPACEE066508,(GWHPACEM066550,(GWHPACEI069026,(GWHPACEO067452,W05_GLYSO_16G043870_1_P)))))))),GWHPACDY068539);
(GWHPACEN065926,(GLYMA_ZH13_16G142200_1_P,(GWHPACEH066806,(GWHPACEL063307,(GLYMA_16G159100_1,(GWHPACEE066508,(GWHPACEM066550,(GWHPACEI069026,(GWHPACEO067452,W05_GLYSO_16G043870_1_P)))))))),GWHPACDY068539);
(GWHPACEN065926,(GLYMA_ZH13_16G142200_1_P,(GWHPACEH066806,(GWHPACEL063307,(GLYMA_16G159100_1,(GWHPACEE066508,(GWHPACEM066550,(GWHPACEI069026,(GWHPACEO067452,W05_GLYSO_16G043870_1_P)))))))),GWHPACDY068539);
(GWHPACEN065926,(GLYMA_ZH13_16G142200_1_P,(GWHPACEH066806,(GWHPACEL063307,(GLYMA_16G159100_1,(GWHPACEE066508,(GWHPACEM066550,(GWHPACEI069026,(GWHPACEO067452,W05_GLYSO_16G043870_1_P)))))))),GWHPACDY068539);
(GWHPACEN065926,(GLYMA_ZH13_16G142200_1_P,(GWHPACEH066806,(GWHPACEL063307,(GLYMA_16G159100_1,(GWHPACEE066508,(GWHPACEM066550,(GWHPACEI069026,(GWHPACEO067452,W05_GLYSO_16G043870_1_P)))))))),GWHPACDY068539);
(GWHPACEN065926,(GLYMA_ZH13_16G142200_1_P,(GWHPACEH066806,(GWHPACEL063307,(GLYMA_16G159100_1,(GWHPACEE066508,(GWHPACEM066550,(GWHPACEI069026,(GWHPACEO067452,W05_GLYSO_16G043870_1_P)))))))),GWHPACDY068539);
(GWHPACEN065926,(GLYMA_ZH13_16G142200_1_P,(GWHPACEH066806,(GWHPACEL063307,(GLYMA_16G159100_1,(GWHPACEE066508,(GWHPACEM066550,(GWHPACEI069026,(GWHPACEO067452,W05_GLYSO_16G043870_1_P)))))))),GWHPACDY068539);
(GWHPACEN065926,((((((((GWHPACEM066550,GWHPACEL063307),GLYMA_ZH13_16G142200_1_P),GWHPACEI069026),GWHPACEO067452),W05_GLYSO_16G043870_1_P),GLYMA_16G159100_1),GWHPACEE066508),GWHPACEH066806),GWHPACDY068539);
(GWHPACEN065926,((((((((GWHPACEM066550,GWHPACEL063307),GLYMA_ZH13_16G142200_1_P),GWHPACEI069026),GWHPACEO067452),W05_GLYSO_16G043870_1_P),GLYMA_16G159100_1),GWHPACEE066508),GWHPACEH066806),GWHPACDY068539);
(GWHPACEN065926,((((((((GWHPACEM066550,GWHPACEL063307),GLYMA_ZH13_16G142200_1_P),GWHPACEI069026),GWHPACEO067452),W05_GLYSO_16G043870_1_P),GLYMA_16G159100_1),GWHPACEE066508),GWHPACEH066806),GWHPACDY068539);
(GWHPACEN065926,((((((((GWHPACEM066550,GWHPACEL063307),GLYMA_ZH13_16G142200_1_P),GWHPACEI069026),GWHPACEO067452),W05_GLYSO_16G043870_1_P),GLYMA_16G159100_1),GWHPACEE066508),GWHPACEH066806),GWHPACDY068539);
(GWHPACEN065926,((((((((GWHPACEM066550,GWHPACEL063307),GLYMA_ZH13_16G142200_1_P),GWHPACEI069026),GWHPACEO067452),W05_GLYSO_16G043870_1_P),GLYMA_16G159100_1),GWHPACEE066508),GWHPACEH066806),GWHPACDY068539);
(GWHPACEN065926,((((((((GWHPACEM066550,GWHPACEL063307),GLYMA_ZH13_16G142200_1_P),GWHPACEI069026),GWHPACEO067452),W05_GLYSO_16G043870_1_P),GLYMA_16G159100_1),GWHPACEE066508),GWHPACEH066806),GWHPACDY068539);
(GWHPACEN065926,((((((((GWHPACEM066550,GWHPACEL063307),GLYMA_ZH13_16G142200_1_P),GWHPACEI069026),GWHPACEO067452),W05_GLYSO_16G043870_1_P),GLYMA_16G159100_1),GWHPACEE066508),GWHPACEH066806),GWHPACDY068539);
(GWHPACEN065926,((((((((GWHPACEM066550,GWHPACEL063307),GLYMA_ZH13_16G142200_1_P),GWHPACEI069026),GWHPACEO067452),W05_GLYSO_16G043870_1_P),GLYMA_16G159100_1),GWHPACEE066508),GWHPACEH066806),GWHPACDY068539);
(GWHPACEN065926,((((((((GWHPACEM066550,GWHPACEL063307),GLYMA_ZH13_16G142200_1_P),GWHPACEI069026),GWHPACEO067452),W05_GLYSO_16G043870_1_P),GLYMA_16G159100_1),GWHPACEE066508),GWHPACEH066806),GWHPACDY068539);
(GWHPACEN065926,((((((((GWHPACEM066550,GWHPACEL063307),GLYMA_ZH13_16G142200_1_P),GWHPACEI069026),GWHPACEO067452),W05_GLYSO_16G043870_1_P),GLYMA_16G159100_1),GWHPACEE066508),GWHPACEH066806),GWHPACDY068539);
(GWHPACEN065926,((GLYMA_16G159100_1,GWHPACEE066508),((((((GWHPACEO067452,GWHPACEI069026),GWHPACEM066550),GWHPACEL063307),GWHPACEH066806),W05_GLYSO_16G043870_1_P),GLYMA_ZH13_16G142200_1_P)),GWHPACDY068539);
(GWHPACEN065926,((GLYMA_16G159100_1,GWHPACEE066508),((((((GWHPACEO067452,GWHPACEI069026),GWHPACEM066550),GWHPACEL063307),GWHPACEH066806),W05_GLYSO_16G043870_1_P),GLYMA_ZH13_16G142200_1_P)),GWHPACDY068539);
(GWHPACEN065926,((GLYMA_16G159100_1,GWHPACEE066508),((((((GWHPACEO067452,GWHPACEI069026),GWHPACEM066550),GWHPACEL063307),GWHPACEH066806),W05_GLYSO_16G043870_1_P),GLYMA_ZH13_16G142200_1_P)),GWHPACDY068539);
(GWHPACEN065926,((GLYMA_16G159100_1,GWHPACEE066508),((((((GWHPACEO067452,GWHPACEI069026),GWHPACEM066550),GWHPACEL063307),GWHPACEH066806),W05_GLYSO_16G043870_1_P),GLYMA_ZH13_16G142200_1_P)),GWHPACDY068539);
(GWHPACEN065926,((GLYMA_16G159100_1,GWHPACEE066508),((((((GWHPACEO067452,GWHPACEI069026),GWHPACEM066550),GWHPACEL063307),GWHPACEH066806),W05_GLYSO_16G043870_1_P),GLYMA_ZH13_16G142200_1_P)),GWHPACDY068539);
(GWHPACEN065926,((GLYMA_16G159100_1,GWHPACEE066508),((((((GWHPACEO067452,GWHPACEI069026),GWHPACEM066550),GWHPACEL063307),GWHPACEH066806),W05_GLYSO_16G043870_1_P),GLYMA_ZH13_16G142200_1_P)),GWHPACDY068539);
(GWHPACEN065926,((GLYMA_16G159100_1,GWHPACEE066508),((((((GWHPACEO067452,GWHPACEI069026),GWHPACEM066550),GWHPACEL063307),GWHPACEH066806),W05_GLYSO_16G043870_1_P),GLYMA_ZH13_16G142200_1_P)),GWHPACDY068539);
(GWHPACEN065926,((GLYMA_16G159100_1,GWHPACEE066508),((((((GWHPACEO067452,GWHPACEI069026),GWHPACEM066550),GWHPACEL063307),GWHPACEH066806),W05_GLYSO_16G043870_1_P),GLYMA_ZH13_16G142200_1_P)),GWHPACDY068539);
(GWHPACEN065926,((GLYMA_16G159100_1,GWHPACEE066508),((((((GWHPACEO067452,GWHPACEI069026),GWHPACEM066550),GWHPACEL063307),GWHPACEH066806),W05_GLYSO_16G043870_1_P),GLYMA_ZH13_16G142200_1_P)),GWHPACDY068539);
(GWHPACEN065926,((GLYMA_16G159100_1,GWHPACEE066508),((((((GWHPACEO067452,GWHPACEI069026),GWHPACEM066550),GWHPACEL063307),GWHPACEH066806),W05_GLYSO_16G043870_1_P),GLYMA_ZH13_16G142200_1_P)),GWHPACDY068539);
