(ZM00040AB175290_P001,(ZM00001EB164630_P001,((ZM00031AB170700_P001,ZM00039AB166470_P001),(ZM00023AB168930_P001,(ZM00027AB166490_P001,ZM00029AB170450_P001)))),ZM00028AB169370_P001);
(ZM00040AB175290_P001,(ZM00001EB164630_P001,((ZM00031AB170700_P001,(ZM00027AB166490_P001,ZM00039AB166470_P001)),(ZM00023AB168930_P001,ZM00029AB170450_P001))),ZM00028AB169370_P001);
(ZM00040AB175290_P001,(ZM00001EB164630_P001,((ZM00031AB170700_P001,ZM00039AB166470_P001),(ZM00023AB168930_P001,(ZM00027AB166490_P001,ZM00029AB170450_P001)))),ZM00028AB169370_P001);
(ZM00040AB175290_P001,(ZM00001EB164630_P001,((ZM00031AB170700_P001,ZM00039AB166470_P001),(ZM00023AB168930_P001,(ZM00027AB166490_P001,ZM00029AB170450_P001)))),ZM00028AB169370_P001);
(ZM00040AB175290_P001,(ZM00001EB164630_P001,((ZM00031AB170700_P001,ZM00039AB166470_P001),(ZM00023AB168930_P001,(ZM00027AB166490_P001,ZM00029AB170450_P001)))),ZM00028AB169370_P001);
(ZM00040AB175290_P001,(ZM00001EB164630_P001,(((ZM00031AB170700_P001,ZM00039AB166470_P001),(ZM00023AB168930_P001,ZM00029AB170450_P001)),ZM00027AB166490_P001)),ZM00028AB169370_P001);
(ZM00040AB175290_P001,(ZM00001EB164630_P001,((ZM00031AB170700_P001,ZM00039AB166470_P001),(ZM00023AB168930_P001,(ZM00027AB166490_P001,ZM00029AB170450_P001)))),ZM00028AB169370_P001);
(ZM00040AB175290_P001,(ZM00001EB164630_P001,((ZM00031AB170700_P001,ZM00039AB166470_P001),(ZM00023AB168930_P001,(ZM00027AB166490_P001,ZM00029AB170450_P001)))),ZM00028AB169370_P001);
(ZM00040AB175290_P001,(ZM00001EB164630_P001,(ZM00031AB170700_P001,(ZM00039AB166470_P001,(ZM00023AB168930_P001,(ZM00027AB166490_P001,ZM00029AB170450_P001))))),ZM00028AB169370_P001);
(ZM00040AB175290_P001,(ZM00001EB164630_P001,((ZM00023AB168930_P001,(ZM00027AB166490_P001,ZM00029AB170450_P001)),(ZM00031AB170700_P001,ZM00039AB166470_P001))),ZM00028AB169370_P001);
((ZM00001EB164630_P001,(((ZM00023AB168930_P001,ZM00029AB170450_P001),ZM00027AB166490_P001),(ZM00039AB166470_P001,ZM00031AB170700_P001))),ZM00040AB175290_P001,ZM00028AB169370_P001);
((ZM00001EB164630_P001,(((ZM00023AB168930_P001,ZM00029AB170450_P001),(ZM00039AB166470_P001,ZM00031AB170700_P001)),ZM00027AB166490_P001)),ZM00040AB175290_P001,ZM00028AB169370_P001);
(ZM00040AB175290_P001,((ZM00001EB164630_P001,((ZM00023AB168930_P001,ZM00029AB170450_P001),(ZM00039AB166470_P001,ZM00031AB170700_P001))),ZM00027AB166490_P001),ZM00028AB169370_P001);
(ZM00040AB175290_P001,(ZM00001EB164630_P001,(ZM00027AB166490_P001,(ZM00023AB168930_P001,((ZM00039AB166470_P001,ZM00029AB170450_P001),ZM00031AB170700_P001)))),ZM00028AB169370_P001);
(ZM00040AB175290_P001,(ZM00001EB164630_P001,((ZM00039AB166470_P001,(ZM00027AB166490_P001,(ZM00023AB168930_P001,ZM00029AB170450_P001))),ZM00031AB170700_P001)),ZM00028AB169370_P001);
(ZM00040AB175290_P001,(ZM00001EB164630_P001,(((ZM00023AB168930_P001,ZM00029AB170450_P001),(ZM00031AB170700_P001,ZM00039AB166470_P001)),ZM00027AB166490_P001)),ZM00028AB169370_P001);
(ZM00040AB175290_P001,(ZM00001EB164630_P001,((ZM00023AB168930_P001,(ZM00027AB166490_P001,ZM00029AB170450_P001)),(ZM00031AB170700_P001,ZM00039AB166470_P001))),ZM00028AB169370_P001);
(ZM00040AB175290_P001,(ZM00001EB164630_P001,((ZM00023AB168930_P001,ZM00029AB170450_P001),(ZM00031AB170700_P001,(ZM00027AB166490_P001,ZM00039AB166470_P001)))),ZM00028AB169370_P001);
(ZM00040AB175290_P001,(ZM00001EB164630_P001,((ZM00023AB168930_P001,(ZM00029AB170450_P001,ZM00027AB166490_P001)),(ZM00031AB170700_P001,ZM00039AB166470_P001))),ZM00028AB169370_P001);
(ZM00040AB175290_P001,(ZM00001EB164630_P001,(((ZM00023AB168930_P001,ZM00029AB170450_P001),(ZM00031AB170700_P001,ZM00039AB166470_P001)),ZM00027AB166490_P001)),ZM00028AB169370_P001);
(ZM00040AB175290_P001,(((ZM00031AB170700_P001,ZM00039AB166470_P001),((ZM00027AB166490_P001,ZM00029AB170450_P001),ZM00023AB168930_P001)),ZM00001EB164630_P001),ZM00028AB169370_P001);
(ZM00040AB175290_P001,(((((ZM00023AB168930_P001,ZM00031AB170700_P001),ZM00039AB166470_P001),ZM00029AB170450_P001),ZM00001EB164630_P001),ZM00027AB166490_P001),ZM00028AB169370_P001);
(ZM00040AB175290_P001,((ZM00031AB170700_P001,((ZM00023AB168930_P001,(ZM00027AB166490_P001,ZM00029AB170450_P001)),ZM00039AB166470_P001)),ZM00001EB164630_P001),ZM00028AB169370_P001);
(ZM00040AB175290_P001,(((ZM00023AB168930_P001,(ZM00027AB166490_P001,ZM00029AB170450_P001)),(ZM00039AB166470_P001,ZM00031AB170700_P001)),ZM00001EB164630_P001),ZM00028AB169370_P001);
(ZM00040AB175290_P001,(((ZM00023AB168930_P001,ZM00029AB170450_P001),((ZM00027AB166490_P001,ZM00039AB166470_P001),ZM00031AB170700_P001)),ZM00001EB164630_P001),ZM00028AB169370_P001);
(ZM00040AB175290_P001,(((ZM00023AB168930_P001,ZM00029AB170450_P001),((ZM00027AB166490_P001,ZM00039AB166470_P001),ZM00031AB170700_P001)),ZM00001EB164630_P001),ZM00028AB169370_P001);
(ZM00040AB175290_P001,((((ZM00023AB168930_P001,ZM00029AB170450_P001),(ZM00039AB166470_P001,ZM00031AB170700_P001)),ZM00027AB166490_P001),ZM00001EB164630_P001),ZM00028AB169370_P001);
(ZM00040AB175290_P001,((((ZM00039AB166470_P001,(ZM00023AB168930_P001,ZM00029AB170450_P001)),ZM00031AB170700_P001),ZM00027AB166490_P001),ZM00001EB164630_P001),ZM00028AB169370_P001);
(ZM00040AB175290_P001,((((ZM00027AB166490_P001,ZM00031AB170700_P001),ZM00039AB166470_P001),(ZM00023AB168930_P001,ZM00029AB170450_P001)),ZM00001EB164630_P001),ZM00028AB169370_P001);
(ZM00040AB175290_P001,(((ZM00031AB170700_P001,(ZM00039AB166470_P001,(ZM00023AB168930_P001,ZM00029AB170450_P001))),ZM00027AB166490_P001),ZM00001EB164630_P001),ZM00028AB169370_P001);
(ZM00040AB175290_P001,(((ZM00023AB168930_P001,(ZM00029AB170450_P001,ZM00027AB166490_P001)),(ZM00031AB170700_P001,ZM00039AB166470_P001)),ZM00001EB164630_P001),ZM00028AB169370_P001);
(ZM00040AB175290_P001,(((ZM00023AB168930_P001,(ZM00029AB170450_P001,ZM00027AB166490_P001)),(ZM00031AB170700_P001,ZM00039AB166470_P001)),ZM00001EB164630_P001),ZM00028AB169370_P001);
(ZM00040AB175290_P001,((((ZM00023AB168930_P001,ZM00029AB170450_P001),(ZM00031AB170700_P001,ZM00039AB166470_P001)),ZM00027AB166490_P001),ZM00001EB164630_P001),ZM00028AB169370_P001);
(ZM00040AB175290_P001,((ZM00031AB170700_P001,(ZM00039AB166470_P001,(ZM00029AB170450_P001,(ZM00023AB168930_P001,ZM00027AB166490_P001)))),ZM00001EB164630_P001),ZM00028AB169370_P001);
(ZM00040AB175290_P001,(((ZM00023AB168930_P001,(ZM00027AB166490_P001,ZM00029AB170450_P001)),(ZM00031AB170700_P001,ZM00039AB166470_P001)),ZM00001EB164630_P001),ZM00028AB169370_P001);
(ZM00040AB175290_P001,((ZM00031AB170700_P001,((ZM00027AB166490_P001,(ZM00029AB170450_P001,ZM00023AB168930_P001)),ZM00039AB166470_P001)),ZM00001EB164630_P001),ZM00028AB169370_P001);
(ZM00040AB175290_P001,((((ZM00029AB170450_P001,ZM00023AB168930_P001),(ZM00039AB166470_P001,ZM00031AB170700_P001)),ZM00027AB166490_P001),ZM00001EB164630_P001),ZM00028AB169370_P001);
(ZM00040AB175290_P001,((((ZM00027AB166490_P001,ZM00029AB170450_P001),ZM00023AB168930_P001),(ZM00039AB166470_P001,ZM00031AB170700_P001)),ZM00001EB164630_P001),ZM00028AB169370_P001);
(ZM00040AB175290_P001,((((ZM00039AB166470_P001,ZM00031AB170700_P001),(ZM00029AB170450_P001,ZM00023AB168930_P001)),ZM00027AB166490_P001),ZM00001EB164630_P001),ZM00028AB169370_P001);
(ZM00040AB175290_P001,((ZM00031AB170700_P001,((ZM00027AB166490_P001,(ZM00029AB170450_P001,ZM00023AB168930_P001)),ZM00039AB166470_P001)),ZM00001EB164630_P001),ZM00028AB169370_P001);
(ZM00040AB175290_P001,(ZM00001EB164630_P001,((ZM00039AB166470_P001,ZM00031AB170700_P001),(ZM00023AB168930_P001,(ZM00027AB166490_P001,ZM00029AB170450_P001)))),ZM00028AB169370_P001);
(ZM00040AB175290_P001,(ZM00001EB164630_P001,((ZM00039AB166470_P001,ZM00031AB170700_P001),(ZM00023AB168930_P001,(ZM00027AB166490_P001,ZM00029AB170450_P001)))),ZM00028AB169370_P001);
(ZM00040AB175290_P001,(ZM00001EB164630_P001,((ZM00039AB166470_P001,(ZM00029AB170450_P001,ZM00027AB166490_P001)),(ZM00031AB170700_P001,ZM00023AB168930_P001))),ZM00028AB169370_P001);
(ZM00040AB175290_P001,(ZM00001EB164630_P001,((ZM00039AB166470_P001,ZM00031AB170700_P001),(ZM00023AB168930_P001,(ZM00027AB166490_P001,ZM00029AB170450_P001)))),ZM00028AB169370_P001);
(ZM00040AB175290_P001,(ZM00001EB164630_P001,((ZM00027AB166490_P001,ZM00029AB170450_P001),((ZM00039AB166470_P001,ZM00031AB170700_P001),ZM00023AB168930_P001))),ZM00028AB169370_P001);
(ZM00040AB175290_P001,(ZM00001EB164630_P001,((ZM00027AB166490_P001,ZM00029AB170450_P001),((ZM00039AB166470_P001,ZM00031AB170700_P001),ZM00023AB168930_P001))),ZM00028AB169370_P001);
(ZM00040AB175290_P001,(ZM00001EB164630_P001,((ZM00027AB166490_P001,ZM00029AB170450_P001),((ZM00039AB166470_P001,ZM00031AB170700_P001),ZM00023AB168930_P001))),ZM00028AB169370_P001);
(ZM00040AB175290_P001,(ZM00001EB164630_P001,((ZM00023AB168930_P001,(ZM00029AB170450_P001,ZM00027AB166490_P001)),(ZM00039AB166470_P001,ZM00031AB170700_P001))),ZM00028AB169370_P001);
(ZM00040AB175290_P001,(ZM00001EB164630_P001,((ZM00023AB168930_P001,(ZM00029AB170450_P001,ZM00027AB166490_P001)),(ZM00039AB166470_P001,ZM00031AB170700_P001))),ZM00028AB169370_P001);
(ZM00040AB175290_P001,(ZM00001EB164630_P001,((ZM00023AB168930_P001,(ZM00029AB170450_P001,ZM00027AB166490_P001)),(ZM00039AB166470_P001,ZM00031AB170700_P001))),ZM00028AB169370_P001);
(ZM00040AB175290_P001,((ZM00023AB168930_P001,((ZM00039AB166470_P001,ZM00031AB170700_P001),(ZM00027AB166490_P001,ZM00029AB170450_P001))),ZM00001EB164630_P001),ZM00028AB169370_P001);
(ZM00040AB175290_P001,((((ZM00023AB168930_P001,ZM00031AB170700_P001),(ZM00039AB166470_P001,ZM00029AB170450_P001)),ZM00001EB164630_P001),ZM00027AB166490_P001),ZM00028AB169370_P001);
(ZM00040AB175290_P001,(((ZM00039AB166470_P001,ZM00031AB170700_P001),((ZM00023AB168930_P001,ZM00027AB166490_P001),ZM00029AB170450_P001)),ZM00001EB164630_P001),ZM00028AB169370_P001);
(ZM00040AB175290_P001,(((((ZM00023AB168930_P001,ZM00029AB170450_P001),ZM00039AB166470_P001),ZM00031AB170700_P001),ZM00001EB164630_P001),ZM00027AB166490_P001),ZM00028AB169370_P001);
(ZM00040AB175290_P001,(((ZM00031AB170700_P001,((ZM00023AB168930_P001,ZM00029AB170450_P001),ZM00039AB166470_P001)),ZM00027AB166490_P001),ZM00001EB164630_P001),ZM00028AB169370_P001);
(ZM00040AB175290_P001,(((ZM00027AB166490_P001,ZM00029AB170450_P001),(ZM00023AB168930_P001,(ZM00039AB166470_P001,ZM00031AB170700_P001))),ZM00001EB164630_P001),ZM00028AB169370_P001);
(ZM00040AB175290_P001,(((ZM00027AB166490_P001,ZM00029AB170450_P001),(ZM00023AB168930_P001,(ZM00039AB166470_P001,ZM00031AB170700_P001))),ZM00001EB164630_P001),ZM00028AB169370_P001);
(ZM00040AB175290_P001,(((ZM00027AB166490_P001,ZM00029AB170450_P001),(ZM00023AB168930_P001,(ZM00039AB166470_P001,ZM00031AB170700_P001))),ZM00001EB164630_P001),ZM00028AB169370_P001);
(ZM00040AB175290_P001,(((ZM00023AB168930_P001,(ZM00029AB170450_P001,ZM00027AB166490_P001)),(ZM00039AB166470_P001,ZM00031AB170700_P001)),ZM00001EB164630_P001),ZM00028AB169370_P001);
(ZM00040AB175290_P001,(((ZM00023AB168930_P001,(ZM00029AB170450_P001,ZM00027AB166490_P001)),(ZM00039AB166470_P001,ZM00031AB170700_P001)),ZM00001EB164630_P001),ZM00028AB169370_P001);
(ZM00040AB175290_P001,((((ZM00039AB166470_P001,ZM00031AB170700_P001),(ZM00029AB170450_P001,ZM00023AB168930_P001)),ZM00001EB164630_P001),ZM00027AB166490_P001),ZM00028AB169370_P001);
(ZM00040AB175290_P001,(((ZM00039AB166470_P001,ZM00031AB170700_P001),(ZM00027AB166490_P001,(ZM00029AB170450_P001,ZM00023AB168930_P001))),ZM00001EB164630_P001),ZM00028AB169370_P001);
(ZM00040AB175290_P001,(((ZM00039AB166470_P001,ZM00031AB170700_P001),(ZM00027AB166490_P001,(ZM00029AB170450_P001,ZM00023AB168930_P001))),ZM00001EB164630_P001),ZM00028AB169370_P001);
(ZM00040AB175290_P001,((((ZM00039AB166470_P001,ZM00031AB170700_P001),(ZM00029AB170450_P001,ZM00023AB168930_P001)),ZM00001EB164630_P001),ZM00027AB166490_P001),ZM00028AB169370_P001);
(ZM00040AB175290_P001,(((ZM00039AB166470_P001,ZM00031AB170700_P001),(ZM00027AB166490_P001,(ZM00029AB170450_P001,ZM00023AB168930_P001))),ZM00001EB164630_P001),ZM00028AB169370_P001);
(((ZM00023AB168930_P001,((ZM00039AB166470_P001,ZM00031AB170700_P001),(ZM00027AB166490_P001,ZM00029AB170450_P001))),ZM00001EB164630_P001),ZM00040AB175290_P001,ZM00028AB169370_P001);
(((ZM00023AB168930_P001,((ZM00039AB166470_P001,ZM00031AB170700_P001),(ZM00027AB166490_P001,ZM00029AB170450_P001))),ZM00001EB164630_P001),ZM00040AB175290_P001,ZM00028AB169370_P001);
((((ZM00029AB170450_P001,ZM00023AB168930_P001),((ZM00039AB166470_P001,ZM00031AB170700_P001),ZM00027AB166490_P001)),ZM00001EB164630_P001),ZM00040AB175290_P001,ZM00028AB169370_P001);
((((ZM00039AB166470_P001,ZM00031AB170700_P001),((ZM00029AB170450_P001,ZM00027AB166490_P001),ZM00023AB168930_P001)),ZM00001EB164630_P001),ZM00040AB175290_P001,ZM00028AB169370_P001);
((((ZM00039AB166470_P001,ZM00031AB170700_P001),((ZM00029AB170450_P001,ZM00027AB166490_P001),ZM00023AB168930_P001)),ZM00001EB164630_P001),ZM00040AB175290_P001,ZM00028AB169370_P001);
(ZM00040AB175290_P001,(ZM00001EB164630_P001,((ZM00023AB168930_P001,(ZM00029AB170450_P001,ZM00027AB166490_P001)),(ZM00031AB170700_P001,ZM00039AB166470_P001))),ZM00028AB169370_P001);
(ZM00040AB175290_P001,(ZM00001EB164630_P001,(((ZM00023AB168930_P001,ZM00029AB170450_P001),(ZM00031AB170700_P001,ZM00039AB166470_P001)),ZM00027AB166490_P001)),ZM00028AB169370_P001);
(ZM00040AB175290_P001,(ZM00001EB164630_P001,((ZM00023AB168930_P001,ZM00031AB170700_P001),(ZM00039AB166470_P001,(ZM00027AB166490_P001,ZM00029AB170450_P001)))),ZM00028AB169370_P001);
(ZM00040AB175290_P001,(ZM00001EB164630_P001,(ZM00031AB170700_P001,(ZM00039AB166470_P001,(ZM00027AB166490_P001,(ZM00023AB168930_P001,ZM00029AB170450_P001))))),ZM00028AB169370_P001);
(ZM00040AB175290_P001,(ZM00001EB164630_P001,(ZM00031AB170700_P001,(ZM00039AB166470_P001,(ZM00027AB166490_P001,(ZM00023AB168930_P001,ZM00029AB170450_P001))))),ZM00028AB169370_P001);
(ZM00040AB175290_P001,((ZM00001EB164630_P001,((ZM00023AB168930_P001,ZM00029AB170450_P001),(ZM00031AB170700_P001,ZM00039AB166470_P001))),ZM00027AB166490_P001),ZM00028AB169370_P001);
(ZM00040AB175290_P001,((ZM00001EB164630_P001,((ZM00023AB168930_P001,ZM00029AB170450_P001),(ZM00031AB170700_P001,ZM00039AB166470_P001))),ZM00027AB166490_P001),ZM00028AB169370_P001);
(ZM00040AB175290_P001,((ZM00001EB164630_P001,((ZM00023AB168930_P001,ZM00029AB170450_P001),(ZM00031AB170700_P001,ZM00039AB166470_P001))),ZM00027AB166490_P001),ZM00028AB169370_P001);
(ZM00040AB175290_P001,((ZM00001EB164630_P001,((ZM00023AB168930_P001,ZM00029AB170450_P001),(ZM00031AB170700_P001,ZM00039AB166470_P001))),ZM00027AB166490_P001),ZM00028AB169370_P001);
(ZM00040AB175290_P001,(ZM00001EB164630_P001,((ZM00027AB166490_P001,(ZM00023AB168930_P001,ZM00029AB170450_P001)),(ZM00031AB170700_P001,ZM00039AB166470_P001))),ZM00028AB169370_P001);
(ZM00040AB175290_P001,(ZM00001EB164630_P001,((ZM00031AB170700_P001,ZM00039AB166470_P001),(ZM00023AB168930_P001,(ZM00027AB166490_P001,ZM00029AB170450_P001)))),ZM00028AB169370_P001);
(ZM00040AB175290_P001,(ZM00001EB164630_P001,((ZM00031AB170700_P001,ZM00039AB166470_P001),(ZM00023AB168930_P001,(ZM00027AB166490_P001,ZM00029AB170450_P001)))),ZM00028AB169370_P001);
(ZM00040AB175290_P001,(ZM00001EB164630_P001,(ZM00031AB170700_P001,(ZM00039AB166470_P001,((ZM00023AB168930_P001,ZM00029AB170450_P001),ZM00027AB166490_P001)))),ZM00028AB169370_P001);
(ZM00040AB175290_P001,((ZM00001EB164630_P001,((ZM00023AB168930_P001,ZM00029AB170450_P001),(ZM00031AB170700_P001,ZM00039AB166470_P001))),ZM00027AB166490_P001),ZM00028AB169370_P001);
(ZM00040AB175290_P001,(ZM00001EB164630_P001,(ZM00029AB170450_P001,((ZM00031AB170700_P001,(ZM00027AB166490_P001,ZM00039AB166470_P001)),ZM00023AB168930_P001))),ZM00028AB169370_P001);
(ZM00040AB175290_P001,(ZM00001EB164630_P001,((ZM00031AB170700_P001,ZM00039AB166470_P001),(ZM00023AB168930_P001,(ZM00027AB166490_P001,ZM00029AB170450_P001)))),ZM00028AB169370_P001);
(ZM00040AB175290_P001,(ZM00001EB164630_P001,((ZM00031AB170700_P001,ZM00039AB166470_P001),(ZM00023AB168930_P001,(ZM00027AB166490_P001,ZM00029AB170450_P001)))),ZM00028AB169370_P001);
(ZM00040AB175290_P001,(ZM00001EB164630_P001,((ZM00031AB170700_P001,ZM00039AB166470_P001),(ZM00023AB168930_P001,(ZM00027AB166490_P001,ZM00029AB170450_P001)))),ZM00028AB169370_P001);
(ZM00040AB175290_P001,(ZM00001EB164630_P001,(((ZM00031AB170700_P001,ZM00039AB166470_P001),(ZM00023AB168930_P001,ZM00029AB170450_P001)),ZM00027AB166490_P001)),ZM00028AB169370_P001);
(ZM00040AB175290_P001,(ZM00001EB164630_P001,((ZM00027AB166490_P001,ZM00029AB170450_P001),((ZM00031AB170700_P001,ZM00039AB166470_P001),ZM00023AB168930_P001))),ZM00028AB169370_P001);
(ZM00040AB175290_P001,((((ZM00039AB166470_P001,ZM00031AB170700_P001),(ZM00029AB170450_P001,ZM00023AB168930_P001)),ZM00001EB164630_P001),ZM00027AB166490_P001),ZM00028AB169370_P001);
(ZM00040AB175290_P001,((((ZM00039AB166470_P001,ZM00031AB170700_P001),(ZM00029AB170450_P001,ZM00023AB168930_P001)),ZM00001EB164630_P001),ZM00027AB166490_P001),ZM00028AB169370_P001);
(ZM00040AB175290_P001,(((ZM00039AB166470_P001,ZM00031AB170700_P001),(ZM00027AB166490_P001,(ZM00029AB170450_P001,ZM00023AB168930_P001))),ZM00001EB164630_P001),ZM00028AB169370_P001);
(ZM00040AB175290_P001,(((ZM00031AB170700_P001,(ZM00039AB166470_P001,ZM00027AB166490_P001)),(ZM00029AB170450_P001,ZM00023AB168930_P001)),ZM00001EB164630_P001),ZM00028AB169370_P001);
(ZM00040AB175290_P001,((((ZM00031AB170700_P001,ZM00039AB166470_P001),(ZM00029AB170450_P001,ZM00023AB168930_P001)),ZM00027AB166490_P001),ZM00001EB164630_P001),ZM00028AB169370_P001);
(ZM00040AB175290_P001,((((ZM00031AB170700_P001,ZM00039AB166470_P001),(ZM00029AB170450_P001,ZM00023AB168930_P001)),ZM00027AB166490_P001),ZM00001EB164630_P001),ZM00028AB169370_P001);
(ZM00040AB175290_P001,(((ZM00031AB170700_P001,ZM00039AB166470_P001),((ZM00027AB166490_P001,ZM00029AB170450_P001),ZM00023AB168930_P001)),ZM00001EB164630_P001),ZM00028AB169370_P001);
(ZM00040AB175290_P001,(((ZM00031AB170700_P001,ZM00039AB166470_P001),((ZM00027AB166490_P001,ZM00029AB170450_P001),ZM00023AB168930_P001)),ZM00001EB164630_P001),ZM00028AB169370_P001);
(ZM00040AB175290_P001,(((ZM00031AB170700_P001,ZM00039AB166470_P001),((ZM00027AB166490_P001,ZM00029AB170450_P001),ZM00023AB168930_P001)),ZM00001EB164630_P001),ZM00028AB169370_P001);
(ZM00040AB175290_P001,(((ZM00031AB170700_P001,ZM00039AB166470_P001),((ZM00027AB166490_P001,ZM00029AB170450_P001),ZM00023AB168930_P001)),ZM00001EB164630_P001),ZM00028AB169370_P001);
