(ZM00041AB422400_P001,(ZM00034AB431730_P001,((ZM00030AB408930_P001,(ZM00037AB409750_P001,ZM00022AB411670_P001)),ZM00039AB414490_P001)),ZM00018AB425000_P001);
(ZM00041AB422400_P001,(ZM00034AB431730_P001,((ZM00030AB408930_P001,(ZM00037AB409750_P001,ZM00022AB411670_P001)),ZM00039AB414490_P001)),ZM00018AB425000_P001);
(ZM00041AB422400_P001,(ZM00034AB431730_P001,((ZM00030AB408930_P001,(ZM00037AB409750_P001,ZM00022AB411670_P001)),ZM00039AB414490_P001)),ZM00018AB425000_P001);
(ZM00041AB422400_P001,(ZM00034AB431730_P001,((ZM00030AB408930_P001,(ZM00037AB409750_P001,ZM00022AB411670_P001)),ZM00039AB414490_P001)),ZM00018AB425000_P001);
(ZM00041AB422400_P001,(ZM00034AB431730_P001,((ZM00030AB408930_P001,(ZM00037AB409750_P001,ZM00022AB411670_P001)),ZM00039AB414490_P001)),ZM00018AB425000_P001);
(ZM00041AB422400_P001,(ZM00034AB431730_P001,((ZM00030AB408930_P001,(ZM00037AB409750_P001,ZM00022AB411670_P001)),ZM00039AB414490_P001)),ZM00018AB425000_P001);
(ZM00041AB422400_P001,(ZM00034AB431730_P001,((ZM00030AB408930_P001,(ZM00037AB409750_P001,ZM00022AB411670_P001)),ZM00039AB414490_P001)),ZM00018AB425000_P001);
(ZM00041AB422400_P001,(ZM00034AB431730_P001,((ZM00030AB408930_P001,(ZM00037AB409750_P001,ZM00022AB411670_P001)),ZM00039AB414490_P001)),ZM00018AB425000_P001);
(ZM00041AB422400_P001,(ZM00034AB431730_P001,((ZM00030AB408930_P001,(ZM00037AB409750_P001,ZM00022AB411670_P001)),ZM00039AB414490_P001)),ZM00018AB425000_P001);
(ZM00041AB422400_P001,(ZM00034AB431730_P001,((ZM00030AB408930_P001,(ZM00037AB409750_P001,ZM00022AB411670_P001)),ZM00039AB414490_P001)),ZM00018AB425000_P001);
((ZM00039AB414490_P001,(ZM00041AB422400_P001,ZM00034AB431730_P001)),((ZM00022AB411670_P001,ZM00030AB408930_P001),ZM00037AB409750_P001),ZM00018AB425000_P001);
((ZM00039AB414490_P001,(ZM00041AB422400_P001,ZM00034AB431730_P001)),((ZM00022AB411670_P001,ZM00030AB408930_P001),ZM00037AB409750_P001),ZM00018AB425000_P001);
((ZM00039AB414490_P001,(ZM00041AB422400_P001,ZM00034AB431730_P001)),((ZM00022AB411670_P001,ZM00030AB408930_P001),ZM00037AB409750_P001),ZM00018AB425000_P001);
((ZM00039AB414490_P001,(ZM00041AB422400_P001,ZM00034AB431730_P001)),((ZM00022AB411670_P001,ZM00030AB408930_P001),ZM00037AB409750_P001),ZM00018AB425000_P001);
((ZM00039AB414490_P001,(ZM00041AB422400_P001,ZM00034AB431730_P001)),((ZM00022AB411670_P001,ZM00030AB408930_P001),ZM00037AB409750_P001),ZM00018AB425000_P001);
((ZM00039AB414490_P001,(ZM00041AB422400_P001,ZM00034AB431730_P001)),((ZM00022AB411670_P001,ZM00030AB408930_P001),ZM00037AB409750_P001),ZM00018AB425000_P001);
((ZM00039AB414490_P001,(ZM00041AB422400_P001,ZM00034AB431730_P001)),((ZM00022AB411670_P001,ZM00030AB408930_P001),ZM00037AB409750_P001),ZM00018AB425000_P001);
((ZM00039AB414490_P001,(ZM00041AB422400_P001,ZM00034AB431730_P001)),((ZM00022AB411670_P001,ZM00030AB408930_P001),ZM00037AB409750_P001),ZM00018AB425000_P001);
((ZM00039AB414490_P001,(ZM00041AB422400_P001,ZM00034AB431730_P001)),((ZM00022AB411670_P001,ZM00030AB408930_P001),ZM00037AB409750_P001),ZM00018AB425000_P001);
((ZM00039AB414490_P001,(ZM00041AB422400_P001,ZM00034AB431730_P001)),((ZM00022AB411670_P001,ZM00030AB408930_P001),ZM00037AB409750_P001),ZM00018AB425000_P001);
((ZM00034AB431730_P001,ZM00039AB414490_P001),(((ZM00030AB408930_P001,ZM00022AB411670_P001),ZM00037AB409750_P001),ZM00041AB422400_P001),ZM00018AB425000_P001);
((ZM00034AB431730_P001,ZM00039AB414490_P001),(((ZM00030AB408930_P001,ZM00022AB411670_P001),ZM00037AB409750_P001),ZM00041AB422400_P001),ZM00018AB425000_P001);
((ZM00034AB431730_P001,ZM00039AB414490_P001),(((ZM00030AB408930_P001,ZM00022AB411670_P001),ZM00037AB409750_P001),ZM00041AB422400_P001),ZM00018AB425000_P001);
((ZM00034AB431730_P001,ZM00039AB414490_P001),(((ZM00030AB408930_P001,ZM00022AB411670_P001),ZM00037AB409750_P001),ZM00041AB422400_P001),ZM00018AB425000_P001);
((ZM00034AB431730_P001,ZM00039AB414490_P001),(((ZM00030AB408930_P001,ZM00022AB411670_P001),ZM00037AB409750_P001),ZM00041AB422400_P001),ZM00018AB425000_P001);
((ZM00034AB431730_P001,ZM00039AB414490_P001),(((ZM00030AB408930_P001,ZM00022AB411670_P001),ZM00037AB409750_P001),ZM00041AB422400_P001),ZM00018AB425000_P001);
((ZM00034AB431730_P001,ZM00039AB414490_P001),(((ZM00030AB408930_P001,ZM00022AB411670_P001),ZM00037AB409750_P001),ZM00041AB422400_P001),ZM00018AB425000_P001);
((ZM00034AB431730_P001,ZM00039AB414490_P001),(((ZM00030AB408930_P001,ZM00022AB411670_P001),ZM00037AB409750_P001),ZM00041AB422400_P001),ZM00018AB425000_P001);
((ZM00034AB431730_P001,ZM00039AB414490_P001),(((ZM00030AB408930_P001,ZM00022AB411670_P001),ZM00037AB409750_P001),ZM00041AB422400_P001),ZM00018AB425000_P001);
((ZM00034AB431730_P001,ZM00039AB414490_P001),(((ZM00030AB408930_P001,ZM00022AB411670_P001),ZM00037AB409750_P001),ZM00041AB422400_P001),ZM00018AB425000_P001);
(ZM00039AB414490_P001,(ZM00034AB431730_P001,((ZM00037AB409750_P001,(ZM00030AB408930_P001,ZM00022AB411670_P001)),ZM00041AB422400_P001)),ZM00018AB425000_P001);
(ZM00039AB414490_P001,(ZM00034AB431730_P001,((ZM00037AB409750_P001,(ZM00030AB408930_P001,ZM00022AB411670_P001)),ZM00041AB422400_P001)),ZM00018AB425000_P001);
(ZM00039AB414490_P001,(ZM00034AB431730_P001,((ZM00037AB409750_P001,(ZM00030AB408930_P001,ZM00022AB411670_P001)),ZM00041AB422400_P001)),ZM00018AB425000_P001);
(ZM00039AB414490_P001,(ZM00034AB431730_P001,((ZM00037AB409750_P001,(ZM00030AB408930_P001,ZM00022AB411670_P001)),ZM00041AB422400_P001)),ZM00018AB425000_P001);
(ZM00039AB414490_P001,(ZM00034AB431730_P001,((ZM00037AB409750_P001,(ZM00030AB408930_P001,ZM00022AB411670_P001)),ZM00041AB422400_P001)),ZM00018AB425000_P001);
(ZM00039AB414490_P001,(ZM00034AB431730_P001,((ZM00037AB409750_P001,(ZM00030AB408930_P001,ZM00022AB411670_P001)),ZM00041AB422400_P001)),ZM00018AB425000_P001);
(ZM00039AB414490_P001,(ZM00034AB431730_P001,((ZM00037AB409750_P001,(ZM00030AB408930_P001,ZM00022AB411670_P001)),ZM00041AB422400_P001)),ZM00018AB425000_P001);
(ZM00039AB414490_P001,(ZM00034AB431730_P001,((ZM00037AB409750_P001,(ZM00030AB408930_P001,ZM00022AB411670_P001)),ZM00041AB422400_P001)),ZM00018AB425000_P001);
(ZM00039AB414490_P001,(ZM00034AB431730_P001,((ZM00037AB409750_P001,(ZM00030AB408930_P001,ZM00022AB411670_P001)),ZM00041AB422400_P001)),ZM00018AB425000_P001);
(ZM00039AB414490_P001,(ZM00034AB431730_P001,((ZM00037AB409750_P001,(ZM00030AB408930_P001,ZM00022AB411670_P001)),ZM00041AB422400_P001)),ZM00018AB425000_P001);
((ZM00039AB414490_P001,ZM00034AB431730_P001),(((ZM00030AB408930_P001,ZM00022AB411670_P001),ZM00037AB409750_P001),ZM00041AB422400_P001),ZM00018AB425000_P001);
((ZM00039AB414490_P001,ZM00034AB431730_P001),(((ZM00030AB408930_P001,ZM00022AB411670_P001),ZM00037AB409750_P001),ZM00041AB422400_P001),ZM00018AB425000_P001);
((ZM00039AB414490_P001,ZM00034AB431730_P001),(((ZM00030AB408930_P001,ZM00022AB411670_P001),ZM00037AB409750_P001),ZM00041AB422400_P001),ZM00018AB425000_P001);
((ZM00039AB414490_P001,ZM00034AB431730_P001),(((ZM00030AB408930_P001,ZM00022AB411670_P001),ZM00037AB409750_P001),ZM00041AB422400_P001),ZM00018AB425000_P001);
((ZM00039AB414490_P001,ZM00034AB431730_P001),(((ZM00030AB408930_P001,ZM00022AB411670_P001),ZM00037AB409750_P001),ZM00041AB422400_P001),ZM00018AB425000_P001);
((ZM00039AB414490_P001,ZM00034AB431730_P001),(((ZM00030AB408930_P001,ZM00022AB411670_P001),ZM00037AB409750_P001),ZM00041AB422400_P001),ZM00018AB425000_P001);
((ZM00039AB414490_P001,ZM00034AB431730_P001),(((ZM00030AB408930_P001,ZM00022AB411670_P001),ZM00037AB409750_P001),ZM00041AB422400_P001),ZM00018AB425000_P001);
((ZM00039AB414490_P001,ZM00034AB431730_P001),(((ZM00030AB408930_P001,ZM00022AB411670_P001),ZM00037AB409750_P001),ZM00041AB422400_P001),ZM00018AB425000_P001);
((ZM00039AB414490_P001,ZM00034AB431730_P001),(((ZM00030AB408930_P001,ZM00022AB411670_P001),ZM00037AB409750_P001),ZM00041AB422400_P001),ZM00018AB425000_P001);
((ZM00039AB414490_P001,ZM00034AB431730_P001),(((ZM00030AB408930_P001,ZM00022AB411670_P001),ZM00037AB409750_P001),ZM00041AB422400_P001),ZM00018AB425000_P001);
((ZM00034AB431730_P001,(ZM00041AB422400_P001,ZM00039AB414490_P001)),((ZM00037AB409750_P001,ZM00022AB411670_P001),ZM00030AB408930_P001),ZM00018AB425000_P001);
((ZM00034AB431730_P001,(ZM00041AB422400_P001,ZM00039AB414490_P001)),((ZM00037AB409750_P001,ZM00022AB411670_P001),ZM00030AB408930_P001),ZM00018AB425000_P001);
((ZM00034AB431730_P001,(ZM00041AB422400_P001,ZM00039AB414490_P001)),((ZM00037AB409750_P001,ZM00022AB411670_P001),ZM00030AB408930_P001),ZM00018AB425000_P001);
((ZM00034AB431730_P001,(ZM00041AB422400_P001,ZM00039AB414490_P001)),((ZM00037AB409750_P001,ZM00022AB411670_P001),ZM00030AB408930_P001),ZM00018AB425000_P001);
((ZM00034AB431730_P001,(ZM00041AB422400_P001,ZM00039AB414490_P001)),((ZM00037AB409750_P001,ZM00022AB411670_P001),ZM00030AB408930_P001),ZM00018AB425000_P001);
((ZM00034AB431730_P001,(ZM00041AB422400_P001,ZM00039AB414490_P001)),((ZM00037AB409750_P001,ZM00022AB411670_P001),ZM00030AB408930_P001),ZM00018AB425000_P001);
((ZM00034AB431730_P001,(ZM00041AB422400_P001,ZM00039AB414490_P001)),((ZM00037AB409750_P001,ZM00022AB411670_P001),ZM00030AB408930_P001),ZM00018AB425000_P001);
((ZM00034AB431730_P001,(ZM00041AB422400_P001,ZM00039AB414490_P001)),((ZM00037AB409750_P001,ZM00022AB411670_P001),ZM00030AB408930_P001),ZM00018AB425000_P001);
((ZM00034AB431730_P001,(ZM00041AB422400_P001,ZM00039AB414490_P001)),((ZM00037AB409750_P001,ZM00022AB411670_P001),ZM00030AB408930_P001),ZM00018AB425000_P001);
((ZM00034AB431730_P001,(ZM00041AB422400_P001,ZM00039AB414490_P001)),((ZM00037AB409750_P001,ZM00022AB411670_P001),ZM00030AB408930_P001),ZM00018AB425000_P001);
(ZM00039AB414490_P001,(ZM00041AB422400_P001,(ZM00034AB431730_P001,(ZM00037AB409750_P001,(ZM00022AB411670_P001,ZM00030AB408930_P001)))),ZM00018AB425000_P001);
(ZM00039AB414490_P001,(ZM00041AB422400_P001,(ZM00034AB431730_P001,(ZM00037AB409750_P001,(ZM00022AB411670_P001,ZM00030AB408930_P001)))),ZM00018AB425000_P001);
(ZM00039AB414490_P001,(ZM00041AB422400_P001,(ZM00034AB431730_P001,(ZM00037AB409750_P001,(ZM00022AB411670_P001,ZM00030AB408930_P001)))),ZM00018AB425000_P001);
(ZM00039AB414490_P001,(ZM00041AB422400_P001,(ZM00034AB431730_P001,(ZM00037AB409750_P001,(ZM00022AB411670_P001,ZM00030AB408930_P001)))),ZM00018AB425000_P001);
(ZM00039AB414490_P001,(ZM00041AB422400_P001,(ZM00034AB431730_P001,(ZM00037AB409750_P001,(ZM00022AB411670_P001,ZM00030AB408930_P001)))),ZM00018AB425000_P001);
(ZM00039AB414490_P001,(ZM00041AB422400_P001,(ZM00034AB431730_P001,(ZM00037AB409750_P001,(ZM00022AB411670_P001,ZM00030AB408930_P001)))),ZM00018AB425000_P001);
(ZM00039AB414490_P001,(ZM00041AB422400_P001,(ZM00034AB431730_P001,(ZM00037AB409750_P001,(ZM00022AB411670_P001,ZM00030AB408930_P001)))),ZM00018AB425000_P001);
(ZM00039AB414490_P001,(ZM00041AB422400_P001,(ZM00034AB431730_P001,(ZM00037AB409750_P001,(ZM00022AB411670_P001,ZM00030AB408930_P001)))),ZM00018AB425000_P001);
(ZM00039AB414490_P001,(ZM00041AB422400_P001,(ZM00034AB431730_P001,(ZM00037AB409750_P001,(ZM00022AB411670_P001,ZM00030AB408930_P001)))),ZM00018AB425000_P001);
(ZM00039AB414490_P001,(ZM00041AB422400_P001,(ZM00034AB431730_P001,(ZM00037AB409750_P001,(ZM00022AB411670_P001,ZM00030AB408930_P001)))),ZM00018AB425000_P001);
(ZM00039AB414490_P001,((((ZM00037AB409750_P001,ZM00030AB408930_P001),ZM00022AB411670_P001),ZM00034AB431730_P001),ZM00041AB422400_P001),ZM00018AB425000_P001);
(ZM00039AB414490_P001,((((ZM00037AB409750_P001,ZM00030AB408930_P001),ZM00022AB411670_P001),ZM00034AB431730_P001),ZM00041AB422400_P001),ZM00018AB425000_P001);
(ZM00039AB414490_P001,((((ZM00037AB409750_P001,ZM00030AB408930_P001),ZM00022AB411670_P001),ZM00034AB431730_P001),ZM00041AB422400_P001),ZM00018AB425000_P001);
(ZM00039AB414490_P001,((((ZM00037AB409750_P001,ZM00030AB408930_P001),ZM00022AB411670_P001),ZM00034AB431730_P001),ZM00041AB422400_P001),ZM00018AB425000_P001);
(ZM00039AB414490_P001,((((ZM00037AB409750_P001,ZM00030AB408930_P001),ZM00022AB411670_P001),ZM00034AB431730_P001),ZM00041AB422400_P001),ZM00018AB425000_P001);
(ZM00039AB414490_P001,((((ZM00037AB409750_P001,ZM00030AB408930_P001),ZM00022AB411670_P001),ZM00034AB431730_P001),ZM00041AB422400_P001),ZM00018AB425000_P001);
(ZM00039AB414490_P001,((((ZM00037AB409750_P001,ZM00030AB408930_P001),ZM00022AB411670_P001),ZM00034AB431730_P001),ZM00041AB422400_P001),ZM00018AB425000_P001);
(ZM00039AB414490_P001,((((ZM00037AB409750_P001,ZM00030AB408930_P001),ZM00022AB411670_P001),ZM00034AB431730_P001),ZM00041AB422400_P001),ZM00018AB425000_P001);
(ZM00039AB414490_P001,((((ZM00037AB409750_P001,ZM00030AB408930_P001),ZM00022AB411670_P001),ZM00034AB431730_P001),ZM00041AB422400_P001),ZM00018AB425000_P001);
(ZM00039AB414490_P001,((((ZM00037AB409750_P001,ZM00030AB408930_P001),ZM00022AB411670_P001),ZM00034AB431730_P001),ZM00041AB422400_P001),ZM00018AB425000_P001);
(ZM00034AB431730_P001,(ZM00039AB414490_P001,(ZM00041AB422400_P001,(ZM00022AB411670_P001,(ZM00037AB409750_P001,ZM00030AB408930_P001)))),ZM00018AB425000_P001);
(ZM00034AB431730_P001,(ZM00039AB414490_P001,(ZM00041AB422400_P001,(ZM00022AB411670_P001,(ZM00037AB409750_P001,ZM00030AB408930_P001)))),ZM00018AB425000_P001);
(ZM00034AB431730_P001,(ZM00039AB414490_P001,(ZM00041AB422400_P001,(ZM00022AB411670_P001,(ZM00037AB409750_P001,ZM00030AB408930_P001)))),ZM00018AB425000_P001);
(ZM00034AB431730_P001,(ZM00039AB414490_P001,(ZM00041AB422400_P001,(ZM00022AB411670_P001,(ZM00037AB409750_P001,ZM00030AB408930_P001)))),ZM00018AB425000_P001);
(ZM00034AB431730_P001,(ZM00039AB414490_P001,(ZM00041AB422400_P001,(ZM00022AB411670_P001,(ZM00037AB409750_P001,ZM00030AB408930_P001)))),ZM00018AB425000_P001);
(ZM00034AB431730_P001,(ZM00039AB414490_P001,(ZM00041AB422400_P001,(ZM00022AB411670_P001,(ZM00037AB409750_P001,ZM00030AB408930_P001)))),ZM00018AB425000_P001);
(ZM00034AB431730_P001,(ZM00039AB414490_P001,(ZM00041AB422400_P001,(ZM00022AB411670_P001,(ZM00037AB409750_P001,ZM00030AB408930_P001)))),ZM00018AB425000_P001);
(ZM00034AB431730_P001,(ZM00039AB414490_P001,(ZM00041AB422400_P001,(ZM00022AB411670_P001,(ZM00037AB409750_P001,ZM00030AB408930_P001)))),ZM00018AB425000_P001);
(ZM00034AB431730_P001,(ZM00039AB414490_P001,(ZM00041AB422400_P001,(ZM00022AB411670_P001,(ZM00037AB409750_P001,ZM00030AB408930_P001)))),ZM00018AB425000_P001);
(ZM00034AB431730_P001,(ZM00039AB414490_P001,(ZM00041AB422400_P001,(ZM00022AB411670_P001,(ZM00037AB409750_P001,ZM00030AB408930_P001)))),ZM00018AB425000_P001);
((ZM00034AB431730_P001,ZM00041AB422400_P001),(((ZM00030AB408930_P001,ZM00037AB409750_P001),ZM00022AB411670_P001),ZM00039AB414490_P001),ZM00018AB425000_P001);
((ZM00034AB431730_P001,ZM00041AB422400_P001),(((ZM00030AB408930_P001,ZM00037AB409750_P001),ZM00022AB411670_P001),ZM00039AB414490_P001),ZM00018AB425000_P001);
((ZM00034AB431730_P001,ZM00041AB422400_P001),(((ZM00030AB408930_P001,ZM00037AB409750_P001),ZM00022AB411670_P001),ZM00039AB414490_P001),ZM00018AB425000_P001);
((ZM00034AB431730_P001,ZM00041AB422400_P001),(((ZM00030AB408930_P001,ZM00037AB409750_P001),ZM00022AB411670_P001),ZM00039AB414490_P001),ZM00018AB425000_P001);
((ZM00034AB431730_P001,ZM00041AB422400_P001),(((ZM00030AB408930_P001,ZM00037AB409750_P001),ZM00022AB411670_P001),ZM00039AB414490_P001),ZM00018AB425000_P001);
((ZM00034AB431730_P001,ZM00041AB422400_P001),(((ZM00030AB408930_P001,ZM00037AB409750_P001),ZM00022AB411670_P001),ZM00039AB414490_P001),ZM00018AB425000_P001);
((ZM00034AB431730_P001,ZM00041AB422400_P001),(((ZM00030AB408930_P001,ZM00037AB409750_P001),ZM00022AB411670_P001),ZM00039AB414490_P001),ZM00018AB425000_P001);
((ZM00034AB431730_P001,ZM00041AB422400_P001),(((ZM00030AB408930_P001,ZM00037AB409750_P001),ZM00022AB411670_P001),ZM00039AB414490_P001),ZM00018AB425000_P001);
((ZM00034AB431730_P001,ZM00041AB422400_P001),(((ZM00030AB408930_P001,ZM00037AB409750_P001),ZM00022AB411670_P001),ZM00039AB414490_P001),ZM00018AB425000_P001);
((ZM00034AB431730_P001,ZM00041AB422400_P001),(((ZM00030AB408930_P001,ZM00037AB409750_P001),ZM00022AB411670_P001),ZM00039AB414490_P001),ZM00018AB425000_P001);
