(ZM00027AB166400_P001,(ZM00023AB168860_P001,((ZM00020AB166170_P001,(ZM00039AB166390_P001,ZM00040AB175230_P001)),ZM00036AB169290_P001)),ZM00029AB170380_P001);
(ZM00027AB166400_P001,(ZM00023AB168860_P001,((ZM00020AB166170_P001,(ZM00039AB166390_P001,ZM00040AB175230_P001)),ZM00036AB169290_P001)),ZM00029AB170380_P001);
(ZM00027AB166400_P001,(ZM00023AB168860_P001,((ZM00020AB166170_P001,(ZM00039AB166390_P001,ZM00040AB175230_P001)),ZM00036AB169290_P001)),ZM00029AB170380_P001);
(ZM00027AB166400_P001,(ZM00023AB168860_P001,((ZM00020AB166170_P001,(ZM00039AB166390_P001,ZM00040AB175230_P001)),ZM00036AB169290_P001)),ZM00029AB170380_P001);
(ZM00027AB166400_P001,(ZM00023AB168860_P001,((ZM00020AB166170_P001,(ZM00039AB166390_P001,ZM00040AB175230_P001)),ZM00036AB169290_P001)),ZM00029AB170380_P001);
(ZM00027AB166400_P001,(ZM00023AB168860_P001,((ZM00020AB166170_P001,(ZM00039AB166390_P001,ZM00040AB175230_P001)),ZM00036AB169290_P001)),ZM00029AB170380_P001);
(ZM00027AB166400_P001,(ZM00023AB168860_P001,((ZM00020AB166170_P001,(ZM00039AB166390_P001,ZM00040AB175230_P001)),ZM00036AB169290_P001)),ZM00029AB170380_P001);
(ZM00027AB166400_P001,(ZM00023AB168860_P001,((ZM00020AB166170_P001,(ZM00039AB166390_P001,ZM00040AB175230_P001)),ZM00036AB169290_P001)),ZM00029AB170380_P001);
(ZM00027AB166400_P001,(ZM00023AB168860_P001,((ZM00020AB166170_P001,(ZM00039AB166390_P001,ZM00040AB175230_P001)),ZM00036AB169290_P001)),ZM00029AB170380_P001);
(ZM00027AB166400_P001,(ZM00023AB168860_P001,((ZM00020AB166170_P001,(ZM00039AB166390_P001,ZM00040AB175230_P001)),ZM00036AB169290_P001)),ZM00029AB170380_P001);
((ZM00036AB169290_P001,(ZM00027AB166400_P001,ZM00023AB168860_P001)),((ZM00040AB175230_P001,ZM00039AB166390_P001),ZM00020AB166170_P001),ZM00029AB170380_P001);
((ZM00036AB169290_P001,(ZM00027AB166400_P001,ZM00023AB168860_P001)),((ZM00040AB175230_P001,ZM00039AB166390_P001),ZM00020AB166170_P001),ZM00029AB170380_P001);
((ZM00036AB169290_P001,(ZM00027AB166400_P001,ZM00023AB168860_P001)),((ZM00040AB175230_P001,ZM00039AB166390_P001),ZM00020AB166170_P001),ZM00029AB170380_P001);
((ZM00036AB169290_P001,(ZM00027AB166400_P001,ZM00023AB168860_P001)),((ZM00040AB175230_P001,ZM00039AB166390_P001),ZM00020AB166170_P001),ZM00029AB170380_P001);
((ZM00036AB169290_P001,(ZM00027AB166400_P001,ZM00023AB168860_P001)),((ZM00040AB175230_P001,ZM00039AB166390_P001),ZM00020AB166170_P001),ZM00029AB170380_P001);
((ZM00036AB169290_P001,(ZM00027AB166400_P001,ZM00023AB168860_P001)),((ZM00040AB175230_P001,ZM00039AB166390_P001),ZM00020AB166170_P001),ZM00029AB170380_P001);
((ZM00036AB169290_P001,(ZM00027AB166400_P001,ZM00023AB168860_P001)),((ZM00040AB175230_P001,ZM00039AB166390_P001),ZM00020AB166170_P001),ZM00029AB170380_P001);
((ZM00036AB169290_P001,(ZM00027AB166400_P001,ZM00023AB168860_P001)),((ZM00040AB175230_P001,ZM00039AB166390_P001),ZM00020AB166170_P001),ZM00029AB170380_P001);
((ZM00036AB169290_P001,(ZM00027AB166400_P001,ZM00023AB168860_P001)),((ZM00040AB175230_P001,ZM00039AB166390_P001),ZM00020AB166170_P001),ZM00029AB170380_P001);
((ZM00036AB169290_P001,(ZM00027AB166400_P001,ZM00023AB168860_P001)),((ZM00040AB175230_P001,ZM00039AB166390_P001),ZM00020AB166170_P001),ZM00029AB170380_P001);
((ZM00027AB166400_P001,(ZM00023AB168860_P001,ZM00036AB169290_P001)),((ZM00039AB166390_P001,ZM00040AB175230_P001),ZM00020AB166170_P001),ZM00029AB170380_P001);
((ZM00027AB166400_P001,(ZM00023AB168860_P001,ZM00036AB169290_P001)),((ZM00039AB166390_P001,ZM00040AB175230_P001),ZM00020AB166170_P001),ZM00029AB170380_P001);
((ZM00027AB166400_P001,(ZM00023AB168860_P001,ZM00036AB169290_P001)),((ZM00039AB166390_P001,ZM00040AB175230_P001),ZM00020AB166170_P001),ZM00029AB170380_P001);
((ZM00027AB166400_P001,(ZM00023AB168860_P001,ZM00036AB169290_P001)),((ZM00039AB166390_P001,ZM00040AB175230_P001),ZM00020AB166170_P001),ZM00029AB170380_P001);
((ZM00027AB166400_P001,(ZM00023AB168860_P001,ZM00036AB169290_P001)),((ZM00039AB166390_P001,ZM00040AB175230_P001),ZM00020AB166170_P001),ZM00029AB170380_P001);
((ZM00027AB166400_P001,(ZM00023AB168860_P001,ZM00036AB169290_P001)),((ZM00039AB166390_P001,ZM00040AB175230_P001),ZM00020AB166170_P001),ZM00029AB170380_P001);
((ZM00027AB166400_P001,(ZM00023AB168860_P001,ZM00036AB169290_P001)),((ZM00039AB166390_P001,ZM00040AB175230_P001),ZM00020AB166170_P001),ZM00029AB170380_P001);
((ZM00027AB166400_P001,(ZM00023AB168860_P001,ZM00036AB169290_P001)),((ZM00039AB166390_P001,ZM00040AB175230_P001),ZM00020AB166170_P001),ZM00029AB170380_P001);
((ZM00027AB166400_P001,(ZM00023AB168860_P001,ZM00036AB169290_P001)),((ZM00039AB166390_P001,ZM00040AB175230_P001),ZM00020AB166170_P001),ZM00029AB170380_P001);
((ZM00027AB166400_P001,(ZM00023AB168860_P001,ZM00036AB169290_P001)),((ZM00039AB166390_P001,ZM00040AB175230_P001),ZM00020AB166170_P001),ZM00029AB170380_P001);
(ZM00036AB169290_P001,(ZM00023AB168860_P001,(ZM00027AB166400_P001,((ZM00039AB166390_P001,ZM00040AB175230_P001),ZM00020AB166170_P001))),ZM00029AB170380_P001);
(ZM00036AB169290_P001,(ZM00023AB168860_P001,(ZM00027AB166400_P001,((ZM00039AB166390_P001,ZM00040AB175230_P001),ZM00020AB166170_P001))),ZM00029AB170380_P001);
(ZM00036AB169290_P001,(ZM00023AB168860_P001,(ZM00027AB166400_P001,((ZM00039AB166390_P001,ZM00040AB175230_P001),ZM00020AB166170_P001))),ZM00029AB170380_P001);
(ZM00036AB169290_P001,(ZM00023AB168860_P001,(ZM00027AB166400_P001,((ZM00039AB166390_P001,ZM00040AB175230_P001),ZM00020AB166170_P001))),ZM00029AB170380_P001);
(ZM00036AB169290_P001,(ZM00023AB168860_P001,(ZM00027AB166400_P001,((ZM00039AB166390_P001,ZM00040AB175230_P001),ZM00020AB166170_P001))),ZM00029AB170380_P001);
(ZM00036AB169290_P001,(ZM00023AB168860_P001,(ZM00027AB166400_P001,((ZM00039AB166390_P001,ZM00040AB175230_P001),ZM00020AB166170_P001))),ZM00029AB170380_P001);
(ZM00036AB169290_P001,(ZM00023AB168860_P001,(ZM00027AB166400_P001,((ZM00039AB166390_P001,ZM00040AB175230_P001),ZM00020AB166170_P001))),ZM00029AB170380_P001);
(ZM00036AB169290_P001,(ZM00023AB168860_P001,(ZM00027AB166400_P001,((ZM00039AB166390_P001,ZM00040AB175230_P001),ZM00020AB166170_P001))),ZM00029AB170380_P001);
(ZM00036AB169290_P001,(ZM00023AB168860_P001,(ZM00027AB166400_P001,((ZM00039AB166390_P001,ZM00040AB175230_P001),ZM00020AB166170_P001))),ZM00029AB170380_P001);
(ZM00036AB169290_P001,(ZM00023AB168860_P001,(ZM00027AB166400_P001,((ZM00039AB166390_P001,ZM00040AB175230_P001),ZM00020AB166170_P001))),ZM00029AB170380_P001);
((ZM00027AB166400_P001,(ZM00036AB169290_P001,ZM00023AB168860_P001)),((ZM00039AB166390_P001,ZM00040AB175230_P001),ZM00020AB166170_P001),ZM00029AB170380_P001);
((ZM00027AB166400_P001,(ZM00036AB169290_P001,ZM00023AB168860_P001)),((ZM00039AB166390_P001,ZM00040AB175230_P001),ZM00020AB166170_P001),ZM00029AB170380_P001);
((ZM00027AB166400_P001,(ZM00036AB169290_P001,ZM00023AB168860_P001)),((ZM00039AB166390_P001,ZM00040AB175230_P001),ZM00020AB166170_P001),ZM00029AB170380_P001);
((ZM00027AB166400_P001,(ZM00036AB169290_P001,ZM00023AB168860_P001)),((ZM00039AB166390_P001,ZM00040AB175230_P001),ZM00020AB166170_P001),ZM00029AB170380_P001);
((ZM00027AB166400_P001,(ZM00036AB169290_P001,ZM00023AB168860_P001)),((ZM00039AB166390_P001,ZM00040AB175230_P001),ZM00020AB166170_P001),ZM00029AB170380_P001);
((ZM00027AB166400_P001,(ZM00036AB169290_P001,ZM00023AB168860_P001)),((ZM00039AB166390_P001,ZM00040AB175230_P001),ZM00020AB166170_P001),ZM00029AB170380_P001);
((ZM00027AB166400_P001,(ZM00036AB169290_P001,ZM00023AB168860_P001)),((ZM00039AB166390_P001,ZM00040AB175230_P001),ZM00020AB166170_P001),ZM00029AB170380_P001);
((ZM00027AB166400_P001,(ZM00036AB169290_P001,ZM00023AB168860_P001)),((ZM00039AB166390_P001,ZM00040AB175230_P001),ZM00020AB166170_P001),ZM00029AB170380_P001);
((ZM00027AB166400_P001,(ZM00036AB169290_P001,ZM00023AB168860_P001)),((ZM00039AB166390_P001,ZM00040AB175230_P001),ZM00020AB166170_P001),ZM00029AB170380_P001);
((ZM00027AB166400_P001,(ZM00036AB169290_P001,ZM00023AB168860_P001)),((ZM00039AB166390_P001,ZM00040AB175230_P001),ZM00020AB166170_P001),ZM00029AB170380_P001);
((ZM00023AB168860_P001,(((ZM00040AB175230_P001,ZM00039AB166390_P001),ZM00020AB166170_P001),ZM00036AB169290_P001)),ZM00027AB166400_P001,ZM00029AB170380_P001);
((ZM00023AB168860_P001,(((ZM00040AB175230_P001,ZM00039AB166390_P001),ZM00020AB166170_P001),ZM00036AB169290_P001)),ZM00027AB166400_P001,ZM00029AB170380_P001);
((ZM00023AB168860_P001,(((ZM00040AB175230_P001,ZM00039AB166390_P001),ZM00020AB166170_P001),ZM00036AB169290_P001)),ZM00027AB166400_P001,ZM00029AB170380_P001);
((ZM00023AB168860_P001,(((ZM00040AB175230_P001,ZM00039AB166390_P001),ZM00020AB166170_P001),ZM00036AB169290_P001)),ZM00027AB166400_P001,ZM00029AB170380_P001);
((ZM00023AB168860_P001,(((ZM00040AB175230_P001,ZM00039AB166390_P001),ZM00020AB166170_P001),ZM00036AB169290_P001)),ZM00027AB166400_P001,ZM00029AB170380_P001);
((ZM00023AB168860_P001,(((ZM00040AB175230_P001,ZM00039AB166390_P001),ZM00020AB166170_P001),ZM00036AB169290_P001)),ZM00027AB166400_P001,ZM00029AB170380_P001);
((ZM00023AB168860_P001,(((ZM00040AB175230_P001,ZM00039AB166390_P001),ZM00020AB166170_P001),ZM00036AB169290_P001)),ZM00027AB166400_P001,ZM00029AB170380_P001);
((ZM00023AB168860_P001,(((ZM00040AB175230_P001,ZM00039AB166390_P001),ZM00020AB166170_P001),ZM00036AB169290_P001)),ZM00027AB166400_P001,ZM00029AB170380_P001);
((ZM00023AB168860_P001,(((ZM00040AB175230_P001,ZM00039AB166390_P001),ZM00020AB166170_P001),ZM00036AB169290_P001)),ZM00027AB166400_P001,ZM00029AB170380_P001);
((ZM00023AB168860_P001,(((ZM00040AB175230_P001,ZM00039AB166390_P001),ZM00020AB166170_P001),ZM00036AB169290_P001)),ZM00027AB166400_P001,ZM00029AB170380_P001);
(ZM00027AB166400_P001,(ZM00036AB169290_P001,(ZM00023AB168860_P001,(ZM00020AB166170_P001,(ZM00040AB175230_P001,ZM00039AB166390_P001)))),ZM00029AB170380_P001);
(ZM00027AB166400_P001,(ZM00036AB169290_P001,(ZM00023AB168860_P001,(ZM00020AB166170_P001,(ZM00040AB175230_P001,ZM00039AB166390_P001)))),ZM00029AB170380_P001);
(ZM00027AB166400_P001,(ZM00036AB169290_P001,(ZM00023AB168860_P001,(ZM00020AB166170_P001,(ZM00040AB175230_P001,ZM00039AB166390_P001)))),ZM00029AB170380_P001);
(ZM00027AB166400_P001,(ZM00036AB169290_P001,(ZM00023AB168860_P001,(ZM00020AB166170_P001,(ZM00040AB175230_P001,ZM00039AB166390_P001)))),ZM00029AB170380_P001);
(ZM00027AB166400_P001,(ZM00036AB169290_P001,(ZM00023AB168860_P001,(ZM00020AB166170_P001,(ZM00040AB175230_P001,ZM00039AB166390_P001)))),ZM00029AB170380_P001);
(ZM00027AB166400_P001,(ZM00036AB169290_P001,(ZM00023AB168860_P001,(ZM00020AB166170_P001,(ZM00040AB175230_P001,ZM00039AB166390_P001)))),ZM00029AB170380_P001);
(ZM00027AB166400_P001,(ZM00036AB169290_P001,(ZM00023AB168860_P001,(ZM00020AB166170_P001,(ZM00040AB175230_P001,ZM00039AB166390_P001)))),ZM00029AB170380_P001);
(ZM00027AB166400_P001,(ZM00036AB169290_P001,(ZM00023AB168860_P001,(ZM00020AB166170_P001,(ZM00040AB175230_P001,ZM00039AB166390_P001)))),ZM00029AB170380_P001);
(ZM00027AB166400_P001,(ZM00036AB169290_P001,(ZM00023AB168860_P001,(ZM00020AB166170_P001,(ZM00040AB175230_P001,ZM00039AB166390_P001)))),ZM00029AB170380_P001);
(ZM00027AB166400_P001,(ZM00036AB169290_P001,(ZM00023AB168860_P001,(ZM00020AB166170_P001,(ZM00040AB175230_P001,ZM00039AB166390_P001)))),ZM00029AB170380_P001);
((ZM00036AB169290_P001,ZM00027AB166400_P001),(((ZM00039AB166390_P001,ZM00040AB175230_P001),ZM00020AB166170_P001),ZM00023AB168860_P001),ZM00029AB170380_P001);
((ZM00036AB169290_P001,ZM00027AB166400_P001),(((ZM00039AB166390_P001,ZM00040AB175230_P001),ZM00020AB166170_P001),ZM00023AB168860_P001),ZM00029AB170380_P001);
((ZM00036AB169290_P001,ZM00027AB166400_P001),(((ZM00039AB166390_P001,ZM00040AB175230_P001),ZM00020AB166170_P001),ZM00023AB168860_P001),ZM00029AB170380_P001);
((ZM00036AB169290_P001,ZM00027AB166400_P001),(((ZM00039AB166390_P001,ZM00040AB175230_P001),ZM00020AB166170_P001),ZM00023AB168860_P001),ZM00029AB170380_P001);
((ZM00036AB169290_P001,ZM00027AB166400_P001),(((ZM00039AB166390_P001,ZM00040AB175230_P001),ZM00020AB166170_P001),ZM00023AB168860_P001),ZM00029AB170380_P001);
((ZM00036AB169290_P001,ZM00027AB166400_P001),(((ZM00039AB166390_P001,ZM00040AB175230_P001),ZM00020AB166170_P001),ZM00023AB168860_P001),ZM00029AB170380_P001);
((ZM00036AB169290_P001,ZM00027AB166400_P001),(((ZM00039AB166390_P001,ZM00040AB175230_P001),ZM00020AB166170_P001),ZM00023AB168860_P001),ZM00029AB170380_P001);
((ZM00036AB169290_P001,ZM00027AB166400_P001),(((ZM00039AB166390_P001,ZM00040AB175230_P001),ZM00020AB166170_P001),ZM00023AB168860_P001),ZM00029AB170380_P001);
((ZM00036AB169290_P001,ZM00027AB166400_P001),(((ZM00039AB166390_P001,ZM00040AB175230_P001),ZM00020AB166170_P001),ZM00023AB168860_P001),ZM00029AB170380_P001);
((ZM00036AB169290_P001,ZM00027AB166400_P001),(((ZM00039AB166390_P001,ZM00040AB175230_P001),ZM00020AB166170_P001),ZM00023AB168860_P001),ZM00029AB170380_P001);
(ZM00023AB168860_P001,(ZM00036AB169290_P001,(ZM00027AB166400_P001,(ZM00020AB166170_P001,(ZM00040AB175230_P001,ZM00039AB166390_P001)))),ZM00029AB170380_P001);
(ZM00023AB168860_P001,(ZM00036AB169290_P001,(ZM00027AB166400_P001,(ZM00020AB166170_P001,(ZM00040AB175230_P001,ZM00039AB166390_P001)))),ZM00029AB170380_P001);
(ZM00023AB168860_P001,(ZM00036AB169290_P001,(ZM00027AB166400_P001,(ZM00020AB166170_P001,(ZM00040AB175230_P001,ZM00039AB166390_P001)))),ZM00029AB170380_P001);
(ZM00023AB168860_P001,(ZM00036AB169290_P001,(ZM00027AB166400_P001,(ZM00020AB166170_P001,(ZM00040AB175230_P001,ZM00039AB166390_P001)))),ZM00029AB170380_P001);
(ZM00023AB168860_P001,(ZM00036AB169290_P001,(ZM00027AB166400_P001,(ZM00020AB166170_P001,(ZM00040AB175230_P001,ZM00039AB166390_P001)))),ZM00029AB170380_P001);
(ZM00023AB168860_P001,(ZM00036AB169290_P001,(ZM00027AB166400_P001,(ZM00020AB166170_P001,(ZM00040AB175230_P001,ZM00039AB166390_P001)))),ZM00029AB170380_P001);
(ZM00023AB168860_P001,(ZM00036AB169290_P001,(ZM00027AB166400_P001,(ZM00020AB166170_P001,(ZM00040AB175230_P001,ZM00039AB166390_P001)))),ZM00029AB170380_P001);
(ZM00023AB168860_P001,(ZM00036AB169290_P001,(ZM00027AB166400_P001,(ZM00020AB166170_P001,(ZM00040AB175230_P001,ZM00039AB166390_P001)))),ZM00029AB170380_P001);
(ZM00023AB168860_P001,(ZM00036AB169290_P001,(ZM00027AB166400_P001,(ZM00020AB166170_P001,(ZM00040AB175230_P001,ZM00039AB166390_P001)))),ZM00029AB170380_P001);
(ZM00023AB168860_P001,(ZM00036AB169290_P001,(ZM00027AB166400_P001,(ZM00020AB166170_P001,(ZM00040AB175230_P001,ZM00039AB166390_P001)))),ZM00029AB170380_P001);
((ZM00023AB168860_P001,ZM00027AB166400_P001),(((ZM00040AB175230_P001,ZM00039AB166390_P001),ZM00020AB166170_P001),ZM00036AB169290_P001),ZM00029AB170380_P001);
((ZM00023AB168860_P001,ZM00027AB166400_P001),(((ZM00040AB175230_P001,ZM00039AB166390_P001),ZM00020AB166170_P001),ZM00036AB169290_P001),ZM00029AB170380_P001);
((ZM00023AB168860_P001,ZM00027AB166400_P001),(((ZM00040AB175230_P001,ZM00039AB166390_P001),ZM00020AB166170_P001),ZM00036AB169290_P001),ZM00029AB170380_P001);
((ZM00023AB168860_P001,ZM00027AB166400_P001),(((ZM00040AB175230_P001,ZM00039AB166390_P001),ZM00020AB166170_P001),ZM00036AB169290_P001),ZM00029AB170380_P001);
((ZM00023AB168860_P001,ZM00027AB166400_P001),(((ZM00040AB175230_P001,ZM00039AB166390_P001),ZM00020AB166170_P001),ZM00036AB169290_P001),ZM00029AB170380_P001);
((ZM00023AB168860_P001,ZM00027AB166400_P001),(((ZM00040AB175230_P001,ZM00039AB166390_P001),ZM00020AB166170_P001),ZM00036AB169290_P001),ZM00029AB170380_P001);
((ZM00023AB168860_P001,ZM00027AB166400_P001),(((ZM00040AB175230_P001,ZM00039AB166390_P001),ZM00020AB166170_P001),ZM00036AB169290_P001),ZM00029AB170380_P001);
((ZM00023AB168860_P001,ZM00027AB166400_P001),(((ZM00040AB175230_P001,ZM00039AB166390_P001),ZM00020AB166170_P001),ZM00036AB169290_P001),ZM00029AB170380_P001);
((ZM00023AB168860_P001,ZM00027AB166400_P001),(((ZM00040AB175230_P001,ZM00039AB166390_P001),ZM00020AB166170_P001),ZM00036AB169290_P001),ZM00029AB170380_P001);
((ZM00023AB168860_P001,ZM00027AB166400_P001),(((ZM00040AB175230_P001,ZM00039AB166390_P001),ZM00020AB166170_P001),ZM00036AB169290_P001),ZM00029AB170380_P001);
