(ZM00041AB171180_P001,(ZM00033AB174240_P001,(ZM00036AB169300_P001,((ZM00034AB174660_P001,(ZM00029AB170390_P001,ZM00037AB165300_P001)),(ZM00024AB167320_P001,ZM00028AB169290_P001)))),ZM00001EB164570_P001);
(ZM00041AB171180_P001,(ZM00033AB174240_P001,(ZM00036AB169300_P001,((ZM00034AB174660_P001,(ZM00029AB170390_P001,ZM00037AB165300_P001)),(ZM00024AB167320_P001,ZM00028AB169290_P001)))),ZM00001EB164570_P001);
(ZM00041AB171180_P001,(ZM00033AB174240_P001,(ZM00036AB169300_P001,((ZM00034AB174660_P001,(ZM00029AB170390_P001,ZM00037AB165300_P001)),(ZM00024AB167320_P001,ZM00028AB169290_P001)))),ZM00001EB164570_P001);
(ZM00041AB171180_P001,(ZM00033AB174240_P001,(ZM00036AB169300_P001,((ZM00034AB174660_P001,(ZM00029AB170390_P001,ZM00037AB165300_P001)),(ZM00024AB167320_P001,ZM00028AB169290_P001)))),ZM00001EB164570_P001);
(ZM00041AB171180_P001,(ZM00033AB174240_P001,((ZM00024AB167320_P001,ZM00028AB169290_P001),(ZM00036AB169300_P001,(ZM00034AB174660_P001,(ZM00029AB170390_P001,ZM00037AB165300_P001))))),ZM00001EB164570_P001);
(ZM00041AB171180_P001,(ZM00033AB174240_P001,(ZM00036AB169300_P001,((ZM00034AB174660_P001,(ZM00029AB170390_P001,ZM00037AB165300_P001)),(ZM00024AB167320_P001,ZM00028AB169290_P001)))),ZM00001EB164570_P001);
(ZM00041AB171180_P001,((ZM00024AB167320_P001,ZM00028AB169290_P001),(ZM00033AB174240_P001,(((ZM00029AB170390_P001,ZM00037AB165300_P001),ZM00034AB174660_P001),ZM00036AB169300_P001))),ZM00001EB164570_P001);
(ZM00041AB171180_P001,(ZM00033AB174240_P001,(ZM00036AB169300_P001,(((ZM00029AB170390_P001,ZM00037AB165300_P001),(ZM00024AB167320_P001,ZM00028AB169290_P001)),ZM00034AB174660_P001))),ZM00001EB164570_P001);
(ZM00041AB171180_P001,(ZM00033AB174240_P001,(ZM00036AB169300_P001,((ZM00024AB167320_P001,ZM00028AB169290_P001),(ZM00034AB174660_P001,(ZM00029AB170390_P001,ZM00037AB165300_P001))))),ZM00001EB164570_P001);
(ZM00041AB171180_P001,((ZM00024AB167320_P001,ZM00028AB169290_P001),(((ZM00034AB174660_P001,(ZM00029AB170390_P001,ZM00037AB165300_P001)),ZM00036AB169300_P001),ZM00033AB174240_P001)),ZM00001EB164570_P001);
(ZM00041AB171180_P001,(ZM00033AB174240_P001,(((ZM00037AB165300_P001,ZM00029AB170390_P001),((ZM00024AB167320_P001,ZM00028AB169290_P001),ZM00034AB174660_P001)),ZM00036AB169300_P001)),ZM00001EB164570_P001);
(ZM00041AB171180_P001,(ZM00033AB174240_P001,(((ZM00024AB167320_P001,ZM00028AB169290_P001),(ZM00034AB174660_P001,(ZM00037AB165300_P001,ZM00029AB170390_P001))),ZM00036AB169300_P001)),ZM00001EB164570_P001);
(ZM00041AB171180_P001,(ZM00033AB174240_P001,(((ZM00024AB167320_P001,ZM00028AB169290_P001),(ZM00034AB174660_P001,(ZM00037AB165300_P001,ZM00029AB170390_P001))),ZM00036AB169300_P001)),ZM00001EB164570_P001);
(ZM00041AB171180_P001,(ZM00033AB174240_P001,(((ZM00024AB167320_P001,ZM00028AB169290_P001),(ZM00034AB174660_P001,(ZM00037AB165300_P001,ZM00029AB170390_P001))),ZM00036AB169300_P001)),ZM00001EB164570_P001);
(ZM00041AB171180_P001,(ZM00033AB174240_P001,(((ZM00024AB167320_P001,ZM00028AB169290_P001),(ZM00034AB174660_P001,(ZM00037AB165300_P001,ZM00029AB170390_P001))),ZM00036AB169300_P001)),ZM00001EB164570_P001);
(ZM00041AB171180_P001,(ZM00033AB174240_P001,(((ZM00024AB167320_P001,ZM00028AB169290_P001),(ZM00034AB174660_P001,(ZM00037AB165300_P001,ZM00029AB170390_P001))),ZM00036AB169300_P001)),ZM00001EB164570_P001);
(ZM00041AB171180_P001,((ZM00024AB167320_P001,ZM00028AB169290_P001),(((ZM00034AB174660_P001,(ZM00037AB165300_P001,ZM00029AB170390_P001)),ZM00036AB169300_P001),ZM00033AB174240_P001)),ZM00001EB164570_P001);
(ZM00041AB171180_P001,(ZM00033AB174240_P001,((((ZM00024AB167320_P001,ZM00028AB169290_P001),ZM00034AB174660_P001),(ZM00037AB165300_P001,ZM00029AB170390_P001)),ZM00036AB169300_P001)),ZM00001EB164570_P001);
(ZM00041AB171180_P001,(ZM00033AB174240_P001,((((ZM00024AB167320_P001,ZM00028AB169290_P001),ZM00034AB174660_P001),(ZM00037AB165300_P001,ZM00029AB170390_P001)),ZM00036AB169300_P001)),ZM00001EB164570_P001);
(ZM00041AB171180_P001,(ZM00033AB174240_P001,((((ZM00024AB167320_P001,ZM00028AB169290_P001),ZM00034AB174660_P001),(ZM00037AB165300_P001,ZM00029AB170390_P001)),ZM00036AB169300_P001)),ZM00001EB164570_P001);
(ZM00041AB171180_P001,(((ZM00037AB165300_P001,ZM00029AB170390_P001),(ZM00034AB174660_P001,(ZM00028AB169290_P001,ZM00024AB167320_P001))),(ZM00036AB169300_P001,ZM00033AB174240_P001)),ZM00001EB164570_P001);
(ZM00041AB171180_P001,(((ZM00037AB165300_P001,ZM00029AB170390_P001),(ZM00034AB174660_P001,(ZM00028AB169290_P001,ZM00024AB167320_P001))),(ZM00036AB169300_P001,ZM00033AB174240_P001)),ZM00001EB164570_P001);
(ZM00041AB171180_P001,(((ZM00037AB165300_P001,ZM00029AB170390_P001),(ZM00034AB174660_P001,(ZM00028AB169290_P001,ZM00024AB167320_P001))),(ZM00036AB169300_P001,ZM00033AB174240_P001)),ZM00001EB164570_P001);
(ZM00041AB171180_P001,(((ZM00037AB165300_P001,ZM00029AB170390_P001),(ZM00034AB174660_P001,(ZM00028AB169290_P001,ZM00024AB167320_P001))),(ZM00036AB169300_P001,ZM00033AB174240_P001)),ZM00001EB164570_P001);
(ZM00041AB171180_P001,(((ZM00037AB165300_P001,ZM00029AB170390_P001),(ZM00034AB174660_P001,(ZM00028AB169290_P001,ZM00024AB167320_P001))),(ZM00036AB169300_P001,ZM00033AB174240_P001)),ZM00001EB164570_P001);
(ZM00041AB171180_P001,(ZM00033AB174240_P001,(((ZM00037AB165300_P001,ZM00029AB170390_P001),(ZM00034AB174660_P001,(ZM00028AB169290_P001,ZM00024AB167320_P001))),ZM00036AB169300_P001)),ZM00001EB164570_P001);
(ZM00041AB171180_P001,(ZM00033AB174240_P001,(((ZM00037AB165300_P001,ZM00029AB170390_P001),(ZM00034AB174660_P001,(ZM00028AB169290_P001,ZM00024AB167320_P001))),ZM00036AB169300_P001)),ZM00001EB164570_P001);
(ZM00041AB171180_P001,(ZM00033AB174240_P001,(((ZM00037AB165300_P001,ZM00029AB170390_P001),(ZM00034AB174660_P001,(ZM00028AB169290_P001,ZM00024AB167320_P001))),ZM00036AB169300_P001)),ZM00001EB164570_P001);
(ZM00041AB171180_P001,(ZM00033AB174240_P001,(((ZM00037AB165300_P001,ZM00029AB170390_P001),(ZM00034AB174660_P001,(ZM00028AB169290_P001,ZM00024AB167320_P001))),ZM00036AB169300_P001)),ZM00001EB164570_P001);
(ZM00041AB171180_P001,(ZM00033AB174240_P001,(((ZM00037AB165300_P001,ZM00029AB170390_P001),(ZM00034AB174660_P001,(ZM00028AB169290_P001,ZM00024AB167320_P001))),ZM00036AB169300_P001)),ZM00001EB164570_P001);
((ZM00033AB174240_P001,(((ZM00024AB167320_P001,ZM00028AB169290_P001),(ZM00034AB174660_P001,(ZM00029AB170390_P001,ZM00037AB165300_P001))),ZM00036AB169300_P001)),ZM00041AB171180_P001,ZM00001EB164570_P001);
((ZM00033AB174240_P001,((ZM00024AB167320_P001,ZM00028AB169290_P001),((ZM00034AB174660_P001,(ZM00029AB170390_P001,ZM00037AB165300_P001)),ZM00036AB169300_P001))),ZM00041AB171180_P001,ZM00001EB164570_P001);
(((ZM00024AB167320_P001,ZM00028AB169290_P001),(((ZM00034AB174660_P001,(ZM00029AB170390_P001,ZM00037AB165300_P001)),ZM00036AB169300_P001),ZM00033AB174240_P001)),ZM00041AB171180_P001,ZM00001EB164570_P001);
(((ZM00024AB167320_P001,ZM00028AB169290_P001),(((ZM00034AB174660_P001,(ZM00029AB170390_P001,ZM00037AB165300_P001)),ZM00036AB169300_P001),ZM00033AB174240_P001)),ZM00041AB171180_P001,ZM00001EB164570_P001);
((ZM00033AB174240_P001,(((ZM00029AB170390_P001,ZM00037AB165300_P001),(ZM00034AB174660_P001,(ZM00024AB167320_P001,ZM00028AB169290_P001))),ZM00036AB169300_P001)),ZM00041AB171180_P001,ZM00001EB164570_P001);
(((ZM00033AB174240_P001,(((ZM00029AB170390_P001,ZM00037AB165300_P001),ZM00034AB174660_P001),ZM00036AB169300_P001)),(ZM00024AB167320_P001,ZM00028AB169290_P001)),ZM00041AB171180_P001,ZM00001EB164570_P001);
(((ZM00033AB174240_P001,(((ZM00029AB170390_P001,ZM00037AB165300_P001),ZM00034AB174660_P001),ZM00036AB169300_P001)),(ZM00024AB167320_P001,ZM00028AB169290_P001)),ZM00041AB171180_P001,ZM00001EB164570_P001);
((ZM00033AB174240_P001,(((ZM00029AB170390_P001,ZM00037AB165300_P001),(ZM00034AB174660_P001,(ZM00024AB167320_P001,ZM00028AB169290_P001))),ZM00036AB169300_P001)),ZM00041AB171180_P001,ZM00001EB164570_P001);
((ZM00033AB174240_P001,(((ZM00029AB170390_P001,ZM00037AB165300_P001),(ZM00034AB174660_P001,(ZM00024AB167320_P001,ZM00028AB169290_P001))),ZM00036AB169300_P001)),ZM00041AB171180_P001,ZM00001EB164570_P001);
((ZM00033AB174240_P001,(((ZM00029AB170390_P001,ZM00037AB165300_P001),(ZM00034AB174660_P001,(ZM00024AB167320_P001,ZM00028AB169290_P001))),ZM00036AB169300_P001)),ZM00041AB171180_P001,ZM00001EB164570_P001);
((ZM00033AB174240_P001,(ZM00036AB169300_P001,((ZM00024AB167320_P001,ZM00028AB169290_P001),(ZM00034AB174660_P001,(ZM00029AB170390_P001,ZM00037AB165300_P001))))),ZM00041AB171180_P001,ZM00001EB164570_P001);
((ZM00033AB174240_P001,(ZM00036AB169300_P001,((ZM00029AB170390_P001,ZM00037AB165300_P001),((ZM00024AB167320_P001,ZM00028AB169290_P001),ZM00034AB174660_P001)))),ZM00041AB171180_P001,ZM00001EB164570_P001);
((ZM00033AB174240_P001,(ZM00036AB169300_P001,((ZM00024AB167320_P001,ZM00028AB169290_P001),(ZM00034AB174660_P001,(ZM00029AB170390_P001,ZM00037AB165300_P001))))),ZM00041AB171180_P001,ZM00001EB164570_P001);
((ZM00033AB174240_P001,((ZM00024AB167320_P001,ZM00028AB169290_P001),((ZM00034AB174660_P001,(ZM00029AB170390_P001,ZM00037AB165300_P001)),ZM00036AB169300_P001))),ZM00041AB171180_P001,ZM00001EB164570_P001);
((ZM00033AB174240_P001,(ZM00036AB169300_P001,((ZM00024AB167320_P001,ZM00028AB169290_P001),(ZM00034AB174660_P001,(ZM00029AB170390_P001,ZM00037AB165300_P001))))),ZM00041AB171180_P001,ZM00001EB164570_P001);
((ZM00033AB174240_P001,(ZM00036AB169300_P001,((ZM00024AB167320_P001,ZM00028AB169290_P001),(ZM00034AB174660_P001,(ZM00029AB170390_P001,ZM00037AB165300_P001))))),ZM00041AB171180_P001,ZM00001EB164570_P001);
((ZM00033AB174240_P001,(ZM00036AB169300_P001,((ZM00024AB167320_P001,ZM00028AB169290_P001),(ZM00034AB174660_P001,(ZM00029AB170390_P001,ZM00037AB165300_P001))))),ZM00041AB171180_P001,ZM00001EB164570_P001);
((ZM00033AB174240_P001,(ZM00036AB169300_P001,((ZM00024AB167320_P001,ZM00028AB169290_P001),(ZM00034AB174660_P001,(ZM00029AB170390_P001,ZM00037AB165300_P001))))),ZM00041AB171180_P001,ZM00001EB164570_P001);
((ZM00033AB174240_P001,((ZM00024AB167320_P001,ZM00028AB169290_P001),((ZM00034AB174660_P001,(ZM00029AB170390_P001,ZM00037AB165300_P001)),ZM00036AB169300_P001))),ZM00041AB171180_P001,ZM00001EB164570_P001);
((ZM00033AB174240_P001,((ZM00024AB167320_P001,ZM00028AB169290_P001),((ZM00034AB174660_P001,(ZM00029AB170390_P001,ZM00037AB165300_P001)),ZM00036AB169300_P001))),ZM00041AB171180_P001,ZM00001EB164570_P001);
(ZM00041AB171180_P001,(ZM00033AB174240_P001,(((ZM00037AB165300_P001,ZM00029AB170390_P001),((ZM00024AB167320_P001,ZM00028AB169290_P001),ZM00034AB174660_P001)),ZM00036AB169300_P001)),ZM00001EB164570_P001);
(ZM00041AB171180_P001,(ZM00033AB174240_P001,(((ZM00024AB167320_P001,ZM00028AB169290_P001),(ZM00034AB174660_P001,(ZM00037AB165300_P001,ZM00029AB170390_P001))),ZM00036AB169300_P001)),ZM00001EB164570_P001);
(ZM00041AB171180_P001,(ZM00033AB174240_P001,((((ZM00024AB167320_P001,ZM00028AB169290_P001),ZM00034AB174660_P001),(ZM00037AB165300_P001,ZM00029AB170390_P001)),ZM00036AB169300_P001)),ZM00001EB164570_P001);
(ZM00041AB171180_P001,(ZM00033AB174240_P001,((((ZM00024AB167320_P001,ZM00028AB169290_P001),ZM00034AB174660_P001),(ZM00037AB165300_P001,ZM00029AB170390_P001)),ZM00036AB169300_P001)),ZM00001EB164570_P001);
(ZM00041AB171180_P001,(((ZM00024AB167320_P001,ZM00028AB169290_P001),(ZM00034AB174660_P001,(ZM00037AB165300_P001,ZM00029AB170390_P001))),(ZM00036AB169300_P001,ZM00033AB174240_P001)),ZM00001EB164570_P001);
(ZM00041AB171180_P001,(ZM00033AB174240_P001,(((ZM00024AB167320_P001,ZM00028AB169290_P001),(ZM00034AB174660_P001,(ZM00037AB165300_P001,ZM00029AB170390_P001))),ZM00036AB169300_P001)),ZM00001EB164570_P001);
(ZM00041AB171180_P001,(ZM00033AB174240_P001,(((ZM00024AB167320_P001,ZM00028AB169290_P001),(ZM00034AB174660_P001,(ZM00037AB165300_P001,ZM00029AB170390_P001))),ZM00036AB169300_P001)),ZM00001EB164570_P001);
(ZM00041AB171180_P001,(ZM00033AB174240_P001,(((ZM00024AB167320_P001,ZM00028AB169290_P001),(ZM00034AB174660_P001,(ZM00037AB165300_P001,ZM00029AB170390_P001))),ZM00036AB169300_P001)),ZM00001EB164570_P001);
(ZM00041AB171180_P001,(ZM00033AB174240_P001,(((ZM00037AB165300_P001,ZM00029AB170390_P001),((ZM00024AB167320_P001,ZM00028AB169290_P001),ZM00034AB174660_P001)),ZM00036AB169300_P001)),ZM00001EB164570_P001);
(ZM00041AB171180_P001,(ZM00033AB174240_P001,(((ZM00024AB167320_P001,ZM00028AB169290_P001),(ZM00034AB174660_P001,(ZM00037AB165300_P001,ZM00029AB170390_P001))),ZM00036AB169300_P001)),ZM00001EB164570_P001);
((((ZM00029AB170390_P001,ZM00037AB165300_P001),(ZM00034AB174660_P001,(ZM00028AB169290_P001,ZM00024AB167320_P001))),(ZM00036AB169300_P001,ZM00033AB174240_P001)),ZM00041AB171180_P001,ZM00001EB164570_P001);
((((ZM00029AB170390_P001,ZM00037AB165300_P001),(ZM00034AB174660_P001,(ZM00028AB169290_P001,ZM00024AB167320_P001))),(ZM00036AB169300_P001,ZM00033AB174240_P001)),ZM00041AB171180_P001,ZM00001EB164570_P001);
((((ZM00029AB170390_P001,ZM00037AB165300_P001),(ZM00034AB174660_P001,(ZM00028AB169290_P001,ZM00024AB167320_P001))),(ZM00036AB169300_P001,ZM00033AB174240_P001)),ZM00041AB171180_P001,ZM00001EB164570_P001);
((((ZM00029AB170390_P001,ZM00037AB165300_P001),(ZM00034AB174660_P001,(ZM00028AB169290_P001,ZM00024AB167320_P001))),(ZM00036AB169300_P001,ZM00033AB174240_P001)),ZM00041AB171180_P001,ZM00001EB164570_P001);
((((ZM00029AB170390_P001,ZM00037AB165300_P001),(ZM00034AB174660_P001,(ZM00028AB169290_P001,ZM00024AB167320_P001))),(ZM00036AB169300_P001,ZM00033AB174240_P001)),ZM00041AB171180_P001,ZM00001EB164570_P001);
((((ZM00029AB170390_P001,ZM00037AB165300_P001),(ZM00034AB174660_P001,(ZM00028AB169290_P001,ZM00024AB167320_P001))),(ZM00036AB169300_P001,ZM00033AB174240_P001)),ZM00041AB171180_P001,ZM00001EB164570_P001);
((((ZM00029AB170390_P001,ZM00037AB165300_P001),(ZM00034AB174660_P001,(ZM00028AB169290_P001,ZM00024AB167320_P001))),(ZM00036AB169300_P001,ZM00033AB174240_P001)),ZM00041AB171180_P001,ZM00001EB164570_P001);
((((ZM00029AB170390_P001,ZM00037AB165300_P001),(ZM00034AB174660_P001,(ZM00028AB169290_P001,ZM00024AB167320_P001))),(ZM00036AB169300_P001,ZM00033AB174240_P001)),ZM00041AB171180_P001,ZM00001EB164570_P001);
((ZM00033AB174240_P001,(((ZM00029AB170390_P001,ZM00037AB165300_P001),(ZM00034AB174660_P001,(ZM00028AB169290_P001,ZM00024AB167320_P001))),ZM00036AB169300_P001)),ZM00041AB171180_P001,ZM00001EB164570_P001);
((ZM00033AB174240_P001,(((ZM00029AB170390_P001,ZM00037AB165300_P001),(ZM00034AB174660_P001,(ZM00028AB169290_P001,ZM00024AB167320_P001))),ZM00036AB169300_P001)),ZM00041AB171180_P001,ZM00001EB164570_P001);
(ZM00041AB171180_P001,(ZM00033AB174240_P001,((ZM00028AB169290_P001,ZM00024AB167320_P001),((ZM00034AB174660_P001,(ZM00029AB170390_P001,ZM00037AB165300_P001)),ZM00036AB169300_P001))),ZM00001EB164570_P001);
(ZM00041AB171180_P001,(ZM00033AB174240_P001,(ZM00036AB169300_P001,((ZM00028AB169290_P001,ZM00024AB167320_P001),(ZM00034AB174660_P001,(ZM00029AB170390_P001,ZM00037AB165300_P001))))),ZM00001EB164570_P001);
(ZM00041AB171180_P001,(ZM00033AB174240_P001,((ZM00028AB169290_P001,ZM00024AB167320_P001),((ZM00034AB174660_P001,(ZM00029AB170390_P001,ZM00037AB165300_P001)),ZM00036AB169300_P001))),ZM00001EB164570_P001);
(ZM00041AB171180_P001,(ZM00033AB174240_P001,((ZM00028AB169290_P001,ZM00024AB167320_P001),((ZM00034AB174660_P001,(ZM00029AB170390_P001,ZM00037AB165300_P001)),ZM00036AB169300_P001))),ZM00001EB164570_P001);
(ZM00041AB171180_P001,(ZM00033AB174240_P001,(ZM00036AB169300_P001,((ZM00029AB170390_P001,ZM00037AB165300_P001),((ZM00028AB169290_P001,ZM00024AB167320_P001),ZM00034AB174660_P001)))),ZM00001EB164570_P001);
(ZM00041AB171180_P001,(ZM00033AB174240_P001,(ZM00036AB169300_P001,((ZM00029AB170390_P001,ZM00037AB165300_P001),((ZM00028AB169290_P001,ZM00024AB167320_P001),ZM00034AB174660_P001)))),ZM00001EB164570_P001);
(ZM00041AB171180_P001,(ZM00033AB174240_P001,(ZM00036AB169300_P001,((ZM00029AB170390_P001,ZM00037AB165300_P001),((ZM00028AB169290_P001,ZM00024AB167320_P001),ZM00034AB174660_P001)))),ZM00001EB164570_P001);
(ZM00041AB171180_P001,((ZM00033AB174240_P001,(ZM00036AB169300_P001,(ZM00034AB174660_P001,(ZM00029AB170390_P001,ZM00037AB165300_P001)))),(ZM00028AB169290_P001,ZM00024AB167320_P001)),ZM00001EB164570_P001);
(ZM00041AB171180_P001,((ZM00033AB174240_P001,(ZM00036AB169300_P001,(ZM00034AB174660_P001,(ZM00029AB170390_P001,ZM00037AB165300_P001)))),(ZM00028AB169290_P001,ZM00024AB167320_P001)),ZM00001EB164570_P001);
(ZM00041AB171180_P001,(ZM00033AB174240_P001,(ZM00036AB169300_P001,(((ZM00028AB169290_P001,ZM00024AB167320_P001),ZM00034AB174660_P001),(ZM00029AB170390_P001,ZM00037AB165300_P001)))),ZM00001EB164570_P001);
(ZM00041AB171180_P001,((((ZM00034AB174660_P001,(ZM00029AB170390_P001,ZM00037AB165300_P001)),ZM00036AB169300_P001),(ZM00024AB167320_P001,ZM00028AB169290_P001)),ZM00033AB174240_P001),ZM00001EB164570_P001);
(ZM00041AB171180_P001,((((ZM00034AB174660_P001,(ZM00029AB170390_P001,ZM00037AB165300_P001)),ZM00036AB169300_P001),(ZM00024AB167320_P001,ZM00028AB169290_P001)),ZM00033AB174240_P001),ZM00001EB164570_P001);
(ZM00041AB171180_P001,((((ZM00034AB174660_P001,(ZM00029AB170390_P001,ZM00037AB165300_P001)),ZM00036AB169300_P001),(ZM00024AB167320_P001,ZM00028AB169290_P001)),ZM00033AB174240_P001),ZM00001EB164570_P001);
(ZM00041AB171180_P001,(ZM00033AB174240_P001,(((ZM00034AB174660_P001,(ZM00029AB170390_P001,ZM00037AB165300_P001)),(ZM00024AB167320_P001,ZM00028AB169290_P001)),ZM00036AB169300_P001)),ZM00001EB164570_P001);
(ZM00041AB171180_P001,(ZM00033AB174240_P001,(((ZM00034AB174660_P001,(ZM00029AB170390_P001,ZM00037AB165300_P001)),(ZM00024AB167320_P001,ZM00028AB169290_P001)),ZM00036AB169300_P001)),ZM00001EB164570_P001);
(ZM00041AB171180_P001,(ZM00033AB174240_P001,(((ZM00034AB174660_P001,(ZM00029AB170390_P001,ZM00037AB165300_P001)),(ZM00024AB167320_P001,ZM00028AB169290_P001)),ZM00036AB169300_P001)),ZM00001EB164570_P001);
(ZM00041AB171180_P001,(ZM00033AB174240_P001,(((ZM00034AB174660_P001,(ZM00029AB170390_P001,ZM00037AB165300_P001)),(ZM00024AB167320_P001,ZM00028AB169290_P001)),ZM00036AB169300_P001)),ZM00001EB164570_P001);
(ZM00041AB171180_P001,(ZM00033AB174240_P001,(((ZM00034AB174660_P001,(ZM00029AB170390_P001,ZM00037AB165300_P001)),(ZM00024AB167320_P001,ZM00028AB169290_P001)),ZM00036AB169300_P001)),ZM00001EB164570_P001);
(ZM00041AB171180_P001,(ZM00033AB174240_P001,(((ZM00034AB174660_P001,(ZM00029AB170390_P001,ZM00037AB165300_P001)),(ZM00024AB167320_P001,ZM00028AB169290_P001)),ZM00036AB169300_P001)),ZM00001EB164570_P001);
(ZM00041AB171180_P001,(ZM00033AB174240_P001,(((ZM00029AB170390_P001,ZM00037AB165300_P001),((ZM00024AB167320_P001,ZM00028AB169290_P001),ZM00034AB174660_P001)),ZM00036AB169300_P001)),ZM00001EB164570_P001);
(ZM00041AB171180_P001,(ZM00033AB174240_P001,(((ZM00037AB165300_P001,ZM00029AB170390_P001),((ZM00028AB169290_P001,ZM00024AB167320_P001),ZM00034AB174660_P001)),ZM00036AB169300_P001)),ZM00001EB164570_P001);
(ZM00041AB171180_P001,(ZM00033AB174240_P001,(((ZM00037AB165300_P001,ZM00029AB170390_P001),((ZM00028AB169290_P001,ZM00024AB167320_P001),ZM00034AB174660_P001)),ZM00036AB169300_P001)),ZM00001EB164570_P001);
(ZM00041AB171180_P001,((ZM00033AB174240_P001,((ZM00034AB174660_P001,(ZM00037AB165300_P001,ZM00029AB170390_P001)),ZM00036AB169300_P001)),(ZM00028AB169290_P001,ZM00024AB167320_P001)),ZM00001EB164570_P001);
(ZM00041AB171180_P001,((ZM00033AB174240_P001,((ZM00034AB174660_P001,(ZM00037AB165300_P001,ZM00029AB170390_P001)),ZM00036AB169300_P001)),(ZM00028AB169290_P001,ZM00024AB167320_P001)),ZM00001EB164570_P001);
(ZM00041AB171180_P001,((ZM00033AB174240_P001,((ZM00034AB174660_P001,(ZM00037AB165300_P001,ZM00029AB170390_P001)),ZM00036AB169300_P001)),(ZM00028AB169290_P001,ZM00024AB167320_P001)),ZM00001EB164570_P001);
(ZM00041AB171180_P001,(ZM00033AB174240_P001,((((ZM00028AB169290_P001,ZM00024AB167320_P001),ZM00034AB174660_P001),(ZM00037AB165300_P001,ZM00029AB170390_P001)),ZM00036AB169300_P001)),ZM00001EB164570_P001);
(ZM00041AB171180_P001,(ZM00033AB174240_P001,((((ZM00028AB169290_P001,ZM00024AB167320_P001),ZM00034AB174660_P001),(ZM00037AB165300_P001,ZM00029AB170390_P001)),ZM00036AB169300_P001)),ZM00001EB164570_P001);
(ZM00041AB171180_P001,(ZM00033AB174240_P001,((((ZM00028AB169290_P001,ZM00024AB167320_P001),ZM00034AB174660_P001),(ZM00037AB165300_P001,ZM00029AB170390_P001)),ZM00036AB169300_P001)),ZM00001EB164570_P001);
(ZM00041AB171180_P001,(ZM00033AB174240_P001,((((ZM00028AB169290_P001,ZM00024AB167320_P001),ZM00034AB174660_P001),(ZM00037AB165300_P001,ZM00029AB170390_P001)),ZM00036AB169300_P001)),ZM00001EB164570_P001);
(ZM00041AB171180_P001,((ZM00033AB174240_P001,((ZM00034AB174660_P001,(ZM00037AB165300_P001,ZM00029AB170390_P001)),ZM00036AB169300_P001)),(ZM00028AB169290_P001,ZM00024AB167320_P001)),ZM00001EB164570_P001);
