(ZM00032AB422830_P001,(ZM00019AB391890_P001,((ZM00042AB424290_P001,ZM00023AB416940_P001),(ZM00029AB422830_P001,(ZM00024AB414620_P001,(ZM00020AB411810_P001,ZM00028AB416250_P001))))),ZM00033AB428870_P001);
(ZM00032AB422830_P001,(ZM00019AB391890_P001,((ZM00042AB424290_P001,ZM00023AB416940_P001),(ZM00029AB422830_P001,(ZM00024AB414620_P001,(ZM00020AB411810_P001,ZM00028AB416250_P001))))),ZM00033AB428870_P001);
(ZM00032AB422830_P001,(ZM00019AB391890_P001,((ZM00042AB424290_P001,ZM00023AB416940_P001),(ZM00029AB422830_P001,(ZM00024AB414620_P001,(ZM00020AB411810_P001,ZM00028AB416250_P001))))),ZM00033AB428870_P001);
(ZM00032AB422830_P001,(ZM00019AB391890_P001,((ZM00042AB424290_P001,ZM00023AB416940_P001),(ZM00029AB422830_P001,(ZM00024AB414620_P001,(ZM00020AB411810_P001,ZM00028AB416250_P001))))),ZM00033AB428870_P001);
(ZM00032AB422830_P001,(ZM00019AB391890_P001,((ZM00042AB424290_P001,ZM00023AB416940_P001),(ZM00029AB422830_P001,(ZM00024AB414620_P001,(ZM00020AB411810_P001,ZM00028AB416250_P001))))),ZM00033AB428870_P001);
(ZM00032AB422830_P001,(ZM00019AB391890_P001,((ZM00042AB424290_P001,ZM00023AB416940_P001),(ZM00029AB422830_P001,(ZM00024AB414620_P001,(ZM00020AB411810_P001,ZM00028AB416250_P001))))),ZM00033AB428870_P001);
(ZM00032AB422830_P001,(ZM00019AB391890_P001,((ZM00042AB424290_P001,ZM00023AB416940_P001),(ZM00029AB422830_P001,(ZM00024AB414620_P001,(ZM00020AB411810_P001,ZM00028AB416250_P001))))),ZM00033AB428870_P001);
(ZM00032AB422830_P001,(ZM00019AB391890_P001,((ZM00042AB424290_P001,ZM00023AB416940_P001),(ZM00029AB422830_P001,(ZM00024AB414620_P001,(ZM00020AB411810_P001,ZM00028AB416250_P001))))),ZM00033AB428870_P001);
(ZM00032AB422830_P001,(ZM00019AB391890_P001,((ZM00042AB424290_P001,ZM00023AB416940_P001),(ZM00029AB422830_P001,(ZM00024AB414620_P001,(ZM00020AB411810_P001,ZM00028AB416250_P001))))),ZM00033AB428870_P001);
(ZM00032AB422830_P001,(ZM00019AB391890_P001,((ZM00042AB424290_P001,ZM00023AB416940_P001),(ZM00029AB422830_P001,(ZM00024AB414620_P001,(ZM00020AB411810_P001,ZM00028AB416250_P001))))),ZM00033AB428870_P001);
(ZM00028AB416250_P001,(ZM00024AB414620_P001,(ZM00020AB411810_P001,((ZM00042AB424290_P001,ZM00023AB416940_P001),(ZM00019AB391890_P001,(ZM00029AB422830_P001,ZM00032AB422830_P001))))),ZM00033AB428870_P001);
(ZM00028AB416250_P001,(ZM00024AB414620_P001,(ZM00020AB411810_P001,((ZM00042AB424290_P001,ZM00023AB416940_P001),(ZM00019AB391890_P001,(ZM00029AB422830_P001,ZM00032AB422830_P001))))),ZM00033AB428870_P001);
(ZM00028AB416250_P001,(ZM00024AB414620_P001,(ZM00020AB411810_P001,((ZM00042AB424290_P001,ZM00023AB416940_P001),(ZM00019AB391890_P001,(ZM00029AB422830_P001,ZM00032AB422830_P001))))),ZM00033AB428870_P001);
(ZM00028AB416250_P001,(ZM00024AB414620_P001,(ZM00020AB411810_P001,((ZM00042AB424290_P001,ZM00023AB416940_P001),(ZM00019AB391890_P001,(ZM00029AB422830_P001,ZM00032AB422830_P001))))),ZM00033AB428870_P001);
(ZM00028AB416250_P001,(ZM00024AB414620_P001,(ZM00020AB411810_P001,((ZM00042AB424290_P001,ZM00023AB416940_P001),(ZM00019AB391890_P001,(ZM00029AB422830_P001,ZM00032AB422830_P001))))),ZM00033AB428870_P001);
(ZM00028AB416250_P001,(ZM00024AB414620_P001,(ZM00020AB411810_P001,((ZM00042AB424290_P001,ZM00023AB416940_P001),(ZM00019AB391890_P001,(ZM00029AB422830_P001,ZM00032AB422830_P001))))),ZM00033AB428870_P001);
(ZM00028AB416250_P001,(ZM00024AB414620_P001,(ZM00020AB411810_P001,((ZM00042AB424290_P001,ZM00023AB416940_P001),(ZM00019AB391890_P001,(ZM00029AB422830_P001,ZM00032AB422830_P001))))),ZM00033AB428870_P001);
(ZM00028AB416250_P001,(ZM00024AB414620_P001,(ZM00020AB411810_P001,((ZM00042AB424290_P001,ZM00023AB416940_P001),(ZM00019AB391890_P001,(ZM00029AB422830_P001,ZM00032AB422830_P001))))),ZM00033AB428870_P001);
(ZM00028AB416250_P001,(ZM00024AB414620_P001,(ZM00020AB411810_P001,((ZM00042AB424290_P001,ZM00023AB416940_P001),(ZM00019AB391890_P001,(ZM00029AB422830_P001,ZM00032AB422830_P001))))),ZM00033AB428870_P001);
(ZM00028AB416250_P001,(ZM00024AB414620_P001,(ZM00020AB411810_P001,((ZM00042AB424290_P001,ZM00023AB416940_P001),(ZM00019AB391890_P001,(ZM00029AB422830_P001,ZM00032AB422830_P001))))),ZM00033AB428870_P001);
(ZM00024AB414620_P001,(ZM00020AB411810_P001,(ZM00032AB422830_P001,(ZM00028AB416250_P001,(ZM00029AB422830_P001,((ZM00023AB416940_P001,ZM00042AB424290_P001),ZM00019AB391890_P001))))),ZM00033AB428870_P001);
(ZM00024AB414620_P001,(ZM00020AB411810_P001,(ZM00032AB422830_P001,(ZM00028AB416250_P001,(ZM00029AB422830_P001,((ZM00023AB416940_P001,ZM00042AB424290_P001),ZM00019AB391890_P001))))),ZM00033AB428870_P001);
(ZM00024AB414620_P001,(ZM00020AB411810_P001,(ZM00032AB422830_P001,(ZM00028AB416250_P001,(ZM00029AB422830_P001,((ZM00023AB416940_P001,ZM00042AB424290_P001),ZM00019AB391890_P001))))),ZM00033AB428870_P001);
(ZM00024AB414620_P001,(ZM00020AB411810_P001,(ZM00032AB422830_P001,(ZM00028AB416250_P001,(ZM00029AB422830_P001,((ZM00023AB416940_P001,ZM00042AB424290_P001),ZM00019AB391890_P001))))),ZM00033AB428870_P001);
(ZM00024AB414620_P001,(ZM00020AB411810_P001,(ZM00032AB422830_P001,(ZM00028AB416250_P001,(ZM00029AB422830_P001,((ZM00023AB416940_P001,ZM00042AB424290_P001),ZM00019AB391890_P001))))),ZM00033AB428870_P001);
(ZM00024AB414620_P001,(ZM00020AB411810_P001,(ZM00032AB422830_P001,(ZM00028AB416250_P001,(ZM00029AB422830_P001,((ZM00023AB416940_P001,ZM00042AB424290_P001),ZM00019AB391890_P001))))),ZM00033AB428870_P001);
(ZM00024AB414620_P001,(ZM00020AB411810_P001,(ZM00032AB422830_P001,(ZM00028AB416250_P001,(ZM00029AB422830_P001,((ZM00023AB416940_P001,ZM00042AB424290_P001),ZM00019AB391890_P001))))),ZM00033AB428870_P001);
(ZM00024AB414620_P001,(ZM00020AB411810_P001,(ZM00032AB422830_P001,(ZM00028AB416250_P001,(ZM00029AB422830_P001,((ZM00023AB416940_P001,ZM00042AB424290_P001),ZM00019AB391890_P001))))),ZM00033AB428870_P001);
(ZM00024AB414620_P001,(ZM00020AB411810_P001,(ZM00032AB422830_P001,(ZM00028AB416250_P001,(ZM00029AB422830_P001,((ZM00023AB416940_P001,ZM00042AB424290_P001),ZM00019AB391890_P001))))),ZM00033AB428870_P001);
(ZM00024AB414620_P001,(ZM00020AB411810_P001,(ZM00032AB422830_P001,(ZM00028AB416250_P001,(ZM00029AB422830_P001,((ZM00023AB416940_P001,ZM00042AB424290_P001),ZM00019AB391890_P001))))),ZM00033AB428870_P001);
((ZM00019AB391890_P001,(ZM00024AB414620_P001,(ZM00028AB416250_P001,ZM00020AB411810_P001))),(((ZM00023AB416940_P001,ZM00042AB424290_P001),ZM00032AB422830_P001),ZM00029AB422830_P001),ZM00033AB428870_P001);
((ZM00019AB391890_P001,(ZM00024AB414620_P001,(ZM00028AB416250_P001,ZM00020AB411810_P001))),(((ZM00023AB416940_P001,ZM00042AB424290_P001),ZM00032AB422830_P001),ZM00029AB422830_P001),ZM00033AB428870_P001);
((ZM00019AB391890_P001,(ZM00024AB414620_P001,(ZM00028AB416250_P001,ZM00020AB411810_P001))),(((ZM00023AB416940_P001,ZM00042AB424290_P001),ZM00032AB422830_P001),ZM00029AB422830_P001),ZM00033AB428870_P001);
((ZM00019AB391890_P001,(ZM00024AB414620_P001,(ZM00028AB416250_P001,ZM00020AB411810_P001))),(((ZM00023AB416940_P001,ZM00042AB424290_P001),ZM00032AB422830_P001),ZM00029AB422830_P001),ZM00033AB428870_P001);
((ZM00019AB391890_P001,(ZM00024AB414620_P001,(ZM00028AB416250_P001,ZM00020AB411810_P001))),(((ZM00023AB416940_P001,ZM00042AB424290_P001),ZM00032AB422830_P001),ZM00029AB422830_P001),ZM00033AB428870_P001);
((ZM00019AB391890_P001,(ZM00024AB414620_P001,(ZM00028AB416250_P001,ZM00020AB411810_P001))),(((ZM00023AB416940_P001,ZM00042AB424290_P001),ZM00032AB422830_P001),ZM00029AB422830_P001),ZM00033AB428870_P001);
((ZM00019AB391890_P001,(ZM00024AB414620_P001,(ZM00028AB416250_P001,ZM00020AB411810_P001))),(((ZM00023AB416940_P001,ZM00042AB424290_P001),ZM00032AB422830_P001),ZM00029AB422830_P001),ZM00033AB428870_P001);
((ZM00019AB391890_P001,(ZM00024AB414620_P001,(ZM00028AB416250_P001,ZM00020AB411810_P001))),(((ZM00023AB416940_P001,ZM00042AB424290_P001),ZM00032AB422830_P001),ZM00029AB422830_P001),ZM00033AB428870_P001);
((ZM00019AB391890_P001,(ZM00024AB414620_P001,(ZM00028AB416250_P001,ZM00020AB411810_P001))),(((ZM00023AB416940_P001,ZM00042AB424290_P001),ZM00032AB422830_P001),ZM00029AB422830_P001),ZM00033AB428870_P001);
((ZM00019AB391890_P001,(ZM00024AB414620_P001,(ZM00028AB416250_P001,ZM00020AB411810_P001))),(((ZM00023AB416940_P001,ZM00042AB424290_P001),ZM00032AB422830_P001),ZM00029AB422830_P001),ZM00033AB428870_P001);
((ZM00020AB411810_P001,ZM00019AB391890_P001),(((((ZM00023AB416940_P001,ZM00042AB424290_P001),ZM00032AB422830_P001),ZM00024AB414620_P001),ZM00029AB422830_P001),ZM00028AB416250_P001),ZM00033AB428870_P001);
((ZM00020AB411810_P001,ZM00019AB391890_P001),(((((ZM00023AB416940_P001,ZM00042AB424290_P001),ZM00032AB422830_P001),ZM00024AB414620_P001),ZM00029AB422830_P001),ZM00028AB416250_P001),ZM00033AB428870_P001);
((ZM00020AB411810_P001,ZM00019AB391890_P001),(((((ZM00023AB416940_P001,ZM00042AB424290_P001),ZM00032AB422830_P001),ZM00024AB414620_P001),ZM00029AB422830_P001),ZM00028AB416250_P001),ZM00033AB428870_P001);
((ZM00020AB411810_P001,ZM00019AB391890_P001),(((((ZM00023AB416940_P001,ZM00042AB424290_P001),ZM00032AB422830_P001),ZM00024AB414620_P001),ZM00029AB422830_P001),ZM00028AB416250_P001),ZM00033AB428870_P001);
((ZM00020AB411810_P001,ZM00019AB391890_P001),(((((ZM00023AB416940_P001,ZM00042AB424290_P001),ZM00032AB422830_P001),ZM00024AB414620_P001),ZM00029AB422830_P001),ZM00028AB416250_P001),ZM00033AB428870_P001);
((ZM00020AB411810_P001,ZM00019AB391890_P001),(((((ZM00023AB416940_P001,ZM00042AB424290_P001),ZM00032AB422830_P001),ZM00024AB414620_P001),ZM00029AB422830_P001),ZM00028AB416250_P001),ZM00033AB428870_P001);
((ZM00020AB411810_P001,ZM00019AB391890_P001),(((((ZM00023AB416940_P001,ZM00042AB424290_P001),ZM00032AB422830_P001),ZM00024AB414620_P001),ZM00029AB422830_P001),ZM00028AB416250_P001),ZM00033AB428870_P001);
((ZM00020AB411810_P001,ZM00019AB391890_P001),(((((ZM00023AB416940_P001,ZM00042AB424290_P001),ZM00032AB422830_P001),ZM00024AB414620_P001),ZM00029AB422830_P001),ZM00028AB416250_P001),ZM00033AB428870_P001);
((ZM00020AB411810_P001,ZM00019AB391890_P001),(((((ZM00023AB416940_P001,ZM00042AB424290_P001),ZM00032AB422830_P001),ZM00024AB414620_P001),ZM00029AB422830_P001),ZM00028AB416250_P001),ZM00033AB428870_P001);
((ZM00020AB411810_P001,ZM00019AB391890_P001),(((((ZM00023AB416940_P001,ZM00042AB424290_P001),ZM00032AB422830_P001),ZM00024AB414620_P001),ZM00029AB422830_P001),ZM00028AB416250_P001),ZM00033AB428870_P001);
((ZM00029AB422830_P001,(ZM00032AB422830_P001,(ZM00019AB391890_P001,(ZM00024AB414620_P001,ZM00020AB411810_P001)))),((ZM00023AB416940_P001,ZM00042AB424290_P001),ZM00028AB416250_P001),ZM00033AB428870_P001);
((ZM00029AB422830_P001,(ZM00032AB422830_P001,(ZM00019AB391890_P001,(ZM00024AB414620_P001,ZM00020AB411810_P001)))),((ZM00023AB416940_P001,ZM00042AB424290_P001),ZM00028AB416250_P001),ZM00033AB428870_P001);
((ZM00029AB422830_P001,(ZM00032AB422830_P001,(ZM00019AB391890_P001,(ZM00024AB414620_P001,ZM00020AB411810_P001)))),((ZM00023AB416940_P001,ZM00042AB424290_P001),ZM00028AB416250_P001),ZM00033AB428870_P001);
((ZM00029AB422830_P001,(ZM00032AB422830_P001,(ZM00019AB391890_P001,(ZM00024AB414620_P001,ZM00020AB411810_P001)))),((ZM00023AB416940_P001,ZM00042AB424290_P001),ZM00028AB416250_P001),ZM00033AB428870_P001);
((ZM00029AB422830_P001,(ZM00032AB422830_P001,(ZM00019AB391890_P001,(ZM00024AB414620_P001,ZM00020AB411810_P001)))),((ZM00023AB416940_P001,ZM00042AB424290_P001),ZM00028AB416250_P001),ZM00033AB428870_P001);
((ZM00029AB422830_P001,(ZM00032AB422830_P001,(ZM00019AB391890_P001,(ZM00024AB414620_P001,ZM00020AB411810_P001)))),((ZM00023AB416940_P001,ZM00042AB424290_P001),ZM00028AB416250_P001),ZM00033AB428870_P001);
((ZM00029AB422830_P001,(ZM00032AB422830_P001,(ZM00019AB391890_P001,(ZM00024AB414620_P001,ZM00020AB411810_P001)))),((ZM00023AB416940_P001,ZM00042AB424290_P001),ZM00028AB416250_P001),ZM00033AB428870_P001);
((ZM00029AB422830_P001,(ZM00032AB422830_P001,(ZM00019AB391890_P001,(ZM00024AB414620_P001,ZM00020AB411810_P001)))),((ZM00023AB416940_P001,ZM00042AB424290_P001),ZM00028AB416250_P001),ZM00033AB428870_P001);
((ZM00029AB422830_P001,(ZM00032AB422830_P001,(ZM00019AB391890_P001,(ZM00024AB414620_P001,ZM00020AB411810_P001)))),((ZM00023AB416940_P001,ZM00042AB424290_P001),ZM00028AB416250_P001),ZM00033AB428870_P001);
((ZM00029AB422830_P001,(ZM00032AB422830_P001,(ZM00019AB391890_P001,(ZM00024AB414620_P001,ZM00020AB411810_P001)))),((ZM00023AB416940_P001,ZM00042AB424290_P001),ZM00028AB416250_P001),ZM00033AB428870_P001);
((ZM00028AB416250_P001,((ZM00023AB416940_P001,ZM00042AB424290_P001),ZM00019AB391890_P001)),(((ZM00032AB422830_P001,ZM00024AB414620_P001),ZM00020AB411810_P001),ZM00029AB422830_P001),ZM00033AB428870_P001);
((ZM00028AB416250_P001,((ZM00023AB416940_P001,ZM00042AB424290_P001),ZM00019AB391890_P001)),(((ZM00032AB422830_P001,ZM00024AB414620_P001),ZM00020AB411810_P001),ZM00029AB422830_P001),ZM00033AB428870_P001);
((ZM00028AB416250_P001,((ZM00023AB416940_P001,ZM00042AB424290_P001),ZM00019AB391890_P001)),(((ZM00032AB422830_P001,ZM00024AB414620_P001),ZM00020AB411810_P001),ZM00029AB422830_P001),ZM00033AB428870_P001);
((ZM00028AB416250_P001,((ZM00023AB416940_P001,ZM00042AB424290_P001),ZM00019AB391890_P001)),(((ZM00032AB422830_P001,ZM00024AB414620_P001),ZM00020AB411810_P001),ZM00029AB422830_P001),ZM00033AB428870_P001);
((ZM00028AB416250_P001,((ZM00023AB416940_P001,ZM00042AB424290_P001),ZM00019AB391890_P001)),(((ZM00032AB422830_P001,ZM00024AB414620_P001),ZM00020AB411810_P001),ZM00029AB422830_P001),ZM00033AB428870_P001);
((ZM00028AB416250_P001,((ZM00023AB416940_P001,ZM00042AB424290_P001),ZM00019AB391890_P001)),(((ZM00032AB422830_P001,ZM00024AB414620_P001),ZM00020AB411810_P001),ZM00029AB422830_P001),ZM00033AB428870_P001);
((ZM00028AB416250_P001,((ZM00023AB416940_P001,ZM00042AB424290_P001),ZM00019AB391890_P001)),(((ZM00032AB422830_P001,ZM00024AB414620_P001),ZM00020AB411810_P001),ZM00029AB422830_P001),ZM00033AB428870_P001);
((ZM00028AB416250_P001,((ZM00023AB416940_P001,ZM00042AB424290_P001),ZM00019AB391890_P001)),(((ZM00032AB422830_P001,ZM00024AB414620_P001),ZM00020AB411810_P001),ZM00029AB422830_P001),ZM00033AB428870_P001);
((ZM00028AB416250_P001,((ZM00023AB416940_P001,ZM00042AB424290_P001),ZM00019AB391890_P001)),(((ZM00032AB422830_P001,ZM00024AB414620_P001),ZM00020AB411810_P001),ZM00029AB422830_P001),ZM00033AB428870_P001);
((ZM00028AB416250_P001,((ZM00023AB416940_P001,ZM00042AB424290_P001),ZM00019AB391890_P001)),(((ZM00032AB422830_P001,ZM00024AB414620_P001),ZM00020AB411810_P001),ZM00029AB422830_P001),ZM00033AB428870_P001);
((ZM00020AB411810_P001,(ZM00024AB414620_P001,((ZM00023AB416940_P001,ZM00042AB424290_P001),(ZM00028AB416250_P001,ZM00032AB422830_P001)))),(ZM00029AB422830_P001,ZM00019AB391890_P001),ZM00033AB428870_P001);
((ZM00020AB411810_P001,(ZM00024AB414620_P001,((ZM00023AB416940_P001,ZM00042AB424290_P001),(ZM00028AB416250_P001,ZM00032AB422830_P001)))),(ZM00029AB422830_P001,ZM00019AB391890_P001),ZM00033AB428870_P001);
((ZM00020AB411810_P001,(ZM00024AB414620_P001,((ZM00023AB416940_P001,ZM00042AB424290_P001),(ZM00028AB416250_P001,ZM00032AB422830_P001)))),(ZM00029AB422830_P001,ZM00019AB391890_P001),ZM00033AB428870_P001);
((ZM00020AB411810_P001,(ZM00024AB414620_P001,((ZM00023AB416940_P001,ZM00042AB424290_P001),(ZM00028AB416250_P001,ZM00032AB422830_P001)))),(ZM00029AB422830_P001,ZM00019AB391890_P001),ZM00033AB428870_P001);
((ZM00020AB411810_P001,(ZM00024AB414620_P001,((ZM00023AB416940_P001,ZM00042AB424290_P001),(ZM00028AB416250_P001,ZM00032AB422830_P001)))),(ZM00029AB422830_P001,ZM00019AB391890_P001),ZM00033AB428870_P001);
((ZM00020AB411810_P001,(ZM00024AB414620_P001,((ZM00023AB416940_P001,ZM00042AB424290_P001),(ZM00028AB416250_P001,ZM00032AB422830_P001)))),(ZM00029AB422830_P001,ZM00019AB391890_P001),ZM00033AB428870_P001);
((ZM00020AB411810_P001,(ZM00024AB414620_P001,((ZM00023AB416940_P001,ZM00042AB424290_P001),(ZM00028AB416250_P001,ZM00032AB422830_P001)))),(ZM00029AB422830_P001,ZM00019AB391890_P001),ZM00033AB428870_P001);
((ZM00020AB411810_P001,(ZM00024AB414620_P001,((ZM00023AB416940_P001,ZM00042AB424290_P001),(ZM00028AB416250_P001,ZM00032AB422830_P001)))),(ZM00029AB422830_P001,ZM00019AB391890_P001),ZM00033AB428870_P001);
((ZM00020AB411810_P001,(ZM00024AB414620_P001,((ZM00023AB416940_P001,ZM00042AB424290_P001),(ZM00028AB416250_P001,ZM00032AB422830_P001)))),(ZM00029AB422830_P001,ZM00019AB391890_P001),ZM00033AB428870_P001);
((ZM00020AB411810_P001,(ZM00024AB414620_P001,((ZM00023AB416940_P001,ZM00042AB424290_P001),(ZM00028AB416250_P001,ZM00032AB422830_P001)))),(ZM00029AB422830_P001,ZM00019AB391890_P001),ZM00033AB428870_P001);
(ZM00019AB391890_P001,(ZM00024AB414620_P001,(ZM00020AB411810_P001,(ZM00028AB416250_P001,(ZM00029AB422830_P001,(ZM00032AB422830_P001,(ZM00042AB424290_P001,ZM00023AB416940_P001)))))),ZM00033AB428870_P001);
(ZM00019AB391890_P001,(ZM00024AB414620_P001,(ZM00020AB411810_P001,(ZM00028AB416250_P001,(ZM00029AB422830_P001,(ZM00032AB422830_P001,(ZM00042AB424290_P001,ZM00023AB416940_P001)))))),ZM00033AB428870_P001);
(ZM00019AB391890_P001,(ZM00024AB414620_P001,(ZM00020AB411810_P001,(ZM00028AB416250_P001,(ZM00029AB422830_P001,(ZM00032AB422830_P001,(ZM00042AB424290_P001,ZM00023AB416940_P001)))))),ZM00033AB428870_P001);
(ZM00019AB391890_P001,(ZM00024AB414620_P001,(ZM00020AB411810_P001,(ZM00028AB416250_P001,(ZM00029AB422830_P001,(ZM00032AB422830_P001,(ZM00042AB424290_P001,ZM00023AB416940_P001)))))),ZM00033AB428870_P001);
(ZM00019AB391890_P001,(ZM00024AB414620_P001,(ZM00020AB411810_P001,(ZM00028AB416250_P001,(ZM00029AB422830_P001,(ZM00032AB422830_P001,(ZM00042AB424290_P001,ZM00023AB416940_P001)))))),ZM00033AB428870_P001);
(ZM00019AB391890_P001,(ZM00024AB414620_P001,(ZM00020AB411810_P001,(ZM00028AB416250_P001,(ZM00029AB422830_P001,(ZM00032AB422830_P001,(ZM00042AB424290_P001,ZM00023AB416940_P001)))))),ZM00033AB428870_P001);
(ZM00019AB391890_P001,(ZM00024AB414620_P001,(ZM00020AB411810_P001,(ZM00028AB416250_P001,(ZM00029AB422830_P001,(ZM00032AB422830_P001,(ZM00042AB424290_P001,ZM00023AB416940_P001)))))),ZM00033AB428870_P001);
(ZM00019AB391890_P001,(ZM00024AB414620_P001,(ZM00020AB411810_P001,(ZM00028AB416250_P001,(ZM00029AB422830_P001,(ZM00032AB422830_P001,(ZM00042AB424290_P001,ZM00023AB416940_P001)))))),ZM00033AB428870_P001);
(ZM00019AB391890_P001,(ZM00024AB414620_P001,(ZM00020AB411810_P001,(ZM00028AB416250_P001,(ZM00029AB422830_P001,(ZM00032AB422830_P001,(ZM00042AB424290_P001,ZM00023AB416940_P001)))))),ZM00033AB428870_P001);
(ZM00019AB391890_P001,(ZM00024AB414620_P001,(ZM00020AB411810_P001,(ZM00028AB416250_P001,(ZM00029AB422830_P001,(ZM00032AB422830_P001,(ZM00042AB424290_P001,ZM00023AB416940_P001)))))),ZM00033AB428870_P001);
(ZM00020AB411810_P001,(ZM00024AB414620_P001,((ZM00042AB424290_P001,ZM00023AB416940_P001),(ZM00032AB422830_P001,(ZM00028AB416250_P001,(ZM00019AB391890_P001,ZM00029AB422830_P001))))),ZM00033AB428870_P001);
(ZM00020AB411810_P001,(ZM00024AB414620_P001,((ZM00042AB424290_P001,ZM00023AB416940_P001),(ZM00032AB422830_P001,(ZM00028AB416250_P001,(ZM00019AB391890_P001,ZM00029AB422830_P001))))),ZM00033AB428870_P001);
(ZM00020AB411810_P001,(ZM00024AB414620_P001,((ZM00042AB424290_P001,ZM00023AB416940_P001),(ZM00032AB422830_P001,(ZM00028AB416250_P001,(ZM00019AB391890_P001,ZM00029AB422830_P001))))),ZM00033AB428870_P001);
(ZM00020AB411810_P001,(ZM00024AB414620_P001,((ZM00042AB424290_P001,ZM00023AB416940_P001),(ZM00032AB422830_P001,(ZM00028AB416250_P001,(ZM00019AB391890_P001,ZM00029AB422830_P001))))),ZM00033AB428870_P001);
(ZM00020AB411810_P001,(ZM00024AB414620_P001,((ZM00042AB424290_P001,ZM00023AB416940_P001),(ZM00032AB422830_P001,(ZM00028AB416250_P001,(ZM00019AB391890_P001,ZM00029AB422830_P001))))),ZM00033AB428870_P001);
(ZM00020AB411810_P001,(ZM00024AB414620_P001,((ZM00042AB424290_P001,ZM00023AB416940_P001),(ZM00032AB422830_P001,(ZM00028AB416250_P001,(ZM00019AB391890_P001,ZM00029AB422830_P001))))),ZM00033AB428870_P001);
(ZM00020AB411810_P001,(ZM00024AB414620_P001,((ZM00042AB424290_P001,ZM00023AB416940_P001),(ZM00032AB422830_P001,(ZM00028AB416250_P001,(ZM00019AB391890_P001,ZM00029AB422830_P001))))),ZM00033AB428870_P001);
(ZM00020AB411810_P001,(ZM00024AB414620_P001,((ZM00042AB424290_P001,ZM00023AB416940_P001),(ZM00032AB422830_P001,(ZM00028AB416250_P001,(ZM00019AB391890_P001,ZM00029AB422830_P001))))),ZM00033AB428870_P001);
(ZM00020AB411810_P001,(ZM00024AB414620_P001,((ZM00042AB424290_P001,ZM00023AB416940_P001),(ZM00032AB422830_P001,(ZM00028AB416250_P001,(ZM00019AB391890_P001,ZM00029AB422830_P001))))),ZM00033AB428870_P001);
(ZM00020AB411810_P001,(ZM00024AB414620_P001,((ZM00042AB424290_P001,ZM00023AB416940_P001),(ZM00032AB422830_P001,(ZM00028AB416250_P001,(ZM00019AB391890_P001,ZM00029AB422830_P001))))),ZM00033AB428870_P001);
