(ZM00040AB318060_P001,((ZM00029AB313140_P001,(ZM00034AB319640_P001,((ZM00021AB303560_P001,(ZM00025AB310010_P001,ZM00038AB305730_P001)),((ZM00031AB310670_P001,ZM00022AB304120_P001),ZM00039AB304920_P001)))),ZM00020AB303040_P001),ZM00028AB306610_P001);
(ZM00034AB319640_P001,((ZM00021AB303560_P001,(ZM00025AB310010_P001,((ZM00020AB303040_P001,((ZM00031AB310670_P001,ZM00029AB313140_P001),ZM00040AB318060_P001)),ZM00038AB305730_P001))),(ZM00022AB304120_P001,ZM00039AB304920_P001)),ZM00028AB306610_P001);
((ZM00034AB319640_P001,(((ZM00031AB310670_P001,ZM00029AB313140_P001),ZM00025AB310010_P001),((ZM00021AB303560_P001,ZM00022AB304120_P001),ZM00039AB304920_P001))),(ZM00020AB303040_P001,(ZM00040AB318060_P001,ZM00038AB305730_P001)),ZM00028AB306610_P001);
((ZM00034AB319640_P001,((ZM00021AB303560_P001,ZM00022AB304120_P001),ZM00039AB304920_P001)),(ZM00020AB303040_P001,((ZM00031AB310670_P001,((ZM00040AB318060_P001,ZM00038AB305730_P001),ZM00029AB313140_P001)),ZM00025AB310010_P001)),ZM00028AB306610_P001);
((((ZM00022AB304120_P001,ZM00039AB304920_P001),(ZM00021AB303560_P001,(((ZM00040AB318060_P001,ZM00038AB305730_P001),(ZM00029AB313140_P001,ZM00031AB310670_P001)),ZM00025AB310010_P001))),ZM00034AB319640_P001),ZM00020AB303040_P001,ZM00028AB306610_P001);
((((ZM00022AB304120_P001,ZM00039AB304920_P001),(ZM00021AB303560_P001,(((ZM00040AB318060_P001,ZM00038AB305730_P001),(ZM00029AB313140_P001,ZM00031AB310670_P001)),ZM00025AB310010_P001))),ZM00034AB319640_P001),ZM00020AB303040_P001,ZM00028AB306610_P001);
((ZM00021AB303560_P001,((ZM00040AB318060_P001,ZM00038AB305730_P001),((ZM00029AB313140_P001,(ZM00031AB310670_P001,ZM00020AB303040_P001)),ZM00025AB310010_P001))),(ZM00034AB319640_P001,(ZM00022AB304120_P001,ZM00039AB304920_P001)),ZM00028AB306610_P001);
((ZM00034AB319640_P001,((ZM00022AB304120_P001,ZM00039AB304920_P001),(ZM00021AB303560_P001,(ZM00025AB310010_P001,((ZM00040AB318060_P001,ZM00038AB305730_P001),(ZM00031AB310670_P001,ZM00029AB313140_P001)))))),ZM00020AB303040_P001,ZM00028AB306610_P001);
((ZM00034AB319640_P001,((ZM00022AB304120_P001,ZM00039AB304920_P001),(ZM00021AB303560_P001,(ZM00025AB310010_P001,((ZM00040AB318060_P001,ZM00038AB305730_P001),(ZM00031AB310670_P001,ZM00029AB313140_P001)))))),ZM00020AB303040_P001,ZM00028AB306610_P001);
((ZM00034AB319640_P001,((ZM00022AB304120_P001,ZM00039AB304920_P001),(ZM00021AB303560_P001,(ZM00025AB310010_P001,((ZM00040AB318060_P001,ZM00038AB305730_P001),(ZM00031AB310670_P001,ZM00029AB313140_P001)))))),ZM00020AB303040_P001,ZM00028AB306610_P001);
(ZM00039AB304920_P001,(ZM00022AB304120_P001,(ZM00034AB319640_P001,(ZM00020AB303040_P001,((ZM00025AB310010_P001,((ZM00038AB305730_P001,ZM00040AB318060_P001),(ZM00031AB310670_P001,ZM00029AB313140_P001))),ZM00021AB303560_P001)))),ZM00028AB306610_P001);
(ZM00020AB303040_P001,(((ZM00025AB310010_P001,ZM00021AB303560_P001),(ZM00038AB305730_P001,ZM00040AB318060_P001)),((ZM00039AB304920_P001,ZM00022AB304120_P001),((ZM00031AB310670_P001,ZM00029AB313140_P001),ZM00034AB319640_P001))),ZM00028AB306610_P001);
(((ZM00039AB304920_P001,ZM00022AB304120_P001),(ZM00020AB303040_P001,ZM00034AB319640_P001)),((ZM00025AB310010_P001,(ZM00038AB305730_P001,((ZM00031AB310670_P001,ZM00029AB313140_P001),ZM00040AB318060_P001))),ZM00021AB303560_P001),ZM00028AB306610_P001);
(((ZM00020AB303040_P001,(ZM00025AB310010_P001,((ZM00040AB318060_P001,ZM00038AB305730_P001),(ZM00031AB310670_P001,ZM00029AB313140_P001)))),ZM00021AB303560_P001),(ZM00034AB319640_P001,(ZM00039AB304920_P001,ZM00022AB304120_P001)),ZM00028AB306610_P001);
(((ZM00020AB303040_P001,(ZM00025AB310010_P001,((ZM00040AB318060_P001,ZM00038AB305730_P001),(ZM00031AB310670_P001,ZM00029AB313140_P001)))),ZM00021AB303560_P001),(ZM00034AB319640_P001,(ZM00039AB304920_P001,ZM00022AB304120_P001)),ZM00028AB306610_P001);
(ZM00020AB303040_P001,(ZM00034AB319640_P001,(((ZM00025AB310010_P001,((ZM00040AB318060_P001,ZM00038AB305730_P001),(ZM00031AB310670_P001,ZM00029AB313140_P001))),ZM00021AB303560_P001),(ZM00039AB304920_P001,ZM00022AB304120_P001))),ZM00028AB306610_P001);
(ZM00040AB318060_P001,((ZM00039AB304920_P001,ZM00022AB304120_P001),(((ZM00031AB310670_P001,(ZM00029AB313140_P001,ZM00038AB305730_P001)),(ZM00021AB303560_P001,ZM00025AB310010_P001)),(ZM00020AB303040_P001,ZM00034AB319640_P001))),ZM00028AB306610_P001);
(((ZM00039AB304920_P001,ZM00022AB304120_P001),(ZM00034AB319640_P001,ZM00021AB303560_P001)),(ZM00020AB303040_P001,(ZM00025AB310010_P001,(ZM00040AB318060_P001,(ZM00031AB310670_P001,(ZM00029AB313140_P001,ZM00038AB305730_P001))))),ZM00028AB306610_P001);
(((ZM00039AB304920_P001,ZM00022AB304120_P001),(ZM00034AB319640_P001,ZM00021AB303560_P001)),(ZM00020AB303040_P001,(ZM00031AB310670_P001,(ZM00029AB313140_P001,(ZM00025AB310010_P001,(ZM00040AB318060_P001,ZM00038AB305730_P001))))),ZM00028AB306610_P001);
(ZM00020AB303040_P001,(ZM00034AB319640_P001,(((ZM00031AB310670_P001,(ZM00029AB313140_P001,(ZM00040AB318060_P001,ZM00038AB305730_P001))),ZM00025AB310010_P001),(ZM00021AB303560_P001,(ZM00039AB304920_P001,ZM00022AB304120_P001)))),ZM00028AB306610_P001);
(ZM00034AB319640_P001,(ZM00039AB304920_P001,(ZM00020AB303040_P001,(ZM00022AB304120_P001,(ZM00021AB303560_P001,((ZM00038AB305730_P001,ZM00040AB318060_P001),(ZM00025AB310010_P001,(ZM00031AB310670_P001,ZM00029AB313140_P001))))))),ZM00028AB306610_P001);
(ZM00020AB303040_P001,(((ZM00039AB304920_P001,ZM00022AB304120_P001),(ZM00021AB303560_P001,(ZM00025AB310010_P001,(ZM00038AB305730_P001,((ZM00040AB318060_P001,ZM00031AB310670_P001),ZM00029AB313140_P001))))),ZM00034AB319640_P001),ZM00028AB306610_P001);
(((ZM00039AB304920_P001,ZM00022AB304120_P001),(ZM00020AB303040_P001,(ZM00021AB303560_P001,((ZM00040AB318060_P001,ZM00025AB310010_P001),(ZM00038AB305730_P001,(ZM00031AB310670_P001,ZM00029AB313140_P001)))))),ZM00034AB319640_P001,ZM00028AB306610_P001);
(((ZM00039AB304920_P001,ZM00022AB304120_P001),(ZM00020AB303040_P001,(ZM00021AB303560_P001,((ZM00040AB318060_P001,ZM00025AB310010_P001),(ZM00038AB305730_P001,(ZM00031AB310670_P001,ZM00029AB313140_P001)))))),ZM00034AB319640_P001,ZM00028AB306610_P001);
(((ZM00025AB310010_P001,ZM00031AB310670_P001),(ZM00029AB313140_P001,(ZM00020AB303040_P001,(ZM00040AB318060_P001,ZM00038AB305730_P001)))),(ZM00034AB319640_P001,(ZM00039AB304920_P001,(ZM00022AB304120_P001,ZM00021AB303560_P001))),ZM00028AB306610_P001);
(((ZM00039AB304920_P001,(ZM00022AB304120_P001,ZM00021AB303560_P001)),ZM00034AB319640_P001),(((((ZM00040AB318060_P001,ZM00038AB305730_P001),ZM00029AB313140_P001),ZM00025AB310010_P001),ZM00031AB310670_P001),ZM00020AB303040_P001),ZM00028AB306610_P001);
(((((ZM00040AB318060_P001,ZM00038AB305730_P001),ZM00025AB310010_P001),ZM00031AB310670_P001),ZM00029AB313140_P001),(((ZM00020AB303040_P001,ZM00021AB303560_P001),(ZM00039AB304920_P001,ZM00022AB304120_P001)),ZM00034AB319640_P001),ZM00028AB306610_P001);
((ZM00034AB319640_P001,((ZM00022AB304120_P001,ZM00021AB303560_P001),ZM00039AB304920_P001)),(ZM00020AB303040_P001,(ZM00025AB310010_P001,((ZM00031AB310670_P001,(ZM00029AB313140_P001,ZM00038AB305730_P001)),ZM00040AB318060_P001))),ZM00028AB306610_P001);
(((ZM00021AB303560_P001,ZM00034AB319640_P001),(ZM00022AB304120_P001,ZM00039AB304920_P001)),(ZM00020AB303040_P001,(ZM00031AB310670_P001,(ZM00029AB313140_P001,(ZM00025AB310010_P001,(ZM00040AB318060_P001,ZM00038AB305730_P001))))),ZM00028AB306610_P001);
(((ZM00021AB303560_P001,ZM00034AB319640_P001),(ZM00022AB304120_P001,ZM00039AB304920_P001)),(ZM00020AB303040_P001,(((ZM00029AB313140_P001,(ZM00040AB318060_P001,ZM00038AB305730_P001)),ZM00031AB310670_P001),ZM00025AB310010_P001)),ZM00028AB306610_P001);
((ZM00034AB319640_P001,(((ZM00040AB318060_P001,(ZM00038AB305730_P001,(ZM00029AB313140_P001,ZM00031AB310670_P001))),ZM00025AB310010_P001),((ZM00021AB303560_P001,ZM00039AB304920_P001),ZM00022AB304120_P001))),ZM00020AB303040_P001,ZM00028AB306610_P001);
((ZM00020AB303040_P001,(ZM00040AB318060_P001,(ZM00031AB310670_P001,((ZM00025AB310010_P001,ZM00038AB305730_P001),ZM00029AB313140_P001)))),((ZM00039AB304920_P001,ZM00022AB304120_P001),(ZM00034AB319640_P001,ZM00021AB303560_P001)),ZM00028AB306610_P001);
(ZM00020AB303040_P001,((ZM00031AB310670_P001,((ZM00025AB310010_P001,(ZM00040AB318060_P001,ZM00038AB305730_P001)),ZM00029AB313140_P001)),((ZM00021AB303560_P001,ZM00034AB319640_P001),(ZM00039AB304920_P001,ZM00022AB304120_P001))),ZM00028AB306610_P001);
(ZM00034AB319640_P001,(((ZM00031AB310670_P001,((ZM00025AB310010_P001,ZM00038AB305730_P001),ZM00029AB313140_P001)),ZM00040AB318060_P001),((ZM00020AB303040_P001,ZM00021AB303560_P001),(ZM00039AB304920_P001,ZM00022AB304120_P001))),ZM00028AB306610_P001);
(((ZM00039AB304920_P001,(ZM00022AB304120_P001,ZM00021AB303560_P001)),((ZM00020AB303040_P001,(ZM00031AB310670_P001,((ZM00040AB318060_P001,ZM00038AB305730_P001),ZM00029AB313140_P001))),ZM00025AB310010_P001)),ZM00034AB319640_P001,ZM00028AB306610_P001);
(((ZM00039AB304920_P001,ZM00022AB304120_P001),ZM00034AB319640_P001),(((ZM00031AB310670_P001,ZM00020AB303040_P001),((ZM00021AB303560_P001,ZM00025AB310010_P001),(ZM00040AB318060_P001,ZM00038AB305730_P001))),ZM00029AB313140_P001),ZM00028AB306610_P001);
((ZM00034AB319640_P001,((ZM00021AB303560_P001,((ZM00038AB305730_P001,(ZM00029AB313140_P001,(ZM00031AB310670_P001,ZM00040AB318060_P001))),ZM00025AB310010_P001)),(ZM00039AB304920_P001,ZM00022AB304120_P001))),ZM00020AB303040_P001,ZM00028AB306610_P001);
((ZM00034AB319640_P001,((ZM00021AB303560_P001,(((ZM00040AB318060_P001,ZM00038AB305730_P001),(ZM00029AB313140_P001,ZM00031AB310670_P001)),ZM00025AB310010_P001)),(ZM00039AB304920_P001,ZM00022AB304120_P001))),ZM00020AB303040_P001,ZM00028AB306610_P001);
((ZM00040AB318060_P001,ZM00020AB303040_P001),(ZM00034AB319640_P001,((ZM00021AB303560_P001,((ZM00038AB305730_P001,(ZM00031AB310670_P001,ZM00029AB313140_P001)),ZM00025AB310010_P001)),(ZM00039AB304920_P001,ZM00022AB304120_P001))),ZM00028AB306610_P001);
(ZM00040AB318060_P001,(ZM00020AB303040_P001,(ZM00034AB319640_P001,((ZM00021AB303560_P001,((ZM00038AB305730_P001,(ZM00031AB310670_P001,ZM00029AB313140_P001)),ZM00025AB310010_P001)),(ZM00039AB304920_P001,ZM00022AB304120_P001)))),ZM00028AB306610_P001);
(ZM00034AB319640_P001,(((((ZM00029AB313140_P001,ZM00031AB310670_P001),(((ZM00040AB318060_P001,ZM00038AB305730_P001),ZM00020AB303040_P001),ZM00025AB310010_P001)),ZM00039AB304920_P001),ZM00022AB304120_P001),ZM00021AB303560_P001),ZM00028AB306610_P001);
((ZM00020AB303040_P001,ZM00034AB319640_P001),((ZM00025AB310010_P001,(ZM00031AB310670_P001,((ZM00040AB318060_P001,ZM00038AB305730_P001),ZM00029AB313140_P001))),((ZM00039AB304920_P001,ZM00022AB304120_P001),ZM00021AB303560_P001)),ZM00028AB306610_P001);
(ZM00034AB319640_P001,((ZM00020AB303040_P001,(((ZM00031AB310670_P001,(ZM00038AB305730_P001,ZM00029AB313140_P001)),ZM00040AB318060_P001),ZM00025AB310010_P001)),(ZM00039AB304920_P001,(ZM00022AB304120_P001,ZM00021AB303560_P001))),ZM00028AB306610_P001);
(ZM00020AB303040_P001,(ZM00021AB303560_P001,((ZM00034AB319640_P001,(ZM00039AB304920_P001,ZM00022AB304120_P001)),(ZM00031AB310670_P001,((ZM00040AB318060_P001,ZM00029AB313140_P001),(ZM00025AB310010_P001,ZM00038AB305730_P001))))),ZM00028AB306610_P001);
(ZM00020AB303040_P001,(((ZM00021AB303560_P001,ZM00034AB319640_P001),(ZM00039AB304920_P001,ZM00022AB304120_P001)),(ZM00031AB310670_P001,(ZM00029AB313140_P001,(ZM00025AB310010_P001,(ZM00040AB318060_P001,ZM00038AB305730_P001))))),ZM00028AB306610_P001);
(ZM00020AB303040_P001,((ZM00034AB319640_P001,((ZM00021AB303560_P001,ZM00039AB304920_P001),ZM00022AB304120_P001)),((ZM00031AB310670_P001,(ZM00029AB313140_P001,(ZM00040AB318060_P001,ZM00038AB305730_P001))),ZM00025AB310010_P001)),ZM00028AB306610_P001);
(ZM00034AB319640_P001,(((ZM00021AB303560_P001,ZM00022AB304120_P001),ZM00039AB304920_P001),(((ZM00020AB303040_P001,(ZM00040AB318060_P001,ZM00038AB305730_P001)),ZM00029AB313140_P001),(ZM00031AB310670_P001,ZM00025AB310010_P001))),ZM00028AB306610_P001);
((ZM00034AB319640_P001,((ZM00021AB303560_P001,ZM00022AB304120_P001),ZM00039AB304920_P001)),((ZM00025AB310010_P001,(((ZM00040AB318060_P001,ZM00038AB305730_P001),ZM00029AB313140_P001),ZM00031AB310670_P001)),ZM00020AB303040_P001),ZM00028AB306610_P001);
(((ZM00021AB303560_P001,ZM00034AB319640_P001),(ZM00022AB304120_P001,ZM00039AB304920_P001)),((ZM00031AB310670_P001,(ZM00029AB313140_P001,(ZM00025AB310010_P001,(ZM00040AB318060_P001,ZM00038AB305730_P001)))),ZM00020AB303040_P001),ZM00028AB306610_P001);
(((ZM00021AB303560_P001,ZM00034AB319640_P001),(ZM00022AB304120_P001,ZM00039AB304920_P001)),((ZM00031AB310670_P001,(ZM00020AB303040_P001,((ZM00025AB310010_P001,ZM00038AB305730_P001),ZM00029AB313140_P001))),ZM00040AB318060_P001),ZM00028AB306610_P001);
(ZM00034AB319640_P001,(((ZM00025AB310010_P001,((ZM00031AB310670_P001,(ZM00038AB305730_P001,ZM00040AB318060_P001)),ZM00029AB313140_P001)),ZM00020AB303040_P001),((ZM00022AB304120_P001,ZM00039AB304920_P001),ZM00021AB303560_P001)),ZM00028AB306610_P001);
(ZM00034AB319640_P001,(((ZM00025AB310010_P001,((ZM00031AB310670_P001,(ZM00038AB305730_P001,ZM00040AB318060_P001)),ZM00029AB313140_P001)),ZM00020AB303040_P001),((ZM00022AB304120_P001,ZM00039AB304920_P001),ZM00021AB303560_P001)),ZM00028AB306610_P001);
(ZM00020AB303040_P001,(ZM00034AB319640_P001,((ZM00021AB303560_P001,(ZM00025AB310010_P001,(ZM00038AB305730_P001,((ZM00029AB313140_P001,ZM00031AB310670_P001),ZM00040AB318060_P001)))),(ZM00039AB304920_P001,ZM00022AB304120_P001))),ZM00028AB306610_P001);
(ZM00020AB303040_P001,((ZM00021AB303560_P001,(ZM00025AB310010_P001,((ZM00040AB318060_P001,ZM00038AB305730_P001),(ZM00029AB313140_P001,ZM00031AB310670_P001)))),(ZM00034AB319640_P001,(ZM00039AB304920_P001,ZM00022AB304120_P001))),ZM00028AB306610_P001);
(ZM00020AB303040_P001,((ZM00021AB303560_P001,(ZM00025AB310010_P001,((ZM00040AB318060_P001,ZM00038AB305730_P001),(ZM00029AB313140_P001,ZM00031AB310670_P001)))),(ZM00034AB319640_P001,(ZM00039AB304920_P001,ZM00022AB304120_P001))),ZM00028AB306610_P001);
(ZM00039AB304920_P001,(ZM00022AB304120_P001,((ZM00020AB303040_P001,(ZM00021AB303560_P001,(ZM00025AB310010_P001,(ZM00038AB305730_P001,(ZM00029AB313140_P001,(ZM00040AB318060_P001,ZM00031AB310670_P001)))))),ZM00034AB319640_P001)),ZM00028AB306610_P001);
((((ZM00025AB310010_P001,ZM00031AB310670_P001),((ZM00038AB305730_P001,ZM00040AB318060_P001),ZM00029AB313140_P001)),ZM00020AB303040_P001),(ZM00034AB319640_P001,(ZM00021AB303560_P001,(ZM00022AB304120_P001,ZM00039AB304920_P001))),ZM00028AB306610_P001);
(ZM00034AB319640_P001,(ZM00022AB304120_P001,(ZM00039AB304920_P001,((((ZM00040AB318060_P001,(ZM00029AB313140_P001,(ZM00038AB305730_P001,ZM00031AB310670_P001))),ZM00025AB310010_P001),ZM00020AB303040_P001),ZM00021AB303560_P001))),ZM00028AB306610_P001);
(ZM00034AB319640_P001,(ZM00022AB304120_P001,(ZM00039AB304920_P001,((((ZM00040AB318060_P001,(ZM00029AB313140_P001,(ZM00038AB305730_P001,ZM00031AB310670_P001))),ZM00025AB310010_P001),ZM00020AB303040_P001),ZM00021AB303560_P001))),ZM00028AB306610_P001);
(ZM00040AB318060_P001,(((ZM00031AB310670_P001,(ZM00029AB313140_P001,ZM00038AB305730_P001)),((ZM00021AB303560_P001,ZM00025AB310010_P001),((ZM00034AB319640_P001,ZM00022AB304120_P001),ZM00039AB304920_P001))),ZM00020AB303040_P001),ZM00028AB306610_P001);
(ZM00020AB303040_P001,((ZM00040AB318060_P001,ZM00038AB305730_P001),(((ZM00034AB319640_P001,(ZM00039AB304920_P001,ZM00031AB310670_P001)),ZM00029AB313140_P001),((ZM00021AB303560_P001,ZM00025AB310010_P001),ZM00022AB304120_P001))),ZM00028AB306610_P001);
((ZM00034AB319640_P001,(ZM00039AB304920_P001,ZM00022AB304120_P001)),(ZM00021AB303560_P001,((((ZM00020AB303040_P001,ZM00040AB318060_P001),(ZM00029AB313140_P001,ZM00031AB310670_P001)),ZM00038AB305730_P001),ZM00025AB310010_P001)),ZM00028AB306610_P001);
((ZM00034AB319640_P001,(ZM00039AB304920_P001,ZM00022AB304120_P001)),(ZM00021AB303560_P001,(((ZM00029AB313140_P001,(ZM00031AB310670_P001,ZM00020AB303040_P001)),(ZM00040AB318060_P001,ZM00038AB305730_P001)),ZM00025AB310010_P001)),ZM00028AB306610_P001);
(ZM00020AB303040_P001,((ZM00031AB310670_P001,(ZM00029AB313140_P001,ZM00040AB318060_P001)),(((ZM00021AB303560_P001,(ZM00038AB305730_P001,ZM00025AB310010_P001)),ZM00034AB319640_P001),(ZM00039AB304920_P001,ZM00022AB304120_P001))),ZM00028AB306610_P001);
(ZM00020AB303040_P001,((ZM00021AB303560_P001,(ZM00025AB310010_P001,((ZM00040AB318060_P001,ZM00038AB305730_P001),(ZM00031AB310670_P001,ZM00029AB313140_P001)))),(ZM00034AB319640_P001,(ZM00039AB304920_P001,ZM00022AB304120_P001))),ZM00028AB306610_P001);
(((ZM00021AB303560_P001,ZM00034AB319640_P001),(ZM00039AB304920_P001,ZM00022AB304120_P001)),(ZM00020AB303040_P001,(((ZM00029AB313140_P001,(ZM00025AB310010_P001,ZM00038AB305730_P001)),ZM00031AB310670_P001),ZM00040AB318060_P001)),ZM00028AB306610_P001);
(ZM00020AB303040_P001,((((ZM00029AB313140_P001,(ZM00025AB310010_P001,ZM00038AB305730_P001)),ZM00031AB310670_P001),ZM00040AB318060_P001),((ZM00021AB303560_P001,ZM00034AB319640_P001),(ZM00039AB304920_P001,ZM00022AB304120_P001))),ZM00028AB306610_P001);
(ZM00034AB319640_P001,((ZM00039AB304920_P001,ZM00022AB304120_P001),(ZM00021AB303560_P001,(ZM00020AB303040_P001,(((ZM00025AB310010_P001,(ZM00040AB318060_P001,ZM00038AB305730_P001)),ZM00031AB310670_P001),ZM00029AB313140_P001)))),ZM00028AB306610_P001);
(ZM00020AB303040_P001,((ZM00034AB319640_P001,(((ZM00040AB318060_P001,ZM00038AB305730_P001),ZM00029AB313140_P001),ZM00031AB310670_P001)),((ZM00021AB303560_P001,(ZM00022AB304120_P001,ZM00039AB304920_P001)),ZM00025AB310010_P001)),ZM00028AB306610_P001);
(ZM00040AB318060_P001,((((ZM00031AB310670_P001,(ZM00034AB319640_P001,(ZM00022AB304120_P001,ZM00039AB304920_P001))),ZM00029AB313140_P001),(ZM00038AB305730_P001,(ZM00025AB310010_P001,ZM00021AB303560_P001))),ZM00020AB303040_P001),ZM00028AB306610_P001);
(ZM00040AB318060_P001,(((ZM00025AB310010_P001,(ZM00031AB310670_P001,(ZM00038AB305730_P001,ZM00029AB313140_P001))),(ZM00034AB319640_P001,((ZM00039AB304920_P001,ZM00021AB303560_P001),ZM00022AB304120_P001))),ZM00020AB303040_P001),ZM00028AB306610_P001);
(ZM00020AB303040_P001,((ZM00034AB319640_P001,(ZM00039AB304920_P001,ZM00022AB304120_P001)),((ZM00025AB310010_P001,((ZM00038AB305730_P001,ZM00040AB318060_P001),(ZM00029AB313140_P001,ZM00031AB310670_P001))),ZM00021AB303560_P001)),ZM00028AB306610_P001);
((ZM00034AB319640_P001,ZM00021AB303560_P001),((ZM00039AB304920_P001,ZM00022AB304120_P001),((ZM00025AB310010_P001,(ZM00031AB310670_P001,((ZM00038AB305730_P001,ZM00040AB318060_P001),ZM00029AB313140_P001))),ZM00020AB303040_P001)),ZM00028AB306610_P001);
((ZM00034AB319640_P001,ZM00021AB303560_P001),((ZM00039AB304920_P001,ZM00022AB304120_P001),((ZM00025AB310010_P001,(ZM00031AB310670_P001,((ZM00038AB305730_P001,ZM00040AB318060_P001),ZM00029AB313140_P001))),ZM00020AB303040_P001)),ZM00028AB306610_P001);
(ZM00020AB303040_P001,((ZM00034AB319640_P001,(ZM00022AB304120_P001,(ZM00039AB304920_P001,ZM00021AB303560_P001))),(ZM00025AB310010_P001,(ZM00031AB310670_P001,((ZM00038AB305730_P001,ZM00040AB318060_P001),ZM00029AB313140_P001)))),ZM00028AB306610_P001);
((ZM00034AB319640_P001,(((ZM00031AB310670_P001,(ZM00038AB305730_P001,ZM00029AB313140_P001)),(ZM00021AB303560_P001,ZM00025AB310010_P001)),(ZM00022AB304120_P001,ZM00039AB304920_P001))),(ZM00040AB318060_P001,ZM00020AB303040_P001),ZM00028AB306610_P001);
((ZM00034AB319640_P001,((ZM00025AB310010_P001,(ZM00029AB313140_P001,(ZM00031AB310670_P001,ZM00038AB305730_P001))),((ZM00022AB304120_P001,ZM00039AB304920_P001),ZM00021AB303560_P001))),(ZM00040AB318060_P001,ZM00020AB303040_P001),ZM00028AB306610_P001);
((ZM00034AB319640_P001,(ZM00022AB304120_P001,ZM00039AB304920_P001)),((ZM00040AB318060_P001,ZM00020AB303040_P001),(ZM00031AB310670_P001,((ZM00038AB305730_P001,(ZM00021AB303560_P001,ZM00025AB310010_P001)),ZM00029AB313140_P001))),ZM00028AB306610_P001);
(((ZM00040AB318060_P001,((ZM00038AB305730_P001,(ZM00021AB303560_P001,ZM00025AB310010_P001)),(ZM00031AB310670_P001,ZM00029AB313140_P001))),ZM00020AB303040_P001),((ZM00022AB304120_P001,ZM00039AB304920_P001),ZM00034AB319640_P001),ZM00028AB306610_P001);
(((ZM00040AB318060_P001,((ZM00038AB305730_P001,(ZM00021AB303560_P001,ZM00025AB310010_P001)),(ZM00031AB310670_P001,ZM00029AB313140_P001))),ZM00020AB303040_P001),((ZM00022AB304120_P001,ZM00039AB304920_P001),ZM00034AB319640_P001),ZM00028AB306610_P001);
((ZM00020AB303040_P001,(ZM00038AB305730_P001,ZM00040AB318060_P001)),((((ZM00029AB313140_P001,ZM00031AB310670_P001),(ZM00021AB303560_P001,ZM00025AB310010_P001)),(ZM00039AB304920_P001,ZM00022AB304120_P001)),ZM00034AB319640_P001),ZM00028AB306610_P001);
(ZM00040AB318060_P001,(((ZM00039AB304920_P001,ZM00022AB304120_P001),((ZM00038AB305730_P001,(ZM00021AB303560_P001,ZM00025AB310010_P001)),ZM00034AB319640_P001)),((ZM00029AB313140_P001,ZM00031AB310670_P001),ZM00020AB303040_P001)),ZM00028AB306610_P001);
(ZM00040AB318060_P001,(ZM00020AB303040_P001,(ZM00029AB313140_P001,((ZM00038AB305730_P001,(ZM00021AB303560_P001,ZM00025AB310010_P001)),((ZM00034AB319640_P001,(ZM00031AB310670_P001,ZM00039AB304920_P001)),ZM00022AB304120_P001)))),ZM00028AB306610_P001);
((ZM00034AB319640_P001,((ZM00021AB303560_P001,ZM00039AB304920_P001),ZM00022AB304120_P001)),((((ZM00038AB305730_P001,ZM00040AB318060_P001),ZM00029AB313140_P001),ZM00031AB310670_P001),(ZM00020AB303040_P001,ZM00025AB310010_P001)),ZM00028AB306610_P001);
((ZM00034AB319640_P001,((ZM00021AB303560_P001,ZM00039AB304920_P001),ZM00022AB304120_P001)),((((ZM00038AB305730_P001,ZM00040AB318060_P001),ZM00029AB313140_P001),ZM00031AB310670_P001),(ZM00020AB303040_P001,ZM00025AB310010_P001)),ZM00028AB306610_P001);
(((ZM00039AB304920_P001,(ZM00022AB304120_P001,((((ZM00021AB303560_P001,ZM00025AB310010_P001),(ZM00038AB305730_P001,ZM00040AB318060_P001)),ZM00029AB313140_P001),ZM00031AB310670_P001))),ZM00034AB319640_P001),ZM00020AB303040_P001,ZM00028AB306610_P001);
((ZM00020AB303040_P001,(((ZM00038AB305730_P001,ZM00040AB318060_P001),ZM00029AB313140_P001),(ZM00025AB310010_P001,ZM00031AB310670_P001))),(((ZM00021AB303560_P001,ZM00039AB304920_P001),ZM00022AB304120_P001),ZM00034AB319640_P001),ZM00028AB306610_P001);
(((ZM00039AB304920_P001,ZM00022AB304120_P001),((ZM00021AB303560_P001,ZM00034AB319640_P001),ZM00020AB303040_P001)),(ZM00040AB318060_P001,((ZM00029AB313140_P001,ZM00031AB310670_P001),(ZM00025AB310010_P001,ZM00038AB305730_P001))),ZM00028AB306610_P001);
(((ZM00034AB319640_P001,(ZM00020AB303040_P001,(ZM00031AB310670_P001,((ZM00025AB310010_P001,(ZM00040AB318060_P001,ZM00038AB305730_P001)),ZM00029AB313140_P001)))),(ZM00039AB304920_P001,ZM00022AB304120_P001)),ZM00021AB303560_P001,ZM00028AB306610_P001);
(((ZM00039AB304920_P001,ZM00022AB304120_P001),(ZM00021AB303560_P001,ZM00034AB319640_P001)),(ZM00020AB303040_P001,(((ZM00025AB310010_P001,ZM00038AB305730_P001),(ZM00029AB313140_P001,ZM00031AB310670_P001)),ZM00040AB318060_P001)),ZM00028AB306610_P001);
(ZM00020AB303040_P001,(((((ZM00038AB305730_P001,(ZM00021AB303560_P001,ZM00025AB310010_P001)),ZM00029AB313140_P001),((ZM00031AB310670_P001,ZM00022AB304120_P001),ZM00039AB304920_P001)),ZM00034AB319640_P001),ZM00040AB318060_P001),ZM00028AB306610_P001);
(ZM00020AB303040_P001,(ZM00022AB304120_P001,(ZM00039AB304920_P001,(ZM00034AB319640_P001,((ZM00025AB310010_P001,((ZM00038AB305730_P001,(ZM00031AB310670_P001,ZM00029AB313140_P001)),ZM00040AB318060_P001)),ZM00021AB303560_P001)))),ZM00028AB306610_P001);
(((ZM00020AB303040_P001,(ZM00025AB310010_P001,((ZM00031AB310670_P001,ZM00029AB313140_P001),(ZM00040AB318060_P001,ZM00038AB305730_P001)))),ZM00034AB319640_P001),(ZM00022AB304120_P001,(ZM00039AB304920_P001,ZM00021AB303560_P001)),ZM00028AB306610_P001);
(((ZM00020AB303040_P001,(ZM00025AB310010_P001,((ZM00031AB310670_P001,ZM00029AB313140_P001),(ZM00040AB318060_P001,ZM00038AB305730_P001)))),ZM00034AB319640_P001),(ZM00022AB304120_P001,(ZM00039AB304920_P001,ZM00021AB303560_P001)),ZM00028AB306610_P001);
(((ZM00020AB303040_P001,(ZM00025AB310010_P001,((ZM00031AB310670_P001,ZM00029AB313140_P001),(ZM00040AB318060_P001,ZM00038AB305730_P001)))),ZM00034AB319640_P001),(ZM00022AB304120_P001,(ZM00039AB304920_P001,ZM00021AB303560_P001)),ZM00028AB306610_P001);
((((ZM00022AB304120_P001,ZM00039AB304920_P001),(ZM00021AB303560_P001,(((ZM00040AB318060_P001,(ZM00031AB310670_P001,ZM00029AB313140_P001)),ZM00038AB305730_P001),ZM00025AB310010_P001))),ZM00034AB319640_P001),ZM00020AB303040_P001,ZM00028AB306610_P001);
((((ZM00022AB304120_P001,ZM00039AB304920_P001),(ZM00021AB303560_P001,(((ZM00029AB313140_P001,ZM00031AB310670_P001),(ZM00040AB318060_P001,ZM00038AB305730_P001)),ZM00025AB310010_P001))),ZM00034AB319640_P001),ZM00020AB303040_P001,ZM00028AB306610_P001);
(ZM00034AB319640_P001,(((ZM00022AB304120_P001,ZM00039AB304920_P001),ZM00021AB303560_P001),(ZM00020AB303040_P001,((ZM00031AB310670_P001,((ZM00040AB318060_P001,ZM00038AB305730_P001),ZM00029AB313140_P001)),ZM00025AB310010_P001))),ZM00028AB306610_P001);
((ZM00020AB303040_P001,(ZM00031AB310670_P001,(((ZM00021AB303560_P001,ZM00025AB310010_P001),(ZM00040AB318060_P001,ZM00038AB305730_P001)),ZM00029AB313140_P001))),((ZM00022AB304120_P001,ZM00039AB304920_P001),ZM00034AB319640_P001),ZM00028AB306610_P001);
((ZM00020AB303040_P001,(ZM00031AB310670_P001,(((ZM00021AB303560_P001,ZM00025AB310010_P001),(ZM00040AB318060_P001,ZM00038AB305730_P001)),ZM00029AB313140_P001))),((ZM00022AB304120_P001,ZM00039AB304920_P001),ZM00034AB319640_P001),ZM00028AB306610_P001);
