

IMPORTANT WARNING: Sequences ZM00039AB329090_P001 and ZM00040AB343210_P001 are exactly identical


IMPORTANT WARNING: Sequences ZM00039AB329090_P001 and ZM00027AB327100_P001 are exactly identical

IMPORTANT WARNING
Found 2 sequences that are exactly identical to other sequences in the alignment.
Normally they should be excluded from the analysis.

Just in case you might need it, an alignment file with 
sequence duplicates removed is printed to file ../../RAxML_tree_pbNB-ARC/Clade_Refinement_1/Int4472_18_27_R_6.afa.reduced


This is RAxML version 8.2.12 released by Alexandros Stamatakis on May 2018.

With greatly appreciated code contributions by:
Andre Aberer      (HITS)
Simon Berger      (HITS)
Alexey Kozlov     (HITS)
Kassian Kobert    (HITS)
David Dao         (KIT and HITS)
Sarah Lutteropp   (KIT and HITS)
Nick Pattengale   (Sandia)
Wayne Pfeiffer    (SDSC)
Akifumi S. Tanabe (NRIFS)
Charlie Taylor    (UF)


Alignment has 101 distinct alignment patterns

Proportion of gaps and completely undetermined characters in this alignment: 14.17%

RAxML rapid bootstrapping and subsequent ML search

Using 1 distinct models/data partitions with joint branch length optimization



Executing 100 rapid bootstrap inferences and thereafter a thorough ML search 

All free model parameters will be estimated by RAxML
ML estimate of 25 per site rate categories

Likelihood of final tree will be evaluated and optimized under GAMMA

GAMMA Model parameters will be estimated up to an accuracy of 0.1000000000 Log Likelihood units

Partition: 0
Alignment Patterns: 101
Name: No Name Provided
DataType: AA
Substitution Matrix: JTT
Using fixed base frequencies




RAxML was called as follows:

/Users/prigozhin/Installers/standard-RAxML/raxmlHPC-PTHREADS-AVX -T 2 -n Int4472_18_27_R_6.Raxml.out -f a -x 12345 -p 12345 -# 100 -m PROTCATJTT -s ../../RAxML_tree_pbNB-ARC/Clade_Refinement_1/Int4472_18_27_R_6.afa 



Time for BS model parameter optimization 0.063667
Bootstrap[0]: Time 0.095684 seconds, bootstrap likelihood -1587.888421, best rearrangement setting 13
Bootstrap[1]: Time 0.022239 seconds, bootstrap likelihood -1593.685704, best rearrangement setting 13
Bootstrap[2]: Time 0.023916 seconds, bootstrap likelihood -1574.273672, best rearrangement setting 12
Bootstrap[3]: Time 0.023260 seconds, bootstrap likelihood -1554.840076, best rearrangement setting 15
Bootstrap[4]: Time 0.024005 seconds, bootstrap likelihood -1606.516496, best rearrangement setting 10
Bootstrap[5]: Time 0.020339 seconds, bootstrap likelihood -1614.413614, best rearrangement setting 10
Bootstrap[6]: Time 0.025131 seconds, bootstrap likelihood -1576.437679, best rearrangement setting 6
Bootstrap[7]: Time 0.032956 seconds, bootstrap likelihood -1585.458483, best rearrangement setting 14
Bootstrap[8]: Time 0.041289 seconds, bootstrap likelihood -1572.251342, best rearrangement setting 5
Bootstrap[9]: Time 0.020940 seconds, bootstrap likelihood -1602.993745, best rearrangement setting 7
Bootstrap[10]: Time 0.016342 seconds, bootstrap likelihood -1569.451444, best rearrangement setting 7
Bootstrap[11]: Time 0.018626 seconds, bootstrap likelihood -1597.488837, best rearrangement setting 5
Bootstrap[12]: Time 0.016775 seconds, bootstrap likelihood -1585.354581, best rearrangement setting 8
Bootstrap[13]: Time 0.020669 seconds, bootstrap likelihood -1593.624972, best rearrangement setting 7
Bootstrap[14]: Time 0.017666 seconds, bootstrap likelihood -1618.747528, best rearrangement setting 12
Bootstrap[15]: Time 0.020025 seconds, bootstrap likelihood -1559.592468, best rearrangement setting 15
Bootstrap[16]: Time 0.017261 seconds, bootstrap likelihood -1581.975240, best rearrangement setting 12
Bootstrap[17]: Time 0.016551 seconds, bootstrap likelihood -1596.007401, best rearrangement setting 12
Bootstrap[18]: Time 0.018443 seconds, bootstrap likelihood -1561.579032, best rearrangement setting 5
Bootstrap[19]: Time 0.020549 seconds, bootstrap likelihood -1550.709152, best rearrangement setting 8
Bootstrap[20]: Time 0.015437 seconds, bootstrap likelihood -1576.054488, best rearrangement setting 10
Bootstrap[21]: Time 0.015258 seconds, bootstrap likelihood -1563.152309, best rearrangement setting 6
Bootstrap[22]: Time 0.031181 seconds, bootstrap likelihood -1585.993206, best rearrangement setting 5
Bootstrap[23]: Time 0.015592 seconds, bootstrap likelihood -1597.753558, best rearrangement setting 7
Bootstrap[24]: Time 0.023498 seconds, bootstrap likelihood -1585.802922, best rearrangement setting 8
Bootstrap[25]: Time 0.016826 seconds, bootstrap likelihood -1637.537872, best rearrangement setting 6
Bootstrap[26]: Time 0.014672 seconds, bootstrap likelihood -1520.729431, best rearrangement setting 12
Bootstrap[27]: Time 0.017258 seconds, bootstrap likelihood -1542.544020, best rearrangement setting 10
Bootstrap[28]: Time 0.015037 seconds, bootstrap likelihood -1543.974948, best rearrangement setting 11
Bootstrap[29]: Time 0.032628 seconds, bootstrap likelihood -1607.061466, best rearrangement setting 12
Bootstrap[30]: Time 0.015440 seconds, bootstrap likelihood -1602.355089, best rearrangement setting 15
Bootstrap[31]: Time 0.013554 seconds, bootstrap likelihood -1569.864819, best rearrangement setting 15
Bootstrap[32]: Time 0.031169 seconds, bootstrap likelihood -1595.993399, best rearrangement setting 6
Bootstrap[33]: Time 0.014161 seconds, bootstrap likelihood -1560.129898, best rearrangement setting 15
Bootstrap[34]: Time 0.017823 seconds, bootstrap likelihood -1537.397561, best rearrangement setting 11
Bootstrap[35]: Time 0.017345 seconds, bootstrap likelihood -1623.904085, best rearrangement setting 8
Bootstrap[36]: Time 0.019292 seconds, bootstrap likelihood -1531.948834, best rearrangement setting 9
Bootstrap[37]: Time 0.032565 seconds, bootstrap likelihood -1531.439954, best rearrangement setting 11
Bootstrap[38]: Time 0.039289 seconds, bootstrap likelihood -1631.491562, best rearrangement setting 8
Bootstrap[39]: Time 0.017741 seconds, bootstrap likelihood -1581.974993, best rearrangement setting 13
Bootstrap[40]: Time 0.037836 seconds, bootstrap likelihood -1596.052888, best rearrangement setting 13
Bootstrap[41]: Time 0.014339 seconds, bootstrap likelihood -1632.031476, best rearrangement setting 10
Bootstrap[42]: Time 0.038914 seconds, bootstrap likelihood -1561.738800, best rearrangement setting 5
Bootstrap[43]: Time 0.016388 seconds, bootstrap likelihood -1571.596395, best rearrangement setting 14
Bootstrap[44]: Time 0.028077 seconds, bootstrap likelihood -1605.181207, best rearrangement setting 10
Bootstrap[45]: Time 0.014943 seconds, bootstrap likelihood -1632.485205, best rearrangement setting 15
Bootstrap[46]: Time 0.015231 seconds, bootstrap likelihood -1563.802355, best rearrangement setting 14
Bootstrap[47]: Time 0.021098 seconds, bootstrap likelihood -1574.973638, best rearrangement setting 8
Bootstrap[48]: Time 0.017682 seconds, bootstrap likelihood -1550.716911, best rearrangement setting 6
Bootstrap[49]: Time 0.018251 seconds, bootstrap likelihood -1590.485025, best rearrangement setting 7
Bootstrap[50]: Time 0.029439 seconds, bootstrap likelihood -1647.554579, best rearrangement setting 7
Bootstrap[51]: Time 0.016709 seconds, bootstrap likelihood -1638.381960, best rearrangement setting 11
Bootstrap[52]: Time 0.022725 seconds, bootstrap likelihood -1553.207862, best rearrangement setting 12
Bootstrap[53]: Time 0.014673 seconds, bootstrap likelihood -1588.080199, best rearrangement setting 8
Bootstrap[54]: Time 0.032034 seconds, bootstrap likelihood -1614.673416, best rearrangement setting 9
Bootstrap[55]: Time 0.030964 seconds, bootstrap likelihood -1541.761816, best rearrangement setting 11
Bootstrap[56]: Time 0.020720 seconds, bootstrap likelihood -1595.847869, best rearrangement setting 5
Bootstrap[57]: Time 0.016011 seconds, bootstrap likelihood -1590.031897, best rearrangement setting 7
Bootstrap[58]: Time 0.019123 seconds, bootstrap likelihood -1580.250317, best rearrangement setting 10
Bootstrap[59]: Time 0.014448 seconds, bootstrap likelihood -1574.424320, best rearrangement setting 9
Bootstrap[60]: Time 0.015797 seconds, bootstrap likelihood -1597.220225, best rearrangement setting 7
Bootstrap[61]: Time 0.021048 seconds, bootstrap likelihood -1546.531963, best rearrangement setting 5
Bootstrap[62]: Time 0.015520 seconds, bootstrap likelihood -1587.619450, best rearrangement setting 11
Bootstrap[63]: Time 0.031513 seconds, bootstrap likelihood -1591.605679, best rearrangement setting 12
Bootstrap[64]: Time 0.014412 seconds, bootstrap likelihood -1554.785773, best rearrangement setting 7
Bootstrap[65]: Time 0.030996 seconds, bootstrap likelihood -1556.564242, best rearrangement setting 5
Bootstrap[66]: Time 0.037746 seconds, bootstrap likelihood -1581.024600, best rearrangement setting 5
Bootstrap[67]: Time 0.020258 seconds, bootstrap likelihood -1595.393473, best rearrangement setting 15
Bootstrap[68]: Time 0.014957 seconds, bootstrap likelihood -1568.435965, best rearrangement setting 11
Bootstrap[69]: Time 0.017282 seconds, bootstrap likelihood -1557.111357, best rearrangement setting 5
Bootstrap[70]: Time 0.044066 seconds, bootstrap likelihood -1622.501434, best rearrangement setting 8
Bootstrap[71]: Time 0.017537 seconds, bootstrap likelihood -1573.848974, best rearrangement setting 10
Bootstrap[72]: Time 0.032863 seconds, bootstrap likelihood -1560.571079, best rearrangement setting 11
Bootstrap[73]: Time 0.017001 seconds, bootstrap likelihood -1604.333504, best rearrangement setting 9
Bootstrap[74]: Time 0.033489 seconds, bootstrap likelihood -1670.747653, best rearrangement setting 5
Bootstrap[75]: Time 0.032129 seconds, bootstrap likelihood -1545.156656, best rearrangement setting 8
Bootstrap[76]: Time 0.032333 seconds, bootstrap likelihood -1586.479658, best rearrangement setting 9
Bootstrap[77]: Time 0.019426 seconds, bootstrap likelihood -1573.599788, best rearrangement setting 11
Bootstrap[78]: Time 0.018653 seconds, bootstrap likelihood -1546.351112, best rearrangement setting 15
Bootstrap[79]: Time 0.015087 seconds, bootstrap likelihood -1551.344338, best rearrangement setting 9
Bootstrap[80]: Time 0.039207 seconds, bootstrap likelihood -1616.567651, best rearrangement setting 15
Bootstrap[81]: Time 0.024253 seconds, bootstrap likelihood -1517.158357, best rearrangement setting 7
Bootstrap[82]: Time 0.020882 seconds, bootstrap likelihood -1593.183954, best rearrangement setting 6
Bootstrap[83]: Time 0.029147 seconds, bootstrap likelihood -1606.678030, best rearrangement setting 10
Bootstrap[84]: Time 0.029908 seconds, bootstrap likelihood -1529.386494, best rearrangement setting 11
Bootstrap[85]: Time 0.020761 seconds, bootstrap likelihood -1553.974570, best rearrangement setting 8
Bootstrap[86]: Time 0.025081 seconds, bootstrap likelihood -1545.058463, best rearrangement setting 7
Bootstrap[87]: Time 0.025423 seconds, bootstrap likelihood -1551.120370, best rearrangement setting 7
Bootstrap[88]: Time 0.022193 seconds, bootstrap likelihood -1600.782991, best rearrangement setting 12
Bootstrap[89]: Time 0.023303 seconds, bootstrap likelihood -1594.944387, best rearrangement setting 10
Bootstrap[90]: Time 0.047541 seconds, bootstrap likelihood -1570.359435, best rearrangement setting 8
Bootstrap[91]: Time 0.019725 seconds, bootstrap likelihood -1569.368727, best rearrangement setting 12
Bootstrap[92]: Time 0.019715 seconds, bootstrap likelihood -1612.006148, best rearrangement setting 13
Bootstrap[93]: Time 0.021153 seconds, bootstrap likelihood -1554.343778, best rearrangement setting 15
Bootstrap[94]: Time 0.045034 seconds, bootstrap likelihood -1547.461668, best rearrangement setting 5
Bootstrap[95]: Time 0.016394 seconds, bootstrap likelihood -1600.800669, best rearrangement setting 5
Bootstrap[96]: Time 0.045101 seconds, bootstrap likelihood -1572.798903, best rearrangement setting 13
Bootstrap[97]: Time 0.021356 seconds, bootstrap likelihood -1545.277559, best rearrangement setting 11
Bootstrap[98]: Time 0.016237 seconds, bootstrap likelihood -1600.395017, best rearrangement setting 6
Bootstrap[99]: Time 0.016430 seconds, bootstrap likelihood -1571.537218, best rearrangement setting 14


Overall Time for 100 Rapid Bootstraps 2.389487 seconds
Average Time per Rapid Bootstrap 0.023895 seconds

Starting ML Search ...

Fast ML optimization finished

Fast ML search Time: 0.994301 seconds

Slow ML Search 0 Likelihood: -1715.371661
Slow ML Search 1 Likelihood: -1715.371661
Slow ML Search 2 Likelihood: -1715.371661
Slow ML Search 3 Likelihood: -1715.371661
Slow ML Search 4 Likelihood: -1715.371661
Slow ML Search 5 Likelihood: -1715.371661
Slow ML Search 6 Likelihood: -1715.371661
Slow ML Search 7 Likelihood: -1715.371661
Slow ML Search 8 Likelihood: -1715.371661
Slow ML Search 9 Likelihood: -1715.371661
Slow ML optimization finished

Slow ML search Time: 0.335763 seconds
Thorough ML search Time: 0.036871 seconds

Final ML Optimization Likelihood: -1715.371661

Model Information:

Model Parameters of Partition 0, Name: No Name Provided, Type of Data: AA
alpha: 0.020000
Tree-Length: 0.199164
rate A <-> R: 0.603538
rate A <-> N: 0.561915
rate A <-> D: 0.842872
rate A <-> C: 0.582726
rate A <-> Q: 0.593132
rate A <-> E: 1.092612
rate A <-> G: 1.862643
rate A <-> H: 0.280957
rate A <-> I: 0.374610
rate A <-> L: 0.312175
rate A <-> K: 0.364204
rate A <-> M: 0.561915
rate A <-> F: 0.156087
rate A <-> P: 2.018730
rate A <-> S: 3.933403
rate A <-> T: 4.942768
rate A <-> W: 0.093652
rate A <-> Y: 0.114464
rate A <-> V: 3.100937
rate R <-> N: 0.468262
rate R <-> D: 0.166493
rate R <-> C: 1.175858
rate R <-> Q: 3.225806
rate R <-> E: 0.301769
rate R <-> G: 1.425598
rate R <-> H: 3.413111
rate R <-> I: 0.228928
rate R <-> L: 0.395421
rate R <-> K: 6.722164
rate R <-> M: 0.457856
rate R <-> F: 0.052029
rate R <-> P: 0.770031
rate R <-> S: 1.050989
rate R <-> T: 0.665973
rate R <-> W: 1.311134
rate R <-> Y: 0.208117
rate R <-> V: 0.176899
rate N <-> D: 5.494277
rate N <-> C: 0.353798
rate N <-> Q: 0.894901
rate N <-> E: 0.603538
rate N <-> G: 0.842872
rate N <-> H: 4.068678
rate N <-> I: 0.489074
rate N <-> L: 0.124870
rate N <-> K: 2.736733
rate N <-> M: 0.312175
rate N <-> F: 0.104058
rate N <-> P: 0.156087
rate N <-> S: 5.234131
rate N <-> T: 2.414152
rate N <-> W: 0.083247
rate N <-> Y: 0.728408
rate N <-> V: 0.166493
rate D <-> C: 0.104058
rate D <-> Q: 0.509886
rate D <-> E: 7.981270
rate D <-> G: 1.352758
rate D <-> H: 1.165453
rate D <-> I: 0.114464
rate D <-> L: 0.072841
rate D <-> K: 0.270552
rate D <-> M: 0.156087
rate D <-> F: 0.041623
rate D <-> P: 0.156087
rate D <-> S: 0.613944
rate D <-> T: 0.395421
rate D <-> W: 0.041623
rate D <-> Y: 0.478668
rate D <-> V: 0.322581
rate C <-> Q: 0.093652
rate C <-> E: 0.052029
rate C <-> G: 0.613944
rate C <-> H: 0.718002
rate C <-> I: 0.176899
rate C <-> L: 0.239334
rate C <-> K: 0.072841
rate C <-> M: 0.322581
rate C <-> F: 0.811655
rate C <-> P: 0.145682
rate C <-> S: 2.320499
rate C <-> T: 0.437045
rate C <-> W: 1.196670
rate C <-> Y: 2.174818
rate C <-> V: 0.645161
rate Q <-> E: 3.361082
rate Q <-> G: 0.270552
rate Q <-> H: 6.212279
rate Q <-> I: 0.093652
rate Q <-> L: 0.749220
rate Q <-> K: 3.038502
rate Q <-> M: 0.447451
rate Q <-> F: 0.041623
rate Q <-> P: 1.706556
rate Q <-> S: 0.551509
rate Q <-> T: 0.530697
rate Q <-> W: 0.187305
rate Q <-> Y: 0.249740
rate Q <-> V: 0.208117
rate E <-> G: 1.238293
rate E <-> H: 0.270552
rate E <-> I: 0.124870
rate E <-> L: 0.093652
rate E <-> K: 1.883455
rate E <-> M: 0.187305
rate E <-> F: 0.052029
rate E <-> P: 0.187305
rate E <-> S: 0.312175
rate E <-> T: 0.332986
rate E <-> W: 0.104058
rate E <-> Y: 0.072841
rate E <-> V: 0.468262
rate G <-> H: 0.239334
rate G <-> I: 0.062435
rate G <-> L: 0.062435
rate G <-> K: 0.280957
rate G <-> M: 0.145682
rate G <-> F: 0.052029
rate G <-> P: 0.249740
rate G <-> S: 2.091571
rate G <-> T: 0.343392
rate G <-> W: 0.572320
rate G <-> Y: 0.083247
rate G <-> V: 0.489074
rate H <-> I: 0.166493
rate H <-> L: 0.582726
rate H <-> K: 0.468262
rate H <-> M: 0.343392
rate H <-> F: 0.416233
rate H <-> P: 1.196670
rate H <-> S: 0.759625
rate H <-> T: 0.478668
rate H <-> W: 0.083247
rate H <-> Y: 5.962539
rate H <-> V: 0.114464
rate I <-> L: 2.382934
rate I <-> K: 0.218522
rate I <-> M: 4.984391
rate I <-> F: 0.926119
rate I <-> P: 0.104058
rate I <-> S: 0.416233
rate I <-> T: 2.549428
rate I <-> W: 0.093652
rate I <-> Y: 0.332986
rate I <-> V: 10.000000
rate L <-> K: 0.145682
rate L <-> M: 4.037461
rate L <-> F: 2.580645
rate L <-> P: 1.061394
rate L <-> S: 0.613944
rate L <-> T: 0.260146
rate L <-> W: 0.541103
rate L <-> Y: 0.249740
rate L <-> V: 1.873049
rate K <-> M: 0.676379
rate K <-> F: 0.041623
rate K <-> P: 0.218522
rate K <-> S: 0.489074
rate K <-> T: 1.071800
rate K <-> W: 0.104058
rate K <-> Y: 0.083247
rate K <-> V: 0.145682
rate M <-> F: 0.447451
rate M <-> P: 0.166493
rate M <-> S: 0.301769
rate M <-> T: 2.351717
rate M <-> W: 0.249740
rate M <-> Y: 0.187305
rate M <-> V: 3.361082
rate F <-> P: 0.176899
rate F <-> S: 0.957336
rate F <-> T: 0.124870
rate F <-> W: 0.551509
rate F <-> Y: 5.577523
rate F <-> V: 0.645161
rate P <-> S: 2.965661
rate P <-> T: 1.227888
rate P <-> W: 0.062435
rate P <-> Y: 0.104058
rate P <-> V: 0.239334
rate S <-> T: 4.963580
rate S <-> W: 0.364204
rate S <-> Y: 0.655567
rate S <-> V: 0.395421
rate T <-> W: 0.124870
rate T <-> Y: 0.218522
rate T <-> V: 1.165453
rate W <-> Y: 0.738814
rate W <-> V: 0.260146
rate Y <-> V: 0.166493

freq pi(A): 0.076748
freq pi(R): 0.051691
freq pi(N): 0.042645
freq pi(D): 0.051544
freq pi(C): 0.019803
freq pi(Q): 0.040752
freq pi(E): 0.061830
freq pi(G): 0.073152
freq pi(H): 0.022944
freq pi(I): 0.053761
freq pi(L): 0.091904
freq pi(K): 0.058676
freq pi(M): 0.023826
freq pi(F): 0.040126
freq pi(P): 0.050901
freq pi(S): 0.068765
freq pi(T): 0.058565
freq pi(W): 0.014261
freq pi(Y): 0.032102
freq pi(V): 0.066004


ML search took 1.386489 secs or 0.000385 hours

Combined Bootstrap and ML search took 3.776189 secs or 0.001049 hours

Drawing Bootstrap Support Values on best-scoring ML tree ...



Found 1 tree in File /Users/prigozhin/Dropbox/NLRomes/Maize_NLRome/RAxML_tree_pbNB-ARC/Clade_Refinement_1/RAxML_bestTree.Int4472_18_27_R_6.Raxml.out



Found 1 tree in File /Users/prigozhin/Dropbox/NLRomes/Maize_NLRome/RAxML_tree_pbNB-ARC/Clade_Refinement_1/RAxML_bestTree.Int4472_18_27_R_6.Raxml.out

Program execution info written to /Users/prigozhin/Dropbox/NLRomes/Maize_NLRome/RAxML_tree_pbNB-ARC/Clade_Refinement_1/RAxML_info.Int4472_18_27_R_6.Raxml.out
All 100 bootstrapped trees written to: /Users/prigozhin/Dropbox/NLRomes/Maize_NLRome/RAxML_tree_pbNB-ARC/Clade_Refinement_1/RAxML_bootstrap.Int4472_18_27_R_6.Raxml.out

Best-scoring ML tree written to: /Users/prigozhin/Dropbox/NLRomes/Maize_NLRome/RAxML_tree_pbNB-ARC/Clade_Refinement_1/RAxML_bestTree.Int4472_18_27_R_6.Raxml.out

Best-scoring ML tree with support values written to: /Users/prigozhin/Dropbox/NLRomes/Maize_NLRome/RAxML_tree_pbNB-ARC/Clade_Refinement_1/RAxML_bipartitions.Int4472_18_27_R_6.Raxml.out

Best-scoring ML tree with support values as branch labels written to: /Users/prigozhin/Dropbox/NLRomes/Maize_NLRome/RAxML_tree_pbNB-ARC/Clade_Refinement_1/RAxML_bipartitionsBranchLabels.Int4472_18_27_R_6.Raxml.out

Overall execution time for full ML analysis: 3.778244 secs or 0.001050 hours or 0.000044 days

