

IMPORTANT WARNING: Sequences ZM00001EB117700_P001 and ZM00025AB120990_P001 are exactly identical


IMPORTANT WARNING: Sequences ZM00001EB117700_P001 and ZM00026AB117760_P001 are exactly identical


IMPORTANT WARNING: Sequences ZM00001EB117700_P001 and ZM00031AB121700_P001 are exactly identical


IMPORTANT WARNING: Sequences ZM00035AB121040_P001 and ZM00023AB120790_P001 are exactly identical

IMPORTANT WARNING
Found 4 sequences that are exactly identical to other sequences in the alignment.
Normally they should be excluded from the analysis.

Just in case you might need it, an alignment file with 
sequence duplicates removed is printed to file ../../RAxML_tree_pbNB-ARC/Clade_Refinement_1/Int4674_114_151_R_7.afa.reduced


This is RAxML version 8.2.12 released by Alexandros Stamatakis on May 2018.

With greatly appreciated code contributions by:
Andre Aberer      (HITS)
Simon Berger      (HITS)
Alexey Kozlov     (HITS)
Kassian Kobert    (HITS)
David Dao         (KIT and HITS)
Sarah Lutteropp   (KIT and HITS)
Nick Pattengale   (Sandia)
Wayne Pfeiffer    (SDSC)
Akifumi S. Tanabe (NRIFS)
Charlie Taylor    (UF)


Alignment has 53 distinct alignment patterns

Proportion of gaps and completely undetermined characters in this alignment: 41.36%

RAxML rapid bootstrapping and subsequent ML search

Using 1 distinct models/data partitions with joint branch length optimization



Executing 100 rapid bootstrap inferences and thereafter a thorough ML search 

All free model parameters will be estimated by RAxML
ML estimate of 25 per site rate categories

Likelihood of final tree will be evaluated and optimized under GAMMA

GAMMA Model parameters will be estimated up to an accuracy of 0.1000000000 Log Likelihood units

Partition: 0
Alignment Patterns: 53
Name: No Name Provided
DataType: AA
Substitution Matrix: JTT
Using fixed base frequencies




RAxML was called as follows:

/Users/prigozhin/Installers/standard-RAxML/raxmlHPC-PTHREADS-AVX -T 2 -n Int4674_114_151_R_7.Raxml.out -f a -x 12345 -p 12345 -# 100 -m PROTCATJTT -s ../../RAxML_tree_pbNB-ARC/Clade_Refinement_1/Int4674_114_151_R_7.afa 



Time for BS model parameter optimization 0.033819
Bootstrap[0]: Time 0.044014 seconds, bootstrap likelihood -2920.539557, best rearrangement setting 13
Bootstrap[1]: Time 0.017174 seconds, bootstrap likelihood -2904.880449, best rearrangement setting 13
Bootstrap[2]: Time 0.017139 seconds, bootstrap likelihood -2886.060620, best rearrangement setting 12
Bootstrap[3]: Time 0.013480 seconds, bootstrap likelihood -2893.498391, best rearrangement setting 15
Bootstrap[4]: Time 0.013578 seconds, bootstrap likelihood -2933.113921, best rearrangement setting 10
Bootstrap[5]: Time 0.015502 seconds, bootstrap likelihood -2919.498669, best rearrangement setting 10
Bootstrap[6]: Time 0.009137 seconds, bootstrap likelihood -2932.290436, best rearrangement setting 6
Bootstrap[7]: Time 0.010348 seconds, bootstrap likelihood -2941.028316, best rearrangement setting 14
Bootstrap[8]: Time 0.012340 seconds, bootstrap likelihood -2904.596212, best rearrangement setting 5
Bootstrap[9]: Time 0.016450 seconds, bootstrap likelihood -2924.488353, best rearrangement setting 7
Bootstrap[10]: Time 0.009659 seconds, bootstrap likelihood -2919.922316, best rearrangement setting 7
Bootstrap[11]: Time 0.008947 seconds, bootstrap likelihood -2908.901288, best rearrangement setting 5
Bootstrap[12]: Time 0.009643 seconds, bootstrap likelihood -2893.522279, best rearrangement setting 8
Bootstrap[13]: Time 0.011063 seconds, bootstrap likelihood -2906.787870, best rearrangement setting 7
Bootstrap[14]: Time 0.011462 seconds, bootstrap likelihood -2911.062533, best rearrangement setting 12
Bootstrap[15]: Time 0.010275 seconds, bootstrap likelihood -2965.663718, best rearrangement setting 15
Bootstrap[16]: Time 0.010072 seconds, bootstrap likelihood -2912.774166, best rearrangement setting 12
Bootstrap[17]: Time 0.012169 seconds, bootstrap likelihood -2949.070826, best rearrangement setting 12
Bootstrap[18]: Time 0.012227 seconds, bootstrap likelihood -2949.301007, best rearrangement setting 5
Bootstrap[19]: Time 0.009378 seconds, bootstrap likelihood -2936.283193, best rearrangement setting 8
Bootstrap[20]: Time 0.011282 seconds, bootstrap likelihood -2930.881857, best rearrangement setting 10
Bootstrap[21]: Time 0.012160 seconds, bootstrap likelihood -2925.998904, best rearrangement setting 6
Bootstrap[22]: Time 0.009395 seconds, bootstrap likelihood -2923.043008, best rearrangement setting 5
Bootstrap[23]: Time 0.012197 seconds, bootstrap likelihood -2938.189972, best rearrangement setting 7
Bootstrap[24]: Time 0.009365 seconds, bootstrap likelihood -2931.204652, best rearrangement setting 8
Bootstrap[25]: Time 0.012210 seconds, bootstrap likelihood -2936.325386, best rearrangement setting 6
Bootstrap[26]: Time 0.011649 seconds, bootstrap likelihood -2926.497605, best rearrangement setting 12
Bootstrap[27]: Time 0.011931 seconds, bootstrap likelihood -2929.439896, best rearrangement setting 10
Bootstrap[28]: Time 0.009065 seconds, bootstrap likelihood -2926.411153, best rearrangement setting 11
Bootstrap[29]: Time 0.013395 seconds, bootstrap likelihood -2930.631088, best rearrangement setting 12
Bootstrap[30]: Time 0.009799 seconds, bootstrap likelihood -2925.761052, best rearrangement setting 15
Bootstrap[31]: Time 0.009759 seconds, bootstrap likelihood -2927.648569, best rearrangement setting 15
Bootstrap[32]: Time 0.010649 seconds, bootstrap likelihood -2913.525221, best rearrangement setting 6
Bootstrap[33]: Time 0.015549 seconds, bootstrap likelihood -2915.182752, best rearrangement setting 15
Bootstrap[34]: Time 0.009473 seconds, bootstrap likelihood -2937.302446, best rearrangement setting 11
Bootstrap[35]: Time 0.012190 seconds, bootstrap likelihood -2930.683307, best rearrangement setting 8
Bootstrap[36]: Time 0.014837 seconds, bootstrap likelihood -2930.417329, best rearrangement setting 9
Bootstrap[37]: Time 0.011083 seconds, bootstrap likelihood -2926.210676, best rearrangement setting 11
Bootstrap[38]: Time 0.009424 seconds, bootstrap likelihood -2914.307397, best rearrangement setting 8
Bootstrap[39]: Time 0.009424 seconds, bootstrap likelihood -2939.205853, best rearrangement setting 13
Bootstrap[40]: Time 0.012122 seconds, bootstrap likelihood -2960.429885, best rearrangement setting 13
Bootstrap[41]: Time 0.009903 seconds, bootstrap likelihood -2909.761037, best rearrangement setting 10
Bootstrap[42]: Time 0.010033 seconds, bootstrap likelihood -2919.461047, best rearrangement setting 5
Bootstrap[43]: Time 0.009485 seconds, bootstrap likelihood -2908.829641, best rearrangement setting 14
Bootstrap[44]: Time 0.013264 seconds, bootstrap likelihood -2903.545444, best rearrangement setting 10
Bootstrap[45]: Time 0.013910 seconds, bootstrap likelihood -2920.740650, best rearrangement setting 15
Bootstrap[46]: Time 0.009469 seconds, bootstrap likelihood -2932.500910, best rearrangement setting 14
Bootstrap[47]: Time 0.009541 seconds, bootstrap likelihood -2915.575512, best rearrangement setting 8
Bootstrap[48]: Time 0.012682 seconds, bootstrap likelihood -2907.160931, best rearrangement setting 6
Bootstrap[49]: Time 0.009522 seconds, bootstrap likelihood -2939.620072, best rearrangement setting 7
Bootstrap[50]: Time 0.010285 seconds, bootstrap likelihood -2939.545352, best rearrangement setting 7
Bootstrap[51]: Time 0.011028 seconds, bootstrap likelihood -2935.153756, best rearrangement setting 11
Bootstrap[52]: Time 0.014795 seconds, bootstrap likelihood -2917.687101, best rearrangement setting 12
Bootstrap[53]: Time 0.014182 seconds, bootstrap likelihood -2913.248812, best rearrangement setting 8
Bootstrap[54]: Time 0.013262 seconds, bootstrap likelihood -2918.781811, best rearrangement setting 9
Bootstrap[55]: Time 0.009669 seconds, bootstrap likelihood -2948.131407, best rearrangement setting 11
Bootstrap[56]: Time 0.011225 seconds, bootstrap likelihood -2932.899965, best rearrangement setting 5
Bootstrap[57]: Time 0.009043 seconds, bootstrap likelihood -2936.730461, best rearrangement setting 7
Bootstrap[58]: Time 0.008930 seconds, bootstrap likelihood -2944.078514, best rearrangement setting 10
Bootstrap[59]: Time 0.010562 seconds, bootstrap likelihood -2928.878513, best rearrangement setting 9
Bootstrap[60]: Time 0.013288 seconds, bootstrap likelihood -2928.599092, best rearrangement setting 7
Bootstrap[61]: Time 0.011321 seconds, bootstrap likelihood -2918.762622, best rearrangement setting 5
Bootstrap[62]: Time 0.012915 seconds, bootstrap likelihood -2890.881300, best rearrangement setting 11
Bootstrap[63]: Time 0.011564 seconds, bootstrap likelihood -2933.737915, best rearrangement setting 12
Bootstrap[64]: Time 0.014274 seconds, bootstrap likelihood -2924.369162, best rearrangement setting 7
Bootstrap[65]: Time 0.010723 seconds, bootstrap likelihood -2934.254019, best rearrangement setting 5
Bootstrap[66]: Time 0.010297 seconds, bootstrap likelihood -2921.721236, best rearrangement setting 5
Bootstrap[67]: Time 0.011180 seconds, bootstrap likelihood -2960.770067, best rearrangement setting 15
Bootstrap[68]: Time 0.012912 seconds, bootstrap likelihood -2925.434549, best rearrangement setting 11
Bootstrap[69]: Time 0.010491 seconds, bootstrap likelihood -2920.264187, best rearrangement setting 5
Bootstrap[70]: Time 0.009986 seconds, bootstrap likelihood -2936.820777, best rearrangement setting 8
Bootstrap[71]: Time 0.014851 seconds, bootstrap likelihood -2900.359220, best rearrangement setting 10
Bootstrap[72]: Time 0.009309 seconds, bootstrap likelihood -2935.751211, best rearrangement setting 11
Bootstrap[73]: Time 0.009132 seconds, bootstrap likelihood -2932.707638, best rearrangement setting 9
Bootstrap[74]: Time 0.010940 seconds, bootstrap likelihood -2941.023962, best rearrangement setting 5
Bootstrap[75]: Time 0.011263 seconds, bootstrap likelihood -2923.225123, best rearrangement setting 8
Bootstrap[76]: Time 0.009480 seconds, bootstrap likelihood -2942.684649, best rearrangement setting 9
Bootstrap[77]: Time 0.011024 seconds, bootstrap likelihood -2935.045638, best rearrangement setting 11
Bootstrap[78]: Time 0.009839 seconds, bootstrap likelihood -2918.593543, best rearrangement setting 15
Bootstrap[79]: Time 0.010490 seconds, bootstrap likelihood -2927.312118, best rearrangement setting 9
Bootstrap[80]: Time 0.012237 seconds, bootstrap likelihood -2930.444287, best rearrangement setting 15
Bootstrap[81]: Time 0.010117 seconds, bootstrap likelihood -2937.795590, best rearrangement setting 7
Bootstrap[82]: Time 0.009811 seconds, bootstrap likelihood -2920.962301, best rearrangement setting 6
Bootstrap[83]: Time 0.009205 seconds, bootstrap likelihood -2926.885021, best rearrangement setting 10
Bootstrap[84]: Time 0.016120 seconds, bootstrap likelihood -2931.771971, best rearrangement setting 11
Bootstrap[85]: Time 0.012210 seconds, bootstrap likelihood -2900.700734, best rearrangement setting 8
Bootstrap[86]: Time 0.010158 seconds, bootstrap likelihood -2919.574263, best rearrangement setting 7
Bootstrap[87]: Time 0.016513 seconds, bootstrap likelihood -2921.921426, best rearrangement setting 7
Bootstrap[88]: Time 0.013911 seconds, bootstrap likelihood -2933.248980, best rearrangement setting 12
Bootstrap[89]: Time 0.015074 seconds, bootstrap likelihood -2904.626412, best rearrangement setting 10
Bootstrap[90]: Time 0.014329 seconds, bootstrap likelihood -2909.563433, best rearrangement setting 8
Bootstrap[91]: Time 0.013009 seconds, bootstrap likelihood -2913.232531, best rearrangement setting 12
Bootstrap[92]: Time 0.012587 seconds, bootstrap likelihood -2910.654677, best rearrangement setting 13
Bootstrap[93]: Time 0.013374 seconds, bootstrap likelihood -2927.261286, best rearrangement setting 15
Bootstrap[94]: Time 0.012671 seconds, bootstrap likelihood -2943.184178, best rearrangement setting 5
Bootstrap[95]: Time 0.013030 seconds, bootstrap likelihood -2927.125876, best rearrangement setting 5
Bootstrap[96]: Time 0.012186 seconds, bootstrap likelihood -2944.797287, best rearrangement setting 13
Bootstrap[97]: Time 0.009826 seconds, bootstrap likelihood -2914.083368, best rearrangement setting 11
Bootstrap[98]: Time 0.010726 seconds, bootstrap likelihood -2940.409469, best rearrangement setting 6
Bootstrap[99]: Time 0.010024 seconds, bootstrap likelihood -2915.117545, best rearrangement setting 14


Overall Time for 100 Rapid Bootstraps 1.204732 seconds
Average Time per Rapid Bootstrap 0.012047 seconds

Starting ML Search ...

Fast ML optimization finished

Fast ML search Time: 0.457114 seconds

Slow ML Search 0 Likelihood: -2984.870499
Slow ML Search 1 Likelihood: -2984.870499
Slow ML Search 2 Likelihood: -2984.870499
Slow ML Search 3 Likelihood: -2984.870499
Slow ML Search 4 Likelihood: -2984.870499
Slow ML Search 5 Likelihood: -2984.870499
Slow ML Search 6 Likelihood: -2984.870499
Slow ML Search 7 Likelihood: -2984.870499
Slow ML Search 8 Likelihood: -2984.870499
Slow ML Search 9 Likelihood: -2984.870499
Slow ML optimization finished

Slow ML search Time: 0.161543 seconds
Thorough ML search Time: 0.026893 seconds

Final ML Optimization Likelihood: -2984.870499

Model Information:

Model Parameters of Partition 0, Name: No Name Provided, Type of Data: AA
alpha: 0.020000
Tree-Length: 0.027122
rate A <-> R: 0.603538
rate A <-> N: 0.561915
rate A <-> D: 0.842872
rate A <-> C: 0.582726
rate A <-> Q: 0.593132
rate A <-> E: 1.092612
rate A <-> G: 1.862643
rate A <-> H: 0.280957
rate A <-> I: 0.374610
rate A <-> L: 0.312175
rate A <-> K: 0.364204
rate A <-> M: 0.561915
rate A <-> F: 0.156087
rate A <-> P: 2.018730
rate A <-> S: 3.933403
rate A <-> T: 4.942768
rate A <-> W: 0.093652
rate A <-> Y: 0.114464
rate A <-> V: 3.100937
rate R <-> N: 0.468262
rate R <-> D: 0.166493
rate R <-> C: 1.175858
rate R <-> Q: 3.225806
rate R <-> E: 0.301769
rate R <-> G: 1.425598
rate R <-> H: 3.413111
rate R <-> I: 0.228928
rate R <-> L: 0.395421
rate R <-> K: 6.722164
rate R <-> M: 0.457856
rate R <-> F: 0.052029
rate R <-> P: 0.770031
rate R <-> S: 1.050989
rate R <-> T: 0.665973
rate R <-> W: 1.311134
rate R <-> Y: 0.208117
rate R <-> V: 0.176899
rate N <-> D: 5.494277
rate N <-> C: 0.353798
rate N <-> Q: 0.894901
rate N <-> E: 0.603538
rate N <-> G: 0.842872
rate N <-> H: 4.068678
rate N <-> I: 0.489074
rate N <-> L: 0.124870
rate N <-> K: 2.736733
rate N <-> M: 0.312175
rate N <-> F: 0.104058
rate N <-> P: 0.156087
rate N <-> S: 5.234131
rate N <-> T: 2.414152
rate N <-> W: 0.083247
rate N <-> Y: 0.728408
rate N <-> V: 0.166493
rate D <-> C: 0.104058
rate D <-> Q: 0.509886
rate D <-> E: 7.981270
rate D <-> G: 1.352758
rate D <-> H: 1.165453
rate D <-> I: 0.114464
rate D <-> L: 0.072841
rate D <-> K: 0.270552
rate D <-> M: 0.156087
rate D <-> F: 0.041623
rate D <-> P: 0.156087
rate D <-> S: 0.613944
rate D <-> T: 0.395421
rate D <-> W: 0.041623
rate D <-> Y: 0.478668
rate D <-> V: 0.322581
rate C <-> Q: 0.093652
rate C <-> E: 0.052029
rate C <-> G: 0.613944
rate C <-> H: 0.718002
rate C <-> I: 0.176899
rate C <-> L: 0.239334
rate C <-> K: 0.072841
rate C <-> M: 0.322581
rate C <-> F: 0.811655
rate C <-> P: 0.145682
rate C <-> S: 2.320499
rate C <-> T: 0.437045
rate C <-> W: 1.196670
rate C <-> Y: 2.174818
rate C <-> V: 0.645161
rate Q <-> E: 3.361082
rate Q <-> G: 0.270552
rate Q <-> H: 6.212279
rate Q <-> I: 0.093652
rate Q <-> L: 0.749220
rate Q <-> K: 3.038502
rate Q <-> M: 0.447451
rate Q <-> F: 0.041623
rate Q <-> P: 1.706556
rate Q <-> S: 0.551509
rate Q <-> T: 0.530697
rate Q <-> W: 0.187305
rate Q <-> Y: 0.249740
rate Q <-> V: 0.208117
rate E <-> G: 1.238293
rate E <-> H: 0.270552
rate E <-> I: 0.124870
rate E <-> L: 0.093652
rate E <-> K: 1.883455
rate E <-> M: 0.187305
rate E <-> F: 0.052029
rate E <-> P: 0.187305
rate E <-> S: 0.312175
rate E <-> T: 0.332986
rate E <-> W: 0.104058
rate E <-> Y: 0.072841
rate E <-> V: 0.468262
rate G <-> H: 0.239334
rate G <-> I: 0.062435
rate G <-> L: 0.062435
rate G <-> K: 0.280957
rate G <-> M: 0.145682
rate G <-> F: 0.052029
rate G <-> P: 0.249740
rate G <-> S: 2.091571
rate G <-> T: 0.343392
rate G <-> W: 0.572320
rate G <-> Y: 0.083247
rate G <-> V: 0.489074
rate H <-> I: 0.166493
rate H <-> L: 0.582726
rate H <-> K: 0.468262
rate H <-> M: 0.343392
rate H <-> F: 0.416233
rate H <-> P: 1.196670
rate H <-> S: 0.759625
rate H <-> T: 0.478668
rate H <-> W: 0.083247
rate H <-> Y: 5.962539
rate H <-> V: 0.114464
rate I <-> L: 2.382934
rate I <-> K: 0.218522
rate I <-> M: 4.984391
rate I <-> F: 0.926119
rate I <-> P: 0.104058
rate I <-> S: 0.416233
rate I <-> T: 2.549428
rate I <-> W: 0.093652
rate I <-> Y: 0.332986
rate I <-> V: 10.000000
rate L <-> K: 0.145682
rate L <-> M: 4.037461
rate L <-> F: 2.580645
rate L <-> P: 1.061394
rate L <-> S: 0.613944
rate L <-> T: 0.260146
rate L <-> W: 0.541103
rate L <-> Y: 0.249740
rate L <-> V: 1.873049
rate K <-> M: 0.676379
rate K <-> F: 0.041623
rate K <-> P: 0.218522
rate K <-> S: 0.489074
rate K <-> T: 1.071800
rate K <-> W: 0.104058
rate K <-> Y: 0.083247
rate K <-> V: 0.145682
rate M <-> F: 0.447451
rate M <-> P: 0.166493
rate M <-> S: 0.301769
rate M <-> T: 2.351717
rate M <-> W: 0.249740
rate M <-> Y: 0.187305
rate M <-> V: 3.361082
rate F <-> P: 0.176899
rate F <-> S: 0.957336
rate F <-> T: 0.124870
rate F <-> W: 0.551509
rate F <-> Y: 5.577523
rate F <-> V: 0.645161
rate P <-> S: 2.965661
rate P <-> T: 1.227888
rate P <-> W: 0.062435
rate P <-> Y: 0.104058
rate P <-> V: 0.239334
rate S <-> T: 4.963580
rate S <-> W: 0.364204
rate S <-> Y: 0.655567
rate S <-> V: 0.395421
rate T <-> W: 0.124870
rate T <-> Y: 0.218522
rate T <-> V: 1.165453
rate W <-> Y: 0.738814
rate W <-> V: 0.260146
rate Y <-> V: 0.166493

freq pi(A): 0.076748
freq pi(R): 0.051691
freq pi(N): 0.042645
freq pi(D): 0.051544
freq pi(C): 0.019803
freq pi(Q): 0.040752
freq pi(E): 0.061830
freq pi(G): 0.073152
freq pi(H): 0.022944
freq pi(I): 0.053761
freq pi(L): 0.091904
freq pi(K): 0.058676
freq pi(M): 0.023826
freq pi(F): 0.040126
freq pi(P): 0.050901
freq pi(S): 0.068765
freq pi(T): 0.058565
freq pi(W): 0.014261
freq pi(Y): 0.032102
freq pi(V): 0.066004


ML search took 0.664864 secs or 0.000185 hours

Combined Bootstrap and ML search took 1.869741 secs or 0.000519 hours

Drawing Bootstrap Support Values on best-scoring ML tree ...



Found 1 tree in File /Users/prigozhin/Dropbox/NLRomes/Maize_NLRome/RAxML_tree_pbNB-ARC/Clade_Refinement_1/RAxML_bestTree.Int4674_114_151_R_7.Raxml.out



Found 1 tree in File /Users/prigozhin/Dropbox/NLRomes/Maize_NLRome/RAxML_tree_pbNB-ARC/Clade_Refinement_1/RAxML_bestTree.Int4674_114_151_R_7.Raxml.out

Program execution info written to /Users/prigozhin/Dropbox/NLRomes/Maize_NLRome/RAxML_tree_pbNB-ARC/Clade_Refinement_1/RAxML_info.Int4674_114_151_R_7.Raxml.out
All 100 bootstrapped trees written to: /Users/prigozhin/Dropbox/NLRomes/Maize_NLRome/RAxML_tree_pbNB-ARC/Clade_Refinement_1/RAxML_bootstrap.Int4674_114_151_R_7.Raxml.out

Best-scoring ML tree written to: /Users/prigozhin/Dropbox/NLRomes/Maize_NLRome/RAxML_tree_pbNB-ARC/Clade_Refinement_1/RAxML_bestTree.Int4674_114_151_R_7.Raxml.out

Best-scoring ML tree with support values written to: /Users/prigozhin/Dropbox/NLRomes/Maize_NLRome/RAxML_tree_pbNB-ARC/Clade_Refinement_1/RAxML_bipartitions.Int4674_114_151_R_7.Raxml.out

Best-scoring ML tree with support values as branch labels written to: /Users/prigozhin/Dropbox/NLRomes/Maize_NLRome/RAxML_tree_pbNB-ARC/Clade_Refinement_1/RAxML_bipartitionsBranchLabels.Int4674_114_151_R_7.Raxml.out

Overall execution time for full ML analysis: 1.872263 secs or 0.000520 hours or 0.000022 days

