((ZM00042AB170370_P001,ZM00019AB155270_P001),((ZM00030AB165230_P001,((ZM00019AB155370_P001,ZM00037AB165930_P001),(ZM00022AB166760_P001,((ZM00034AB175160_P001,ZM00025AB171290_P001),ZM00029AB171030_P001)))),(ZM00036AB169950_P001,ZM00036AB451970_P001)),ZM00026AB166500_P001);
((ZM00042AB170370_P001,(ZM00019AB155270_P001,(ZM00030AB165230_P001,((ZM00019AB155370_P001,ZM00037AB165930_P001),((ZM00034AB175160_P001,ZM00025AB171290_P001),(ZM00029AB171030_P001,ZM00022AB166760_P001)))))),(ZM00036AB169950_P001,ZM00036AB451970_P001),ZM00026AB166500_P001);
((ZM00042AB170370_P001,(ZM00019AB155270_P001,(ZM00030AB165230_P001,((ZM00019AB155370_P001,ZM00037AB165930_P001),((ZM00034AB175160_P001,ZM00025AB171290_P001),(ZM00029AB171030_P001,ZM00022AB166760_P001)))))),(ZM00036AB169950_P001,ZM00036AB451970_P001),ZM00026AB166500_P001);
(((ZM00030AB165230_P001,((ZM00019AB155370_P001,ZM00037AB165930_P001),((ZM00029AB171030_P001,ZM00022AB166760_P001),(ZM00034AB175160_P001,ZM00025AB171290_P001)))),(ZM00042AB170370_P001,ZM00019AB155270_P001)),(ZM00036AB169950_P001,ZM00036AB451970_P001),ZM00026AB166500_P001);
(ZM00042AB170370_P001,(ZM00019AB155270_P001,((ZM00036AB169950_P001,ZM00036AB451970_P001),(ZM00030AB165230_P001,((ZM00019AB155370_P001,ZM00037AB165930_P001),((ZM00029AB171030_P001,ZM00022AB166760_P001),(ZM00034AB175160_P001,ZM00025AB171290_P001)))))),ZM00026AB166500_P001);
(ZM00042AB170370_P001,(ZM00019AB155270_P001,((ZM00036AB169950_P001,ZM00036AB451970_P001),(ZM00030AB165230_P001,((ZM00019AB155370_P001,ZM00037AB165930_P001),((ZM00029AB171030_P001,ZM00022AB166760_P001),(ZM00034AB175160_P001,ZM00025AB171290_P001)))))),ZM00026AB166500_P001);
(ZM00042AB170370_P001,(ZM00019AB155270_P001,((ZM00036AB169950_P001,ZM00036AB451970_P001),(ZM00030AB165230_P001,((ZM00019AB155370_P001,ZM00037AB165930_P001),((ZM00029AB171030_P001,ZM00022AB166760_P001),(ZM00034AB175160_P001,ZM00025AB171290_P001)))))),ZM00026AB166500_P001);
(ZM00042AB170370_P001,(ZM00019AB155270_P001,((ZM00036AB169950_P001,ZM00036AB451970_P001),(ZM00030AB165230_P001,((ZM00019AB155370_P001,ZM00037AB165930_P001),((ZM00029AB171030_P001,ZM00022AB166760_P001),(ZM00034AB175160_P001,ZM00025AB171290_P001)))))),ZM00026AB166500_P001);
(ZM00042AB170370_P001,(ZM00019AB155270_P001,((ZM00036AB169950_P001,ZM00036AB451970_P001),(ZM00030AB165230_P001,((ZM00019AB155370_P001,ZM00037AB165930_P001),((ZM00029AB171030_P001,ZM00022AB166760_P001),(ZM00034AB175160_P001,ZM00025AB171290_P001)))))),ZM00026AB166500_P001);
(ZM00042AB170370_P001,(ZM00019AB155270_P001,((ZM00036AB169950_P001,ZM00036AB451970_P001),(ZM00030AB165230_P001,((ZM00019AB155370_P001,ZM00037AB165930_P001),((ZM00029AB171030_P001,ZM00022AB166760_P001),(ZM00034AB175160_P001,ZM00025AB171290_P001)))))),ZM00026AB166500_P001);
((ZM00042AB170370_P001,(ZM00019AB155270_P001,(ZM00030AB165230_P001,(((ZM00034AB175160_P001,ZM00025AB171290_P001),(ZM00022AB166760_P001,ZM00029AB171030_P001)),(ZM00019AB155370_P001,ZM00037AB165930_P001))))),(ZM00036AB169950_P001,ZM00036AB451970_P001),ZM00026AB166500_P001);
((ZM00042AB170370_P001,(ZM00019AB155270_P001,(ZM00030AB165230_P001,(((ZM00034AB175160_P001,ZM00025AB171290_P001),(ZM00022AB166760_P001,ZM00029AB171030_P001)),(ZM00019AB155370_P001,ZM00037AB165930_P001))))),(ZM00036AB169950_P001,ZM00036AB451970_P001),ZM00026AB166500_P001);
(((ZM00036AB169950_P001,ZM00036AB451970_P001),(ZM00030AB165230_P001,(((ZM00034AB175160_P001,ZM00025AB171290_P001),(ZM00022AB166760_P001,ZM00029AB171030_P001)),(ZM00019AB155370_P001,ZM00037AB165930_P001)))),(ZM00019AB155270_P001,ZM00042AB170370_P001),ZM00026AB166500_P001);
(ZM00042AB170370_P001,(((ZM00036AB169950_P001,ZM00036AB451970_P001),(ZM00030AB165230_P001,(((ZM00034AB175160_P001,ZM00025AB171290_P001),(ZM00022AB166760_P001,ZM00029AB171030_P001)),(ZM00019AB155370_P001,ZM00037AB165930_P001)))),ZM00019AB155270_P001),ZM00026AB166500_P001);
(ZM00042AB170370_P001,(((ZM00036AB169950_P001,ZM00036AB451970_P001),(ZM00030AB165230_P001,(((ZM00034AB175160_P001,ZM00025AB171290_P001),(ZM00022AB166760_P001,ZM00029AB171030_P001)),(ZM00019AB155370_P001,ZM00037AB165930_P001)))),ZM00019AB155270_P001),ZM00026AB166500_P001);
(ZM00042AB170370_P001,(((ZM00036AB169950_P001,ZM00036AB451970_P001),(ZM00030AB165230_P001,(((ZM00034AB175160_P001,ZM00025AB171290_P001),(ZM00022AB166760_P001,ZM00029AB171030_P001)),(ZM00019AB155370_P001,ZM00037AB165930_P001)))),ZM00019AB155270_P001),ZM00026AB166500_P001);
((ZM00042AB170370_P001,(((((ZM00034AB175160_P001,ZM00025AB171290_P001),(ZM00022AB166760_P001,ZM00029AB171030_P001)),(ZM00019AB155370_P001,ZM00037AB165930_P001)),ZM00030AB165230_P001),ZM00019AB155270_P001)),(ZM00036AB169950_P001,ZM00036AB451970_P001),ZM00026AB166500_P001);
((ZM00042AB170370_P001,(((((ZM00034AB175160_P001,ZM00025AB171290_P001),(ZM00022AB166760_P001,ZM00029AB171030_P001)),(ZM00019AB155370_P001,ZM00037AB165930_P001)),ZM00030AB165230_P001),ZM00019AB155270_P001)),(ZM00036AB169950_P001,ZM00036AB451970_P001),ZM00026AB166500_P001);
((ZM00019AB155270_P001,ZM00042AB170370_P001),((ZM00036AB169950_P001,ZM00036AB451970_P001),((((ZM00034AB175160_P001,ZM00025AB171290_P001),(ZM00022AB166760_P001,ZM00029AB171030_P001)),(ZM00019AB155370_P001,ZM00037AB165930_P001)),ZM00030AB165230_P001)),ZM00026AB166500_P001);
((ZM00019AB155270_P001,ZM00042AB170370_P001),((ZM00036AB169950_P001,ZM00036AB451970_P001),((((ZM00034AB175160_P001,ZM00025AB171290_P001),(ZM00022AB166760_P001,ZM00029AB171030_P001)),(ZM00019AB155370_P001,ZM00037AB165930_P001)),ZM00030AB165230_P001)),ZM00026AB166500_P001);
(ZM00042AB170370_P001,((ZM00025AB171290_P001,ZM00034AB175160_P001),(((((ZM00036AB169950_P001,ZM00036AB451970_P001),ZM00019AB155270_P001),ZM00030AB165230_P001),(ZM00019AB155370_P001,ZM00037AB165930_P001)),(ZM00029AB171030_P001,ZM00022AB166760_P001))),ZM00026AB166500_P001);
(ZM00042AB170370_P001,((ZM00025AB171290_P001,ZM00034AB175160_P001),(((((ZM00036AB169950_P001,ZM00036AB451970_P001),ZM00019AB155270_P001),ZM00030AB165230_P001),(ZM00019AB155370_P001,ZM00037AB165930_P001)),(ZM00029AB171030_P001,ZM00022AB166760_P001))),ZM00026AB166500_P001);
(ZM00042AB170370_P001,((ZM00025AB171290_P001,ZM00034AB175160_P001),(((((ZM00036AB169950_P001,ZM00036AB451970_P001),ZM00019AB155270_P001),ZM00030AB165230_P001),(ZM00019AB155370_P001,ZM00037AB165930_P001)),(ZM00029AB171030_P001,ZM00022AB166760_P001))),ZM00026AB166500_P001);
(ZM00042AB170370_P001,(ZM00019AB155270_P001,((ZM00030AB165230_P001,((ZM00019AB155370_P001,ZM00037AB165930_P001),((ZM00029AB171030_P001,ZM00022AB166760_P001),(ZM00025AB171290_P001,ZM00034AB175160_P001)))),(ZM00036AB169950_P001,ZM00036AB451970_P001))),ZM00026AB166500_P001);
(ZM00042AB170370_P001,(ZM00019AB155270_P001,((ZM00030AB165230_P001,((ZM00019AB155370_P001,ZM00037AB165930_P001),((ZM00029AB171030_P001,ZM00022AB166760_P001),(ZM00025AB171290_P001,ZM00034AB175160_P001)))),(ZM00036AB169950_P001,ZM00036AB451970_P001))),ZM00026AB166500_P001);
(ZM00042AB170370_P001,(ZM00019AB155270_P001,((ZM00030AB165230_P001,((ZM00019AB155370_P001,ZM00037AB165930_P001),((ZM00029AB171030_P001,ZM00022AB166760_P001),(ZM00025AB171290_P001,ZM00034AB175160_P001)))),(ZM00036AB169950_P001,ZM00036AB451970_P001))),ZM00026AB166500_P001);
(ZM00042AB170370_P001,(ZM00019AB155270_P001,((ZM00030AB165230_P001,((ZM00019AB155370_P001,ZM00037AB165930_P001),((ZM00029AB171030_P001,ZM00022AB166760_P001),(ZM00025AB171290_P001,ZM00034AB175160_P001)))),(ZM00036AB169950_P001,ZM00036AB451970_P001))),ZM00026AB166500_P001);
(ZM00042AB170370_P001,(ZM00019AB155270_P001,((ZM00030AB165230_P001,((ZM00019AB155370_P001,ZM00037AB165930_P001),((ZM00029AB171030_P001,ZM00022AB166760_P001),(ZM00025AB171290_P001,ZM00034AB175160_P001)))),(ZM00036AB169950_P001,ZM00036AB451970_P001))),ZM00026AB166500_P001);
(ZM00042AB170370_P001,((ZM00019AB155270_P001,(ZM00030AB165230_P001,((ZM00019AB155370_P001,ZM00037AB165930_P001),((ZM00029AB171030_P001,ZM00022AB166760_P001),(ZM00025AB171290_P001,ZM00034AB175160_P001))))),(ZM00036AB169950_P001,ZM00036AB451970_P001)),ZM00026AB166500_P001);
(ZM00042AB170370_P001,(ZM00019AB155270_P001,((ZM00030AB165230_P001,((ZM00019AB155370_P001,ZM00037AB165930_P001),((ZM00029AB171030_P001,ZM00022AB166760_P001),(ZM00025AB171290_P001,ZM00034AB175160_P001)))),(ZM00036AB169950_P001,ZM00036AB451970_P001))),ZM00026AB166500_P001);
((ZM00042AB170370_P001,ZM00019AB155270_P001),((((ZM00037AB165930_P001,ZM00019AB155370_P001),((ZM00025AB171290_P001,ZM00034AB175160_P001),(ZM00029AB171030_P001,ZM00022AB166760_P001))),ZM00030AB165230_P001),(ZM00036AB451970_P001,ZM00036AB169950_P001)),ZM00026AB166500_P001);
((ZM00042AB170370_P001,(ZM00019AB155270_P001,(((ZM00037AB165930_P001,ZM00019AB155370_P001),((ZM00025AB171290_P001,ZM00034AB175160_P001),(ZM00029AB171030_P001,ZM00022AB166760_P001))),ZM00030AB165230_P001))),(ZM00036AB451970_P001,ZM00036AB169950_P001),ZM00026AB166500_P001);
(ZM00042AB170370_P001,(ZM00019AB155270_P001,((ZM00036AB451970_P001,ZM00036AB169950_P001),(((ZM00037AB165930_P001,ZM00019AB155370_P001),((ZM00025AB171290_P001,ZM00034AB175160_P001),(ZM00029AB171030_P001,ZM00022AB166760_P001))),ZM00030AB165230_P001))),ZM00026AB166500_P001);
((ZM00036AB451970_P001,ZM00036AB169950_P001),((((ZM00037AB165930_P001,ZM00019AB155370_P001),((ZM00025AB171290_P001,ZM00034AB175160_P001),(ZM00029AB171030_P001,ZM00022AB166760_P001))),ZM00030AB165230_P001),(ZM00042AB170370_P001,ZM00019AB155270_P001)),ZM00026AB166500_P001);
(ZM00042AB170370_P001,(ZM00019AB155270_P001,((ZM00036AB451970_P001,ZM00036AB169950_P001),(((ZM00037AB165930_P001,ZM00019AB155370_P001),((ZM00025AB171290_P001,ZM00034AB175160_P001),(ZM00029AB171030_P001,ZM00022AB166760_P001))),ZM00030AB165230_P001))),ZM00026AB166500_P001);
(ZM00042AB170370_P001,(ZM00019AB155270_P001,((ZM00036AB451970_P001,ZM00036AB169950_P001),(((ZM00037AB165930_P001,ZM00019AB155370_P001),((ZM00025AB171290_P001,ZM00034AB175160_P001),(ZM00029AB171030_P001,ZM00022AB166760_P001))),ZM00030AB165230_P001))),ZM00026AB166500_P001);
(ZM00042AB170370_P001,(ZM00019AB155270_P001,((ZM00036AB451970_P001,ZM00036AB169950_P001),(((ZM00037AB165930_P001,ZM00019AB155370_P001),((ZM00025AB171290_P001,ZM00034AB175160_P001),(ZM00029AB171030_P001,ZM00022AB166760_P001))),ZM00030AB165230_P001))),ZM00026AB166500_P001);
((ZM00036AB451970_P001,ZM00036AB169950_P001),((((ZM00037AB165930_P001,ZM00019AB155370_P001),((ZM00025AB171290_P001,ZM00034AB175160_P001),(ZM00029AB171030_P001,ZM00022AB166760_P001))),ZM00030AB165230_P001),(ZM00042AB170370_P001,ZM00019AB155270_P001)),ZM00026AB166500_P001);
((ZM00036AB451970_P001,ZM00036AB169950_P001),(ZM00042AB170370_P001,(ZM00019AB155270_P001,(((ZM00037AB165930_P001,ZM00019AB155370_P001),((ZM00025AB171290_P001,ZM00034AB175160_P001),(ZM00029AB171030_P001,ZM00022AB166760_P001))),ZM00030AB165230_P001))),ZM00026AB166500_P001);
(ZM00042AB170370_P001,(ZM00019AB155270_P001,((ZM00036AB451970_P001,ZM00036AB169950_P001),(((ZM00037AB165930_P001,ZM00019AB155370_P001),((ZM00025AB171290_P001,ZM00034AB175160_P001),(ZM00029AB171030_P001,ZM00022AB166760_P001))),ZM00030AB165230_P001))),ZM00026AB166500_P001);
(ZM00042AB170370_P001,(ZM00019AB155270_P001,((ZM00036AB451970_P001,ZM00036AB169950_P001),(ZM00030AB165230_P001,((ZM00037AB165930_P001,ZM00019AB155370_P001),((ZM00029AB171030_P001,ZM00022AB166760_P001),(ZM00025AB171290_P001,ZM00034AB175160_P001)))))),ZM00026AB166500_P001);
((ZM00036AB451970_P001,ZM00036AB169950_P001),(((ZM00030AB165230_P001,((ZM00037AB165930_P001,ZM00019AB155370_P001),((ZM00029AB171030_P001,ZM00022AB166760_P001),(ZM00025AB171290_P001,ZM00034AB175160_P001)))),ZM00019AB155270_P001),ZM00042AB170370_P001),ZM00026AB166500_P001);
((ZM00019AB155270_P001,((ZM00036AB451970_P001,ZM00036AB169950_P001),(ZM00030AB165230_P001,((ZM00037AB165930_P001,ZM00019AB155370_P001),((ZM00029AB171030_P001,ZM00022AB166760_P001),(ZM00025AB171290_P001,ZM00034AB175160_P001)))))),ZM00042AB170370_P001,ZM00026AB166500_P001);
((ZM00019AB155270_P001,((ZM00036AB451970_P001,ZM00036AB169950_P001),(ZM00030AB165230_P001,((ZM00037AB165930_P001,ZM00019AB155370_P001),((ZM00029AB171030_P001,ZM00022AB166760_P001),(ZM00025AB171290_P001,ZM00034AB175160_P001)))))),ZM00042AB170370_P001,ZM00026AB166500_P001);
(((ZM00036AB451970_P001,ZM00036AB169950_P001),((ZM00030AB165230_P001,((ZM00037AB165930_P001,ZM00019AB155370_P001),((ZM00029AB171030_P001,ZM00022AB166760_P001),(ZM00025AB171290_P001,ZM00034AB175160_P001)))),ZM00019AB155270_P001)),ZM00042AB170370_P001,ZM00026AB166500_P001);
(ZM00042AB170370_P001,(ZM00019AB155270_P001,((ZM00036AB451970_P001,ZM00036AB169950_P001),(ZM00030AB165230_P001,((ZM00037AB165930_P001,ZM00019AB155370_P001),((ZM00029AB171030_P001,ZM00022AB166760_P001),(ZM00025AB171290_P001,ZM00034AB175160_P001)))))),ZM00026AB166500_P001);
(ZM00042AB170370_P001,(ZM00019AB155270_P001,((ZM00036AB451970_P001,ZM00036AB169950_P001),(ZM00030AB165230_P001,((ZM00037AB165930_P001,ZM00019AB155370_P001),((ZM00029AB171030_P001,ZM00022AB166760_P001),(ZM00025AB171290_P001,ZM00034AB175160_P001)))))),ZM00026AB166500_P001);
(ZM00042AB170370_P001,(ZM00019AB155270_P001,((ZM00036AB451970_P001,ZM00036AB169950_P001),(ZM00030AB165230_P001,((ZM00037AB165930_P001,ZM00019AB155370_P001),((ZM00029AB171030_P001,ZM00022AB166760_P001),(ZM00025AB171290_P001,ZM00034AB175160_P001)))))),ZM00026AB166500_P001);
(ZM00042AB170370_P001,(ZM00019AB155270_P001,((ZM00036AB451970_P001,ZM00036AB169950_P001),(ZM00030AB165230_P001,(ZM00037AB165930_P001,(ZM00019AB155370_P001,((ZM00029AB171030_P001,ZM00022AB166760_P001),(ZM00025AB171290_P001,ZM00034AB175160_P001))))))),ZM00026AB166500_P001);
(ZM00042AB170370_P001,(ZM00019AB155270_P001,((ZM00036AB451970_P001,ZM00036AB169950_P001),(ZM00030AB165230_P001,(((ZM00029AB171030_P001,ZM00022AB166760_P001),(ZM00025AB171290_P001,ZM00034AB175160_P001)),(ZM00037AB165930_P001,ZM00019AB155370_P001))))),ZM00026AB166500_P001);
(((ZM00042AB170370_P001,ZM00019AB155270_P001),(((ZM00037AB165930_P001,ZM00019AB155370_P001),((ZM00025AB171290_P001,ZM00034AB175160_P001),(ZM00029AB171030_P001,ZM00022AB166760_P001))),ZM00030AB165230_P001)),(ZM00036AB451970_P001,ZM00036AB169950_P001),ZM00026AB166500_P001);
(ZM00042AB170370_P001,(ZM00019AB155270_P001,((((ZM00037AB165930_P001,ZM00019AB155370_P001),((ZM00025AB171290_P001,ZM00034AB175160_P001),(ZM00029AB171030_P001,ZM00022AB166760_P001))),ZM00030AB165230_P001),(ZM00036AB451970_P001,ZM00036AB169950_P001))),ZM00026AB166500_P001);
((ZM00036AB451970_P001,ZM00036AB169950_P001),(ZM00042AB170370_P001,(ZM00019AB155270_P001,(((ZM00037AB165930_P001,ZM00019AB155370_P001),((ZM00025AB171290_P001,ZM00034AB175160_P001),(ZM00029AB171030_P001,ZM00022AB166760_P001))),ZM00030AB165230_P001))),ZM00026AB166500_P001);
(ZM00042AB170370_P001,(ZM00019AB155270_P001,((ZM00036AB451970_P001,ZM00036AB169950_P001),(((ZM00037AB165930_P001,ZM00019AB155370_P001),((ZM00025AB171290_P001,ZM00034AB175160_P001),(ZM00029AB171030_P001,ZM00022AB166760_P001))),ZM00030AB165230_P001))),ZM00026AB166500_P001);
(ZM00042AB170370_P001,(ZM00019AB155270_P001,((ZM00036AB451970_P001,ZM00036AB169950_P001),(((ZM00037AB165930_P001,ZM00019AB155370_P001),((ZM00025AB171290_P001,ZM00034AB175160_P001),(ZM00029AB171030_P001,ZM00022AB166760_P001))),ZM00030AB165230_P001))),ZM00026AB166500_P001);
(ZM00042AB170370_P001,(ZM00019AB155270_P001,((ZM00036AB451970_P001,ZM00036AB169950_P001),(((ZM00037AB165930_P001,ZM00019AB155370_P001),((ZM00025AB171290_P001,ZM00034AB175160_P001),(ZM00029AB171030_P001,ZM00022AB166760_P001))),ZM00030AB165230_P001))),ZM00026AB166500_P001);
((ZM00036AB451970_P001,ZM00036AB169950_P001),((((ZM00037AB165930_P001,ZM00019AB155370_P001),((ZM00025AB171290_P001,ZM00034AB175160_P001),(ZM00029AB171030_P001,ZM00022AB166760_P001))),ZM00030AB165230_P001),(ZM00042AB170370_P001,ZM00019AB155270_P001)),ZM00026AB166500_P001);
(ZM00042AB170370_P001,(ZM00019AB155270_P001,((ZM00036AB451970_P001,ZM00036AB169950_P001),(((ZM00037AB165930_P001,ZM00019AB155370_P001),((ZM00025AB171290_P001,ZM00034AB175160_P001),(ZM00029AB171030_P001,ZM00022AB166760_P001))),ZM00030AB165230_P001))),ZM00026AB166500_P001);
(ZM00042AB170370_P001,(ZM00019AB155270_P001,((ZM00036AB451970_P001,ZM00036AB169950_P001),(((ZM00037AB165930_P001,ZM00019AB155370_P001),((ZM00025AB171290_P001,ZM00034AB175160_P001),(ZM00029AB171030_P001,ZM00022AB166760_P001))),ZM00030AB165230_P001))),ZM00026AB166500_P001);
((ZM00036AB451970_P001,ZM00036AB169950_P001),((((ZM00037AB165930_P001,ZM00019AB155370_P001),((ZM00025AB171290_P001,ZM00034AB175160_P001),(ZM00029AB171030_P001,ZM00022AB166760_P001))),ZM00030AB165230_P001),(ZM00042AB170370_P001,ZM00019AB155270_P001)),ZM00026AB166500_P001);
(ZM00019AB155270_P001,(((((ZM00019AB155370_P001,ZM00037AB165930_P001),(ZM00029AB171030_P001,(ZM00022AB166760_P001,(ZM00034AB175160_P001,ZM00025AB171290_P001)))),ZM00030AB165230_P001),(ZM00036AB451970_P001,ZM00036AB169950_P001)),ZM00042AB170370_P001),ZM00026AB166500_P001);
(ZM00019AB155270_P001,(((((ZM00019AB155370_P001,ZM00037AB165930_P001),(ZM00029AB171030_P001,(ZM00022AB166760_P001,(ZM00034AB175160_P001,ZM00025AB171290_P001)))),ZM00030AB165230_P001),(ZM00036AB451970_P001,ZM00036AB169950_P001)),ZM00042AB170370_P001),ZM00026AB166500_P001);
(ZM00019AB155270_P001,(((((ZM00019AB155370_P001,ZM00037AB165930_P001),(ZM00029AB171030_P001,(ZM00022AB166760_P001,(ZM00034AB175160_P001,ZM00025AB171290_P001)))),ZM00030AB165230_P001),(ZM00036AB451970_P001,ZM00036AB169950_P001)),ZM00042AB170370_P001),ZM00026AB166500_P001);
(ZM00019AB155270_P001,(((((ZM00019AB155370_P001,ZM00037AB165930_P001),(ZM00029AB171030_P001,(ZM00022AB166760_P001,(ZM00034AB175160_P001,ZM00025AB171290_P001)))),ZM00030AB165230_P001),(ZM00036AB451970_P001,ZM00036AB169950_P001)),ZM00042AB170370_P001),ZM00026AB166500_P001);
((ZM00036AB451970_P001,ZM00036AB169950_P001),((ZM00042AB170370_P001,ZM00019AB155270_P001),(((ZM00019AB155370_P001,ZM00037AB165930_P001),((ZM00034AB175160_P001,ZM00025AB171290_P001),(ZM00029AB171030_P001,ZM00022AB166760_P001))),ZM00030AB165230_P001)),ZM00026AB166500_P001);
((ZM00042AB170370_P001,(ZM00019AB155270_P001,(ZM00030AB165230_P001,((ZM00019AB155370_P001,ZM00037AB165930_P001),((ZM00034AB175160_P001,ZM00025AB171290_P001),(ZM00029AB171030_P001,ZM00022AB166760_P001)))))),(ZM00036AB451970_P001,ZM00036AB169950_P001),ZM00026AB166500_P001);
(((ZM00036AB451970_P001,ZM00036AB169950_P001),(ZM00030AB165230_P001,((ZM00019AB155370_P001,ZM00037AB165930_P001),((ZM00034AB175160_P001,ZM00025AB171290_P001),(ZM00029AB171030_P001,ZM00022AB166760_P001))))),(ZM00019AB155270_P001,ZM00042AB170370_P001),ZM00026AB166500_P001);
(((ZM00019AB155270_P001,(ZM00030AB165230_P001,((ZM00019AB155370_P001,ZM00037AB165930_P001),((ZM00029AB171030_P001,ZM00022AB166760_P001),(ZM00034AB175160_P001,ZM00025AB171290_P001))))),ZM00042AB170370_P001),(ZM00036AB451970_P001,ZM00036AB169950_P001),ZM00026AB166500_P001);
(ZM00042AB170370_P001,(ZM00019AB155270_P001,((ZM00036AB451970_P001,ZM00036AB169950_P001),(ZM00030AB165230_P001,((ZM00019AB155370_P001,ZM00037AB165930_P001),((ZM00029AB171030_P001,ZM00022AB166760_P001),(ZM00034AB175160_P001,ZM00025AB171290_P001)))))),ZM00026AB166500_P001);
(ZM00042AB170370_P001,(ZM00019AB155270_P001,((ZM00036AB451970_P001,ZM00036AB169950_P001),(ZM00030AB165230_P001,((ZM00019AB155370_P001,ZM00037AB165930_P001),((ZM00029AB171030_P001,ZM00022AB166760_P001),(ZM00034AB175160_P001,ZM00025AB171290_P001)))))),ZM00026AB166500_P001);
((((ZM00030AB165230_P001,((ZM00019AB155370_P001,ZM00037AB165930_P001),((ZM00029AB171030_P001,ZM00022AB166760_P001),(ZM00034AB175160_P001,ZM00025AB171290_P001)))),ZM00019AB155270_P001),ZM00042AB170370_P001),(ZM00036AB169950_P001,ZM00036AB451970_P001),ZM00026AB166500_P001);
((((ZM00030AB165230_P001,((ZM00019AB155370_P001,ZM00037AB165930_P001),((ZM00029AB171030_P001,ZM00022AB166760_P001),(ZM00034AB175160_P001,ZM00025AB171290_P001)))),ZM00019AB155270_P001),ZM00042AB170370_P001),(ZM00036AB169950_P001,ZM00036AB451970_P001),ZM00026AB166500_P001);
((ZM00019AB155270_P001,ZM00042AB170370_P001),((ZM00036AB169950_P001,ZM00036AB451970_P001),(ZM00030AB165230_P001,((ZM00019AB155370_P001,ZM00037AB165930_P001),((ZM00029AB171030_P001,ZM00022AB166760_P001),(ZM00034AB175160_P001,ZM00025AB171290_P001))))),ZM00026AB166500_P001);
((ZM00042AB170370_P001,((ZM00030AB165230_P001,((ZM00019AB155370_P001,ZM00037AB165930_P001),((ZM00029AB171030_P001,ZM00022AB166760_P001),(ZM00034AB175160_P001,ZM00025AB171290_P001)))),ZM00019AB155270_P001)),(ZM00036AB169950_P001,ZM00036AB451970_P001),ZM00026AB166500_P001);
((ZM00042AB170370_P001,((ZM00030AB165230_P001,((ZM00019AB155370_P001,ZM00037AB165930_P001),((ZM00029AB171030_P001,ZM00022AB166760_P001),(ZM00034AB175160_P001,ZM00025AB171290_P001)))),ZM00019AB155270_P001)),(ZM00036AB169950_P001,ZM00036AB451970_P001),ZM00026AB166500_P001);
(ZM00042AB170370_P001,(((ZM00036AB169950_P001,ZM00036AB451970_P001),(ZM00030AB165230_P001,((ZM00019AB155370_P001,ZM00037AB165930_P001),((ZM00029AB171030_P001,ZM00022AB166760_P001),(ZM00034AB175160_P001,ZM00025AB171290_P001))))),ZM00019AB155270_P001),ZM00026AB166500_P001);
(ZM00042AB170370_P001,(((ZM00036AB169950_P001,ZM00036AB451970_P001),(ZM00030AB165230_P001,((ZM00019AB155370_P001,ZM00037AB165930_P001),((ZM00029AB171030_P001,ZM00022AB166760_P001),(ZM00034AB175160_P001,ZM00025AB171290_P001))))),ZM00019AB155270_P001),ZM00026AB166500_P001);
(ZM00042AB170370_P001,(((ZM00036AB169950_P001,ZM00036AB451970_P001),(ZM00030AB165230_P001,((ZM00019AB155370_P001,ZM00037AB165930_P001),((ZM00029AB171030_P001,ZM00022AB166760_P001),(ZM00034AB175160_P001,ZM00025AB171290_P001))))),ZM00019AB155270_P001),ZM00026AB166500_P001);
(((ZM00036AB169950_P001,ZM00036AB451970_P001),((ZM00030AB165230_P001,((ZM00019AB155370_P001,ZM00037AB165930_P001),((ZM00029AB171030_P001,ZM00022AB166760_P001),(ZM00034AB175160_P001,ZM00025AB171290_P001)))),ZM00019AB155270_P001)),ZM00042AB170370_P001,ZM00026AB166500_P001);
((ZM00019AB155270_P001,ZM00042AB170370_P001),((ZM00036AB169950_P001,ZM00036AB451970_P001),(ZM00030AB165230_P001,((ZM00019AB155370_P001,ZM00037AB165930_P001),((ZM00029AB171030_P001,ZM00022AB166760_P001),(ZM00034AB175160_P001,ZM00025AB171290_P001))))),ZM00026AB166500_P001);
(((ZM00036AB169950_P001,ZM00036AB451970_P001),(ZM00030AB165230_P001,(((ZM00022AB166760_P001,ZM00029AB171030_P001),(ZM00034AB175160_P001,ZM00025AB171290_P001)),(ZM00019AB155370_P001,ZM00037AB165930_P001)))),(ZM00042AB170370_P001,ZM00019AB155270_P001),ZM00026AB166500_P001);
((ZM00042AB170370_P001,(ZM00019AB155270_P001,(ZM00030AB165230_P001,(((ZM00022AB166760_P001,ZM00029AB171030_P001),(ZM00034AB175160_P001,ZM00025AB171290_P001)),(ZM00019AB155370_P001,ZM00037AB165930_P001))))),(ZM00036AB169950_P001,ZM00036AB451970_P001),ZM00026AB166500_P001);
(ZM00042AB170370_P001,(ZM00019AB155270_P001,((ZM00036AB169950_P001,ZM00036AB451970_P001),(ZM00030AB165230_P001,(((ZM00022AB166760_P001,ZM00029AB171030_P001),(ZM00034AB175160_P001,ZM00025AB171290_P001)),(ZM00019AB155370_P001,ZM00037AB165930_P001))))),ZM00026AB166500_P001);
((ZM00036AB169950_P001,ZM00036AB451970_P001),(((ZM00030AB165230_P001,(((ZM00022AB166760_P001,ZM00029AB171030_P001),(ZM00034AB175160_P001,ZM00025AB171290_P001)),(ZM00019AB155370_P001,ZM00037AB165930_P001))),ZM00019AB155270_P001),ZM00042AB170370_P001),ZM00026AB166500_P001);
((ZM00019AB155270_P001,ZM00042AB170370_P001),((ZM00036AB169950_P001,ZM00036AB451970_P001),(ZM00030AB165230_P001,(((ZM00022AB166760_P001,ZM00029AB171030_P001),(ZM00034AB175160_P001,ZM00025AB171290_P001)),(ZM00019AB155370_P001,ZM00037AB165930_P001)))),ZM00026AB166500_P001);
((ZM00019AB155270_P001,ZM00042AB170370_P001),((ZM00036AB169950_P001,ZM00036AB451970_P001),(ZM00030AB165230_P001,(((ZM00022AB166760_P001,ZM00029AB171030_P001),(ZM00034AB175160_P001,ZM00025AB171290_P001)),(ZM00019AB155370_P001,ZM00037AB165930_P001)))),ZM00026AB166500_P001);
((((ZM00030AB165230_P001,(((ZM00022AB166760_P001,ZM00029AB171030_P001),(ZM00034AB175160_P001,ZM00025AB171290_P001)),(ZM00019AB155370_P001,ZM00037AB165930_P001))),ZM00019AB155270_P001),(ZM00036AB169950_P001,ZM00036AB451970_P001)),ZM00042AB170370_P001,ZM00026AB166500_P001);
(ZM00042AB170370_P001,(ZM00019AB155270_P001,((ZM00036AB169950_P001,ZM00036AB451970_P001),(ZM00030AB165230_P001,(((ZM00022AB166760_P001,ZM00029AB171030_P001),(ZM00034AB175160_P001,ZM00025AB171290_P001)),(ZM00019AB155370_P001,ZM00037AB165930_P001))))),ZM00026AB166500_P001);
(ZM00042AB170370_P001,(ZM00019AB155270_P001,((ZM00036AB169950_P001,ZM00036AB451970_P001),(ZM00030AB165230_P001,(((ZM00022AB166760_P001,ZM00029AB171030_P001),(ZM00034AB175160_P001,ZM00025AB171290_P001)),(ZM00019AB155370_P001,ZM00037AB165930_P001))))),ZM00026AB166500_P001);
((ZM00036AB169950_P001,ZM00036AB451970_P001),((ZM00030AB165230_P001,(((ZM00022AB166760_P001,ZM00029AB171030_P001),(ZM00034AB175160_P001,ZM00025AB171290_P001)),(ZM00019AB155370_P001,ZM00037AB165930_P001))),(ZM00042AB170370_P001,ZM00019AB155270_P001)),ZM00026AB166500_P001);
(((ZM00030AB165230_P001,((ZM00037AB165930_P001,ZM00019AB155370_P001),((ZM00034AB175160_P001,ZM00025AB171290_P001),(ZM00029AB171030_P001,ZM00022AB166760_P001)))),(ZM00019AB155270_P001,ZM00042AB170370_P001)),(ZM00036AB169950_P001,ZM00036AB451970_P001),ZM00026AB166500_P001);
((ZM00042AB170370_P001,((ZM00030AB165230_P001,((ZM00037AB165930_P001,ZM00019AB155370_P001),((ZM00034AB175160_P001,ZM00025AB171290_P001),(ZM00029AB171030_P001,ZM00022AB166760_P001)))),ZM00019AB155270_P001)),(ZM00036AB169950_P001,ZM00036AB451970_P001),ZM00026AB166500_P001);
((ZM00042AB170370_P001,((ZM00030AB165230_P001,((ZM00037AB165930_P001,ZM00019AB155370_P001),((ZM00034AB175160_P001,ZM00025AB171290_P001),(ZM00029AB171030_P001,ZM00022AB166760_P001)))),ZM00019AB155270_P001)),(ZM00036AB169950_P001,ZM00036AB451970_P001),ZM00026AB166500_P001);
((ZM00042AB170370_P001,((ZM00030AB165230_P001,((ZM00037AB165930_P001,ZM00019AB155370_P001),((ZM00034AB175160_P001,ZM00025AB171290_P001),(ZM00029AB171030_P001,ZM00022AB166760_P001)))),ZM00019AB155270_P001)),(ZM00036AB169950_P001,ZM00036AB451970_P001),ZM00026AB166500_P001);
(ZM00042AB170370_P001,(((ZM00036AB169950_P001,ZM00036AB451970_P001),(ZM00030AB165230_P001,((ZM00037AB165930_P001,ZM00019AB155370_P001),((ZM00034AB175160_P001,ZM00025AB171290_P001),(ZM00029AB171030_P001,ZM00022AB166760_P001))))),ZM00019AB155270_P001),ZM00026AB166500_P001);
(ZM00042AB170370_P001,(((ZM00036AB169950_P001,ZM00036AB451970_P001),(ZM00030AB165230_P001,((ZM00037AB165930_P001,ZM00019AB155370_P001),((ZM00034AB175160_P001,ZM00025AB171290_P001),(ZM00029AB171030_P001,ZM00022AB166760_P001))))),ZM00019AB155270_P001),ZM00026AB166500_P001);
(ZM00042AB170370_P001,(((ZM00036AB169950_P001,ZM00036AB451970_P001),(ZM00030AB165230_P001,((ZM00037AB165930_P001,ZM00019AB155370_P001),((ZM00034AB175160_P001,ZM00025AB171290_P001),(ZM00029AB171030_P001,ZM00022AB166760_P001))))),ZM00019AB155270_P001),ZM00026AB166500_P001);
(ZM00042AB170370_P001,(((ZM00036AB169950_P001,ZM00036AB451970_P001),(ZM00030AB165230_P001,((ZM00037AB165930_P001,ZM00019AB155370_P001),((ZM00034AB175160_P001,ZM00025AB171290_P001),(ZM00029AB171030_P001,ZM00022AB166760_P001))))),ZM00019AB155270_P001),ZM00026AB166500_P001);
((ZM00036AB169950_P001,ZM00036AB451970_P001),((ZM00030AB165230_P001,((ZM00037AB165930_P001,ZM00019AB155370_P001),((ZM00034AB175160_P001,ZM00025AB171290_P001),(ZM00029AB171030_P001,ZM00022AB166760_P001)))),(ZM00019AB155270_P001,ZM00042AB170370_P001)),ZM00026AB166500_P001);
((ZM00036AB169950_P001,ZM00036AB451970_P001),(((ZM00030AB165230_P001,((ZM00037AB165930_P001,ZM00019AB155370_P001),((ZM00034AB175160_P001,ZM00025AB171290_P001),(ZM00029AB171030_P001,ZM00022AB166760_P001)))),ZM00019AB155270_P001),ZM00042AB170370_P001),ZM00026AB166500_P001);
