

IMPORTANT WARNING: Sequences ZM00039AB176610_P001 and ZM00038AB177260_P001 are exactly identical


IMPORTANT WARNING: Sequences ZM00039AB176610_P001 and ZM00032AB179960_P001 are exactly identical

IMPORTANT WARNING
Found 2 sequences that are exactly identical to other sequences in the alignment.
Normally they should be excluded from the analysis.

Just in case you might need it, an alignment file with 
sequence duplicates removed is printed to file ../../RAxML_tree_pbNB-ARC/Clade_Refinement_1/Int4548_15_20_L_8.afa.reduced


This is RAxML version 8.2.12 released by Alexandros Stamatakis on May 2018.

With greatly appreciated code contributions by:
Andre Aberer      (HITS)
Simon Berger      (HITS)
Alexey Kozlov     (HITS)
Kassian Kobert    (HITS)
David Dao         (KIT and HITS)
Sarah Lutteropp   (KIT and HITS)
Nick Pattengale   (Sandia)
Wayne Pfeiffer    (SDSC)
Akifumi S. Tanabe (NRIFS)
Charlie Taylor    (UF)


Alignment has 120 distinct alignment patterns

Proportion of gaps and completely undetermined characters in this alignment: 2.37%

RAxML rapid bootstrapping and subsequent ML search

Using 1 distinct models/data partitions with joint branch length optimization



Executing 100 rapid bootstrap inferences and thereafter a thorough ML search 

All free model parameters will be estimated by RAxML
ML estimate of 25 per site rate categories

Likelihood of final tree will be evaluated and optimized under GAMMA

GAMMA Model parameters will be estimated up to an accuracy of 0.1000000000 Log Likelihood units

Partition: 0
Alignment Patterns: 120
Name: No Name Provided
DataType: AA
Substitution Matrix: JTT
Using fixed base frequencies




RAxML was called as follows:

/Users/prigozhin/Installers/standard-RAxML/raxmlHPC-PTHREADS-AVX -T 2 -n Int4548_15_20_L_8.Raxml.out -f a -x 12345 -p 12345 -# 100 -m PROTCATJTT -s ../../RAxML_tree_pbNB-ARC/Clade_Refinement_1/Int4548_15_20_L_8.afa 



Time for BS model parameter optimization 0.054439
Bootstrap[0]: Time 0.097428 seconds, bootstrap likelihood -3218.226928, best rearrangement setting 13
Bootstrap[1]: Time 0.026527 seconds, bootstrap likelihood -3235.307785, best rearrangement setting 13
Bootstrap[2]: Time 0.021768 seconds, bootstrap likelihood -3107.838722, best rearrangement setting 12
Bootstrap[3]: Time 0.034633 seconds, bootstrap likelihood -3240.019450, best rearrangement setting 15
Bootstrap[4]: Time 0.024056 seconds, bootstrap likelihood -3186.716991, best rearrangement setting 10
Bootstrap[5]: Time 0.028594 seconds, bootstrap likelihood -3229.227947, best rearrangement setting 10
Bootstrap[6]: Time 0.027467 seconds, bootstrap likelihood -3052.726045, best rearrangement setting 6
Bootstrap[7]: Time 0.027462 seconds, bootstrap likelihood -3201.927108, best rearrangement setting 14
Bootstrap[8]: Time 0.024769 seconds, bootstrap likelihood -3151.503059, best rearrangement setting 5
Bootstrap[9]: Time 0.023035 seconds, bootstrap likelihood -3238.467646, best rearrangement setting 7
Bootstrap[10]: Time 0.026636 seconds, bootstrap likelihood -3153.444746, best rearrangement setting 7
Bootstrap[11]: Time 0.028979 seconds, bootstrap likelihood -3202.332244, best rearrangement setting 5
Bootstrap[12]: Time 0.025640 seconds, bootstrap likelihood -3155.161372, best rearrangement setting 8
Bootstrap[13]: Time 0.020347 seconds, bootstrap likelihood -3153.887997, best rearrangement setting 7
Bootstrap[14]: Time 0.026496 seconds, bootstrap likelihood -3168.883771, best rearrangement setting 12
Bootstrap[15]: Time 0.025851 seconds, bootstrap likelihood -3198.463334, best rearrangement setting 15
Bootstrap[16]: Time 0.025468 seconds, bootstrap likelihood -3193.146097, best rearrangement setting 12
Bootstrap[17]: Time 0.026494 seconds, bootstrap likelihood -3171.462872, best rearrangement setting 12
Bootstrap[18]: Time 0.035858 seconds, bootstrap likelihood -3204.271881, best rearrangement setting 5
Bootstrap[19]: Time 0.029448 seconds, bootstrap likelihood -3234.251889, best rearrangement setting 8
Bootstrap[20]: Time 0.024395 seconds, bootstrap likelihood -3121.677368, best rearrangement setting 10
Bootstrap[21]: Time 0.027958 seconds, bootstrap likelihood -3127.871775, best rearrangement setting 6
Bootstrap[22]: Time 0.027929 seconds, bootstrap likelihood -3121.093218, best rearrangement setting 5
Bootstrap[23]: Time 0.022278 seconds, bootstrap likelihood -3157.425546, best rearrangement setting 7
Bootstrap[24]: Time 0.024930 seconds, bootstrap likelihood -3151.088613, best rearrangement setting 8
Bootstrap[25]: Time 0.032781 seconds, bootstrap likelihood -3237.679105, best rearrangement setting 6
Bootstrap[26]: Time 0.068934 seconds, bootstrap likelihood -3197.250638, best rearrangement setting 12
Bootstrap[27]: Time 0.061598 seconds, bootstrap likelihood -3167.819313, best rearrangement setting 10
Bootstrap[28]: Time 0.023919 seconds, bootstrap likelihood -3216.473383, best rearrangement setting 11
Bootstrap[29]: Time 0.024881 seconds, bootstrap likelihood -3174.003042, best rearrangement setting 12
Bootstrap[30]: Time 0.030442 seconds, bootstrap likelihood -3158.074568, best rearrangement setting 15
Bootstrap[31]: Time 0.029343 seconds, bootstrap likelihood -3237.777532, best rearrangement setting 15
Bootstrap[32]: Time 0.025811 seconds, bootstrap likelihood -3120.734145, best rearrangement setting 6
Bootstrap[33]: Time 0.036337 seconds, bootstrap likelihood -3145.963701, best rearrangement setting 15
Bootstrap[34]: Time 0.023744 seconds, bootstrap likelihood -3222.699080, best rearrangement setting 11
Bootstrap[35]: Time 0.027405 seconds, bootstrap likelihood -3157.611657, best rearrangement setting 8
Bootstrap[36]: Time 0.028174 seconds, bootstrap likelihood -3144.429709, best rearrangement setting 9
Bootstrap[37]: Time 0.030044 seconds, bootstrap likelihood -3180.508969, best rearrangement setting 11
Bootstrap[38]: Time 0.028268 seconds, bootstrap likelihood -3113.413658, best rearrangement setting 8
Bootstrap[39]: Time 0.027706 seconds, bootstrap likelihood -3231.897385, best rearrangement setting 13
Bootstrap[40]: Time 0.031784 seconds, bootstrap likelihood -3099.329775, best rearrangement setting 13
Bootstrap[41]: Time 0.026360 seconds, bootstrap likelihood -3194.214255, best rearrangement setting 10
Bootstrap[42]: Time 0.027809 seconds, bootstrap likelihood -3166.507436, best rearrangement setting 5
Bootstrap[43]: Time 0.027275 seconds, bootstrap likelihood -3244.057587, best rearrangement setting 14
Bootstrap[44]: Time 0.030450 seconds, bootstrap likelihood -3195.718774, best rearrangement setting 10
Bootstrap[45]: Time 0.025539 seconds, bootstrap likelihood -3147.200870, best rearrangement setting 15
Bootstrap[46]: Time 0.027089 seconds, bootstrap likelihood -3172.037149, best rearrangement setting 14
Bootstrap[47]: Time 0.032246 seconds, bootstrap likelihood -3262.561593, best rearrangement setting 8
Bootstrap[48]: Time 0.027227 seconds, bootstrap likelihood -3148.531174, best rearrangement setting 6
Bootstrap[49]: Time 0.026909 seconds, bootstrap likelihood -3118.789902, best rearrangement setting 7
Bootstrap[50]: Time 0.020557 seconds, bootstrap likelihood -3225.299804, best rearrangement setting 7
Bootstrap[51]: Time 0.025174 seconds, bootstrap likelihood -3119.304593, best rearrangement setting 11
Bootstrap[52]: Time 0.021684 seconds, bootstrap likelihood -3252.721707, best rearrangement setting 12
Bootstrap[53]: Time 0.025952 seconds, bootstrap likelihood -3280.525543, best rearrangement setting 8
Bootstrap[54]: Time 0.023532 seconds, bootstrap likelihood -3132.291800, best rearrangement setting 9
Bootstrap[55]: Time 0.030938 seconds, bootstrap likelihood -3160.669907, best rearrangement setting 11
Bootstrap[56]: Time 0.018855 seconds, bootstrap likelihood -3184.855505, best rearrangement setting 5
Bootstrap[57]: Time 0.019973 seconds, bootstrap likelihood -3074.113246, best rearrangement setting 7
Bootstrap[58]: Time 0.025699 seconds, bootstrap likelihood -3107.165396, best rearrangement setting 10
Bootstrap[59]: Time 0.024945 seconds, bootstrap likelihood -3179.659686, best rearrangement setting 9
Bootstrap[60]: Time 0.021328 seconds, bootstrap likelihood -3135.529913, best rearrangement setting 7
Bootstrap[61]: Time 0.022978 seconds, bootstrap likelihood -3156.119676, best rearrangement setting 5
Bootstrap[62]: Time 0.020154 seconds, bootstrap likelihood -3121.200981, best rearrangement setting 11
Bootstrap[63]: Time 0.029666 seconds, bootstrap likelihood -3139.709777, best rearrangement setting 12
Bootstrap[64]: Time 0.032055 seconds, bootstrap likelihood -3231.269170, best rearrangement setting 7
Bootstrap[65]: Time 0.022566 seconds, bootstrap likelihood -3219.116097, best rearrangement setting 5
Bootstrap[66]: Time 0.020548 seconds, bootstrap likelihood -3174.100488, best rearrangement setting 5
Bootstrap[67]: Time 0.037259 seconds, bootstrap likelihood -3129.963696, best rearrangement setting 15
Bootstrap[68]: Time 0.021197 seconds, bootstrap likelihood -3209.956618, best rearrangement setting 11
Bootstrap[69]: Time 0.023306 seconds, bootstrap likelihood -3142.631583, best rearrangement setting 5
Bootstrap[70]: Time 0.025063 seconds, bootstrap likelihood -3183.922299, best rearrangement setting 8
Bootstrap[71]: Time 0.023575 seconds, bootstrap likelihood -3045.883826, best rearrangement setting 10
Bootstrap[72]: Time 0.025594 seconds, bootstrap likelihood -3262.866215, best rearrangement setting 11
Bootstrap[73]: Time 0.023572 seconds, bootstrap likelihood -3079.802289, best rearrangement setting 9
Bootstrap[74]: Time 0.024490 seconds, bootstrap likelihood -3180.141489, best rearrangement setting 5
Bootstrap[75]: Time 0.023964 seconds, bootstrap likelihood -3146.596902, best rearrangement setting 8
Bootstrap[76]: Time 0.030254 seconds, bootstrap likelihood -3196.969113, best rearrangement setting 9
Bootstrap[77]: Time 0.021943 seconds, bootstrap likelihood -3036.048317, best rearrangement setting 11
Bootstrap[78]: Time 0.026562 seconds, bootstrap likelihood -3141.341100, best rearrangement setting 15
Bootstrap[79]: Time 0.019541 seconds, bootstrap likelihood -3049.782279, best rearrangement setting 9
Bootstrap[80]: Time 0.023063 seconds, bootstrap likelihood -3076.098600, best rearrangement setting 15
Bootstrap[81]: Time 0.061953 seconds, bootstrap likelihood -3241.653590, best rearrangement setting 7
Bootstrap[82]: Time 0.055621 seconds, bootstrap likelihood -3314.999906, best rearrangement setting 6
Bootstrap[83]: Time 0.021432 seconds, bootstrap likelihood -3331.810509, best rearrangement setting 10
Bootstrap[84]: Time 0.030136 seconds, bootstrap likelihood -3290.042368, best rearrangement setting 11
Bootstrap[85]: Time 0.027408 seconds, bootstrap likelihood -3226.926091, best rearrangement setting 8
Bootstrap[86]: Time 0.028476 seconds, bootstrap likelihood -3256.038507, best rearrangement setting 7
Bootstrap[87]: Time 0.022750 seconds, bootstrap likelihood -3273.399444, best rearrangement setting 7
Bootstrap[88]: Time 0.023023 seconds, bootstrap likelihood -3241.158626, best rearrangement setting 12
Bootstrap[89]: Time 0.027317 seconds, bootstrap likelihood -3124.705487, best rearrangement setting 10
Bootstrap[90]: Time 0.027039 seconds, bootstrap likelihood -3103.082932, best rearrangement setting 8
Bootstrap[91]: Time 0.032146 seconds, bootstrap likelihood -3214.512820, best rearrangement setting 12
Bootstrap[92]: Time 0.030298 seconds, bootstrap likelihood -3274.467775, best rearrangement setting 13
Bootstrap[93]: Time 0.026687 seconds, bootstrap likelihood -3210.215296, best rearrangement setting 15
Bootstrap[94]: Time 0.028486 seconds, bootstrap likelihood -3098.664254, best rearrangement setting 5
Bootstrap[95]: Time 0.026566 seconds, bootstrap likelihood -3164.698042, best rearrangement setting 5
Bootstrap[96]: Time 0.033427 seconds, bootstrap likelihood -3141.435099, best rearrangement setting 13
Bootstrap[97]: Time 0.028400 seconds, bootstrap likelihood -3150.233411, best rearrangement setting 11
Bootstrap[98]: Time 0.061525 seconds, bootstrap likelihood -3138.006745, best rearrangement setting 6
Bootstrap[99]: Time 0.054439 seconds, bootstrap likelihood -3239.452859, best rearrangement setting 14


Overall Time for 100 Rapid Bootstraps 2.934199 seconds
Average Time per Rapid Bootstrap 0.029342 seconds

Starting ML Search ...

Fast ML optimization finished

Fast ML search Time: 1.409882 seconds

Slow ML Search 0 Likelihood: -3413.537904
Slow ML Search 1 Likelihood: -3413.537904
Slow ML Search 2 Likelihood: -3413.537904
Slow ML Search 3 Likelihood: -3413.537904
Slow ML Search 4 Likelihood: -3413.537904
Slow ML Search 5 Likelihood: -3413.537904
Slow ML Search 6 Likelihood: -3413.537904
Slow ML Search 7 Likelihood: -3413.537904
Slow ML Search 8 Likelihood: -3413.537904
Slow ML Search 9 Likelihood: -3413.537904
Slow ML optimization finished

Slow ML search Time: 0.481891 seconds
Thorough ML search Time: 0.082855 seconds

Final ML Optimization Likelihood: -3413.537837

Model Information:

Model Parameters of Partition 0, Name: No Name Provided, Type of Data: AA
alpha: 0.020000
Tree-Length: 0.102595
rate A <-> R: 0.603538
rate A <-> N: 0.561915
rate A <-> D: 0.842872
rate A <-> C: 0.582726
rate A <-> Q: 0.593132
rate A <-> E: 1.092612
rate A <-> G: 1.862643
rate A <-> H: 0.280957
rate A <-> I: 0.374610
rate A <-> L: 0.312175
rate A <-> K: 0.364204
rate A <-> M: 0.561915
rate A <-> F: 0.156087
rate A <-> P: 2.018730
rate A <-> S: 3.933403
rate A <-> T: 4.942768
rate A <-> W: 0.093652
rate A <-> Y: 0.114464
rate A <-> V: 3.100937
rate R <-> N: 0.468262
rate R <-> D: 0.166493
rate R <-> C: 1.175858
rate R <-> Q: 3.225806
rate R <-> E: 0.301769
rate R <-> G: 1.425598
rate R <-> H: 3.413111
rate R <-> I: 0.228928
rate R <-> L: 0.395421
rate R <-> K: 6.722164
rate R <-> M: 0.457856
rate R <-> F: 0.052029
rate R <-> P: 0.770031
rate R <-> S: 1.050989
rate R <-> T: 0.665973
rate R <-> W: 1.311134
rate R <-> Y: 0.208117
rate R <-> V: 0.176899
rate N <-> D: 5.494277
rate N <-> C: 0.353798
rate N <-> Q: 0.894901
rate N <-> E: 0.603538
rate N <-> G: 0.842872
rate N <-> H: 4.068678
rate N <-> I: 0.489074
rate N <-> L: 0.124870
rate N <-> K: 2.736733
rate N <-> M: 0.312175
rate N <-> F: 0.104058
rate N <-> P: 0.156087
rate N <-> S: 5.234131
rate N <-> T: 2.414152
rate N <-> W: 0.083247
rate N <-> Y: 0.728408
rate N <-> V: 0.166493
rate D <-> C: 0.104058
rate D <-> Q: 0.509886
rate D <-> E: 7.981270
rate D <-> G: 1.352758
rate D <-> H: 1.165453
rate D <-> I: 0.114464
rate D <-> L: 0.072841
rate D <-> K: 0.270552
rate D <-> M: 0.156087
rate D <-> F: 0.041623
rate D <-> P: 0.156087
rate D <-> S: 0.613944
rate D <-> T: 0.395421
rate D <-> W: 0.041623
rate D <-> Y: 0.478668
rate D <-> V: 0.322581
rate C <-> Q: 0.093652
rate C <-> E: 0.052029
rate C <-> G: 0.613944
rate C <-> H: 0.718002
rate C <-> I: 0.176899
rate C <-> L: 0.239334
rate C <-> K: 0.072841
rate C <-> M: 0.322581
rate C <-> F: 0.811655
rate C <-> P: 0.145682
rate C <-> S: 2.320499
rate C <-> T: 0.437045
rate C <-> W: 1.196670
rate C <-> Y: 2.174818
rate C <-> V: 0.645161
rate Q <-> E: 3.361082
rate Q <-> G: 0.270552
rate Q <-> H: 6.212279
rate Q <-> I: 0.093652
rate Q <-> L: 0.749220
rate Q <-> K: 3.038502
rate Q <-> M: 0.447451
rate Q <-> F: 0.041623
rate Q <-> P: 1.706556
rate Q <-> S: 0.551509
rate Q <-> T: 0.530697
rate Q <-> W: 0.187305
rate Q <-> Y: 0.249740
rate Q <-> V: 0.208117
rate E <-> G: 1.238293
rate E <-> H: 0.270552
rate E <-> I: 0.124870
rate E <-> L: 0.093652
rate E <-> K: 1.883455
rate E <-> M: 0.187305
rate E <-> F: 0.052029
rate E <-> P: 0.187305
rate E <-> S: 0.312175
rate E <-> T: 0.332986
rate E <-> W: 0.104058
rate E <-> Y: 0.072841
rate E <-> V: 0.468262
rate G <-> H: 0.239334
rate G <-> I: 0.062435
rate G <-> L: 0.062435
rate G <-> K: 0.280957
rate G <-> M: 0.145682
rate G <-> F: 0.052029
rate G <-> P: 0.249740
rate G <-> S: 2.091571
rate G <-> T: 0.343392
rate G <-> W: 0.572320
rate G <-> Y: 0.083247
rate G <-> V: 0.489074
rate H <-> I: 0.166493
rate H <-> L: 0.582726
rate H <-> K: 0.468262
rate H <-> M: 0.343392
rate H <-> F: 0.416233
rate H <-> P: 1.196670
rate H <-> S: 0.759625
rate H <-> T: 0.478668
rate H <-> W: 0.083247
rate H <-> Y: 5.962539
rate H <-> V: 0.114464
rate I <-> L: 2.382934
rate I <-> K: 0.218522
rate I <-> M: 4.984391
rate I <-> F: 0.926119
rate I <-> P: 0.104058
rate I <-> S: 0.416233
rate I <-> T: 2.549428
rate I <-> W: 0.093652
rate I <-> Y: 0.332986
rate I <-> V: 10.000000
rate L <-> K: 0.145682
rate L <-> M: 4.037461
rate L <-> F: 2.580645
rate L <-> P: 1.061394
rate L <-> S: 0.613944
rate L <-> T: 0.260146
rate L <-> W: 0.541103
rate L <-> Y: 0.249740
rate L <-> V: 1.873049
rate K <-> M: 0.676379
rate K <-> F: 0.041623
rate K <-> P: 0.218522
rate K <-> S: 0.489074
rate K <-> T: 1.071800
rate K <-> W: 0.104058
rate K <-> Y: 0.083247
rate K <-> V: 0.145682
rate M <-> F: 0.447451
rate M <-> P: 0.166493
rate M <-> S: 0.301769
rate M <-> T: 2.351717
rate M <-> W: 0.249740
rate M <-> Y: 0.187305
rate M <-> V: 3.361082
rate F <-> P: 0.176899
rate F <-> S: 0.957336
rate F <-> T: 0.124870
rate F <-> W: 0.551509
rate F <-> Y: 5.577523
rate F <-> V: 0.645161
rate P <-> S: 2.965661
rate P <-> T: 1.227888
rate P <-> W: 0.062435
rate P <-> Y: 0.104058
rate P <-> V: 0.239334
rate S <-> T: 4.963580
rate S <-> W: 0.364204
rate S <-> Y: 0.655567
rate S <-> V: 0.395421
rate T <-> W: 0.124870
rate T <-> Y: 0.218522
rate T <-> V: 1.165453
rate W <-> Y: 0.738814
rate W <-> V: 0.260146
rate Y <-> V: 0.166493

freq pi(A): 0.076748
freq pi(R): 0.051691
freq pi(N): 0.042645
freq pi(D): 0.051544
freq pi(C): 0.019803
freq pi(Q): 0.040752
freq pi(E): 0.061830
freq pi(G): 0.073152
freq pi(H): 0.022944
freq pi(I): 0.053761
freq pi(L): 0.091904
freq pi(K): 0.058676
freq pi(M): 0.023826
freq pi(F): 0.040126
freq pi(P): 0.050901
freq pi(S): 0.068765
freq pi(T): 0.058565
freq pi(W): 0.014261
freq pi(Y): 0.032102
freq pi(V): 0.066004


ML search took 1.996538 secs or 0.000555 hours

Combined Bootstrap and ML search took 4.930972 secs or 0.001370 hours

Drawing Bootstrap Support Values on best-scoring ML tree ...



Found 1 tree in File /Users/prigozhin/Dropbox/NLRomes/Maize_NLRome/RAxML_tree_pbNB-ARC/Clade_Refinement_1/RAxML_bestTree.Int4548_15_20_L_8.Raxml.out



Found 1 tree in File /Users/prigozhin/Dropbox/NLRomes/Maize_NLRome/RAxML_tree_pbNB-ARC/Clade_Refinement_1/RAxML_bestTree.Int4548_15_20_L_8.Raxml.out

Program execution info written to /Users/prigozhin/Dropbox/NLRomes/Maize_NLRome/RAxML_tree_pbNB-ARC/Clade_Refinement_1/RAxML_info.Int4548_15_20_L_8.Raxml.out
All 100 bootstrapped trees written to: /Users/prigozhin/Dropbox/NLRomes/Maize_NLRome/RAxML_tree_pbNB-ARC/Clade_Refinement_1/RAxML_bootstrap.Int4548_15_20_L_8.Raxml.out

Best-scoring ML tree written to: /Users/prigozhin/Dropbox/NLRomes/Maize_NLRome/RAxML_tree_pbNB-ARC/Clade_Refinement_1/RAxML_bestTree.Int4548_15_20_L_8.Raxml.out

Best-scoring ML tree with support values written to: /Users/prigozhin/Dropbox/NLRomes/Maize_NLRome/RAxML_tree_pbNB-ARC/Clade_Refinement_1/RAxML_bipartitions.Int4548_15_20_L_8.Raxml.out

Best-scoring ML tree with support values as branch labels written to: /Users/prigozhin/Dropbox/NLRomes/Maize_NLRome/RAxML_tree_pbNB-ARC/Clade_Refinement_1/RAxML_bipartitionsBranchLabels.Int4548_15_20_L_8.Raxml.out

Overall execution time for full ML analysis: 4.933883 secs or 0.001371 hours or 0.000057 days

