((ZM00038AB177260_P001,(ZM00032AB179960_P001,ZM00039AB176610_P001)),(ZM00023AB179480_P001,((ZM00030AB174920_P001,ZM00031AB181170_P001),ZM00001EB174770_P001)),ZM00034AB185100_P001);
((ZM00038AB177260_P001,(ZM00032AB179960_P001,ZM00039AB176610_P001)),(ZM00023AB179480_P001,((ZM00030AB174920_P001,ZM00031AB181170_P001),ZM00001EB174770_P001)),ZM00034AB185100_P001);
((ZM00038AB177260_P001,(ZM00032AB179960_P001,ZM00039AB176610_P001)),(ZM00023AB179480_P001,((ZM00030AB174920_P001,ZM00031AB181170_P001),ZM00001EB174770_P001)),ZM00034AB185100_P001);
((ZM00038AB177260_P001,(ZM00032AB179960_P001,ZM00039AB176610_P001)),(ZM00023AB179480_P001,((ZM00030AB174920_P001,ZM00031AB181170_P001),ZM00001EB174770_P001)),ZM00034AB185100_P001);
((ZM00038AB177260_P001,(ZM00032AB179960_P001,ZM00039AB176610_P001)),(ZM00023AB179480_P001,((ZM00030AB174920_P001,ZM00031AB181170_P001),ZM00001EB174770_P001)),ZM00034AB185100_P001);
((ZM00038AB177260_P001,(ZM00032AB179960_P001,ZM00039AB176610_P001)),(ZM00023AB179480_P001,((ZM00030AB174920_P001,ZM00031AB181170_P001),ZM00001EB174770_P001)),ZM00034AB185100_P001);
((ZM00038AB177260_P001,(ZM00032AB179960_P001,ZM00039AB176610_P001)),(ZM00023AB179480_P001,((ZM00030AB174920_P001,ZM00031AB181170_P001),ZM00001EB174770_P001)),ZM00034AB185100_P001);
((ZM00038AB177260_P001,(ZM00032AB179960_P001,ZM00039AB176610_P001)),(ZM00023AB179480_P001,((ZM00030AB174920_P001,ZM00031AB181170_P001),ZM00001EB174770_P001)),ZM00034AB185100_P001);
((ZM00038AB177260_P001,(ZM00032AB179960_P001,ZM00039AB176610_P001)),(ZM00023AB179480_P001,((ZM00030AB174920_P001,ZM00031AB181170_P001),ZM00001EB174770_P001)),ZM00034AB185100_P001);
((ZM00038AB177260_P001,(ZM00032AB179960_P001,ZM00039AB176610_P001)),(ZM00023AB179480_P001,((ZM00030AB174920_P001,ZM00031AB181170_P001),ZM00001EB174770_P001)),ZM00034AB185100_P001);
((ZM00001EB174770_P001,(ZM00023AB179480_P001,(ZM00030AB174920_P001,ZM00031AB181170_P001))),(ZM00032AB179960_P001,(ZM00039AB176610_P001,ZM00038AB177260_P001)),ZM00034AB185100_P001);
((ZM00001EB174770_P001,(ZM00023AB179480_P001,(ZM00030AB174920_P001,ZM00031AB181170_P001))),(ZM00032AB179960_P001,(ZM00039AB176610_P001,ZM00038AB177260_P001)),ZM00034AB185100_P001);
((ZM00001EB174770_P001,(ZM00023AB179480_P001,(ZM00030AB174920_P001,ZM00031AB181170_P001))),(ZM00032AB179960_P001,(ZM00039AB176610_P001,ZM00038AB177260_P001)),ZM00034AB185100_P001);
((ZM00001EB174770_P001,(ZM00023AB179480_P001,(ZM00030AB174920_P001,ZM00031AB181170_P001))),(ZM00032AB179960_P001,(ZM00039AB176610_P001,ZM00038AB177260_P001)),ZM00034AB185100_P001);
((ZM00001EB174770_P001,(ZM00023AB179480_P001,(ZM00030AB174920_P001,ZM00031AB181170_P001))),(ZM00032AB179960_P001,(ZM00039AB176610_P001,ZM00038AB177260_P001)),ZM00034AB185100_P001);
((ZM00001EB174770_P001,(ZM00023AB179480_P001,(ZM00030AB174920_P001,ZM00031AB181170_P001))),(ZM00032AB179960_P001,(ZM00039AB176610_P001,ZM00038AB177260_P001)),ZM00034AB185100_P001);
((ZM00001EB174770_P001,(ZM00023AB179480_P001,(ZM00030AB174920_P001,ZM00031AB181170_P001))),(ZM00032AB179960_P001,(ZM00039AB176610_P001,ZM00038AB177260_P001)),ZM00034AB185100_P001);
((ZM00001EB174770_P001,(ZM00023AB179480_P001,(ZM00030AB174920_P001,ZM00031AB181170_P001))),(ZM00032AB179960_P001,(ZM00039AB176610_P001,ZM00038AB177260_P001)),ZM00034AB185100_P001);
((ZM00001EB174770_P001,(ZM00023AB179480_P001,(ZM00030AB174920_P001,ZM00031AB181170_P001))),(ZM00032AB179960_P001,(ZM00039AB176610_P001,ZM00038AB177260_P001)),ZM00034AB185100_P001);
((ZM00001EB174770_P001,(ZM00023AB179480_P001,(ZM00030AB174920_P001,ZM00031AB181170_P001))),(ZM00032AB179960_P001,(ZM00039AB176610_P001,ZM00038AB177260_P001)),ZM00034AB185100_P001);
((ZM00023AB179480_P001,(ZM00001EB174770_P001,(ZM00031AB181170_P001,ZM00030AB174920_P001))),(ZM00038AB177260_P001,(ZM00039AB176610_P001,ZM00032AB179960_P001)),ZM00034AB185100_P001);
((ZM00023AB179480_P001,(ZM00001EB174770_P001,(ZM00031AB181170_P001,ZM00030AB174920_P001))),(ZM00038AB177260_P001,(ZM00039AB176610_P001,ZM00032AB179960_P001)),ZM00034AB185100_P001);
((ZM00023AB179480_P001,(ZM00001EB174770_P001,(ZM00031AB181170_P001,ZM00030AB174920_P001))),(ZM00038AB177260_P001,(ZM00039AB176610_P001,ZM00032AB179960_P001)),ZM00034AB185100_P001);
((ZM00023AB179480_P001,(ZM00001EB174770_P001,(ZM00031AB181170_P001,ZM00030AB174920_P001))),(ZM00038AB177260_P001,(ZM00039AB176610_P001,ZM00032AB179960_P001)),ZM00034AB185100_P001);
((ZM00023AB179480_P001,(ZM00001EB174770_P001,(ZM00031AB181170_P001,ZM00030AB174920_P001))),(ZM00038AB177260_P001,(ZM00039AB176610_P001,ZM00032AB179960_P001)),ZM00034AB185100_P001);
((ZM00023AB179480_P001,(ZM00001EB174770_P001,(ZM00031AB181170_P001,ZM00030AB174920_P001))),(ZM00038AB177260_P001,(ZM00039AB176610_P001,ZM00032AB179960_P001)),ZM00034AB185100_P001);
(ZM00001EB174770_P001,((ZM00031AB181170_P001,ZM00030AB174920_P001),((ZM00038AB177260_P001,(ZM00039AB176610_P001,ZM00032AB179960_P001)),ZM00023AB179480_P001)),ZM00034AB185100_P001);
(((ZM00039AB176610_P001,ZM00032AB179960_P001),ZM00038AB177260_P001),(ZM00001EB174770_P001,((ZM00031AB181170_P001,ZM00030AB174920_P001),ZM00023AB179480_P001)),ZM00034AB185100_P001);
(((ZM00039AB176610_P001,ZM00032AB179960_P001),ZM00038AB177260_P001),(ZM00001EB174770_P001,((ZM00031AB181170_P001,ZM00030AB174920_P001),ZM00023AB179480_P001)),ZM00034AB185100_P001);
(((ZM00039AB176610_P001,ZM00032AB179960_P001),ZM00038AB177260_P001),(ZM00001EB174770_P001,((ZM00031AB181170_P001,ZM00030AB174920_P001),ZM00023AB179480_P001)),ZM00034AB185100_P001);
((ZM00023AB179480_P001,((ZM00030AB174920_P001,ZM00031AB181170_P001),ZM00001EB174770_P001)),(ZM00038AB177260_P001,(ZM00032AB179960_P001,ZM00039AB176610_P001)),ZM00034AB185100_P001);
((ZM00023AB179480_P001,((ZM00030AB174920_P001,ZM00031AB181170_P001),ZM00001EB174770_P001)),(ZM00038AB177260_P001,(ZM00032AB179960_P001,ZM00039AB176610_P001)),ZM00034AB185100_P001);
((ZM00023AB179480_P001,((ZM00030AB174920_P001,ZM00031AB181170_P001),ZM00001EB174770_P001)),(ZM00038AB177260_P001,(ZM00032AB179960_P001,ZM00039AB176610_P001)),ZM00034AB185100_P001);
((ZM00023AB179480_P001,((ZM00030AB174920_P001,ZM00031AB181170_P001),ZM00001EB174770_P001)),(ZM00038AB177260_P001,(ZM00032AB179960_P001,ZM00039AB176610_P001)),ZM00034AB185100_P001);
((ZM00023AB179480_P001,((ZM00030AB174920_P001,ZM00031AB181170_P001),ZM00001EB174770_P001)),(ZM00038AB177260_P001,(ZM00032AB179960_P001,ZM00039AB176610_P001)),ZM00034AB185100_P001);
((ZM00023AB179480_P001,((ZM00030AB174920_P001,ZM00031AB181170_P001),ZM00001EB174770_P001)),(ZM00038AB177260_P001,(ZM00032AB179960_P001,ZM00039AB176610_P001)),ZM00034AB185100_P001);
((ZM00023AB179480_P001,((ZM00030AB174920_P001,ZM00031AB181170_P001),ZM00001EB174770_P001)),(ZM00038AB177260_P001,(ZM00032AB179960_P001,ZM00039AB176610_P001)),ZM00034AB185100_P001);
((ZM00023AB179480_P001,((ZM00030AB174920_P001,ZM00031AB181170_P001),ZM00001EB174770_P001)),(ZM00038AB177260_P001,(ZM00032AB179960_P001,ZM00039AB176610_P001)),ZM00034AB185100_P001);
((ZM00023AB179480_P001,((ZM00030AB174920_P001,ZM00031AB181170_P001),ZM00001EB174770_P001)),(ZM00038AB177260_P001,(ZM00032AB179960_P001,ZM00039AB176610_P001)),ZM00034AB185100_P001);
((ZM00023AB179480_P001,((ZM00030AB174920_P001,ZM00031AB181170_P001),ZM00001EB174770_P001)),(ZM00038AB177260_P001,(ZM00032AB179960_P001,ZM00039AB176610_P001)),ZM00034AB185100_P001);
((ZM00038AB177260_P001,(ZM00039AB176610_P001,ZM00032AB179960_P001)),((ZM00031AB181170_P001,ZM00030AB174920_P001),(ZM00001EB174770_P001,ZM00023AB179480_P001)),ZM00034AB185100_P001);
((ZM00038AB177260_P001,(ZM00039AB176610_P001,ZM00032AB179960_P001)),((ZM00031AB181170_P001,ZM00030AB174920_P001),(ZM00001EB174770_P001,ZM00023AB179480_P001)),ZM00034AB185100_P001);
((ZM00038AB177260_P001,(ZM00039AB176610_P001,ZM00032AB179960_P001)),((ZM00031AB181170_P001,ZM00030AB174920_P001),(ZM00001EB174770_P001,ZM00023AB179480_P001)),ZM00034AB185100_P001);
((ZM00038AB177260_P001,(ZM00039AB176610_P001,ZM00032AB179960_P001)),((ZM00031AB181170_P001,ZM00030AB174920_P001),(ZM00001EB174770_P001,ZM00023AB179480_P001)),ZM00034AB185100_P001);
((ZM00038AB177260_P001,(ZM00039AB176610_P001,ZM00032AB179960_P001)),((ZM00031AB181170_P001,ZM00030AB174920_P001),(ZM00001EB174770_P001,ZM00023AB179480_P001)),ZM00034AB185100_P001);
((ZM00038AB177260_P001,(ZM00039AB176610_P001,ZM00032AB179960_P001)),((ZM00031AB181170_P001,ZM00030AB174920_P001),(ZM00001EB174770_P001,ZM00023AB179480_P001)),ZM00034AB185100_P001);
((ZM00038AB177260_P001,(ZM00039AB176610_P001,ZM00032AB179960_P001)),((ZM00031AB181170_P001,ZM00030AB174920_P001),(ZM00001EB174770_P001,ZM00023AB179480_P001)),ZM00034AB185100_P001);
((ZM00038AB177260_P001,(ZM00039AB176610_P001,ZM00032AB179960_P001)),((ZM00031AB181170_P001,ZM00030AB174920_P001),(ZM00001EB174770_P001,ZM00023AB179480_P001)),ZM00034AB185100_P001);
((ZM00038AB177260_P001,(ZM00039AB176610_P001,ZM00032AB179960_P001)),((ZM00031AB181170_P001,ZM00030AB174920_P001),(ZM00001EB174770_P001,ZM00023AB179480_P001)),ZM00034AB185100_P001);
((ZM00038AB177260_P001,(ZM00039AB176610_P001,ZM00032AB179960_P001)),((ZM00031AB181170_P001,ZM00030AB174920_P001),(ZM00001EB174770_P001,ZM00023AB179480_P001)),ZM00034AB185100_P001);
((ZM00001EB174770_P001,(ZM00023AB179480_P001,(ZM00031AB181170_P001,ZM00030AB174920_P001))),((ZM00039AB176610_P001,ZM00038AB177260_P001),ZM00032AB179960_P001),ZM00034AB185100_P001);
((ZM00001EB174770_P001,(ZM00023AB179480_P001,(ZM00031AB181170_P001,ZM00030AB174920_P001))),((ZM00039AB176610_P001,ZM00038AB177260_P001),ZM00032AB179960_P001),ZM00034AB185100_P001);
((ZM00001EB174770_P001,(ZM00023AB179480_P001,(ZM00031AB181170_P001,ZM00030AB174920_P001))),((ZM00039AB176610_P001,ZM00038AB177260_P001),ZM00032AB179960_P001),ZM00034AB185100_P001);
((ZM00001EB174770_P001,(ZM00023AB179480_P001,(ZM00031AB181170_P001,ZM00030AB174920_P001))),((ZM00039AB176610_P001,ZM00038AB177260_P001),ZM00032AB179960_P001),ZM00034AB185100_P001);
((ZM00001EB174770_P001,(ZM00023AB179480_P001,(ZM00031AB181170_P001,ZM00030AB174920_P001))),((ZM00039AB176610_P001,ZM00038AB177260_P001),ZM00032AB179960_P001),ZM00034AB185100_P001);
((ZM00001EB174770_P001,(ZM00023AB179480_P001,(ZM00031AB181170_P001,ZM00030AB174920_P001))),((ZM00039AB176610_P001,ZM00038AB177260_P001),ZM00032AB179960_P001),ZM00034AB185100_P001);
((ZM00001EB174770_P001,(ZM00023AB179480_P001,(ZM00031AB181170_P001,ZM00030AB174920_P001))),((ZM00039AB176610_P001,ZM00038AB177260_P001),ZM00032AB179960_P001),ZM00034AB185100_P001);
((ZM00001EB174770_P001,(ZM00023AB179480_P001,(ZM00031AB181170_P001,ZM00030AB174920_P001))),((ZM00039AB176610_P001,ZM00038AB177260_P001),ZM00032AB179960_P001),ZM00034AB185100_P001);
((ZM00001EB174770_P001,(ZM00023AB179480_P001,(ZM00031AB181170_P001,ZM00030AB174920_P001))),((ZM00039AB176610_P001,ZM00038AB177260_P001),ZM00032AB179960_P001),ZM00034AB185100_P001);
((ZM00001EB174770_P001,(ZM00023AB179480_P001,(ZM00031AB181170_P001,ZM00030AB174920_P001))),((ZM00039AB176610_P001,ZM00038AB177260_P001),ZM00032AB179960_P001),ZM00034AB185100_P001);
((ZM00032AB179960_P001,(ZM00039AB176610_P001,ZM00038AB177260_P001)),(((ZM00031AB181170_P001,ZM00030AB174920_P001),ZM00023AB179480_P001),ZM00001EB174770_P001),ZM00034AB185100_P001);
((ZM00032AB179960_P001,(ZM00039AB176610_P001,ZM00038AB177260_P001)),(((ZM00031AB181170_P001,ZM00030AB174920_P001),ZM00023AB179480_P001),ZM00001EB174770_P001),ZM00034AB185100_P001);
((ZM00032AB179960_P001,(ZM00039AB176610_P001,ZM00038AB177260_P001)),(((ZM00031AB181170_P001,ZM00030AB174920_P001),ZM00023AB179480_P001),ZM00001EB174770_P001),ZM00034AB185100_P001);
((ZM00032AB179960_P001,(ZM00039AB176610_P001,ZM00038AB177260_P001)),(((ZM00031AB181170_P001,ZM00030AB174920_P001),ZM00023AB179480_P001),ZM00001EB174770_P001),ZM00034AB185100_P001);
((ZM00032AB179960_P001,(ZM00039AB176610_P001,ZM00038AB177260_P001)),(((ZM00031AB181170_P001,ZM00030AB174920_P001),ZM00023AB179480_P001),ZM00001EB174770_P001),ZM00034AB185100_P001);
((ZM00032AB179960_P001,(ZM00039AB176610_P001,ZM00038AB177260_P001)),(((ZM00031AB181170_P001,ZM00030AB174920_P001),ZM00023AB179480_P001),ZM00001EB174770_P001),ZM00034AB185100_P001);
((ZM00032AB179960_P001,(ZM00039AB176610_P001,ZM00038AB177260_P001)),(((ZM00031AB181170_P001,ZM00030AB174920_P001),ZM00023AB179480_P001),ZM00001EB174770_P001),ZM00034AB185100_P001);
((ZM00032AB179960_P001,(ZM00039AB176610_P001,ZM00038AB177260_P001)),(((ZM00031AB181170_P001,ZM00030AB174920_P001),ZM00023AB179480_P001),ZM00001EB174770_P001),ZM00034AB185100_P001);
((ZM00032AB179960_P001,(ZM00039AB176610_P001,ZM00038AB177260_P001)),(((ZM00031AB181170_P001,ZM00030AB174920_P001),ZM00023AB179480_P001),ZM00001EB174770_P001),ZM00034AB185100_P001);
((ZM00032AB179960_P001,(ZM00039AB176610_P001,ZM00038AB177260_P001)),(((ZM00031AB181170_P001,ZM00030AB174920_P001),ZM00023AB179480_P001),ZM00001EB174770_P001),ZM00034AB185100_P001);
((ZM00032AB179960_P001,(ZM00038AB177260_P001,ZM00039AB176610_P001)),(ZM00001EB174770_P001,(ZM00023AB179480_P001,(ZM00031AB181170_P001,ZM00030AB174920_P001))),ZM00034AB185100_P001);
((ZM00032AB179960_P001,(ZM00038AB177260_P001,ZM00039AB176610_P001)),(ZM00001EB174770_P001,(ZM00023AB179480_P001,(ZM00031AB181170_P001,ZM00030AB174920_P001))),ZM00034AB185100_P001);
((ZM00032AB179960_P001,(ZM00038AB177260_P001,ZM00039AB176610_P001)),(ZM00001EB174770_P001,(ZM00023AB179480_P001,(ZM00031AB181170_P001,ZM00030AB174920_P001))),ZM00034AB185100_P001);
((ZM00032AB179960_P001,(ZM00038AB177260_P001,ZM00039AB176610_P001)),(ZM00001EB174770_P001,(ZM00023AB179480_P001,(ZM00031AB181170_P001,ZM00030AB174920_P001))),ZM00034AB185100_P001);
((ZM00032AB179960_P001,(ZM00038AB177260_P001,ZM00039AB176610_P001)),(ZM00001EB174770_P001,(ZM00023AB179480_P001,(ZM00031AB181170_P001,ZM00030AB174920_P001))),ZM00034AB185100_P001);
((ZM00032AB179960_P001,(ZM00038AB177260_P001,ZM00039AB176610_P001)),(ZM00001EB174770_P001,(ZM00023AB179480_P001,(ZM00031AB181170_P001,ZM00030AB174920_P001))),ZM00034AB185100_P001);
((ZM00032AB179960_P001,(ZM00038AB177260_P001,ZM00039AB176610_P001)),(ZM00001EB174770_P001,(ZM00023AB179480_P001,(ZM00031AB181170_P001,ZM00030AB174920_P001))),ZM00034AB185100_P001);
((ZM00032AB179960_P001,(ZM00038AB177260_P001,ZM00039AB176610_P001)),(ZM00001EB174770_P001,(ZM00023AB179480_P001,(ZM00031AB181170_P001,ZM00030AB174920_P001))),ZM00034AB185100_P001);
((ZM00032AB179960_P001,(ZM00038AB177260_P001,ZM00039AB176610_P001)),(ZM00001EB174770_P001,(ZM00023AB179480_P001,(ZM00031AB181170_P001,ZM00030AB174920_P001))),ZM00034AB185100_P001);
((ZM00032AB179960_P001,(ZM00038AB177260_P001,ZM00039AB176610_P001)),(ZM00001EB174770_P001,(ZM00023AB179480_P001,(ZM00031AB181170_P001,ZM00030AB174920_P001))),ZM00034AB185100_P001);
((ZM00038AB177260_P001,(ZM00032AB179960_P001,ZM00039AB176610_P001)),(ZM00001EB174770_P001,(ZM00023AB179480_P001,(ZM00030AB174920_P001,ZM00031AB181170_P001))),ZM00034AB185100_P001);
(ZM00023AB179480_P001,((ZM00030AB174920_P001,ZM00031AB181170_P001),(((ZM00032AB179960_P001,ZM00039AB176610_P001),ZM00038AB177260_P001),ZM00001EB174770_P001)),ZM00034AB185100_P001);
(((ZM00032AB179960_P001,ZM00039AB176610_P001),ZM00038AB177260_P001),(ZM00001EB174770_P001,(ZM00023AB179480_P001,(ZM00030AB174920_P001,ZM00031AB181170_P001))),ZM00034AB185100_P001);
(((ZM00032AB179960_P001,ZM00039AB176610_P001),ZM00038AB177260_P001),(ZM00001EB174770_P001,(ZM00023AB179480_P001,(ZM00030AB174920_P001,ZM00031AB181170_P001))),ZM00034AB185100_P001);
(((ZM00032AB179960_P001,ZM00039AB176610_P001),ZM00038AB177260_P001),(ZM00001EB174770_P001,(ZM00023AB179480_P001,(ZM00030AB174920_P001,ZM00031AB181170_P001))),ZM00034AB185100_P001);
(((ZM00032AB179960_P001,ZM00039AB176610_P001),ZM00038AB177260_P001),(ZM00001EB174770_P001,(ZM00023AB179480_P001,(ZM00030AB174920_P001,ZM00031AB181170_P001))),ZM00034AB185100_P001);
(((ZM00032AB179960_P001,ZM00039AB176610_P001),ZM00038AB177260_P001),(ZM00001EB174770_P001,(ZM00023AB179480_P001,(ZM00030AB174920_P001,ZM00031AB181170_P001))),ZM00034AB185100_P001);
(((ZM00032AB179960_P001,ZM00039AB176610_P001),ZM00038AB177260_P001),(ZM00001EB174770_P001,(ZM00023AB179480_P001,(ZM00030AB174920_P001,ZM00031AB181170_P001))),ZM00034AB185100_P001);
(((ZM00032AB179960_P001,ZM00039AB176610_P001),ZM00038AB177260_P001),(ZM00001EB174770_P001,(ZM00023AB179480_P001,(ZM00030AB174920_P001,ZM00031AB181170_P001))),ZM00034AB185100_P001);
(((ZM00032AB179960_P001,ZM00039AB176610_P001),ZM00038AB177260_P001),(ZM00001EB174770_P001,(ZM00023AB179480_P001,(ZM00030AB174920_P001,ZM00031AB181170_P001))),ZM00034AB185100_P001);
((ZM00038AB177260_P001,(ZM00039AB176610_P001,ZM00032AB179960_P001)),((ZM00023AB179480_P001,ZM00001EB174770_P001),(ZM00031AB181170_P001,ZM00030AB174920_P001)),ZM00034AB185100_P001);
((ZM00038AB177260_P001,(ZM00039AB176610_P001,ZM00032AB179960_P001)),((ZM00023AB179480_P001,ZM00001EB174770_P001),(ZM00031AB181170_P001,ZM00030AB174920_P001)),ZM00034AB185100_P001);
((ZM00038AB177260_P001,(ZM00039AB176610_P001,ZM00032AB179960_P001)),((ZM00023AB179480_P001,ZM00001EB174770_P001),(ZM00031AB181170_P001,ZM00030AB174920_P001)),ZM00034AB185100_P001);
((ZM00038AB177260_P001,(ZM00039AB176610_P001,ZM00032AB179960_P001)),((ZM00023AB179480_P001,ZM00001EB174770_P001),(ZM00031AB181170_P001,ZM00030AB174920_P001)),ZM00034AB185100_P001);
((ZM00038AB177260_P001,(ZM00039AB176610_P001,ZM00032AB179960_P001)),((ZM00023AB179480_P001,ZM00001EB174770_P001),(ZM00031AB181170_P001,ZM00030AB174920_P001)),ZM00034AB185100_P001);
((ZM00038AB177260_P001,(ZM00039AB176610_P001,ZM00032AB179960_P001)),((ZM00023AB179480_P001,ZM00001EB174770_P001),(ZM00031AB181170_P001,ZM00030AB174920_P001)),ZM00034AB185100_P001);
((ZM00038AB177260_P001,(ZM00039AB176610_P001,ZM00032AB179960_P001)),((ZM00023AB179480_P001,ZM00001EB174770_P001),(ZM00031AB181170_P001,ZM00030AB174920_P001)),ZM00034AB185100_P001);
((ZM00038AB177260_P001,(ZM00039AB176610_P001,ZM00032AB179960_P001)),((ZM00023AB179480_P001,ZM00001EB174770_P001),(ZM00031AB181170_P001,ZM00030AB174920_P001)),ZM00034AB185100_P001);
(ZM00023AB179480_P001,(((ZM00039AB176610_P001,(ZM00032AB179960_P001,ZM00038AB177260_P001)),ZM00001EB174770_P001),(ZM00031AB181170_P001,ZM00030AB174920_P001)),ZM00034AB185100_P001);
((ZM00032AB179960_P001,(ZM00038AB177260_P001,ZM00039AB176610_P001)),(ZM00001EB174770_P001,((ZM00031AB181170_P001,ZM00030AB174920_P001),ZM00023AB179480_P001)),ZM00034AB185100_P001);
