(ZM00032AB438400_P001,(ZM00018AB440080_P001,(ZM00035AB435850_P001,(ZM00001EB419270_P001,(ZM00039AB428700_P001,ZM00019AB405880_P001)))),ZM00020AB426140_P001);
(ZM00032AB438400_P001,(ZM00018AB440080_P001,(ZM00035AB435850_P001,(ZM00001EB419270_P001,(ZM00039AB428700_P001,ZM00019AB405880_P001)))),ZM00020AB426140_P001);
(ZM00032AB438400_P001,(ZM00018AB440080_P001,(ZM00035AB435850_P001,(ZM00001EB419270_P001,(ZM00039AB428700_P001,ZM00019AB405880_P001)))),ZM00020AB426140_P001);
(ZM00032AB438400_P001,(ZM00018AB440080_P001,(ZM00035AB435850_P001,(ZM00001EB419270_P001,(ZM00039AB428700_P001,ZM00019AB405880_P001)))),ZM00020AB426140_P001);
(ZM00032AB438400_P001,(ZM00018AB440080_P001,(ZM00035AB435850_P001,(ZM00001EB419270_P001,(ZM00039AB428700_P001,ZM00019AB405880_P001)))),ZM00020AB426140_P001);
(ZM00032AB438400_P001,(ZM00018AB440080_P001,(ZM00035AB435850_P001,(ZM00001EB419270_P001,(ZM00039AB428700_P001,ZM00019AB405880_P001)))),ZM00020AB426140_P001);
(ZM00032AB438400_P001,(ZM00018AB440080_P001,(ZM00035AB435850_P001,(ZM00001EB419270_P001,(ZM00039AB428700_P001,ZM00019AB405880_P001)))),ZM00020AB426140_P001);
(ZM00032AB438400_P001,(ZM00018AB440080_P001,(ZM00035AB435850_P001,(ZM00001EB419270_P001,(ZM00039AB428700_P001,ZM00019AB405880_P001)))),ZM00020AB426140_P001);
(ZM00032AB438400_P001,(ZM00018AB440080_P001,(ZM00035AB435850_P001,(ZM00001EB419270_P001,(ZM00039AB428700_P001,ZM00019AB405880_P001)))),ZM00020AB426140_P001);
(ZM00032AB438400_P001,(ZM00018AB440080_P001,(ZM00035AB435850_P001,(ZM00001EB419270_P001,(ZM00039AB428700_P001,ZM00019AB405880_P001)))),ZM00020AB426140_P001);
((ZM00019AB405880_P001,(ZM00018AB440080_P001,(ZM00035AB435850_P001,(ZM00032AB438400_P001,ZM00001EB419270_P001)))),ZM00039AB428700_P001,ZM00020AB426140_P001);
((ZM00019AB405880_P001,(ZM00018AB440080_P001,(ZM00035AB435850_P001,(ZM00032AB438400_P001,ZM00001EB419270_P001)))),ZM00039AB428700_P001,ZM00020AB426140_P001);
((ZM00019AB405880_P001,(ZM00018AB440080_P001,(ZM00035AB435850_P001,(ZM00032AB438400_P001,ZM00001EB419270_P001)))),ZM00039AB428700_P001,ZM00020AB426140_P001);
((ZM00019AB405880_P001,(ZM00018AB440080_P001,(ZM00035AB435850_P001,(ZM00032AB438400_P001,ZM00001EB419270_P001)))),ZM00039AB428700_P001,ZM00020AB426140_P001);
((ZM00019AB405880_P001,(ZM00018AB440080_P001,(ZM00035AB435850_P001,(ZM00032AB438400_P001,ZM00001EB419270_P001)))),ZM00039AB428700_P001,ZM00020AB426140_P001);
((ZM00019AB405880_P001,(ZM00018AB440080_P001,(ZM00035AB435850_P001,(ZM00032AB438400_P001,ZM00001EB419270_P001)))),ZM00039AB428700_P001,ZM00020AB426140_P001);
((ZM00019AB405880_P001,(ZM00018AB440080_P001,(ZM00035AB435850_P001,(ZM00032AB438400_P001,ZM00001EB419270_P001)))),ZM00039AB428700_P001,ZM00020AB426140_P001);
((ZM00019AB405880_P001,(ZM00018AB440080_P001,(ZM00035AB435850_P001,(ZM00032AB438400_P001,ZM00001EB419270_P001)))),ZM00039AB428700_P001,ZM00020AB426140_P001);
((ZM00019AB405880_P001,(ZM00018AB440080_P001,(ZM00035AB435850_P001,(ZM00032AB438400_P001,ZM00001EB419270_P001)))),ZM00039AB428700_P001,ZM00020AB426140_P001);
((ZM00019AB405880_P001,(ZM00018AB440080_P001,(ZM00035AB435850_P001,(ZM00032AB438400_P001,ZM00001EB419270_P001)))),ZM00039AB428700_P001,ZM00020AB426140_P001);
((ZM00035AB435850_P001,(ZM00001EB419270_P001,ZM00019AB405880_P001)),((ZM00018AB440080_P001,ZM00039AB428700_P001),ZM00032AB438400_P001),ZM00020AB426140_P001);
((ZM00035AB435850_P001,(ZM00001EB419270_P001,ZM00019AB405880_P001)),((ZM00018AB440080_P001,ZM00039AB428700_P001),ZM00032AB438400_P001),ZM00020AB426140_P001);
((ZM00035AB435850_P001,(ZM00001EB419270_P001,ZM00019AB405880_P001)),((ZM00018AB440080_P001,ZM00039AB428700_P001),ZM00032AB438400_P001),ZM00020AB426140_P001);
((ZM00035AB435850_P001,(ZM00001EB419270_P001,ZM00019AB405880_P001)),((ZM00018AB440080_P001,ZM00039AB428700_P001),ZM00032AB438400_P001),ZM00020AB426140_P001);
((ZM00035AB435850_P001,(ZM00001EB419270_P001,ZM00019AB405880_P001)),((ZM00018AB440080_P001,ZM00039AB428700_P001),ZM00032AB438400_P001),ZM00020AB426140_P001);
((ZM00035AB435850_P001,(ZM00001EB419270_P001,ZM00019AB405880_P001)),((ZM00018AB440080_P001,ZM00039AB428700_P001),ZM00032AB438400_P001),ZM00020AB426140_P001);
((ZM00035AB435850_P001,(ZM00001EB419270_P001,ZM00019AB405880_P001)),((ZM00018AB440080_P001,ZM00039AB428700_P001),ZM00032AB438400_P001),ZM00020AB426140_P001);
((ZM00035AB435850_P001,(ZM00001EB419270_P001,ZM00019AB405880_P001)),((ZM00018AB440080_P001,ZM00039AB428700_P001),ZM00032AB438400_P001),ZM00020AB426140_P001);
((ZM00035AB435850_P001,(ZM00001EB419270_P001,ZM00019AB405880_P001)),((ZM00018AB440080_P001,ZM00039AB428700_P001),ZM00032AB438400_P001),ZM00020AB426140_P001);
((ZM00035AB435850_P001,(ZM00001EB419270_P001,ZM00019AB405880_P001)),((ZM00018AB440080_P001,ZM00039AB428700_P001),ZM00032AB438400_P001),ZM00020AB426140_P001);
(ZM00019AB405880_P001,(ZM00001EB419270_P001,(ZM00035AB435850_P001,(ZM00018AB440080_P001,(ZM00039AB428700_P001,ZM00032AB438400_P001)))),ZM00020AB426140_P001);
(ZM00019AB405880_P001,(ZM00001EB419270_P001,(ZM00035AB435850_P001,(ZM00018AB440080_P001,(ZM00039AB428700_P001,ZM00032AB438400_P001)))),ZM00020AB426140_P001);
(ZM00019AB405880_P001,(ZM00001EB419270_P001,(ZM00035AB435850_P001,(ZM00018AB440080_P001,(ZM00039AB428700_P001,ZM00032AB438400_P001)))),ZM00020AB426140_P001);
(ZM00019AB405880_P001,(ZM00001EB419270_P001,(ZM00035AB435850_P001,(ZM00018AB440080_P001,(ZM00039AB428700_P001,ZM00032AB438400_P001)))),ZM00020AB426140_P001);
(ZM00019AB405880_P001,(ZM00001EB419270_P001,(ZM00035AB435850_P001,(ZM00018AB440080_P001,(ZM00039AB428700_P001,ZM00032AB438400_P001)))),ZM00020AB426140_P001);
(ZM00019AB405880_P001,(ZM00001EB419270_P001,(ZM00035AB435850_P001,(ZM00018AB440080_P001,(ZM00039AB428700_P001,ZM00032AB438400_P001)))),ZM00020AB426140_P001);
(ZM00019AB405880_P001,(ZM00001EB419270_P001,(ZM00035AB435850_P001,(ZM00018AB440080_P001,(ZM00039AB428700_P001,ZM00032AB438400_P001)))),ZM00020AB426140_P001);
(ZM00019AB405880_P001,(ZM00001EB419270_P001,(ZM00035AB435850_P001,(ZM00018AB440080_P001,(ZM00039AB428700_P001,ZM00032AB438400_P001)))),ZM00020AB426140_P001);
(ZM00019AB405880_P001,(ZM00001EB419270_P001,(ZM00035AB435850_P001,(ZM00018AB440080_P001,(ZM00039AB428700_P001,ZM00032AB438400_P001)))),ZM00020AB426140_P001);
(ZM00019AB405880_P001,(ZM00001EB419270_P001,(ZM00035AB435850_P001,(ZM00018AB440080_P001,(ZM00039AB428700_P001,ZM00032AB438400_P001)))),ZM00020AB426140_P001);
((ZM00035AB435850_P001,(ZM00019AB405880_P001,ZM00001EB419270_P001)),((ZM00018AB440080_P001,ZM00039AB428700_P001),ZM00032AB438400_P001),ZM00020AB426140_P001);
((ZM00035AB435850_P001,(ZM00019AB405880_P001,ZM00001EB419270_P001)),((ZM00018AB440080_P001,ZM00039AB428700_P001),ZM00032AB438400_P001),ZM00020AB426140_P001);
((ZM00035AB435850_P001,(ZM00019AB405880_P001,ZM00001EB419270_P001)),((ZM00018AB440080_P001,ZM00039AB428700_P001),ZM00032AB438400_P001),ZM00020AB426140_P001);
((ZM00035AB435850_P001,(ZM00019AB405880_P001,ZM00001EB419270_P001)),((ZM00018AB440080_P001,ZM00039AB428700_P001),ZM00032AB438400_P001),ZM00020AB426140_P001);
((ZM00035AB435850_P001,(ZM00019AB405880_P001,ZM00001EB419270_P001)),((ZM00018AB440080_P001,ZM00039AB428700_P001),ZM00032AB438400_P001),ZM00020AB426140_P001);
((ZM00035AB435850_P001,(ZM00019AB405880_P001,ZM00001EB419270_P001)),((ZM00018AB440080_P001,ZM00039AB428700_P001),ZM00032AB438400_P001),ZM00020AB426140_P001);
((ZM00035AB435850_P001,(ZM00019AB405880_P001,ZM00001EB419270_P001)),((ZM00018AB440080_P001,ZM00039AB428700_P001),ZM00032AB438400_P001),ZM00020AB426140_P001);
((ZM00035AB435850_P001,(ZM00019AB405880_P001,ZM00001EB419270_P001)),((ZM00018AB440080_P001,ZM00039AB428700_P001),ZM00032AB438400_P001),ZM00020AB426140_P001);
((ZM00035AB435850_P001,(ZM00019AB405880_P001,ZM00001EB419270_P001)),((ZM00018AB440080_P001,ZM00039AB428700_P001),ZM00032AB438400_P001),ZM00020AB426140_P001);
((ZM00035AB435850_P001,(ZM00019AB405880_P001,ZM00001EB419270_P001)),((ZM00018AB440080_P001,ZM00039AB428700_P001),ZM00032AB438400_P001),ZM00020AB426140_P001);
((ZM00039AB428700_P001,(ZM00001EB419270_P001,(ZM00018AB440080_P001,(ZM00032AB438400_P001,ZM00019AB405880_P001)))),ZM00035AB435850_P001,ZM00020AB426140_P001);
((ZM00039AB428700_P001,(ZM00001EB419270_P001,(ZM00018AB440080_P001,(ZM00032AB438400_P001,ZM00019AB405880_P001)))),ZM00035AB435850_P001,ZM00020AB426140_P001);
((ZM00039AB428700_P001,(ZM00001EB419270_P001,(ZM00018AB440080_P001,(ZM00032AB438400_P001,ZM00019AB405880_P001)))),ZM00035AB435850_P001,ZM00020AB426140_P001);
((ZM00039AB428700_P001,(ZM00001EB419270_P001,(ZM00018AB440080_P001,(ZM00032AB438400_P001,ZM00019AB405880_P001)))),ZM00035AB435850_P001,ZM00020AB426140_P001);
((ZM00039AB428700_P001,(ZM00001EB419270_P001,(ZM00018AB440080_P001,(ZM00032AB438400_P001,ZM00019AB405880_P001)))),ZM00035AB435850_P001,ZM00020AB426140_P001);
((ZM00039AB428700_P001,(ZM00001EB419270_P001,(ZM00018AB440080_P001,(ZM00032AB438400_P001,ZM00019AB405880_P001)))),ZM00035AB435850_P001,ZM00020AB426140_P001);
((ZM00039AB428700_P001,(ZM00001EB419270_P001,(ZM00018AB440080_P001,(ZM00032AB438400_P001,ZM00019AB405880_P001)))),ZM00035AB435850_P001,ZM00020AB426140_P001);
((ZM00039AB428700_P001,(ZM00001EB419270_P001,(ZM00018AB440080_P001,(ZM00032AB438400_P001,ZM00019AB405880_P001)))),ZM00035AB435850_P001,ZM00020AB426140_P001);
((ZM00039AB428700_P001,(ZM00001EB419270_P001,(ZM00018AB440080_P001,(ZM00032AB438400_P001,ZM00019AB405880_P001)))),ZM00035AB435850_P001,ZM00020AB426140_P001);
((ZM00039AB428700_P001,(ZM00001EB419270_P001,(ZM00018AB440080_P001,(ZM00032AB438400_P001,ZM00019AB405880_P001)))),ZM00035AB435850_P001,ZM00020AB426140_P001);
(ZM00035AB435850_P001,(ZM00019AB405880_P001,(ZM00032AB438400_P001,(ZM00039AB428700_P001,(ZM00001EB419270_P001,ZM00018AB440080_P001)))),ZM00020AB426140_P001);
(ZM00035AB435850_P001,(ZM00019AB405880_P001,(ZM00032AB438400_P001,(ZM00039AB428700_P001,(ZM00001EB419270_P001,ZM00018AB440080_P001)))),ZM00020AB426140_P001);
(ZM00035AB435850_P001,(ZM00019AB405880_P001,(ZM00032AB438400_P001,(ZM00039AB428700_P001,(ZM00001EB419270_P001,ZM00018AB440080_P001)))),ZM00020AB426140_P001);
(ZM00035AB435850_P001,(ZM00019AB405880_P001,(ZM00032AB438400_P001,(ZM00039AB428700_P001,(ZM00001EB419270_P001,ZM00018AB440080_P001)))),ZM00020AB426140_P001);
(ZM00035AB435850_P001,(ZM00019AB405880_P001,(ZM00032AB438400_P001,(ZM00039AB428700_P001,(ZM00001EB419270_P001,ZM00018AB440080_P001)))),ZM00020AB426140_P001);
(ZM00035AB435850_P001,(ZM00019AB405880_P001,(ZM00032AB438400_P001,(ZM00039AB428700_P001,(ZM00001EB419270_P001,ZM00018AB440080_P001)))),ZM00020AB426140_P001);
(ZM00035AB435850_P001,(ZM00019AB405880_P001,(ZM00032AB438400_P001,(ZM00039AB428700_P001,(ZM00001EB419270_P001,ZM00018AB440080_P001)))),ZM00020AB426140_P001);
(ZM00035AB435850_P001,(ZM00019AB405880_P001,(ZM00032AB438400_P001,(ZM00039AB428700_P001,(ZM00001EB419270_P001,ZM00018AB440080_P001)))),ZM00020AB426140_P001);
(ZM00035AB435850_P001,(ZM00019AB405880_P001,(ZM00032AB438400_P001,(ZM00039AB428700_P001,(ZM00001EB419270_P001,ZM00018AB440080_P001)))),ZM00020AB426140_P001);
(ZM00035AB435850_P001,(ZM00019AB405880_P001,(ZM00032AB438400_P001,(ZM00039AB428700_P001,(ZM00001EB419270_P001,ZM00018AB440080_P001)))),ZM00020AB426140_P001);
((ZM00019AB405880_P001,(ZM00035AB435850_P001,ZM00018AB440080_P001)),((ZM00039AB428700_P001,ZM00001EB419270_P001),ZM00032AB438400_P001),ZM00020AB426140_P001);
((ZM00019AB405880_P001,(ZM00035AB435850_P001,ZM00018AB440080_P001)),((ZM00039AB428700_P001,ZM00001EB419270_P001),ZM00032AB438400_P001),ZM00020AB426140_P001);
((ZM00019AB405880_P001,(ZM00035AB435850_P001,ZM00018AB440080_P001)),((ZM00039AB428700_P001,ZM00001EB419270_P001),ZM00032AB438400_P001),ZM00020AB426140_P001);
((ZM00019AB405880_P001,(ZM00035AB435850_P001,ZM00018AB440080_P001)),((ZM00039AB428700_P001,ZM00001EB419270_P001),ZM00032AB438400_P001),ZM00020AB426140_P001);
((ZM00019AB405880_P001,(ZM00035AB435850_P001,ZM00018AB440080_P001)),((ZM00039AB428700_P001,ZM00001EB419270_P001),ZM00032AB438400_P001),ZM00020AB426140_P001);
((ZM00019AB405880_P001,(ZM00035AB435850_P001,ZM00018AB440080_P001)),((ZM00039AB428700_P001,ZM00001EB419270_P001),ZM00032AB438400_P001),ZM00020AB426140_P001);
((ZM00019AB405880_P001,(ZM00035AB435850_P001,ZM00018AB440080_P001)),((ZM00039AB428700_P001,ZM00001EB419270_P001),ZM00032AB438400_P001),ZM00020AB426140_P001);
((ZM00019AB405880_P001,(ZM00035AB435850_P001,ZM00018AB440080_P001)),((ZM00039AB428700_P001,ZM00001EB419270_P001),ZM00032AB438400_P001),ZM00020AB426140_P001);
((ZM00019AB405880_P001,(ZM00035AB435850_P001,ZM00018AB440080_P001)),((ZM00039AB428700_P001,ZM00001EB419270_P001),ZM00032AB438400_P001),ZM00020AB426140_P001);
((ZM00019AB405880_P001,(ZM00035AB435850_P001,ZM00018AB440080_P001)),((ZM00039AB428700_P001,ZM00001EB419270_P001),ZM00032AB438400_P001),ZM00020AB426140_P001);
(ZM00001EB419270_P001,(ZM00019AB405880_P001,(ZM00032AB438400_P001,(ZM00039AB428700_P001,(ZM00035AB435850_P001,ZM00018AB440080_P001)))),ZM00020AB426140_P001);
(ZM00001EB419270_P001,(ZM00019AB405880_P001,(ZM00032AB438400_P001,(ZM00039AB428700_P001,(ZM00035AB435850_P001,ZM00018AB440080_P001)))),ZM00020AB426140_P001);
(ZM00001EB419270_P001,(ZM00019AB405880_P001,(ZM00032AB438400_P001,(ZM00039AB428700_P001,(ZM00035AB435850_P001,ZM00018AB440080_P001)))),ZM00020AB426140_P001);
(ZM00001EB419270_P001,(ZM00019AB405880_P001,(ZM00032AB438400_P001,(ZM00039AB428700_P001,(ZM00035AB435850_P001,ZM00018AB440080_P001)))),ZM00020AB426140_P001);
(ZM00001EB419270_P001,(ZM00019AB405880_P001,(ZM00032AB438400_P001,(ZM00039AB428700_P001,(ZM00035AB435850_P001,ZM00018AB440080_P001)))),ZM00020AB426140_P001);
(ZM00001EB419270_P001,(ZM00019AB405880_P001,(ZM00032AB438400_P001,(ZM00039AB428700_P001,(ZM00035AB435850_P001,ZM00018AB440080_P001)))),ZM00020AB426140_P001);
(ZM00001EB419270_P001,(ZM00019AB405880_P001,(ZM00032AB438400_P001,(ZM00039AB428700_P001,(ZM00035AB435850_P001,ZM00018AB440080_P001)))),ZM00020AB426140_P001);
(ZM00001EB419270_P001,(ZM00019AB405880_P001,(ZM00032AB438400_P001,(ZM00039AB428700_P001,(ZM00035AB435850_P001,ZM00018AB440080_P001)))),ZM00020AB426140_P001);
(ZM00001EB419270_P001,(ZM00019AB405880_P001,(ZM00032AB438400_P001,(ZM00039AB428700_P001,(ZM00035AB435850_P001,ZM00018AB440080_P001)))),ZM00020AB426140_P001);
(ZM00001EB419270_P001,(ZM00019AB405880_P001,(ZM00032AB438400_P001,(ZM00039AB428700_P001,(ZM00035AB435850_P001,ZM00018AB440080_P001)))),ZM00020AB426140_P001);
((ZM00001EB419270_P001,(ZM00032AB438400_P001,(ZM00018AB440080_P001,ZM00035AB435850_P001))),(ZM00039AB428700_P001,ZM00019AB405880_P001),ZM00020AB426140_P001);
((ZM00001EB419270_P001,(ZM00032AB438400_P001,(ZM00018AB440080_P001,ZM00035AB435850_P001))),(ZM00039AB428700_P001,ZM00019AB405880_P001),ZM00020AB426140_P001);
((ZM00001EB419270_P001,(ZM00032AB438400_P001,(ZM00018AB440080_P001,ZM00035AB435850_P001))),(ZM00039AB428700_P001,ZM00019AB405880_P001),ZM00020AB426140_P001);
((ZM00001EB419270_P001,(ZM00032AB438400_P001,(ZM00018AB440080_P001,ZM00035AB435850_P001))),(ZM00039AB428700_P001,ZM00019AB405880_P001),ZM00020AB426140_P001);
((ZM00001EB419270_P001,(ZM00032AB438400_P001,(ZM00018AB440080_P001,ZM00035AB435850_P001))),(ZM00039AB428700_P001,ZM00019AB405880_P001),ZM00020AB426140_P001);
((ZM00001EB419270_P001,(ZM00032AB438400_P001,(ZM00018AB440080_P001,ZM00035AB435850_P001))),(ZM00039AB428700_P001,ZM00019AB405880_P001),ZM00020AB426140_P001);
((ZM00001EB419270_P001,(ZM00032AB438400_P001,(ZM00018AB440080_P001,ZM00035AB435850_P001))),(ZM00039AB428700_P001,ZM00019AB405880_P001),ZM00020AB426140_P001);
((ZM00001EB419270_P001,(ZM00032AB438400_P001,(ZM00018AB440080_P001,ZM00035AB435850_P001))),(ZM00039AB428700_P001,ZM00019AB405880_P001),ZM00020AB426140_P001);
((ZM00001EB419270_P001,(ZM00032AB438400_P001,(ZM00018AB440080_P001,ZM00035AB435850_P001))),(ZM00039AB428700_P001,ZM00019AB405880_P001),ZM00020AB426140_P001);
((ZM00001EB419270_P001,(ZM00032AB438400_P001,(ZM00018AB440080_P001,ZM00035AB435850_P001))),(ZM00039AB428700_P001,ZM00019AB405880_P001),ZM00020AB426140_P001);
