

IMPORTANT WARNING: Sequences ZM00023AB208740_P001 and ZM00038AB206370_P001 are exactly identical


IMPORTANT WARNING: Sequences ZM00019AB193080_P001 and ZM00037AB205150_P001 are exactly identical


IMPORTANT WARNING: Sequences ZM00019AB193080_P001 and ZM00032AB210100_P001 are exactly identical


IMPORTANT WARNING: Sequences ZM00019AB193080_P001 and ZM00028AB208880_P001 are exactly identical


IMPORTANT WARNING: Sequences ZM00019AB193080_P001 and ZM00027AB206760_P001 are exactly identical


IMPORTANT WARNING: Sequences ZM00019AB193080_P001 and ZM00031AB211080_P001 are exactly identical


IMPORTANT WARNING: Sequences ZM00019AB193080_P001 and ZM00024AB206380_P001 are exactly identical


IMPORTANT WARNING: Sequences ZM00019AB193080_P001 and ZM00025AB210930_P001 are exactly identical


IMPORTANT WARNING: Sequences ZM00019AB193080_P001 and ZM00022AB205810_P001 are exactly identical


IMPORTANT WARNING: Sequences ZM00019AB193080_P001 and ZM00033AB215400_P001 are exactly identical


IMPORTANT WARNING: Sequences ZM00019AB193080_P001 and ZM00029AB210260_P001 are exactly identical


IMPORTANT WARNING: Sequences ZM00019AB193080_P001 and ZM00039AB207570_P001 are exactly identical


IMPORTANT WARNING: Sequences ZM00019AB193080_P001 and ZM00034AB215240_P001 are exactly identical


IMPORTANT WARNING: Sequences ZM00019AB193080_P001 and ZM00036AB208540_P001 are exactly identical


IMPORTANT WARNING: Sequences ZM00019AB193080_P001 and ZM00021AB205990_P001 are exactly identical


IMPORTANT WARNING: Sequences ZM00019AB193080_P001 and ZM00041AB211720_P001 are exactly identical


IMPORTANT WARNING: Sequences ZM00019AB193080_P001 and ZM00042AB211500_P001 are exactly identical


IMPORTANT WARNING: Sequences ZM00019AB193080_P001 and ZM00035AB209700_P001 are exactly identical

IMPORTANT WARNING
Found 18 sequences that are exactly identical to other sequences in the alignment.
Normally they should be excluded from the analysis.

Just in case you might need it, an alignment file with 
sequence duplicates removed is printed to file ../../RAxML_tree_pbNB-ARC/Clade_Refinement_1/Int5763_50_64_L_26.afa.reduced


This is RAxML version 8.2.12 released by Alexandros Stamatakis on May 2018.

With greatly appreciated code contributions by:
Andre Aberer      (HITS)
Simon Berger      (HITS)
Alexey Kozlov     (HITS)
Kassian Kobert    (HITS)
David Dao         (KIT and HITS)
Sarah Lutteropp   (KIT and HITS)
Nick Pattengale   (Sandia)
Wayne Pfeiffer    (SDSC)
Akifumi S. Tanabe (NRIFS)
Charlie Taylor    (UF)


Alignment has 44 distinct alignment patterns

Proportion of gaps and completely undetermined characters in this alignment: 0.04%

RAxML rapid bootstrapping and subsequent ML search

Using 1 distinct models/data partitions with joint branch length optimization



Executing 100 rapid bootstrap inferences and thereafter a thorough ML search 

All free model parameters will be estimated by RAxML
ML estimate of 25 per site rate categories

Likelihood of final tree will be evaluated and optimized under GAMMA

GAMMA Model parameters will be estimated up to an accuracy of 0.1000000000 Log Likelihood units

Partition: 0
Alignment Patterns: 44
Name: No Name Provided
DataType: AA
Substitution Matrix: JTT
Using fixed base frequencies




RAxML was called as follows:

/Users/prigozhin/Installers/standard-RAxML/raxmlHPC-PTHREADS-AVX -T 2 -n Int5763_50_64_L_26.Raxml.out -f a -x 12345 -p 12345 -# 100 -m PROTCATJTT -s ../../RAxML_tree_pbNB-ARC/Clade_Refinement_1/Int5763_50_64_L_26.afa 



Time for BS model parameter optimization 0.058548
Bootstrap[0]: Time 0.391492 seconds, bootstrap likelihood -2973.549966, best rearrangement setting 13
Bootstrap[1]: Time 0.261285 seconds, bootstrap likelihood -3025.553316, best rearrangement setting 13
Bootstrap[2]: Time 0.241999 seconds, bootstrap likelihood -3018.000688, best rearrangement setting 12
Bootstrap[3]: Time 0.299395 seconds, bootstrap likelihood -2980.240371, best rearrangement setting 15
Bootstrap[4]: Time 0.260543 seconds, bootstrap likelihood -2986.885086, best rearrangement setting 10
Bootstrap[5]: Time 0.231108 seconds, bootstrap likelihood -3006.463191, best rearrangement setting 10
Bootstrap[6]: Time 0.160721 seconds, bootstrap likelihood -3045.474262, best rearrangement setting 6
Bootstrap[7]: Time 0.273785 seconds, bootstrap likelihood -2976.245766, best rearrangement setting 14
Bootstrap[8]: Time 0.143009 seconds, bootstrap likelihood -3004.758617, best rearrangement setting 5
Bootstrap[9]: Time 0.187969 seconds, bootstrap likelihood -3093.947343, best rearrangement setting 7
Bootstrap[10]: Time 0.164964 seconds, bootstrap likelihood -2985.858322, best rearrangement setting 7
Bootstrap[11]: Time 0.147829 seconds, bootstrap likelihood -2960.245134, best rearrangement setting 5
Bootstrap[12]: Time 0.192594 seconds, bootstrap likelihood -2960.937503, best rearrangement setting 8
Bootstrap[13]: Time 0.169813 seconds, bootstrap likelihood -2981.211475, best rearrangement setting 7
Bootstrap[14]: Time 0.252071 seconds, bootstrap likelihood -2973.303600, best rearrangement setting 12
Bootstrap[15]: Time 0.264994 seconds, bootstrap likelihood -3021.552517, best rearrangement setting 15
Bootstrap[16]: Time 0.283109 seconds, bootstrap likelihood -3011.775582, best rearrangement setting 12
Bootstrap[17]: Time 0.287699 seconds, bootstrap likelihood -2988.272738, best rearrangement setting 12
Bootstrap[18]: Time 0.135467 seconds, bootstrap likelihood -2985.275718, best rearrangement setting 5
Bootstrap[19]: Time 0.191806 seconds, bootstrap likelihood -3020.320718, best rearrangement setting 8
Bootstrap[20]: Time 0.221270 seconds, bootstrap likelihood -2997.280948, best rearrangement setting 10
Bootstrap[21]: Time 0.155287 seconds, bootstrap likelihood -3002.810201, best rearrangement setting 6
Bootstrap[22]: Time 0.164822 seconds, bootstrap likelihood -2988.295475, best rearrangement setting 5
Bootstrap[23]: Time 0.239087 seconds, bootstrap likelihood -3032.734490, best rearrangement setting 7
Bootstrap[24]: Time 0.201905 seconds, bootstrap likelihood -2991.977836, best rearrangement setting 8
Bootstrap[25]: Time 0.180694 seconds, bootstrap likelihood -2989.299357, best rearrangement setting 6
Bootstrap[26]: Time 0.293077 seconds, bootstrap likelihood -2936.838474, best rearrangement setting 12
Bootstrap[27]: Time 0.234554 seconds, bootstrap likelihood -3033.625170, best rearrangement setting 10
Bootstrap[28]: Time 0.226685 seconds, bootstrap likelihood -3011.630994, best rearrangement setting 11
Bootstrap[29]: Time 0.282144 seconds, bootstrap likelihood -3002.349810, best rearrangement setting 12
Bootstrap[30]: Time 0.264425 seconds, bootstrap likelihood -3057.019086, best rearrangement setting 15
Bootstrap[31]: Time 0.288411 seconds, bootstrap likelihood -2969.934856, best rearrangement setting 15
Bootstrap[32]: Time 0.166478 seconds, bootstrap likelihood -3026.588338, best rearrangement setting 6
Bootstrap[33]: Time 0.268267 seconds, bootstrap likelihood -3004.734911, best rearrangement setting 15
Bootstrap[34]: Time 0.253872 seconds, bootstrap likelihood -3005.531047, best rearrangement setting 11
Bootstrap[35]: Time 0.197935 seconds, bootstrap likelihood -2984.848895, best rearrangement setting 8
Bootstrap[36]: Time 0.249478 seconds, bootstrap likelihood -2993.730036, best rearrangement setting 9
Bootstrap[37]: Time 0.237226 seconds, bootstrap likelihood -2993.016325, best rearrangement setting 11
Bootstrap[38]: Time 0.193637 seconds, bootstrap likelihood -2985.863146, best rearrangement setting 8
Bootstrap[39]: Time 0.246476 seconds, bootstrap likelihood -2982.943494, best rearrangement setting 13
Bootstrap[40]: Time 0.312966 seconds, bootstrap likelihood -3020.559906, best rearrangement setting 13
Bootstrap[41]: Time 0.218449 seconds, bootstrap likelihood -2974.636151, best rearrangement setting 10
Bootstrap[42]: Time 0.148366 seconds, bootstrap likelihood -3007.810124, best rearrangement setting 5
Bootstrap[43]: Time 0.266097 seconds, bootstrap likelihood -2989.348046, best rearrangement setting 14
Bootstrap[44]: Time 0.223883 seconds, bootstrap likelihood -3023.021942, best rearrangement setting 10
Bootstrap[45]: Time 0.315173 seconds, bootstrap likelihood -2997.465674, best rearrangement setting 15
Bootstrap[46]: Time 0.253410 seconds, bootstrap likelihood -2982.641226, best rearrangement setting 14
Bootstrap[47]: Time 0.220636 seconds, bootstrap likelihood -2968.730039, best rearrangement setting 8
Bootstrap[48]: Time 0.172841 seconds, bootstrap likelihood -2977.548478, best rearrangement setting 6
Bootstrap[49]: Time 0.208935 seconds, bootstrap likelihood -2993.228714, best rearrangement setting 7
Bootstrap[50]: Time 0.187104 seconds, bootstrap likelihood -2963.298816, best rearrangement setting 7
Bootstrap[51]: Time 0.287616 seconds, bootstrap likelihood -3002.229038, best rearrangement setting 11
Bootstrap[52]: Time 0.259387 seconds, bootstrap likelihood -3034.327778, best rearrangement setting 12
Bootstrap[53]: Time 0.238256 seconds, bootstrap likelihood -2962.285429, best rearrangement setting 8
Bootstrap[54]: Time 0.216012 seconds, bootstrap likelihood -3018.939845, best rearrangement setting 9
Bootstrap[55]: Time 0.253362 seconds, bootstrap likelihood -3013.391461, best rearrangement setting 11
Bootstrap[56]: Time 0.172096 seconds, bootstrap likelihood -3022.566034, best rearrangement setting 5
Bootstrap[57]: Time 0.193837 seconds, bootstrap likelihood -2990.390007, best rearrangement setting 7
Bootstrap[58]: Time 0.289061 seconds, bootstrap likelihood -2975.000552, best rearrangement setting 10
Bootstrap[59]: Time 0.204763 seconds, bootstrap likelihood -2952.884923, best rearrangement setting 9
Bootstrap[60]: Time 0.186571 seconds, bootstrap likelihood -2970.096487, best rearrangement setting 7
Bootstrap[61]: Time 0.133168 seconds, bootstrap likelihood -2981.000772, best rearrangement setting 5
Bootstrap[62]: Time 0.246904 seconds, bootstrap likelihood -2961.895811, best rearrangement setting 11
Bootstrap[63]: Time 0.253752 seconds, bootstrap likelihood -2957.962681, best rearrangement setting 12
Bootstrap[64]: Time 0.202976 seconds, bootstrap likelihood -3021.329225, best rearrangement setting 7
Bootstrap[65]: Time 0.160749 seconds, bootstrap likelihood -2974.383503, best rearrangement setting 5
Bootstrap[66]: Time 0.143020 seconds, bootstrap likelihood -2995.509519, best rearrangement setting 5
Bootstrap[67]: Time 0.356659 seconds, bootstrap likelihood -2994.216997, best rearrangement setting 15
Bootstrap[68]: Time 0.256630 seconds, bootstrap likelihood -3048.836879, best rearrangement setting 11
Bootstrap[69]: Time 0.138511 seconds, bootstrap likelihood -2987.381070, best rearrangement setting 5
Bootstrap[70]: Time 0.193285 seconds, bootstrap likelihood -2987.050256, best rearrangement setting 8
Bootstrap[71]: Time 0.207942 seconds, bootstrap likelihood -3004.823546, best rearrangement setting 10
Bootstrap[72]: Time 0.303371 seconds, bootstrap likelihood -2966.623746, best rearrangement setting 11
Bootstrap[73]: Time 0.235169 seconds, bootstrap likelihood -2982.215087, best rearrangement setting 9
Bootstrap[74]: Time 0.143933 seconds, bootstrap likelihood -2991.284275, best rearrangement setting 5
Bootstrap[75]: Time 0.200882 seconds, bootstrap likelihood -2982.643657, best rearrangement setting 8
Bootstrap[76]: Time 0.242334 seconds, bootstrap likelihood -2993.464920, best rearrangement setting 9
Bootstrap[77]: Time 0.248871 seconds, bootstrap likelihood -2977.358210, best rearrangement setting 11
Bootstrap[78]: Time 0.306381 seconds, bootstrap likelihood -3003.392995, best rearrangement setting 15
Bootstrap[79]: Time 0.225411 seconds, bootstrap likelihood -2990.789814, best rearrangement setting 9
Bootstrap[80]: Time 0.306379 seconds, bootstrap likelihood -2944.320333, best rearrangement setting 15
Bootstrap[81]: Time 0.192368 seconds, bootstrap likelihood -3038.216367, best rearrangement setting 7
Bootstrap[82]: Time 0.161058 seconds, bootstrap likelihood -3005.216667, best rearrangement setting 6
Bootstrap[83]: Time 0.275434 seconds, bootstrap likelihood -3014.488656, best rearrangement setting 10
Bootstrap[84]: Time 0.278617 seconds, bootstrap likelihood -3006.669215, best rearrangement setting 11
Bootstrap[85]: Time 0.216797 seconds, bootstrap likelihood -3022.776708, best rearrangement setting 8
Bootstrap[86]: Time 0.189926 seconds, bootstrap likelihood -2992.292993, best rearrangement setting 7
Bootstrap[87]: Time 0.189542 seconds, bootstrap likelihood -2984.785421, best rearrangement setting 7
Bootstrap[88]: Time 0.238582 seconds, bootstrap likelihood -2971.871212, best rearrangement setting 12
Bootstrap[89]: Time 0.223412 seconds, bootstrap likelihood -3025.725839, best rearrangement setting 10
Bootstrap[90]: Time 0.275412 seconds, bootstrap likelihood -3022.519868, best rearrangement setting 8
Bootstrap[91]: Time 0.241809 seconds, bootstrap likelihood -3046.704111, best rearrangement setting 12
Bootstrap[92]: Time 0.307635 seconds, bootstrap likelihood -2997.475427, best rearrangement setting 13
Bootstrap[93]: Time 0.271938 seconds, bootstrap likelihood -3032.217580, best rearrangement setting 15
Bootstrap[94]: Time 0.143341 seconds, bootstrap likelihood -2994.138551, best rearrangement setting 5
Bootstrap[95]: Time 0.144270 seconds, bootstrap likelihood -3010.447874, best rearrangement setting 5
Bootstrap[96]: Time 0.263335 seconds, bootstrap likelihood -3006.855545, best rearrangement setting 13
Bootstrap[97]: Time 0.243442 seconds, bootstrap likelihood -3024.128717, best rearrangement setting 11
Bootstrap[98]: Time 0.169936 seconds, bootstrap likelihood -3008.034541, best rearrangement setting 6
Bootstrap[99]: Time 0.282789 seconds, bootstrap likelihood -3013.369781, best rearrangement setting 14


Overall Time for 100 Rapid Bootstraps 22.773171 seconds
Average Time per Rapid Bootstrap 0.227732 seconds

Starting ML Search ...

Fast ML optimization finished

Fast ML search Time: 9.144150 seconds

Slow ML Search 0 Likelihood: -3082.350659
Slow ML Search 1 Likelihood: -3082.350659
Slow ML Search 2 Likelihood: -3082.350660
Slow ML Search 3 Likelihood: -3082.350660
Slow ML Search 4 Likelihood: -3082.350660
Slow ML Search 5 Likelihood: -3082.350660
Slow ML Search 6 Likelihood: -3082.350660
Slow ML Search 7 Likelihood: -3082.350660
Slow ML Search 8 Likelihood: -3082.350661
Slow ML Search 9 Likelihood: -3082.350661
Slow ML optimization finished

Slow ML search Time: 5.232398 seconds
Thorough ML search Time: 0.388998 seconds

Final ML Optimization Likelihood: -3082.350659

Model Information:

Model Parameters of Partition 0, Name: No Name Provided, Type of Data: AA
alpha: 2.395071
Tree-Length: 0.018105
rate A <-> R: 0.603538
rate A <-> N: 0.561915
rate A <-> D: 0.842872
rate A <-> C: 0.582726
rate A <-> Q: 0.593132
rate A <-> E: 1.092612
rate A <-> G: 1.862643
rate A <-> H: 0.280957
rate A <-> I: 0.374610
rate A <-> L: 0.312175
rate A <-> K: 0.364204
rate A <-> M: 0.561915
rate A <-> F: 0.156087
rate A <-> P: 2.018730
rate A <-> S: 3.933403
rate A <-> T: 4.942768
rate A <-> W: 0.093652
rate A <-> Y: 0.114464
rate A <-> V: 3.100937
rate R <-> N: 0.468262
rate R <-> D: 0.166493
rate R <-> C: 1.175858
rate R <-> Q: 3.225806
rate R <-> E: 0.301769
rate R <-> G: 1.425598
rate R <-> H: 3.413111
rate R <-> I: 0.228928
rate R <-> L: 0.395421
rate R <-> K: 6.722164
rate R <-> M: 0.457856
rate R <-> F: 0.052029
rate R <-> P: 0.770031
rate R <-> S: 1.050989
rate R <-> T: 0.665973
rate R <-> W: 1.311134
rate R <-> Y: 0.208117
rate R <-> V: 0.176899
rate N <-> D: 5.494277
rate N <-> C: 0.353798
rate N <-> Q: 0.894901
rate N <-> E: 0.603538
rate N <-> G: 0.842872
rate N <-> H: 4.068678
rate N <-> I: 0.489074
rate N <-> L: 0.124870
rate N <-> K: 2.736733
rate N <-> M: 0.312175
rate N <-> F: 0.104058
rate N <-> P: 0.156087
rate N <-> S: 5.234131
rate N <-> T: 2.414152
rate N <-> W: 0.083247
rate N <-> Y: 0.728408
rate N <-> V: 0.166493
rate D <-> C: 0.104058
rate D <-> Q: 0.509886
rate D <-> E: 7.981270
rate D <-> G: 1.352758
rate D <-> H: 1.165453
rate D <-> I: 0.114464
rate D <-> L: 0.072841
rate D <-> K: 0.270552
rate D <-> M: 0.156087
rate D <-> F: 0.041623
rate D <-> P: 0.156087
rate D <-> S: 0.613944
rate D <-> T: 0.395421
rate D <-> W: 0.041623
rate D <-> Y: 0.478668
rate D <-> V: 0.322581
rate C <-> Q: 0.093652
rate C <-> E: 0.052029
rate C <-> G: 0.613944
rate C <-> H: 0.718002
rate C <-> I: 0.176899
rate C <-> L: 0.239334
rate C <-> K: 0.072841
rate C <-> M: 0.322581
rate C <-> F: 0.811655
rate C <-> P: 0.145682
rate C <-> S: 2.320499
rate C <-> T: 0.437045
rate C <-> W: 1.196670
rate C <-> Y: 2.174818
rate C <-> V: 0.645161
rate Q <-> E: 3.361082
rate Q <-> G: 0.270552
rate Q <-> H: 6.212279
rate Q <-> I: 0.093652
rate Q <-> L: 0.749220
rate Q <-> K: 3.038502
rate Q <-> M: 0.447451
rate Q <-> F: 0.041623
rate Q <-> P: 1.706556
rate Q <-> S: 0.551509
rate Q <-> T: 0.530697
rate Q <-> W: 0.187305
rate Q <-> Y: 0.249740
rate Q <-> V: 0.208117
rate E <-> G: 1.238293
rate E <-> H: 0.270552
rate E <-> I: 0.124870
rate E <-> L: 0.093652
rate E <-> K: 1.883455
rate E <-> M: 0.187305
rate E <-> F: 0.052029
rate E <-> P: 0.187305
rate E <-> S: 0.312175
rate E <-> T: 0.332986
rate E <-> W: 0.104058
rate E <-> Y: 0.072841
rate E <-> V: 0.468262
rate G <-> H: 0.239334
rate G <-> I: 0.062435
rate G <-> L: 0.062435
rate G <-> K: 0.280957
rate G <-> M: 0.145682
rate G <-> F: 0.052029
rate G <-> P: 0.249740
rate G <-> S: 2.091571
rate G <-> T: 0.343392
rate G <-> W: 0.572320
rate G <-> Y: 0.083247
rate G <-> V: 0.489074
rate H <-> I: 0.166493
rate H <-> L: 0.582726
rate H <-> K: 0.468262
rate H <-> M: 0.343392
rate H <-> F: 0.416233
rate H <-> P: 1.196670
rate H <-> S: 0.759625
rate H <-> T: 0.478668
rate H <-> W: 0.083247
rate H <-> Y: 5.962539
rate H <-> V: 0.114464
rate I <-> L: 2.382934
rate I <-> K: 0.218522
rate I <-> M: 4.984391
rate I <-> F: 0.926119
rate I <-> P: 0.104058
rate I <-> S: 0.416233
rate I <-> T: 2.549428
rate I <-> W: 0.093652
rate I <-> Y: 0.332986
rate I <-> V: 10.000000
rate L <-> K: 0.145682
rate L <-> M: 4.037461
rate L <-> F: 2.580645
rate L <-> P: 1.061394
rate L <-> S: 0.613944
rate L <-> T: 0.260146
rate L <-> W: 0.541103
rate L <-> Y: 0.249740
rate L <-> V: 1.873049
rate K <-> M: 0.676379
rate K <-> F: 0.041623
rate K <-> P: 0.218522
rate K <-> S: 0.489074
rate K <-> T: 1.071800
rate K <-> W: 0.104058
rate K <-> Y: 0.083247
rate K <-> V: 0.145682
rate M <-> F: 0.447451
rate M <-> P: 0.166493
rate M <-> S: 0.301769
rate M <-> T: 2.351717
rate M <-> W: 0.249740
rate M <-> Y: 0.187305
rate M <-> V: 3.361082
rate F <-> P: 0.176899
rate F <-> S: 0.957336
rate F <-> T: 0.124870
rate F <-> W: 0.551509
rate F <-> Y: 5.577523
rate F <-> V: 0.645161
rate P <-> S: 2.965661
rate P <-> T: 1.227888
rate P <-> W: 0.062435
rate P <-> Y: 0.104058
rate P <-> V: 0.239334
rate S <-> T: 4.963580
rate S <-> W: 0.364204
rate S <-> Y: 0.655567
rate S <-> V: 0.395421
rate T <-> W: 0.124870
rate T <-> Y: 0.218522
rate T <-> V: 1.165453
rate W <-> Y: 0.738814
rate W <-> V: 0.260146
rate Y <-> V: 0.166493

freq pi(A): 0.076748
freq pi(R): 0.051691
freq pi(N): 0.042645
freq pi(D): 0.051544
freq pi(C): 0.019803
freq pi(Q): 0.040752
freq pi(E): 0.061830
freq pi(G): 0.073152
freq pi(H): 0.022944
freq pi(I): 0.053761
freq pi(L): 0.091904
freq pi(K): 0.058676
freq pi(M): 0.023826
freq pi(F): 0.040126
freq pi(P): 0.050901
freq pi(S): 0.068765
freq pi(T): 0.058565
freq pi(W): 0.014261
freq pi(Y): 0.032102
freq pi(V): 0.066004


ML search took 14.793573 secs or 0.004109 hours

Combined Bootstrap and ML search took 37.566963 secs or 0.010435 hours

Drawing Bootstrap Support Values on best-scoring ML tree ...



Found 1 tree in File /Users/prigozhin/Dropbox/NLRomes/Maize_NLRome/RAxML_tree_pbNB-ARC/Clade_Refinement_1/RAxML_bestTree.Int5763_50_64_L_26.Raxml.out



Found 1 tree in File /Users/prigozhin/Dropbox/NLRomes/Maize_NLRome/RAxML_tree_pbNB-ARC/Clade_Refinement_1/RAxML_bestTree.Int5763_50_64_L_26.Raxml.out

Program execution info written to /Users/prigozhin/Dropbox/NLRomes/Maize_NLRome/RAxML_tree_pbNB-ARC/Clade_Refinement_1/RAxML_info.Int5763_50_64_L_26.Raxml.out
All 100 bootstrapped trees written to: /Users/prigozhin/Dropbox/NLRomes/Maize_NLRome/RAxML_tree_pbNB-ARC/Clade_Refinement_1/RAxML_bootstrap.Int5763_50_64_L_26.Raxml.out

Best-scoring ML tree written to: /Users/prigozhin/Dropbox/NLRomes/Maize_NLRome/RAxML_tree_pbNB-ARC/Clade_Refinement_1/RAxML_bestTree.Int5763_50_64_L_26.Raxml.out

Best-scoring ML tree with support values written to: /Users/prigozhin/Dropbox/NLRomes/Maize_NLRome/RAxML_tree_pbNB-ARC/Clade_Refinement_1/RAxML_bipartitions.Int5763_50_64_L_26.Raxml.out

Best-scoring ML tree with support values as branch labels written to: /Users/prigozhin/Dropbox/NLRomes/Maize_NLRome/RAxML_tree_pbNB-ARC/Clade_Refinement_1/RAxML_bipartitionsBranchLabels.Int5763_50_64_L_26.Raxml.out

Overall execution time for full ML analysis: 37.574114 secs or 0.010437 hours or 0.000435 days

