(ZM00025AB065710_P001,(ZM00028AB064740_P001,(ZM00026AB064130_P001,((ZM00018AB066170_P001,ZM00018AB066180_P001),(ZM00039AB064420_P001,ZM00023AB066000_P001)))),ZM00025AB065700_P001);
(ZM00025AB065710_P001,(ZM00028AB064740_P001,(ZM00026AB064130_P001,((ZM00018AB066170_P001,ZM00018AB066180_P001),(ZM00039AB064420_P001,ZM00023AB066000_P001)))),ZM00025AB065700_P001);
(ZM00025AB065710_P001,(ZM00028AB064740_P001,(ZM00026AB064130_P001,((ZM00018AB066170_P001,ZM00018AB066180_P001),(ZM00039AB064420_P001,ZM00023AB066000_P001)))),ZM00025AB065700_P001);
(ZM00025AB065710_P001,(ZM00028AB064740_P001,(ZM00026AB064130_P001,((ZM00018AB066170_P001,ZM00018AB066180_P001),(ZM00039AB064420_P001,ZM00023AB066000_P001)))),ZM00025AB065700_P001);
(ZM00025AB065710_P001,(ZM00028AB064740_P001,(ZM00026AB064130_P001,((ZM00018AB066170_P001,ZM00018AB066180_P001),(ZM00039AB064420_P001,ZM00023AB066000_P001)))),ZM00025AB065700_P001);
(ZM00025AB065710_P001,(ZM00028AB064740_P001,(ZM00026AB064130_P001,((ZM00018AB066170_P001,ZM00018AB066180_P001),(ZM00039AB064420_P001,ZM00023AB066000_P001)))),ZM00025AB065700_P001);
(((ZM00018AB066170_P001,ZM00018AB066180_P001),(ZM00026AB064130_P001,(ZM00039AB064420_P001,ZM00023AB066000_P001))),(ZM00025AB065710_P001,ZM00028AB064740_P001),ZM00025AB065700_P001);
(((ZM00018AB066170_P001,ZM00018AB066180_P001),(ZM00026AB064130_P001,(ZM00039AB064420_P001,ZM00023AB066000_P001))),(ZM00025AB065710_P001,ZM00028AB064740_P001),ZM00025AB065700_P001);
(ZM00025AB065710_P001,(ZM00028AB064740_P001,((ZM00026AB064130_P001,(ZM00039AB064420_P001,ZM00023AB066000_P001)),(ZM00018AB066170_P001,ZM00018AB066180_P001))),ZM00025AB065700_P001);
(ZM00025AB065710_P001,(ZM00028AB064740_P001,((ZM00026AB064130_P001,(ZM00039AB064420_P001,ZM00023AB066000_P001)),(ZM00018AB066170_P001,ZM00018AB066180_P001))),ZM00025AB065700_P001);
(ZM00025AB065710_P001,(ZM00028AB064740_P001,(ZM00023AB066000_P001,((ZM00018AB066180_P001,ZM00018AB066170_P001),(ZM00039AB064420_P001,ZM00026AB064130_P001)))),ZM00025AB065700_P001);
(ZM00025AB065710_P001,(ZM00028AB064740_P001,(ZM00023AB066000_P001,((ZM00018AB066180_P001,ZM00018AB066170_P001),(ZM00039AB064420_P001,ZM00026AB064130_P001)))),ZM00025AB065700_P001);
(ZM00025AB065710_P001,(ZM00028AB064740_P001,(ZM00023AB066000_P001,((ZM00018AB066180_P001,ZM00018AB066170_P001),(ZM00039AB064420_P001,ZM00026AB064130_P001)))),ZM00025AB065700_P001);
(ZM00025AB065710_P001,(ZM00028AB064740_P001,(ZM00023AB066000_P001,((ZM00018AB066180_P001,ZM00018AB066170_P001),(ZM00039AB064420_P001,ZM00026AB064130_P001)))),ZM00025AB065700_P001);
(ZM00025AB065710_P001,(ZM00028AB064740_P001,(ZM00023AB066000_P001,((ZM00018AB066180_P001,ZM00018AB066170_P001),(ZM00039AB064420_P001,ZM00026AB064130_P001)))),ZM00025AB065700_P001);
(ZM00025AB065710_P001,(ZM00028AB064740_P001,(ZM00023AB066000_P001,((ZM00018AB066180_P001,ZM00018AB066170_P001),(ZM00039AB064420_P001,ZM00026AB064130_P001)))),ZM00025AB065700_P001);
(ZM00025AB065710_P001,(ZM00028AB064740_P001,(ZM00023AB066000_P001,((ZM00018AB066180_P001,ZM00018AB066170_P001),(ZM00039AB064420_P001,ZM00026AB064130_P001)))),ZM00025AB065700_P001);
(ZM00025AB065710_P001,(ZM00028AB064740_P001,(ZM00023AB066000_P001,((ZM00018AB066180_P001,ZM00018AB066170_P001),(ZM00039AB064420_P001,ZM00026AB064130_P001)))),ZM00025AB065700_P001);
(ZM00025AB065710_P001,(ZM00028AB064740_P001,(ZM00023AB066000_P001,((ZM00018AB066180_P001,ZM00018AB066170_P001),(ZM00039AB064420_P001,ZM00026AB064130_P001)))),ZM00025AB065700_P001);
(ZM00025AB065710_P001,(ZM00028AB064740_P001,(ZM00023AB066000_P001,((ZM00018AB066180_P001,ZM00018AB066170_P001),(ZM00039AB064420_P001,ZM00026AB064130_P001)))),ZM00025AB065700_P001);
(ZM00025AB065710_P001,(ZM00028AB064740_P001,(ZM00023AB066000_P001,(ZM00026AB064130_P001,(ZM00039AB064420_P001,(ZM00018AB066180_P001,ZM00018AB066170_P001))))),ZM00025AB065700_P001);
(((ZM00026AB064130_P001,((ZM00039AB064420_P001,ZM00018AB066180_P001),ZM00023AB066000_P001)),ZM00018AB066170_P001),(ZM00025AB065710_P001,ZM00028AB064740_P001),ZM00025AB065700_P001);
((ZM00028AB064740_P001,(((ZM00018AB066180_P001,(ZM00023AB066000_P001,ZM00026AB064130_P001)),ZM00039AB064420_P001),ZM00018AB066170_P001)),ZM00025AB065710_P001,ZM00025AB065700_P001);
((ZM00028AB064740_P001,((ZM00039AB064420_P001,(ZM00023AB066000_P001,ZM00026AB064130_P001)),(ZM00018AB066170_P001,ZM00018AB066180_P001))),ZM00025AB065710_P001,ZM00025AB065700_P001);
((ZM00028AB064740_P001,((ZM00039AB064420_P001,(ZM00023AB066000_P001,ZM00026AB064130_P001)),(ZM00018AB066170_P001,ZM00018AB066180_P001))),ZM00025AB065710_P001,ZM00025AB065700_P001);
((ZM00028AB064740_P001,((ZM00039AB064420_P001,(ZM00023AB066000_P001,ZM00026AB064130_P001)),(ZM00018AB066170_P001,ZM00018AB066180_P001))),ZM00025AB065710_P001,ZM00025AB065700_P001);
((ZM00028AB064740_P001,((ZM00039AB064420_P001,(ZM00023AB066000_P001,ZM00026AB064130_P001)),(ZM00018AB066170_P001,ZM00018AB066180_P001))),ZM00025AB065710_P001,ZM00025AB065700_P001);
((ZM00028AB064740_P001,((ZM00039AB064420_P001,(ZM00023AB066000_P001,ZM00026AB064130_P001)),(ZM00018AB066170_P001,ZM00018AB066180_P001))),ZM00025AB065710_P001,ZM00025AB065700_P001);
((ZM00028AB064740_P001,((ZM00039AB064420_P001,(ZM00023AB066000_P001,ZM00026AB064130_P001)),(ZM00018AB066170_P001,ZM00018AB066180_P001))),ZM00025AB065710_P001,ZM00025AB065700_P001);
((ZM00028AB064740_P001,((ZM00039AB064420_P001,(ZM00023AB066000_P001,ZM00026AB064130_P001)),(ZM00018AB066170_P001,ZM00018AB066180_P001))),ZM00025AB065710_P001,ZM00025AB065700_P001);
((ZM00028AB064740_P001,(ZM00026AB064130_P001,(ZM00039AB064420_P001,((ZM00018AB066180_P001,ZM00018AB066170_P001),ZM00023AB066000_P001)))),ZM00025AB065710_P001,ZM00025AB065700_P001);
((ZM00028AB064740_P001,(ZM00026AB064130_P001,(ZM00039AB064420_P001,((ZM00018AB066180_P001,ZM00018AB066170_P001),ZM00023AB066000_P001)))),ZM00025AB065710_P001,ZM00025AB065700_P001);
((ZM00028AB064740_P001,(ZM00026AB064130_P001,(ZM00039AB064420_P001,((ZM00018AB066180_P001,ZM00018AB066170_P001),ZM00023AB066000_P001)))),ZM00025AB065710_P001,ZM00025AB065700_P001);
((ZM00028AB064740_P001,(ZM00026AB064130_P001,(ZM00039AB064420_P001,((ZM00018AB066180_P001,ZM00018AB066170_P001),ZM00023AB066000_P001)))),ZM00025AB065710_P001,ZM00025AB065700_P001);
((ZM00028AB064740_P001,(ZM00026AB064130_P001,(ZM00039AB064420_P001,((ZM00018AB066180_P001,ZM00018AB066170_P001),ZM00023AB066000_P001)))),ZM00025AB065710_P001,ZM00025AB065700_P001);
((ZM00028AB064740_P001,(ZM00026AB064130_P001,(ZM00039AB064420_P001,((ZM00018AB066180_P001,ZM00018AB066170_P001),ZM00023AB066000_P001)))),ZM00025AB065710_P001,ZM00025AB065700_P001);
((ZM00028AB064740_P001,(ZM00026AB064130_P001,(ZM00039AB064420_P001,((ZM00018AB066180_P001,ZM00018AB066170_P001),ZM00023AB066000_P001)))),ZM00025AB065710_P001,ZM00025AB065700_P001);
((ZM00028AB064740_P001,(ZM00026AB064130_P001,(ZM00039AB064420_P001,((ZM00018AB066180_P001,ZM00018AB066170_P001),ZM00023AB066000_P001)))),ZM00025AB065710_P001,ZM00025AB065700_P001);
((ZM00028AB064740_P001,(ZM00026AB064130_P001,(ZM00039AB064420_P001,((ZM00018AB066180_P001,ZM00018AB066170_P001),ZM00023AB066000_P001)))),ZM00025AB065710_P001,ZM00025AB065700_P001);
((ZM00028AB064740_P001,(ZM00026AB064130_P001,(ZM00039AB064420_P001,((ZM00018AB066180_P001,ZM00018AB066170_P001),ZM00023AB066000_P001)))),ZM00025AB065710_P001,ZM00025AB065700_P001);
(ZM00025AB065710_P001,(ZM00028AB064740_P001,(ZM00039AB064420_P001,(ZM00026AB064130_P001,(ZM00023AB066000_P001,(ZM00018AB066180_P001,ZM00018AB066170_P001))))),ZM00025AB065700_P001);
(ZM00025AB065710_P001,(ZM00028AB064740_P001,(ZM00039AB064420_P001,(ZM00026AB064130_P001,(ZM00023AB066000_P001,(ZM00018AB066180_P001,ZM00018AB066170_P001))))),ZM00025AB065700_P001);
(ZM00025AB065710_P001,(ZM00028AB064740_P001,(ZM00039AB064420_P001,(ZM00026AB064130_P001,(ZM00023AB066000_P001,(ZM00018AB066180_P001,ZM00018AB066170_P001))))),ZM00025AB065700_P001);
(ZM00025AB065710_P001,(ZM00028AB064740_P001,(ZM00039AB064420_P001,(ZM00026AB064130_P001,(ZM00023AB066000_P001,(ZM00018AB066180_P001,ZM00018AB066170_P001))))),ZM00025AB065700_P001);
(ZM00025AB065710_P001,(ZM00028AB064740_P001,(ZM00039AB064420_P001,(ZM00026AB064130_P001,(ZM00023AB066000_P001,(ZM00018AB066180_P001,ZM00018AB066170_P001))))),ZM00025AB065700_P001);
(ZM00025AB065710_P001,(ZM00028AB064740_P001,(ZM00039AB064420_P001,(ZM00026AB064130_P001,(ZM00023AB066000_P001,(ZM00018AB066180_P001,ZM00018AB066170_P001))))),ZM00025AB065700_P001);
(ZM00025AB065710_P001,(ZM00028AB064740_P001,(ZM00039AB064420_P001,(ZM00026AB064130_P001,(ZM00023AB066000_P001,(ZM00018AB066180_P001,ZM00018AB066170_P001))))),ZM00025AB065700_P001);
(ZM00025AB065710_P001,(ZM00028AB064740_P001,(ZM00039AB064420_P001,(ZM00026AB064130_P001,(ZM00023AB066000_P001,(ZM00018AB066180_P001,ZM00018AB066170_P001))))),ZM00025AB065700_P001);
(ZM00025AB065710_P001,(ZM00028AB064740_P001,(ZM00039AB064420_P001,(ZM00026AB064130_P001,(ZM00023AB066000_P001,(ZM00018AB066180_P001,ZM00018AB066170_P001))))),ZM00025AB065700_P001);
(ZM00025AB065710_P001,(ZM00028AB064740_P001,(ZM00039AB064420_P001,(ZM00026AB064130_P001,(ZM00023AB066000_P001,(ZM00018AB066180_P001,ZM00018AB066170_P001))))),ZM00025AB065700_P001);
((ZM00028AB064740_P001,(ZM00039AB064420_P001,(ZM00026AB064130_P001,(ZM00023AB066000_P001,(ZM00018AB066170_P001,ZM00018AB066180_P001))))),ZM00025AB065710_P001,ZM00025AB065700_P001);
((ZM00028AB064740_P001,(ZM00039AB064420_P001,(ZM00026AB064130_P001,(ZM00023AB066000_P001,(ZM00018AB066170_P001,ZM00018AB066180_P001))))),ZM00025AB065710_P001,ZM00025AB065700_P001);
((ZM00028AB064740_P001,(ZM00039AB064420_P001,(ZM00026AB064130_P001,(ZM00023AB066000_P001,(ZM00018AB066170_P001,ZM00018AB066180_P001))))),ZM00025AB065710_P001,ZM00025AB065700_P001);
((ZM00028AB064740_P001,(ZM00039AB064420_P001,(ZM00026AB064130_P001,(ZM00023AB066000_P001,(ZM00018AB066170_P001,ZM00018AB066180_P001))))),ZM00025AB065710_P001,ZM00025AB065700_P001);
((ZM00028AB064740_P001,(ZM00039AB064420_P001,(ZM00026AB064130_P001,(ZM00023AB066000_P001,(ZM00018AB066170_P001,ZM00018AB066180_P001))))),ZM00025AB065710_P001,ZM00025AB065700_P001);
((ZM00028AB064740_P001,(ZM00039AB064420_P001,(ZM00026AB064130_P001,(ZM00023AB066000_P001,(ZM00018AB066170_P001,ZM00018AB066180_P001))))),ZM00025AB065710_P001,ZM00025AB065700_P001);
((ZM00028AB064740_P001,(ZM00039AB064420_P001,(ZM00026AB064130_P001,(ZM00023AB066000_P001,(ZM00018AB066170_P001,ZM00018AB066180_P001))))),ZM00025AB065710_P001,ZM00025AB065700_P001);
((ZM00028AB064740_P001,(ZM00039AB064420_P001,(ZM00026AB064130_P001,(ZM00023AB066000_P001,(ZM00018AB066170_P001,ZM00018AB066180_P001))))),ZM00025AB065710_P001,ZM00025AB065700_P001);
((ZM00028AB064740_P001,(ZM00039AB064420_P001,(ZM00026AB064130_P001,(ZM00023AB066000_P001,(ZM00018AB066170_P001,ZM00018AB066180_P001))))),ZM00025AB065710_P001,ZM00025AB065700_P001);
((ZM00028AB064740_P001,(ZM00039AB064420_P001,(ZM00026AB064130_P001,(ZM00023AB066000_P001,(ZM00018AB066170_P001,ZM00018AB066180_P001))))),ZM00025AB065710_P001,ZM00025AB065700_P001);
(ZM00025AB065710_P001,((ZM00026AB064130_P001,((ZM00039AB064420_P001,ZM00023AB066000_P001),(ZM00018AB066180_P001,ZM00018AB066170_P001))),ZM00028AB064740_P001),ZM00025AB065700_P001);
(ZM00025AB065710_P001,((ZM00026AB064130_P001,((ZM00039AB064420_P001,ZM00023AB066000_P001),(ZM00018AB066180_P001,ZM00018AB066170_P001))),ZM00028AB064740_P001),ZM00025AB065700_P001);
(ZM00025AB065710_P001,((ZM00026AB064130_P001,((ZM00039AB064420_P001,ZM00023AB066000_P001),(ZM00018AB066180_P001,ZM00018AB066170_P001))),ZM00028AB064740_P001),ZM00025AB065700_P001);
(ZM00025AB065710_P001,((ZM00026AB064130_P001,((ZM00039AB064420_P001,ZM00023AB066000_P001),(ZM00018AB066180_P001,ZM00018AB066170_P001))),ZM00028AB064740_P001),ZM00025AB065700_P001);
(ZM00025AB065710_P001,((ZM00026AB064130_P001,((ZM00039AB064420_P001,ZM00023AB066000_P001),(ZM00018AB066180_P001,ZM00018AB066170_P001))),ZM00028AB064740_P001),ZM00025AB065700_P001);
(ZM00025AB065710_P001,((ZM00026AB064130_P001,((ZM00039AB064420_P001,ZM00023AB066000_P001),(ZM00018AB066180_P001,ZM00018AB066170_P001))),ZM00028AB064740_P001),ZM00025AB065700_P001);
(ZM00025AB065710_P001,((ZM00026AB064130_P001,((ZM00039AB064420_P001,ZM00023AB066000_P001),(ZM00018AB066180_P001,ZM00018AB066170_P001))),ZM00028AB064740_P001),ZM00025AB065700_P001);
(ZM00025AB065710_P001,((ZM00026AB064130_P001,((ZM00039AB064420_P001,ZM00023AB066000_P001),(ZM00018AB066180_P001,ZM00018AB066170_P001))),ZM00028AB064740_P001),ZM00025AB065700_P001);
(ZM00025AB065710_P001,((ZM00026AB064130_P001,((ZM00039AB064420_P001,ZM00023AB066000_P001),(ZM00018AB066180_P001,ZM00018AB066170_P001))),ZM00028AB064740_P001),ZM00025AB065700_P001);
(ZM00025AB065710_P001,((ZM00026AB064130_P001,((ZM00039AB064420_P001,ZM00023AB066000_P001),(ZM00018AB066180_P001,ZM00018AB066170_P001))),ZM00028AB064740_P001),ZM00025AB065700_P001);
(ZM00025AB065710_P001,(ZM00028AB064740_P001,(ZM00023AB066000_P001,(ZM00026AB064130_P001,(ZM00039AB064420_P001,(ZM00018AB066170_P001,ZM00018AB066180_P001))))),ZM00025AB065700_P001);
(ZM00025AB065710_P001,(ZM00028AB064740_P001,(ZM00023AB066000_P001,(ZM00026AB064130_P001,(ZM00039AB064420_P001,(ZM00018AB066170_P001,ZM00018AB066180_P001))))),ZM00025AB065700_P001);
(ZM00025AB065710_P001,(ZM00028AB064740_P001,(ZM00023AB066000_P001,(ZM00026AB064130_P001,(ZM00039AB064420_P001,(ZM00018AB066170_P001,ZM00018AB066180_P001))))),ZM00025AB065700_P001);
(ZM00025AB065710_P001,(ZM00028AB064740_P001,(ZM00023AB066000_P001,(ZM00026AB064130_P001,(ZM00039AB064420_P001,(ZM00018AB066170_P001,ZM00018AB066180_P001))))),ZM00025AB065700_P001);
(ZM00025AB065710_P001,(ZM00028AB064740_P001,(ZM00023AB066000_P001,(ZM00026AB064130_P001,(ZM00039AB064420_P001,(ZM00018AB066170_P001,ZM00018AB066180_P001))))),ZM00025AB065700_P001);
(ZM00025AB065710_P001,(ZM00028AB064740_P001,(ZM00023AB066000_P001,(ZM00026AB064130_P001,(ZM00039AB064420_P001,(ZM00018AB066170_P001,ZM00018AB066180_P001))))),ZM00025AB065700_P001);
(ZM00025AB065710_P001,(ZM00028AB064740_P001,(ZM00023AB066000_P001,(ZM00026AB064130_P001,(ZM00039AB064420_P001,(ZM00018AB066170_P001,ZM00018AB066180_P001))))),ZM00025AB065700_P001);
(ZM00025AB065710_P001,(ZM00028AB064740_P001,(ZM00023AB066000_P001,(ZM00026AB064130_P001,(ZM00039AB064420_P001,(ZM00018AB066170_P001,ZM00018AB066180_P001))))),ZM00025AB065700_P001);
(ZM00025AB065710_P001,(ZM00028AB064740_P001,(ZM00023AB066000_P001,(ZM00026AB064130_P001,(ZM00039AB064420_P001,(ZM00018AB066170_P001,ZM00018AB066180_P001))))),ZM00025AB065700_P001);
(ZM00025AB065710_P001,(ZM00028AB064740_P001,(ZM00023AB066000_P001,(ZM00026AB064130_P001,(ZM00039AB064420_P001,(ZM00018AB066170_P001,ZM00018AB066180_P001))))),ZM00025AB065700_P001);
(ZM00025AB065710_P001,(ZM00028AB064740_P001,(ZM00026AB064130_P001,((ZM00018AB066180_P001,ZM00018AB066170_P001),(ZM00023AB066000_P001,ZM00039AB064420_P001)))),ZM00025AB065700_P001);
(ZM00025AB065710_P001,(ZM00028AB064740_P001,(ZM00026AB064130_P001,((ZM00018AB066180_P001,ZM00018AB066170_P001),(ZM00023AB066000_P001,ZM00039AB064420_P001)))),ZM00025AB065700_P001);
(ZM00025AB065710_P001,(ZM00028AB064740_P001,(ZM00026AB064130_P001,((ZM00018AB066180_P001,ZM00018AB066170_P001),(ZM00023AB066000_P001,ZM00039AB064420_P001)))),ZM00025AB065700_P001);
(ZM00025AB065710_P001,(ZM00028AB064740_P001,(ZM00026AB064130_P001,((ZM00018AB066180_P001,ZM00018AB066170_P001),(ZM00023AB066000_P001,ZM00039AB064420_P001)))),ZM00025AB065700_P001);
(ZM00025AB065710_P001,(ZM00028AB064740_P001,(ZM00026AB064130_P001,((ZM00018AB066180_P001,ZM00018AB066170_P001),(ZM00023AB066000_P001,ZM00039AB064420_P001)))),ZM00025AB065700_P001);
(ZM00025AB065710_P001,(ZM00028AB064740_P001,(ZM00026AB064130_P001,((ZM00018AB066180_P001,ZM00018AB066170_P001),(ZM00023AB066000_P001,ZM00039AB064420_P001)))),ZM00025AB065700_P001);
(ZM00025AB065710_P001,(ZM00028AB064740_P001,(ZM00026AB064130_P001,((ZM00018AB066180_P001,ZM00018AB066170_P001),(ZM00023AB066000_P001,ZM00039AB064420_P001)))),ZM00025AB065700_P001);
(ZM00025AB065710_P001,(ZM00028AB064740_P001,(ZM00026AB064130_P001,((ZM00018AB066180_P001,ZM00018AB066170_P001),(ZM00023AB066000_P001,ZM00039AB064420_P001)))),ZM00025AB065700_P001);
(ZM00025AB065710_P001,(ZM00028AB064740_P001,(ZM00026AB064130_P001,((ZM00018AB066180_P001,ZM00018AB066170_P001),(ZM00023AB066000_P001,ZM00039AB064420_P001)))),ZM00025AB065700_P001);
(ZM00025AB065710_P001,(ZM00028AB064740_P001,(ZM00026AB064130_P001,((ZM00018AB066180_P001,ZM00018AB066170_P001),(ZM00023AB066000_P001,ZM00039AB064420_P001)))),ZM00025AB065700_P001);
((ZM00028AB064740_P001,(ZM00039AB064420_P001,(ZM00023AB066000_P001,((ZM00018AB066170_P001,ZM00018AB066180_P001),ZM00026AB064130_P001)))),ZM00025AB065710_P001,ZM00025AB065700_P001);
((ZM00028AB064740_P001,(ZM00039AB064420_P001,(ZM00023AB066000_P001,((ZM00018AB066170_P001,ZM00018AB066180_P001),ZM00026AB064130_P001)))),ZM00025AB065710_P001,ZM00025AB065700_P001);
((ZM00028AB064740_P001,(ZM00039AB064420_P001,(ZM00023AB066000_P001,((ZM00018AB066170_P001,ZM00018AB066180_P001),ZM00026AB064130_P001)))),ZM00025AB065710_P001,ZM00025AB065700_P001);
((ZM00028AB064740_P001,(ZM00039AB064420_P001,(ZM00023AB066000_P001,((ZM00018AB066170_P001,ZM00018AB066180_P001),ZM00026AB064130_P001)))),ZM00025AB065710_P001,ZM00025AB065700_P001);
((ZM00028AB064740_P001,(ZM00039AB064420_P001,(ZM00023AB066000_P001,((ZM00018AB066170_P001,ZM00018AB066180_P001),ZM00026AB064130_P001)))),ZM00025AB065710_P001,ZM00025AB065700_P001);
((ZM00028AB064740_P001,(ZM00039AB064420_P001,(ZM00023AB066000_P001,((ZM00018AB066170_P001,ZM00018AB066180_P001),ZM00026AB064130_P001)))),ZM00025AB065710_P001,ZM00025AB065700_P001);
((ZM00028AB064740_P001,(ZM00039AB064420_P001,(ZM00023AB066000_P001,((ZM00018AB066170_P001,ZM00018AB066180_P001),ZM00026AB064130_P001)))),ZM00025AB065710_P001,ZM00025AB065700_P001);
((ZM00028AB064740_P001,(ZM00039AB064420_P001,(ZM00023AB066000_P001,((ZM00018AB066170_P001,ZM00018AB066180_P001),ZM00026AB064130_P001)))),ZM00025AB065710_P001,ZM00025AB065700_P001);
((ZM00028AB064740_P001,(ZM00039AB064420_P001,(ZM00023AB066000_P001,((ZM00018AB066170_P001,ZM00018AB066180_P001),ZM00026AB064130_P001)))),ZM00025AB065710_P001,ZM00025AB065700_P001);
((ZM00028AB064740_P001,(ZM00039AB064420_P001,(ZM00023AB066000_P001,((ZM00018AB066170_P001,ZM00018AB066180_P001),ZM00026AB064130_P001)))),ZM00025AB065710_P001,ZM00025AB065700_P001);
