

IMPORTANT WARNING: Sequences ZM00020AB426160_P001 and ZM00039AB428720_P001 are exactly identical


IMPORTANT WARNING: Sequences ZM00020AB426160_P001 and ZM00032AB438420_P001 are exactly identical


IMPORTANT WARNING: Sequences ZM00020AB426160_P001 and ZM00035AB435870_P001 are exactly identical


IMPORTANT WARNING: Sequences ZM00020AB426160_P001 and ZM00018AB440100_P001 are exactly identical

IMPORTANT WARNING
Found 4 sequences that are exactly identical to other sequences in the alignment.
Normally they should be excluded from the analysis.

Just in case you might need it, an alignment file with 
sequence duplicates removed is printed to file ../../RAxML_tree_pbNB-ARC/Clade_Refinement_1/Int5237_22_29_L_7.afa.reduced


This is RAxML version 8.2.12 released by Alexandros Stamatakis on May 2018.

With greatly appreciated code contributions by:
Andre Aberer      (HITS)
Simon Berger      (HITS)
Alexey Kozlov     (HITS)
Kassian Kobert    (HITS)
David Dao         (KIT and HITS)
Sarah Lutteropp   (KIT and HITS)
Nick Pattengale   (Sandia)
Wayne Pfeiffer    (SDSC)
Akifumi S. Tanabe (NRIFS)
Charlie Taylor    (UF)


Alignment has 41 distinct alignment patterns

Proportion of gaps and completely undetermined characters in this alignment: 2.70%

RAxML rapid bootstrapping and subsequent ML search

Using 1 distinct models/data partitions with joint branch length optimization



Executing 100 rapid bootstrap inferences and thereafter a thorough ML search 

All free model parameters will be estimated by RAxML
ML estimate of 25 per site rate categories

Likelihood of final tree will be evaluated and optimized under GAMMA

GAMMA Model parameters will be estimated up to an accuracy of 0.1000000000 Log Likelihood units

Partition: 0
Alignment Patterns: 41
Name: No Name Provided
DataType: AA
Substitution Matrix: JTT
Using fixed base frequencies




RAxML was called as follows:

/Users/prigozhin/Installers/standard-RAxML/raxmlHPC-PTHREADS-AVX -T 2 -n Int5237_22_29_L_7.Raxml.out -f a -x 12345 -p 12345 -# 100 -m PROTCATJTT -s ../../RAxML_tree_pbNB-ARC/Clade_Refinement_1/Int5237_22_29_L_7.afa 



Time for BS model parameter optimization 0.010662
Bootstrap[0]: Time 0.016162 seconds, bootstrap likelihood -2996.093852, best rearrangement setting 13
Bootstrap[1]: Time 0.004799 seconds, bootstrap likelihood -3009.913414, best rearrangement setting 13
Bootstrap[2]: Time 0.005035 seconds, bootstrap likelihood -2982.530675, best rearrangement setting 12
Bootstrap[3]: Time 0.006167 seconds, bootstrap likelihood -2995.429117, best rearrangement setting 15
Bootstrap[4]: Time 0.004839 seconds, bootstrap likelihood -3030.786871, best rearrangement setting 10
Bootstrap[5]: Time 0.005266 seconds, bootstrap likelihood -2977.900189, best rearrangement setting 10
Bootstrap[6]: Time 0.007307 seconds, bootstrap likelihood -2988.476088, best rearrangement setting 6
Bootstrap[7]: Time 0.005791 seconds, bootstrap likelihood -2984.699762, best rearrangement setting 14
Bootstrap[8]: Time 0.007519 seconds, bootstrap likelihood -3011.713708, best rearrangement setting 5
Bootstrap[9]: Time 0.007324 seconds, bootstrap likelihood -2995.706693, best rearrangement setting 7
Bootstrap[10]: Time 0.007501 seconds, bootstrap likelihood -2984.391449, best rearrangement setting 7
Bootstrap[11]: Time 0.007534 seconds, bootstrap likelihood -2966.922336, best rearrangement setting 5
Bootstrap[12]: Time 0.007703 seconds, bootstrap likelihood -2996.726358, best rearrangement setting 8
Bootstrap[13]: Time 0.007219 seconds, bootstrap likelihood -2974.316863, best rearrangement setting 7
Bootstrap[14]: Time 0.005505 seconds, bootstrap likelihood -2975.762486, best rearrangement setting 12
Bootstrap[15]: Time 0.005892 seconds, bootstrap likelihood -2989.660307, best rearrangement setting 15
Bootstrap[16]: Time 0.005828 seconds, bootstrap likelihood -3001.331831, best rearrangement setting 12
Bootstrap[17]: Time 0.006319 seconds, bootstrap likelihood -2992.535698, best rearrangement setting 12
Bootstrap[18]: Time 0.006225 seconds, bootstrap likelihood -2999.735905, best rearrangement setting 5
Bootstrap[19]: Time 0.004467 seconds, bootstrap likelihood -3003.247394, best rearrangement setting 8
Bootstrap[20]: Time 0.004393 seconds, bootstrap likelihood -2980.896827, best rearrangement setting 10
Bootstrap[21]: Time 0.005812 seconds, bootstrap likelihood -3003.288554, best rearrangement setting 6
Bootstrap[22]: Time 0.007466 seconds, bootstrap likelihood -3001.610883, best rearrangement setting 5
Bootstrap[23]: Time 0.006036 seconds, bootstrap likelihood -2979.611079, best rearrangement setting 7
Bootstrap[24]: Time 0.006169 seconds, bootstrap likelihood -3003.896010, best rearrangement setting 8
Bootstrap[25]: Time 0.006223 seconds, bootstrap likelihood -2996.268751, best rearrangement setting 6
Bootstrap[26]: Time 0.007300 seconds, bootstrap likelihood -2981.491192, best rearrangement setting 12
Bootstrap[27]: Time 0.004985 seconds, bootstrap likelihood -2996.415154, best rearrangement setting 10
Bootstrap[28]: Time 0.005126 seconds, bootstrap likelihood -2975.988604, best rearrangement setting 11
Bootstrap[29]: Time 0.004884 seconds, bootstrap likelihood -3002.876241, best rearrangement setting 12
Bootstrap[30]: Time 0.005037 seconds, bootstrap likelihood -2989.880291, best rearrangement setting 15
Bootstrap[31]: Time 0.005807 seconds, bootstrap likelihood -3004.120759, best rearrangement setting 15
Bootstrap[32]: Time 0.005885 seconds, bootstrap likelihood -2997.471077, best rearrangement setting 6
Bootstrap[33]: Time 0.005238 seconds, bootstrap likelihood -2987.534844, best rearrangement setting 15
Bootstrap[34]: Time 0.005618 seconds, bootstrap likelihood -2984.410543, best rearrangement setting 11
Bootstrap[35]: Time 0.007797 seconds, bootstrap likelihood -3008.352795, best rearrangement setting 8
Bootstrap[36]: Time 0.004656 seconds, bootstrap likelihood -2980.229283, best rearrangement setting 9
Bootstrap[37]: Time 0.004326 seconds, bootstrap likelihood -3001.772211, best rearrangement setting 11
Bootstrap[38]: Time 0.005364 seconds, bootstrap likelihood -3006.917390, best rearrangement setting 8
Bootstrap[39]: Time 0.005477 seconds, bootstrap likelihood -2998.812834, best rearrangement setting 13
Bootstrap[40]: Time 0.005151 seconds, bootstrap likelihood -3011.932069, best rearrangement setting 13
Bootstrap[41]: Time 0.006768 seconds, bootstrap likelihood -2992.018460, best rearrangement setting 10
Bootstrap[42]: Time 0.007408 seconds, bootstrap likelihood -2987.526351, best rearrangement setting 5
Bootstrap[43]: Time 0.004887 seconds, bootstrap likelihood -2993.258930, best rearrangement setting 14
Bootstrap[44]: Time 0.005558 seconds, bootstrap likelihood -3005.357338, best rearrangement setting 10
Bootstrap[45]: Time 0.005334 seconds, bootstrap likelihood -3003.602943, best rearrangement setting 15
Bootstrap[46]: Time 0.005436 seconds, bootstrap likelihood -2975.048987, best rearrangement setting 14
Bootstrap[47]: Time 0.006066 seconds, bootstrap likelihood -2979.336461, best rearrangement setting 8
Bootstrap[48]: Time 0.005024 seconds, bootstrap likelihood -2978.559325, best rearrangement setting 6
Bootstrap[49]: Time 0.004812 seconds, bootstrap likelihood -2979.464896, best rearrangement setting 7
Bootstrap[50]: Time 0.005403 seconds, bootstrap likelihood -3016.208349, best rearrangement setting 7
Bootstrap[51]: Time 0.005729 seconds, bootstrap likelihood -2999.164851, best rearrangement setting 11
Bootstrap[52]: Time 0.005540 seconds, bootstrap likelihood -3020.375031, best rearrangement setting 12
Bootstrap[53]: Time 0.006014 seconds, bootstrap likelihood -2999.642594, best rearrangement setting 8
Bootstrap[54]: Time 0.004743 seconds, bootstrap likelihood -3004.210711, best rearrangement setting 9
Bootstrap[55]: Time 0.006528 seconds, bootstrap likelihood -2972.711478, best rearrangement setting 11
Bootstrap[56]: Time 0.006886 seconds, bootstrap likelihood -2994.623939, best rearrangement setting 5
Bootstrap[57]: Time 0.005146 seconds, bootstrap likelihood -2990.876146, best rearrangement setting 7
Bootstrap[58]: Time 0.004990 seconds, bootstrap likelihood -2980.382912, best rearrangement setting 10
Bootstrap[59]: Time 0.005315 seconds, bootstrap likelihood -2994.630735, best rearrangement setting 9
Bootstrap[60]: Time 0.005499 seconds, bootstrap likelihood -3004.248074, best rearrangement setting 7
Bootstrap[61]: Time 0.005955 seconds, bootstrap likelihood -2990.144070, best rearrangement setting 5
Bootstrap[62]: Time 0.005018 seconds, bootstrap likelihood -2974.723549, best rearrangement setting 11
Bootstrap[63]: Time 0.004611 seconds, bootstrap likelihood -3017.893930, best rearrangement setting 12
Bootstrap[64]: Time 0.004705 seconds, bootstrap likelihood -2983.892496, best rearrangement setting 7
Bootstrap[65]: Time 0.004618 seconds, bootstrap likelihood -2992.799291, best rearrangement setting 5
Bootstrap[66]: Time 0.004635 seconds, bootstrap likelihood -2993.574679, best rearrangement setting 5
Bootstrap[67]: Time 0.005806 seconds, bootstrap likelihood -2992.620815, best rearrangement setting 15
Bootstrap[68]: Time 0.005675 seconds, bootstrap likelihood -3026.004088, best rearrangement setting 11
Bootstrap[69]: Time 0.004598 seconds, bootstrap likelihood -2992.112819, best rearrangement setting 5
Bootstrap[70]: Time 0.004509 seconds, bootstrap likelihood -3002.683332, best rearrangement setting 8
Bootstrap[71]: Time 0.005772 seconds, bootstrap likelihood -3012.257825, best rearrangement setting 10
Bootstrap[72]: Time 0.006160 seconds, bootstrap likelihood -2987.990475, best rearrangement setting 11
Bootstrap[73]: Time 0.005207 seconds, bootstrap likelihood -3000.854350, best rearrangement setting 9
Bootstrap[74]: Time 0.005294 seconds, bootstrap likelihood -3006.381674, best rearrangement setting 5
Bootstrap[75]: Time 0.006407 seconds, bootstrap likelihood -2983.878174, best rearrangement setting 8
Bootstrap[76]: Time 0.006202 seconds, bootstrap likelihood -2989.186310, best rearrangement setting 9
Bootstrap[77]: Time 0.006501 seconds, bootstrap likelihood -3003.322499, best rearrangement setting 11
Bootstrap[78]: Time 0.005731 seconds, bootstrap likelihood -2999.076456, best rearrangement setting 15
Bootstrap[79]: Time 0.004573 seconds, bootstrap likelihood -3004.096034, best rearrangement setting 9
Bootstrap[80]: Time 0.005622 seconds, bootstrap likelihood -3003.922719, best rearrangement setting 15
Bootstrap[81]: Time 0.004663 seconds, bootstrap likelihood -2996.682417, best rearrangement setting 7
Bootstrap[82]: Time 0.005313 seconds, bootstrap likelihood -3004.614931, best rearrangement setting 6
Bootstrap[83]: Time 0.005000 seconds, bootstrap likelihood -2991.841311, best rearrangement setting 10
Bootstrap[84]: Time 0.005560 seconds, bootstrap likelihood -2996.532210, best rearrangement setting 11
Bootstrap[85]: Time 0.006016 seconds, bootstrap likelihood -2995.261831, best rearrangement setting 8
Bootstrap[86]: Time 0.005657 seconds, bootstrap likelihood -3009.974009, best rearrangement setting 7
Bootstrap[87]: Time 0.005027 seconds, bootstrap likelihood -3015.043437, best rearrangement setting 7
Bootstrap[88]: Time 0.005002 seconds, bootstrap likelihood -2982.879868, best rearrangement setting 12
Bootstrap[89]: Time 0.005489 seconds, bootstrap likelihood -2977.500921, best rearrangement setting 10
Bootstrap[90]: Time 0.004910 seconds, bootstrap likelihood -3017.138202, best rearrangement setting 8
Bootstrap[91]: Time 0.006031 seconds, bootstrap likelihood -2988.646695, best rearrangement setting 12
Bootstrap[92]: Time 0.005412 seconds, bootstrap likelihood -2994.392871, best rearrangement setting 13
Bootstrap[93]: Time 0.005777 seconds, bootstrap likelihood -3009.635088, best rearrangement setting 15
Bootstrap[94]: Time 0.007200 seconds, bootstrap likelihood -2982.234651, best rearrangement setting 5
Bootstrap[95]: Time 0.006940 seconds, bootstrap likelihood -3002.362096, best rearrangement setting 5
Bootstrap[96]: Time 0.006491 seconds, bootstrap likelihood -3004.053007, best rearrangement setting 13
Bootstrap[97]: Time 0.006385 seconds, bootstrap likelihood -2989.433611, best rearrangement setting 11
Bootstrap[98]: Time 0.004935 seconds, bootstrap likelihood -2987.026308, best rearrangement setting 6
Bootstrap[99]: Time 0.004595 seconds, bootstrap likelihood -2989.250800, best rearrangement setting 14


Overall Time for 100 Rapid Bootstraps 0.592144 seconds
Average Time per Rapid Bootstrap 0.005921 seconds

Starting ML Search ...

Fast ML optimization finished

Fast ML search Time: 0.208792 seconds

Slow ML Search 0 Likelihood: -3002.695265
Slow ML Search 1 Likelihood: -3002.695265
Slow ML Search 2 Likelihood: -3002.695265
Slow ML Search 3 Likelihood: -3002.695265
Slow ML Search 4 Likelihood: -3002.695265
Slow ML Search 5 Likelihood: -3002.695265
Slow ML Search 6 Likelihood: -3002.695265
Slow ML Search 7 Likelihood: -3002.695265
Slow ML Search 8 Likelihood: -3002.695265
Slow ML Search 9 Likelihood: -3002.695265
Slow ML optimization finished

Slow ML search Time: 0.075230 seconds
Thorough ML search Time: 0.017702 seconds

Final ML Optimization Likelihood: -3002.695265

Model Information:

Model Parameters of Partition 0, Name: No Name Provided, Type of Data: AA
alpha: 2.404209
Tree-Length: 0.000968
rate A <-> R: 0.603538
rate A <-> N: 0.561915
rate A <-> D: 0.842872
rate A <-> C: 0.582726
rate A <-> Q: 0.593132
rate A <-> E: 1.092612
rate A <-> G: 1.862643
rate A <-> H: 0.280957
rate A <-> I: 0.374610
rate A <-> L: 0.312175
rate A <-> K: 0.364204
rate A <-> M: 0.561915
rate A <-> F: 0.156087
rate A <-> P: 2.018730
rate A <-> S: 3.933403
rate A <-> T: 4.942768
rate A <-> W: 0.093652
rate A <-> Y: 0.114464
rate A <-> V: 3.100937
rate R <-> N: 0.468262
rate R <-> D: 0.166493
rate R <-> C: 1.175858
rate R <-> Q: 3.225806
rate R <-> E: 0.301769
rate R <-> G: 1.425598
rate R <-> H: 3.413111
rate R <-> I: 0.228928
rate R <-> L: 0.395421
rate R <-> K: 6.722164
rate R <-> M: 0.457856
rate R <-> F: 0.052029
rate R <-> P: 0.770031
rate R <-> S: 1.050989
rate R <-> T: 0.665973
rate R <-> W: 1.311134
rate R <-> Y: 0.208117
rate R <-> V: 0.176899
rate N <-> D: 5.494277
rate N <-> C: 0.353798
rate N <-> Q: 0.894901
rate N <-> E: 0.603538
rate N <-> G: 0.842872
rate N <-> H: 4.068678
rate N <-> I: 0.489074
rate N <-> L: 0.124870
rate N <-> K: 2.736733
rate N <-> M: 0.312175
rate N <-> F: 0.104058
rate N <-> P: 0.156087
rate N <-> S: 5.234131
rate N <-> T: 2.414152
rate N <-> W: 0.083247
rate N <-> Y: 0.728408
rate N <-> V: 0.166493
rate D <-> C: 0.104058
rate D <-> Q: 0.509886
rate D <-> E: 7.981270
rate D <-> G: 1.352758
rate D <-> H: 1.165453
rate D <-> I: 0.114464
rate D <-> L: 0.072841
rate D <-> K: 0.270552
rate D <-> M: 0.156087
rate D <-> F: 0.041623
rate D <-> P: 0.156087
rate D <-> S: 0.613944
rate D <-> T: 0.395421
rate D <-> W: 0.041623
rate D <-> Y: 0.478668
rate D <-> V: 0.322581
rate C <-> Q: 0.093652
rate C <-> E: 0.052029
rate C <-> G: 0.613944
rate C <-> H: 0.718002
rate C <-> I: 0.176899
rate C <-> L: 0.239334
rate C <-> K: 0.072841
rate C <-> M: 0.322581
rate C <-> F: 0.811655
rate C <-> P: 0.145682
rate C <-> S: 2.320499
rate C <-> T: 0.437045
rate C <-> W: 1.196670
rate C <-> Y: 2.174818
rate C <-> V: 0.645161
rate Q <-> E: 3.361082
rate Q <-> G: 0.270552
rate Q <-> H: 6.212279
rate Q <-> I: 0.093652
rate Q <-> L: 0.749220
rate Q <-> K: 3.038502
rate Q <-> M: 0.447451
rate Q <-> F: 0.041623
rate Q <-> P: 1.706556
rate Q <-> S: 0.551509
rate Q <-> T: 0.530697
rate Q <-> W: 0.187305
rate Q <-> Y: 0.249740
rate Q <-> V: 0.208117
rate E <-> G: 1.238293
rate E <-> H: 0.270552
rate E <-> I: 0.124870
rate E <-> L: 0.093652
rate E <-> K: 1.883455
rate E <-> M: 0.187305
rate E <-> F: 0.052029
rate E <-> P: 0.187305
rate E <-> S: 0.312175
rate E <-> T: 0.332986
rate E <-> W: 0.104058
rate E <-> Y: 0.072841
rate E <-> V: 0.468262
rate G <-> H: 0.239334
rate G <-> I: 0.062435
rate G <-> L: 0.062435
rate G <-> K: 0.280957
rate G <-> M: 0.145682
rate G <-> F: 0.052029
rate G <-> P: 0.249740
rate G <-> S: 2.091571
rate G <-> T: 0.343392
rate G <-> W: 0.572320
rate G <-> Y: 0.083247
rate G <-> V: 0.489074
rate H <-> I: 0.166493
rate H <-> L: 0.582726
rate H <-> K: 0.468262
rate H <-> M: 0.343392
rate H <-> F: 0.416233
rate H <-> P: 1.196670
rate H <-> S: 0.759625
rate H <-> T: 0.478668
rate H <-> W: 0.083247
rate H <-> Y: 5.962539
rate H <-> V: 0.114464
rate I <-> L: 2.382934
rate I <-> K: 0.218522
rate I <-> M: 4.984391
rate I <-> F: 0.926119
rate I <-> P: 0.104058
rate I <-> S: 0.416233
rate I <-> T: 2.549428
rate I <-> W: 0.093652
rate I <-> Y: 0.332986
rate I <-> V: 10.000000
rate L <-> K: 0.145682
rate L <-> M: 4.037461
rate L <-> F: 2.580645
rate L <-> P: 1.061394
rate L <-> S: 0.613944
rate L <-> T: 0.260146
rate L <-> W: 0.541103
rate L <-> Y: 0.249740
rate L <-> V: 1.873049
rate K <-> M: 0.676379
rate K <-> F: 0.041623
rate K <-> P: 0.218522
rate K <-> S: 0.489074
rate K <-> T: 1.071800
rate K <-> W: 0.104058
rate K <-> Y: 0.083247
rate K <-> V: 0.145682
rate M <-> F: 0.447451
rate M <-> P: 0.166493
rate M <-> S: 0.301769
rate M <-> T: 2.351717
rate M <-> W: 0.249740
rate M <-> Y: 0.187305
rate M <-> V: 3.361082
rate F <-> P: 0.176899
rate F <-> S: 0.957336
rate F <-> T: 0.124870
rate F <-> W: 0.551509
rate F <-> Y: 5.577523
rate F <-> V: 0.645161
rate P <-> S: 2.965661
rate P <-> T: 1.227888
rate P <-> W: 0.062435
rate P <-> Y: 0.104058
rate P <-> V: 0.239334
rate S <-> T: 4.963580
rate S <-> W: 0.364204
rate S <-> Y: 0.655567
rate S <-> V: 0.395421
rate T <-> W: 0.124870
rate T <-> Y: 0.218522
rate T <-> V: 1.165453
rate W <-> Y: 0.738814
rate W <-> V: 0.260146
rate Y <-> V: 0.166493

freq pi(A): 0.076748
freq pi(R): 0.051691
freq pi(N): 0.042645
freq pi(D): 0.051544
freq pi(C): 0.019803
freq pi(Q): 0.040752
freq pi(E): 0.061830
freq pi(G): 0.073152
freq pi(H): 0.022944
freq pi(I): 0.053761
freq pi(L): 0.091904
freq pi(K): 0.058676
freq pi(M): 0.023826
freq pi(F): 0.040126
freq pi(P): 0.050901
freq pi(S): 0.068765
freq pi(T): 0.058565
freq pi(W): 0.014261
freq pi(Y): 0.032102
freq pi(V): 0.066004


ML search took 0.319074 secs or 0.000089 hours

Combined Bootstrap and ML search took 0.911299 secs or 0.000253 hours

Drawing Bootstrap Support Values on best-scoring ML tree ...



Found 1 tree in File /Users/prigozhin/Dropbox/NLRomes/Maize_NLRome/RAxML_tree_pbNB-ARC/Clade_Refinement_1/RAxML_bestTree.Int5237_22_29_L_7.Raxml.out



Found 1 tree in File /Users/prigozhin/Dropbox/NLRomes/Maize_NLRome/RAxML_tree_pbNB-ARC/Clade_Refinement_1/RAxML_bestTree.Int5237_22_29_L_7.Raxml.out

Program execution info written to /Users/prigozhin/Dropbox/NLRomes/Maize_NLRome/RAxML_tree_pbNB-ARC/Clade_Refinement_1/RAxML_info.Int5237_22_29_L_7.Raxml.out
All 100 bootstrapped trees written to: /Users/prigozhin/Dropbox/NLRomes/Maize_NLRome/RAxML_tree_pbNB-ARC/Clade_Refinement_1/RAxML_bootstrap.Int5237_22_29_L_7.Raxml.out

Best-scoring ML tree written to: /Users/prigozhin/Dropbox/NLRomes/Maize_NLRome/RAxML_tree_pbNB-ARC/Clade_Refinement_1/RAxML_bestTree.Int5237_22_29_L_7.Raxml.out

Best-scoring ML tree with support values written to: /Users/prigozhin/Dropbox/NLRomes/Maize_NLRome/RAxML_tree_pbNB-ARC/Clade_Refinement_1/RAxML_bipartitions.Int5237_22_29_L_7.Raxml.out

Best-scoring ML tree with support values as branch labels written to: /Users/prigozhin/Dropbox/NLRomes/Maize_NLRome/RAxML_tree_pbNB-ARC/Clade_Refinement_1/RAxML_bipartitionsBranchLabels.Int5237_22_29_L_7.Raxml.out

Overall execution time for full ML analysis: 0.913774 secs or 0.000254 hours or 0.000011 days

