(GWHPACDZ023490,(GWHPACEF022293,(GLYMA_ZH13_06G235400_1_P,(GWHPACEM023967,GWHPACEC022763))),W05_GLYSO_06G015795_1_P);
(GWHPACDZ023490,(GWHPACEF022293,(GLYMA_ZH13_06G235400_1_P,(GWHPACEM023967,GWHPACEC022763))),W05_GLYSO_06G015795_1_P);
(GWHPACDZ023490,(GWHPACEF022293,(GLYMA_ZH13_06G235400_1_P,(GWHPACEM023967,GWHPACEC022763))),W05_GLYSO_06G015795_1_P);
(GWHPACDZ023490,(GWHPACEF022293,(GLYMA_ZH13_06G235400_1_P,(GWHPACEM023967,GWHPACEC022763))),W05_GLYSO_06G015795_1_P);
(GWHPACDZ023490,(GWHPACEF022293,(GLYMA_ZH13_06G235400_1_P,(GWHPACEM023967,GWHPACEC022763))),W05_GLYSO_06G015795_1_P);
(GWHPACDZ023490,(GWHPACEF022293,(GLYMA_ZH13_06G235400_1_P,(GWHPACEM023967,GWHPACEC022763))),W05_GLYSO_06G015795_1_P);
(GWHPACDZ023490,(GWHPACEF022293,(GLYMA_ZH13_06G235400_1_P,(GWHPACEM023967,GWHPACEC022763))),W05_GLYSO_06G015795_1_P);
(GWHPACDZ023490,(GWHPACEF022293,(GLYMA_ZH13_06G235400_1_P,(GWHPACEM023967,GWHPACEC022763))),W05_GLYSO_06G015795_1_P);
(GWHPACDZ023490,(GWHPACEF022293,(GLYMA_ZH13_06G235400_1_P,(GWHPACEM023967,GWHPACEC022763))),W05_GLYSO_06G015795_1_P);
(GWHPACDZ023490,(GWHPACEF022293,(GLYMA_ZH13_06G235400_1_P,(GWHPACEM023967,GWHPACEC022763))),W05_GLYSO_06G015795_1_P);
(GWHPACEF022293,(GWHPACDZ023490,(GLYMA_ZH13_06G235400_1_P,(GWHPACEC022763,GWHPACEM023967))),W05_GLYSO_06G015795_1_P);
(GWHPACEF022293,(GWHPACDZ023490,(GLYMA_ZH13_06G235400_1_P,(GWHPACEC022763,GWHPACEM023967))),W05_GLYSO_06G015795_1_P);
(GWHPACEF022293,(GWHPACDZ023490,(GLYMA_ZH13_06G235400_1_P,(GWHPACEC022763,GWHPACEM023967))),W05_GLYSO_06G015795_1_P);
(GWHPACEF022293,(GWHPACDZ023490,(GLYMA_ZH13_06G235400_1_P,(GWHPACEC022763,GWHPACEM023967))),W05_GLYSO_06G015795_1_P);
(GWHPACEF022293,(GWHPACDZ023490,(GLYMA_ZH13_06G235400_1_P,(GWHPACEC022763,GWHPACEM023967))),W05_GLYSO_06G015795_1_P);
(GWHPACEF022293,(GWHPACDZ023490,(GLYMA_ZH13_06G235400_1_P,(GWHPACEC022763,GWHPACEM023967))),W05_GLYSO_06G015795_1_P);
(GWHPACEF022293,(GWHPACDZ023490,(GLYMA_ZH13_06G235400_1_P,(GWHPACEC022763,GWHPACEM023967))),W05_GLYSO_06G015795_1_P);
(GWHPACEF022293,(GWHPACDZ023490,(GLYMA_ZH13_06G235400_1_P,(GWHPACEC022763,GWHPACEM023967))),W05_GLYSO_06G015795_1_P);
(GWHPACEF022293,(GWHPACDZ023490,(GLYMA_ZH13_06G235400_1_P,(GWHPACEC022763,GWHPACEM023967))),W05_GLYSO_06G015795_1_P);
(GWHPACEF022293,(GWHPACDZ023490,(GLYMA_ZH13_06G235400_1_P,(GWHPACEC022763,GWHPACEM023967))),W05_GLYSO_06G015795_1_P);
((GWHPACDZ023490,(GLYMA_ZH13_06G235400_1_P,(GWHPACEC022763,GWHPACEM023967))),GWHPACEF022293,W05_GLYSO_06G015795_1_P);
((GWHPACDZ023490,(GLYMA_ZH13_06G235400_1_P,(GWHPACEC022763,GWHPACEM023967))),GWHPACEF022293,W05_GLYSO_06G015795_1_P);
((GWHPACDZ023490,(GLYMA_ZH13_06G235400_1_P,(GWHPACEC022763,GWHPACEM023967))),GWHPACEF022293,W05_GLYSO_06G015795_1_P);
((GWHPACDZ023490,(GLYMA_ZH13_06G235400_1_P,(GWHPACEC022763,GWHPACEM023967))),GWHPACEF022293,W05_GLYSO_06G015795_1_P);
((GWHPACDZ023490,(GLYMA_ZH13_06G235400_1_P,(GWHPACEC022763,GWHPACEM023967))),GWHPACEF022293,W05_GLYSO_06G015795_1_P);
((GWHPACDZ023490,(GLYMA_ZH13_06G235400_1_P,(GWHPACEC022763,GWHPACEM023967))),GWHPACEF022293,W05_GLYSO_06G015795_1_P);
((GWHPACDZ023490,(GLYMA_ZH13_06G235400_1_P,(GWHPACEC022763,GWHPACEM023967))),GWHPACEF022293,W05_GLYSO_06G015795_1_P);
((GWHPACDZ023490,(GLYMA_ZH13_06G235400_1_P,(GWHPACEC022763,GWHPACEM023967))),GWHPACEF022293,W05_GLYSO_06G015795_1_P);
((GWHPACDZ023490,(GLYMA_ZH13_06G235400_1_P,(GWHPACEC022763,GWHPACEM023967))),GWHPACEF022293,W05_GLYSO_06G015795_1_P);
((GWHPACDZ023490,(GLYMA_ZH13_06G235400_1_P,(GWHPACEC022763,GWHPACEM023967))),GWHPACEF022293,W05_GLYSO_06G015795_1_P);
(GWHPACDZ023490,(GWHPACEF022293,((GWHPACEC022763,GWHPACEM023967),GLYMA_ZH13_06G235400_1_P)),W05_GLYSO_06G015795_1_P);
(GWHPACDZ023490,(GWHPACEF022293,((GWHPACEC022763,GWHPACEM023967),GLYMA_ZH13_06G235400_1_P)),W05_GLYSO_06G015795_1_P);
(GWHPACDZ023490,(GWHPACEF022293,((GWHPACEC022763,GWHPACEM023967),GLYMA_ZH13_06G235400_1_P)),W05_GLYSO_06G015795_1_P);
(GWHPACDZ023490,(GWHPACEF022293,((GWHPACEC022763,GWHPACEM023967),GLYMA_ZH13_06G235400_1_P)),W05_GLYSO_06G015795_1_P);
(GWHPACDZ023490,(GWHPACEF022293,((GWHPACEC022763,GWHPACEM023967),GLYMA_ZH13_06G235400_1_P)),W05_GLYSO_06G015795_1_P);
(GWHPACDZ023490,(GWHPACEF022293,((GWHPACEC022763,GWHPACEM023967),GLYMA_ZH13_06G235400_1_P)),W05_GLYSO_06G015795_1_P);
(GWHPACDZ023490,(GWHPACEF022293,((GWHPACEC022763,GWHPACEM023967),GLYMA_ZH13_06G235400_1_P)),W05_GLYSO_06G015795_1_P);
(GWHPACDZ023490,(GWHPACEF022293,((GWHPACEC022763,GWHPACEM023967),GLYMA_ZH13_06G235400_1_P)),W05_GLYSO_06G015795_1_P);
(GWHPACDZ023490,(GWHPACEF022293,((GWHPACEC022763,GWHPACEM023967),GLYMA_ZH13_06G235400_1_P)),W05_GLYSO_06G015795_1_P);
(GWHPACDZ023490,(GWHPACEF022293,((GWHPACEC022763,GWHPACEM023967),GLYMA_ZH13_06G235400_1_P)),W05_GLYSO_06G015795_1_P);
(GWHPACDZ023490,((GLYMA_ZH13_06G235400_1_P,(GWHPACEM023967,GWHPACEC022763)),GWHPACEF022293),W05_GLYSO_06G015795_1_P);
(GWHPACDZ023490,((GLYMA_ZH13_06G235400_1_P,(GWHPACEM023967,GWHPACEC022763)),GWHPACEF022293),W05_GLYSO_06G015795_1_P);
(GWHPACDZ023490,((GLYMA_ZH13_06G235400_1_P,(GWHPACEM023967,GWHPACEC022763)),GWHPACEF022293),W05_GLYSO_06G015795_1_P);
(GWHPACDZ023490,((GLYMA_ZH13_06G235400_1_P,(GWHPACEM023967,GWHPACEC022763)),GWHPACEF022293),W05_GLYSO_06G015795_1_P);
(GWHPACDZ023490,((GLYMA_ZH13_06G235400_1_P,(GWHPACEM023967,GWHPACEC022763)),GWHPACEF022293),W05_GLYSO_06G015795_1_P);
(GWHPACDZ023490,((GLYMA_ZH13_06G235400_1_P,(GWHPACEM023967,GWHPACEC022763)),GWHPACEF022293),W05_GLYSO_06G015795_1_P);
(GWHPACDZ023490,((GLYMA_ZH13_06G235400_1_P,(GWHPACEM023967,GWHPACEC022763)),GWHPACEF022293),W05_GLYSO_06G015795_1_P);
(GWHPACDZ023490,((GLYMA_ZH13_06G235400_1_P,(GWHPACEM023967,GWHPACEC022763)),GWHPACEF022293),W05_GLYSO_06G015795_1_P);
(GWHPACDZ023490,((GLYMA_ZH13_06G235400_1_P,(GWHPACEM023967,GWHPACEC022763)),GWHPACEF022293),W05_GLYSO_06G015795_1_P);
(GWHPACDZ023490,((GLYMA_ZH13_06G235400_1_P,(GWHPACEM023967,GWHPACEC022763)),GWHPACEF022293),W05_GLYSO_06G015795_1_P);
(GWHPACEF022293,((GLYMA_ZH13_06G235400_1_P,(GWHPACEC022763,GWHPACEM023967)),GWHPACDZ023490),W05_GLYSO_06G015795_1_P);
(GWHPACEF022293,((GLYMA_ZH13_06G235400_1_P,(GWHPACEC022763,GWHPACEM023967)),GWHPACDZ023490),W05_GLYSO_06G015795_1_P);
(GWHPACEF022293,((GLYMA_ZH13_06G235400_1_P,(GWHPACEC022763,GWHPACEM023967)),GWHPACDZ023490),W05_GLYSO_06G015795_1_P);
(GWHPACEF022293,((GLYMA_ZH13_06G235400_1_P,(GWHPACEC022763,GWHPACEM023967)),GWHPACDZ023490),W05_GLYSO_06G015795_1_P);
(GWHPACEF022293,((GLYMA_ZH13_06G235400_1_P,(GWHPACEC022763,GWHPACEM023967)),GWHPACDZ023490),W05_GLYSO_06G015795_1_P);
(GWHPACEF022293,((GLYMA_ZH13_06G235400_1_P,(GWHPACEC022763,GWHPACEM023967)),GWHPACDZ023490),W05_GLYSO_06G015795_1_P);
(GWHPACEF022293,((GLYMA_ZH13_06G235400_1_P,(GWHPACEC022763,GWHPACEM023967)),GWHPACDZ023490),W05_GLYSO_06G015795_1_P);
(GWHPACEF022293,((GLYMA_ZH13_06G235400_1_P,(GWHPACEC022763,GWHPACEM023967)),GWHPACDZ023490),W05_GLYSO_06G015795_1_P);
(GWHPACEF022293,((GLYMA_ZH13_06G235400_1_P,(GWHPACEC022763,GWHPACEM023967)),GWHPACDZ023490),W05_GLYSO_06G015795_1_P);
(GWHPACEF022293,((GLYMA_ZH13_06G235400_1_P,(GWHPACEC022763,GWHPACEM023967)),GWHPACDZ023490),W05_GLYSO_06G015795_1_P);
(GWHPACDZ023490,((GLYMA_ZH13_06G235400_1_P,(GWHPACEM023967,GWHPACEC022763)),GWHPACEF022293),W05_GLYSO_06G015795_1_P);
(GWHPACDZ023490,((GLYMA_ZH13_06G235400_1_P,(GWHPACEM023967,GWHPACEC022763)),GWHPACEF022293),W05_GLYSO_06G015795_1_P);
(GWHPACDZ023490,((GLYMA_ZH13_06G235400_1_P,(GWHPACEM023967,GWHPACEC022763)),GWHPACEF022293),W05_GLYSO_06G015795_1_P);
(GWHPACDZ023490,((GLYMA_ZH13_06G235400_1_P,(GWHPACEM023967,GWHPACEC022763)),GWHPACEF022293),W05_GLYSO_06G015795_1_P);
(GWHPACDZ023490,((GLYMA_ZH13_06G235400_1_P,(GWHPACEM023967,GWHPACEC022763)),GWHPACEF022293),W05_GLYSO_06G015795_1_P);
(GWHPACDZ023490,((GLYMA_ZH13_06G235400_1_P,(GWHPACEM023967,GWHPACEC022763)),GWHPACEF022293),W05_GLYSO_06G015795_1_P);
(GWHPACDZ023490,((GLYMA_ZH13_06G235400_1_P,(GWHPACEM023967,GWHPACEC022763)),GWHPACEF022293),W05_GLYSO_06G015795_1_P);
(GWHPACDZ023490,((GLYMA_ZH13_06G235400_1_P,(GWHPACEM023967,GWHPACEC022763)),GWHPACEF022293),W05_GLYSO_06G015795_1_P);
(GWHPACDZ023490,((GLYMA_ZH13_06G235400_1_P,(GWHPACEM023967,GWHPACEC022763)),GWHPACEF022293),W05_GLYSO_06G015795_1_P);
(GWHPACDZ023490,((GLYMA_ZH13_06G235400_1_P,(GWHPACEM023967,GWHPACEC022763)),GWHPACEF022293),W05_GLYSO_06G015795_1_P);
(GWHPACEF022293,(GWHPACDZ023490,(GLYMA_ZH13_06G235400_1_P,(GWHPACEM023967,GWHPACEC022763))),W05_GLYSO_06G015795_1_P);
(GWHPACEF022293,(GWHPACDZ023490,(GLYMA_ZH13_06G235400_1_P,(GWHPACEM023967,GWHPACEC022763))),W05_GLYSO_06G015795_1_P);
(GWHPACEF022293,(GWHPACDZ023490,(GLYMA_ZH13_06G235400_1_P,(GWHPACEM023967,GWHPACEC022763))),W05_GLYSO_06G015795_1_P);
(GWHPACEF022293,(GWHPACDZ023490,(GLYMA_ZH13_06G235400_1_P,(GWHPACEM023967,GWHPACEC022763))),W05_GLYSO_06G015795_1_P);
(GWHPACEF022293,(GWHPACDZ023490,(GLYMA_ZH13_06G235400_1_P,(GWHPACEM023967,GWHPACEC022763))),W05_GLYSO_06G015795_1_P);
(GWHPACEF022293,(GWHPACDZ023490,(GLYMA_ZH13_06G235400_1_P,(GWHPACEM023967,GWHPACEC022763))),W05_GLYSO_06G015795_1_P);
(GWHPACEF022293,(GWHPACDZ023490,(GLYMA_ZH13_06G235400_1_P,(GWHPACEM023967,GWHPACEC022763))),W05_GLYSO_06G015795_1_P);
(GWHPACEF022293,(GWHPACDZ023490,(GLYMA_ZH13_06G235400_1_P,(GWHPACEM023967,GWHPACEC022763))),W05_GLYSO_06G015795_1_P);
(GWHPACEF022293,(GWHPACDZ023490,(GLYMA_ZH13_06G235400_1_P,(GWHPACEM023967,GWHPACEC022763))),W05_GLYSO_06G015795_1_P);
(GWHPACEF022293,(GWHPACDZ023490,(GLYMA_ZH13_06G235400_1_P,(GWHPACEM023967,GWHPACEC022763))),W05_GLYSO_06G015795_1_P);
(GWHPACDZ023490,((GLYMA_ZH13_06G235400_1_P,(GWHPACEC022763,GWHPACEM023967)),GWHPACEF022293),W05_GLYSO_06G015795_1_P);
(GWHPACDZ023490,((GLYMA_ZH13_06G235400_1_P,(GWHPACEC022763,GWHPACEM023967)),GWHPACEF022293),W05_GLYSO_06G015795_1_P);
(GWHPACDZ023490,((GLYMA_ZH13_06G235400_1_P,(GWHPACEC022763,GWHPACEM023967)),GWHPACEF022293),W05_GLYSO_06G015795_1_P);
(GWHPACDZ023490,((GLYMA_ZH13_06G235400_1_P,(GWHPACEC022763,GWHPACEM023967)),GWHPACEF022293),W05_GLYSO_06G015795_1_P);
(GWHPACDZ023490,((GLYMA_ZH13_06G235400_1_P,(GWHPACEC022763,GWHPACEM023967)),GWHPACEF022293),W05_GLYSO_06G015795_1_P);
(GWHPACDZ023490,((GLYMA_ZH13_06G235400_1_P,(GWHPACEC022763,GWHPACEM023967)),GWHPACEF022293),W05_GLYSO_06G015795_1_P);
(GWHPACDZ023490,((GLYMA_ZH13_06G235400_1_P,(GWHPACEC022763,GWHPACEM023967)),GWHPACEF022293),W05_GLYSO_06G015795_1_P);
(GWHPACDZ023490,((GLYMA_ZH13_06G235400_1_P,(GWHPACEC022763,GWHPACEM023967)),GWHPACEF022293),W05_GLYSO_06G015795_1_P);
(GWHPACDZ023490,((GLYMA_ZH13_06G235400_1_P,(GWHPACEC022763,GWHPACEM023967)),GWHPACEF022293),W05_GLYSO_06G015795_1_P);
(GWHPACDZ023490,((GLYMA_ZH13_06G235400_1_P,(GWHPACEC022763,GWHPACEM023967)),GWHPACEF022293),W05_GLYSO_06G015795_1_P);
(GWHPACDZ023490,(GWHPACEF022293,((GWHPACEC022763,GWHPACEM023967),GLYMA_ZH13_06G235400_1_P)),W05_GLYSO_06G015795_1_P);
(GWHPACDZ023490,(GWHPACEF022293,((GWHPACEC022763,GWHPACEM023967),GLYMA_ZH13_06G235400_1_P)),W05_GLYSO_06G015795_1_P);
(GWHPACDZ023490,(GWHPACEF022293,((GWHPACEC022763,GWHPACEM023967),GLYMA_ZH13_06G235400_1_P)),W05_GLYSO_06G015795_1_P);
(GWHPACDZ023490,(GWHPACEF022293,((GWHPACEC022763,GWHPACEM023967),GLYMA_ZH13_06G235400_1_P)),W05_GLYSO_06G015795_1_P);
(GWHPACDZ023490,(GWHPACEF022293,((GWHPACEC022763,GWHPACEM023967),GLYMA_ZH13_06G235400_1_P)),W05_GLYSO_06G015795_1_P);
(GWHPACDZ023490,(GWHPACEF022293,((GWHPACEC022763,GWHPACEM023967),GLYMA_ZH13_06G235400_1_P)),W05_GLYSO_06G015795_1_P);
(GWHPACDZ023490,(GWHPACEF022293,((GWHPACEC022763,GWHPACEM023967),GLYMA_ZH13_06G235400_1_P)),W05_GLYSO_06G015795_1_P);
(GWHPACDZ023490,(GWHPACEF022293,((GWHPACEC022763,GWHPACEM023967),GLYMA_ZH13_06G235400_1_P)),W05_GLYSO_06G015795_1_P);
(GWHPACDZ023490,(GWHPACEF022293,((GWHPACEC022763,GWHPACEM023967),GLYMA_ZH13_06G235400_1_P)),W05_GLYSO_06G015795_1_P);
(GWHPACDZ023490,(GWHPACEF022293,((GWHPACEC022763,GWHPACEM023967),GLYMA_ZH13_06G235400_1_P)),W05_GLYSO_06G015795_1_P);
