(GWHPACEP063425,(GWHPACEK060254,(GLYMA_16G214669_1,(GWHPACEJ069404,((GWHPACEL063969,GWHPACES067573),(GWHPACEU067846,((W05_GLYSO_16G044379_1_P,GLYMA_16G213800_1),(((GWHPACER062098,GWHPACEI069718),GWHPACEH067537),GWHPACET068237))))))),GWHPACEO068177);
(GWHPACEP063425,(GWHPACEK060254,(GLYMA_16G214669_1,(GWHPACEJ069404,((GWHPACEL063969,GWHPACES067573),(GWHPACEU067846,((W05_GLYSO_16G044379_1_P,GLYMA_16G213800_1),(((GWHPACER062098,GWHPACEI069718),GWHPACEH067537),GWHPACET068237))))))),GWHPACEO068177);
(GWHPACEP063425,(GWHPACEK060254,(GLYMA_16G214669_1,(GWHPACEJ069404,((GWHPACEL063969,GWHPACES067573),((((GWHPACER062098,GWHPACEI069718),GWHPACEH067537),GWHPACET068237),(GWHPACEU067846,(W05_GLYSO_16G044379_1_P,GLYMA_16G213800_1))))))),GWHPACEO068177);
(GWHPACEP063425,(GWHPACEK060254,(GLYMA_16G214669_1,(GWHPACEJ069404,(GLYMA_16G213800_1,((((GWHPACEL063969,GWHPACES067573),GWHPACEU067846),((GWHPACET068237,(GWHPACER062098,GWHPACEI069718)),GWHPACEH067537)),W05_GLYSO_16G044379_1_P))))),GWHPACEO068177);
(GWHPACEP063425,(GWHPACEK060254,(GLYMA_16G214669_1,(GWHPACEJ069404,((GWHPACEL063969,GWHPACES067573),(((W05_GLYSO_16G044379_1_P,GLYMA_16G213800_1),GWHPACEU067846),((GWHPACET068237,(GWHPACER062098,GWHPACEI069718)),GWHPACEH067537)))))),GWHPACEO068177);
(GWHPACEP063425,(GWHPACEK060254,(GLYMA_16G214669_1,(GWHPACEJ069404,((GWHPACEL063969,GWHPACES067573),(((W05_GLYSO_16G044379_1_P,GLYMA_16G213800_1),GWHPACEU067846),((GWHPACET068237,(GWHPACER062098,GWHPACEI069718)),GWHPACEH067537)))))),GWHPACEO068177);
(GWHPACEP063425,(GWHPACEK060254,(GLYMA_16G214669_1,(GWHPACEJ069404,((GWHPACEL063969,GWHPACES067573),(((W05_GLYSO_16G044379_1_P,GLYMA_16G213800_1),GWHPACEU067846),((GWHPACET068237,(GWHPACER062098,GWHPACEI069718)),GWHPACEH067537)))))),GWHPACEO068177);
(GWHPACEP063425,(GWHPACEK060254,(GLYMA_16G214669_1,(GWHPACEJ069404,((GWHPACEL063969,GWHPACES067573),(((W05_GLYSO_16G044379_1_P,GLYMA_16G213800_1),GWHPACEU067846),((GWHPACET068237,(GWHPACER062098,GWHPACEI069718)),GWHPACEH067537)))))),GWHPACEO068177);
(GWHPACEP063425,(GWHPACEK060254,(GLYMA_16G214669_1,(GWHPACEJ069404,((GWHPACEL063969,GWHPACES067573),(((W05_GLYSO_16G044379_1_P,GLYMA_16G213800_1),GWHPACEU067846),((GWHPACET068237,(GWHPACER062098,GWHPACEI069718)),GWHPACEH067537)))))),GWHPACEO068177);
(GWHPACEP063425,(GWHPACEK060254,(GLYMA_16G214669_1,(GWHPACEJ069404,((GWHPACEL063969,GWHPACES067573),(((W05_GLYSO_16G044379_1_P,GLYMA_16G213800_1),GWHPACEU067846),((GWHPACET068237,(GWHPACER062098,GWHPACEI069718)),GWHPACEH067537)))))),GWHPACEO068177);
(((GWHPACEJ069404,((((GWHPACEH067537,(GWHPACEI069718,GWHPACER062098)),GWHPACET068237),(GWHPACEU067846,(W05_GLYSO_16G044379_1_P,GLYMA_16G213800_1))),(GWHPACES067573,GWHPACEL063969))),(GLYMA_16G214669_1,GWHPACEK060254)),GWHPACEP063425,GWHPACEO068177);
((GWHPACEK060254,((GWHPACEJ069404,(((W05_GLYSO_16G044379_1_P,GLYMA_16G213800_1),(((GWHPACEH067537,(GWHPACEI069718,GWHPACER062098)),GWHPACET068237),GWHPACEU067846)),(GWHPACES067573,GWHPACEL063969))),GLYMA_16G214669_1)),GWHPACEP063425,GWHPACEO068177);
((GWHPACEK060254,((GWHPACEJ069404,((GWHPACEU067846,((GWHPACEH067537,((GWHPACEI069718,GWHPACER062098),GWHPACET068237)),(W05_GLYSO_16G044379_1_P,GLYMA_16G213800_1))),(GWHPACES067573,GWHPACEL063969))),GLYMA_16G214669_1)),GWHPACEP063425,GWHPACEO068177);
((GWHPACEK060254,((GWHPACEJ069404,(((GWHPACEH067537,((GWHPACEI069718,GWHPACER062098),GWHPACET068237)),((W05_GLYSO_16G044379_1_P,GLYMA_16G213800_1),GWHPACEU067846)),(GWHPACES067573,GWHPACEL063969))),GLYMA_16G214669_1)),GWHPACEP063425,GWHPACEO068177);
((GWHPACEK060254,((GWHPACEJ069404,(((GWHPACEH067537,((GWHPACEI069718,GWHPACER062098),GWHPACET068237)),((W05_GLYSO_16G044379_1_P,GLYMA_16G213800_1),GWHPACEU067846)),(GWHPACES067573,GWHPACEL063969))),GLYMA_16G214669_1)),GWHPACEP063425,GWHPACEO068177);
((GWHPACEK060254,((GWHPACEJ069404,(((GWHPACEH067537,((GWHPACEI069718,GWHPACER062098),GWHPACET068237)),((W05_GLYSO_16G044379_1_P,GLYMA_16G213800_1),GWHPACEU067846)),(GWHPACES067573,GWHPACEL063969))),GLYMA_16G214669_1)),GWHPACEP063425,GWHPACEO068177);
((GWHPACEK060254,((GWHPACEJ069404,(((GWHPACEH067537,((GWHPACEI069718,GWHPACER062098),GWHPACET068237)),((W05_GLYSO_16G044379_1_P,GLYMA_16G213800_1),GWHPACEU067846)),(GWHPACES067573,GWHPACEL063969))),GLYMA_16G214669_1)),GWHPACEP063425,GWHPACEO068177);
((GWHPACEK060254,((GWHPACEJ069404,(((GWHPACEH067537,((GWHPACEI069718,GWHPACER062098),GWHPACET068237)),((W05_GLYSO_16G044379_1_P,GLYMA_16G213800_1),GWHPACEU067846)),(GWHPACES067573,GWHPACEL063969))),GLYMA_16G214669_1)),GWHPACEP063425,GWHPACEO068177);
(((GWHPACEK060254,GLYMA_16G214669_1),GWHPACEP063425),(GWHPACEJ069404,(((W05_GLYSO_16G044379_1_P,GLYMA_16G213800_1),(GWHPACEU067846,(GWHPACER062098,(GWHPACET068237,(GWHPACEI069718,GWHPACEH067537))))),(GWHPACES067573,GWHPACEL063969))),GWHPACEO068177);
(GWHPACEP063425,((GLYMA_16G214669_1,(GWHPACEJ069404,((((GWHPACET068237,(GWHPACEI069718,GWHPACEH067537)),GWHPACER062098),((W05_GLYSO_16G044379_1_P,GLYMA_16G213800_1),GWHPACEU067846)),(GWHPACES067573,GWHPACEL063969)))),GWHPACEK060254),GWHPACEO068177);
(GWHPACEP063425,(GWHPACEK060254,((GWHPACEJ069404,(((((GWHPACEH067537,GWHPACER062098),GWHPACEI069718),GWHPACET068237),(GWHPACEU067846,(W05_GLYSO_16G044379_1_P,GLYMA_16G213800_1))),(GWHPACEL063969,GWHPACES067573))),GLYMA_16G214669_1)),GWHPACEO068177);
(GWHPACEP063425,(GWHPACEK060254,((GWHPACEJ069404,(((((GWHPACEH067537,GWHPACER062098),GWHPACEI069718),GWHPACET068237),(GWHPACEU067846,(W05_GLYSO_16G044379_1_P,GLYMA_16G213800_1))),(GWHPACEL063969,GWHPACES067573))),GLYMA_16G214669_1)),GWHPACEO068177);
(GWHPACEP063425,(GWHPACEK060254,((GWHPACEJ069404,(((((GWHPACEH067537,GWHPACER062098),GWHPACEI069718),GWHPACET068237),(GWHPACEU067846,(W05_GLYSO_16G044379_1_P,GLYMA_16G213800_1))),(GWHPACEL063969,GWHPACES067573))),GLYMA_16G214669_1)),GWHPACEO068177);
(GWHPACEP063425,(GWHPACEK060254,((GWHPACEJ069404,(((((GWHPACEH067537,GWHPACER062098),GWHPACEI069718),GWHPACET068237),(GWHPACEU067846,(W05_GLYSO_16G044379_1_P,GLYMA_16G213800_1))),(GWHPACEL063969,GWHPACES067573))),GLYMA_16G214669_1)),GWHPACEO068177);
(GWHPACEP063425,(GWHPACEK060254,((GWHPACEJ069404,(((((GWHPACEH067537,GWHPACER062098),GWHPACEI069718),GWHPACET068237),(GWHPACEU067846,(W05_GLYSO_16G044379_1_P,GLYMA_16G213800_1))),(GWHPACEL063969,GWHPACES067573))),GLYMA_16G214669_1)),GWHPACEO068177);
(GWHPACEP063425,(GWHPACEK060254,((GWHPACEJ069404,((GWHPACEU067846,((W05_GLYSO_16G044379_1_P,GLYMA_16G213800_1),((GWHPACEH067537,(GWHPACER062098,GWHPACEI069718)),GWHPACET068237))),(GWHPACEL063969,GWHPACES067573))),GLYMA_16G214669_1)),GWHPACEO068177);
(GWHPACEP063425,(GWHPACEK060254,((GWHPACEJ069404,(((GWHPACEH067537,((GWHPACER062098,GWHPACEI069718),GWHPACET068237)),(GWHPACEU067846,(W05_GLYSO_16G044379_1_P,GLYMA_16G213800_1))),(GWHPACEL063969,GWHPACES067573))),GLYMA_16G214669_1)),GWHPACEO068177);
(GWHPACEP063425,(GWHPACEK060254,((GWHPACEJ069404,(((GWHPACEH067537,((GWHPACER062098,GWHPACEI069718),GWHPACET068237)),(GWHPACEU067846,(W05_GLYSO_16G044379_1_P,GLYMA_16G213800_1))),(GWHPACEL063969,GWHPACES067573))),GLYMA_16G214669_1)),GWHPACEO068177);
(GWHPACEP063425,(GWHPACEK060254,((GWHPACEJ069404,(((GWHPACEH067537,((GWHPACER062098,GWHPACEI069718),GWHPACET068237)),(GWHPACEU067846,(W05_GLYSO_16G044379_1_P,GLYMA_16G213800_1))),(GWHPACEL063969,GWHPACES067573))),GLYMA_16G214669_1)),GWHPACEO068177);
(GWHPACEP063425,(GWHPACEK060254,((GWHPACEJ069404,(((GWHPACEH067537,((GWHPACER062098,GWHPACEI069718),GWHPACET068237)),(GWHPACEU067846,(W05_GLYSO_16G044379_1_P,GLYMA_16G213800_1))),(GWHPACEL063969,GWHPACES067573))),GLYMA_16G214669_1)),GWHPACEO068177);
(GWHPACEP063425,(((GWHPACEJ069404,((GWHPACEL063969,GWHPACES067573),((GWHPACEI069718,(GWHPACET068237,(GWHPACER062098,GWHPACEH067537))),((GLYMA_16G213800_1,W05_GLYSO_16G044379_1_P),GWHPACEU067846)))),GLYMA_16G214669_1),GWHPACEK060254),GWHPACEO068177);
(GWHPACEP063425,(((GWHPACEJ069404,((GWHPACEL063969,GWHPACES067573),((GWHPACEI069718,(GWHPACET068237,(GWHPACER062098,GWHPACEH067537))),((GLYMA_16G213800_1,W05_GLYSO_16G044379_1_P),GWHPACEU067846)))),GLYMA_16G214669_1),GWHPACEK060254),GWHPACEO068177);
(GWHPACEP063425,(((GWHPACEJ069404,((GWHPACEL063969,GWHPACES067573),((GWHPACEI069718,(GWHPACET068237,(GWHPACER062098,GWHPACEH067537))),((GLYMA_16G213800_1,W05_GLYSO_16G044379_1_P),GWHPACEU067846)))),GLYMA_16G214669_1),GWHPACEK060254),GWHPACEO068177);
(GWHPACEP063425,(((GWHPACEJ069404,((GWHPACEL063969,GWHPACES067573),((GWHPACEI069718,(GWHPACET068237,(GWHPACER062098,GWHPACEH067537))),((GLYMA_16G213800_1,W05_GLYSO_16G044379_1_P),GWHPACEU067846)))),GLYMA_16G214669_1),GWHPACEK060254),GWHPACEO068177);
(GWHPACEP063425,(((GWHPACEJ069404,((GWHPACEL063969,GWHPACES067573),((GWHPACEI069718,(GWHPACET068237,(GWHPACER062098,GWHPACEH067537))),((GLYMA_16G213800_1,W05_GLYSO_16G044379_1_P),GWHPACEU067846)))),GLYMA_16G214669_1),GWHPACEK060254),GWHPACEO068177);
(GWHPACEP063425,(((GWHPACEJ069404,((GWHPACEL063969,GWHPACES067573),((GWHPACEI069718,(GWHPACET068237,(GWHPACER062098,GWHPACEH067537))),((GLYMA_16G213800_1,W05_GLYSO_16G044379_1_P),GWHPACEU067846)))),GLYMA_16G214669_1),GWHPACEK060254),GWHPACEO068177);
(GWHPACEP063425,(((GWHPACEJ069404,((GWHPACEL063969,GWHPACES067573),((GWHPACEI069718,(GWHPACET068237,(GWHPACER062098,GWHPACEH067537))),((GLYMA_16G213800_1,W05_GLYSO_16G044379_1_P),GWHPACEU067846)))),GLYMA_16G214669_1),GWHPACEK060254),GWHPACEO068177);
(GWHPACEP063425,(((GWHPACEJ069404,((GWHPACEL063969,GWHPACES067573),((GWHPACEI069718,(GWHPACET068237,(GWHPACER062098,GWHPACEH067537))),((GLYMA_16G213800_1,W05_GLYSO_16G044379_1_P),GWHPACEU067846)))),GLYMA_16G214669_1),GWHPACEK060254),GWHPACEO068177);
(GWHPACEP063425,(((GWHPACEJ069404,((GWHPACEL063969,GWHPACES067573),((GWHPACEI069718,(GWHPACET068237,(GWHPACER062098,GWHPACEH067537))),((GLYMA_16G213800_1,W05_GLYSO_16G044379_1_P),GWHPACEU067846)))),GLYMA_16G214669_1),GWHPACEK060254),GWHPACEO068177);
(GWHPACEP063425,(((GWHPACEJ069404,((GWHPACEL063969,GWHPACES067573),((GWHPACEI069718,(GWHPACET068237,(GWHPACER062098,GWHPACEH067537))),((GLYMA_16G213800_1,W05_GLYSO_16G044379_1_P),GWHPACEU067846)))),GLYMA_16G214669_1),GWHPACEK060254),GWHPACEO068177);
(GWHPACEP063425,(GWHPACEK060254,(GLYMA_16G214669_1,(GWHPACEJ069404,((GWHPACES067573,GWHPACEL063969),((GWHPACEU067846,(GWHPACER062098,(GWHPACEI069718,(GWHPACET068237,GWHPACEH067537)))),(GLYMA_16G213800_1,W05_GLYSO_16G044379_1_P)))))),GWHPACEO068177);
(GWHPACEP063425,(GWHPACEK060254,(GLYMA_16G214669_1,(GWHPACEJ069404,((GWHPACES067573,GWHPACEL063969),((GWHPACEI069718,((GWHPACET068237,GWHPACEH067537),GWHPACER062098)),((GLYMA_16G213800_1,W05_GLYSO_16G044379_1_P),GWHPACEU067846)))))),GWHPACEO068177);
(GWHPACEP063425,(GWHPACEK060254,(GLYMA_16G214669_1,(GWHPACEJ069404,((GWHPACES067573,GWHPACEL063969),((GWHPACEI069718,((GWHPACET068237,GWHPACEH067537),GWHPACER062098)),((GLYMA_16G213800_1,W05_GLYSO_16G044379_1_P),GWHPACEU067846)))))),GWHPACEO068177);
(GWHPACEP063425,(GWHPACEK060254,(GLYMA_16G214669_1,(GWHPACEJ069404,((GWHPACES067573,GWHPACEL063969),((GWHPACEI069718,((GWHPACET068237,GWHPACEH067537),GWHPACER062098)),((GLYMA_16G213800_1,W05_GLYSO_16G044379_1_P),GWHPACEU067846)))))),GWHPACEO068177);
(GWHPACEP063425,(GWHPACEK060254,(GLYMA_16G214669_1,(GWHPACEJ069404,((GWHPACES067573,GWHPACEL063969),((GWHPACEI069718,((GWHPACET068237,GWHPACEH067537),GWHPACER062098)),((GLYMA_16G213800_1,W05_GLYSO_16G044379_1_P),GWHPACEU067846)))))),GWHPACEO068177);
(GWHPACEP063425,(GWHPACEK060254,(GLYMA_16G214669_1,(GWHPACEJ069404,((GWHPACES067573,GWHPACEL063969),((GWHPACEI069718,((GWHPACET068237,GWHPACEH067537),GWHPACER062098)),((GLYMA_16G213800_1,W05_GLYSO_16G044379_1_P),GWHPACEU067846)))))),GWHPACEO068177);
(GWHPACEP063425,(GWHPACEK060254,(GLYMA_16G214669_1,(GWHPACEJ069404,((GWHPACES067573,GWHPACEL063969),((GWHPACEI069718,((GWHPACET068237,GWHPACEH067537),GWHPACER062098)),((GLYMA_16G213800_1,W05_GLYSO_16G044379_1_P),GWHPACEU067846)))))),GWHPACEO068177);
(GWHPACEP063425,(GWHPACEK060254,(GLYMA_16G214669_1,(GWHPACEJ069404,((GWHPACES067573,GWHPACEL063969),((GWHPACEI069718,((GWHPACET068237,GWHPACEH067537),GWHPACER062098)),((GLYMA_16G213800_1,W05_GLYSO_16G044379_1_P),GWHPACEU067846)))))),GWHPACEO068177);
(GWHPACEP063425,(GWHPACEK060254,(GLYMA_16G214669_1,(GWHPACEJ069404,((GWHPACES067573,GWHPACEL063969),((GWHPACEI069718,((GWHPACET068237,GWHPACEH067537),GWHPACER062098)),((GLYMA_16G213800_1,W05_GLYSO_16G044379_1_P),GWHPACEU067846)))))),GWHPACEO068177);
(GWHPACEP063425,(GWHPACEK060254,(GLYMA_16G214669_1,(GWHPACEJ069404,((GWHPACES067573,GWHPACEL063969),((GWHPACEI069718,((GWHPACET068237,GWHPACEH067537),GWHPACER062098)),((GLYMA_16G213800_1,W05_GLYSO_16G044379_1_P),GWHPACEU067846)))))),GWHPACEO068177);
(((GLYMA_16G214669_1,((((((GWHPACER062098,GWHPACET068237),GWHPACEI069718),GWHPACEH067537),(GWHPACEU067846,(GLYMA_16G213800_1,W05_GLYSO_16G044379_1_P))),(GWHPACEL063969,GWHPACES067573)),GWHPACEJ069404)),GWHPACEK060254),GWHPACEP063425,GWHPACEO068177);
(((GLYMA_16G214669_1,((((((GWHPACER062098,GWHPACET068237),GWHPACEI069718),GWHPACEH067537),(GWHPACEU067846,(GLYMA_16G213800_1,W05_GLYSO_16G044379_1_P))),(GWHPACEL063969,GWHPACES067573)),GWHPACEJ069404)),GWHPACEK060254),GWHPACEP063425,GWHPACEO068177);
(((GLYMA_16G214669_1,((((((GWHPACER062098,GWHPACET068237),GWHPACEI069718),GWHPACEH067537),(GWHPACEU067846,(GLYMA_16G213800_1,W05_GLYSO_16G044379_1_P))),(GWHPACEL063969,GWHPACES067573)),GWHPACEJ069404)),GWHPACEK060254),GWHPACEP063425,GWHPACEO068177);
(((GLYMA_16G214669_1,((((((GWHPACER062098,GWHPACET068237),GWHPACEI069718),GWHPACEH067537),(GWHPACEU067846,(GLYMA_16G213800_1,W05_GLYSO_16G044379_1_P))),(GWHPACEL063969,GWHPACES067573)),GWHPACEJ069404)),GWHPACEK060254),GWHPACEP063425,GWHPACEO068177);
(((GLYMA_16G214669_1,((((((GWHPACER062098,GWHPACET068237),GWHPACEI069718),GWHPACEH067537),(GWHPACEU067846,(GLYMA_16G213800_1,W05_GLYSO_16G044379_1_P))),(GWHPACEL063969,GWHPACES067573)),GWHPACEJ069404)),GWHPACEK060254),GWHPACEP063425,GWHPACEO068177);
(((GLYMA_16G214669_1,((((((GWHPACER062098,GWHPACET068237),GWHPACEI069718),GWHPACEH067537),(GWHPACEU067846,(GLYMA_16G213800_1,W05_GLYSO_16G044379_1_P))),(GWHPACEL063969,GWHPACES067573)),GWHPACEJ069404)),GWHPACEK060254),GWHPACEP063425,GWHPACEO068177);
(((GLYMA_16G214669_1,((((((GWHPACER062098,GWHPACET068237),GWHPACEI069718),GWHPACEH067537),(GWHPACEU067846,(GLYMA_16G213800_1,W05_GLYSO_16G044379_1_P))),(GWHPACEL063969,GWHPACES067573)),GWHPACEJ069404)),GWHPACEK060254),GWHPACEP063425,GWHPACEO068177);
(((GLYMA_16G214669_1,((((((GWHPACER062098,GWHPACET068237),GWHPACEI069718),GWHPACEH067537),(GWHPACEU067846,(GLYMA_16G213800_1,W05_GLYSO_16G044379_1_P))),(GWHPACEL063969,GWHPACES067573)),GWHPACEJ069404)),GWHPACEK060254),GWHPACEP063425,GWHPACEO068177);
(((GLYMA_16G214669_1,((((((GWHPACER062098,GWHPACET068237),GWHPACEI069718),GWHPACEH067537),(GWHPACEU067846,(GLYMA_16G213800_1,W05_GLYSO_16G044379_1_P))),(GWHPACEL063969,GWHPACES067573)),GWHPACEJ069404)),GWHPACEK060254),GWHPACEP063425,GWHPACEO068177);
(((GLYMA_16G214669_1,GWHPACEK060254),GWHPACEP063425),((((GWHPACEU067846,(((GWHPACER062098,GWHPACET068237),GWHPACEI069718),GWHPACEH067537)),(GLYMA_16G213800_1,W05_GLYSO_16G044379_1_P)),(GWHPACEL063969,GWHPACES067573)),GWHPACEJ069404),GWHPACEO068177);
((((GWHPACEJ069404,((GWHPACEL063969,GWHPACES067573),((W05_GLYSO_16G044379_1_P,GLYMA_16G213800_1),(GWHPACEU067846,(GWHPACET068237,(GWHPACER062098,(GWHPACEH067537,GWHPACEI069718))))))),GLYMA_16G214669_1),GWHPACEK060254),GWHPACEP063425,GWHPACEO068177);
((((GWHPACEJ069404,((GWHPACEL063969,GWHPACES067573),(((GWHPACER062098,(GWHPACEH067537,GWHPACEI069718)),GWHPACET068237),((W05_GLYSO_16G044379_1_P,GLYMA_16G213800_1),GWHPACEU067846)))),GLYMA_16G214669_1),GWHPACEK060254),GWHPACEP063425,GWHPACEO068177);
((((GWHPACEJ069404,((GWHPACEL063969,GWHPACES067573),(((GWHPACER062098,(GWHPACEH067537,GWHPACEI069718)),GWHPACET068237),((W05_GLYSO_16G044379_1_P,GLYMA_16G213800_1),GWHPACEU067846)))),GLYMA_16G214669_1),GWHPACEK060254),GWHPACEP063425,GWHPACEO068177);
((((GWHPACEJ069404,((GWHPACEL063969,GWHPACES067573),(((GWHPACER062098,(GWHPACEH067537,GWHPACEI069718)),GWHPACET068237),((W05_GLYSO_16G044379_1_P,GLYMA_16G213800_1),GWHPACEU067846)))),GLYMA_16G214669_1),GWHPACEK060254),GWHPACEP063425,GWHPACEO068177);
((((GWHPACEJ069404,((GWHPACEL063969,GWHPACES067573),(((GWHPACER062098,(GWHPACEH067537,GWHPACEI069718)),GWHPACET068237),((W05_GLYSO_16G044379_1_P,GLYMA_16G213800_1),GWHPACEU067846)))),GLYMA_16G214669_1),GWHPACEK060254),GWHPACEP063425,GWHPACEO068177);
((((GWHPACEJ069404,((GWHPACEL063969,GWHPACES067573),(((GWHPACER062098,(GWHPACEH067537,GWHPACEI069718)),GWHPACET068237),((W05_GLYSO_16G044379_1_P,GLYMA_16G213800_1),GWHPACEU067846)))),GLYMA_16G214669_1),GWHPACEK060254),GWHPACEP063425,GWHPACEO068177);
((((GWHPACEJ069404,((GWHPACEL063969,GWHPACES067573),(((GWHPACER062098,(GWHPACEH067537,GWHPACEI069718)),GWHPACET068237),((W05_GLYSO_16G044379_1_P,GLYMA_16G213800_1),GWHPACEU067846)))),GLYMA_16G214669_1),GWHPACEK060254),GWHPACEP063425,GWHPACEO068177);
((((GWHPACEJ069404,((GWHPACEL063969,GWHPACES067573),(((GWHPACER062098,(GWHPACEH067537,GWHPACEI069718)),GWHPACET068237),((W05_GLYSO_16G044379_1_P,GLYMA_16G213800_1),GWHPACEU067846)))),GLYMA_16G214669_1),GWHPACEK060254),GWHPACEP063425,GWHPACEO068177);
((((GWHPACEJ069404,((GWHPACEL063969,GWHPACES067573),(((GWHPACER062098,(GWHPACEH067537,GWHPACEI069718)),GWHPACET068237),((W05_GLYSO_16G044379_1_P,GLYMA_16G213800_1),GWHPACEU067846)))),GLYMA_16G214669_1),GWHPACEK060254),GWHPACEP063425,GWHPACEO068177);
((((GWHPACEJ069404,((GWHPACEL063969,GWHPACES067573),(((GWHPACER062098,(GWHPACEH067537,GWHPACEI069718)),GWHPACET068237),((W05_GLYSO_16G044379_1_P,GLYMA_16G213800_1),GWHPACEU067846)))),GLYMA_16G214669_1),GWHPACEK060254),GWHPACEP063425,GWHPACEO068177);
((GWHPACEK060254,((GWHPACEJ069404,((GWHPACES067573,GWHPACEL063969),(((GWHPACET068237,(GWHPACEI069718,GWHPACER062098)),GWHPACEH067537),((W05_GLYSO_16G044379_1_P,GLYMA_16G213800_1),GWHPACEU067846)))),GLYMA_16G214669_1)),GWHPACEP063425,GWHPACEO068177);
((GWHPACEK060254,((GWHPACEJ069404,((GWHPACES067573,GWHPACEL063969),(((GWHPACET068237,(GWHPACEI069718,GWHPACER062098)),GWHPACEH067537),((W05_GLYSO_16G044379_1_P,GLYMA_16G213800_1),GWHPACEU067846)))),GLYMA_16G214669_1)),GWHPACEP063425,GWHPACEO068177);
((GWHPACEK060254,((GWHPACEJ069404,((GWHPACES067573,GWHPACEL063969),(((GWHPACET068237,(GWHPACEI069718,GWHPACER062098)),GWHPACEH067537),((W05_GLYSO_16G044379_1_P,GLYMA_16G213800_1),GWHPACEU067846)))),GLYMA_16G214669_1)),GWHPACEP063425,GWHPACEO068177);
((GWHPACEK060254,((GWHPACEJ069404,((GWHPACES067573,GWHPACEL063969),(((GWHPACET068237,(GWHPACEI069718,GWHPACER062098)),GWHPACEH067537),((W05_GLYSO_16G044379_1_P,GLYMA_16G213800_1),GWHPACEU067846)))),GLYMA_16G214669_1)),GWHPACEP063425,GWHPACEO068177);
((GWHPACEK060254,((GWHPACEJ069404,((GWHPACES067573,GWHPACEL063969),(((GWHPACET068237,(GWHPACEI069718,GWHPACER062098)),GWHPACEH067537),((W05_GLYSO_16G044379_1_P,GLYMA_16G213800_1),GWHPACEU067846)))),GLYMA_16G214669_1)),GWHPACEP063425,GWHPACEO068177);
((GWHPACEK060254,((GWHPACEJ069404,((GWHPACES067573,GWHPACEL063969),(((GWHPACET068237,(GWHPACEI069718,GWHPACER062098)),GWHPACEH067537),((W05_GLYSO_16G044379_1_P,GLYMA_16G213800_1),GWHPACEU067846)))),GLYMA_16G214669_1)),GWHPACEP063425,GWHPACEO068177);
((GWHPACEK060254,((GWHPACEJ069404,((GWHPACES067573,GWHPACEL063969),(((GWHPACET068237,(GWHPACEI069718,GWHPACER062098)),GWHPACEH067537),((W05_GLYSO_16G044379_1_P,GLYMA_16G213800_1),GWHPACEU067846)))),GLYMA_16G214669_1)),GWHPACEP063425,GWHPACEO068177);
((GWHPACEK060254,((GWHPACEJ069404,((GWHPACES067573,GWHPACEL063969),(((GWHPACET068237,(GWHPACEI069718,GWHPACER062098)),GWHPACEH067537),((W05_GLYSO_16G044379_1_P,GLYMA_16G213800_1),GWHPACEU067846)))),GLYMA_16G214669_1)),GWHPACEP063425,GWHPACEO068177);
((GWHPACEK060254,((GWHPACEJ069404,((GWHPACES067573,GWHPACEL063969),(((GWHPACET068237,(GWHPACEI069718,GWHPACER062098)),GWHPACEH067537),((W05_GLYSO_16G044379_1_P,GLYMA_16G213800_1),GWHPACEU067846)))),GLYMA_16G214669_1)),GWHPACEP063425,GWHPACEO068177);
((GWHPACEK060254,((GWHPACEJ069404,((GWHPACES067573,GWHPACEL063969),(((GWHPACET068237,(GWHPACEI069718,GWHPACER062098)),GWHPACEH067537),((W05_GLYSO_16G044379_1_P,GLYMA_16G213800_1),GWHPACEU067846)))),GLYMA_16G214669_1)),GWHPACEP063425,GWHPACEO068177);
(GWHPACEP063425,((GLYMA_16G214669_1,(GWHPACEJ069404,((GWHPACEL063969,GWHPACES067573),((((GWHPACET068237,GWHPACEI069718),GWHPACER062098),GWHPACEH067537),((GLYMA_16G213800_1,W05_GLYSO_16G044379_1_P),GWHPACEU067846))))),GWHPACEK060254),GWHPACEO068177);
(GWHPACEP063425,((GLYMA_16G214669_1,(GWHPACEJ069404,((GWHPACEL063969,GWHPACES067573),((((GWHPACET068237,GWHPACEI069718),GWHPACER062098),GWHPACEH067537),((GLYMA_16G213800_1,W05_GLYSO_16G044379_1_P),GWHPACEU067846))))),GWHPACEK060254),GWHPACEO068177);
(GWHPACEP063425,((GLYMA_16G214669_1,(GWHPACEJ069404,((GWHPACEL063969,GWHPACES067573),((((GWHPACET068237,GWHPACEI069718),GWHPACER062098),GWHPACEH067537),((GLYMA_16G213800_1,W05_GLYSO_16G044379_1_P),GWHPACEU067846))))),GWHPACEK060254),GWHPACEO068177);
(GWHPACEP063425,((GLYMA_16G214669_1,(GWHPACEJ069404,((GWHPACEL063969,GWHPACES067573),((((GWHPACET068237,GWHPACEI069718),GWHPACER062098),GWHPACEH067537),((GLYMA_16G213800_1,W05_GLYSO_16G044379_1_P),GWHPACEU067846))))),GWHPACEK060254),GWHPACEO068177);
(GWHPACEP063425,((GLYMA_16G214669_1,(GWHPACEJ069404,((GWHPACEL063969,GWHPACES067573),((((GWHPACET068237,GWHPACEI069718),GWHPACER062098),GWHPACEH067537),((GLYMA_16G213800_1,W05_GLYSO_16G044379_1_P),GWHPACEU067846))))),GWHPACEK060254),GWHPACEO068177);
(GWHPACEP063425,((GLYMA_16G214669_1,(GWHPACEJ069404,((GWHPACEL063969,GWHPACES067573),((((GWHPACET068237,GWHPACEI069718),GWHPACER062098),GWHPACEH067537),((GLYMA_16G213800_1,W05_GLYSO_16G044379_1_P),GWHPACEU067846))))),GWHPACEK060254),GWHPACEO068177);
(GWHPACEP063425,((GLYMA_16G214669_1,(GWHPACEJ069404,((GWHPACEL063969,GWHPACES067573),((((GWHPACET068237,GWHPACEI069718),GWHPACER062098),GWHPACEH067537),((GLYMA_16G213800_1,W05_GLYSO_16G044379_1_P),GWHPACEU067846))))),GWHPACEK060254),GWHPACEO068177);
(GWHPACEP063425,((GLYMA_16G214669_1,(GWHPACEJ069404,((GWHPACEL063969,GWHPACES067573),((((GWHPACET068237,GWHPACEI069718),GWHPACER062098),GWHPACEH067537),((GLYMA_16G213800_1,W05_GLYSO_16G044379_1_P),GWHPACEU067846))))),GWHPACEK060254),GWHPACEO068177);
(GWHPACEP063425,((GLYMA_16G214669_1,(GWHPACEJ069404,((GWHPACEL063969,GWHPACES067573),((((GWHPACET068237,GWHPACEI069718),GWHPACER062098),GWHPACEH067537),((GLYMA_16G213800_1,W05_GLYSO_16G044379_1_P),GWHPACEU067846))))),GWHPACEK060254),GWHPACEO068177);
(GWHPACEP063425,((GLYMA_16G214669_1,(GWHPACEJ069404,((GWHPACEL063969,GWHPACES067573),((((GWHPACET068237,GWHPACEI069718),GWHPACER062098),GWHPACEH067537),((GLYMA_16G213800_1,W05_GLYSO_16G044379_1_P),GWHPACEU067846))))),GWHPACEK060254),GWHPACEO068177);
((GWHPACEK060254,((((GWHPACEU067846,(GWHPACEI069718,((GLYMA_16G213800_1,W05_GLYSO_16G044379_1_P),(GWHPACER062098,(GWHPACET068237,GWHPACEH067537))))),(GWHPACES067573,GWHPACEL063969)),GWHPACEJ069404),GLYMA_16G214669_1)),GWHPACEP063425,GWHPACEO068177);
((GWHPACEK060254,(((((GWHPACEU067846,(GWHPACEI069718,(GWHPACER062098,(GWHPACET068237,GWHPACEH067537)))),(GLYMA_16G213800_1,W05_GLYSO_16G044379_1_P)),(GWHPACES067573,GWHPACEL063969)),GWHPACEJ069404),GLYMA_16G214669_1)),GWHPACEP063425,GWHPACEO068177);
((((((GWHPACEI069718,((GWHPACER062098,(GWHPACET068237,GWHPACEH067537)),GWHPACEU067846)),(GLYMA_16G213800_1,W05_GLYSO_16G044379_1_P)),(GWHPACES067573,GWHPACEL063969)),GWHPACEJ069404),(GLYMA_16G214669_1,GWHPACEK060254)),GWHPACEP063425,GWHPACEO068177);
(((((GWHPACEU067846,((GLYMA_16G213800_1,W05_GLYSO_16G044379_1_P),((GWHPACEI069718,GWHPACER062098),(GWHPACET068237,GWHPACEH067537)))),(GWHPACES067573,GWHPACEL063969)),GWHPACEJ069404),(GLYMA_16G214669_1,GWHPACEK060254)),GWHPACEP063425,GWHPACEO068177);
((GWHPACEK060254,(((((GLYMA_16G213800_1,W05_GLYSO_16G044379_1_P),((((GWHPACET068237,GWHPACEH067537),GWHPACEI069718),GWHPACER062098),GWHPACEU067846)),(GWHPACES067573,GWHPACEL063969)),GWHPACEJ069404),GLYMA_16G214669_1)),GWHPACEP063425,GWHPACEO068177);
((GWHPACEK060254,(((((GLYMA_16G213800_1,W05_GLYSO_16G044379_1_P),((((GWHPACET068237,GWHPACEH067537),GWHPACEI069718),GWHPACER062098),GWHPACEU067846)),(GWHPACES067573,GWHPACEL063969)),GWHPACEJ069404),GLYMA_16G214669_1)),GWHPACEP063425,GWHPACEO068177);
((GWHPACEK060254,(((((GLYMA_16G213800_1,W05_GLYSO_16G044379_1_P),((((GWHPACET068237,GWHPACEH067537),GWHPACEI069718),GWHPACER062098),GWHPACEU067846)),(GWHPACES067573,GWHPACEL063969)),GWHPACEJ069404),GLYMA_16G214669_1)),GWHPACEP063425,GWHPACEO068177);
((GWHPACEK060254,((((((GWHPACET068237,GWHPACEH067537),(GWHPACEI069718,GWHPACER062098)),(GWHPACEU067846,(GLYMA_16G213800_1,W05_GLYSO_16G044379_1_P))),(GWHPACES067573,GWHPACEL063969)),GWHPACEJ069404),GLYMA_16G214669_1)),GWHPACEP063425,GWHPACEO068177);
((GWHPACEK060254,((((((GWHPACET068237,GWHPACEH067537),(GWHPACEI069718,GWHPACER062098)),(GWHPACEU067846,(GLYMA_16G213800_1,W05_GLYSO_16G044379_1_P))),(GWHPACES067573,GWHPACEL063969)),GWHPACEJ069404),GLYMA_16G214669_1)),GWHPACEP063425,GWHPACEO068177);
((GWHPACEK060254,((((((GWHPACET068237,GWHPACEH067537),(GWHPACEI069718,GWHPACER062098)),(GWHPACEU067846,(GLYMA_16G213800_1,W05_GLYSO_16G044379_1_P))),(GWHPACES067573,GWHPACEL063969)),GWHPACEJ069404),GLYMA_16G214669_1)),GWHPACEP063425,GWHPACEO068177);
