(GWHPACEM024163,(GWHPACEC022927,(GWHPACES024274,(GWHPACES024276,(GWHPACES024275,GWHPACES024277)))),GWHPACEQ022790);
(GWHPACES024277,(((GWHPACES024276,GWHPACES024275),GWHPACEC022927),(GWHPACEM024163,GWHPACES024274)),GWHPACEQ022790);
((GWHPACEM024163,((GWHPACES024277,GWHPACES024274),(GWHPACES024276,GWHPACES024275))),GWHPACEC022927,GWHPACEQ022790);
((GWHPACEM024163,((GWHPACES024277,GWHPACES024274),(GWHPACES024276,GWHPACES024275))),GWHPACEC022927,GWHPACEQ022790);
((GWHPACEM024163,((GWHPACES024277,GWHPACES024274),(GWHPACES024276,GWHPACES024275))),GWHPACEC022927,GWHPACEQ022790);
((GWHPACEM024163,((GWHPACES024277,GWHPACES024274),(GWHPACES024276,GWHPACES024275))),GWHPACEC022927,GWHPACEQ022790);
((GWHPACEM024163,((GWHPACES024277,GWHPACES024274),(GWHPACES024276,GWHPACES024275))),GWHPACEC022927,GWHPACEQ022790);
((GWHPACEM024163,((GWHPACES024277,GWHPACES024274),(GWHPACES024276,GWHPACES024275))),GWHPACEC022927,GWHPACEQ022790);
((GWHPACEM024163,((GWHPACES024277,GWHPACES024274),(GWHPACES024276,GWHPACES024275))),GWHPACEC022927,GWHPACEQ022790);
((GWHPACEM024163,((GWHPACES024277,GWHPACES024274),(GWHPACES024276,GWHPACES024275))),GWHPACEC022927,GWHPACEQ022790);
((GWHPACEM024163,GWHPACEC022927),(((GWHPACES024275,GWHPACES024277),GWHPACES024274),GWHPACES024276),GWHPACEQ022790);
(GWHPACEC022927,(((GWHPACES024277,GWHPACES024274),(GWHPACES024275,GWHPACES024276)),GWHPACEM024163),GWHPACEQ022790);
(GWHPACEC022927,(((GWHPACES024277,GWHPACES024274),(GWHPACES024275,GWHPACES024276)),GWHPACEM024163),GWHPACEQ022790);
(GWHPACEC022927,(((GWHPACES024277,GWHPACES024274),(GWHPACES024275,GWHPACES024276)),GWHPACEM024163),GWHPACEQ022790);
(GWHPACEC022927,(((GWHPACES024277,GWHPACES024274),(GWHPACES024275,GWHPACES024276)),GWHPACEM024163),GWHPACEQ022790);
(GWHPACEC022927,(((GWHPACES024277,GWHPACES024274),(GWHPACES024275,GWHPACES024276)),GWHPACEM024163),GWHPACEQ022790);
(GWHPACEC022927,(((GWHPACES024277,GWHPACES024274),(GWHPACES024275,GWHPACES024276)),GWHPACEM024163),GWHPACEQ022790);
(GWHPACEC022927,(((GWHPACES024277,GWHPACES024274),(GWHPACES024275,GWHPACES024276)),GWHPACEM024163),GWHPACEQ022790);
(GWHPACEC022927,(((GWHPACES024277,GWHPACES024274),(GWHPACES024275,GWHPACES024276)),GWHPACEM024163),GWHPACEQ022790);
(GWHPACEC022927,(((GWHPACES024277,GWHPACES024274),(GWHPACES024275,GWHPACES024276)),GWHPACEM024163),GWHPACEQ022790);
(GWHPACEC022927,((GWHPACES024277,((GWHPACES024274,GWHPACES024275),GWHPACES024276)),GWHPACEM024163),GWHPACEQ022790);
(GWHPACEM024163,(GWHPACEC022927,((GWHPACES024277,GWHPACES024274),(GWHPACES024276,GWHPACES024275))),GWHPACEQ022790);
(GWHPACEM024163,(GWHPACEC022927,((GWHPACES024277,GWHPACES024274),(GWHPACES024276,GWHPACES024275))),GWHPACEQ022790);
(GWHPACEM024163,(GWHPACEC022927,((GWHPACES024277,GWHPACES024274),(GWHPACES024276,GWHPACES024275))),GWHPACEQ022790);
(GWHPACEM024163,(GWHPACEC022927,((GWHPACES024277,GWHPACES024274),(GWHPACES024276,GWHPACES024275))),GWHPACEQ022790);
(GWHPACEM024163,(GWHPACEC022927,((GWHPACES024277,GWHPACES024274),(GWHPACES024276,GWHPACES024275))),GWHPACEQ022790);
(GWHPACEM024163,(GWHPACEC022927,((GWHPACES024277,GWHPACES024274),(GWHPACES024276,GWHPACES024275))),GWHPACEQ022790);
(GWHPACEM024163,(GWHPACEC022927,((GWHPACES024277,GWHPACES024274),(GWHPACES024276,GWHPACES024275))),GWHPACEQ022790);
(GWHPACEM024163,(GWHPACEC022927,((GWHPACES024277,GWHPACES024274),(GWHPACES024276,GWHPACES024275))),GWHPACEQ022790);
(GWHPACEM024163,(GWHPACEC022927,((GWHPACES024277,GWHPACES024274),(GWHPACES024276,GWHPACES024275))),GWHPACEQ022790);
(GWHPACEC022927,((GWHPACES024277,(GWHPACES024276,(GWHPACES024274,GWHPACES024275))),GWHPACEM024163),GWHPACEQ022790);
(GWHPACEC022927,(((GWHPACES024277,GWHPACES024274),(GWHPACES024276,GWHPACES024275)),GWHPACEM024163),GWHPACEQ022790);
(GWHPACEC022927,(((GWHPACES024277,GWHPACES024274),(GWHPACES024276,GWHPACES024275)),GWHPACEM024163),GWHPACEQ022790);
(GWHPACEC022927,(((GWHPACES024277,GWHPACES024274),(GWHPACES024276,GWHPACES024275)),GWHPACEM024163),GWHPACEQ022790);
(GWHPACEC022927,(((GWHPACES024277,GWHPACES024274),(GWHPACES024276,GWHPACES024275)),GWHPACEM024163),GWHPACEQ022790);
(GWHPACEC022927,(((GWHPACES024277,GWHPACES024274),(GWHPACES024276,GWHPACES024275)),GWHPACEM024163),GWHPACEQ022790);
(GWHPACEC022927,(((GWHPACES024277,GWHPACES024274),(GWHPACES024276,GWHPACES024275)),GWHPACEM024163),GWHPACEQ022790);
(GWHPACEC022927,(((GWHPACES024277,GWHPACES024274),(GWHPACES024276,GWHPACES024275)),GWHPACEM024163),GWHPACEQ022790);
(GWHPACEC022927,(((GWHPACES024277,GWHPACES024274),(GWHPACES024276,GWHPACES024275)),GWHPACEM024163),GWHPACEQ022790);
(GWHPACEC022927,(((GWHPACES024277,GWHPACES024274),(GWHPACES024276,GWHPACES024275)),GWHPACEM024163),GWHPACEQ022790);
(GWHPACEC022927,(((GWHPACES024274,GWHPACES024277),(GWHPACES024276,GWHPACES024275)),GWHPACEM024163),GWHPACEQ022790);
(GWHPACEC022927,(((GWHPACES024274,GWHPACES024277),(GWHPACES024276,GWHPACES024275)),GWHPACEM024163),GWHPACEQ022790);
(GWHPACEC022927,(((GWHPACES024274,GWHPACES024277),(GWHPACES024276,GWHPACES024275)),GWHPACEM024163),GWHPACEQ022790);
(GWHPACEC022927,(((GWHPACES024274,GWHPACES024277),(GWHPACES024276,GWHPACES024275)),GWHPACEM024163),GWHPACEQ022790);
(GWHPACEC022927,(((GWHPACES024274,GWHPACES024277),(GWHPACES024276,GWHPACES024275)),GWHPACEM024163),GWHPACEQ022790);
(GWHPACEC022927,(((GWHPACES024274,GWHPACES024277),(GWHPACES024276,GWHPACES024275)),GWHPACEM024163),GWHPACEQ022790);
(GWHPACEC022927,(((GWHPACES024274,GWHPACES024277),(GWHPACES024276,GWHPACES024275)),GWHPACEM024163),GWHPACEQ022790);
(GWHPACEC022927,(((GWHPACES024274,GWHPACES024277),(GWHPACES024276,GWHPACES024275)),GWHPACEM024163),GWHPACEQ022790);
(GWHPACEC022927,(((GWHPACES024274,GWHPACES024277),(GWHPACES024276,GWHPACES024275)),GWHPACEM024163),GWHPACEQ022790);
(GWHPACEC022927,(((GWHPACES024274,GWHPACES024277),(GWHPACES024276,GWHPACES024275)),GWHPACEM024163),GWHPACEQ022790);
((GWHPACEC022927,GWHPACEM024163),(GWHPACES024277,((GWHPACES024276,GWHPACES024275),GWHPACES024274)),GWHPACEQ022790);
((GWHPACEC022927,GWHPACEM024163),(GWHPACES024277,((GWHPACES024276,GWHPACES024275),GWHPACES024274)),GWHPACEQ022790);
((GWHPACEC022927,GWHPACEM024163),(GWHPACES024277,((GWHPACES024276,GWHPACES024275),GWHPACES024274)),GWHPACEQ022790);
((GWHPACEC022927,GWHPACEM024163),(GWHPACES024277,((GWHPACES024276,GWHPACES024275),GWHPACES024274)),GWHPACEQ022790);
((GWHPACEC022927,GWHPACEM024163),(GWHPACES024277,((GWHPACES024276,GWHPACES024275),GWHPACES024274)),GWHPACEQ022790);
((GWHPACEC022927,GWHPACEM024163),(GWHPACES024277,((GWHPACES024276,GWHPACES024275),GWHPACES024274)),GWHPACEQ022790);
((GWHPACEC022927,GWHPACEM024163),(GWHPACES024277,((GWHPACES024276,GWHPACES024275),GWHPACES024274)),GWHPACEQ022790);
((GWHPACEC022927,GWHPACEM024163),(GWHPACES024277,((GWHPACES024276,GWHPACES024275),GWHPACES024274)),GWHPACEQ022790);
((GWHPACEC022927,GWHPACEM024163),(GWHPACES024277,((GWHPACES024276,GWHPACES024275),GWHPACES024274)),GWHPACEQ022790);
((GWHPACEC022927,GWHPACEM024163),(GWHPACES024277,((GWHPACES024276,GWHPACES024275),GWHPACES024274)),GWHPACEQ022790);
(GWHPACEC022927,(((GWHPACES024275,GWHPACES024276),(GWHPACES024277,GWHPACES024274)),GWHPACEM024163),GWHPACEQ022790);
(GWHPACEC022927,(((GWHPACES024275,GWHPACES024276),(GWHPACES024277,GWHPACES024274)),GWHPACEM024163),GWHPACEQ022790);
(GWHPACEC022927,(((GWHPACES024275,GWHPACES024276),(GWHPACES024277,GWHPACES024274)),GWHPACEM024163),GWHPACEQ022790);
(GWHPACEC022927,(((GWHPACES024275,GWHPACES024276),(GWHPACES024277,GWHPACES024274)),GWHPACEM024163),GWHPACEQ022790);
(GWHPACEC022927,(((GWHPACES024275,GWHPACES024276),(GWHPACES024277,GWHPACES024274)),GWHPACEM024163),GWHPACEQ022790);
(GWHPACEC022927,(((GWHPACES024275,GWHPACES024276),(GWHPACES024277,GWHPACES024274)),GWHPACEM024163),GWHPACEQ022790);
(GWHPACEC022927,(((GWHPACES024275,GWHPACES024276),(GWHPACES024277,GWHPACES024274)),GWHPACEM024163),GWHPACEQ022790);
(GWHPACEC022927,(((GWHPACES024275,GWHPACES024276),(GWHPACES024277,GWHPACES024274)),GWHPACEM024163),GWHPACEQ022790);
(GWHPACEC022927,(((GWHPACES024275,GWHPACES024276),(GWHPACES024277,GWHPACES024274)),GWHPACEM024163),GWHPACEQ022790);
(GWHPACEC022927,(((GWHPACES024275,GWHPACES024276),(GWHPACES024277,GWHPACES024274)),GWHPACEM024163),GWHPACEQ022790);
((((GWHPACES024277,(GWHPACES024276,GWHPACES024274)),GWHPACES024275),GWHPACEC022927),GWHPACEM024163,GWHPACEQ022790);
((((GWHPACES024277,(GWHPACES024276,GWHPACES024274)),GWHPACES024275),GWHPACEC022927),GWHPACEM024163,GWHPACEQ022790);
((((GWHPACES024277,(GWHPACES024276,GWHPACES024274)),GWHPACES024275),GWHPACEC022927),GWHPACEM024163,GWHPACEQ022790);
((((GWHPACES024275,GWHPACES024276),(GWHPACES024274,GWHPACES024277)),GWHPACEC022927),GWHPACEM024163,GWHPACEQ022790);
((((GWHPACES024275,GWHPACES024276),(GWHPACES024274,GWHPACES024277)),GWHPACEC022927),GWHPACEM024163,GWHPACEQ022790);
((((GWHPACES024275,GWHPACES024276),(GWHPACES024274,GWHPACES024277)),GWHPACEC022927),GWHPACEM024163,GWHPACEQ022790);
((((GWHPACES024275,GWHPACES024276),(GWHPACES024274,GWHPACES024277)),GWHPACEC022927),GWHPACEM024163,GWHPACEQ022790);
((((GWHPACES024275,GWHPACES024276),(GWHPACES024274,GWHPACES024277)),GWHPACEC022927),GWHPACEM024163,GWHPACEQ022790);
((((GWHPACES024275,GWHPACES024276),(GWHPACES024274,GWHPACES024277)),GWHPACEC022927),GWHPACEM024163,GWHPACEQ022790);
((((GWHPACES024275,GWHPACES024276),(GWHPACES024274,GWHPACES024277)),GWHPACEC022927),GWHPACEM024163,GWHPACEQ022790);
(GWHPACEC022927,(GWHPACEM024163,(GWHPACES024277,(GWHPACES024275,(GWHPACES024276,GWHPACES024274)))),GWHPACEQ022790);
(GWHPACEC022927,(GWHPACEM024163,(GWHPACES024277,(GWHPACES024275,(GWHPACES024276,GWHPACES024274)))),GWHPACEQ022790);
(GWHPACEC022927,(GWHPACEM024163,(GWHPACES024277,(GWHPACES024275,(GWHPACES024276,GWHPACES024274)))),GWHPACEQ022790);
(GWHPACEC022927,(GWHPACEM024163,(GWHPACES024277,(GWHPACES024275,(GWHPACES024276,GWHPACES024274)))),GWHPACEQ022790);
(GWHPACEC022927,(GWHPACEM024163,(GWHPACES024277,(GWHPACES024275,(GWHPACES024276,GWHPACES024274)))),GWHPACEQ022790);
(GWHPACEC022927,(GWHPACEM024163,(GWHPACES024277,(GWHPACES024275,(GWHPACES024276,GWHPACES024274)))),GWHPACEQ022790);
(GWHPACEC022927,(GWHPACEM024163,(GWHPACES024277,(GWHPACES024275,(GWHPACES024276,GWHPACES024274)))),GWHPACEQ022790);
(GWHPACEC022927,(GWHPACEM024163,(GWHPACES024277,(GWHPACES024275,(GWHPACES024276,GWHPACES024274)))),GWHPACEQ022790);
(GWHPACEC022927,(GWHPACEM024163,(GWHPACES024277,(GWHPACES024275,(GWHPACES024276,GWHPACES024274)))),GWHPACEQ022790);
(GWHPACEC022927,(GWHPACEM024163,(GWHPACES024277,(GWHPACES024275,(GWHPACES024276,GWHPACES024274)))),GWHPACEQ022790);
((GWHPACEC022927,GWHPACEM024163),((GWHPACES024274,GWHPACES024276),(GWHPACES024275,GWHPACES024277)),GWHPACEQ022790);
(GWHPACEC022927,(GWHPACEM024163,((GWHPACES024275,GWHPACES024276),(GWHPACES024277,GWHPACES024274))),GWHPACEQ022790);
(GWHPACEC022927,(GWHPACEM024163,((GWHPACES024275,GWHPACES024276),(GWHPACES024277,GWHPACES024274))),GWHPACEQ022790);
(GWHPACEC022927,(GWHPACEM024163,((GWHPACES024275,GWHPACES024276),(GWHPACES024277,GWHPACES024274))),GWHPACEQ022790);
(GWHPACEC022927,(GWHPACEM024163,((GWHPACES024275,GWHPACES024276),(GWHPACES024277,GWHPACES024274))),GWHPACEQ022790);
(GWHPACEC022927,(GWHPACEM024163,((GWHPACES024275,GWHPACES024276),(GWHPACES024277,GWHPACES024274))),GWHPACEQ022790);
(GWHPACEC022927,(GWHPACEM024163,((GWHPACES024275,GWHPACES024276),(GWHPACES024277,GWHPACES024274))),GWHPACEQ022790);
(GWHPACEC022927,(GWHPACEM024163,((GWHPACES024275,GWHPACES024276),(GWHPACES024277,GWHPACES024274))),GWHPACEQ022790);
(GWHPACEC022927,(GWHPACEM024163,((GWHPACES024275,GWHPACES024276),(GWHPACES024277,GWHPACES024274))),GWHPACEQ022790);
(GWHPACEC022927,(GWHPACEM024163,((GWHPACES024275,GWHPACES024276),(GWHPACES024277,GWHPACES024274))),GWHPACEQ022790);
