

IMPORTANT WARNING: Sequences GLYMA_ZH13_06G246700_1_P and GWHPACEH024144 are exactly identical


IMPORTANT WARNING: Sequences GLYMA_ZH13_06G246700_1_P and GWHPACEJ024892 are exactly identical


IMPORTANT WARNING: Sequences GWHPACEJ024901 and GWHPACEH024152 are exactly identical


IMPORTANT WARNING: Sequences GWHPACEJ024901 and GLYMA_ZH13_06G247000_1_P are exactly identical


IMPORTANT WARNING: Sequences GWHPACEJ024901 and GWHPACEB022585 are exactly identical

IMPORTANT WARNING
Found 5 sequences that are exactly identical to other sequences in the alignment.
Normally they should be excluded from the analysis.

Just in case you might need it, an alignment file with 
sequence duplicates removed is printed to file ../../RAxML_tree_pbNB-ARC/Clade_Refinement_2/Int11890_361_599_R_29_44_R_14.afa.reduced


This is RAxML version 8.2.12 released by Alexandros Stamatakis on May 2018.

With greatly appreciated code contributions by:
Andre Aberer      (HITS)
Simon Berger      (HITS)
Alexey Kozlov     (HITS)
Kassian Kobert    (HITS)
David Dao         (KIT and HITS)
Sarah Lutteropp   (KIT and HITS)
Nick Pattengale   (Sandia)
Wayne Pfeiffer    (SDSC)
Akifumi S. Tanabe (NRIFS)
Charlie Taylor    (UF)


Alignment has 310 distinct alignment patterns

Proportion of gaps and completely undetermined characters in this alignment: 19.45%

RAxML rapid bootstrapping and subsequent ML search

Using 1 distinct models/data partitions with joint branch length optimization



Executing 100 rapid bootstrap inferences and thereafter a thorough ML search 

All free model parameters will be estimated by RAxML
ML estimate of 25 per site rate categories

Likelihood of final tree will be evaluated and optimized under GAMMA

GAMMA Model parameters will be estimated up to an accuracy of 0.1000000000 Log Likelihood units

Partition: 0
Alignment Patterns: 310
Name: No Name Provided
DataType: AA
Substitution Matrix: JTT
Using fixed base frequencies




RAxML was called as follows:

/Users/prigozhin/Installers/standard-RAxML/raxmlHPC-PTHREADS-AVX -T 4 -n Int11890_361_599_R_29_44_R_14.Raxml.out -f a -x 12345 -p 12345 -# 100 -m PROTCATJTT -s ../../RAxML_tree_pbNB-ARC/Clade_Refinement_2/Int11890_361_599_R_29_44_R_14.afa 



Time for BS model parameter optimization 0.475112
Bootstrap[0]: Time 0.618555 seconds, bootstrap likelihood -6816.814858, best rearrangement setting 13
Bootstrap[1]: Time 0.284298 seconds, bootstrap likelihood -6718.483116, best rearrangement setting 13
Bootstrap[2]: Time 0.153168 seconds, bootstrap likelihood -6592.542447, best rearrangement setting 12
Bootstrap[3]: Time 0.181775 seconds, bootstrap likelihood -6945.885423, best rearrangement setting 15
Bootstrap[4]: Time 0.269280 seconds, bootstrap likelihood -6781.591966, best rearrangement setting 10
Bootstrap[5]: Time 0.287782 seconds, bootstrap likelihood -6704.327879, best rearrangement setting 10
Bootstrap[6]: Time 0.145962 seconds, bootstrap likelihood -6821.438565, best rearrangement setting 6
Bootstrap[7]: Time 0.127153 seconds, bootstrap likelihood -6691.180038, best rearrangement setting 14
Bootstrap[8]: Time 0.147115 seconds, bootstrap likelihood -6682.405671, best rearrangement setting 5
Bootstrap[9]: Time 0.132906 seconds, bootstrap likelihood -6856.471314, best rearrangement setting 7
Bootstrap[10]: Time 0.148301 seconds, bootstrap likelihood -7002.693908, best rearrangement setting 7
Bootstrap[11]: Time 0.153874 seconds, bootstrap likelihood -6640.128917, best rearrangement setting 5
Bootstrap[12]: Time 0.296698 seconds, bootstrap likelihood -6710.831170, best rearrangement setting 8
Bootstrap[13]: Time 0.370141 seconds, bootstrap likelihood -6680.361514, best rearrangement setting 7
Bootstrap[14]: Time 0.330242 seconds, bootstrap likelihood -6942.665699, best rearrangement setting 12
Bootstrap[15]: Time 0.136209 seconds, bootstrap likelihood -6969.035007, best rearrangement setting 15
Bootstrap[16]: Time 0.337990 seconds, bootstrap likelihood -6899.656599, best rearrangement setting 12
Bootstrap[17]: Time 0.144890 seconds, bootstrap likelihood -6869.386213, best rearrangement setting 12
Bootstrap[18]: Time 0.150229 seconds, bootstrap likelihood -6712.304823, best rearrangement setting 5
Bootstrap[19]: Time 0.324901 seconds, bootstrap likelihood -6875.106986, best rearrangement setting 8
Bootstrap[20]: Time 0.353794 seconds, bootstrap likelihood -6828.077985, best rearrangement setting 10
Bootstrap[21]: Time 0.158330 seconds, bootstrap likelihood -6884.177266, best rearrangement setting 6
Bootstrap[22]: Time 0.141422 seconds, bootstrap likelihood -6835.485565, best rearrangement setting 5
Bootstrap[23]: Time 0.158253 seconds, bootstrap likelihood -6663.115770, best rearrangement setting 7
Bootstrap[24]: Time 0.125768 seconds, bootstrap likelihood -6732.303122, best rearrangement setting 8
Bootstrap[25]: Time 0.162773 seconds, bootstrap likelihood -6874.030686, best rearrangement setting 6
Bootstrap[26]: Time 0.155154 seconds, bootstrap likelihood -6763.830789, best rearrangement setting 12
Bootstrap[27]: Time 0.165326 seconds, bootstrap likelihood -6814.652237, best rearrangement setting 10
Bootstrap[28]: Time 0.165491 seconds, bootstrap likelihood -6806.539633, best rearrangement setting 11
Bootstrap[29]: Time 0.181576 seconds, bootstrap likelihood -6874.438965, best rearrangement setting 12
Bootstrap[30]: Time 0.133043 seconds, bootstrap likelihood -6778.741337, best rearrangement setting 15
Bootstrap[31]: Time 0.135546 seconds, bootstrap likelihood -6721.670891, best rearrangement setting 15
Bootstrap[32]: Time 0.299066 seconds, bootstrap likelihood -6805.206075, best rearrangement setting 6
Bootstrap[33]: Time 0.139872 seconds, bootstrap likelihood -6804.105681, best rearrangement setting 15
Bootstrap[34]: Time 0.167468 seconds, bootstrap likelihood -6708.382863, best rearrangement setting 11
Bootstrap[35]: Time 0.154719 seconds, bootstrap likelihood -6752.860616, best rearrangement setting 8
Bootstrap[36]: Time 0.132614 seconds, bootstrap likelihood -6918.226745, best rearrangement setting 9
Bootstrap[37]: Time 0.156916 seconds, bootstrap likelihood -6843.213554, best rearrangement setting 11
Bootstrap[38]: Time 0.165291 seconds, bootstrap likelihood -6714.744498, best rearrangement setting 8
Bootstrap[39]: Time 0.159534 seconds, bootstrap likelihood -6847.039887, best rearrangement setting 13
Bootstrap[40]: Time 0.150583 seconds, bootstrap likelihood -6947.771348, best rearrangement setting 13
Bootstrap[41]: Time 0.179445 seconds, bootstrap likelihood -6919.875126, best rearrangement setting 10
Bootstrap[42]: Time 0.141446 seconds, bootstrap likelihood -6808.275941, best rearrangement setting 5
Bootstrap[43]: Time 0.325839 seconds, bootstrap likelihood -6923.047920, best rearrangement setting 14
Bootstrap[44]: Time 0.126738 seconds, bootstrap likelihood -6768.609807, best rearrangement setting 10
Bootstrap[45]: Time 0.259482 seconds, bootstrap likelihood -6717.026859, best rearrangement setting 15
Bootstrap[46]: Time 0.146110 seconds, bootstrap likelihood -6783.342145, best rearrangement setting 14
Bootstrap[47]: Time 0.162403 seconds, bootstrap likelihood -6705.458312, best rearrangement setting 8
Bootstrap[48]: Time 0.145955 seconds, bootstrap likelihood -6851.650689, best rearrangement setting 6
Bootstrap[49]: Time 0.165136 seconds, bootstrap likelihood -6683.578055, best rearrangement setting 7
Bootstrap[50]: Time 0.153507 seconds, bootstrap likelihood -6811.713868, best rearrangement setting 7
Bootstrap[51]: Time 0.134902 seconds, bootstrap likelihood -6810.572276, best rearrangement setting 11
Bootstrap[52]: Time 0.153326 seconds, bootstrap likelihood -6806.975869, best rearrangement setting 12
Bootstrap[53]: Time 0.385580 seconds, bootstrap likelihood -6885.642528, best rearrangement setting 8
Bootstrap[54]: Time 0.138995 seconds, bootstrap likelihood -6733.861175, best rearrangement setting 9
Bootstrap[55]: Time 0.144688 seconds, bootstrap likelihood -6827.562549, best rearrangement setting 11
Bootstrap[56]: Time 0.299204 seconds, bootstrap likelihood -6715.445832, best rearrangement setting 5
Bootstrap[57]: Time 0.151387 seconds, bootstrap likelihood -6669.833480, best rearrangement setting 7
Bootstrap[58]: Time 0.406664 seconds, bootstrap likelihood -6816.360757, best rearrangement setting 10
Bootstrap[59]: Time 0.150116 seconds, bootstrap likelihood -6840.203663, best rearrangement setting 9
Bootstrap[60]: Time 0.155885 seconds, bootstrap likelihood -6695.028634, best rearrangement setting 7
Bootstrap[61]: Time 0.146404 seconds, bootstrap likelihood -6889.718294, best rearrangement setting 5
Bootstrap[62]: Time 0.372060 seconds, bootstrap likelihood -6841.068381, best rearrangement setting 11
Bootstrap[63]: Time 0.337893 seconds, bootstrap likelihood -6663.126683, best rearrangement setting 12
Bootstrap[64]: Time 0.151968 seconds, bootstrap likelihood -6937.284498, best rearrangement setting 7
Bootstrap[65]: Time 0.143022 seconds, bootstrap likelihood -6871.785047, best rearrangement setting 5
Bootstrap[66]: Time 0.277401 seconds, bootstrap likelihood -6780.332961, best rearrangement setting 5
Bootstrap[67]: Time 0.145902 seconds, bootstrap likelihood -6756.219864, best rearrangement setting 15
Bootstrap[68]: Time 0.135528 seconds, bootstrap likelihood -6789.816144, best rearrangement setting 11
Bootstrap[69]: Time 0.202084 seconds, bootstrap likelihood -6756.356218, best rearrangement setting 5
Bootstrap[70]: Time 0.334880 seconds, bootstrap likelihood -6639.054908, best rearrangement setting 8
Bootstrap[71]: Time 0.140708 seconds, bootstrap likelihood -6777.165670, best rearrangement setting 10
Bootstrap[72]: Time 0.354739 seconds, bootstrap likelihood -6720.949861, best rearrangement setting 11
Bootstrap[73]: Time 0.178988 seconds, bootstrap likelihood -6765.425033, best rearrangement setting 9
Bootstrap[74]: Time 0.171650 seconds, bootstrap likelihood -6744.214371, best rearrangement setting 5
Bootstrap[75]: Time 0.147944 seconds, bootstrap likelihood -6856.049420, best rearrangement setting 8
Bootstrap[76]: Time 0.164276 seconds, bootstrap likelihood -6673.365684, best rearrangement setting 9
Bootstrap[77]: Time 0.161882 seconds, bootstrap likelihood -6794.417159, best rearrangement setting 11
Bootstrap[78]: Time 0.152093 seconds, bootstrap likelihood -6982.926070, best rearrangement setting 15
Bootstrap[79]: Time 0.307556 seconds, bootstrap likelihood -6855.838279, best rearrangement setting 9
Bootstrap[80]: Time 0.310132 seconds, bootstrap likelihood -6735.106877, best rearrangement setting 15
Bootstrap[81]: Time 0.297460 seconds, bootstrap likelihood -6676.393895, best rearrangement setting 7
Bootstrap[82]: Time 0.312962 seconds, bootstrap likelihood -6845.173943, best rearrangement setting 6
Bootstrap[83]: Time 0.148693 seconds, bootstrap likelihood -6857.478969, best rearrangement setting 10
Bootstrap[84]: Time 0.148010 seconds, bootstrap likelihood -6773.708972, best rearrangement setting 11
Bootstrap[85]: Time 0.133858 seconds, bootstrap likelihood -6817.069149, best rearrangement setting 8
Bootstrap[86]: Time 0.149073 seconds, bootstrap likelihood -6815.374507, best rearrangement setting 7
Bootstrap[87]: Time 0.339653 seconds, bootstrap likelihood -6721.014043, best rearrangement setting 7
Bootstrap[88]: Time 0.336131 seconds, bootstrap likelihood -6884.775515, best rearrangement setting 12
Bootstrap[89]: Time 0.130203 seconds, bootstrap likelihood -6823.415509, best rearrangement setting 10
Bootstrap[90]: Time 0.142197 seconds, bootstrap likelihood -6838.883813, best rearrangement setting 8
Bootstrap[91]: Time 0.142862 seconds, bootstrap likelihood -6835.690033, best rearrangement setting 12
Bootstrap[92]: Time 0.157792 seconds, bootstrap likelihood -6868.161062, best rearrangement setting 13
Bootstrap[93]: Time 0.286243 seconds, bootstrap likelihood -6807.163500, best rearrangement setting 15
Bootstrap[94]: Time 0.137044 seconds, bootstrap likelihood -6773.588839, best rearrangement setting 5
Bootstrap[95]: Time 0.145554 seconds, bootstrap likelihood -6822.202052, best rearrangement setting 5
Bootstrap[96]: Time 0.140982 seconds, bootstrap likelihood -6730.538887, best rearrangement setting 13
Bootstrap[97]: Time 0.150729 seconds, bootstrap likelihood -6878.865789, best rearrangement setting 11
Bootstrap[98]: Time 0.141096 seconds, bootstrap likelihood -6850.281484, best rearrangement setting 6
Bootstrap[99]: Time 0.148967 seconds, bootstrap likelihood -6691.702554, best rearrangement setting 14


Overall Time for 100 Rapid Bootstraps 20.183655 seconds
Average Time per Rapid Bootstrap 0.201837 seconds

Starting ML Search ...

Fast ML optimization finished

Fast ML search Time: 8.366877 seconds

Slow ML Search 0 Likelihood: -7344.455728
Slow ML Search 1 Likelihood: -7344.455727
Slow ML Search 2 Likelihood: -7344.455727
Slow ML Search 3 Likelihood: -7344.455728
Slow ML Search 4 Likelihood: -7344.455728
Slow ML Search 5 Likelihood: -7344.455728
Slow ML Search 6 Likelihood: -7344.455727
Slow ML Search 7 Likelihood: -7344.455728
Slow ML Search 8 Likelihood: -7344.455728
Slow ML Search 9 Likelihood: -7344.455727
Slow ML optimization finished

Slow ML search Time: 3.909853 seconds
Thorough ML search Time: 0.684920 seconds

Final ML Optimization Likelihood: -7344.454686

Model Information:

Model Parameters of Partition 0, Name: No Name Provided, Type of Data: AA
alpha: 0.083700
Tree-Length: 0.145559
rate A <-> R: 0.603538
rate A <-> N: 0.561915
rate A <-> D: 0.842872
rate A <-> C: 0.582726
rate A <-> Q: 0.593132
rate A <-> E: 1.092612
rate A <-> G: 1.862643
rate A <-> H: 0.280957
rate A <-> I: 0.374610
rate A <-> L: 0.312175
rate A <-> K: 0.364204
rate A <-> M: 0.561915
rate A <-> F: 0.156087
rate A <-> P: 2.018730
rate A <-> S: 3.933403
rate A <-> T: 4.942768
rate A <-> W: 0.093652
rate A <-> Y: 0.114464
rate A <-> V: 3.100937
rate R <-> N: 0.468262
rate R <-> D: 0.166493
rate R <-> C: 1.175858
rate R <-> Q: 3.225806
rate R <-> E: 0.301769
rate R <-> G: 1.425598
rate R <-> H: 3.413111
rate R <-> I: 0.228928
rate R <-> L: 0.395421
rate R <-> K: 6.722164
rate R <-> M: 0.457856
rate R <-> F: 0.052029
rate R <-> P: 0.770031
rate R <-> S: 1.050989
rate R <-> T: 0.665973
rate R <-> W: 1.311134
rate R <-> Y: 0.208117
rate R <-> V: 0.176899
rate N <-> D: 5.494277
rate N <-> C: 0.353798
rate N <-> Q: 0.894901
rate N <-> E: 0.603538
rate N <-> G: 0.842872
rate N <-> H: 4.068678
rate N <-> I: 0.489074
rate N <-> L: 0.124870
rate N <-> K: 2.736733
rate N <-> M: 0.312175
rate N <-> F: 0.104058
rate N <-> P: 0.156087
rate N <-> S: 5.234131
rate N <-> T: 2.414152
rate N <-> W: 0.083247
rate N <-> Y: 0.728408
rate N <-> V: 0.166493
rate D <-> C: 0.104058
rate D <-> Q: 0.509886
rate D <-> E: 7.981270
rate D <-> G: 1.352758
rate D <-> H: 1.165453
rate D <-> I: 0.114464
rate D <-> L: 0.072841
rate D <-> K: 0.270552
rate D <-> M: 0.156087
rate D <-> F: 0.041623
rate D <-> P: 0.156087
rate D <-> S: 0.613944
rate D <-> T: 0.395421
rate D <-> W: 0.041623
rate D <-> Y: 0.478668
rate D <-> V: 0.322581
rate C <-> Q: 0.093652
rate C <-> E: 0.052029
rate C <-> G: 0.613944
rate C <-> H: 0.718002
rate C <-> I: 0.176899
rate C <-> L: 0.239334
rate C <-> K: 0.072841
rate C <-> M: 0.322581
rate C <-> F: 0.811655
rate C <-> P: 0.145682
rate C <-> S: 2.320499
rate C <-> T: 0.437045
rate C <-> W: 1.196670
rate C <-> Y: 2.174818
rate C <-> V: 0.645161
rate Q <-> E: 3.361082
rate Q <-> G: 0.270552
rate Q <-> H: 6.212279
rate Q <-> I: 0.093652
rate Q <-> L: 0.749220
rate Q <-> K: 3.038502
rate Q <-> M: 0.447451
rate Q <-> F: 0.041623
rate Q <-> P: 1.706556
rate Q <-> S: 0.551509
rate Q <-> T: 0.530697
rate Q <-> W: 0.187305
rate Q <-> Y: 0.249740
rate Q <-> V: 0.208117
rate E <-> G: 1.238293
rate E <-> H: 0.270552
rate E <-> I: 0.124870
rate E <-> L: 0.093652
rate E <-> K: 1.883455
rate E <-> M: 0.187305
rate E <-> F: 0.052029
rate E <-> P: 0.187305
rate E <-> S: 0.312175
rate E <-> T: 0.332986
rate E <-> W: 0.104058
rate E <-> Y: 0.072841
rate E <-> V: 0.468262
rate G <-> H: 0.239334
rate G <-> I: 0.062435
rate G <-> L: 0.062435
rate G <-> K: 0.280957
rate G <-> M: 0.145682
rate G <-> F: 0.052029
rate G <-> P: 0.249740
rate G <-> S: 2.091571
rate G <-> T: 0.343392
rate G <-> W: 0.572320
rate G <-> Y: 0.083247
rate G <-> V: 0.489074
rate H <-> I: 0.166493
rate H <-> L: 0.582726
rate H <-> K: 0.468262
rate H <-> M: 0.343392
rate H <-> F: 0.416233
rate H <-> P: 1.196670
rate H <-> S: 0.759625
rate H <-> T: 0.478668
rate H <-> W: 0.083247
rate H <-> Y: 5.962539
rate H <-> V: 0.114464
rate I <-> L: 2.382934
rate I <-> K: 0.218522
rate I <-> M: 4.984391
rate I <-> F: 0.926119
rate I <-> P: 0.104058
rate I <-> S: 0.416233
rate I <-> T: 2.549428
rate I <-> W: 0.093652
rate I <-> Y: 0.332986
rate I <-> V: 10.000000
rate L <-> K: 0.145682
rate L <-> M: 4.037461
rate L <-> F: 2.580645
rate L <-> P: 1.061394
rate L <-> S: 0.613944
rate L <-> T: 0.260146
rate L <-> W: 0.541103
rate L <-> Y: 0.249740
rate L <-> V: 1.873049
rate K <-> M: 0.676379
rate K <-> F: 0.041623
rate K <-> P: 0.218522
rate K <-> S: 0.489074
rate K <-> T: 1.071800
rate K <-> W: 0.104058
rate K <-> Y: 0.083247
rate K <-> V: 0.145682
rate M <-> F: 0.447451
rate M <-> P: 0.166493
rate M <-> S: 0.301769
rate M <-> T: 2.351717
rate M <-> W: 0.249740
rate M <-> Y: 0.187305
rate M <-> V: 3.361082
rate F <-> P: 0.176899
rate F <-> S: 0.957336
rate F <-> T: 0.124870
rate F <-> W: 0.551509
rate F <-> Y: 5.577523
rate F <-> V: 0.645161
rate P <-> S: 2.965661
rate P <-> T: 1.227888
rate P <-> W: 0.062435
rate P <-> Y: 0.104058
rate P <-> V: 0.239334
rate S <-> T: 4.963580
rate S <-> W: 0.364204
rate S <-> Y: 0.655567
rate S <-> V: 0.395421
rate T <-> W: 0.124870
rate T <-> Y: 0.218522
rate T <-> V: 1.165453
rate W <-> Y: 0.738814
rate W <-> V: 0.260146
rate Y <-> V: 0.166493

freq pi(A): 0.076748
freq pi(R): 0.051691
freq pi(N): 0.042645
freq pi(D): 0.051544
freq pi(C): 0.019803
freq pi(Q): 0.040752
freq pi(E): 0.061830
freq pi(G): 0.073152
freq pi(H): 0.022944
freq pi(I): 0.053761
freq pi(L): 0.091904
freq pi(K): 0.058676
freq pi(M): 0.023826
freq pi(F): 0.040126
freq pi(P): 0.050901
freq pi(S): 0.068765
freq pi(T): 0.058565
freq pi(W): 0.014261
freq pi(Y): 0.032102
freq pi(V): 0.066004


ML search took 12.983408 secs or 0.003607 hours

Combined Bootstrap and ML search took 33.167171 secs or 0.009213 hours

Drawing Bootstrap Support Values on best-scoring ML tree ...



Found 1 tree in File /Users/prigozhin/Dropbox/NLRomes/Soy_NLRome/RAxML_tree_pbNB-ARC/Clade_Refinement_2/RAxML_bestTree.Int11890_361_599_R_29_44_R_14.Raxml.out



Found 1 tree in File /Users/prigozhin/Dropbox/NLRomes/Soy_NLRome/RAxML_tree_pbNB-ARC/Clade_Refinement_2/RAxML_bestTree.Int11890_361_599_R_29_44_R_14.Raxml.out

Program execution info written to /Users/prigozhin/Dropbox/NLRomes/Soy_NLRome/RAxML_tree_pbNB-ARC/Clade_Refinement_2/RAxML_info.Int11890_361_599_R_29_44_R_14.Raxml.out
All 100 bootstrapped trees written to: /Users/prigozhin/Dropbox/NLRomes/Soy_NLRome/RAxML_tree_pbNB-ARC/Clade_Refinement_2/RAxML_bootstrap.Int11890_361_599_R_29_44_R_14.Raxml.out

Best-scoring ML tree written to: /Users/prigozhin/Dropbox/NLRomes/Soy_NLRome/RAxML_tree_pbNB-ARC/Clade_Refinement_2/RAxML_bestTree.Int11890_361_599_R_29_44_R_14.Raxml.out

Best-scoring ML tree with support values written to: /Users/prigozhin/Dropbox/NLRomes/Soy_NLRome/RAxML_tree_pbNB-ARC/Clade_Refinement_2/RAxML_bipartitions.Int11890_361_599_R_29_44_R_14.Raxml.out

Best-scoring ML tree with support values as branch labels written to: /Users/prigozhin/Dropbox/NLRomes/Soy_NLRome/RAxML_tree_pbNB-ARC/Clade_Refinement_2/RAxML_bipartitionsBranchLabels.Int11890_361_599_R_29_44_R_14.Raxml.out

Overall execution time for full ML analysis: 33.172301 secs or 0.009215 hours or 0.000384 days

