

IMPORTANT WARNING: Sequences GWHPACED074609 and GWHPACEI080882 are exactly identical


IMPORTANT WARNING: Sequences GWHPACED074609 and GWHPACEJ080213 are exactly identical


IMPORTANT WARNING: Sequences GWHPACEG077347 and GWHPACED074605 are exactly identical


IMPORTANT WARNING: Sequences GWHPACEG077347 and GWHPACEO079023 are exactly identical


IMPORTANT WARNING: Sequences GWHPACEG077347 and GWHPACEJ080209 are exactly identical


IMPORTANT WARNING: Sequences GWHPACEG077347 and GWHPACEI080878 are exactly identical


IMPORTANT WARNING: Sequences GWHPACEG077347 and GWHPACEW077928 are exactly identical


IMPORTANT WARNING: Sequences GWHPACEG077347 and GWHPACEU078659 are exactly identical


IMPORTANT WARNING: Sequences GWHPACEG077347 and GWHPACET079088 are exactly identical


IMPORTANT WARNING: Sequences GWHPACEQ073041 and GWHPACEC073220 are exactly identical


IMPORTANT WARNING: Sequences GWHPACEQ073041 and GWHPACEH078259 are exactly identical


IMPORTANT WARNING: Sequences GWHPACEQ073041 and GLYMA_ZH13_19G125600_1_P are exactly identical


IMPORTANT WARNING: Sequences GWHPACEQ073041 and GWHPACEG077352 are exactly identical


IMPORTANT WARNING: Sequences GWHPACEQ073041 and GWHPACEA078324 are exactly identical


IMPORTANT WARNING: Sequences GWHPACEQ073041 and GWHPACEE077880 are exactly identical


IMPORTANT WARNING: Sequences GWHPACEQ073041 and GWHPACEM077956 are exactly identical


IMPORTANT WARNING: Sequences GWHPACEQ073041 and GWHPACEO079028 are exactly identical


IMPORTANT WARNING: Sequences GWHPACEQ073041 and GWHPACET079092 are exactly identical


IMPORTANT WARNING: Sequences GWHPACEQ073041 and GWHPACEU078663 are exactly identical


IMPORTANT WARNING: Sequences GWHPACEQ073041 and GWHPACES078240 are exactly identical


IMPORTANT WARNING: Sequences GWHPACEE077877 and GWHPACEN077145 are exactly identical


IMPORTANT WARNING: Sequences GWHPACEE077877 and GWHPACES078238 are exactly identical


IMPORTANT WARNING: Sequences GLYMA_ZH13_19G124400_1_P and W05_GLYSO_19G051457_1_P are exactly identical


IMPORTANT WARNING: Sequences GLYMA_ZH13_19G124400_1_P and GWHPACES078234 are exactly identical


IMPORTANT WARNING: Sequences GWHPACEM077953 and GWHPACEH078256 are exactly identical


IMPORTANT WARNING: Sequences GLYMA_ZH13_19G125000_1_P and GLYMA_ZH13_19G124600_1_P are exactly identical


IMPORTANT WARNING: Sequences GLYMA_ZH13_19G125000_1_P and GLYMA_ZH13_19G124800_1_P are exactly identical

IMPORTANT WARNING
Found 27 sequences that are exactly identical to other sequences in the alignment.
Normally they should be excluded from the analysis.

Just in case you might need it, an alignment file with 
sequence duplicates removed is printed to file ../../RAxML_tree_pbNB-ARC/Clade_Refinement_2/Int8559_390_422_L_64_81_L_54.afa.reduced


This is RAxML version 8.2.12 released by Alexandros Stamatakis on May 2018.

With greatly appreciated code contributions by:
Andre Aberer      (HITS)
Simon Berger      (HITS)
Alexey Kozlov     (HITS)
Kassian Kobert    (HITS)
David Dao         (KIT and HITS)
Sarah Lutteropp   (KIT and HITS)
Nick Pattengale   (Sandia)
Wayne Pfeiffer    (SDSC)
Akifumi S. Tanabe (NRIFS)
Charlie Taylor    (UF)


Alignment has 1108 distinct alignment patterns

Proportion of gaps and completely undetermined characters in this alignment: 84.54%

RAxML rapid bootstrapping and subsequent ML search

Using 1 distinct models/data partitions with joint branch length optimization



Executing 100 rapid bootstrap inferences and thereafter a thorough ML search 

All free model parameters will be estimated by RAxML
ML estimate of 25 per site rate categories

Likelihood of final tree will be evaluated and optimized under GAMMA

GAMMA Model parameters will be estimated up to an accuracy of 0.1000000000 Log Likelihood units

Partition: 0
Alignment Patterns: 1108
Name: No Name Provided
DataType: AA
Substitution Matrix: JTT
Using fixed base frequencies




RAxML was called as follows:

/Users/prigozhin/Installers/standard-RAxML/raxmlHPC-PTHREADS-AVX -T 4 -n Int8559_390_422_L_64_81_L_54.Raxml.out -f a -x 12345 -p 12345 -# 100 -m PROTCATJTT -s ../../RAxML_tree_pbNB-ARC/Clade_Refinement_2/Int8559_390_422_L_64_81_L_54.afa 



Time for BS model parameter optimization 1.964177
Bootstrap[0]: Time 8.275826 seconds, bootstrap likelihood -28082.934317, best rearrangement setting 13
Bootstrap[1]: Time 6.870918 seconds, bootstrap likelihood -28029.957749, best rearrangement setting 13
Bootstrap[2]: Time 7.562089 seconds, bootstrap likelihood -28021.216100, best rearrangement setting 12
Bootstrap[3]: Time 7.422416 seconds, bootstrap likelihood -28028.586796, best rearrangement setting 15
Bootstrap[4]: Time 5.288743 seconds, bootstrap likelihood -28016.245117, best rearrangement setting 10
Bootstrap[5]: Time 7.727361 seconds, bootstrap likelihood -28200.473574, best rearrangement setting 10
Bootstrap[6]: Time 6.666030 seconds, bootstrap likelihood -27978.057629, best rearrangement setting 6
Bootstrap[7]: Time 10.879647 seconds, bootstrap likelihood -28277.521660, best rearrangement setting 14
Bootstrap[8]: Time 2.009228 seconds, bootstrap likelihood -28016.946001, best rearrangement setting 5
Bootstrap[9]: Time 6.394676 seconds, bootstrap likelihood -28027.101466, best rearrangement setting 7
Bootstrap[10]: Time 5.978405 seconds, bootstrap likelihood -28105.316717, best rearrangement setting 7
Bootstrap[11]: Time 4.541051 seconds, bootstrap likelihood -28247.804518, best rearrangement setting 5
Bootstrap[12]: Time 5.829171 seconds, bootstrap likelihood -28298.821696, best rearrangement setting 8
Bootstrap[13]: Time 4.480350 seconds, bootstrap likelihood -27947.647995, best rearrangement setting 7
Bootstrap[14]: Time 5.773291 seconds, bootstrap likelihood -28264.149727, best rearrangement setting 12
Bootstrap[15]: Time 5.971383 seconds, bootstrap likelihood -28244.810555, best rearrangement setting 15
Bootstrap[16]: Time 6.334501 seconds, bootstrap likelihood -28298.822778, best rearrangement setting 12
Bootstrap[17]: Time 7.057994 seconds, bootstrap likelihood -28188.212754, best rearrangement setting 12
Bootstrap[18]: Time 2.265169 seconds, bootstrap likelihood -28053.621557, best rearrangement setting 5
Bootstrap[19]: Time 4.960014 seconds, bootstrap likelihood -28224.997052, best rearrangement setting 8
Bootstrap[20]: Time 8.065711 seconds, bootstrap likelihood -28342.158259, best rearrangement setting 10
Bootstrap[21]: Time 4.783834 seconds, bootstrap likelihood -27960.416159, best rearrangement setting 6
Bootstrap[22]: Time 5.442471 seconds, bootstrap likelihood -28080.744708, best rearrangement setting 5
Bootstrap[23]: Time 7.289360 seconds, bootstrap likelihood -28464.810244, best rearrangement setting 7
Bootstrap[24]: Time 5.859514 seconds, bootstrap likelihood -28088.435907, best rearrangement setting 8
Bootstrap[25]: Time 4.569742 seconds, bootstrap likelihood -28049.836720, best rearrangement setting 6
Bootstrap[26]: Time 6.660748 seconds, bootstrap likelihood -28053.005031, best rearrangement setting 12
Bootstrap[27]: Time 5.847991 seconds, bootstrap likelihood -28285.296860, best rearrangement setting 10
Bootstrap[28]: Time 7.002931 seconds, bootstrap likelihood -28382.970278, best rearrangement setting 11
Bootstrap[29]: Time 6.421983 seconds, bootstrap likelihood -27992.348317, best rearrangement setting 12
Bootstrap[30]: Time 6.556564 seconds, bootstrap likelihood -27783.965442, best rearrangement setting 15
Bootstrap[31]: Time 6.697706 seconds, bootstrap likelihood -28063.893625, best rearrangement setting 15
Bootstrap[32]: Time 4.974441 seconds, bootstrap likelihood -28130.111752, best rearrangement setting 6
Bootstrap[33]: Time 6.253420 seconds, bootstrap likelihood -28174.807477, best rearrangement setting 15
Bootstrap[34]: Time 7.932857 seconds, bootstrap likelihood -28132.685505, best rearrangement setting 11
Bootstrap[35]: Time 6.833142 seconds, bootstrap likelihood -28250.627292, best rearrangement setting 8
Bootstrap[36]: Time 6.010824 seconds, bootstrap likelihood -27936.033793, best rearrangement setting 9
Bootstrap[37]: Time 7.689704 seconds, bootstrap likelihood -28236.292975, best rearrangement setting 11
Bootstrap[38]: Time 4.914168 seconds, bootstrap likelihood -28042.117071, best rearrangement setting 8
Bootstrap[39]: Time 6.449414 seconds, bootstrap likelihood -27912.611398, best rearrangement setting 13
Bootstrap[40]: Time 8.522324 seconds, bootstrap likelihood -28036.722667, best rearrangement setting 13
Bootstrap[41]: Time 6.570478 seconds, bootstrap likelihood -28236.256982, best rearrangement setting 10
Bootstrap[42]: Time 3.696504 seconds, bootstrap likelihood -27979.215362, best rearrangement setting 5
Bootstrap[43]: Time 6.816183 seconds, bootstrap likelihood -28617.757398, best rearrangement setting 14
Bootstrap[44]: Time 8.040320 seconds, bootstrap likelihood -28348.579297, best rearrangement setting 10
Bootstrap[45]: Time 8.669308 seconds, bootstrap likelihood -27970.584271, best rearrangement setting 15
Bootstrap[46]: Time 5.918519 seconds, bootstrap likelihood -28121.931904, best rearrangement setting 14
Bootstrap[47]: Time 4.752988 seconds, bootstrap likelihood -28170.878993, best rearrangement setting 8
Bootstrap[48]: Time 3.987517 seconds, bootstrap likelihood -28155.332833, best rearrangement setting 6
Bootstrap[49]: Time 6.584537 seconds, bootstrap likelihood -28188.885331, best rearrangement setting 7
Bootstrap[50]: Time 6.409954 seconds, bootstrap likelihood -28259.972917, best rearrangement setting 7
Bootstrap[51]: Time 5.843159 seconds, bootstrap likelihood -27808.284288, best rearrangement setting 11
Bootstrap[52]: Time 7.777952 seconds, bootstrap likelihood -28093.685175, best rearrangement setting 12
Bootstrap[53]: Time 7.228047 seconds, bootstrap likelihood -28349.738531, best rearrangement setting 8
Bootstrap[54]: Time 2.937364 seconds, bootstrap likelihood -28219.718717, best rearrangement setting 9
Bootstrap[55]: Time 3.268899 seconds, bootstrap likelihood -28103.901394, best rearrangement setting 11
Bootstrap[56]: Time 5.092449 seconds, bootstrap likelihood -28020.314381, best rearrangement setting 5
Bootstrap[57]: Time 7.010929 seconds, bootstrap likelihood -28223.648385, best rearrangement setting 7
Bootstrap[58]: Time 7.830112 seconds, bootstrap likelihood -27943.169596, best rearrangement setting 10
Bootstrap[59]: Time 7.107071 seconds, bootstrap likelihood -28452.307353, best rearrangement setting 9
Bootstrap[60]: Time 6.068446 seconds, bootstrap likelihood -27850.109584, best rearrangement setting 7
Bootstrap[61]: Time 4.454894 seconds, bootstrap likelihood -28048.767043, best rearrangement setting 5
Bootstrap[62]: Time 6.358769 seconds, bootstrap likelihood -28042.936755, best rearrangement setting 11
Bootstrap[63]: Time 6.577363 seconds, bootstrap likelihood -28205.581121, best rearrangement setting 12
Bootstrap[64]: Time 4.379217 seconds, bootstrap likelihood -28182.950283, best rearrangement setting 7
Bootstrap[65]: Time 4.098530 seconds, bootstrap likelihood -28191.013877, best rearrangement setting 5
Bootstrap[66]: Time 5.819923 seconds, bootstrap likelihood -28204.165375, best rearrangement setting 5
Bootstrap[67]: Time 5.931339 seconds, bootstrap likelihood -28194.681916, best rearrangement setting 15
Bootstrap[68]: Time 5.335752 seconds, bootstrap likelihood -28263.876925, best rearrangement setting 11
Bootstrap[69]: Time 1.937720 seconds, bootstrap likelihood -27845.816698, best rearrangement setting 5
Bootstrap[70]: Time 5.597042 seconds, bootstrap likelihood -28436.152458, best rearrangement setting 8
Bootstrap[71]: Time 5.881327 seconds, bootstrap likelihood -28204.450106, best rearrangement setting 10
Bootstrap[72]: Time 5.929941 seconds, bootstrap likelihood -28194.425494, best rearrangement setting 11
Bootstrap[73]: Time 5.522936 seconds, bootstrap likelihood -28288.917273, best rearrangement setting 9
Bootstrap[74]: Time 3.908499 seconds, bootstrap likelihood -27969.672763, best rearrangement setting 5
Bootstrap[75]: Time 4.320881 seconds, bootstrap likelihood -28071.776115, best rearrangement setting 8
Bootstrap[76]: Time 2.361647 seconds, bootstrap likelihood -27861.863757, best rearrangement setting 9
Bootstrap[77]: Time 6.139781 seconds, bootstrap likelihood -28191.198555, best rearrangement setting 11
Bootstrap[78]: Time 6.335427 seconds, bootstrap likelihood -28085.556112, best rearrangement setting 15
Bootstrap[79]: Time 2.670141 seconds, bootstrap likelihood -28123.797517, best rearrangement setting 9
Bootstrap[80]: Time 6.978002 seconds, bootstrap likelihood -28042.048818, best rearrangement setting 15
Bootstrap[81]: Time 4.694133 seconds, bootstrap likelihood -28101.583987, best rearrangement setting 7
Bootstrap[82]: Time 4.239603 seconds, bootstrap likelihood -28108.431144, best rearrangement setting 6
Bootstrap[83]: Time 6.321207 seconds, bootstrap likelihood -28533.037900, best rearrangement setting 10
Bootstrap[84]: Time 5.447099 seconds, bootstrap likelihood -28244.078032, best rearrangement setting 11
Bootstrap[85]: Time 5.543011 seconds, bootstrap likelihood -28072.969177, best rearrangement setting 8
Bootstrap[86]: Time 4.578133 seconds, bootstrap likelihood -28235.664590, best rearrangement setting 7
Bootstrap[87]: Time 4.548397 seconds, bootstrap likelihood -28143.479652, best rearrangement setting 7
Bootstrap[88]: Time 5.109242 seconds, bootstrap likelihood -28193.572002, best rearrangement setting 12
Bootstrap[89]: Time 5.195183 seconds, bootstrap likelihood -28171.230211, best rearrangement setting 10
Bootstrap[90]: Time 5.850641 seconds, bootstrap likelihood -28390.621332, best rearrangement setting 8
Bootstrap[91]: Time 6.112228 seconds, bootstrap likelihood -28205.411297, best rearrangement setting 12
Bootstrap[92]: Time 5.407861 seconds, bootstrap likelihood -27997.405555, best rearrangement setting 13
Bootstrap[93]: Time 7.013689 seconds, bootstrap likelihood -28009.862458, best rearrangement setting 15
Bootstrap[94]: Time 6.081308 seconds, bootstrap likelihood -28056.955485, best rearrangement setting 5
Bootstrap[95]: Time 5.080678 seconds, bootstrap likelihood -27941.330119, best rearrangement setting 5
Bootstrap[96]: Time 7.258575 seconds, bootstrap likelihood -28222.500301, best rearrangement setting 13
Bootstrap[97]: Time 5.806059 seconds, bootstrap likelihood -28283.866938, best rearrangement setting 11
Bootstrap[98]: Time 5.557020 seconds, bootstrap likelihood -28070.368819, best rearrangement setting 6
Bootstrap[99]: Time 6.537628 seconds, bootstrap likelihood -28026.422697, best rearrangement setting 14


Overall Time for 100 Rapid Bootstraps 585.784860 seconds
Average Time per Rapid Bootstrap 5.857849 seconds

Starting ML Search ...

Fast ML optimization finished

Fast ML search Time: 246.267224 seconds

Slow ML Search 0 Likelihood: -29555.526647
Slow ML Search 1 Likelihood: -29556.669564
Slow ML Search 2 Likelihood: -29556.656959
Slow ML Search 3 Likelihood: -29556.670654
Slow ML Search 4 Likelihood: -29556.660256
Slow ML Search 5 Likelihood: -29556.672951
Slow ML Search 6 Likelihood: -29555.828703
Slow ML Search 7 Likelihood: -29556.661236
Slow ML Search 8 Likelihood: -29555.825462
Slow ML Search 9 Likelihood: -29556.656104
Slow ML optimization finished

Slow ML search Time: 138.212291 seconds
Thorough ML search Time: 22.101113 seconds

Final ML Optimization Likelihood: -29554.631714

Model Information:

Model Parameters of Partition 0, Name: No Name Provided, Type of Data: AA
alpha: 0.248667
Tree-Length: 0.250515
rate A <-> R: 0.603538
rate A <-> N: 0.561915
rate A <-> D: 0.842872
rate A <-> C: 0.582726
rate A <-> Q: 0.593132
rate A <-> E: 1.092612
rate A <-> G: 1.862643
rate A <-> H: 0.280957
rate A <-> I: 0.374610
rate A <-> L: 0.312175
rate A <-> K: 0.364204
rate A <-> M: 0.561915
rate A <-> F: 0.156087
rate A <-> P: 2.018730
rate A <-> S: 3.933403
rate A <-> T: 4.942768
rate A <-> W: 0.093652
rate A <-> Y: 0.114464
rate A <-> V: 3.100937
rate R <-> N: 0.468262
rate R <-> D: 0.166493
rate R <-> C: 1.175858
rate R <-> Q: 3.225806
rate R <-> E: 0.301769
rate R <-> G: 1.425598
rate R <-> H: 3.413111
rate R <-> I: 0.228928
rate R <-> L: 0.395421
rate R <-> K: 6.722164
rate R <-> M: 0.457856
rate R <-> F: 0.052029
rate R <-> P: 0.770031
rate R <-> S: 1.050989
rate R <-> T: 0.665973
rate R <-> W: 1.311134
rate R <-> Y: 0.208117
rate R <-> V: 0.176899
rate N <-> D: 5.494277
rate N <-> C: 0.353798
rate N <-> Q: 0.894901
rate N <-> E: 0.603538
rate N <-> G: 0.842872
rate N <-> H: 4.068678
rate N <-> I: 0.489074
rate N <-> L: 0.124870
rate N <-> K: 2.736733
rate N <-> M: 0.312175
rate N <-> F: 0.104058
rate N <-> P: 0.156087
rate N <-> S: 5.234131
rate N <-> T: 2.414152
rate N <-> W: 0.083247
rate N <-> Y: 0.728408
rate N <-> V: 0.166493
rate D <-> C: 0.104058
rate D <-> Q: 0.509886
rate D <-> E: 7.981270
rate D <-> G: 1.352758
rate D <-> H: 1.165453
rate D <-> I: 0.114464
rate D <-> L: 0.072841
rate D <-> K: 0.270552
rate D <-> M: 0.156087
rate D <-> F: 0.041623
rate D <-> P: 0.156087
rate D <-> S: 0.613944
rate D <-> T: 0.395421
rate D <-> W: 0.041623
rate D <-> Y: 0.478668
rate D <-> V: 0.322581
rate C <-> Q: 0.093652
rate C <-> E: 0.052029
rate C <-> G: 0.613944
rate C <-> H: 0.718002
rate C <-> I: 0.176899
rate C <-> L: 0.239334
rate C <-> K: 0.072841
rate C <-> M: 0.322581
rate C <-> F: 0.811655
rate C <-> P: 0.145682
rate C <-> S: 2.320499
rate C <-> T: 0.437045
rate C <-> W: 1.196670
rate C <-> Y: 2.174818
rate C <-> V: 0.645161
rate Q <-> E: 3.361082
rate Q <-> G: 0.270552
rate Q <-> H: 6.212279
rate Q <-> I: 0.093652
rate Q <-> L: 0.749220
rate Q <-> K: 3.038502
rate Q <-> M: 0.447451
rate Q <-> F: 0.041623
rate Q <-> P: 1.706556
rate Q <-> S: 0.551509
rate Q <-> T: 0.530697
rate Q <-> W: 0.187305
rate Q <-> Y: 0.249740
rate Q <-> V: 0.208117
rate E <-> G: 1.238293
rate E <-> H: 0.270552
rate E <-> I: 0.124870
rate E <-> L: 0.093652
rate E <-> K: 1.883455
rate E <-> M: 0.187305
rate E <-> F: 0.052029
rate E <-> P: 0.187305
rate E <-> S: 0.312175
rate E <-> T: 0.332986
rate E <-> W: 0.104058
rate E <-> Y: 0.072841
rate E <-> V: 0.468262
rate G <-> H: 0.239334
rate G <-> I: 0.062435
rate G <-> L: 0.062435
rate G <-> K: 0.280957
rate G <-> M: 0.145682
rate G <-> F: 0.052029
rate G <-> P: 0.249740
rate G <-> S: 2.091571
rate G <-> T: 0.343392
rate G <-> W: 0.572320
rate G <-> Y: 0.083247
rate G <-> V: 0.489074
rate H <-> I: 0.166493
rate H <-> L: 0.582726
rate H <-> K: 0.468262
rate H <-> M: 0.343392
rate H <-> F: 0.416233
rate H <-> P: 1.196670
rate H <-> S: 0.759625
rate H <-> T: 0.478668
rate H <-> W: 0.083247
rate H <-> Y: 5.962539
rate H <-> V: 0.114464
rate I <-> L: 2.382934
rate I <-> K: 0.218522
rate I <-> M: 4.984391
rate I <-> F: 0.926119
rate I <-> P: 0.104058
rate I <-> S: 0.416233
rate I <-> T: 2.549428
rate I <-> W: 0.093652
rate I <-> Y: 0.332986
rate I <-> V: 10.000000
rate L <-> K: 0.145682
rate L <-> M: 4.037461
rate L <-> F: 2.580645
rate L <-> P: 1.061394
rate L <-> S: 0.613944
rate L <-> T: 0.260146
rate L <-> W: 0.541103
rate L <-> Y: 0.249740
rate L <-> V: 1.873049
rate K <-> M: 0.676379
rate K <-> F: 0.041623
rate K <-> P: 0.218522
rate K <-> S: 0.489074
rate K <-> T: 1.071800
rate K <-> W: 0.104058
rate K <-> Y: 0.083247
rate K <-> V: 0.145682
rate M <-> F: 0.447451
rate M <-> P: 0.166493
rate M <-> S: 0.301769
rate M <-> T: 2.351717
rate M <-> W: 0.249740
rate M <-> Y: 0.187305
rate M <-> V: 3.361082
rate F <-> P: 0.176899
rate F <-> S: 0.957336
rate F <-> T: 0.124870
rate F <-> W: 0.551509
rate F <-> Y: 5.577523
rate F <-> V: 0.645161
rate P <-> S: 2.965661
rate P <-> T: 1.227888
rate P <-> W: 0.062435
rate P <-> Y: 0.104058
rate P <-> V: 0.239334
rate S <-> T: 4.963580
rate S <-> W: 0.364204
rate S <-> Y: 0.655567
rate S <-> V: 0.395421
rate T <-> W: 0.124870
rate T <-> Y: 0.218522
rate T <-> V: 1.165453
rate W <-> Y: 0.738814
rate W <-> V: 0.260146
rate Y <-> V: 0.166493

freq pi(A): 0.076748
freq pi(R): 0.051691
freq pi(N): 0.042645
freq pi(D): 0.051544
freq pi(C): 0.019803
freq pi(Q): 0.040752
freq pi(E): 0.061830
freq pi(G): 0.073152
freq pi(H): 0.022944
freq pi(I): 0.053761
freq pi(L): 0.091904
freq pi(K): 0.058676
freq pi(M): 0.023826
freq pi(F): 0.040126
freq pi(P): 0.050901
freq pi(S): 0.068765
freq pi(T): 0.058565
freq pi(W): 0.014261
freq pi(Y): 0.032102
freq pi(V): 0.066004


ML search took 406.605032 secs or 0.112946 hours

Combined Bootstrap and ML search took 992.390082 secs or 0.275664 hours

Drawing Bootstrap Support Values on best-scoring ML tree ...



Found 1 tree in File /Users/prigozhin/Dropbox/NLRomes/Soy_NLRome/RAxML_tree_pbNB-ARC/Clade_Refinement_2/RAxML_bestTree.Int8559_390_422_L_64_81_L_54.Raxml.out



Found 1 tree in File /Users/prigozhin/Dropbox/NLRomes/Soy_NLRome/RAxML_tree_pbNB-ARC/Clade_Refinement_2/RAxML_bestTree.Int8559_390_422_L_64_81_L_54.Raxml.out

Program execution info written to /Users/prigozhin/Dropbox/NLRomes/Soy_NLRome/RAxML_tree_pbNB-ARC/Clade_Refinement_2/RAxML_info.Int8559_390_422_L_64_81_L_54.Raxml.out
All 100 bootstrapped trees written to: /Users/prigozhin/Dropbox/NLRomes/Soy_NLRome/RAxML_tree_pbNB-ARC/Clade_Refinement_2/RAxML_bootstrap.Int8559_390_422_L_64_81_L_54.Raxml.out

Best-scoring ML tree written to: /Users/prigozhin/Dropbox/NLRomes/Soy_NLRome/RAxML_tree_pbNB-ARC/Clade_Refinement_2/RAxML_bestTree.Int8559_390_422_L_64_81_L_54.Raxml.out

Best-scoring ML tree with support values written to: /Users/prigozhin/Dropbox/NLRomes/Soy_NLRome/RAxML_tree_pbNB-ARC/Clade_Refinement_2/RAxML_bipartitions.Int8559_390_422_L_64_81_L_54.Raxml.out

Best-scoring ML tree with support values as branch labels written to: /Users/prigozhin/Dropbox/NLRomes/Soy_NLRome/RAxML_tree_pbNB-ARC/Clade_Refinement_2/RAxML_bipartitionsBranchLabels.Int8559_390_422_L_64_81_L_54.Raxml.out

Overall execution time for full ML analysis: 992.419926 secs or 0.275672 hours or 0.011486 days

