

IMPORTANT WARNING: Sequences GWHPACES000171 and GWHPACEX000148 are exactly identical


IMPORTANT WARNING: Sequences GWHPACES000171 and GLYMA_01G010700_1 are exactly identical


IMPORTANT WARNING: Sequences GWHPACES000171 and GLYMA_ZH13_01G011000_1_P are exactly identical


IMPORTANT WARNING: Sequences GWHPACES000171 and GWHPACEG000161 are exactly identical


IMPORTANT WARNING: Sequences GWHPACES000171 and GWHPACEN000161 are exactly identical


IMPORTANT WARNING: Sequences GWHPACES000171 and GWHPACEH000162 are exactly identical


IMPORTANT WARNING: Sequences GWHPACES000171 and GWHPACEI000155 are exactly identical


IMPORTANT WARNING: Sequences GWHPACES000171 and GWHPACEP000165 are exactly identical


IMPORTANT WARNING: Sequences GWHPACEK000152 and GWHPACEV000151 are exactly identical


IMPORTANT WARNING: Sequences GWHPACEK000152 and GWHPACED000182 are exactly identical


IMPORTANT WARNING: Sequences GWHPACEK000152 and GWHPACER000157 are exactly identical


IMPORTANT WARNING: Sequences GWHPACEK000152 and GWHPACEU000156 are exactly identical


IMPORTANT WARNING: Sequences GWHPACEE000170 and GWHPACEA000169 are exactly identical


IMPORTANT WARNING: Sequences GWHPACEE000170 and GWHPACEM000166 are exactly identical


IMPORTANT WARNING: Sequences GWHPACEE000170 and GWHPACEW000156 are exactly identical


IMPORTANT WARNING: Sequences GWHPACET000157 and GWHPACEQ000162 are exactly identical

IMPORTANT WARNING
Found 16 sequences that are exactly identical to other sequences in the alignment.
Normally they should be excluded from the analysis.

Just in case you might need it, an alignment file with 
sequence duplicates removed is printed to file ../../RAxML_tree_pbNB-ARC/Clade_Refinement_2/Int12744_100_122_R_56_82_L_29.afa.reduced


This is RAxML version 8.2.12 released by Alexandros Stamatakis on May 2018.

With greatly appreciated code contributions by:
Andre Aberer      (HITS)
Simon Berger      (HITS)
Alexey Kozlov     (HITS)
Kassian Kobert    (HITS)
David Dao         (KIT and HITS)
Sarah Lutteropp   (KIT and HITS)
Nick Pattengale   (Sandia)
Wayne Pfeiffer    (SDSC)
Akifumi S. Tanabe (NRIFS)
Charlie Taylor    (UF)


Alignment has 116 distinct alignment patterns

Proportion of gaps and completely undetermined characters in this alignment: 12.83%

RAxML rapid bootstrapping and subsequent ML search

Using 1 distinct models/data partitions with joint branch length optimization



Executing 100 rapid bootstrap inferences and thereafter a thorough ML search 

All free model parameters will be estimated by RAxML
ML estimate of 25 per site rate categories

Likelihood of final tree will be evaluated and optimized under GAMMA

GAMMA Model parameters will be estimated up to an accuracy of 0.1000000000 Log Likelihood units

Partition: 0
Alignment Patterns: 116
Name: No Name Provided
DataType: AA
Substitution Matrix: JTT
Using fixed base frequencies




RAxML was called as follows:

/Users/prigozhin/Installers/standard-RAxML/raxmlHPC-PTHREADS-AVX -T 4 -n Int12744_100_122_R_56_82_L_29.Raxml.out -f a -x 12345 -p 12345 -# 100 -m PROTCATJTT -s ../../RAxML_tree_pbNB-ARC/Clade_Refinement_2/Int12744_100_122_R_56_82_L_29.afa 



Time for BS model parameter optimization 0.484151
Bootstrap[0]: Time 1.085106 seconds, bootstrap likelihood -3414.065820, best rearrangement setting 13
Bootstrap[1]: Time 0.499906 seconds, bootstrap likelihood -3385.724590, best rearrangement setting 13
Bootstrap[2]: Time 0.417640 seconds, bootstrap likelihood -3407.610193, best rearrangement setting 12
Bootstrap[3]: Time 0.577263 seconds, bootstrap likelihood -3384.723762, best rearrangement setting 15
Bootstrap[4]: Time 0.518683 seconds, bootstrap likelihood -3488.676371, best rearrangement setting 10
Bootstrap[5]: Time 0.452406 seconds, bootstrap likelihood -3378.947790, best rearrangement setting 10
Bootstrap[6]: Time 0.401003 seconds, bootstrap likelihood -3395.026530, best rearrangement setting 6
Bootstrap[7]: Time 0.623060 seconds, bootstrap likelihood -3423.698573, best rearrangement setting 14
Bootstrap[8]: Time 0.458393 seconds, bootstrap likelihood -3431.031829, best rearrangement setting 5
Bootstrap[9]: Time 0.428714 seconds, bootstrap likelihood -3404.414147, best rearrangement setting 7
Bootstrap[10]: Time 0.975072 seconds, bootstrap likelihood -3398.202305, best rearrangement setting 7
Bootstrap[11]: Time 0.396376 seconds, bootstrap likelihood -3398.977417, best rearrangement setting 5
Bootstrap[12]: Time 0.509037 seconds, bootstrap likelihood -3395.349767, best rearrangement setting 8
Bootstrap[13]: Time 0.380839 seconds, bootstrap likelihood -3476.029885, best rearrangement setting 7
Bootstrap[14]: Time 0.381188 seconds, bootstrap likelihood -3504.990846, best rearrangement setting 12
Bootstrap[15]: Time 0.485315 seconds, bootstrap likelihood -3324.799970, best rearrangement setting 15
Bootstrap[16]: Time 0.929756 seconds, bootstrap likelihood -3372.053355, best rearrangement setting 12
Bootstrap[17]: Time 0.878625 seconds, bootstrap likelihood -3373.360906, best rearrangement setting 12
Bootstrap[18]: Time 0.745135 seconds, bootstrap likelihood -3363.486908, best rearrangement setting 5
Bootstrap[19]: Time 1.258418 seconds, bootstrap likelihood -3474.155727, best rearrangement setting 8
Bootstrap[20]: Time 0.857120 seconds, bootstrap likelihood -3395.442010, best rearrangement setting 10
Bootstrap[21]: Time 0.701107 seconds, bootstrap likelihood -3403.158682, best rearrangement setting 6
Bootstrap[22]: Time 0.731619 seconds, bootstrap likelihood -3350.017115, best rearrangement setting 5
Bootstrap[23]: Time 0.702981 seconds, bootstrap likelihood -3385.210399, best rearrangement setting 7
Bootstrap[24]: Time 0.627272 seconds, bootstrap likelihood -3383.930999, best rearrangement setting 8
Bootstrap[25]: Time 1.317183 seconds, bootstrap likelihood -3446.154940, best rearrangement setting 6
Bootstrap[26]: Time 0.905526 seconds, bootstrap likelihood -3368.586527, best rearrangement setting 12
Bootstrap[27]: Time 0.617121 seconds, bootstrap likelihood -3363.126582, best rearrangement setting 10
Bootstrap[28]: Time 1.023240 seconds, bootstrap likelihood -3392.656260, best rearrangement setting 11
Bootstrap[29]: Time 0.418901 seconds, bootstrap likelihood -3416.417153, best rearrangement setting 12
Bootstrap[30]: Time 0.781436 seconds, bootstrap likelihood -3388.635343, best rearrangement setting 15
Bootstrap[31]: Time 0.963075 seconds, bootstrap likelihood -3416.205376, best rearrangement setting 15
Bootstrap[32]: Time 0.545070 seconds, bootstrap likelihood -3400.321631, best rearrangement setting 6
Bootstrap[33]: Time 1.268179 seconds, bootstrap likelihood -3470.276901, best rearrangement setting 15
Bootstrap[34]: Time 0.392016 seconds, bootstrap likelihood -3391.383345, best rearrangement setting 11
Bootstrap[35]: Time 0.814638 seconds, bootstrap likelihood -3391.972328, best rearrangement setting 8
Bootstrap[36]: Time 0.578927 seconds, bootstrap likelihood -3368.547387, best rearrangement setting 9
Bootstrap[37]: Time 0.625552 seconds, bootstrap likelihood -3389.136221, best rearrangement setting 11
Bootstrap[38]: Time 1.182224 seconds, bootstrap likelihood -3348.282110, best rearrangement setting 8
Bootstrap[39]: Time 1.050018 seconds, bootstrap likelihood -3401.403018, best rearrangement setting 13
Bootstrap[40]: Time 0.353861 seconds, bootstrap likelihood -3348.133440, best rearrangement setting 13
Bootstrap[41]: Time 0.425558 seconds, bootstrap likelihood -3401.867340, best rearrangement setting 10
Bootstrap[42]: Time 0.452600 seconds, bootstrap likelihood -3370.198775, best rearrangement setting 5
Bootstrap[43]: Time 0.553248 seconds, bootstrap likelihood -3406.896244, best rearrangement setting 14
Bootstrap[44]: Time 0.408562 seconds, bootstrap likelihood -3413.611530, best rearrangement setting 10
Bootstrap[45]: Time 0.418143 seconds, bootstrap likelihood -3374.250386, best rearrangement setting 15
Bootstrap[46]: Time 0.451820 seconds, bootstrap likelihood -3368.039773, best rearrangement setting 14
Bootstrap[47]: Time 0.377693 seconds, bootstrap likelihood -3498.359787, best rearrangement setting 8
Bootstrap[48]: Time 0.340856 seconds, bootstrap likelihood -3426.020890, best rearrangement setting 6
Bootstrap[49]: Time 0.392725 seconds, bootstrap likelihood -3413.256842, best rearrangement setting 7
Bootstrap[50]: Time 0.478326 seconds, bootstrap likelihood -3394.701569, best rearrangement setting 7
Bootstrap[51]: Time 0.696011 seconds, bootstrap likelihood -3394.318422, best rearrangement setting 11
Bootstrap[52]: Time 0.486771 seconds, bootstrap likelihood -3339.889315, best rearrangement setting 12
Bootstrap[53]: Time 0.360634 seconds, bootstrap likelihood -3399.842727, best rearrangement setting 8
Bootstrap[54]: Time 0.500216 seconds, bootstrap likelihood -3461.100086, best rearrangement setting 9
Bootstrap[55]: Time 0.995523 seconds, bootstrap likelihood -3359.434734, best rearrangement setting 11
Bootstrap[56]: Time 0.367046 seconds, bootstrap likelihood -3422.083122, best rearrangement setting 5
Bootstrap[57]: Time 0.444478 seconds, bootstrap likelihood -3436.059384, best rearrangement setting 7
Bootstrap[58]: Time 0.449136 seconds, bootstrap likelihood -3353.547828, best rearrangement setting 10
Bootstrap[59]: Time 0.481954 seconds, bootstrap likelihood -3437.766510, best rearrangement setting 9
Bootstrap[60]: Time 0.853187 seconds, bootstrap likelihood -3402.766986, best rearrangement setting 7
Bootstrap[61]: Time 1.194497 seconds, bootstrap likelihood -3420.630698, best rearrangement setting 5
Bootstrap[62]: Time 1.057273 seconds, bootstrap likelihood -3411.756444, best rearrangement setting 11
Bootstrap[63]: Time 0.818008 seconds, bootstrap likelihood -3448.033743, best rearrangement setting 12
Bootstrap[64]: Time 0.734220 seconds, bootstrap likelihood -3428.159516, best rearrangement setting 7
Bootstrap[65]: Time 0.377455 seconds, bootstrap likelihood -3407.354241, best rearrangement setting 5
Bootstrap[66]: Time 0.682148 seconds, bootstrap likelihood -3377.333754, best rearrangement setting 5
Bootstrap[67]: Time 0.852022 seconds, bootstrap likelihood -3414.828377, best rearrangement setting 15
Bootstrap[68]: Time 0.972008 seconds, bootstrap likelihood -3430.372893, best rearrangement setting 11
Bootstrap[69]: Time 0.683887 seconds, bootstrap likelihood -3403.373951, best rearrangement setting 5
Bootstrap[70]: Time 0.851947 seconds, bootstrap likelihood -3373.806051, best rearrangement setting 8
Bootstrap[71]: Time 0.884348 seconds, bootstrap likelihood -3353.285684, best rearrangement setting 10
Bootstrap[72]: Time 0.717234 seconds, bootstrap likelihood -3347.804160, best rearrangement setting 11
Bootstrap[73]: Time 1.522167 seconds, bootstrap likelihood -3386.936700, best rearrangement setting 9
Bootstrap[74]: Time 0.546424 seconds, bootstrap likelihood -3353.136857, best rearrangement setting 5
Bootstrap[75]: Time 0.843797 seconds, bootstrap likelihood -3341.449126, best rearrangement setting 8
Bootstrap[76]: Time 1.280170 seconds, bootstrap likelihood -3429.231402, best rearrangement setting 9
Bootstrap[77]: Time 1.376033 seconds, bootstrap likelihood -3452.932413, best rearrangement setting 11
Bootstrap[78]: Time 1.278093 seconds, bootstrap likelihood -3385.416758, best rearrangement setting 15
Bootstrap[79]: Time 1.021166 seconds, bootstrap likelihood -3417.132879, best rearrangement setting 9
Bootstrap[80]: Time 0.860368 seconds, bootstrap likelihood -3359.288855, best rearrangement setting 15
Bootstrap[81]: Time 0.374895 seconds, bootstrap likelihood -3389.956498, best rearrangement setting 7
Bootstrap[82]: Time 1.215626 seconds, bootstrap likelihood -3463.790472, best rearrangement setting 6
Bootstrap[83]: Time 0.861049 seconds, bootstrap likelihood -3361.504596, best rearrangement setting 10
Bootstrap[84]: Time 1.177831 seconds, bootstrap likelihood -3390.321879, best rearrangement setting 11
Bootstrap[85]: Time 0.787353 seconds, bootstrap likelihood -3421.140483, best rearrangement setting 8
Bootstrap[86]: Time 0.829053 seconds, bootstrap likelihood -3428.036362, best rearrangement setting 7
Bootstrap[87]: Time 0.525308 seconds, bootstrap likelihood -3369.973952, best rearrangement setting 7
Bootstrap[88]: Time 0.510179 seconds, bootstrap likelihood -3445.485431, best rearrangement setting 12
Bootstrap[89]: Time 0.424259 seconds, bootstrap likelihood -3330.428193, best rearrangement setting 10
Bootstrap[90]: Time 0.942606 seconds, bootstrap likelihood -3321.780424, best rearrangement setting 8
Bootstrap[91]: Time 0.860333 seconds, bootstrap likelihood -3461.402222, best rearrangement setting 12
Bootstrap[92]: Time 0.391179 seconds, bootstrap likelihood -3364.693363, best rearrangement setting 13
Bootstrap[93]: Time 0.342562 seconds, bootstrap likelihood -3387.899594, best rearrangement setting 15
Bootstrap[94]: Time 1.191182 seconds, bootstrap likelihood -3399.970654, best rearrangement setting 5
Bootstrap[95]: Time 0.634014 seconds, bootstrap likelihood -3404.353013, best rearrangement setting 5
Bootstrap[96]: Time 0.786519 seconds, bootstrap likelihood -3393.493574, best rearrangement setting 13
Bootstrap[97]: Time 0.690812 seconds, bootstrap likelihood -3435.075016, best rearrangement setting 11
Bootstrap[98]: Time 0.931610 seconds, bootstrap likelihood -3317.992805, best rearrangement setting 6
Bootstrap[99]: Time 0.919811 seconds, bootstrap likelihood -3356.009326, best rearrangement setting 14


Overall Time for 100 Rapid Bootstraps 71.775135 seconds
Average Time per Rapid Bootstrap 0.717751 seconds

Starting ML Search ...

Fast ML optimization finished

Fast ML search Time: 25.151378 seconds

Slow ML Search 0 Likelihood: -3545.605871
Slow ML Search 1 Likelihood: -3545.605871
Slow ML Search 2 Likelihood: -3545.606199
Slow ML Search 3 Likelihood: -3545.606448
Slow ML Search 4 Likelihood: -3545.606775
Slow ML Search 5 Likelihood: -3545.606775
Slow ML Search 6 Likelihood: -3545.606611
Slow ML Search 7 Likelihood: -3545.606611
Slow ML Search 8 Likelihood: -3545.606454
Slow ML Search 9 Likelihood: -3545.606611
Slow ML optimization finished

Slow ML search Time: 11.679612 seconds
Thorough ML search Time: 1.367004 seconds

Final ML Optimization Likelihood: -3545.605544

Model Information:

Model Parameters of Partition 0, Name: No Name Provided, Type of Data: AA
alpha: 0.020000
Tree-Length: 0.035687
rate A <-> R: 0.603538
rate A <-> N: 0.561915
rate A <-> D: 0.842872
rate A <-> C: 0.582726
rate A <-> Q: 0.593132
rate A <-> E: 1.092612
rate A <-> G: 1.862643
rate A <-> H: 0.280957
rate A <-> I: 0.374610
rate A <-> L: 0.312175
rate A <-> K: 0.364204
rate A <-> M: 0.561915
rate A <-> F: 0.156087
rate A <-> P: 2.018730
rate A <-> S: 3.933403
rate A <-> T: 4.942768
rate A <-> W: 0.093652
rate A <-> Y: 0.114464
rate A <-> V: 3.100937
rate R <-> N: 0.468262
rate R <-> D: 0.166493
rate R <-> C: 1.175858
rate R <-> Q: 3.225806
rate R <-> E: 0.301769
rate R <-> G: 1.425598
rate R <-> H: 3.413111
rate R <-> I: 0.228928
rate R <-> L: 0.395421
rate R <-> K: 6.722164
rate R <-> M: 0.457856
rate R <-> F: 0.052029
rate R <-> P: 0.770031
rate R <-> S: 1.050989
rate R <-> T: 0.665973
rate R <-> W: 1.311134
rate R <-> Y: 0.208117
rate R <-> V: 0.176899
rate N <-> D: 5.494277
rate N <-> C: 0.353798
rate N <-> Q: 0.894901
rate N <-> E: 0.603538
rate N <-> G: 0.842872
rate N <-> H: 4.068678
rate N <-> I: 0.489074
rate N <-> L: 0.124870
rate N <-> K: 2.736733
rate N <-> M: 0.312175
rate N <-> F: 0.104058
rate N <-> P: 0.156087
rate N <-> S: 5.234131
rate N <-> T: 2.414152
rate N <-> W: 0.083247
rate N <-> Y: 0.728408
rate N <-> V: 0.166493
rate D <-> C: 0.104058
rate D <-> Q: 0.509886
rate D <-> E: 7.981270
rate D <-> G: 1.352758
rate D <-> H: 1.165453
rate D <-> I: 0.114464
rate D <-> L: 0.072841
rate D <-> K: 0.270552
rate D <-> M: 0.156087
rate D <-> F: 0.041623
rate D <-> P: 0.156087
rate D <-> S: 0.613944
rate D <-> T: 0.395421
rate D <-> W: 0.041623
rate D <-> Y: 0.478668
rate D <-> V: 0.322581
rate C <-> Q: 0.093652
rate C <-> E: 0.052029
rate C <-> G: 0.613944
rate C <-> H: 0.718002
rate C <-> I: 0.176899
rate C <-> L: 0.239334
rate C <-> K: 0.072841
rate C <-> M: 0.322581
rate C <-> F: 0.811655
rate C <-> P: 0.145682
rate C <-> S: 2.320499
rate C <-> T: 0.437045
rate C <-> W: 1.196670
rate C <-> Y: 2.174818
rate C <-> V: 0.645161
rate Q <-> E: 3.361082
rate Q <-> G: 0.270552
rate Q <-> H: 6.212279
rate Q <-> I: 0.093652
rate Q <-> L: 0.749220
rate Q <-> K: 3.038502
rate Q <-> M: 0.447451
rate Q <-> F: 0.041623
rate Q <-> P: 1.706556
rate Q <-> S: 0.551509
rate Q <-> T: 0.530697
rate Q <-> W: 0.187305
rate Q <-> Y: 0.249740
rate Q <-> V: 0.208117
rate E <-> G: 1.238293
rate E <-> H: 0.270552
rate E <-> I: 0.124870
rate E <-> L: 0.093652
rate E <-> K: 1.883455
rate E <-> M: 0.187305
rate E <-> F: 0.052029
rate E <-> P: 0.187305
rate E <-> S: 0.312175
rate E <-> T: 0.332986
rate E <-> W: 0.104058
rate E <-> Y: 0.072841
rate E <-> V: 0.468262
rate G <-> H: 0.239334
rate G <-> I: 0.062435
rate G <-> L: 0.062435
rate G <-> K: 0.280957
rate G <-> M: 0.145682
rate G <-> F: 0.052029
rate G <-> P: 0.249740
rate G <-> S: 2.091571
rate G <-> T: 0.343392
rate G <-> W: 0.572320
rate G <-> Y: 0.083247
rate G <-> V: 0.489074
rate H <-> I: 0.166493
rate H <-> L: 0.582726
rate H <-> K: 0.468262
rate H <-> M: 0.343392
rate H <-> F: 0.416233
rate H <-> P: 1.196670
rate H <-> S: 0.759625
rate H <-> T: 0.478668
rate H <-> W: 0.083247
rate H <-> Y: 5.962539
rate H <-> V: 0.114464
rate I <-> L: 2.382934
rate I <-> K: 0.218522
rate I <-> M: 4.984391
rate I <-> F: 0.926119
rate I <-> P: 0.104058
rate I <-> S: 0.416233
rate I <-> T: 2.549428
rate I <-> W: 0.093652
rate I <-> Y: 0.332986
rate I <-> V: 10.000000
rate L <-> K: 0.145682
rate L <-> M: 4.037461
rate L <-> F: 2.580645
rate L <-> P: 1.061394
rate L <-> S: 0.613944
rate L <-> T: 0.260146
rate L <-> W: 0.541103
rate L <-> Y: 0.249740
rate L <-> V: 1.873049
rate K <-> M: 0.676379
rate K <-> F: 0.041623
rate K <-> P: 0.218522
rate K <-> S: 0.489074
rate K <-> T: 1.071800
rate K <-> W: 0.104058
rate K <-> Y: 0.083247
rate K <-> V: 0.145682
rate M <-> F: 0.447451
rate M <-> P: 0.166493
rate M <-> S: 0.301769
rate M <-> T: 2.351717
rate M <-> W: 0.249740
rate M <-> Y: 0.187305
rate M <-> V: 3.361082
rate F <-> P: 0.176899
rate F <-> S: 0.957336
rate F <-> T: 0.124870
rate F <-> W: 0.551509
rate F <-> Y: 5.577523
rate F <-> V: 0.645161
rate P <-> S: 2.965661
rate P <-> T: 1.227888
rate P <-> W: 0.062435
rate P <-> Y: 0.104058
rate P <-> V: 0.239334
rate S <-> T: 4.963580
rate S <-> W: 0.364204
rate S <-> Y: 0.655567
rate S <-> V: 0.395421
rate T <-> W: 0.124870
rate T <-> Y: 0.218522
rate T <-> V: 1.165453
rate W <-> Y: 0.738814
rate W <-> V: 0.260146
rate Y <-> V: 0.166493

freq pi(A): 0.076748
freq pi(R): 0.051691
freq pi(N): 0.042645
freq pi(D): 0.051544
freq pi(C): 0.019803
freq pi(Q): 0.040752
freq pi(E): 0.061830
freq pi(G): 0.073152
freq pi(H): 0.022944
freq pi(I): 0.053761
freq pi(L): 0.091904
freq pi(K): 0.058676
freq pi(M): 0.023826
freq pi(F): 0.040126
freq pi(P): 0.050901
freq pi(S): 0.068765
freq pi(T): 0.058565
freq pi(W): 0.014261
freq pi(Y): 0.032102
freq pi(V): 0.066004


ML search took 38.227577 secs or 0.010619 hours

Combined Bootstrap and ML search took 110.003227 secs or 0.030556 hours

Drawing Bootstrap Support Values on best-scoring ML tree ...



Found 1 tree in File /Users/prigozhin/Dropbox/NLRomes/Soy_NLRome/RAxML_tree_pbNB-ARC/Clade_Refinement_2/RAxML_bestTree.Int12744_100_122_R_56_82_L_29.Raxml.out



Found 1 tree in File /Users/prigozhin/Dropbox/NLRomes/Soy_NLRome/RAxML_tree_pbNB-ARC/Clade_Refinement_2/RAxML_bestTree.Int12744_100_122_R_56_82_L_29.Raxml.out

Program execution info written to /Users/prigozhin/Dropbox/NLRomes/Soy_NLRome/RAxML_tree_pbNB-ARC/Clade_Refinement_2/RAxML_info.Int12744_100_122_R_56_82_L_29.Raxml.out
All 100 bootstrapped trees written to: /Users/prigozhin/Dropbox/NLRomes/Soy_NLRome/RAxML_tree_pbNB-ARC/Clade_Refinement_2/RAxML_bootstrap.Int12744_100_122_R_56_82_L_29.Raxml.out

Best-scoring ML tree written to: /Users/prigozhin/Dropbox/NLRomes/Soy_NLRome/RAxML_tree_pbNB-ARC/Clade_Refinement_2/RAxML_bestTree.Int12744_100_122_R_56_82_L_29.Raxml.out

Best-scoring ML tree with support values written to: /Users/prigozhin/Dropbox/NLRomes/Soy_NLRome/RAxML_tree_pbNB-ARC/Clade_Refinement_2/RAxML_bipartitions.Int12744_100_122_R_56_82_L_29.Raxml.out

Best-scoring ML tree with support values as branch labels written to: /Users/prigozhin/Dropbox/NLRomes/Soy_NLRome/RAxML_tree_pbNB-ARC/Clade_Refinement_2/RAxML_bipartitionsBranchLabels.Int12744_100_122_R_56_82_L_29.Raxml.out

Overall execution time for full ML analysis: 110.013896 secs or 0.030559 hours or 0.001273 days

