

IMPORTANT WARNING: Sequences GWHPACEH024144 and GLYMA_ZH13_06G246700_1_P are exactly identical


IMPORTANT WARNING: Sequences GWHPACEH024144 and GWHPACEJ024892 are exactly identical

IMPORTANT WARNING
Found 2 sequences that are exactly identical to other sequences in the alignment.
Normally they should be excluded from the analysis.

Just in case you might need it, an alignment file with 
sequence duplicates removed is printed to file ../../RAxML_tree_pbNB-ARC/Clade_Refinement_2/Int11409_395_471_R_144_278_R_6.afa.reduced


This is RAxML version 8.2.12 released by Alexandros Stamatakis on May 2018.

With greatly appreciated code contributions by:
Andre Aberer      (HITS)
Simon Berger      (HITS)
Alexey Kozlov     (HITS)
Kassian Kobert    (HITS)
David Dao         (KIT and HITS)
Sarah Lutteropp   (KIT and HITS)
Nick Pattengale   (Sandia)
Wayne Pfeiffer    (SDSC)
Akifumi S. Tanabe (NRIFS)
Charlie Taylor    (UF)


Alignment has 132 distinct alignment patterns

Proportion of gaps and completely undetermined characters in this alignment: 6.14%

RAxML rapid bootstrapping and subsequent ML search

Using 1 distinct models/data partitions with joint branch length optimization



Executing 100 rapid bootstrap inferences and thereafter a thorough ML search 

All free model parameters will be estimated by RAxML
ML estimate of 25 per site rate categories

Likelihood of final tree will be evaluated and optimized under GAMMA

GAMMA Model parameters will be estimated up to an accuracy of 0.1000000000 Log Likelihood units

Partition: 0
Alignment Patterns: 132
Name: No Name Provided
DataType: AA
Substitution Matrix: JTT
Using fixed base frequencies




RAxML was called as follows:

/Users/prigozhin/Installers/standard-RAxML/raxmlHPC-PTHREADS-AVX -T 4 -n Int11409_395_471_R_144_278_R_6.Raxml.out -f a -x 12345 -p 12345 -# 100 -m PROTCATJTT -s ../../RAxML_tree_pbNB-ARC/Clade_Refinement_2/Int11409_395_471_R_144_278_R_6.afa 



Time for BS model parameter optimization 0.437092
Bootstrap[0]: Time 0.462188 seconds, bootstrap likelihood -6172.541122, best rearrangement setting 13
Bootstrap[1]: Time 0.025207 seconds, bootstrap likelihood -6183.905361, best rearrangement setting 13
Bootstrap[2]: Time 0.021299 seconds, bootstrap likelihood -6178.814347, best rearrangement setting 12
Bootstrap[3]: Time 0.025125 seconds, bootstrap likelihood -6186.048458, best rearrangement setting 15
Bootstrap[4]: Time 0.020680 seconds, bootstrap likelihood -6203.087766, best rearrangement setting 10
Bootstrap[5]: Time 0.024500 seconds, bootstrap likelihood -6174.450760, best rearrangement setting 10
Bootstrap[6]: Time 0.029141 seconds, bootstrap likelihood -6162.463211, best rearrangement setting 6
Bootstrap[7]: Time 0.023178 seconds, bootstrap likelihood -6200.965169, best rearrangement setting 14
Bootstrap[8]: Time 0.023065 seconds, bootstrap likelihood -6188.755783, best rearrangement setting 5
Bootstrap[9]: Time 0.028356 seconds, bootstrap likelihood -6172.102063, best rearrangement setting 7
Bootstrap[10]: Time 0.016530 seconds, bootstrap likelihood -6181.495961, best rearrangement setting 7
Bootstrap[11]: Time 0.016830 seconds, bootstrap likelihood -6158.102166, best rearrangement setting 5
Bootstrap[12]: Time 0.019460 seconds, bootstrap likelihood -6169.623135, best rearrangement setting 8
Bootstrap[13]: Time 0.016493 seconds, bootstrap likelihood -6183.346239, best rearrangement setting 7
Bootstrap[14]: Time 0.022150 seconds, bootstrap likelihood -6197.159305, best rearrangement setting 12
Bootstrap[15]: Time 0.021856 seconds, bootstrap likelihood -6188.006795, best rearrangement setting 15
Bootstrap[16]: Time 0.022507 seconds, bootstrap likelihood -6188.098124, best rearrangement setting 12
Bootstrap[17]: Time 0.028899 seconds, bootstrap likelihood -6164.872227, best rearrangement setting 12
Bootstrap[18]: Time 0.027209 seconds, bootstrap likelihood -6154.959946, best rearrangement setting 5
Bootstrap[19]: Time 0.026382 seconds, bootstrap likelihood -6198.080034, best rearrangement setting 8
Bootstrap[20]: Time 0.032130 seconds, bootstrap likelihood -6191.193548, best rearrangement setting 10
Bootstrap[21]: Time 0.033047 seconds, bootstrap likelihood -6174.916303, best rearrangement setting 6
Bootstrap[22]: Time 0.035267 seconds, bootstrap likelihood -6182.711934, best rearrangement setting 5
Bootstrap[23]: Time 0.025372 seconds, bootstrap likelihood -6170.971655, best rearrangement setting 7
Bootstrap[24]: Time 0.034575 seconds, bootstrap likelihood -6191.098894, best rearrangement setting 8
Bootstrap[25]: Time 0.030313 seconds, bootstrap likelihood -6120.506450, best rearrangement setting 6
Bootstrap[26]: Time 0.032051 seconds, bootstrap likelihood -6200.669163, best rearrangement setting 12
Bootstrap[27]: Time 0.022301 seconds, bootstrap likelihood -6105.481931, best rearrangement setting 10
Bootstrap[28]: Time 0.031417 seconds, bootstrap likelihood -6225.080389, best rearrangement setting 11
Bootstrap[29]: Time 0.033281 seconds, bootstrap likelihood -6165.548213, best rearrangement setting 12
Bootstrap[30]: Time 0.043834 seconds, bootstrap likelihood -6151.221879, best rearrangement setting 15
Bootstrap[31]: Time 0.027419 seconds, bootstrap likelihood -6161.578126, best rearrangement setting 15
Bootstrap[32]: Time 0.034676 seconds, bootstrap likelihood -6240.580251, best rearrangement setting 6
Bootstrap[33]: Time 0.033244 seconds, bootstrap likelihood -6201.803666, best rearrangement setting 15
Bootstrap[34]: Time 0.040063 seconds, bootstrap likelihood -6179.288230, best rearrangement setting 11
Bootstrap[35]: Time 0.027645 seconds, bootstrap likelihood -6230.796500, best rearrangement setting 8
Bootstrap[36]: Time 0.026735 seconds, bootstrap likelihood -6148.158867, best rearrangement setting 9
Bootstrap[37]: Time 0.033307 seconds, bootstrap likelihood -6254.146442, best rearrangement setting 11
Bootstrap[38]: Time 0.028201 seconds, bootstrap likelihood -6181.322185, best rearrangement setting 8
Bootstrap[39]: Time 0.032545 seconds, bootstrap likelihood -6212.593018, best rearrangement setting 13
Bootstrap[40]: Time 0.029061 seconds, bootstrap likelihood -6151.267620, best rearrangement setting 13
Bootstrap[41]: Time 0.019243 seconds, bootstrap likelihood -6236.908906, best rearrangement setting 10
Bootstrap[42]: Time 0.023081 seconds, bootstrap likelihood -6150.085363, best rearrangement setting 5
Bootstrap[43]: Time 0.022477 seconds, bootstrap likelihood -6207.630821, best rearrangement setting 14
Bootstrap[44]: Time 0.029494 seconds, bootstrap likelihood -6212.919696, best rearrangement setting 10
Bootstrap[45]: Time 0.023593 seconds, bootstrap likelihood -6162.890524, best rearrangement setting 15
Bootstrap[46]: Time 0.028500 seconds, bootstrap likelihood -6193.492099, best rearrangement setting 14
Bootstrap[47]: Time 0.020026 seconds, bootstrap likelihood -6172.867924, best rearrangement setting 8
Bootstrap[48]: Time 0.018978 seconds, bootstrap likelihood -6201.067883, best rearrangement setting 6
Bootstrap[49]: Time 0.024759 seconds, bootstrap likelihood -6130.348808, best rearrangement setting 7
Bootstrap[50]: Time 0.023451 seconds, bootstrap likelihood -6151.697481, best rearrangement setting 7
Bootstrap[51]: Time 0.026007 seconds, bootstrap likelihood -6135.393600, best rearrangement setting 11
Bootstrap[52]: Time 0.026617 seconds, bootstrap likelihood -6128.977107, best rearrangement setting 12
Bootstrap[53]: Time 0.021560 seconds, bootstrap likelihood -6137.911992, best rearrangement setting 8
Bootstrap[54]: Time 0.018101 seconds, bootstrap likelihood -6184.554628, best rearrangement setting 9
Bootstrap[55]: Time 0.026903 seconds, bootstrap likelihood -6265.339040, best rearrangement setting 11
Bootstrap[56]: Time 0.032070 seconds, bootstrap likelihood -6178.336749, best rearrangement setting 5
Bootstrap[57]: Time 0.031416 seconds, bootstrap likelihood -6131.241398, best rearrangement setting 7
Bootstrap[58]: Time 0.017169 seconds, bootstrap likelihood -6130.160745, best rearrangement setting 10
Bootstrap[59]: Time 0.016678 seconds, bootstrap likelihood -6199.267606, best rearrangement setting 9
Bootstrap[60]: Time 0.021355 seconds, bootstrap likelihood -6141.209331, best rearrangement setting 7
Bootstrap[61]: Time 0.023729 seconds, bootstrap likelihood -6209.657223, best rearrangement setting 5
Bootstrap[62]: Time 0.021331 seconds, bootstrap likelihood -6150.534059, best rearrangement setting 11
Bootstrap[63]: Time 0.018506 seconds, bootstrap likelihood -6165.146470, best rearrangement setting 12
Bootstrap[64]: Time 0.016243 seconds, bootstrap likelihood -6160.500535, best rearrangement setting 7
Bootstrap[65]: Time 0.022919 seconds, bootstrap likelihood -6177.823650, best rearrangement setting 5
Bootstrap[66]: Time 0.018077 seconds, bootstrap likelihood -6175.225346, best rearrangement setting 5
Bootstrap[67]: Time 0.025461 seconds, bootstrap likelihood -6123.421171, best rearrangement setting 15
Bootstrap[68]: Time 0.021019 seconds, bootstrap likelihood -6163.988610, best rearrangement setting 11
Bootstrap[69]: Time 0.015852 seconds, bootstrap likelihood -6183.778031, best rearrangement setting 5
Bootstrap[70]: Time 0.027018 seconds, bootstrap likelihood -6162.054078, best rearrangement setting 8
Bootstrap[71]: Time 0.028249 seconds, bootstrap likelihood -6187.558681, best rearrangement setting 10
Bootstrap[72]: Time 0.026836 seconds, bootstrap likelihood -6194.741961, best rearrangement setting 11
Bootstrap[73]: Time 0.022102 seconds, bootstrap likelihood -6132.984364, best rearrangement setting 9
Bootstrap[74]: Time 0.025585 seconds, bootstrap likelihood -6232.596664, best rearrangement setting 5
Bootstrap[75]: Time 0.016649 seconds, bootstrap likelihood -6181.647792, best rearrangement setting 8
Bootstrap[76]: Time 0.030573 seconds, bootstrap likelihood -6128.018304, best rearrangement setting 9
Bootstrap[77]: Time 0.022397 seconds, bootstrap likelihood -6170.974278, best rearrangement setting 11
Bootstrap[78]: Time 0.027075 seconds, bootstrap likelihood -6154.554767, best rearrangement setting 15
Bootstrap[79]: Time 0.026809 seconds, bootstrap likelihood -6257.151415, best rearrangement setting 9
Bootstrap[80]: Time 0.016872 seconds, bootstrap likelihood -6230.865566, best rearrangement setting 15
Bootstrap[81]: Time 0.024591 seconds, bootstrap likelihood -6108.344465, best rearrangement setting 7
Bootstrap[82]: Time 0.015335 seconds, bootstrap likelihood -6158.634990, best rearrangement setting 6
Bootstrap[83]: Time 0.025154 seconds, bootstrap likelihood -6176.349275, best rearrangement setting 10
Bootstrap[84]: Time 0.017729 seconds, bootstrap likelihood -6187.367937, best rearrangement setting 11
Bootstrap[85]: Time 0.020929 seconds, bootstrap likelihood -6229.766602, best rearrangement setting 8
Bootstrap[86]: Time 0.022829 seconds, bootstrap likelihood -6135.832639, best rearrangement setting 7
Bootstrap[87]: Time 0.017645 seconds, bootstrap likelihood -6175.316287, best rearrangement setting 7
Bootstrap[88]: Time 0.022648 seconds, bootstrap likelihood -6176.532898, best rearrangement setting 12
Bootstrap[89]: Time 0.020571 seconds, bootstrap likelihood -6144.862571, best rearrangement setting 10
Bootstrap[90]: Time 0.025757 seconds, bootstrap likelihood -6221.212163, best rearrangement setting 8
Bootstrap[91]: Time 0.023020 seconds, bootstrap likelihood -6114.825537, best rearrangement setting 12
Bootstrap[92]: Time 0.024966 seconds, bootstrap likelihood -6160.320278, best rearrangement setting 13
Bootstrap[93]: Time 0.025020 seconds, bootstrap likelihood -6177.172560, best rearrangement setting 15
Bootstrap[94]: Time 0.022008 seconds, bootstrap likelihood -6177.639957, best rearrangement setting 5
Bootstrap[95]: Time 0.028236 seconds, bootstrap likelihood -6207.081028, best rearrangement setting 5
Bootstrap[96]: Time 0.020402 seconds, bootstrap likelihood -6219.076688, best rearrangement setting 13
Bootstrap[97]: Time 0.022060 seconds, bootstrap likelihood -6141.754823, best rearrangement setting 11
Bootstrap[98]: Time 0.021608 seconds, bootstrap likelihood -6214.573547, best rearrangement setting 6
Bootstrap[99]: Time 0.020464 seconds, bootstrap likelihood -6197.399158, best rearrangement setting 14


Overall Time for 100 Rapid Bootstraps 2.935343 seconds
Average Time per Rapid Bootstrap 0.029353 seconds

Starting ML Search ...

Fast ML optimization finished

Fast ML search Time: 1.061416 seconds

Slow ML Search 0 Likelihood: -6413.829205
Slow ML Search 1 Likelihood: -6413.829205
Slow ML Search 2 Likelihood: -6413.829205
Slow ML Search 3 Likelihood: -6413.829205
Slow ML Search 4 Likelihood: -6413.829205
Slow ML Search 5 Likelihood: -6413.829205
Slow ML Search 6 Likelihood: -6413.829205
Slow ML Search 7 Likelihood: -6413.829205
Slow ML Search 8 Likelihood: -6413.829205
Slow ML Search 9 Likelihood: -6413.829205
Slow ML optimization finished

Slow ML search Time: 0.718380 seconds
Thorough ML search Time: 0.061002 seconds

Final ML Optimization Likelihood: -6413.829205

Model Information:

Model Parameters of Partition 0, Name: No Name Provided, Type of Data: AA
alpha: 0.488610
Tree-Length: 0.037421
rate A <-> R: 0.603538
rate A <-> N: 0.561915
rate A <-> D: 0.842872
rate A <-> C: 0.582726
rate A <-> Q: 0.593132
rate A <-> E: 1.092612
rate A <-> G: 1.862643
rate A <-> H: 0.280957
rate A <-> I: 0.374610
rate A <-> L: 0.312175
rate A <-> K: 0.364204
rate A <-> M: 0.561915
rate A <-> F: 0.156087
rate A <-> P: 2.018730
rate A <-> S: 3.933403
rate A <-> T: 4.942768
rate A <-> W: 0.093652
rate A <-> Y: 0.114464
rate A <-> V: 3.100937
rate R <-> N: 0.468262
rate R <-> D: 0.166493
rate R <-> C: 1.175858
rate R <-> Q: 3.225806
rate R <-> E: 0.301769
rate R <-> G: 1.425598
rate R <-> H: 3.413111
rate R <-> I: 0.228928
rate R <-> L: 0.395421
rate R <-> K: 6.722164
rate R <-> M: 0.457856
rate R <-> F: 0.052029
rate R <-> P: 0.770031
rate R <-> S: 1.050989
rate R <-> T: 0.665973
rate R <-> W: 1.311134
rate R <-> Y: 0.208117
rate R <-> V: 0.176899
rate N <-> D: 5.494277
rate N <-> C: 0.353798
rate N <-> Q: 0.894901
rate N <-> E: 0.603538
rate N <-> G: 0.842872
rate N <-> H: 4.068678
rate N <-> I: 0.489074
rate N <-> L: 0.124870
rate N <-> K: 2.736733
rate N <-> M: 0.312175
rate N <-> F: 0.104058
rate N <-> P: 0.156087
rate N <-> S: 5.234131
rate N <-> T: 2.414152
rate N <-> W: 0.083247
rate N <-> Y: 0.728408
rate N <-> V: 0.166493
rate D <-> C: 0.104058
rate D <-> Q: 0.509886
rate D <-> E: 7.981270
rate D <-> G: 1.352758
rate D <-> H: 1.165453
rate D <-> I: 0.114464
rate D <-> L: 0.072841
rate D <-> K: 0.270552
rate D <-> M: 0.156087
rate D <-> F: 0.041623
rate D <-> P: 0.156087
rate D <-> S: 0.613944
rate D <-> T: 0.395421
rate D <-> W: 0.041623
rate D <-> Y: 0.478668
rate D <-> V: 0.322581
rate C <-> Q: 0.093652
rate C <-> E: 0.052029
rate C <-> G: 0.613944
rate C <-> H: 0.718002
rate C <-> I: 0.176899
rate C <-> L: 0.239334
rate C <-> K: 0.072841
rate C <-> M: 0.322581
rate C <-> F: 0.811655
rate C <-> P: 0.145682
rate C <-> S: 2.320499
rate C <-> T: 0.437045
rate C <-> W: 1.196670
rate C <-> Y: 2.174818
rate C <-> V: 0.645161
rate Q <-> E: 3.361082
rate Q <-> G: 0.270552
rate Q <-> H: 6.212279
rate Q <-> I: 0.093652
rate Q <-> L: 0.749220
rate Q <-> K: 3.038502
rate Q <-> M: 0.447451
rate Q <-> F: 0.041623
rate Q <-> P: 1.706556
rate Q <-> S: 0.551509
rate Q <-> T: 0.530697
rate Q <-> W: 0.187305
rate Q <-> Y: 0.249740
rate Q <-> V: 0.208117
rate E <-> G: 1.238293
rate E <-> H: 0.270552
rate E <-> I: 0.124870
rate E <-> L: 0.093652
rate E <-> K: 1.883455
rate E <-> M: 0.187305
rate E <-> F: 0.052029
rate E <-> P: 0.187305
rate E <-> S: 0.312175
rate E <-> T: 0.332986
rate E <-> W: 0.104058
rate E <-> Y: 0.072841
rate E <-> V: 0.468262
rate G <-> H: 0.239334
rate G <-> I: 0.062435
rate G <-> L: 0.062435
rate G <-> K: 0.280957
rate G <-> M: 0.145682
rate G <-> F: 0.052029
rate G <-> P: 0.249740
rate G <-> S: 2.091571
rate G <-> T: 0.343392
rate G <-> W: 0.572320
rate G <-> Y: 0.083247
rate G <-> V: 0.489074
rate H <-> I: 0.166493
rate H <-> L: 0.582726
rate H <-> K: 0.468262
rate H <-> M: 0.343392
rate H <-> F: 0.416233
rate H <-> P: 1.196670
rate H <-> S: 0.759625
rate H <-> T: 0.478668
rate H <-> W: 0.083247
rate H <-> Y: 5.962539
rate H <-> V: 0.114464
rate I <-> L: 2.382934
rate I <-> K: 0.218522
rate I <-> M: 4.984391
rate I <-> F: 0.926119
rate I <-> P: 0.104058
rate I <-> S: 0.416233
rate I <-> T: 2.549428
rate I <-> W: 0.093652
rate I <-> Y: 0.332986
rate I <-> V: 10.000000
rate L <-> K: 0.145682
rate L <-> M: 4.037461
rate L <-> F: 2.580645
rate L <-> P: 1.061394
rate L <-> S: 0.613944
rate L <-> T: 0.260146
rate L <-> W: 0.541103
rate L <-> Y: 0.249740
rate L <-> V: 1.873049
rate K <-> M: 0.676379
rate K <-> F: 0.041623
rate K <-> P: 0.218522
rate K <-> S: 0.489074
rate K <-> T: 1.071800
rate K <-> W: 0.104058
rate K <-> Y: 0.083247
rate K <-> V: 0.145682
rate M <-> F: 0.447451
rate M <-> P: 0.166493
rate M <-> S: 0.301769
rate M <-> T: 2.351717
rate M <-> W: 0.249740
rate M <-> Y: 0.187305
rate M <-> V: 3.361082
rate F <-> P: 0.176899
rate F <-> S: 0.957336
rate F <-> T: 0.124870
rate F <-> W: 0.551509
rate F <-> Y: 5.577523
rate F <-> V: 0.645161
rate P <-> S: 2.965661
rate P <-> T: 1.227888
rate P <-> W: 0.062435
rate P <-> Y: 0.104058
rate P <-> V: 0.239334
rate S <-> T: 4.963580
rate S <-> W: 0.364204
rate S <-> Y: 0.655567
rate S <-> V: 0.395421
rate T <-> W: 0.124870
rate T <-> Y: 0.218522
rate T <-> V: 1.165453
rate W <-> Y: 0.738814
rate W <-> V: 0.260146
rate Y <-> V: 0.166493

freq pi(A): 0.076748
freq pi(R): 0.051691
freq pi(N): 0.042645
freq pi(D): 0.051544
freq pi(C): 0.019803
freq pi(Q): 0.040752
freq pi(E): 0.061830
freq pi(G): 0.073152
freq pi(H): 0.022944
freq pi(I): 0.053761
freq pi(L): 0.091904
freq pi(K): 0.058676
freq pi(M): 0.023826
freq pi(F): 0.040126
freq pi(P): 0.050901
freq pi(S): 0.068765
freq pi(T): 0.058565
freq pi(W): 0.014261
freq pi(Y): 0.032102
freq pi(V): 0.066004


ML search took 1.865415 secs or 0.000518 hours

Combined Bootstrap and ML search took 4.801002 secs or 0.001334 hours

Drawing Bootstrap Support Values on best-scoring ML tree ...



Found 1 tree in File /Users/prigozhin/Dropbox/NLRomes/Soy_NLRome/RAxML_tree_pbNB-ARC/Clade_Refinement_2/RAxML_bestTree.Int11409_395_471_R_144_278_R_6.Raxml.out



Found 1 tree in File /Users/prigozhin/Dropbox/NLRomes/Soy_NLRome/RAxML_tree_pbNB-ARC/Clade_Refinement_2/RAxML_bestTree.Int11409_395_471_R_144_278_R_6.Raxml.out

Program execution info written to /Users/prigozhin/Dropbox/NLRomes/Soy_NLRome/RAxML_tree_pbNB-ARC/Clade_Refinement_2/RAxML_info.Int11409_395_471_R_144_278_R_6.Raxml.out
All 100 bootstrapped trees written to: /Users/prigozhin/Dropbox/NLRomes/Soy_NLRome/RAxML_tree_pbNB-ARC/Clade_Refinement_2/RAxML_bootstrap.Int11409_395_471_R_144_278_R_6.Raxml.out

Best-scoring ML tree written to: /Users/prigozhin/Dropbox/NLRomes/Soy_NLRome/RAxML_tree_pbNB-ARC/Clade_Refinement_2/RAxML_bestTree.Int11409_395_471_R_144_278_R_6.Raxml.out

Best-scoring ML tree with support values written to: /Users/prigozhin/Dropbox/NLRomes/Soy_NLRome/RAxML_tree_pbNB-ARC/Clade_Refinement_2/RAxML_bipartitions.Int11409_395_471_R_144_278_R_6.Raxml.out

Best-scoring ML tree with support values as branch labels written to: /Users/prigozhin/Dropbox/NLRomes/Soy_NLRome/RAxML_tree_pbNB-ARC/Clade_Refinement_2/RAxML_bipartitionsBranchLabels.Int11409_395_471_R_144_278_R_6.Raxml.out

Overall execution time for full ML analysis: 4.803627 secs or 0.001334 hours or 0.000056 days

