(GWHPACEJ024892,(GWHPACEH024144,(((((W05_GLYSO_06G015925_1_P,GWHPACDZ023663),GWHPACEO024198),(GLYMA_ZH13_06G247000_1_P,(GWHPACEJ024901,(GWHPACEH024152,(GWHPACEE024081,(GWHPACEB022585,GWHPACEU084554)))))),GWHPACES024985),GWHPACEB022572)),GLYMA_ZH13_06G246700_1_P);
((GWHPACEJ024892,(((((W05_GLYSO_06G015925_1_P,GWHPACDZ023663),GWHPACEO024198),(((GLYMA_ZH13_06G247000_1_P,(GWHPACEB022585,GWHPACEJ024901)),GWHPACEH024152),(GWHPACEU084554,GWHPACEE024081))),GWHPACEB022572),GWHPACES024985)),GWHPACEH024144,GLYMA_ZH13_06G246700_1_P);
((GWHPACEJ024892,(((((W05_GLYSO_06G015925_1_P,GWHPACDZ023663),GWHPACEO024198),(((GLYMA_ZH13_06G247000_1_P,(GWHPACEB022585,GWHPACEJ024901)),GWHPACEH024152),(GWHPACEU084554,GWHPACEE024081))),GWHPACEB022572),GWHPACES024985)),GWHPACEH024144,GLYMA_ZH13_06G246700_1_P);
((GWHPACEJ024892,(((((W05_GLYSO_06G015925_1_P,GWHPACDZ023663),GWHPACEO024198),(((GLYMA_ZH13_06G247000_1_P,(GWHPACEB022585,GWHPACEJ024901)),GWHPACEH024152),(GWHPACEU084554,GWHPACEE024081))),GWHPACEB022572),GWHPACES024985)),GWHPACEH024144,GLYMA_ZH13_06G246700_1_P);
((GWHPACEJ024892,((GWHPACES024985,(((GLYMA_ZH13_06G247000_1_P,GWHPACEB022585),(GWHPACEJ024901,GWHPACEH024152)),(GWHPACEU084554,GWHPACEE024081))),(GWHPACEB022572,((W05_GLYSO_06G015925_1_P,GWHPACDZ023663),GWHPACEO024198)))),GWHPACEH024144,GLYMA_ZH13_06G246700_1_P);
((GWHPACEJ024892,(GWHPACES024985,(GWHPACEB022572,((((GLYMA_ZH13_06G247000_1_P,GWHPACEB022585),(GWHPACEJ024901,GWHPACEH024152)),(GWHPACEU084554,GWHPACEE024081)),((W05_GLYSO_06G015925_1_P,GWHPACDZ023663),GWHPACEO024198))))),GWHPACEH024144,GLYMA_ZH13_06G246700_1_P);
((GWHPACEJ024892,(GWHPACES024985,(GWHPACEB022572,((((GLYMA_ZH13_06G247000_1_P,GWHPACEB022585),(GWHPACEJ024901,GWHPACEH024152)),(GWHPACEU084554,GWHPACEE024081)),((W05_GLYSO_06G015925_1_P,GWHPACDZ023663),GWHPACEO024198))))),GWHPACEH024144,GLYMA_ZH13_06G246700_1_P);
((GWHPACEJ024892,(GWHPACES024985,(GWHPACEB022572,((((GLYMA_ZH13_06G247000_1_P,GWHPACEB022585),(GWHPACEJ024901,GWHPACEH024152)),(GWHPACEU084554,GWHPACEE024081)),((W05_GLYSO_06G015925_1_P,GWHPACDZ023663),GWHPACEO024198))))),GWHPACEH024144,GLYMA_ZH13_06G246700_1_P);
((GWHPACEJ024892,(GWHPACES024985,(GWHPACEB022572,((((GLYMA_ZH13_06G247000_1_P,GWHPACEB022585),(GWHPACEJ024901,GWHPACEH024152)),(GWHPACEU084554,GWHPACEE024081)),((W05_GLYSO_06G015925_1_P,GWHPACDZ023663),GWHPACEO024198))))),GWHPACEH024144,GLYMA_ZH13_06G246700_1_P);
((GWHPACEJ024892,(GWHPACES024985,(GWHPACEB022572,((((GLYMA_ZH13_06G247000_1_P,GWHPACEB022585),(GWHPACEJ024901,GWHPACEH024152)),(GWHPACEU084554,GWHPACEE024081)),((W05_GLYSO_06G015925_1_P,GWHPACDZ023663),GWHPACEO024198))))),GWHPACEH024144,GLYMA_ZH13_06G246700_1_P);
(GWHPACEB022572,(((((((((GWHPACEB022585,GLYMA_ZH13_06G247000_1_P),GWHPACEH024152),GWHPACEE024081),GWHPACEJ024901),GWHPACEU084554),(W05_GLYSO_06G015925_1_P,(GWHPACDZ023663,GWHPACEO024198))),GWHPACEJ024892),GWHPACES024985),GWHPACEH024144),GLYMA_ZH13_06G246700_1_P);
(GWHPACEB022572,(((((((((GWHPACEB022585,GLYMA_ZH13_06G247000_1_P),GWHPACEH024152),GWHPACEE024081),GWHPACEJ024901),GWHPACEU084554),(W05_GLYSO_06G015925_1_P,(GWHPACDZ023663,GWHPACEO024198))),GWHPACEJ024892),GWHPACES024985),GWHPACEH024144),GLYMA_ZH13_06G246700_1_P);
(GWHPACEJ024892,(GWHPACEH024144,((((((GWHPACEB022585,GLYMA_ZH13_06G247000_1_P),(GWHPACEJ024901,GWHPACEH024152)),GWHPACEE024081),GWHPACEU084554),GWHPACES024985),(GWHPACEB022572,(GWHPACEO024198,(W05_GLYSO_06G015925_1_P,GWHPACDZ023663))))),GLYMA_ZH13_06G246700_1_P);
(GWHPACEJ024892,(GWHPACEH024144,(((((GWHPACEB022585,GLYMA_ZH13_06G247000_1_P),(GWHPACEJ024901,GWHPACEH024152)),(GWHPACEE024081,GWHPACEU084554)),GWHPACES024985),(GWHPACEB022572,(GWHPACEO024198,(W05_GLYSO_06G015925_1_P,GWHPACDZ023663))))),GLYMA_ZH13_06G246700_1_P);
(GWHPACEJ024892,((GWHPACEH024144,(GWHPACES024985,((GWHPACEO024198,(W05_GLYSO_06G015925_1_P,GWHPACDZ023663)),(GWHPACEE024081,(GWHPACEU084554,(GWHPACEB022585,(GLYMA_ZH13_06G247000_1_P,(GWHPACEJ024901,GWHPACEH024152)))))))),GWHPACEB022572),GLYMA_ZH13_06G246700_1_P);
(GWHPACEJ024892,((GWHPACEH024144,(GWHPACES024985,((GWHPACEO024198,(W05_GLYSO_06G015925_1_P,GWHPACDZ023663)),(GWHPACEE024081,(GWHPACEU084554,(GWHPACEB022585,(GLYMA_ZH13_06G247000_1_P,(GWHPACEJ024901,GWHPACEH024152)))))))),GWHPACEB022572),GLYMA_ZH13_06G246700_1_P);
((GWHPACEH024144,((GWHPACES024985,((GWHPACEO024198,(W05_GLYSO_06G015925_1_P,GWHPACDZ023663)),(((GWHPACEJ024901,GWHPACEB022585),(GLYMA_ZH13_06G247000_1_P,GWHPACEH024152)),(GWHPACEE024081,GWHPACEU084554)))),GWHPACEB022572)),GWHPACEJ024892,GLYMA_ZH13_06G246700_1_P);
((GWHPACEH024144,((GWHPACES024985,((GWHPACEO024198,(W05_GLYSO_06G015925_1_P,GWHPACDZ023663)),(((GWHPACEJ024901,GWHPACEB022585),(GLYMA_ZH13_06G247000_1_P,GWHPACEH024152)),(GWHPACEE024081,GWHPACEU084554)))),GWHPACEB022572)),GWHPACEJ024892,GLYMA_ZH13_06G246700_1_P);
((GWHPACEH024144,((GWHPACES024985,((GWHPACEO024198,(W05_GLYSO_06G015925_1_P,GWHPACDZ023663)),(((GWHPACEJ024901,GWHPACEB022585),(GLYMA_ZH13_06G247000_1_P,GWHPACEH024152)),(GWHPACEE024081,GWHPACEU084554)))),GWHPACEB022572)),GWHPACEJ024892,GLYMA_ZH13_06G246700_1_P);
((GWHPACEH024144,((GWHPACES024985,((GWHPACEO024198,(W05_GLYSO_06G015925_1_P,GWHPACDZ023663)),(((GWHPACEJ024901,GWHPACEB022585),(GLYMA_ZH13_06G247000_1_P,GWHPACEH024152)),(GWHPACEE024081,GWHPACEU084554)))),GWHPACEB022572)),GWHPACEJ024892,GLYMA_ZH13_06G246700_1_P);
((GWHPACEJ024892,((((GWHPACEO024198,(GWHPACDZ023663,W05_GLYSO_06G015925_1_P)),(((GWHPACEE024081,GWHPACEU084554),(GLYMA_ZH13_06G247000_1_P,GWHPACEB022585)),(GWHPACEJ024901,GWHPACEH024152))),GWHPACES024985),GWHPACEB022572)),GWHPACEH024144,GLYMA_ZH13_06G246700_1_P);
((GWHPACEJ024892,((((GWHPACEO024198,(GWHPACDZ023663,W05_GLYSO_06G015925_1_P)),(((GWHPACEE024081,GWHPACEU084554),(GLYMA_ZH13_06G247000_1_P,GWHPACEB022585)),(GWHPACEJ024901,GWHPACEH024152))),GWHPACES024985),GWHPACEB022572)),GWHPACEH024144,GLYMA_ZH13_06G246700_1_P);
((GWHPACEJ024892,((((GWHPACEO024198,(GWHPACDZ023663,W05_GLYSO_06G015925_1_P)),(((GWHPACEE024081,GWHPACEU084554),(GLYMA_ZH13_06G247000_1_P,GWHPACEB022585)),(GWHPACEJ024901,GWHPACEH024152))),GWHPACES024985),GWHPACEB022572)),GWHPACEH024144,GLYMA_ZH13_06G246700_1_P);
((GWHPACEJ024892,((((GWHPACEO024198,(GWHPACDZ023663,W05_GLYSO_06G015925_1_P)),(((GWHPACEE024081,GWHPACEU084554),(GLYMA_ZH13_06G247000_1_P,GWHPACEB022585)),(GWHPACEJ024901,GWHPACEH024152))),GWHPACES024985),GWHPACEB022572)),GWHPACEH024144,GLYMA_ZH13_06G246700_1_P);
((GWHPACEJ024892,((((GWHPACEO024198,(GWHPACDZ023663,W05_GLYSO_06G015925_1_P)),(((GWHPACEE024081,GWHPACEU084554),(GLYMA_ZH13_06G247000_1_P,GWHPACEB022585)),(GWHPACEJ024901,GWHPACEH024152))),GWHPACES024985),GWHPACEB022572)),GWHPACEH024144,GLYMA_ZH13_06G246700_1_P);
((GWHPACEJ024892,((((GWHPACEO024198,(GWHPACDZ023663,W05_GLYSO_06G015925_1_P)),(((GWHPACEE024081,GWHPACEU084554),(GLYMA_ZH13_06G247000_1_P,GWHPACEB022585)),(GWHPACEJ024901,GWHPACEH024152))),GWHPACES024985),GWHPACEB022572)),GWHPACEH024144,GLYMA_ZH13_06G246700_1_P);
((GWHPACEJ024892,((((GWHPACEO024198,(GWHPACDZ023663,W05_GLYSO_06G015925_1_P)),(((GWHPACEE024081,GWHPACEU084554),(GLYMA_ZH13_06G247000_1_P,GWHPACEB022585)),(GWHPACEJ024901,GWHPACEH024152))),GWHPACES024985),GWHPACEB022572)),GWHPACEH024144,GLYMA_ZH13_06G246700_1_P);
((GWHPACEJ024892,((((GWHPACEO024198,(GWHPACDZ023663,W05_GLYSO_06G015925_1_P)),(((GWHPACEE024081,GWHPACEU084554),(GLYMA_ZH13_06G247000_1_P,GWHPACEB022585)),(GWHPACEJ024901,GWHPACEH024152))),GWHPACES024985),GWHPACEB022572)),GWHPACEH024144,GLYMA_ZH13_06G246700_1_P);
((GWHPACEJ024892,((((GWHPACEO024198,(GWHPACDZ023663,W05_GLYSO_06G015925_1_P)),(((GWHPACEE024081,GWHPACEU084554),(GLYMA_ZH13_06G247000_1_P,GWHPACEB022585)),(GWHPACEJ024901,GWHPACEH024152))),GWHPACES024985),GWHPACEB022572)),GWHPACEH024144,GLYMA_ZH13_06G246700_1_P);
((GWHPACEJ024892,((((GWHPACEO024198,(GWHPACDZ023663,W05_GLYSO_06G015925_1_P)),(((GWHPACEE024081,GWHPACEU084554),(GLYMA_ZH13_06G247000_1_P,GWHPACEB022585)),(GWHPACEJ024901,GWHPACEH024152))),GWHPACES024985),GWHPACEB022572)),GWHPACEH024144,GLYMA_ZH13_06G246700_1_P);
((GWHPACEJ024892,(GWHPACEH024144,((((W05_GLYSO_06G015925_1_P,GWHPACDZ023663),GWHPACEO024198),(GWHPACEH024152,(GLYMA_ZH13_06G247000_1_P,(GWHPACEE024081,(GWHPACEB022585,(GWHPACEJ024901,GWHPACEU084554)))))),GWHPACES024985))),GWHPACEB022572,GLYMA_ZH13_06G246700_1_P);
((GWHPACEJ024892,(GWHPACEH024144,((((W05_GLYSO_06G015925_1_P,GWHPACDZ023663),GWHPACEO024198),(GWHPACEH024152,(GLYMA_ZH13_06G247000_1_P,(GWHPACEE024081,(GWHPACEB022585,(GWHPACEJ024901,GWHPACEU084554)))))),GWHPACES024985))),GWHPACEB022572,GLYMA_ZH13_06G246700_1_P);
((GWHPACEH024144,(((((W05_GLYSO_06G015925_1_P,GWHPACDZ023663),GWHPACEO024198),(((GWHPACEB022585,GWHPACEJ024901),(GLYMA_ZH13_06G247000_1_P,GWHPACEH024152)),(GWHPACEU084554,GWHPACEE024081))),GWHPACES024985),GWHPACEB022572)),GWHPACEJ024892,GLYMA_ZH13_06G246700_1_P);
((GWHPACEH024144,(((((W05_GLYSO_06G015925_1_P,GWHPACDZ023663),GWHPACEO024198),(((GWHPACEB022585,GWHPACEJ024901),(GLYMA_ZH13_06G247000_1_P,GWHPACEH024152)),(GWHPACEU084554,GWHPACEE024081))),GWHPACES024985),GWHPACEB022572)),GWHPACEJ024892,GLYMA_ZH13_06G246700_1_P);
((GWHPACEH024144,(((((W05_GLYSO_06G015925_1_P,GWHPACDZ023663),GWHPACEO024198),(((GWHPACEB022585,GWHPACEJ024901),(GLYMA_ZH13_06G247000_1_P,GWHPACEH024152)),(GWHPACEU084554,GWHPACEE024081))),GWHPACES024985),GWHPACEB022572)),GWHPACEJ024892,GLYMA_ZH13_06G246700_1_P);
((GWHPACEH024144,(((((W05_GLYSO_06G015925_1_P,GWHPACDZ023663),GWHPACEO024198),(((GWHPACEB022585,GWHPACEJ024901),(GLYMA_ZH13_06G247000_1_P,GWHPACEH024152)),(GWHPACEU084554,GWHPACEE024081))),GWHPACES024985),GWHPACEB022572)),GWHPACEJ024892,GLYMA_ZH13_06G246700_1_P);
((GWHPACEH024144,(((((W05_GLYSO_06G015925_1_P,GWHPACDZ023663),GWHPACEO024198),(((GWHPACEB022585,GWHPACEJ024901),(GLYMA_ZH13_06G247000_1_P,GWHPACEH024152)),(GWHPACEU084554,GWHPACEE024081))),GWHPACES024985),GWHPACEB022572)),GWHPACEJ024892,GLYMA_ZH13_06G246700_1_P);
((GWHPACEH024144,(((((W05_GLYSO_06G015925_1_P,GWHPACDZ023663),GWHPACEO024198),(((GWHPACEB022585,GWHPACEJ024901),(GLYMA_ZH13_06G247000_1_P,GWHPACEH024152)),(GWHPACEU084554,GWHPACEE024081))),GWHPACES024985),GWHPACEB022572)),GWHPACEJ024892,GLYMA_ZH13_06G246700_1_P);
((GWHPACEH024144,(((((W05_GLYSO_06G015925_1_P,GWHPACDZ023663),GWHPACEO024198),(((GWHPACEB022585,GWHPACEJ024901),(GLYMA_ZH13_06G247000_1_P,GWHPACEH024152)),(GWHPACEU084554,GWHPACEE024081))),GWHPACES024985),GWHPACEB022572)),GWHPACEJ024892,GLYMA_ZH13_06G246700_1_P);
((GWHPACEH024144,(((((W05_GLYSO_06G015925_1_P,GWHPACDZ023663),GWHPACEO024198),(((GWHPACEB022585,GWHPACEJ024901),(GLYMA_ZH13_06G247000_1_P,GWHPACEH024152)),(GWHPACEU084554,GWHPACEE024081))),GWHPACES024985),GWHPACEB022572)),GWHPACEJ024892,GLYMA_ZH13_06G246700_1_P);
(GWHPACEJ024892,(GWHPACES024985,(GWHPACEH024144,(GWHPACEB022572,((GWHPACEU084554,(GWHPACEE024081,(GWHPACEB022585,(GLYMA_ZH13_06G247000_1_P,(GWHPACEJ024901,GWHPACEH024152))))),(W05_GLYSO_06G015925_1_P,(GWHPACDZ023663,GWHPACEO024198)))))),GLYMA_ZH13_06G246700_1_P);
(GWHPACEJ024892,(GWHPACES024985,(GWHPACEH024144,(GWHPACEB022572,((GWHPACEU084554,(GWHPACEE024081,(GWHPACEB022585,(GLYMA_ZH13_06G247000_1_P,(GWHPACEJ024901,GWHPACEH024152))))),(W05_GLYSO_06G015925_1_P,(GWHPACDZ023663,GWHPACEO024198)))))),GLYMA_ZH13_06G246700_1_P);
(GWHPACEJ024892,(GWHPACES024985,(GWHPACEH024144,(GWHPACEB022572,((GWHPACEU084554,(GWHPACEE024081,(GWHPACEB022585,(GLYMA_ZH13_06G247000_1_P,(GWHPACEJ024901,GWHPACEH024152))))),(W05_GLYSO_06G015925_1_P,(GWHPACDZ023663,GWHPACEO024198)))))),GLYMA_ZH13_06G246700_1_P);
((GWHPACEJ024892,(GWHPACES024985,(GWHPACEB022572,(((GWHPACEB022585,(GLYMA_ZH13_06G247000_1_P,(GWHPACEJ024901,GWHPACEH024152))),(GWHPACEU084554,GWHPACEE024081)),(GWHPACEO024198,(W05_GLYSO_06G015925_1_P,GWHPACDZ023663)))))),GWHPACEH024144,GLYMA_ZH13_06G246700_1_P);
((GWHPACEJ024892,(GWHPACES024985,(GWHPACEB022572,(((GWHPACEB022585,(GLYMA_ZH13_06G247000_1_P,(GWHPACEJ024901,GWHPACEH024152))),(GWHPACEU084554,GWHPACEE024081)),(GWHPACEO024198,(W05_GLYSO_06G015925_1_P,GWHPACDZ023663)))))),GWHPACEH024144,GLYMA_ZH13_06G246700_1_P);
((GWHPACEJ024892,(GWHPACEB022572,((GWHPACES024985,(((GWHPACEJ024901,GWHPACEB022585),(GLYMA_ZH13_06G247000_1_P,GWHPACEH024152)),(GWHPACEU084554,GWHPACEE024081))),(GWHPACEO024198,(W05_GLYSO_06G015925_1_P,GWHPACDZ023663))))),GWHPACEH024144,GLYMA_ZH13_06G246700_1_P);
((GWHPACEJ024892,(GWHPACEB022572,((GWHPACES024985,(((GWHPACEJ024901,GWHPACEB022585),(GLYMA_ZH13_06G247000_1_P,GWHPACEH024152)),(GWHPACEU084554,GWHPACEE024081))),(GWHPACEO024198,(W05_GLYSO_06G015925_1_P,GWHPACDZ023663))))),GWHPACEH024144,GLYMA_ZH13_06G246700_1_P);
((GWHPACEJ024892,(GWHPACEB022572,((GWHPACES024985,(((GWHPACEJ024901,GWHPACEB022585),(GLYMA_ZH13_06G247000_1_P,GWHPACEH024152)),(GWHPACEU084554,GWHPACEE024081))),(GWHPACEO024198,(W05_GLYSO_06G015925_1_P,GWHPACDZ023663))))),GWHPACEH024144,GLYMA_ZH13_06G246700_1_P);
((GWHPACEJ024892,(GWHPACEB022572,((GWHPACES024985,(((GWHPACEJ024901,GWHPACEB022585),(GLYMA_ZH13_06G247000_1_P,GWHPACEH024152)),(GWHPACEU084554,GWHPACEE024081))),(GWHPACEO024198,(W05_GLYSO_06G015925_1_P,GWHPACDZ023663))))),GWHPACEH024144,GLYMA_ZH13_06G246700_1_P);
((GWHPACEJ024892,(GWHPACEB022572,((GWHPACES024985,(((GWHPACEJ024901,GWHPACEB022585),(GLYMA_ZH13_06G247000_1_P,GWHPACEH024152)),(GWHPACEU084554,GWHPACEE024081))),(GWHPACEO024198,(W05_GLYSO_06G015925_1_P,GWHPACDZ023663))))),GWHPACEH024144,GLYMA_ZH13_06G246700_1_P);
(GWHPACEH024144,(((((((((GWHPACEE024081,GLYMA_ZH13_06G247000_1_P),GWHPACEJ024901),GWHPACEU084554),GWHPACEB022585),GWHPACEH024152),((GWHPACDZ023663,W05_GLYSO_06G015925_1_P),GWHPACEO024198)),GWHPACES024985),GWHPACEB022572),GWHPACEJ024892),GLYMA_ZH13_06G246700_1_P);
(GWHPACEH024144,(((((((((GWHPACEE024081,GLYMA_ZH13_06G247000_1_P),GWHPACEJ024901),GWHPACEU084554),GWHPACEB022585),GWHPACEH024152),((GWHPACDZ023663,W05_GLYSO_06G015925_1_P),GWHPACEO024198)),GWHPACES024985),GWHPACEB022572),GWHPACEJ024892),GLYMA_ZH13_06G246700_1_P);
(GWHPACEH024144,(((((((((GWHPACEE024081,GLYMA_ZH13_06G247000_1_P),GWHPACEJ024901),GWHPACEU084554),GWHPACEB022585),GWHPACEH024152),((GWHPACDZ023663,W05_GLYSO_06G015925_1_P),GWHPACEO024198)),GWHPACES024985),GWHPACEB022572),GWHPACEJ024892),GLYMA_ZH13_06G246700_1_P);
(GWHPACEH024144,(((((((GWHPACEB022585,GWHPACEJ024901),(GLYMA_ZH13_06G247000_1_P,GWHPACEH024152)),(GWHPACEU084554,GWHPACEE024081)),((GWHPACDZ023663,W05_GLYSO_06G015925_1_P),GWHPACEO024198)),GWHPACES024985),GWHPACEB022572),GWHPACEJ024892),GLYMA_ZH13_06G246700_1_P);
(GWHPACEH024144,(((((((GWHPACEB022585,GWHPACEJ024901),(GLYMA_ZH13_06G247000_1_P,GWHPACEH024152)),(GWHPACEU084554,GWHPACEE024081)),((GWHPACDZ023663,W05_GLYSO_06G015925_1_P),GWHPACEO024198)),GWHPACES024985),GWHPACEB022572),GWHPACEJ024892),GLYMA_ZH13_06G246700_1_P);
(GWHPACEH024144,(((((((GWHPACEB022585,GWHPACEJ024901),(GLYMA_ZH13_06G247000_1_P,GWHPACEH024152)),(GWHPACEU084554,GWHPACEE024081)),((GWHPACDZ023663,W05_GLYSO_06G015925_1_P),GWHPACEO024198)),GWHPACES024985),GWHPACEB022572),GWHPACEJ024892),GLYMA_ZH13_06G246700_1_P);
(GWHPACEH024144,((((((GWHPACEB022585,GWHPACEJ024901),(GLYMA_ZH13_06G247000_1_P,GWHPACEH024152)),(GWHPACEU084554,GWHPACEE024081)),GWHPACES024985),(((GWHPACDZ023663,W05_GLYSO_06G015925_1_P),GWHPACEO024198),GWHPACEB022572)),GWHPACEJ024892),GLYMA_ZH13_06G246700_1_P);
(GWHPACEH024144,((((((GWHPACEB022585,GWHPACEJ024901),(GLYMA_ZH13_06G247000_1_P,GWHPACEH024152)),(GWHPACEU084554,GWHPACEE024081)),GWHPACES024985),(((GWHPACDZ023663,W05_GLYSO_06G015925_1_P),GWHPACEO024198),GWHPACEB022572)),GWHPACEJ024892),GLYMA_ZH13_06G246700_1_P);
((GWHPACES024985,(((((GWHPACEB022585,GWHPACEJ024901),(GLYMA_ZH13_06G247000_1_P,GWHPACEH024152)),(GWHPACEU084554,GWHPACEE024081)),((GWHPACDZ023663,W05_GLYSO_06G015925_1_P),GWHPACEO024198)),GWHPACEB022572)),(GWHPACEJ024892,GWHPACEH024144),GLYMA_ZH13_06G246700_1_P);
((GWHPACES024985,(((((GWHPACEB022585,GWHPACEJ024901),(GLYMA_ZH13_06G247000_1_P,GWHPACEH024152)),(GWHPACEU084554,GWHPACEE024081)),((GWHPACDZ023663,W05_GLYSO_06G015925_1_P),GWHPACEO024198)),GWHPACEB022572)),(GWHPACEJ024892,GWHPACEH024144),GLYMA_ZH13_06G246700_1_P);
((GWHPACEB022572,(GWHPACEH024144,(GWHPACES024985,((GWHPACEO024198,(W05_GLYSO_06G015925_1_P,GWHPACDZ023663)),(GLYMA_ZH13_06G247000_1_P,(GWHPACEH024152,(GWHPACEJ024901,(GWHPACEU084554,(GWHPACEB022585,GWHPACEE024081))))))))),GWHPACEJ024892,GLYMA_ZH13_06G246700_1_P);
((GWHPACEB022572,(GWHPACEH024144,(GWHPACES024985,((GWHPACEO024198,(W05_GLYSO_06G015925_1_P,GWHPACDZ023663)),(GLYMA_ZH13_06G247000_1_P,(GWHPACEH024152,(GWHPACEJ024901,(GWHPACEU084554,(GWHPACEB022585,GWHPACEE024081))))))))),GWHPACEJ024892,GLYMA_ZH13_06G246700_1_P);
((GWHPACEH024144,((GWHPACES024985,((GWHPACEO024198,(W05_GLYSO_06G015925_1_P,GWHPACDZ023663)),((GLYMA_ZH13_06G247000_1_P,(GWHPACEH024152,(GWHPACEJ024901,GWHPACEB022585))),(GWHPACEE024081,GWHPACEU084554)))),GWHPACEB022572)),GWHPACEJ024892,GLYMA_ZH13_06G246700_1_P);
((GWHPACEH024144,((GWHPACES024985,((GWHPACEO024198,(W05_GLYSO_06G015925_1_P,GWHPACDZ023663)),(GWHPACEE024081,(GWHPACEU084554,(GWHPACEH024152,(GWHPACEB022585,(GWHPACEJ024901,GLYMA_ZH13_06G247000_1_P))))))),GWHPACEB022572)),GWHPACEJ024892,GLYMA_ZH13_06G246700_1_P);
((GWHPACEH024144,((GWHPACES024985,((GWHPACEO024198,(W05_GLYSO_06G015925_1_P,GWHPACDZ023663)),(GWHPACEE024081,(GWHPACEU084554,(GWHPACEH024152,(GWHPACEB022585,(GWHPACEJ024901,GLYMA_ZH13_06G247000_1_P))))))),GWHPACEB022572)),GWHPACEJ024892,GLYMA_ZH13_06G246700_1_P);
((GWHPACEH024144,((GWHPACES024985,((GWHPACEO024198,(W05_GLYSO_06G015925_1_P,GWHPACDZ023663)),(GWHPACEE024081,(GWHPACEU084554,(GWHPACEH024152,(GWHPACEB022585,(GWHPACEJ024901,GLYMA_ZH13_06G247000_1_P))))))),GWHPACEB022572)),GWHPACEJ024892,GLYMA_ZH13_06G246700_1_P);
((GWHPACEH024144,(((GWHPACEO024198,(W05_GLYSO_06G015925_1_P,GWHPACDZ023663)),((((GWHPACEB022585,(GLYMA_ZH13_06G247000_1_P,GWHPACEH024152)),GWHPACEJ024901),(GWHPACEE024081,GWHPACEU084554)),GWHPACES024985)),GWHPACEB022572)),GWHPACEJ024892,GLYMA_ZH13_06G246700_1_P);
((GWHPACEH024144,(((GWHPACEO024198,(W05_GLYSO_06G015925_1_P,GWHPACDZ023663)),((((GWHPACEB022585,(GLYMA_ZH13_06G247000_1_P,GWHPACEH024152)),GWHPACEJ024901),(GWHPACEE024081,GWHPACEU084554)),GWHPACES024985)),GWHPACEB022572)),GWHPACEJ024892,GLYMA_ZH13_06G246700_1_P);
((GWHPACEH024144,(((GWHPACEO024198,(W05_GLYSO_06G015925_1_P,GWHPACDZ023663)),((((GWHPACEB022585,(GLYMA_ZH13_06G247000_1_P,GWHPACEH024152)),GWHPACEJ024901),(GWHPACEE024081,GWHPACEU084554)),GWHPACES024985)),GWHPACEB022572)),GWHPACEJ024892,GLYMA_ZH13_06G246700_1_P);
((GWHPACEH024144,(((GWHPACEO024198,(W05_GLYSO_06G015925_1_P,GWHPACDZ023663)),((((GWHPACEB022585,(GLYMA_ZH13_06G247000_1_P,GWHPACEH024152)),GWHPACEJ024901),(GWHPACEE024081,GWHPACEU084554)),GWHPACES024985)),GWHPACEB022572)),GWHPACEJ024892,GLYMA_ZH13_06G246700_1_P);
((GWHPACEH024144,GWHPACEJ024892),(GWHPACEB022572,(((W05_GLYSO_06G015925_1_P,GWHPACDZ023663),GWHPACEO024198),((((GWHPACEJ024901,GLYMA_ZH13_06G247000_1_P),(GWHPACEH024152,GWHPACEB022585)),(GWHPACEU084554,GWHPACEE024081)),GWHPACES024985))),GLYMA_ZH13_06G246700_1_P);
((GWHPACEH024144,GWHPACEJ024892),(GWHPACEB022572,(((W05_GLYSO_06G015925_1_P,GWHPACDZ023663),GWHPACEO024198),((((GWHPACEJ024901,GLYMA_ZH13_06G247000_1_P),(GWHPACEH024152,GWHPACEB022585)),(GWHPACEU084554,GWHPACEE024081)),GWHPACES024985))),GLYMA_ZH13_06G246700_1_P);
(GWHPACEJ024892,(GWHPACEB022572,((GWHPACEH024144,GWHPACES024985),(((GWHPACDZ023663,W05_GLYSO_06G015925_1_P),GWHPACEO024198),(((GWHPACEU084554,GWHPACEE024081),(GWHPACEB022585,GWHPACEH024152)),(GWHPACEJ024901,GLYMA_ZH13_06G247000_1_P))))),GLYMA_ZH13_06G246700_1_P);
(GWHPACEJ024892,(GWHPACEB022572,((GWHPACEH024144,GWHPACES024985),(((GWHPACDZ023663,W05_GLYSO_06G015925_1_P),GWHPACEO024198),(((GWHPACEU084554,GWHPACEE024081),(GWHPACEB022585,GWHPACEH024152)),(GWHPACEJ024901,GLYMA_ZH13_06G247000_1_P))))),GLYMA_ZH13_06G246700_1_P);
(GWHPACEJ024892,(GWHPACEB022572,((GWHPACEH024144,GWHPACES024985),(((GWHPACDZ023663,W05_GLYSO_06G015925_1_P),GWHPACEO024198),(((GWHPACEU084554,GWHPACEE024081),(GWHPACEB022585,GWHPACEH024152)),(GWHPACEJ024901,GLYMA_ZH13_06G247000_1_P))))),GLYMA_ZH13_06G246700_1_P);
(GWHPACEJ024892,(GWHPACEB022572,((GWHPACEH024144,GWHPACES024985),(((GWHPACDZ023663,W05_GLYSO_06G015925_1_P),GWHPACEO024198),(((GWHPACEU084554,GWHPACEE024081),(GWHPACEB022585,GWHPACEH024152)),(GWHPACEJ024901,GLYMA_ZH13_06G247000_1_P))))),GLYMA_ZH13_06G246700_1_P);
(GWHPACEJ024892,(GWHPACEB022572,((GWHPACEH024144,GWHPACES024985),(((GWHPACDZ023663,W05_GLYSO_06G015925_1_P),GWHPACEO024198),(((GWHPACEU084554,GWHPACEE024081),(GWHPACEB022585,GWHPACEH024152)),(GWHPACEJ024901,GLYMA_ZH13_06G247000_1_P))))),GLYMA_ZH13_06G246700_1_P);
(GWHPACEJ024892,(GWHPACEB022572,((GWHPACEH024144,GWHPACES024985),(((GWHPACDZ023663,W05_GLYSO_06G015925_1_P),GWHPACEO024198),(((GWHPACEU084554,GWHPACEE024081),(GWHPACEB022585,GWHPACEH024152)),(GWHPACEJ024901,GLYMA_ZH13_06G247000_1_P))))),GLYMA_ZH13_06G246700_1_P);
(GWHPACEJ024892,(GWHPACEB022572,((GWHPACEH024144,GWHPACES024985),(((GWHPACDZ023663,W05_GLYSO_06G015925_1_P),GWHPACEO024198),(((GWHPACEU084554,GWHPACEE024081),(GWHPACEB022585,GWHPACEH024152)),(GWHPACEJ024901,GLYMA_ZH13_06G247000_1_P))))),GLYMA_ZH13_06G246700_1_P);
((GWHPACEH024144,((((GWHPACDZ023663,W05_GLYSO_06G015925_1_P),GWHPACEO024198),(GWHPACES024985,((GWHPACEU084554,GWHPACEE024081),((GWHPACEB022585,GWHPACEH024152),(GWHPACEJ024901,GLYMA_ZH13_06G247000_1_P))))),GWHPACEB022572)),GWHPACEJ024892,GLYMA_ZH13_06G246700_1_P);
(((GWHPACEB022572,(((((GWHPACEH024152,GLYMA_ZH13_06G247000_1_P),(GWHPACEJ024901,GWHPACEB022585)),(GWHPACEU084554,GWHPACEE024081)),(GWHPACEO024198,(GWHPACDZ023663,W05_GLYSO_06G015925_1_P))),GWHPACES024985)),GWHPACEH024144),GWHPACEJ024892,GLYMA_ZH13_06G246700_1_P);
(((GWHPACEB022572,((GWHPACEO024198,(GWHPACDZ023663,W05_GLYSO_06G015925_1_P)),(GWHPACES024985,(GWHPACEE024081,(((GWHPACEH024152,GLYMA_ZH13_06G247000_1_P),(GWHPACEJ024901,GWHPACEB022585)),GWHPACEU084554))))),GWHPACEH024144),GWHPACEJ024892,GLYMA_ZH13_06G246700_1_P);
(((GWHPACEB022572,((GWHPACEO024198,(GWHPACDZ023663,W05_GLYSO_06G015925_1_P)),(GWHPACES024985,(((GWHPACEH024152,GLYMA_ZH13_06G247000_1_P),(GWHPACEJ024901,GWHPACEB022585)),(GWHPACEU084554,GWHPACEE024081))))),GWHPACEH024144),GWHPACEJ024892,GLYMA_ZH13_06G246700_1_P);
(((GWHPACEB022572,((GWHPACEO024198,(GWHPACDZ023663,W05_GLYSO_06G015925_1_P)),(GWHPACES024985,(((GWHPACEH024152,GLYMA_ZH13_06G247000_1_P),(GWHPACEJ024901,GWHPACEB022585)),(GWHPACEU084554,GWHPACEE024081))))),GWHPACEH024144),GWHPACEJ024892,GLYMA_ZH13_06G246700_1_P);
(((GWHPACEB022572,((GWHPACEO024198,(GWHPACDZ023663,W05_GLYSO_06G015925_1_P)),(GWHPACES024985,(((GWHPACEH024152,GLYMA_ZH13_06G247000_1_P),(GWHPACEJ024901,GWHPACEB022585)),(GWHPACEU084554,GWHPACEE024081))))),GWHPACEH024144),GWHPACEJ024892,GLYMA_ZH13_06G246700_1_P);
(((GWHPACEB022572,((GWHPACEO024198,(GWHPACDZ023663,W05_GLYSO_06G015925_1_P)),(GWHPACES024985,(((GWHPACEH024152,GLYMA_ZH13_06G247000_1_P),(GWHPACEJ024901,GWHPACEB022585)),(GWHPACEU084554,GWHPACEE024081))))),GWHPACEH024144),GWHPACEJ024892,GLYMA_ZH13_06G246700_1_P);
(((GWHPACEB022572,((GWHPACEO024198,(GWHPACDZ023663,W05_GLYSO_06G015925_1_P)),(GWHPACES024985,(((GWHPACEH024152,GLYMA_ZH13_06G247000_1_P),(GWHPACEJ024901,GWHPACEB022585)),(GWHPACEU084554,GWHPACEE024081))))),GWHPACEH024144),GWHPACEJ024892,GLYMA_ZH13_06G246700_1_P);
((((((W05_GLYSO_06G015925_1_P,GWHPACDZ023663),GWHPACEO024198),((GWHPACEE024081,((GWHPACEJ024901,GWHPACEB022585),(GWHPACEH024152,GLYMA_ZH13_06G247000_1_P))),GWHPACEU084554)),GWHPACEB022572),(GWHPACEH024144,GWHPACEJ024892)),GWHPACES024985,GLYMA_ZH13_06G246700_1_P);
((GWHPACEH024144,(GWHPACEB022572,(GWHPACES024985,(((W05_GLYSO_06G015925_1_P,GWHPACDZ023663),GWHPACEO024198),(((GWHPACEJ024901,GWHPACEB022585),(GWHPACEH024152,GLYMA_ZH13_06G247000_1_P)),(GWHPACEU084554,GWHPACEE024081)))))),GWHPACEJ024892,GLYMA_ZH13_06G246700_1_P);
((GWHPACEH024144,(GWHPACEB022572,(GWHPACES024985,(((W05_GLYSO_06G015925_1_P,GWHPACDZ023663),GWHPACEO024198),(((GWHPACEJ024901,GWHPACEB022585),(GWHPACEH024152,GLYMA_ZH13_06G247000_1_P)),(GWHPACEU084554,GWHPACEE024081)))))),GWHPACEJ024892,GLYMA_ZH13_06G246700_1_P);
(GWHPACEH024144,(((((GWHPACEB022585,((((GLYMA_ZH13_06G247000_1_P,GWHPACEU084554),GWHPACEE024081),GWHPACEJ024901),GWHPACEH024152)),(GWHPACEO024198,(W05_GLYSO_06G015925_1_P,GWHPACDZ023663))),GWHPACES024985),GWHPACEB022572),GWHPACEJ024892),GLYMA_ZH13_06G246700_1_P);
(GWHPACEH024144,(((((GWHPACEB022585,((((GLYMA_ZH13_06G247000_1_P,GWHPACEU084554),GWHPACEE024081),GWHPACEJ024901),GWHPACEH024152)),(GWHPACEO024198,(W05_GLYSO_06G015925_1_P,GWHPACDZ023663))),GWHPACES024985),GWHPACEB022572),GWHPACEJ024892),GLYMA_ZH13_06G246700_1_P);
(GWHPACEH024144,(((((GWHPACEB022585,((((GLYMA_ZH13_06G247000_1_P,GWHPACEU084554),GWHPACEE024081),GWHPACEJ024901),GWHPACEH024152)),(GWHPACEO024198,(W05_GLYSO_06G015925_1_P,GWHPACDZ023663))),GWHPACES024985),GWHPACEB022572),GWHPACEJ024892),GLYMA_ZH13_06G246700_1_P);
(GWHPACEH024144,(((((((GWHPACEB022585,GLYMA_ZH13_06G247000_1_P),(GWHPACEJ024901,GWHPACEH024152)),(GWHPACEU084554,GWHPACEE024081)),(GWHPACEO024198,(W05_GLYSO_06G015925_1_P,GWHPACDZ023663))),GWHPACES024985),GWHPACEB022572),GWHPACEJ024892),GLYMA_ZH13_06G246700_1_P);
(GWHPACEH024144,(((((((GWHPACEB022585,GLYMA_ZH13_06G247000_1_P),(GWHPACEJ024901,GWHPACEH024152)),(GWHPACEU084554,GWHPACEE024081)),(GWHPACEO024198,(W05_GLYSO_06G015925_1_P,GWHPACDZ023663))),GWHPACES024985),GWHPACEB022572),GWHPACEJ024892),GLYMA_ZH13_06G246700_1_P);
(GWHPACEH024144,(((((((GWHPACEB022585,GLYMA_ZH13_06G247000_1_P),(GWHPACEJ024901,GWHPACEH024152)),(GWHPACEU084554,GWHPACEE024081)),(GWHPACEO024198,(W05_GLYSO_06G015925_1_P,GWHPACDZ023663))),GWHPACES024985),GWHPACEB022572),GWHPACEJ024892),GLYMA_ZH13_06G246700_1_P);
(GWHPACEH024144,(((((((GWHPACEB022585,GLYMA_ZH13_06G247000_1_P),(GWHPACEJ024901,GWHPACEH024152)),(GWHPACEU084554,GWHPACEE024081)),(GWHPACEO024198,(W05_GLYSO_06G015925_1_P,GWHPACDZ023663))),GWHPACES024985),GWHPACEB022572),GWHPACEJ024892),GLYMA_ZH13_06G246700_1_P);
(GWHPACEH024144,(((((((GWHPACEB022585,GLYMA_ZH13_06G247000_1_P),(GWHPACEJ024901,GWHPACEH024152)),(GWHPACEU084554,GWHPACEE024081)),(GWHPACEO024198,(W05_GLYSO_06G015925_1_P,GWHPACDZ023663))),GWHPACES024985),GWHPACEB022572),GWHPACEJ024892),GLYMA_ZH13_06G246700_1_P);
(GWHPACEH024144,(((((((GWHPACEB022585,GLYMA_ZH13_06G247000_1_P),(GWHPACEJ024901,GWHPACEH024152)),(GWHPACEU084554,GWHPACEE024081)),(GWHPACEO024198,(W05_GLYSO_06G015925_1_P,GWHPACDZ023663))),GWHPACES024985),GWHPACEB022572),GWHPACEJ024892),GLYMA_ZH13_06G246700_1_P);
(GWHPACEH024144,(((((((GWHPACEB022585,GLYMA_ZH13_06G247000_1_P),(GWHPACEJ024901,GWHPACEH024152)),(GWHPACEU084554,GWHPACEE024081)),(GWHPACEO024198,(W05_GLYSO_06G015925_1_P,GWHPACDZ023663))),GWHPACES024985),GWHPACEB022572),GWHPACEJ024892),GLYMA_ZH13_06G246700_1_P);
