(GWHPACEG074985,(GWHPACEL072012,(GWHPACEC071038,GWHPACER069873)),GWHPACEJ077866);
(GWHPACEG074985,(GWHPACEL072012,(GWHPACEC071038,GWHPACER069873)),GWHPACEJ077866);
(GWHPACEG074985,(GWHPACEL072012,(GWHPACEC071038,GWHPACER069873)),GWHPACEJ077866);
(GWHPACEG074985,(GWHPACEL072012,(GWHPACEC071038,GWHPACER069873)),GWHPACEJ077866);
(GWHPACEG074985,(GWHPACEL072012,(GWHPACEC071038,GWHPACER069873)),GWHPACEJ077866);
(GWHPACEG074985,(GWHPACEL072012,(GWHPACEC071038,GWHPACER069873)),GWHPACEJ077866);
(GWHPACEG074985,(GWHPACEL072012,(GWHPACEC071038,GWHPACER069873)),GWHPACEJ077866);
(GWHPACEG074985,(GWHPACEL072012,(GWHPACEC071038,GWHPACER069873)),GWHPACEJ077866);
(GWHPACEG074985,(GWHPACEL072012,(GWHPACEC071038,GWHPACER069873)),GWHPACEJ077866);
(GWHPACEG074985,(GWHPACEL072012,(GWHPACEC071038,GWHPACER069873)),GWHPACEJ077866);
(((GWHPACER069873,GWHPACEC071038),GWHPACEL072012),GWHPACEG074985,GWHPACEJ077866);
(((GWHPACER069873,GWHPACEC071038),GWHPACEL072012),GWHPACEG074985,GWHPACEJ077866);
(((GWHPACER069873,GWHPACEC071038),GWHPACEL072012),GWHPACEG074985,GWHPACEJ077866);
(((GWHPACER069873,GWHPACEC071038),GWHPACEL072012),GWHPACEG074985,GWHPACEJ077866);
(((GWHPACER069873,GWHPACEC071038),GWHPACEL072012),GWHPACEG074985,GWHPACEJ077866);
(((GWHPACER069873,GWHPACEC071038),GWHPACEL072012),GWHPACEG074985,GWHPACEJ077866);
(((GWHPACER069873,GWHPACEC071038),GWHPACEL072012),GWHPACEG074985,GWHPACEJ077866);
(((GWHPACER069873,GWHPACEC071038),GWHPACEL072012),GWHPACEG074985,GWHPACEJ077866);
(((GWHPACER069873,GWHPACEC071038),GWHPACEL072012),GWHPACEG074985,GWHPACEJ077866);
(((GWHPACER069873,GWHPACEC071038),GWHPACEL072012),GWHPACEG074985,GWHPACEJ077866);
((GWHPACEL072012,(GWHPACEC071038,GWHPACER069873)),GWHPACEG074985,GWHPACEJ077866);
((GWHPACEL072012,(GWHPACEC071038,GWHPACER069873)),GWHPACEG074985,GWHPACEJ077866);
((GWHPACEL072012,(GWHPACEC071038,GWHPACER069873)),GWHPACEG074985,GWHPACEJ077866);
((GWHPACEL072012,(GWHPACEC071038,GWHPACER069873)),GWHPACEG074985,GWHPACEJ077866);
((GWHPACEL072012,(GWHPACEC071038,GWHPACER069873)),GWHPACEG074985,GWHPACEJ077866);
((GWHPACEL072012,(GWHPACEC071038,GWHPACER069873)),GWHPACEG074985,GWHPACEJ077866);
((GWHPACEL072012,(GWHPACEC071038,GWHPACER069873)),GWHPACEG074985,GWHPACEJ077866);
((GWHPACEL072012,(GWHPACEC071038,GWHPACER069873)),GWHPACEG074985,GWHPACEJ077866);
((GWHPACEL072012,(GWHPACEC071038,GWHPACER069873)),GWHPACEG074985,GWHPACEJ077866);
((GWHPACEL072012,(GWHPACEC071038,GWHPACER069873)),GWHPACEG074985,GWHPACEJ077866);
((GWHPACEL072012,(GWHPACEC071038,GWHPACER069873)),GWHPACEG074985,GWHPACEJ077866);
((GWHPACEL072012,(GWHPACEC071038,GWHPACER069873)),GWHPACEG074985,GWHPACEJ077866);
((GWHPACEL072012,(GWHPACEC071038,GWHPACER069873)),GWHPACEG074985,GWHPACEJ077866);
((GWHPACEL072012,(GWHPACEC071038,GWHPACER069873)),GWHPACEG074985,GWHPACEJ077866);
((GWHPACEL072012,(GWHPACEC071038,GWHPACER069873)),GWHPACEG074985,GWHPACEJ077866);
((GWHPACEL072012,(GWHPACEC071038,GWHPACER069873)),GWHPACEG074985,GWHPACEJ077866);
((GWHPACEL072012,(GWHPACEC071038,GWHPACER069873)),GWHPACEG074985,GWHPACEJ077866);
((GWHPACEL072012,(GWHPACEC071038,GWHPACER069873)),GWHPACEG074985,GWHPACEJ077866);
((GWHPACEL072012,(GWHPACEC071038,GWHPACER069873)),GWHPACEG074985,GWHPACEJ077866);
((GWHPACEL072012,(GWHPACEC071038,GWHPACER069873)),GWHPACEG074985,GWHPACEJ077866);
(((GWHPACEC071038,GWHPACER069873),GWHPACEL072012),GWHPACEG074985,GWHPACEJ077866);
(((GWHPACEC071038,GWHPACER069873),GWHPACEL072012),GWHPACEG074985,GWHPACEJ077866);
(((GWHPACEC071038,GWHPACER069873),GWHPACEL072012),GWHPACEG074985,GWHPACEJ077866);
(((GWHPACEC071038,GWHPACER069873),GWHPACEL072012),GWHPACEG074985,GWHPACEJ077866);
(((GWHPACEC071038,GWHPACER069873),GWHPACEL072012),GWHPACEG074985,GWHPACEJ077866);
(((GWHPACEC071038,GWHPACER069873),GWHPACEL072012),GWHPACEG074985,GWHPACEJ077866);
(((GWHPACEC071038,GWHPACER069873),GWHPACEL072012),GWHPACEG074985,GWHPACEJ077866);
(((GWHPACEC071038,GWHPACER069873),GWHPACEL072012),GWHPACEG074985,GWHPACEJ077866);
(((GWHPACEC071038,GWHPACER069873),GWHPACEL072012),GWHPACEG074985,GWHPACEJ077866);
(((GWHPACEC071038,GWHPACER069873),GWHPACEL072012),GWHPACEG074985,GWHPACEJ077866);
(GWHPACEL072012,((GWHPACEC071038,GWHPACER069873),GWHPACEG074985),GWHPACEJ077866);
(GWHPACEL072012,((GWHPACEC071038,GWHPACER069873),GWHPACEG074985),GWHPACEJ077866);
(GWHPACEL072012,((GWHPACEC071038,GWHPACER069873),GWHPACEG074985),GWHPACEJ077866);
(GWHPACEL072012,((GWHPACEC071038,GWHPACER069873),GWHPACEG074985),GWHPACEJ077866);
(GWHPACEL072012,((GWHPACEC071038,GWHPACER069873),GWHPACEG074985),GWHPACEJ077866);
(GWHPACEL072012,((GWHPACEC071038,GWHPACER069873),GWHPACEG074985),GWHPACEJ077866);
(GWHPACEL072012,((GWHPACEC071038,GWHPACER069873),GWHPACEG074985),GWHPACEJ077866);
(GWHPACEL072012,((GWHPACEC071038,GWHPACER069873),GWHPACEG074985),GWHPACEJ077866);
(GWHPACEL072012,((GWHPACEC071038,GWHPACER069873),GWHPACEG074985),GWHPACEJ077866);
(GWHPACEL072012,((GWHPACEC071038,GWHPACER069873),GWHPACEG074985),GWHPACEJ077866);
(GWHPACEG074985,(GWHPACEL072012,(GWHPACER069873,GWHPACEC071038)),GWHPACEJ077866);
(GWHPACEG074985,(GWHPACEL072012,(GWHPACER069873,GWHPACEC071038)),GWHPACEJ077866);
(GWHPACEG074985,(GWHPACEL072012,(GWHPACER069873,GWHPACEC071038)),GWHPACEJ077866);
(GWHPACEG074985,(GWHPACEL072012,(GWHPACER069873,GWHPACEC071038)),GWHPACEJ077866);
(GWHPACEG074985,(GWHPACEL072012,(GWHPACER069873,GWHPACEC071038)),GWHPACEJ077866);
(GWHPACEG074985,(GWHPACEL072012,(GWHPACER069873,GWHPACEC071038)),GWHPACEJ077866);
(GWHPACEG074985,(GWHPACEL072012,(GWHPACER069873,GWHPACEC071038)),GWHPACEJ077866);
(GWHPACEG074985,(GWHPACEL072012,(GWHPACER069873,GWHPACEC071038)),GWHPACEJ077866);
(GWHPACEG074985,(GWHPACEL072012,(GWHPACER069873,GWHPACEC071038)),GWHPACEJ077866);
(GWHPACEG074985,(GWHPACEL072012,(GWHPACER069873,GWHPACEC071038)),GWHPACEJ077866);
((GWHPACEL072012,(GWHPACEC071038,GWHPACER069873)),GWHPACEG074985,GWHPACEJ077866);
((GWHPACEL072012,(GWHPACEC071038,GWHPACER069873)),GWHPACEG074985,GWHPACEJ077866);
((GWHPACEL072012,(GWHPACEC071038,GWHPACER069873)),GWHPACEG074985,GWHPACEJ077866);
((GWHPACEL072012,(GWHPACEC071038,GWHPACER069873)),GWHPACEG074985,GWHPACEJ077866);
((GWHPACEL072012,(GWHPACEC071038,GWHPACER069873)),GWHPACEG074985,GWHPACEJ077866);
((GWHPACEL072012,(GWHPACEC071038,GWHPACER069873)),GWHPACEG074985,GWHPACEJ077866);
((GWHPACEL072012,(GWHPACEC071038,GWHPACER069873)),GWHPACEG074985,GWHPACEJ077866);
((GWHPACEL072012,(GWHPACEC071038,GWHPACER069873)),GWHPACEG074985,GWHPACEJ077866);
((GWHPACEL072012,(GWHPACEC071038,GWHPACER069873)),GWHPACEG074985,GWHPACEJ077866);
((GWHPACEL072012,(GWHPACEC071038,GWHPACER069873)),GWHPACEG074985,GWHPACEJ077866);
(((GWHPACEC071038,GWHPACER069873),GWHPACEL072012),GWHPACEG074985,GWHPACEJ077866);
(((GWHPACEC071038,GWHPACER069873),GWHPACEL072012),GWHPACEG074985,GWHPACEJ077866);
(((GWHPACEC071038,GWHPACER069873),GWHPACEL072012),GWHPACEG074985,GWHPACEJ077866);
(((GWHPACEC071038,GWHPACER069873),GWHPACEL072012),GWHPACEG074985,GWHPACEJ077866);
(((GWHPACEC071038,GWHPACER069873),GWHPACEL072012),GWHPACEG074985,GWHPACEJ077866);
(((GWHPACEC071038,GWHPACER069873),GWHPACEL072012),GWHPACEG074985,GWHPACEJ077866);
(((GWHPACEC071038,GWHPACER069873),GWHPACEL072012),GWHPACEG074985,GWHPACEJ077866);
(((GWHPACEC071038,GWHPACER069873),GWHPACEL072012),GWHPACEG074985,GWHPACEJ077866);
(((GWHPACEC071038,GWHPACER069873),GWHPACEL072012),GWHPACEG074985,GWHPACEJ077866);
(((GWHPACEC071038,GWHPACER069873),GWHPACEL072012),GWHPACEG074985,GWHPACEJ077866);
(GWHPACEG074985,(GWHPACEL072012,(GWHPACER069873,GWHPACEC071038)),GWHPACEJ077866);
(GWHPACEG074985,(GWHPACEL072012,(GWHPACER069873,GWHPACEC071038)),GWHPACEJ077866);
(GWHPACEG074985,(GWHPACEL072012,(GWHPACER069873,GWHPACEC071038)),GWHPACEJ077866);
(GWHPACEG074985,(GWHPACEL072012,(GWHPACER069873,GWHPACEC071038)),GWHPACEJ077866);
(GWHPACEG074985,(GWHPACEL072012,(GWHPACER069873,GWHPACEC071038)),GWHPACEJ077866);
(GWHPACEG074985,(GWHPACEL072012,(GWHPACER069873,GWHPACEC071038)),GWHPACEJ077866);
(GWHPACEG074985,(GWHPACEL072012,(GWHPACER069873,GWHPACEC071038)),GWHPACEJ077866);
(GWHPACEG074985,(GWHPACEL072012,(GWHPACER069873,GWHPACEC071038)),GWHPACEJ077866);
(GWHPACEG074985,(GWHPACEL072012,(GWHPACER069873,GWHPACEC071038)),GWHPACEJ077866);
(GWHPACEG074985,(GWHPACEL072012,(GWHPACER069873,GWHPACEC071038)),GWHPACEJ077866);
