(GWHPACEI024787,(GWHPACEH024014,(GWHPACEJ024760,((GWHPACEM024032,(GWHPACEU024128,(GWHPACEA024443,(GLYMA_06G259400_1,(GWHPACET024382,W05_GLYSO_06G015836_1_P))))),GWHPACEG023908))),GWHPACEE023940);
(GWHPACEI024787,(GWHPACEH024014,(GWHPACEJ024760,((GWHPACEM024032,(GWHPACEU024128,(GWHPACEA024443,(GLYMA_06G259400_1,(GWHPACET024382,W05_GLYSO_06G015836_1_P))))),GWHPACEG023908))),GWHPACEE023940);
(GWHPACEI024787,(GWHPACEH024014,(GWHPACEJ024760,((GWHPACEM024032,(GWHPACEU024128,(GWHPACEA024443,(GLYMA_06G259400_1,(GWHPACET024382,W05_GLYSO_06G015836_1_P))))),GWHPACEG023908))),GWHPACEE023940);
(GWHPACEI024787,(GWHPACEH024014,(GWHPACEJ024760,((GWHPACEM024032,(GWHPACEU024128,(GWHPACEA024443,(GLYMA_06G259400_1,(GWHPACET024382,W05_GLYSO_06G015836_1_P))))),GWHPACEG023908))),GWHPACEE023940);
(GWHPACEI024787,(GWHPACEH024014,(GWHPACEJ024760,((GWHPACEM024032,(GWHPACEU024128,(GWHPACEA024443,(GLYMA_06G259400_1,(GWHPACET024382,W05_GLYSO_06G015836_1_P))))),GWHPACEG023908))),GWHPACEE023940);
(GWHPACEI024787,(GWHPACEH024014,(GWHPACEJ024760,((GWHPACEM024032,(GWHPACEU024128,(GWHPACEA024443,(GLYMA_06G259400_1,(GWHPACET024382,W05_GLYSO_06G015836_1_P))))),GWHPACEG023908))),GWHPACEE023940);
(GWHPACEI024787,(GWHPACEH024014,(GWHPACEJ024760,((GWHPACEM024032,(GWHPACEU024128,(GWHPACEA024443,(GLYMA_06G259400_1,(GWHPACET024382,W05_GLYSO_06G015836_1_P))))),GWHPACEG023908))),GWHPACEE023940);
(GWHPACEI024787,(GWHPACEH024014,(GWHPACEJ024760,((GWHPACEM024032,(GWHPACEU024128,(GWHPACEA024443,(GLYMA_06G259400_1,(GWHPACET024382,W05_GLYSO_06G015836_1_P))))),GWHPACEG023908))),GWHPACEE023940);
(GWHPACEI024787,(GWHPACEH024014,(GWHPACEJ024760,((GWHPACEM024032,(GWHPACEU024128,(GWHPACEA024443,(GLYMA_06G259400_1,(GWHPACET024382,W05_GLYSO_06G015836_1_P))))),GWHPACEG023908))),GWHPACEE023940);
(GWHPACEI024787,(GWHPACEH024014,(GWHPACEJ024760,((GWHPACEM024032,(GWHPACEU024128,(GWHPACEA024443,(GLYMA_06G259400_1,(GWHPACET024382,W05_GLYSO_06G015836_1_P))))),GWHPACEG023908))),GWHPACEE023940);
(GWHPACEI024787,(GWHPACEJ024760,(GWHPACEG023908,(((W05_GLYSO_06G015836_1_P,(GLYMA_06G259400_1,(GWHPACET024382,(GWHPACEU024128,GWHPACEA024443)))),GWHPACEM024032),GWHPACEH024014))),GWHPACEE023940);
(GWHPACEI024787,(GWHPACEJ024760,(GWHPACEG023908,(((W05_GLYSO_06G015836_1_P,(GLYMA_06G259400_1,(GWHPACET024382,(GWHPACEU024128,GWHPACEA024443)))),GWHPACEM024032),GWHPACEH024014))),GWHPACEE023940);
(GWHPACEI024787,(GWHPACEJ024760,(GWHPACEG023908,(((W05_GLYSO_06G015836_1_P,(GLYMA_06G259400_1,(GWHPACET024382,(GWHPACEU024128,GWHPACEA024443)))),GWHPACEM024032),GWHPACEH024014))),GWHPACEE023940);
(GWHPACEI024787,(GWHPACEJ024760,(GWHPACEG023908,(((W05_GLYSO_06G015836_1_P,(GLYMA_06G259400_1,(GWHPACET024382,(GWHPACEU024128,GWHPACEA024443)))),GWHPACEM024032),GWHPACEH024014))),GWHPACEE023940);
(GWHPACEI024787,(GWHPACEJ024760,(GWHPACEG023908,(((W05_GLYSO_06G015836_1_P,(GLYMA_06G259400_1,(GWHPACET024382,(GWHPACEU024128,GWHPACEA024443)))),GWHPACEM024032),GWHPACEH024014))),GWHPACEE023940);
(GWHPACEI024787,(GWHPACEJ024760,(GWHPACEG023908,(((W05_GLYSO_06G015836_1_P,(GLYMA_06G259400_1,(GWHPACET024382,(GWHPACEU024128,GWHPACEA024443)))),GWHPACEM024032),GWHPACEH024014))),GWHPACEE023940);
(GWHPACEI024787,(GWHPACEJ024760,(GWHPACEG023908,(((W05_GLYSO_06G015836_1_P,(GLYMA_06G259400_1,(GWHPACET024382,(GWHPACEU024128,GWHPACEA024443)))),GWHPACEM024032),GWHPACEH024014))),GWHPACEE023940);
(GWHPACEI024787,(GWHPACEJ024760,(GWHPACEG023908,(((W05_GLYSO_06G015836_1_P,(GLYMA_06G259400_1,(GWHPACET024382,(GWHPACEU024128,GWHPACEA024443)))),GWHPACEM024032),GWHPACEH024014))),GWHPACEE023940);
(GWHPACEI024787,(GWHPACEJ024760,(GWHPACEG023908,(((W05_GLYSO_06G015836_1_P,(GLYMA_06G259400_1,(GWHPACET024382,(GWHPACEU024128,GWHPACEA024443)))),GWHPACEM024032),GWHPACEH024014))),GWHPACEE023940);
(GWHPACEI024787,(GWHPACEJ024760,(GWHPACEG023908,(((W05_GLYSO_06G015836_1_P,(GLYMA_06G259400_1,(GWHPACET024382,(GWHPACEU024128,GWHPACEA024443)))),GWHPACEM024032),GWHPACEH024014))),GWHPACEE023940);
(GWHPACEJ024760,(GWHPACEG023908,(GWHPACEI024787,(GWHPACEH024014,((GWHPACET024382,(GWHPACEU024128,(GLYMA_06G259400_1,(GWHPACEA024443,W05_GLYSO_06G015836_1_P)))),GWHPACEM024032)))),GWHPACEE023940);
(GWHPACEJ024760,(GWHPACEG023908,(GWHPACEI024787,(GWHPACEH024014,((GWHPACET024382,(GWHPACEU024128,(GLYMA_06G259400_1,(GWHPACEA024443,W05_GLYSO_06G015836_1_P)))),GWHPACEM024032)))),GWHPACEE023940);
(GWHPACEJ024760,(GWHPACEG023908,(GWHPACEI024787,(GWHPACEH024014,((GWHPACET024382,(GWHPACEU024128,(GLYMA_06G259400_1,(GWHPACEA024443,W05_GLYSO_06G015836_1_P)))),GWHPACEM024032)))),GWHPACEE023940);
(GWHPACEJ024760,(GWHPACEG023908,(GWHPACEI024787,(GWHPACEH024014,((GWHPACET024382,(GWHPACEU024128,(GLYMA_06G259400_1,(GWHPACEA024443,W05_GLYSO_06G015836_1_P)))),GWHPACEM024032)))),GWHPACEE023940);
(GWHPACEJ024760,(GWHPACEG023908,(GWHPACEI024787,(GWHPACEH024014,((GWHPACET024382,(GWHPACEU024128,(GLYMA_06G259400_1,(GWHPACEA024443,W05_GLYSO_06G015836_1_P)))),GWHPACEM024032)))),GWHPACEE023940);
(GWHPACEJ024760,(GWHPACEG023908,(GWHPACEI024787,(GWHPACEH024014,((GWHPACET024382,(GWHPACEU024128,(GLYMA_06G259400_1,(GWHPACEA024443,W05_GLYSO_06G015836_1_P)))),GWHPACEM024032)))),GWHPACEE023940);
(GWHPACEJ024760,(GWHPACEG023908,(GWHPACEI024787,(GWHPACEH024014,((GWHPACET024382,(GWHPACEU024128,(GLYMA_06G259400_1,(GWHPACEA024443,W05_GLYSO_06G015836_1_P)))),GWHPACEM024032)))),GWHPACEE023940);
(GWHPACEJ024760,(GWHPACEG023908,(GWHPACEI024787,(GWHPACEH024014,((GWHPACET024382,(GWHPACEU024128,(GLYMA_06G259400_1,(GWHPACEA024443,W05_GLYSO_06G015836_1_P)))),GWHPACEM024032)))),GWHPACEE023940);
(GWHPACEJ024760,(GWHPACEG023908,(GWHPACEI024787,(GWHPACEH024014,((GWHPACET024382,(GWHPACEU024128,(GLYMA_06G259400_1,(GWHPACEA024443,W05_GLYSO_06G015836_1_P)))),GWHPACEM024032)))),GWHPACEE023940);
(GWHPACEJ024760,(GWHPACEG023908,(GWHPACEI024787,(GWHPACEH024014,((GWHPACET024382,(GWHPACEU024128,(GLYMA_06G259400_1,(GWHPACEA024443,W05_GLYSO_06G015836_1_P)))),GWHPACEM024032)))),GWHPACEE023940);
((GWHPACEI024787,(GWHPACEH024014,(GWHPACEG023908,GWHPACEJ024760))),((GLYMA_06G259400_1,(((GWHPACEU024128,GWHPACET024382),GWHPACEA024443),W05_GLYSO_06G015836_1_P)),GWHPACEM024032),GWHPACEE023940);
((GWHPACEI024787,(GWHPACEH024014,(GWHPACEG023908,GWHPACEJ024760))),((GLYMA_06G259400_1,(((GWHPACEU024128,GWHPACET024382),GWHPACEA024443),W05_GLYSO_06G015836_1_P)),GWHPACEM024032),GWHPACEE023940);
((GWHPACEI024787,(GWHPACEH024014,(GWHPACEG023908,GWHPACEJ024760))),((GLYMA_06G259400_1,(((GWHPACEU024128,GWHPACET024382),GWHPACEA024443),W05_GLYSO_06G015836_1_P)),GWHPACEM024032),GWHPACEE023940);
((GWHPACEI024787,(GWHPACEH024014,(GWHPACEG023908,GWHPACEJ024760))),((GLYMA_06G259400_1,(((GWHPACEU024128,GWHPACET024382),GWHPACEA024443),W05_GLYSO_06G015836_1_P)),GWHPACEM024032),GWHPACEE023940);
((GWHPACEI024787,(GWHPACEH024014,(GWHPACEG023908,GWHPACEJ024760))),((GLYMA_06G259400_1,(((GWHPACEU024128,GWHPACET024382),GWHPACEA024443),W05_GLYSO_06G015836_1_P)),GWHPACEM024032),GWHPACEE023940);
((GWHPACEI024787,(GWHPACEH024014,(GWHPACEG023908,GWHPACEJ024760))),((GLYMA_06G259400_1,(((GWHPACEU024128,GWHPACET024382),GWHPACEA024443),W05_GLYSO_06G015836_1_P)),GWHPACEM024032),GWHPACEE023940);
((GWHPACEI024787,(GWHPACEH024014,(GWHPACEG023908,GWHPACEJ024760))),((GLYMA_06G259400_1,(((GWHPACEU024128,GWHPACET024382),GWHPACEA024443),W05_GLYSO_06G015836_1_P)),GWHPACEM024032),GWHPACEE023940);
((GWHPACEI024787,(GWHPACEH024014,(GWHPACEG023908,GWHPACEJ024760))),((GLYMA_06G259400_1,(((GWHPACEU024128,GWHPACET024382),GWHPACEA024443),W05_GLYSO_06G015836_1_P)),GWHPACEM024032),GWHPACEE023940);
((GWHPACEI024787,(GWHPACEH024014,(GWHPACEG023908,GWHPACEJ024760))),((GLYMA_06G259400_1,(((GWHPACEU024128,GWHPACET024382),GWHPACEA024443),W05_GLYSO_06G015836_1_P)),GWHPACEM024032),GWHPACEE023940);
((GWHPACEI024787,(GWHPACEH024014,(GWHPACEG023908,GWHPACEJ024760))),((GLYMA_06G259400_1,(((GWHPACEU024128,GWHPACET024382),GWHPACEA024443),W05_GLYSO_06G015836_1_P)),GWHPACEM024032),GWHPACEE023940);
(GWHPACEJ024760,(((((GWHPACEA024443,(((GWHPACEU024128,GWHPACET024382),W05_GLYSO_06G015836_1_P),GLYMA_06G259400_1)),GWHPACEM024032),GWHPACEG023908),GWHPACEI024787),GWHPACEH024014),GWHPACEE023940);
(GWHPACEJ024760,(((((GWHPACEA024443,(((GWHPACEU024128,GWHPACET024382),W05_GLYSO_06G015836_1_P),GLYMA_06G259400_1)),GWHPACEM024032),GWHPACEG023908),GWHPACEI024787),GWHPACEH024014),GWHPACEE023940);
(GWHPACEJ024760,(((((GWHPACEA024443,(((GWHPACEU024128,GWHPACET024382),W05_GLYSO_06G015836_1_P),GLYMA_06G259400_1)),GWHPACEM024032),GWHPACEG023908),GWHPACEI024787),GWHPACEH024014),GWHPACEE023940);
(GWHPACEJ024760,(((((GWHPACEA024443,(((GWHPACEU024128,GWHPACET024382),W05_GLYSO_06G015836_1_P),GLYMA_06G259400_1)),GWHPACEM024032),GWHPACEG023908),GWHPACEI024787),GWHPACEH024014),GWHPACEE023940);
(GWHPACEJ024760,(((((GWHPACEA024443,(((GWHPACEU024128,GWHPACET024382),W05_GLYSO_06G015836_1_P),GLYMA_06G259400_1)),GWHPACEM024032),GWHPACEG023908),GWHPACEI024787),GWHPACEH024014),GWHPACEE023940);
(GWHPACEJ024760,(((((GWHPACEA024443,(((GWHPACEU024128,GWHPACET024382),W05_GLYSO_06G015836_1_P),GLYMA_06G259400_1)),GWHPACEM024032),GWHPACEG023908),GWHPACEI024787),GWHPACEH024014),GWHPACEE023940);
(GWHPACEJ024760,(((((GWHPACEA024443,(((GWHPACEU024128,GWHPACET024382),W05_GLYSO_06G015836_1_P),GLYMA_06G259400_1)),GWHPACEM024032),GWHPACEG023908),GWHPACEI024787),GWHPACEH024014),GWHPACEE023940);
(GWHPACEJ024760,(((((GWHPACEA024443,(((GWHPACEU024128,GWHPACET024382),W05_GLYSO_06G015836_1_P),GLYMA_06G259400_1)),GWHPACEM024032),GWHPACEG023908),GWHPACEI024787),GWHPACEH024014),GWHPACEE023940);
(GWHPACEJ024760,(((((GWHPACEA024443,(((GWHPACEU024128,GWHPACET024382),W05_GLYSO_06G015836_1_P),GLYMA_06G259400_1)),GWHPACEM024032),GWHPACEG023908),GWHPACEI024787),GWHPACEH024014),GWHPACEE023940);
(GWHPACEJ024760,(((((GWHPACEA024443,(((GWHPACEU024128,GWHPACET024382),W05_GLYSO_06G015836_1_P),GLYMA_06G259400_1)),GWHPACEM024032),GWHPACEG023908),GWHPACEI024787),GWHPACEH024014),GWHPACEE023940);
(GWHPACEH024014,(((((GLYMA_06G259400_1,(((W05_GLYSO_06G015836_1_P,GWHPACET024382),GWHPACEA024443),GWHPACEU024128)),GWHPACEM024032),GWHPACEG023908),GWHPACEJ024760),GWHPACEI024787),GWHPACEE023940);
(GWHPACEH024014,(((((GLYMA_06G259400_1,(((W05_GLYSO_06G015836_1_P,GWHPACET024382),GWHPACEA024443),GWHPACEU024128)),GWHPACEM024032),GWHPACEG023908),GWHPACEJ024760),GWHPACEI024787),GWHPACEE023940);
(GWHPACEH024014,(((((GLYMA_06G259400_1,(((W05_GLYSO_06G015836_1_P,GWHPACET024382),GWHPACEA024443),GWHPACEU024128)),GWHPACEM024032),GWHPACEG023908),GWHPACEJ024760),GWHPACEI024787),GWHPACEE023940);
(GWHPACEH024014,(((((GLYMA_06G259400_1,(((W05_GLYSO_06G015836_1_P,GWHPACET024382),GWHPACEA024443),GWHPACEU024128)),GWHPACEM024032),GWHPACEG023908),GWHPACEJ024760),GWHPACEI024787),GWHPACEE023940);
(GWHPACEH024014,(((((GLYMA_06G259400_1,(((W05_GLYSO_06G015836_1_P,GWHPACET024382),GWHPACEA024443),GWHPACEU024128)),GWHPACEM024032),GWHPACEG023908),GWHPACEJ024760),GWHPACEI024787),GWHPACEE023940);
(GWHPACEH024014,(((((GLYMA_06G259400_1,(((W05_GLYSO_06G015836_1_P,GWHPACET024382),GWHPACEA024443),GWHPACEU024128)),GWHPACEM024032),GWHPACEG023908),GWHPACEJ024760),GWHPACEI024787),GWHPACEE023940);
(GWHPACEH024014,(((((GLYMA_06G259400_1,(((W05_GLYSO_06G015836_1_P,GWHPACET024382),GWHPACEA024443),GWHPACEU024128)),GWHPACEM024032),GWHPACEG023908),GWHPACEJ024760),GWHPACEI024787),GWHPACEE023940);
(GWHPACEH024014,(((((GLYMA_06G259400_1,(((W05_GLYSO_06G015836_1_P,GWHPACET024382),GWHPACEA024443),GWHPACEU024128)),GWHPACEM024032),GWHPACEG023908),GWHPACEJ024760),GWHPACEI024787),GWHPACEE023940);
(GWHPACEH024014,(((((GLYMA_06G259400_1,(((W05_GLYSO_06G015836_1_P,GWHPACET024382),GWHPACEA024443),GWHPACEU024128)),GWHPACEM024032),GWHPACEG023908),GWHPACEJ024760),GWHPACEI024787),GWHPACEE023940);
(GWHPACEH024014,(((((GLYMA_06G259400_1,(((W05_GLYSO_06G015836_1_P,GWHPACET024382),GWHPACEA024443),GWHPACEU024128)),GWHPACEM024032),GWHPACEG023908),GWHPACEJ024760),GWHPACEI024787),GWHPACEE023940);
(GWHPACEI024787,(GWHPACEG023908,(GWHPACEH024014,(GWHPACEJ024760,(GWHPACEM024032,(W05_GLYSO_06G015836_1_P,(GWHPACEA024443,(GWHPACEU024128,(GLYMA_06G259400_1,GWHPACET024382)))))))),GWHPACEE023940);
(GWHPACEI024787,(GWHPACEG023908,(GWHPACEH024014,(GWHPACEJ024760,(GWHPACEM024032,(W05_GLYSO_06G015836_1_P,(GWHPACEA024443,(GWHPACEU024128,(GLYMA_06G259400_1,GWHPACET024382)))))))),GWHPACEE023940);
(GWHPACEI024787,(GWHPACEG023908,(GWHPACEH024014,(GWHPACEJ024760,(GWHPACEM024032,(W05_GLYSO_06G015836_1_P,(GWHPACEA024443,(GWHPACEU024128,(GLYMA_06G259400_1,GWHPACET024382)))))))),GWHPACEE023940);
(GWHPACEI024787,(GWHPACEG023908,(GWHPACEH024014,(GWHPACEJ024760,(GWHPACEM024032,(W05_GLYSO_06G015836_1_P,(GWHPACEA024443,(GWHPACEU024128,(GLYMA_06G259400_1,GWHPACET024382)))))))),GWHPACEE023940);
(GWHPACEI024787,(GWHPACEG023908,(GWHPACEH024014,(GWHPACEJ024760,(GWHPACEM024032,(W05_GLYSO_06G015836_1_P,(GWHPACEA024443,(GWHPACEU024128,(GLYMA_06G259400_1,GWHPACET024382)))))))),GWHPACEE023940);
(GWHPACEI024787,(GWHPACEG023908,(GWHPACEH024014,(GWHPACEJ024760,(GWHPACEM024032,(W05_GLYSO_06G015836_1_P,(GWHPACEA024443,(GWHPACEU024128,(GLYMA_06G259400_1,GWHPACET024382)))))))),GWHPACEE023940);
(GWHPACEI024787,(GWHPACEG023908,(GWHPACEH024014,(GWHPACEJ024760,(GWHPACEM024032,(W05_GLYSO_06G015836_1_P,(GWHPACEA024443,(GWHPACEU024128,(GLYMA_06G259400_1,GWHPACET024382)))))))),GWHPACEE023940);
(GWHPACEI024787,(GWHPACEG023908,(GWHPACEH024014,(GWHPACEJ024760,(GWHPACEM024032,(W05_GLYSO_06G015836_1_P,(GWHPACEA024443,(GWHPACEU024128,(GLYMA_06G259400_1,GWHPACET024382)))))))),GWHPACEE023940);
(GWHPACEI024787,(GWHPACEG023908,(GWHPACEH024014,(GWHPACEJ024760,(GWHPACEM024032,(W05_GLYSO_06G015836_1_P,(GWHPACEA024443,(GWHPACEU024128,(GLYMA_06G259400_1,GWHPACET024382)))))))),GWHPACEE023940);
(GWHPACEI024787,(GWHPACEG023908,(GWHPACEH024014,(GWHPACEJ024760,(GWHPACEM024032,(W05_GLYSO_06G015836_1_P,(GWHPACEA024443,(GWHPACEU024128,(GLYMA_06G259400_1,GWHPACET024382)))))))),GWHPACEE023940);
(GWHPACEH024014,(GWHPACEI024787,(GWHPACEG023908,((GWHPACEM024032,(GWHPACET024382,(GWHPACEA024443,(GWHPACEU024128,(W05_GLYSO_06G015836_1_P,GLYMA_06G259400_1))))),GWHPACEJ024760))),GWHPACEE023940);
(GWHPACEH024014,(GWHPACEI024787,(GWHPACEG023908,((GWHPACEM024032,(GWHPACET024382,(GWHPACEA024443,(GWHPACEU024128,(W05_GLYSO_06G015836_1_P,GLYMA_06G259400_1))))),GWHPACEJ024760))),GWHPACEE023940);
(GWHPACEH024014,(GWHPACEI024787,(GWHPACEG023908,((GWHPACEM024032,(GWHPACET024382,(GWHPACEA024443,(GWHPACEU024128,(W05_GLYSO_06G015836_1_P,GLYMA_06G259400_1))))),GWHPACEJ024760))),GWHPACEE023940);
(GWHPACEH024014,(GWHPACEI024787,(GWHPACEG023908,((GWHPACEM024032,(GWHPACET024382,(GWHPACEA024443,(GWHPACEU024128,(W05_GLYSO_06G015836_1_P,GLYMA_06G259400_1))))),GWHPACEJ024760))),GWHPACEE023940);
(GWHPACEH024014,(GWHPACEI024787,(GWHPACEG023908,((GWHPACEM024032,(GWHPACET024382,(GWHPACEA024443,(GWHPACEU024128,(W05_GLYSO_06G015836_1_P,GLYMA_06G259400_1))))),GWHPACEJ024760))),GWHPACEE023940);
(GWHPACEH024014,(GWHPACEI024787,(GWHPACEG023908,((GWHPACEM024032,(GWHPACET024382,(GWHPACEA024443,(GWHPACEU024128,(W05_GLYSO_06G015836_1_P,GLYMA_06G259400_1))))),GWHPACEJ024760))),GWHPACEE023940);
(GWHPACEH024014,(GWHPACEI024787,(GWHPACEG023908,((GWHPACEM024032,(GWHPACET024382,(GWHPACEA024443,(GWHPACEU024128,(W05_GLYSO_06G015836_1_P,GLYMA_06G259400_1))))),GWHPACEJ024760))),GWHPACEE023940);
(GWHPACEH024014,(GWHPACEI024787,(GWHPACEG023908,((GWHPACEM024032,(GWHPACET024382,(GWHPACEA024443,(GWHPACEU024128,(W05_GLYSO_06G015836_1_P,GLYMA_06G259400_1))))),GWHPACEJ024760))),GWHPACEE023940);
(GWHPACEH024014,(GWHPACEI024787,(GWHPACEG023908,((GWHPACEM024032,(GWHPACET024382,(GWHPACEA024443,(GWHPACEU024128,(W05_GLYSO_06G015836_1_P,GLYMA_06G259400_1))))),GWHPACEJ024760))),GWHPACEE023940);
(GWHPACEH024014,(GWHPACEI024787,(GWHPACEG023908,((GWHPACEM024032,(GWHPACET024382,(GWHPACEA024443,(GWHPACEU024128,(W05_GLYSO_06G015836_1_P,GLYMA_06G259400_1))))),GWHPACEJ024760))),GWHPACEE023940);
((GWHPACEJ024760,GWHPACEG023908),((((W05_GLYSO_06G015836_1_P,(GLYMA_06G259400_1,(GWHPACEA024443,(GWHPACET024382,GWHPACEU024128)))),GWHPACEM024032),GWHPACEI024787),GWHPACEH024014),GWHPACEE023940);
((GWHPACEJ024760,GWHPACEG023908),((((W05_GLYSO_06G015836_1_P,(GLYMA_06G259400_1,(GWHPACEA024443,(GWHPACET024382,GWHPACEU024128)))),GWHPACEM024032),GWHPACEI024787),GWHPACEH024014),GWHPACEE023940);
((GWHPACEJ024760,GWHPACEG023908),((((W05_GLYSO_06G015836_1_P,(GLYMA_06G259400_1,(GWHPACEA024443,(GWHPACET024382,GWHPACEU024128)))),GWHPACEM024032),GWHPACEI024787),GWHPACEH024014),GWHPACEE023940);
((GWHPACEJ024760,GWHPACEG023908),((((W05_GLYSO_06G015836_1_P,(GLYMA_06G259400_1,(GWHPACEA024443,(GWHPACET024382,GWHPACEU024128)))),GWHPACEM024032),GWHPACEI024787),GWHPACEH024014),GWHPACEE023940);
((GWHPACEJ024760,GWHPACEG023908),((((W05_GLYSO_06G015836_1_P,(GLYMA_06G259400_1,(GWHPACEA024443,(GWHPACET024382,GWHPACEU024128)))),GWHPACEM024032),GWHPACEI024787),GWHPACEH024014),GWHPACEE023940);
((GWHPACEJ024760,GWHPACEG023908),((((W05_GLYSO_06G015836_1_P,(GLYMA_06G259400_1,(GWHPACEA024443,(GWHPACET024382,GWHPACEU024128)))),GWHPACEM024032),GWHPACEI024787),GWHPACEH024014),GWHPACEE023940);
((GWHPACEJ024760,GWHPACEG023908),((((W05_GLYSO_06G015836_1_P,(GLYMA_06G259400_1,(GWHPACEA024443,(GWHPACET024382,GWHPACEU024128)))),GWHPACEM024032),GWHPACEI024787),GWHPACEH024014),GWHPACEE023940);
((GWHPACEJ024760,GWHPACEG023908),((((W05_GLYSO_06G015836_1_P,(GLYMA_06G259400_1,(GWHPACEA024443,(GWHPACET024382,GWHPACEU024128)))),GWHPACEM024032),GWHPACEI024787),GWHPACEH024014),GWHPACEE023940);
((GWHPACEJ024760,GWHPACEG023908),((((W05_GLYSO_06G015836_1_P,(GLYMA_06G259400_1,(GWHPACEA024443,(GWHPACET024382,GWHPACEU024128)))),GWHPACEM024032),GWHPACEI024787),GWHPACEH024014),GWHPACEE023940);
((GWHPACEJ024760,GWHPACEG023908),((((W05_GLYSO_06G015836_1_P,(GLYMA_06G259400_1,(GWHPACEA024443,(GWHPACET024382,GWHPACEU024128)))),GWHPACEM024032),GWHPACEI024787),GWHPACEH024014),GWHPACEE023940);
((GWHPACEI024787,(GWHPACEJ024760,(GWHPACEH024014,GWHPACEG023908))),(((((GLYMA_06G259400_1,W05_GLYSO_06G015836_1_P),GWHPACET024382),GWHPACEU024128),GWHPACEA024443),GWHPACEM024032),GWHPACEE023940);
((GWHPACEI024787,(GWHPACEJ024760,(GWHPACEH024014,GWHPACEG023908))),(((((GLYMA_06G259400_1,W05_GLYSO_06G015836_1_P),GWHPACET024382),GWHPACEU024128),GWHPACEA024443),GWHPACEM024032),GWHPACEE023940);
((GWHPACEI024787,(GWHPACEJ024760,(GWHPACEH024014,GWHPACEG023908))),(((((GLYMA_06G259400_1,W05_GLYSO_06G015836_1_P),GWHPACET024382),GWHPACEU024128),GWHPACEA024443),GWHPACEM024032),GWHPACEE023940);
((GWHPACEI024787,(GWHPACEJ024760,(GWHPACEH024014,GWHPACEG023908))),(((((GLYMA_06G259400_1,W05_GLYSO_06G015836_1_P),GWHPACET024382),GWHPACEU024128),GWHPACEA024443),GWHPACEM024032),GWHPACEE023940);
((GWHPACEI024787,(GWHPACEJ024760,(GWHPACEH024014,GWHPACEG023908))),(((((GLYMA_06G259400_1,W05_GLYSO_06G015836_1_P),GWHPACET024382),GWHPACEU024128),GWHPACEA024443),GWHPACEM024032),GWHPACEE023940);
((GWHPACEI024787,(GWHPACEJ024760,(GWHPACEH024014,GWHPACEG023908))),(((((GLYMA_06G259400_1,W05_GLYSO_06G015836_1_P),GWHPACET024382),GWHPACEU024128),GWHPACEA024443),GWHPACEM024032),GWHPACEE023940);
((GWHPACEI024787,(GWHPACEJ024760,(GWHPACEH024014,GWHPACEG023908))),(((((GLYMA_06G259400_1,W05_GLYSO_06G015836_1_P),GWHPACET024382),GWHPACEU024128),GWHPACEA024443),GWHPACEM024032),GWHPACEE023940);
((GWHPACEI024787,(GWHPACEJ024760,(GWHPACEH024014,GWHPACEG023908))),(((((GLYMA_06G259400_1,W05_GLYSO_06G015836_1_P),GWHPACET024382),GWHPACEU024128),GWHPACEA024443),GWHPACEM024032),GWHPACEE023940);
((GWHPACEI024787,(GWHPACEJ024760,(GWHPACEH024014,GWHPACEG023908))),(((((GLYMA_06G259400_1,W05_GLYSO_06G015836_1_P),GWHPACET024382),GWHPACEU024128),GWHPACEA024443),GWHPACEM024032),GWHPACEE023940);
((GWHPACEI024787,(GWHPACEJ024760,(GWHPACEH024014,GWHPACEG023908))),(((((GLYMA_06G259400_1,W05_GLYSO_06G015836_1_P),GWHPACET024382),GWHPACEU024128),GWHPACEA024443),GWHPACEM024032),GWHPACEE023940);
