(GWHPACDY068214,(GWHPACEF062998,(GWHPACEJ088031,GLYMA_16G135500_1)),GLYMA_ZH13_16G120400_1_P);
(GWHPACDY068214,(GWHPACEJ088031,(GLYMA_16G135500_1,GWHPACEF062998)),GLYMA_ZH13_16G120400_1_P);
(GWHPACDY068214,(GWHPACEJ088031,(GLYMA_16G135500_1,GWHPACEF062998)),GLYMA_ZH13_16G120400_1_P);
(GWHPACDY068214,(GWHPACEJ088031,(GLYMA_16G135500_1,GWHPACEF062998)),GLYMA_ZH13_16G120400_1_P);
(GWHPACDY068214,(GWHPACEJ088031,(GLYMA_16G135500_1,GWHPACEF062998)),GLYMA_ZH13_16G120400_1_P);
(GWHPACDY068214,(GWHPACEJ088031,(GLYMA_16G135500_1,GWHPACEF062998)),GLYMA_ZH13_16G120400_1_P);
(GWHPACDY068214,(GWHPACEJ088031,(GLYMA_16G135500_1,GWHPACEF062998)),GLYMA_ZH13_16G120400_1_P);
(GWHPACDY068214,(GWHPACEJ088031,(GLYMA_16G135500_1,GWHPACEF062998)),GLYMA_ZH13_16G120400_1_P);
(GWHPACDY068214,(GWHPACEJ088031,(GLYMA_16G135500_1,GWHPACEF062998)),GLYMA_ZH13_16G120400_1_P);
(GWHPACDY068214,(GWHPACEJ088031,(GLYMA_16G135500_1,GWHPACEF062998)),GLYMA_ZH13_16G120400_1_P);
((GLYMA_16G135500_1,GWHPACEF062998),(GWHPACDY068214,GWHPACEJ088031),GLYMA_ZH13_16G120400_1_P);
(((GWHPACEJ088031,GLYMA_16G135500_1),GWHPACEF062998),GWHPACDY068214,GLYMA_ZH13_16G120400_1_P);
(((GWHPACEJ088031,GLYMA_16G135500_1),GWHPACEF062998),GWHPACDY068214,GLYMA_ZH13_16G120400_1_P);
(((GWHPACEJ088031,GLYMA_16G135500_1),GWHPACEF062998),GWHPACDY068214,GLYMA_ZH13_16G120400_1_P);
(((GWHPACEJ088031,GLYMA_16G135500_1),GWHPACEF062998),GWHPACDY068214,GLYMA_ZH13_16G120400_1_P);
(((GWHPACEJ088031,GLYMA_16G135500_1),GWHPACEF062998),GWHPACDY068214,GLYMA_ZH13_16G120400_1_P);
(GWHPACEF062998,(GLYMA_16G135500_1,(GWHPACDY068214,GWHPACEJ088031)),GLYMA_ZH13_16G120400_1_P);
(GWHPACDY068214,(GWHPACEJ088031,(GWHPACEF062998,GLYMA_16G135500_1)),GLYMA_ZH13_16G120400_1_P);
(GWHPACDY068214,(GWHPACEJ088031,(GWHPACEF062998,GLYMA_16G135500_1)),GLYMA_ZH13_16G120400_1_P);
(GWHPACDY068214,(GWHPACEJ088031,(GWHPACEF062998,GLYMA_16G135500_1)),GLYMA_ZH13_16G120400_1_P);
(GWHPACDY068214,(GWHPACEJ088031,(GLYMA_16G135500_1,GWHPACEF062998)),GLYMA_ZH13_16G120400_1_P);
(GWHPACDY068214,(GWHPACEJ088031,(GLYMA_16G135500_1,GWHPACEF062998)),GLYMA_ZH13_16G120400_1_P);
(GWHPACDY068214,(GWHPACEJ088031,(GLYMA_16G135500_1,GWHPACEF062998)),GLYMA_ZH13_16G120400_1_P);
(GWHPACDY068214,(GWHPACEJ088031,(GLYMA_16G135500_1,GWHPACEF062998)),GLYMA_ZH13_16G120400_1_P);
(GWHPACDY068214,(GWHPACEJ088031,(GLYMA_16G135500_1,GWHPACEF062998)),GLYMA_ZH13_16G120400_1_P);
(GWHPACDY068214,(GWHPACEJ088031,(GLYMA_16G135500_1,GWHPACEF062998)),GLYMA_ZH13_16G120400_1_P);
(GWHPACDY068214,(GWHPACEJ088031,(GLYMA_16G135500_1,GWHPACEF062998)),GLYMA_ZH13_16G120400_1_P);
(GWHPACDY068214,(GWHPACEJ088031,(GLYMA_16G135500_1,GWHPACEF062998)),GLYMA_ZH13_16G120400_1_P);
(GWHPACDY068214,(GWHPACEJ088031,(GLYMA_16G135500_1,GWHPACEF062998)),GLYMA_ZH13_16G120400_1_P);
(GWHPACDY068214,(GWHPACEJ088031,(GLYMA_16G135500_1,GWHPACEF062998)),GLYMA_ZH13_16G120400_1_P);
(GWHPACDY068214,(GWHPACEJ088031,(GLYMA_16G135500_1,GWHPACEF062998)),GLYMA_ZH13_16G120400_1_P);
(GWHPACDY068214,(GWHPACEJ088031,(GLYMA_16G135500_1,GWHPACEF062998)),GLYMA_ZH13_16G120400_1_P);
(GWHPACDY068214,(GWHPACEJ088031,(GLYMA_16G135500_1,GWHPACEF062998)),GLYMA_ZH13_16G120400_1_P);
(GWHPACDY068214,(GWHPACEJ088031,(GLYMA_16G135500_1,GWHPACEF062998)),GLYMA_ZH13_16G120400_1_P);
(GWHPACDY068214,(GWHPACEJ088031,(GLYMA_16G135500_1,GWHPACEF062998)),GLYMA_ZH13_16G120400_1_P);
(GWHPACDY068214,(GWHPACEJ088031,(GLYMA_16G135500_1,GWHPACEF062998)),GLYMA_ZH13_16G120400_1_P);
(GWHPACDY068214,(GWHPACEJ088031,(GLYMA_16G135500_1,GWHPACEF062998)),GLYMA_ZH13_16G120400_1_P);
(GWHPACDY068214,(GWHPACEJ088031,(GLYMA_16G135500_1,GWHPACEF062998)),GLYMA_ZH13_16G120400_1_P);
(GWHPACDY068214,(GWHPACEJ088031,(GLYMA_16G135500_1,GWHPACEF062998)),GLYMA_ZH13_16G120400_1_P);
(GWHPACDY068214,(GWHPACEJ088031,(GLYMA_16G135500_1,GWHPACEF062998)),GLYMA_ZH13_16G120400_1_P);
(((GWHPACEF062998,GLYMA_16G135500_1),GWHPACEJ088031),GWHPACDY068214,GLYMA_ZH13_16G120400_1_P);
(((GWHPACEF062998,GLYMA_16G135500_1),GWHPACEJ088031),GWHPACDY068214,GLYMA_ZH13_16G120400_1_P);
(((GWHPACEF062998,GLYMA_16G135500_1),GWHPACEJ088031),GWHPACDY068214,GLYMA_ZH13_16G120400_1_P);
(((GWHPACEF062998,GLYMA_16G135500_1),GWHPACEJ088031),GWHPACDY068214,GLYMA_ZH13_16G120400_1_P);
(((GWHPACEF062998,GLYMA_16G135500_1),GWHPACEJ088031),GWHPACDY068214,GLYMA_ZH13_16G120400_1_P);
(((GWHPACEF062998,GLYMA_16G135500_1),GWHPACEJ088031),GWHPACDY068214,GLYMA_ZH13_16G120400_1_P);
(((GWHPACEF062998,GLYMA_16G135500_1),GWHPACEJ088031),GWHPACDY068214,GLYMA_ZH13_16G120400_1_P);
(((GWHPACEF062998,GLYMA_16G135500_1),GWHPACEJ088031),GWHPACDY068214,GLYMA_ZH13_16G120400_1_P);
(((GWHPACEF062998,GLYMA_16G135500_1),GWHPACEJ088031),GWHPACDY068214,GLYMA_ZH13_16G120400_1_P);
(((GWHPACEF062998,GLYMA_16G135500_1),GWHPACEJ088031),GWHPACDY068214,GLYMA_ZH13_16G120400_1_P);
(GWHPACDY068214,(GWHPACEJ088031,(GLYMA_16G135500_1,GWHPACEF062998)),GLYMA_ZH13_16G120400_1_P);
(GWHPACDY068214,(GWHPACEJ088031,(GLYMA_16G135500_1,GWHPACEF062998)),GLYMA_ZH13_16G120400_1_P);
(GWHPACDY068214,(GWHPACEJ088031,(GLYMA_16G135500_1,GWHPACEF062998)),GLYMA_ZH13_16G120400_1_P);
(GWHPACDY068214,(GWHPACEJ088031,(GLYMA_16G135500_1,GWHPACEF062998)),GLYMA_ZH13_16G120400_1_P);
(GWHPACDY068214,(GWHPACEJ088031,(GLYMA_16G135500_1,GWHPACEF062998)),GLYMA_ZH13_16G120400_1_P);
(GWHPACDY068214,(GWHPACEJ088031,(GLYMA_16G135500_1,GWHPACEF062998)),GLYMA_ZH13_16G120400_1_P);
(GWHPACDY068214,(GWHPACEJ088031,(GLYMA_16G135500_1,GWHPACEF062998)),GLYMA_ZH13_16G120400_1_P);
(GWHPACDY068214,(GWHPACEJ088031,(GLYMA_16G135500_1,GWHPACEF062998)),GLYMA_ZH13_16G120400_1_P);
(GWHPACDY068214,(GWHPACEJ088031,(GLYMA_16G135500_1,GWHPACEF062998)),GLYMA_ZH13_16G120400_1_P);
(GWHPACDY068214,(GWHPACEJ088031,(GLYMA_16G135500_1,GWHPACEF062998)),GLYMA_ZH13_16G120400_1_P);
((GWHPACEJ088031,(GLYMA_16G135500_1,GWHPACEF062998)),GWHPACDY068214,GLYMA_ZH13_16G120400_1_P);
((GWHPACEJ088031,(GLYMA_16G135500_1,GWHPACEF062998)),GWHPACDY068214,GLYMA_ZH13_16G120400_1_P);
((GWHPACEJ088031,(GLYMA_16G135500_1,GWHPACEF062998)),GWHPACDY068214,GLYMA_ZH13_16G120400_1_P);
((GWHPACEJ088031,(GLYMA_16G135500_1,GWHPACEF062998)),GWHPACDY068214,GLYMA_ZH13_16G120400_1_P);
((GWHPACEJ088031,(GLYMA_16G135500_1,GWHPACEF062998)),GWHPACDY068214,GLYMA_ZH13_16G120400_1_P);
((GWHPACEJ088031,(GLYMA_16G135500_1,GWHPACEF062998)),GWHPACDY068214,GLYMA_ZH13_16G120400_1_P);
((GWHPACEJ088031,(GLYMA_16G135500_1,GWHPACEF062998)),GWHPACDY068214,GLYMA_ZH13_16G120400_1_P);
((GWHPACEJ088031,(GLYMA_16G135500_1,GWHPACEF062998)),GWHPACDY068214,GLYMA_ZH13_16G120400_1_P);
((GWHPACEJ088031,(GLYMA_16G135500_1,GWHPACEF062998)),GWHPACDY068214,GLYMA_ZH13_16G120400_1_P);
((GWHPACEJ088031,(GLYMA_16G135500_1,GWHPACEF062998)),GWHPACDY068214,GLYMA_ZH13_16G120400_1_P);
((GWHPACEJ088031,(GLYMA_16G135500_1,GWHPACEF062998)),GWHPACDY068214,GLYMA_ZH13_16G120400_1_P);
((GWHPACEJ088031,(GLYMA_16G135500_1,GWHPACEF062998)),GWHPACDY068214,GLYMA_ZH13_16G120400_1_P);
((GWHPACEJ088031,(GLYMA_16G135500_1,GWHPACEF062998)),GWHPACDY068214,GLYMA_ZH13_16G120400_1_P);
((GWHPACEJ088031,(GLYMA_16G135500_1,GWHPACEF062998)),GWHPACDY068214,GLYMA_ZH13_16G120400_1_P);
((GWHPACEJ088031,(GLYMA_16G135500_1,GWHPACEF062998)),GWHPACDY068214,GLYMA_ZH13_16G120400_1_P);
((GWHPACEJ088031,(GLYMA_16G135500_1,GWHPACEF062998)),GWHPACDY068214,GLYMA_ZH13_16G120400_1_P);
((GWHPACEJ088031,(GLYMA_16G135500_1,GWHPACEF062998)),GWHPACDY068214,GLYMA_ZH13_16G120400_1_P);
((GWHPACEJ088031,(GLYMA_16G135500_1,GWHPACEF062998)),GWHPACDY068214,GLYMA_ZH13_16G120400_1_P);
((GWHPACEJ088031,(GLYMA_16G135500_1,GWHPACEF062998)),GWHPACDY068214,GLYMA_ZH13_16G120400_1_P);
((GWHPACEJ088031,(GLYMA_16G135500_1,GWHPACEF062998)),GWHPACDY068214,GLYMA_ZH13_16G120400_1_P);
(GWHPACDY068214,((GLYMA_16G135500_1,GWHPACEJ088031),GWHPACEF062998),GLYMA_ZH13_16G120400_1_P);
(GWHPACDY068214,((GLYMA_16G135500_1,GWHPACEF062998),GWHPACEJ088031),GLYMA_ZH13_16G120400_1_P);
(GWHPACDY068214,((GLYMA_16G135500_1,GWHPACEF062998),GWHPACEJ088031),GLYMA_ZH13_16G120400_1_P);
(GWHPACDY068214,((GLYMA_16G135500_1,GWHPACEF062998),GWHPACEJ088031),GLYMA_ZH13_16G120400_1_P);
(GWHPACDY068214,((GLYMA_16G135500_1,GWHPACEF062998),GWHPACEJ088031),GLYMA_ZH13_16G120400_1_P);
(GWHPACDY068214,((GLYMA_16G135500_1,GWHPACEF062998),GWHPACEJ088031),GLYMA_ZH13_16G120400_1_P);
(GWHPACDY068214,((GLYMA_16G135500_1,GWHPACEF062998),GWHPACEJ088031),GLYMA_ZH13_16G120400_1_P);
(GWHPACDY068214,((GLYMA_16G135500_1,GWHPACEF062998),GWHPACEJ088031),GLYMA_ZH13_16G120400_1_P);
(GWHPACDY068214,((GLYMA_16G135500_1,GWHPACEF062998),GWHPACEJ088031),GLYMA_ZH13_16G120400_1_P);
(GWHPACDY068214,((GLYMA_16G135500_1,GWHPACEF062998),GWHPACEJ088031),GLYMA_ZH13_16G120400_1_P);
((GWHPACEJ088031,(GLYMA_16G135500_1,GWHPACEF062998)),GWHPACDY068214,GLYMA_ZH13_16G120400_1_P);
((GWHPACEJ088031,(GLYMA_16G135500_1,GWHPACEF062998)),GWHPACDY068214,GLYMA_ZH13_16G120400_1_P);
((GWHPACEJ088031,(GLYMA_16G135500_1,GWHPACEF062998)),GWHPACDY068214,GLYMA_ZH13_16G120400_1_P);
((GWHPACEJ088031,(GLYMA_16G135500_1,GWHPACEF062998)),GWHPACDY068214,GLYMA_ZH13_16G120400_1_P);
((GWHPACEJ088031,(GLYMA_16G135500_1,GWHPACEF062998)),GWHPACDY068214,GLYMA_ZH13_16G120400_1_P);
((GWHPACEJ088031,(GLYMA_16G135500_1,GWHPACEF062998)),GWHPACDY068214,GLYMA_ZH13_16G120400_1_P);
((GWHPACEJ088031,(GLYMA_16G135500_1,GWHPACEF062998)),GWHPACDY068214,GLYMA_ZH13_16G120400_1_P);
((GWHPACEJ088031,(GLYMA_16G135500_1,GWHPACEF062998)),GWHPACDY068214,GLYMA_ZH13_16G120400_1_P);
((GWHPACEJ088031,(GLYMA_16G135500_1,GWHPACEF062998)),GWHPACDY068214,GLYMA_ZH13_16G120400_1_P);
(GLYMA_16G135500_1,(GWHPACEF062998,(GWHPACDY068214,GWHPACEJ088031)),GLYMA_ZH13_16G120400_1_P);
