((GWHPACEB069055,(((GWHPACEO076639,GWHPACEJ077875),GLYMA_ZH13_18G251400_1_P),((GWHPACEI078451,GWHPACEU084473),GWHPACEH075878))),((GWHPACEF071970,(GWHPACEK067970,(GLYMA_18G283232_1,GWHPACES075960))),GLYMA_U008800_1),GWHPACEX071005);
((GWHPACEB069055,(((GWHPACEO076639,GWHPACEJ077875),GLYMA_ZH13_18G251400_1_P),((GWHPACEI078451,GWHPACEU084473),GWHPACEH075878))),((GWHPACEF071970,(GWHPACEK067970,(GLYMA_18G283232_1,GWHPACES075960))),GLYMA_U008800_1),GWHPACEX071005);
((GWHPACEB069055,(((GWHPACEO076639,GWHPACEJ077875),GLYMA_ZH13_18G251400_1_P),((GWHPACEI078451,GWHPACEU084473),GWHPACEH075878))),((GWHPACEF071970,(GWHPACEK067970,(GLYMA_18G283232_1,GWHPACES075960))),GLYMA_U008800_1),GWHPACEX071005);
((GWHPACEB069055,(((GWHPACEO076639,GWHPACEJ077875),GLYMA_ZH13_18G251400_1_P),((GWHPACEI078451,GWHPACEU084473),GWHPACEH075878))),((GWHPACEF071970,(GWHPACEK067970,(GLYMA_18G283232_1,GWHPACES075960))),GLYMA_U008800_1),GWHPACEX071005);
((GWHPACEB069055,(((GWHPACEO076639,GWHPACEJ077875),GLYMA_ZH13_18G251400_1_P),((GWHPACEI078451,GWHPACEU084473),GWHPACEH075878))),((GWHPACEF071970,(GWHPACEK067970,(GLYMA_18G283232_1,GWHPACES075960))),GLYMA_U008800_1),GWHPACEX071005);
((GWHPACEB069055,(((GWHPACEO076639,GWHPACEJ077875),GLYMA_ZH13_18G251400_1_P),((GWHPACEI078451,GWHPACEU084473),GWHPACEH075878))),((GWHPACEF071970,(GWHPACEK067970,(GLYMA_18G283232_1,GWHPACES075960))),GLYMA_U008800_1),GWHPACEX071005);
((GWHPACEB069055,(((GWHPACEO076639,GWHPACEJ077875),GLYMA_ZH13_18G251400_1_P),((GWHPACEI078451,GWHPACEU084473),GWHPACEH075878))),((GWHPACEF071970,(GWHPACEK067970,(GLYMA_18G283232_1,GWHPACES075960))),GLYMA_U008800_1),GWHPACEX071005);
((GWHPACEB069055,(((GWHPACEO076639,GWHPACEJ077875),GLYMA_ZH13_18G251400_1_P),((GWHPACEI078451,GWHPACEU084473),GWHPACEH075878))),((GWHPACEF071970,(GWHPACEK067970,(GLYMA_18G283232_1,GWHPACES075960))),GLYMA_U008800_1),GWHPACEX071005);
((GWHPACEB069055,(((GWHPACEO076639,GWHPACEJ077875),GLYMA_ZH13_18G251400_1_P),((GWHPACEI078451,GWHPACEU084473),GWHPACEH075878))),((GWHPACEF071970,(GWHPACEK067970,(GLYMA_18G283232_1,GWHPACES075960))),GLYMA_U008800_1),GWHPACEX071005);
((GWHPACEB069055,(((GWHPACEO076639,GWHPACEJ077875),GLYMA_ZH13_18G251400_1_P),((GWHPACEI078451,GWHPACEU084473),GWHPACEH075878))),((GWHPACEF071970,(GWHPACEK067970,(GLYMA_18G283232_1,GWHPACES075960))),GLYMA_U008800_1),GWHPACEX071005);
((GWHPACEJ077875,(GWHPACEU084473,(GLYMA_ZH13_18G251400_1_P,(GWHPACEB069055,(GWHPACEF071970,(GLYMA_U008800_1,(GWHPACEI078451,(GWHPACEO076639,((GLYMA_18G283232_1,GWHPACES075960),GWHPACEH075878))))))))),GWHPACEK067970,GWHPACEX071005);
((GWHPACEJ077875,(GWHPACEU084473,(GLYMA_ZH13_18G251400_1_P,(GWHPACEB069055,(GWHPACEF071970,(GLYMA_U008800_1,(GWHPACEI078451,(GWHPACEO076639,((GLYMA_18G283232_1,GWHPACES075960),GWHPACEH075878))))))))),GWHPACEK067970,GWHPACEX071005);
((GWHPACEK067970,(GLYMA_18G283232_1,GWHPACES075960)),(GWHPACEO076639,((GWHPACEI078451,(GWHPACEH075878,(GWHPACEJ077875,((GLYMA_ZH13_18G251400_1_P,(GLYMA_U008800_1,GWHPACEF071970)),GWHPACEU084473)))),GWHPACEB069055)),GWHPACEX071005);
((GWHPACEK067970,(GLYMA_18G283232_1,GWHPACES075960)),(GWHPACEO076639,((GWHPACEI078451,(GWHPACEH075878,(GWHPACEJ077875,((GLYMA_ZH13_18G251400_1_P,(GLYMA_U008800_1,GWHPACEF071970)),GWHPACEU084473)))),GWHPACEB069055)),GWHPACEX071005);
((GWHPACEK067970,(GLYMA_18G283232_1,GWHPACES075960)),(GWHPACEO076639,((GWHPACEI078451,(GWHPACEH075878,(GWHPACEJ077875,((GLYMA_ZH13_18G251400_1_P,(GLYMA_U008800_1,GWHPACEF071970)),GWHPACEU084473)))),GWHPACEB069055)),GWHPACEX071005);
((GWHPACEK067970,(GLYMA_18G283232_1,GWHPACES075960)),(GWHPACEO076639,((GWHPACEI078451,(GWHPACEH075878,(GWHPACEJ077875,((GLYMA_ZH13_18G251400_1_P,(GLYMA_U008800_1,GWHPACEF071970)),GWHPACEU084473)))),GWHPACEB069055)),GWHPACEX071005);
((GWHPACEK067970,(GLYMA_18G283232_1,GWHPACES075960)),(GWHPACEO076639,((GWHPACEI078451,(GWHPACEH075878,(GWHPACEJ077875,((GLYMA_ZH13_18G251400_1_P,(GLYMA_U008800_1,GWHPACEF071970)),GWHPACEU084473)))),GWHPACEB069055)),GWHPACEX071005);
((GWHPACEK067970,(GLYMA_18G283232_1,GWHPACES075960)),(GWHPACEO076639,((GWHPACEI078451,(GWHPACEH075878,(GWHPACEJ077875,((GLYMA_ZH13_18G251400_1_P,(GLYMA_U008800_1,GWHPACEF071970)),GWHPACEU084473)))),GWHPACEB069055)),GWHPACEX071005);
((GWHPACEK067970,(GLYMA_18G283232_1,GWHPACES075960)),(GWHPACEO076639,((GWHPACEI078451,(GWHPACEH075878,(GWHPACEJ077875,((GLYMA_ZH13_18G251400_1_P,(GLYMA_U008800_1,GWHPACEF071970)),GWHPACEU084473)))),GWHPACEB069055)),GWHPACEX071005);
((GWHPACEK067970,(GLYMA_18G283232_1,GWHPACES075960)),(GWHPACEO076639,((GWHPACEI078451,(GWHPACEH075878,(GWHPACEJ077875,((GLYMA_ZH13_18G251400_1_P,(GLYMA_U008800_1,GWHPACEF071970)),GWHPACEU084473)))),GWHPACEB069055)),GWHPACEX071005);
((GWHPACES075960,GLYMA_18G283232_1),(GWHPACEJ077875,(GWHPACEK067970,(GWHPACEO076639,(GWHPACEI078451,(GWHPACEB069055,(GWHPACEF071970,(GWHPACEH075878,(GWHPACEU084473,(GLYMA_U008800_1,GLYMA_ZH13_18G251400_1_P))))))))),GWHPACEX071005);
((GWHPACES075960,GLYMA_18G283232_1),(GWHPACEJ077875,(GWHPACEK067970,(GWHPACEO076639,(GWHPACEI078451,(GWHPACEB069055,(GWHPACEF071970,(GWHPACEH075878,(GWHPACEU084473,(GLYMA_U008800_1,GLYMA_ZH13_18G251400_1_P))))))))),GWHPACEX071005);
((GWHPACES075960,GLYMA_18G283232_1),(GWHPACEJ077875,(GWHPACEK067970,(GWHPACEO076639,(GWHPACEI078451,(GWHPACEB069055,(GWHPACEF071970,(GWHPACEH075878,(GWHPACEU084473,(GLYMA_U008800_1,GLYMA_ZH13_18G251400_1_P))))))))),GWHPACEX071005);
(((GLYMA_18G283232_1,GWHPACEK067970),GWHPACES075960),((((((((GLYMA_U008800_1,GWHPACEF071970),GLYMA_ZH13_18G251400_1_P),GWHPACEU084473),GWHPACEB069055),GWHPACEI078451),GWHPACEJ077875),GWHPACEH075878),GWHPACEO076639),GWHPACEX071005);
(((((GWHPACEB069055,(GWHPACEI078451,(GWHPACEU084473,(GWHPACEH075878,(GLYMA_U008800_1,(GLYMA_18G283232_1,GWHPACES075960)))))),GLYMA_ZH13_18G251400_1_P),GWHPACEJ077875),GWHPACEO076639),(GWHPACEK067970,GWHPACEF071970),GWHPACEX071005);
((GWHPACES075960,GWHPACEK067970),(((((((GWHPACEU084473,((GLYMA_U008800_1,GLYMA_18G283232_1),GWHPACEF071970)),GWHPACEI078451),GWHPACEO076639),GLYMA_ZH13_18G251400_1_P),GWHPACEB069055),GWHPACEJ077875),GWHPACEH075878),GWHPACEX071005);
(((GLYMA_18G283232_1,GWHPACES075960),GWHPACEK067970),(((((((GWHPACEU084473,(GLYMA_U008800_1,GWHPACEF071970)),GWHPACEI078451),GLYMA_ZH13_18G251400_1_P),GWHPACEB069055),GWHPACEO076639),GWHPACEJ077875),GWHPACEH075878),GWHPACEX071005);
(((GLYMA_18G283232_1,GWHPACES075960),GWHPACEK067970),(((((((GWHPACEU084473,(GLYMA_U008800_1,GWHPACEF071970)),GWHPACEI078451),GLYMA_ZH13_18G251400_1_P),GWHPACEB069055),GWHPACEO076639),GWHPACEJ077875),GWHPACEH075878),GWHPACEX071005);
(((GLYMA_18G283232_1,GWHPACES075960),GWHPACEK067970),(((((((GWHPACEU084473,(GLYMA_U008800_1,GWHPACEF071970)),GWHPACEI078451),GLYMA_ZH13_18G251400_1_P),GWHPACEB069055),GWHPACEO076639),GWHPACEJ077875),GWHPACEH075878),GWHPACEX071005);
(((GLYMA_18G283232_1,GWHPACES075960),GWHPACEK067970),(((((((GWHPACEU084473,(GLYMA_U008800_1,GWHPACEF071970)),GWHPACEI078451),GLYMA_ZH13_18G251400_1_P),GWHPACEB069055),GWHPACEO076639),GWHPACEJ077875),GWHPACEH075878),GWHPACEX071005);
((GWHPACEU084473,(GWHPACEK067970,(GLYMA_18G283232_1,GWHPACES075960))),((GWHPACEJ077875,(GLYMA_ZH13_18G251400_1_P,((GWHPACEO076639,(GWHPACEB069055,(GLYMA_U008800_1,GWHPACEF071970))),GWHPACEH075878))),GWHPACEI078451),GWHPACEX071005);
((GWHPACEU084473,(GWHPACEK067970,(GLYMA_18G283232_1,GWHPACES075960))),((GWHPACEJ077875,(GLYMA_ZH13_18G251400_1_P,((GWHPACEO076639,(GWHPACEB069055,(GLYMA_U008800_1,GWHPACEF071970))),GWHPACEH075878))),GWHPACEI078451),GWHPACEX071005);
((GWHPACEU084473,(GWHPACEK067970,(GLYMA_18G283232_1,GWHPACES075960))),((GWHPACEJ077875,(GLYMA_ZH13_18G251400_1_P,((GWHPACEO076639,(GWHPACEB069055,(GLYMA_U008800_1,GWHPACEF071970))),GWHPACEH075878))),GWHPACEI078451),GWHPACEX071005);
((GWHPACEU084473,(GWHPACEK067970,(GLYMA_18G283232_1,GWHPACES075960))),((GWHPACEJ077875,(GLYMA_ZH13_18G251400_1_P,((GWHPACEO076639,(GWHPACEB069055,(GLYMA_U008800_1,GWHPACEF071970))),GWHPACEH075878))),GWHPACEI078451),GWHPACEX071005);
((GWHPACEU084473,(GWHPACEK067970,(GLYMA_18G283232_1,GWHPACES075960))),((GWHPACEJ077875,(GLYMA_ZH13_18G251400_1_P,((GWHPACEO076639,(GWHPACEB069055,(GLYMA_U008800_1,GWHPACEF071970))),GWHPACEH075878))),GWHPACEI078451),GWHPACEX071005);
((GWHPACEU084473,(GWHPACEK067970,(GLYMA_18G283232_1,GWHPACES075960))),((GWHPACEJ077875,(GLYMA_ZH13_18G251400_1_P,((GWHPACEO076639,(GWHPACEB069055,(GLYMA_U008800_1,GWHPACEF071970))),GWHPACEH075878))),GWHPACEI078451),GWHPACEX071005);
((GWHPACEU084473,(GWHPACEK067970,(GLYMA_18G283232_1,GWHPACES075960))),((GWHPACEJ077875,(GLYMA_ZH13_18G251400_1_P,((GWHPACEO076639,(GWHPACEB069055,(GLYMA_U008800_1,GWHPACEF071970))),GWHPACEH075878))),GWHPACEI078451),GWHPACEX071005);
((GWHPACEU084473,(GWHPACEK067970,(GLYMA_18G283232_1,GWHPACES075960))),((GWHPACEJ077875,(GLYMA_ZH13_18G251400_1_P,((GWHPACEO076639,(GWHPACEB069055,(GLYMA_U008800_1,GWHPACEF071970))),GWHPACEH075878))),GWHPACEI078451),GWHPACEX071005);
((GWHPACEU084473,(GWHPACEK067970,(GLYMA_18G283232_1,GWHPACES075960))),((GWHPACEJ077875,(GLYMA_ZH13_18G251400_1_P,((GWHPACEO076639,(GWHPACEB069055,(GLYMA_U008800_1,GWHPACEF071970))),GWHPACEH075878))),GWHPACEI078451),GWHPACEX071005);
((GWHPACEU084473,(GWHPACEK067970,(GLYMA_18G283232_1,GWHPACES075960))),((GWHPACEJ077875,(GLYMA_ZH13_18G251400_1_P,((GWHPACEO076639,(GWHPACEB069055,(GLYMA_U008800_1,GWHPACEF071970))),GWHPACEH075878))),GWHPACEI078451),GWHPACEX071005);
((GWHPACEB069055,GLYMA_U008800_1),((((((((GWHPACEF071970,GWHPACEU084473),GWHPACEH075878),GWHPACEJ077875),GWHPACEO076639),GLYMA_ZH13_18G251400_1_P),GWHPACEI078451),GWHPACEK067970),(GWHPACES075960,GLYMA_18G283232_1)),GWHPACEX071005);
(((GWHPACES075960,GLYMA_18G283232_1),GWHPACEK067970),(GWHPACEU084473,((GWHPACEH075878,(((GWHPACEB069055,(GWHPACEJ077875,(GLYMA_U008800_1,GWHPACEF071970))),GWHPACEO076639),GLYMA_ZH13_18G251400_1_P)),GWHPACEI078451)),GWHPACEX071005);
(((GWHPACES075960,GLYMA_18G283232_1),GWHPACEK067970),(GWHPACEU084473,((GWHPACEH075878,(((GWHPACEB069055,(GWHPACEJ077875,(GLYMA_U008800_1,GWHPACEF071970))),GWHPACEO076639),GLYMA_ZH13_18G251400_1_P)),GWHPACEI078451)),GWHPACEX071005);
(((GWHPACES075960,GLYMA_18G283232_1),GWHPACEK067970),(GWHPACEU084473,((GWHPACEH075878,(((GWHPACEB069055,(GWHPACEJ077875,(GLYMA_U008800_1,GWHPACEF071970))),GWHPACEO076639),GLYMA_ZH13_18G251400_1_P)),GWHPACEI078451)),GWHPACEX071005);
(((GWHPACES075960,GLYMA_18G283232_1),GWHPACEK067970),(GWHPACEU084473,((GWHPACEH075878,(((GWHPACEB069055,(GWHPACEJ077875,(GLYMA_U008800_1,GWHPACEF071970))),GWHPACEO076639),GLYMA_ZH13_18G251400_1_P)),GWHPACEI078451)),GWHPACEX071005);
(((GWHPACES075960,GLYMA_18G283232_1),GWHPACEK067970),(GWHPACEU084473,((GWHPACEH075878,(((GWHPACEB069055,(GWHPACEJ077875,(GLYMA_U008800_1,GWHPACEF071970))),GWHPACEO076639),GLYMA_ZH13_18G251400_1_P)),GWHPACEI078451)),GWHPACEX071005);
(((GWHPACES075960,GLYMA_18G283232_1),GWHPACEK067970),(GWHPACEU084473,((GWHPACEH075878,(((GWHPACEB069055,(GWHPACEJ077875,(GLYMA_U008800_1,GWHPACEF071970))),GWHPACEO076639),GLYMA_ZH13_18G251400_1_P)),GWHPACEI078451)),GWHPACEX071005);
(((GWHPACES075960,GLYMA_18G283232_1),GWHPACEK067970),(GWHPACEU084473,((GWHPACEH075878,(((GWHPACEB069055,(GWHPACEJ077875,(GLYMA_U008800_1,GWHPACEF071970))),GWHPACEO076639),GLYMA_ZH13_18G251400_1_P)),GWHPACEI078451)),GWHPACEX071005);
(((GWHPACES075960,GLYMA_18G283232_1),GWHPACEK067970),(GWHPACEU084473,((GWHPACEH075878,(((GWHPACEB069055,(GWHPACEJ077875,(GLYMA_U008800_1,GWHPACEF071970))),GWHPACEO076639),GLYMA_ZH13_18G251400_1_P)),GWHPACEI078451)),GWHPACEX071005);
(((GWHPACES075960,GLYMA_18G283232_1),GWHPACEK067970),(GWHPACEU084473,((GWHPACEH075878,(((GWHPACEB069055,(GWHPACEJ077875,(GLYMA_U008800_1,GWHPACEF071970))),GWHPACEO076639),GLYMA_ZH13_18G251400_1_P)),GWHPACEI078451)),GWHPACEX071005);
(GWHPACEK067970,(GWHPACEJ077875,(GWHPACEO076639,(GWHPACEB069055,(GWHPACEI078451,(GWHPACEU084473,(GLYMA_ZH13_18G251400_1_P,(GWHPACEF071970,(GLYMA_U008800_1,((GWHPACES075960,GLYMA_18G283232_1),GWHPACEH075878))))))))),GWHPACEX071005);
((GWHPACEO076639,((GWHPACEJ077875,(GWHPACEH075878,(GLYMA_ZH13_18G251400_1_P,((GWHPACEB069055,(GWHPACEF071970,GLYMA_U008800_1)),GWHPACEU084473)))),GWHPACEI078451)),(GWHPACEK067970,(GWHPACES075960,GLYMA_18G283232_1)),GWHPACEX071005);
((GWHPACEO076639,((GWHPACEJ077875,(GWHPACEH075878,(GLYMA_ZH13_18G251400_1_P,((GWHPACEB069055,(GWHPACEF071970,GLYMA_U008800_1)),GWHPACEU084473)))),GWHPACEI078451)),(GWHPACEK067970,(GWHPACES075960,GLYMA_18G283232_1)),GWHPACEX071005);
((GWHPACEO076639,((GWHPACEJ077875,(GWHPACEH075878,(GLYMA_ZH13_18G251400_1_P,((GWHPACEB069055,(GWHPACEF071970,GLYMA_U008800_1)),GWHPACEU084473)))),GWHPACEI078451)),(GWHPACEK067970,(GWHPACES075960,GLYMA_18G283232_1)),GWHPACEX071005);
((GWHPACEO076639,((GWHPACEJ077875,(GWHPACEH075878,(GLYMA_ZH13_18G251400_1_P,((GWHPACEB069055,(GWHPACEF071970,GLYMA_U008800_1)),GWHPACEU084473)))),GWHPACEI078451)),(GWHPACEK067970,(GWHPACES075960,GLYMA_18G283232_1)),GWHPACEX071005);
((GWHPACEO076639,((GWHPACEJ077875,(GWHPACEH075878,(GLYMA_ZH13_18G251400_1_P,((GWHPACEB069055,(GWHPACEF071970,GLYMA_U008800_1)),GWHPACEU084473)))),GWHPACEI078451)),(GWHPACEK067970,(GWHPACES075960,GLYMA_18G283232_1)),GWHPACEX071005);
((GWHPACEO076639,((GWHPACEJ077875,(GWHPACEH075878,(GLYMA_ZH13_18G251400_1_P,((GWHPACEB069055,(GWHPACEF071970,GLYMA_U008800_1)),GWHPACEU084473)))),GWHPACEI078451)),(GWHPACEK067970,(GWHPACES075960,GLYMA_18G283232_1)),GWHPACEX071005);
((GWHPACEO076639,((GWHPACEJ077875,(GWHPACEH075878,(GLYMA_ZH13_18G251400_1_P,((GWHPACEB069055,(GWHPACEF071970,GLYMA_U008800_1)),GWHPACEU084473)))),GWHPACEI078451)),(GWHPACEK067970,(GWHPACES075960,GLYMA_18G283232_1)),GWHPACEX071005);
((GWHPACEO076639,((GWHPACEJ077875,(GWHPACEH075878,(GLYMA_ZH13_18G251400_1_P,((GWHPACEB069055,(GWHPACEF071970,GLYMA_U008800_1)),GWHPACEU084473)))),GWHPACEI078451)),(GWHPACEK067970,(GWHPACES075960,GLYMA_18G283232_1)),GWHPACEX071005);
((GWHPACEO076639,((GWHPACEJ077875,(GWHPACEH075878,(GLYMA_ZH13_18G251400_1_P,((GWHPACEB069055,(GWHPACEF071970,GLYMA_U008800_1)),GWHPACEU084473)))),GWHPACEI078451)),(GWHPACEK067970,(GWHPACES075960,GLYMA_18G283232_1)),GWHPACEX071005);
((GWHPACEK067970,(GLYMA_18G283232_1,GWHPACES075960)),((GWHPACEJ077875,(GWHPACEO076639,((GWHPACEB069055,((GLYMA_ZH13_18G251400_1_P,(GLYMA_U008800_1,GWHPACEF071970)),GWHPACEH075878)),GWHPACEI078451))),GWHPACEU084473),GWHPACEX071005);
((GWHPACEK067970,(GLYMA_18G283232_1,GWHPACES075960)),((GWHPACEJ077875,(GWHPACEO076639,((GWHPACEB069055,((GLYMA_ZH13_18G251400_1_P,(GLYMA_U008800_1,GWHPACEF071970)),GWHPACEH075878)),GWHPACEI078451))),GWHPACEU084473),GWHPACEX071005);
((GWHPACEK067970,(GLYMA_18G283232_1,GWHPACES075960)),((GWHPACEJ077875,(GWHPACEO076639,((GWHPACEB069055,((GLYMA_ZH13_18G251400_1_P,(GLYMA_U008800_1,GWHPACEF071970)),GWHPACEH075878)),GWHPACEI078451))),GWHPACEU084473),GWHPACEX071005);
((GWHPACEK067970,(GLYMA_18G283232_1,GWHPACES075960)),((GWHPACEJ077875,(GWHPACEO076639,((GWHPACEB069055,((GLYMA_ZH13_18G251400_1_P,(GLYMA_U008800_1,GWHPACEF071970)),GWHPACEH075878)),GWHPACEI078451))),GWHPACEU084473),GWHPACEX071005);
((GWHPACEK067970,(GLYMA_18G283232_1,GWHPACES075960)),((GWHPACEJ077875,(GWHPACEO076639,((GWHPACEB069055,((GLYMA_ZH13_18G251400_1_P,(GLYMA_U008800_1,GWHPACEF071970)),GWHPACEH075878)),GWHPACEI078451))),GWHPACEU084473),GWHPACEX071005);
((GWHPACEK067970,(GLYMA_18G283232_1,GWHPACES075960)),((GWHPACEJ077875,(GWHPACEO076639,((GWHPACEB069055,((GLYMA_ZH13_18G251400_1_P,(GLYMA_U008800_1,GWHPACEF071970)),GWHPACEH075878)),GWHPACEI078451))),GWHPACEU084473),GWHPACEX071005);
((GWHPACEK067970,(GLYMA_18G283232_1,GWHPACES075960)),((GWHPACEJ077875,(GWHPACEO076639,((GWHPACEB069055,((GLYMA_ZH13_18G251400_1_P,(GLYMA_U008800_1,GWHPACEF071970)),GWHPACEH075878)),GWHPACEI078451))),GWHPACEU084473),GWHPACEX071005);
((GWHPACEK067970,(GLYMA_18G283232_1,GWHPACES075960)),((GWHPACEJ077875,(GWHPACEO076639,((GWHPACEB069055,((GLYMA_ZH13_18G251400_1_P,(GLYMA_U008800_1,GWHPACEF071970)),GWHPACEH075878)),GWHPACEI078451))),GWHPACEU084473),GWHPACEX071005);
((GWHPACEK067970,(GLYMA_18G283232_1,GWHPACES075960)),((GWHPACEJ077875,(GWHPACEO076639,((GWHPACEB069055,((GLYMA_ZH13_18G251400_1_P,(GLYMA_U008800_1,GWHPACEF071970)),GWHPACEH075878)),GWHPACEI078451))),GWHPACEU084473),GWHPACEX071005);
((GWHPACEK067970,(GLYMA_18G283232_1,GWHPACES075960)),((GWHPACEJ077875,(GWHPACEO076639,((GWHPACEB069055,((GLYMA_ZH13_18G251400_1_P,(GLYMA_U008800_1,GWHPACEF071970)),GWHPACEH075878)),GWHPACEI078451))),GWHPACEU084473),GWHPACEX071005);
((GWHPACEK067970,(GWHPACES075960,GLYMA_18G283232_1)),((GWHPACEI078451,(GWHPACEH075878,(GWHPACEB069055,(GLYMA_ZH13_18G251400_1_P,(GWHPACEJ077875,(GWHPACEU084473,(GLYMA_U008800_1,GWHPACEF071970))))))),GWHPACEO076639),GWHPACEX071005);
((GWHPACEK067970,(GWHPACES075960,GLYMA_18G283232_1)),((GWHPACEI078451,(GWHPACEH075878,(GWHPACEB069055,(GLYMA_ZH13_18G251400_1_P,(GWHPACEJ077875,(GWHPACEU084473,(GLYMA_U008800_1,GWHPACEF071970))))))),GWHPACEO076639),GWHPACEX071005);
((GWHPACEK067970,(GWHPACES075960,GLYMA_18G283232_1)),((GWHPACEI078451,(GWHPACEH075878,(GWHPACEB069055,(GLYMA_ZH13_18G251400_1_P,(GWHPACEJ077875,(GWHPACEU084473,(GLYMA_U008800_1,GWHPACEF071970))))))),GWHPACEO076639),GWHPACEX071005);
((GWHPACEK067970,(GWHPACES075960,GLYMA_18G283232_1)),((GWHPACEI078451,(GWHPACEH075878,(GWHPACEB069055,(GLYMA_ZH13_18G251400_1_P,(GWHPACEJ077875,(GWHPACEU084473,(GLYMA_U008800_1,GWHPACEF071970))))))),GWHPACEO076639),GWHPACEX071005);
((GWHPACEK067970,(GWHPACES075960,GLYMA_18G283232_1)),((GWHPACEI078451,(GWHPACEH075878,(GWHPACEB069055,(GLYMA_ZH13_18G251400_1_P,(GWHPACEJ077875,(GWHPACEU084473,(GLYMA_U008800_1,GWHPACEF071970))))))),GWHPACEO076639),GWHPACEX071005);
((GWHPACEK067970,(GWHPACES075960,GLYMA_18G283232_1)),((GWHPACEI078451,(GWHPACEH075878,(GWHPACEB069055,(GLYMA_ZH13_18G251400_1_P,(GWHPACEJ077875,(GWHPACEU084473,(GLYMA_U008800_1,GWHPACEF071970))))))),GWHPACEO076639),GWHPACEX071005);
((GWHPACEK067970,(GWHPACES075960,GLYMA_18G283232_1)),((GWHPACEI078451,(GWHPACEH075878,(GWHPACEB069055,(GLYMA_ZH13_18G251400_1_P,(GWHPACEJ077875,(GWHPACEU084473,(GLYMA_U008800_1,GWHPACEF071970))))))),GWHPACEO076639),GWHPACEX071005);
((GWHPACEK067970,(GWHPACES075960,GLYMA_18G283232_1)),((GWHPACEI078451,(GWHPACEH075878,(GWHPACEB069055,(GLYMA_ZH13_18G251400_1_P,(GWHPACEJ077875,(GWHPACEU084473,(GLYMA_U008800_1,GWHPACEF071970))))))),GWHPACEO076639),GWHPACEX071005);
((GWHPACEK067970,(GWHPACES075960,GLYMA_18G283232_1)),((GWHPACEI078451,(GWHPACEH075878,(GWHPACEB069055,(GLYMA_ZH13_18G251400_1_P,(GWHPACEJ077875,(GWHPACEU084473,(GLYMA_U008800_1,GWHPACEF071970))))))),GWHPACEO076639),GWHPACEX071005);
((GWHPACEK067970,(GWHPACES075960,GLYMA_18G283232_1)),((GWHPACEI078451,(GWHPACEH075878,(GWHPACEB069055,(GLYMA_ZH13_18G251400_1_P,(GWHPACEJ077875,(GWHPACEU084473,(GLYMA_U008800_1,GWHPACEF071970))))))),GWHPACEO076639),GWHPACEX071005);
((GWHPACEK067970,GWHPACES075960),(GWHPACEH075878,((GWHPACEU084473,(GWHPACEI078451,(GWHPACEJ077875,(GLYMA_ZH13_18G251400_1_P,(GWHPACEB069055,(GWHPACEF071970,(GLYMA_U008800_1,GLYMA_18G283232_1))))))),GWHPACEO076639)),GWHPACEX071005);
((GWHPACEK067970,GWHPACES075960),(GWHPACEH075878,((GWHPACEU084473,(GWHPACEI078451,(GWHPACEJ077875,(GLYMA_ZH13_18G251400_1_P,(GWHPACEB069055,(GWHPACEF071970,(GLYMA_U008800_1,GLYMA_18G283232_1))))))),GWHPACEO076639)),GWHPACEX071005);
((GWHPACEK067970,GWHPACES075960),(GWHPACEH075878,((GWHPACEU084473,(GWHPACEI078451,(GWHPACEJ077875,(GLYMA_ZH13_18G251400_1_P,(GWHPACEB069055,(GWHPACEF071970,(GLYMA_U008800_1,GLYMA_18G283232_1))))))),GWHPACEO076639)),GWHPACEX071005);
((GWHPACEK067970,(GLYMA_18G283232_1,GWHPACES075960)),(((GWHPACEI078451,(GWHPACEJ077875,(GLYMA_ZH13_18G251400_1_P,(GWHPACEB069055,(GWHPACEU084473,(GWHPACEF071970,GLYMA_U008800_1)))))),GWHPACEH075878),GWHPACEO076639),GWHPACEX071005);
((GWHPACEK067970,(GLYMA_18G283232_1,GWHPACES075960)),(((GWHPACEI078451,(GWHPACEJ077875,(GLYMA_ZH13_18G251400_1_P,(GWHPACEB069055,(GWHPACEU084473,(GWHPACEF071970,GLYMA_U008800_1)))))),GWHPACEH075878),GWHPACEO076639),GWHPACEX071005);
((GWHPACEK067970,(GLYMA_18G283232_1,GWHPACES075960)),(((GWHPACEI078451,(GWHPACEJ077875,(GLYMA_ZH13_18G251400_1_P,(GWHPACEB069055,(GWHPACEU084473,(GWHPACEF071970,GLYMA_U008800_1)))))),GWHPACEH075878),GWHPACEO076639),GWHPACEX071005);
((GWHPACEK067970,(GLYMA_18G283232_1,GWHPACES075960)),(((GWHPACEI078451,(GWHPACEJ077875,(GLYMA_ZH13_18G251400_1_P,(GWHPACEB069055,(GWHPACEU084473,(GWHPACEF071970,GLYMA_U008800_1)))))),GWHPACEH075878),GWHPACEO076639),GWHPACEX071005);
((GWHPACEK067970,(GLYMA_18G283232_1,GWHPACES075960)),(((GWHPACEI078451,(GWHPACEJ077875,(GLYMA_ZH13_18G251400_1_P,(GWHPACEB069055,(GWHPACEU084473,(GWHPACEF071970,GLYMA_U008800_1)))))),GWHPACEH075878),GWHPACEO076639),GWHPACEX071005);
((GWHPACEK067970,(GLYMA_18G283232_1,GWHPACES075960)),(((GWHPACEI078451,(GWHPACEJ077875,(GLYMA_ZH13_18G251400_1_P,(GWHPACEB069055,(GWHPACEU084473,(GWHPACEF071970,GLYMA_U008800_1)))))),GWHPACEH075878),GWHPACEO076639),GWHPACEX071005);
((GWHPACEK067970,(GLYMA_18G283232_1,GWHPACES075960)),(((GWHPACEI078451,(GWHPACEJ077875,(GLYMA_ZH13_18G251400_1_P,(GWHPACEB069055,(GWHPACEU084473,(GWHPACEF071970,GLYMA_U008800_1)))))),GWHPACEH075878),GWHPACEO076639),GWHPACEX071005);
((GWHPACEK067970,(GLYMA_18G283232_1,GWHPACES075960)),((GWHPACEI078451,(GWHPACEH075878,(((GWHPACEB069055,(GWHPACEU084473,(GWHPACEF071970,GLYMA_U008800_1))),GWHPACEO076639),GWHPACEJ077875))),GLYMA_ZH13_18G251400_1_P),GWHPACEX071005);
((GWHPACEK067970,(GLYMA_18G283232_1,GWHPACES075960)),((GWHPACEI078451,(GWHPACEH075878,(((GWHPACEB069055,(GWHPACEU084473,(GWHPACEF071970,GLYMA_U008800_1))),GWHPACEO076639),GWHPACEJ077875))),GLYMA_ZH13_18G251400_1_P),GWHPACEX071005);
((GWHPACEK067970,(GLYMA_18G283232_1,GWHPACES075960)),((GWHPACEI078451,(GWHPACEH075878,(((GWHPACEB069055,(GWHPACEU084473,(GWHPACEF071970,GLYMA_U008800_1))),GWHPACEO076639),GWHPACEJ077875))),GLYMA_ZH13_18G251400_1_P),GWHPACEX071005);
((GWHPACEK067970,(GLYMA_18G283232_1,GWHPACES075960)),((GWHPACEI078451,(GWHPACEH075878,(((GWHPACEB069055,(GWHPACEU084473,(GWHPACEF071970,GLYMA_U008800_1))),GWHPACEO076639),GWHPACEJ077875))),GLYMA_ZH13_18G251400_1_P),GWHPACEX071005);
((GWHPACEK067970,(GLYMA_18G283232_1,GWHPACES075960)),((GWHPACEI078451,(GWHPACEH075878,(((GWHPACEB069055,(GWHPACEU084473,(GWHPACEF071970,GLYMA_U008800_1))),GWHPACEO076639),GWHPACEJ077875))),GLYMA_ZH13_18G251400_1_P),GWHPACEX071005);
((GWHPACEK067970,(GLYMA_18G283232_1,GWHPACES075960)),((GWHPACEI078451,(GWHPACEH075878,(((GWHPACEB069055,(GWHPACEU084473,(GWHPACEF071970,GLYMA_U008800_1))),GWHPACEO076639),GWHPACEJ077875))),GLYMA_ZH13_18G251400_1_P),GWHPACEX071005);
((GWHPACEK067970,(GLYMA_18G283232_1,GWHPACES075960)),((GWHPACEI078451,(GWHPACEH075878,(((GWHPACEB069055,(GWHPACEU084473,(GWHPACEF071970,GLYMA_U008800_1))),GWHPACEO076639),GWHPACEJ077875))),GLYMA_ZH13_18G251400_1_P),GWHPACEX071005);
((GWHPACEK067970,(GLYMA_18G283232_1,GWHPACES075960)),((GWHPACEI078451,(GWHPACEH075878,(((GWHPACEB069055,(GWHPACEU084473,(GWHPACEF071970,GLYMA_U008800_1))),GWHPACEO076639),GWHPACEJ077875))),GLYMA_ZH13_18G251400_1_P),GWHPACEX071005);
((GWHPACEK067970,(GLYMA_18G283232_1,GWHPACES075960)),((GWHPACEI078451,(GWHPACEH075878,(((GWHPACEB069055,(GWHPACEU084473,(GWHPACEF071970,GLYMA_U008800_1))),GWHPACEO076639),GWHPACEJ077875))),GLYMA_ZH13_18G251400_1_P),GWHPACEX071005);
((GWHPACEK067970,(GLYMA_18G283232_1,GWHPACES075960)),((GWHPACEI078451,(GWHPACEH075878,(((GWHPACEB069055,(GWHPACEU084473,(GWHPACEF071970,GLYMA_U008800_1))),GWHPACEO076639),GWHPACEJ077875))),GLYMA_ZH13_18G251400_1_P),GWHPACEX071005);
