((GLYMA_16G213900_1,W05_GLYSO_16G044380_1_P),((GWHPACEU067847,GWHPACET068238),(GWHPACEI069719,GLYMA_ZH13_16G189800_1_P)),GWHPACDZ066121);
(((GLYMA_16G213900_1,W05_GLYSO_16G044380_1_P),GLYMA_ZH13_16G189800_1_P),(GWHPACEI069719,(GWHPACET068238,GWHPACEU067847)),GWHPACDZ066121);
(((((GWHPACEU067847,GWHPACET068238),GLYMA_16G213900_1),W05_GLYSO_16G044380_1_P),GWHPACEI069719),GLYMA_ZH13_16G189800_1_P,GWHPACDZ066121);
(((GWHPACEI069719,(GWHPACEU067847,GWHPACET068238)),(GLYMA_16G213900_1,W05_GLYSO_16G044380_1_P)),GLYMA_ZH13_16G189800_1_P,GWHPACDZ066121);
((GLYMA_16G213900_1,W05_GLYSO_16G044380_1_P),(GLYMA_ZH13_16G189800_1_P,(GWHPACEU067847,(GWHPACET068238,GWHPACEI069719))),GWHPACDZ066121);
(((GLYMA_16G213900_1,W05_GLYSO_16G044380_1_P),GLYMA_ZH13_16G189800_1_P),((GWHPACEU067847,GWHPACEI069719),GWHPACET068238),GWHPACDZ066121);
(((GLYMA_16G213900_1,W05_GLYSO_16G044380_1_P),GLYMA_ZH13_16G189800_1_P),((GWHPACEU067847,GWHPACEI069719),GWHPACET068238),GWHPACDZ066121);
(((GLYMA_16G213900_1,((GWHPACEU067847,GWHPACET068238),W05_GLYSO_16G044380_1_P)),GWHPACEI069719),GLYMA_ZH13_16G189800_1_P,GWHPACDZ066121);
(((GWHPACEI069719,(GWHPACEU067847,GWHPACET068238)),(W05_GLYSO_16G044380_1_P,GLYMA_16G213900_1)),GLYMA_ZH13_16G189800_1_P,GWHPACDZ066121);
(((GWHPACEI069719,(GWHPACEU067847,GWHPACET068238)),(W05_GLYSO_16G044380_1_P,GLYMA_16G213900_1)),GLYMA_ZH13_16G189800_1_P,GWHPACDZ066121);
((W05_GLYSO_16G044380_1_P,GLYMA_16G213900_1),(GLYMA_ZH13_16G189800_1_P,(GWHPACET068238,(GWHPACEI069719,GWHPACEU067847))),GWHPACDZ066121);
(((GWHPACEI069719,GWHPACEU067847),GWHPACET068238),((W05_GLYSO_16G044380_1_P,GLYMA_16G213900_1),GLYMA_ZH13_16G189800_1_P),GWHPACDZ066121);
(((GWHPACEI069719,GWHPACEU067847),GWHPACET068238),((W05_GLYSO_16G044380_1_P,GLYMA_16G213900_1),GLYMA_ZH13_16G189800_1_P),GWHPACDZ066121);
(((GWHPACEI069719,GWHPACEU067847),GWHPACET068238),((W05_GLYSO_16G044380_1_P,GLYMA_16G213900_1),GLYMA_ZH13_16G189800_1_P),GWHPACDZ066121);
(((GWHPACEI069719,GWHPACEU067847),GWHPACET068238),((W05_GLYSO_16G044380_1_P,GLYMA_16G213900_1),GLYMA_ZH13_16G189800_1_P),GWHPACDZ066121);
(((GWHPACEI069719,GWHPACEU067847),GWHPACET068238),((W05_GLYSO_16G044380_1_P,GLYMA_16G213900_1),GLYMA_ZH13_16G189800_1_P),GWHPACDZ066121);
(((GWHPACEI069719,GWHPACEU067847),GWHPACET068238),((W05_GLYSO_16G044380_1_P,GLYMA_16G213900_1),GLYMA_ZH13_16G189800_1_P),GWHPACDZ066121);
(((((GWHPACEI069719,W05_GLYSO_16G044380_1_P),GLYMA_16G213900_1),GWHPACEU067847),GWHPACET068238),GLYMA_ZH13_16G189800_1_P,GWHPACDZ066121);
(((GLYMA_16G213900_1,W05_GLYSO_16G044380_1_P),GLYMA_ZH13_16G189800_1_P),((GWHPACEI069719,GWHPACET068238),GWHPACEU067847),GWHPACDZ066121);
(((GLYMA_16G213900_1,W05_GLYSO_16G044380_1_P),GLYMA_ZH13_16G189800_1_P),((GWHPACEI069719,GWHPACET068238),GWHPACEU067847),GWHPACDZ066121);
(((GWHPACET068238,(GWHPACEU067847,GWHPACEI069719)),GLYMA_ZH13_16G189800_1_P),(GLYMA_16G213900_1,W05_GLYSO_16G044380_1_P),GWHPACDZ066121);
(((GWHPACET068238,(GWHPACEU067847,GWHPACEI069719)),GLYMA_ZH13_16G189800_1_P),(GLYMA_16G213900_1,W05_GLYSO_16G044380_1_P),GWHPACDZ066121);
(((GWHPACEU067847,GWHPACEI069719),GWHPACET068238),(GLYMA_ZH13_16G189800_1_P,(GLYMA_16G213900_1,W05_GLYSO_16G044380_1_P)),GWHPACDZ066121);
(GLYMA_ZH13_16G189800_1_P,((GWHPACEU067847,((GWHPACET068238,GLYMA_16G213900_1),W05_GLYSO_16G044380_1_P)),GWHPACEI069719),GWHPACDZ066121);
(GWHPACEI069719,(GWHPACEU067847,(((GLYMA_16G213900_1,W05_GLYSO_16G044380_1_P),GLYMA_ZH13_16G189800_1_P),GWHPACET068238)),GWHPACDZ066121);
(GWHPACEI069719,(GWHPACEU067847,(((GLYMA_16G213900_1,W05_GLYSO_16G044380_1_P),GLYMA_ZH13_16G189800_1_P),GWHPACET068238)),GWHPACDZ066121);
(GWHPACEI069719,(GWHPACEU067847,(((GLYMA_16G213900_1,W05_GLYSO_16G044380_1_P),GLYMA_ZH13_16G189800_1_P),GWHPACET068238)),GWHPACDZ066121);
(GWHPACEI069719,(GWHPACEU067847,(((GLYMA_16G213900_1,W05_GLYSO_16G044380_1_P),GLYMA_ZH13_16G189800_1_P),GWHPACET068238)),GWHPACDZ066121);
(GWHPACEI069719,(GWHPACEU067847,(((GLYMA_16G213900_1,W05_GLYSO_16G044380_1_P),GLYMA_ZH13_16G189800_1_P),GWHPACET068238)),GWHPACDZ066121);
(GWHPACEI069719,(GWHPACEU067847,(((GLYMA_16G213900_1,W05_GLYSO_16G044380_1_P),GLYMA_ZH13_16G189800_1_P),GWHPACET068238)),GWHPACDZ066121);
(((GWHPACEU067847,GWHPACET068238),GWHPACEI069719),((GLYMA_16G213900_1,W05_GLYSO_16G044380_1_P),GLYMA_ZH13_16G189800_1_P),GWHPACDZ066121);
(((GWHPACEU067847,GWHPACET068238),GWHPACEI069719),((GLYMA_16G213900_1,W05_GLYSO_16G044380_1_P),GLYMA_ZH13_16G189800_1_P),GWHPACDZ066121);
(((GWHPACEU067847,GWHPACET068238),GWHPACEI069719),((GLYMA_16G213900_1,W05_GLYSO_16G044380_1_P),GLYMA_ZH13_16G189800_1_P),GWHPACDZ066121);
(((GWHPACEU067847,GWHPACET068238),GWHPACEI069719),((GLYMA_16G213900_1,W05_GLYSO_16G044380_1_P),GLYMA_ZH13_16G189800_1_P),GWHPACDZ066121);
(((GWHPACEU067847,GWHPACET068238),GWHPACEI069719),((GLYMA_16G213900_1,W05_GLYSO_16G044380_1_P),GLYMA_ZH13_16G189800_1_P),GWHPACDZ066121);
(((GWHPACEU067847,GWHPACET068238),GWHPACEI069719),((GLYMA_16G213900_1,W05_GLYSO_16G044380_1_P),GLYMA_ZH13_16G189800_1_P),GWHPACDZ066121);
(((GWHPACEU067847,GWHPACET068238),GWHPACEI069719),((GLYMA_16G213900_1,W05_GLYSO_16G044380_1_P),GLYMA_ZH13_16G189800_1_P),GWHPACDZ066121);
(((GWHPACEU067847,GWHPACET068238),GWHPACEI069719),((GLYMA_16G213900_1,W05_GLYSO_16G044380_1_P),GLYMA_ZH13_16G189800_1_P),GWHPACDZ066121);
(((GWHPACEU067847,GWHPACET068238),GWHPACEI069719),((GLYMA_16G213900_1,W05_GLYSO_16G044380_1_P),GLYMA_ZH13_16G189800_1_P),GWHPACDZ066121);
(((GWHPACEU067847,GWHPACET068238),GWHPACEI069719),((GLYMA_16G213900_1,W05_GLYSO_16G044380_1_P),GLYMA_ZH13_16G189800_1_P),GWHPACDZ066121);
(((GWHPACEU067847,GWHPACEI069719),GWHPACET068238),((GLYMA_16G213900_1,W05_GLYSO_16G044380_1_P),GLYMA_ZH13_16G189800_1_P),GWHPACDZ066121);
(((GWHPACEU067847,GWHPACEI069719),GWHPACET068238),((GLYMA_16G213900_1,W05_GLYSO_16G044380_1_P),GLYMA_ZH13_16G189800_1_P),GWHPACDZ066121);
(((GWHPACEU067847,GWHPACEI069719),GWHPACET068238),((GLYMA_16G213900_1,W05_GLYSO_16G044380_1_P),GLYMA_ZH13_16G189800_1_P),GWHPACDZ066121);
((((GWHPACEU067847,(GWHPACET068238,GLYMA_16G213900_1)),W05_GLYSO_16G044380_1_P),GWHPACEI069719),GLYMA_ZH13_16G189800_1_P,GWHPACDZ066121);
((GWHPACEU067847,(GWHPACEI069719,(GWHPACET068238,GLYMA_ZH13_16G189800_1_P))),(W05_GLYSO_16G044380_1_P,GLYMA_16G213900_1),GWHPACDZ066121);
((GWHPACEU067847,(GWHPACET068238,GWHPACEI069719)),(GLYMA_ZH13_16G189800_1_P,(W05_GLYSO_16G044380_1_P,GLYMA_16G213900_1)),GWHPACDZ066121);
((GWHPACEU067847,(GWHPACET068238,GWHPACEI069719)),(GLYMA_ZH13_16G189800_1_P,(W05_GLYSO_16G044380_1_P,GLYMA_16G213900_1)),GWHPACDZ066121);
((GWHPACEU067847,(GWHPACET068238,GWHPACEI069719)),(GLYMA_ZH13_16G189800_1_P,(W05_GLYSO_16G044380_1_P,GLYMA_16G213900_1)),GWHPACDZ066121);
(((W05_GLYSO_16G044380_1_P,GLYMA_16G213900_1),((GWHPACEU067847,GWHPACET068238),GWHPACEI069719)),GLYMA_ZH13_16G189800_1_P,GWHPACDZ066121);
((GLYMA_ZH13_16G189800_1_P,(W05_GLYSO_16G044380_1_P,GLYMA_16G213900_1)),(GWHPACEU067847,(GWHPACET068238,GWHPACEI069719)),GWHPACDZ066121);
((GLYMA_ZH13_16G189800_1_P,(W05_GLYSO_16G044380_1_P,GLYMA_16G213900_1)),((GWHPACEU067847,GWHPACEI069719),GWHPACET068238),GWHPACDZ066121);
((GLYMA_ZH13_16G189800_1_P,(W05_GLYSO_16G044380_1_P,GLYMA_16G213900_1)),((GWHPACEU067847,GWHPACEI069719),GWHPACET068238),GWHPACDZ066121);
((GLYMA_ZH13_16G189800_1_P,(W05_GLYSO_16G044380_1_P,GLYMA_16G213900_1)),((GWHPACEU067847,GWHPACEI069719),GWHPACET068238),GWHPACDZ066121);
((GLYMA_ZH13_16G189800_1_P,(W05_GLYSO_16G044380_1_P,GLYMA_16G213900_1)),((GWHPACEU067847,GWHPACEI069719),GWHPACET068238),GWHPACDZ066121);
((GLYMA_ZH13_16G189800_1_P,(W05_GLYSO_16G044380_1_P,GLYMA_16G213900_1)),((GWHPACEU067847,GWHPACEI069719),GWHPACET068238),GWHPACDZ066121);
((GLYMA_ZH13_16G189800_1_P,(W05_GLYSO_16G044380_1_P,GLYMA_16G213900_1)),((GWHPACEU067847,GWHPACEI069719),GWHPACET068238),GWHPACDZ066121);
((W05_GLYSO_16G044380_1_P,GLYMA_16G213900_1),((GWHPACEU067847,(GWHPACEI069719,GWHPACET068238)),GLYMA_ZH13_16G189800_1_P),GWHPACDZ066121);
(((GWHPACEU067847,GWHPACET068238),GWHPACEI069719),(GLYMA_ZH13_16G189800_1_P,(W05_GLYSO_16G044380_1_P,GLYMA_16G213900_1)),GWHPACDZ066121);
(((GWHPACEU067847,GWHPACET068238),GWHPACEI069719),(GLYMA_ZH13_16G189800_1_P,(W05_GLYSO_16G044380_1_P,GLYMA_16G213900_1)),GWHPACDZ066121);
(((GWHPACEU067847,GWHPACET068238),GWHPACEI069719),(GLYMA_ZH13_16G189800_1_P,(W05_GLYSO_16G044380_1_P,GLYMA_16G213900_1)),GWHPACDZ066121);
((GWHPACET068238,((GLYMA_ZH13_16G189800_1_P,GWHPACEI069719),GWHPACEU067847)),(GLYMA_16G213900_1,W05_GLYSO_16G044380_1_P),GWHPACDZ066121);
((GWHPACEI069719,(GWHPACEU067847,(GLYMA_ZH13_16G189800_1_P,(GLYMA_16G213900_1,W05_GLYSO_16G044380_1_P)))),GWHPACET068238,GWHPACDZ066121);
((GWHPACEI069719,(GWHPACEU067847,(GLYMA_ZH13_16G189800_1_P,(GLYMA_16G213900_1,W05_GLYSO_16G044380_1_P)))),GWHPACET068238,GWHPACDZ066121);
((GWHPACEI069719,(GWHPACEU067847,(GLYMA_ZH13_16G189800_1_P,(GLYMA_16G213900_1,W05_GLYSO_16G044380_1_P)))),GWHPACET068238,GWHPACDZ066121);
((GWHPACEI069719,(GWHPACEU067847,(GLYMA_ZH13_16G189800_1_P,(GLYMA_16G213900_1,W05_GLYSO_16G044380_1_P)))),GWHPACET068238,GWHPACDZ066121);
((GWHPACEI069719,(GWHPACEU067847,(GLYMA_ZH13_16G189800_1_P,(GLYMA_16G213900_1,W05_GLYSO_16G044380_1_P)))),GWHPACET068238,GWHPACDZ066121);
((GWHPACEI069719,(GWHPACEU067847,(GLYMA_ZH13_16G189800_1_P,(GLYMA_16G213900_1,W05_GLYSO_16G044380_1_P)))),GWHPACET068238,GWHPACDZ066121);
((GWHPACEI069719,(GWHPACEU067847,(GLYMA_ZH13_16G189800_1_P,(GLYMA_16G213900_1,W05_GLYSO_16G044380_1_P)))),GWHPACET068238,GWHPACDZ066121);
((GWHPACEI069719,(GWHPACEU067847,(GLYMA_ZH13_16G189800_1_P,(GLYMA_16G213900_1,W05_GLYSO_16G044380_1_P)))),GWHPACET068238,GWHPACDZ066121);
((GWHPACEI069719,(GWHPACEU067847,(GLYMA_ZH13_16G189800_1_P,(GLYMA_16G213900_1,W05_GLYSO_16G044380_1_P)))),GWHPACET068238,GWHPACDZ066121);
(GWHPACET068238,(GWHPACEU067847,(GWHPACEI069719,((GLYMA_16G213900_1,W05_GLYSO_16G044380_1_P),GLYMA_ZH13_16G189800_1_P))),GWHPACDZ066121);
(GWHPACET068238,(GWHPACEU067847,(GWHPACEI069719,((GLYMA_16G213900_1,W05_GLYSO_16G044380_1_P),GLYMA_ZH13_16G189800_1_P))),GWHPACDZ066121);
(GWHPACET068238,(GWHPACEU067847,(GWHPACEI069719,((GLYMA_16G213900_1,W05_GLYSO_16G044380_1_P),GLYMA_ZH13_16G189800_1_P))),GWHPACDZ066121);
(GWHPACET068238,(GWHPACEU067847,(GWHPACEI069719,((GLYMA_16G213900_1,W05_GLYSO_16G044380_1_P),GLYMA_ZH13_16G189800_1_P))),GWHPACDZ066121);
(GWHPACET068238,(GWHPACEU067847,(GWHPACEI069719,((GLYMA_16G213900_1,W05_GLYSO_16G044380_1_P),GLYMA_ZH13_16G189800_1_P))),GWHPACDZ066121);
((GLYMA_16G213900_1,W05_GLYSO_16G044380_1_P),(((GWHPACEU067847,GWHPACET068238),GLYMA_ZH13_16G189800_1_P),GWHPACEI069719),GWHPACDZ066121);
((GWHPACET068238,(GWHPACEI069719,GWHPACEU067847)),(GLYMA_ZH13_16G189800_1_P,(GLYMA_16G213900_1,W05_GLYSO_16G044380_1_P)),GWHPACDZ066121);
((GWHPACET068238,(GWHPACEI069719,GWHPACEU067847)),(GLYMA_ZH13_16G189800_1_P,(GLYMA_16G213900_1,W05_GLYSO_16G044380_1_P)),GWHPACDZ066121);
((GWHPACET068238,(GWHPACEI069719,GWHPACEU067847)),(GLYMA_ZH13_16G189800_1_P,(GLYMA_16G213900_1,W05_GLYSO_16G044380_1_P)),GWHPACDZ066121);
((GWHPACET068238,(GWHPACEI069719,GWHPACEU067847)),(GLYMA_ZH13_16G189800_1_P,(GLYMA_16G213900_1,W05_GLYSO_16G044380_1_P)),GWHPACDZ066121);
(GLYMA_ZH13_16G189800_1_P,((GWHPACET068238,(GWHPACEU067847,GWHPACEI069719)),(GLYMA_16G213900_1,W05_GLYSO_16G044380_1_P)),GWHPACDZ066121);
(((GWHPACEU067847,GWHPACEI069719),GWHPACET068238),((GLYMA_16G213900_1,W05_GLYSO_16G044380_1_P),GLYMA_ZH13_16G189800_1_P),GWHPACDZ066121);
(((GWHPACEU067847,GWHPACEI069719),GWHPACET068238),((GLYMA_16G213900_1,W05_GLYSO_16G044380_1_P),GLYMA_ZH13_16G189800_1_P),GWHPACDZ066121);
(((GWHPACEU067847,GWHPACEI069719),GWHPACET068238),((GLYMA_16G213900_1,W05_GLYSO_16G044380_1_P),GLYMA_ZH13_16G189800_1_P),GWHPACDZ066121);
(((GWHPACEU067847,GWHPACEI069719),GWHPACET068238),((GLYMA_16G213900_1,W05_GLYSO_16G044380_1_P),GLYMA_ZH13_16G189800_1_P),GWHPACDZ066121);
(((GWHPACEU067847,GWHPACEI069719),GWHPACET068238),((GLYMA_16G213900_1,W05_GLYSO_16G044380_1_P),GLYMA_ZH13_16G189800_1_P),GWHPACDZ066121);
(((GWHPACEU067847,((GWHPACET068238,GLYMA_16G213900_1),W05_GLYSO_16G044380_1_P)),GWHPACEI069719),GLYMA_ZH13_16G189800_1_P,GWHPACDZ066121);
(GWHPACEU067847,(GWHPACEI069719,(GWHPACET068238,((GLYMA_16G213900_1,W05_GLYSO_16G044380_1_P),GLYMA_ZH13_16G189800_1_P))),GWHPACDZ066121);
(GWHPACEU067847,(GWHPACEI069719,(GWHPACET068238,((GLYMA_16G213900_1,W05_GLYSO_16G044380_1_P),GLYMA_ZH13_16G189800_1_P))),GWHPACDZ066121);
(((GLYMA_16G213900_1,W05_GLYSO_16G044380_1_P),GLYMA_ZH13_16G189800_1_P),(GWHPACEI069719,(GWHPACEU067847,GWHPACET068238)),GWHPACDZ066121);
(((GLYMA_16G213900_1,(GWHPACEI069719,(GWHPACET068238,GWHPACEU067847))),W05_GLYSO_16G044380_1_P),GLYMA_ZH13_16G189800_1_P,GWHPACDZ066121);
((W05_GLYSO_16G044380_1_P,GLYMA_16G213900_1),((GWHPACEI069719,(GWHPACEU067847,GLYMA_ZH13_16G189800_1_P)),GWHPACET068238),GWHPACDZ066121);
((GWHPACET068238,(GWHPACEU067847,GWHPACEI069719)),(GLYMA_ZH13_16G189800_1_P,(W05_GLYSO_16G044380_1_P,GLYMA_16G213900_1)),GWHPACDZ066121);
((GWHPACET068238,(GWHPACEU067847,GWHPACEI069719)),(GLYMA_ZH13_16G189800_1_P,(W05_GLYSO_16G044380_1_P,GLYMA_16G213900_1)),GWHPACDZ066121);
((GWHPACET068238,(GWHPACEU067847,GWHPACEI069719)),(GLYMA_ZH13_16G189800_1_P,(W05_GLYSO_16G044380_1_P,GLYMA_16G213900_1)),GWHPACDZ066121);
((GWHPACET068238,(GWHPACEU067847,GWHPACEI069719)),(GLYMA_ZH13_16G189800_1_P,(W05_GLYSO_16G044380_1_P,GLYMA_16G213900_1)),GWHPACDZ066121);
((GWHPACET068238,(GWHPACEU067847,GWHPACEI069719)),(GLYMA_ZH13_16G189800_1_P,(W05_GLYSO_16G044380_1_P,GLYMA_16G213900_1)),GWHPACDZ066121);
((GWHPACET068238,(GWHPACEU067847,GWHPACEI069719)),(GLYMA_ZH13_16G189800_1_P,(W05_GLYSO_16G044380_1_P,GLYMA_16G213900_1)),GWHPACDZ066121);
((GWHPACET068238,(GWHPACEU067847,GWHPACEI069719)),(GLYMA_ZH13_16G189800_1_P,(W05_GLYSO_16G044380_1_P,GLYMA_16G213900_1)),GWHPACDZ066121);
((GWHPACET068238,(GWHPACEU067847,GWHPACEI069719)),(GLYMA_ZH13_16G189800_1_P,(W05_GLYSO_16G044380_1_P,GLYMA_16G213900_1)),GWHPACDZ066121);
