

IMPORTANT WARNING: Sequences GLYMA_ZH13_06G241200_1_P and GWHPACEJ024797 are exactly identical


IMPORTANT WARNING: Sequences GLYMA_ZH13_06G241200_1_P and GWHPACEL023049 are exactly identical


IMPORTANT WARNING: Sequences GLYMA_ZH13_06G241200_1_P and GWHPACEU024159 are exactly identical


IMPORTANT WARNING: Sequences GLYMA_ZH13_06G241200_1_P and GLYMA_06G261500_1 are exactly identical


IMPORTANT WARNING: Sequences GLYMA_ZH13_06G241200_1_P and GWHPACEX022682 are exactly identical


IMPORTANT WARNING: Sequences GLYMA_ZH13_06G241200_1_P and GWHPACEB022489 are exactly identical


IMPORTANT WARNING: Sequences GLYMA_ZH13_06G241200_1_P and GWHPACEA024488 are exactly identical


IMPORTANT WARNING: Sequences GLYMA_ZH13_06G241200_1_P and GWHPACEW023908 are exactly identical


IMPORTANT WARNING: Sequences GWHPACES024173 and GWHPACEM024042 are exactly identical


IMPORTANT WARNING: Sequences GWHPACES024173 and GWHPACDZ023547 are exactly identical


IMPORTANT WARNING: Sequences GWHPACEV022363 and GWHPACER022287 are exactly identical


IMPORTANT WARNING: Sequences GWHPACEM024066 and GWHPACES024192 are exactly identical


IMPORTANT WARNING: Sequences GWHPACEH024044 and GWHPACEE023969 are exactly identical


IMPORTANT WARNING: Sequences GWHPACEH024044 and GWHPACEJ024790 are exactly identical


IMPORTANT WARNING: Sequences GWHPACEH024044 and GWHPACEO024096 are exactly identical


IMPORTANT WARNING: Sequences GWHPACEI024822 and GWHPACEG023941 are exactly identical


IMPORTANT WARNING: Sequences GWHPACES024197 and GWHPACDZ023569 are exactly identical

IMPORTANT WARNING
Found 17 sequences that are exactly identical to other sequences in the alignment.
Normally they should be excluded from the analysis.

Just in case you might need it, an alignment file with 
sequence duplicates removed is printed to file ../../RAxML_tree_pbNB-ARC/Clade_Refinement_2/Int11409_395_471_R_144_154_R_45.afa.reduced


This is RAxML version 8.2.12 released by Alexandros Stamatakis on May 2018.

With greatly appreciated code contributions by:
Andre Aberer      (HITS)
Simon Berger      (HITS)
Alexey Kozlov     (HITS)
Kassian Kobert    (HITS)
David Dao         (KIT and HITS)
Sarah Lutteropp   (KIT and HITS)
Nick Pattengale   (Sandia)
Wayne Pfeiffer    (SDSC)
Akifumi S. Tanabe (NRIFS)
Charlie Taylor    (UF)


Alignment has 631 distinct alignment patterns

Proportion of gaps and completely undetermined characters in this alignment: 72.91%

RAxML rapid bootstrapping and subsequent ML search

Using 1 distinct models/data partitions with joint branch length optimization



Executing 100 rapid bootstrap inferences and thereafter a thorough ML search 

All free model parameters will be estimated by RAxML
ML estimate of 25 per site rate categories

Likelihood of final tree will be evaluated and optimized under GAMMA

GAMMA Model parameters will be estimated up to an accuracy of 0.1000000000 Log Likelihood units

Partition: 0
Alignment Patterns: 631
Name: No Name Provided
DataType: AA
Substitution Matrix: JTT
Using fixed base frequencies




RAxML was called as follows:

/Users/prigozhin/Installers/standard-RAxML/raxmlHPC-PTHREADS-AVX -T 4 -n Int11409_395_471_R_144_154_R_45.Raxml.out -f a -x 12345 -p 12345 -# 100 -m PROTCATJTT -s ../../RAxML_tree_pbNB-ARC/Clade_Refinement_2/Int11409_395_471_R_144_154_R_45.afa 



Time for BS model parameter optimization 0.611465
Bootstrap[0]: Time 3.616776 seconds, bootstrap likelihood -16514.394388, best rearrangement setting 13
Bootstrap[1]: Time 3.081735 seconds, bootstrap likelihood -15780.944191, best rearrangement setting 13
Bootstrap[2]: Time 2.442836 seconds, bootstrap likelihood -15870.037948, best rearrangement setting 12
Bootstrap[3]: Time 1.254770 seconds, bootstrap likelihood -16247.639904, best rearrangement setting 15
Bootstrap[4]: Time 2.415581 seconds, bootstrap likelihood -16227.199806, best rearrangement setting 10
Bootstrap[5]: Time 2.251361 seconds, bootstrap likelihood -16701.453789, best rearrangement setting 10
Bootstrap[6]: Time 1.059138 seconds, bootstrap likelihood -16412.922796, best rearrangement setting 6
Bootstrap[7]: Time 2.755730 seconds, bootstrap likelihood -16194.070415, best rearrangement setting 14
Bootstrap[8]: Time 2.050362 seconds, bootstrap likelihood -16133.944169, best rearrangement setting 5
Bootstrap[9]: Time 2.218828 seconds, bootstrap likelihood -16100.516479, best rearrangement setting 7
Bootstrap[10]: Time 2.278072 seconds, bootstrap likelihood -16427.663506, best rearrangement setting 7
Bootstrap[11]: Time 2.393880 seconds, bootstrap likelihood -16408.629192, best rearrangement setting 5
Bootstrap[12]: Time 1.247370 seconds, bootstrap likelihood -15843.698104, best rearrangement setting 8
Bootstrap[13]: Time 2.076825 seconds, bootstrap likelihood -15787.967930, best rearrangement setting 7
Bootstrap[14]: Time 2.786676 seconds, bootstrap likelihood -15775.606430, best rearrangement setting 12
Bootstrap[15]: Time 1.031684 seconds, bootstrap likelihood -16132.738040, best rearrangement setting 15
Bootstrap[16]: Time 2.452339 seconds, bootstrap likelihood -15885.540512, best rearrangement setting 12
Bootstrap[17]: Time 2.525292 seconds, bootstrap likelihood -15765.164945, best rearrangement setting 12
Bootstrap[18]: Time 2.319805 seconds, bootstrap likelihood -16408.135848, best rearrangement setting 5
Bootstrap[19]: Time 1.026977 seconds, bootstrap likelihood -16358.970185, best rearrangement setting 8
Bootstrap[20]: Time 2.506594 seconds, bootstrap likelihood -16022.593864, best rearrangement setting 10
Bootstrap[21]: Time 2.074943 seconds, bootstrap likelihood -16154.790800, best rearrangement setting 6
Bootstrap[22]: Time 2.430029 seconds, bootstrap likelihood -16228.365259, best rearrangement setting 5
Bootstrap[23]: Time 2.342135 seconds, bootstrap likelihood -15801.590980, best rearrangement setting 7
Bootstrap[24]: Time 2.810790 seconds, bootstrap likelihood -16744.647744, best rearrangement setting 8
Bootstrap[25]: Time 1.033681 seconds, bootstrap likelihood -15942.466376, best rearrangement setting 6
Bootstrap[26]: Time 1.308956 seconds, bootstrap likelihood -16243.469822, best rearrangement setting 12
Bootstrap[27]: Time 2.534627 seconds, bootstrap likelihood -16152.098085, best rearrangement setting 10
Bootstrap[28]: Time 1.234123 seconds, bootstrap likelihood -16263.058327, best rearrangement setting 11
Bootstrap[29]: Time 1.166417 seconds, bootstrap likelihood -15938.389452, best rearrangement setting 12
Bootstrap[30]: Time 2.694143 seconds, bootstrap likelihood -16052.233038, best rearrangement setting 15
Bootstrap[31]: Time 2.243398 seconds, bootstrap likelihood -16064.590414, best rearrangement setting 15
Bootstrap[32]: Time 2.143870 seconds, bootstrap likelihood -15936.557019, best rearrangement setting 6
Bootstrap[33]: Time 2.427089 seconds, bootstrap likelihood -16636.407337, best rearrangement setting 15
Bootstrap[34]: Time 1.025636 seconds, bootstrap likelihood -16082.619402, best rearrangement setting 11
Bootstrap[35]: Time 1.077667 seconds, bootstrap likelihood -15878.390602, best rearrangement setting 8
Bootstrap[36]: Time 1.209815 seconds, bootstrap likelihood -15906.769049, best rearrangement setting 9
Bootstrap[37]: Time 1.161813 seconds, bootstrap likelihood -16296.944297, best rearrangement setting 11
Bootstrap[38]: Time 1.064812 seconds, bootstrap likelihood -15965.633891, best rearrangement setting 8
Bootstrap[39]: Time 2.446952 seconds, bootstrap likelihood -15938.280908, best rearrangement setting 13
Bootstrap[40]: Time 2.935726 seconds, bootstrap likelihood -16273.764983, best rearrangement setting 13
Bootstrap[41]: Time 3.185251 seconds, bootstrap likelihood -16068.634254, best rearrangement setting 10
Bootstrap[42]: Time 2.498801 seconds, bootstrap likelihood -16229.830761, best rearrangement setting 5
Bootstrap[43]: Time 2.783334 seconds, bootstrap likelihood -15899.378281, best rearrangement setting 14
Bootstrap[44]: Time 1.044242 seconds, bootstrap likelihood -16028.623848, best rearrangement setting 10
Bootstrap[45]: Time 2.815118 seconds, bootstrap likelihood -15859.788488, best rearrangement setting 15
Bootstrap[46]: Time 2.814780 seconds, bootstrap likelihood -15942.008325, best rearrangement setting 14
Bootstrap[47]: Time 2.501749 seconds, bootstrap likelihood -16397.987925, best rearrangement setting 8
Bootstrap[48]: Time 1.139238 seconds, bootstrap likelihood -15988.753704, best rearrangement setting 6
Bootstrap[49]: Time 2.373317 seconds, bootstrap likelihood -15765.624840, best rearrangement setting 7
Bootstrap[50]: Time 2.489825 seconds, bootstrap likelihood -16449.159942, best rearrangement setting 7
Bootstrap[51]: Time 2.434672 seconds, bootstrap likelihood -15777.618650, best rearrangement setting 11
Bootstrap[52]: Time 1.028834 seconds, bootstrap likelihood -16528.952352, best rearrangement setting 12
Bootstrap[53]: Time 2.327949 seconds, bootstrap likelihood -16331.215086, best rearrangement setting 8
Bootstrap[54]: Time 2.621143 seconds, bootstrap likelihood -16427.851823, best rearrangement setting 9
Bootstrap[55]: Time 2.883913 seconds, bootstrap likelihood -16250.634074, best rearrangement setting 11
Bootstrap[56]: Time 3.107766 seconds, bootstrap likelihood -15747.182497, best rearrangement setting 5
Bootstrap[57]: Time 2.024359 seconds, bootstrap likelihood -16009.637102, best rearrangement setting 7
Bootstrap[58]: Time 2.715007 seconds, bootstrap likelihood -15883.028348, best rearrangement setting 10
Bootstrap[59]: Time 2.685124 seconds, bootstrap likelihood -15742.648320, best rearrangement setting 9
Bootstrap[60]: Time 2.356048 seconds, bootstrap likelihood -16043.298720, best rearrangement setting 7
Bootstrap[61]: Time 2.346107 seconds, bootstrap likelihood -15866.883096, best rearrangement setting 5
Bootstrap[62]: Time 1.399134 seconds, bootstrap likelihood -15858.590586, best rearrangement setting 11
Bootstrap[63]: Time 1.531007 seconds, bootstrap likelihood -16103.491825, best rearrangement setting 12
Bootstrap[64]: Time 1.255930 seconds, bootstrap likelihood -15762.176045, best rearrangement setting 7
Bootstrap[65]: Time 1.261462 seconds, bootstrap likelihood -16070.628061, best rearrangement setting 5
Bootstrap[66]: Time 2.223066 seconds, bootstrap likelihood -15767.056082, best rearrangement setting 5
Bootstrap[67]: Time 2.738958 seconds, bootstrap likelihood -16797.511883, best rearrangement setting 15
Bootstrap[68]: Time 2.827203 seconds, bootstrap likelihood -16608.998426, best rearrangement setting 11
Bootstrap[69]: Time 2.199414 seconds, bootstrap likelihood -16186.175128, best rearrangement setting 5
Bootstrap[70]: Time 1.200975 seconds, bootstrap likelihood -15564.251881, best rearrangement setting 8
Bootstrap[71]: Time 2.600239 seconds, bootstrap likelihood -16084.844811, best rearrangement setting 10
Bootstrap[72]: Time 2.646408 seconds, bootstrap likelihood -16739.354768, best rearrangement setting 11
Bootstrap[73]: Time 2.162899 seconds, bootstrap likelihood -16113.801078, best rearrangement setting 9
Bootstrap[74]: Time 2.302337 seconds, bootstrap likelihood -16571.534238, best rearrangement setting 5
Bootstrap[75]: Time 2.515605 seconds, bootstrap likelihood -15342.456768, best rearrangement setting 8
Bootstrap[76]: Time 2.629445 seconds, bootstrap likelihood -16574.612109, best rearrangement setting 9
Bootstrap[77]: Time 2.339868 seconds, bootstrap likelihood -16330.030051, best rearrangement setting 11
Bootstrap[78]: Time 1.165103 seconds, bootstrap likelihood -15938.571620, best rearrangement setting 15
Bootstrap[79]: Time 1.311763 seconds, bootstrap likelihood -16115.759044, best rearrangement setting 9
Bootstrap[80]: Time 2.737160 seconds, bootstrap likelihood -16007.522348, best rearrangement setting 15
Bootstrap[81]: Time 2.563408 seconds, bootstrap likelihood -15881.677853, best rearrangement setting 7
Bootstrap[82]: Time 0.991880 seconds, bootstrap likelihood -15816.229681, best rearrangement setting 6
Bootstrap[83]: Time 1.228534 seconds, bootstrap likelihood -16153.250059, best rearrangement setting 10
Bootstrap[84]: Time 1.058378 seconds, bootstrap likelihood -15590.644705, best rearrangement setting 11
Bootstrap[85]: Time 2.650208 seconds, bootstrap likelihood -16098.500598, best rearrangement setting 8
Bootstrap[86]: Time 2.941054 seconds, bootstrap likelihood -15933.101199, best rearrangement setting 7
Bootstrap[87]: Time 2.380118 seconds, bootstrap likelihood -16138.902327, best rearrangement setting 7
Bootstrap[88]: Time 2.409334 seconds, bootstrap likelihood -16102.287228, best rearrangement setting 12
Bootstrap[89]: Time 2.445357 seconds, bootstrap likelihood -16177.602082, best rearrangement setting 10
Bootstrap[90]: Time 3.104255 seconds, bootstrap likelihood -16401.167985, best rearrangement setting 8
Bootstrap[91]: Time 2.805132 seconds, bootstrap likelihood -15976.505514, best rearrangement setting 12
Bootstrap[92]: Time 2.585527 seconds, bootstrap likelihood -16582.697116, best rearrangement setting 13
Bootstrap[93]: Time 2.852165 seconds, bootstrap likelihood -16449.182642, best rearrangement setting 15
Bootstrap[94]: Time 1.992139 seconds, bootstrap likelihood -15848.262015, best rearrangement setting 5
Bootstrap[95]: Time 1.188794 seconds, bootstrap likelihood -16372.672754, best rearrangement setting 5
Bootstrap[96]: Time 2.782323 seconds, bootstrap likelihood -16299.324027, best rearrangement setting 13
Bootstrap[97]: Time 3.173967 seconds, bootstrap likelihood -16290.211565, best rearrangement setting 11
Bootstrap[98]: Time 3.313147 seconds, bootstrap likelihood -16476.461254, best rearrangement setting 6
Bootstrap[99]: Time 2.549767 seconds, bootstrap likelihood -16103.743586, best rearrangement setting 14


Overall Time for 100 Rapid Bootstraps 217.485152 seconds
Average Time per Rapid Bootstrap 2.174852 seconds

Starting ML Search ...

Fast ML optimization finished

Fast ML search Time: 131.663045 seconds

Slow ML Search 0 Likelihood: -17058.623457
Slow ML Search 1 Likelihood: -17058.623459
Slow ML Search 2 Likelihood: -17058.623459
Slow ML Search 3 Likelihood: -17058.623459
Slow ML Search 4 Likelihood: -17058.623458
Slow ML Search 5 Likelihood: -17058.623457
Slow ML Search 6 Likelihood: -17058.623458
Slow ML Search 7 Likelihood: -17058.623458
Slow ML Search 8 Likelihood: -17058.623457
Slow ML Search 9 Likelihood: -17058.623457
Slow ML optimization finished

Slow ML search Time: 75.527596 seconds
Thorough ML search Time: 15.114981 seconds

Final ML Optimization Likelihood: -17057.255253

Model Information:

Model Parameters of Partition 0, Name: No Name Provided, Type of Data: AA
alpha: 0.230495
Tree-Length: 1.173744
rate A <-> R: 0.603538
rate A <-> N: 0.561915
rate A <-> D: 0.842872
rate A <-> C: 0.582726
rate A <-> Q: 0.593132
rate A <-> E: 1.092612
rate A <-> G: 1.862643
rate A <-> H: 0.280957
rate A <-> I: 0.374610
rate A <-> L: 0.312175
rate A <-> K: 0.364204
rate A <-> M: 0.561915
rate A <-> F: 0.156087
rate A <-> P: 2.018730
rate A <-> S: 3.933403
rate A <-> T: 4.942768
rate A <-> W: 0.093652
rate A <-> Y: 0.114464
rate A <-> V: 3.100937
rate R <-> N: 0.468262
rate R <-> D: 0.166493
rate R <-> C: 1.175858
rate R <-> Q: 3.225806
rate R <-> E: 0.301769
rate R <-> G: 1.425598
rate R <-> H: 3.413111
rate R <-> I: 0.228928
rate R <-> L: 0.395421
rate R <-> K: 6.722164
rate R <-> M: 0.457856
rate R <-> F: 0.052029
rate R <-> P: 0.770031
rate R <-> S: 1.050989
rate R <-> T: 0.665973
rate R <-> W: 1.311134
rate R <-> Y: 0.208117
rate R <-> V: 0.176899
rate N <-> D: 5.494277
rate N <-> C: 0.353798
rate N <-> Q: 0.894901
rate N <-> E: 0.603538
rate N <-> G: 0.842872
rate N <-> H: 4.068678
rate N <-> I: 0.489074
rate N <-> L: 0.124870
rate N <-> K: 2.736733
rate N <-> M: 0.312175
rate N <-> F: 0.104058
rate N <-> P: 0.156087
rate N <-> S: 5.234131
rate N <-> T: 2.414152
rate N <-> W: 0.083247
rate N <-> Y: 0.728408
rate N <-> V: 0.166493
rate D <-> C: 0.104058
rate D <-> Q: 0.509886
rate D <-> E: 7.981270
rate D <-> G: 1.352758
rate D <-> H: 1.165453
rate D <-> I: 0.114464
rate D <-> L: 0.072841
rate D <-> K: 0.270552
rate D <-> M: 0.156087
rate D <-> F: 0.041623
rate D <-> P: 0.156087
rate D <-> S: 0.613944
rate D <-> T: 0.395421
rate D <-> W: 0.041623
rate D <-> Y: 0.478668
rate D <-> V: 0.322581
rate C <-> Q: 0.093652
rate C <-> E: 0.052029
rate C <-> G: 0.613944
rate C <-> H: 0.718002
rate C <-> I: 0.176899
rate C <-> L: 0.239334
rate C <-> K: 0.072841
rate C <-> M: 0.322581
rate C <-> F: 0.811655
rate C <-> P: 0.145682
rate C <-> S: 2.320499
rate C <-> T: 0.437045
rate C <-> W: 1.196670
rate C <-> Y: 2.174818
rate C <-> V: 0.645161
rate Q <-> E: 3.361082
rate Q <-> G: 0.270552
rate Q <-> H: 6.212279
rate Q <-> I: 0.093652
rate Q <-> L: 0.749220
rate Q <-> K: 3.038502
rate Q <-> M: 0.447451
rate Q <-> F: 0.041623
rate Q <-> P: 1.706556
rate Q <-> S: 0.551509
rate Q <-> T: 0.530697
rate Q <-> W: 0.187305
rate Q <-> Y: 0.249740
rate Q <-> V: 0.208117
rate E <-> G: 1.238293
rate E <-> H: 0.270552
rate E <-> I: 0.124870
rate E <-> L: 0.093652
rate E <-> K: 1.883455
rate E <-> M: 0.187305
rate E <-> F: 0.052029
rate E <-> P: 0.187305
rate E <-> S: 0.312175
rate E <-> T: 0.332986
rate E <-> W: 0.104058
rate E <-> Y: 0.072841
rate E <-> V: 0.468262
rate G <-> H: 0.239334
rate G <-> I: 0.062435
rate G <-> L: 0.062435
rate G <-> K: 0.280957
rate G <-> M: 0.145682
rate G <-> F: 0.052029
rate G <-> P: 0.249740
rate G <-> S: 2.091571
rate G <-> T: 0.343392
rate G <-> W: 0.572320
rate G <-> Y: 0.083247
rate G <-> V: 0.489074
rate H <-> I: 0.166493
rate H <-> L: 0.582726
rate H <-> K: 0.468262
rate H <-> M: 0.343392
rate H <-> F: 0.416233
rate H <-> P: 1.196670
rate H <-> S: 0.759625
rate H <-> T: 0.478668
rate H <-> W: 0.083247
rate H <-> Y: 5.962539
rate H <-> V: 0.114464
rate I <-> L: 2.382934
rate I <-> K: 0.218522
rate I <-> M: 4.984391
rate I <-> F: 0.926119
rate I <-> P: 0.104058
rate I <-> S: 0.416233
rate I <-> T: 2.549428
rate I <-> W: 0.093652
rate I <-> Y: 0.332986
rate I <-> V: 10.000000
rate L <-> K: 0.145682
rate L <-> M: 4.037461
rate L <-> F: 2.580645
rate L <-> P: 1.061394
rate L <-> S: 0.613944
rate L <-> T: 0.260146
rate L <-> W: 0.541103
rate L <-> Y: 0.249740
rate L <-> V: 1.873049
rate K <-> M: 0.676379
rate K <-> F: 0.041623
rate K <-> P: 0.218522
rate K <-> S: 0.489074
rate K <-> T: 1.071800
rate K <-> W: 0.104058
rate K <-> Y: 0.083247
rate K <-> V: 0.145682
rate M <-> F: 0.447451
rate M <-> P: 0.166493
rate M <-> S: 0.301769
rate M <-> T: 2.351717
rate M <-> W: 0.249740
rate M <-> Y: 0.187305
rate M <-> V: 3.361082
rate F <-> P: 0.176899
rate F <-> S: 0.957336
rate F <-> T: 0.124870
rate F <-> W: 0.551509
rate F <-> Y: 5.577523
rate F <-> V: 0.645161
rate P <-> S: 2.965661
rate P <-> T: 1.227888
rate P <-> W: 0.062435
rate P <-> Y: 0.104058
rate P <-> V: 0.239334
rate S <-> T: 4.963580
rate S <-> W: 0.364204
rate S <-> Y: 0.655567
rate S <-> V: 0.395421
rate T <-> W: 0.124870
rate T <-> Y: 0.218522
rate T <-> V: 1.165453
rate W <-> Y: 0.738814
rate W <-> V: 0.260146
rate Y <-> V: 0.166493

freq pi(A): 0.076748
freq pi(R): 0.051691
freq pi(N): 0.042645
freq pi(D): 0.051544
freq pi(C): 0.019803
freq pi(Q): 0.040752
freq pi(E): 0.061830
freq pi(G): 0.073152
freq pi(H): 0.022944
freq pi(I): 0.053761
freq pi(L): 0.091904
freq pi(K): 0.058676
freq pi(M): 0.023826
freq pi(F): 0.040126
freq pi(P): 0.050901
freq pi(S): 0.068765
freq pi(T): 0.058565
freq pi(W): 0.014261
freq pi(Y): 0.032102
freq pi(V): 0.066004


ML search took 222.326498 secs or 0.061757 hours

Combined Bootstrap and ML search took 439.811838 secs or 0.122170 hours

Drawing Bootstrap Support Values on best-scoring ML tree ...



Found 1 tree in File /Users/prigozhin/Dropbox/NLRomes/Soy_NLRome/RAxML_tree_pbNB-ARC/Clade_Refinement_2/RAxML_bestTree.Int11409_395_471_R_144_154_R_45.Raxml.out



Found 1 tree in File /Users/prigozhin/Dropbox/NLRomes/Soy_NLRome/RAxML_tree_pbNB-ARC/Clade_Refinement_2/RAxML_bestTree.Int11409_395_471_R_144_154_R_45.Raxml.out

Program execution info written to /Users/prigozhin/Dropbox/NLRomes/Soy_NLRome/RAxML_tree_pbNB-ARC/Clade_Refinement_2/RAxML_info.Int11409_395_471_R_144_154_R_45.Raxml.out
All 100 bootstrapped trees written to: /Users/prigozhin/Dropbox/NLRomes/Soy_NLRome/RAxML_tree_pbNB-ARC/Clade_Refinement_2/RAxML_bootstrap.Int11409_395_471_R_144_154_R_45.Raxml.out

Best-scoring ML tree written to: /Users/prigozhin/Dropbox/NLRomes/Soy_NLRome/RAxML_tree_pbNB-ARC/Clade_Refinement_2/RAxML_bestTree.Int11409_395_471_R_144_154_R_45.Raxml.out

Best-scoring ML tree with support values written to: /Users/prigozhin/Dropbox/NLRomes/Soy_NLRome/RAxML_tree_pbNB-ARC/Clade_Refinement_2/RAxML_bipartitions.Int11409_395_471_R_144_154_R_45.Raxml.out

Best-scoring ML tree with support values as branch labels written to: /Users/prigozhin/Dropbox/NLRomes/Soy_NLRome/RAxML_tree_pbNB-ARC/Clade_Refinement_2/RAxML_bipartitionsBranchLabels.Int11409_395_471_R_144_154_R_45.Raxml.out

Overall execution time for full ML analysis: 439.827881 secs or 0.122174 hours or 0.005091 days

