(GWHPACEH076938,(GLYMA_ZH13_19G049500_1_P,(GWHPACED073385,((((((((GWHPACDZ075278,GWHPACEU077387),GWHPACEL073072),GWHPACES076997),GWHPACEQ071796),GWHPACET077786),GWHPACEC072064),GLYMA_19G054700_1),GLYMA_19G054700_11))),GWHPACEG076063);
(GWHPACEH076938,(GLYMA_ZH13_19G049500_1_P,(GWHPACED073385,((((((((GWHPACDZ075278,GWHPACEU077387),GWHPACEL073072),GWHPACES076997),GWHPACEQ071796),GWHPACET077786),GWHPACEC072064),GLYMA_19G054700_1),GLYMA_19G054700_11))),GWHPACEG076063);
(GWHPACEH076938,(GLYMA_ZH13_19G049500_1_P,(GWHPACED073385,((((((((GWHPACDZ075278,GWHPACEU077387),GWHPACEL073072),GWHPACES076997),GWHPACEQ071796),GWHPACET077786),GWHPACEC072064),GLYMA_19G054700_1),GLYMA_19G054700_11))),GWHPACEG076063);
(GWHPACEH076938,(GLYMA_ZH13_19G049500_1_P,(GWHPACED073385,((((((((GWHPACDZ075278,GWHPACEU077387),GWHPACEL073072),GWHPACES076997),GWHPACEQ071796),GWHPACET077786),GWHPACEC072064),GLYMA_19G054700_1),GLYMA_19G054700_11))),GWHPACEG076063);
(GWHPACEH076938,(GLYMA_ZH13_19G049500_1_P,(GWHPACED073385,((((((((GWHPACDZ075278,GWHPACEU077387),GWHPACEL073072),GWHPACES076997),GWHPACEQ071796),GWHPACET077786),GWHPACEC072064),GLYMA_19G054700_1),GLYMA_19G054700_11))),GWHPACEG076063);
(GWHPACEH076938,(GLYMA_ZH13_19G049500_1_P,(GWHPACED073385,((((((((GWHPACDZ075278,GWHPACEU077387),GWHPACEL073072),GWHPACES076997),GWHPACEQ071796),GWHPACET077786),GWHPACEC072064),GLYMA_19G054700_1),GLYMA_19G054700_11))),GWHPACEG076063);
(GWHPACEH076938,(GLYMA_ZH13_19G049500_1_P,(GWHPACED073385,((((((((GWHPACDZ075278,GWHPACEU077387),GWHPACEL073072),GWHPACES076997),GWHPACEQ071796),GWHPACET077786),GWHPACEC072064),GLYMA_19G054700_1),GLYMA_19G054700_11))),GWHPACEG076063);
(GWHPACEH076938,(GLYMA_ZH13_19G049500_1_P,(GWHPACED073385,((((((((GWHPACDZ075278,GWHPACEU077387),GWHPACEL073072),GWHPACES076997),GWHPACEQ071796),GWHPACET077786),GWHPACEC072064),GLYMA_19G054700_1),GLYMA_19G054700_11))),GWHPACEG076063);
(GWHPACEH076938,(GLYMA_ZH13_19G049500_1_P,(GWHPACED073385,((((((((GWHPACDZ075278,GWHPACEU077387),GWHPACEL073072),GWHPACES076997),GWHPACEQ071796),GWHPACET077786),GWHPACEC072064),GLYMA_19G054700_1),GLYMA_19G054700_11))),GWHPACEG076063);
(GWHPACEH076938,(GLYMA_ZH13_19G049500_1_P,(GWHPACED073385,((((((((GWHPACDZ075278,GWHPACEU077387),GWHPACEL073072),GWHPACES076997),GWHPACEQ071796),GWHPACET077786),GWHPACEC072064),GLYMA_19G054700_1),GLYMA_19G054700_11))),GWHPACEG076063);
(GWHPACEH076938,((((((((((GWHPACES076997,GWHPACEL073072),GWHPACEC072064),GWHPACEU077387),GLYMA_19G054700_1),GLYMA_19G054700_11),GWHPACEQ071796),GWHPACET077786),GWHPACDZ075278),GWHPACED073385),GLYMA_ZH13_19G049500_1_P),GWHPACEG076063);
(GWHPACEH076938,((((((((((GWHPACES076997,GWHPACEL073072),GWHPACEC072064),GWHPACEU077387),GLYMA_19G054700_1),GLYMA_19G054700_11),GWHPACEQ071796),GWHPACET077786),GWHPACDZ075278),GWHPACED073385),GLYMA_ZH13_19G049500_1_P),GWHPACEG076063);
(GWHPACEH076938,((((((((((GWHPACES076997,GWHPACEL073072),GWHPACEC072064),GWHPACEU077387),GLYMA_19G054700_1),GLYMA_19G054700_11),GWHPACEQ071796),GWHPACET077786),GWHPACDZ075278),GWHPACED073385),GLYMA_ZH13_19G049500_1_P),GWHPACEG076063);
(GWHPACEH076938,((((((((((GWHPACES076997,GWHPACEL073072),GWHPACEC072064),GWHPACEU077387),GLYMA_19G054700_1),GLYMA_19G054700_11),GWHPACEQ071796),GWHPACET077786),GWHPACDZ075278),GWHPACED073385),GLYMA_ZH13_19G049500_1_P),GWHPACEG076063);
(GWHPACEH076938,((((((((((GWHPACES076997,GWHPACEL073072),GWHPACEC072064),GWHPACEU077387),GLYMA_19G054700_1),GLYMA_19G054700_11),GWHPACEQ071796),GWHPACET077786),GWHPACDZ075278),GWHPACED073385),GLYMA_ZH13_19G049500_1_P),GWHPACEG076063);
(GWHPACEH076938,((((((((((GWHPACES076997,GWHPACEL073072),GWHPACEC072064),GWHPACEU077387),GLYMA_19G054700_1),GLYMA_19G054700_11),GWHPACEQ071796),GWHPACET077786),GWHPACDZ075278),GWHPACED073385),GLYMA_ZH13_19G049500_1_P),GWHPACEG076063);
(GWHPACEH076938,((((((((((GWHPACES076997,GWHPACEL073072),GWHPACEC072064),GWHPACEU077387),GLYMA_19G054700_1),GLYMA_19G054700_11),GWHPACEQ071796),GWHPACET077786),GWHPACDZ075278),GWHPACED073385),GLYMA_ZH13_19G049500_1_P),GWHPACEG076063);
(GWHPACEH076938,((((((((((GWHPACES076997,GWHPACEL073072),GWHPACEC072064),GWHPACEU077387),GLYMA_19G054700_1),GLYMA_19G054700_11),GWHPACEQ071796),GWHPACET077786),GWHPACDZ075278),GWHPACED073385),GLYMA_ZH13_19G049500_1_P),GWHPACEG076063);
(GWHPACEH076938,((((((((((GWHPACES076997,GWHPACEL073072),GWHPACEC072064),GWHPACEU077387),GLYMA_19G054700_1),GLYMA_19G054700_11),GWHPACEQ071796),GWHPACET077786),GWHPACDZ075278),GWHPACED073385),GLYMA_ZH13_19G049500_1_P),GWHPACEG076063);
(GWHPACEH076938,((((((((((GWHPACES076997,GWHPACEL073072),GWHPACEC072064),GWHPACEU077387),GLYMA_19G054700_1),GLYMA_19G054700_11),GWHPACEQ071796),GWHPACET077786),GWHPACDZ075278),GWHPACED073385),GLYMA_ZH13_19G049500_1_P),GWHPACEG076063);
(GWHPACEH076938,(GLYMA_ZH13_19G049500_1_P,(GWHPACED073385,(GWHPACDZ075278,(GWHPACEL073072,(GWHPACES076997,(GWHPACET077786,(GWHPACEQ071796,(GWHPACEU077387,(GLYMA_19G054700_1,(GLYMA_19G054700_11,GWHPACEC072064)))))))))),GWHPACEG076063);
(GWHPACEH076938,(GLYMA_ZH13_19G049500_1_P,(GWHPACED073385,(GWHPACDZ075278,(GWHPACEL073072,(GWHPACES076997,(GWHPACET077786,(GWHPACEQ071796,(GWHPACEU077387,(GLYMA_19G054700_1,(GLYMA_19G054700_11,GWHPACEC072064)))))))))),GWHPACEG076063);
(GWHPACEH076938,(GLYMA_ZH13_19G049500_1_P,(GWHPACED073385,(GWHPACDZ075278,(GWHPACEL073072,(GWHPACES076997,(GWHPACET077786,(GWHPACEQ071796,(GWHPACEU077387,(GLYMA_19G054700_1,(GLYMA_19G054700_11,GWHPACEC072064)))))))))),GWHPACEG076063);
(GWHPACEH076938,(GLYMA_ZH13_19G049500_1_P,(GWHPACED073385,(GWHPACDZ075278,(GWHPACEL073072,(GWHPACES076997,(GWHPACET077786,(GWHPACEQ071796,(GWHPACEU077387,(GLYMA_19G054700_1,(GLYMA_19G054700_11,GWHPACEC072064)))))))))),GWHPACEG076063);
(GWHPACEH076938,(GLYMA_ZH13_19G049500_1_P,(GWHPACED073385,(GWHPACDZ075278,(GWHPACEL073072,(GWHPACES076997,(GWHPACET077786,(GWHPACEQ071796,(GWHPACEU077387,(GLYMA_19G054700_1,(GLYMA_19G054700_11,GWHPACEC072064)))))))))),GWHPACEG076063);
(GWHPACEH076938,(GLYMA_ZH13_19G049500_1_P,(GWHPACED073385,(GWHPACDZ075278,(GWHPACEL073072,(GWHPACES076997,(GWHPACET077786,(GWHPACEQ071796,(GWHPACEU077387,(GLYMA_19G054700_1,(GLYMA_19G054700_11,GWHPACEC072064)))))))))),GWHPACEG076063);
(GWHPACEH076938,(GLYMA_ZH13_19G049500_1_P,(GWHPACED073385,(GWHPACDZ075278,(GWHPACEL073072,(GWHPACES076997,(GWHPACET077786,(GWHPACEQ071796,(GWHPACEU077387,(GLYMA_19G054700_1,(GLYMA_19G054700_11,GWHPACEC072064)))))))))),GWHPACEG076063);
(GWHPACEH076938,(GLYMA_ZH13_19G049500_1_P,(GWHPACED073385,(GWHPACDZ075278,(GWHPACEL073072,(GWHPACES076997,(GWHPACET077786,(GWHPACEQ071796,(GWHPACEU077387,(GLYMA_19G054700_1,(GLYMA_19G054700_11,GWHPACEC072064)))))))))),GWHPACEG076063);
(GWHPACEH076938,(GLYMA_ZH13_19G049500_1_P,(GWHPACED073385,(GWHPACDZ075278,(GWHPACEL073072,(GWHPACES076997,(GWHPACET077786,(GWHPACEQ071796,(GWHPACEU077387,(GLYMA_19G054700_1,(GLYMA_19G054700_11,GWHPACEC072064)))))))))),GWHPACEG076063);
(GWHPACEH076938,(GLYMA_ZH13_19G049500_1_P,(GWHPACED073385,(GWHPACDZ075278,(GWHPACEL073072,(GWHPACES076997,(GWHPACET077786,(GWHPACEQ071796,(GWHPACEU077387,(GLYMA_19G054700_1,(GLYMA_19G054700_11,GWHPACEC072064)))))))))),GWHPACEG076063);
(GWHPACEH076938,(GLYMA_ZH13_19G049500_1_P,(GWHPACES076997,(GLYMA_19G054700_1,(GLYMA_19G054700_11,(GWHPACEQ071796,(GWHPACEU077387,(GWHPACDZ075278,(GWHPACEL073072,(GWHPACET077786,(GWHPACEC072064,GWHPACED073385)))))))))),GWHPACEG076063);
(GWHPACEH076938,(GLYMA_ZH13_19G049500_1_P,(GWHPACES076997,(GLYMA_19G054700_1,(GLYMA_19G054700_11,(GWHPACEQ071796,(GWHPACEU077387,(GWHPACDZ075278,(GWHPACEL073072,(GWHPACET077786,(GWHPACEC072064,GWHPACED073385)))))))))),GWHPACEG076063);
(GWHPACEH076938,(GLYMA_ZH13_19G049500_1_P,(GWHPACES076997,(GLYMA_19G054700_1,(GLYMA_19G054700_11,(GWHPACEQ071796,(GWHPACEU077387,(GWHPACDZ075278,(GWHPACEL073072,(GWHPACET077786,(GWHPACEC072064,GWHPACED073385)))))))))),GWHPACEG076063);
(GWHPACEH076938,(GLYMA_ZH13_19G049500_1_P,(GWHPACES076997,(GLYMA_19G054700_1,(GLYMA_19G054700_11,(GWHPACEQ071796,(GWHPACEU077387,(GWHPACDZ075278,(GWHPACEL073072,(GWHPACET077786,(GWHPACEC072064,GWHPACED073385)))))))))),GWHPACEG076063);
(GWHPACEH076938,(GLYMA_ZH13_19G049500_1_P,(GWHPACES076997,(GLYMA_19G054700_1,(GLYMA_19G054700_11,(GWHPACEQ071796,(GWHPACEU077387,(GWHPACDZ075278,(GWHPACEL073072,(GWHPACET077786,(GWHPACEC072064,GWHPACED073385)))))))))),GWHPACEG076063);
(GWHPACEH076938,(GLYMA_ZH13_19G049500_1_P,(GWHPACES076997,(GLYMA_19G054700_1,(GLYMA_19G054700_11,(GWHPACEQ071796,(GWHPACEU077387,(GWHPACDZ075278,(GWHPACEL073072,(GWHPACET077786,(GWHPACEC072064,GWHPACED073385)))))))))),GWHPACEG076063);
(GWHPACEH076938,(GLYMA_ZH13_19G049500_1_P,(GWHPACES076997,(GLYMA_19G054700_1,(GLYMA_19G054700_11,(GWHPACEQ071796,(GWHPACEU077387,(GWHPACDZ075278,(GWHPACEL073072,(GWHPACET077786,(GWHPACEC072064,GWHPACED073385)))))))))),GWHPACEG076063);
(GWHPACEH076938,(GLYMA_ZH13_19G049500_1_P,(GWHPACES076997,(GLYMA_19G054700_1,(GLYMA_19G054700_11,(GWHPACEQ071796,(GWHPACEU077387,(GWHPACDZ075278,(GWHPACEL073072,(GWHPACET077786,(GWHPACEC072064,GWHPACED073385)))))))))),GWHPACEG076063);
(GWHPACEH076938,(GLYMA_ZH13_19G049500_1_P,(GWHPACES076997,(GLYMA_19G054700_1,(GLYMA_19G054700_11,(GWHPACEQ071796,(GWHPACEU077387,(GWHPACDZ075278,(GWHPACEL073072,(GWHPACET077786,(GWHPACEC072064,GWHPACED073385)))))))))),GWHPACEG076063);
(GWHPACEH076938,(GLYMA_ZH13_19G049500_1_P,(GWHPACES076997,(GLYMA_19G054700_1,(GLYMA_19G054700_11,(GWHPACEQ071796,(GWHPACEU077387,(GWHPACDZ075278,(GWHPACEL073072,(GWHPACET077786,(GWHPACEC072064,GWHPACED073385)))))))))),GWHPACEG076063);
((((GWHPACEU077387,GLYMA_19G054700_11),(((((((GLYMA_19G054700_1,GWHPACEL073072),GWHPACET077786),GWHPACEC072064),GWHPACEQ071796),GWHPACED073385),GWHPACES076997),GWHPACDZ075278)),GLYMA_ZH13_19G049500_1_P),GWHPACEH076938,GWHPACEG076063);
((((GWHPACEU077387,GLYMA_19G054700_11),(((((((GLYMA_19G054700_1,GWHPACEL073072),GWHPACET077786),GWHPACEC072064),GWHPACEQ071796),GWHPACED073385),GWHPACES076997),GWHPACDZ075278)),GLYMA_ZH13_19G049500_1_P),GWHPACEH076938,GWHPACEG076063);
((((GWHPACEU077387,GLYMA_19G054700_11),(((((((GLYMA_19G054700_1,GWHPACEL073072),GWHPACET077786),GWHPACEC072064),GWHPACEQ071796),GWHPACED073385),GWHPACES076997),GWHPACDZ075278)),GLYMA_ZH13_19G049500_1_P),GWHPACEH076938,GWHPACEG076063);
((((GWHPACEU077387,GLYMA_19G054700_11),(((((((GLYMA_19G054700_1,GWHPACEL073072),GWHPACET077786),GWHPACEC072064),GWHPACEQ071796),GWHPACED073385),GWHPACES076997),GWHPACDZ075278)),GLYMA_ZH13_19G049500_1_P),GWHPACEH076938,GWHPACEG076063);
((((GWHPACEU077387,GLYMA_19G054700_11),(((((((GLYMA_19G054700_1,GWHPACEL073072),GWHPACET077786),GWHPACEC072064),GWHPACEQ071796),GWHPACED073385),GWHPACES076997),GWHPACDZ075278)),GLYMA_ZH13_19G049500_1_P),GWHPACEH076938,GWHPACEG076063);
((((GWHPACEU077387,GLYMA_19G054700_11),(((((((GLYMA_19G054700_1,GWHPACEL073072),GWHPACET077786),GWHPACEC072064),GWHPACEQ071796),GWHPACED073385),GWHPACES076997),GWHPACDZ075278)),GLYMA_ZH13_19G049500_1_P),GWHPACEH076938,GWHPACEG076063);
((((GWHPACEU077387,GLYMA_19G054700_11),(((((((GLYMA_19G054700_1,GWHPACEL073072),GWHPACET077786),GWHPACEC072064),GWHPACEQ071796),GWHPACED073385),GWHPACES076997),GWHPACDZ075278)),GLYMA_ZH13_19G049500_1_P),GWHPACEH076938,GWHPACEG076063);
((((GWHPACEU077387,GLYMA_19G054700_11),(((((((GLYMA_19G054700_1,GWHPACEL073072),GWHPACET077786),GWHPACEC072064),GWHPACEQ071796),GWHPACED073385),GWHPACES076997),GWHPACDZ075278)),GLYMA_ZH13_19G049500_1_P),GWHPACEH076938,GWHPACEG076063);
((((GWHPACEU077387,GLYMA_19G054700_11),(((((((GLYMA_19G054700_1,GWHPACEL073072),GWHPACET077786),GWHPACEC072064),GWHPACEQ071796),GWHPACED073385),GWHPACES076997),GWHPACDZ075278)),GLYMA_ZH13_19G049500_1_P),GWHPACEH076938,GWHPACEG076063);
((((GWHPACEU077387,GLYMA_19G054700_11),(((((((GLYMA_19G054700_1,GWHPACEL073072),GWHPACET077786),GWHPACEC072064),GWHPACEQ071796),GWHPACED073385),GWHPACES076997),GWHPACDZ075278)),GLYMA_ZH13_19G049500_1_P),GWHPACEH076938,GWHPACEG076063);
((GLYMA_ZH13_19G049500_1_P,(GWHPACES076997,(GWHPACEL073072,(GWHPACET077786,(GWHPACEU077387,(GWHPACEQ071796,(GWHPACED073385,(GWHPACEC072064,(GLYMA_19G054700_1,(GLYMA_19G054700_11,GWHPACDZ075278)))))))))),GWHPACEH076938,GWHPACEG076063);
((GLYMA_ZH13_19G049500_1_P,(GWHPACES076997,(GWHPACEL073072,(GWHPACET077786,(GWHPACEU077387,(GWHPACEQ071796,(GWHPACED073385,(GWHPACEC072064,(GLYMA_19G054700_1,(GLYMA_19G054700_11,GWHPACDZ075278)))))))))),GWHPACEH076938,GWHPACEG076063);
((GLYMA_ZH13_19G049500_1_P,(GWHPACES076997,(GWHPACEL073072,(GWHPACET077786,(GWHPACEU077387,(GWHPACEQ071796,(GWHPACED073385,(GWHPACEC072064,(GLYMA_19G054700_1,(GLYMA_19G054700_11,GWHPACDZ075278)))))))))),GWHPACEH076938,GWHPACEG076063);
((GLYMA_ZH13_19G049500_1_P,(GWHPACES076997,(GWHPACEL073072,(GWHPACET077786,(GWHPACEU077387,(GWHPACEQ071796,(GWHPACED073385,(GWHPACEC072064,(GLYMA_19G054700_1,(GLYMA_19G054700_11,GWHPACDZ075278)))))))))),GWHPACEH076938,GWHPACEG076063);
((GLYMA_ZH13_19G049500_1_P,(GWHPACES076997,(GWHPACEL073072,(GWHPACET077786,(GWHPACEU077387,(GWHPACEQ071796,(GWHPACED073385,(GWHPACEC072064,(GLYMA_19G054700_1,(GLYMA_19G054700_11,GWHPACDZ075278)))))))))),GWHPACEH076938,GWHPACEG076063);
((GLYMA_ZH13_19G049500_1_P,(GWHPACES076997,(GWHPACEL073072,(GWHPACET077786,(GWHPACEU077387,(GWHPACEQ071796,(GWHPACED073385,(GWHPACEC072064,(GLYMA_19G054700_1,(GLYMA_19G054700_11,GWHPACDZ075278)))))))))),GWHPACEH076938,GWHPACEG076063);
((GLYMA_ZH13_19G049500_1_P,(GWHPACES076997,(GWHPACEL073072,(GWHPACET077786,(GWHPACEU077387,(GWHPACEQ071796,(GWHPACED073385,(GWHPACEC072064,(GLYMA_19G054700_1,(GLYMA_19G054700_11,GWHPACDZ075278)))))))))),GWHPACEH076938,GWHPACEG076063);
((GLYMA_ZH13_19G049500_1_P,(GWHPACES076997,(GWHPACEL073072,(GWHPACET077786,(GWHPACEU077387,(GWHPACEQ071796,(GWHPACED073385,(GWHPACEC072064,(GLYMA_19G054700_1,(GLYMA_19G054700_11,GWHPACDZ075278)))))))))),GWHPACEH076938,GWHPACEG076063);
((GLYMA_ZH13_19G049500_1_P,(GWHPACES076997,(GWHPACEL073072,(GWHPACET077786,(GWHPACEU077387,(GWHPACEQ071796,(GWHPACED073385,(GWHPACEC072064,(GLYMA_19G054700_1,(GLYMA_19G054700_11,GWHPACDZ075278)))))))))),GWHPACEH076938,GWHPACEG076063);
((GLYMA_ZH13_19G049500_1_P,(GWHPACES076997,(GWHPACEL073072,(GWHPACET077786,(GWHPACEU077387,(GWHPACEQ071796,(GWHPACED073385,(GWHPACEC072064,(GLYMA_19G054700_1,(GLYMA_19G054700_11,GWHPACDZ075278)))))))))),GWHPACEH076938,GWHPACEG076063);
(GWHPACEH076938,((GWHPACEL073072,((((((((GWHPACEU077387,GWHPACES076997),GWHPACDZ075278),GWHPACED073385),GWHPACEC072064),GWHPACET077786),GLYMA_19G054700_11),GWHPACEQ071796),GLYMA_19G054700_1)),GLYMA_ZH13_19G049500_1_P),GWHPACEG076063);
(GWHPACEH076938,((GWHPACEL073072,((((((((GWHPACEU077387,GWHPACES076997),GWHPACDZ075278),GWHPACED073385),GWHPACEC072064),GWHPACET077786),GLYMA_19G054700_11),GWHPACEQ071796),GLYMA_19G054700_1)),GLYMA_ZH13_19G049500_1_P),GWHPACEG076063);
(GWHPACEH076938,((GWHPACEL073072,((((((((GWHPACEU077387,GWHPACES076997),GWHPACDZ075278),GWHPACED073385),GWHPACEC072064),GWHPACET077786),GLYMA_19G054700_11),GWHPACEQ071796),GLYMA_19G054700_1)),GLYMA_ZH13_19G049500_1_P),GWHPACEG076063);
(GWHPACEH076938,((GWHPACEL073072,((((((((GWHPACEU077387,GWHPACES076997),GWHPACDZ075278),GWHPACED073385),GWHPACEC072064),GWHPACET077786),GLYMA_19G054700_11),GWHPACEQ071796),GLYMA_19G054700_1)),GLYMA_ZH13_19G049500_1_P),GWHPACEG076063);
(GWHPACEH076938,((GWHPACEL073072,((((((((GWHPACEU077387,GWHPACES076997),GWHPACDZ075278),GWHPACED073385),GWHPACEC072064),GWHPACET077786),GLYMA_19G054700_11),GWHPACEQ071796),GLYMA_19G054700_1)),GLYMA_ZH13_19G049500_1_P),GWHPACEG076063);
(GWHPACEH076938,((GWHPACEL073072,((((((((GWHPACEU077387,GWHPACES076997),GWHPACDZ075278),GWHPACED073385),GWHPACEC072064),GWHPACET077786),GLYMA_19G054700_11),GWHPACEQ071796),GLYMA_19G054700_1)),GLYMA_ZH13_19G049500_1_P),GWHPACEG076063);
(GWHPACEH076938,((GWHPACEL073072,((((((((GWHPACEU077387,GWHPACES076997),GWHPACDZ075278),GWHPACED073385),GWHPACEC072064),GWHPACET077786),GLYMA_19G054700_11),GWHPACEQ071796),GLYMA_19G054700_1)),GLYMA_ZH13_19G049500_1_P),GWHPACEG076063);
(GWHPACEH076938,((GWHPACEL073072,((((((((GWHPACEU077387,GWHPACES076997),GWHPACDZ075278),GWHPACED073385),GWHPACEC072064),GWHPACET077786),GLYMA_19G054700_11),GWHPACEQ071796),GLYMA_19G054700_1)),GLYMA_ZH13_19G049500_1_P),GWHPACEG076063);
(GWHPACEH076938,((GWHPACEL073072,((((((((GWHPACEU077387,GWHPACES076997),GWHPACDZ075278),GWHPACED073385),GWHPACEC072064),GWHPACET077786),GLYMA_19G054700_11),GWHPACEQ071796),GLYMA_19G054700_1)),GLYMA_ZH13_19G049500_1_P),GWHPACEG076063);
(GWHPACEH076938,((GWHPACEL073072,((((((((GWHPACEU077387,GWHPACES076997),GWHPACDZ075278),GWHPACED073385),GWHPACEC072064),GWHPACET077786),GLYMA_19G054700_11),GWHPACEQ071796),GLYMA_19G054700_1)),GLYMA_ZH13_19G049500_1_P),GWHPACEG076063);
(GWHPACEH076938,((((((((((GWHPACED073385,GLYMA_19G054700_11),GWHPACEU077387),GWHPACEL073072),GWHPACES076997),GWHPACEC072064),GWHPACEQ071796),GWHPACDZ075278),GLYMA_19G054700_1),GWHPACET077786),GLYMA_ZH13_19G049500_1_P),GWHPACEG076063);
(GWHPACEH076938,((((((((((GWHPACED073385,GLYMA_19G054700_11),GWHPACEU077387),GWHPACEL073072),GWHPACES076997),GWHPACEC072064),GWHPACEQ071796),GWHPACDZ075278),GLYMA_19G054700_1),GWHPACET077786),GLYMA_ZH13_19G049500_1_P),GWHPACEG076063);
(GWHPACEH076938,((((((((((GWHPACED073385,GLYMA_19G054700_11),GWHPACEU077387),GWHPACEL073072),GWHPACES076997),GWHPACEC072064),GWHPACEQ071796),GWHPACDZ075278),GLYMA_19G054700_1),GWHPACET077786),GLYMA_ZH13_19G049500_1_P),GWHPACEG076063);
(GWHPACEH076938,((((((((((GWHPACED073385,GLYMA_19G054700_11),GWHPACEU077387),GWHPACEL073072),GWHPACES076997),GWHPACEC072064),GWHPACEQ071796),GWHPACDZ075278),GLYMA_19G054700_1),GWHPACET077786),GLYMA_ZH13_19G049500_1_P),GWHPACEG076063);
(GWHPACEH076938,((((((((((GWHPACED073385,GLYMA_19G054700_11),GWHPACEU077387),GWHPACEL073072),GWHPACES076997),GWHPACEC072064),GWHPACEQ071796),GWHPACDZ075278),GLYMA_19G054700_1),GWHPACET077786),GLYMA_ZH13_19G049500_1_P),GWHPACEG076063);
(GWHPACEH076938,((((((((((GWHPACED073385,GLYMA_19G054700_11),GWHPACEU077387),GWHPACEL073072),GWHPACES076997),GWHPACEC072064),GWHPACEQ071796),GWHPACDZ075278),GLYMA_19G054700_1),GWHPACET077786),GLYMA_ZH13_19G049500_1_P),GWHPACEG076063);
(GWHPACEH076938,((((((((((GWHPACED073385,GLYMA_19G054700_11),GWHPACEU077387),GWHPACEL073072),GWHPACES076997),GWHPACEC072064),GWHPACEQ071796),GWHPACDZ075278),GLYMA_19G054700_1),GWHPACET077786),GLYMA_ZH13_19G049500_1_P),GWHPACEG076063);
(GWHPACEH076938,((((((((((GWHPACED073385,GLYMA_19G054700_11),GWHPACEU077387),GWHPACEL073072),GWHPACES076997),GWHPACEC072064),GWHPACEQ071796),GWHPACDZ075278),GLYMA_19G054700_1),GWHPACET077786),GLYMA_ZH13_19G049500_1_P),GWHPACEG076063);
(GWHPACEH076938,((((((((((GWHPACED073385,GLYMA_19G054700_11),GWHPACEU077387),GWHPACEL073072),GWHPACES076997),GWHPACEC072064),GWHPACEQ071796),GWHPACDZ075278),GLYMA_19G054700_1),GWHPACET077786),GLYMA_ZH13_19G049500_1_P),GWHPACEG076063);
(GWHPACEH076938,((((((((((GWHPACED073385,GLYMA_19G054700_11),GWHPACEU077387),GWHPACEL073072),GWHPACES076997),GWHPACEC072064),GWHPACEQ071796),GWHPACDZ075278),GLYMA_19G054700_1),GWHPACET077786),GLYMA_ZH13_19G049500_1_P),GWHPACEG076063);
(GWHPACEH076938,((GLYMA_19G054700_1,((((((((GWHPACET077786,GLYMA_19G054700_11),GWHPACDZ075278),GWHPACEQ071796),GWHPACED073385),GWHPACEU077387),GWHPACEC072064),GWHPACES076997),GWHPACEL073072)),GLYMA_ZH13_19G049500_1_P),GWHPACEG076063);
(GWHPACEH076938,((GLYMA_19G054700_1,((((((((GWHPACET077786,GLYMA_19G054700_11),GWHPACDZ075278),GWHPACEQ071796),GWHPACED073385),GWHPACEU077387),GWHPACEC072064),GWHPACES076997),GWHPACEL073072)),GLYMA_ZH13_19G049500_1_P),GWHPACEG076063);
(GWHPACEH076938,((GLYMA_19G054700_1,((((((((GWHPACET077786,GLYMA_19G054700_11),GWHPACDZ075278),GWHPACEQ071796),GWHPACED073385),GWHPACEU077387),GWHPACEC072064),GWHPACES076997),GWHPACEL073072)),GLYMA_ZH13_19G049500_1_P),GWHPACEG076063);
(GWHPACEH076938,((GLYMA_19G054700_1,((((((((GWHPACET077786,GLYMA_19G054700_11),GWHPACDZ075278),GWHPACEQ071796),GWHPACED073385),GWHPACEU077387),GWHPACEC072064),GWHPACES076997),GWHPACEL073072)),GLYMA_ZH13_19G049500_1_P),GWHPACEG076063);
(GWHPACEH076938,((GLYMA_19G054700_1,((((((((GWHPACET077786,GLYMA_19G054700_11),GWHPACDZ075278),GWHPACEQ071796),GWHPACED073385),GWHPACEU077387),GWHPACEC072064),GWHPACES076997),GWHPACEL073072)),GLYMA_ZH13_19G049500_1_P),GWHPACEG076063);
(GWHPACEH076938,((GLYMA_19G054700_1,((((((((GWHPACET077786,GLYMA_19G054700_11),GWHPACDZ075278),GWHPACEQ071796),GWHPACED073385),GWHPACEU077387),GWHPACEC072064),GWHPACES076997),GWHPACEL073072)),GLYMA_ZH13_19G049500_1_P),GWHPACEG076063);
(GWHPACEH076938,((GLYMA_19G054700_1,((((((((GWHPACET077786,GLYMA_19G054700_11),GWHPACDZ075278),GWHPACEQ071796),GWHPACED073385),GWHPACEU077387),GWHPACEC072064),GWHPACES076997),GWHPACEL073072)),GLYMA_ZH13_19G049500_1_P),GWHPACEG076063);
(GWHPACEH076938,((GLYMA_19G054700_1,((((((((GWHPACET077786,GLYMA_19G054700_11),GWHPACDZ075278),GWHPACEQ071796),GWHPACED073385),GWHPACEU077387),GWHPACEC072064),GWHPACES076997),GWHPACEL073072)),GLYMA_ZH13_19G049500_1_P),GWHPACEG076063);
(GWHPACEH076938,((GLYMA_19G054700_1,((((((((GWHPACET077786,GLYMA_19G054700_11),GWHPACDZ075278),GWHPACEQ071796),GWHPACED073385),GWHPACEU077387),GWHPACEC072064),GWHPACES076997),GWHPACEL073072)),GLYMA_ZH13_19G049500_1_P),GWHPACEG076063);
(GWHPACEH076938,((GLYMA_19G054700_1,((((((((GWHPACET077786,GLYMA_19G054700_11),GWHPACDZ075278),GWHPACEQ071796),GWHPACED073385),GWHPACEU077387),GWHPACEC072064),GWHPACES076997),GWHPACEL073072)),GLYMA_ZH13_19G049500_1_P),GWHPACEG076063);
((((GLYMA_19G054700_11,(GWHPACEU077387,(GWHPACED073385,(GWHPACEQ071796,GWHPACEL073072)))),((((GLYMA_19G054700_1,GWHPACDZ075278),GWHPACET077786),GWHPACES076997),GWHPACEC072064)),GLYMA_ZH13_19G049500_1_P),GWHPACEH076938,GWHPACEG076063);
((((GLYMA_19G054700_11,(GWHPACEU077387,(GWHPACED073385,(GWHPACEQ071796,GWHPACEL073072)))),((((GLYMA_19G054700_1,GWHPACDZ075278),GWHPACET077786),GWHPACES076997),GWHPACEC072064)),GLYMA_ZH13_19G049500_1_P),GWHPACEH076938,GWHPACEG076063);
((((GLYMA_19G054700_11,(GWHPACEU077387,(GWHPACED073385,(GWHPACEQ071796,GWHPACEL073072)))),((((GLYMA_19G054700_1,GWHPACDZ075278),GWHPACET077786),GWHPACES076997),GWHPACEC072064)),GLYMA_ZH13_19G049500_1_P),GWHPACEH076938,GWHPACEG076063);
((((GLYMA_19G054700_11,(GWHPACEU077387,(GWHPACED073385,(GWHPACEQ071796,GWHPACEL073072)))),((((GLYMA_19G054700_1,GWHPACDZ075278),GWHPACET077786),GWHPACES076997),GWHPACEC072064)),GLYMA_ZH13_19G049500_1_P),GWHPACEH076938,GWHPACEG076063);
((((GLYMA_19G054700_11,(GWHPACEU077387,(GWHPACED073385,(GWHPACEQ071796,GWHPACEL073072)))),((((GLYMA_19G054700_1,GWHPACDZ075278),GWHPACET077786),GWHPACES076997),GWHPACEC072064)),GLYMA_ZH13_19G049500_1_P),GWHPACEH076938,GWHPACEG076063);
((((GLYMA_19G054700_11,(GWHPACEU077387,(GWHPACED073385,(GWHPACEQ071796,GWHPACEL073072)))),((((GLYMA_19G054700_1,GWHPACDZ075278),GWHPACET077786),GWHPACES076997),GWHPACEC072064)),GLYMA_ZH13_19G049500_1_P),GWHPACEH076938,GWHPACEG076063);
((((GLYMA_19G054700_11,(GWHPACEU077387,(GWHPACED073385,(GWHPACEQ071796,GWHPACEL073072)))),((((GLYMA_19G054700_1,GWHPACDZ075278),GWHPACET077786),GWHPACES076997),GWHPACEC072064)),GLYMA_ZH13_19G049500_1_P),GWHPACEH076938,GWHPACEG076063);
((((GLYMA_19G054700_11,(GWHPACEU077387,(GWHPACED073385,(GWHPACEQ071796,GWHPACEL073072)))),((((GLYMA_19G054700_1,GWHPACDZ075278),GWHPACET077786),GWHPACES076997),GWHPACEC072064)),GLYMA_ZH13_19G049500_1_P),GWHPACEH076938,GWHPACEG076063);
((((GLYMA_19G054700_11,(GWHPACEU077387,(GWHPACED073385,(GWHPACEQ071796,GWHPACEL073072)))),((((GLYMA_19G054700_1,GWHPACDZ075278),GWHPACET077786),GWHPACES076997),GWHPACEC072064)),GLYMA_ZH13_19G049500_1_P),GWHPACEH076938,GWHPACEG076063);
((((GLYMA_19G054700_11,(GWHPACEU077387,(GWHPACED073385,(GWHPACEQ071796,GWHPACEL073072)))),((((GLYMA_19G054700_1,GWHPACDZ075278),GWHPACET077786),GWHPACES076997),GWHPACEC072064)),GLYMA_ZH13_19G049500_1_P),GWHPACEH076938,GWHPACEG076063);
