(GWHPACET024492,(GWHPACER022382,(GWHPACEK021885,(GWHPACEB022590,(GWHPACEU024270,(GWHPACEE024085,GLYMA_ZH13_06G247200_1_P))))),GWHPACEV022458);
(GWHPACET024492,(GWHPACER022382,(GWHPACEK021885,(GWHPACEB022590,(GWHPACEU024270,(GWHPACEE024085,GLYMA_ZH13_06G247200_1_P))))),GWHPACEV022458);
(GWHPACET024492,(GWHPACER022382,(GWHPACEK021885,(GWHPACEB022590,(GWHPACEU024270,(GWHPACEE024085,GLYMA_ZH13_06G247200_1_P))))),GWHPACEV022458);
(GWHPACET024492,(GWHPACER022382,(GWHPACEK021885,(GWHPACEB022590,(GWHPACEU024270,(GWHPACEE024085,GLYMA_ZH13_06G247200_1_P))))),GWHPACEV022458);
(GWHPACET024492,(GWHPACER022382,(GWHPACEK021885,(GWHPACEB022590,(GWHPACEU024270,(GWHPACEE024085,GLYMA_ZH13_06G247200_1_P))))),GWHPACEV022458);
(GWHPACET024492,(GWHPACER022382,(GWHPACEK021885,(GWHPACEB022590,(GWHPACEU024270,(GWHPACEE024085,GLYMA_ZH13_06G247200_1_P))))),GWHPACEV022458);
(GWHPACET024492,(GWHPACER022382,(GWHPACEK021885,(GWHPACEB022590,(GWHPACEU024270,(GWHPACEE024085,GLYMA_ZH13_06G247200_1_P))))),GWHPACEV022458);
(GWHPACET024492,(GWHPACER022382,(GWHPACEK021885,(GWHPACEB022590,(GWHPACEU024270,(GWHPACEE024085,GLYMA_ZH13_06G247200_1_P))))),GWHPACEV022458);
(GWHPACET024492,(GWHPACER022382,(GWHPACEK021885,(GWHPACEB022590,(GWHPACEU024270,(GWHPACEE024085,GLYMA_ZH13_06G247200_1_P))))),GWHPACEV022458);
(GWHPACET024492,(GWHPACER022382,(GWHPACEK021885,(GWHPACEB022590,(GWHPACEU024270,(GWHPACEE024085,GLYMA_ZH13_06G247200_1_P))))),GWHPACEV022458);
((GWHPACEK021885,(GWHPACER022382,GWHPACET024492)),(GWHPACEB022590,(GLYMA_ZH13_06G247200_1_P,(GWHPACEE024085,GWHPACEU024270))),GWHPACEV022458);
((GWHPACEK021885,(GWHPACER022382,GWHPACET024492)),(GWHPACEB022590,(GLYMA_ZH13_06G247200_1_P,(GWHPACEE024085,GWHPACEU024270))),GWHPACEV022458);
((GWHPACEK021885,(GWHPACER022382,GWHPACET024492)),(GWHPACEB022590,(GLYMA_ZH13_06G247200_1_P,(GWHPACEE024085,GWHPACEU024270))),GWHPACEV022458);
((GWHPACEK021885,(GWHPACER022382,GWHPACET024492)),(GWHPACEB022590,(GLYMA_ZH13_06G247200_1_P,(GWHPACEE024085,GWHPACEU024270))),GWHPACEV022458);
((GWHPACEK021885,(GWHPACER022382,GWHPACET024492)),(GWHPACEB022590,(GLYMA_ZH13_06G247200_1_P,(GWHPACEE024085,GWHPACEU024270))),GWHPACEV022458);
((GWHPACEK021885,(GWHPACER022382,GWHPACET024492)),(GWHPACEB022590,(GLYMA_ZH13_06G247200_1_P,(GWHPACEE024085,GWHPACEU024270))),GWHPACEV022458);
((GWHPACEK021885,(GWHPACER022382,GWHPACET024492)),(GWHPACEB022590,(GLYMA_ZH13_06G247200_1_P,(GWHPACEE024085,GWHPACEU024270))),GWHPACEV022458);
((GWHPACEK021885,(GWHPACER022382,GWHPACET024492)),(GWHPACEB022590,(GLYMA_ZH13_06G247200_1_P,(GWHPACEE024085,GWHPACEU024270))),GWHPACEV022458);
((GWHPACEK021885,(GWHPACER022382,GWHPACET024492)),(GWHPACEB022590,(GLYMA_ZH13_06G247200_1_P,(GWHPACEE024085,GWHPACEU024270))),GWHPACEV022458);
((GWHPACEK021885,(GWHPACER022382,GWHPACET024492)),(GWHPACEB022590,(GLYMA_ZH13_06G247200_1_P,(GWHPACEE024085,GWHPACEU024270))),GWHPACEV022458);
((GWHPACET024492,(GWHPACEB022590,(GLYMA_ZH13_06G247200_1_P,(GWHPACEE024085,GWHPACEU024270)))),(GWHPACEK021885,GWHPACER022382),GWHPACEV022458);
((GWHPACET024492,(GWHPACEB022590,(GLYMA_ZH13_06G247200_1_P,(GWHPACEE024085,GWHPACEU024270)))),(GWHPACEK021885,GWHPACER022382),GWHPACEV022458);
((GWHPACET024492,(GWHPACEB022590,(GLYMA_ZH13_06G247200_1_P,(GWHPACEE024085,GWHPACEU024270)))),(GWHPACEK021885,GWHPACER022382),GWHPACEV022458);
((GWHPACET024492,(GWHPACEB022590,(GLYMA_ZH13_06G247200_1_P,(GWHPACEE024085,GWHPACEU024270)))),(GWHPACEK021885,GWHPACER022382),GWHPACEV022458);
((GWHPACET024492,(GWHPACEB022590,(GLYMA_ZH13_06G247200_1_P,(GWHPACEE024085,GWHPACEU024270)))),(GWHPACEK021885,GWHPACER022382),GWHPACEV022458);
((GWHPACET024492,(GWHPACEB022590,(GLYMA_ZH13_06G247200_1_P,(GWHPACEE024085,GWHPACEU024270)))),(GWHPACEK021885,GWHPACER022382),GWHPACEV022458);
((GWHPACET024492,(GWHPACEB022590,(GLYMA_ZH13_06G247200_1_P,(GWHPACEE024085,GWHPACEU024270)))),(GWHPACEK021885,GWHPACER022382),GWHPACEV022458);
((GWHPACET024492,(GWHPACEB022590,(GLYMA_ZH13_06G247200_1_P,(GWHPACEE024085,GWHPACEU024270)))),(GWHPACEK021885,GWHPACER022382),GWHPACEV022458);
((GWHPACET024492,(GWHPACEB022590,(GLYMA_ZH13_06G247200_1_P,(GWHPACEE024085,GWHPACEU024270)))),(GWHPACEK021885,GWHPACER022382),GWHPACEV022458);
((GWHPACET024492,(GWHPACEB022590,(GLYMA_ZH13_06G247200_1_P,(GWHPACEE024085,GWHPACEU024270)))),(GWHPACEK021885,GWHPACER022382),GWHPACEV022458);
(GWHPACET024492,(GWHPACEK021885,((GWHPACEB022590,(GWHPACEE024085,(GWHPACEU024270,GLYMA_ZH13_06G247200_1_P))),GWHPACER022382)),GWHPACEV022458);
(GWHPACET024492,(GWHPACEK021885,((GWHPACEB022590,(GWHPACEE024085,(GWHPACEU024270,GLYMA_ZH13_06G247200_1_P))),GWHPACER022382)),GWHPACEV022458);
(GWHPACET024492,(GWHPACEK021885,((GWHPACEB022590,(GWHPACEE024085,(GWHPACEU024270,GLYMA_ZH13_06G247200_1_P))),GWHPACER022382)),GWHPACEV022458);
(GWHPACET024492,(GWHPACEK021885,((GWHPACEB022590,(GWHPACEE024085,(GWHPACEU024270,GLYMA_ZH13_06G247200_1_P))),GWHPACER022382)),GWHPACEV022458);
(GWHPACET024492,(GWHPACEK021885,((GWHPACEB022590,(GWHPACEE024085,(GWHPACEU024270,GLYMA_ZH13_06G247200_1_P))),GWHPACER022382)),GWHPACEV022458);
(GWHPACET024492,(GWHPACEK021885,((GWHPACEB022590,(GWHPACEE024085,(GWHPACEU024270,GLYMA_ZH13_06G247200_1_P))),GWHPACER022382)),GWHPACEV022458);
(GWHPACET024492,(GWHPACEK021885,((GWHPACEB022590,(GWHPACEE024085,(GWHPACEU024270,GLYMA_ZH13_06G247200_1_P))),GWHPACER022382)),GWHPACEV022458);
(GWHPACET024492,(GWHPACEK021885,((GWHPACEB022590,(GWHPACEE024085,(GWHPACEU024270,GLYMA_ZH13_06G247200_1_P))),GWHPACER022382)),GWHPACEV022458);
(GWHPACET024492,(GWHPACEK021885,((GWHPACEB022590,(GWHPACEE024085,(GWHPACEU024270,GLYMA_ZH13_06G247200_1_P))),GWHPACER022382)),GWHPACEV022458);
(GWHPACET024492,(GWHPACEK021885,((GWHPACEB022590,(GWHPACEE024085,(GWHPACEU024270,GLYMA_ZH13_06G247200_1_P))),GWHPACER022382)),GWHPACEV022458);
((GWHPACEK021885,((GWHPACEB022590,(GLYMA_ZH13_06G247200_1_P,(GWHPACEE024085,GWHPACEU024270))),GWHPACET024492)),GWHPACER022382,GWHPACEV022458);
((GWHPACEK021885,((GWHPACEB022590,(GLYMA_ZH13_06G247200_1_P,(GWHPACEE024085,GWHPACEU024270))),GWHPACET024492)),GWHPACER022382,GWHPACEV022458);
((GWHPACEK021885,((GWHPACEB022590,(GLYMA_ZH13_06G247200_1_P,(GWHPACEE024085,GWHPACEU024270))),GWHPACET024492)),GWHPACER022382,GWHPACEV022458);
((GWHPACEK021885,((GWHPACEB022590,(GLYMA_ZH13_06G247200_1_P,(GWHPACEE024085,GWHPACEU024270))),GWHPACET024492)),GWHPACER022382,GWHPACEV022458);
((GWHPACEK021885,((GWHPACEB022590,(GLYMA_ZH13_06G247200_1_P,(GWHPACEE024085,GWHPACEU024270))),GWHPACET024492)),GWHPACER022382,GWHPACEV022458);
((GWHPACEK021885,((GWHPACEB022590,(GLYMA_ZH13_06G247200_1_P,(GWHPACEE024085,GWHPACEU024270))),GWHPACET024492)),GWHPACER022382,GWHPACEV022458);
((GWHPACEK021885,((GWHPACEB022590,(GLYMA_ZH13_06G247200_1_P,(GWHPACEE024085,GWHPACEU024270))),GWHPACET024492)),GWHPACER022382,GWHPACEV022458);
((GWHPACEK021885,((GWHPACEB022590,(GLYMA_ZH13_06G247200_1_P,(GWHPACEE024085,GWHPACEU024270))),GWHPACET024492)),GWHPACER022382,GWHPACEV022458);
((GWHPACEK021885,((GWHPACEB022590,(GLYMA_ZH13_06G247200_1_P,(GWHPACEE024085,GWHPACEU024270))),GWHPACET024492)),GWHPACER022382,GWHPACEV022458);
((GWHPACEK021885,((GWHPACEB022590,(GLYMA_ZH13_06G247200_1_P,(GWHPACEE024085,GWHPACEU024270))),GWHPACET024492)),GWHPACER022382,GWHPACEV022458);
((((GLYMA_ZH13_06G247200_1_P,(GWHPACEE024085,GWHPACEU024270)),GWHPACEB022590),GWHPACET024492),(GWHPACER022382,GWHPACEK021885),GWHPACEV022458);
((((GLYMA_ZH13_06G247200_1_P,(GWHPACEE024085,GWHPACEU024270)),GWHPACEB022590),GWHPACET024492),(GWHPACER022382,GWHPACEK021885),GWHPACEV022458);
((((GLYMA_ZH13_06G247200_1_P,(GWHPACEE024085,GWHPACEU024270)),GWHPACEB022590),GWHPACET024492),(GWHPACER022382,GWHPACEK021885),GWHPACEV022458);
((((GLYMA_ZH13_06G247200_1_P,(GWHPACEE024085,GWHPACEU024270)),GWHPACEB022590),GWHPACET024492),(GWHPACER022382,GWHPACEK021885),GWHPACEV022458);
((((GLYMA_ZH13_06G247200_1_P,(GWHPACEE024085,GWHPACEU024270)),GWHPACEB022590),GWHPACET024492),(GWHPACER022382,GWHPACEK021885),GWHPACEV022458);
((((GLYMA_ZH13_06G247200_1_P,(GWHPACEE024085,GWHPACEU024270)),GWHPACEB022590),GWHPACET024492),(GWHPACER022382,GWHPACEK021885),GWHPACEV022458);
((((GLYMA_ZH13_06G247200_1_P,(GWHPACEE024085,GWHPACEU024270)),GWHPACEB022590),GWHPACET024492),(GWHPACER022382,GWHPACEK021885),GWHPACEV022458);
((((GLYMA_ZH13_06G247200_1_P,(GWHPACEE024085,GWHPACEU024270)),GWHPACEB022590),GWHPACET024492),(GWHPACER022382,GWHPACEK021885),GWHPACEV022458);
((((GLYMA_ZH13_06G247200_1_P,(GWHPACEE024085,GWHPACEU024270)),GWHPACEB022590),GWHPACET024492),(GWHPACER022382,GWHPACEK021885),GWHPACEV022458);
((((GLYMA_ZH13_06G247200_1_P,(GWHPACEE024085,GWHPACEU024270)),GWHPACEB022590),GWHPACET024492),(GWHPACER022382,GWHPACEK021885),GWHPACEV022458);
(((GWHPACEB022590,(GWHPACEE024085,(GLYMA_ZH13_06G247200_1_P,GWHPACEU024270))),(GWHPACER022382,GWHPACET024492)),GWHPACEK021885,GWHPACEV022458);
(((GWHPACEB022590,(GWHPACEE024085,(GLYMA_ZH13_06G247200_1_P,GWHPACEU024270))),(GWHPACER022382,GWHPACET024492)),GWHPACEK021885,GWHPACEV022458);
(((GWHPACEB022590,(GWHPACEE024085,(GLYMA_ZH13_06G247200_1_P,GWHPACEU024270))),(GWHPACER022382,GWHPACET024492)),GWHPACEK021885,GWHPACEV022458);
(((GWHPACEB022590,(GWHPACEE024085,(GLYMA_ZH13_06G247200_1_P,GWHPACEU024270))),(GWHPACER022382,GWHPACET024492)),GWHPACEK021885,GWHPACEV022458);
(((GWHPACEB022590,(GWHPACEE024085,(GLYMA_ZH13_06G247200_1_P,GWHPACEU024270))),(GWHPACER022382,GWHPACET024492)),GWHPACEK021885,GWHPACEV022458);
(((GWHPACEB022590,(GWHPACEE024085,(GLYMA_ZH13_06G247200_1_P,GWHPACEU024270))),(GWHPACER022382,GWHPACET024492)),GWHPACEK021885,GWHPACEV022458);
(((GWHPACEB022590,(GWHPACEE024085,(GLYMA_ZH13_06G247200_1_P,GWHPACEU024270))),(GWHPACER022382,GWHPACET024492)),GWHPACEK021885,GWHPACEV022458);
(((GWHPACEB022590,(GWHPACEE024085,(GLYMA_ZH13_06G247200_1_P,GWHPACEU024270))),(GWHPACER022382,GWHPACET024492)),GWHPACEK021885,GWHPACEV022458);
(((GWHPACEB022590,(GWHPACEE024085,(GLYMA_ZH13_06G247200_1_P,GWHPACEU024270))),(GWHPACER022382,GWHPACET024492)),GWHPACEK021885,GWHPACEV022458);
(((GWHPACEB022590,(GWHPACEE024085,(GLYMA_ZH13_06G247200_1_P,GWHPACEU024270))),(GWHPACER022382,GWHPACET024492)),GWHPACEK021885,GWHPACEV022458);
((GWHPACEK021885,(GWHPACER022382,GWHPACET024492)),((GLYMA_ZH13_06G247200_1_P,(GWHPACEE024085,GWHPACEU024270)),GWHPACEB022590),GWHPACEV022458);
((GWHPACEK021885,(GWHPACER022382,GWHPACET024492)),((GLYMA_ZH13_06G247200_1_P,(GWHPACEE024085,GWHPACEU024270)),GWHPACEB022590),GWHPACEV022458);
((GWHPACEK021885,(GWHPACER022382,GWHPACET024492)),((GLYMA_ZH13_06G247200_1_P,(GWHPACEE024085,GWHPACEU024270)),GWHPACEB022590),GWHPACEV022458);
((GWHPACEK021885,(GWHPACER022382,GWHPACET024492)),((GLYMA_ZH13_06G247200_1_P,(GWHPACEE024085,GWHPACEU024270)),GWHPACEB022590),GWHPACEV022458);
((GWHPACEK021885,(GWHPACER022382,GWHPACET024492)),((GLYMA_ZH13_06G247200_1_P,(GWHPACEE024085,GWHPACEU024270)),GWHPACEB022590),GWHPACEV022458);
((GWHPACEK021885,(GWHPACER022382,GWHPACET024492)),((GLYMA_ZH13_06G247200_1_P,(GWHPACEE024085,GWHPACEU024270)),GWHPACEB022590),GWHPACEV022458);
((GWHPACEK021885,(GWHPACER022382,GWHPACET024492)),((GLYMA_ZH13_06G247200_1_P,(GWHPACEE024085,GWHPACEU024270)),GWHPACEB022590),GWHPACEV022458);
((GWHPACEK021885,(GWHPACER022382,GWHPACET024492)),((GLYMA_ZH13_06G247200_1_P,(GWHPACEE024085,GWHPACEU024270)),GWHPACEB022590),GWHPACEV022458);
((GWHPACEK021885,(GWHPACER022382,GWHPACET024492)),((GLYMA_ZH13_06G247200_1_P,(GWHPACEE024085,GWHPACEU024270)),GWHPACEB022590),GWHPACEV022458);
((GWHPACEK021885,(GWHPACER022382,GWHPACET024492)),((GLYMA_ZH13_06G247200_1_P,(GWHPACEE024085,GWHPACEU024270)),GWHPACEB022590),GWHPACEV022458);
(GWHPACET024492,((GWHPACEB022590,(GWHPACEU024270,(GLYMA_ZH13_06G247200_1_P,GWHPACEE024085))),(GWHPACER022382,GWHPACEK021885)),GWHPACEV022458);
(GWHPACET024492,((GWHPACEB022590,(GWHPACEU024270,(GLYMA_ZH13_06G247200_1_P,GWHPACEE024085))),(GWHPACER022382,GWHPACEK021885)),GWHPACEV022458);
(GWHPACET024492,((GWHPACEB022590,(GWHPACEU024270,(GLYMA_ZH13_06G247200_1_P,GWHPACEE024085))),(GWHPACER022382,GWHPACEK021885)),GWHPACEV022458);
(GWHPACET024492,((GWHPACEB022590,(GWHPACEU024270,(GLYMA_ZH13_06G247200_1_P,GWHPACEE024085))),(GWHPACER022382,GWHPACEK021885)),GWHPACEV022458);
(GWHPACET024492,((GWHPACEB022590,(GWHPACEU024270,(GLYMA_ZH13_06G247200_1_P,GWHPACEE024085))),(GWHPACER022382,GWHPACEK021885)),GWHPACEV022458);
(GWHPACET024492,((GWHPACEB022590,(GWHPACEU024270,(GLYMA_ZH13_06G247200_1_P,GWHPACEE024085))),(GWHPACER022382,GWHPACEK021885)),GWHPACEV022458);
(GWHPACET024492,((GWHPACEB022590,(GWHPACEU024270,(GLYMA_ZH13_06G247200_1_P,GWHPACEE024085))),(GWHPACER022382,GWHPACEK021885)),GWHPACEV022458);
(GWHPACET024492,((GWHPACEB022590,(GWHPACEU024270,(GLYMA_ZH13_06G247200_1_P,GWHPACEE024085))),(GWHPACER022382,GWHPACEK021885)),GWHPACEV022458);
(GWHPACET024492,((GWHPACEB022590,(GWHPACEU024270,(GLYMA_ZH13_06G247200_1_P,GWHPACEE024085))),(GWHPACER022382,GWHPACEK021885)),GWHPACEV022458);
(GWHPACET024492,((GWHPACEB022590,(GWHPACEU024270,(GLYMA_ZH13_06G247200_1_P,GWHPACEE024085))),(GWHPACER022382,GWHPACEK021885)),GWHPACEV022458);
(((GWHPACET024492,GWHPACEK021885),GWHPACER022382),((GLYMA_ZH13_06G247200_1_P,(GWHPACEE024085,GWHPACEU024270)),GWHPACEB022590),GWHPACEV022458);
(((GWHPACET024492,GWHPACEK021885),GWHPACER022382),((GLYMA_ZH13_06G247200_1_P,(GWHPACEE024085,GWHPACEU024270)),GWHPACEB022590),GWHPACEV022458);
(((GWHPACET024492,GWHPACEK021885),GWHPACER022382),((GLYMA_ZH13_06G247200_1_P,(GWHPACEE024085,GWHPACEU024270)),GWHPACEB022590),GWHPACEV022458);
(((GWHPACET024492,GWHPACEK021885),GWHPACER022382),((GLYMA_ZH13_06G247200_1_P,(GWHPACEE024085,GWHPACEU024270)),GWHPACEB022590),GWHPACEV022458);
(((GWHPACET024492,GWHPACEK021885),GWHPACER022382),((GLYMA_ZH13_06G247200_1_P,(GWHPACEE024085,GWHPACEU024270)),GWHPACEB022590),GWHPACEV022458);
(((GWHPACET024492,GWHPACEK021885),GWHPACER022382),((GLYMA_ZH13_06G247200_1_P,(GWHPACEE024085,GWHPACEU024270)),GWHPACEB022590),GWHPACEV022458);
(((GWHPACET024492,GWHPACEK021885),GWHPACER022382),((GLYMA_ZH13_06G247200_1_P,(GWHPACEE024085,GWHPACEU024270)),GWHPACEB022590),GWHPACEV022458);
(((GWHPACET024492,GWHPACEK021885),GWHPACER022382),((GLYMA_ZH13_06G247200_1_P,(GWHPACEE024085,GWHPACEU024270)),GWHPACEB022590),GWHPACEV022458);
(((GWHPACET024492,GWHPACEK021885),GWHPACER022382),((GLYMA_ZH13_06G247200_1_P,(GWHPACEE024085,GWHPACEU024270)),GWHPACEB022590),GWHPACEV022458);
(((GWHPACET024492,GWHPACEK021885),GWHPACER022382),((GLYMA_ZH13_06G247200_1_P,(GWHPACEE024085,GWHPACEU024270)),GWHPACEB022590),GWHPACEV022458);
